INFO     planner time limit: 1800s
INFO     planner memory limit: 2048 MB

INFO     Running translator.
INFO     translator stdin: None
INFO     translator time limit: 1799s
INFO     translator memory limit: 2048 MB
INFO     translator command line string: /home/henry/Documents/UFRGS/TCC/downward/.venv/bin/python /home/henry/Documents/UFRGS/TCC/downward/experiments/lab/data/main/code-5bb2ccb6957559b6969ffd7e29254c73f84d5e49_e5e41175/builds/release/bin/translate/translate.py domain.pddl problem.pddl --sas-file output.sas
Parsing...
Parsing: [0.000s CPU, 0.004s wall-clock]
Normalizing task... [0.000s CPU, 0.000s wall-clock]
Instantiating...
Generating Datalog program... [0.000s CPU, 0.001s wall-clock]
Normalizing Datalog program...
Normalizing Datalog program: [0.010s CPU, 0.005s wall-clock]
Preparing model... [0.000s CPU, 0.003s wall-clock]
Generated 198 rules.
Computing model... [0.180s CPU, 0.174s wall-clock]
15312 relevant atoms
10668 auxiliary atoms
25980 final queue length
82893 total queue pushes
Completing instantiation... [0.590s CPU, 0.599s wall-clock]
Instantiating: [0.790s CPU, 0.787s wall-clock]
Computing fact groups...
Finding invariants...
24 initial candidates
Finding invariants: [0.010s CPU, 0.017s wall-clock]
Checking invariant weight... [0.000s CPU, 0.001s wall-clock]
Instantiating groups... [0.010s CPU, 0.007s wall-clock]
Collecting mutex groups... [0.000s CPU, 0.000s wall-clock]
Choosing groups...
253 uncovered facts
Choosing groups: [0.000s CPU, 0.001s wall-clock]
Building translation key... [0.010s CPU, 0.001s wall-clock]
Computing fact groups: [0.030s CPU, 0.029s wall-clock]
Building STRIPS to SAS dictionary... [0.000s CPU, 0.000s wall-clock]
Building dictionary for full mutex groups... [0.000s CPU, 0.000s wall-clock]
Building mutex information...
Building mutex information: [0.000s CPU, 0.000s wall-clock]
Translating task...
Processing axioms...
Simplifying axioms... [0.000s CPU, 0.000s wall-clock]
Translator axioms removed by simplifying: 0
Computing negative axioms... [0.000s CPU, 0.000s wall-clock]
Processing axioms: [0.020s CPU, 0.023s wall-clock]
Translating task: [0.620s CPU, 0.624s wall-clock]
7617 effect conditions simplified
0 implied preconditions added
Detecting unreachable propositions...
0 operators removed
0 axioms removed
95 propositions removed
Detecting unreachable propositions: [0.340s CPU, 0.341s wall-clock]
Reordering and filtering variables...
280 of 289 variables necessary.
69 of 98 mutex groups necessary.
14211 of 14211 operators necessary.
0 of 0 axiom rules necessary.
Reordering and filtering variables: [0.100s CPU, 0.099s wall-clock]
Translator variables: 280
Translator derived variables: 0
Translator facts: 793
Translator goal facts: 79
Translator mutex groups: 69
Translator total mutex groups size: 256
Translator operators: 14211
Translator axioms: 0
Translator task size: 121191
Translator peak memory: 112324 KB
Writing output... [0.090s CPU, 0.094s wall-clock]
Done! [2.000s CPU, 2.010s wall-clock]
translate exit code: 0

INFO     Running search (release).
INFO     search stdin: output.sas
INFO     search time limit: 1797s
INFO     search memory limit: 2048 MB
INFO     search command line string: /home/henry/Documents/UFRGS/TCC/downward/experiments/lab/data/main/code-5bb2ccb6957559b6969ffd7e29254c73f84d5e49_e5e41175/builds/release/bin/downward --search 'eager_greedy([operatorcounting(constraint_generators=[pho_constraints(patterns=systematic(2))], use_integer_operator_counts=false, transform=adapt_costs(cost_type=ONE))])' --internal-plan-file sas_plan < output.sas
[t=0s, 45596 KB] reading input...
[t=0.0639676s, 50892 KB] done reading input!
[t=0.065525s, 52112 KB] Generating patterns using: systematic pattern collection generator
[t=0.065525s, 52112 KB] building causal graph...done! [t=0.0159873s]
[t=0.0855009s, 53700 KB] Found 3373 SGA patterns.
[t=0.101496s, 53700 KB] Found 3373 interesting patterns.
[t=0.101496s, 53700 KB] systematic pattern collection generator number of patterns: 3373
[t=0.101496s, 53700 KB] systematic pattern collection generator total PDB size: 34632
[t=0.101496s, 53700 KB] systematic pattern collection generator computation time: 0.0359709s
[t=0.101496s, 53700 KB] Computing PDBs for pattern collection...
[t=7.0084s, 54092 KB] Done computing PDBs for pattern collection: 6.90691s
[t=8.21186s, 120408 KB] Building successor generator...done!
[t=8.21585s, 120408 KB] peak memory difference for successor generator creation: 0 KB
[t=8.21585s, 120408 KB] time for successor generation creation: 0.00399596s
[t=8.21585s, 120408 KB] Variables: 280
[t=8.21585s, 120408 KB] FactPairs: 793
[t=8.21585s, 120408 KB] Bytes per state: 52
[t=8.21585s, 120408 KB] Conducting best first search without reopening closed nodes, (real) bound = 2147483647
[t=8.31176s, 154556 KB] New best heuristic value for operatorcounting(constraint_generators=[pho_constraints(patterns=systematic(2))],use_integer_operator_counts=false,transform=adapt_costs(cost_type=one)): 52
[t=8.31176s, 154556 KB] g=0, 1 evaluated, 0 expanded
[t=8.31176s, 154556 KB] Initial heuristic value for operatorcounting(constraint_generators=[pho_constraints(patterns=systematic(2))],use_integer_operator_counts=false,transform=adapt_costs(cost_type=one)): 52
[t=8.31176s, 154556 KB] pruning method: none
[t=8.32776s, 154556 KB] New best heuristic value for operatorcounting(constraint_generators=[pho_constraints(patterns=systematic(2))],use_integer_operator_counts=false,transform=adapt_costs(cost_type=one)): 51
[t=8.32776s, 154556 KB] g=10, 2 evaluated, 1 expanded
[t=10.1701s, 154556 KB] New best heuristic value for operatorcounting(constraint_generators=[pho_constraints(patterns=systematic(2))],use_integer_operator_counts=false,transform=adapt_costs(cost_type=one)): 50
[t=10.1701s, 154556 KB] g=25, 196 evaluated, 2 expanded
[t=12.2762s, 154556 KB] New best heuristic value for operatorcounting(constraint_generators=[pho_constraints(patterns=systematic(2))],use_integer_operator_counts=false,transform=adapt_costs(cost_type=one)): 49
[t=12.2762s, 154556 KB] g=35, 403 evaluated, 3 expanded
[t=14.2023s, 154556 KB] New best heuristic value for operatorcounting(constraint_generators=[pho_constraints(patterns=systematic(2))],use_integer_operator_counts=false,transform=adapt_costs(cost_type=one)): 48
[t=14.2023s, 154556 KB] g=65, 601 evaluated, 4 expanded
[t=16.0527s, 154556 KB] New best heuristic value for operatorcounting(constraint_generators=[pho_constraints(patterns=systematic(2))],use_integer_operator_counts=false,transform=adapt_costs(cost_type=one)): 47
[t=16.0527s, 154556 KB] g=110, 794 evaluated, 5 expanded
[t=18.1267s, 154556 KB] New best heuristic value for operatorcounting(constraint_generators=[pho_constraints(patterns=systematic(2))],use_integer_operator_counts=false,transform=adapt_costs(cost_type=one)): 46
[t=18.1267s, 154556 KB] g=130, 1002 evaluated, 6 expanded
[t=20.0729s, 154556 KB] New best heuristic value for operatorcounting(constraint_generators=[pho_constraints(patterns=systematic(2))],use_integer_operator_counts=false,transform=adapt_costs(cost_type=one)): 45
[t=20.0729s, 154556 KB] g=140, 1201 evaluated, 7 expanded
[t=22.1709s, 154556 KB] New best heuristic value for operatorcounting(constraint_generators=[pho_constraints(patterns=systematic(2))],use_integer_operator_counts=false,transform=adapt_costs(cost_type=one)): 44
[t=22.1709s, 154556 KB] g=170, 1410 evaluated, 8 expanded
[t=24.5567s, 154556 KB] New best heuristic value for operatorcounting(constraint_generators=[pho_constraints(patterns=systematic(2))],use_integer_operator_counts=false,transform=adapt_costs(cost_type=one)): 43
[t=24.5567s, 154556 KB] g=200, 1666 evaluated, 9 expanded
[t=26.6227s, 154556 KB] New best heuristic value for operatorcounting(constraint_generators=[pho_constraints(patterns=systematic(2))],use_integer_operator_counts=false,transform=adapt_costs(cost_type=one)): 42
[t=26.6227s, 154556 KB] g=230, 1885 evaluated, 10 expanded
[t=29.5718s, 154556 KB] New best heuristic value for operatorcounting(constraint_generators=[pho_constraints(patterns=systematic(2))],use_integer_operator_counts=false,transform=adapt_costs(cost_type=one)): 41
[t=29.5718s, 154556 KB] g=260, 2183 evaluated, 11 expanded
[t=31.9091s, 154556 KB] New best heuristic value for operatorcounting(constraint_generators=[pho_constraints(patterns=systematic(2))],use_integer_operator_counts=false,transform=adapt_costs(cost_type=one)): 40
[t=31.9091s, 154556 KB] g=290, 2416 evaluated, 12 expanded
[t=34.3267s, 154556 KB] New best heuristic value for operatorcounting(constraint_generators=[pho_constraints(patterns=systematic(2))],use_integer_operator_counts=false,transform=adapt_costs(cost_type=one)): 39
[t=34.3267s, 154556 KB] g=320, 2658 evaluated, 13 expanded
[t=36.7479s, 154556 KB] New best heuristic value for operatorcounting(constraint_generators=[pho_constraints(patterns=systematic(2))],use_integer_operator_counts=false,transform=adapt_costs(cost_type=one)): 38
[t=36.7479s, 154556 KB] g=350, 2901 evaluated, 14 expanded
[t=39.1375s, 154556 KB] New best heuristic value for operatorcounting(constraint_generators=[pho_constraints(patterns=systematic(2))],use_integer_operator_counts=false,transform=adapt_costs(cost_type=one)): 37
[t=39.1375s, 154556 KB] g=380, 3141 evaluated, 15 expanded
[t=41.3951s, 154556 KB] New best heuristic value for operatorcounting(constraint_generators=[pho_constraints(patterns=systematic(2))],use_integer_operator_counts=false,transform=adapt_costs(cost_type=one)): 36
[t=41.3951s, 154556 KB] g=410, 3378 evaluated, 16 expanded
[t=43.6767s, 154556 KB] New best heuristic value for operatorcounting(constraint_generators=[pho_constraints(patterns=systematic(2))],use_integer_operator_counts=false,transform=adapt_costs(cost_type=one)): 35
[t=43.6767s, 154556 KB] g=440, 3615 evaluated, 17 expanded
[t=45.9865s, 154556 KB] New best heuristic value for operatorcounting(constraint_generators=[pho_constraints(patterns=systematic(2))],use_integer_operator_counts=false,transform=adapt_costs(cost_type=one)): 34
[t=45.9865s, 154556 KB] g=470, 3846 evaluated, 18 expanded
[t=48.4522s, 154556 KB] New best heuristic value for operatorcounting(constraint_generators=[pho_constraints(patterns=systematic(2))],use_integer_operator_counts=false,transform=adapt_costs(cost_type=one)): 33
[t=48.4522s, 154556 KB] g=500, 4075 evaluated, 19 expanded
[t=51.0576s, 154556 KB] New best heuristic value for operatorcounting(constraint_generators=[pho_constraints(patterns=systematic(2))],use_integer_operator_counts=false,transform=adapt_costs(cost_type=one)): 32
[t=51.0576s, 154556 KB] g=530, 4313 evaluated, 20 expanded
[t=53.8906s, 154556 KB] New best heuristic value for operatorcounting(constraint_generators=[pho_constraints(patterns=systematic(2))],use_integer_operator_counts=false,transform=adapt_costs(cost_type=one)): 31
[t=53.8906s, 154556 KB] g=560, 4562 evaluated, 21 expanded
[t=56.6639s, 154556 KB] New best heuristic value for operatorcounting(constraint_generators=[pho_constraints(patterns=systematic(2))],use_integer_operator_counts=false,transform=adapt_costs(cost_type=one)): 30
[t=56.6639s, 154556 KB] g=590, 4789 evaluated, 22 expanded
[t=59.6766s, 154556 KB] New best heuristic value for operatorcounting(constraint_generators=[pho_constraints(patterns=systematic(2))],use_integer_operator_counts=false,transform=adapt_costs(cost_type=one)): 29
[t=59.6806s, 154556 KB] g=620, 5022 evaluated, 23 expanded
[t=62.9173s, 154556 KB] New best heuristic value for operatorcounting(constraint_generators=[pho_constraints(patterns=systematic(2))],use_integer_operator_counts=false,transform=adapt_costs(cost_type=one)): 28
[t=62.9173s, 154556 KB] g=630, 5270 evaluated, 24 expanded
[t=66.2258s, 154556 KB] New best heuristic value for operatorcounting(constraint_generators=[pho_constraints(patterns=systematic(2))],use_integer_operator_counts=false,transform=adapt_costs(cost_type=one)): 27
[t=66.2258s, 154556 KB] g=650, 5513 evaluated, 25 expanded
[t=69.4183s, 154556 KB] New best heuristic value for operatorcounting(constraint_generators=[pho_constraints(patterns=systematic(2))],use_integer_operator_counts=false,transform=adapt_costs(cost_type=one)): 26
[t=69.4183s, 154556 KB] g=670, 5750 evaluated, 26 expanded
[t=72.3711s, 154556 KB] New best heuristic value for operatorcounting(constraint_generators=[pho_constraints(patterns=systematic(2))],use_integer_operator_counts=false,transform=adapt_costs(cost_type=one)): 25
[t=72.3711s, 154556 KB] g=685, 5972 evaluated, 27 expanded
[t=75.2281s, 154556 KB] New best heuristic value for operatorcounting(constraint_generators=[pho_constraints(patterns=systematic(2))],use_integer_operator_counts=false,transform=adapt_costs(cost_type=one)): 24
[t=75.2281s, 154556 KB] g=695, 6188 evaluated, 28 expanded
[t=78.197s, 154556 KB] New best heuristic value for operatorcounting(constraint_generators=[pho_constraints(patterns=systematic(2))],use_integer_operator_counts=false,transform=adapt_costs(cost_type=one)): 23
[t=78.197s, 154556 KB] g=710, 6408 evaluated, 29 expanded
[t=81.1023s, 154556 KB] New best heuristic value for operatorcounting(constraint_generators=[pho_constraints(patterns=systematic(2))],use_integer_operator_counts=false,transform=adapt_costs(cost_type=one)): 22
[t=81.1023s, 154556 KB] g=725, 6625 evaluated, 30 expanded
[t=83.8197s, 154556 KB] New best heuristic value for operatorcounting(constraint_generators=[pho_constraints(patterns=systematic(2))],use_integer_operator_counts=false,transform=adapt_costs(cost_type=one)): 21
[t=83.8197s, 154556 KB] g=735, 6831 evaluated, 31 expanded
[t=86.497s, 154556 KB] New best heuristic value for operatorcounting(constraint_generators=[pho_constraints(patterns=systematic(2))],use_integer_operator_counts=false,transform=adapt_costs(cost_type=one)): 20
[t=86.497s, 154556 KB] g=755, 7034 evaluated, 32 expanded
[t=89.0025s, 154556 KB] New best heuristic value for operatorcounting(constraint_generators=[pho_constraints(patterns=systematic(2))],use_integer_operator_counts=false,transform=adapt_costs(cost_type=one)): 19
[t=89.0025s, 154556 KB] g=785, 7227 evaluated, 33 expanded
[t=91.7038s, 154556 KB] New best heuristic value for operatorcounting(constraint_generators=[pho_constraints(patterns=systematic(2))],use_integer_operator_counts=false,transform=adapt_costs(cost_type=one)): 18
[t=91.7038s, 154556 KB] g=795, 7431 evaluated, 34 expanded
[t=94.381s, 154556 KB] New best heuristic value for operatorcounting(constraint_generators=[pho_constraints(patterns=systematic(2))],use_integer_operator_counts=false,transform=adapt_costs(cost_type=one)): 17
[t=94.381s, 154556 KB] g=805, 7633 evaluated, 35 expanded
[t=96.8225s, 154556 KB] New best heuristic value for operatorcounting(constraint_generators=[pho_constraints(patterns=systematic(2))],use_integer_operator_counts=false,transform=adapt_costs(cost_type=one)): 16
[t=96.8225s, 154556 KB] g=825, 7821 evaluated, 36 expanded
[t=99.28s, 154556 KB] New best heuristic value for operatorcounting(constraint_generators=[pho_constraints(patterns=systematic(2))],use_integer_operator_counts=false,transform=adapt_costs(cost_type=one)): 15
[t=99.28s, 154556 KB] g=840, 8011 evaluated, 37 expanded
[t=101.458s, 154556 KB] New best heuristic value for operatorcounting(constraint_generators=[pho_constraints(patterns=systematic(2))],use_integer_operator_counts=false,transform=adapt_costs(cost_type=one)): 14
[t=101.458s, 154556 KB] g=855, 8185 evaluated, 38 expanded
[t=103.695s, 154556 KB] New best heuristic value for operatorcounting(constraint_generators=[pho_constraints(patterns=systematic(2))],use_integer_operator_counts=false,transform=adapt_costs(cost_type=one)): 13
[t=103.695s, 154556 KB] g=865, 8363 evaluated, 39 expanded
[t=105.809s, 154556 KB] New best heuristic value for operatorcounting(constraint_generators=[pho_constraints(patterns=systematic(2))],use_integer_operator_counts=false,transform=adapt_costs(cost_type=one)): 12
[t=105.809s, 154556 KB] g=880, 8534 evaluated, 40 expanded
[t=107.807s, 154556 KB] New best heuristic value for operatorcounting(constraint_generators=[pho_constraints(patterns=systematic(2))],use_integer_operator_counts=false,transform=adapt_costs(cost_type=one)): 11
[t=107.807s, 154556 KB] g=910, 8698 evaluated, 41 expanded
[t=109.869s, 154556 KB] New best heuristic value for operatorcounting(constraint_generators=[pho_constraints(patterns=systematic(2))],use_integer_operator_counts=false,transform=adapt_costs(cost_type=one)): 10
[t=109.869s, 154556 KB] g=925, 8865 evaluated, 42 expanded
[t=111.783s, 154556 KB] New best heuristic value for operatorcounting(constraint_generators=[pho_constraints(patterns=systematic(2))],use_integer_operator_counts=false,transform=adapt_costs(cost_type=one)): 9
[t=111.783s, 154556 KB] g=940, 9024 evaluated, 43 expanded
[t=127.383s, 154556 KB] New best heuristic value for operatorcounting(constraint_generators=[pho_constraints(patterns=systematic(2))],use_integer_operator_counts=false,transform=adapt_costs(cost_type=one)): 8
[t=127.383s, 154556 KB] g=1000, 10388 evaluated, 53 expanded
[t=129.296s, 154556 KB] New best heuristic value for operatorcounting(constraint_generators=[pho_constraints(patterns=systematic(2))],use_integer_operator_counts=false,transform=adapt_costs(cost_type=one)): 7
[t=129.296s, 154556 KB] g=1020, 10539 evaluated, 54 expanded
[t=151.377s, 154556 KB] New best heuristic value for operatorcounting(constraint_generators=[pho_constraints(patterns=systematic(2))],use_integer_operator_counts=false,transform=adapt_costs(cost_type=one)): 6
[t=151.377s, 154556 KB] g=1070, 12357 evaluated, 68 expanded
[t=153.16s, 154556 KB] New best heuristic value for operatorcounting(constraint_generators=[pho_constraints(patterns=systematic(2))],use_integer_operator_counts=false,transform=adapt_costs(cost_type=one)): 5
[t=153.16s, 154556 KB] g=1100, 12488 evaluated, 69 expanded
[t=155.118s, 154556 KB] New best heuristic value for operatorcounting(constraint_generators=[pho_constraints(patterns=systematic(2))],use_integer_operator_counts=false,transform=adapt_costs(cost_type=one)): 4
[t=155.118s, 154556 KB] g=1115, 12630 evaluated, 70 expanded
[t=195.224s, 154556 KB] New best heuristic value for operatorcounting(constraint_generators=[pho_constraints(patterns=systematic(2))],use_integer_operator_counts=false,transform=adapt_costs(cost_type=one)): 3
[t=195.224s, 154556 KB] g=1175, 15732 evaluated, 99 expanded
[t=196.923s, 154556 KB] New best heuristic value for operatorcounting(constraint_generators=[pho_constraints(patterns=systematic(2))],use_integer_operator_counts=false,transform=adapt_costs(cost_type=one)): 2
[t=196.923s, 154556 KB] g=1185, 15855 evaluated, 100 expanded
[t=241.424s, 154556 KB] New best heuristic value for operatorcounting(constraint_generators=[pho_constraints(patterns=systematic(2))],use_integer_operator_counts=false,transform=adapt_costs(cost_type=one)): 1
[t=241.424s, 154556 KB] g=1235, 19004 evaluated, 132 expanded
[t=243.219s, 154556 KB] New best heuristic value for operatorcounting(constraint_generators=[pho_constraints(patterns=systematic(2))],use_integer_operator_counts=false,transform=adapt_costs(cost_type=one)): 0
[t=243.219s, 154556 KB] g=1245, 19112 evaluated, 133 expanded
[t=244.277s, 154556 KB] Solution found!
[t=244.277s, 154556 KB] Actual search time: 235.966s
do-plane p6 planer0 rough red varnished (10)
do-grind p6 grinder0 smooth natural untreated untreated (15)
do-glaze p6 glazer0 black (10)
do-plane p21 planer0 rough mauve colourfragments (30)
do-grind p21 grinder0 smooth natural untreated untreated (45)
do-glaze p21 glazer0 black (20)
do-plane p19 planer0 rough green varnished (10)
do-saw-medium b0 p0 saw0 cherry rough s5 s4 s3 (30)
do-saw-medium b1 p10 saw0 mahogany rough s9 s8 s7 (30)
do-saw-medium b1 p18 saw0 mahogany rough s7 s6 s5 (30)
do-saw-large b4 p15 saw0 oak smooth s5 s3 s4 s2 (30)
do-saw-large b4 p7 saw0 oak smooth s5 s3 s4 s2 (30)
do-saw-medium b4 p1 saw0 oak smooth s2 s1 s0 (30)
do-saw-small b4 p13 saw0 oak smooth s2 s1 (30)
do-saw-small b4 p2 saw0 oak smooth s2 s1 (30)
do-saw-small b4 p9 saw0 oak smooth s2 s1 (30)
do-saw-small b4 p11 saw0 oak smooth s2 s1 (30)
do-saw-small b4 p4 saw0 oak smooth s2 s1 (30)
do-saw-large b4 p14 saw0 oak smooth s5 s3 s4 s2 (30)
do-saw-large b5 p3 saw0 pine smooth s6 s4 s5 s3 (30)
do-saw-large b8 p16 saw0 teak smooth s10 s8 s9 s7 (30)
do-saw-large b8 p8 saw0 teak smooth s7 s5 s6 s4 (30)
do-saw-medium b8 p22 saw0 teak smooth s7 s6 s5 (30)
do-glaze p9 glazer0 black (10)
do-glaze p8 glazer0 black (20)
do-glaze p7 glazer0 red (20)
do-grind p4 grinder0 smooth natural untreated untreated (15)
do-spray-varnish p4 spray-varnisher1 natural verysmooth (5)
do-glaze p3 glazer0 red (20)
do-grind p2 grinder0 smooth natural untreated untreated (15)
do-glaze p2 glazer0 black (10)
do-plane p18 planer0 rough natural untreated (20)
do-grind p18 grinder0 smooth natural untreated untreated (30)
do-immersion-varnish p16 immersion-varnisher0 red smooth (10)
do-immersion-varnish p15 immersion-varnisher1 white smooth (10)
do-glaze p14 glazer0 green (20)
do-grind p13 grinder0 smooth natural untreated untreated (15)
do-grind p11 grinder0 smooth natural untreated untreated (15)
do-glaze p11 glazer0 black (10)
do-glaze p10 glazer0 black (15)
do-grind p1 grinder0 smooth natural untreated untreated (30)
do-glaze p1 glazer0 green (15)
do-glaze p0 glazer0 mauve (15)
do-saw-large b1 p12 saw0 mahogany rough s7 s5 s6 s4 (30)
do-plane p12 planer0 rough natural untreated (30)
do-glaze p12 glazer0 black (20)
do-saw-medium b1 p20 saw0 mahogany rough s7 s6 s5 (30)
do-plane p20 planer0 rough natural untreated (20)
do-grind p20 grinder0 smooth natural untreated untreated (30)
do-glaze p20 glazer0 mauve (15)
do-saw-large b6 p17 saw0 walnut rough s8 s6 s7 s5 (30)
do-plane p17 planer0 rough natural untreated (30)
do-immersion-varnish p17 immersion-varnisher0 red smooth (10)
do-saw-medium b6 p5 saw0 walnut rough s5 s4 s3 (30)
do-plane p5 planer0 rough natural untreated (20)
do-immersion-varnish p5 immersion-varnisher1 natural smooth (10)
[t=244.277s, 154556 KB] Plan length: 56 step(s).
[t=244.277s, 154556 KB] Plan cost: 1245
[t=244.277s, 154556 KB] Expanded 134 state(s).
[t=244.277s, 154556 KB] Reopened 0 state(s).
[t=244.277s, 154556 KB] Evaluated 19173 state(s).
[t=244.277s, 154556 KB] Evaluations: 19173
[t=244.277s, 154556 KB] Generated 53758 state(s).
[t=244.277s, 154556 KB] Dead ends: 5169 state(s).
[t=244.277s, 154556 KB] Number of registered states: 19173
[t=244.277s, 154556 KB] Int hash set load factor: 19173/32768 = 0.585114
[t=244.277s, 154556 KB] Int hash set resizes: 15
[t=244.277s, 154556 KB] Search time: 236.062s
[t=244.277s, 154556 KB] Total time: 244.277s
Solution found.
Peak memory: 154556 KB
Remove intermediate file output.sas
search exit code: 0

INFO     Running validate.
INFO     validate stdin: None
INFO     validate time limit: None
INFO     validate memory limit: None
INFO     validate command line string: /home/henry/bin/validate domain.pddl problem.pddl sas_plan
Checking plan: sas_plan
Plan executed successfully - checking goal
Plan valid
Final value: 1245 

Successful plans:
Value: 1245
 sas_plan 1245 

validate exit code: 0

INFO     Planner time: 246.37s
