INFO     planner time limit: 1800s
INFO     planner memory limit: 2048 MB

INFO     Running translator.
INFO     translator stdin: None
INFO     translator time limit: 1799s
INFO     translator memory limit: 2048 MB
INFO     translator command line string: /home/henry/Documents/UFRGS/TCC/downward/.venv/bin/python /home/henry/Documents/UFRGS/TCC/downward/experiments/lab/data/main/code-fa850d1cb8d716322f299a4f9b64478019793ada_e5e41175/builds/release/bin/translate/translate.py domain.pddl problem.pddl --sas-file output.sas
Parsing...
Parsing: [0.050s CPU, 0.049s wall-clock]
Normalizing task... [0.010s CPU, 0.007s wall-clock]
Instantiating...
Generating Datalog program... [0.000s CPU, 0.006s wall-clock]
Normalizing Datalog program...
Normalizing Datalog program: [0.020s CPU, 0.017s wall-clock]
Preparing model... [0.010s CPU, 0.011s wall-clock]
Generated 2338 rules.
Computing model... [0.010s CPU, 0.010s wall-clock]
981 relevant atoms
0 auxiliary atoms
981 final queue length
2348 total queue pushes
Completing instantiation... [0.010s CPU, 0.012s wall-clock]
Instantiating: [0.050s CPU, 0.058s wall-clock]
Computing fact groups...
Finding invariants...
190 initial candidates
Finding invariants: [0.530s CPU, 0.529s wall-clock]
Checking invariant weight... [0.000s CPU, 0.002s wall-clock]
Instantiating groups... [0.000s CPU, 0.001s wall-clock]
Collecting mutex groups... [0.000s CPU, 0.000s wall-clock]
Choosing groups...
145 uncovered facts
Choosing groups: [0.000s CPU, 0.001s wall-clock]
Building translation key... [0.000s CPU, 0.000s wall-clock]
Computing fact groups: [0.530s CPU, 0.534s wall-clock]
Building STRIPS to SAS dictionary... [0.000s CPU, 0.000s wall-clock]
Building dictionary for full mutex groups... [0.000s CPU, 0.000s wall-clock]
Building mutex information...
Building mutex information: [0.000s CPU, 0.000s wall-clock]
Translating task...
Processing axioms...
Simplifying axioms... [0.000s CPU, 0.000s wall-clock]
Translator axioms removed by simplifying: 0
Computing negative axioms... [0.000s CPU, 0.000s wall-clock]
Processing axioms: [0.000s CPU, 0.001s wall-clock]
Translating task: [0.030s CPU, 0.026s wall-clock]
0 effect conditions simplified
0 implied preconditions added
Detecting unreachable propositions...
0 operators removed
0 axioms removed
4 propositions removed
Detecting unreachable propositions: [0.010s CPU, 0.010s wall-clock]
Reordering and filtering variables...
14 of 154 variables necessary.
155 of 167 mutex groups necessary.
789 of 789 operators necessary.
0 of 0 axiom rules necessary.
Reordering and filtering variables: [0.000s CPU, 0.003s wall-clock]
Translator variables: 14
Translator derived variables: 0
Translator facts: 60
Translator goal facts: 5
Translator mutex groups: 155
Translator total mutex groups size: 785
Translator operators: 789
Translator axioms: 0
Translator task size: 4377
Translator peak memory: 40968 KB
Writing output... [0.010s CPU, 0.004s wall-clock]
Done! [0.690s CPU, 0.695s wall-clock]
translate exit code: 0

INFO     Running search (release).
INFO     search stdin: output.sas
INFO     search time limit: 1799s
INFO     search memory limit: 2048 MB
INFO     search command line string: /home/henry/Documents/UFRGS/TCC/downward/experiments/lab/data/main/code-fa850d1cb8d716322f299a4f9b64478019793ada_e5e41175/builds/release/bin/downward --search 'eager_greedy([operatorcounting(constraint_generators=[pho_constraints(patterns=systematic(2))], use_integer_operator_counts=true, transform=adapt_costs(cost_type=ONE))])' --internal-plan-file sas_plan < output.sas
[t=0s, 45596 KB] reading input...
[t=0s, 45728 KB] done reading input!
[t=0.0040126s, 46124 KB] Generating patterns using: systematic pattern collection generator
[t=0.0040126s, 46124 KB] building causal graph...done! [t=0s]
[t=0.0040126s, 46124 KB] Found 15 SGA patterns.
[t=0.0040126s, 46124 KB] Found 15 interesting patterns.
[t=0.0040126s, 46124 KB] systematic pattern collection generator number of patterns: 15
[t=0.0040126s, 46124 KB] systematic pattern collection generator total PDB size: 160
[t=0.0040126s, 46124 KB] systematic pattern collection generator computation time: 0s
[t=0.0040126s, 46124 KB] Computing PDBs for pattern collection...
[t=0.0040126s, 46124 KB] Done computing PDBs for pattern collection: 0s
[t=0.00798857s, 46256 KB] Building successor generator...done!
[t=0.00798857s, 46256 KB] peak memory difference for successor generator creation: 0 KB
[t=0.00798857s, 46256 KB] time for successor generation creation: 0s
[t=0.00798857s, 46256 KB] Variables: 14
[t=0.00798857s, 46256 KB] FactPairs: 60
[t=0.00798857s, 46256 KB] Bytes per state: 4
[t=0.00798857s, 46256 KB] Conducting best first search without reopening closed nodes, (real) bound = 2147483647
[t=0.00798857s, 47720 KB] New best heuristic value for operatorcounting(constraint_generators=[pho_constraints(patterns=systematic(2))],use_integer_operator_counts=true,transform=adapt_costs(cost_type=one)): 10
[t=0.00798857s, 47720 KB] g=0, 1 evaluated, 0 expanded
[t=0.00798857s, 47720 KB] Initial heuristic value for operatorcounting(constraint_generators=[pho_constraints(patterns=systematic(2))],use_integer_operator_counts=true,transform=adapt_costs(cost_type=one)): 10
[t=0.00798857s, 47720 KB] pruning method: none
[t=0.0199764s, 47880 KB] New best heuristic value for operatorcounting(constraint_generators=[pho_constraints(patterns=systematic(2))],use_integer_operator_counts=true,transform=adapt_costs(cost_type=one)): 9
[t=0.0199764s, 47880 KB] g=3, 150 evaluated, 28 expanded
[t=0.0199764s, 47880 KB] New best heuristic value for operatorcounting(constraint_generators=[pho_constraints(patterns=systematic(2))],use_integer_operator_counts=true,transform=adapt_costs(cost_type=one)): 8
[t=0.0199764s, 47880 KB] g=4, 161 evaluated, 29 expanded
[t=0.0319652s, 47880 KB] New best heuristic value for operatorcounting(constraint_generators=[pho_constraints(patterns=systematic(2))],use_integer_operator_counts=true,transform=adapt_costs(cost_type=one)): 7
[t=0.0319652s, 47880 KB] g=8, 310 evaluated, 70 expanded
[t=0.0319652s, 47880 KB] New best heuristic value for operatorcounting(constraint_generators=[pho_constraints(patterns=systematic(2))],use_integer_operator_counts=true,transform=adapt_costs(cost_type=one)): 6
[t=0.0319652s, 47880 KB] g=9, 316 evaluated, 71 expanded
[t=0.0479452s, 47880 KB] New best heuristic value for operatorcounting(constraint_generators=[pho_constraints(patterns=systematic(2))],use_integer_operator_counts=true,transform=adapt_costs(cost_type=one)): 5
[t=0.0479452s, 47880 KB] g=13, 517 evaluated, 134 expanded
[t=0.0519577s, 47880 KB] New best heuristic value for operatorcounting(constraint_generators=[pho_constraints(patterns=systematic(2))],use_integer_operator_counts=true,transform=adapt_costs(cost_type=one)): 4
[t=0.0519577s, 47880 KB] g=14, 522 evaluated, 135 expanded
[t=0.0559357s, 47880 KB] New best heuristic value for operatorcounting(constraint_generators=[pho_constraints(patterns=systematic(2))],use_integer_operator_counts=true,transform=adapt_costs(cost_type=one)): 3
[t=0.0559357s, 47880 KB] g=18, 589 evaluated, 161 expanded
[t=0.0599299s, 47880 KB] New best heuristic value for operatorcounting(constraint_generators=[pho_constraints(patterns=systematic(2))],use_integer_operator_counts=true,transform=adapt_costs(cost_type=one)): 2
[t=0.0610068s, 47880 KB] g=19, 593 evaluated, 162 expanded
[t=0.0639074s, 47880 KB] New best heuristic value for operatorcounting(constraint_generators=[pho_constraints(patterns=systematic(2))],use_integer_operator_counts=true,transform=adapt_costs(cost_type=one)): 1
[t=0.0639074s, 47880 KB] g=23, 615 evaluated, 177 expanded
[t=0.0646584s, 47880 KB] New best heuristic value for operatorcounting(constraint_generators=[pho_constraints(patterns=systematic(2))],use_integer_operator_counts=true,transform=adapt_costs(cost_type=one)): 0
[t=0.0646584s, 47880 KB] g=24, 616 evaluated, 178 expanded
[t=0.0646584s, 47880 KB] Solution found!
[t=0.0646584s, 47880 KB] Actual search time: 0.0566698s
load_package5_truck1_a2_l2  (1)
drive_truck1_l2_l3_t0_t1  (1)
unload_package5_truck1_a2_l3  (1)
deliver_package5_l3_t1_t1  (1)
drive_truck1_l3_l1_t1_t2  (1)
load_package2_truck1_a1_l1  (1)
drive_truck1_l1_l2_t2_t3  (1)
unload_package2_truck1_a1_l2  (1)
deliver_package2_l2_t3_t3  (1)
drive_truck1_l2_l1_t3_t4  (1)
load_package1_truck1_a1_l1  (1)
drive_truck1_l1_l2_t4_t5  (1)
unload_package1_truck1_a1_l2  (1)
deliver_package1_l2_t5_t5  (1)
drive_truck1_l2_l1_t5_t6  (1)
load_package3_truck1_a1_l1  (1)
drive_truck1_l1_l3_t6_t7  (1)
unload_package3_truck1_a1_l3  (1)
deliver_package3_l3_t7_t7  (1)
drive_truck1_l3_l1_t7_t8  (1)
load_package4_truck1_a1_l1  (1)
drive_truck1_l1_l3_t8_t9  (1)
unload_package4_truck1_a1_l3  (1)
deliver_package4_l3_t9_t9  (1)
[t=0.0646584s, 47880 KB] Plan length: 24 step(s).
[t=0.0646584s, 47880 KB] Plan cost: 24
[t=0.0646584s, 47880 KB] Expanded 179 state(s).
[t=0.0646584s, 47880 KB] Reopened 0 state(s).
[t=0.0646584s, 47880 KB] Evaluated 616 state(s).
[t=0.0646584s, 47880 KB] Evaluations: 616
[t=0.0646584s, 47880 KB] Generated 3592 state(s).
[t=0.0646584s, 47880 KB] Dead ends: 57 state(s).
[t=0.0646584s, 47880 KB] Number of registered states: 616
[t=0.0646584s, 47880 KB] Int hash set load factor: 616/1024 = 0.601562
[t=0.0646584s, 47880 KB] Int hash set resizes: 10
[t=0.0646584s, 47880 KB] Search time: 0.0566698s
[t=0.0646584s, 47880 KB] Total time: 0.0646584s
Solution found.
Peak memory: 47880 KB
Remove intermediate file output.sas
search exit code: 0

INFO     Running validate.
INFO     validate stdin: None
INFO     validate time limit: None
INFO     validate memory limit: None
INFO     validate command line string: /home/henry/bin/validate domain.pddl problem.pddl sas_plan
Checking plan: sas_plan
Plan executed successfully - checking goal
Plan valid
Final value: 24 

Successful plans:
Value: 24
 sas_plan 24 

validate exit code: 0

INFO     Planner time: 0.86s
