INFO     planner time limit: 1800s
INFO     planner memory limit: 2048 MB

INFO     Running translator.
INFO     translator stdin: None
INFO     translator time limit: 1799s
INFO     translator memory limit: 2048 MB
INFO     translator command line string: /home/henry/Documents/UFRGS/TCC/downward/.venv/bin/python /home/henry/Documents/UFRGS/TCC/downward/experiments/lab/data/main/code-5bb2ccb6957559b6969ffd7e29254c73f84d5e49_e5e41175/builds/release/bin/translate/translate.py domain.pddl problem.pddl --sas-file output.sas
Parsing...
Parsing: [0.000s CPU, 0.002s wall-clock]
Normalizing task... [0.000s CPU, 0.000s wall-clock]
Instantiating...
Generating Datalog program... [0.000s CPU, 0.001s wall-clock]
Normalizing Datalog program...
Normalizing Datalog program: [0.000s CPU, 0.003s wall-clock]
Preparing model... [0.010s CPU, 0.002s wall-clock]
Generated 79 rules.
Computing model... [0.780s CPU, 0.778s wall-clock]
87465 relevant atoms
38240 auxiliary atoms
125705 final queue length
375191 total queue pushes
Completing instantiation... [2.130s CPU, 2.138s wall-clock]
Instantiating: [2.950s CPU, 2.946s wall-clock]
Computing fact groups...
Finding invariants...
14 initial candidates
Finding invariants: [0.040s CPU, 0.048s wall-clock]
Checking invariant weight... [0.000s CPU, 0.000s wall-clock]
Instantiating groups... [0.000s CPU, 0.000s wall-clock]
Collecting mutex groups... [0.000s CPU, 0.000s wall-clock]
Choosing groups...
2344 uncovered facts
Choosing groups: [0.000s CPU, 0.000s wall-clock]
Building translation key... [0.000s CPU, 0.005s wall-clock]
Computing fact groups: [0.060s CPU, 0.068s wall-clock]
Building STRIPS to SAS dictionary... [0.000s CPU, 0.001s wall-clock]
Building dictionary for full mutex groups... [0.010s CPU, 0.001s wall-clock]
Building mutex information...
Building mutex information: [0.000s CPU, 0.001s wall-clock]
Translating task...
Processing axioms...
Simplifying axioms... [0.000s CPU, 0.000s wall-clock]
Translator axioms removed by simplifying: 0
Computing negative axioms... [0.000s CPU, 0.000s wall-clock]
Processing axioms: [0.040s CPU, 0.040s wall-clock]
Translating task: [1.400s CPU, 1.405s wall-clock]
78144 effect conditions simplified
0 implied preconditions added
Detecting unreachable propositions...
0 operators removed
0 axioms removed
1 propositions removed
Detecting unreachable propositions: [0.790s CPU, 0.789s wall-clock]
Reordering and filtering variables...
2345 of 2345 variables necessary.
0 of 1 mutex groups necessary.
31792 of 31792 operators necessary.
0 of 0 axiom rules necessary.
Reordering and filtering variables: [0.970s CPU, 0.972s wall-clock]
Translator variables: 2345
Translator derived variables: 0
Translator facts: 4736
Translator goal facts: 24
Translator mutex groups: 0
Translator total mutex groups size: 0
Translator operators: 31792
Translator axioms: 0
Translator task size: 273233
Translator peak memory: 212412 KB
Writing output... [0.210s CPU, 0.214s wall-clock]
Done! [6.460s CPU, 6.466s wall-clock]
translate exit code: 0

INFO     Running search (release).
INFO     search stdin: output.sas
INFO     search time limit: 1793s
INFO     search memory limit: 2048 MB
INFO     search command line string: /home/henry/Documents/UFRGS/TCC/downward/experiments/lab/data/main/code-5bb2ccb6957559b6969ffd7e29254c73f84d5e49_e5e41175/builds/release/bin/downward --search 'eager_greedy([ilsh(patterns=systematic(4), transform=adapt_costs(cost_type=ONE))])' --internal-plan-file sas_plan < output.sas
[t=0s, 10544 KB] reading input...
[t=0.151904s, 23332 KB] done reading input!
[t=0.151904s, 23728 KB] Generating patterns using: systematic pattern collection generator
[t=0.151904s, 23728 KB] building causal graph...done! [t=0.091929s]
Failed to allocate memory.
Memory limit has been reached.
Peak memory: 2097052 KB
Remove intermediate file output.sas
search exit code: 22

Driver aborting after search
INFO     Planner time: 23.96s
