INFO     planner time limit: 1800s
INFO     planner memory limit: 2048 MB

INFO     Running translator.
INFO     translator stdin: None
INFO     translator time limit: 1799s
INFO     translator memory limit: 2048 MB
INFO     translator command line string: /home/henry/Documents/UFRGS/TCC/downward/.venv/bin/python /home/henry/Documents/UFRGS/TCC/downward/experiments/lab/data/main/code-5bb2ccb6957559b6969ffd7e29254c73f84d5e49_e5e41175/builds/release/bin/translate/translate.py domain.pddl problem.pddl --sas-file output.sas
Parsing...
Parsing: [0.010s CPU, 0.004s wall-clock]
Normalizing task... [0.000s CPU, 0.000s wall-clock]
Instantiating...
Generating Datalog program... [0.000s CPU, 0.001s wall-clock]
Normalizing Datalog program...
Normalizing Datalog program: [0.000s CPU, 0.005s wall-clock]
Preparing model... [0.010s CPU, 0.003s wall-clock]
Generated 211 rules.
Computing model... [0.000s CPU, 0.009s wall-clock]
790 relevant atoms
1094 auxiliary atoms
1884 final queue length
2580 total queue pushes
Completing instantiation... [0.010s CPU, 0.008s wall-clock]
Instantiating: [0.020s CPU, 0.026s wall-clock]
Computing fact groups...
Finding invariants...
20 initial candidates
Finding invariants: [0.010s CPU, 0.004s wall-clock]
Checking invariant weight... [0.000s CPU, 0.000s wall-clock]
Instantiating groups... [0.000s CPU, 0.000s wall-clock]
Collecting mutex groups... [0.000s CPU, 0.000s wall-clock]
Choosing groups...
193 uncovered facts
Choosing groups: [0.000s CPU, 0.001s wall-clock]
Building translation key... [0.000s CPU, 0.000s wall-clock]
Computing fact groups: [0.010s CPU, 0.006s wall-clock]
Building STRIPS to SAS dictionary... [0.000s CPU, 0.000s wall-clock]
Building dictionary for full mutex groups... [0.000s CPU, 0.000s wall-clock]
Building mutex information...
Building mutex information: [0.000s CPU, 0.000s wall-clock]
Translating task...
Processing axioms...
Simplifying axioms... [0.000s CPU, 0.000s wall-clock]
Translator axioms removed by simplifying: 0
Computing negative axioms... [0.000s CPU, 0.000s wall-clock]
Processing axioms: [0.000s CPU, 0.001s wall-clock]
Translating task: [0.010s CPU, 0.011s wall-clock]
225 effect conditions simplified
0 implied preconditions added
Detecting unreachable propositions...
0 operators removed
0 axioms removed
10 propositions removed
Detecting unreachable propositions: [0.010s CPU, 0.005s wall-clock]
Reordering and filtering variables...
80 of 200 variables necessary.
0 of 8 mutex groups necessary.
345 of 345 operators necessary.
0 of 0 axiom rules necessary.
Reordering and filtering variables: [0.000s CPU, 0.003s wall-clock]
Translator variables: 80
Translator derived variables: 0
Translator facts: 240
Translator goal facts: 48
Translator mutex groups: 0
Translator total mutex groups size: 0
Translator operators: 345
Translator axioms: 0
Translator task size: 2467
Translator peak memory: 34144 KB
Writing output... [0.000s CPU, 0.002s wall-clock]
Done! [0.060s CPU, 0.059s wall-clock]
translate exit code: 0

INFO     Running search (release).
INFO     search stdin: output.sas
INFO     search time limit: 1799s
INFO     search memory limit: 2048 MB
INFO     search command line string: /home/henry/Documents/UFRGS/TCC/downward/experiments/lab/data/main/code-5bb2ccb6957559b6969ffd7e29254c73f84d5e49_e5e41175/builds/release/bin/downward --search 'eager_greedy([operatorcounting(constraint_generators=[pho_constraints(patterns=systematic(4))], use_integer_operator_counts=false, transform=adapt_costs(cost_type=NORMAL))])' --internal-plan-file sas_plan < output.sas
[t=0s, 45596 KB] reading input...
[t=0.00355064s, 45728 KB] done reading input!
[t=0.00543405s, 45992 KB] Generating patterns using: systematic pattern collection generator
[t=0.00543405s, 45992 KB] building causal graph...done! [t=0s]
[t=0.00945655s, 47604 KB] Found 6472 SGA patterns.
[t=0.0573786s, 50172 KB] Found 21224 interesting patterns.
[t=0.0613702s, 50476 KB] systematic pattern collection generator number of patterns: 21224
[t=0.0653852s, 50476 KB] systematic pattern collection generator total PDB size: 1641160
[t=0.0653852s, 50476 KB] systematic pattern collection generator computation time: 0.0559362s
[t=0.0653852s, 50476 KB] Computing PDBs for pattern collection...
[t=1.31198s, 59788 KB] Done computing PDBs for pattern collection: 1.24659s
[t=1.45982s, 88156 KB] Building successor generator...done!
[t=1.45982s, 88156 KB] peak memory difference for successor generator creation: 0 KB
[t=1.45982s, 88156 KB] time for successor generation creation: 0s
[t=1.45982s, 88156 KB] Variables: 80
[t=1.45982s, 88156 KB] FactPairs: 240
[t=1.45982s, 88156 KB] Bytes per state: 16
[t=1.45982s, 88156 KB] Conducting best first search without reopening closed nodes, (real) bound = 2147483647
[t=1.51974s, 99120 KB] New best heuristic value for operatorcounting(constraint_generators=[pho_constraints(patterns=systematic(4))],use_integer_operator_counts=false,transform=adapt_costs(cost_type=normal)): 1681282
[t=1.51974s, 99120 KB] g=0, 1 evaluated, 0 expanded
[t=1.51974s, 99120 KB] Initial heuristic value for operatorcounting(constraint_generators=[pho_constraints(patterns=systematic(4))],use_integer_operator_counts=false,transform=adapt_costs(cost_type=normal)): 1681282
[t=1.51974s, 99120 KB] pruning method: none
[t=1.53572s, 100456 KB] New best heuristic value for operatorcounting(constraint_generators=[pho_constraints(patterns=systematic(4))],use_integer_operator_counts=false,transform=adapt_costs(cost_type=normal)): 1681157
[t=1.53572s, 100456 KB] g=224, 3 evaluated, 2 expanded
[t=1.64358s, 100456 KB] New best heuristic value for operatorcounting(constraint_generators=[pho_constraints(patterns=systematic(4))],use_integer_operator_counts=false,transform=adapt_costs(cost_type=normal)): 1679658
[t=1.64358s, 100456 KB] g=1624, 11 evaluated, 3 expanded
[t=1.75542s, 100456 KB] New best heuristic value for operatorcounting(constraint_generators=[pho_constraints(patterns=systematic(4))],use_integer_operator_counts=false,transform=adapt_costs(cost_type=normal)): 1669659
[t=1.75542s, 100456 KB] g=11623, 20 evaluated, 4 expanded
[t=1.8633s, 100456 KB] New best heuristic value for operatorcounting(constraint_generators=[pho_constraints(patterns=systematic(4))],use_integer_operator_counts=false,transform=adapt_costs(cost_type=normal)): 1456869
[t=1.8633s, 100456 KB] g=224413, 29 evaluated, 5 expanded
[t=1.9751s, 100456 KB] New best heuristic value for operatorcounting(constraint_generators=[pho_constraints(patterns=systematic(4))],use_integer_operator_counts=false,transform=adapt_costs(cost_type=normal)): 1451870
[t=1.9751s, 100456 KB] g=229412, 39 evaluated, 6 expanded
[t=2.1069s, 100456 KB] New best heuristic value for operatorcounting(constraint_generators=[pho_constraints(patterns=systematic(4))],use_integer_operator_counts=false,transform=adapt_costs(cost_type=normal)): 1450371
[t=2.1069s, 100456 KB] g=230911, 49 evaluated, 7 expanded
[t=2.21475s, 100456 KB] New best heuristic value for operatorcounting(constraint_generators=[pho_constraints(patterns=systematic(4))],use_integer_operator_counts=false,transform=adapt_costs(cost_type=normal)): 1448872
[t=2.21475s, 100456 KB] g=232410, 58 evaluated, 8 expanded
[t=2.32656s, 100456 KB] New best heuristic value for operatorcounting(constraint_generators=[pho_constraints(patterns=systematic(4))],use_integer_operator_counts=false,transform=adapt_costs(cost_type=normal)): 1448747
[t=2.32656s, 100456 KB] g=232634, 66 evaluated, 9 expanded
[t=2.43442s, 100456 KB] New best heuristic value for operatorcounting(constraint_generators=[pho_constraints(patterns=systematic(4))],use_integer_operator_counts=false,transform=adapt_costs(cost_type=normal)): 1447248
[t=2.43442s, 100456 KB] g=234034, 74 evaluated, 10 expanded
[t=2.53424s, 100456 KB] New best heuristic value for operatorcounting(constraint_generators=[pho_constraints(patterns=systematic(4))],use_integer_operator_counts=false,transform=adapt_costs(cost_type=normal)): 1439248
[t=2.53424s, 100456 KB] g=242034, 81 evaluated, 11 expanded
[t=2.63814s, 100456 KB] New best heuristic value for operatorcounting(constraint_generators=[pho_constraints(patterns=systematic(4))],use_integer_operator_counts=false,transform=adapt_costs(cost_type=normal)): 1311458
[t=2.63814s, 100456 KB] g=369824, 89 evaluated, 12 expanded
[t=2.74606s, 100456 KB] New best heuristic value for operatorcounting(constraint_generators=[pho_constraints(patterns=systematic(4))],use_integer_operator_counts=false,transform=adapt_costs(cost_type=normal)): 1308459
[t=2.74606s, 100456 KB] g=372823, 97 evaluated, 13 expanded
[t=2.86193s, 100456 KB] New best heuristic value for operatorcounting(constraint_generators=[pho_constraints(patterns=systematic(4))],use_integer_operator_counts=false,transform=adapt_costs(cost_type=normal)): 1306960
[t=2.86193s, 100456 KB] g=374322, 106 evaluated, 14 expanded
[t=2.94986s, 100456 KB] New best heuristic value for operatorcounting(constraint_generators=[pho_constraints(patterns=systematic(4))],use_integer_operator_counts=false,transform=adapt_costs(cost_type=normal)): 1305461
[t=2.94986s, 100456 KB] g=375821, 114 evaluated, 15 expanded
[t=3.03377s, 100456 KB] New best heuristic value for operatorcounting(constraint_generators=[pho_constraints(patterns=systematic(4))],use_integer_operator_counts=false,transform=adapt_costs(cost_type=normal)): 1305336
[t=3.03377s, 100456 KB] g=376045, 121 evaluated, 16 expanded
[t=3.10567s, 100456 KB] New best heuristic value for operatorcounting(constraint_generators=[pho_constraints(patterns=systematic(4))],use_integer_operator_counts=false,transform=adapt_costs(cost_type=normal)): 1303837
[t=3.10567s, 100456 KB] g=377445, 127 evaluated, 17 expanded
[t=3.16962s, 100456 KB] New best heuristic value for operatorcounting(constraint_generators=[pho_constraints(patterns=systematic(4))],use_integer_operator_counts=false,transform=adapt_costs(cost_type=normal)): 1293838
[t=3.16962s, 100456 KB] g=387444, 134 evaluated, 18 expanded
[t=3.24956s, 100456 KB] New best heuristic value for operatorcounting(constraint_generators=[pho_constraints(patterns=systematic(4))],use_integer_operator_counts=false,transform=adapt_costs(cost_type=normal)): 1081048
[t=3.24956s, 100456 KB] g=600234, 142 evaluated, 19 expanded
[t=3.34542s, 100456 KB] New best heuristic value for operatorcounting(constraint_generators=[pho_constraints(patterns=systematic(4))],use_integer_operator_counts=false,transform=adapt_costs(cost_type=normal)): 1076049
[t=3.34542s, 100456 KB] g=605233, 149 evaluated, 20 expanded
[t=3.46126s, 100456 KB] New best heuristic value for operatorcounting(constraint_generators=[pho_constraints(patterns=systematic(4))],use_integer_operator_counts=false,transform=adapt_costs(cost_type=normal)): 1074550
[t=3.46126s, 100456 KB] g=606732, 157 evaluated, 21 expanded
[t=3.54913s, 100456 KB] New best heuristic value for operatorcounting(constraint_generators=[pho_constraints(patterns=systematic(4))],use_integer_operator_counts=false,transform=adapt_costs(cost_type=normal)): 1073051
[t=3.54913s, 100456 KB] g=608231, 164 evaluated, 22 expanded
[t=3.63704s, 100456 KB] New best heuristic value for operatorcounting(constraint_generators=[pho_constraints(patterns=systematic(4))],use_integer_operator_counts=false,transform=adapt_costs(cost_type=normal)): 1072926
[t=3.63704s, 100456 KB] g=608455, 170 evaluated, 23 expanded
[t=3.68898s, 100456 KB] New best heuristic value for operatorcounting(constraint_generators=[pho_constraints(patterns=systematic(4))],use_integer_operator_counts=false,transform=adapt_costs(cost_type=normal)): 1071427
[t=3.68898s, 100456 KB] g=609855, 175 evaluated, 24 expanded
[t=3.75295s, 100456 KB] New best heuristic value for operatorcounting(constraint_generators=[pho_constraints(patterns=systematic(4))],use_integer_operator_counts=false,transform=adapt_costs(cost_type=normal)): 1061428
[t=3.75295s, 100456 KB] g=619854, 181 evaluated, 25 expanded
[t=3.81289s, 100456 KB] New best heuristic value for operatorcounting(constraint_generators=[pho_constraints(patterns=systematic(4))],use_integer_operator_counts=false,transform=adapt_costs(cost_type=normal)): 848638
[t=3.81289s, 100456 KB] g=832644, 188 evaluated, 26 expanded
[t=3.88084s, 100456 KB] New best heuristic value for operatorcounting(constraint_generators=[pho_constraints(patterns=systematic(4))],use_integer_operator_counts=false,transform=adapt_costs(cost_type=normal)): 843639
[t=3.88084s, 100456 KB] g=837643, 194 evaluated, 27 expanded
[t=3.96071s, 100456 KB] New best heuristic value for operatorcounting(constraint_generators=[pho_constraints(patterns=systematic(4))],use_integer_operator_counts=false,transform=adapt_costs(cost_type=normal)): 842140
[t=3.96071s, 100456 KB] g=839142, 201 evaluated, 28 expanded
[t=4.02062s, 100456 KB] New best heuristic value for operatorcounting(constraint_generators=[pho_constraints(patterns=systematic(4))],use_integer_operator_counts=false,transform=adapt_costs(cost_type=normal)): 840641
[t=4.02062s, 100456 KB] g=840641, 207 evaluated, 29 expanded
[t=4.08849s, 100456 KB] New best heuristic value for operatorcounting(constraint_generators=[pho_constraints(patterns=systematic(4))],use_integer_operator_counts=false,transform=adapt_costs(cost_type=normal)): 840516
[t=4.08849s, 100456 KB] g=840865, 212 evaluated, 30 expanded
[t=4.13644s, 100456 KB] New best heuristic value for operatorcounting(constraint_generators=[pho_constraints(patterns=systematic(4))],use_integer_operator_counts=false,transform=adapt_costs(cost_type=normal)): 839017
[t=4.13644s, 100456 KB] g=842265, 216 evaluated, 31 expanded
[t=4.18837s, 100456 KB] New best heuristic value for operatorcounting(constraint_generators=[pho_constraints(patterns=systematic(4))],use_integer_operator_counts=false,transform=adapt_costs(cost_type=normal)): 829018
[t=4.18837s, 100456 KB] g=852264, 221 evaluated, 32 expanded
[t=4.24032s, 100456 KB] New best heuristic value for operatorcounting(constraint_generators=[pho_constraints(patterns=systematic(4))],use_integer_operator_counts=false,transform=adapt_costs(cost_type=normal)): 616228
[t=4.24032s, 100456 KB] g=1065054, 227 evaluated, 33 expanded
[t=4.29227s, 100456 KB] New best heuristic value for operatorcounting(constraint_generators=[pho_constraints(patterns=systematic(4))],use_integer_operator_counts=false,transform=adapt_costs(cost_type=normal)): 611229
[t=4.29227s, 100456 KB] g=1070053, 232 evaluated, 34 expanded
[t=4.36416s, 100456 KB] New best heuristic value for operatorcounting(constraint_generators=[pho_constraints(patterns=systematic(4))],use_integer_operator_counts=false,transform=adapt_costs(cost_type=normal)): 609730
[t=4.36416s, 100456 KB] g=1071552, 238 evaluated, 35 expanded
[t=4.42008s, 100456 KB] New best heuristic value for operatorcounting(constraint_generators=[pho_constraints(patterns=systematic(4))],use_integer_operator_counts=false,transform=adapt_costs(cost_type=normal)): 608231
[t=4.42008s, 100456 KB] g=1073051, 243 evaluated, 36 expanded
[t=4.468s, 100456 KB] New best heuristic value for operatorcounting(constraint_generators=[pho_constraints(patterns=systematic(4))],use_integer_operator_counts=false,transform=adapt_costs(cost_type=normal)): 608106
[t=4.468s, 100456 KB] g=1073275, 247 evaluated, 37 expanded
[t=4.50395s, 100456 KB] New best heuristic value for operatorcounting(constraint_generators=[pho_constraints(patterns=systematic(4))],use_integer_operator_counts=false,transform=adapt_costs(cost_type=normal)): 606607
[t=4.50395s, 100456 KB] g=1074675, 250 evaluated, 38 expanded
[t=4.5479s, 100456 KB] New best heuristic value for operatorcounting(constraint_generators=[pho_constraints(patterns=systematic(4))],use_integer_operator_counts=false,transform=adapt_costs(cost_type=normal)): 596608
[t=4.5479s, 100456 KB] g=1084674, 254 evaluated, 39 expanded
[t=4.58387s, 100456 KB] New best heuristic value for operatorcounting(constraint_generators=[pho_constraints(patterns=systematic(4))],use_integer_operator_counts=false,transform=adapt_costs(cost_type=normal)): 383818
[t=4.58387s, 100456 KB] g=1297464, 259 evaluated, 40 expanded
[t=4.61982s, 100456 KB] New best heuristic value for operatorcounting(constraint_generators=[pho_constraints(patterns=systematic(4))],use_integer_operator_counts=false,transform=adapt_costs(cost_type=normal)): 378819
[t=4.61982s, 100456 KB] g=1302463, 263 evaluated, 41 expanded
[t=4.68775s, 100456 KB] New best heuristic value for operatorcounting(constraint_generators=[pho_constraints(patterns=systematic(4))],use_integer_operator_counts=false,transform=adapt_costs(cost_type=normal)): 377320
[t=4.68775s, 100456 KB] g=1303962, 268 evaluated, 42 expanded
[t=4.72369s, 100456 KB] New best heuristic value for operatorcounting(constraint_generators=[pho_constraints(patterns=systematic(4))],use_integer_operator_counts=false,transform=adapt_costs(cost_type=normal)): 375821
[t=4.72369s, 100456 KB] g=1305461, 272 evaluated, 43 expanded
[t=4.75566s, 100456 KB] New best heuristic value for operatorcounting(constraint_generators=[pho_constraints(patterns=systematic(4))],use_integer_operator_counts=false,transform=adapt_costs(cost_type=normal)): 375696
[t=4.75566s, 100456 KB] g=1305685, 275 evaluated, 44 expanded
[t=4.79562s, 100456 KB] New best heuristic value for operatorcounting(constraint_generators=[pho_constraints(patterns=systematic(4))],use_integer_operator_counts=false,transform=adapt_costs(cost_type=normal)): 374197
[t=4.79562s, 100456 KB] g=1307085, 278 evaluated, 45 expanded
[t=4.82754s, 100456 KB] New best heuristic value for operatorcounting(constraint_generators=[pho_constraints(patterns=systematic(4))],use_integer_operator_counts=false,transform=adapt_costs(cost_type=normal)): 366197
[t=4.82754s, 100456 KB] g=1315085, 280 evaluated, 46 expanded
[t=4.85151s, 100456 KB] New best heuristic value for operatorcounting(constraint_generators=[pho_constraints(patterns=systematic(4))],use_integer_operator_counts=false,transform=adapt_costs(cost_type=normal)): 238407
[t=4.85151s, 100456 KB] g=1442875, 284 evaluated, 47 expanded
[t=4.87149s, 100456 KB] New best heuristic value for operatorcounting(constraint_generators=[pho_constraints(patterns=systematic(4))],use_integer_operator_counts=false,transform=adapt_costs(cost_type=normal)): 235408
[t=4.87149s, 100456 KB] g=1445874, 286 evaluated, 48 expanded
[t=4.92341s, 100456 KB] New best heuristic value for operatorcounting(constraint_generators=[pho_constraints(patterns=systematic(4))],use_integer_operator_counts=false,transform=adapt_costs(cost_type=normal)): 233909
[t=4.92341s, 100456 KB] g=1447373, 290 evaluated, 49 expanded
[t=4.95137s, 100456 KB] New best heuristic value for operatorcounting(constraint_generators=[pho_constraints(patterns=systematic(4))],use_integer_operator_counts=false,transform=adapt_costs(cost_type=normal)): 232410
[t=4.95137s, 100456 KB] g=1448872, 293 evaluated, 50 expanded
[t=4.97934s, 100456 KB] New best heuristic value for operatorcounting(constraint_generators=[pho_constraints(patterns=systematic(4))],use_integer_operator_counts=false,transform=adapt_costs(cost_type=normal)): 232285
[t=4.97934s, 100456 KB] g=1449096, 295 evaluated, 51 expanded
[t=4.98734s, 100456 KB] New best heuristic value for operatorcounting(constraint_generators=[pho_constraints(patterns=systematic(4))],use_integer_operator_counts=false,transform=adapt_costs(cost_type=normal)): 230786
[t=4.98734s, 100456 KB] g=1450496, 296 evaluated, 52 expanded
[t=4.99931s, 100456 KB] New best heuristic value for operatorcounting(constraint_generators=[pho_constraints(patterns=systematic(4))],use_integer_operator_counts=false,transform=adapt_costs(cost_type=normal)): 220787
[t=4.99931s, 100456 KB] g=1460495, 298 evaluated, 53 expanded
[t=5.0113s, 100456 KB] New best heuristic value for operatorcounting(constraint_generators=[pho_constraints(patterns=systematic(4))],use_integer_operator_counts=false,transform=adapt_costs(cost_type=normal)): 7997
[t=5.0113s, 100456 KB] g=1673285, 301 evaluated, 54 expanded
[t=5.01931s, 100456 KB] New best heuristic value for operatorcounting(constraint_generators=[pho_constraints(patterns=systematic(4))],use_integer_operator_counts=false,transform=adapt_costs(cost_type=normal)): 2998
[t=5.01931s, 100456 KB] g=1678284, 303 evaluated, 55 expanded
[t=5.05927s, 100456 KB] New best heuristic value for operatorcounting(constraint_generators=[pho_constraints(patterns=systematic(4))],use_integer_operator_counts=false,transform=adapt_costs(cost_type=normal)): 1499
[t=5.05927s, 100456 KB] g=1679783, 306 evaluated, 56 expanded
[t=5.07523s, 100456 KB] New best heuristic value for operatorcounting(constraint_generators=[pho_constraints(patterns=systematic(4))],use_integer_operator_counts=false,transform=adapt_costs(cost_type=normal)): 0
[t=5.07523s, 100456 KB] g=1681282, 308 evaluated, 57 expanded
[t=5.07523s, 100456 KB] Solution found!
[t=5.07523s, 100456 KB] Actual search time: 3.55549s
initialize  (0)
fe1-feedmsi-letter sheet1 (125)
hw1-leftentrytobottomleftexit-letter sheet1 (1499)
lc1-inverttoime-letter sheet1 back front (9999)
lime-simplex-letter sheet1 front image-1 (212790)
lc1-fromime-letter sheet1 (4999)
hw1-bottomrightentrytorightexit-letter sheet1 (1499)
sys-stack-letter sheet1 dummy-sheet (1499)
fe1-feedmsi-letter sheet2 (125)
hw1-leftentrytotopleftexit-letter sheet2 (1499)
uc1-inverttoime-letter sheet2 back front (8000)
uime-simplex-letter sheet2 front image-2 (127790)
uc1-fromime-letter sheet2 (2999)
hw1-toprightentrytorightexit-letter sheet2 (1499)
sys-stack-letter sheet2 sheet1 (1499)
fe1-feedmsi-letter sheet3 (125)
hw1-leftentrytobottomleftexit-letter sheet3 (1499)
lc1-inverttoime-letter sheet3 back front (9999)
lime-simplex-letter sheet3 front image-3 (212790)
lc1-fromime-letter sheet3 (4999)
hw1-bottomrightentrytorightexit-letter sheet3 (1499)
sys-stack-letter sheet3 sheet2 (1499)
fe1-feedmsi-letter sheet4 (125)
hw1-leftentrytobottomleftexit-letter sheet4 (1499)
lc1-inverttoime-letter sheet4 back front (9999)
lime-simplex-letter sheet4 front image-4 (212790)
lc1-fromime-letter sheet4 (4999)
hw1-bottomrightentrytorightexit-letter sheet4 (1499)
sys-stack-letter sheet4 sheet3 (1499)
fe1-feedmsi-letter sheet5 (125)
hw1-leftentrytobottomleftexit-letter sheet5 (1499)
lc1-inverttoime-letter sheet5 back front (9999)
lime-simplex-letter sheet5 front image-5 (212790)
lc1-fromime-letter sheet5 (4999)
hw1-bottomrightentrytorightexit-letter sheet5 (1499)
sys-stack-letter sheet5 sheet4 (1499)
fe1-feedmsi-letter sheet6 (125)
hw1-leftentrytobottomleftexit-letter sheet6 (1499)
lc1-inverttoime-letter sheet6 back front (9999)
lime-simplex-letter sheet6 front image-6 (212790)
lc1-fromime-letter sheet6 (4999)
hw1-bottomrightentrytorightexit-letter sheet6 (1499)
sys-stack-letter sheet6 sheet5 (1499)
fe1-feedmsi-letter sheet7 (125)
hw1-leftentrytotopleftexit-letter sheet7 (1499)
uc1-inverttoime-letter sheet7 back front (8000)
uime-simplex-letter sheet7 front image-7 (127790)
uc1-fromime-letter sheet7 (2999)
hw1-toprightentrytorightexit-letter sheet7 (1499)
sys-stack-letter sheet7 sheet6 (1499)
fe1-feedmsi-letter sheet8 (125)
hw1-leftentrytobottomleftexit-letter sheet8 (1499)
lc1-inverttoime-letter sheet8 back front (9999)
lime-simplex-letter sheet8 front image-8 (212790)
lc1-fromime-letter sheet8 (4999)
hw1-bottomrightentrytorightexit-letter sheet8 (1499)
sys-stack-letter sheet8 sheet7 (1499)
[t=5.07523s, 100456 KB] Plan length: 57 step(s).
[t=5.07523s, 100456 KB] Plan cost: 1681282
[t=5.07523s, 100456 KB] Expanded 58 state(s).
[t=5.07523s, 100456 KB] Reopened 0 state(s).
[t=5.07523s, 100456 KB] Evaluated 308 state(s).
[t=5.07523s, 100456 KB] Evaluations: 308
[t=5.07523s, 100456 KB] Generated 541 state(s).
[t=5.07523s, 100456 KB] Dead ends: 36 state(s).
[t=5.07523s, 100456 KB] Number of registered states: 308
[t=5.07523s, 100456 KB] Int hash set load factor: 308/512 = 0.601562
[t=5.07523s, 100456 KB] Int hash set resizes: 9
[t=5.07523s, 100456 KB] Search time: 3.61541s
[t=5.07523s, 100456 KB] Total time: 5.07523s
Solution found.
Peak memory: 100456 KB
Remove intermediate file output.sas
search exit code: 0

INFO     Running validate.
INFO     validate stdin: None
INFO     validate time limit: None
INFO     validate memory limit: None
INFO     validate command line string: /home/henry/bin/validate domain.pddl problem.pddl sas_plan
Checking plan: sas_plan
Plan executed successfully - checking goal
Plan valid
Final value: 1681282 

Successful plans:
Value: 1681282
 sas_plan 1681282 

validate exit code: 0

INFO     Planner time: 5.21s
