INFO     planner time limit: 1800s
INFO     planner memory limit: 2048 MB

INFO     Running translator.
INFO     translator stdin: None
INFO     translator time limit: 1799s
INFO     translator memory limit: 2048 MB
INFO     translator command line string: /home/henry/Documents/UFRGS/TCC/downward/.venv/bin/python /home/henry/Documents/UFRGS/TCC/downward/experiments/lab/data/main/code-fa850d1cb8d716322f299a4f9b64478019793ada_e5e41175/builds/release/bin/translate/translate.py domain.pddl problem.pddl --sas-file output.sas
Parsing...
Parsing: [0.000s CPU, 0.001s wall-clock]
Normalizing task... [0.000s CPU, 0.000s wall-clock]
Instantiating...
Generating Datalog program... [0.000s CPU, 0.000s wall-clock]
Normalizing Datalog program...
Normalizing Datalog program: [0.000s CPU, 0.002s wall-clock]
Preparing model... [0.010s CPU, 0.001s wall-clock]
Generated 54 rules.
Computing model... [0.000s CPU, 0.002s wall-clock]
168 relevant atoms
212 auxiliary atoms
380 final queue length
456 total queue pushes
Completing instantiation... [0.000s CPU, 0.002s wall-clock]
Instantiating: [0.010s CPU, 0.007s wall-clock]
Computing fact groups...
Finding invariants...
11 initial candidates
Finding invariants: [0.000s CPU, 0.003s wall-clock]
Checking invariant weight... [0.000s CPU, 0.000s wall-clock]
Instantiating groups... [0.000s CPU, 0.000s wall-clock]
Collecting mutex groups... [0.000s CPU, 0.000s wall-clock]
Choosing groups...
2 uncovered facts
Choosing groups: [0.000s CPU, 0.000s wall-clock]
Building translation key... [0.000s CPU, 0.000s wall-clock]
Computing fact groups: [0.000s CPU, 0.004s wall-clock]
Building STRIPS to SAS dictionary... [0.000s CPU, 0.000s wall-clock]
Building dictionary for full mutex groups... [0.000s CPU, 0.000s wall-clock]
Building mutex information...
Building mutex information: [0.000s CPU, 0.000s wall-clock]
Translating task...
Processing axioms...
Simplifying axioms... [0.000s CPU, 0.000s wall-clock]
Translator axioms removed by simplifying: 0
Computing negative axioms... [0.000s CPU, 0.000s wall-clock]
Processing axioms: [0.000s CPU, 0.000s wall-clock]
Translating task: [0.010s CPU, 0.002s wall-clock]
12 effect conditions simplified
0 implied preconditions added
Detecting unreachable propositions...
0 operators removed
0 axioms removed
6 propositions removed
Detecting unreachable propositions: [0.000s CPU, 0.001s wall-clock]
Reordering and filtering variables...
8 of 8 variables necessary.
2 of 8 mutex groups necessary.
88 of 88 operators necessary.
0 of 0 axiom rules necessary.
Reordering and filtering variables: [0.000s CPU, 0.000s wall-clock]
Translator variables: 8
Translator derived variables: 0
Translator facts: 34
Translator goal facts: 4
Translator mutex groups: 2
Translator total mutex groups size: 6
Translator operators: 88
Translator axioms: 0
Translator task size: 424
Translator peak memory: 32116 KB
Writing output... [0.000s CPU, 0.000s wall-clock]
Done! [0.020s CPU, 0.016s wall-clock]
translate exit code: 0

INFO     Running search (release).
INFO     search stdin: output.sas
INFO     search time limit: 1799s
INFO     search memory limit: 2048 MB
INFO     search command line string: /home/henry/Documents/UFRGS/TCC/downward/experiments/lab/data/main/code-fa850d1cb8d716322f299a4f9b64478019793ada_e5e41175/builds/release/bin/downward --search 'eager_greedy([operatorcounting(constraint_generators=[pho_constraints(patterns=systematic(2))], use_integer_operator_counts=true, transform=adapt_costs(cost_type=ONE))])' --internal-plan-file sas_plan < output.sas
[t=0s, 45596 KB] reading input...
[t=0s, 45596 KB] done reading input!
[t=0.00330055s, 45860 KB] Generating patterns using: systematic pattern collection generator
[t=0.00330055s, 45860 KB] building causal graph...done! [t=0s]
[t=0.00330055s, 45860 KB] Found 13 SGA patterns.
[t=0.00330055s, 45860 KB] Found 13 interesting patterns.
[t=0.00330055s, 45860 KB] systematic pattern collection generator number of patterns: 13
[t=0.00330055s, 45860 KB] systematic pattern collection generator total PDB size: 171
[t=0.00330055s, 45860 KB] systematic pattern collection generator computation time: 0s
[t=0.00330055s, 45860 KB] Computing PDBs for pattern collection...
[t=0.00330055s, 45860 KB] Done computing PDBs for pattern collection: 0s
[t=0.00330055s, 45860 KB] Building successor generator...done!
[t=0.00330055s, 45860 KB] peak memory difference for successor generator creation: 0 KB
[t=0.00330055s, 45860 KB] time for successor generation creation: 0s
[t=0.00330055s, 45860 KB] Variables: 8
[t=0.00330055s, 45860 KB] FactPairs: 34
[t=0.00330055s, 45860 KB] Bytes per state: 4
[t=0.00330055s, 45860 KB] Conducting best first search without reopening closed nodes, (real) bound = 2147483647
[t=0.00330055s, 46276 KB] New best heuristic value for operatorcounting(constraint_generators=[pho_constraints(patterns=systematic(2))],use_integer_operator_counts=true,transform=adapt_costs(cost_type=one)): 3
[t=0.00330055s, 46276 KB] g=0, 1 evaluated, 0 expanded
[t=0.00330055s, 46276 KB] Initial heuristic value for operatorcounting(constraint_generators=[pho_constraints(patterns=systematic(2))],use_integer_operator_counts=true,transform=adapt_costs(cost_type=one)): 3
[t=0.00330055s, 46276 KB] pruning method: none
[t=0.00731101s, 46832 KB] New best heuristic value for operatorcounting(constraint_generators=[pho_constraints(patterns=systematic(2))],use_integer_operator_counts=true,transform=adapt_costs(cost_type=one)): 2
[t=0.00731101s, 46832 KB] g=1, 7 evaluated, 1 expanded
[t=0.00731101s, 46832 KB] New best heuristic value for operatorcounting(constraint_generators=[pho_constraints(patterns=systematic(2))],use_integer_operator_counts=true,transform=adapt_costs(cost_type=one)): 1
[t=0.00731101s, 46832 KB] g=2, 13 evaluated, 2 expanded
[t=0.027272s, 46832 KB] New best heuristic value for operatorcounting(constraint_generators=[pho_constraints(patterns=systematic(2))],use_integer_operator_counts=true,transform=adapt_costs(cost_type=one)): 0
[t=0.027272s, 46832 KB] g=8, 58 evaluated, 9 expanded
[t=0.0312563s, 46832 KB] Solution found!
[t=0.0312563s, 46832 KB] Actual search time: 0.0279558s
walk driver1 s2 p1-2 (1)
walk driver1 p1-2 s1 (1)
walk driver2 s2 p1-2 (1)
walk driver2 p1-2 s1 (1)
walk driver2 s1 p1-0 (1)
walk driver2 p1-0 s0 (1)
board-truck driver2 truck1 s0 (1)
drive-truck truck1 s0 s1 driver2 (1)
[t=0.0312563s, 46832 KB] Plan length: 8 step(s).
[t=0.0312563s, 46832 KB] Plan cost: 8
[t=0.0312563s, 46832 KB] Expanded 10 state(s).
[t=0.0312563s, 46832 KB] Reopened 0 state(s).
[t=0.0312563s, 46832 KB] Evaluated 63 state(s).
[t=0.0312563s, 46832 KB] Evaluations: 63
[t=0.0312563s, 46832 KB] Generated 71 state(s).
[t=0.0312563s, 46832 KB] Dead ends: 0 state(s).
[t=0.0312563s, 46832 KB] Number of registered states: 63
[t=0.0312563s, 46832 KB] Int hash set load factor: 63/64 = 0.984375
[t=0.0312563s, 46832 KB] Int hash set resizes: 6
[t=0.0312563s, 46832 KB] Search time: 0.0279558s
[t=0.0312563s, 46832 KB] Total time: 0.0312563s
Solution found.
Peak memory: 46832 KB
Remove intermediate file output.sas
search exit code: 0

INFO     Running validate.
INFO     validate stdin: None
INFO     validate time limit: None
INFO     validate memory limit: None
INFO     validate command line string: /home/henry/bin/validate domain.pddl problem.pddl sas_plan
Checking plan: sas_plan
Plan executed successfully - checking goal
Plan valid
Final value: 8 

Successful plans:
Value: 8
 sas_plan 8 

validate exit code: 0

INFO     Planner time: 0.10s
