INFO     planner time limit: 1800s
INFO     planner memory limit: 2048 MB

INFO     Running translator.
INFO     translator stdin: None
INFO     translator time limit: 1799s
INFO     translator memory limit: 2048 MB
INFO     translator command line string: /home/henry/Documents/UFRGS/TCC/downward/.venv/bin/python /home/henry/Documents/UFRGS/TCC/downward/experiments/lab/data/main/code-5bb2ccb6957559b6969ffd7e29254c73f84d5e49_e5e41175/builds/release/bin/translate/translate.py domain.pddl problem.pddl --sas-file output.sas
Parsing...
Parsing: [0.010s CPU, 0.004s wall-clock]
Normalizing task... [0.000s CPU, 0.000s wall-clock]
Instantiating...
Generating Datalog program... [0.000s CPU, 0.001s wall-clock]
Normalizing Datalog program...
Trivial rules: Converted to facts.
Normalizing Datalog program: [0.000s CPU, 0.003s wall-clock]
Preparing model... [0.000s CPU, 0.003s wall-clock]
Generated 129 rules.
Computing model... [0.530s CPU, 0.525s wall-clock]
40468 relevant atoms
35614 auxiliary atoms
76082 final queue length
254224 total queue pushes
Completing instantiation... [2.460s CPU, 2.466s wall-clock]
Instantiating: [3.010s CPU, 3.012s wall-clock]
Computing fact groups...
Finding invariants...
28 initial candidates
Finding invariants: [0.010s CPU, 0.013s wall-clock]
Checking invariant weight... [0.000s CPU, 0.000s wall-clock]
Instantiating groups... [0.000s CPU, 0.001s wall-clock]
Collecting mutex groups... [0.000s CPU, 0.000s wall-clock]
Choosing groups...
603 uncovered facts
Choosing groups: [0.000s CPU, 0.001s wall-clock]
Building translation key... [0.000s CPU, 0.002s wall-clock]
Computing fact groups: [0.020s CPU, 0.022s wall-clock]
Building STRIPS to SAS dictionary... [0.000s CPU, 0.001s wall-clock]
Building dictionary for full mutex groups... [0.000s CPU, 0.001s wall-clock]
Building mutex information...
Building mutex information: [0.000s CPU, 0.000s wall-clock]
Translating task...
Processing axioms...
Simplifying axioms... [0.000s CPU, 0.000s wall-clock]
Translator axioms removed by simplifying: 0
Computing negative axioms... [0.000s CPU, 0.000s wall-clock]
Processing axioms: [0.130s CPU, 0.128s wall-clock]
Translating task: [2.530s CPU, 2.539s wall-clock]
57965 effect conditions simplified
0 implied preconditions added
Detecting unreachable propositions...
0 operators removed
0 axioms removed
45 propositions removed
Detecting unreachable propositions: [1.870s CPU, 1.864s wall-clock]
Reordering and filtering variables...
628 of 630 variables necessary.
0 of 33 mutex groups necessary.
38647 of 38647 operators necessary.
0 of 0 axiom rules necessary.
Reordering and filtering variables: [0.720s CPU, 0.720s wall-clock]
Translator variables: 628
Translator derived variables: 0
Translator facts: 1884
Translator goal facts: 40
Translator mutex groups: 0
Translator total mutex groups size: 0
Translator operators: 38647
Translator axioms: 0
Translator task size: 556651
Translator peak memory: 301428 KB
Writing output... [0.370s CPU, 0.370s wall-clock]
Done! [8.640s CPU, 8.645s wall-clock]
translate exit code: 0

INFO     Running search (release).
INFO     search stdin: output.sas
INFO     search time limit: 1791s
INFO     search memory limit: 2048 MB
INFO     search command line string: /home/henry/Documents/UFRGS/TCC/downward/experiments/lab/data/main/code-5bb2ccb6957559b6969ffd7e29254c73f84d5e49_e5e41175/builds/release/bin/downward --search 'eager_greedy([ff(transform=adapt_costs(cost_type=NORMAL))])' --internal-plan-file sas_plan < output.sas
[t=0s, 10544 KB] reading input...
[t=0.243821s, 30016 KB] done reading input!
[t=0.271803s, 51680 KB] Simplifying 214229 unary operators... done! [214229 unary operators]
[t=0.607443s, 72032 KB] time to simplify: 0.33564s
[t=0.619409s, 80892 KB] Initializing additive heuristic...
[t=0.619409s, 80892 KB] Initializing FF heuristic...
[t=0.619409s, 80892 KB] Building successor generator...done!
[t=0.635404s, 80892 KB] peak memory difference for successor generator creation: 0 KB
[t=0.635404s, 80892 KB] time for successor generation creation: 0.0159953s
[t=0.635404s, 80892 KB] Variables: 628
[t=0.635404s, 80892 KB] FactPairs: 1884
[t=0.635404s, 80892 KB] Bytes per state: 96
[t=0.635404s, 80892 KB] Conducting best first search without reopening closed nodes, (real) bound = 2147483647
[t=0.643394s, 80892 KB] New best heuristic value for ff(transform=adapt_costs(cost_type=normal)): 51
[t=0.643394s, 80892 KB] g=0, 1 evaluated, 0 expanded
[t=0.643394s, 80892 KB] Initial heuristic value for ff(transform=adapt_costs(cost_type=normal)): 51
[t=0.643394s, 80892 KB] pruning method: none
[t=0.731287s, 80892 KB] New best heuristic value for ff(transform=adapt_costs(cost_type=normal)): 49
[t=0.731287s, 80892 KB] g=2, 15 evaluated, 7 expanded
[t=0.839098s, 80892 KB] New best heuristic value for ff(transform=adapt_costs(cost_type=normal)): 48
[t=0.839098s, 80892 KB] g=3, 31 evaluated, 17 expanded
[t=0.855078s, 80892 KB] New best heuristic value for ff(transform=adapt_costs(cost_type=normal)): 47
[t=0.855078s, 80892 KB] g=3, 34 evaluated, 17 expanded
[t=8.22551s, 80892 KB] New best heuristic value for ff(transform=adapt_costs(cost_type=normal)): 46
[t=8.22551s, 80892 KB] g=15, 1136 evaluated, 958 expanded
[t=9.30417s, 80892 KB] New best heuristic value for ff(transform=adapt_costs(cost_type=normal)): 45
[t=9.30417s, 80892 KB] g=16, 1301 evaluated, 1105 expanded
[t=10.0511s, 80892 KB] New best heuristic value for ff(transform=adapt_costs(cost_type=normal)): 42
[t=10.0511s, 80892 KB] g=18, 1425 evaluated, 1183 expanded
[t=10.6024s, 80892 KB] New best heuristic value for ff(transform=adapt_costs(cost_type=normal)): 39
[t=10.6024s, 80892 KB] g=21, 1515 evaluated, 1235 expanded
[t=10.6663s, 80892 KB] New best heuristic value for ff(transform=adapt_costs(cost_type=normal)): 38
[t=10.6663s, 80892 KB] g=21, 1526 evaluated, 1238 expanded
[t=10.7102s, 80892 KB] New best heuristic value for ff(transform=adapt_costs(cost_type=normal)): 36
[t=10.7102s, 80892 KB] g=22, 1532 evaluated, 1239 expanded
[t=10.7821s, 80892 KB] New best heuristic value for ff(transform=adapt_costs(cost_type=normal)): 34
[t=10.7821s, 80892 KB] g=23, 1544 evaluated, 1243 expanded
[t=10.9059s, 80892 KB] New best heuristic value for ff(transform=adapt_costs(cost_type=normal)): 33
[t=10.9059s, 80892 KB] g=24, 1565 evaluated, 1246 expanded
[t=11.2496s, 80892 KB] New best heuristic value for ff(transform=adapt_costs(cost_type=normal)): 32
[t=11.2496s, 80892 KB] g=26, 1620 evaluated, 1275 expanded
[t=11.3294s, 80892 KB] New best heuristic value for ff(transform=adapt_costs(cost_type=normal)): 31
[t=11.3294s, 80892 KB] g=27, 1634 evaluated, 1281 expanded
[t=11.4972s, 80892 KB] New best heuristic value for ff(transform=adapt_costs(cost_type=normal)): 30
[t=11.4972s, 80892 KB] g=28, 1662 evaluated, 1292 expanded
[t=11.5531s, 80892 KB] New best heuristic value for ff(transform=adapt_costs(cost_type=normal)): 29
[t=11.5531s, 80892 KB] g=28, 1672 evaluated, 1293 expanded
[t=11.5571s, 80892 KB] New best heuristic value for ff(transform=adapt_costs(cost_type=normal)): 27
[t=11.5571s, 80892 KB] g=28, 1673 evaluated, 1294 expanded
[t=11.5811s, 80892 KB] New best heuristic value for ff(transform=adapt_costs(cost_type=normal)): 25
[t=11.5811s, 80892 KB] g=28, 1677 evaluated, 1298 expanded
[t=11.6131s, 80892 KB] New best heuristic value for ff(transform=adapt_costs(cost_type=normal)): 23
[t=11.6131s, 80892 KB] g=29, 1683 evaluated, 1302 expanded
[t=11.669s, 80892 KB] New best heuristic value for ff(transform=adapt_costs(cost_type=normal)): 21
[t=11.669s, 80892 KB] g=30, 1694 evaluated, 1305 expanded
[t=11.7449s, 80892 KB] New best heuristic value for ff(transform=adapt_costs(cost_type=normal)): 20
[t=11.7449s, 80892 KB] g=31, 1709 evaluated, 1308 expanded
[t=12.0646s, 80892 KB] New best heuristic value for ff(transform=adapt_costs(cost_type=normal)): 18
[t=12.0646s, 80892 KB] g=32, 1763 evaluated, 1335 expanded
[t=12.0766s, 80892 KB] New best heuristic value for ff(transform=adapt_costs(cost_type=normal)): 17
[t=12.0766s, 80892 KB] g=32, 1765 evaluated, 1335 expanded
[t=12.1485s, 80892 KB] New best heuristic value for ff(transform=adapt_costs(cost_type=normal)): 15
[t=12.1485s, 80892 KB] g=33, 1778 evaluated, 1339 expanded
[t=12.3482s, 80892 KB] New best heuristic value for ff(transform=adapt_costs(cost_type=normal)): 13
[t=12.3482s, 80892 KB] g=34, 1813 evaluated, 1342 expanded
[t=12.6318s, 80892 KB] New best heuristic value for ff(transform=adapt_costs(cost_type=normal)): 12
[t=12.6318s, 80892 KB] g=34, 1860 evaluated, 1346 expanded
[t=12.6478s, 80892 KB] New best heuristic value for ff(transform=adapt_costs(cost_type=normal)): 11
[t=12.6478s, 80892 KB] g=34, 1863 evaluated, 1349 expanded
[t=12.7556s, 80892 KB] New best heuristic value for ff(transform=adapt_costs(cost_type=normal)): 10
[t=12.7556s, 80892 KB] g=35, 1883 evaluated, 1352 expanded
[t=13.0234s, 80892 KB] New best heuristic value for ff(transform=adapt_costs(cost_type=normal)): 9
[t=13.0234s, 80892 KB] g=36, 1933 evaluated, 1377 expanded
[t=13.2391s, 80892 KB] New best heuristic value for ff(transform=adapt_costs(cost_type=normal)): 8
[t=13.2391s, 80892 KB] g=37, 1974 evaluated, 1385 expanded
[t=13.4029s, 80892 KB] New best heuristic value for ff(transform=adapt_costs(cost_type=normal)): 7
[t=13.4029s, 80892 KB] g=38, 2005 evaluated, 1393 expanded
[t=13.4228s, 80892 KB] New best heuristic value for ff(transform=adapt_costs(cost_type=normal)): 6
[t=13.4228s, 80892 KB] g=38, 2009 evaluated, 1393 expanded
[t=13.6026s, 80892 KB] New best heuristic value for ff(transform=adapt_costs(cost_type=normal)): 5
[t=13.6026s, 80892 KB] g=39, 2042 evaluated, 1406 expanded
[t=13.8902s, 80892 KB] New best heuristic value for ff(transform=adapt_costs(cost_type=normal)): 3
[t=13.8902s, 80892 KB] g=40, 2097 evaluated, 1413 expanded
[t=14.1858s, 80892 KB] New best heuristic value for ff(transform=adapt_costs(cost_type=normal)): 2
[t=14.1858s, 80892 KB] g=41, 2154 evaluated, 1424 expanded
[t=14.4576s, 80892 KB] New best heuristic value for ff(transform=adapt_costs(cost_type=normal)): 0
[t=14.4576s, 80892 KB] g=42, 2213 evaluated, 1433 expanded
[t=14.5695s, 80892 KB] Solution found!
[t=14.5695s, 80892 KB] Actual search time: 13.9261s
move-to-card card-d1-s0-v5 card-d0-s0-v1 card-d1-s0-v6 pile-5 (1)
change-tableau-and-stop card-d1-s0-v5 pile-3 pile-5 (0)
make-movable-and-stop card-d0-s0-v1 card-d0-s1-v2 (0)
move-to-card card-d0-s0-v0 card-d0-s1-v6 card-d0-s0-v1 pile-3 (1)
change-tableau-and-stop card-d0-s0-v0 pile-2 pile-3 (0)
make-movable-and-stop card-d0-s1-v6 card-d0-s0-v6 (0)
move-to-card card-d1-s1-v5 card-d1-s0-v7 card-d0-s1-v6 pile-2 (1)
change-tableau-and-stop card-d1-s1-v5 pile-1 pile-2 (0)
make-movable-and-stop card-d1-s0-v7 card-d0-s0-v2 (0)
start-dealing  (1)
deal-card card-d0-s0-v5 card-d0-s0-v4 deal-0 card-d1-s1-v6 pile-0 (0)
make-unmovable-and-stop-at-unmovable card-d1-s1-v6 card-d1-s0-v3 (0)
deal-card card-d0-s0-v4 card-d1-s1-v2 deal-0 card-d1-s0-v7 pile-1 (0)
make-unmovable-and-stop-at-unmovable card-d1-s0-v7 card-d0-s0-v2 (0)
deal-card card-d1-s1-v2 card-d0-s1-v1 deal-0 card-d1-s1-v5 pile-2 (0)
make-unmovable-and-continue card-d1-s1-v5 card-d0-s1-v6 (0)
make-unmovable-and-stop-at-unmovable card-d0-s1-v6 card-d0-s0-v6 (0)
deal-card card-d0-s1-v1 card-d0-s1-v4 deal-0 card-d0-s0-v0 pile-3 (0)
make-unmovable-and-continue card-d0-s0-v0 card-d0-s0-v1 (0)
make-unmovable-and-stop-at-unmovable card-d0-s0-v1 card-d0-s1-v2 (0)
deal-card card-d0-s1-v4 card-d0-s1-v5 deal-0 card-d1-s1-v3 pile-4 (0)
make-unmovable-and-stop-at-unmovable card-d1-s1-v3 card-d1-s0-v2 (0)
deal-card card-d0-s1-v5 deal-0 deal-0 card-d1-s0-v5 pile-5 (0)
make-unmovable-and-continue card-d1-s0-v5 card-d1-s0-v6 (0)
make-unmovable-and-stop-at-unmovable card-d1-s0-v6 card-d1-s0-v0 (0)
finish-dealing deal-0 deal-1 (0)
move-to-card card-d0-s0-v4 card-d1-s0-v7 card-d0-s0-v5 pile-0 (1)
change-tableau-and-stop card-d0-s0-v4 pile-1 pile-0 (0)
make-movable-and-stop card-d1-s0-v7 card-d0-s0-v2 (0)
move-to-card card-d0-s1-v1 card-d0-s0-v0 card-d1-s1-v2 pile-2 (1)
change-tableau-and-stop card-d0-s1-v1 pile-3 pile-2 (0)
make-movable-and-continue card-d0-s0-v0 card-d0-s0-v1 (0)
make-movable-and-stop card-d0-s0-v1 card-d0-s1-v2 (0)
move-to-card card-d0-s1-v4 card-d1-s1-v3 card-d0-s1-v5 pile-5 (1)
change-tableau-and-stop card-d0-s1-v4 pile-4 pile-5 (0)
make-movable-and-stop card-d1-s1-v3 card-d1-s0-v2 (0)
move-to-card card-d1-s1-v3 card-d1-s0-v2 card-d0-s1-v4 pile-5 (1)
change-tableau-and-stop card-d1-s1-v3 pile-4 pile-5 (0)
make-movable-and-stop card-d1-s0-v2 card-d0-s1-v0 (0)
move-to-card card-d0-s0-v1 card-d0-s1-v2 card-d1-s0-v2 pile-4 (1)
change-tableau-and-continue card-d0-s0-v1 pile-3 pile-4 card-d0-s0-v0 (0)
change-tableau-and-stop card-d0-s0-v0 pile-3 pile-4 (0)
make-movable-and-stop card-d0-s1-v2 pile-3 (0)
move-to-card card-d0-s1-v1 card-d1-s1-v2 card-d0-s1-v2 pile-3 (1)
change-tableau-and-stop card-d0-s1-v1 pile-2 pile-3 (0)
move-to-card card-d1-s1-v3 card-d0-s1-v4 card-d0-s0-v4 pile-0 (1)
change-tableau-and-stop card-d1-s1-v3 pile-5 pile-0 (0)
make-unmovable-and-continue card-d0-s0-v4 card-d0-s0-v5 (0)
make-unmovable-and-stop-at-unmovable card-d0-s0-v5 card-d1-s1-v6 (0)
start-dealing  (1)
deal-card card-d1-s1-v0 card-d1-s1-v4 deal-1 card-d1-s1-v3 pile-0 (0)
make-unmovable-and-stop-at-unmovable card-d1-s1-v3 card-d0-s0-v4 (0)
deal-card card-d1-s1-v4 card-d1-s1-v1 deal-1 card-d1-s0-v7 pile-1 (0)
make-unmovable-and-stop-at-unmovable card-d1-s0-v7 card-d0-s0-v2 (0)
deal-card card-d1-s1-v1 card-d0-s1-v7 deal-1 card-d1-s1-v2 pile-2 (0)
deal-card card-d0-s1-v7 card-d1-s0-v4 deal-1 card-d0-s1-v1 pile-3 (0)
make-unmovable-and-continue card-d0-s1-v1 card-d0-s1-v2 (0)
make-unmovable-and-stop-at-tableau card-d0-s1-v2 pile-3 (0)
deal-card card-d1-s0-v4 card-d0-s0-v3 deal-1 card-d0-s0-v0 pile-4 (0)
make-unmovable-and-continue card-d0-s0-v0 card-d0-s0-v1 (0)
make-unmovable-and-continue card-d0-s0-v1 card-d1-s0-v2 (0)
make-unmovable-and-stop-at-unmovable card-d1-s0-v2 card-d0-s1-v0 (0)
deal-card card-d0-s0-v3 deal-1 deal-1 card-d0-s1-v4 pile-5 (0)
make-unmovable-and-continue card-d0-s1-v4 card-d0-s1-v5 (0)
make-unmovable-and-stop-at-unmovable card-d0-s1-v5 card-d1-s0-v5 (0)
finish-dealing deal-1 deal-2 (0)
move-to-card card-d0-s0-v3 card-d0-s1-v4 card-d1-s0-v4 pile-4 (1)
change-tableau-and-stop card-d0-s0-v3 pile-5 pile-4 (0)
make-movable-and-continue card-d0-s1-v4 card-d0-s1-v5 (0)
make-movable-and-stop card-d0-s1-v5 card-d1-s0-v5 (0)
move-to-card card-d1-s1-v0 card-d1-s1-v3 card-d1-s1-v1 pile-2 (1)
change-tableau-and-stop card-d1-s1-v0 pile-0 pile-2 (0)
make-movable-and-stop card-d1-s1-v3 card-d0-s0-v4 (0)
move-to-card card-d1-s1-v3 card-d0-s0-v4 card-d1-s1-v4 pile-1 (1)
change-tableau-and-stop card-d1-s1-v3 pile-0 pile-1 (0)
make-movable-and-continue card-d0-s0-v4 card-d0-s0-v5 (0)
make-movable-and-stop card-d0-s0-v5 card-d1-s1-v6 (0)
move-to-card card-d1-s1-v2 card-d1-s1-v5 card-d1-s1-v3 pile-1 (1)
change-tableau-and-continue card-d1-s1-v2 pile-2 pile-1 card-d1-s1-v1 (0)
change-tableau-and-continue card-d1-s1-v1 pile-2 pile-1 card-d1-s1-v0 (0)
change-tableau-and-stop card-d1-s1-v0 pile-2 pile-1 (0)
make-movable-and-continue card-d1-s1-v5 card-d0-s1-v6 (0)
make-movable-and-stop card-d0-s1-v6 card-d0-s0-v6 (0)
move-to-card card-d1-s1-v4 card-d1-s0-v7 card-d1-s1-v5 pile-2 (1)
change-tableau-and-continue card-d1-s1-v4 pile-1 pile-2 card-d1-s1-v3 (0)
change-tableau-and-continue card-d1-s1-v3 pile-1 pile-2 card-d1-s1-v2 (0)
change-tableau-and-continue card-d1-s1-v2 pile-1 pile-2 card-d1-s1-v1 (0)
change-tableau-and-continue card-d1-s1-v1 pile-1 pile-2 card-d1-s1-v0 (0)
change-tableau-and-stop card-d1-s1-v0 pile-1 pile-2 (0)
make-movable-and-stop card-d1-s0-v7 card-d0-s0-v2 (0)
move-to-card card-d1-s1-v3 card-d1-s1-v4 card-d0-s1-v4 pile-5 (1)
change-tableau-and-continue card-d1-s1-v3 pile-2 pile-5 card-d1-s1-v2 (0)
change-tableau-and-continue card-d1-s1-v2 pile-2 pile-5 card-d1-s1-v1 (0)
change-tableau-and-continue card-d1-s1-v1 pile-2 pile-5 card-d1-s1-v0 (0)
change-tableau-and-stop card-d1-s1-v0 pile-2 pile-5 (0)
move-to-card card-d0-s1-v6 card-d0-s0-v6 card-d0-s1-v7 pile-3 (1)
change-tableau-and-continue card-d0-s1-v6 pile-2 pile-3 card-d1-s1-v5 (0)
change-tableau-and-continue card-d1-s1-v5 pile-2 pile-3 card-d1-s1-v4 (0)
change-tableau-and-stop card-d1-s1-v4 pile-2 pile-3 (0)
make-movable-and-stop card-d0-s0-v6 pile-2 (0)
move-to-card card-d0-s0-v5 card-d1-s1-v6 card-d0-s0-v6 pile-2 (1)
change-tableau-and-continue card-d0-s0-v5 pile-0 pile-2 card-d0-s0-v4 (0)
change-tableau-and-stop card-d0-s0-v4 pile-0 pile-2 (0)
make-movable-and-stop card-d1-s1-v6 card-d1-s0-v3 (0)
move-to-card card-d1-s1-v6 card-d1-s0-v3 card-d1-s0-v7 pile-1 (1)
change-tableau-and-stop card-d1-s1-v6 pile-0 pile-1 (0)
make-unmovable-and-stop-at-unmovable card-d1-s0-v7 card-d0-s0-v2 (0)
make-movable-and-stop card-d1-s0-v3 card-d0-s0-v7 (0)
move-to-card card-d1-s0-v3 card-d0-s0-v7 card-d0-s0-v4 pile-2 (1)
change-tableau-and-stop card-d1-s0-v3 pile-0 pile-2 (0)
make-movable-and-stop card-d0-s0-v7 card-d1-s0-v1 (0)
move-to-card card-d0-s1-v5 card-d1-s0-v5 card-d1-s1-v6 pile-1 (1)
change-tableau-and-continue card-d0-s1-v5 pile-5 pile-1 card-d0-s1-v4 (0)
change-tableau-and-continue card-d0-s1-v4 pile-5 pile-1 card-d1-s1-v3 (0)
change-tableau-and-continue card-d1-s1-v3 pile-5 pile-1 card-d1-s1-v2 (0)
change-tableau-and-continue card-d1-s1-v2 pile-5 pile-1 card-d1-s1-v1 (0)
change-tableau-and-continue card-d1-s1-v1 pile-5 pile-1 card-d1-s1-v0 (0)
change-tableau-and-stop card-d1-s1-v0 pile-5 pile-1 (0)
make-movable-and-continue card-d1-s0-v5 card-d1-s0-v6 (0)
make-movable-and-stop card-d1-s0-v6 card-d1-s0-v0 (0)
move-to-card card-d1-s0-v4 card-d0-s0-v0 card-d1-s0-v5 pile-5 (1)
change-tableau-and-continue card-d1-s0-v4 pile-4 pile-5 card-d0-s0-v3 (0)
change-tableau-and-stop card-d0-s0-v3 pile-4 pile-5 (0)
make-movable-and-continue card-d0-s0-v0 card-d0-s0-v1 (0)
make-movable-and-continue card-d0-s0-v1 card-d1-s0-v2 (0)
make-movable-and-stop card-d1-s0-v2 card-d0-s1-v0 (0)
move-to-card card-d1-s0-v6 card-d1-s0-v0 card-d0-s0-v7 pile-0 (1)
change-tableau-and-continue card-d1-s0-v6 pile-5 pile-0 card-d1-s0-v5 (0)
change-tableau-and-continue card-d1-s0-v5 pile-5 pile-0 card-d1-s0-v4 (0)
change-tableau-and-continue card-d1-s0-v4 pile-5 pile-0 card-d0-s0-v3 (0)
change-tableau-and-stop card-d0-s0-v3 pile-5 pile-0 (0)
make-movable-and-stop card-d1-s0-v0 card-d0-s1-v3 (0)
move-to-card card-d1-s0-v2 card-d0-s1-v0 card-d0-s0-v3 pile-0 (1)
change-tableau-and-continue card-d1-s0-v2 pile-4 pile-0 card-d0-s0-v1 (0)
change-tableau-and-continue card-d0-s0-v1 pile-4 pile-0 card-d0-s0-v0 (0)
change-tableau-and-stop card-d0-s0-v0 pile-4 pile-0 (0)
make-movable-and-stop card-d0-s1-v0 pile-4 (0)
start-collecting-deck card-d0-s0-v0 (1)
collect-card card-d0-s0-v0 card-d0-s0-v1 pile-0 (0)
collect-card card-d0-s0-v1 card-d1-s0-v2 pile-0 (0)
collect-card card-d1-s0-v2 card-d0-s0-v3 pile-0 (0)
collect-card card-d0-s0-v3 card-d1-s0-v4 pile-0 (0)
collect-card card-d1-s0-v4 card-d1-s0-v5 pile-0 (0)
collect-card card-d1-s0-v5 card-d1-s0-v6 pile-0 (0)
collect-card card-d1-s0-v6 card-d0-s0-v7 pile-0 (0)
finish-collecting-deck card-d0-s0-v7 card-d1-s0-v1 pile-0 (0)
make-movable-and-stop card-d1-s0-v1 pile-0 (0)
move-to-card card-d1-s0-v0 card-d0-s1-v3 card-d1-s0-v1 pile-0 (1)
change-tableau-and-stop card-d1-s0-v0 pile-5 pile-0 (0)
make-movable-and-stop card-d0-s1-v3 pile-5 (0)
move-to-card card-d0-s1-v3 pile-5 card-d1-s1-v4 pile-3 (1)
change-tableau-and-stop card-d0-s1-v3 pile-5 pile-3 (0)
make-movable-ignore-pile pile-5 (0)
move-to-tableau card-d0-s1-v7 card-d0-s1-v1 pile-5 (1)
change-tableau-and-continue card-d0-s1-v7 pile-3 pile-5 card-d0-s1-v6 (0)
change-tableau-and-continue card-d0-s1-v6 pile-3 pile-5 card-d1-s1-v5 (0)
change-tableau-and-continue card-d1-s1-v5 pile-3 pile-5 card-d1-s1-v4 (0)
change-tableau-and-continue card-d1-s1-v4 pile-3 pile-5 card-d0-s1-v3 (0)
change-tableau-and-stop card-d0-s1-v3 pile-3 pile-5 (0)
make-movable-and-continue card-d0-s1-v1 card-d0-s1-v2 (0)
make-movable-and-stop card-d0-s1-v2 pile-3 (0)
move-to-card card-d0-s1-v2 pile-3 card-d0-s1-v3 pile-5 (1)
change-tableau-and-continue card-d0-s1-v2 pile-3 pile-5 card-d0-s1-v1 (0)
change-tableau-and-stop card-d0-s1-v1 pile-3 pile-5 (0)
make-movable-ignore-pile pile-3 (0)
move-to-card card-d0-s1-v0 pile-4 card-d0-s1-v1 pile-5 (1)
change-tableau-and-stop card-d0-s1-v0 pile-4 pile-5 (0)
make-movable-ignore-pile pile-4 (0)
start-collecting-deck card-d0-s1-v0 (1)
collect-card card-d0-s1-v0 card-d0-s1-v1 pile-5 (0)
collect-card card-d0-s1-v1 card-d0-s1-v2 pile-5 (0)
collect-card card-d0-s1-v2 card-d0-s1-v3 pile-5 (0)
collect-card card-d0-s1-v3 card-d1-s1-v4 pile-5 (0)
collect-card card-d1-s1-v4 card-d1-s1-v5 pile-5 (0)
collect-card card-d1-s1-v5 card-d0-s1-v6 pile-5 (0)
collect-card card-d0-s1-v6 card-d0-s1-v7 pile-5 (0)
finish-collecting-deck card-d0-s1-v7 pile-5 pile-5 (0)
make-movable-ignore-pile pile-5 (0)
move-to-tableau card-d1-s1-v6 card-d1-s0-v7 pile-3 (1)
change-tableau-and-continue card-d1-s1-v6 pile-1 pile-3 card-d0-s1-v5 (0)
change-tableau-and-continue card-d0-s1-v5 pile-1 pile-3 card-d0-s1-v4 (0)
change-tableau-and-continue card-d0-s1-v4 pile-1 pile-3 card-d1-s1-v3 (0)
change-tableau-and-continue card-d1-s1-v3 pile-1 pile-3 card-d1-s1-v2 (0)
change-tableau-and-continue card-d1-s1-v2 pile-1 pile-3 card-d1-s1-v1 (0)
change-tableau-and-continue card-d1-s1-v1 pile-1 pile-3 card-d1-s1-v0 (0)
change-tableau-and-stop card-d1-s1-v0 pile-1 pile-3 (0)
make-movable-and-stop card-d1-s0-v7 card-d0-s0-v2 (0)
move-to-tableau card-d1-s0-v7 card-d0-s0-v2 pile-4 (1)
change-tableau-and-stop card-d1-s0-v7 pile-1 pile-4 (0)
make-movable-and-stop card-d0-s0-v2 card-d1-s1-v7 (0)
move-to-card card-d0-s0-v2 card-d1-s1-v7 card-d1-s0-v3 pile-2 (1)
change-tableau-and-stop card-d0-s0-v2 pile-1 pile-2 (0)
make-movable-and-stop card-d1-s1-v7 pile-1 (0)
move-to-card card-d0-s0-v6 pile-2 card-d1-s0-v7 pile-4 (1)
change-tableau-and-continue card-d0-s0-v6 pile-2 pile-4 card-d0-s0-v5 (0)
change-tableau-and-continue card-d0-s0-v5 pile-2 pile-4 card-d0-s0-v4 (0)
change-tableau-and-continue card-d0-s0-v4 pile-2 pile-4 card-d1-s0-v3 (0)
change-tableau-and-continue card-d1-s0-v3 pile-2 pile-4 card-d0-s0-v2 (0)
change-tableau-and-stop card-d0-s0-v2 pile-2 pile-4 (0)
make-movable-ignore-pile pile-2 (0)
move-to-card card-d1-s0-v1 pile-0 card-d0-s0-v2 pile-4 (1)
change-tableau-and-continue card-d1-s0-v1 pile-0 pile-4 card-d1-s0-v0 (0)
change-tableau-and-stop card-d1-s0-v0 pile-0 pile-4 (0)
make-movable-ignore-pile pile-0 (0)
start-collecting-deck card-d1-s0-v0 (1)
collect-card card-d1-s0-v0 card-d1-s0-v1 pile-4 (0)
collect-card card-d1-s0-v1 card-d0-s0-v2 pile-4 (0)
collect-card card-d0-s0-v2 card-d1-s0-v3 pile-4 (0)
collect-card card-d1-s0-v3 card-d0-s0-v4 pile-4 (0)
collect-card card-d0-s0-v4 card-d0-s0-v5 pile-4 (0)
collect-card card-d0-s0-v5 card-d0-s0-v6 pile-4 (0)
collect-card card-d0-s0-v6 card-d1-s0-v7 pile-4 (0)
finish-collecting-deck card-d1-s0-v7 pile-4 pile-4 (0)
make-movable-ignore-pile pile-4 (0)
move-to-card card-d1-s1-v6 pile-3 card-d1-s1-v7 pile-1 (1)
change-tableau-and-continue card-d1-s1-v6 pile-3 pile-1 card-d0-s1-v5 (0)
change-tableau-and-continue card-d0-s1-v5 pile-3 pile-1 card-d0-s1-v4 (0)
change-tableau-and-continue card-d0-s1-v4 pile-3 pile-1 card-d1-s1-v3 (0)
change-tableau-and-continue card-d1-s1-v3 pile-3 pile-1 card-d1-s1-v2 (0)
change-tableau-and-continue card-d1-s1-v2 pile-3 pile-1 card-d1-s1-v1 (0)
change-tableau-and-continue card-d1-s1-v1 pile-3 pile-1 card-d1-s1-v0 (0)
change-tableau-and-stop card-d1-s1-v0 pile-3 pile-1 (0)
make-movable-ignore-pile pile-3 (0)
start-collecting-deck card-d1-s1-v0 (1)
collect-card card-d1-s1-v0 card-d1-s1-v1 pile-1 (0)
collect-card card-d1-s1-v1 card-d1-s1-v2 pile-1 (0)
collect-card card-d1-s1-v2 card-d1-s1-v3 pile-1 (0)
collect-card card-d1-s1-v3 card-d0-s1-v4 pile-1 (0)
collect-card card-d0-s1-v4 card-d0-s1-v5 pile-1 (0)
collect-card card-d0-s1-v5 card-d1-s1-v6 pile-1 (0)
collect-card card-d1-s1-v6 card-d1-s1-v7 pile-1 (0)
finish-collecting-deck card-d1-s1-v7 pile-1 pile-1 (0)
[t=14.5695s, 80892 KB] Plan length: 232 step(s).
[t=14.5695s, 80892 KB] Plan cost: 41
[t=14.5695s, 80892 KB] Expanded 1442 state(s).
[t=14.5695s, 80892 KB] Reopened 0 state(s).
[t=14.5695s, 80892 KB] Evaluated 2242 state(s).
[t=14.5695s, 80892 KB] Evaluations: 2242
[t=14.5695s, 80892 KB] Generated 2379 state(s).
[t=14.5695s, 80892 KB] Dead ends: 181 state(s).
[t=14.5695s, 80892 KB] Number of registered states: 2242
[t=14.5695s, 80892 KB] Int hash set load factor: 2242/4096 = 0.547363
[t=14.5695s, 80892 KB] Int hash set resizes: 12
[t=14.5695s, 80892 KB] Search time: 13.9341s
[t=14.5695s, 80892 KB] Total time: 14.5695s
Solution found.
Peak memory: 80892 KB
Remove intermediate file output.sas
search exit code: 0

INFO     Running validate.
INFO     validate stdin: None
INFO     validate time limit: None
INFO     validate memory limit: None
INFO     validate command line string: /home/henry/bin/validate domain.pddl problem.pddl sas_plan
Checking plan: sas_plan
Plan executed successfully - checking goal
Plan valid
Final value: 41 

Successful plans:
Value: 41
 sas_plan 41 

validate exit code: 0

INFO     Planner time: 23.34s
