INFO     planner time limit: 1800s
INFO     planner memory limit: 2048 MB

INFO     Running translator.
INFO     translator stdin: None
INFO     translator time limit: 1799s
INFO     translator memory limit: 2048 MB
INFO     translator command line string: /home/henry/Documents/UFRGS/TCC/downward/.venv/bin/python /home/henry/Documents/UFRGS/TCC/downward/experiments/lab/data/main/code-fa850d1cb8d716322f299a4f9b64478019793ada_e5e41175/builds/release/bin/translate/translate.py domain.pddl problem.pddl --sas-file output.sas
Parsing...
Parsing: [0.000s CPU, 0.002s wall-clock]
Normalizing task... [0.000s CPU, 0.000s wall-clock]
Instantiating...
Generating Datalog program... [0.000s CPU, 0.000s wall-clock]
Normalizing Datalog program...
Normalizing Datalog program: [0.000s CPU, 0.003s wall-clock]
Preparing model... [0.000s CPU, 0.001s wall-clock]
Generated 74 rules.
Computing model... [0.050s CPU, 0.052s wall-clock]
4022 relevant atoms
1615 auxiliary atoms
5637 final queue length
19011 total queue pushes
Completing instantiation... [0.170s CPU, 0.166s wall-clock]
Instantiating: [0.220s CPU, 0.225s wall-clock]
Computing fact groups...
Finding invariants...
16 initial candidates
Finding invariants: [0.010s CPU, 0.007s wall-clock]
Checking invariant weight... [0.000s CPU, 0.000s wall-clock]
Instantiating groups... [0.000s CPU, 0.000s wall-clock]
Collecting mutex groups... [0.000s CPU, 0.000s wall-clock]
Choosing groups...
0 uncovered facts
Choosing groups: [0.000s CPU, 0.000s wall-clock]
Building translation key... [0.000s CPU, 0.000s wall-clock]
Computing fact groups: [0.010s CPU, 0.008s wall-clock]
Building STRIPS to SAS dictionary... [0.000s CPU, 0.000s wall-clock]
Building dictionary for full mutex groups... [0.000s CPU, 0.000s wall-clock]
Building mutex information...
Building mutex information: [0.000s CPU, 0.000s wall-clock]
Translating task...
Processing axioms...
Simplifying axioms... [0.000s CPU, 0.000s wall-clock]
Translator axioms removed by simplifying: 0
Computing negative axioms... [0.000s CPU, 0.000s wall-clock]
Processing axioms: [0.010s CPU, 0.009s wall-clock]
Translating task: [0.110s CPU, 0.112s wall-clock]
0 effect conditions simplified
0 implied preconditions added
Detecting unreachable propositions...
0 operators removed
0 axioms removed
14 propositions removed
Detecting unreachable propositions: [0.060s CPU, 0.057s wall-clock]
Reordering and filtering variables...
14 of 14 variables necessary.
0 of 14 mutex groups necessary.
2380 of 2380 operators necessary.
0 of 0 axiom rules necessary.
Reordering and filtering variables: [0.010s CPU, 0.012s wall-clock]
Translator variables: 14
Translator derived variables: 0
Translator facts: 52
Translator goal facts: 2
Translator mutex groups: 0
Translator total mutex groups size: 0
Translator operators: 2380
Translator axioms: 0
Translator task size: 20080
Translator peak memory: 47052 KB
Writing output... [0.010s CPU, 0.013s wall-clock]
Done! [0.430s CPU, 0.437s wall-clock]
translate exit code: 0

INFO     Running search (release).
INFO     search stdin: output.sas
INFO     search time limit: 1799s
INFO     search memory limit: 2048 MB
INFO     search command line string: /home/henry/Documents/UFRGS/TCC/downward/experiments/lab/data/main/code-fa850d1cb8d716322f299a4f9b64478019793ada_e5e41175/builds/release/bin/downward --search 'eager_greedy([ilsh(patterns=systematic(2), transform=adapt_costs(cost_type=NORMAL))])' --internal-plan-file sas_plan < output.sas
[t=0s, 45596 KB] reading input...
[t=0.00798561s, 46348 KB] done reading input!
[t=0.0119872s, 46744 KB] Generating patterns using: systematic pattern collection generator
[t=0.0119872s, 46744 KB] building causal graph...done! [t=0s]
[t=0.0119872s, 46744 KB] Found 14 SGA patterns.
[t=0.0119872s, 46744 KB] Found 14 interesting patterns.
[t=0.0119872s, 46744 KB] systematic pattern collection generator number of patterns: 14
[t=0.0119872s, 46744 KB] systematic pattern collection generator total PDB size: 168
[t=0.0119872s, 46744 KB] systematic pattern collection generator computation time: 0s
[t=0.0119872s, 46744 KB] Computing PDBs for pattern collection...
[t=0.015998s, 46744 KB] Done computing PDBs for pattern collection: 0.00401085s
[t=0.015998s, 47068 KB] Tie breaking: 2
[t=0.015998s, 47068 KB] Building successor generator...done!
[t=0.0199781s, 47212 KB] peak memory difference for successor generator creation: 144 KB
[t=0.0199781s, 47212 KB] time for successor generation creation: 0.00398004s
[t=0.0199781s, 47212 KB] Variables: 14
[t=0.0199781s, 47212 KB] FactPairs: 52
[t=0.0199781s, 47212 KB] Bytes per state: 4
[t=0.0199781s, 47212 KB] Conducting best first search without reopening closed nodes, (real) bound = 2147483647
[t=0.0199781s, 47212 KB] New best heuristic value for ilsh(patterns=systematic(2),transform=adapt_costs(cost_type=normal)): 6
[t=0.0199781s, 47212 KB] g=0, 1 evaluated, 0 expanded
[t=0.0199781s, 47212 KB] Initial heuristic value for ilsh(patterns=systematic(2),transform=adapt_costs(cost_type=normal)): 6
[t=0.0199781s, 47212 KB] pruning method: none
[t=2.54071s, 48672 KB] New best heuristic value for ilsh(patterns=systematic(2),transform=adapt_costs(cost_type=normal)): 5
[t=2.54071s, 48672 KB] g=4, 29579 evaluated, 978 expanded
[t=2.54071s, 48672 KB] New best heuristic value for ilsh(patterns=systematic(2),transform=adapt_costs(cost_type=normal)): 4
[t=2.54071s, 48672 KB] g=5, 29606 evaluated, 979 expanded
[t=3.47547s, 48680 KB] New best heuristic value for ilsh(patterns=systematic(2),transform=adapt_costs(cost_type=normal)): 3
[t=3.47547s, 48680 KB] g=11, 40417 evaluated, 2711 expanded
[t=3.47547s, 48680 KB] New best heuristic value for ilsh(patterns=systematic(2),transform=adapt_costs(cost_type=normal)): 2
[t=3.47547s, 48680 KB] g=12, 40434 evaluated, 2712 expanded
[t=3.83903s, 48816 KB] New best heuristic value for ilsh(patterns=systematic(2),transform=adapt_costs(cost_type=normal)): 1
[t=3.83903s, 48816 KB] g=18, 45308 evaluated, 3365 expanded
[t=3.83903s, 48816 KB] New best heuristic value for ilsh(patterns=systematic(2),transform=adapt_costs(cost_type=normal)): 0
[t=3.83903s, 48816 KB] g=19, 45324 evaluated, 3366 expanded
[t=3.83903s, 48816 KB] Solution found!
[t=3.83903s, 48816 KB] Actual search time: 3.81905s
drive_tent girl0 place0 place1 car0 tent0 (1)
put_up girl0 place1 tent0 (1)
walk_together tent0 place1 guy1 place0 girl1 couple1 (1)
drive_passenger girl0 place1 place0 car0 girl1 (1)
walk_together tent0 place1 guy0 place0 girl0 couple0 (1)
drive girl1 place0 place1 car0 (1)
put_down girl0 place1 tent0 (1)
drive_tent girl0 place1 place2 car0 tent0 (1)
put_up girl0 place2 tent0 (1)
walk_together tent0 place2 guy1 place1 girl1 couple1 (1)
drive_passenger girl0 place2 place1 car0 girl1 (1)
walk_together tent0 place2 guy0 place1 girl0 couple0 (1)
drive girl1 place1 place2 car0 (1)
put_down girl0 place2 tent0 (1)
drive_tent girl0 place2 place3 car0 tent0 (1)
put_up girl0 place3 tent0 (1)
walk_together tent0 place3 guy1 place2 girl1 couple1 (1)
drive girl0 place3 place2 car0 (1)
walk_together tent0 place3 guy0 place2 girl0 couple0 (1)
[t=3.83903s, 48816 KB] Plan length: 19 step(s).
[t=3.83903s, 48816 KB] Plan cost: 19
[t=3.83903s, 48816 KB] Expanded 3367 state(s).
[t=3.83903s, 48816 KB] Reopened 0 state(s).
[t=3.83903s, 48816 KB] Evaluated 45331 state(s).
[t=3.83903s, 48816 KB] Evaluations: 45331
[t=3.83903s, 48816 KB] Generated 168470 state(s).
[t=3.83903s, 48816 KB] Dead ends: 0 state(s).
[t=3.83903s, 48816 KB] Number of registered states: 45331
[t=3.83903s, 48816 KB] Int hash set load factor: 45331/65536 = 0.691696
[t=3.83903s, 48816 KB] Int hash set resizes: 16
[t=3.83903s, 48816 KB] Search time: 3.81905s
[t=3.83903s, 48816 KB] Total time: 3.83903s
Solution found.
Peak memory: 48816 KB
Remove intermediate file output.sas
search exit code: 0

INFO     Running validate.
INFO     validate stdin: None
INFO     validate time limit: None
INFO     validate memory limit: None
INFO     validate command line string: /home/henry/bin/validate domain.pddl problem.pddl sas_plan
Checking plan: sas_plan
Plan executed successfully - checking goal
Plan valid
Final value: 19 

Successful plans:
Value: 19
 sas_plan 19 

validate exit code: 0

INFO     Planner time: 4.35s
