INFO     planner time limit: 1800s
INFO     planner memory limit: 2048 MB

INFO     Running translator.
INFO     translator stdin: None
INFO     translator time limit: 1799s
INFO     translator memory limit: 2048 MB
INFO     translator command line string: /home/henry/Documents/UFRGS/TCC/downward/.venv/bin/python /home/henry/Documents/UFRGS/TCC/downward/experiments/lab/data/main/code-5bb2ccb6957559b6969ffd7e29254c73f84d5e49_e5e41175/builds/release/bin/translate/translate.py domain.pddl problem.pddl --sas-file output.sas
Parsing...
Parsing: [0.010s CPU, 0.005s wall-clock]
Normalizing task... [0.000s CPU, 0.000s wall-clock]
Instantiating...
Generating Datalog program... [0.000s CPU, 0.001s wall-clock]
Normalizing Datalog program...
Normalizing Datalog program: [0.010s CPU, 0.005s wall-clock]
Preparing model... [0.000s CPU, 0.003s wall-clock]
Generated 198 rules.
Computing model... [0.170s CPU, 0.169s wall-clock]
11033 relevant atoms
15657 auxiliary atoms
26690 final queue length
66411 total queue pushes
Completing instantiation... [0.420s CPU, 0.419s wall-clock]
Instantiating: [0.600s CPU, 0.603s wall-clock]
Computing fact groups...
Finding invariants...
24 initial candidates
Finding invariants: [0.020s CPU, 0.013s wall-clock]
Checking invariant weight... [0.000s CPU, 0.001s wall-clock]
Instantiating groups... [0.010s CPU, 0.009s wall-clock]
Collecting mutex groups... [0.000s CPU, 0.000s wall-clock]
Choosing groups...
393 uncovered facts
Choosing groups: [0.000s CPU, 0.001s wall-clock]
Building translation key... [0.000s CPU, 0.001s wall-clock]
Computing fact groups: [0.030s CPU, 0.028s wall-clock]
Building STRIPS to SAS dictionary... [0.000s CPU, 0.000s wall-clock]
Building dictionary for full mutex groups... [0.000s CPU, 0.000s wall-clock]
Building mutex information...
Building mutex information: [0.000s CPU, 0.000s wall-clock]
Translating task...
Processing axioms...
Simplifying axioms... [0.000s CPU, 0.000s wall-clock]
Translator axioms removed by simplifying: 0
Computing negative axioms... [0.000s CPU, 0.000s wall-clock]
Processing axioms: [0.020s CPU, 0.016s wall-clock]
Translating task: [0.390s CPU, 0.390s wall-clock]
4865 effect conditions simplified
0 implied preconditions added
Detecting unreachable propositions...
0 operators removed
0 axioms removed
120 propositions removed
Detecting unreachable propositions: [0.260s CPU, 0.259s wall-clock]
Reordering and filtering variables...
437 of 448 variables necessary.
98 of 136 mutex groups necessary.
9723 of 9723 operators necessary.
0 of 0 axiom rules necessary.
Reordering and filtering variables: [0.080s CPU, 0.084s wall-clock]
Translator variables: 437
Translator derived variables: 0
Translator facts: 1211
Translator goal facts: 110
Translator mutex groups: 98
Translator total mutex groups size: 341
Translator operators: 9723
Translator axioms: 0
Translator task size: 85050
Translator peak memory: 88924 KB
Writing output... [0.070s CPU, 0.069s wall-clock]
Done! [1.460s CPU, 1.459s wall-clock]
translate exit code: 0

INFO     Running search (release).
INFO     search stdin: output.sas
INFO     search time limit: 1798s
INFO     search memory limit: 2048 MB
INFO     search command line string: /home/henry/Documents/UFRGS/TCC/downward/experiments/lab/data/main/code-5bb2ccb6957559b6969ffd7e29254c73f84d5e49_e5e41175/builds/release/bin/downward --search 'eager_greedy([lsh(patterns=systematic(2), transform=adapt_costs(cost_type=ONE))])' --internal-plan-file sas_plan < output.sas
[t=0s, 10544 KB] reading input...
[t=0.0423864s, 14360 KB] done reading input!
[t=0.0463705s, 14624 KB] Generating patterns using: systematic pattern collection generator
[t=0.0463705s, 14624 KB] building causal graph...done! [t=0.0159946s]
[t=0.0663571s, 19252 KB] Found 6534 SGA patterns.
[t=0.126331s, 19252 KB] Found 6534 interesting patterns.
[t=0.126331s, 19252 KB] systematic pattern collection generator number of patterns: 6534
[t=0.126331s, 19252 KB] systematic pattern collection generator total PDB size: 60340
[t=0.126331s, 19252 KB] systematic pattern collection generator computation time: 0.0799609s
[t=0.126331s, 19252 KB] Computing PDBs for pattern collection...
[t=9.30201s, 19252 KB] Done computing PDBs for pattern collection: 9.17968s
[t=10.8933s, 36200 KB] Building successor generator...done!
[t=10.8973s, 36768 KB] peak memory difference for successor generator creation: 568 KB
[t=10.8973s, 36768 KB] time for successor generation creation: 0.00399627s
[t=10.8973s, 36768 KB] Variables: 437
[t=10.8973s, 36768 KB] FactPairs: 1211
[t=10.8973s, 36768 KB] Bytes per state: 76
[t=10.8973s, 36768 KB] Conducting best first search without reopening closed nodes, (real) bound = 2147483647
[t=10.8973s, 36768 KB] New best heuristic value for lsh(patterns=systematic(2),transform=adapt_costs(cost_type=one)): 76
[t=10.8973s, 36768 KB] g=0, 1 evaluated, 0 expanded
[t=10.8973s, 36768 KB] Initial heuristic value for lsh(patterns=systematic(2),transform=adapt_costs(cost_type=one)): 76
[t=10.8973s, 36768 KB] pruning method: none
[t=10.8973s, 36768 KB] New best heuristic value for lsh(patterns=systematic(2),transform=adapt_costs(cost_type=one)): 75
[t=10.8973s, 36768 KB] g=20, 3 evaluated, 1 expanded
[t=10.9093s, 36768 KB] New best heuristic value for lsh(patterns=systematic(2),transform=adapt_costs(cost_type=one)): 74
[t=10.9093s, 36768 KB] g=30, 341 evaluated, 2 expanded
[t=10.9253s, 36768 KB] New best heuristic value for lsh(patterns=systematic(2),transform=adapt_costs(cost_type=one)): 73
[t=10.9253s, 36768 KB] g=45, 690 evaluated, 3 expanded
[t=10.9373s, 36768 KB] New best heuristic value for lsh(patterns=systematic(2),transform=adapt_costs(cost_type=one)): 72
[t=10.9373s, 36768 KB] g=55, 1040 evaluated, 4 expanded
[t=10.9493s, 36768 KB] New best heuristic value for lsh(patterns=systematic(2),transform=adapt_costs(cost_type=one)): 71
[t=10.9493s, 36768 KB] g=100, 1377 evaluated, 5 expanded
[t=10.9653s, 36768 KB] New best heuristic value for lsh(patterns=systematic(2),transform=adapt_costs(cost_type=one)): 70
[t=10.9653s, 36768 KB] g=120, 1723 evaluated, 6 expanded
[t=10.9773s, 36768 KB] New best heuristic value for lsh(patterns=systematic(2),transform=adapt_costs(cost_type=one)): 69
[t=10.9773s, 36768 KB] g=135, 2064 evaluated, 7 expanded
[t=10.9892s, 36768 KB] New best heuristic value for lsh(patterns=systematic(2),transform=adapt_costs(cost_type=one)): 68
[t=10.9892s, 36768 KB] g=145, 2406 evaluated, 8 expanded
[t=11.0052s, 36864 KB] New best heuristic value for lsh(patterns=systematic(2),transform=adapt_costs(cost_type=one)): 67
[t=11.0052s, 36864 KB] g=170, 2759 evaluated, 9 expanded
[t=11.0172s, 36864 KB] New best heuristic value for lsh(patterns=systematic(2),transform=adapt_costs(cost_type=one)): 66
[t=11.0172s, 36864 KB] g=200, 3097 evaluated, 10 expanded
[t=11.0332s, 36864 KB] New best heuristic value for lsh(patterns=systematic(2),transform=adapt_costs(cost_type=one)): 65
[t=11.0332s, 36864 KB] g=230, 3528 evaluated, 11 expanded
[t=11.0492s, 37048 KB] New best heuristic value for lsh(patterns=systematic(2),transform=adapt_costs(cost_type=one)): 64
[t=11.0492s, 37048 KB] g=260, 3904 evaluated, 12 expanded
[t=11.0652s, 37048 KB] New best heuristic value for lsh(patterns=systematic(2),transform=adapt_costs(cost_type=one)): 63
[t=11.0652s, 37048 KB] g=290, 4308 evaluated, 13 expanded
[t=11.0812s, 37048 KB] New best heuristic value for lsh(patterns=systematic(2),transform=adapt_costs(cost_type=one)): 62
[t=11.0812s, 37048 KB] g=320, 4713 evaluated, 14 expanded
[t=11.0972s, 37048 KB] New best heuristic value for lsh(patterns=systematic(2),transform=adapt_costs(cost_type=one)): 61
[t=11.0972s, 37048 KB] g=350, 5126 evaluated, 15 expanded
[t=11.1132s, 37184 KB] New best heuristic value for lsh(patterns=systematic(2),transform=adapt_costs(cost_type=one)): 60
[t=11.1132s, 37184 KB] g=380, 5540 evaluated, 16 expanded
[t=11.1292s, 37184 KB] New best heuristic value for lsh(patterns=systematic(2),transform=adapt_costs(cost_type=one)): 59
[t=11.1292s, 37184 KB] g=410, 5955 evaluated, 17 expanded
[t=11.1492s, 37184 KB] New best heuristic value for lsh(patterns=systematic(2),transform=adapt_costs(cost_type=one)): 58
[t=11.1492s, 37184 KB] g=440, 6371 evaluated, 18 expanded
[t=11.1651s, 37184 KB] New best heuristic value for lsh(patterns=systematic(2),transform=adapt_costs(cost_type=one)): 57
[t=11.1651s, 37184 KB] g=470, 6789 evaluated, 19 expanded
[t=11.1811s, 37316 KB] New best heuristic value for lsh(patterns=systematic(2),transform=adapt_costs(cost_type=one)): 56
[t=11.1811s, 37316 KB] g=500, 7216 evaluated, 20 expanded
[t=11.1971s, 37500 KB] New best heuristic value for lsh(patterns=systematic(2),transform=adapt_costs(cost_type=one)): 55
[t=11.1971s, 37500 KB] g=530, 7644 evaluated, 21 expanded
[t=11.2091s, 37500 KB] New best heuristic value for lsh(patterns=systematic(2),transform=adapt_costs(cost_type=one)): 54
[t=11.2091s, 37500 KB] g=560, 8078 evaluated, 22 expanded
[t=11.2252s, 37500 KB] New best heuristic value for lsh(patterns=systematic(2),transform=adapt_costs(cost_type=one)): 53
[t=11.2252s, 37500 KB] g=590, 8491 evaluated, 23 expanded
[t=11.2451s, 37500 KB] New best heuristic value for lsh(patterns=systematic(2),transform=adapt_costs(cost_type=one)): 52
[t=11.2451s, 37500 KB] g=620, 8911 evaluated, 24 expanded
[t=11.2651s, 37500 KB] New best heuristic value for lsh(patterns=systematic(2),transform=adapt_costs(cost_type=one)): 51
[t=11.2651s, 37500 KB] g=650, 9338 evaluated, 25 expanded
[t=11.2851s, 37636 KB] New best heuristic value for lsh(patterns=systematic(2),transform=adapt_costs(cost_type=one)): 50
[t=11.2851s, 37636 KB] g=680, 9763 evaluated, 26 expanded
[t=11.3051s, 37636 KB] New best heuristic value for lsh(patterns=systematic(2),transform=adapt_costs(cost_type=one)): 49
[t=11.3051s, 37636 KB] g=710, 10216 evaluated, 27 expanded
[t=11.3251s, 37636 KB] New best heuristic value for lsh(patterns=systematic(2),transform=adapt_costs(cost_type=one)): 48
[t=11.3251s, 37636 KB] g=740, 10659 evaluated, 28 expanded
[t=11.349s, 37768 KB] New best heuristic value for lsh(patterns=systematic(2),transform=adapt_costs(cost_type=one)): 47
[t=11.349s, 37768 KB] g=770, 11140 evaluated, 29 expanded
[t=11.373s, 37768 KB] New best heuristic value for lsh(patterns=systematic(2),transform=adapt_costs(cost_type=one)): 46
[t=11.373s, 37768 KB] g=800, 11612 evaluated, 30 expanded
[t=11.397s, 37768 KB] New best heuristic value for lsh(patterns=systematic(2),transform=adapt_costs(cost_type=one)): 45
[t=11.397s, 37768 KB] g=830, 12066 evaluated, 31 expanded
[t=11.421s, 37900 KB] New best heuristic value for lsh(patterns=systematic(2),transform=adapt_costs(cost_type=one)): 44
[t=11.421s, 37900 KB] g=860, 12518 evaluated, 32 expanded
[t=11.445s, 37900 KB] New best heuristic value for lsh(patterns=systematic(2),transform=adapt_costs(cost_type=one)): 43
[t=11.445s, 37900 KB] g=890, 12978 evaluated, 33 expanded
[t=11.469s, 37900 KB] New best heuristic value for lsh(patterns=systematic(2),transform=adapt_costs(cost_type=one)): 42
[t=11.469s, 37900 KB] g=920, 13409 evaluated, 34 expanded
[t=11.497s, 38032 KB] New best heuristic value for lsh(patterns=systematic(2),transform=adapt_costs(cost_type=one)): 41
[t=11.497s, 38032 KB] g=950, 13844 evaluated, 35 expanded
[t=11.5249s, 38032 KB] New best heuristic value for lsh(patterns=systematic(2),transform=adapt_costs(cost_type=one)): 40
[t=11.5249s, 38032 KB] g=980, 14266 evaluated, 36 expanded
[t=11.5489s, 38392 KB] New best heuristic value for lsh(patterns=systematic(2),transform=adapt_costs(cost_type=one)): 39
[t=11.5489s, 38392 KB] g=1010, 14688 evaluated, 37 expanded
[t=11.5769s, 38392 KB] New best heuristic value for lsh(patterns=systematic(2),transform=adapt_costs(cost_type=one)): 38
[t=11.5769s, 38392 KB] g=1040, 15116 evaluated, 38 expanded
[t=11.6009s, 38392 KB] New best heuristic value for lsh(patterns=systematic(2),transform=adapt_costs(cost_type=one)): 37
[t=11.6009s, 38392 KB] g=1085, 15530 evaluated, 39 expanded
[t=11.6289s, 38392 KB] New best heuristic value for lsh(patterns=systematic(2),transform=adapt_costs(cost_type=one)): 36
[t=11.6289s, 38392 KB] g=1105, 15973 evaluated, 40 expanded
[t=11.6569s, 38392 KB] New best heuristic value for lsh(patterns=systematic(2),transform=adapt_costs(cost_type=one)): 35
[t=11.6569s, 38392 KB] g=1115, 16387 evaluated, 41 expanded
[t=11.6808s, 38392 KB] New best heuristic value for lsh(patterns=systematic(2),transform=adapt_costs(cost_type=one)): 34
[t=11.6808s, 38392 KB] g=1130, 16803 evaluated, 42 expanded
[t=11.7088s, 38524 KB] New best heuristic value for lsh(patterns=systematic(2),transform=adapt_costs(cost_type=one)): 33
[t=11.7088s, 38524 KB] g=1140, 17219 evaluated, 43 expanded
[t=11.7368s, 38524 KB] New best heuristic value for lsh(patterns=systematic(2),transform=adapt_costs(cost_type=one)): 32
[t=11.7368s, 38524 KB] g=1155, 17635 evaluated, 44 expanded
[t=11.7608s, 38524 KB] New best heuristic value for lsh(patterns=systematic(2),transform=adapt_costs(cost_type=one)): 31
[t=11.7608s, 38524 KB] g=1165, 18040 evaluated, 45 expanded
[t=11.7888s, 38656 KB] New best heuristic value for lsh(patterns=systematic(2),transform=adapt_costs(cost_type=one)): 30
[t=11.7888s, 38656 KB] g=1175, 18448 evaluated, 46 expanded
[t=11.8128s, 38656 KB] New best heuristic value for lsh(patterns=systematic(2),transform=adapt_costs(cost_type=one)): 29
[t=11.8128s, 38656 KB] g=1190, 18852 evaluated, 47 expanded
[t=11.8408s, 38656 KB] New best heuristic value for lsh(patterns=systematic(2),transform=adapt_costs(cost_type=one)): 28
[t=11.8408s, 38656 KB] g=1205, 19235 evaluated, 48 expanded
[t=11.8648s, 38656 KB] New best heuristic value for lsh(patterns=systematic(2),transform=adapt_costs(cost_type=one)): 27
[t=11.8648s, 38656 KB] g=1225, 19610 evaluated, 49 expanded
[t=11.8808s, 38788 KB] New best heuristic value for lsh(patterns=systematic(2),transform=adapt_costs(cost_type=one)): 26
[t=11.8848s, 38788 KB] g=1240, 19957 evaluated, 50 expanded
[t=11.9007s, 38788 KB] New best heuristic value for lsh(patterns=systematic(2),transform=adapt_costs(cost_type=one)): 25
[t=11.9007s, 38788 KB] g=1255, 20298 evaluated, 51 expanded
[t=11.9207s, 38788 KB] New best heuristic value for lsh(patterns=systematic(2),transform=adapt_costs(cost_type=one)): 24
[t=11.9207s, 38788 KB] g=1265, 20636 evaluated, 52 expanded
[t=11.9447s, 38788 KB] New best heuristic value for lsh(patterns=systematic(2),transform=adapt_costs(cost_type=one)): 23
[t=11.9447s, 38788 KB] g=1275, 20961 evaluated, 53 expanded
[t=11.9607s, 38924 KB] New best heuristic value for lsh(patterns=systematic(2),transform=adapt_costs(cost_type=one)): 22
[t=11.9647s, 38924 KB] g=1280, 21279 evaluated, 54 expanded
[t=11.9887s, 38924 KB] New best heuristic value for lsh(patterns=systematic(2),transform=adapt_costs(cost_type=one)): 21
[t=11.9887s, 38924 KB] g=1300, 21586 evaluated, 55 expanded
[t=12.0167s, 38924 KB] New best heuristic value for lsh(patterns=systematic(2),transform=adapt_costs(cost_type=one)): 20
[t=12.0167s, 38924 KB] g=1315, 21887 evaluated, 56 expanded
[t=12.0327s, 38924 KB] New best heuristic value for lsh(patterns=systematic(2),transform=adapt_costs(cost_type=one)): 19
[t=12.0367s, 38924 KB] g=1325, 22170 evaluated, 57 expanded
[t=12.0487s, 38924 KB] New best heuristic value for lsh(patterns=systematic(2),transform=adapt_costs(cost_type=one)): 18
[t=12.0487s, 38924 KB] g=1340, 22450 evaluated, 58 expanded
[t=12.0647s, 39056 KB] New best heuristic value for lsh(patterns=systematic(2),transform=adapt_costs(cost_type=one)): 17
[t=12.0647s, 39056 KB] g=1350, 22706 evaluated, 59 expanded
[t=12.0767s, 39056 KB] New best heuristic value for lsh(patterns=systematic(2),transform=adapt_costs(cost_type=one)): 16
[t=12.0767s, 39056 KB] g=1360, 22961 evaluated, 60 expanded
[t=12.0887s, 39056 KB] New best heuristic value for lsh(patterns=systematic(2),transform=adapt_costs(cost_type=one)): 15
[t=12.0887s, 39056 KB] g=1405, 23197 evaluated, 61 expanded
[t=12.1007s, 39056 KB] New best heuristic value for lsh(patterns=systematic(2),transform=adapt_costs(cost_type=one)): 14
[t=12.1007s, 39056 KB] g=1425, 23437 evaluated, 62 expanded
[t=12.1126s, 39056 KB] New best heuristic value for lsh(patterns=systematic(2),transform=adapt_costs(cost_type=one)): 13
[t=12.1126s, 39056 KB] g=1435, 23662 evaluated, 63 expanded
[t=12.1246s, 39056 KB] New best heuristic value for lsh(patterns=systematic(2),transform=adapt_costs(cost_type=one)): 12
[t=12.1246s, 39056 KB] g=1445, 23884 evaluated, 64 expanded
[t=12.1366s, 39188 KB] New best heuristic value for lsh(patterns=systematic(2),transform=adapt_costs(cost_type=one)): 11
[t=12.1366s, 39188 KB] g=1460, 24088 evaluated, 65 expanded
[t=12.1446s, 39188 KB] New best heuristic value for lsh(patterns=systematic(2),transform=adapt_costs(cost_type=one)): 10
[t=12.1446s, 39188 KB] g=1475, 24284 evaluated, 66 expanded
[t=12.1526s, 39188 KB] New best heuristic value for lsh(patterns=systematic(2),transform=adapt_costs(cost_type=one)): 9
[t=12.1526s, 39188 KB] g=1520, 24467 evaluated, 67 expanded
[t=12.1646s, 39188 KB] New best heuristic value for lsh(patterns=systematic(2),transform=adapt_costs(cost_type=one)): 8
[t=12.1646s, 39188 KB] g=1530, 24647 evaluated, 68 expanded
[t=12.2406s, 39320 KB] New best heuristic value for lsh(patterns=systematic(2),transform=adapt_costs(cost_type=one)): 7
[t=12.2406s, 39320 KB] g=1580, 26302 evaluated, 79 expanded
[t=12.2486s, 39320 KB] New best heuristic value for lsh(patterns=systematic(2),transform=adapt_costs(cost_type=one)): 6
[t=12.2486s, 39320 KB] g=1610, 26452 evaluated, 80 expanded
[t=12.2566s, 39320 KB] New best heuristic value for lsh(patterns=systematic(2),transform=adapt_costs(cost_type=one)): 5
[t=12.2566s, 39320 KB] g=1620, 26610 evaluated, 81 expanded
[t=12.4045s, 39584 KB] New best heuristic value for lsh(patterns=systematic(2),transform=adapt_costs(cost_type=one)): 4
[t=12.4045s, 39584 KB] g=1680, 29230 evaluated, 100 expanded
[t=12.4125s, 39716 KB] New best heuristic value for lsh(patterns=systematic(2),transform=adapt_costs(cost_type=one)): 3
[t=12.4125s, 39716 KB] g=1690, 29367 evaluated, 101 expanded
[t=12.7284s, 40368 KB] New best heuristic value for lsh(patterns=systematic(2),transform=adapt_costs(cost_type=one)): 2
[t=12.7284s, 40368 KB] g=1735, 34396 evaluated, 158 expanded
[t=13.0563s, 40896 KB] New best heuristic value for lsh(patterns=systematic(2),transform=adapt_costs(cost_type=one)): 1
[t=13.0563s, 40896 KB] g=1755, 39515 evaluated, 216 expanded
[t=13.3761s, 41428 KB] New best heuristic value for lsh(patterns=systematic(2),transform=adapt_costs(cost_type=one)): 0
[t=13.3761s, 41428 KB] g=1800, 44737 evaluated, 274 expanded
[t=13.3801s, 41428 KB] Solution found!
[t=13.3801s, 41428 KB] Actual search time: 2.48283s
do-plane p8 planer0 smooth white varnished (20)
do-immersion-varnish p8 immersion-varnisher0 blue smooth (10)
do-grind p26 grinder0 verysmooth blue colourfragments untreated (15)
do-glaze p26 glazer0 white (10)
do-grind p25 grinder0 smooth blue colourfragments untreated (45)
do-glaze p25 glazer0 green (20)
do-grind p1 grinder0 verysmooth mauve glazed untreated (15)
do-spray-varnish p1 spray-varnisher0 red verysmooth (5)
do-saw-small b0 p18 saw0 cherry rough s6 s5 (30)
do-saw-small b0 p20 saw0 cherry rough s5 s4 (30)
do-saw-large b1 p2 saw0 cherry smooth s7 s5 s6 s4 (30)
do-saw-large b1 p27 saw0 cherry smooth s7 s5 s6 s4 (30)
do-saw-medium b1 p12 saw0 cherry smooth s4 s3 s2 (30)
do-saw-medium b1 p19 saw0 cherry smooth s4 s3 s2 (30)
do-saw-medium b1 p24 saw0 cherry smooth s4 s3 s2 (30)
do-saw-medium b1 p28 saw0 cherry smooth s4 s3 s2 (30)
do-saw-medium b1 p9 saw0 cherry smooth s4 s3 s2 (30)
do-saw-small b1 p21 saw0 cherry smooth s4 s3 (30)
do-saw-small b1 p23 saw0 cherry smooth s4 s3 (30)
do-saw-small b1 p3 saw0 cherry smooth s4 s3 (30)
do-saw-large b1 p0 saw0 cherry smooth s4 s2 s3 s1 (30)
do-saw-medium b1 p16 saw0 cherry smooth s4 s3 s2 (30)
do-saw-medium b1 p17 saw0 cherry smooth s4 s3 s2 (30)
do-saw-small b1 p31 saw0 cherry smooth s4 s3 (30)
do-saw-large b10 p14 saw0 beech smooth s7 s5 s6 s4 (30)
do-saw-small b10 p13 saw0 beech smooth s4 s3 (30)
do-saw-large b2 p5 saw0 mahogany smooth s10 s8 s9 s7 (30)
do-saw-medium b2 p7 saw0 mahogany smooth s7 s6 s5 (30)
do-saw-medium b4 p29 saw0 oak smooth s6 s5 s4 (30)
do-saw-large b6 p6 saw0 pine rough s9 s7 s8 s6 (30)
do-saw-medium b6 p11 saw0 pine rough s6 s5 s4 (30)
do-saw-small b6 p32 saw0 pine rough s6 s5 (30)
do-saw-medium b7 p10 saw0 walnut rough s9 s8 s7 (30)
do-saw-medium b7 p30 saw0 walnut rough s7 s6 s5 (30)
do-saw-small b9 p15 saw0 teak rough s7 s6 (30)
do-grind p9 grinder0 smooth natural untreated untreated (30)
do-grind p7 grinder0 smooth natural untreated untreated (30)
do-plane p6 planer0 rough natural untreated (30)
do-grind p6 grinder0 smooth natural untreated untreated (45)
do-glaze p5 glazer0 white (20)
do-plane p32 planer0 rough natural untreated (10)
do-grind p31 grinder0 smooth natural untreated untreated (15)
do-spray-varnish p31 spray-varnisher0 black verysmooth (5)
do-plane p30 planer0 rough natural untreated (20)
do-immersion-varnish p30 immersion-varnisher0 green smooth (10)
do-glaze p3 glazer0 black (10)
do-glaze p29 glazer0 black (15)
do-glaze p28 glazer0 black (15)
do-glaze p27 glazer0 red (20)
do-glaze p24 glazer0 mauve (15)
do-grind p23 grinder0 smooth natural untreated untreated (15)
do-glaze p23 glazer0 black (10)
do-spray-varnish p21 spray-varnisher0 black smooth (5)
do-glaze p20 glazer0 black (10)
do-glaze p2 glazer0 mauve (20)
do-glaze p19 glazer0 red (15)
do-glaze p18 glazer0 green (10)
do-glaze p17 glazer0 mauve (15)
do-immersion-varnish p16 immersion-varnisher0 black smooth (10)
do-glaze p15 glazer0 mauve (10)
do-grind p14 grinder0 smooth natural untreated untreated (45)
do-glaze p14 glazer0 black (20)
do-spray-varnish p13 spray-varnisher0 black smooth (5)
do-glaze p12 glazer0 mauve (15)
do-glaze p11 glazer0 black (15)
do-glaze p10 glazer0 mauve (15)
do-grind p0 grinder0 smooth natural untreated untreated (45)
do-immersion-varnish p0 immersion-varnisher0 black verysmooth (10)
do-saw-medium b7 p4 saw0 walnut rough s7 s6 s5 (30)
do-plane p4 planer0 rough natural untreated (20)
do-grind p4 grinder0 smooth natural untreated untreated (30)
do-immersion-varnish p4 immersion-varnisher0 black verysmooth (10)
do-saw-large b9 p22 saw0 teak rough s6 s4 s5 s3 (30)
do-plane p22 planer0 rough natural untreated (30)
do-immersion-varnish p22 immersion-varnisher0 white smooth (10)
do-grind p24 grinder0 smooth mauve glazed untreated (30)
do-glaze p24 glazer0 mauve (15)
do-plane p15 planer0 rough mauve glazed (10)
do-glaze p15 glazer0 mauve (10)
do-grind p12 grinder0 smooth mauve glazed untreated (30)
do-glaze p12 glazer0 mauve (15)
[t=13.3801s, 41428 KB] Plan length: 81 step(s).
[t=13.3801s, 41428 KB] Plan cost: 1800
[t=13.3801s, 41428 KB] Expanded 275 state(s).
[t=13.3801s, 41428 KB] Reopened 0 state(s).
[t=13.3801s, 41428 KB] Evaluated 44751 state(s).
[t=13.3801s, 41428 KB] Evaluations: 44751
[t=13.3801s, 41428 KB] Generated 59904 state(s).
[t=13.3801s, 41428 KB] Dead ends: 7930 state(s).
[t=13.3801s, 41428 KB] Number of registered states: 44751
[t=13.3801s, 41428 KB] Int hash set load factor: 44751/65536 = 0.682846
[t=13.3801s, 41428 KB] Int hash set resizes: 16
[t=13.3801s, 41428 KB] Search time: 2.48283s
[t=13.3801s, 41428 KB] Total time: 13.3801s
Solution found.
Peak memory: 41428 KB
Remove intermediate file output.sas
search exit code: 0

INFO     Running validate.
INFO     validate stdin: None
INFO     validate time limit: None
INFO     validate memory limit: None
INFO     validate command line string: /home/henry/bin/validate domain.pddl problem.pddl sas_plan
Checking plan: sas_plan
Plan executed successfully - checking goal
Plan valid
Final value: 1800 

Successful plans:
Value: 1800
 sas_plan 1800 

validate exit code: 0

INFO     Planner time: 14.91s
