INFO     planner time limit: 1800s
INFO     planner memory limit: 2048 MB

INFO     Running translator.
INFO     translator stdin: None
INFO     translator time limit: 1799s
INFO     translator memory limit: 2048 MB
INFO     translator command line string: /home/henry/Documents/UFRGS/TCC/downward/.venv/bin/python /home/henry/Documents/UFRGS/TCC/downward/experiments/lab/data/main/code-5bb2ccb6957559b6969ffd7e29254c73f84d5e49_e5e41175/builds/release/bin/translate/translate.py domain.pddl problem.pddl --sas-file output.sas
Parsing...
Parsing: [0.000s CPU, 0.005s wall-clock]
Normalizing task... [0.000s CPU, 0.000s wall-clock]
Instantiating...
Generating Datalog program... [0.000s CPU, 0.001s wall-clock]
Normalizing Datalog program...
Normalizing Datalog program: [0.000s CPU, 0.005s wall-clock]
Preparing model... [0.010s CPU, 0.004s wall-clock]
Generated 350 rules.
Computing model... [0.020s CPU, 0.022s wall-clock]
2010 relevant atoms
2358 auxiliary atoms
4368 final queue length
7328 total queue pushes
Completing instantiation... [0.040s CPU, 0.032s wall-clock]
Instantiating: [0.070s CPU, 0.065s wall-clock]
Computing fact groups...
Finding invariants...
20 initial candidates
Finding invariants: [0.000s CPU, 0.005s wall-clock]
Checking invariant weight... [0.000s CPU, 0.000s wall-clock]
Instantiating groups... [0.000s CPU, 0.001s wall-clock]
Collecting mutex groups... [0.000s CPU, 0.000s wall-clock]
Choosing groups...
346 uncovered facts
Choosing groups: [0.000s CPU, 0.000s wall-clock]
Building translation key... [0.000s CPU, 0.001s wall-clock]
Computing fact groups: [0.010s CPU, 0.009s wall-clock]
Building STRIPS to SAS dictionary... [0.000s CPU, 0.000s wall-clock]
Building dictionary for full mutex groups... [0.000s CPU, 0.000s wall-clock]
Building mutex information...
Building mutex information: [0.000s CPU, 0.000s wall-clock]
Translating task...
Processing axioms...
Simplifying axioms... [0.000s CPU, 0.000s wall-clock]
Translator axioms removed by simplifying: 0
Computing negative axioms... [0.000s CPU, 0.000s wall-clock]
Processing axioms: [0.000s CPU, 0.002s wall-clock]
Translating task: [0.040s CPU, 0.044s wall-clock]
1001 effect conditions simplified
0 implied preconditions added
Detecting unreachable propositions...
0 operators removed
0 axioms removed
12 propositions removed
Detecting unreachable propositions: [0.020s CPU, 0.018s wall-clock]
Reordering and filtering variables...
108 of 355 variables necessary.
0 of 10 mutex groups necessary.
1211 of 1211 operators necessary.
0 of 0 axiom rules necessary.
Reordering and filtering variables: [0.010s CPU, 0.008s wall-clock]
Translator variables: 108
Translator derived variables: 0
Translator facts: 406
Translator goal facts: 60
Translator mutex groups: 0
Translator total mutex groups size: 0
Translator operators: 1211
Translator axioms: 0
Translator task size: 8512
Translator peak memory: 38916 KB
Writing output... [0.010s CPU, 0.006s wall-clock]
Done! [0.160s CPU, 0.160s wall-clock]
translate exit code: 0

INFO     Running search (release).
INFO     search stdin: output.sas
INFO     search time limit: 1799s
INFO     search memory limit: 2048 MB
INFO     search command line string: /home/henry/Documents/UFRGS/TCC/downward/experiments/lab/data/main/code-5bb2ccb6957559b6969ffd7e29254c73f84d5e49_e5e41175/builds/release/bin/downward --search 'eager_greedy([ff(transform=adapt_costs(cost_type=ONE))])' --internal-plan-file sas_plan < output.sas
[t=0s, 10544 KB] reading input...
[t=0.00341426s, 10872 KB] done reading input!
[t=0.00742016s, 11412 KB] Simplifying 2457 unary operators... done! [917 unary operators]
[t=0.00742016s, 11412 KB] time to simplify: 0s
[t=0.00742016s, 11412 KB] Initializing additive heuristic...
[t=0.00742016s, 11412 KB] Initializing FF heuristic...
[t=0.00742016s, 11412 KB] Building successor generator...done!
[t=0.00742016s, 11412 KB] peak memory difference for successor generator creation: 0 KB
[t=0.00742016s, 11412 KB] time for successor generation creation: 0s
[t=0.00742016s, 11412 KB] Variables: 108
[t=0.00742016s, 11412 KB] FactPairs: 406
[t=0.00742016s, 11412 KB] Bytes per state: 20
[t=0.00742016s, 11412 KB] Conducting best first search without reopening closed nodes, (real) bound = 2147483647
[t=0.00742016s, 11412 KB] New best heuristic value for ff(transform=adapt_costs(cost_type=one)): 100
[t=0.00742016s, 11412 KB] g=0, 1 evaluated, 0 expanded
[t=0.00742016s, 11412 KB] Initial heuristic value for ff(transform=adapt_costs(cost_type=one)): 100
[t=0.00742016s, 11412 KB] pruning method: none
[t=0.00742016s, 11412 KB] New best heuristic value for ff(transform=adapt_costs(cost_type=one)): 99
[t=0.00742016s, 11412 KB] g=0, 2 evaluated, 1 expanded
[t=0.00742016s, 11412 KB] New best heuristic value for ff(transform=adapt_costs(cost_type=one)): 98
[t=0.00742016s, 11412 KB] g=899, 3 evaluated, 2 expanded
[t=0.00742016s, 11412 KB] New best heuristic value for ff(transform=adapt_costs(cost_type=one)): 97
[t=0.00742016s, 11412 KB] g=3588, 13 evaluated, 3 expanded
[t=0.00742016s, 11412 KB] New best heuristic value for ff(transform=adapt_costs(cost_type=one)): 95
[t=0.00742016s, 11412 KB] g=14478, 25 evaluated, 4 expanded
[t=0.00742016s, 11412 KB] New best heuristic value for ff(transform=adapt_costs(cost_type=one)): 94
[t=0.00742016s, 11412 KB] g=31930, 35 evaluated, 5 expanded
[t=0.00742016s, 11412 KB] New best heuristic value for ff(transform=adapt_costs(cost_type=one)): 93
[t=0.00742016s, 11412 KB] g=243779, 46 evaluated, 6 expanded
[t=0.00742016s, 11412 KB] New best heuristic value for ff(transform=adapt_costs(cost_type=one)): 92
[t=0.00742016s, 11412 KB] g=322698, 58 evaluated, 7 expanded
[t=0.00742016s, 11412 KB] New best heuristic value for ff(transform=adapt_costs(cost_type=one)): 91
[t=0.00742016s, 11412 KB] g=325949, 69 evaluated, 8 expanded
[t=0.00742016s, 11412 KB] New best heuristic value for ff(transform=adapt_costs(cost_type=one)): 90
[t=0.00742016s, 11412 KB] g=327448, 80 evaluated, 9 expanded
[t=0.00742016s, 11412 KB] New best heuristic value for ff(transform=adapt_costs(cost_type=one)): 89
[t=0.00742016s, 11412 KB] g=328347, 90 evaluated, 10 expanded
[t=0.00742016s, 11412 KB] New best heuristic value for ff(transform=adapt_costs(cost_type=one)): 88
[t=0.00742016s, 11412 KB] g=331036, 99 evaluated, 11 expanded
[t=0.00742016s, 11412 KB] New best heuristic value for ff(transform=adapt_costs(cost_type=one)): 86
[t=0.00742016s, 11412 KB] g=341926, 110 evaluated, 12 expanded
[t=0.00742016s, 11412 KB] New best heuristic value for ff(transform=adapt_costs(cost_type=one)): 85
[t=0.00742016s, 11412 KB] g=342825, 121 evaluated, 13 expanded
[t=0.0114055s, 11412 KB] New best heuristic value for ff(transform=adapt_costs(cost_type=one)): 82
[t=0.0114055s, 11412 KB] g=345514, 131 evaluated, 14 expanded
[t=0.0114055s, 11412 KB] New best heuristic value for ff(transform=adapt_costs(cost_type=one)): 81
[t=0.0114055s, 11412 KB] g=356404, 143 evaluated, 15 expanded
[t=0.0114055s, 11412 KB] New best heuristic value for ff(transform=adapt_costs(cost_type=one)): 80
[t=0.0114055s, 11412 KB] g=357303, 155 evaluated, 16 expanded
[t=0.0114055s, 11412 KB] New best heuristic value for ff(transform=adapt_costs(cost_type=one)): 77
[t=0.0114055s, 11412 KB] g=359992, 166 evaluated, 17 expanded
[t=0.0114055s, 11412 KB] New best heuristic value for ff(transform=adapt_costs(cost_type=one)): 76
[t=0.0114055s, 11412 KB] g=370882, 179 evaluated, 18 expanded
[t=0.0114055s, 11412 KB] New best heuristic value for ff(transform=adapt_costs(cost_type=one)): 75
[t=0.0114055s, 11412 KB] g=371781, 192 evaluated, 19 expanded
[t=0.0114055s, 11412 KB] New best heuristic value for ff(transform=adapt_costs(cost_type=one)): 72
[t=0.0114055s, 11412 KB] g=374470, 204 evaluated, 20 expanded
[t=0.0114055s, 11412 KB] New best heuristic value for ff(transform=adapt_costs(cost_type=one)): 71
[t=0.0114055s, 11412 KB] g=385360, 218 evaluated, 21 expanded
[t=0.0114055s, 11412 KB] New best heuristic value for ff(transform=adapt_costs(cost_type=one)): 70
[t=0.0114055s, 11412 KB] g=386259, 232 evaluated, 22 expanded
[t=0.0114055s, 11412 KB] New best heuristic value for ff(transform=adapt_costs(cost_type=one)): 69
[t=0.0114055s, 11412 KB] g=388948, 245 evaluated, 23 expanded
[t=0.0114055s, 11412 KB] New best heuristic value for ff(transform=adapt_costs(cost_type=one)): 67
[t=0.0114055s, 11412 KB] g=399838, 260 evaluated, 24 expanded
[t=0.0114055s, 11412 KB] New best heuristic value for ff(transform=adapt_costs(cost_type=one)): 66
[t=0.0114055s, 11412 KB] g=400737, 275 evaluated, 25 expanded
[t=0.0114055s, 11412 KB] New best heuristic value for ff(transform=adapt_costs(cost_type=one)): 63
[t=0.0114055s, 11412 KB] g=403426, 289 evaluated, 26 expanded
[t=0.0114055s, 11412 KB] New best heuristic value for ff(transform=adapt_costs(cost_type=one)): 62
[t=0.0114055s, 11412 KB] g=414316, 305 evaluated, 27 expanded
[t=0.0114055s, 11412 KB] New best heuristic value for ff(transform=adapt_costs(cost_type=one)): 61
[t=0.0114055s, 11412 KB] g=415215, 321 evaluated, 28 expanded
[t=0.0154058s, 11412 KB] New best heuristic value for ff(transform=adapt_costs(cost_type=one)): 60
[t=0.0154058s, 11412 KB] g=417904, 336 evaluated, 29 expanded
[t=0.0154058s, 11412 KB] New best heuristic value for ff(transform=adapt_costs(cost_type=one)): 58
[t=0.0154058s, 11412 KB] g=428794, 353 evaluated, 30 expanded
[t=0.0154058s, 11412 KB] New best heuristic value for ff(transform=adapt_costs(cost_type=one)): 57
[t=0.0154058s, 11412 KB] g=429693, 370 evaluated, 31 expanded
[t=0.0154058s, 11412 KB] New best heuristic value for ff(transform=adapt_costs(cost_type=one)): 54
[t=0.0154058s, 11412 KB] g=432382, 386 evaluated, 32 expanded
[t=0.0154058s, 11412 KB] New best heuristic value for ff(transform=adapt_costs(cost_type=one)): 53
[t=0.0154058s, 11412 KB] g=443272, 404 evaluated, 33 expanded
[t=0.0154058s, 11412 KB] New best heuristic value for ff(transform=adapt_costs(cost_type=one)): 52
[t=0.0154058s, 11412 KB] g=444171, 422 evaluated, 34 expanded
[t=0.0154058s, 11412 KB] New best heuristic value for ff(transform=adapt_costs(cost_type=one)): 49
[t=0.0154058s, 11412 KB] g=446860, 439 evaluated, 35 expanded
[t=0.0154058s, 11412 KB] New best heuristic value for ff(transform=adapt_costs(cost_type=one)): 48
[t=0.0154058s, 11412 KB] g=457750, 458 evaluated, 36 expanded
[t=0.0154058s, 11412 KB] New best heuristic value for ff(transform=adapt_costs(cost_type=one)): 46
[t=0.0154058s, 11412 KB] g=687051, 478 evaluated, 38 expanded
[t=0.0154058s, 11412 KB] New best heuristic value for ff(transform=adapt_costs(cost_type=one)): 45
[t=0.0154058s, 11412 KB] g=765970, 496 evaluated, 39 expanded
[t=0.0154058s, 11412 KB] New best heuristic value for ff(transform=adapt_costs(cost_type=one)): 44
[t=0.0154058s, 11412 KB] g=769221, 514 evaluated, 40 expanded
[t=0.0154058s, 11412 KB] New best heuristic value for ff(transform=adapt_costs(cost_type=one)): 43
[t=0.0154058s, 11412 KB] g=770720, 532 evaluated, 41 expanded
[t=0.0194194s, 11412 KB] New best heuristic value for ff(transform=adapt_costs(cost_type=one)): 41
[t=0.0194194s, 11412 KB] g=1000021, 566 evaluated, 43 expanded
[t=0.0194194s, 11412 KB] New best heuristic value for ff(transform=adapt_costs(cost_type=one)): 40
[t=0.0194194s, 11412 KB] g=1078940, 582 evaluated, 44 expanded
[t=0.0194194s, 11412 KB] New best heuristic value for ff(transform=adapt_costs(cost_type=one)): 39
[t=0.0194194s, 11412 KB] g=1082191, 598 evaluated, 45 expanded
[t=0.0194194s, 11412 KB] New best heuristic value for ff(transform=adapt_costs(cost_type=one)): 38
[t=0.0194194s, 11412 KB] g=1083690, 614 evaluated, 46 expanded
[t=0.0194194s, 11412 KB] New best heuristic value for ff(transform=adapt_costs(cost_type=one)): 36
[t=0.0194194s, 11412 KB] g=1312991, 644 evaluated, 48 expanded
[t=0.0194194s, 11412 KB] New best heuristic value for ff(transform=adapt_costs(cost_type=one)): 35
[t=0.0194194s, 11412 KB] g=1391910, 658 evaluated, 49 expanded
[t=0.0194194s, 11412 KB] New best heuristic value for ff(transform=adapt_costs(cost_type=one)): 34
[t=0.0194194s, 11412 KB] g=1395161, 672 evaluated, 50 expanded
[t=0.0194194s, 11412 KB] New best heuristic value for ff(transform=adapt_costs(cost_type=one)): 33
[t=0.0194194s, 11412 KB] g=1396660, 686 evaluated, 51 expanded
[t=0.0194194s, 11412 KB] New best heuristic value for ff(transform=adapt_costs(cost_type=one)): 31
[t=0.0194194s, 11412 KB] g=1625961, 712 evaluated, 53 expanded
[t=0.0194194s, 11412 KB] New best heuristic value for ff(transform=adapt_costs(cost_type=one)): 30
[t=0.0194194s, 11412 KB] g=1704880, 724 evaluated, 54 expanded
[t=0.0194194s, 11412 KB] New best heuristic value for ff(transform=adapt_costs(cost_type=one)): 29
[t=0.0194194s, 11412 KB] g=1708131, 736 evaluated, 55 expanded
[t=0.0194194s, 11412 KB] New best heuristic value for ff(transform=adapt_costs(cost_type=one)): 28
[t=0.0194194s, 11412 KB] g=1709630, 748 evaluated, 56 expanded
[t=0.0194194s, 11412 KB] New best heuristic value for ff(transform=adapt_costs(cost_type=one)): 26
[t=0.0194194s, 11412 KB] g=1938931, 770 evaluated, 58 expanded
[t=0.023397s, 11412 KB] New best heuristic value for ff(transform=adapt_costs(cost_type=one)): 25
[t=0.023397s, 11412 KB] g=2017850, 780 evaluated, 59 expanded
[t=0.023397s, 11412 KB] New best heuristic value for ff(transform=adapt_costs(cost_type=one)): 24
[t=0.023397s, 11412 KB] g=2021101, 790 evaluated, 60 expanded
[t=0.023397s, 11412 KB] New best heuristic value for ff(transform=adapt_costs(cost_type=one)): 23
[t=0.023397s, 11412 KB] g=2022600, 800 evaluated, 61 expanded
[t=0.023397s, 11412 KB] New best heuristic value for ff(transform=adapt_costs(cost_type=one)): 21
[t=0.023397s, 11412 KB] g=2251901, 818 evaluated, 63 expanded
[t=0.023397s, 11412 KB] New best heuristic value for ff(transform=adapt_costs(cost_type=one)): 20
[t=0.023397s, 11412 KB] g=2330820, 826 evaluated, 64 expanded
[t=0.023397s, 11412 KB] New best heuristic value for ff(transform=adapt_costs(cost_type=one)): 19
[t=0.023397s, 11412 KB] g=2334071, 834 evaluated, 65 expanded
[t=0.023397s, 11412 KB] New best heuristic value for ff(transform=adapt_costs(cost_type=one)): 18
[t=0.023397s, 11412 KB] g=2335570, 842 evaluated, 66 expanded
[t=0.023397s, 11412 KB] New best heuristic value for ff(transform=adapt_costs(cost_type=one)): 17
[t=0.023397s, 11412 KB] g=2683117, 1097 evaluated, 106 expanded
[t=0.027397s, 11412 KB] New best heuristic value for ff(transform=adapt_costs(cost_type=one)): 16
[t=0.027397s, 11412 KB] g=2912418, 1105 evaluated, 108 expanded
[t=0.027397s, 11412 KB] New best heuristic value for ff(transform=adapt_costs(cost_type=one)): 14
[t=0.027397s, 11412 KB] g=2991337, 1111 evaluated, 109 expanded
[t=0.027397s, 11412 KB] New best heuristic value for ff(transform=adapt_costs(cost_type=one)): 13
[t=0.027397s, 11412 KB] g=2994588, 1117 evaluated, 110 expanded
[t=0.027397s, 11412 KB] New best heuristic value for ff(transform=adapt_costs(cost_type=one)): 12
[t=0.027397s, 11412 KB] g=2996087, 1123 evaluated, 111 expanded
[t=0.027397s, 11412 KB] New best heuristic value for ff(transform=adapt_costs(cost_type=one)): 11
[t=0.027397s, 11412 KB] g=3343634, 1241 evaluated, 139 expanded
[t=0.027397s, 11412 KB] New best heuristic value for ff(transform=adapt_costs(cost_type=one)): 10
[t=0.027397s, 11412 KB] g=3572935, 1255 evaluated, 143 expanded
[t=0.027397s, 11412 KB] New best heuristic value for ff(transform=adapt_costs(cost_type=one)): 8
[t=0.027397s, 11412 KB] g=3651854, 1259 evaluated, 144 expanded
[t=0.027397s, 11412 KB] New best heuristic value for ff(transform=adapt_costs(cost_type=one)): 7
[t=0.027397s, 11412 KB] g=3655105, 1263 evaluated, 145 expanded
[t=0.027397s, 11412 KB] New best heuristic value for ff(transform=adapt_costs(cost_type=one)): 6
[t=0.027397s, 11412 KB] g=3656604, 1267 evaluated, 146 expanded
[t=0.027397s, 11412 KB] New best heuristic value for ff(transform=adapt_costs(cost_type=one)): 5
[t=0.027397s, 11412 KB] g=4004151, 1300 evaluated, 160 expanded
[t=0.027397s, 11412 KB] New best heuristic value for ff(transform=adapt_costs(cost_type=one)): 4
[t=0.027397s, 11412 KB] g=4233452, 1308 evaluated, 164 expanded
[t=0.027397s, 11412 KB] New best heuristic value for ff(transform=adapt_costs(cost_type=one)): 2
[t=0.027397s, 11412 KB] g=4312371, 1310 evaluated, 165 expanded
[t=0.027397s, 11412 KB] New best heuristic value for ff(transform=adapt_costs(cost_type=one)): 1
[t=0.027397s, 11412 KB] g=4315622, 1312 evaluated, 166 expanded
[t=0.027397s, 11412 KB] New best heuristic value for ff(transform=adapt_costs(cost_type=one)): 0
[t=0.027397s, 11412 KB] g=4317121, 1314 evaluated, 167 expanded
[t=0.027397s, 11412 KB] Solution found!
[t=0.027397s, 11412 KB] Actual search time: 0.0199768s
initialize  (0)
fe1-feedmsi-letter sheet1 (500)
im1-movelower-letter sheet1 (3088)
lc1-fmove-letter sheet1 (10890)
lc2-divert-letter sheet1 back front (17452)
lre-simplex-letter sheet1 front image-1 (211849)
lc2-mergeinvert-letter sheet1 (78919)
om-lowerout-letter sheet1 (3251)
sys-stack-letter sheet1 dummy-sheet (1499)
fe1-feedmsi-letter sheet2 (500)
im1-movelower-letter sheet2 (3088)
lc1-fmove-letter sheet2 (10890)
fe1-feedmsi-letter sheet3 (500)
im1-movelower-letter sheet3 (3088)
lc1-fmove-letter sheet3 (10890)
fe1-feedmsi-letter sheet4 (500)
im1-movelower-letter sheet4 (3088)
lc1-fmove-letter sheet4 (10890)
fe1-feedmsi-letter sheet5 (500)
im1-movelower-letter sheet5 (3088)
lc1-fmove-letter sheet5 (10890)
fe1-feedmsi-letter sheet6 (500)
im1-movelower-letter sheet6 (3088)
lc1-fmove-letter sheet6 (10890)
fe1-feedmsi-letter sheet7 (500)
im1-movelower-letter sheet7 (3088)
lc1-fmove-letter sheet7 (10890)
fe1-feedmsi-letter sheet8 (500)
im1-movelower-letter sheet8 (3088)
lc1-fmove-letter sheet8 (10890)
fe1-feedmsi-letter sheet9 (500)
im1-movelower-letter sheet9 (3088)
lc1-fmove-letter sheet9 (10890)
fe1-feedmsi-letter sheet10 (500)
im1-movelower-letter sheet10 (3088)
lc1-fmove-letter sheet10 (10890)
lc2-divert-letter sheet2 back front (17452)
lre-simplex-letter sheet2 front image-2 (211849)
lc2-mergeinvert-letter sheet2 (78919)
om-lowerout-letter sheet2 (3251)
sys-stack-letter sheet2 sheet1 (1499)
lc2-divert-letter sheet3 back front (17452)
lre-simplexmono-letter sheet3 front image-3 (211849)
lc2-mergeinvert-letter sheet3 (78919)
om-lowerout-letter sheet3 (3251)
sys-stack-letter sheet3 sheet2 (1499)
lc2-divert-letter sheet4 back front (17452)
lre-simplexmono-letter sheet4 front image-4 (211849)
lc2-mergeinvert-letter sheet4 (78919)
om-lowerout-letter sheet4 (3251)
sys-stack-letter sheet4 sheet3 (1499)
lc2-divert-letter sheet5 back front (17452)
lre-simplexmono-letter sheet5 front image-5 (211849)
lc2-mergeinvert-letter sheet5 (78919)
om-lowerout-letter sheet5 (3251)
sys-stack-letter sheet5 sheet4 (1499)
lc2-divert-letter sheet6 back front (17452)
lre-simplex-letter sheet6 front image-6 (211849)
lc2-mergeinvert-letter sheet6 (78919)
om-lowerout-letter sheet6 (3251)
sys-stack-letter sheet6 sheet5 (1499)
lc2-divert-letter sheet7 back front (17452)
lre-simplexmono-letter sheet7 front image-7 (211849)
lc2-mergeinvert-letter sheet7 (78919)
om-lowerout-letter sheet7 (3251)
sys-stack-letter sheet7 sheet6 (1499)
lc2-divert-letter sheet8 back front (17452)
lre-simplex-letter sheet8 front image-8 (211849)
lc2-mergeinvert-letter sheet8 (78919)
om-lowerreturn-letter sheet8 (3568)
rh2-returnmove-letter sheet8 (10869)
rh1-returnmove-letter sheet8 (10869)
im1-looplower-letter sheet8 (3131)
lc1-fmove-letter sheet8 (10890)
lc2-divert-letter sheet8 front back (17452)
lre-simplex-letter sheet8 back image-8b (211849)
lc2-merge-letter sheet8 back front (78919)
om-lowerout-letter sheet8 (3251)
sys-stack-letter sheet8 sheet7 (1499)
lc2-divert-letter sheet9 back front (17452)
lre-simplexmono-letter sheet9 front image-9 (211849)
lc2-mergeinvert-letter sheet9 (78919)
om-lowerreturn-letter sheet9 (3568)
rh2-returnmove-letter sheet9 (10869)
rh1-returnmove-letter sheet9 (10869)
im1-looplower-letter sheet9 (3131)
lc1-fmove-letter sheet9 (10890)
lc2-divert-letter sheet9 front back (17452)
lre-simplexmono-letter sheet9 back image-9b (211849)
lc2-merge-letter sheet9 back front (78919)
om-lowerout-letter sheet9 (3251)
sys-stack-letter sheet9 sheet8 (1499)
lc2-divert-letter sheet10 back front (17452)
lre-simplexmono-letter sheet10 front image-10 (211849)
lc2-mergeinvert-letter sheet10 (78919)
om-lowerreturn-letter sheet10 (3568)
rh2-returnmove-letter sheet10 (10869)
rh1-returnmove-letter sheet10 (10869)
im1-looplower-letter sheet10 (3131)
lc1-fmove-letter sheet10 (10890)
lc2-divert-letter sheet10 front back (17452)
lre-simplexmono-letter sheet10 back image-10b (211849)
lc2-merge-letter sheet10 back front (78919)
om-lowerout-letter sheet10 (3251)
sys-stack-letter sheet10 sheet9 (1499)
[t=0.027397s, 11412 KB] Plan length: 105 step(s).
[t=0.027397s, 11412 KB] Plan cost: 4317121
[t=0.027397s, 11412 KB] Expanded 168 state(s).
[t=0.027397s, 11412 KB] Reopened 0 state(s).
[t=0.027397s, 11412 KB] Evaluated 1314 state(s).
[t=0.027397s, 11412 KB] Evaluations: 1314
[t=0.027397s, 11412 KB] Generated 2245 state(s).
[t=0.027397s, 11412 KB] Dead ends: 150 state(s).
[t=0.027397s, 11412 KB] Number of registered states: 1314
[t=0.027397s, 11412 KB] Int hash set load factor: 1314/2048 = 0.641602
[t=0.027397s, 11412 KB] Int hash set resizes: 11
[t=0.027397s, 11412 KB] Search time: 0.0199768s
[t=0.027397s, 11412 KB] Total time: 0.027397s
Solution found.
Peak memory: 11412 KB
Remove intermediate file output.sas
search exit code: 0

INFO     Running validate.
INFO     validate stdin: None
INFO     validate time limit: None
INFO     validate memory limit: None
INFO     validate command line string: /home/henry/bin/validate domain.pddl problem.pddl sas_plan
Checking plan: sas_plan
Plan executed successfully - checking goal
Plan valid
Final value: 4317121 

Successful plans:
Value: 4317121
 sas_plan 4317121 

validate exit code: 0

INFO     Planner time: 0.25s
