INFO     planner time limit: 1800s
INFO     planner memory limit: 2048 MB

INFO     Running translator.
INFO     translator stdin: None
INFO     translator time limit: 1799s
INFO     translator memory limit: 2048 MB
INFO     translator command line string: /home/henry/Documents/UFRGS/TCC/downward/.venv/bin/python /home/henry/Documents/UFRGS/TCC/downward/experiments/lab/data/main/code-5bb2ccb6957559b6969ffd7e29254c73f84d5e49_e5e41175/builds/release/bin/translate/translate.py domain.pddl problem.pddl --sas-file output.sas
Parsing...
Parsing: [0.010s CPU, 0.002s wall-clock]
Normalizing task... [0.000s CPU, 0.000s wall-clock]
Instantiating...
Generating Datalog program... [0.000s CPU, 0.001s wall-clock]
Normalizing Datalog program...
Normalizing Datalog program: [0.000s CPU, 0.003s wall-clock]
Preparing model... [0.000s CPU, 0.002s wall-clock]
Generated 79 rules.
Computing model... [1.770s CPU, 1.772s wall-clock]
201785 relevant atoms
60076 auxiliary atoms
261861 final queue length
847132 total queue pushes
Completing instantiation... [5.050s CPU, 5.057s wall-clock]
Instantiating: [6.870s CPU, 6.885s wall-clock]
Computing fact groups...
Finding invariants...
14 initial candidates
Finding invariants: [0.150s CPU, 0.144s wall-clock]
Checking invariant weight... [0.000s CPU, 0.000s wall-clock]
Instantiating groups... [0.000s CPU, 0.000s wall-clock]
Collecting mutex groups... [0.000s CPU, 0.001s wall-clock]
Choosing groups...
4156 uncovered facts
Choosing groups: [0.000s CPU, 0.001s wall-clock]
Building translation key... [0.010s CPU, 0.010s wall-clock]
Computing fact groups: [0.180s CPU, 0.181s wall-clock]
Building STRIPS to SAS dictionary... [0.000s CPU, 0.002s wall-clock]
Building dictionary for full mutex groups... [0.010s CPU, 0.002s wall-clock]
Building mutex information...
Building mutex information: [0.000s CPU, 0.002s wall-clock]
Translating task...
Processing axioms...
Simplifying axioms... [0.000s CPU, 0.000s wall-clock]
Translator axioms removed by simplifying: 0
Computing negative axioms... [0.000s CPU, 0.000s wall-clock]
Processing axioms: [0.090s CPU, 0.089s wall-clock]
Translating task: [3.140s CPU, 3.144s wall-clock]
178124 effect conditions simplified
0 implied preconditions added
Detecting unreachable propositions...
0 operators removed
0 axioms removed
4 propositions removed
Detecting unreachable propositions: [1.700s CPU, 1.701s wall-clock]
Reordering and filtering variables...
4160 of 4160 variables necessary.
0 of 4 mutex groups necessary.
71292 of 71292 operators necessary.
0 of 0 axiom rules necessary.
Reordering and filtering variables: [2.220s CPU, 2.216s wall-clock]
Translator variables: 4160
Translator derived variables: 0
Translator facts: 8536
Translator goal facts: 28
Translator mutex groups: 0
Translator total mutex groups size: 0
Translator operators: 71292
Translator axioms: 0
Translator task size: 617728
Translator peak memory: 428180 KB
Writing output... [0.460s CPU, 0.462s wall-clock]
Done! [14.730s CPU, 14.736s wall-clock]
translate exit code: 0

INFO     Running search (release).
INFO     search stdin: output.sas
INFO     search time limit: 1785s
INFO     search memory limit: 2048 MB
INFO     search command line string: /home/henry/Documents/UFRGS/TCC/downward/experiments/lab/data/main/code-5bb2ccb6957559b6969ffd7e29254c73f84d5e49_e5e41175/builds/release/bin/downward --search 'eager_greedy([lsh(patterns=systematic(2), transform=adapt_costs(cost_type=ONE))])' --internal-plan-file sas_plan < output.sas
[t=0.00210362s, 10544 KB] reading input...
[t=0.329932s, 39080 KB] done reading input!
[t=0.329932s, 39476 KB] Generating patterns using: systematic pattern collection generator
[t=0.329932s, 39476 KB] building causal graph...done! [t=0.215825s]
[t=0.637677s, 71272 KB] Found 17120 SGA patterns.
[t=1.32148s, 71272 KB] Found 17120 interesting patterns.
[t=1.32548s, 71272 KB] systematic pattern collection generator number of patterns: 17120
[t=1.32548s, 71272 KB] systematic pattern collection generator total PDB size: 80520
[t=1.32548s, 71272 KB] systematic pattern collection generator computation time: 0.995551s
[t=1.32548s, 71272 KB] Computing PDBs for pattern collection...
[t=200.115s, 71272 KB] Done computing PDBs for pattern collection: 198.79s
[t=238.09s, 814196 KB] Building successor generator...done!
[t=238.118s, 817540 KB] peak memory difference for successor generator creation: 3344 KB
[t=238.118s, 817540 KB] time for successor generation creation: 0.0239797s
[t=238.118s, 817540 KB] Variables: 4160
[t=238.118s, 817540 KB] FactPairs: 8536
[t=238.118s, 817540 KB] Bytes per state: 524
[t=238.118s, 817540 KB] Conducting best first search without reopening closed nodes, (real) bound = 2147483647
[t=238.118s, 817540 KB] New best heuristic value for lsh(patterns=systematic(2),transform=adapt_costs(cost_type=one)): 20
[t=238.118s, 817540 KB] g=0, 1 evaluated, 0 expanded
[t=238.118s, 817540 KB] Initial heuristic value for lsh(patterns=systematic(2),transform=adapt_costs(cost_type=one)): 20
[t=238.118s, 817540 KB] pruning method: none
[t=238.118s, 817540 KB] New best heuristic value for lsh(patterns=systematic(2),transform=adapt_costs(cost_type=one)): 19
[t=238.118s, 817540 KB] g=2, 2 evaluated, 1 expanded
[t=238.118s, 817540 KB] New best heuristic value for lsh(patterns=systematic(2),transform=adapt_costs(cost_type=one)): 18
[t=238.118s, 817540 KB] g=4, 8 evaluated, 2 expanded
[t=238.122s, 817540 KB] New best heuristic value for lsh(patterns=systematic(2),transform=adapt_costs(cost_type=one)): 17
[t=238.122s, 817540 KB] g=7, 18 evaluated, 3 expanded
[t=238.122s, 817540 KB] New best heuristic value for lsh(patterns=systematic(2),transform=adapt_costs(cost_type=one)): 15
[t=238.122s, 817540 KB] g=10, 25 evaluated, 4 expanded
[t=238.13s, 817540 KB] New best heuristic value for lsh(patterns=systematic(2),transform=adapt_costs(cost_type=one)): 14
[t=238.13s, 817540 KB] g=16, 64 evaluated, 8 expanded
[t=238.146s, 817540 KB] New best heuristic value for lsh(patterns=systematic(2),transform=adapt_costs(cost_type=one)): 13
[t=238.146s, 817540 KB] g=18, 139 evaluated, 17 expanded
[t=239.006s, 817540 KB] New best heuristic value for lsh(patterns=systematic(2),transform=adapt_costs(cost_type=one)): 11
[t=239.006s, 817540 KB] g=33, 3845 evaluated, 611 expanded
[t=239.098s, 817540 KB] New best heuristic value for lsh(patterns=systematic(2),transform=adapt_costs(cost_type=one)): 10
[t=239.098s, 817540 KB] g=42, 4243 evaluated, 656 expanded
[t=242.948s, 824940 KB] New best heuristic value for lsh(patterns=systematic(2),transform=adapt_costs(cost_type=one)): 8
[t=242.948s, 824940 KB] g=57, 21104 evaluated, 3355 expanded
[t=243.236s, 825604 KB] New best heuristic value for lsh(patterns=systematic(2),transform=adapt_costs(cost_type=one)): 7
[t=243.236s, 825604 KB] g=66, 22373 evaluated, 3527 expanded
[t=243.852s, 827072 KB] New best heuristic value for lsh(patterns=systematic(2),transform=adapt_costs(cost_type=one)): 6
[t=243.852s, 827072 KB] g=70, 25101 evaluated, 3932 expanded
[t=245.851s, 831928 KB] New best heuristic value for lsh(patterns=systematic(2),transform=adapt_costs(cost_type=one)): 5
[t=245.851s, 831928 KB] g=76, 33948 evaluated, 5462 expanded
Failed to allocate memory.
Memory limit has been reached.
Peak memory: 2097032 KB
Remove intermediate file output.sas
search exit code: 22

Driver aborting after search
INFO     Planner time: 788.02s
