INFO     planner time limit: 1800s
INFO     planner memory limit: 2048 MB

INFO     Running translator.
INFO     translator stdin: None
INFO     translator time limit: 1799s
INFO     translator memory limit: 2048 MB
INFO     translator command line string: /home/henry/Documents/UFRGS/TCC/downward/.venv/bin/python /home/henry/Documents/UFRGS/TCC/downward/experiments/lab/data/main/code-5bb2ccb6957559b6969ffd7e29254c73f84d5e49_e5e41175/builds/release/bin/translate/translate.py domain.pddl problem.pddl --sas-file output.sas
Parsing...
Parsing: [0.010s CPU, 0.004s wall-clock]
Normalizing task... [0.000s CPU, 0.000s wall-clock]
Instantiating...
Generating Datalog program... [0.000s CPU, 0.001s wall-clock]
Normalizing Datalog program...
Normalizing Datalog program: [0.000s CPU, 0.006s wall-clock]
Preparing model... [0.010s CPU, 0.003s wall-clock]
Generated 198 rules.
Computing model... [0.190s CPU, 0.193s wall-clock]
15312 relevant atoms
10668 auxiliary atoms
25980 final queue length
82893 total queue pushes
Completing instantiation... [0.650s CPU, 0.648s wall-clock]
Instantiating: [0.850s CPU, 0.857s wall-clock]
Computing fact groups...
Finding invariants...
24 initial candidates
Finding invariants: [0.020s CPU, 0.018s wall-clock]
Checking invariant weight... [0.000s CPU, 0.001s wall-clock]
Instantiating groups... [0.010s CPU, 0.007s wall-clock]
Collecting mutex groups... [0.000s CPU, 0.000s wall-clock]
Choosing groups...
253 uncovered facts
Choosing groups: [0.000s CPU, 0.001s wall-clock]
Building translation key... [0.000s CPU, 0.001s wall-clock]
Computing fact groups: [0.030s CPU, 0.030s wall-clock]
Building STRIPS to SAS dictionary... [0.000s CPU, 0.000s wall-clock]
Building dictionary for full mutex groups... [0.000s CPU, 0.000s wall-clock]
Building mutex information...
Building mutex information: [0.000s CPU, 0.000s wall-clock]
Translating task...
Processing axioms...
Simplifying axioms... [0.000s CPU, 0.000s wall-clock]
Translator axioms removed by simplifying: 0
Computing negative axioms... [0.000s CPU, 0.000s wall-clock]
Processing axioms: [0.030s CPU, 0.028s wall-clock]
Translating task: [0.660s CPU, 0.661s wall-clock]
7617 effect conditions simplified
0 implied preconditions added
Detecting unreachable propositions...
0 operators removed
0 axioms removed
95 propositions removed
Detecting unreachable propositions: [0.390s CPU, 0.392s wall-clock]
Reordering and filtering variables...
280 of 289 variables necessary.
69 of 98 mutex groups necessary.
14211 of 14211 operators necessary.
0 of 0 axiom rules necessary.
Reordering and filtering variables: [0.090s CPU, 0.100s wall-clock]
Translator variables: 280
Translator derived variables: 0
Translator facts: 793
Translator goal facts: 79
Translator mutex groups: 69
Translator total mutex groups size: 256
Translator operators: 14211
Translator axioms: 0
Translator task size: 121191
Translator peak memory: 112324 KB
Writing output... [0.090s CPU, 0.095s wall-clock]
Done! [2.170s CPU, 2.176s wall-clock]
translate exit code: 0

INFO     Running search (release).
INFO     search stdin: output.sas
INFO     search time limit: 1797s
INFO     search memory limit: 2048 MB
INFO     search command line string: /home/henry/Documents/UFRGS/TCC/downward/experiments/lab/data/main/code-5bb2ccb6957559b6969ffd7e29254c73f84d5e49_e5e41175/builds/release/bin/downward --search 'eager_greedy([operatorcounting(constraint_generators=[pho_constraints(patterns=systematic(2))], use_integer_operator_counts=true, transform=adapt_costs(cost_type=NORMAL))])' --internal-plan-file sas_plan < output.sas
[t=0.0024389s, 45596 KB] reading input...
[t=0.0623892s, 50892 KB] done reading input!
[t=0.0665364s, 52112 KB] Generating patterns using: systematic pattern collection generator
[t=0.0665364s, 52112 KB] building causal graph...done! [t=0.0159924s]
[t=0.0865078s, 53700 KB] Found 3373 SGA patterns.
[t=0.106487s, 53700 KB] Found 3373 interesting patterns.
[t=0.106487s, 53700 KB] systematic pattern collection generator number of patterns: 3373
[t=0.106487s, 53700 KB] systematic pattern collection generator total PDB size: 34632
[t=0.106487s, 53700 KB] systematic pattern collection generator computation time: 0.0399505s
[t=0.106487s, 53700 KB] Computing PDBs for pattern collection...
[t=7.35449s, 54092 KB] Done computing PDBs for pattern collection: 7.24801s
[t=8.57734s, 120540 KB] Building successor generator...done!
[t=8.58133s, 120540 KB] peak memory difference for successor generator creation: 0 KB
[t=8.58133s, 120540 KB] time for successor generation creation: 0.00398443s
[t=8.58133s, 120540 KB] Variables: 280
[t=8.58133s, 120540 KB] FactPairs: 793
[t=8.58133s, 120540 KB] Bytes per state: 52
[t=8.58133s, 120540 KB] Conducting best first search without reopening closed nodes, (real) bound = 2147483647
[t=8.81317s, 169588 KB] New best heuristic value for operatorcounting(constraint_generators=[pho_constraints(patterns=systematic(2))],use_integer_operator_counts=true,transform=adapt_costs(cost_type=normal)): 740
[t=8.81317s, 169588 KB] g=0, 1 evaluated, 0 expanded
[t=8.81317s, 169588 KB] Initial heuristic value for operatorcounting(constraint_generators=[pho_constraints(patterns=systematic(2))],use_integer_operator_counts=true,transform=adapt_costs(cost_type=normal)): 740
[t=8.81317s, 169588 KB] pruning method: none
[t=9.09298s, 181964 KB] New best heuristic value for operatorcounting(constraint_generators=[pho_constraints(patterns=systematic(2))],use_integer_operator_counts=true,transform=adapt_costs(cost_type=normal)): 730
[t=9.09298s, 181964 KB] g=10, 2 evaluated, 1 expanded
[t=9.42823s, 196616 KB] New best heuristic value for operatorcounting(constraint_generators=[pho_constraints(patterns=systematic(2))],use_integer_operator_counts=true,transform=adapt_costs(cost_type=normal)): 710
[t=9.42823s, 196616 KB] g=30, 3 evaluated, 1 expanded
[t=37.5431s, 197348 KB] New best heuristic value for operatorcounting(constraint_generators=[pho_constraints(patterns=systematic(2))],use_integer_operator_counts=true,transform=adapt_costs(cost_type=normal)): 700
[t=37.5431s, 197348 KB] g=40, 196 evaluated, 2 expanded
[t=37.9187s, 197348 KB] New best heuristic value for operatorcounting(constraint_generators=[pho_constraints(patterns=systematic(2))],use_integer_operator_counts=true,transform=adapt_costs(cost_type=normal)): 665
[t=37.9187s, 197348 KB] g=75, 197 evaluated, 2 expanded
[t=66.6588s, 197348 KB] New best heuristic value for operatorcounting(constraint_generators=[pho_constraints(patterns=systematic(2))],use_integer_operator_counts=true,transform=adapt_costs(cost_type=normal)): 655
[t=66.6588s, 197348 KB] g=85, 399 evaluated, 3 expanded
[t=67.2463s, 197348 KB] New best heuristic value for operatorcounting(constraint_generators=[pho_constraints(patterns=systematic(2))],use_integer_operator_counts=true,transform=adapt_costs(cost_type=normal)): 645
[t=67.2463s, 197348 KB] g=95, 404 evaluated, 3 expanded
[t=95.5197s, 197456 KB] New best heuristic value for operatorcounting(constraint_generators=[pho_constraints(patterns=systematic(2))],use_integer_operator_counts=true,transform=adapt_costs(cost_type=normal)): 635
[t=95.5197s, 197456 KB] g=105, 601 evaluated, 4 expanded
[t=123.274s, 197456 KB] New best heuristic value for operatorcounting(constraint_generators=[pho_constraints(patterns=systematic(2))],use_integer_operator_counts=true,transform=adapt_costs(cost_type=normal)): 620
[t=123.274s, 197456 KB] g=120, 794 evaluated, 5 expanded
[t=151.954s, 197456 KB] New best heuristic value for operatorcounting(constraint_generators=[pho_constraints(patterns=systematic(2))],use_integer_operator_counts=true,transform=adapt_costs(cost_type=normal)): 610
[t=151.954s, 197456 KB] g=130, 1000 evaluated, 6 expanded
[t=180.505s, 197456 KB] New best heuristic value for operatorcounting(constraint_generators=[pho_constraints(patterns=systematic(2))],use_integer_operator_counts=true,transform=adapt_costs(cost_type=normal)): 600
[t=180.505s, 197456 KB] g=140, 1201 evaluated, 7 expanded
[t=210.859s, 197456 KB] New best heuristic value for operatorcounting(constraint_generators=[pho_constraints(patterns=systematic(2))],use_integer_operator_counts=true,transform=adapt_costs(cost_type=normal)): 590
[t=210.859s, 197456 KB] g=170, 1410 evaluated, 8 expanded
[t=245.019s, 197456 KB] New best heuristic value for operatorcounting(constraint_generators=[pho_constraints(patterns=systematic(2))],use_integer_operator_counts=true,transform=adapt_costs(cost_type=normal)): 580
[t=245.019s, 197456 KB] g=200, 1660 evaluated, 9 expanded
[t=265.058s, 197456 KB] New best heuristic value for operatorcounting(constraint_generators=[pho_constraints(patterns=systematic(2))],use_integer_operator_counts=true,transform=adapt_costs(cost_type=normal)): 575
[t=265.058s, 197456 KB] g=185, 1814 evaluated, 9 expanded
[t=273.942s, 197456 KB] New best heuristic value for operatorcounting(constraint_generators=[pho_constraints(patterns=systematic(2))],use_integer_operator_counts=true,transform=adapt_costs(cost_type=normal)): 565
[t=273.942s, 197456 KB] g=215, 1881 evaluated, 10 expanded
[t=300.263s, 197456 KB] New best heuristic value for operatorcounting(constraint_generators=[pho_constraints(patterns=systematic(2))],use_integer_operator_counts=true,transform=adapt_costs(cost_type=normal)): 555
[t=300.263s, 197456 KB] g=245, 2101 evaluated, 11 expanded
[t=329.905s, 197456 KB] New best heuristic value for operatorcounting(constraint_generators=[pho_constraints(patterns=systematic(2))],use_integer_operator_counts=true,transform=adapt_costs(cost_type=normal)): 545
[t=329.909s, 197456 KB] g=275, 2333 evaluated, 12 expanded
[t=350.417s, 197456 KB] New best heuristic value for operatorcounting(constraint_generators=[pho_constraints(patterns=systematic(2))],use_integer_operator_counts=true,transform=adapt_costs(cost_type=normal)): 540
[t=350.417s, 197456 KB] g=260, 2497 evaluated, 12 expanded
[t=358.783s, 197456 KB] New best heuristic value for operatorcounting(constraint_generators=[pho_constraints(patterns=systematic(2))],use_integer_operator_counts=true,transform=adapt_costs(cost_type=normal)): 530
[t=358.783s, 197456 KB] g=290, 2572 evaluated, 13 expanded
[t=391.979s, 197536 KB] New best heuristic value for operatorcounting(constraint_generators=[pho_constraints(patterns=systematic(2))],use_integer_operator_counts=true,transform=adapt_costs(cost_type=normal)): 520
[t=391.979s, 197536 KB] g=320, 2870 evaluated, 14 expanded
[t=403.539s, 197704 KB] New best heuristic value for operatorcounting(constraint_generators=[pho_constraints(patterns=systematic(2))],use_integer_operator_counts=true,transform=adapt_costs(cost_type=normal)): 510
[t=403.539s, 197704 KB] g=310, 2956 evaluated, 14 expanded
[t=418.882s, 197704 KB] New best heuristic value for operatorcounting(constraint_generators=[pho_constraints(patterns=systematic(2))],use_integer_operator_counts=true,transform=adapt_costs(cost_type=normal)): 500
[t=418.882s, 197704 KB] g=340, 3099 evaluated, 15 expanded
[t=430.445s, 197704 KB] New best heuristic value for operatorcounting(constraint_generators=[pho_constraints(patterns=systematic(2))],use_integer_operator_counts=true,transform=adapt_costs(cost_type=normal)): 480
[t=430.445s, 197704 KB] g=340, 3185 evaluated, 15 expanded
[t=445.536s, 197704 KB] New best heuristic value for operatorcounting(constraint_generators=[pho_constraints(patterns=systematic(2))],use_integer_operator_counts=true,transform=adapt_costs(cost_type=normal)): 470
[t=445.536s, 197704 KB] g=370, 3332 evaluated, 16 expanded
[t=470.451s, 197704 KB] New best heuristic value for operatorcounting(constraint_generators=[pho_constraints(patterns=systematic(2))],use_integer_operator_counts=true,transform=adapt_costs(cost_type=normal)): 460
[t=470.451s, 197704 KB] g=400, 3558 evaluated, 17 expanded
[t=495.55s, 197704 KB] New best heuristic value for operatorcounting(constraint_generators=[pho_constraints(patterns=systematic(2))],use_integer_operator_counts=true,transform=adapt_costs(cost_type=normal)): 450
[t=495.55s, 197704 KB] g=430, 3793 evaluated, 18 expanded
[t=506.891s, 197704 KB] New best heuristic value for operatorcounting(constraint_generators=[pho_constraints(patterns=systematic(2))],use_integer_operator_counts=true,transform=adapt_costs(cost_type=normal)): 440
[t=506.891s, 197704 KB] g=420, 3883 evaluated, 18 expanded
[t=521.196s, 197704 KB] New best heuristic value for operatorcounting(constraint_generators=[pho_constraints(patterns=systematic(2))],use_integer_operator_counts=true,transform=adapt_costs(cost_type=normal)): 430
[t=521.196s, 197704 KB] g=450, 4035 evaluated, 19 expanded
[t=543.986s, 197704 KB] New best heuristic value for operatorcounting(constraint_generators=[pho_constraints(patterns=systematic(2))],use_integer_operator_counts=true,transform=adapt_costs(cost_type=normal)): 420
[t=543.986s, 197704 KB] g=480, 4261 evaluated, 20 expanded
[t=555.029s, 197704 KB] New best heuristic value for operatorcounting(constraint_generators=[pho_constraints(patterns=systematic(2))],use_integer_operator_counts=true,transform=adapt_costs(cost_type=normal)): 400
[t=555.029s, 197704 KB] g=480, 4365 evaluated, 20 expanded
[t=566.832s, 197704 KB] New best heuristic value for operatorcounting(constraint_generators=[pho_constraints(patterns=systematic(2))],use_integer_operator_counts=true,transform=adapt_costs(cost_type=normal)): 390
[t=566.832s, 197704 KB] g=510, 4492 evaluated, 21 expanded
[t=578.932s, 197704 KB] New best heuristic value for operatorcounting(constraint_generators=[pho_constraints(patterns=systematic(2))],use_integer_operator_counts=true,transform=adapt_costs(cost_type=normal)): 385
[t=578.932s, 197704 KB] g=495, 4602 evaluated, 21 expanded
[t=588.85s, 197704 KB] New best heuristic value for operatorcounting(constraint_generators=[pho_constraints(patterns=systematic(2))],use_integer_operator_counts=true,transform=adapt_costs(cost_type=normal)): 375
[t=588.85s, 197704 KB] g=525, 4723 evaluated, 22 expanded
[t=607.901s, 197704 KB] New best heuristic value for operatorcounting(constraint_generators=[pho_constraints(patterns=systematic(2))],use_integer_operator_counts=true,transform=adapt_costs(cost_type=normal)): 365
[t=607.901s, 197704 KB] g=555, 4938 evaluated, 23 expanded
[t=617.668s, 197760 KB] New best heuristic value for operatorcounting(constraint_generators=[pho_constraints(patterns=systematic(2))],use_integer_operator_counts=true,transform=adapt_costs(cost_type=normal)): 360
[t=617.668s, 197760 KB] g=540, 5039 evaluated, 23 expanded
[t=626.326s, 197812 KB] New best heuristic value for operatorcounting(constraint_generators=[pho_constraints(patterns=systematic(2))],use_integer_operator_counts=true,transform=adapt_costs(cost_type=normal)): 350
[t=626.326s, 197812 KB] g=570, 5157 evaluated, 24 expanded
[t=643.302s, 197812 KB] New best heuristic value for operatorcounting(constraint_generators=[pho_constraints(patterns=systematic(2))],use_integer_operator_counts=true,transform=adapt_costs(cost_type=normal)): 340
[t=643.302s, 197812 KB] g=600, 5370 evaluated, 25 expanded
[t=648.959s, 197812 KB] New best heuristic value for operatorcounting(constraint_generators=[pho_constraints(patterns=systematic(2))],use_integer_operator_counts=true,transform=adapt_costs(cost_type=normal)): 335
[t=648.959s, 197812 KB] g=585, 5436 evaluated, 25 expanded
[t=659.291s, 197812 KB] New best heuristic value for operatorcounting(constraint_generators=[pho_constraints(patterns=systematic(2))],use_integer_operator_counts=true,transform=adapt_costs(cost_type=normal)): 325
[t=659.291s, 197812 KB] g=615, 5587 evaluated, 26 expanded
[t=672.709s, 197812 KB] New best heuristic value for operatorcounting(constraint_generators=[pho_constraints(patterns=systematic(2))],use_integer_operator_counts=true,transform=adapt_costs(cost_type=normal)): 315
[t=672.709s, 197812 KB] g=645, 5800 evaluated, 27 expanded
[t=685.297s, 197812 KB] New best heuristic value for operatorcounting(constraint_generators=[pho_constraints(patterns=systematic(2))],use_integer_operator_counts=true,transform=adapt_costs(cost_type=normal)): 305
[t=685.297s, 197812 KB] g=675, 6007 evaluated, 28 expanded
[t=692.993s, 197812 KB] New best heuristic value for operatorcounting(constraint_generators=[pho_constraints(patterns=systematic(2))],use_integer_operator_counts=true,transform=adapt_costs(cost_type=normal)): 300
[t=692.993s, 197812 KB] g=660, 6114 evaluated, 28 expanded
[t=698.204s, 197812 KB] New best heuristic value for operatorcounting(constraint_generators=[pho_constraints(patterns=systematic(2))],use_integer_operator_counts=true,transform=adapt_costs(cost_type=normal)): 290
[t=698.204s, 197812 KB] g=690, 6219 evaluated, 29 expanded
[t=710.295s, 197812 KB] New best heuristic value for operatorcounting(constraint_generators=[pho_constraints(patterns=systematic(2))],use_integer_operator_counts=true,transform=adapt_costs(cost_type=normal)): 280
[t=710.295s, 197812 KB] g=720, 6423 evaluated, 30 expanded
[t=714.152s, 197912 KB] New best heuristic value for operatorcounting(constraint_generators=[pho_constraints(patterns=systematic(2))],use_integer_operator_counts=true,transform=adapt_costs(cost_type=normal)): 275
[t=714.152s, 197912 KB] g=705, 6482 evaluated, 30 expanded
[t=722.881s, 197912 KB] New best heuristic value for operatorcounting(constraint_generators=[pho_constraints(patterns=systematic(2))],use_integer_operator_counts=true,transform=adapt_costs(cost_type=normal)): 265
[t=722.881s, 197912 KB] g=735, 6631 evaluated, 31 expanded
[t=734.437s, 197924 KB] New best heuristic value for operatorcounting(constraint_generators=[pho_constraints(patterns=systematic(2))],use_integer_operator_counts=true,transform=adapt_costs(cost_type=normal)): 255
[t=734.437s, 197924 KB] g=765, 6844 evaluated, 32 expanded
[t=747.493s, 198020 KB] New best heuristic value for operatorcounting(constraint_generators=[pho_constraints(patterns=systematic(2))],use_integer_operator_counts=true,transform=adapt_costs(cost_type=normal)): 245
[t=747.493s, 198020 KB] g=795, 7067 evaluated, 33 expanded
[t=760.107s, 198020 KB] New best heuristic value for operatorcounting(constraint_generators=[pho_constraints(patterns=systematic(2))],use_integer_operator_counts=true,transform=adapt_costs(cost_type=normal)): 235
[t=760.107s, 198020 KB] g=825, 7271 evaluated, 34 expanded
[t=773.593s, 198136 KB] New best heuristic value for operatorcounting(constraint_generators=[pho_constraints(patterns=systematic(2))],use_integer_operator_counts=true,transform=adapt_costs(cost_type=normal)): 225
[t=773.593s, 198136 KB] g=855, 7480 evaluated, 35 expanded
[t=774.88s, 198360 KB] New best heuristic value for operatorcounting(constraint_generators=[pho_constraints(patterns=systematic(2))],use_integer_operator_counts=true,transform=adapt_costs(cost_type=normal)): 215
[t=774.88s, 198360 KB] g=845, 7504 evaluated, 35 expanded
[t=787.425s, 198360 KB] New best heuristic value for operatorcounting(constraint_generators=[pho_constraints(patterns=systematic(2))],use_integer_operator_counts=true,transform=adapt_costs(cost_type=normal)): 205
[t=787.425s, 198360 KB] g=875, 7699 evaluated, 36 expanded
[t=800.602s, 198652 KB] New best heuristic value for operatorcounting(constraint_generators=[pho_constraints(patterns=systematic(2))],use_integer_operator_counts=true,transform=adapt_costs(cost_type=normal)): 195
[t=800.602s, 198652 KB] g=885, 7910 evaluated, 37 expanded
[t=813.572s, 198652 KB] New best heuristic value for operatorcounting(constraint_generators=[pho_constraints(patterns=systematic(2))],use_integer_operator_counts=true,transform=adapt_costs(cost_type=normal)): 190
[t=813.572s, 198652 KB] g=895, 8119 evaluated, 38 expanded
[t=814.503s, 198652 KB] New best heuristic value for operatorcounting(constraint_generators=[pho_constraints(patterns=systematic(2))],use_integer_operator_counts=true,transform=adapt_costs(cost_type=normal)): 185
[t=814.503s, 198652 KB] g=905, 8130 evaluated, 38 expanded
[t=825.754s, 198652 KB] New best heuristic value for operatorcounting(constraint_generators=[pho_constraints(patterns=systematic(2))],use_integer_operator_counts=true,transform=adapt_costs(cost_type=normal)): 180
[t=825.754s, 198652 KB] g=915, 8319 evaluated, 39 expanded
[t=827.331s, 198652 KB] New best heuristic value for operatorcounting(constraint_generators=[pho_constraints(patterns=systematic(2))],use_integer_operator_counts=true,transform=adapt_costs(cost_type=normal)): 175
[t=827.331s, 198652 KB] g=915, 8342 evaluated, 39 expanded
[t=837.144s, 198652 KB] New best heuristic value for operatorcounting(constraint_generators=[pho_constraints(patterns=systematic(2))],use_integer_operator_counts=true,transform=adapt_costs(cost_type=normal)): 170
[t=837.144s, 198652 KB] g=925, 8510 evaluated, 40 expanded
[t=838.874s, 198652 KB] New best heuristic value for operatorcounting(constraint_generators=[pho_constraints(patterns=systematic(2))],use_integer_operator_counts=true,transform=adapt_costs(cost_type=normal)): 165
[t=838.874s, 198652 KB] g=925, 8540 evaluated, 40 expanded
[t=847.677s, 198652 KB] New best heuristic value for operatorcounting(constraint_generators=[pho_constraints(patterns=systematic(2))],use_integer_operator_counts=true,transform=adapt_costs(cost_type=normal)): 160
[t=847.677s, 198652 KB] g=935, 8692 evaluated, 41 expanded
[t=850.21s, 198652 KB] New best heuristic value for operatorcounting(constraint_generators=[pho_constraints(patterns=systematic(2))],use_integer_operator_counts=true,transform=adapt_costs(cost_type=normal)): 155
[t=850.21s, 198652 KB] g=935, 8728 evaluated, 41 expanded
[t=857.734s, 198652 KB] New best heuristic value for operatorcounting(constraint_generators=[pho_constraints(patterns=systematic(2))],use_integer_operator_counts=true,transform=adapt_costs(cost_type=normal)): 150
[t=857.734s, 198652 KB] g=945, 8867 evaluated, 42 expanded
[t=860.355s, 198652 KB] New best heuristic value for operatorcounting(constraint_generators=[pho_constraints(patterns=systematic(2))],use_integer_operator_counts=true,transform=adapt_costs(cost_type=normal)): 145
[t=860.355s, 198652 KB] g=955, 8902 evaluated, 42 expanded
[t=867.34s, 198652 KB] New best heuristic value for operatorcounting(constraint_generators=[pho_constraints(patterns=systematic(2))],use_integer_operator_counts=true,transform=adapt_costs(cost_type=normal)): 140
[t=867.34s, 198652 KB] g=965, 9034 evaluated, 43 expanded
[t=870.86s, 198652 KB] New best heuristic value for operatorcounting(constraint_generators=[pho_constraints(patterns=systematic(2))],use_integer_operator_counts=true,transform=adapt_costs(cost_type=normal)): 135
[t=870.86s, 198652 KB] g=985, 9079 evaluated, 43 expanded
[t=876.029s, 198652 KB] New best heuristic value for operatorcounting(constraint_generators=[pho_constraints(patterns=systematic(2))],use_integer_operator_counts=true,transform=adapt_costs(cost_type=normal)): 130
[t=876.029s, 198652 KB] g=995, 9192 evaluated, 44 expanded
[t=880.088s, 198652 KB] New best heuristic value for operatorcounting(constraint_generators=[pho_constraints(patterns=systematic(2))],use_integer_operator_counts=true,transform=adapt_costs(cost_type=normal)): 115
[t=880.088s, 198652 KB] g=1005, 9244 evaluated, 44 expanded
[t=884.998s, 198652 KB] New best heuristic value for operatorcounting(constraint_generators=[pho_constraints(patterns=systematic(2))],use_integer_operator_counts=true,transform=adapt_costs(cost_type=normal)): 110
[t=884.998s, 198652 KB] g=1015, 9356 evaluated, 45 expanded
[t=889.177s, 198652 KB] New best heuristic value for operatorcounting(constraint_generators=[pho_constraints(patterns=systematic(2))],use_integer_operator_counts=true,transform=adapt_costs(cost_type=normal)): 105
[t=889.177s, 198652 KB] g=1015, 9409 evaluated, 45 expanded
[t=893.527s, 198652 KB] New best heuristic value for operatorcounting(constraint_generators=[pho_constraints(patterns=systematic(2))],use_integer_operator_counts=true,transform=adapt_costs(cost_type=normal)): 100
[t=893.527s, 198652 KB] g=1025, 9511 evaluated, 46 expanded
[t=964.633s, 198768 KB] New best heuristic value for operatorcounting(constraint_generators=[pho_constraints(patterns=systematic(2))],use_integer_operator_counts=true,transform=adapt_costs(cost_type=normal)): 85
[t=964.633s, 198768 KB] g=1070, 10809 evaluated, 56 expanded
[t=972.303s, 198768 KB] New best heuristic value for operatorcounting(constraint_generators=[pho_constraints(patterns=systematic(2))],use_integer_operator_counts=true,transform=adapt_costs(cost_type=normal)): 55
[t=972.303s, 198768 KB] g=1100, 10940 evaluated, 57 expanded
[t=980.021s, 198768 KB] New best heuristic value for operatorcounting(constraint_generators=[pho_constraints(patterns=systematic(2))],use_integer_operator_counts=true,transform=adapt_costs(cost_type=normal)): 40
[t=980.021s, 198768 KB] g=1115, 11081 evaluated, 58 expanded
[t=1149.65s, 198768 KB] New best heuristic value for operatorcounting(constraint_generators=[pho_constraints(patterns=systematic(2))],use_integer_operator_counts=true,transform=adapt_costs(cost_type=normal)): 30
[t=1149.65s, 198768 KB] g=1175, 14155 evaluated, 87 expanded
[t=1156.55s, 198768 KB] New best heuristic value for operatorcounting(constraint_generators=[pho_constraints(patterns=systematic(2))],use_integer_operator_counts=true,transform=adapt_costs(cost_type=normal)): 20
[t=1156.55s, 198768 KB] g=1185, 14278 evaluated, 88 expanded
[t=1347.88s, 198864 KB] New best heuristic value for operatorcounting(constraint_generators=[pho_constraints(patterns=systematic(2))],use_integer_operator_counts=true,transform=adapt_costs(cost_type=normal)): 10
[t=1347.88s, 198864 KB] g=1235, 17427 evaluated, 120 expanded
[t=1353.99s, 198864 KB] New best heuristic value for operatorcounting(constraint_generators=[pho_constraints(patterns=systematic(2))],use_integer_operator_counts=true,transform=adapt_costs(cost_type=normal)): 0
[t=1353.99s, 198864 KB] g=1245, 17535 evaluated, 121 expanded
[t=1358.43s, 198864 KB] Solution found!
[t=1358.43s, 198864 KB] Actual search time: 1349.62s
do-plane p21 planer0 rough mauve colourfragments (30)
do-grind p21 grinder0 smooth natural untreated untreated (45)
do-glaze p21 glazer0 black (20)
do-plane p6 planer0 rough red varnished (10)
do-grind p6 grinder0 smooth natural untreated untreated (15)
do-glaze p6 glazer0 black (10)
do-plane p19 planer0 rough green varnished (10)
do-saw-medium b0 p0 saw0 cherry rough s5 s4 s3 (30)
do-glaze p0 glazer0 mauve (15)
do-saw-large b1 p12 saw0 mahogany rough s9 s7 s8 s6 (30)
do-saw-medium b1 p10 saw0 mahogany rough s6 s5 s4 (30)
do-glaze p10 glazer0 black (15)
do-saw-medium b1 p18 saw0 mahogany rough s6 s5 s4 (30)
do-plane p18 planer0 rough natural untreated (20)
do-grind p18 grinder0 smooth natural untreated untreated (30)
do-saw-large b4 p15 saw0 oak smooth s5 s3 s4 s2 (30)
do-saw-large b4 p7 saw0 oak smooth s5 s3 s4 s2 (30)
do-glaze p7 glazer0 red (20)
do-saw-medium b4 p1 saw0 oak smooth s2 s1 s0 (30)
do-grind p1 grinder0 smooth natural untreated untreated (30)
do-glaze p1 glazer0 green (15)
do-saw-small b4 p13 saw0 oak smooth s2 s1 (30)
do-grind p13 grinder0 smooth natural untreated untreated (15)
do-saw-small b4 p2 saw0 oak smooth s2 s1 (30)
do-grind p2 grinder0 smooth natural untreated untreated (15)
do-saw-small b4 p9 saw0 oak smooth s2 s1 (30)
do-saw-small b4 p11 saw0 oak smooth s2 s1 (30)
do-grind p11 grinder0 smooth natural untreated untreated (15)
do-saw-small b4 p4 saw0 oak smooth s2 s1 (30)
do-grind p4 grinder0 smooth natural untreated untreated (15)
do-saw-large b4 p14 saw0 oak smooth s5 s3 s4 s2 (30)
do-saw-large b5 p3 saw0 pine smooth s6 s4 s5 s3 (30)
do-saw-large b8 p16 saw0 teak smooth s10 s8 s9 s7 (30)
do-saw-large b8 p8 saw0 teak smooth s7 s5 s6 s4 (30)
do-glaze p8 glazer0 black (20)
do-saw-medium b8 p22 saw0 teak smooth s7 s6 s5 (30)
do-glaze p9 glazer0 black (10)
do-glaze p3 glazer0 red (20)
do-glaze p2 glazer0 black (10)
do-immersion-varnish p16 immersion-varnisher0 red smooth (10)
do-immersion-varnish p15 immersion-varnisher1 white smooth (10)
do-glaze p14 glazer0 green (20)
do-plane p12 planer0 rough natural untreated (30)
do-glaze p12 glazer0 black (20)
do-glaze p11 glazer0 black (10)
do-spray-varnish p4 spray-varnisher1 natural verysmooth (5)
do-saw-medium b1 p20 saw0 mahogany rough s6 s5 s4 (30)
do-plane p20 planer0 rough natural untreated (20)
do-grind p20 grinder0 smooth natural untreated untreated (30)
do-glaze p20 glazer0 mauve (15)
do-saw-large b6 p17 saw0 walnut rough s8 s6 s7 s5 (30)
do-plane p17 planer0 rough natural untreated (30)
do-immersion-varnish p17 immersion-varnisher0 red smooth (10)
do-saw-medium b6 p5 saw0 walnut rough s5 s4 s3 (30)
do-plane p5 planer0 rough natural untreated (20)
do-immersion-varnish p5 immersion-varnisher1 natural smooth (10)
[t=1358.43s, 198864 KB] Plan length: 56 step(s).
[t=1358.43s, 198864 KB] Plan cost: 1245
[t=1358.43s, 198864 KB] Expanded 122 state(s).
[t=1358.43s, 198864 KB] Reopened 0 state(s).
[t=1358.43s, 198864 KB] Evaluated 17596 state(s).
[t=1358.43s, 198864 KB] Evaluations: 17596
[t=1358.43s, 198864 KB] Generated 49046 state(s).
[t=1358.43s, 198864 KB] Dead ends: 5030 state(s).
[t=1358.43s, 198864 KB] Number of registered states: 17596
[t=1358.43s, 198864 KB] Int hash set load factor: 17596/32768 = 0.536987
[t=1358.43s, 198864 KB] Int hash set resizes: 15
[t=1358.43s, 198864 KB] Search time: 1349.85s
[t=1358.43s, 198864 KB] Total time: 1358.43s
Solution found.
Peak memory: 198864 KB
Remove intermediate file output.sas
search exit code: 0

INFO     Running validate.
INFO     validate stdin: None
INFO     validate time limit: None
INFO     validate memory limit: None
INFO     validate command line string: /home/henry/bin/validate domain.pddl problem.pddl sas_plan
Checking plan: sas_plan
Plan executed successfully - checking goal
Plan valid
Final value: 1245 

Successful plans:
Value: 1245
 sas_plan 1245 

validate exit code: 0

INFO     Planner time: 1360.69s
