INFO     planner time limit: 1800s
INFO     planner memory limit: 2048 MB

INFO     Running translator.
INFO     translator stdin: None
INFO     translator time limit: 1799s
INFO     translator memory limit: 2048 MB
INFO     translator command line string: /home/henry/Documents/UFRGS/TCC/downward/.venv/bin/python /home/henry/Documents/UFRGS/TCC/downward/experiments/lab/data/main/code-fa850d1cb8d716322f299a4f9b64478019793ada_e5e41175/builds/release/bin/translate/translate.py domain.pddl problem.pddl --sas-file output.sas
Parsing...
Parsing: [0.010s CPU, 0.003s wall-clock]
Normalizing task... [0.000s CPU, 0.000s wall-clock]
Instantiating...
Generating Datalog program... [0.000s CPU, 0.001s wall-clock]
Normalizing Datalog program...
Normalizing Datalog program: [0.000s CPU, 0.001s wall-clock]
Preparing model... [0.000s CPU, 0.005s wall-clock]
Generated 23 rules.
Computing model... [0.020s CPU, 0.013s wall-clock]
1272 relevant atoms
2031 auxiliary atoms
3303 final queue length
3929 total queue pushes
Completing instantiation... [0.010s CPU, 0.009s wall-clock]
Instantiating: [0.030s CPU, 0.029s wall-clock]
Computing fact groups...
Finding invariants...
9 initial candidates
Finding invariants: [0.000s CPU, 0.001s wall-clock]
Checking invariant weight... [0.000s CPU, 0.000s wall-clock]
Instantiating groups... [0.000s CPU, 0.000s wall-clock]
Collecting mutex groups... [0.000s CPU, 0.000s wall-clock]
Choosing groups...
0 uncovered facts
Choosing groups: [0.000s CPU, 0.000s wall-clock]
Building translation key... [0.000s CPU, 0.000s wall-clock]
Computing fact groups: [0.000s CPU, 0.002s wall-clock]
Building STRIPS to SAS dictionary... [0.000s CPU, 0.000s wall-clock]
Building dictionary for full mutex groups... [0.000s CPU, 0.000s wall-clock]
Building mutex information...
Building mutex information: [0.000s CPU, 0.000s wall-clock]
Translating task...
Processing axioms...
Simplifying axioms... [0.000s CPU, 0.000s wall-clock]
Translator axioms removed by simplifying: 0
Computing negative axioms... [0.000s CPU, 0.000s wall-clock]
Processing axioms: [0.000s CPU, 0.000s wall-clock]
Translating task: [0.000s CPU, 0.007s wall-clock]
0 effect conditions simplified
0 implied preconditions added
Detecting unreachable propositions...
0 operators removed
0 axioms removed
5 propositions removed
Detecting unreachable propositions: [0.010s CPU, 0.003s wall-clock]
Reordering and filtering variables...
5 of 5 variables necessary.
0 of 5 mutex groups necessary.
350 of 350 operators necessary.
0 of 0 axiom rules necessary.
Reordering and filtering variables: [0.000s CPU, 0.001s wall-clock]
Translator variables: 5
Translator derived variables: 0
Translator facts: 55
Translator goal facts: 3
Translator mutex groups: 0
Translator total mutex groups size: 0
Translator operators: 350
Translator axioms: 0
Translator task size: 1789
Translator peak memory: 34148 KB
Writing output... [0.000s CPU, 0.001s wall-clock]
Done! [0.050s CPU, 0.046s wall-clock]
translate exit code: 0

INFO     Running search (release).
INFO     search stdin: output.sas
INFO     search time limit: 1799s
INFO     search memory limit: 2048 MB
INFO     search command line string: /home/henry/Documents/UFRGS/TCC/downward/experiments/lab/data/main/code-fa850d1cb8d716322f299a4f9b64478019793ada_e5e41175/builds/release/bin/downward --search 'eager_greedy([ilsh(patterns=systematic(2), transform=adapt_costs(cost_type=NORMAL))])' --internal-plan-file sas_plan < output.sas
[t=0s, 45596 KB] reading input...
[t=0s, 45596 KB] done reading input!
[t=0.0039974s, 45992 KB] Generating patterns using: systematic pattern collection generator
[t=0.0039974s, 45992 KB] building causal graph...done! [t=0s]
[t=0.0039974s, 45992 KB] Found 6 SGA patterns.
[t=0.0039974s, 45992 KB] Found 6 interesting patterns.
[t=0.0039974s, 45992 KB] systematic pattern collection generator number of patterns: 6
[t=0.0039974s, 45992 KB] systematic pattern collection generator total PDB size: 75
[t=0.0039974s, 45992 KB] systematic pattern collection generator computation time: 0s
[t=0.0039974s, 45992 KB] Computing PDBs for pattern collection...
[t=0.0039974s, 45992 KB] Done computing PDBs for pattern collection: 0s
[t=0.0039974s, 45992 KB] Tie breaking: 2
[t=0.0039974s, 45992 KB] Building successor generator...done!
[t=0.0039974s, 45992 KB] peak memory difference for successor generator creation: 0 KB
[t=0.0039974s, 45992 KB] time for successor generation creation: 0s
[t=0.0039974s, 45992 KB] Variables: 5
[t=0.0039974s, 45992 KB] FactPairs: 55
[t=0.0039974s, 45992 KB] Bytes per state: 4
[t=0.0039974s, 45992 KB] Conducting best first search without reopening closed nodes, (real) bound = 2147483647
[t=0.0039974s, 45992 KB] New best heuristic value for ilsh(patterns=systematic(2),transform=adapt_costs(cost_type=normal)): 10
[t=0.0039974s, 45992 KB] g=0, 1 evaluated, 0 expanded
[t=0.0039974s, 45992 KB] Initial heuristic value for ilsh(patterns=systematic(2),transform=adapt_costs(cost_type=normal)): 10
[t=0.0039974s, 45992 KB] pruning method: none
[t=0.0039974s, 45992 KB] New best heuristic value for ilsh(patterns=systematic(2),transform=adapt_costs(cost_type=normal)): 9
[t=0.0039974s, 45992 KB] g=1, 2 evaluated, 1 expanded
[t=0.0039974s, 45992 KB] New best heuristic value for ilsh(patterns=systematic(2),transform=adapt_costs(cost_type=normal)): 8
[t=0.0039974s, 45992 KB] g=3, 24 evaluated, 7 expanded
[t=0.0039974s, 45992 KB] New best heuristic value for ilsh(patterns=systematic(2),transform=adapt_costs(cost_type=normal)): 7
[t=0.0039974s, 45992 KB] g=3, 26 evaluated, 7 expanded
[t=0.0039974s, 45992 KB] New best heuristic value for ilsh(patterns=systematic(2),transform=adapt_costs(cost_type=normal)): 6
[t=0.0039974s, 45992 KB] g=4, 29 evaluated, 8 expanded
[t=0.0039974s, 45992 KB] New best heuristic value for ilsh(patterns=systematic(2),transform=adapt_costs(cost_type=normal)): 5
[t=0.0039974s, 45992 KB] g=5, 31 evaluated, 9 expanded
[t=0.0039974s, 45992 KB] New best heuristic value for ilsh(patterns=systematic(2),transform=adapt_costs(cost_type=normal)): 4
[t=0.0039974s, 45992 KB] g=7, 40 evaluated, 11 expanded
[t=0.0039974s, 45992 KB] New best heuristic value for ilsh(patterns=systematic(2),transform=adapt_costs(cost_type=normal)): 3
[t=0.0039974s, 45992 KB] g=9, 43 evaluated, 13 expanded
[t=0.0039974s, 45992 KB] New best heuristic value for ilsh(patterns=systematic(2),transform=adapt_costs(cost_type=normal)): 1
[t=0.0039974s, 45992 KB] g=10, 46 evaluated, 14 expanded
[t=0.0039974s, 45992 KB] New best heuristic value for ilsh(patterns=systematic(2),transform=adapt_costs(cost_type=normal)): 0
[t=0.0039974s, 45992 KB] g=11, 48 evaluated, 15 expanded
[t=0.0039974s, 45992 KB] Solution found!
[t=0.0039974s, 45992 KB] Actual search time: 0s
drive t0 l2 l0 level34 level2 level36 (1)
load p0 t0 l0 (1)
drive t0 l0 l3 level16 level18 level34 (1)
load p2 t0 l3 (1)
drive t0 l3 l1 level5 level11 level16 (1)
load p1 t0 l1 (1)
unload p0 t0 l1 (1)
drive t0 l1 l2 level2 level3 level5 (1)
drive t0 l2 l0 level0 level2 level2 (1)
unload p2 t0 l0 (1)
unload p1 t0 l0 (1)
[t=0.0039974s, 45992 KB] Plan length: 11 step(s).
[t=0.0039974s, 45992 KB] Plan cost: 11
[t=0.0039974s, 45992 KB] Expanded 16 state(s).
[t=0.0039974s, 45992 KB] Reopened 0 state(s).
[t=0.0039974s, 45992 KB] Evaluated 48 state(s).
[t=0.0039974s, 45992 KB] Evaluations: 48
[t=0.0039974s, 45992 KB] Generated 53 state(s).
[t=0.0039974s, 45992 KB] Dead ends: 0 state(s).
[t=0.0039974s, 45992 KB] Number of registered states: 48
[t=0.0039974s, 45992 KB] Int hash set load factor: 48/64 = 0.75
[t=0.0039974s, 45992 KB] Int hash set resizes: 6
[t=0.0039974s, 45992 KB] Search time: 0s
[t=0.0039974s, 45992 KB] Total time: 0.0039974s
Solution found.
Peak memory: 45992 KB
Remove intermediate file output.sas
search exit code: 0

INFO     Running validate.
INFO     validate stdin: None
INFO     validate time limit: None
INFO     validate memory limit: None
INFO     validate command line string: /home/henry/bin/validate domain.pddl problem.pddl sas_plan
Checking plan: sas_plan
Plan executed successfully - checking goal
Plan valid
Final value: 11 

Successful plans:
Value: 11
 sas_plan 11 

validate exit code: 0

INFO     Planner time: 0.11s
