INFO     planner time limit: 1800s
INFO     planner memory limit: 2048 MB

INFO     Running translator.
INFO     translator stdin: None
INFO     translator time limit: 1799s
INFO     translator memory limit: 2048 MB
INFO     translator command line string: /home/henry/Documents/UFRGS/TCC/downward/.venv/bin/python /home/henry/Documents/UFRGS/TCC/downward/experiments/lab/data/main/code-5bb2ccb6957559b6969ffd7e29254c73f84d5e49_e5e41175/builds/release/bin/translate/translate.py domain.pddl problem.pddl --sas-file output.sas
Parsing...
Parsing: [0.000s CPU, 0.002s wall-clock]
Normalizing task... [0.000s CPU, 0.000s wall-clock]
Instantiating...
Generating Datalog program... [0.000s CPU, 0.001s wall-clock]
Normalizing Datalog program...
Normalizing Datalog program: [0.000s CPU, 0.003s wall-clock]
Preparing model... [0.000s CPU, 0.002s wall-clock]
Generated 79 rules.
Computing model... [0.360s CPU, 0.350s wall-clock]
31361 relevant atoms
29376 auxiliary atoms
60737 final queue length
146468 total queue pushes
Completing instantiation... [0.790s CPU, 0.801s wall-clock]
Instantiating: [1.170s CPU, 1.173s wall-clock]
Computing fact groups...
Finding invariants...
14 initial candidates
Finding invariants: [0.010s CPU, 0.018s wall-clock]
Checking invariant weight... [0.000s CPU, 0.000s wall-clock]
Instantiating groups... [0.000s CPU, 0.000s wall-clock]
Collecting mutex groups... [0.000s CPU, 0.000s wall-clock]
Choosing groups...
1080 uncovered facts
Choosing groups: [0.000s CPU, 0.001s wall-clock]
Building translation key... [0.000s CPU, 0.003s wall-clock]
Computing fact groups: [0.020s CPU, 0.028s wall-clock]
Building STRIPS to SAS dictionary... [0.010s CPU, 0.001s wall-clock]
Building dictionary for full mutex groups... [0.000s CPU, 0.001s wall-clock]
Building mutex information...
Building mutex information: [0.000s CPU, 0.000s wall-clock]
Translating task...
Processing axioms...
Simplifying axioms... [0.000s CPU, 0.000s wall-clock]
Translator axioms removed by simplifying: 0
Computing negative axioms... [0.000s CPU, 0.000s wall-clock]
Processing axioms: [0.020s CPU, 0.021s wall-clock]
Translating task: [0.580s CPU, 0.587s wall-clock]
28208 effect conditions simplified
0 implied preconditions added
Detecting unreachable propositions...
0 operators removed
0 axioms removed
4 propositions removed
Detecting unreachable propositions: [0.340s CPU, 0.336s wall-clock]
Reordering and filtering variables...
1084 of 1084 variables necessary.
0 of 4 mutex groups necessary.
12104 of 12104 operators necessary.
0 of 0 axiom rules necessary.
Reordering and filtering variables: [0.200s CPU, 0.194s wall-clock]
Translator variables: 1084
Translator derived variables: 0
Translator facts: 2352
Translator goal facts: 24
Translator mutex groups: 0
Translator total mutex groups size: 0
Translator operators: 12104
Translator axioms: 0
Translator task size: 101596
Translator peak memory: 98800 KB
Writing output... [0.080s CPU, 0.078s wall-clock]
Done! [2.430s CPU, 2.433s wall-clock]
translate exit code: 0

INFO     Running search (release).
INFO     search stdin: output.sas
INFO     search time limit: 1797s
INFO     search memory limit: 2048 MB
INFO     search command line string: /home/henry/Documents/UFRGS/TCC/downward/experiments/lab/data/main/code-5bb2ccb6957559b6969ffd7e29254c73f84d5e49_e5e41175/builds/release/bin/downward --search 'eager_greedy([operatorcounting(constraint_generators=[pho_constraints(patterns=systematic(4))], use_integer_operator_counts=false, transform=adapt_costs(cost_type=NORMAL))])' --internal-plan-file sas_plan < output.sas
[t=0s, 45596 KB] reading input...
[t=0.051948s, 50428 KB] done reading input!
[t=0.0564486s, 51652 KB] Generating patterns using: systematic pattern collection generator
[t=0.0564486s, 51652 KB] building causal graph...done! [t=0.0439533s]
Failed to allocate memory.
Memory limit has been reached.
Peak memory: 2097096 KB
Remove intermediate file output.sas
search exit code: 22

Driver aborting after search
INFO     Planner time: 23.83s
