INFO     planner time limit: 1800s
INFO     planner memory limit: 2048 MB

INFO     Running translator.
INFO     translator stdin: None
INFO     translator time limit: 1799s
INFO     translator memory limit: 2048 MB
INFO     translator command line string: /home/henry/Documents/UFRGS/TCC/downward/.venv/bin/python /home/henry/Documents/UFRGS/TCC/downward/experiments/lab/data/main/code-5bb2ccb6957559b6969ffd7e29254c73f84d5e49_e5e41175/builds/release/bin/translate/translate.py domain.pddl problem.pddl --sas-file output.sas
Parsing...
Parsing: [0.000s CPU, 0.005s wall-clock]
Normalizing task... [0.000s CPU, 0.000s wall-clock]
Instantiating...
Generating Datalog program... [0.010s CPU, 0.001s wall-clock]
Normalizing Datalog program...
Normalizing Datalog program: [0.010s CPU, 0.009s wall-clock]
Preparing model... [0.010s CPU, 0.004s wall-clock]
Generated 284 rules.
Computing model... [0.220s CPU, 0.228s wall-clock]
11243 relevant atoms
20286 auxiliary atoms
31529 final queue length
72780 total queue pushes
Completing instantiation... [0.730s CPU, 0.728s wall-clock]
Instantiating: [0.980s CPU, 0.981s wall-clock]
Computing fact groups...
Finding invariants...
22 initial candidates
Finding invariants: [0.040s CPU, 0.032s wall-clock]
Checking invariant weight... [0.000s CPU, 0.000s wall-clock]
Instantiating groups... [0.010s CPU, 0.006s wall-clock]
Collecting mutex groups... [0.000s CPU, 0.000s wall-clock]
Choosing groups...
327 uncovered facts
Choosing groups: [0.000s CPU, 0.002s wall-clock]
Building translation key... [0.000s CPU, 0.001s wall-clock]
Computing fact groups: [0.050s CPU, 0.045s wall-clock]
Building STRIPS to SAS dictionary... [0.000s CPU, 0.001s wall-clock]
Building dictionary for full mutex groups... [0.010s CPU, 0.002s wall-clock]
Building mutex information...
Building mutex information: [0.000s CPU, 0.001s wall-clock]
Translating task...
Processing axioms...
Simplifying axioms... [0.010s CPU, 0.000s wall-clock]
Translator axioms removed by simplifying: 0
Computing negative axioms... [0.000s CPU, 0.000s wall-clock]
Processing axioms: [0.030s CPU, 0.029s wall-clock]
Translating task: [0.600s CPU, 0.608s wall-clock]
8806 effect conditions simplified
0 implied preconditions added
Detecting unreachable propositions...
0 operators removed
0 axioms removed
1 propositions removed
Detecting unreachable propositions: [0.580s CPU, 0.574s wall-clock]
Reordering and filtering variables...
340 of 353 variables necessary.
68 of 94 mutex groups necessary.
10058 of 10066 operators necessary.
0 of 0 axiom rules necessary.
Reordering and filtering variables: [0.110s CPU, 0.114s wall-clock]
Translator variables: 340
Translator derived variables: 0
Translator facts: 1008
Translator goal facts: 4
Translator mutex groups: 68
Translator total mutex groups size: 873
Translator operators: 10058
Translator axioms: 0
Translator task size: 108305
Translator peak memory: 98332 KB
Writing output... [0.080s CPU, 0.080s wall-clock]
Done! [2.450s CPU, 2.449s wall-clock]
translate exit code: 0

INFO     Running search (release).
INFO     search stdin: output.sas
INFO     search time limit: 1797s
INFO     search memory limit: 2048 MB
INFO     search command line string: /home/henry/Documents/UFRGS/TCC/downward/experiments/lab/data/main/code-5bb2ccb6957559b6969ffd7e29254c73f84d5e49_e5e41175/builds/release/bin/downward --search 'eager_greedy([operatorcounting(constraint_generators=[pho_constraints(patterns=systematic(4))], use_integer_operator_counts=true, transform=adapt_costs(cost_type=ONE))])' --internal-plan-file sas_plan < output.sas
[t=0s, 45596 KB] reading input...
[t=0.0479579s, 49840 KB] done reading input!
[t=0.0523571s, 51048 KB] Generating patterns using: systematic pattern collection generator
[t=0.0523571s, 51048 KB] building causal graph...done! [t=0.01999s]
[t=0.212131s, 73520 KB] Found 81690 SGA patterns.
[t=0.955395s, 73520 KB] Found 82120 interesting patterns.
[t=1.04726s, 73520 KB] systematic pattern collection generator number of patterns: 82120
[t=1.04726s, 73520 KB] systematic pattern collection generator total PDB size: 63631100
[t=1.05525s, 73520 KB] systematic pattern collection generator computation time: 0.994902s
[t=1.05525s, 73520 KB] Computing PDBs for pattern collection...
[t=305.799s, 334132 KB] Done computing PDBs for pattern collection: 304.744s
Failed to allocate memory.
Memory limit has been reached.
Peak memory: 2097124 KB
Remove intermediate file output.sas
search exit code: 22

Driver aborting after search
INFO     Planner time: 320.83s
