INFO     planner time limit: 1800s
INFO     planner memory limit: 2048 MB

INFO     Running translator.
INFO     translator stdin: None
INFO     translator time limit: 1799s
INFO     translator memory limit: 2048 MB
INFO     translator command line string: /home/henry/Documents/UFRGS/TCC/downward/.venv/bin/python /home/henry/Documents/UFRGS/TCC/downward/experiments/lab/data/main/code-5bb2ccb6957559b6969ffd7e29254c73f84d5e49_e5e41175/builds/release/bin/translate/translate.py domain.pddl problem.pddl --sas-file output.sas
Parsing...
Parsing: [0.080s CPU, 0.084s wall-clock]
Normalizing task... [0.010s CPU, 0.007s wall-clock]
Instantiating...
Generating Datalog program... [0.020s CPU, 0.019s wall-clock]
Normalizing Datalog program...
Normalizing Datalog program: [0.030s CPU, 0.037s wall-clock]
Preparing model... [0.080s CPU, 0.074s wall-clock]
Generated 2332 rules.
Computing model... [4.460s CPU, 4.467s wall-clock]
176489 relevant atoms
254332 auxiliary atoms
430821 final queue length
766641 total queue pushes
Completing instantiation... [8.250s CPU, 8.254s wall-clock]
Instantiating: [13.000s CPU, 13.024s wall-clock]
Computing fact groups...
Finding invariants...
10 initial candidates
Finding invariants: [0.120s CPU, 0.117s wall-clock]
Checking invariant weight... [0.000s CPU, 0.005s wall-clock]
Instantiating groups... [0.010s CPU, 0.003s wall-clock]
Collecting mutex groups... [0.000s CPU, 0.001s wall-clock]
Choosing groups...
290 uncovered facts
Choosing groups: [0.010s CPU, 0.003s wall-clock]
Building translation key... [0.000s CPU, 0.001s wall-clock]
Computing fact groups: [0.140s CPU, 0.137s wall-clock]
Building STRIPS to SAS dictionary... [0.000s CPU, 0.001s wall-clock]
Building dictionary for full mutex groups... [0.000s CPU, 0.002s wall-clock]
Building mutex information...
Building mutex information: [0.000s CPU, 0.001s wall-clock]
Translating task...
Processing axioms...
Simplifying axioms... [0.000s CPU, 0.000s wall-clock]
Translator axioms removed by simplifying: 0
Computing negative axioms... [0.000s CPU, 0.000s wall-clock]
Processing axioms: [0.350s CPU, 0.348s wall-clock]
Translating task: [6.500s CPU, 6.496s wall-clock]
0 effect conditions simplified
0 implied preconditions added
Detecting unreachable propositions...
0 operators removed
0 axioms removed
291 propositions removed
Detecting unreachable propositions: [3.790s CPU, 3.799s wall-clock]
Reordering and filtering variables...
581 of 581 variables necessary.
0 of 581 mutex groups necessary.
168780 of 168780 operators necessary.
0 of 0 axiom rules necessary.
Reordering and filtering variables: [0.980s CPU, 0.981s wall-clock]
Translator variables: 581
Translator derived variables: 0
Translator facts: 1741
Translator goal facts: 290
Translator mutex groups: 0
Translator total mutex groups size: 0
Translator operators: 168780
Translator axioms: 0
Translator task size: 1821366
Translator peak memory: 953940 KB
Writing output... [1.080s CPU, 1.083s wall-clock]
Done! [25.910s CPU, 25.936s wall-clock]
translate exit code: 0

INFO     Running search (release).
INFO     search stdin: output.sas
INFO     search time limit: 1773s
INFO     search memory limit: 2048 MB
INFO     search command line string: /home/henry/Documents/UFRGS/TCC/downward/experiments/lab/data/main/code-5bb2ccb6957559b6969ffd7e29254c73f84d5e49_e5e41175/builds/release/bin/downward --search 'eager_greedy([ff(transform=adapt_costs(cost_type=ONE))])' --internal-plan-file sas_plan < output.sas
[t=0s, 10544 KB] reading input...
[t=0.687261s, 66892 KB] done reading input!
[t=0.735203s, 100996 KB] Simplifying 336980 unary operators... done! [336110 unary operators]
[t=0.987001s, 132800 KB] time to simplify: 0.255784s
[t=1.00298s, 150768 KB] Initializing additive heuristic...
[t=1.00298s, 150768 KB] Initializing FF heuristic...
[t=1.00298s, 150768 KB] Building successor generator...done!
[t=1.0709s, 150768 KB] peak memory difference for successor generator creation: 0 KB
[t=1.0709s, 150768 KB] time for successor generation creation: 0.0679202s
[t=1.0709s, 150768 KB] Variables: 581
[t=1.0709s, 150768 KB] FactPairs: 1741
[t=1.0709s, 150768 KB] Bytes per state: 112
[t=1.0709s, 150768 KB] Conducting best first search without reopening closed nodes, (real) bound = 2147483647
[t=1.08289s, 150768 KB] New best heuristic value for ff(transform=adapt_costs(cost_type=one)): 871
[t=1.08289s, 150768 KB] g=0, 1 evaluated, 0 expanded
[t=1.08289s, 150768 KB] Initial heuristic value for ff(transform=adapt_costs(cost_type=one)): 871
[t=1.08289s, 150768 KB] pruning method: none
[t=1.09489s, 150768 KB] New best heuristic value for ff(transform=adapt_costs(cost_type=one)): 870
[t=1.09489s, 150768 KB] g=1, 2 evaluated, 1 expanded
[t=4.31189s, 150768 KB] New best heuristic value for ff(transform=adapt_costs(cost_type=one)): 869
[t=4.31189s, 150768 KB] g=2, 295 evaluated, 3 expanded
[t=468.278s, 150768 KB] New best heuristic value for ff(transform=adapt_costs(cost_type=one)): 868
[t=468.278s, 150768 KB] g=3, 42781 evaluated, 294 expanded
[t=940.367s, 150768 KB] New best heuristic value for ff(transform=adapt_costs(cost_type=one)): 867
[t=940.367s, 150768 KB] g=4, 84976 evaluated, 584 expanded
[t=1406.68s, 150768 KB] New best heuristic value for ff(transform=adapt_costs(cost_type=one)): 866
[t=1406.68s, 150768 KB] g=5, 126881 evaluated, 873 expanded
Peak memory: 150768 KB
caught signal 24 -- exiting
Time limit has been reached.
Remove intermediate file output.sas
search exit code: 23

Driver aborting after search
INFO     Planner time: 1797.28s
