INFO     planner time limit: 1800s
INFO     planner memory limit: 2048 MB

INFO     Running translator.
INFO     translator stdin: None
INFO     translator time limit: 1799s
INFO     translator memory limit: 2048 MB
INFO     translator command line string: /home/henry/Documents/UFRGS/TCC/downward/.venv/bin/python /home/henry/Documents/UFRGS/TCC/downward/experiments/lab/data/main/code-5bb2ccb6957559b6969ffd7e29254c73f84d5e49_e5e41175/builds/release/bin/translate/translate.py domain.pddl problem.pddl --sas-file output.sas
Parsing...
Parsing: [0.010s CPU, 0.005s wall-clock]
Normalizing task... [0.000s CPU, 0.000s wall-clock]
Instantiating...
Generating Datalog program... [0.000s CPU, 0.001s wall-clock]
Normalizing Datalog program...
Normalizing Datalog program: [0.000s CPU, 0.005s wall-clock]
Preparing model... [0.010s CPU, 0.004s wall-clock]
Generated 258 rules.
Computing model... [0.410s CPU, 0.411s wall-clock]
59140 relevant atoms
1704 auxiliary atoms
60844 final queue length
221347 total queue pushes
Completing instantiation... [2.990s CPU, 2.997s wall-clock]
Instantiating: [3.420s CPU, 3.434s wall-clock]
Computing fact groups...
Finding invariants...
44 initial candidates
Finding invariants: [0.070s CPU, 0.079s wall-clock]
Checking invariant weight... [0.000s CPU, 0.000s wall-clock]
Instantiating groups... [0.000s CPU, 0.001s wall-clock]
Collecting mutex groups... [0.000s CPU, 0.000s wall-clock]
Choosing groups...
126 uncovered facts
Choosing groups: [0.000s CPU, 0.000s wall-clock]
Building translation key... [0.000s CPU, 0.000s wall-clock]
Computing fact groups: [0.080s CPU, 0.081s wall-clock]
Building STRIPS to SAS dictionary... [0.000s CPU, 0.000s wall-clock]
Building dictionary for full mutex groups... [0.000s CPU, 0.000s wall-clock]
Building mutex information...
Building mutex information: [0.000s CPU, 0.000s wall-clock]
Translating task...
Processing axioms...
Simplifying axioms... [0.000s CPU, 0.000s wall-clock]
Translator axioms removed by simplifying: 0
Computing negative axioms... [0.000s CPU, 0.000s wall-clock]
Processing axioms: [0.100s CPU, 0.104s wall-clock]
Translating task: [2.830s CPU, 2.836s wall-clock]
63383 effect conditions simplified
0 implied preconditions added
Detecting unreachable propositions...
0 operators removed
0 axioms removed
33 propositions removed
Detecting unreachable propositions: [1.610s CPU, 1.604s wall-clock]
Reordering and filtering variables...
115 of 120 variables necessary.
0 of 7 mutex groups necessary.
58457 of 58457 operators necessary.
0 of 0 axiom rules necessary.
Reordering and filtering variables: [0.480s CPU, 0.486s wall-clock]
Translator variables: 115
Translator derived variables: 0
Translator facts: 261
Translator goal facts: 2
Translator mutex groups: 0
Translator total mutex groups size: 0
Translator operators: 58457
Translator axioms: 0
Translator task size: 615672
Translator peak memory: 380908 KB
Writing output... [0.390s CPU, 0.383s wall-clock]
Done! [8.960s CPU, 8.961s wall-clock]
translate exit code: 0

INFO     Running search (release).
INFO     search stdin: output.sas
INFO     search time limit: 1790s
INFO     search memory limit: 2048 MB
INFO     search command line string: /home/henry/Documents/UFRGS/TCC/downward/experiments/lab/data/main/code-5bb2ccb6957559b6969ffd7e29254c73f84d5e49_e5e41175/builds/release/bin/downward --search 'eager_greedy([ff(transform=adapt_costs(cost_type=NORMAL))])' --internal-plan-file sas_plan < output.sas
[t=0s, 10544 KB] reading input...
[t=0.279761s, 34508 KB] done reading input!
[t=0.299738s, 50744 KB] Simplifying 186024 unary operators... done! [94354 unary operators]
[t=0.407607s, 57864 KB] time to simplify: 0.107868s
[t=0.411588s, 61876 KB] Initializing additive heuristic...
[t=0.411588s, 61876 KB] Initializing FF heuristic...
[t=0.411588s, 61876 KB] Building successor generator...done!
[t=0.431566s, 61876 KB] peak memory difference for successor generator creation: 0 KB
[t=0.431566s, 61876 KB] time for successor generation creation: 0.0199782s
[t=0.431566s, 61876 KB] Variables: 115
[t=0.431566s, 61876 KB] FactPairs: 261
[t=0.431566s, 61876 KB] Bytes per state: 16
[t=0.431566s, 61876 KB] Conducting best first search without reopening closed nodes, (real) bound = 2147483647
[t=0.431566s, 61876 KB] New best heuristic value for ff(transform=adapt_costs(cost_type=normal)): 453
[t=0.431566s, 61876 KB] g=0, 1 evaluated, 0 expanded
[t=0.431566s, 61876 KB] Initial heuristic value for ff(transform=adapt_costs(cost_type=normal)): 453
[t=0.431566s, 61876 KB] pruning method: none
[t=0.431566s, 61876 KB] New best heuristic value for ff(transform=adapt_costs(cost_type=normal)): 393
[t=0.431566s, 61876 KB] g=60, 2 evaluated, 1 expanded
[t=0.435565s, 61876 KB] New best heuristic value for ff(transform=adapt_costs(cost_type=normal)): 333
[t=0.435565s, 61876 KB] g=60, 3 evaluated, 1 expanded
[t=0.451566s, 61876 KB] New best heuristic value for ff(transform=adapt_costs(cost_type=normal)): 273
[t=0.451566s, 61876 KB] g=120, 13 evaluated, 2 expanded
[t=0.45555s, 61876 KB] New best heuristic value for ff(transform=adapt_costs(cost_type=normal)): 213
[t=0.45555s, 61876 KB] g=120, 15 evaluated, 2 expanded
[t=0.491534s, 61876 KB] New best heuristic value for ff(transform=adapt_costs(cost_type=normal)): 210
[t=0.491534s, 61876 KB] g=183, 40 evaluated, 15 expanded
[t=0.507476s, 61876 KB] New best heuristic value for ff(transform=adapt_costs(cost_type=normal)): 35
[t=0.507476s, 61876 KB] g=243, 49 evaluated, 16 expanded
[t=0.583403s, 61876 KB] New best heuristic value for ff(transform=adapt_costs(cost_type=normal)): 26
[t=0.583403s, 61876 KB] g=366, 87 evaluated, 32 expanded
[t=0.867095s, 61876 KB] New best heuristic value for ff(transform=adapt_costs(cost_type=normal)): 23
[t=0.867095s, 61876 KB] g=489, 231 evaluated, 112 expanded
[t=18.7709s, 61876 KB] New best heuristic value for ff(transform=adapt_costs(cost_type=normal)): 22
[t=18.7709s, 61876 KB] g=739, 10382 evaluated, 8655 expanded
[t=19.0266s, 61876 KB] New best heuristic value for ff(transform=adapt_costs(cost_type=normal)): 19
[t=19.0266s, 61876 KB] g=862, 10521 evaluated, 8732 expanded
[t=21.24s, 61876 KB] New best heuristic value for ff(transform=adapt_costs(cost_type=normal)): 18
[t=21.24s, 61876 KB] g=989, 11805 evaluated, 9750 expanded
[t=21.5077s, 61876 KB] New best heuristic value for ff(transform=adapt_costs(cost_type=normal)): 15
[t=21.5077s, 61876 KB] g=1112, 11950 evaluated, 9830 expanded
[t=23.6614s, 61876 KB] New best heuristic value for ff(transform=adapt_costs(cost_type=normal)): 14
[t=23.6614s, 61876 KB] g=1239, 13234 evaluated, 10848 expanded
[t=23.9051s, 61876 KB] New best heuristic value for ff(transform=adapt_costs(cost_type=normal)): 11
[t=23.9051s, 61876 KB] g=1362, 13379 evaluated, 10928 expanded
[t=25.9709s, 61876 KB] New best heuristic value for ff(transform=adapt_costs(cost_type=normal)): 10
[t=25.9709s, 61876 KB] g=1489, 14663 evaluated, 11946 expanded
[t=26.2027s, 61876 KB] New best heuristic value for ff(transform=adapt_costs(cost_type=normal)): 7
[t=26.2027s, 61876 KB] g=1612, 14808 evaluated, 12026 expanded
[t=26.4304s, 61876 KB] New best heuristic value for ff(transform=adapt_costs(cost_type=normal)): 3
[t=26.4304s, 61876 KB] g=1738, 14956 evaluated, 12109 expanded
[t=62.0078s, 61876 KB] New best heuristic value for ff(transform=adapt_costs(cost_type=normal)): 2
[t=62.0078s, 61876 KB] g=1709, 47031 evaluated, 29870 expanded
Peak memory: 125240 KB
caught signal 24 -- exiting
Time limit has been reached.
Remove intermediate file output.sas
search exit code: 23

Driver aborting after search
INFO     Planner time: 1797.24s
