INFO     planner time limit: 1800s
INFO     planner memory limit: 2048 MB

INFO     Running translator.
INFO     translator stdin: None
INFO     translator time limit: 1799s
INFO     translator memory limit: 2048 MB
INFO     translator command line string: /home/henry/Documents/UFRGS/TCC/downward/.venv/bin/python /home/henry/Documents/UFRGS/TCC/downward/experiments/lab/data/main/code-5bb2ccb6957559b6969ffd7e29254c73f84d5e49_e5e41175/builds/release/bin/translate/translate.py domain.pddl problem.pddl --sas-file output.sas
Parsing...
Parsing: [0.000s CPU, 0.002s wall-clock]
Normalizing task... [0.000s CPU, 0.000s wall-clock]
Instantiating...
Generating Datalog program... [0.010s CPU, 0.001s wall-clock]
Normalizing Datalog program...
Normalizing Datalog program: [0.000s CPU, 0.001s wall-clock]
Preparing model... [0.000s CPU, 0.001s wall-clock]
Generated 26 rules.
Computing model... [0.130s CPU, 0.131s wall-clock]
15500 relevant atoms
12176 auxiliary atoms
27676 final queue length
55372 total queue pushes
Completing instantiation... [0.420s CPU, 0.421s wall-clock]
Instantiating: [0.560s CPU, 0.559s wall-clock]
Computing fact groups...
Finding invariants...
9 initial candidates
Finding invariants: [0.010s CPU, 0.007s wall-clock]
Checking invariant weight... [0.000s CPU, 0.000s wall-clock]
Instantiating groups... [0.000s CPU, 0.002s wall-clock]
Collecting mutex groups... [0.000s CPU, 0.000s wall-clock]
Choosing groups...
0 uncovered facts
Choosing groups: [0.000s CPU, 0.001s wall-clock]
Building translation key... [0.000s CPU, 0.000s wall-clock]
Computing fact groups: [0.010s CPU, 0.012s wall-clock]
Building STRIPS to SAS dictionary... [0.000s CPU, 0.000s wall-clock]
Building dictionary for full mutex groups... [0.000s CPU, 0.000s wall-clock]
Building mutex information...
Building mutex information: [0.000s CPU, 0.000s wall-clock]
Translating task...
Processing axioms...
Simplifying axioms... [0.000s CPU, 0.000s wall-clock]
Translator axioms removed by simplifying: 0
Computing negative axioms... [0.000s CPU, 0.000s wall-clock]
Processing axioms: [0.020s CPU, 0.018s wall-clock]
Translating task: [0.350s CPU, 0.335s wall-clock]
0 effect conditions simplified
0 implied preconditions added
Detecting unreachable propositions...
0 operators removed
0 axioms removed
20 propositions removed
Detecting unreachable propositions: [0.220s CPU, 0.220s wall-clock]
Reordering and filtering variables...
20 of 20 variables necessary.
0 of 20 mutex groups necessary.
14496 of 14496 operators necessary.
0 of 0 axiom rules necessary.
Reordering and filtering variables: [0.040s CPU, 0.043s wall-clock]
Translator variables: 20
Translator derived variables: 0
Translator facts: 644
Translator goal facts: 12
Translator mutex groups: 0
Translator total mutex groups size: 0
Translator operators: 14496
Translator axioms: 0
Translator task size: 85636
Translator peak memory: 89016 KB
Writing output... [0.060s CPU, 0.059s wall-clock]
Done! [1.260s CPU, 1.254s wall-clock]
translate exit code: 0

INFO     Running search (release).
INFO     search stdin: output.sas
INFO     search time limit: 1798s
INFO     search memory limit: 2048 MB
INFO     search command line string: /home/henry/Documents/UFRGS/TCC/downward/experiments/lab/data/main/code-5bb2ccb6957559b6969ffd7e29254c73f84d5e49_e5e41175/builds/release/bin/downward --search 'eager_greedy([lsh(patterns=systematic(2), transform=adapt_costs(cost_type=NORMAL))])' --internal-plan-file sas_plan < output.sas
[t=0s, 10544 KB] reading input...
[t=0.0463052s, 15072 KB] done reading input!
[t=0.0463052s, 15468 KB] Generating patterns using: systematic pattern collection generator
[t=0.0463052s, 15468 KB] building causal graph...done! [t=0s]
[t=0.0463052s, 15468 KB] Found 108 SGA patterns.
[t=0.0463052s, 15468 KB] Found 108 interesting patterns.
[t=0.0463052s, 15468 KB] systematic pattern collection generator number of patterns: 108
[t=0.0463052s, 15468 KB] systematic pattern collection generator total PDB size: 79200
[t=0.0463052s, 15468 KB] systematic pattern collection generator computation time: 0s
[t=0.0463052s, 15468 KB] Computing PDBs for pattern collection...
[t=0.286104s, 16452 KB] Done computing PDBs for pattern collection: 0.239798s
[t=0.310083s, 20324 KB] Building successor generator...done!
[t=0.318076s, 23080 KB] peak memory difference for successor generator creation: 2756 KB
[t=0.318076s, 23080 KB] time for successor generation creation: 0.00400969s
[t=0.318076s, 23080 KB] Variables: 20
[t=0.318076s, 23080 KB] FactPairs: 644
[t=0.318076s, 23080 KB] Bytes per state: 16
[t=0.318076s, 23080 KB] Conducting best first search without reopening closed nodes, (real) bound = 2147483647
[t=0.318076s, 23080 KB] New best heuristic value for lsh(patterns=systematic(2),transform=adapt_costs(cost_type=normal)): 24
[t=0.318076s, 23080 KB] g=0, 1 evaluated, 0 expanded
[t=0.318076s, 23080 KB] Initial heuristic value for lsh(patterns=systematic(2),transform=adapt_costs(cost_type=normal)): 24
[t=0.318076s, 23080 KB] pruning method: none
[t=26.5018s, 248924 KB] New best heuristic value for lsh(patterns=systematic(2),transform=adapt_costs(cost_type=normal)): 23
[t=26.5018s, 248924 KB] g=386, 3936785 evaluated, 1683116 expanded
[t=26.5018s, 248924 KB] New best heuristic value for lsh(patterns=systematic(2),transform=adapt_costs(cost_type=normal)): 22
[t=26.5018s, 248924 KB] g=387, 3936812 evaluated, 1683117 expanded
[t=64.1863s, 528012 KB] New best heuristic value for lsh(patterns=systematic(2),transform=adapt_costs(cost_type=normal)): 21
[t=64.1903s, 528012 KB] g=921, 9876565 evaluated, 3638162 expanded
[t=64.1903s, 528012 KB] New best heuristic value for lsh(patterns=systematic(2),transform=adapt_costs(cost_type=normal)): 20
[t=64.1903s, 528012 KB] g=922, 9876590 evaluated, 3638163 expanded
[t=107.678s, 921644 KB] New best heuristic value for lsh(patterns=systematic(2),transform=adapt_costs(cost_type=normal)): 19
[t=107.678s, 921644 KB] g=937, 16759189 evaluated, 5706579 expanded
[t=107.678s, 921644 KB] New best heuristic value for lsh(patterns=systematic(2),transform=adapt_costs(cost_type=normal)): 18
[t=107.678s, 921644 KB] g=938, 16759192 evaluated, 5706580 expanded
Failed to allocate memory.
Memory limit has been reached.
Peak memory: 2097124 KB
Remove intermediate file output.sas
search exit code: 22

Driver aborting after search
INFO     Planner time: 260.11s
