INFO     planner time limit: 1800s
INFO     planner memory limit: 2048 MB

INFO     Running translator.
INFO     translator stdin: None
INFO     translator time limit: 1799s
INFO     translator memory limit: 2048 MB
INFO     translator command line string: /home/henry/Documents/UFRGS/TCC/downward/.venv/bin/python /home/henry/Documents/UFRGS/TCC/downward/experiments/lab/data/main/code-5bb2ccb6957559b6969ffd7e29254c73f84d5e49_e5e41175/builds/release/bin/translate/translate.py domain.pddl problem.pddl --sas-file output.sas
Parsing...
Parsing: [0.010s CPU, 0.004s wall-clock]
Normalizing task... [0.000s CPU, 0.000s wall-clock]
Instantiating...
Generating Datalog program... [0.000s CPU, 0.001s wall-clock]
Normalizing Datalog program...
Trivial rules: Converted to facts.
Normalizing Datalog program: [0.000s CPU, 0.005s wall-clock]
Preparing model... [0.010s CPU, 0.003s wall-clock]
Generated 129 rules.
Computing model... [0.980s CPU, 0.982s wall-clock]
71586 relevant atoms
61309 auxiliary atoms
132895 final queue length
438165 total queue pushes
Completing instantiation... [4.680s CPU, 4.682s wall-clock]
Instantiating: [5.700s CPU, 5.703s wall-clock]
Computing fact groups...
Finding invariants...
28 initial candidates
Finding invariants: [0.020s CPU, 0.021s wall-clock]
Checking invariant weight... [0.000s CPU, 0.000s wall-clock]
Instantiating groups... [0.000s CPU, 0.002s wall-clock]
Collecting mutex groups... [0.000s CPU, 0.001s wall-clock]
Choosing groups...
830 uncovered facts
Choosing groups: [0.010s CPU, 0.002s wall-clock]
Building translation key... [0.000s CPU, 0.004s wall-clock]
Computing fact groups: [0.040s CPU, 0.042s wall-clock]
Building STRIPS to SAS dictionary... [0.000s CPU, 0.001s wall-clock]
Building dictionary for full mutex groups... [0.000s CPU, 0.001s wall-clock]
Building mutex information...
Building mutex information: [0.000s CPU, 0.001s wall-clock]
Translating task...
Processing axioms...
Simplifying axioms... [0.000s CPU, 0.000s wall-clock]
Translator axioms removed by simplifying: 0
Computing negative axioms... [0.000s CPU, 0.000s wall-clock]
Processing axioms: [0.280s CPU, 0.280s wall-clock]
Translating task: [5.260s CPU, 5.261s wall-clock]
106752 effect conditions simplified
0 implied preconditions added
Detecting unreachable propositions...
0 operators removed
0 axioms removed
55 propositions removed
Detecting unreachable propositions: [2.670s CPU, 2.676s wall-clock]
Reordering and filtering variables...
862 of 864 variables necessary.
0 of 41 mutex groups necessary.
69096 of 69096 operators necessary.
0 of 0 axiom rules necessary.
Reordering and filtering variables: [1.380s CPU, 1.382s wall-clock]
Translator variables: 862
Translator derived variables: 0
Translator facts: 2641
Translator goal facts: 49
Translator mutex groups: 0
Translator total mutex groups size: 0
Translator operators: 69096
Translator axioms: 0
Translator task size: 972941
Translator peak memory: 504024 KB
Writing output... [0.660s CPU, 0.667s wall-clock]
Done! [15.950s CPU, 15.964s wall-clock]
translate exit code: 0

INFO     Running search (release).
INFO     search stdin: output.sas
INFO     search time limit: 1783s
INFO     search memory limit: 2048 MB
INFO     search command line string: /home/henry/Documents/UFRGS/TCC/downward/experiments/lab/data/main/code-5bb2ccb6957559b6969ffd7e29254c73f84d5e49_e5e41175/builds/release/bin/downward --search 'eager_greedy([operatorcounting(constraint_generators=[pho_constraints(patterns=systematic(2))], use_integer_operator_counts=true, transform=adapt_costs(cost_type=ONE))])' --internal-plan-file sas_plan < output.sas
[t=0s, 45596 KB] reading input...
[t=0.44742s, 80060 KB] done reading input!
[t=0.455634s, 86628 KB] Generating patterns using: systematic pattern collection generator
[t=0.455634s, 86628 KB] building causal graph...done! [t=0.33563s]
[t=0.891176s, 117616 KB] Found 6065 SGA patterns.
[t=1.07105s, 117616 KB] Found 6065 interesting patterns.
[t=1.07506s, 117616 KB] systematic pattern collection generator number of patterns: 6065
[t=1.07506s, 117616 KB] systematic pattern collection generator total PDB size: 217408
[t=1.07506s, 117616 KB] systematic pattern collection generator computation time: 0.619423s
[t=1.07506s, 117616 KB] Computing PDBs for pattern collection...
[t=107.996s, 117616 KB] Done computing PDBs for pattern collection: 106.921s
[t=137.13s, 711524 KB] Building successor generator...done!
[t=137.158s, 711524 KB] peak memory difference for successor generator creation: 0 KB
[t=137.158s, 711524 KB] time for successor generation creation: 0.0279897s
[t=137.158s, 711524 KB] Variables: 862
[t=137.158s, 711524 KB] FactPairs: 2641
[t=137.158s, 711524 KB] Bytes per state: 128
[t=137.158s, 711524 KB] Conducting best first search without reopening closed nodes, (real) bound = 2147483647
[t=143.729s, 955180 KB] New best heuristic value for operatorcounting(constraint_generators=[pho_constraints(patterns=systematic(2))],use_integer_operator_counts=true,transform=adapt_costs(cost_type=one)): 98
[t=143.729s, 955180 KB] g=0, 1 evaluated, 0 expanded
[t=143.729s, 955180 KB] Initial heuristic value for operatorcounting(constraint_generators=[pho_constraints(patterns=systematic(2))],use_integer_operator_counts=true,transform=adapt_costs(cost_type=one)): 98
[t=143.729s, 955180 KB] pruning method: none
[t=147.799s, 962416 KB] New best heuristic value for operatorcounting(constraint_generators=[pho_constraints(patterns=systematic(2))],use_integer_operator_counts=true,transform=adapt_costs(cost_type=one)): 97
[t=147.799s, 962416 KB] g=1, 2 evaluated, 1 expanded
[t=183.927s, 1425432 KB] New best heuristic value for operatorcounting(constraint_generators=[pho_constraints(patterns=systematic(2))],use_integer_operator_counts=true,transform=adapt_costs(cost_type=one)): 96
[t=183.927s, 1425432 KB] g=1, 10 evaluated, 6 expanded
[t=192.111s, 1425432 KB] New best heuristic value for operatorcounting(constraint_generators=[pho_constraints(patterns=systematic(2))],use_integer_operator_counts=true,transform=adapt_costs(cost_type=one)): 95
[t=192.111s, 1425432 KB] g=2, 12 evaluated, 7 expanded
[t=234.691s, 1425432 KB] New best heuristic value for operatorcounting(constraint_generators=[pho_constraints(patterns=systematic(2))],use_integer_operator_counts=true,transform=adapt_costs(cost_type=one)): 94
[t=234.691s, 1425432 KB] g=3, 20 evaluated, 12 expanded
[t=299.911s, 1425456 KB] New best heuristic value for operatorcounting(constraint_generators=[pho_constraints(patterns=systematic(2))],use_integer_operator_counts=true,transform=adapt_costs(cost_type=one)): 93
[t=299.911s, 1425456 KB] g=4, 35 evaluated, 20 expanded
[t=309.076s, 1425456 KB] New best heuristic value for operatorcounting(constraint_generators=[pho_constraints(patterns=systematic(2))],use_integer_operator_counts=true,transform=adapt_costs(cost_type=one)): 92
[t=309.076s, 1425456 KB] g=4, 37 evaluated, 21 expanded
[t=348.276s, 1425456 KB] New best heuristic value for operatorcounting(constraint_generators=[pho_constraints(patterns=systematic(2))],use_integer_operator_counts=true,transform=adapt_costs(cost_type=one)): 91
[t=348.276s, 1425456 KB] g=4, 48 evaluated, 28 expanded
[t=745.358s, 1431436 KB] New best heuristic value for operatorcounting(constraint_generators=[pho_constraints(patterns=systematic(2))],use_integer_operator_counts=true,transform=adapt_costs(cost_type=one)): 90
[t=745.358s, 1431436 KB] g=6, 147 evaluated, 118 expanded
[t=749.378s, 1431436 KB] New best heuristic value for operatorcounting(constraint_generators=[pho_constraints(patterns=systematic(2))],use_integer_operator_counts=true,transform=adapt_costs(cost_type=one)): 89
[t=749.378s, 1431436 KB] g=6, 148 evaluated, 119 expanded
[t=753.426s, 1431436 KB] New best heuristic value for operatorcounting(constraint_generators=[pho_constraints(patterns=systematic(2))],use_integer_operator_counts=true,transform=adapt_costs(cost_type=one)): 88
[t=753.426s, 1431436 KB] g=6, 149 evaluated, 120 expanded
[t=807.246s, 1437420 KB] New best heuristic value for operatorcounting(constraint_generators=[pho_constraints(patterns=systematic(2))],use_integer_operator_counts=true,transform=adapt_costs(cost_type=one)): 87
[t=807.246s, 1437420 KB] g=7, 162 evaluated, 129 expanded
Peak memory: 1437420 KB
caught signal 24 -- exiting
Time limit has been reached.
Remove intermediate file output.sas
search exit code: 23

Driver aborting after search
INFO     Planner time: 1795.61s
