INFO     planner time limit: 1800s
INFO     planner memory limit: 2048 MB

INFO     Running translator.
INFO     translator stdin: None
INFO     translator time limit: 1799s
INFO     translator memory limit: 2048 MB
INFO     translator command line string: /home/henry/Documents/UFRGS/TCC/downward/.venv/bin/python /home/henry/Documents/UFRGS/TCC/downward/experiments/lab/data/main/code-5bb2ccb6957559b6969ffd7e29254c73f84d5e49_e5e41175/builds/release/bin/translate/translate.py domain.pddl problem.pddl --sas-file output.sas
Parsing...
Parsing: [0.000s CPU, 0.005s wall-clock]
Normalizing task... [0.000s CPU, 0.000s wall-clock]
Instantiating...
Generating Datalog program... [0.000s CPU, 0.001s wall-clock]
Normalizing Datalog program...
Normalizing Datalog program: [0.020s CPU, 0.015s wall-clock]
Preparing model... [0.000s CPU, 0.004s wall-clock]
Generated 400 rules.
Computing model... [0.560s CPU, 0.556s wall-clock]
43738 relevant atoms
39186 auxiliary atoms
82924 final queue length
230130 total queue pushes
Completing instantiation... [2.160s CPU, 2.161s wall-clock]
Instantiating: [2.750s CPU, 2.755s wall-clock]
Computing fact groups...
Finding invariants...
41 initial candidates
Finding invariants: [0.060s CPU, 0.057s wall-clock]
Checking invariant weight... [0.000s CPU, 0.000s wall-clock]
Instantiating groups... [0.000s CPU, 0.000s wall-clock]
Collecting mutex groups... [0.000s CPU, 0.000s wall-clock]
Choosing groups...
443 uncovered facts
Choosing groups: [0.000s CPU, 0.000s wall-clock]
Building translation key... [0.000s CPU, 0.001s wall-clock]
Computing fact groups: [0.060s CPU, 0.060s wall-clock]
Building STRIPS to SAS dictionary... [0.000s CPU, 0.000s wall-clock]
Building dictionary for full mutex groups... [0.000s CPU, 0.000s wall-clock]
Building mutex information...
Building mutex information: [0.010s CPU, 0.000s wall-clock]
Translating task...
Processing axioms...
Simplifying axioms... [0.000s CPU, 0.000s wall-clock]
Translator axioms removed by simplifying: 0
Computing negative axioms... [0.000s CPU, 0.000s wall-clock]
Processing axioms: [0.100s CPU, 0.102s wall-clock]
Translating task: [2.710s CPU, 2.720s wall-clock]
123029 effect conditions simplified
0 implied preconditions added
Detecting unreachable propositions...
0 operators removed
0 axioms removed
2 propositions removed
Detecting unreachable propositions: [1.710s CPU, 1.716s wall-clock]
Reordering and filtering variables...
445 of 445 variables necessary.
1 of 3 mutex groups necessary.
43098 of 43098 operators necessary.
0 of 0 axiom rules necessary.
Reordering and filtering variables: [0.640s CPU, 0.640s wall-clock]
Translator variables: 445
Translator derived variables: 0
Translator facts: 893
Translator goal facts: 4
Translator mutex groups: 1
Translator total mutex groups size: 2
Translator operators: 43098
Translator axioms: 0
Translator task size: 530940
Translator peak memory: 318288 KB
Writing output... [0.380s CPU, 0.384s wall-clock]
Done! [8.370s CPU, 8.390s wall-clock]
translate exit code: 0

INFO     Running search (release).
INFO     search stdin: output.sas
INFO     search time limit: 1791s
INFO     search memory limit: 2048 MB
INFO     search command line string: /home/henry/Documents/UFRGS/TCC/downward/experiments/lab/data/main/code-5bb2ccb6957559b6969ffd7e29254c73f84d5e49_e5e41175/builds/release/bin/downward --search 'eager_greedy([lsh(patterns=systematic(2), transform=adapt_costs(cost_type=ONE))])' --internal-plan-file sas_plan < output.sas
[t=0s, 10544 KB] reading input...
[t=0.247827s, 30436 KB] done reading input!
[t=0.251831s, 30836 KB] Generating patterns using: systematic pattern collection generator
[t=0.251831s, 30836 KB] building causal graph...done! [t=0.171864s]
[t=0.455663s, 48652 KB] Found 11 SGA patterns.
[t=0.455663s, 48652 KB] Found 11 interesting patterns.
[t=0.455663s, 48652 KB] systematic pattern collection generator number of patterns: 11
[t=0.455663s, 48652 KB] systematic pattern collection generator total PDB size: 36
[t=0.455663s, 48652 KB] systematic pattern collection generator computation time: 0.203832s
[t=0.455663s, 48652 KB] Computing PDBs for pattern collection...
[t=0.531621s, 48652 KB] Done computing PDBs for pattern collection: 0.0759582s
[t=0.551604s, 48652 KB] Building successor generator...done!
[t=0.571584s, 48652 KB] peak memory difference for successor generator creation: 0 KB
[t=0.571584s, 48652 KB] time for successor generation creation: 0.0199794s
[t=0.571584s, 48652 KB] Variables: 445
[t=0.571584s, 48652 KB] FactPairs: 893
[t=0.571584s, 48652 KB] Bytes per state: 56
[t=0.571584s, 48652 KB] Conducting best first search without reopening closed nodes, (real) bound = 2147483647
[t=0.571584s, 48652 KB] New best heuristic value for lsh(patterns=systematic(2),transform=adapt_costs(cost_type=one)): 5
[t=0.571584s, 48652 KB] g=0, 1 evaluated, 0 expanded
[t=0.571584s, 48652 KB] Initial heuristic value for lsh(patterns=systematic(2),transform=adapt_costs(cost_type=one)): 5
[t=0.571584s, 48652 KB] pruning method: none
[t=0.571584s, 48652 KB] New best heuristic value for lsh(patterns=systematic(2),transform=adapt_costs(cost_type=one)): 4
[t=0.571584s, 48652 KB] g=1, 5 evaluated, 1 expanded
[t=1.22719s, 48652 KB] New best heuristic value for lsh(patterns=systematic(2),transform=adapt_costs(cost_type=one)): 3
[t=1.22719s, 48652 KB] g=18, 42328 evaluated, 25575 expanded
[t=1.22719s, 48652 KB] New best heuristic value for lsh(patterns=systematic(2),transform=adapt_costs(cost_type=one)): 2
[t=1.22719s, 48652 KB] g=19, 42332 evaluated, 25576 expanded
[t=1.23119s, 48652 KB] New best heuristic value for lsh(patterns=systematic(2),transform=adapt_costs(cost_type=one)): 1
[t=1.23119s, 48652 KB] g=27, 42588 evaluated, 25727 expanded
[t=42.9177s, 280524 KB] New best heuristic value for lsh(patterns=systematic(2),transform=adapt_costs(cost_type=one)): 0
[t=42.9177s, 280524 KB] g=55, 2747909 evaluated, 1742315 expanded
[t=42.9177s, 280524 KB] Solution found!
[t=42.9177s, 280524 KB] Actual search time: 42.3462s
finish-object object3 x3 y1 (1)
unpark pr2 xrel0 yrel0 (1)
base-right pr2 x0 x1 y0 (1)
base-down pr2 x1 y0 y1 (1)
base-down pr2 x1 y1 y2 (1)
base-down pr2 x1 y2 y3 (1)
base-down pr2 x1 y3 y4 (1)
base-down pr2 x1 y4 y5 (1)
base-down pr2 x1 y5 y6 (1)
base-down pr2 x1 y6 y7 (1)
base-right pr2 x1 x2 y7 (1)
base-right pr2 x2 x3 y7 (1)
base-up pr2 x3 y7 y6 (1)
park pr2 (1)
gripper-up pr2 x3 y6 xrel0 x3 yrel0 yrel-1 y6 y5 (1)
get-up pr2 x3 y6 xrel0 x3 yrel-1 y5 object1 y4 (1)
gripper-down pr2 x3 y6 xrel0 x3 yrel-1 yrel0 y5 y6 (1)
put-up pr2 x3 y6 xrel0 x3 yrel0 y6 object1 y5 (1)
finish-object object1 x3 y5 (1)
unpark pr2 xrel0 yrel0 (1)
base-up pr2 x3 y6 y5 (1)
park pr2 (1)
gripper-up pr2 x3 y5 xrel0 x3 yrel0 yrel-1 y5 y4 (1)
get-right pr2 x3 y5 xrel0 x3 yrel-1 y4 object0 x4 (1)
gripper-down pr2 x3 y5 xrel0 x3 yrel-1 yrel0 y4 y5 (1)
put-up pr2 x3 y5 xrel0 x3 yrel0 y5 object0 y4 (1)
finish-object object0 x3 y4 (1)
unpark pr2 xrel0 yrel0 (1)
base-down pr2 x3 y5 y6 (1)
base-down pr2 x3 y6 y7 (1)
base-right pr2 x3 x4 y7 (1)
base-right pr2 x4 x5 y7 (1)
base-right pr2 x5 x6 y7 (1)
base-up pr2 x6 y7 y6 (1)
base-up pr2 x6 y6 y5 (1)
base-up pr2 x6 y5 y4 (1)
base-up pr2 x6 y4 y3 (1)
park pr2 (1)
gripper-up pr2 x6 y3 xrel0 x6 yrel0 yrel-1 y3 y2 (1)
gripper-left pr2 x6 y3 xrel0 xrel-1 x6 x5 yrel-1 y2 (1)
get-up pr2 x6 y3 xrel-1 x5 yrel-1 y2 object2 y1 (1)
gripper-right pr2 x6 y3 xrel-1 xrel0 x5 x6 yrel-1 y2 (1)
gripper-down pr2 x6 y3 xrel0 x6 yrel-1 yrel0 y2 y3 (1)
unpark pr2 xrel0 yrel0 (1)
base-down pr2 x6 y3 y4 (1)
base-down pr2 x6 y4 y5 (1)
base-down pr2 x6 y5 y6 (1)
base-down pr2 x6 y6 y7 (1)
base-left pr2 x6 x5 y7 (1)
base-left pr2 x5 x4 y7 (1)
base-up pr2 x4 y7 y6 (1)
park pr2 (1)
gripper-up pr2 x4 y6 xrel0 x4 yrel0 yrel-1 y6 y5 (1)
put-up pr2 x4 y6 xrel0 x4 yrel-1 y5 object2 y4 (1)
finish-object object2 x4 y4 (1)
[t=42.9177s, 280524 KB] Plan length: 55 step(s).
[t=42.9177s, 280524 KB] Plan cost: 55
[t=42.9177s, 280524 KB] Expanded 1742316 state(s).
[t=42.9177s, 280524 KB] Reopened 0 state(s).
[t=42.9177s, 280524 KB] Evaluated 2747909 state(s).
[t=42.9177s, 280524 KB] Evaluations: 2747909
[t=42.9177s, 280524 KB] Generated 5655546 state(s).
[t=42.9177s, 280524 KB] Dead ends: 0 state(s).
[t=42.9177s, 280524 KB] Number of registered states: 2747909
[t=42.9177s, 280524 KB] Int hash set load factor: 2747909/4194304 = 0.655153
[t=42.9177s, 280524 KB] Int hash set resizes: 22
[t=42.9177s, 280524 KB] Search time: 42.3462s
[t=42.9177s, 280524 KB] Total time: 42.9177s
Solution found.
Peak memory: 280524 KB
Remove intermediate file output.sas
search exit code: 0

INFO     Running validate.
INFO     validate stdin: None
INFO     validate time limit: None
INFO     validate memory limit: None
INFO     validate command line string: /home/henry/bin/validate domain.pddl problem.pddl sas_plan
Checking plan: sas_plan
Plan executed successfully - checking goal
Plan valid
Final value: 55 

Successful plans:
Value: 55
 sas_plan 55 

validate exit code: 0

INFO     Planner time: 51.42s
