INFO     planner time limit: 1800s
INFO     planner memory limit: 2048 MB

INFO     Running translator.
INFO     translator stdin: None
INFO     translator time limit: 1799s
INFO     translator memory limit: 2048 MB
INFO     translator command line string: /home/henry/Documents/UFRGS/TCC/downward/.venv/bin/python /home/henry/Documents/UFRGS/TCC/downward/experiments/lab/data/main/code-5bb2ccb6957559b6969ffd7e29254c73f84d5e49_e5e41175/builds/release/bin/translate/translate.py domain.pddl problem.pddl --sas-file output.sas
Parsing...
Parsing: [0.000s CPU, 0.002s wall-clock]
Normalizing task... [0.000s CPU, 0.000s wall-clock]
Instantiating...
Generating Datalog program... [0.000s CPU, 0.001s wall-clock]
Normalizing Datalog program...
Normalizing Datalog program: [0.000s CPU, 0.003s wall-clock]
Preparing model... [0.010s CPU, 0.002s wall-clock]
Generated 79 rules.
Computing model... [0.710s CPU, 0.709s wall-clock]
69853 relevant atoms
39700 auxiliary atoms
109553 final queue length
307675 total queue pushes
Completing instantiation... [1.750s CPU, 1.755s wall-clock]
Instantiating: [2.500s CPU, 2.499s wall-clock]
Computing fact groups...
Finding invariants...
14 initial candidates
Finding invariants: [0.040s CPU, 0.038s wall-clock]
Checking invariant weight... [0.000s CPU, 0.000s wall-clock]
Instantiating groups... [0.000s CPU, 0.000s wall-clock]
Collecting mutex groups... [0.000s CPU, 0.000s wall-clock]
Choosing groups...
1736 uncovered facts
Choosing groups: [0.000s CPU, 0.001s wall-clock]
Building translation key... [0.000s CPU, 0.004s wall-clock]
Computing fact groups: [0.050s CPU, 0.053s wall-clock]
Building STRIPS to SAS dictionary... [0.000s CPU, 0.001s wall-clock]
Building dictionary for full mutex groups... [0.000s CPU, 0.001s wall-clock]
Building mutex information...
Building mutex information: [0.010s CPU, 0.001s wall-clock]
Translating task...
Processing axioms...
Simplifying axioms... [0.000s CPU, 0.000s wall-clock]
Translator axioms removed by simplifying: 0
Computing negative axioms... [0.000s CPU, 0.000s wall-clock]
Processing axioms: [0.030s CPU, 0.033s wall-clock]
Translating task: [1.090s CPU, 1.094s wall-clock]
61924 effect conditions simplified
0 implied preconditions added
Detecting unreachable propositions...
0 operators removed
0 axioms removed
5 propositions removed
Detecting unreachable propositions: [0.610s CPU, 0.616s wall-clock]
Reordering and filtering variables...
1741 of 1741 variables necessary.
0 of 5 mutex groups necessary.
25540 of 25540 operators necessary.
0 of 0 axiom rules necessary.
Reordering and filtering variables: [0.470s CPU, 0.464s wall-clock]
Translator variables: 1741
Translator derived variables: 0
Translator facts: 3752
Translator goal facts: 28
Translator mutex groups: 0
Translator total mutex groups size: 0
Translator operators: 25540
Translator axioms: 0
Translator task size: 218305
Translator peak memory: 175676 KB
Writing output... [0.160s CPU, 0.162s wall-clock]
Done! [4.940s CPU, 4.944s wall-clock]
translate exit code: 0

INFO     Running search (release).
INFO     search stdin: output.sas
INFO     search time limit: 1794s
INFO     search memory limit: 2048 MB
INFO     search command line string: /home/henry/Documents/UFRGS/TCC/downward/experiments/lab/data/main/code-5bb2ccb6957559b6969ffd7e29254c73f84d5e49_e5e41175/builds/release/bin/downward --search 'eager_greedy([ilsh(patterns=systematic(2), transform=adapt_costs(cost_type=ONE))])' --internal-plan-file sas_plan < output.sas
[t=0s, 10544 KB] reading input...
[t=0.118945s, 20860 KB] done reading input!
[t=0.118945s, 21116 KB] Generating patterns using: systematic pattern collection generator
[t=0.118945s, 21116 KB] building causal graph...done! [t=0.0559542s]
[t=0.1869s, 33172 KB] Found 6530 SGA patterns.
[t=0.298846s, 33172 KB] Found 6530 interesting patterns.
[t=0.302841s, 33172 KB] systematic pattern collection generator number of patterns: 6530
[t=0.302841s, 33172 KB] systematic pattern collection generator total PDB size: 41184
[t=0.302841s, 33172 KB] systematic pattern collection generator computation time: 0.183896s
[t=0.302841s, 33172 KB] Computing PDBs for pattern collection...
[t=27.1358s, 33172 KB] Done computing PDBs for pattern collection: 26.833s
[t=32.311s, 121548 KB] Tie breaking: 2
[t=32.311s, 121548 KB] Building successor generator...done!
[t=32.323s, 123008 KB] peak memory difference for successor generator creation: 1460 KB
[t=32.323s, 123008 KB] time for successor generation creation: 0.00797019s
[t=32.323s, 123008 KB] Variables: 1741
[t=32.323s, 123008 KB] FactPairs: 3752
[t=32.323s, 123008 KB] Bytes per state: 224
[t=32.323s, 123008 KB] Conducting best first search without reopening closed nodes, (real) bound = 2147483647
[t=32.383s, 123008 KB] New best heuristic value for ilsh(patterns=systematic(2),transform=adapt_costs(cost_type=one)): 8
[t=32.383s, 123008 KB] g=0, 1 evaluated, 0 expanded
[t=32.383s, 123008 KB] Initial heuristic value for ilsh(patterns=systematic(2),transform=adapt_costs(cost_type=one)): 8
[t=32.383s, 123008 KB] pruning method: none
[t=32.4309s, 123008 KB] New best heuristic value for ilsh(patterns=systematic(2),transform=adapt_costs(cost_type=one)): 7
[t=32.4309s, 123008 KB] g=2, 2 evaluated, 1 expanded
[t=32.6587s, 123008 KB] New best heuristic value for ilsh(patterns=systematic(2),transform=adapt_costs(cost_type=one)): 6
[t=32.6627s, 123008 KB] g=3, 6 evaluated, 1 expanded
Peak memory: 123008 KB
caught signal 24 -- exiting
Time limit has been reached.
Remove intermediate file output.sas
search exit code: 23

Driver aborting after search
INFO     Planner time: 1797.30s
