INFO     planner time limit: 1800s
INFO     planner memory limit: 2048 MB

INFO     Running translator.
INFO     translator stdin: None
INFO     translator time limit: 1799s
INFO     translator memory limit: 2048 MB
INFO     translator command line string: /home/henry/Documents/UFRGS/TCC/downward/.venv/bin/python /home/henry/Documents/UFRGS/TCC/downward/experiments/lab/data/main/code-fa850d1cb8d716322f299a4f9b64478019793ada_e5e41175/builds/release/bin/translate/translate.py domain.pddl problem.pddl --sas-file output.sas
Parsing...
Parsing: [0.000s CPU, 0.001s wall-clock]
Normalizing task... [0.000s CPU, 0.000s wall-clock]
Instantiating...
Generating Datalog program... [0.000s CPU, 0.000s wall-clock]
Normalizing Datalog program...
Normalizing Datalog program: [0.000s CPU, 0.001s wall-clock]
Preparing model... [0.000s CPU, 0.001s wall-clock]
Generated 26 rules.
Computing model... [0.010s CPU, 0.008s wall-clock]
779 relevant atoms
794 auxiliary atoms
1573 final queue length
2701 total queue pushes
Completing instantiation... [0.010s CPU, 0.013s wall-clock]
Instantiating: [0.020s CPU, 0.023s wall-clock]
Computing fact groups...
Finding invariants...
9 initial candidates
Finding invariants: [0.000s CPU, 0.001s wall-clock]
Checking invariant weight... [0.000s CPU, 0.000s wall-clock]
Instantiating groups... [0.000s CPU, 0.000s wall-clock]
Collecting mutex groups... [0.000s CPU, 0.000s wall-clock]
Choosing groups...
0 uncovered facts
Choosing groups: [0.000s CPU, 0.000s wall-clock]
Building translation key... [0.000s CPU, 0.000s wall-clock]
Computing fact groups: [0.010s CPU, 0.002s wall-clock]
Building STRIPS to SAS dictionary... [0.000s CPU, 0.000s wall-clock]
Building dictionary for full mutex groups... [0.000s CPU, 0.000s wall-clock]
Building mutex information...
Building mutex information: [0.000s CPU, 0.000s wall-clock]
Translating task...
Processing axioms...
Simplifying axioms... [0.000s CPU, 0.000s wall-clock]
Translator axioms removed by simplifying: 0
Computing negative axioms... [0.000s CPU, 0.000s wall-clock]
Processing axioms: [0.000s CPU, 0.001s wall-clock]
Translating task: [0.010s CPU, 0.012s wall-clock]
0 effect conditions simplified
0 implied preconditions added
Detecting unreachable propositions...
0 operators removed
0 axioms removed
8 propositions removed
Detecting unreachable propositions: [0.000s CPU, 0.006s wall-clock]
Reordering and filtering variables...
8 of 8 variables necessary.
0 of 8 mutex groups necessary.
616 of 616 operators necessary.
0 of 0 axiom rules necessary.
Reordering and filtering variables: [0.010s CPU, 0.002s wall-clock]
Translator variables: 8
Translator derived variables: 0
Translator facts: 72
Translator goal facts: 4
Translator mutex groups: 0
Translator total mutex groups size: 0
Translator operators: 616
Translator axioms: 0
Translator task size: 3660
Translator peak memory: 34628 KB
Writing output... [0.000s CPU, 0.003s wall-clock]
Done! [0.050s CPU, 0.050s wall-clock]
translate exit code: 0

INFO     Running search (release).
INFO     search stdin: output.sas
INFO     search time limit: 1799s
INFO     search memory limit: 2048 MB
INFO     search command line string: /home/henry/Documents/UFRGS/TCC/downward/experiments/lab/data/main/code-fa850d1cb8d716322f299a4f9b64478019793ada_e5e41175/builds/release/bin/downward --search 'eager_greedy([lsh(patterns=systematic(4), transform=adapt_costs(cost_type=NORMAL))])' --internal-plan-file sas_plan < output.sas
[t=0s, 45596 KB] reading input...
[t=0s, 45728 KB] done reading input!
[t=0s, 46120 KB] Generating patterns using: systematic pattern collection generator
[t=0s, 46120 KB] building causal graph...done! [t=0s]
[t=0s, 46120 KB] Found 110 SGA patterns.
[t=0s, 46120 KB] Found 136 interesting patterns.
[t=0s, 46120 KB] systematic pattern collection generator number of patterns: 136
[t=0s, 46120 KB] systematic pattern collection generator total PDB size: 446336
[t=0s, 46120 KB] systematic pattern collection generator computation time: 0s
[t=0s, 46120 KB] Computing PDBs for pattern collection...
[t=0.119898s, 47844 KB] Done computing PDBs for pattern collection: 0.119898s
[t=0.1239s, 48720 KB] Building successor generator...done!
[t=0.1239s, 48860 KB] peak memory difference for successor generator creation: 140 KB
[t=0.1239s, 48860 KB] time for successor generation creation: 0s
[t=0.1239s, 48860 KB] Variables: 8
[t=0.1239s, 48860 KB] FactPairs: 72
[t=0.1239s, 48860 KB] Bytes per state: 4
[t=0.1239s, 48860 KB] Conducting best first search without reopening closed nodes, (real) bound = 2147483647
[t=0.1239s, 48860 KB] New best heuristic value for lsh(patterns=systematic(4),transform=adapt_costs(cost_type=normal)): 677
[t=0.1239s, 48860 KB] g=0, 1 evaluated, 0 expanded
[t=0.1239s, 48860 KB] Initial heuristic value for lsh(patterns=systematic(4),transform=adapt_costs(cost_type=normal)): 677
[t=0.1239s, 48860 KB] pruning method: none
[t=0.1239s, 48860 KB] New best heuristic value for lsh(patterns=systematic(4),transform=adapt_costs(cost_type=normal)): 538
[t=0.1239s, 48860 KB] g=103, 10 evaluated, 2 expanded
[t=0.1239s, 48860 KB] New best heuristic value for lsh(patterns=systematic(4),transform=adapt_costs(cost_type=normal)): 537
[t=0.1239s, 48860 KB] g=104, 14 evaluated, 3 expanded
[t=0.1239s, 48860 KB] New best heuristic value for lsh(patterns=systematic(4),transform=adapt_costs(cost_type=normal)): 536
[t=0.1239s, 48860 KB] g=105, 22 evaluated, 5 expanded
[t=0.1239s, 48860 KB] New best heuristic value for lsh(patterns=systematic(4),transform=adapt_costs(cost_type=normal)): 515
[t=0.1239s, 48860 KB] g=156, 29 evaluated, 7 expanded
[t=0.1239s, 48860 KB] New best heuristic value for lsh(patterns=systematic(4),transform=adapt_costs(cost_type=normal)): 514
[t=0.1239s, 48860 KB] g=157, 35 evaluated, 8 expanded
[t=0.1239s, 48860 KB] New best heuristic value for lsh(patterns=systematic(4),transform=adapt_costs(cost_type=normal)): 513
[t=0.1239s, 48860 KB] g=552, 89 evaluated, 26 expanded
[t=0.1239s, 48860 KB] New best heuristic value for lsh(patterns=systematic(4),transform=adapt_costs(cost_type=normal)): 512
[t=0.1239s, 48860 KB] g=553, 96 evaluated, 27 expanded
[t=0.1239s, 48860 KB] New best heuristic value for lsh(patterns=systematic(4),transform=adapt_costs(cost_type=normal)): 372
[t=0.1239s, 48860 KB] g=793, 123 evaluated, 36 expanded
[t=0.1239s, 48860 KB] New best heuristic value for lsh(patterns=systematic(4),transform=adapt_costs(cost_type=normal)): 350
[t=0.1239s, 48860 KB] g=815, 129 evaluated, 37 expanded
[t=0.1239s, 48860 KB] New best heuristic value for lsh(patterns=systematic(4),transform=adapt_costs(cost_type=normal)): 349
[t=0.1239s, 48860 KB] g=816, 139 evaluated, 38 expanded
[t=0.1239s, 48860 KB] New best heuristic value for lsh(patterns=systematic(4),transform=adapt_costs(cost_type=normal)): 184
[t=0.1239s, 48860 KB] g=978, 903 evaluated, 270 expanded
[t=0.1239s, 48860 KB] New best heuristic value for lsh(patterns=systematic(4),transform=adapt_costs(cost_type=normal)): 45
[t=0.1239s, 48860 KB] g=1027, 908 evaluated, 271 expanded
[t=0.1239s, 48860 KB] New best heuristic value for lsh(patterns=systematic(4),transform=adapt_costs(cost_type=normal)): 1
[t=0.1239s, 48860 KB] g=1025, 909 evaluated, 271 expanded
[t=0.1239s, 48860 KB] New best heuristic value for lsh(patterns=systematic(4),transform=adapt_costs(cost_type=normal)): 0
[t=0.1239s, 48860 KB] g=1026, 916 evaluated, 272 expanded
[t=0.1239s, 48860 KB] Solution found!
[t=0.1239s, 48860 KB] Actual search time: 0s
drive truck-1 city-1-loc-3 city-1-loc-2 (50)
drive truck-2 city-3-loc-1 city-3-loc-3 (53)
pick-up truck-1 city-1-loc-2 package-2 capacity-2 capacity-3 (1)
pick-up truck-1 city-1-loc-2 package-4 capacity-1 capacity-2 (1)
drive truck-1 city-1-loc-2 city-1-loc-3 (50)
drop truck-1 city-1-loc-3 package-2 capacity-1 capacity-2 (1)
drop truck-1 city-1-loc-3 package-4 capacity-2 capacity-3 (1)
drive truck-1 city-1-loc-3 city-1-loc-1 (22)
drive truck-1 city-1-loc-1 city-3-loc-1 (186)
pick-up truck-1 city-3-loc-1 package-1 capacity-2 capacity-3 (1)
drive truck-1 city-3-loc-1 city-1-loc-1 (186)
drop truck-1 city-1-loc-1 package-1 capacity-2 capacity-3 (1)
pick-up truck-2 city-3-loc-3 package-3 capacity-2 capacity-3 (1)
drive truck-2 city-3-loc-3 city-3-loc-1 (53)
drive truck-2 city-3-loc-1 city-1-loc-1 (186)
drive truck-2 city-1-loc-1 city-1-loc-3 (22)
drop truck-2 city-1-loc-3 package-3 capacity-2 capacity-3 (1)
pick-up truck-2 city-1-loc-3 package-2 capacity-2 capacity-3 (1)
drive truck-2 city-1-loc-3 city-1-loc-1 (22)
drive truck-2 city-1-loc-1 city-2-loc-3 (139)
drive truck-2 city-2-loc-3 city-2-loc-2 (47)
drop truck-2 city-2-loc-2 package-2 capacity-2 capacity-3 (1)
[t=0.1239s, 48860 KB] Plan length: 22 step(s).
[t=0.1239s, 48860 KB] Plan cost: 1026
[t=0.1239s, 48860 KB] Expanded 273 state(s).
[t=0.1239s, 48860 KB] Reopened 0 state(s).
[t=0.1239s, 48860 KB] Evaluated 920 state(s).
[t=0.1239s, 48860 KB] Evaluations: 920
[t=0.1239s, 48860 KB] Generated 1815 state(s).
[t=0.1239s, 48860 KB] Dead ends: 0 state(s).
[t=0.1239s, 48860 KB] Number of registered states: 920
[t=0.1239s, 48860 KB] Int hash set load factor: 920/1024 = 0.898438
[t=0.1239s, 48860 KB] Int hash set resizes: 10
[t=0.1239s, 48860 KB] Search time: 0s
[t=0.1239s, 48860 KB] Total time: 0.1239s
Solution found.
Peak memory: 48860 KB
Remove intermediate file output.sas
search exit code: 0

INFO     Running validate.
INFO     validate stdin: None
INFO     validate time limit: None
INFO     validate memory limit: None
INFO     validate command line string: /home/henry/bin/validate domain.pddl problem.pddl sas_plan
Checking plan: sas_plan
Plan executed successfully - checking goal
Plan valid
Final value: 1026 

Successful plans:
Value: 1026
 sas_plan 1026 

validate exit code: 0

INFO     Planner time: 0.23s
