INFO     planner time limit: 1800s
INFO     planner memory limit: 2048 MB

INFO     Running translator.
INFO     translator stdin: None
INFO     translator time limit: 1799s
INFO     translator memory limit: 2048 MB
INFO     translator command line string: /home/henry/Documents/UFRGS/TCC/downward/.venv/bin/python /home/henry/Documents/UFRGS/TCC/downward/experiments/lab/data/main/code-5bb2ccb6957559b6969ffd7e29254c73f84d5e49_e5e41175/builds/release/bin/translate/translate.py domain.pddl problem.pddl --sas-file output.sas
Parsing...
Parsing: [0.010s CPU, 0.005s wall-clock]
Normalizing task... [0.000s CPU, 0.000s wall-clock]
Instantiating...
Generating Datalog program... [0.000s CPU, 0.002s wall-clock]
Normalizing Datalog program...
Normalizing Datalog program: [0.000s CPU, 0.002s wall-clock]
Preparing model... [0.000s CPU, 0.006s wall-clock]
Generated 46 rules.
Computing model... [0.390s CPU, 0.379s wall-clock]
52152 relevant atoms
20764 auxiliary atoms
72916 final queue length
164732 total queue pushes
Completing instantiation... [1.950s CPU, 1.965s wall-clock]
Instantiating: [2.360s CPU, 2.370s wall-clock]
Computing fact groups...
Finding invariants...
12 initial candidates
Finding invariants: [0.020s CPU, 0.017s wall-clock]
Checking invariant weight... [0.000s CPU, 0.001s wall-clock]
Instantiating groups... [0.010s CPU, 0.011s wall-clock]
Collecting mutex groups... [0.000s CPU, 0.001s wall-clock]
Choosing groups...
0 uncovered facts
Choosing groups: [0.010s CPU, 0.004s wall-clock]
Building translation key... [0.010s CPU, 0.002s wall-clock]
Computing fact groups: [0.050s CPU, 0.046s wall-clock]
Building STRIPS to SAS dictionary... [0.000s CPU, 0.001s wall-clock]
Building dictionary for full mutex groups... [0.000s CPU, 0.001s wall-clock]
Building mutex information...
Building mutex information: [0.000s CPU, 0.001s wall-clock]
Translating task...
Processing axioms...
Simplifying axioms... [0.000s CPU, 0.000s wall-clock]
Translator axioms removed by simplifying: 0
Computing negative axioms... [0.000s CPU, 0.000s wall-clock]
Processing axioms: [0.060s CPU, 0.066s wall-clock]
Translating task: [1.310s CPU, 1.305s wall-clock]
0 effect conditions simplified
0 implied preconditions added
Detecting unreachable propositions...
0 operators removed
0 axioms removed
76 propositions removed
Detecting unreachable propositions: [0.920s CPU, 0.920s wall-clock]
Reordering and filtering variables...
76 of 76 variables necessary.
0 of 76 mutex groups necessary.
47768 of 47768 operators necessary.
0 of 0 axiom rules necessary.
Reordering and filtering variables: [0.180s CPU, 0.178s wall-clock]
Translator variables: 76
Translator derived variables: 0
Translator facts: 3068
Translator goal facts: 60
Translator mutex groups: 0
Translator total mutex groups size: 0
Translator operators: 47768
Translator axioms: 0
Translator task size: 287628
Translator peak memory: 223272 KB
Writing output... [0.210s CPU, 0.215s wall-clock]
Done! [5.120s CPU, 5.127s wall-clock]
translate exit code: 0

INFO     Running search (release).
INFO     search stdin: output.sas
INFO     search time limit: 1794s
INFO     search memory limit: 2048 MB
INFO     search command line string: /home/henry/Documents/UFRGS/TCC/downward/experiments/lab/data/main/code-5bb2ccb6957559b6969ffd7e29254c73f84d5e49_e5e41175/builds/release/bin/downward --search 'eager_greedy([operatorcounting(constraint_generators=[pho_constraints(patterns=systematic(2))], use_integer_operator_counts=false, transform=adapt_costs(cost_type=ONE))])' --internal-plan-file sas_plan < output.sas
[t=0.00254469s, 45596 KB] reading input...
[t=0.16238s, 58660 KB] done reading input!
[t=0.165262s, 62080 KB] Generating patterns using: systematic pattern collection generator
[t=0.165262s, 62080 KB] building causal graph...done! [t=0.0159635s]
[t=0.181226s, 62080 KB] Found 1020 SGA patterns.
[t=0.185228s, 62080 KB] Found 1020 interesting patterns.
[t=0.185228s, 62080 KB] systematic pattern collection generator number of patterns: 1020
[t=0.185228s, 62080 KB] systematic pattern collection generator total PDB size: 379260
[t=0.185228s, 62080 KB] systematic pattern collection generator computation time: 0.0199655s
[t=0.185228s, 62080 KB] Computing PDBs for pattern collection...
[t=8.81332s, 63548 KB] Done computing PDBs for pattern collection: 8.62809s
[t=10.1913s, 204908 KB] Building successor generator...done!
[t=10.2112s, 204908 KB] peak memory difference for successor generator creation: 0 KB
[t=10.2112s, 204908 KB] time for successor generation creation: 0.019932s
[t=10.2112s, 204908 KB] Variables: 76
[t=10.2112s, 204908 KB] FactPairs: 3068
[t=10.2112s, 204908 KB] Bytes per state: 56
[t=10.2112s, 204908 KB] Conducting best first search without reopening closed nodes, (real) bound = 2147483647
[t=10.4224s, 303976 KB] New best heuristic value for operatorcounting(constraint_generators=[pho_constraints(patterns=systematic(2))],use_integer_operator_counts=false,transform=adapt_costs(cost_type=one)): 224
[t=10.4224s, 303976 KB] g=0, 1 evaluated, 0 expanded
[t=10.4224s, 303976 KB] Initial heuristic value for operatorcounting(constraint_generators=[pho_constraints(patterns=systematic(2))],use_integer_operator_counts=false,transform=adapt_costs(cost_type=one)): 224
[t=10.4224s, 303976 KB] pruning method: none
[t=11.0014s, 303976 KB] New best heuristic value for operatorcounting(constraint_generators=[pho_constraints(patterns=systematic(2))],use_integer_operator_counts=false,transform=adapt_costs(cost_type=one)): 223
[t=11.0014s, 303976 KB] g=0, 12 evaluated, 1 expanded
[t=16.0135s, 303976 KB] New best heuristic value for operatorcounting(constraint_generators=[pho_constraints(patterns=systematic(2))],use_integer_operator_counts=false,transform=adapt_costs(cost_type=one)): 222
[t=16.0135s, 303976 KB] g=0, 99 evaluated, 2 expanded
[t=21.284s, 303976 KB] New best heuristic value for operatorcounting(constraint_generators=[pho_constraints(patterns=systematic(2))],use_integer_operator_counts=false,transform=adapt_costs(cost_type=one)): 221
[t=21.284s, 303976 KB] g=0, 185 evaluated, 3 expanded
[t=27.2297s, 303976 KB] New best heuristic value for operatorcounting(constraint_generators=[pho_constraints(patterns=systematic(2))],use_integer_operator_counts=false,transform=adapt_costs(cost_type=one)): 220
[t=27.2297s, 303976 KB] g=0, 281 evaluated, 4 expanded
[t=32.9351s, 303976 KB] New best heuristic value for operatorcounting(constraint_generators=[pho_constraints(patterns=systematic(2))],use_integer_operator_counts=false,transform=adapt_costs(cost_type=one)): 219
[t=32.9351s, 303976 KB] g=0, 367 evaluated, 5 expanded
[t=38.931s, 303976 KB] New best heuristic value for operatorcounting(constraint_generators=[pho_constraints(patterns=systematic(2))],use_integer_operator_counts=false,transform=adapt_costs(cost_type=one)): 218
[t=38.931s, 303976 KB] g=0, 463 evaluated, 6 expanded
[t=44.0747s, 303976 KB] New best heuristic value for operatorcounting(constraint_generators=[pho_constraints(patterns=systematic(2))],use_integer_operator_counts=false,transform=adapt_costs(cost_type=one)): 217
[t=44.0778s, 303976 KB] g=0, 549 evaluated, 7 expanded
[t=49.8391s, 303976 KB] New best heuristic value for operatorcounting(constraint_generators=[pho_constraints(patterns=systematic(2))],use_integer_operator_counts=false,transform=adapt_costs(cost_type=one)): 216
[t=49.8391s, 303976 KB] g=0, 645 evaluated, 8 expanded
[t=54.8236s, 303976 KB] New best heuristic value for operatorcounting(constraint_generators=[pho_constraints(patterns=systematic(2))],use_integer_operator_counts=false,transform=adapt_costs(cost_type=one)): 215
[t=54.8236s, 303976 KB] g=0, 731 evaluated, 9 expanded
[t=71.4337s, 303976 KB] New best heuristic value for operatorcounting(constraint_generators=[pho_constraints(patterns=systematic(2))],use_integer_operator_counts=false,transform=adapt_costs(cost_type=one)): 214
[t=71.4337s, 303976 KB] g=9, 1007 evaluated, 13 expanded
[t=76.8375s, 303976 KB] New best heuristic value for operatorcounting(constraint_generators=[pho_constraints(patterns=systematic(2))],use_integer_operator_counts=false,transform=adapt_costs(cost_type=one)): 213
[t=76.8375s, 303976 KB] g=9, 1097 evaluated, 14 expanded
[t=82.0529s, 303976 KB] New best heuristic value for operatorcounting(constraint_generators=[pho_constraints(patterns=systematic(2))],use_integer_operator_counts=false,transform=adapt_costs(cost_type=one)): 212
[t=82.0529s, 303976 KB] g=9, 1183 evaluated, 15 expanded
[t=96.3949s, 303976 KB] New best heuristic value for operatorcounting(constraint_generators=[pho_constraints(patterns=systematic(2))],use_integer_operator_counts=false,transform=adapt_costs(cost_type=one)): 211
[t=96.3949s, 303976 KB] g=16, 1435 evaluated, 18 expanded
[t=101.326s, 303976 KB] New best heuristic value for operatorcounting(constraint_generators=[pho_constraints(patterns=systematic(2))],use_integer_operator_counts=false,transform=adapt_costs(cost_type=one)): 210
[t=101.326s, 303976 KB] g=16, 1523 evaluated, 19 expanded
[t=116.674s, 303976 KB] New best heuristic value for operatorcounting(constraint_generators=[pho_constraints(patterns=systematic(2))],use_integer_operator_counts=false,transform=adapt_costs(cost_type=one)): 209
[t=116.674s, 303976 KB] g=23, 1764 evaluated, 22 expanded
[t=135.084s, 303976 KB] New best heuristic value for operatorcounting(constraint_generators=[pho_constraints(patterns=systematic(2))],use_integer_operator_counts=false,transform=adapt_costs(cost_type=one)): 208
[t=135.084s, 303976 KB] g=29, 2084 evaluated, 26 expanded
[t=156.798s, 303976 KB] New best heuristic value for operatorcounting(constraint_generators=[pho_constraints(patterns=systematic(2))],use_integer_operator_counts=false,transform=adapt_costs(cost_type=one)): 207
[t=156.798s, 303976 KB] g=35, 2477 evaluated, 31 expanded
[t=165.746s, 303976 KB] New best heuristic value for operatorcounting(constraint_generators=[pho_constraints(patterns=systematic(2))],use_integer_operator_counts=false,transform=adapt_costs(cost_type=one)): 206
[t=165.746s, 303976 KB] g=44, 2641 evaluated, 33 expanded
[t=192.184s, 303976 KB] New best heuristic value for operatorcounting(constraint_generators=[pho_constraints(patterns=systematic(2))],use_integer_operator_counts=false,transform=adapt_costs(cost_type=one)): 205
[t=192.184s, 303976 KB] g=54, 3113 evaluated, 39 expanded
[t=197.2s, 303976 KB] New best heuristic value for operatorcounting(constraint_generators=[pho_constraints(patterns=systematic(2))],use_integer_operator_counts=false,transform=adapt_costs(cost_type=one)): 204
[t=197.2s, 303976 KB] g=54, 3202 evaluated, 40 expanded
[t=206.618s, 303976 KB] New best heuristic value for operatorcounting(constraint_generators=[pho_constraints(patterns=systematic(2))],use_integer_operator_counts=false,transform=adapt_costs(cost_type=one)): 203
[t=206.618s, 303976 KB] g=64, 3367 evaluated, 42 expanded
[t=242.775s, 303976 KB] New best heuristic value for operatorcounting(constraint_generators=[pho_constraints(patterns=systematic(2))],use_integer_operator_counts=false,transform=adapt_costs(cost_type=one)): 202
[t=242.775s, 303976 KB] g=76, 3985 evaluated, 50 expanded
[t=251.474s, 303976 KB] New best heuristic value for operatorcounting(constraint_generators=[pho_constraints(patterns=systematic(2))],use_integer_operator_counts=false,transform=adapt_costs(cost_type=one)): 201
[t=251.474s, 303976 KB] g=88, 4149 evaluated, 52 expanded
[t=292.507s, 303976 KB] New best heuristic value for operatorcounting(constraint_generators=[pho_constraints(patterns=systematic(2))],use_integer_operator_counts=false,transform=adapt_costs(cost_type=one)): 200
[t=292.507s, 303976 KB] g=101, 4844 evaluated, 61 expanded
[t=297.796s, 303976 KB] New best heuristic value for operatorcounting(constraint_generators=[pho_constraints(patterns=systematic(2))],use_integer_operator_counts=false,transform=adapt_costs(cost_type=one)): 199
[t=297.796s, 303976 KB] g=101, 4934 evaluated, 62 expanded
[t=302.952s, 303976 KB] New best heuristic value for operatorcounting(constraint_generators=[pho_constraints(patterns=systematic(2))],use_integer_operator_counts=false,transform=adapt_costs(cost_type=one)): 198
[t=302.952s, 303976 KB] g=101, 5023 evaluated, 63 expanded
[t=322.245s, 303976 KB] New best heuristic value for operatorcounting(constraint_generators=[pho_constraints(patterns=systematic(2))],use_integer_operator_counts=false,transform=adapt_costs(cost_type=one)): 197
[t=322.245s, 303976 KB] g=114, 5359 evaluated, 67 expanded
[t=327.387s, 303976 KB] New best heuristic value for operatorcounting(constraint_generators=[pho_constraints(patterns=systematic(2))],use_integer_operator_counts=false,transform=adapt_costs(cost_type=one)): 196
[t=327.387s, 303976 KB] g=114, 5453 evaluated, 68 expanded
[t=345.219s, 303976 KB] New best heuristic value for operatorcounting(constraint_generators=[pho_constraints(patterns=systematic(2))],use_integer_operator_counts=false,transform=adapt_costs(cost_type=one)): 195
[t=345.219s, 303976 KB] g=122, 5773 evaluated, 72 expanded
[t=386.142s, 303976 KB] New best heuristic value for operatorcounting(constraint_generators=[pho_constraints(patterns=systematic(2))],use_integer_operator_counts=false,transform=adapt_costs(cost_type=one)): 194
[t=386.142s, 303976 KB] g=132, 6471 evaluated, 81 expanded
[t=390.789s, 303976 KB] New best heuristic value for operatorcounting(constraint_generators=[pho_constraints(patterns=systematic(2))],use_integer_operator_counts=false,transform=adapt_costs(cost_type=one)): 193
[t=390.789s, 303976 KB] g=132, 6558 evaluated, 82 expanded
[t=399.736s, 303976 KB] New best heuristic value for operatorcounting(constraint_generators=[pho_constraints(patterns=systematic(2))],use_integer_operator_counts=false,transform=adapt_costs(cost_type=one)): 192
[t=399.736s, 303976 KB] g=145, 6726 evaluated, 84 expanded
[t=409.436s, 303976 KB] New best heuristic value for operatorcounting(constraint_generators=[pho_constraints(patterns=systematic(2))],use_integer_operator_counts=false,transform=adapt_costs(cost_type=one)): 191
[t=409.436s, 303976 KB] g=151, 6896 evaluated, 86 expanded
[t=452.444s, 303976 KB] New best heuristic value for operatorcounting(constraint_generators=[pho_constraints(patterns=systematic(2))],use_integer_operator_counts=false,transform=adapt_costs(cost_type=one)): 190
[t=452.444s, 303976 KB] g=164, 7670 evaluated, 96 expanded
[t=456.665s, 303976 KB] New best heuristic value for operatorcounting(constraint_generators=[pho_constraints(patterns=systematic(2))],use_integer_operator_counts=false,transform=adapt_costs(cost_type=one)): 189
[t=456.665s, 303976 KB] g=178, 7746 evaluated, 97 expanded
[t=467.666s, 303976 KB] New best heuristic value for operatorcounting(constraint_generators=[pho_constraints(patterns=systematic(2))],use_integer_operator_counts=false,transform=adapt_costs(cost_type=one)): 188
[t=467.666s, 303976 KB] g=186, 7934 evaluated, 99 expanded
[t=472.999s, 303976 KB] New best heuristic value for operatorcounting(constraint_generators=[pho_constraints(patterns=systematic(2))],use_integer_operator_counts=false,transform=adapt_costs(cost_type=one)): 187
[t=472.999s, 303976 KB] g=186, 8029 evaluated, 100 expanded
[t=482.498s, 303976 KB] New best heuristic value for operatorcounting(constraint_generators=[pho_constraints(patterns=systematic(2))],use_integer_operator_counts=false,transform=adapt_costs(cost_type=one)): 186
[t=482.498s, 303976 KB] g=192, 8205 evaluated, 102 expanded
[t=492.627s, 303976 KB] New best heuristic value for operatorcounting(constraint_generators=[pho_constraints(patterns=systematic(2))],use_integer_operator_counts=false,transform=adapt_costs(cost_type=one)): 185
[t=492.627s, 303976 KB] g=198, 8384 evaluated, 104 expanded
[t=507.46s, 303976 KB] New best heuristic value for operatorcounting(constraint_generators=[pho_constraints(patterns=systematic(2))],use_integer_operator_counts=false,transform=adapt_costs(cost_type=one)): 184
[t=507.46s, 303976 KB] g=205, 8651 evaluated, 107 expanded
[t=512.849s, 303976 KB] New best heuristic value for operatorcounting(constraint_generators=[pho_constraints(patterns=systematic(2))],use_integer_operator_counts=false,transform=adapt_costs(cost_type=one)): 183
[t=512.849s, 303976 KB] g=205, 8750 evaluated, 108 expanded
[t=538.432s, 303976 KB] New best heuristic value for operatorcounting(constraint_generators=[pho_constraints(patterns=systematic(2))],use_integer_operator_counts=false,transform=adapt_costs(cost_type=one)): 182
[t=538.433s, 303976 KB] g=212, 9190 evaluated, 113 expanded
[t=544.713s, 303976 KB] New best heuristic value for operatorcounting(constraint_generators=[pho_constraints(patterns=systematic(2))],use_integer_operator_counts=false,transform=adapt_costs(cost_type=one)): 181
[t=544.713s, 303976 KB] g=212, 9287 evaluated, 114 expanded
[t=607.955s, 303976 KB] New best heuristic value for operatorcounting(constraint_generators=[pho_constraints(patterns=systematic(2))],use_integer_operator_counts=false,transform=adapt_costs(cost_type=one)): 180
[t=607.955s, 303976 KB] g=223, 10350 evaluated, 126 expanded
[t=612.588s, 303976 KB] New best heuristic value for operatorcounting(constraint_generators=[pho_constraints(patterns=systematic(2))],use_integer_operator_counts=false,transform=adapt_costs(cost_type=one)): 179
[t=612.588s, 303976 KB] g=223, 10430 evaluated, 127 expanded
[t=619.523s, 303976 KB] New best heuristic value for operatorcounting(constraint_generators=[pho_constraints(patterns=systematic(2))],use_integer_operator_counts=false,transform=adapt_costs(cost_type=one)): 178
[t=619.523s, 303976 KB] g=223, 10552 evaluated, 128 expanded
[t=625.344s, 303976 KB] New best heuristic value for operatorcounting(constraint_generators=[pho_constraints(patterns=systematic(2))],use_integer_operator_counts=false,transform=adapt_costs(cost_type=one)): 177
[t=625.344s, 303976 KB] g=223, 10655 evaluated, 129 expanded
[t=630.153s, 303976 KB] New best heuristic value for operatorcounting(constraint_generators=[pho_constraints(patterns=systematic(2))],use_integer_operator_counts=false,transform=adapt_costs(cost_type=one)): 176
[t=630.153s, 303976 KB] g=223, 10737 evaluated, 130 expanded
[t=636.298s, 303976 KB] New best heuristic value for operatorcounting(constraint_generators=[pho_constraints(patterns=systematic(2))],use_integer_operator_counts=false,transform=adapt_costs(cost_type=one)): 175
[t=636.298s, 303976 KB] g=223, 10849 evaluated, 131 expanded
[t=641.971s, 303976 KB] New best heuristic value for operatorcounting(constraint_generators=[pho_constraints(patterns=systematic(2))],use_integer_operator_counts=false,transform=adapt_costs(cost_type=one)): 174
[t=641.971s, 303976 KB] g=223, 10944 evaluated, 132 expanded
[t=647.482s, 303976 KB] New best heuristic value for operatorcounting(constraint_generators=[pho_constraints(patterns=systematic(2))],use_integer_operator_counts=false,transform=adapt_costs(cost_type=one)): 173
[t=647.482s, 303976 KB] g=223, 11035 evaluated, 133 expanded
[t=652.953s, 303976 KB] New best heuristic value for operatorcounting(constraint_generators=[pho_constraints(patterns=systematic(2))],use_integer_operator_counts=false,transform=adapt_costs(cost_type=one)): 172
[t=652.953s, 303976 KB] g=223, 11130 evaluated, 134 expanded
[t=658.111s, 303976 KB] New best heuristic value for operatorcounting(constraint_generators=[pho_constraints(patterns=systematic(2))],use_integer_operator_counts=false,transform=adapt_costs(cost_type=one)): 171
[t=658.111s, 303976 KB] g=223, 11221 evaluated, 135 expanded
[t=680.622s, 303976 KB] New best heuristic value for operatorcounting(constraint_generators=[pho_constraints(patterns=systematic(2))],use_integer_operator_counts=false,transform=adapt_costs(cost_type=one)): 170
[t=680.622s, 303976 KB] g=238, 11573 evaluated, 139 expanded
[t=686.175s, 303976 KB] New best heuristic value for operatorcounting(constraint_generators=[pho_constraints(patterns=systematic(2))],use_integer_operator_counts=false,transform=adapt_costs(cost_type=one)): 169
[t=686.175s, 303976 KB] g=238, 11665 evaluated, 140 expanded
[t=696.379s, 303976 KB] New best heuristic value for operatorcounting(constraint_generators=[pho_constraints(patterns=systematic(2))],use_integer_operator_counts=false,transform=adapt_costs(cost_type=one)): 168
[t=696.379s, 303976 KB] g=244, 11841 evaluated, 142 expanded
[t=721.138s, 303976 KB] New best heuristic value for operatorcounting(constraint_generators=[pho_constraints(patterns=systematic(2))],use_integer_operator_counts=false,transform=adapt_costs(cost_type=one)): 167
[t=721.138s, 303976 KB] g=252, 12256 evaluated, 147 expanded
[t=727.436s, 303976 KB] New best heuristic value for operatorcounting(constraint_generators=[pho_constraints(patterns=systematic(2))],use_integer_operator_counts=false,transform=adapt_costs(cost_type=one)): 166
[t=727.436s, 303976 KB] g=252, 12348 evaluated, 148 expanded
[t=760.716s, 303976 KB] New best heuristic value for operatorcounting(constraint_generators=[pho_constraints(patterns=systematic(2))],use_integer_operator_counts=false,transform=adapt_costs(cost_type=one)): 165
[t=760.716s, 303976 KB] g=258, 12844 evaluated, 154 expanded
[t=766.441s, 303976 KB] New best heuristic value for operatorcounting(constraint_generators=[pho_constraints(patterns=systematic(2))],use_integer_operator_counts=false,transform=adapt_costs(cost_type=one)): 164
[t=766.441s, 303976 KB] g=258, 12936 evaluated, 155 expanded
[t=803.759s, 303976 KB] New best heuristic value for operatorcounting(constraint_generators=[pho_constraints(patterns=systematic(2))],use_integer_operator_counts=false,transform=adapt_costs(cost_type=one)): 163
[t=803.759s, 303976 KB] g=265, 13594 evaluated, 163 expanded
[t=818.655s, 303976 KB] New best heuristic value for operatorcounting(constraint_generators=[pho_constraints(patterns=systematic(2))],use_integer_operator_counts=false,transform=adapt_costs(cost_type=one)): 162
[t=818.655s, 303976 KB] g=276, 13851 evaluated, 166 expanded
[t=869.921s, 303976 KB] New best heuristic value for operatorcounting(constraint_generators=[pho_constraints(patterns=systematic(2))],use_integer_operator_counts=false,transform=adapt_costs(cost_type=one)): 161
[t=869.921s, 303976 KB] g=289, 14670 evaluated, 176 expanded
[t=875.582s, 303976 KB] New best heuristic value for operatorcounting(constraint_generators=[pho_constraints(patterns=systematic(2))],use_integer_operator_counts=false,transform=adapt_costs(cost_type=one)): 160
[t=875.584s, 303976 KB] g=289, 14763 evaluated, 177 expanded
[t=887.005s, 303976 KB] New best heuristic value for operatorcounting(constraint_generators=[pho_constraints(patterns=systematic(2))],use_integer_operator_counts=false,transform=adapt_costs(cost_type=one)): 159
[t=887.005s, 303976 KB] g=303, 14934 evaluated, 179 expanded
[t=942.587s, 303976 KB] New best heuristic value for operatorcounting(constraint_generators=[pho_constraints(patterns=systematic(2))],use_integer_operator_counts=false,transform=adapt_costs(cost_type=one)): 158
[t=942.587s, 303976 KB] g=318, 15860 evaluated, 190 expanded
[t=948.535s, 303976 KB] New best heuristic value for operatorcounting(constraint_generators=[pho_constraints(patterns=systematic(2))],use_integer_operator_counts=false,transform=adapt_costs(cost_type=one)): 157
[t=948.535s, 303976 KB] g=318, 15958 evaluated, 191 expanded
[t=954.393s, 303976 KB] New best heuristic value for operatorcounting(constraint_generators=[pho_constraints(patterns=systematic(2))],use_integer_operator_counts=false,transform=adapt_costs(cost_type=one)): 156
[t=954.393s, 303976 KB] g=318, 16055 evaluated, 192 expanded
[t=960.352s, 303976 KB] New best heuristic value for operatorcounting(constraint_generators=[pho_constraints(patterns=systematic(2))],use_integer_operator_counts=false,transform=adapt_costs(cost_type=one)): 155
[t=960.352s, 303976 KB] g=318, 16154 evaluated, 193 expanded
[t=964.983s, 303976 KB] New best heuristic value for operatorcounting(constraint_generators=[pho_constraints(patterns=systematic(2))],use_integer_operator_counts=false,transform=adapt_costs(cost_type=one)): 154
[t=964.983s, 303976 KB] g=333, 16236 evaluated, 194 expanded
[t=976.108s, 303976 KB] New best heuristic value for operatorcounting(constraint_generators=[pho_constraints(patterns=systematic(2))],use_integer_operator_counts=false,transform=adapt_costs(cost_type=one)): 153
[t=976.112s, 303976 KB] g=340, 16435 evaluated, 196 expanded
[t=981.828s, 303976 KB] New best heuristic value for operatorcounting(constraint_generators=[pho_constraints(patterns=systematic(2))],use_integer_operator_counts=false,transform=adapt_costs(cost_type=one)): 152
[t=981.828s, 303976 KB] g=340, 16536 evaluated, 197 expanded
[t=992.247s, 303976 KB] New best heuristic value for operatorcounting(constraint_generators=[pho_constraints(patterns=systematic(2))],use_integer_operator_counts=false,transform=adapt_costs(cost_type=one)): 151
[t=992.247s, 303976 KB] g=346, 16724 evaluated, 199 expanded
[t=997.901s, 303976 KB] New best heuristic value for operatorcounting(constraint_generators=[pho_constraints(patterns=systematic(2))],use_integer_operator_counts=false,transform=adapt_costs(cost_type=one)): 150
[t=997.901s, 303976 KB] g=346, 16825 evaluated, 200 expanded
[t=1019.28s, 303976 KB] New best heuristic value for operatorcounting(constraint_generators=[pho_constraints(patterns=systematic(2))],use_integer_operator_counts=false,transform=adapt_costs(cost_type=one)): 149
[t=1019.28s, 303976 KB] g=352, 17206 evaluated, 204 expanded
[t=1030.27s, 303976 KB] New best heuristic value for operatorcounting(constraint_generators=[pho_constraints(patterns=systematic(2))],use_integer_operator_counts=false,transform=adapt_costs(cost_type=one)): 148
[t=1030.27s, 303976 KB] g=358, 17399 evaluated, 206 expanded
[t=1067.68s, 303976 KB] New best heuristic value for operatorcounting(constraint_generators=[pho_constraints(patterns=systematic(2))],use_integer_operator_counts=false,transform=adapt_costs(cost_type=one)): 147
[t=1067.68s, 303976 KB] g=367, 18047 evaluated, 213 expanded
[t=1073.51s, 303976 KB] New best heuristic value for operatorcounting(constraint_generators=[pho_constraints(patterns=systematic(2))],use_integer_operator_counts=false,transform=adapt_costs(cost_type=one)): 146
[t=1073.51s, 303976 KB] g=367, 18149 evaluated, 214 expanded
[t=1084.55s, 303976 KB] New best heuristic value for operatorcounting(constraint_generators=[pho_constraints(patterns=systematic(2))],use_integer_operator_counts=false,transform=adapt_costs(cost_type=one)): 145
[t=1084.55s, 303976 KB] g=377, 18338 evaluated, 216 expanded
[t=1096.18s, 303976 KB] New best heuristic value for operatorcounting(constraint_generators=[pho_constraints(patterns=systematic(2))],use_integer_operator_counts=false,transform=adapt_costs(cost_type=one)): 144
[t=1096.18s, 303976 KB] g=383, 18534 evaluated, 218 expanded
[t=1123.64s, 303976 KB] New best heuristic value for operatorcounting(constraint_generators=[pho_constraints(patterns=systematic(2))],use_integer_operator_counts=false,transform=adapt_costs(cost_type=one)): 143
[t=1123.64s, 303976 KB] g=391, 18998 evaluated, 223 expanded
[t=1150.65s, 303976 KB] New best heuristic value for operatorcounting(constraint_generators=[pho_constraints(patterns=systematic(2))],use_integer_operator_counts=false,transform=adapt_costs(cost_type=one)): 142
[t=1150.65s, 303976 KB] g=397, 19462 evaluated, 228 expanded
[t=1167.67s, 303976 KB] New best heuristic value for operatorcounting(constraint_generators=[pho_constraints(patterns=systematic(2))],use_integer_operator_counts=false,transform=adapt_costs(cost_type=one)): 141
[t=1167.67s, 303976 KB] g=405, 19754 evaluated, 231 expanded
[t=1189.94s, 303976 KB] New best heuristic value for operatorcounting(constraint_generators=[pho_constraints(patterns=systematic(2))],use_integer_operator_counts=false,transform=adapt_costs(cost_type=one)): 140
[t=1189.94s, 303976 KB] g=413, 20137 evaluated, 235 expanded
[t=1201.28s, 303976 KB] New best heuristic value for operatorcounting(constraint_generators=[pho_constraints(patterns=systematic(2))],use_integer_operator_counts=false,transform=adapt_costs(cost_type=one)): 139
[t=1201.28s, 303976 KB] g=421, 20330 evaluated, 237 expanded
[t=1239.55s, 303976 KB] New best heuristic value for operatorcounting(constraint_generators=[pho_constraints(patterns=systematic(2))],use_integer_operator_counts=false,transform=adapt_costs(cost_type=one)): 138
[t=1239.55s, 303976 KB] g=432, 20990 evaluated, 244 expanded
[t=1245.86s, 303976 KB] New best heuristic value for operatorcounting(constraint_generators=[pho_constraints(patterns=systematic(2))],use_integer_operator_counts=false,transform=adapt_costs(cost_type=one)): 137
[t=1245.86s, 303976 KB] g=432, 21096 evaluated, 245 expanded
[t=1251.84s, 303976 KB] New best heuristic value for operatorcounting(constraint_generators=[pho_constraints(patterns=systematic(2))],use_integer_operator_counts=false,transform=adapt_costs(cost_type=one)): 136
[t=1251.84s, 303976 KB] g=432, 21199 evaluated, 246 expanded
[t=1262.87s, 303976 KB] New best heuristic value for operatorcounting(constraint_generators=[pho_constraints(patterns=systematic(2))],use_integer_operator_counts=false,transform=adapt_costs(cost_type=one)): 135
[t=1262.87s, 303976 KB] g=443, 21392 evaluated, 248 expanded
[t=1290.39s, 303976 KB] New best heuristic value for operatorcounting(constraint_generators=[pho_constraints(patterns=systematic(2))],use_integer_operator_counts=false,transform=adapt_costs(cost_type=one)): 134
[t=1290.39s, 303976 KB] g=452, 21875 evaluated, 253 expanded
[t=1332.54s, 303976 KB] New best heuristic value for operatorcounting(constraint_generators=[pho_constraints(patterns=systematic(2))],use_integer_operator_counts=false,transform=adapt_costs(cost_type=one)): 133
[t=1332.54s, 303976 KB] g=460, 22633 evaluated, 261 expanded
[t=1338.49s, 303976 KB] New best heuristic value for operatorcounting(constraint_generators=[pho_constraints(patterns=systematic(2))],use_integer_operator_counts=false,transform=adapt_costs(cost_type=one)): 132
[t=1338.49s, 303976 KB] g=460, 22738 evaluated, 262 expanded
[t=1355.64s, 303976 KB] New best heuristic value for operatorcounting(constraint_generators=[pho_constraints(patterns=systematic(2))],use_integer_operator_counts=false,transform=adapt_costs(cost_type=one)): 131
[t=1355.64s, 303976 KB] g=472, 23036 evaluated, 265 expanded
[t=1361.55s, 303976 KB] New best heuristic value for operatorcounting(constraint_generators=[pho_constraints(patterns=systematic(2))],use_integer_operator_counts=false,transform=adapt_costs(cost_type=one)): 130
[t=1361.55s, 303976 KB] g=472, 23142 evaluated, 266 expanded
[t=1407.29s, 303976 KB] New best heuristic value for operatorcounting(constraint_generators=[pho_constraints(patterns=systematic(2))],use_integer_operator_counts=false,transform=adapt_costs(cost_type=one)): 129
[t=1407.29s, 303976 KB] g=484, 23925 evaluated, 274 expanded
[t=1419.4s, 303976 KB] New best heuristic value for operatorcounting(constraint_generators=[pho_constraints(patterns=systematic(2))],use_integer_operator_counts=false,transform=adapt_costs(cost_type=one)): 128
[t=1419.4s, 303976 KB] g=496, 24130 evaluated, 276 expanded
[t=1471.61s, 303976 KB] New best heuristic value for operatorcounting(constraint_generators=[pho_constraints(patterns=systematic(2))],use_integer_operator_counts=false,transform=adapt_costs(cost_type=one)): 127
[t=1471.61s, 303976 KB] g=509, 25014 evaluated, 285 expanded
[t=1477.95s, 303976 KB] New best heuristic value for operatorcounting(constraint_generators=[pho_constraints(patterns=systematic(2))],use_integer_operator_counts=false,transform=adapt_costs(cost_type=one)): 126
[t=1477.95s, 303976 KB] g=509, 25122 evaluated, 286 expanded
[t=1489.65s, 303976 KB] New best heuristic value for operatorcounting(constraint_generators=[pho_constraints(patterns=systematic(2))],use_integer_operator_counts=false,transform=adapt_costs(cost_type=one)): 125
[t=1489.65s, 303976 KB] g=522, 25322 evaluated, 288 expanded
[t=1496.39s, 303976 KB] New best heuristic value for operatorcounting(constraint_generators=[pho_constraints(patterns=systematic(2))],use_integer_operator_counts=false,transform=adapt_costs(cost_type=one)): 124
[t=1496.39s, 303976 KB] g=522, 25435 evaluated, 289 expanded
[t=1555.63s, 303976 KB] New best heuristic value for operatorcounting(constraint_generators=[pho_constraints(patterns=systematic(2))],use_integer_operator_counts=false,transform=adapt_costs(cost_type=one)): 123
[t=1555.63s, 303976 KB] g=536, 26437 evaluated, 299 expanded
[t=1562.21s, 303976 KB] New best heuristic value for operatorcounting(constraint_generators=[pho_constraints(patterns=systematic(2))],use_integer_operator_counts=false,transform=adapt_costs(cost_type=one)): 122
[t=1562.21s, 303976 KB] g=536, 26547 evaluated, 300 expanded
[t=1580.77s, 303976 KB] New best heuristic value for operatorcounting(constraint_generators=[pho_constraints(patterns=systematic(2))],use_integer_operator_counts=false,transform=adapt_costs(cost_type=one)): 121
[t=1580.77s, 303976 KB] g=550, 26860 evaluated, 303 expanded
[t=1605.64s, 303976 KB] New best heuristic value for operatorcounting(constraint_generators=[pho_constraints(patterns=systematic(2))],use_integer_operator_counts=false,transform=adapt_costs(cost_type=one)): 120
[t=1605.64s, 303976 KB] g=558, 27280 evaluated, 307 expanded
[t=1665.53s, 303976 KB] New best heuristic value for operatorcounting(constraint_generators=[pho_constraints(patterns=systematic(2))],use_integer_operator_counts=false,transform=adapt_costs(cost_type=one)): 119
[t=1665.53s, 303976 KB] g=569, 28292 evaluated, 317 expanded
[t=1678.46s, 303976 KB] New best heuristic value for operatorcounting(constraint_generators=[pho_constraints(patterns=systematic(2))],use_integer_operator_counts=false,transform=adapt_costs(cost_type=one)): 118
[t=1678.46s, 303976 KB] g=583, 28514 evaluated, 319 expanded
[t=1743.99s, 303976 KB] New best heuristic value for operatorcounting(constraint_generators=[pho_constraints(patterns=systematic(2))],use_integer_operator_counts=false,transform=adapt_costs(cost_type=one)): 117
[t=1743.99s, 303976 KB] g=598, 29631 evaluated, 330 expanded
[t=1750.72s, 303976 KB] New best heuristic value for operatorcounting(constraint_generators=[pho_constraints(patterns=systematic(2))],use_integer_operator_counts=false,transform=adapt_costs(cost_type=one)): 116
[t=1750.72s, 303976 KB] g=598, 29744 evaluated, 331 expanded
[t=1757.15s, 303976 KB] New best heuristic value for operatorcounting(constraint_generators=[pho_constraints(patterns=systematic(2))],use_integer_operator_counts=false,transform=adapt_costs(cost_type=one)): 115
[t=1757.15s, 303976 KB] g=598, 29854 evaluated, 332 expanded
[t=1762.6s, 303976 KB] New best heuristic value for operatorcounting(constraint_generators=[pho_constraints(patterns=systematic(2))],use_integer_operator_counts=false,transform=adapt_costs(cost_type=one)): 114
[t=1762.6s, 303976 KB] g=598, 29945 evaluated, 333 expanded
[t=1770.03s, 303976 KB] New best heuristic value for operatorcounting(constraint_generators=[pho_constraints(patterns=systematic(2))],use_integer_operator_counts=false,transform=adapt_costs(cost_type=one)): 113
[t=1770.03s, 303976 KB] g=598, 30072 evaluated, 334 expanded
[t=1775.64s, 303976 KB] New best heuristic value for operatorcounting(constraint_generators=[pho_constraints(patterns=systematic(2))],use_integer_operator_counts=false,transform=adapt_costs(cost_type=one)): 112
[t=1775.64s, 303976 KB] g=613, 30167 evaluated, 335 expanded
[t=1787.45s, 303976 KB] New best heuristic value for operatorcounting(constraint_generators=[pho_constraints(patterns=systematic(2))],use_integer_operator_counts=false,transform=adapt_costs(cost_type=one)): 111
[t=1787.45s, 303976 KB] g=598, 30365 evaluated, 337 expanded
Peak memory: 303976 KB
caught signal 24 -- exiting
Time limit has been reached.
Remove intermediate file output.sas
search exit code: 23

Driver aborting after search
INFO     Planner time: 1793.48s
