INFO     planner time limit: 1800s
INFO     planner memory limit: 2048 MB

INFO     Running translator.
INFO     translator stdin: None
INFO     translator time limit: 1799s
INFO     translator memory limit: 2048 MB
INFO     translator command line string: /home/henry/Documents/UFRGS/TCC/downward/.venv/bin/python /home/henry/Documents/UFRGS/TCC/downward/experiments/lab/data/main/code-5bb2ccb6957559b6969ffd7e29254c73f84d5e49_e5e41175/builds/release/bin/translate/translate.py domain.pddl problem.pddl --sas-file output.sas
Parsing...
Parsing: [0.150s CPU, 0.141s wall-clock]
Normalizing task... [0.030s CPU, 0.025s wall-clock]
Instantiating...
Generating Datalog program... [0.020s CPU, 0.022s wall-clock]
Normalizing Datalog program...
Normalizing Datalog program: [0.140s CPU, 0.145s wall-clock]
Preparing model... [0.100s CPU, 0.102s wall-clock]
Generated 6310 rules.
Computing model... [7.290s CPU, 7.298s wall-clock]
275532 relevant atoms
457411 auxiliary atoms
732943 final queue length
1122414 total queue pushes
Completing instantiation... [9.540s CPU, 9.559s wall-clock]
Instantiating: [17.380s CPU, 17.411s wall-clock]
Computing fact groups...
Finding invariants...
1272 initial candidates
Finding invariants: [15.890s CPU, 15.923s wall-clock]
Checking invariant weight... [0.000s CPU, 0.000s wall-clock]
Instantiating groups... [0.000s CPU, 0.000s wall-clock]
Collecting mutex groups... [0.000s CPU, 0.001s wall-clock]
Choosing groups...
5368 uncovered facts
Choosing groups: [0.010s CPU, 0.001s wall-clock]
Building translation key... [0.010s CPU, 0.013s wall-clock]
Computing fact groups: [15.940s CPU, 15.975s wall-clock]
Building STRIPS to SAS dictionary... [0.010s CPU, 0.007s wall-clock]
Building dictionary for full mutex groups... [0.010s CPU, 0.005s wall-clock]
Building mutex information...
Building mutex information: [0.000s CPU, 0.005s wall-clock]
Translating task...
Processing axioms...
Simplifying axioms... [0.000s CPU, 0.000s wall-clock]
Translator axioms removed by simplifying: 0
Computing negative axioms... [0.000s CPU, 0.000s wall-clock]
Processing axioms: [0.380s CPU, 0.376s wall-clock]
Translating task: [10.120s CPU, 10.125s wall-clock]
418880 effect conditions simplified
0 implied preconditions added
Detecting unreachable propositions...
357 operators removed
0 axioms removed
50 propositions removed
Detecting unreachable propositions: [5.840s CPU, 5.852s wall-clock]
Reordering and filtering variables...
5071 of 5343 variables necessary.
0 of 0 mutex groups necessary.
261233 of 262386 operators necessary.
0 of 0 axiom rules necessary.
Reordering and filtering variables: [6.570s CPU, 6.572s wall-clock]
Translator variables: 5071
Translator derived variables: 0
Translator facts: 10142
Translator goal facts: 15
Translator mutex groups: 0
Translator total mutex groups size: 0
Translator operators: 261233
Translator axioms: 0
Translator task size: 1816060
Translator peak memory: 1036504 KB
Writing output... [1.520s CPU, 1.520s wall-clock]
Done! [57.980s CPU, 58.051s wall-clock]
translate exit code: 0

INFO     Running search (release).
INFO     search stdin: output.sas
INFO     search time limit: 1741s
INFO     search memory limit: 2048 MB
INFO     search command line string: /home/henry/Documents/UFRGS/TCC/downward/experiments/lab/data/main/code-5bb2ccb6957559b6969ffd7e29254c73f84d5e49_e5e41175/builds/release/bin/downward --search 'eager_greedy([ilsh(patterns=systematic(2), transform=adapt_costs(cost_type=NORMAL))])' --internal-plan-file sas_plan < output.sas
[t=0s, 10544 KB] reading input...
[t=1.02287s, 94020 KB] done reading input!
[t=1.02287s, 94284 KB] Generating patterns using: systematic pattern collection generator
[t=1.02287s, 94284 KB] building causal graph...done! [t=0.850962s]
[t=2.33339s, 212352 KB] Found 2909 SGA patterns.
[t=2.77301s, 212352 KB] Found 2911 interesting patterns.
[t=2.77301s, 212352 KB] systematic pattern collection generator number of patterns: 2911
[t=2.77301s, 212352 KB] systematic pattern collection generator total PDB size: 11614
[t=2.77301s, 212352 KB] systematic pattern collection generator computation time: 1.75013s
[t=2.77301s, 212352 KB] Computing PDBs for pattern collection...
[t=126.038s, 212352 KB] Done computing PDBs for pattern collection: 123.265s
[t=160.817s, 531132 KB] Tie breaking: 2
[t=160.817s, 531296 KB] Building successor generator...done!
[t=160.98s, 571684 KB] peak memory difference for successor generator creation: 40388 KB
[t=160.98s, 571684 KB] time for successor generation creation: 0.155754s
[t=160.98s, 571684 KB] Variables: 5071
[t=160.98s, 571684 KB] FactPairs: 10142
[t=160.98s, 571684 KB] Bytes per state: 636
[t=160.98s, 571684 KB] Conducting best first search without reopening closed nodes, (real) bound = 2147483647
[t=161.176s, 571684 KB] New best heuristic value for ilsh(patterns=systematic(2),transform=adapt_costs(cost_type=normal)): 6
[t=161.176s, 571684 KB] g=0, 1 evaluated, 0 expanded
[t=161.176s, 571684 KB] Initial heuristic value for ilsh(patterns=systematic(2),transform=adapt_costs(cost_type=normal)): 6
[t=161.176s, 571684 KB] pruning method: none
Peak memory: 571684 KB
caught signal 24 -- exiting
Time limit has been reached.
Remove intermediate file output.sas
search exit code: 23

Driver aborting after search
INFO     Planner time: 1797.31s
