INFO     planner time limit: 1800s
INFO     planner memory limit: 2048 MB

INFO     Running translator.
INFO     translator stdin: None
INFO     translator time limit: 1799s
INFO     translator memory limit: 2048 MB
INFO     translator command line string: /home/henry/Documents/UFRGS/TCC/downward/.venv/bin/python /home/henry/Documents/UFRGS/TCC/downward/experiments/lab/data/main/code-5bb2ccb6957559b6969ffd7e29254c73f84d5e49_e5e41175/builds/release/bin/translate/translate.py domain.pddl problem.pddl --sas-file output.sas
Parsing...
Parsing: [0.000s CPU, 0.004s wall-clock]
Normalizing task... [0.000s CPU, 0.000s wall-clock]
Instantiating...
Generating Datalog program... [0.010s CPU, 0.001s wall-clock]
Normalizing Datalog program...
Normalizing Datalog program: [0.000s CPU, 0.003s wall-clock]
Preparing model... [0.000s CPU, 0.003s wall-clock]
Generated 211 rules.
Computing model... [0.010s CPU, 0.009s wall-clock]
898 relevant atoms
1100 auxiliary atoms
1998 final queue length
2790 total queue pushes
Completing instantiation... [0.010s CPU, 0.011s wall-clock]
Instantiating: [0.030s CPU, 0.028s wall-clock]
Computing fact groups...
Finding invariants...
20 initial candidates
Finding invariants: [0.010s CPU, 0.003s wall-clock]
Checking invariant weight... [0.000s CPU, 0.000s wall-clock]
Instantiating groups... [0.000s CPU, 0.000s wall-clock]
Collecting mutex groups... [0.000s CPU, 0.000s wall-clock]
Choosing groups...
241 uncovered facts
Choosing groups: [0.000s CPU, 0.000s wall-clock]
Building translation key... [0.000s CPU, 0.001s wall-clock]
Computing fact groups: [0.010s CPU, 0.006s wall-clock]
Building STRIPS to SAS dictionary... [0.000s CPU, 0.000s wall-clock]
Building dictionary for full mutex groups... [0.000s CPU, 0.000s wall-clock]
Building mutex information...
Building mutex information: [0.000s CPU, 0.000s wall-clock]
Translating task...
Processing axioms...
Simplifying axioms... [0.000s CPU, 0.000s wall-clock]
Translator axioms removed by simplifying: 0
Computing negative axioms... [0.000s CPU, 0.000s wall-clock]
Processing axioms: [0.000s CPU, 0.001s wall-clock]
Translating task: [0.010s CPU, 0.012s wall-clock]
273 effect conditions simplified
0 implied preconditions added
Detecting unreachable propositions...
0 operators removed
0 axioms removed
10 propositions removed
Detecting unreachable propositions: [0.010s CPU, 0.006s wall-clock]
Reordering and filtering variables...
83 of 248 variables necessary.
0 of 8 mutex groups necessary.
393 of 393 operators necessary.
0 of 0 axiom rules necessary.
Reordering and filtering variables: [0.000s CPU, 0.003s wall-clock]
Translator variables: 83
Translator derived variables: 0
Translator facts: 246
Translator goal facts: 48
Translator mutex groups: 0
Translator total mutex groups size: 0
Translator operators: 393
Translator axioms: 0
Translator task size: 2815
Translator peak memory: 34400 KB
Writing output... [0.000s CPU, 0.002s wall-clock]
Done! [0.060s CPU, 0.064s wall-clock]
translate exit code: 0

INFO     Running search (release).
INFO     search stdin: output.sas
INFO     search time limit: 1799s
INFO     search memory limit: 2048 MB
INFO     search command line string: /home/henry/Documents/UFRGS/TCC/downward/experiments/lab/data/main/code-5bb2ccb6957559b6969ffd7e29254c73f84d5e49_e5e41175/builds/release/bin/downward --search 'eager_greedy([operatorcounting(constraint_generators=[pho_constraints(patterns=systematic(4))], use_integer_operator_counts=false, transform=adapt_costs(cost_type=NORMAL))])' --internal-plan-file sas_plan < output.sas
[t=0s, 45596 KB] reading input...
[t=0.00395356s, 45728 KB] done reading input!
[t=0.00622627s, 46124 KB] Generating patterns using: systematic pattern collection generator
[t=0.00622627s, 46124 KB] building causal graph...done! [t=0s]
[t=0.0142326s, 47636 KB] Found 6649 SGA patterns.
[t=0.0701154s, 50196 KB] Found 21662 interesting patterns.
[t=0.0781093s, 50508 KB] systematic pattern collection generator number of patterns: 21662
[t=0.0781093s, 50508 KB] systematic pattern collection generator total PDB size: 1692436
[t=0.0781093s, 50508 KB] systematic pattern collection generator computation time: 0.071883s
[t=0.0781093s, 50508 KB] Computing PDBs for pattern collection...
[t=1.49976s, 60248 KB] Done computing PDBs for pattern collection: 1.42165s
[t=1.69938s, 90900 KB] Building successor generator...done!
[t=1.69938s, 90900 KB] peak memory difference for successor generator creation: 0 KB
[t=1.69938s, 90900 KB] time for successor generation creation: 0s
[t=1.69938s, 90900 KB] Variables: 83
[t=1.69938s, 90900 KB] FactPairs: 246
[t=1.69938s, 90900 KB] Bytes per state: 16
[t=1.69938s, 90900 KB] Conducting best first search without reopening closed nodes, (real) bound = 2147483647
[t=1.77127s, 103248 KB] New best heuristic value for operatorcounting(constraint_generators=[pho_constraints(patterns=systematic(4))],use_integer_operator_counts=false,transform=adapt_costs(cost_type=normal)): 2361643
[t=1.77127s, 103248 KB] g=0, 1 evaluated, 0 expanded
[t=1.77127s, 103248 KB] Initial heuristic value for operatorcounting(constraint_generators=[pho_constraints(patterns=systematic(4))],use_integer_operator_counts=false,transform=adapt_costs(cost_type=normal)): 2361643
[t=1.77127s, 103248 KB] pruning method: none
[t=1.80313s, 104700 KB] New best heuristic value for operatorcounting(constraint_generators=[pho_constraints(patterns=systematic(4))],use_integer_operator_counts=false,transform=adapt_costs(cost_type=normal)): 2361518
[t=1.80313s, 104700 KB] g=224, 3 evaluated, 2 expanded
[t=1.95894s, 104700 KB] New best heuristic value for operatorcounting(constraint_generators=[pho_constraints(patterns=systematic(4))],use_integer_operator_counts=false,transform=adapt_costs(cost_type=normal)): 2360019
[t=1.95894s, 104700 KB] g=1624, 11 evaluated, 3 expanded
[t=2.13461s, 104700 KB] New best heuristic value for operatorcounting(constraint_generators=[pho_constraints(patterns=systematic(4))],use_integer_operator_counts=false,transform=adapt_costs(cost_type=normal)): 2350020
[t=2.13461s, 104700 KB] g=11623, 20 evaluated, 4 expanded
[t=2.29432s, 104700 KB] New best heuristic value for operatorcounting(constraint_generators=[pho_constraints(patterns=systematic(4))],use_integer_operator_counts=false,transform=adapt_costs(cost_type=normal)): 2137230
[t=2.29432s, 104700 KB] g=224413, 29 evaluated, 5 expanded
[t=2.46197s, 104700 KB] New best heuristic value for operatorcounting(constraint_generators=[pho_constraints(patterns=systematic(4))],use_integer_operator_counts=false,transform=adapt_costs(cost_type=normal)): 2132231
[t=2.46197s, 104700 KB] g=229412, 39 evaluated, 6 expanded
[t=2.65376s, 104700 KB] New best heuristic value for operatorcounting(constraint_generators=[pho_constraints(patterns=systematic(4))],use_integer_operator_counts=false,transform=adapt_costs(cost_type=normal)): 2130732
[t=2.65376s, 104700 KB] g=230911, 49 evaluated, 7 expanded
[t=2.82551s, 104700 KB] New best heuristic value for operatorcounting(constraint_generators=[pho_constraints(patterns=systematic(4))],use_integer_operator_counts=false,transform=adapt_costs(cost_type=normal)): 2129233
[t=2.82551s, 104700 KB] g=232410, 58 evaluated, 8 expanded
[t=2.98525s, 104700 KB] New best heuristic value for operatorcounting(constraint_generators=[pho_constraints(patterns=systematic(4))],use_integer_operator_counts=false,transform=adapt_costs(cost_type=normal)): 2129108
[t=2.98525s, 104700 KB] g=232634, 66 evaluated, 9 expanded
[t=3.13704s, 104700 KB] New best heuristic value for operatorcounting(constraint_generators=[pho_constraints(patterns=systematic(4))],use_integer_operator_counts=false,transform=adapt_costs(cost_type=normal)): 2127609
[t=3.13704s, 104700 KB] g=234034, 74 evaluated, 10 expanded
[t=3.27682s, 104700 KB] New best heuristic value for operatorcounting(constraint_generators=[pho_constraints(patterns=systematic(4))],use_integer_operator_counts=false,transform=adapt_costs(cost_type=normal)): 2119609
[t=3.27682s, 104700 KB] g=242034, 81 evaluated, 11 expanded
[t=3.4206s, 104700 KB] New best heuristic value for operatorcounting(constraint_generators=[pho_constraints(patterns=systematic(4))],use_integer_operator_counts=false,transform=adapt_costs(cost_type=normal)): 1991819
[t=3.4206s, 104700 KB] g=369824, 89 evaluated, 12 expanded
[t=3.58421s, 104700 KB] New best heuristic value for operatorcounting(constraint_generators=[pho_constraints(patterns=systematic(4))],use_integer_operator_counts=false,transform=adapt_costs(cost_type=normal)): 1988820
[t=3.58421s, 104700 KB] g=372823, 97 evaluated, 13 expanded
[t=3.75595s, 104700 KB] New best heuristic value for operatorcounting(constraint_generators=[pho_constraints(patterns=systematic(4))],use_integer_operator_counts=false,transform=adapt_costs(cost_type=normal)): 1987321
[t=3.75595s, 104700 KB] g=374322, 106 evaluated, 14 expanded
[t=3.89575s, 104700 KB] New best heuristic value for operatorcounting(constraint_generators=[pho_constraints(patterns=systematic(4))],use_integer_operator_counts=false,transform=adapt_costs(cost_type=normal)): 1985822
[t=3.89575s, 104700 KB] g=375821, 114 evaluated, 15 expanded
[t=4.03551s, 104700 KB] New best heuristic value for operatorcounting(constraint_generators=[pho_constraints(patterns=systematic(4))],use_integer_operator_counts=false,transform=adapt_costs(cost_type=normal)): 1985697
[t=4.03551s, 104700 KB] g=376045, 121 evaluated, 16 expanded
[t=4.15537s, 104700 KB] New best heuristic value for operatorcounting(constraint_generators=[pho_constraints(patterns=systematic(4))],use_integer_operator_counts=false,transform=adapt_costs(cost_type=normal)): 1984198
[t=4.15537s, 104700 KB] g=377445, 127 evaluated, 17 expanded
[t=4.28719s, 104700 KB] New best heuristic value for operatorcounting(constraint_generators=[pho_constraints(patterns=systematic(4))],use_integer_operator_counts=false,transform=adapt_costs(cost_type=normal)): 1974199
[t=4.28719s, 104700 KB] g=387444, 134 evaluated, 18 expanded
[t=4.39906s, 104700 KB] New best heuristic value for operatorcounting(constraint_generators=[pho_constraints(patterns=systematic(4))],use_integer_operator_counts=false,transform=adapt_costs(cost_type=normal)): 1761409
[t=4.39906s, 104700 KB] g=600234, 142 evaluated, 19 expanded
[t=4.51886s, 104700 KB] New best heuristic value for operatorcounting(constraint_generators=[pho_constraints(patterns=systematic(4))],use_integer_operator_counts=false,transform=adapt_costs(cost_type=normal)): 1756410
[t=4.52287s, 104700 KB] g=605233, 149 evaluated, 20 expanded
[t=4.67865s, 104700 KB] New best heuristic value for operatorcounting(constraint_generators=[pho_constraints(patterns=systematic(4))],use_integer_operator_counts=false,transform=adapt_costs(cost_type=normal)): 1754911
[t=4.67865s, 104700 KB] g=606732, 157 evaluated, 21 expanded
[t=4.79853s, 104700 KB] New best heuristic value for operatorcounting(constraint_generators=[pho_constraints(patterns=systematic(4))],use_integer_operator_counts=false,transform=adapt_costs(cost_type=normal)): 1753412
[t=4.79853s, 104700 KB] g=608231, 164 evaluated, 22 expanded
[t=4.93829s, 104700 KB] New best heuristic value for operatorcounting(constraint_generators=[pho_constraints(patterns=systematic(4))],use_integer_operator_counts=false,transform=adapt_costs(cost_type=normal)): 1753287
[t=4.93829s, 104700 KB] g=608455, 170 evaluated, 23 expanded
[t=5.03418s, 104700 KB] New best heuristic value for operatorcounting(constraint_generators=[pho_constraints(patterns=systematic(4))],use_integer_operator_counts=false,transform=adapt_costs(cost_type=normal)): 1751788
[t=5.03418s, 104700 KB] g=609855, 175 evaluated, 24 expanded
[t=5.17398s, 105152 KB] New best heuristic value for operatorcounting(constraint_generators=[pho_constraints(patterns=systematic(4))],use_integer_operator_counts=false,transform=adapt_costs(cost_type=normal)): 1751663
[t=5.17398s, 105152 KB] g=610079, 183 evaluated, 25 expanded
[t=5.29779s, 105152 KB] New best heuristic value for operatorcounting(constraint_generators=[pho_constraints(patterns=systematic(4))],use_integer_operator_counts=false,transform=adapt_costs(cost_type=normal)): 1750164
[t=5.29779s, 105152 KB] g=611479, 189 evaluated, 26 expanded
[t=5.4696s, 105152 KB] New best heuristic value for operatorcounting(constraint_generators=[pho_constraints(patterns=systematic(4))],use_integer_operator_counts=false,transform=adapt_costs(cost_type=normal)): 1750039
[t=5.4696s, 105152 KB] g=611703, 198 evaluated, 27 expanded
[t=5.6254s, 105288 KB] New best heuristic value for operatorcounting(constraint_generators=[pho_constraints(patterns=systematic(4))],use_integer_operator_counts=false,transform=adapt_costs(cost_type=normal)): 1748540
[t=5.6254s, 105288 KB] g=613103, 205 evaluated, 28 expanded
[t=5.81305s, 105288 KB] New best heuristic value for operatorcounting(constraint_generators=[pho_constraints(patterns=systematic(4))],use_integer_operator_counts=false,transform=adapt_costs(cost_type=normal)): 1748415
[t=5.81305s, 105288 KB] g=613327, 215 evaluated, 29 expanded
[t=5.99681s, 105288 KB] New best heuristic value for operatorcounting(constraint_generators=[pho_constraints(patterns=systematic(4))],use_integer_operator_counts=false,transform=adapt_costs(cost_type=normal)): 1746916
[t=5.99681s, 105288 KB] g=614727, 224 evaluated, 30 expanded
[t=6.03678s, 105288 KB] New best heuristic value for operatorcounting(constraint_generators=[pho_constraints(patterns=systematic(4))],use_integer_operator_counts=false,transform=adapt_costs(cost_type=normal)): 1738916
[t=6.03678s, 105288 KB] g=622727, 226 evaluated, 31 expanded
[t=6.20444s, 105288 KB] New best heuristic value for operatorcounting(constraint_generators=[pho_constraints(patterns=systematic(4))],use_integer_operator_counts=false,transform=adapt_costs(cost_type=normal)): 1611126
[t=6.20444s, 105288 KB] g=750517, 236 evaluated, 32 expanded
[t=6.38418s, 105288 KB] New best heuristic value for operatorcounting(constraint_generators=[pho_constraints(patterns=systematic(4))],use_integer_operator_counts=false,transform=adapt_costs(cost_type=normal)): 1608127
[t=6.38418s, 105288 KB] g=753516, 244 evaluated, 33 expanded
[t=6.71966s, 105288 KB] New best heuristic value for operatorcounting(constraint_generators=[pho_constraints(patterns=systematic(4))],use_integer_operator_counts=false,transform=adapt_costs(cost_type=normal)): 1606628
[t=6.71966s, 105288 KB] g=755015, 260 evaluated, 34 expanded
[t=6.88742s, 105288 KB] New best heuristic value for operatorcounting(constraint_generators=[pho_constraints(patterns=systematic(4))],use_integer_operator_counts=false,transform=adapt_costs(cost_type=normal)): 1606503
[t=6.88742s, 105288 KB] g=755239, 269 evaluated, 35 expanded
[t=7.05119s, 105288 KB] New best heuristic value for operatorcounting(constraint_generators=[pho_constraints(patterns=systematic(4))],use_integer_operator_counts=false,transform=adapt_costs(cost_type=normal)): 1605004
[t=7.05119s, 105288 KB] g=756639, 276 evaluated, 36 expanded
[t=7.19495s, 105288 KB] New best heuristic value for operatorcounting(constraint_generators=[pho_constraints(patterns=systematic(4))],use_integer_operator_counts=false,transform=adapt_costs(cost_type=normal)): 1595005
[t=7.19495s, 105288 KB] g=766638, 284 evaluated, 37 expanded
[t=7.21491s, 105288 KB] New best heuristic value for operatorcounting(constraint_generators=[pho_constraints(patterns=systematic(4))],use_integer_operator_counts=false,transform=adapt_costs(cost_type=normal)): 1382215
[t=7.21491s, 105288 KB] g=979428, 287 evaluated, 38 expanded
[t=7.48256s, 105288 KB] New best heuristic value for operatorcounting(constraint_generators=[pho_constraints(patterns=systematic(4))],use_integer_operator_counts=false,transform=adapt_costs(cost_type=normal)): 1377216
[t=7.48256s, 105288 KB] g=984427, 301 evaluated, 39 expanded
[t=7.68219s, 105288 KB] New best heuristic value for operatorcounting(constraint_generators=[pho_constraints(patterns=systematic(4))],use_integer_operator_counts=false,transform=adapt_costs(cost_type=normal)): 1375717
[t=7.68219s, 105288 KB] g=985926, 310 evaluated, 40 expanded
[t=7.82595s, 105288 KB] New best heuristic value for operatorcounting(constraint_generators=[pho_constraints(patterns=systematic(4))],use_integer_operator_counts=false,transform=adapt_costs(cost_type=normal)): 1162928
[t=7.82595s, 105288 KB] g=1203715, 319 evaluated, 42 expanded
[t=7.92978s, 105288 KB] New best heuristic value for operatorcounting(constraint_generators=[pho_constraints(patterns=systematic(4))],use_integer_operator_counts=false,transform=adapt_costs(cost_type=normal)): 1152929
[t=7.92978s, 105288 KB] g=1213714, 325 evaluated, 43 expanded
[t=8.13745s, 105288 KB] New best heuristic value for operatorcounting(constraint_generators=[pho_constraints(patterns=systematic(4))],use_integer_operator_counts=false,transform=adapt_costs(cost_type=normal)): 1143930
[t=8.13745s, 105288 KB] g=1222713, 335 evaluated, 44 expanded
[t=8.15746s, 105288 KB] New best heuristic value for operatorcounting(constraint_generators=[pho_constraints(patterns=systematic(4))],use_integer_operator_counts=false,transform=adapt_costs(cost_type=normal)): 1138931
[t=8.15746s, 105288 KB] g=1227712, 338 evaluated, 45 expanded
[t=8.26128s, 105288 KB] New best heuristic value for operatorcounting(constraint_generators=[pho_constraints(patterns=systematic(4))],use_integer_operator_counts=false,transform=adapt_costs(cost_type=normal)): 926141
[t=8.26128s, 105288 KB] g=1440502, 345 evaluated, 46 expanded
[t=8.38103s, 105616 KB] New best heuristic value for operatorcounting(constraint_generators=[pho_constraints(patterns=systematic(4))],use_integer_operator_counts=false,transform=adapt_costs(cost_type=normal)): 921142
[t=8.38103s, 105616 KB] g=1445501, 351 evaluated, 47 expanded
[t=8.60076s, 105616 KB] New best heuristic value for operatorcounting(constraint_generators=[pho_constraints(patterns=systematic(4))],use_integer_operator_counts=false,transform=adapt_costs(cost_type=normal)): 919643
[t=8.60076s, 105616 KB] g=1447000, 362 evaluated, 48 expanded
[t=8.62072s, 105616 KB] New best heuristic value for operatorcounting(constraint_generators=[pho_constraints(patterns=systematic(4))],use_integer_operator_counts=false,transform=adapt_costs(cost_type=normal)): 918144
[t=8.62072s, 105616 KB] g=1448499, 364 evaluated, 49 expanded
[t=8.81227s, 105616 KB] New best heuristic value for operatorcounting(constraint_generators=[pho_constraints(patterns=systematic(4))],use_integer_operator_counts=false,transform=adapt_costs(cost_type=normal)): 705355
[t=8.81227s, 105616 KB] g=1666288, 374 evaluated, 51 expanded
[t=8.8762s, 105616 KB] New best heuristic value for operatorcounting(constraint_generators=[pho_constraints(patterns=systematic(4))],use_integer_operator_counts=false,transform=adapt_costs(cost_type=normal)): 695356
[t=8.8762s, 105616 KB] g=1676287, 378 evaluated, 52 expanded
[t=9.00402s, 105616 KB] New best heuristic value for operatorcounting(constraint_generators=[pho_constraints(patterns=systematic(4))],use_integer_operator_counts=false,transform=adapt_costs(cost_type=normal)): 686357
[t=9.00402s, 105616 KB] g=1685286, 384 evaluated, 53 expanded
[t=9.02801s, 105616 KB] New best heuristic value for operatorcounting(constraint_generators=[pho_constraints(patterns=systematic(4))],use_integer_operator_counts=false,transform=adapt_costs(cost_type=normal)): 681358
[t=9.02801s, 105616 KB] g=1690285, 387 evaluated, 54 expanded
[t=9.10386s, 105616 KB] New best heuristic value for operatorcounting(constraint_generators=[pho_constraints(patterns=systematic(4))],use_integer_operator_counts=false,transform=adapt_costs(cost_type=normal)): 468568
[t=9.10386s, 105616 KB] g=1903075, 392 evaluated, 55 expanded
[t=9.15975s, 105616 KB] New best heuristic value for operatorcounting(constraint_generators=[pho_constraints(patterns=systematic(4))],use_integer_operator_counts=false,transform=adapt_costs(cost_type=normal)): 463569
[t=9.15975s, 105616 KB] g=1908074, 396 evaluated, 56 expanded
[t=9.30352s, 105616 KB] New best heuristic value for operatorcounting(constraint_generators=[pho_constraints(patterns=systematic(4))],use_integer_operator_counts=false,transform=adapt_costs(cost_type=normal)): 462070
[t=9.30352s, 105616 KB] g=1909573, 403 evaluated, 57 expanded
[t=9.3235s, 105616 KB] New best heuristic value for operatorcounting(constraint_generators=[pho_constraints(patterns=systematic(4))],use_integer_operator_counts=false,transform=adapt_costs(cost_type=normal)): 460571
[t=9.3235s, 105616 KB] g=1911072, 405 evaluated, 58 expanded
[t=9.42341s, 105616 KB] New best heuristic value for operatorcounting(constraint_generators=[pho_constraints(patterns=systematic(4))],use_integer_operator_counts=false,transform=adapt_costs(cost_type=normal)): 247782
[t=9.42341s, 105616 KB] g=2128861, 411 evaluated, 60 expanded
[t=9.44334s, 105616 KB] New best heuristic value for operatorcounting(constraint_generators=[pho_constraints(patterns=systematic(4))],use_integer_operator_counts=false,transform=adapt_costs(cost_type=normal)): 237783
[t=9.44334s, 105616 KB] g=2138860, 413 evaluated, 61 expanded
[t=9.48326s, 105616 KB] New best heuristic value for operatorcounting(constraint_generators=[pho_constraints(patterns=systematic(4))],use_integer_operator_counts=false,transform=adapt_costs(cost_type=normal)): 228784
[t=9.48326s, 105616 KB] g=2147859, 415 evaluated, 62 expanded
[t=9.49926s, 105616 KB] New best heuristic value for operatorcounting(constraint_generators=[pho_constraints(patterns=systematic(4))],use_integer_operator_counts=false,transform=adapt_costs(cost_type=normal)): 223785
[t=9.49926s, 105616 KB] g=2152858, 418 evaluated, 63 expanded
[t=9.51922s, 105616 KB] New best heuristic value for operatorcounting(constraint_generators=[pho_constraints(patterns=systematic(4))],use_integer_operator_counts=false,transform=adapt_costs(cost_type=normal)): 10995
[t=9.51922s, 105616 KB] g=2365648, 421 evaluated, 64 expanded
[t=9.54319s, 105616 KB] New best heuristic value for operatorcounting(constraint_generators=[pho_constraints(patterns=systematic(4))],use_integer_operator_counts=false,transform=adapt_costs(cost_type=normal)): 5996
[t=9.54319s, 105616 KB] g=2370647, 423 evaluated, 65 expanded
[t=9.59909s, 105616 KB] New best heuristic value for operatorcounting(constraint_generators=[pho_constraints(patterns=systematic(4))],use_integer_operator_counts=false,transform=adapt_costs(cost_type=normal)): 4497
[t=9.59909s, 105616 KB] g=2372146, 426 evaluated, 66 expanded
[t=9.61907s, 105616 KB] New best heuristic value for operatorcounting(constraint_generators=[pho_constraints(patterns=systematic(4))],use_integer_operator_counts=false,transform=adapt_costs(cost_type=normal)): 2998
[t=9.61907s, 105616 KB] g=2373645, 428 evaluated, 67 expanded
[t=9.63907s, 105616 KB] New best heuristic value for operatorcounting(constraint_generators=[pho_constraints(patterns=systematic(4))],use_integer_operator_counts=false,transform=adapt_costs(cost_type=normal)): 1499
[t=9.63907s, 105616 KB] g=2375144, 429 evaluated, 68 expanded
[t=9.65903s, 105616 KB] New best heuristic value for operatorcounting(constraint_generators=[pho_constraints(patterns=systematic(4))],use_integer_operator_counts=false,transform=adapt_costs(cost_type=normal)): 0
[t=9.65903s, 105616 KB] g=2376643, 430 evaluated, 69 expanded
[t=9.65903s, 105616 KB] Solution found!
[t=9.65903s, 105616 KB] Actual search time: 7.88776s
initialize  (0)
fe1-feedmsi-letter sheet1 (125)
hw1-leftentrytobottomleftexit-letter sheet1 (1499)
lc1-inverttoime-letter sheet1 back front (9999)
lime-simplex-letter sheet1 front image-1 (212790)
lc1-fromime-letter sheet1 (4999)
hw1-bottomrightentrytorightexit-letter sheet1 (1499)
sys-stack-letter sheet1 dummy-sheet (1499)
fe1-feedmsi-letter sheet2 (125)
hw1-leftentrytotopleftexit-letter sheet2 (1499)
uc1-inverttoime-letter sheet2 back front (8000)
uime-simplex-letter sheet2 front image-2 (127790)
uc1-fromime-letter sheet2 (2999)
hw1-toprightentrytorightexit-letter sheet2 (1499)
sys-stack-letter sheet2 sheet1 (1499)
fe1-feedmsi-letter sheet3 (125)
hw1-leftentrytobottomleftexit-letter sheet3 (1499)
lc1-inverttoime-letter sheet3 back front (9999)
lime-simplex-letter sheet3 front image-3 (212790)
lc1-fromime-letter sheet3 (4999)
hw1-bottomrightentrytorightexit-letter sheet3 (1499)
sys-stack-letter sheet3 sheet2 (1499)
fe1-feedmsi-letter sheet4 (125)
hw1-leftentrytobottomleftexit-letter sheet4 (1499)
fe1-feedmsi-letter sheet5 (125)
hw1-leftentrytobottomleftexit-letter sheet5 (1499)
fe1-feedmsi-letter sheet6 (125)
hw1-leftentrytobottomleftexit-letter sheet6 (1499)
fe1-feedmsi-letter sheet7 (125)
hw1-leftentrytotopleftexit-letter sheet7 (1499)
uc1-inverttoime-letter sheet7 back front (8000)
uime-simplex-letter sheet7 front image-7 (127790)
uc1-fromime-letter sheet7 (2999)
hw1-toprightentrytorightexit-letter sheet7 (1499)
fe1-feedmsi-letter sheet8 (125)
hw1-leftentrytobottomleftexit-letter sheet8 (1499)
lc1-inverttoime-letter sheet8 back front (9999)
lime-simplex-letter sheet8 front image-8 (212790)
lc1-fromime-letter sheet8 (4999)
hw1-bottomrightentrytorightexit-letter sheet8 (1499)
lc1-toime-letter sheet4 (4999)
lime-simplex-letter sheet4 back image-4b (212790)
lc1-invertfromime-letter sheet4 back front (9999)
hw1-bottomrightentrytobottomleftexit-letter sheet4 (8999)
lc1-toime-letter sheet4 (4999)
lime-simplex-letter sheet4 front image-4 (212790)
lc1-fromime-letter sheet4 (4999)
hw1-bottomrightentrytorightexit-letter sheet4 (1499)
sys-stack-letter sheet4 sheet3 (1499)
lc1-toime-letter sheet5 (4999)
lime-simplex-letter sheet5 back image-5b (212790)
lc1-invertfromime-letter sheet5 back front (9999)
hw1-bottomrightentrytobottomleftexit-letter sheet5 (8999)
lc1-toime-letter sheet5 (4999)
lime-simplex-letter sheet5 front image-5 (212790)
lc1-fromime-letter sheet5 (4999)
hw1-bottomrightentrytorightexit-letter sheet5 (1499)
sys-stack-letter sheet5 sheet4 (1499)
lc1-toime-letter sheet6 (4999)
lime-simplex-letter sheet6 back image-6b (212790)
lc1-invertfromime-letter sheet6 back front (9999)
hw1-bottomrightentrytobottomleftexit-letter sheet6 (8999)
lc1-toime-letter sheet6 (4999)
lime-simplex-letter sheet6 front image-6 (212790)
lc1-fromime-letter sheet6 (4999)
hw1-bottomrightentrytorightexit-letter sheet6 (1499)
sys-stack-letter sheet6 sheet5 (1499)
sys-stack-letter sheet7 sheet6 (1499)
sys-stack-letter sheet8 sheet7 (1499)
[t=9.65903s, 105616 KB] Plan length: 69 step(s).
[t=9.65903s, 105616 KB] Plan cost: 2376643
[t=9.65903s, 105616 KB] Expanded 70 state(s).
[t=9.65903s, 105616 KB] Reopened 0 state(s).
[t=9.65903s, 105616 KB] Evaluated 430 state(s).
[t=9.65903s, 105616 KB] Evaluations: 430
[t=9.65903s, 105616 KB] Generated 659 state(s).
[t=9.65903s, 105616 KB] Dead ends: 48 state(s).
[t=9.65903s, 105616 KB] Number of registered states: 430
[t=9.65903s, 105616 KB] Int hash set load factor: 430/512 = 0.839844
[t=9.65903s, 105616 KB] Int hash set resizes: 9
[t=9.65903s, 105616 KB] Search time: 7.95966s
[t=9.65903s, 105616 KB] Total time: 9.65903s
Solution found.
Peak memory: 105616 KB
Remove intermediate file output.sas
search exit code: 0

INFO     Running validate.
INFO     validate stdin: None
INFO     validate time limit: None
INFO     validate memory limit: None
INFO     validate command line string: /home/henry/bin/validate domain.pddl problem.pddl sas_plan
Checking plan: sas_plan
Plan executed successfully - checking goal
Plan valid
Final value: 2376643 

Successful plans:
Value: 2376643
 sas_plan 2376643 

validate exit code: 0

INFO     Planner time: 9.83s
