INFO     planner time limit: 1800s
INFO     planner memory limit: 2048 MB

INFO     Running translator.
INFO     translator stdin: None
INFO     translator time limit: 1799s
INFO     translator memory limit: 2048 MB
INFO     translator command line string: /home/henry/Documents/UFRGS/TCC/downward/.venv/bin/python /home/henry/Documents/UFRGS/TCC/downward/experiments/lab/data/main/code-5bb2ccb6957559b6969ffd7e29254c73f84d5e49_e5e41175/builds/release/bin/translate/translate.py domain.pddl problem.pddl --sas-file output.sas
Parsing...
Parsing: [0.050s CPU, 0.049s wall-clock]
Normalizing task... [0.000s CPU, 0.005s wall-clock]
Instantiating...
Generating Datalog program... [0.010s CPU, 0.009s wall-clock]
Normalizing Datalog program...
Normalizing Datalog program: [0.030s CPU, 0.026s wall-clock]
Preparing model... [0.040s CPU, 0.039s wall-clock]
Generated 1532 rules.
Computing model... [1.660s CPU, 1.664s wall-clock]
77344 relevant atoms
109632 auxiliary atoms
186976 final queue length
330996 total queue pushes
Completing instantiation... [3.260s CPU, 3.261s wall-clock]
Instantiating: [5.070s CPU, 5.067s wall-clock]
Computing fact groups...
Finding invariants...
12 initial candidates
Finding invariants: [0.070s CPU, 0.073s wall-clock]
Checking invariant weight... [0.000s CPU, 0.005s wall-clock]
Instantiating groups... [0.010s CPU, 0.003s wall-clock]
Collecting mutex groups... [0.000s CPU, 0.001s wall-clock]
Choosing groups...
0 uncovered facts
Choosing groups: [0.000s CPU, 0.003s wall-clock]
Building translation key... [0.000s CPU, 0.001s wall-clock]
Computing fact groups: [0.090s CPU, 0.091s wall-clock]
Building STRIPS to SAS dictionary... [0.000s CPU, 0.001s wall-clock]
Building dictionary for full mutex groups... [0.000s CPU, 0.001s wall-clock]
Building mutex information...
Building mutex information: [0.000s CPU, 0.001s wall-clock]
Translating task...
Processing axioms...
Simplifying axioms... [0.000s CPU, 0.000s wall-clock]
Translator axioms removed by simplifying: 0
Computing negative axioms... [0.000s CPU, 0.000s wall-clock]
Processing axioms: [0.130s CPU, 0.129s wall-clock]
Translating task: [2.580s CPU, 2.581s wall-clock]
0 effect conditions simplified
0 implied preconditions added
Detecting unreachable propositions...
0 operators removed
0 axioms removed
381 propositions removed
Detecting unreachable propositions: [1.520s CPU, 1.520s wall-clock]
Reordering and filtering variables...
381 of 381 variables necessary.
0 of 571 mutex groups necessary.
72580 of 72580 operators necessary.
0 of 0 axiom rules necessary.
Reordering and filtering variables: [0.380s CPU, 0.381s wall-clock]
Translator variables: 381
Translator derived variables: 0
Translator facts: 1141
Translator goal facts: 190
Translator mutex groups: 0
Translator total mutex groups size: 0
Translator operators: 72580
Translator axioms: 0
Translator task size: 692181
Translator peak memory: 403312 KB
Writing output... [0.430s CPU, 0.435s wall-clock]
Done! [10.260s CPU, 10.270s wall-clock]
translate exit code: 0

INFO     Running search (release).
INFO     search stdin: output.sas
INFO     search time limit: 1789s
INFO     search memory limit: 2048 MB
INFO     search command line string: /home/henry/Documents/UFRGS/TCC/downward/experiments/lab/data/main/code-5bb2ccb6957559b6969ffd7e29254c73f84d5e49_e5e41175/builds/release/bin/downward --search 'eager_greedy([ilsh(patterns=systematic(2), transform=adapt_costs(cost_type=NORMAL))])' --internal-plan-file sas_plan < output.sas
[t=0s, 10544 KB] reading input...
[t=0.274759s, 33324 KB] done reading input!
[t=0.278754s, 33720 KB] Generating patterns using: systematic pattern collection generator
[t=0.278754s, 33720 KB] building causal graph...done! [t=0.0239748s]
[t=0.302729s, 34524 KB] Found 2099 SGA patterns.
[t=0.310712s, 34524 KB] Found 2099 interesting patterns.
[t=0.310712s, 34524 KB] systematic pattern collection generator number of patterns: 2099
[t=0.310712s, 34524 KB] systematic pattern collection generator total PDB size: 119754
[t=0.310712s, 34524 KB] systematic pattern collection generator computation time: 0.031958s
[t=0.310712s, 34524 KB] Computing PDBs for pattern collection...
[t=24.1854s, 47880 KB] Done computing PDBs for pattern collection: 23.8746s
[t=27.8428s, 213624 KB] Tie breaking: 2
[t=27.8428s, 213624 KB] Building successor generator...done!
[t=27.8747s, 225080 KB] peak memory difference for successor generator creation: 11456 KB
[t=27.8747s, 225080 KB] time for successor generation creation: 0.0319803s
[t=27.8747s, 225080 KB] Variables: 381
[t=27.8747s, 225080 KB] FactPairs: 1141
[t=27.8747s, 225080 KB] Bytes per state: 76
[t=27.8747s, 225080 KB] Conducting best first search without reopening closed nodes, (real) bound = 2147483647
[t=27.9067s, 225080 KB] New best heuristic value for ilsh(patterns=systematic(2),transform=adapt_costs(cost_type=normal)): 0
[t=27.9067s, 225080 KB] g=0, 1 evaluated, 0 expanded
[t=27.9067s, 225080 KB] Initial heuristic value for ilsh(patterns=systematic(2),transform=adapt_costs(cost_type=normal)): 0
[t=27.9067s, 225080 KB] pruning method: none
Peak memory: 226212 KB
caught signal 24 -- exiting
Time limit has been reached.
Remove intermediate file output.sas
search exit code: 23

Driver aborting after search
INFO     Planner time: 1798.14s
