INFO     planner time limit: 1800s
INFO     planner memory limit: 2048 MB

INFO     Running translator.
INFO     translator stdin: None
INFO     translator time limit: 1799s
INFO     translator memory limit: 2048 MB
INFO     translator command line string: /home/henry/Documents/UFRGS/TCC/downward/.venv/bin/python /home/henry/Documents/UFRGS/TCC/downward/experiments/lab/data/main/code-5bb2ccb6957559b6969ffd7e29254c73f84d5e49_e5e41175/builds/release/bin/translate/translate.py domain.pddl problem.pddl --sas-file output.sas
Parsing...
Parsing: [0.130s CPU, 0.139s wall-clock]
Normalizing task... [0.030s CPU, 0.021s wall-clock]
Instantiating...
Generating Datalog program... [0.010s CPU, 0.017s wall-clock]
Normalizing Datalog program...
Normalizing Datalog program: [0.130s CPU, 0.135s wall-clock]
Preparing model... [0.120s CPU, 0.110s wall-clock]
Generated 6310 rules.
Computing model... [2.900s CPU, 2.908s wall-clock]
86585 relevant atoms
214386 auxiliary atoms
300971 final queue length
432618 total queue pushes
Completing instantiation... [2.810s CPU, 2.806s wall-clock]
Instantiating: [6.080s CPU, 6.095s wall-clock]
Computing fact groups...
Finding invariants...
1272 initial candidates
Finding invariants: [18.520s CPU, 18.545s wall-clock]
Checking invariant weight... [0.000s CPU, 0.000s wall-clock]
Instantiating groups... [0.000s CPU, 0.000s wall-clock]
Collecting mutex groups... [0.000s CPU, 0.001s wall-clock]
Choosing groups...
2510 uncovered facts
Choosing groups: [0.000s CPU, 0.000s wall-clock]
Building translation key... [0.010s CPU, 0.006s wall-clock]
Computing fact groups: [18.550s CPU, 18.567s wall-clock]
Building STRIPS to SAS dictionary... [0.000s CPU, 0.002s wall-clock]
Building dictionary for full mutex groups... [0.000s CPU, 0.004s wall-clock]
Building mutex information...
Building mutex information: [0.000s CPU, 0.002s wall-clock]
Translating task...
Processing axioms...
Simplifying axioms... [0.000s CPU, 0.000s wall-clock]
Translator axioms removed by simplifying: 0
Computing negative axioms... [0.000s CPU, 0.000s wall-clock]
Processing axioms: [0.140s CPU, 0.137s wall-clock]
Translating task: [3.340s CPU, 3.345s wall-clock]
125214 effect conditions simplified
0 implied preconditions added
Detecting unreachable propositions...
845 operators removed
0 axioms removed
32 propositions removed
Detecting unreachable propositions: [3.010s CPU, 3.011s wall-clock]
Reordering and filtering variables...
2425 of 2494 variables necessary.
0 of 0 mutex groups necessary.
78320 of 80164 operators necessary.
0 of 0 axiom rules necessary.
Reordering and filtering variables: [1.360s CPU, 1.362s wall-clock]
Translator variables: 2425
Translator derived variables: 0
Translator facts: 4850
Translator goal facts: 69
Translator mutex groups: 0
Translator total mutex groups size: 0
Translator operators: 78320
Translator axioms: 0
Translator task size: 542816
Translator peak memory: 418880 KB
Writing output... [0.440s CPU, 0.449s wall-clock]
Done! [33.100s CPU, 33.151s wall-clock]
translate exit code: 0

INFO     Running search (release).
INFO     search stdin: output.sas
INFO     search time limit: 1766s
INFO     search memory limit: 2048 MB
INFO     search command line string: /home/henry/Documents/UFRGS/TCC/downward/experiments/lab/data/main/code-5bb2ccb6957559b6969ffd7e29254c73f84d5e49_e5e41175/builds/release/bin/downward --search 'eager_greedy([operatorcounting(constraint_generators=[pho_constraints(patterns=systematic(2))], use_integer_operator_counts=false, transform=adapt_costs(cost_type=ONE))])' --internal-plan-file sas_plan < output.sas
[t=0s, 45596 KB] reading input...
[t=0.294625s, 70584 KB] done reading input!
[t=0.303472s, 77128 KB] Generating patterns using: systematic pattern collection generator
[t=0.303472s, 77128 KB] building causal graph...done! [t=0.283652s]
[t=0.758936s, 113396 KB] Found 2787 SGA patterns.
[t=0.898777s, 113396 KB] Found 2787 interesting patterns.
[t=0.898777s, 113396 KB] systematic pattern collection generator number of patterns: 2787
[t=0.898777s, 113396 KB] systematic pattern collection generator total PDB size: 11010
[t=0.898777s, 113396 KB] systematic pattern collection generator computation time: 0.595305s
[t=0.898777s, 113396 KB] Computing PDBs for pattern collection...
[t=35.4302s, 113396 KB] Done computing PDBs for pattern collection: 34.5314s
[t=44.5335s, 430824 KB] Building successor generator...done!
[t=44.5614s, 430824 KB] peak memory difference for successor generator creation: 0 KB
[t=44.5614s, 430824 KB] time for successor generation creation: 0.027944s
[t=44.5614s, 430824 KB] Variables: 2425
[t=44.5614s, 430824 KB] FactPairs: 4850
[t=44.5614s, 430824 KB] Bytes per state: 304
[t=44.5614s, 430824 KB] Conducting best first search without reopening closed nodes, (real) bound = 2147483647
[t=45.0088s, 579568 KB] New best heuristic value for operatorcounting(constraint_generators=[pho_constraints(patterns=systematic(2))],use_integer_operator_counts=false,transform=adapt_costs(cost_type=one)): 3
[t=45.0088s, 579568 KB] g=0, 1 evaluated, 0 expanded
[t=45.0088s, 579568 KB] Initial heuristic value for operatorcounting(constraint_generators=[pho_constraints(patterns=systematic(2))],use_integer_operator_counts=false,transform=adapt_costs(cost_type=one)): 3
[t=45.0088s, 579568 KB] pruning method: none
Peak memory: 579568 KB
caught signal 24 -- exiting
Time limit has been reached.
Remove intermediate file output.sas
search exit code: 23

Driver aborting after search
INFO     Planner time: 1793.00s
