INFO     planner time limit: 1800s
INFO     planner memory limit: 2048 MB

INFO     Running translator.
INFO     translator stdin: None
INFO     translator time limit: 1799s
INFO     translator memory limit: 2048 MB
INFO     translator command line string: /home/henry/Documents/UFRGS/TCC/downward/.venv/bin/python /home/henry/Documents/UFRGS/TCC/downward/experiments/lab/data/main/code-5bb2ccb6957559b6969ffd7e29254c73f84d5e49_e5e41175/builds/release/bin/translate/translate.py domain.pddl problem.pddl --sas-file output.sas
Parsing...
Parsing: [0.000s CPU, 0.001s wall-clock]
Normalizing task... [0.000s CPU, 0.000s wall-clock]
Instantiating...
Generating Datalog program... [0.000s CPU, 0.000s wall-clock]
Normalizing Datalog program...
Normalizing Datalog program: [0.000s CPU, 0.001s wall-clock]
Preparing model... [0.010s CPU, 0.001s wall-clock]
Generated 32 rules.
Computing model... [0.650s CPU, 0.652s wall-clock]
111137 relevant atoms
8246 auxiliary atoms
119383 final queue length
359809 total queue pushes
Completing instantiation... [3.900s CPU, 3.917s wall-clock]
Instantiating: [4.580s CPU, 4.589s wall-clock]
Computing fact groups...
Finding invariants...
12 initial candidates
Finding invariants: [0.010s CPU, 0.008s wall-clock]
Checking invariant weight... [0.000s CPU, 0.000s wall-clock]
Instantiating groups... [0.010s CPU, 0.006s wall-clock]
Collecting mutex groups... [0.000s CPU, 0.001s wall-clock]
Choosing groups...
91 uncovered facts
Choosing groups: [0.000s CPU, 0.004s wall-clock]
Building translation key... [0.000s CPU, 0.001s wall-clock]
Computing fact groups: [0.030s CPU, 0.028s wall-clock]
Building STRIPS to SAS dictionary... [0.000s CPU, 0.001s wall-clock]
Building dictionary for full mutex groups... [0.000s CPU, 0.002s wall-clock]
Building mutex information...
Building mutex information: [0.000s CPU, 0.001s wall-clock]
Translating task...
Processing axioms...
Simplifying axioms... [0.000s CPU, 0.000s wall-clock]
Translator axioms removed by simplifying: 0
Computing negative axioms... [0.000s CPU, 0.000s wall-clock]
Processing axioms: [0.140s CPU, 0.139s wall-clock]
Translating task: [3.720s CPU, 3.716s wall-clock]
129600 effect conditions simplified
0 implied preconditions added
Detecting unreachable propositions...
0 operators removed
0 axioms removed
36 propositions removed
Detecting unreachable propositions: [2.870s CPU, 2.874s wall-clock]
Reordering and filtering variables...
127 of 127 variables necessary.
55 of 91 mutex groups necessary.
104976 of 104976 operators necessary.
0 of 0 axiom rules necessary.
Reordering and filtering variables: [0.610s CPU, 0.610s wall-clock]
Translator variables: 127
Translator derived variables: 0
Translator facts: 2162
Translator goal facts: 36
Translator mutex groups: 55
Translator total mutex groups size: 2035
Translator operators: 104976
Translator axioms: 0
Translator task size: 854536
Translator peak memory: 534164 KB
Writing output... [0.630s CPU, 0.619s wall-clock]
Done! [12.610s CPU, 12.616s wall-clock]
translate exit code: 0

INFO     Running search (release).
INFO     search stdin: output.sas
INFO     search time limit: 1787s
INFO     search memory limit: 2048 MB
INFO     search command line string: /home/henry/Documents/UFRGS/TCC/downward/experiments/lab/data/main/code-5bb2ccb6957559b6969ffd7e29254c73f84d5e49_e5e41175/builds/release/bin/downward --search 'eager_greedy([lsh(patterns=systematic(4), transform=adapt_costs(cost_type=NORMAL))])' --internal-plan-file sas_plan < output.sas
[t=0s, 10544 KB] reading input...
[t=0.403772s, 50220 KB] done reading input!
[t=0.403772s, 50616 KB] Generating patterns using: systematic pattern collection generator
[t=0.403772s, 50616 KB] building causal graph...done! [t=0.0599631s]
[t=14.4923s, 1891708 KB] Found 7179222 SGA patterns.
[t=63.1489s, 1960744 KB] Found 7811112 interesting patterns.
[t=69.8183s, 1960744 KB] systematic pattern collection generator number of patterns: 7811112
[t=70.7135s, 1960744 KB] systematic pattern collection generator total PDB size: 613030472
[t=71.0852s, 1960744 KB] systematic pattern collection generator computation time: 69.4145s
[t=71.0852s, 1960744 KB] Computing PDBs for pattern collection...
Peak memory: 1960744 KB
caught signal 24 -- exiting
Time limit has been reached.
Remove intermediate file output.sas
search exit code: 23

Driver aborting after search
INFO     Planner time: 1798.60s
