INFO     planner time limit: 1800s
INFO     planner memory limit: 2048 MB

INFO     Running translator.
INFO     translator stdin: None
INFO     translator time limit: 1799s
INFO     translator memory limit: 2048 MB
INFO     translator command line string: /home/henry/Documents/UFRGS/TCC/downward/.venv/bin/python /home/henry/Documents/UFRGS/TCC/downward/experiments/lab/data/main/code-5bb2ccb6957559b6969ffd7e29254c73f84d5e49_e5e41175/builds/release/bin/translate/translate.py domain.pddl problem.pddl --sas-file output.sas
Parsing...
Parsing: [0.000s CPU, 0.001s wall-clock]
Normalizing task... [0.000s CPU, 0.000s wall-clock]
Instantiating...
Generating Datalog program... [0.000s CPU, 0.000s wall-clock]
Normalizing Datalog program...
Normalizing Datalog program: [0.010s CPU, 0.002s wall-clock]
Preparing model... [0.000s CPU, 0.001s wall-clock]
Generated 50 rules.
Computing model... [0.000s CPU, 0.005s wall-clock]
453 relevant atoms
548 auxiliary atoms
1001 final queue length
1271 total queue pushes
Completing instantiation... [0.010s CPU, 0.004s wall-clock]
Instantiating: [0.020s CPU, 0.013s wall-clock]
Computing fact groups...
Finding invariants...
11 initial candidates
Finding invariants: [0.000s CPU, 0.003s wall-clock]
Checking invariant weight... [0.000s CPU, 0.000s wall-clock]
Instantiating groups... [0.000s CPU, 0.001s wall-clock]
Collecting mutex groups... [0.000s CPU, 0.000s wall-clock]
Choosing groups...
0 uncovered facts
Choosing groups: [0.000s CPU, 0.000s wall-clock]
Building translation key... [0.000s CPU, 0.000s wall-clock]
Computing fact groups: [0.000s CPU, 0.005s wall-clock]
Building STRIPS to SAS dictionary... [0.000s CPU, 0.000s wall-clock]
Building dictionary for full mutex groups... [0.000s CPU, 0.000s wall-clock]
Building mutex information...
Building mutex information: [0.000s CPU, 0.000s wall-clock]
Translating task...
Processing axioms...
Simplifying axioms... [0.000s CPU, 0.000s wall-clock]
Translator axioms removed by simplifying: 0
Computing negative axioms... [0.000s CPU, 0.000s wall-clock]
Processing axioms: [0.000s CPU, 0.000s wall-clock]
Translating task: [0.010s CPU, 0.006s wall-clock]
0 effect conditions simplified
0 implied preconditions added
Detecting unreachable propositions...
0 operators removed
0 axioms removed
4 propositions removed
Detecting unreachable propositions: [0.000s CPU, 0.003s wall-clock]
Reordering and filtering variables...
22 of 22 variables necessary.
36 of 40 mutex groups necessary.
232 of 232 operators necessary.
0 of 0 axiom rules necessary.
Reordering and filtering variables: [0.000s CPU, 0.001s wall-clock]
Translator variables: 22
Translator derived variables: 0
Translator facts: 112
Translator goal facts: 15
Translator mutex groups: 36
Translator total mutex groups size: 144
Translator operators: 232
Translator axioms: 0
Translator task size: 1553
Translator peak memory: 32884 KB
Writing output... [0.000s CPU, 0.001s wall-clock]
Done! [0.030s CPU, 0.032s wall-clock]
translate exit code: 0

INFO     Running search (release).
INFO     search stdin: output.sas
INFO     search time limit: 1799s
INFO     search memory limit: 2048 MB
INFO     search command line string: /home/henry/Documents/UFRGS/TCC/downward/experiments/lab/data/main/code-5bb2ccb6957559b6969ffd7e29254c73f84d5e49_e5e41175/builds/release/bin/downward --search 'eager_greedy([operatorcounting(constraint_generators=[pho_constraints(patterns=systematic(2))], use_integer_operator_counts=true, transform=adapt_costs(cost_type=NORMAL))])' --internal-plan-file sas_plan < output.sas
[t=0s, 45596 KB] reading input...
[t=0.00259565s, 45596 KB] done reading input!
[t=0.00451708s, 45992 KB] Generating patterns using: systematic pattern collection generator
[t=0.00451708s, 45992 KB] building causal graph...done! [t=0s]
[t=0.00451708s, 45992 KB] Found 100 SGA patterns.
[t=0.00451708s, 45992 KB] Found 100 interesting patterns.
[t=0.00451708s, 45992 KB] systematic pattern collection generator number of patterns: 100
[t=0.00451708s, 45992 KB] systematic pattern collection generator total PDB size: 2860
[t=0.00451708s, 45992 KB] systematic pattern collection generator computation time: 0s
[t=0.00451708s, 45992 KB] Computing PDBs for pattern collection...
[t=0.00851902s, 45992 KB] Done computing PDBs for pattern collection: 0.00400194s
[t=0.0124935s, 46144 KB] Building successor generator...done!
[t=0.0124935s, 46144 KB] peak memory difference for successor generator creation: 0 KB
[t=0.0124935s, 46144 KB] time for successor generation creation: 0s
[t=0.0124935s, 46144 KB] Variables: 22
[t=0.0124935s, 46144 KB] FactPairs: 112
[t=0.0124935s, 46144 KB] Bytes per state: 8
[t=0.0124935s, 46144 KB] Conducting best first search without reopening closed nodes, (real) bound = 2147483647
[t=0.0165054s, 47968 KB] New best heuristic value for operatorcounting(constraint_generators=[pho_constraints(patterns=systematic(2))],use_integer_operator_counts=true,transform=adapt_costs(cost_type=normal)): 20
[t=0.0165054s, 47968 KB] g=0, 1 evaluated, 0 expanded
[t=0.0165054s, 47968 KB] Initial heuristic value for operatorcounting(constraint_generators=[pho_constraints(patterns=systematic(2))],use_integer_operator_counts=true,transform=adapt_costs(cost_type=normal)): 20
[t=0.0165054s, 47968 KB] pruning method: none
[t=0.0284681s, 49736 KB] New best heuristic value for operatorcounting(constraint_generators=[pho_constraints(patterns=systematic(2))],use_integer_operator_counts=true,transform=adapt_costs(cost_type=normal)): 19
[t=0.0284681s, 49736 KB] g=2, 4 evaluated, 1 expanded
[t=0.0803901s, 50080 KB] New best heuristic value for operatorcounting(constraint_generators=[pho_constraints(patterns=systematic(2))],use_integer_operator_counts=true,transform=adapt_costs(cost_type=normal)): 18
[t=0.0803901s, 50080 KB] g=3, 18 evaluated, 2 expanded
[t=0.116322s, 50172 KB] New best heuristic value for operatorcounting(constraint_generators=[pho_constraints(patterns=systematic(2))],use_integer_operator_counts=true,transform=adapt_costs(cost_type=normal)): 17
[t=0.116322s, 50172 KB] g=10, 28 evaluated, 4 expanded
[t=0.164213s, 50172 KB] New best heuristic value for operatorcounting(constraint_generators=[pho_constraints(patterns=systematic(2))],use_integer_operator_counts=true,transform=adapt_costs(cost_type=normal)): 16
[t=0.164213s, 50172 KB] g=17, 42 evaluated, 7 expanded
[t=0.200172s, 50172 KB] New best heuristic value for operatorcounting(constraint_generators=[pho_constraints(patterns=systematic(2))],use_integer_operator_counts=true,transform=adapt_costs(cost_type=normal)): 14
[t=0.200172s, 50172 KB] g=25, 58 evaluated, 14 expanded
[t=0.311978s, 50172 KB] New best heuristic value for operatorcounting(constraint_generators=[pho_constraints(patterns=systematic(2))],use_integer_operator_counts=true,transform=adapt_costs(cost_type=normal)): 13
[t=0.311978s, 50172 KB] g=31, 132 evaluated, 53 expanded
[t=0.563485s, 50172 KB] New best heuristic value for operatorcounting(constraint_generators=[pho_constraints(patterns=systematic(2))],use_integer_operator_counts=true,transform=adapt_costs(cost_type=normal)): 12
[t=0.563485s, 50172 KB] g=44, 248 evaluated, 105 expanded
[t=0.639368s, 50172 KB] New best heuristic value for operatorcounting(constraint_generators=[pho_constraints(patterns=systematic(2))],use_integer_operator_counts=true,transform=adapt_costs(cost_type=normal)): 11
[t=0.639368s, 50172 KB] g=53, 291 evaluated, 112 expanded
[t=0.687278s, 50172 KB] New best heuristic value for operatorcounting(constraint_generators=[pho_constraints(patterns=systematic(2))],use_integer_operator_counts=true,transform=adapt_costs(cost_type=normal)): 9
[t=0.687278s, 50172 KB] g=61, 324 evaluated, 124 expanded
[t=3.17542s, 50172 KB] New best heuristic value for operatorcounting(constraint_generators=[pho_constraints(patterns=systematic(2))],use_integer_operator_counts=true,transform=adapt_costs(cost_type=normal)): 8
[t=3.17542s, 50172 KB] g=78, 1764 evaluated, 1153 expanded
[t=3.19539s, 50172 KB] New best heuristic value for operatorcounting(constraint_generators=[pho_constraints(patterns=systematic(2))],use_integer_operator_counts=true,transform=adapt_costs(cost_type=normal)): 7
[t=3.19539s, 50172 KB] g=85, 1776 evaluated, 1156 expanded
[t=71.2627s, 51312 KB] New best heuristic value for operatorcounting(constraint_generators=[pho_constraints(patterns=systematic(2))],use_integer_operator_counts=true,transform=adapt_costs(cost_type=normal)): 6
[t=71.2627s, 51312 KB] g=70, 41712 evaluated, 38020 expanded
[t=71.2747s, 51312 KB] New best heuristic value for operatorcounting(constraint_generators=[pho_constraints(patterns=systematic(2))],use_integer_operator_counts=true,transform=adapt_costs(cost_type=normal)): 5
[t=71.2747s, 51312 KB] g=77, 41724 evaluated, 38023 expanded
Peak memory: 105216 KB
caught signal 24 -- exiting
Time limit has been reached.
Remove intermediate file output.sas
search exit code: 23

Driver aborting after search
INFO     Planner time: 1796.37s
