INFO     planner time limit: 1800s
INFO     planner memory limit: 2048 MB

INFO     Running translator.
INFO     translator stdin: None
INFO     translator time limit: 1799s
INFO     translator memory limit: 2048 MB
INFO     translator command line string: /home/henry/Documents/UFRGS/TCC/downward/.venv/bin/python /home/henry/Documents/UFRGS/TCC/downward/experiments/lab/data/main/code-5bb2ccb6957559b6969ffd7e29254c73f84d5e49_e5e41175/builds/release/bin/translate/translate.py domain.pddl problem.pddl --sas-file output.sas
Parsing...
Parsing: [0.010s CPU, 0.003s wall-clock]
Normalizing task... [0.000s CPU, 0.000s wall-clock]
Instantiating...
Generating Datalog program... [0.000s CPU, 0.001s wall-clock]
Normalizing Datalog program...
Normalizing Datalog program: [0.000s CPU, 0.003s wall-clock]
Preparing model... [0.000s CPU, 0.002s wall-clock]
Generated 212 rules.
Computing model... [0.010s CPU, 0.009s wall-clock]
912 relevant atoms
1060 auxiliary atoms
1972 final queue length
2716 total queue pushes
Completing instantiation... [0.010s CPU, 0.010s wall-clock]
Instantiating: [0.020s CPU, 0.025s wall-clock]
Computing fact groups...
Finding invariants...
20 initial candidates
Finding invariants: [0.000s CPU, 0.003s wall-clock]
Checking invariant weight... [0.000s CPU, 0.000s wall-clock]
Instantiating groups... [0.000s CPU, 0.000s wall-clock]
Collecting mutex groups... [0.000s CPU, 0.000s wall-clock]
Choosing groups...
207 uncovered facts
Choosing groups: [0.000s CPU, 0.000s wall-clock]
Building translation key... [0.000s CPU, 0.001s wall-clock]
Computing fact groups: [0.000s CPU, 0.006s wall-clock]
Building STRIPS to SAS dictionary... [0.000s CPU, 0.000s wall-clock]
Building dictionary for full mutex groups... [0.000s CPU, 0.000s wall-clock]
Building mutex information...
Building mutex information: [0.000s CPU, 0.000s wall-clock]
Translating task...
Processing axioms...
Simplifying axioms... [0.000s CPU, 0.000s wall-clock]
Translator axioms removed by simplifying: 0
Computing negative axioms... [0.000s CPU, 0.000s wall-clock]
Processing axioms: [0.010s CPU, 0.000s wall-clock]
Translating task: [0.010s CPU, 0.010s wall-clock]
273 effect conditions simplified
0 implied preconditions added
Detecting unreachable propositions...
0 operators removed
0 axioms removed
10 propositions removed
Detecting unreachable propositions: [0.010s CPU, 0.006s wall-clock]
Reordering and filtering variables...
86 of 214 variables necessary.
0 of 8 mutex groups necessary.
369 of 369 operators necessary.
0 of 0 axiom rules necessary.
Reordering and filtering variables: [0.000s CPU, 0.003s wall-clock]
Translator variables: 86
Translator derived variables: 0
Translator facts: 300
Translator goal facts: 48
Translator mutex groups: 0
Translator total mutex groups size: 0
Translator operators: 369
Translator axioms: 0
Translator task size: 2742
Translator peak memory: 34400 KB
Writing output... [0.000s CPU, 0.002s wall-clock]
Done! [0.050s CPU, 0.056s wall-clock]
translate exit code: 0

INFO     Running search (release).
INFO     search stdin: output.sas
INFO     search time limit: 1799s
INFO     search memory limit: 2048 MB
INFO     search command line string: /home/henry/Documents/UFRGS/TCC/downward/experiments/lab/data/main/code-5bb2ccb6957559b6969ffd7e29254c73f84d5e49_e5e41175/builds/release/bin/downward --search 'eager_greedy([ff(transform=adapt_costs(cost_type=NORMAL))])' --internal-plan-file sas_plan < output.sas
[t=0s, 10544 KB] reading input...
[t=0s, 10676 KB] done reading input!
[t=0s, 11076 KB] Simplifying 740 unary operators... done! [321 unary operators]
[t=0.00399892s, 11076 KB] time to simplify: 0.00399892s
[t=0.00399892s, 11076 KB] Initializing additive heuristic...
[t=0.00399892s, 11076 KB] Initializing FF heuristic...
[t=0.00399892s, 11076 KB] Building successor generator...done!
[t=0.00399892s, 11076 KB] peak memory difference for successor generator creation: 0 KB
[t=0.00399892s, 11076 KB] time for successor generation creation: 0s
[t=0.00399892s, 11076 KB] Variables: 86
[t=0.00399892s, 11076 KB] FactPairs: 300
[t=0.00399892s, 11076 KB] Bytes per state: 16
[t=0.00399892s, 11076 KB] Conducting best first search without reopening closed nodes, (real) bound = 2147483647
[t=0.00399892s, 11076 KB] New best heuristic value for ff(transform=adapt_costs(cost_type=normal)): 2817293
[t=0.00399892s, 11076 KB] g=0, 1 evaluated, 0 expanded
[t=0.00399892s, 11076 KB] Initial heuristic value for ff(transform=adapt_costs(cost_type=normal)): 2817293
[t=0.00399892s, 11076 KB] pruning method: none
[t=0.00399892s, 11076 KB] New best heuristic value for ff(transform=adapt_costs(cost_type=normal)): 2793293
[t=0.00399892s, 11076 KB] g=0, 2 evaluated, 1 expanded
[t=0.00399892s, 11076 KB] New best heuristic value for ff(transform=adapt_costs(cost_type=normal)): 2642283
[t=0.00399892s, 11076 KB] g=8000, 4 evaluated, 2 expanded
[t=0.00399892s, 11076 KB] New best heuristic value for ff(transform=adapt_costs(cost_type=normal)): 2639284
[t=0.00399892s, 11076 KB] g=10999, 19 evaluated, 3 expanded
[t=0.00399892s, 11076 KB] New best heuristic value for ff(transform=adapt_costs(cost_type=normal)): 2634283
[t=0.00399892s, 11076 KB] g=16000, 27 evaluated, 3 expanded
[t=0.00399892s, 11076 KB] New best heuristic value for ff(transform=adapt_costs(cost_type=normal)): 2633283
[t=0.00399892s, 11076 KB] g=16000, 28 evaluated, 3 expanded
[t=0.00399892s, 11076 KB] New best heuristic value for ff(transform=adapt_costs(cost_type=normal)): 2630284
[t=0.00399892s, 11076 KB] g=18999, 34 evaluated, 4 expanded
[t=0.00399892s, 11076 KB] New best heuristic value for ff(transform=adapt_costs(cost_type=normal)): 2625283
[t=0.00399892s, 11076 KB] g=24000, 41 evaluated, 4 expanded
[t=0.00399892s, 11076 KB] New best heuristic value for ff(transform=adapt_costs(cost_type=normal)): 2624283
[t=0.00399892s, 11076 KB] g=24000, 43 evaluated, 4 expanded
[t=0.00399892s, 11076 KB] New best heuristic value for ff(transform=adapt_costs(cost_type=normal)): 2621284
[t=0.00399892s, 11076 KB] g=26999, 48 evaluated, 5 expanded
[t=0.00399892s, 11076 KB] New best heuristic value for ff(transform=adapt_costs(cost_type=normal)): 2616283
[t=0.00399892s, 11076 KB] g=32000, 54 evaluated, 5 expanded
[t=0.00399892s, 11076 KB] New best heuristic value for ff(transform=adapt_costs(cost_type=normal)): 2615283
[t=0.00399892s, 11076 KB] g=32000, 56 evaluated, 5 expanded
[t=0.00399892s, 11076 KB] New best heuristic value for ff(transform=adapt_costs(cost_type=normal)): 2612284
[t=0.00399892s, 11076 KB] g=34999, 61 evaluated, 6 expanded
[t=0.00399892s, 11076 KB] New best heuristic value for ff(transform=adapt_costs(cost_type=normal)): 2607283
[t=0.00399892s, 11076 KB] g=40000, 66 evaluated, 6 expanded
[t=0.00399892s, 11076 KB] New best heuristic value for ff(transform=adapt_costs(cost_type=normal)): 2606283
[t=0.00399892s, 11076 KB] g=40000, 68 evaluated, 6 expanded
[t=0.00399892s, 11076 KB] New best heuristic value for ff(transform=adapt_costs(cost_type=normal)): 2603284
[t=0.00399892s, 11076 KB] g=42999, 73 evaluated, 7 expanded
[t=0.00399892s, 11076 KB] New best heuristic value for ff(transform=adapt_costs(cost_type=normal)): 2598283
[t=0.00399892s, 11076 KB] g=48000, 77 evaluated, 7 expanded
[t=0.00399892s, 11076 KB] New best heuristic value for ff(transform=adapt_costs(cost_type=normal)): 2595284
[t=0.00399892s, 11076 KB] g=50999, 84 evaluated, 8 expanded
[t=0.00399892s, 11076 KB] New best heuristic value for ff(transform=adapt_costs(cost_type=normal)): 2590283
[t=0.00399892s, 11076 KB] g=56000, 87 evaluated, 8 expanded
[t=0.00399892s, 11076 KB] New best heuristic value for ff(transform=adapt_costs(cost_type=normal)): 2587284
[t=0.00399892s, 11076 KB] g=58999, 94 evaluated, 9 expanded
[t=0.00399892s, 11076 KB] New best heuristic value for ff(transform=adapt_costs(cost_type=normal)): 2582283
[t=0.00399892s, 11076 KB] g=64000, 96 evaluated, 9 expanded
[t=0.00399892s, 11076 KB] New best heuristic value for ff(transform=adapt_costs(cost_type=normal)): 2579284
[t=0.00399892s, 11076 KB] g=66999, 103 evaluated, 10 expanded
[t=0.00399892s, 11076 KB] New best heuristic value for ff(transform=adapt_costs(cost_type=normal)): 2571284
[t=0.00399892s, 11076 KB] g=74999, 111 evaluated, 11 expanded
[t=0.00800304s, 11076 KB] New best heuristic value for ff(transform=adapt_costs(cost_type=normal)): 2347244
[t=0.00800304s, 11076 KB] g=299039, 119 evaluated, 12 expanded
[t=0.00800304s, 11076 KB] New best heuristic value for ff(transform=adapt_costs(cost_type=normal)): 2339244
[t=0.00800304s, 11076 KB] g=307039, 129 evaluated, 13 expanded
[t=0.00800304s, 11076 KB] New best heuristic value for ff(transform=adapt_costs(cost_type=normal)): 2329245
[t=0.00800304s, 11076 KB] g=317038, 137 evaluated, 14 expanded
[t=0.00800304s, 11076 KB] New best heuristic value for ff(transform=adapt_costs(cost_type=normal)): 2327245
[t=0.00800304s, 11076 KB] g=319038, 146 evaluated, 15 expanded
[t=0.00800304s, 11076 KB] New best heuristic value for ff(transform=adapt_costs(cost_type=normal)): 2214232
[t=0.00800304s, 11076 KB] g=432051, 154 evaluated, 16 expanded
[t=0.00800304s, 11076 KB] New best heuristic value for ff(transform=adapt_costs(cost_type=normal)): 2212232
[t=0.00800304s, 11076 KB] g=434051, 165 evaluated, 17 expanded
[t=0.00800304s, 11076 KB] New best heuristic value for ff(transform=adapt_costs(cost_type=normal)): 2210232
[t=0.00800304s, 11076 KB] g=436051, 173 evaluated, 18 expanded
[t=0.00800304s, 11076 KB] New best heuristic value for ff(transform=adapt_costs(cost_type=normal)): 2192233
[t=0.00800304s, 11076 KB] g=454050, 180 evaluated, 19 expanded
[t=0.00800304s, 11076 KB] New best heuristic value for ff(transform=adapt_costs(cost_type=normal)): 2189234
[t=0.00800304s, 11076 KB] g=457049, 190 evaluated, 20 expanded
[t=0.00800304s, 11076 KB] New best heuristic value for ff(transform=adapt_costs(cost_type=normal)): 2179235
[t=0.00800304s, 11076 KB] g=467048, 197 evaluated, 21 expanded
[t=0.00800304s, 11076 KB] New best heuristic value for ff(transform=adapt_costs(cost_type=normal)): 2176236
[t=0.00800304s, 11076 KB] g=470047, 205 evaluated, 22 expanded
[t=0.00800304s, 11076 KB] New best heuristic value for ff(transform=adapt_costs(cost_type=normal)): 2168236
[t=0.00800304s, 11076 KB] g=478047, 214 evaluated, 23 expanded
[t=0.00800304s, 11076 KB] New best heuristic value for ff(transform=adapt_costs(cost_type=normal)): 2160236
[t=0.00800304s, 11076 KB] g=486047, 222 evaluated, 24 expanded
[t=0.00800304s, 11076 KB] New best heuristic value for ff(transform=adapt_costs(cost_type=normal)): 2158236
[t=0.00800304s, 11076 KB] g=488047, 230 evaluated, 25 expanded
[t=0.00800304s, 11076 KB] New best heuristic value for ff(transform=adapt_costs(cost_type=normal)): 2156236
[t=0.00800304s, 11076 KB] g=490047, 238 evaluated, 26 expanded
[t=0.00800304s, 11076 KB] New best heuristic value for ff(transform=adapt_costs(cost_type=normal)): 1930210
[t=0.00800304s, 11076 KB] g=603060, 246 evaluated, 27 expanded
[t=0.00800304s, 11076 KB] New best heuristic value for ff(transform=adapt_costs(cost_type=normal)): 1928210
[t=0.00800304s, 11076 KB] g=605060, 255 evaluated, 28 expanded
[t=0.00800304s, 11076 KB] New best heuristic value for ff(transform=adapt_costs(cost_type=normal)): 1926210
[t=0.00800304s, 11076 KB] g=607060, 260 evaluated, 29 expanded
[t=0.00800304s, 11076 KB] New best heuristic value for ff(transform=adapt_costs(cost_type=normal)): 1908211
[t=0.00800304s, 11076 KB] g=625059, 267 evaluated, 30 expanded
[t=0.00800304s, 11076 KB] New best heuristic value for ff(transform=adapt_costs(cost_type=normal)): 1905212
[t=0.00800304s, 11076 KB] g=628058, 275 evaluated, 31 expanded
[t=0.00800304s, 11076 KB] New best heuristic value for ff(transform=adapt_costs(cost_type=normal)): 1895213
[t=0.00800304s, 11076 KB] g=638057, 282 evaluated, 32 expanded
[t=0.00800304s, 11076 KB] New best heuristic value for ff(transform=adapt_costs(cost_type=normal)): 1892214
[t=0.00800304s, 11076 KB] g=641056, 289 evaluated, 33 expanded
[t=0.00800304s, 11076 KB] New best heuristic value for ff(transform=adapt_costs(cost_type=normal)): 1890214
[t=0.00800304s, 11076 KB] g=643056, 299 evaluated, 34 expanded
[t=0.00800304s, 11076 KB] New best heuristic value for ff(transform=adapt_costs(cost_type=normal)): 1888214
[t=0.00800304s, 11076 KB] g=645056, 308 evaluated, 35 expanded
[t=0.00800304s, 11076 KB] New best heuristic value for ff(transform=adapt_costs(cost_type=normal)): 1886214
[t=0.00800304s, 11076 KB] g=647056, 318 evaluated, 36 expanded
[t=0.00800304s, 11076 KB] New best heuristic value for ff(transform=adapt_costs(cost_type=normal)): 1884214
[t=0.00800304s, 11076 KB] g=649056, 329 evaluated, 37 expanded
[t=0.00800304s, 11076 KB] New best heuristic value for ff(transform=adapt_costs(cost_type=normal)): 1658188
[t=0.00800304s, 11076 KB] g=762069, 340 evaluated, 38 expanded
[t=0.00800304s, 11076 KB] New best heuristic value for ff(transform=adapt_costs(cost_type=normal)): 1656188
[t=0.00800304s, 11076 KB] g=764069, 352 evaluated, 39 expanded
[t=0.00800304s, 11076 KB] New best heuristic value for ff(transform=adapt_costs(cost_type=normal)): 1654188
[t=0.00800304s, 11076 KB] g=766069, 354 evaluated, 40 expanded
[t=0.00800304s, 11076 KB] New best heuristic value for ff(transform=adapt_costs(cost_type=normal)): 1636189
[t=0.00800304s, 11076 KB] g=784068, 363 evaluated, 41 expanded
[t=0.00800304s, 11076 KB] New best heuristic value for ff(transform=adapt_costs(cost_type=normal)): 1633190
[t=0.00800304s, 11076 KB] g=787067, 375 evaluated, 42 expanded
[t=0.00800304s, 11076 KB] New best heuristic value for ff(transform=adapt_costs(cost_type=normal)): 1623191
[t=0.00800304s, 11076 KB] g=797066, 384 evaluated, 43 expanded
[t=0.00800304s, 11076 KB] New best heuristic value for ff(transform=adapt_costs(cost_type=normal)): 1620192
[t=0.00800304s, 11076 KB] g=800065, 394 evaluated, 44 expanded
[t=23.0007s, 134920 KB] New best heuristic value for ff(transform=adapt_costs(cost_type=normal)): 1245143
[t=23.0007s, 134920 KB] g=1033104, 2566063 evaluated, 385768 expanded
[t=23.0007s, 134920 KB] New best heuristic value for ff(transform=adapt_costs(cost_type=normal)): 1237143
[t=23.0007s, 134920 KB] g=1041104, 2566073 evaluated, 385769 expanded
[t=23.0007s, 134920 KB] New best heuristic value for ff(transform=adapt_costs(cost_type=normal)): 1227144
[t=23.0007s, 134920 KB] g=1051103, 2566080 evaluated, 385770 expanded
[t=180.557s, 992996 KB] New best heuristic value for ff(transform=adapt_costs(cost_type=normal)): 852095
[t=180.557s, 992996 KB] g=1284142, 20332129 evaluated, 3316194 expanded
[t=180.557s, 992996 KB] New best heuristic value for ff(transform=adapt_costs(cost_type=normal)): 844095
[t=180.557s, 992996 KB] g=1292142, 20332138 evaluated, 3316195 expanded
[t=180.557s, 992996 KB] New best heuristic value for ff(transform=adapt_costs(cost_type=normal)): 834096
[t=180.557s, 992996 KB] g=1302141, 20332143 evaluated, 3316196 expanded
Failed to allocate memory.
Memory limit has been reached.
Peak memory: 2097020 KB
Remove intermediate file output.sas
search exit code: 22

Driver aborting after search
INFO     Planner time: 387.23s
