INFO     planner time limit: 1800s
INFO     planner memory limit: 2048 MB

INFO     Running translator.
INFO     translator stdin: None
INFO     translator time limit: 1799s
INFO     translator memory limit: 2048 MB
INFO     translator command line string: /home/henry/Documents/UFRGS/TCC/downward/.venv/bin/python /home/henry/Documents/UFRGS/TCC/downward/experiments/lab/data/main/code-fa850d1cb8d716322f299a4f9b64478019793ada_e5e41175/builds/release/bin/translate/translate.py domain.pddl problem.pddl --sas-file output.sas
Parsing...
Parsing: [0.000s CPU, 0.002s wall-clock]
Normalizing task... [0.000s CPU, 0.000s wall-clock]
Instantiating...
Generating Datalog program... [0.000s CPU, 0.000s wall-clock]
Normalizing Datalog program...
Normalizing Datalog program: [0.010s CPU, 0.003s wall-clock]
Preparing model... [0.000s CPU, 0.001s wall-clock]
Generated 74 rules.
Computing model... [0.040s CPU, 0.043s wall-clock]
3055 relevant atoms
1319 auxiliary atoms
4374 final queue length
14423 total queue pushes
Completing instantiation... [0.120s CPU, 0.117s wall-clock]
Instantiating: [0.170s CPU, 0.165s wall-clock]
Computing fact groups...
Finding invariants...
16 initial candidates
Finding invariants: [0.000s CPU, 0.004s wall-clock]
Checking invariant weight... [0.000s CPU, 0.000s wall-clock]
Instantiating groups... [0.000s CPU, 0.000s wall-clock]
Collecting mutex groups... [0.000s CPU, 0.000s wall-clock]
Choosing groups...
0 uncovered facts
Choosing groups: [0.000s CPU, 0.000s wall-clock]
Building translation key... [0.000s CPU, 0.000s wall-clock]
Computing fact groups: [0.000s CPU, 0.005s wall-clock]
Building STRIPS to SAS dictionary... [0.000s CPU, 0.000s wall-clock]
Building dictionary for full mutex groups... [0.000s CPU, 0.000s wall-clock]
Building mutex information...
Building mutex information: [0.000s CPU, 0.000s wall-clock]
Translating task...
Processing axioms...
Simplifying axioms... [0.000s CPU, 0.000s wall-clock]
Translator axioms removed by simplifying: 0
Computing negative axioms... [0.000s CPU, 0.000s wall-clock]
Processing axioms: [0.010s CPU, 0.004s wall-clock]
Translating task: [0.060s CPU, 0.061s wall-clock]
0 effect conditions simplified
0 implied preconditions added
Detecting unreachable propositions...
0 operators removed
0 axioms removed
13 propositions removed
Detecting unreachable propositions: [0.030s CPU, 0.023s wall-clock]
Reordering and filtering variables...
13 of 13 variables necessary.
0 of 13 mutex groups necessary.
1804 of 1804 operators necessary.
0 of 0 axiom rules necessary.
Reordering and filtering variables: [0.010s CPU, 0.009s wall-clock]
Translator variables: 13
Translator derived variables: 0
Translator facts: 48
Translator goal facts: 2
Translator mutex groups: 0
Translator total mutex groups size: 0
Translator operators: 1804
Translator axioms: 0
Translator task size: 15179
Translator peak memory: 43336 KB
Writing output... [0.020s CPU, 0.010s wall-clock]
Done! [0.290s CPU, 0.280s wall-clock]
translate exit code: 0

INFO     Running search (release).
INFO     search stdin: output.sas
INFO     search time limit: 1799s
INFO     search memory limit: 2048 MB
INFO     search command line string: /home/henry/Documents/UFRGS/TCC/downward/experiments/lab/data/main/code-fa850d1cb8d716322f299a4f9b64478019793ada_e5e41175/builds/release/bin/downward --search 'eager_greedy([operatorcounting(constraint_generators=[pho_constraints(patterns=systematic(2))], use_integer_operator_counts=false, transform=adapt_costs(cost_type=ONE))])' --internal-plan-file sas_plan < output.sas
[t=0.00250335s, 45596 KB] reading input...
[t=0.00650059s, 46164 KB] done reading input!
[t=0.0099737s, 46700 KB] Generating patterns using: systematic pattern collection generator
[t=0.0099737s, 46700 KB] building causal graph...done! [t=0s]
[t=0.0099737s, 46700 KB] Found 14 SGA patterns.
[t=0.0099737s, 46700 KB] Found 14 interesting patterns.
[t=0.0099737s, 46700 KB] systematic pattern collection generator number of patterns: 14
[t=0.0099737s, 46700 KB] systematic pattern collection generator total PDB size: 168
[t=0.0099737s, 46700 KB] systematic pattern collection generator computation time: 0s
[t=0.0099737s, 46700 KB] Computing PDBs for pattern collection...
[t=0.0179589s, 46700 KB] Done computing PDBs for pattern collection: 0.0079852s
[t=0.0179589s, 47008 KB] Building successor generator...done!
[t=0.0179589s, 47008 KB] peak memory difference for successor generator creation: 0 KB
[t=0.0179589s, 47008 KB] time for successor generation creation: 0s
[t=0.0179589s, 47008 KB] Variables: 13
[t=0.0179589s, 47008 KB] FactPairs: 48
[t=0.0179589s, 47008 KB] Bytes per state: 4
[t=0.0179589s, 47008 KB] Conducting best first search without reopening closed nodes, (real) bound = 2147483647
[t=0.0219631s, 47288 KB] New best heuristic value for operatorcounting(constraint_generators=[pho_constraints(patterns=systematic(2))],use_integer_operator_counts=false,transform=adapt_costs(cost_type=one)): 6
[t=0.0219631s, 47288 KB] g=0, 1 evaluated, 0 expanded
[t=0.0219631s, 47288 KB] Initial heuristic value for operatorcounting(constraint_generators=[pho_constraints(patterns=systematic(2))],use_integer_operator_counts=false,transform=adapt_costs(cost_type=one)): 6
[t=0.0219631s, 47288 KB] pruning method: none
[t=1.82411s, 48164 KB] New best heuristic value for operatorcounting(constraint_generators=[pho_constraints(patterns=systematic(2))],use_integer_operator_counts=false,transform=adapt_costs(cost_type=one)): 5
[t=1.82411s, 48164 KB] g=4, 16472 evaluated, 738 expanded
[t=1.82812s, 48164 KB] New best heuristic value for operatorcounting(constraint_generators=[pho_constraints(patterns=systematic(2))],use_integer_operator_counts=false,transform=adapt_costs(cost_type=one)): 4
[t=1.82812s, 48164 KB] g=5, 16496 evaluated, 739 expanded
[t=2.59138s, 48432 KB] New best heuristic value for operatorcounting(constraint_generators=[pho_constraints(patterns=systematic(2))],use_integer_operator_counts=false,transform=adapt_costs(cost_type=one)): 3
[t=2.59138s, 48432 KB] g=11, 24480 evaluated, 2077 expanded
[t=2.59537s, 48432 KB] New best heuristic value for operatorcounting(constraint_generators=[pho_constraints(patterns=systematic(2))],use_integer_operator_counts=false,transform=adapt_costs(cost_type=one)): 2
[t=2.59537s, 48432 KB] g=12, 24497 evaluated, 2078 expanded
[t=2.91899s, 48432 KB] New best heuristic value for operatorcounting(constraint_generators=[pho_constraints(patterns=systematic(2))],use_integer_operator_counts=false,transform=adapt_costs(cost_type=one)): 1
[t=2.91899s, 48432 KB] g=18, 28044 evaluated, 2598 expanded
[t=2.92299s, 48432 KB] New best heuristic value for operatorcounting(constraint_generators=[pho_constraints(patterns=systematic(2))],use_integer_operator_counts=false,transform=adapt_costs(cost_type=one)): 0
[t=2.92299s, 48432 KB] g=19, 28060 evaluated, 2599 expanded
[t=2.92299s, 48432 KB] Solution found!
[t=2.92299s, 48432 KB] Actual search time: 2.90102s
drive_tent girl0 place0 place1 car0 tent0 (1)
put_up girl0 place1 tent0 (1)
walk_together tent0 place1 guy1 place0 girl1 couple1 (1)
drive_passenger girl0 place1 place0 car0 girl1 (1)
walk_together tent0 place1 guy0 place0 girl0 couple0 (1)
drive girl1 place0 place1 car0 (1)
put_down girl0 place1 tent0 (1)
drive_tent girl0 place1 place2 car0 tent0 (1)
put_up girl0 place2 tent0 (1)
walk_together tent0 place2 guy1 place1 girl1 couple1 (1)
drive_passenger girl0 place2 place1 car0 girl1 (1)
walk_together tent0 place2 guy0 place1 girl0 couple0 (1)
drive girl1 place1 place2 car0 (1)
put_down girl0 place2 tent0 (1)
drive_tent girl0 place2 place3 car0 tent0 (1)
put_up girl0 place3 tent0 (1)
walk_together tent0 place3 guy1 place2 girl1 couple1 (1)
drive girl0 place3 place2 car0 (1)
walk_together tent0 place3 guy0 place2 girl0 couple0 (1)
[t=2.92299s, 48432 KB] Plan length: 19 step(s).
[t=2.92299s, 48432 KB] Plan cost: 19
[t=2.92299s, 48432 KB] Expanded 2600 state(s).
[t=2.92299s, 48432 KB] Reopened 0 state(s).
[t=2.92299s, 48432 KB] Evaluated 28067 state(s).
[t=2.92299s, 48432 KB] Evaluations: 28067
[t=2.92299s, 48432 KB] Generated 102613 state(s).
[t=2.92299s, 48432 KB] Dead ends: 0 state(s).
[t=2.92299s, 48432 KB] Number of registered states: 28067
[t=2.92299s, 48432 KB] Int hash set load factor: 28067/32768 = 0.856537
[t=2.92299s, 48432 KB] Int hash set resizes: 15
[t=2.92299s, 48432 KB] Search time: 2.90503s
[t=2.92299s, 48432 KB] Total time: 2.92299s
Solution found.
Peak memory: 48432 KB
Remove intermediate file output.sas
search exit code: 0

INFO     Running validate.
INFO     validate stdin: None
INFO     validate time limit: None
INFO     validate memory limit: None
INFO     validate command line string: /home/henry/bin/validate domain.pddl problem.pddl sas_plan
Checking plan: sas_plan
Plan executed successfully - checking goal
Plan valid
Final value: 19 

Successful plans:
Value: 19
 sas_plan 19 

validate exit code: 0

INFO     Planner time: 3.28s
