INFO     planner time limit: 1800s
INFO     planner memory limit: 2048 MB

INFO     Running translator.
INFO     translator stdin: None
INFO     translator time limit: 1799s
INFO     translator memory limit: 2048 MB
INFO     translator command line string: /home/henry/Documents/UFRGS/TCC/downward/.venv/bin/python /home/henry/Documents/UFRGS/TCC/downward/experiments/lab/data/main/code-5bb2ccb6957559b6969ffd7e29254c73f84d5e49_e5e41175/builds/release/bin/translate/translate.py domain.pddl problem.pddl --sas-file output.sas
Parsing...
Parsing: [0.000s CPU, 0.002s wall-clock]
Normalizing task... [0.000s CPU, 0.000s wall-clock]
Instantiating...
Generating Datalog program... [0.000s CPU, 0.001s wall-clock]
Normalizing Datalog program...
Normalizing Datalog program: [0.000s CPU, 0.003s wall-clock]
Preparing model... [0.000s CPU, 0.002s wall-clock]
Generated 115 rules.
Computing model... [0.030s CPU, 0.034s wall-clock]
3296 relevant atoms
3425 auxiliary atoms
6721 final queue length
11595 total queue pushes
Completing instantiation... [0.080s CPU, 0.071s wall-clock]
Instantiating: [0.120s CPU, 0.113s wall-clock]
Computing fact groups...
Finding invariants...
24 initial candidates
Finding invariants: [0.010s CPU, 0.009s wall-clock]
Checking invariant weight... [0.000s CPU, 0.000s wall-clock]
Instantiating groups... [0.000s CPU, 0.001s wall-clock]
Collecting mutex groups... [0.000s CPU, 0.000s wall-clock]
Choosing groups...
350 uncovered facts
Choosing groups: [0.000s CPU, 0.000s wall-clock]
Building translation key... [0.000s CPU, 0.001s wall-clock]
Computing fact groups: [0.010s CPU, 0.012s wall-clock]
Building STRIPS to SAS dictionary... [0.000s CPU, 0.000s wall-clock]
Building dictionary for full mutex groups... [0.000s CPU, 0.000s wall-clock]
Building mutex information...
Building mutex information: [0.000s CPU, 0.000s wall-clock]
Translating task...
Processing axioms...
Simplifying axioms... [0.000s CPU, 0.000s wall-clock]
Translator axioms removed by simplifying: 0
Computing negative axioms... [0.000s CPU, 0.000s wall-clock]
Processing axioms: [0.000s CPU, 0.004s wall-clock]
Translating task: [0.080s CPU, 0.082s wall-clock]
3920 effect conditions simplified
0 implied preconditions added
Detecting unreachable propositions...
0 operators removed
0 axioms removed
3 propositions removed
Detecting unreachable propositions: [0.060s CPU, 0.060s wall-clock]
Reordering and filtering variables...
353 of 353 variables necessary.
16 of 19 mutex groups necessary.
2344 of 2344 operators necessary.
0 of 0 axiom rules necessary.
Reordering and filtering variables: [0.040s CPU, 0.034s wall-clock]
Translator variables: 353
Translator derived variables: 0
Translator facts: 737
Translator goal facts: 14
Translator mutex groups: 16
Translator total mutex groups size: 48
Translator operators: 2344
Translator axioms: 0
Translator task size: 22454
Translator peak memory: 45696 KB
Writing output... [0.020s CPU, 0.017s wall-clock]
Done! [0.330s CPU, 0.327s wall-clock]
translate exit code: 0

INFO     Running search (release).
INFO     search stdin: output.sas
INFO     search time limit: 1799s
INFO     search memory limit: 2048 MB
INFO     search command line string: /home/henry/Documents/UFRGS/TCC/downward/experiments/lab/data/main/code-5bb2ccb6957559b6969ffd7e29254c73f84d5e49_e5e41175/builds/release/bin/downward --search 'eager_greedy([ilsh(patterns=systematic(2), transform=adapt_costs(cost_type=ONE))])' --internal-plan-file sas_plan < output.sas
[t=0s, 10544 KB] reading input...
[t=0.00798881s, 11556 KB] done reading input!
[t=0.0119884s, 11820 KB] Generating patterns using: systematic pattern collection generator
[t=0.0119884s, 11820 KB] building causal graph...done! [t=0s]
[t=0.0119884s, 12748 KB] Found 116 SGA patterns.
[t=0.0159968s, 12748 KB] Found 116 interesting patterns.
[t=0.0159968s, 12748 KB] systematic pattern collection generator number of patterns: 116
[t=0.0159968s, 12748 KB] systematic pattern collection generator total PDB size: 1304
[t=0.0159968s, 12748 KB] systematic pattern collection generator computation time: 0.00400845s
[t=0.0159968s, 12748 KB] Computing PDBs for pattern collection...
[t=0.0559544s, 12748 KB] Done computing PDBs for pattern collection: 0.0399576s
[t=0.0599615s, 12748 KB] Tie breaking: 2
[t=0.0599615s, 12748 KB] Building successor generator...done!
[t=0.0599615s, 12748 KB] peak memory difference for successor generator creation: 0 KB
[t=0.0599615s, 12748 KB] time for successor generation creation: 0s
[t=0.0599615s, 12748 KB] Variables: 353
[t=0.0599615s, 12748 KB] FactPairs: 737
[t=0.0599615s, 12748 KB] Bytes per state: 48
[t=0.0599615s, 12748 KB] Conducting best first search without reopening closed nodes, (real) bound = 2147483647
Peak memory: 12748 KB
caught signal 24 -- exiting
Time limit has been reached.
Remove intermediate file output.sas
search exit code: 23

Driver aborting after search
INFO     Planner time: 1798.40s
