INFO     planner time limit: 1800s
INFO     planner memory limit: 2048 MB

INFO     Running translator.
INFO     translator stdin: None
INFO     translator time limit: 1799s
INFO     translator memory limit: 2048 MB
INFO     translator command line string: /home/henry/Documents/UFRGS/TCC/downward/.venv/bin/python /home/henry/Documents/UFRGS/TCC/downward/experiments/lab/data/main/code-5bb2ccb6957559b6969ffd7e29254c73f84d5e49_e5e41175/builds/release/bin/translate/translate.py domain.pddl problem.pddl --sas-file output.sas
Parsing...
Parsing: [0.010s CPU, 0.001s wall-clock]
Normalizing task... [0.000s CPU, 0.000s wall-clock]
Instantiating...
Generating Datalog program... [0.000s CPU, 0.000s wall-clock]
Normalizing Datalog program...
Normalizing Datalog program: [0.000s CPU, 0.001s wall-clock]
Preparing model... [0.000s CPU, 0.001s wall-clock]
Generated 32 rules.
Computing model... [0.830s CPU, 0.837s wall-clock]
151565 relevant atoms
10122 auxiliary atoms
161687 final queue length
490508 total queue pushes
Completing instantiation... [4.880s CPU, 4.877s wall-clock]
Instantiating: [5.730s CPU, 5.744s wall-clock]
Computing fact groups...
Finding invariants...
12 initial candidates
Finding invariants: [0.010s CPU, 0.010s wall-clock]
Checking invariant weight... [0.000s CPU, 0.000s wall-clock]
Instantiating groups... [0.010s CPU, 0.007s wall-clock]
Collecting mutex groups... [0.000s CPU, 0.001s wall-clock]
Choosing groups...
101 uncovered facts
Choosing groups: [0.010s CPU, 0.005s wall-clock]
Building translation key... [0.010s CPU, 0.002s wall-clock]
Computing fact groups: [0.040s CPU, 0.033s wall-clock]
Building STRIPS to SAS dictionary... [0.000s CPU, 0.001s wall-clock]
Building dictionary for full mutex groups... [0.000s CPU, 0.002s wall-clock]
Building mutex information...
Building mutex information: [0.000s CPU, 0.002s wall-clock]
Translating task...
Processing axioms...
Simplifying axioms... [0.000s CPU, 0.000s wall-clock]
Translator axioms removed by simplifying: 0
Computing negative axioms... [0.000s CPU, 0.000s wall-clock]
Processing axioms: [0.180s CPU, 0.178s wall-clock]
Translating task: [5.260s CPU, 5.262s wall-clock]
177600 effect conditions simplified
0 implied preconditions added
Detecting unreachable propositions...
0 operators removed
0 axioms removed
40 propositions removed
Detecting unreachable propositions: [3.790s CPU, 3.788s wall-clock]
Reordering and filtering variables...
141 of 141 variables necessary.
61 of 101 mutex groups necessary.
144000 of 144000 operators necessary.
0 of 0 axiom rules necessary.
Reordering and filtering variables: [0.770s CPU, 0.782s wall-clock]
Translator variables: 141
Translator derived variables: 0
Translator facts: 2642
Translator goal facts: 40
Translator mutex groups: 61
Translator total mutex groups size: 2501
Translator operators: 144000
Translator axioms: 0
Translator task size: 1171724
Translator peak memory: 719380 KB
Writing output... [0.810s CPU, 0.810s wall-clock]
Done! [16.650s CPU, 16.657s wall-clock]
translate exit code: 0

INFO     Running search (release).
INFO     search stdin: output.sas
INFO     search time limit: 1783s
INFO     search memory limit: 2048 MB
INFO     search command line string: /home/henry/Documents/UFRGS/TCC/downward/experiments/lab/data/main/code-5bb2ccb6957559b6969ffd7e29254c73f84d5e49_e5e41175/builds/release/bin/downward --search 'eager_greedy([operatorcounting(constraint_generators=[pho_constraints(patterns=systematic(4))], use_integer_operator_counts=true, transform=adapt_costs(cost_type=NORMAL))])' --internal-plan-file sas_plan < output.sas
[t=0.00398368s, 45596 KB] reading input...
[t=0.551795s, 100020 KB] done reading input!
[t=0.565193s, 112688 KB] Generating patterns using: systematic pattern collection generator
[t=0.565193s, 112688 KB] building causal graph...done! [t=0.0719405s]
Failed to allocate memory.
Memory limit has been reached.
Peak memory: 2097092 KB
Remove intermediate file output.sas
search exit code: 22

Driver aborting after search
INFO     Planner time: 35.31s
