INFO     planner time limit: 1800s
INFO     planner memory limit: 2048 MB

INFO     Running translator.
INFO     translator stdin: None
INFO     translator time limit: 1799s
INFO     translator memory limit: 2048 MB
INFO     translator command line string: /home/henry/Documents/UFRGS/TCC/downward/.venv/bin/python /home/henry/Documents/UFRGS/TCC/downward/experiments/lab/data/main/code-5bb2ccb6957559b6969ffd7e29254c73f84d5e49_e5e41175/builds/release/bin/translate/translate.py domain.pddl problem.pddl --sas-file output.sas
Parsing...
Parsing: [0.010s CPU, 0.004s wall-clock]
Normalizing task... [0.000s CPU, 0.000s wall-clock]
Instantiating...
Generating Datalog program... [0.000s CPU, 0.001s wall-clock]
Normalizing Datalog program...
Normalizing Datalog program: [0.000s CPU, 0.003s wall-clock]
Preparing model... [0.000s CPU, 0.003s wall-clock]
Generated 212 rules.
Computing model... [0.010s CPU, 0.009s wall-clock]
1045 relevant atoms
1190 auxiliary atoms
2235 final queue length
3108 total queue pushes
Completing instantiation... [0.010s CPU, 0.011s wall-clock]
Instantiating: [0.020s CPU, 0.027s wall-clock]
Computing fact groups...
Finding invariants...
20 initial candidates
Finding invariants: [0.010s CPU, 0.003s wall-clock]
Checking invariant weight... [0.000s CPU, 0.000s wall-clock]
Instantiating groups... [0.000s CPU, 0.000s wall-clock]
Collecting mutex groups... [0.000s CPU, 0.000s wall-clock]
Choosing groups...
249 uncovered facts
Choosing groups: [0.000s CPU, 0.000s wall-clock]
Building translation key... [0.000s CPU, 0.001s wall-clock]
Computing fact groups: [0.010s CPU, 0.006s wall-clock]
Building STRIPS to SAS dictionary... [0.000s CPU, 0.000s wall-clock]
Building dictionary for full mutex groups... [0.000s CPU, 0.000s wall-clock]
Building mutex information...
Building mutex information: [0.000s CPU, 0.000s wall-clock]
Translating task...
Processing axioms...
Simplifying axioms... [0.000s CPU, 0.000s wall-clock]
Translator axioms removed by simplifying: 0
Computing negative axioms... [0.000s CPU, 0.000s wall-clock]
Processing axioms: [0.000s CPU, 0.001s wall-clock]
Translating task: [0.010s CPU, 0.014s wall-clock]
325 effect conditions simplified
0 implied preconditions added
Detecting unreachable propositions...
0 operators removed
0 axioms removed
11 propositions removed
Detecting unreachable propositions: [0.010s CPU, 0.008s wall-clock]
Reordering and filtering variables...
95 of 257 variables necessary.
0 of 9 mutex groups necessary.
433 of 433 operators necessary.
0 of 0 axiom rules necessary.
Reordering and filtering variables: [0.000s CPU, 0.006s wall-clock]
Translator variables: 95
Translator derived variables: 0
Translator facts: 334
Translator goal facts: 54
Translator mutex groups: 0
Translator total mutex groups size: 0
Translator operators: 433
Translator axioms: 0
Translator task size: 3203
Translator peak memory: 34656 KB
Writing output... [0.000s CPU, 0.003s wall-clock]
Done! [0.070s CPU, 0.072s wall-clock]
translate exit code: 0

INFO     Running search (release).
INFO     search stdin: output.sas
INFO     search time limit: 1799s
INFO     search memory limit: 2048 MB
INFO     search command line string: /home/henry/Documents/UFRGS/TCC/downward/experiments/lab/data/main/code-5bb2ccb6957559b6969ffd7e29254c73f84d5e49_e5e41175/builds/release/bin/downward --search 'eager_greedy([operatorcounting(constraint_generators=[pho_constraints(patterns=systematic(2))], use_integer_operator_counts=false, transform=adapt_costs(cost_type=NORMAL))])' --internal-plan-file sas_plan < output.sas
[t=0s, 45596 KB] reading input...
[t=0.00397348s, 45728 KB] done reading input!
[t=0.00516752s, 46140 KB] Generating patterns using: systematic pattern collection generator
[t=0.00516752s, 46140 KB] building causal graph...done! [t=0s]
[t=0.00516752s, 46140 KB] Found 272 SGA patterns.
[t=0.00516752s, 46140 KB] Found 272 interesting patterns.
[t=0.00516752s, 46140 KB] systematic pattern collection generator number of patterns: 272
[t=0.00516752s, 46140 KB] systematic pattern collection generator total PDB size: 2964
[t=0.00516752s, 46140 KB] systematic pattern collection generator computation time: 0s
[t=0.00516752s, 46140 KB] Computing PDBs for pattern collection...
[t=0.0211397s, 46140 KB] Done computing PDBs for pattern collection: 0.0159721s
[t=0.0251565s, 46292 KB] Building successor generator...done!
[t=0.0251565s, 46292 KB] peak memory difference for successor generator creation: 0 KB
[t=0.0251565s, 46292 KB] time for successor generation creation: 0s
[t=0.0251565s, 46292 KB] Variables: 95
[t=0.0251565s, 46292 KB] FactPairs: 334
[t=0.0251565s, 46292 KB] Bytes per state: 20
[t=0.0251565s, 46292 KB] Conducting best first search without reopening closed nodes, (real) bound = 2147483647
[t=0.0251565s, 46832 KB] New best heuristic value for operatorcounting(constraint_generators=[pho_constraints(patterns=systematic(2))],use_integer_operator_counts=false,transform=adapt_costs(cost_type=normal)): 1965261
[t=0.0251565s, 46832 KB] g=0, 1 evaluated, 0 expanded
[t=0.0251565s, 46832 KB] Initial heuristic value for operatorcounting(constraint_generators=[pho_constraints(patterns=systematic(2))],use_integer_operator_counts=false,transform=adapt_costs(cost_type=normal)): 1965261
[t=0.0251565s, 46832 KB] pruning method: none
[t=0.0291194s, 46832 KB] New best heuristic value for operatorcounting(constraint_generators=[pho_constraints(patterns=systematic(2))],use_integer_operator_counts=false,transform=adapt_costs(cost_type=normal)): 1957261
[t=0.0291194s, 46832 KB] g=8000, 13 evaluated, 2 expanded
[t=0.0291194s, 46832 KB] New best heuristic value for operatorcounting(constraint_generators=[pho_constraints(patterns=systematic(2))],use_integer_operator_counts=false,transform=adapt_costs(cost_type=normal)): 1949261
[t=0.0291194s, 46832 KB] g=16000, 31 evaluated, 3 expanded
[t=0.0331261s, 46832 KB] New best heuristic value for operatorcounting(constraint_generators=[pho_constraints(patterns=systematic(2))],use_integer_operator_counts=false,transform=adapt_costs(cost_type=normal)): 1941261
[t=0.0331261s, 46832 KB] g=24000, 47 evaluated, 4 expanded
[t=0.0331261s, 46832 KB] New best heuristic value for operatorcounting(constraint_generators=[pho_constraints(patterns=systematic(2))],use_integer_operator_counts=false,transform=adapt_costs(cost_type=normal)): 1939261
[t=0.0331261s, 46832 KB] g=26000, 66 evaluated, 5 expanded
[t=0.0371114s, 46832 KB] New best heuristic value for operatorcounting(constraint_generators=[pho_constraints(patterns=systematic(2))],use_integer_operator_counts=false,transform=adapt_costs(cost_type=normal)): 1826248
[t=0.0371114s, 46832 KB] g=139013, 75 evaluated, 6 expanded
[t=0.0371114s, 46832 KB] New best heuristic value for operatorcounting(constraint_generators=[pho_constraints(patterns=systematic(2))],use_integer_operator_counts=false,transform=adapt_costs(cost_type=normal)): 1824248
[t=0.0371114s, 46832 KB] g=141013, 99 evaluated, 7 expanded
[t=0.0371114s, 46832 KB] New best heuristic value for operatorcounting(constraint_generators=[pho_constraints(patterns=systematic(2))],use_integer_operator_counts=false,transform=adapt_costs(cost_type=normal)): 1822248
[t=0.0371114s, 46832 KB] g=143013, 102 evaluated, 8 expanded
[t=0.0411118s, 46832 KB] New best heuristic value for operatorcounting(constraint_generators=[pho_constraints(patterns=systematic(2))],use_integer_operator_counts=false,transform=adapt_costs(cost_type=normal)): 1804249
[t=0.0411118s, 46832 KB] g=161012, 117 evaluated, 9 expanded
[t=0.0411118s, 46832 KB] New best heuristic value for operatorcounting(constraint_generators=[pho_constraints(patterns=systematic(2))],use_integer_operator_counts=false,transform=adapt_costs(cost_type=normal)): 1801250
[t=0.0411118s, 46832 KB] g=164011, 133 evaluated, 10 expanded
[t=0.045117s, 46832 KB] New best heuristic value for operatorcounting(constraint_generators=[pho_constraints(patterns=systematic(2))],use_integer_operator_counts=false,transform=adapt_costs(cost_type=normal)): 1791251
[t=0.045117s, 46832 KB] g=174010, 148 evaluated, 11 expanded
[t=0.045117s, 46832 KB] New best heuristic value for operatorcounting(constraint_generators=[pho_constraints(patterns=systematic(2))],use_integer_operator_counts=false,transform=adapt_costs(cost_type=normal)): 1788252
[t=0.045117s, 46832 KB] g=177009, 163 evaluated, 12 expanded
[t=0.0490929s, 46832 KB] New best heuristic value for operatorcounting(constraint_generators=[pho_constraints(patterns=systematic(2))],use_integer_operator_counts=false,transform=adapt_costs(cost_type=normal)): 1786252
[t=0.0490929s, 46832 KB] g=179009, 191 evaluated, 13 expanded
[t=0.0490929s, 46832 KB] New best heuristic value for operatorcounting(constraint_generators=[pho_constraints(patterns=systematic(2))],use_integer_operator_counts=false,transform=adapt_costs(cost_type=normal)): 1673239
[t=0.0490929s, 46832 KB] g=292022, 201 evaluated, 14 expanded
[t=0.0530921s, 46832 KB] New best heuristic value for operatorcounting(constraint_generators=[pho_constraints(patterns=systematic(2))],use_integer_operator_counts=false,transform=adapt_costs(cost_type=normal)): 1671239
[t=0.0530921s, 46832 KB] g=294022, 224 evaluated, 15 expanded
[t=0.0530921s, 46832 KB] New best heuristic value for operatorcounting(constraint_generators=[pho_constraints(patterns=systematic(2))],use_integer_operator_counts=false,transform=adapt_costs(cost_type=normal)): 1669239
[t=0.0530921s, 46832 KB] g=296022, 227 evaluated, 16 expanded
[t=0.0530921s, 46832 KB] New best heuristic value for operatorcounting(constraint_generators=[pho_constraints(patterns=systematic(2))],use_integer_operator_counts=false,transform=adapt_costs(cost_type=normal)): 1651240
[t=0.0530921s, 46832 KB] g=314021, 241 evaluated, 17 expanded
[t=0.0571079s, 46832 KB] New best heuristic value for operatorcounting(constraint_generators=[pho_constraints(patterns=systematic(2))],use_integer_operator_counts=false,transform=adapt_costs(cost_type=normal)): 1648241
[t=0.0571079s, 46832 KB] g=317020, 258 evaluated, 18 expanded
[t=0.0571079s, 46832 KB] New best heuristic value for operatorcounting(constraint_generators=[pho_constraints(patterns=systematic(2))],use_integer_operator_counts=false,transform=adapt_costs(cost_type=normal)): 1638242
[t=0.0571079s, 46832 KB] g=327019, 272 evaluated, 19 expanded
[t=0.0610813s, 46832 KB] New best heuristic value for operatorcounting(constraint_generators=[pho_constraints(patterns=systematic(2))],use_integer_operator_counts=false,transform=adapt_costs(cost_type=normal)): 1635243
[t=0.0610813s, 46832 KB] g=330018, 287 evaluated, 20 expanded
[t=0.0650803s, 46832 KB] New best heuristic value for operatorcounting(constraint_generators=[pho_constraints(patterns=systematic(2))],use_integer_operator_counts=false,transform=adapt_costs(cost_type=normal)): 1633243
[t=0.0650803s, 46832 KB] g=332018, 316 evaluated, 21 expanded
[t=0.0650803s, 46832 KB] New best heuristic value for operatorcounting(constraint_generators=[pho_constraints(patterns=systematic(2))],use_integer_operator_counts=false,transform=adapt_costs(cost_type=normal)): 1520230
[t=0.0650803s, 46832 KB] g=445031, 326 evaluated, 22 expanded
[t=0.0650803s, 46832 KB] New best heuristic value for operatorcounting(constraint_generators=[pho_constraints(patterns=systematic(2))],use_integer_operator_counts=false,transform=adapt_costs(cost_type=normal)): 1518230
[t=0.0650803s, 46832 KB] g=447031, 349 evaluated, 23 expanded
[t=0.0650803s, 46832 KB] New best heuristic value for operatorcounting(constraint_generators=[pho_constraints(patterns=systematic(2))],use_integer_operator_counts=false,transform=adapt_costs(cost_type=normal)): 1516230
[t=0.0650803s, 46832 KB] g=449031, 352 evaluated, 24 expanded
[t=0.0690871s, 46832 KB] New best heuristic value for operatorcounting(constraint_generators=[pho_constraints(patterns=systematic(2))],use_integer_operator_counts=false,transform=adapt_costs(cost_type=normal)): 1498231
[t=0.0690871s, 46832 KB] g=467030, 365 evaluated, 25 expanded
[t=0.0690871s, 46832 KB] New best heuristic value for operatorcounting(constraint_generators=[pho_constraints(patterns=systematic(2))],use_integer_operator_counts=false,transform=adapt_costs(cost_type=normal)): 1495232
[t=0.0690871s, 46832 KB] g=470029, 383 evaluated, 26 expanded
[t=0.0730769s, 46832 KB] New best heuristic value for operatorcounting(constraint_generators=[pho_constraints(patterns=systematic(2))],use_integer_operator_counts=false,transform=adapt_costs(cost_type=normal)): 1485233
[t=0.0730769s, 46832 KB] g=480028, 396 evaluated, 27 expanded
[t=0.0730769s, 46832 KB] New best heuristic value for operatorcounting(constraint_generators=[pho_constraints(patterns=systematic(2))],use_integer_operator_counts=false,transform=adapt_costs(cost_type=normal)): 1482234
[t=0.0730769s, 46832 KB] g=483027, 411 evaluated, 28 expanded
[t=0.0810375s, 46832 KB] New best heuristic value for operatorcounting(constraint_generators=[pho_constraints(patterns=systematic(2))],use_integer_operator_counts=false,transform=adapt_costs(cost_type=normal)): 1265194
[t=0.0810375s, 46832 KB] g=726066, 472 evaluated, 32 expanded
[t=0.0810375s, 46832 KB] New best heuristic value for operatorcounting(constraint_generators=[pho_constraints(patterns=systematic(2))],use_integer_operator_counts=false,transform=adapt_costs(cost_type=normal)): 1257194
[t=0.0810375s, 46832 KB] g=734066, 493 evaluated, 33 expanded
[t=0.0850355s, 46832 KB] New best heuristic value for operatorcounting(constraint_generators=[pho_constraints(patterns=systematic(2))],use_integer_operator_counts=false,transform=adapt_costs(cost_type=normal)): 1247195
[t=0.0850355s, 46832 KB] g=744065, 499 evaluated, 34 expanded
[t=0.0850355s, 46832 KB] New best heuristic value for operatorcounting(constraint_generators=[pho_constraints(patterns=systematic(2))],use_integer_operator_counts=false,transform=adapt_costs(cost_type=normal)): 1239195
[t=0.0850355s, 46832 KB] g=752065, 514 evaluated, 35 expanded
[t=0.0890433s, 46972 KB] New best heuristic value for operatorcounting(constraint_generators=[pho_constraints(patterns=systematic(2))],use_integer_operator_counts=false,transform=adapt_costs(cost_type=normal)): 1231195
[t=0.0890433s, 46972 KB] g=760065, 528 evaluated, 36 expanded
[t=0.0930179s, 46972 KB] New best heuristic value for operatorcounting(constraint_generators=[pho_constraints(patterns=systematic(2))],use_integer_operator_counts=false,transform=adapt_costs(cost_type=normal)): 1014155
[t=0.0930179s, 46972 KB] g=1003104, 579 evaluated, 40 expanded
[t=0.0930179s, 46992 KB] New best heuristic value for operatorcounting(constraint_generators=[pho_constraints(patterns=systematic(2))],use_integer_operator_counts=false,transform=adapt_costs(cost_type=normal)): 1006155
[t=0.0930179s, 46992 KB] g=1011104, 595 evaluated, 41 expanded
[t=0.0930179s, 46992 KB] New best heuristic value for operatorcounting(constraint_generators=[pho_constraints(patterns=systematic(2))],use_integer_operator_counts=false,transform=adapt_costs(cost_type=normal)): 996156
[t=0.0930179s, 46992 KB] g=1021103, 600 evaluated, 42 expanded
[t=0.0970169s, 46992 KB] New best heuristic value for operatorcounting(constraint_generators=[pho_constraints(patterns=systematic(2))],use_integer_operator_counts=false,transform=adapt_costs(cost_type=normal)): 988156
[t=0.0970169s, 46992 KB] g=1029103, 611 evaluated, 43 expanded
[t=0.0970169s, 46992 KB] New best heuristic value for operatorcounting(constraint_generators=[pho_constraints(patterns=systematic(2))],use_integer_operator_counts=false,transform=adapt_costs(cost_type=normal)): 980156
[t=0.0970169s, 46992 KB] g=1037103, 623 evaluated, 44 expanded
[t=0.0970169s, 46992 KB] New best heuristic value for operatorcounting(constraint_generators=[pho_constraints(patterns=systematic(2))],use_integer_operator_counts=false,transform=adapt_costs(cost_type=normal)): 972156
[t=0.0970169s, 46992 KB] g=1045103, 634 evaluated, 45 expanded
[t=0.101029s, 46992 KB] New best heuristic value for operatorcounting(constraint_generators=[pho_constraints(patterns=systematic(2))],use_integer_operator_counts=false,transform=adapt_costs(cost_type=normal)): 755116
[t=0.101029s, 46992 KB] g=1288142, 667 evaluated, 49 expanded
[t=0.101029s, 46992 KB] New best heuristic value for operatorcounting(constraint_generators=[pho_constraints(patterns=systematic(2))],use_integer_operator_counts=false,transform=adapt_costs(cost_type=normal)): 747116
[t=0.101029s, 46992 KB] g=1296142, 678 evaluated, 50 expanded
[t=0.105012s, 46992 KB] New best heuristic value for operatorcounting(constraint_generators=[pho_constraints(patterns=systematic(2))],use_integer_operator_counts=false,transform=adapt_costs(cost_type=normal)): 737117
[t=0.105012s, 46992 KB] g=1306141, 682 evaluated, 51 expanded
[t=0.105012s, 46992 KB] New best heuristic value for operatorcounting(constraint_generators=[pho_constraints(patterns=systematic(2))],use_integer_operator_counts=false,transform=adapt_costs(cost_type=normal)): 729117
[t=0.105012s, 46992 KB] g=1314141, 689 evaluated, 52 expanded
[t=0.105012s, 47032 KB] New best heuristic value for operatorcounting(constraint_generators=[pho_constraints(patterns=systematic(2))],use_integer_operator_counts=false,transform=adapt_costs(cost_type=normal)): 512077
[t=0.105012s, 47032 KB] g=1557180, 714 evaluated, 56 expanded
[t=0.10901s, 47032 KB] New best heuristic value for operatorcounting(constraint_generators=[pho_constraints(patterns=systematic(2))],use_integer_operator_counts=false,transform=adapt_costs(cost_type=normal)): 504077
[t=0.10901s, 47032 KB] g=1565180, 722 evaluated, 57 expanded
[t=0.10901s, 47032 KB] New best heuristic value for operatorcounting(constraint_generators=[pho_constraints(patterns=systematic(2))],use_integer_operator_counts=false,transform=adapt_costs(cost_type=normal)): 494078
[t=0.10901s, 47032 KB] g=1575179, 725 evaluated, 58 expanded
[t=0.10901s, 47032 KB] New best heuristic value for operatorcounting(constraint_generators=[pho_constraints(patterns=systematic(2))],use_integer_operator_counts=false,transform=adapt_costs(cost_type=normal)): 486078
[t=0.10901s, 47032 KB] g=1583179, 730 evaluated, 59 expanded
[t=0.10901s, 47032 KB] New best heuristic value for operatorcounting(constraint_generators=[pho_constraints(patterns=systematic(2))],use_integer_operator_counts=false,transform=adapt_costs(cost_type=normal)): 269038
[t=0.10901s, 47032 KB] g=1826218, 747 evaluated, 63 expanded
[t=0.113016s, 47032 KB] New best heuristic value for operatorcounting(constraint_generators=[pho_constraints(patterns=systematic(2))],use_integer_operator_counts=false,transform=adapt_costs(cost_type=normal)): 261038
[t=0.113016s, 47032 KB] g=1834218, 752 evaluated, 64 expanded
[t=0.113016s, 47032 KB] New best heuristic value for operatorcounting(constraint_generators=[pho_constraints(patterns=systematic(2))],use_integer_operator_counts=false,transform=adapt_costs(cost_type=normal)): 251039
[t=0.113016s, 47032 KB] g=1844217, 754 evaluated, 65 expanded
[t=0.113016s, 47032 KB] New best heuristic value for operatorcounting(constraint_generators=[pho_constraints(patterns=systematic(2))],use_integer_operator_counts=false,transform=adapt_costs(cost_type=normal)): 243039
[t=0.113016s, 47032 KB] g=1852217, 757 evaluated, 66 expanded
[t=0.113016s, 47032 KB] New best heuristic value for operatorcounting(constraint_generators=[pho_constraints(patterns=systematic(2))],use_integer_operator_counts=false,transform=adapt_costs(cost_type=normal)): 25999
[t=0.113016s, 47032 KB] g=2095256, 766 evaluated, 70 expanded
[t=0.113016s, 47032 KB] New best heuristic value for operatorcounting(constraint_generators=[pho_constraints(patterns=systematic(2))],use_integer_operator_counts=false,transform=adapt_costs(cost_type=normal)): 17999
[t=0.113016s, 47032 KB] g=2103256, 768 evaluated, 71 expanded
[t=0.113016s, 47032 KB] New best heuristic value for operatorcounting(constraint_generators=[pho_constraints(patterns=systematic(2))],use_integer_operator_counts=false,transform=adapt_costs(cost_type=normal)): 8000
[t=0.113016s, 47032 KB] g=2113255, 769 evaluated, 72 expanded
[t=0.113016s, 47032 KB] New best heuristic value for operatorcounting(constraint_generators=[pho_constraints(patterns=systematic(2))],use_integer_operator_counts=false,transform=adapt_costs(cost_type=normal)): 0
[t=0.113016s, 47032 KB] g=2121255, 770 evaluated, 73 expanded
[t=0.113016s, 47032 KB] Solution found!
[t=0.113016s, 47032 KB] Actual search time: 0.0878598s
initialize  (0)
blackfeeder-feed-letter sheet2 (8000)
blackfeeder-feed-letter sheet4 (8000)
blackfeeder-feed-letter sheet5 (8000)
blackcontainer-toime-letter sheet2 (2000)
blackprinter-simplex-letter sheet2 front image-2 (113013)
blackcontainer-fromime-letter sheet2 (2000)
endcap-move-letter sheet2 (2000)
htmoverblack-move-letter sheet2 (17999)
down-movetop-letter sheet2 (2999)
htmovercolor-move-letter sheet2 (9999)
up-movetop-letter sheet2 (2999)
blackcontainer-toime-letter sheet4 (2000)
blackprinter-simplex-letter sheet4 front image-4 (113013)
blackcontainer-fromime-letter sheet4 (2000)
endcap-move-letter sheet4 (2000)
htmoverblack-move-letter sheet4 (17999)
down-movetop-letter sheet4 (2999)
htmovercolor-move-letter sheet4 (9999)
up-movetop-letter sheet4 (2999)
blackcontainer-toime-letter sheet5 (2000)
blackprinter-simplex-letter sheet5 front image-5 (113013)
blackcontainer-fromime-letter sheet5 (2000)
endcap-move-letter sheet5 (2000)
htmoverblack-move-letter sheet5 (17999)
down-movetop-letter sheet5 (2999)
htmovercolor-move-letter sheet5 (9999)
up-movetop-letter sheet5 (2999)
colorfeeder-feed-letter sheet1 (8000)
down-movebottom-letter sheet1 (2999)
colorcontainer-toime-letter sheet1 (8000)
colorprinter-simplex-letter sheet1 front image-1 (224040)
colorcontainer-fromime-letter sheet1 (8000)
up-moveup-letter sheet1 (9999)
finisher1-stack-letter sheet1 dummy-sheet (8000)
finisher1-stack-letter sheet2 sheet1 (8000)
colorfeeder-feed-letter sheet3 (8000)
down-movebottom-letter sheet3 (2999)
colorcontainer-toime-letter sheet3 (8000)
colorprinter-simplex-letter sheet3 front image-3 (224040)
colorcontainer-fromime-letter sheet3 (8000)
up-moveup-letter sheet3 (9999)
finisher1-stack-letter sheet3 sheet2 (8000)
finisher1-stack-letter sheet4 sheet3 (8000)
finisher1-stack-letter sheet5 sheet4 (8000)
colorfeeder-feed-letter sheet6 (8000)
down-movebottom-letter sheet6 (2999)
colorcontainer-toime-letter sheet6 (8000)
colorprinter-simplex-letter sheet6 front image-6 (224040)
colorcontainer-fromime-letter sheet6 (8000)
up-moveup-letter sheet6 (9999)
finisher1-stack-letter sheet6 sheet5 (8000)
colorfeeder-feed-letter sheet7 (8000)
down-movebottom-letter sheet7 (2999)
colorcontainer-toime-letter sheet7 (8000)
colorprinter-simplex-letter sheet7 front image-7 (224040)
colorcontainer-fromime-letter sheet7 (8000)
up-moveup-letter sheet7 (9999)
finisher1-stack-letter sheet7 sheet6 (8000)
colorfeeder-feed-letter sheet8 (8000)
down-movebottom-letter sheet8 (2999)
colorcontainer-toime-letter sheet8 (8000)
colorprinter-simplex-letter sheet8 front image-8 (224040)
colorcontainer-fromime-letter sheet8 (8000)
up-moveup-letter sheet8 (9999)
finisher1-stack-letter sheet8 sheet7 (8000)
colorfeeder-feed-letter sheet9 (8000)
down-movebottom-letter sheet9 (2999)
colorcontainer-toime-letter sheet9 (8000)
colorprinter-simplex-letter sheet9 front image-9 (224040)
colorcontainer-fromime-letter sheet9 (8000)
up-moveup-letter sheet9 (9999)
finisher1-stack-letter sheet9 sheet8 (8000)
[t=0.113016s, 47032 KB] Plan length: 73 step(s).
[t=0.113016s, 47032 KB] Plan cost: 2121255
[t=0.113016s, 47032 KB] Expanded 74 state(s).
[t=0.113016s, 47032 KB] Reopened 0 state(s).
[t=0.113016s, 47032 KB] Evaluated 771 state(s).
[t=0.113016s, 47032 KB] Evaluations: 771
[t=0.113016s, 47032 KB] Generated 812 state(s).
[t=0.113016s, 47032 KB] Dead ends: 92 state(s).
[t=0.113016s, 47032 KB] Number of registered states: 771
[t=0.113016s, 47032 KB] Int hash set load factor: 771/1024 = 0.75293
[t=0.113016s, 47032 KB] Int hash set resizes: 10
[t=0.113016s, 47032 KB] Search time: 0.0878598s
[t=0.113016s, 47032 KB] Total time: 0.113016s
Solution found.
Peak memory: 47032 KB
Remove intermediate file output.sas
search exit code: 0

INFO     Running validate.
INFO     validate stdin: None
INFO     validate time limit: None
INFO     validate memory limit: None
INFO     validate command line string: /home/henry/bin/validate domain.pddl problem.pddl sas_plan
Checking plan: sas_plan
Plan executed successfully - checking goal
Plan valid
Final value: 2121255 

Successful plans:
Value: 2121255
 sas_plan 2121255 

validate exit code: 0

INFO     Planner time: 0.25s
