INFO     planner time limit: 1800s
INFO     planner memory limit: 2048 MB

INFO     Running translator.
INFO     translator stdin: None
INFO     translator time limit: 1799s
INFO     translator memory limit: 2048 MB
INFO     translator command line string: /home/henry/Documents/UFRGS/TCC/downward/.venv/bin/python /home/henry/Documents/UFRGS/TCC/downward/experiments/lab/data/main/code-5bb2ccb6957559b6969ffd7e29254c73f84d5e49_e5e41175/builds/release/bin/translate/translate.py domain.pddl problem.pddl --sas-file output.sas
Parsing...
Parsing: [0.070s CPU, 0.069s wall-clock]
Normalizing task... [0.000s CPU, 0.002s wall-clock]
Instantiating...
Generating Datalog program... [0.040s CPU, 0.033s wall-clock]
Normalizing Datalog program...
Normalizing Datalog program: [0.000s CPU, 0.003s wall-clock]
Preparing model... [0.130s CPU, 0.134s wall-clock]
Generated 6 rules.
Computing model... [0.270s CPU, 0.270s wall-clock]
52737 relevant atoms
20224 auxiliary atoms
72961 final queue length
97027 total queue pushes
Completing instantiation... [0.350s CPU, 0.340s wall-clock]
Instantiating: [0.800s CPU, 0.794s wall-clock]
Computing fact groups...
Finding invariants...
4 initial candidates
Finding invariants: [0.010s CPU, 0.001s wall-clock]
Checking invariant weight... [0.000s CPU, 0.003s wall-clock]
Instantiating groups... [0.000s CPU, 0.005s wall-clock]
Collecting mutex groups... [0.000s CPU, 0.002s wall-clock]
Choosing groups...
4096 uncovered facts
Choosing groups: [0.050s CPU, 0.049s wall-clock]
Building translation key... [0.010s CPU, 0.010s wall-clock]
Computing fact groups: [0.120s CPU, 0.114s wall-clock]
Building STRIPS to SAS dictionary... [0.000s CPU, 0.004s wall-clock]
Building dictionary for full mutex groups... [0.000s CPU, 0.003s wall-clock]
Building mutex information...
Building mutex information: [0.010s CPU, 0.002s wall-clock]
Translating task...
Processing axioms...
Simplifying axioms... [0.000s CPU, 0.000s wall-clock]
Translator axioms removed by simplifying: 0
Computing negative axioms... [0.000s CPU, 0.000s wall-clock]
Processing axioms: [0.010s CPU, 0.014s wall-clock]
Translating task: [0.360s CPU, 0.369s wall-clock]
0 effect conditions simplified
0 implied preconditions added
Detecting unreachable propositions...
0 operators removed
0 axioms removed
3 propositions removed
Detecting unreachable propositions: [0.240s CPU, 0.233s wall-clock]
Reordering and filtering variables...
4096 of 4096 variables necessary.
0 of 1 mutex groups necessary.
16128 of 16128 operators necessary.
0 of 0 axiom rules necessary.
Reordering and filtering variables: [0.050s CPU, 0.048s wall-clock]
Translator variables: 4096
Translator derived variables: 0
Translator facts: 12286
Translator goal facts: 4095
Translator mutex groups: 0
Translator total mutex groups size: 0
Translator operators: 16128
Translator axioms: 0
Translator task size: 84985
Translator peak memory: 104624 KB
Writing output... [0.060s CPU, 0.067s wall-clock]
Done! [1.730s CPU, 1.729s wall-clock]
translate exit code: 0

INFO     Running search (release).
INFO     search stdin: output.sas
INFO     search time limit: 1798s
INFO     search memory limit: 2048 MB
INFO     search command line string: /home/henry/Documents/UFRGS/TCC/downward/experiments/lab/data/main/code-5bb2ccb6957559b6969ffd7e29254c73f84d5e49_e5e41175/builds/release/bin/downward --search 'eager_greedy([operatorcounting(constraint_generators=[pho_constraints(patterns=systematic(4))], use_integer_operator_counts=true, transform=adapt_costs(cost_type=NORMAL))])' --internal-plan-file sas_plan < output.sas
[t=0s, 45596 KB] reading input...
[t=0.0479875s, 51760 KB] done reading input!
[t=0.0524777s, 52992 KB] Generating patterns using: systematic pattern collection generator
[t=0.0524777s, 52992 KB] building causal graph...done! [t=0.00798856s]
[t=0.0644656s, 57684 KB] Found 8190 SGA patterns.
Failed to allocate memory.
Memory limit has been reached.
Peak memory: 2097132 KB
Remove intermediate file output.sas
search exit code: 22

Driver aborting after search
INFO     Planner time: 13.46s
