INFO     planner time limit: 1800s
INFO     planner memory limit: 2048 MB

INFO     Running translator.
INFO     translator stdin: None
INFO     translator time limit: 1799s
INFO     translator memory limit: 2048 MB
INFO     translator command line string: /home/henry/Documents/UFRGS/TCC/downward/.venv/bin/python /home/henry/Documents/UFRGS/TCC/downward/experiments/lab/data/main/code-fa850d1cb8d716322f299a4f9b64478019793ada_e5e41175/builds/release/bin/translate/translate.py domain.pddl problem.pddl --sas-file output.sas
Parsing...
Parsing: [0.000s CPU, 0.001s wall-clock]
Normalizing task... [0.000s CPU, 0.000s wall-clock]
Instantiating...
Generating Datalog program... [0.000s CPU, 0.000s wall-clock]
Normalizing Datalog program...
Normalizing Datalog program: [0.000s CPU, 0.001s wall-clock]
Preparing model... [0.000s CPU, 0.001s wall-clock]
Generated 26 rules.
Computing model... [0.010s CPU, 0.008s wall-clock]
779 relevant atoms
794 auxiliary atoms
1573 final queue length
2701 total queue pushes
Completing instantiation... [0.010s CPU, 0.013s wall-clock]
Instantiating: [0.020s CPU, 0.023s wall-clock]
Computing fact groups...
Finding invariants...
9 initial candidates
Finding invariants: [0.000s CPU, 0.001s wall-clock]
Checking invariant weight... [0.000s CPU, 0.000s wall-clock]
Instantiating groups... [0.000s CPU, 0.000s wall-clock]
Collecting mutex groups... [0.000s CPU, 0.000s wall-clock]
Choosing groups...
0 uncovered facts
Choosing groups: [0.000s CPU, 0.000s wall-clock]
Building translation key... [0.000s CPU, 0.000s wall-clock]
Computing fact groups: [0.000s CPU, 0.002s wall-clock]
Building STRIPS to SAS dictionary... [0.000s CPU, 0.000s wall-clock]
Building dictionary for full mutex groups... [0.000s CPU, 0.000s wall-clock]
Building mutex information...
Building mutex information: [0.000s CPU, 0.000s wall-clock]
Translating task...
Processing axioms...
Simplifying axioms... [0.000s CPU, 0.000s wall-clock]
Translator axioms removed by simplifying: 0
Computing negative axioms... [0.000s CPU, 0.000s wall-clock]
Processing axioms: [0.000s CPU, 0.001s wall-clock]
Translating task: [0.020s CPU, 0.012s wall-clock]
0 effect conditions simplified
0 implied preconditions added
Detecting unreachable propositions...
0 operators removed
0 axioms removed
8 propositions removed
Detecting unreachable propositions: [0.000s CPU, 0.006s wall-clock]
Reordering and filtering variables...
8 of 8 variables necessary.
0 of 8 mutex groups necessary.
616 of 616 operators necessary.
0 of 0 axiom rules necessary.
Reordering and filtering variables: [0.000s CPU, 0.002s wall-clock]
Translator variables: 8
Translator derived variables: 0
Translator facts: 72
Translator goal facts: 4
Translator mutex groups: 0
Translator total mutex groups size: 0
Translator operators: 616
Translator axioms: 0
Translator task size: 3660
Translator peak memory: 34628 KB
Writing output... [0.010s CPU, 0.003s wall-clock]
Done! [0.050s CPU, 0.051s wall-clock]
translate exit code: 0

INFO     Running search (release).
INFO     search stdin: output.sas
INFO     search time limit: 1799s
INFO     search memory limit: 2048 MB
INFO     search command line string: /home/henry/Documents/UFRGS/TCC/downward/experiments/lab/data/main/code-fa850d1cb8d716322f299a4f9b64478019793ada_e5e41175/builds/release/bin/downward --search 'eager_greedy([operatorcounting(constraint_generators=[pho_constraints(patterns=systematic(2))], use_integer_operator_counts=true, transform=adapt_costs(cost_type=NORMAL))])' --internal-plan-file sas_plan < output.sas
[t=0s, 45596 KB] reading input...
[t=0.00262676s, 45728 KB] done reading input!
[t=0.00262676s, 46140 KB] Generating patterns using: systematic pattern collection generator
[t=0.00262676s, 46140 KB] building causal graph...done! [t=0s]
[t=0.00262676s, 46140 KB] Found 20 SGA patterns.
[t=0.00262676s, 46140 KB] Found 20 interesting patterns.
[t=0.00262676s, 46140 KB] systematic pattern collection generator number of patterns: 20
[t=0.00262676s, 46140 KB] systematic pattern collection generator total PDB size: 1276
[t=0.00262676s, 46140 KB] systematic pattern collection generator computation time: 0s
[t=0.00262676s, 46140 KB] Computing PDBs for pattern collection...
[t=0.00662732s, 46140 KB] Done computing PDBs for pattern collection: 0.00400056s
[t=0.00662732s, 46276 KB] Building successor generator...done!
[t=0.00662732s, 46276 KB] peak memory difference for successor generator creation: 0 KB
[t=0.00662732s, 46276 KB] time for successor generation creation: 0s
[t=0.00662732s, 46276 KB] Variables: 8
[t=0.00662732s, 46276 KB] FactPairs: 72
[t=0.00662732s, 46276 KB] Bytes per state: 4
[t=0.00662732s, 46276 KB] Conducting best first search without reopening closed nodes, (real) bound = 2147483647
[t=0.0106314s, 46768 KB] New best heuristic value for operatorcounting(constraint_generators=[pho_constraints(patterns=systematic(2))],use_integer_operator_counts=true,transform=adapt_costs(cost_type=normal)): 8
[t=0.0106314s, 46768 KB] g=0, 1 evaluated, 0 expanded
[t=0.0106314s, 46768 KB] Initial heuristic value for operatorcounting(constraint_generators=[pho_constraints(patterns=systematic(2))],use_integer_operator_counts=true,transform=adapt_costs(cost_type=normal)): 8
[t=0.0106314s, 46768 KB] pruning method: none
[t=0.122545s, 48036 KB] New best heuristic value for operatorcounting(constraint_generators=[pho_constraints(patterns=systematic(2))],use_integer_operator_counts=true,transform=adapt_costs(cost_type=normal)): 7
[t=0.122545s, 48036 KB] g=187, 154 evaluated, 82 expanded
[t=0.126536s, 48036 KB] New best heuristic value for operatorcounting(constraint_generators=[pho_constraints(patterns=systematic(2))],use_integer_operator_counts=true,transform=adapt_costs(cost_type=normal)): 6
[t=0.126536s, 48036 KB] g=188, 159 evaluated, 83 expanded
[t=0.214467s, 48060 KB] New best heuristic value for operatorcounting(constraint_generators=[pho_constraints(patterns=systematic(2))],use_integer_operator_counts=true,transform=adapt_costs(cost_type=normal)): 5
[t=0.214467s, 48060 KB] g=289, 321 evaluated, 169 expanded
[t=0.218464s, 48060 KB] New best heuristic value for operatorcounting(constraint_generators=[pho_constraints(patterns=systematic(2))],use_integer_operator_counts=true,transform=adapt_costs(cost_type=normal)): 4
[t=0.218464s, 48060 KB] g=290, 327 evaluated, 170 expanded
[t=0.76583s, 49168 KB] New best heuristic value for operatorcounting(constraint_generators=[pho_constraints(patterns=systematic(2))],use_integer_operator_counts=true,transform=adapt_costs(cost_type=normal)): 3
[t=0.76583s, 49168 KB] g=791, 1212 evaluated, 660 expanded
[t=0.773832s, 49168 KB] New best heuristic value for operatorcounting(constraint_generators=[pho_constraints(patterns=systematic(2))],use_integer_operator_counts=true,transform=adapt_costs(cost_type=normal)): 2
[t=0.773832s, 49168 KB] g=792, 1218 evaluated, 661 expanded
[t=1.44523s, 49168 KB] New best heuristic value for operatorcounting(constraint_generators=[pho_constraints(patterns=systematic(2))],use_integer_operator_counts=true,transform=adapt_costs(cost_type=normal)): 1
[t=1.44523s, 49168 KB] g=1101, 2066 evaluated, 1066 expanded
[t=1.44923s, 49168 KB] New best heuristic value for operatorcounting(constraint_generators=[pho_constraints(patterns=systematic(2))],use_integer_operator_counts=true,transform=adapt_costs(cost_type=normal)): 0
[t=1.44923s, 49168 KB] g=1102, 2071 evaluated, 1067 expanded
[t=1.45324s, 49168 KB] Solution found!
[t=1.45324s, 49168 KB] Actual search time: 1.44261s
pick-up truck-2 city-3-loc-1 package-1 capacity-2 capacity-3 (1)
drive truck-2 city-3-loc-1 city-1-loc-1 (186)
drop truck-2 city-1-loc-1 package-1 capacity-2 capacity-3 (1)
drive truck-1 city-1-loc-3 city-1-loc-2 (50)
pick-up truck-1 city-1-loc-2 package-4 capacity-2 capacity-3 (1)
drive truck-1 city-1-loc-2 city-1-loc-3 (50)
drop truck-1 city-1-loc-3 package-4 capacity-2 capacity-3 (1)
drive truck-2 city-1-loc-1 city-3-loc-1 (186)
drive truck-2 city-3-loc-1 city-3-loc-3 (53)
pick-up truck-2 city-3-loc-3 package-3 capacity-2 capacity-3 (1)
drive truck-2 city-3-loc-3 city-3-loc-1 (53)
drive truck-2 city-3-loc-1 city-1-loc-1 (186)
drive truck-2 city-1-loc-1 city-1-loc-3 (22)
drop truck-2 city-1-loc-3 package-3 capacity-2 capacity-3 (1)
drive truck-2 city-1-loc-3 city-1-loc-2 (50)
pick-up truck-2 city-1-loc-2 package-2 capacity-2 capacity-3 (1)
drive truck-2 city-1-loc-2 city-1-loc-3 (50)
drive truck-2 city-1-loc-3 city-1-loc-1 (22)
drive truck-2 city-1-loc-1 city-2-loc-3 (139)
drive truck-2 city-2-loc-3 city-2-loc-2 (47)
drop truck-2 city-2-loc-2 package-2 capacity-2 capacity-3 (1)
[t=1.45324s, 49168 KB] Plan length: 21 step(s).
[t=1.45324s, 49168 KB] Plan cost: 1102
[t=1.45324s, 49168 KB] Expanded 1068 state(s).
[t=1.45324s, 49168 KB] Reopened 0 state(s).
[t=1.45324s, 49168 KB] Evaluated 2075 state(s).
[t=1.45324s, 49168 KB] Evaluations: 2075
[t=1.45324s, 49168 KB] Generated 6027 state(s).
[t=1.45324s, 49168 KB] Dead ends: 0 state(s).
[t=1.45324s, 49168 KB] Number of registered states: 2075
[t=1.45324s, 49168 KB] Int hash set load factor: 2075/4096 = 0.506592
[t=1.45324s, 49168 KB] Int hash set resizes: 12
[t=1.45324s, 49168 KB] Search time: 1.44661s
[t=1.45324s, 49168 KB] Total time: 1.45324s
Solution found.
Peak memory: 49168 KB
Remove intermediate file output.sas
search exit code: 0

INFO     Running validate.
INFO     validate stdin: None
INFO     validate time limit: None
INFO     validate memory limit: None
INFO     validate command line string: /home/henry/bin/validate domain.pddl problem.pddl sas_plan
Checking plan: sas_plan
Plan executed successfully - checking goal
Plan valid
Final value: 1102 

Successful plans:
Value: 1102
 sas_plan 1102 

validate exit code: 0

INFO     Planner time: 1.55s
