INFO     planner time limit: 1800s
INFO     planner memory limit: 2048 MB

INFO     Running translator.
INFO     translator stdin: None
INFO     translator time limit: 1799s
INFO     translator memory limit: 2048 MB
INFO     translator command line string: /home/henry/Documents/UFRGS/TCC/downward/.venv/bin/python /home/henry/Documents/UFRGS/TCC/downward/experiments/lab/data/main/code-fa850d1cb8d716322f299a4f9b64478019793ada_e5e41175/builds/release/bin/translate/translate.py domain.pddl problem.pddl --sas-file output.sas
Parsing...
Parsing: [0.000s CPU, 0.001s wall-clock]
Normalizing task... [0.000s CPU, 0.000s wall-clock]
Instantiating...
Generating Datalog program... [0.000s CPU, 0.000s wall-clock]
Normalizing Datalog program...
Normalizing Datalog program: [0.010s CPU, 0.002s wall-clock]
Preparing model... [0.000s CPU, 0.001s wall-clock]
Generated 45 rules.
Computing model... [0.000s CPU, 0.001s wall-clock]
56 relevant atoms
83 auxiliary atoms
139 final queue length
144 total queue pushes
Completing instantiation... [0.000s CPU, 0.000s wall-clock]
Instantiating: [0.010s CPU, 0.004s wall-clock]
Computing fact groups...
Finding invariants...
18 initial candidates
Finding invariants: [0.000s CPU, 0.003s wall-clock]
Checking invariant weight... [0.000s CPU, 0.000s wall-clock]
Instantiating groups... [0.000s CPU, 0.000s wall-clock]
Collecting mutex groups... [0.000s CPU, 0.000s wall-clock]
Choosing groups...
0 uncovered facts
Choosing groups: [0.000s CPU, 0.000s wall-clock]
Building translation key... [0.000s CPU, 0.000s wall-clock]
Computing fact groups: [0.000s CPU, 0.003s wall-clock]
Building STRIPS to SAS dictionary... [0.000s CPU, 0.000s wall-clock]
Building dictionary for full mutex groups... [0.000s CPU, 0.000s wall-clock]
Building mutex information...
Building mutex information: [0.000s CPU, 0.000s wall-clock]
Translating task...
Processing axioms...
Simplifying axioms... [0.000s CPU, 0.000s wall-clock]
Translator axioms removed by simplifying: 0
Computing negative axioms... [0.000s CPU, 0.000s wall-clock]
Processing axioms: [0.000s CPU, 0.000s wall-clock]
Translating task: [0.000s CPU, 0.000s wall-clock]
0 effect conditions simplified
0 implied preconditions added
Detecting unreachable propositions...
0 operators removed
0 axioms removed
9 propositions removed
Detecting unreachable propositions: [0.000s CPU, 0.000s wall-clock]
Reordering and filtering variables...
9 of 9 variables necessary.
0 of 9 mutex groups necessary.
8 of 8 operators necessary.
0 of 0 axiom rules necessary.
Reordering and filtering variables: [0.000s CPU, 0.000s wall-clock]
Translator variables: 9
Translator derived variables: 0
Translator facts: 18
Translator goal facts: 2
Translator mutex groups: 0
Translator total mutex groups size: 0
Translator operators: 8
Translator axioms: 0
Translator task size: 71
Translator peak memory: 31860 KB
Writing output... [0.000s CPU, 0.000s wall-clock]
Done! [0.010s CPU, 0.009s wall-clock]
translate exit code: 0

INFO     Running search (release).
INFO     search stdin: output.sas
INFO     search time limit: 1799s
INFO     search memory limit: 2048 MB
INFO     search command line string: /home/henry/Documents/UFRGS/TCC/downward/experiments/lab/data/main/code-fa850d1cb8d716322f299a4f9b64478019793ada_e5e41175/builds/release/bin/downward --search 'eager_greedy([operatorcounting(constraint_generators=[pho_constraints(patterns=systematic(4))], use_integer_operator_counts=true, transform=adapt_costs(cost_type=ONE))])' --internal-plan-file sas_plan < output.sas
[t=0s, 45596 KB] reading input...
[t=0s, 45596 KB] done reading input!
[t=0.00336306s, 45860 KB] Generating patterns using: systematic pattern collection generator
[t=0.00336306s, 45860 KB] building causal graph...done! [t=0s]
[t=0.00336306s, 45860 KB] Found 14 SGA patterns.
[t=0.00336306s, 45860 KB] Found 17 interesting patterns.
[t=0.00336306s, 45860 KB] systematic pattern collection generator number of patterns: 17
[t=0.00336306s, 45860 KB] systematic pattern collection generator total PDB size: 156
[t=0.00336306s, 45860 KB] systematic pattern collection generator computation time: 0s
[t=0.00336306s, 45860 KB] Computing PDBs for pattern collection...
[t=0.00336306s, 45860 KB] Done computing PDBs for pattern collection: 0s
[t=0.00336306s, 45860 KB] Building successor generator...done!
[t=0.00336306s, 45860 KB] peak memory difference for successor generator creation: 0 KB
[t=0.00336306s, 45860 KB] time for successor generation creation: 0s
[t=0.00336306s, 45860 KB] Variables: 9
[t=0.00336306s, 45860 KB] FactPairs: 18
[t=0.00336306s, 45860 KB] Bytes per state: 4
[t=0.00336306s, 45860 KB] Conducting best first search without reopening closed nodes, (real) bound = 2147483647
[t=0.00336306s, 47348 KB] New best heuristic value for operatorcounting(constraint_generators=[pho_constraints(patterns=systematic(4))],use_integer_operator_counts=true,transform=adapt_costs(cost_type=one)): 8
[t=0.00336306s, 47348 KB] g=0, 1 evaluated, 0 expanded
[t=0.00336306s, 47348 KB] Initial heuristic value for operatorcounting(constraint_generators=[pho_constraints(patterns=systematic(4))],use_integer_operator_counts=true,transform=adapt_costs(cost_type=one)): 8
[t=0.00336306s, 47348 KB] pruning method: none
[t=0.00738055s, 47348 KB] New best heuristic value for operatorcounting(constraint_generators=[pho_constraints(patterns=systematic(4))],use_integer_operator_counts=true,transform=adapt_costs(cost_type=one)): 7
[t=0.00738055s, 47348 KB] g=1, 2 evaluated, 1 expanded
[t=0.00738055s, 47348 KB] New best heuristic value for operatorcounting(constraint_generators=[pho_constraints(patterns=systematic(4))],use_integer_operator_counts=true,transform=adapt_costs(cost_type=one)): 6
[t=0.00738055s, 47348 KB] g=2, 3 evaluated, 2 expanded
[t=0.0113343s, 47348 KB] New best heuristic value for operatorcounting(constraint_generators=[pho_constraints(patterns=systematic(4))],use_integer_operator_counts=true,transform=adapt_costs(cost_type=one)): 5
[t=0.0113343s, 47348 KB] g=3, 6 evaluated, 3 expanded
[t=0.0113343s, 47348 KB] New best heuristic value for operatorcounting(constraint_generators=[pho_constraints(patterns=systematic(4))],use_integer_operator_counts=true,transform=adapt_costs(cost_type=one)): 4
[t=0.0113343s, 47348 KB] g=4, 9 evaluated, 4 expanded
[t=0.0153337s, 47348 KB] New best heuristic value for operatorcounting(constraint_generators=[pho_constraints(patterns=systematic(4))],use_integer_operator_counts=true,transform=adapt_costs(cost_type=one)): 3
[t=0.0153337s, 47348 KB] g=5, 11 evaluated, 5 expanded
[t=0.0153337s, 47348 KB] New best heuristic value for operatorcounting(constraint_generators=[pho_constraints(patterns=systematic(4))],use_integer_operator_counts=true,transform=adapt_costs(cost_type=one)): 2
[t=0.0153337s, 47348 KB] g=6, 12 evaluated, 6 expanded
[t=0.0153337s, 47348 KB] New best heuristic value for operatorcounting(constraint_generators=[pho_constraints(patterns=systematic(4))],use_integer_operator_counts=true,transform=adapt_costs(cost_type=one)): 1
[t=0.0153337s, 47348 KB] g=7, 13 evaluated, 7 expanded
[t=0.0153337s, 47348 KB] New best heuristic value for operatorcounting(constraint_generators=[pho_constraints(patterns=systematic(4))],use_integer_operator_counts=true,transform=adapt_costs(cost_type=one)): 0
[t=0.0153337s, 47348 KB] g=8, 16 evaluated, 8 expanded
[t=0.0153337s, 47348 KB] Solution found!
[t=0.0153337s, 47348 KB] Actual search time: 0.0119706s
drive truck1 depot1 market1 (1)
buy truck1 goods2 market1 level0 level1 level0 level1 (1)
load goods2 truck1 market1 level0 level1 level0 level1 (1)
buy truck1 goods1 market1 level0 level1 level0 level1 (1)
load goods1 truck1 market1 level0 level1 level0 level1 (1)
drive truck1 market1 depot1 (1)
unload goods2 truck1 depot1 level0 level1 level0 level1 (1)
unload goods1 truck1 depot1 level0 level1 level0 level1 (1)
[t=0.0153337s, 47348 KB] Plan length: 8 step(s).
[t=0.0153337s, 47348 KB] Plan cost: 8
[t=0.0153337s, 47348 KB] Expanded 9 state(s).
[t=0.0153337s, 47348 KB] Reopened 0 state(s).
[t=0.0153337s, 47348 KB] Evaluated 16 state(s).
[t=0.0153337s, 47348 KB] Evaluations: 16
[t=0.0153337s, 47348 KB] Generated 17 state(s).
[t=0.0153337s, 47348 KB] Dead ends: 0 state(s).
[t=0.0153337s, 47348 KB] Number of registered states: 16
[t=0.0153337s, 47348 KB] Int hash set load factor: 16/16 = 1
[t=0.0153337s, 47348 KB] Int hash set resizes: 4
[t=0.0153337s, 47348 KB] Search time: 0.0119706s
[t=0.0153337s, 47348 KB] Total time: 0.0153337s
Solution found.
Peak memory: 47348 KB
Remove intermediate file output.sas
search exit code: 0

INFO     Running validate.
INFO     validate stdin: None
INFO     validate time limit: None
INFO     validate memory limit: None
INFO     validate command line string: /home/henry/bin/validate domain.pddl problem.pddl sas_plan
Checking plan: sas_plan
Plan executed successfully - checking goal
Plan valid
Final value: 8 

Successful plans:
Value: 8
 sas_plan 8 

validate exit code: 0

INFO     Planner time: 0.08s
