INFO     planner time limit: 1800s
INFO     planner memory limit: 2048 MB

INFO     Running translator.
INFO     translator stdin: None
INFO     translator time limit: 1799s
INFO     translator memory limit: 2048 MB
INFO     translator command line string: /home/henry/Documents/UFRGS/TCC/downward/.venv/bin/python /home/henry/Documents/UFRGS/TCC/downward/experiments/lab/data/main/code-5bb2ccb6957559b6969ffd7e29254c73f84d5e49_e5e41175/builds/release/bin/translate/translate.py domain.pddl problem.pddl --sas-file output.sas
Parsing...
Parsing: [0.000s CPU, 0.002s wall-clock]
Normalizing task... [0.000s CPU, 0.000s wall-clock]
Instantiating...
Generating Datalog program... [0.010s CPU, 0.001s wall-clock]
Normalizing Datalog program...
Normalizing Datalog program: [0.000s CPU, 0.003s wall-clock]
Preparing model... [0.000s CPU, 0.002s wall-clock]
Generated 79 rules.
Computing model... [1.240s CPU, 1.240s wall-clock]
142189 relevant atoms
46496 auxiliary atoms
188685 final queue length
600058 total queue pushes
Completing instantiation... [3.310s CPU, 3.321s wall-clock]
Instantiating: [4.600s CPU, 4.600s wall-clock]
Computing fact groups...
Finding invariants...
14 initial candidates
Finding invariants: [0.080s CPU, 0.076s wall-clock]
Checking invariant weight... [0.000s CPU, 0.000s wall-clock]
Instantiating groups... [0.000s CPU, 0.000s wall-clock]
Collecting mutex groups... [0.000s CPU, 0.001s wall-clock]
Choosing groups...
2968 uncovered facts
Choosing groups: [0.000s CPU, 0.001s wall-clock]
Building translation key... [0.000s CPU, 0.007s wall-clock]
Computing fact groups: [0.100s CPU, 0.101s wall-clock]
Building STRIPS to SAS dictionary... [0.000s CPU, 0.001s wall-clock]
Building dictionary for full mutex groups... [0.010s CPU, 0.001s wall-clock]
Building mutex information...
Building mutex information: [0.000s CPU, 0.001s wall-clock]
Translating task...
Processing axioms...
Simplifying axioms... [0.000s CPU, 0.000s wall-clock]
Translator axioms removed by simplifying: 0
Computing negative axioms... [0.000s CPU, 0.000s wall-clock]
Processing axioms: [0.060s CPU, 0.061s wall-clock]
Translating task: [2.100s CPU, 2.101s wall-clock]
125424 effect conditions simplified
0 implied preconditions added
Detecting unreachable propositions...
0 operators removed
0 axioms removed
5 propositions removed
Detecting unreachable propositions: [1.140s CPU, 1.143s wall-clock]
Reordering and filtering variables...
2973 of 2973 variables necessary.
0 of 5 mutex groups necessary.
50392 of 50392 operators necessary.
0 of 0 axiom rules necessary.
Reordering and filtering variables: [1.240s CPU, 1.242s wall-clock]
Translator variables: 2973
Translator derived variables: 0
Translator facts: 6176
Translator goal facts: 24
Translator mutex groups: 0
Translator total mutex groups size: 0
Translator operators: 50392
Translator axioms: 0
Translator task size: 435837
Translator peak memory: 320548 KB
Writing output... [0.330s CPU, 0.322s wall-clock]
Done! [9.610s CPU, 9.609s wall-clock]
translate exit code: 0

INFO     Running search (release).
INFO     search stdin: output.sas
INFO     search time limit: 1790s
INFO     search memory limit: 2048 MB
INFO     search command line string: /home/henry/Documents/UFRGS/TCC/downward/experiments/lab/data/main/code-5bb2ccb6957559b6969ffd7e29254c73f84d5e49_e5e41175/builds/release/bin/downward --search 'eager_greedy([lsh(patterns=systematic(4), transform=adapt_costs(cost_type=ONE))])' --internal-plan-file sas_plan < output.sas
[t=0s, 10544 KB] reading input...
[t=0.223935s, 30664 KB] done reading input!
[t=0.227932s, 31060 KB] Generating patterns using: systematic pattern collection generator
[t=0.227932s, 31060 KB] building causal graph...done! [t=0.103958s]
Failed to allocate memory.
Memory limit has been reached.
Peak memory: 2097032 KB
Remove intermediate file output.sas
search exit code: 22

Driver aborting after search
INFO     Planner time: 23.48s
