INFO     planner time limit: 1800s
INFO     planner memory limit: 2048 MB

INFO     Running translator.
INFO     translator stdin: None
INFO     translator time limit: 1799s
INFO     translator memory limit: 2048 MB
INFO     translator command line string: /home/henry/Documents/UFRGS/TCC/downward/.venv/bin/python /home/henry/Documents/UFRGS/TCC/downward/experiments/lab/data/main/code-5bb2ccb6957559b6969ffd7e29254c73f84d5e49_e5e41175/builds/release/bin/translate/translate.py domain.pddl problem.pddl --sas-file output.sas
Parsing...
Parsing: [0.010s CPU, 0.004s wall-clock]
Normalizing task... [0.000s CPU, 0.000s wall-clock]
Instantiating...
Generating Datalog program... [0.000s CPU, 0.001s wall-clock]
Normalizing Datalog program...
Normalizing Datalog program: [0.000s CPU, 0.008s wall-clock]
Preparing model... [0.010s CPU, 0.004s wall-clock]
Generated 284 rules.
Computing model... [0.150s CPU, 0.156s wall-clock]
9596 relevant atoms
17069 auxiliary atoms
26665 final queue length
61477 total queue pushes
Completing instantiation... [0.380s CPU, 0.376s wall-clock]
Instantiating: [0.550s CPU, 0.548s wall-clock]
Computing fact groups...
Finding invariants...
22 initial candidates
Finding invariants: [0.040s CPU, 0.041s wall-clock]
Checking invariant weight... [0.000s CPU, 0.000s wall-clock]
Instantiating groups... [0.000s CPU, 0.004s wall-clock]
Collecting mutex groups... [0.000s CPU, 0.000s wall-clock]
Choosing groups...
271 uncovered facts
Choosing groups: [0.000s CPU, 0.001s wall-clock]
Building translation key... [0.000s CPU, 0.001s wall-clock]
Computing fact groups: [0.050s CPU, 0.051s wall-clock]
Building STRIPS to SAS dictionary... [0.000s CPU, 0.000s wall-clock]
Building dictionary for full mutex groups... [0.000s CPU, 0.001s wall-clock]
Building mutex information...
Building mutex information: [0.000s CPU, 0.001s wall-clock]
Translating task...
Processing axioms...
Simplifying axioms... [0.000s CPU, 0.000s wall-clock]
Translator axioms removed by simplifying: 0
Computing negative axioms... [0.000s CPU, 0.000s wall-clock]
Processing axioms: [0.010s CPU, 0.014s wall-clock]
Translating task: [0.440s CPU, 0.447s wall-clock]
7380 effect conditions simplified
0 implied preconditions added
Detecting unreachable propositions...
0 operators removed
0 axioms removed
1 propositions removed
Detecting unreachable propositions: [0.220s CPU, 0.226s wall-clock]
Reordering and filtering variables...
284 of 296 variables necessary.
65 of 90 mutex groups necessary.
8563 of 8571 operators necessary.
0 of 0 axiom rules necessary.
Reordering and filtering variables: [0.100s CPU, 0.095s wall-clock]
Translator variables: 284
Translator derived variables: 0
Translator facts: 870
Translator goal facts: 4
Translator mutex groups: 65
Translator total mutex groups size: 802
Translator operators: 8563
Translator axioms: 0
Translator task size: 91779
Translator peak memory: 88044 KB
Writing output... [0.060s CPU, 0.061s wall-clock]
Done! [1.450s CPU, 1.454s wall-clock]
translate exit code: 0

INFO     Running search (release).
INFO     search stdin: output.sas
INFO     search time limit: 1798s
INFO     search memory limit: 2048 MB
INFO     search command line string: /home/henry/Documents/UFRGS/TCC/downward/experiments/lab/data/main/code-5bb2ccb6957559b6969ffd7e29254c73f84d5e49_e5e41175/builds/release/bin/downward --search 'eager_greedy([ilsh(patterns=systematic(4), transform=adapt_costs(cost_type=NORMAL))])' --internal-plan-file sas_plan < output.sas
[t=0s, 10544 KB] reading input...
[t=0.0421611s, 14120 KB] done reading input!
[t=0.0421611s, 14516 KB] Generating patterns using: systematic pattern collection generator
[t=0.0421611s, 14516 KB] building causal graph...done! [t=0.0119897s]
[t=0.130104s, 41464 KB] Found 102048 SGA patterns.
[t=0.921914s, 41596 KB] Found 103090 interesting patterns.
[t=0.957887s, 41596 KB] systematic pattern collection generator number of patterns: 103090
[t=0.957887s, 41596 KB] systematic pattern collection generator total PDB size: 61588818
[t=0.961886s, 41596 KB] systematic pattern collection generator computation time: 0.915725s
[t=0.96589s, 41596 KB] Computing PDBs for pattern collection...
[t=229.385s, 297348 KB] Done computing PDBs for pattern collection: 228.419s
Failed to allocate memory.
Memory limit has been reached.
Peak memory: 2097032 KB
Remove intermediate file output.sas
search exit code: 22

Driver aborting after search
INFO     Planner time: 263.95s
