INFO     planner time limit: 1800s
INFO     planner memory limit: 2048 MB

INFO     Running translator.
INFO     translator stdin: None
INFO     translator time limit: 1799s
INFO     translator memory limit: 2048 MB
INFO     translator command line string: /home/henry/Documents/UFRGS/TCC/downward/.venv/bin/python /home/henry/Documents/UFRGS/TCC/downward/experiments/lab/data/main/code-5bb2ccb6957559b6969ffd7e29254c73f84d5e49_e5e41175/builds/release/bin/translate/translate.py domain.pddl problem.pddl --sas-file output.sas
Parsing...
Parsing: [0.090s CPU, 0.084s wall-clock]
Normalizing task... [0.010s CPU, 0.004s wall-clock]
Instantiating...
Generating Datalog program... [0.030s CPU, 0.038s wall-clock]
Normalizing Datalog program...
Normalizing Datalog program: [0.000s CPU, 0.003s wall-clock]
Preparing model... [0.170s CPU, 0.163s wall-clock]
Generated 6 rules.
Computing model... [0.310s CPU, 0.315s wall-clock]
52737 relevant atoms
20224 auxiliary atoms
72961 final queue length
97027 total queue pushes
Completing instantiation... [0.410s CPU, 0.401s wall-clock]
Instantiating: [0.940s CPU, 0.938s wall-clock]
Computing fact groups...
Finding invariants...
4 initial candidates
Finding invariants: [0.000s CPU, 0.002s wall-clock]
Checking invariant weight... [0.010s CPU, 0.007s wall-clock]
Instantiating groups... [0.000s CPU, 0.005s wall-clock]
Collecting mutex groups... [0.010s CPU, 0.003s wall-clock]
Choosing groups...
4096 uncovered facts
Choosing groups: [0.060s CPU, 0.061s wall-clock]
Building translation key... [0.010s CPU, 0.011s wall-clock]
Computing fact groups: [0.140s CPU, 0.143s wall-clock]
Building STRIPS to SAS dictionary... [0.000s CPU, 0.006s wall-clock]
Building dictionary for full mutex groups... [0.000s CPU, 0.004s wall-clock]
Building mutex information...
Building mutex information: [0.000s CPU, 0.005s wall-clock]
Translating task...
Processing axioms...
Simplifying axioms... [0.000s CPU, 0.000s wall-clock]
Translator axioms removed by simplifying: 0
Computing negative axioms... [0.000s CPU, 0.000s wall-clock]
Processing axioms: [0.020s CPU, 0.015s wall-clock]
Translating task: [0.430s CPU, 0.423s wall-clock]
0 effect conditions simplified
0 implied preconditions added
Detecting unreachable propositions...
0 operators removed
0 axioms removed
3 propositions removed
Detecting unreachable propositions: [0.260s CPU, 0.266s wall-clock]
Reordering and filtering variables...
4096 of 4096 variables necessary.
0 of 1 mutex groups necessary.
16128 of 16128 operators necessary.
0 of 0 axiom rules necessary.
Reordering and filtering variables: [0.050s CPU, 0.052s wall-clock]
Translator variables: 4096
Translator derived variables: 0
Translator facts: 12286
Translator goal facts: 4095
Translator mutex groups: 0
Translator total mutex groups size: 0
Translator operators: 16128
Translator axioms: 0
Translator task size: 84985
Translator peak memory: 104624 KB
Writing output... [0.070s CPU, 0.074s wall-clock]
Done! [2.030s CPU, 2.026s wall-clock]
translate exit code: 0

INFO     Running search (release).
INFO     search stdin: output.sas
INFO     search time limit: 1797s
INFO     search memory limit: 2048 MB
INFO     search command line string: /home/henry/Documents/UFRGS/TCC/downward/experiments/lab/data/main/code-5bb2ccb6957559b6969ffd7e29254c73f84d5e49_e5e41175/builds/release/bin/downward --search 'eager_greedy([ff(transform=adapt_costs(cost_type=NORMAL))])' --internal-plan-file sas_plan < output.sas
[t=0s, 10544 KB] reading input...
[t=0.0545848s, 16708 KB] done reading input!
[t=0.0585775s, 18360 KB] Simplifying 32252 unary operators... done! [32252 unary operators]
[t=0.0665662s, 21392 KB] time to simplify: 0.00798877s
[t=0.0665662s, 21392 KB] Initializing additive heuristic...
[t=0.0665662s, 21392 KB] Initializing FF heuristic...
[t=0.0665662s, 21392 KB] Building successor generator...done!
[t=0.0705754s, 21392 KB] peak memory difference for successor generator creation: 0 KB
[t=0.0705754s, 21392 KB] time for successor generation creation: 0.00400916s
[t=0.0705754s, 21392 KB] Variables: 4096
[t=0.0705754s, 21392 KB] FactPairs: 12286
[t=0.0705754s, 21392 KB] Bytes per state: 516
[t=0.0705754s, 21392 KB] Conducting best first search without reopening closed nodes, (real) bound = 2147483647
[t=0.0705754s, 21392 KB] New best heuristic value for ff(transform=adapt_costs(cost_type=normal)): 4095
[t=0.0705754s, 21392 KB] g=0, 1 evaluated, 0 expanded
[t=0.0705754s, 21392 KB] Initial heuristic value for ff(transform=adapt_costs(cost_type=normal)): 4095
[t=0.0705754s, 21392 KB] pruning method: none
[t=0.0745567s, 21392 KB] New best heuristic value for ff(transform=adapt_costs(cost_type=normal)): 4094
[t=0.0745567s, 21392 KB] g=2, 7 evaluated, 2 expanded
[t=0.122515s, 21392 KB] New best heuristic value for ff(transform=adapt_costs(cost_type=normal)): 4093
[t=0.122515s, 21392 KB] g=6, 91 evaluated, 25 expanded
[t=0.170459s, 21392 KB] New best heuristic value for ff(transform=adapt_costs(cost_type=normal)): 4092
[t=0.170459s, 21392 KB] g=10, 168 evaluated, 46 expanded
[t=0.194445s, 21392 KB] New best heuristic value for ff(transform=adapt_costs(cost_type=normal)): 4091
[t=0.194445s, 21392 KB] g=14, 211 evaluated, 58 expanded
[t=0.234407s, 21392 KB] New best heuristic value for ff(transform=adapt_costs(cost_type=normal)): 4090
[t=0.234407s, 21392 KB] g=18, 280 evaluated, 77 expanded
[t=0.258374s, 21392 KB] New best heuristic value for ff(transform=adapt_costs(cost_type=normal)): 4089
[t=0.258374s, 21392 KB] g=22, 323 evaluated, 89 expanded
[t=0.298329s, 21392 KB] New best heuristic value for ff(transform=adapt_costs(cost_type=normal)): 4088
[t=0.298329s, 21392 KB] g=26, 392 evaluated, 108 expanded
[t=0.326283s, 21392 KB] New best heuristic value for ff(transform=adapt_costs(cost_type=normal)): 4087
[t=0.326283s, 21392 KB] g=30, 434 evaluated, 120 expanded
[t=0.330282s, 21392 KB] New best heuristic value for ff(transform=adapt_costs(cost_type=normal)): 4086
[t=0.330282s, 21392 KB] g=31, 441 evaluated, 121 expanded
[t=0.346272s, 21392 KB] New best heuristic value for ff(transform=adapt_costs(cost_type=normal)): 4085
[t=0.346272s, 21392 KB] g=36, 471 evaluated, 130 expanded
[t=0.422178s, 21392 KB] New best heuristic value for ff(transform=adapt_costs(cost_type=normal)): 4084
[t=0.422178s, 21392 KB] g=42, 594 evaluated, 167 expanded
[t=0.442141s, 21392 KB] New best heuristic value for ff(transform=adapt_costs(cost_type=normal)): 4083
[t=0.442141s, 21392 KB] g=45, 623 evaluated, 174 expanded
[t=0.454125s, 21392 KB] New best heuristic value for ff(transform=adapt_costs(cost_type=normal)): 4082
[t=0.454125s, 21392 KB] g=49, 645 evaluated, 182 expanded
[t=0.458131s, 21392 KB] New best heuristic value for ff(transform=adapt_costs(cost_type=normal)): 4081
[t=0.458131s, 21392 KB] g=51, 650 evaluated, 184 expanded
[t=0.478093s, 21392 KB] New best heuristic value for ff(transform=adapt_costs(cost_type=normal)): 4079
[t=0.478093s, 21392 KB] g=51, 681 evaluated, 195 expanded
[t=0.498075s, 21392 KB] New best heuristic value for ff(transform=adapt_costs(cost_type=normal)): 4078
[t=0.498075s, 21392 KB] g=55, 716 evaluated, 208 expanded
[t=0.574003s, 21392 KB] New best heuristic value for ff(transform=adapt_costs(cost_type=normal)): 4077
[t=0.574003s, 21392 KB] g=57, 845 evaluated, 266 expanded
[t=1.01348s, 21392 KB] New best heuristic value for ff(transform=adapt_costs(cost_type=normal)): 4076
[t=1.01348s, 21392 KB] g=65, 1581 evaluated, 647 expanded
[t=14.9104s, 31740 KB] New best heuristic value for ff(transform=adapt_costs(cost_type=normal)): 4075
[t=14.9104s, 31740 KB] g=85, 23698 evaluated, 14030 expanded
[t=160.995s, 165764 KB] New best heuristic value for ff(transform=adapt_costs(cost_type=normal)): 4074
[t=160.995s, 165764 KB] g=83, 270579 evaluated, 163058 expanded
Peak memory: 1605264 KB
caught signal 24 -- exiting
Time limit has been reached.
Remove intermediate file output.sas
search exit code: 23

Driver aborting after search
INFO     Planner time: 1797.27s
