INFO     planner time limit: 1800s
INFO     planner memory limit: 2048 MB

INFO     Running translator.
INFO     translator stdin: None
INFO     translator time limit: 1799s
INFO     translator memory limit: 2048 MB
INFO     translator command line string: /home/henry/Documents/UFRGS/TCC/downward/.venv/bin/python /home/henry/Documents/UFRGS/TCC/downward/experiments/lab/data/main/code-5bb2ccb6957559b6969ffd7e29254c73f84d5e49_e5e41175/builds/release/bin/translate/translate.py domain.pddl problem.pddl --sas-file output.sas
Parsing...
Parsing: [0.000s CPU, 0.004s wall-clock]
Normalizing task... [0.010s CPU, 0.000s wall-clock]
Instantiating...
Generating Datalog program... [0.000s CPU, 0.001s wall-clock]
Normalizing Datalog program...
Normalizing Datalog program: [0.000s CPU, 0.005s wall-clock]
Preparing model... [0.000s CPU, 0.003s wall-clock]
Generated 198 rules.
Computing model... [0.090s CPU, 0.093s wall-clock]
6404 relevant atoms
10646 auxiliary atoms
17050 final queue length
36715 total queue pushes
Completing instantiation... [0.180s CPU, 0.175s wall-clock]
Instantiating: [0.270s CPU, 0.279s wall-clock]
Computing fact groups...
Finding invariants...
24 initial candidates
Finding invariants: [0.010s CPU, 0.010s wall-clock]
Checking invariant weight... [0.000s CPU, 0.001s wall-clock]
Instantiating groups... [0.010s CPU, 0.006s wall-clock]
Collecting mutex groups... [0.000s CPU, 0.000s wall-clock]
Choosing groups...
275 uncovered facts
Choosing groups: [0.000s CPU, 0.001s wall-clock]
Building translation key... [0.000s CPU, 0.001s wall-clock]
Computing fact groups: [0.020s CPU, 0.020s wall-clock]
Building STRIPS to SAS dictionary... [0.020s CPU, 0.023s wall-clock]
Building dictionary for full mutex groups... [0.000s CPU, 0.000s wall-clock]
Building mutex information...
Building mutex information: [0.010s CPU, 0.000s wall-clock]
Translating task...
Processing axioms...
Simplifying axioms... [0.000s CPU, 0.000s wall-clock]
Translator axioms removed by simplifying: 0
Computing negative axioms... [0.000s CPU, 0.000s wall-clock]
Processing axioms: [0.000s CPU, 0.008s wall-clock]
Translating task: [0.170s CPU, 0.175s wall-clock]
3440 effect conditions simplified
0 implied preconditions added
Detecting unreachable propositions...
0 operators removed
0 axioms removed
98 propositions removed
Detecting unreachable propositions: [0.120s CPU, 0.120s wall-clock]
Reordering and filtering variables...
301 of 309 variables necessary.
65 of 95 mutex groups necessary.
5456 of 5456 operators necessary.
0 of 0 axiom rules necessary.
Reordering and filtering variables: [0.040s CPU, 0.038s wall-clock]
Translator variables: 301
Translator derived variables: 0
Translator facts: 813
Translator goal facts: 80
Translator mutex groups: 65
Translator total mutex groups size: 225
Translator operators: 5456
Translator axioms: 0
Translator task size: 45947
Translator peak memory: 63192 KB
Writing output... [0.030s CPU, 0.033s wall-clock]
Done! [0.710s CPU, 0.704s wall-clock]
translate exit code: 0

INFO     Running search (release).
INFO     search stdin: output.sas
INFO     search time limit: 1799s
INFO     search memory limit: 2048 MB
INFO     search command line string: /home/henry/Documents/UFRGS/TCC/downward/experiments/lab/data/main/code-5bb2ccb6957559b6969ffd7e29254c73f84d5e49_e5e41175/builds/release/bin/downward --search 'eager_greedy([lsh(patterns=systematic(2), transform=adapt_costs(cost_type=NORMAL))])' --internal-plan-file sas_plan < output.sas
[t=0s, 10544 KB] reading input...
[t=0.0239909s, 12640 KB] done reading input!
[t=0.0239909s, 12904 KB] Generating patterns using: systematic pattern collection generator
[t=0.0239909s, 12904 KB] building causal graph...done! [t=0.0040113s]
[t=0.0319834s, 14628 KB] Found 2872 SGA patterns.
[t=0.0439795s, 14628 KB] Found 2872 interesting patterns.
[t=0.0439795s, 14628 KB] systematic pattern collection generator number of patterns: 2872
[t=0.0439795s, 14628 KB] systematic pattern collection generator total PDB size: 26386
[t=0.0439795s, 14628 KB] systematic pattern collection generator computation time: 0.0199886s
[t=0.0439795s, 14628 KB] Computing PDBs for pattern collection...
[t=2.24319s, 14628 KB] Done computing PDBs for pattern collection: 2.19921s
[t=2.59909s, 19368 KB] Building successor generator...done!
[t=2.59909s, 19736 KB] peak memory difference for successor generator creation: 368 KB
[t=2.59909s, 19736 KB] time for successor generation creation: 0s
[t=2.59909s, 19736 KB] Variables: 301
[t=2.59909s, 19736 KB] FactPairs: 813
[t=2.59909s, 19736 KB] Bytes per state: 52
[t=2.59909s, 19736 KB] Conducting best first search without reopening closed nodes, (real) bound = 2147483647
[t=2.59909s, 19736 KB] New best heuristic value for lsh(patterns=systematic(2),transform=adapt_costs(cost_type=normal)): 1225
[t=2.59909s, 19736 KB] g=0, 1 evaluated, 0 expanded
[t=2.59909s, 19736 KB] Initial heuristic value for lsh(patterns=systematic(2),transform=adapt_costs(cost_type=normal)): 1225
[t=2.59909s, 19736 KB] pruning method: none
[t=2.59909s, 19736 KB] New best heuristic value for lsh(patterns=systematic(2),transform=adapt_costs(cost_type=normal)): 1205
[t=2.59909s, 19736 KB] g=30, 2 evaluated, 1 expanded
[t=2.59909s, 19736 KB] New best heuristic value for lsh(patterns=systematic(2),transform=adapt_costs(cost_type=normal)): 1180
[t=2.59909s, 19736 KB] g=30, 3 evaluated, 1 expanded
[t=2.59909s, 19736 KB] New best heuristic value for lsh(patterns=systematic(2),transform=adapt_costs(cost_type=normal)): 1065
[t=2.59909s, 19736 KB] g=30, 8 evaluated, 1 expanded
[t=2.60308s, 19736 KB] New best heuristic value for lsh(patterns=systematic(2),transform=adapt_costs(cost_type=normal)): 1045
[t=2.60308s, 19736 KB] g=60, 163 evaluated, 2 expanded
[t=2.60308s, 19736 KB] New best heuristic value for lsh(patterns=systematic(2),transform=adapt_costs(cost_type=normal)): 1020
[t=2.60308s, 19736 KB] g=60, 164 evaluated, 2 expanded
[t=2.60308s, 19736 KB] New best heuristic value for lsh(patterns=systematic(2),transform=adapt_costs(cost_type=normal)): 1000
[t=2.60308s, 19736 KB] g=90, 316 evaluated, 3 expanded
[t=2.60308s, 19736 KB] New best heuristic value for lsh(patterns=systematic(2),transform=adapt_costs(cost_type=normal)): 975
[t=2.60308s, 19736 KB] g=105, 322 evaluated, 3 expanded
[t=2.60709s, 19736 KB] New best heuristic value for lsh(patterns=systematic(2),transform=adapt_costs(cost_type=normal)): 955
[t=2.60709s, 19736 KB] g=135, 480 evaluated, 4 expanded
[t=2.60709s, 19736 KB] New best heuristic value for lsh(patterns=systematic(2),transform=adapt_costs(cost_type=normal)): 945
[t=2.60709s, 19736 KB] g=125, 494 evaluated, 4 expanded
[t=2.61108s, 19736 KB] New best heuristic value for lsh(patterns=systematic(2),transform=adapt_costs(cost_type=normal)): 925
[t=2.61108s, 19736 KB] g=155, 644 evaluated, 5 expanded
[t=2.61108s, 19736 KB] New best heuristic value for lsh(patterns=systematic(2),transform=adapt_costs(cost_type=normal)): 915
[t=2.61108s, 19736 KB] g=155, 708 evaluated, 5 expanded
[t=2.61108s, 19736 KB] New best heuristic value for lsh(patterns=systematic(2),transform=adapt_costs(cost_type=normal)): 895
[t=2.61508s, 19736 KB] g=185, 819 evaluated, 6 expanded
[t=2.61508s, 19736 KB] New best heuristic value for lsh(patterns=systematic(2),transform=adapt_costs(cost_type=normal)): 885
[t=2.61508s, 19736 KB] g=185, 907 evaluated, 6 expanded
[t=2.61508s, 19736 KB] New best heuristic value for lsh(patterns=systematic(2),transform=adapt_costs(cost_type=normal)): 865
[t=2.61508s, 19736 KB] g=215, 1017 evaluated, 7 expanded
[t=2.61907s, 19736 KB] New best heuristic value for lsh(patterns=systematic(2),transform=adapt_costs(cost_type=normal)): 855
[t=2.61907s, 19736 KB] g=215, 1108 evaluated, 7 expanded
[t=2.62307s, 19736 KB] New best heuristic value for lsh(patterns=systematic(2),transform=adapt_costs(cost_type=normal)): 835
[t=2.62307s, 19736 KB] g=245, 1230 evaluated, 8 expanded
[t=2.62307s, 19736 KB] New best heuristic value for lsh(patterns=systematic(2),transform=adapt_costs(cost_type=normal)): 825
[t=2.62307s, 19736 KB] g=245, 1364 evaluated, 8 expanded
[t=2.62707s, 19736 KB] New best heuristic value for lsh(patterns=systematic(2),transform=adapt_costs(cost_type=normal)): 805
[t=2.62707s, 19736 KB] g=275, 1448 evaluated, 9 expanded
[t=2.63106s, 19736 KB] New best heuristic value for lsh(patterns=systematic(2),transform=adapt_costs(cost_type=normal)): 795
[t=2.63106s, 19736 KB] g=275, 1587 evaluated, 9 expanded
[t=2.63106s, 19736 KB] New best heuristic value for lsh(patterns=systematic(2),transform=adapt_costs(cost_type=normal)): 775
[t=2.63106s, 19736 KB] g=305, 1677 evaluated, 10 expanded
[t=2.63506s, 19736 KB] New best heuristic value for lsh(patterns=systematic(2),transform=adapt_costs(cost_type=normal)): 755
[t=2.63506s, 19736 KB] g=315, 1915 evaluated, 11 expanded
[t=2.64306s, 19844 KB] New best heuristic value for lsh(patterns=systematic(2),transform=adapt_costs(cost_type=normal)): 735
[t=2.64306s, 19844 KB] g=345, 2176 evaluated, 12 expanded
[t=2.64706s, 19844 KB] New best heuristic value for lsh(patterns=systematic(2),transform=adapt_costs(cost_type=normal)): 715
[t=2.64706s, 19844 KB] g=355, 2414 evaluated, 13 expanded
[t=2.65505s, 19844 KB] New best heuristic value for lsh(patterns=systematic(2),transform=adapt_costs(cost_type=normal)): 700
[t=2.65505s, 19844 KB] g=370, 2670 evaluated, 14 expanded
[t=2.65505s, 19844 KB] New best heuristic value for lsh(patterns=systematic(2),transform=adapt_costs(cost_type=normal)): 695
[t=2.65505s, 19844 KB] g=385, 2684 evaluated, 14 expanded
[t=2.65905s, 19844 KB] New best heuristic value for lsh(patterns=systematic(2),transform=adapt_costs(cost_type=normal)): 680
[t=2.65905s, 19844 KB] g=400, 2907 evaluated, 15 expanded
[t=2.66305s, 19844 KB] New best heuristic value for lsh(patterns=systematic(2),transform=adapt_costs(cost_type=normal)): 675
[t=2.66305s, 19844 KB] g=405, 3102 evaluated, 15 expanded
[t=2.66305s, 19844 KB] New best heuristic value for lsh(patterns=systematic(2),transform=adapt_costs(cost_type=normal)): 660
[t=2.66305s, 19844 KB] g=420, 3151 evaluated, 16 expanded
[t=2.67104s, 19844 KB] New best heuristic value for lsh(patterns=systematic(2),transform=adapt_costs(cost_type=normal)): 645
[t=2.67104s, 19844 KB] g=430, 3378 evaluated, 17 expanded
[t=2.67505s, 19844 KB] New best heuristic value for lsh(patterns=systematic(2),transform=adapt_costs(cost_type=normal)): 635
[t=2.67505s, 19844 KB] g=440, 3611 evaluated, 18 expanded
[t=2.67904s, 19976 KB] New best heuristic value for lsh(patterns=systematic(2),transform=adapt_costs(cost_type=normal)): 630
[t=2.67904s, 19976 KB] g=440, 3794 evaluated, 18 expanded
[t=2.67904s, 19976 KB] New best heuristic value for lsh(patterns=systematic(2),transform=adapt_costs(cost_type=normal)): 620
[t=2.67904s, 19976 KB] g=445, 3851 evaluated, 19 expanded
[t=2.68304s, 19976 KB] New best heuristic value for lsh(patterns=systematic(2),transform=adapt_costs(cost_type=normal)): 610
[t=2.68304s, 19976 KB] g=470, 4076 evaluated, 20 expanded
[t=2.68704s, 19976 KB] New best heuristic value for lsh(patterns=systematic(2),transform=adapt_costs(cost_type=normal)): 600
[t=2.68704s, 19976 KB] g=500, 4294 evaluated, 21 expanded
[t=2.69504s, 19976 KB] New best heuristic value for lsh(patterns=systematic(2),transform=adapt_costs(cost_type=normal)): 590
[t=2.69504s, 19976 KB] g=530, 4513 evaluated, 22 expanded
[t=2.69903s, 19976 KB] New best heuristic value for lsh(patterns=systematic(2),transform=adapt_costs(cost_type=normal)): 580
[t=2.69903s, 19976 KB] g=560, 4722 evaluated, 23 expanded
[t=2.69903s, 19976 KB] New best heuristic value for lsh(patterns=systematic(2),transform=adapt_costs(cost_type=normal)): 570
[t=2.69903s, 19976 KB] g=550, 4860 evaluated, 23 expanded
[t=2.70304s, 19976 KB] New best heuristic value for lsh(patterns=systematic(2),transform=adapt_costs(cost_type=normal)): 560
[t=2.70304s, 19976 KB] g=580, 4920 evaluated, 24 expanded
[t=2.70703s, 20112 KB] New best heuristic value for lsh(patterns=systematic(2),transform=adapt_costs(cost_type=normal)): 550
[t=2.70703s, 20112 KB] g=610, 5124 evaluated, 25 expanded
[t=2.71103s, 20112 KB] New best heuristic value for lsh(patterns=systematic(2),transform=adapt_costs(cost_type=normal)): 540
[t=2.71103s, 20112 KB] g=640, 5311 evaluated, 26 expanded
[t=2.71503s, 20112 KB] New best heuristic value for lsh(patterns=systematic(2),transform=adapt_costs(cost_type=normal)): 535
[t=2.71503s, 20112 KB] g=625, 5456 evaluated, 26 expanded
[t=2.71503s, 20112 KB] New best heuristic value for lsh(patterns=systematic(2),transform=adapt_costs(cost_type=normal)): 525
[t=2.71503s, 20112 KB] g=655, 5498 evaluated, 27 expanded
[t=2.71902s, 20112 KB] New best heuristic value for lsh(patterns=systematic(2),transform=adapt_costs(cost_type=normal)): 515
[t=2.71902s, 20112 KB] g=685, 5677 evaluated, 28 expanded
[t=2.72303s, 20112 KB] New best heuristic value for lsh(patterns=systematic(2),transform=adapt_costs(cost_type=normal)): 505
[t=2.72303s, 20112 KB] g=670, 5801 evaluated, 28 expanded
[t=2.72303s, 20112 KB] New best heuristic value for lsh(patterns=systematic(2),transform=adapt_costs(cost_type=normal)): 495
[t=2.72303s, 20112 KB] g=700, 5846 evaluated, 29 expanded
[t=2.72702s, 20112 KB] New best heuristic value for lsh(patterns=systematic(2),transform=adapt_costs(cost_type=normal)): 485
[t=2.72702s, 20112 KB] g=730, 6016 evaluated, 30 expanded
[t=2.72702s, 20112 KB] New best heuristic value for lsh(patterns=systematic(2),transform=adapt_costs(cost_type=normal)): 465
[t=2.72702s, 20112 KB] g=730, 6084 evaluated, 30 expanded
[t=2.73102s, 20112 KB] New best heuristic value for lsh(patterns=systematic(2),transform=adapt_costs(cost_type=normal)): 455
[t=2.73102s, 20112 KB] g=760, 6186 evaluated, 31 expanded
[t=2.73502s, 20112 KB] New best heuristic value for lsh(patterns=systematic(2),transform=adapt_costs(cost_type=normal)): 445
[t=2.73502s, 20112 KB] g=790, 6370 evaluated, 32 expanded
[t=2.73902s, 20112 KB] New best heuristic value for lsh(patterns=systematic(2),transform=adapt_costs(cost_type=normal)): 435
[t=2.73902s, 20112 KB] g=780, 6487 evaluated, 32 expanded
[t=2.73902s, 20112 KB] New best heuristic value for lsh(patterns=systematic(2),transform=adapt_costs(cost_type=normal)): 425
[t=2.73902s, 20112 KB] g=810, 6535 evaluated, 33 expanded
[t=2.74301s, 20112 KB] New best heuristic value for lsh(patterns=systematic(2),transform=adapt_costs(cost_type=normal)): 405
[t=2.74301s, 20112 KB] g=810, 6653 evaluated, 33 expanded
[t=2.74301s, 20248 KB] New best heuristic value for lsh(patterns=systematic(2),transform=adapt_costs(cost_type=normal)): 395
[t=2.74301s, 20248 KB] g=840, 6707 evaluated, 34 expanded
[t=2.74701s, 20248 KB] New best heuristic value for lsh(patterns=systematic(2),transform=adapt_costs(cost_type=normal)): 385
[t=2.74701s, 20248 KB] g=870, 6873 evaluated, 35 expanded
[t=2.75501s, 20248 KB] New best heuristic value for lsh(patterns=systematic(2),transform=adapt_costs(cost_type=normal)): 375
[t=2.75501s, 20248 KB] g=900, 7037 evaluated, 36 expanded
[t=2.75501s, 20248 KB] New best heuristic value for lsh(patterns=systematic(2),transform=adapt_costs(cost_type=normal)): 365
[t=2.75501s, 20248 KB] g=890, 7132 evaluated, 36 expanded
[t=2.75901s, 20248 KB] New best heuristic value for lsh(patterns=systematic(2),transform=adapt_costs(cost_type=normal)): 355
[t=2.75901s, 20248 KB] g=920, 7201 evaluated, 37 expanded
[t=2.75901s, 20248 KB] New best heuristic value for lsh(patterns=systematic(2),transform=adapt_costs(cost_type=normal)): 335
[t=2.75901s, 20248 KB] g=920, 7296 evaluated, 37 expanded
[t=2.76302s, 20248 KB] New best heuristic value for lsh(patterns=systematic(2),transform=adapt_costs(cost_type=normal)): 325
[t=2.76302s, 20248 KB] g=950, 7371 evaluated, 38 expanded
[t=2.767s, 20248 KB] New best heuristic value for lsh(patterns=systematic(2),transform=adapt_costs(cost_type=normal)): 320
[t=2.767s, 20248 KB] g=935, 7472 evaluated, 38 expanded
[t=2.767s, 20248 KB] New best heuristic value for lsh(patterns=systematic(2),transform=adapt_costs(cost_type=normal)): 310
[t=2.767s, 20248 KB] g=965, 7540 evaluated, 39 expanded
[t=2.771s, 20436 KB] New best heuristic value for lsh(patterns=systematic(2),transform=adapt_costs(cost_type=normal)): 300
[t=2.771s, 20436 KB] g=975, 7702 evaluated, 40 expanded
[t=2.77501s, 20436 KB] New best heuristic value for lsh(patterns=systematic(2),transform=adapt_costs(cost_type=normal)): 290
[t=2.77501s, 20436 KB] g=985, 7844 evaluated, 41 expanded
[t=2.783s, 20436 KB] New best heuristic value for lsh(patterns=systematic(2),transform=adapt_costs(cost_type=normal)): 280
[t=2.783s, 20436 KB] g=995, 8014 evaluated, 42 expanded
[t=2.787s, 20436 KB] New best heuristic value for lsh(patterns=systematic(2),transform=adapt_costs(cost_type=normal)): 260
[t=2.787s, 20436 KB] g=1010, 8168 evaluated, 43 expanded
[t=2.791s, 20436 KB] New best heuristic value for lsh(patterns=systematic(2),transform=adapt_costs(cost_type=normal)): 250
[t=2.791s, 20436 KB] g=1020, 8336 evaluated, 44 expanded
[t=2.795s, 20436 KB] New best heuristic value for lsh(patterns=systematic(2),transform=adapt_costs(cost_type=normal)): 240
[t=2.795s, 20436 KB] g=1040, 8495 evaluated, 45 expanded
[t=2.80299s, 20436 KB] New best heuristic value for lsh(patterns=systematic(2),transform=adapt_costs(cost_type=normal)): 230
[t=2.80299s, 20436 KB] g=1050, 8645 evaluated, 46 expanded
[t=2.80699s, 20436 KB] New best heuristic value for lsh(patterns=systematic(2),transform=adapt_costs(cost_type=normal)): 220
[t=2.80699s, 20436 KB] g=1060, 8816 evaluated, 47 expanded
[t=2.81099s, 20436 KB] New best heuristic value for lsh(patterns=systematic(2),transform=adapt_costs(cost_type=normal)): 210
[t=2.81099s, 20436 KB] g=1070, 8968 evaluated, 48 expanded
[t=2.81499s, 20436 KB] New best heuristic value for lsh(patterns=systematic(2),transform=adapt_costs(cost_type=normal)): 200
[t=2.81499s, 20436 KB] g=1080, 9118 evaluated, 49 expanded
[t=2.82299s, 20436 KB] New best heuristic value for lsh(patterns=systematic(2),transform=adapt_costs(cost_type=normal)): 190
[t=2.82299s, 20436 KB] g=1090, 9257 evaluated, 50 expanded
[t=2.82698s, 20436 KB] New best heuristic value for lsh(patterns=systematic(2),transform=adapt_costs(cost_type=normal)): 180
[t=2.82698s, 20436 KB] g=1110, 9376 evaluated, 51 expanded
[t=2.83098s, 20436 KB] New best heuristic value for lsh(patterns=systematic(2),transform=adapt_costs(cost_type=normal)): 150
[t=2.83098s, 20436 KB] g=1140, 9497 evaluated, 52 expanded
[t=2.83098s, 20436 KB] New best heuristic value for lsh(patterns=systematic(2),transform=adapt_costs(cost_type=normal)): 140
[t=2.83098s, 20436 KB] g=1150, 9616 evaluated, 53 expanded
[t=2.87497s, 20572 KB] New best heuristic value for lsh(patterns=systematic(2),transform=adapt_costs(cost_type=normal)): 95
[t=2.87497s, 20572 KB] g=1190, 10966 evaluated, 67 expanded
[t=2.9909s, 20968 KB] New best heuristic value for lsh(patterns=systematic(2),transform=adapt_costs(cost_type=normal)): 65
[t=2.9909s, 20968 KB] g=1220, 14712 evaluated, 114 expanded
[t=3.09886s, 21236 KB] New best heuristic value for lsh(patterns=systematic(2),transform=adapt_costs(cost_type=normal)): 45
[t=3.09886s, 21236 KB] g=1260, 18232 evaluated, 161 expanded
[t=3.20281s, 21500 KB] New best heuristic value for lsh(patterns=systematic(2),transform=adapt_costs(cost_type=normal)): 0
[t=3.20281s, 21500 KB] g=1300, 21575 evaluated, 208 expanded
[t=3.20281s, 21500 KB] Solution found!
[t=3.20281s, 21500 KB] Actual search time: 0.603717s
load-highspeed-saw b0 highspeed-saw0 (30)
do-plane p5 planer0 rough green colourfragments (30)
do-grind p5 grinder0 smooth natural untreated untreated (45)
do-plane p11 planer0 rough black glazed (20)
do-saw-small b2 p9 saw0 pine smooth s4 s3 (30)
do-saw-large b3 p8 saw0 walnut rough s10 s8 s9 s7 (30)
do-saw-medium b3 p19 saw0 walnut rough s7 s6 s5 (30)
do-saw-large b5 p3 saw0 teak rough s9 s7 s8 s6 (30)
do-saw-small b5 p2 saw0 teak rough s6 s5 (30)
do-plane p7 planer0 rough green glazed (30)
do-immersion-varnish p7 immersion-varnisher0 blue smooth (10)
do-plane p20 planer0 smooth blue varnished (30)
do-immersion-varnish p20 immersion-varnisher0 natural smooth (10)
do-saw-small b1 p18 saw0 mahogany rough s5 s4 (30)
do-glaze p3 glazer0 blue (20)
do-glaze p11 glazer0 red (15)
do-plane p0 planer0 rough green glazed (10)
do-spray-varnish p9 spray-varnisher0 mauve smooth (5)
do-spray-varnish p0 spray-varnisher0 red smooth (5)
do-saw-large b1 p10 saw0 mahogany rough s4 s2 s3 s1 (30)
do-saw-large b1 p17 saw0 mahogany rough s4 s2 s3 s1 (30)
do-saw-medium b1 p21 saw0 mahogany rough s4 s3 s2 (30)
do-plane p21 planer0 rough natural untreated (20)
do-saw-small b1 p4 saw0 mahogany rough s4 s3 (30)
do-saw-medium b2 p13 saw0 pine smooth s3 s2 s1 (30)
do-glaze p13 glazer0 red (15)
do-saw-small b2 p15 saw0 pine smooth s3 s2 (30)
do-grind p15 grinder0 smooth natural untreated untreated (15)
do-saw-medium b2 p6 saw0 pine smooth s3 s2 s1 (30)
do-grind p6 grinder0 smooth natural untreated untreated (30)
do-saw-medium b3 p1 saw0 walnut rough s7 s6 s5 (30)
do-plane p1 planer0 rough natural untreated (20)
do-grind p1 grinder0 smooth natural untreated untreated (30)
do-saw-medium b5 p12 saw0 teak rough s6 s5 s4 (30)
do-saw-medium b5 p14 saw0 teak rough s6 s5 s4 (30)
do-plane p14 planer0 rough natural untreated (20)
do-grind p14 grinder0 smooth natural untreated untreated (30)
do-glaze p14 glazer0 black (15)
do-saw-medium b5 p22 saw0 teak rough s6 s5 s4 (30)
cut-board-large b0 p23 highspeed-saw0 cherry smooth s6 s4 s5 s3 (10)
cut-board-small b0 p16 highspeed-saw0 cherry smooth s3 s2 (10)
do-plane p4 planer0 rough natural untreated (10)
do-grind p4 grinder0 smooth natural untreated untreated (15)
do-immersion-varnish p23 immersion-varnisher0 blue smooth (10)
do-plane p22 planer0 rough natural untreated (20)
do-immersion-varnish p22 immersion-varnisher0 blue smooth (10)
do-glaze p2 glazer0 green (10)
do-glaze p18 glazer0 natural (10)
do-glaze p16 glazer0 black (10)
do-glaze p15 glazer0 natural (10)
do-plane p12 planer0 rough natural untreated (20)
do-grind p12 grinder0 smooth natural untreated untreated (30)
do-immersion-varnish p12 immersion-varnisher0 natural verysmooth (10)
do-plane p8 planer0 rough natural untreated (30)
do-immersion-varnish p8 immersion-varnisher0 white smooth (10)
do-plane p19 planer0 rough natural untreated (20)
do-immersion-varnish p19 immersion-varnisher0 mauve smooth (10)
do-plane p17 planer0 rough natural untreated (30)
do-immersion-varnish p17 immersion-varnisher0 green smooth (10)
do-plane p10 planer0 rough natural untreated (30)
do-immersion-varnish p10 immersion-varnisher0 mauve smooth (10)
[t=3.20281s, 21500 KB] Plan length: 61 step(s).
[t=3.20281s, 21500 KB] Plan cost: 1300
[t=3.20281s, 21500 KB] Expanded 209 state(s).
[t=3.20281s, 21500 KB] Reopened 0 state(s).
[t=3.20281s, 21500 KB] Evaluated 21595 state(s).
[t=3.20281s, 21500 KB] Evaluations: 21595
[t=3.20281s, 21500 KB] Generated 30190 state(s).
[t=3.20281s, 21500 KB] Dead ends: 3056 state(s).
[t=3.20281s, 21500 KB] Number of registered states: 21595
[t=3.20281s, 21500 KB] Int hash set load factor: 21595/32768 = 0.659027
[t=3.20281s, 21500 KB] Int hash set resizes: 15
[t=3.20281s, 21500 KB] Search time: 0.603717s
[t=3.20281s, 21500 KB] Total time: 3.20281s
Solution found.
Peak memory: 21500 KB
Remove intermediate file output.sas
search exit code: 0

INFO     Running validate.
INFO     validate stdin: None
INFO     validate time limit: None
INFO     validate memory limit: None
INFO     validate command line string: /home/henry/bin/validate domain.pddl problem.pddl sas_plan
Checking plan: sas_plan
Plan executed successfully - checking goal
Plan valid
Final value: 1300 

Successful plans:
Value: 1300
 sas_plan 1300 

validate exit code: 0

INFO     Planner time: 3.96s
