INFO     planner time limit: 1800s
INFO     planner memory limit: 2048 MB

INFO     Running translator.
INFO     translator stdin: None
INFO     translator time limit: 1799s
INFO     translator memory limit: 2048 MB
INFO     translator command line string: /home/henry/Documents/UFRGS/TCC/downward/.venv/bin/python /home/henry/Documents/UFRGS/TCC/downward/experiments/lab/data/main/code-5bb2ccb6957559b6969ffd7e29254c73f84d5e49_e5e41175/builds/release/bin/translate/translate.py domain.pddl problem.pddl --sas-file output.sas
Parsing...
Parsing: [0.000s CPU, 0.001s wall-clock]
Normalizing task... [0.000s CPU, 0.000s wall-clock]
Instantiating...
Generating Datalog program... [0.000s CPU, 0.000s wall-clock]
Normalizing Datalog program...
Normalizing Datalog program: [0.000s CPU, 0.002s wall-clock]
Preparing model... [0.000s CPU, 0.001s wall-clock]
Generated 52 rules.
Computing model... [0.030s CPU, 0.033s wall-clock]
1744 relevant atoms
5352 auxiliary atoms
7096 final queue length
8761 total queue pushes
Completing instantiation... [0.030s CPU, 0.026s wall-clock]
Instantiating: [0.060s CPU, 0.063s wall-clock]
Computing fact groups...
Finding invariants...
6 initial candidates
Finding invariants: [0.000s CPU, 0.001s wall-clock]
Checking invariant weight... [0.000s CPU, 0.000s wall-clock]
Instantiating groups... [0.000s CPU, 0.000s wall-clock]
Collecting mutex groups... [0.000s CPU, 0.000s wall-clock]
Choosing groups...
1 uncovered facts
Choosing groups: [0.000s CPU, 0.000s wall-clock]
Building translation key... [0.000s CPU, 0.000s wall-clock]
Computing fact groups: [0.000s CPU, 0.002s wall-clock]
Building STRIPS to SAS dictionary... [0.000s CPU, 0.000s wall-clock]
Building dictionary for full mutex groups... [0.000s CPU, 0.000s wall-clock]
Building mutex information...
Building mutex information: [0.000s CPU, 0.000s wall-clock]
Translating task...
Processing axioms...
Simplifying axioms... [0.000s CPU, 0.000s wall-clock]
Translator axioms removed by simplifying: 0
Computing negative axioms... [0.000s CPU, 0.000s wall-clock]
Processing axioms: [0.000s CPU, 0.002s wall-clock]
Translating task: [0.030s CPU, 0.032s wall-clock]
271 effect conditions simplified
0 implied preconditions added
Detecting unreachable propositions...
150 operators removed
0 axioms removed
24 propositions removed
Detecting unreachable propositions: [0.020s CPU, 0.017s wall-clock]
Reordering and filtering variables...
17 of 17 variables necessary.
0 of 16 mutex groups necessary.
1322 of 1322 operators necessary.
0 of 0 axiom rules necessary.
Reordering and filtering variables: [0.010s CPU, 0.004s wall-clock]
Translator variables: 17
Translator derived variables: 0
Translator facts: 123
Translator goal facts: 16
Translator mutex groups: 0
Translator total mutex groups size: 0
Translator operators: 1322
Translator axioms: 0
Translator task size: 7766
Translator peak memory: 37488 KB
Writing output... [0.000s CPU, 0.005s wall-clock]
Done! [0.120s CPU, 0.126s wall-clock]
translate exit code: 0

INFO     Running search (release).
INFO     search stdin: output.sas
INFO     search time limit: 1799s
INFO     search memory limit: 2048 MB
INFO     search command line string: /home/henry/Documents/UFRGS/TCC/downward/experiments/lab/data/main/code-5bb2ccb6957559b6969ffd7e29254c73f84d5e49_e5e41175/builds/release/bin/downward --search 'eager_greedy([lsh(patterns=systematic(4), transform=adapt_costs(cost_type=ONE))])' --internal-plan-file sas_plan < output.sas
[t=0s, 10544 KB] reading input...
[t=0.00400022s, 10824 KB] done reading input!
[t=0.00400022s, 11220 KB] Generating patterns using: systematic pattern collection generator
[t=0.00400022s, 11220 KB] building causal graph...done! [t=0s]
[t=0.00400022s, 11356 KB] Found 1439 SGA patterns.
[t=0.00800332s, 11356 KB] Found 1439 interesting patterns.
[t=0.00800332s, 11356 KB] systematic pattern collection generator number of patterns: 1439
[t=0.00800332s, 11356 KB] systematic pattern collection generator total PDB size: 3298875
[t=0.00800332s, 11356 KB] systematic pattern collection generator computation time: 0.0040031s
[t=0.00800332s, 11356 KB] Computing PDBs for pattern collection...
[t=1.07543s, 24680 KB] Done computing PDBs for pattern collection: 1.06743s
[t=1.10341s, 34676 KB] Building successor generator...done!
[t=1.10341s, 34676 KB] peak memory difference for successor generator creation: 0 KB
[t=1.10341s, 34676 KB] time for successor generation creation: 0s
[t=1.10341s, 34676 KB] Variables: 17
[t=1.10341s, 34676 KB] FactPairs: 123
[t=1.10341s, 34676 KB] Bytes per state: 8
[t=1.10341s, 34676 KB] Conducting best first search without reopening closed nodes, (real) bound = 2147483647
[t=1.10341s, 34676 KB] New best heuristic value for lsh(patterns=systematic(4),transform=adapt_costs(cost_type=one)): 39
[t=1.10341s, 34676 KB] g=0, 1 evaluated, 0 expanded
[t=1.10341s, 34676 KB] Initial heuristic value for lsh(patterns=systematic(4),transform=adapt_costs(cost_type=one)): 39
[t=1.10341s, 34676 KB] pruning method: none
[t=1.10341s, 34676 KB] New best heuristic value for lsh(patterns=systematic(4),transform=adapt_costs(cost_type=one)): 38
[t=1.10341s, 34676 KB] g=1, 3 evaluated, 1 expanded
[t=1.10341s, 34676 KB] New best heuristic value for lsh(patterns=systematic(4),transform=adapt_costs(cost_type=one)): 37
[t=1.10341s, 34676 KB] g=2, 7 evaluated, 2 expanded
[t=1.10341s, 34676 KB] New best heuristic value for lsh(patterns=systematic(4),transform=adapt_costs(cost_type=one)): 36
[t=1.10341s, 34676 KB] g=3, 9 evaluated, 3 expanded
[t=1.10341s, 34676 KB] New best heuristic value for lsh(patterns=systematic(4),transform=adapt_costs(cost_type=one)): 35
[t=1.10341s, 34676 KB] g=4, 30 evaluated, 11 expanded
[t=1.10341s, 34676 KB] New best heuristic value for lsh(patterns=systematic(4),transform=adapt_costs(cost_type=one)): 34
[t=1.10341s, 34676 KB] g=5, 47 evaluated, 14 expanded
[t=1.10741s, 34676 KB] New best heuristic value for lsh(patterns=systematic(4),transform=adapt_costs(cost_type=one)): 33
[t=1.10741s, 34676 KB] g=6, 139 evaluated, 69 expanded
[t=1.1114s, 34676 KB] New best heuristic value for lsh(patterns=systematic(4),transform=adapt_costs(cost_type=one)): 32
[t=1.1114s, 34676 KB] g=11, 235 evaluated, 107 expanded
[t=1.1114s, 34676 KB] New best heuristic value for lsh(patterns=systematic(4),transform=adapt_costs(cost_type=one)): 31
[t=1.1114s, 34676 KB] g=14, 275 evaluated, 118 expanded
[t=1.1154s, 34676 KB] New best heuristic value for lsh(patterns=systematic(4),transform=adapt_costs(cost_type=one)): 30
[t=1.1154s, 34676 KB] g=19, 383 evaluated, 160 expanded
[t=1.1194s, 34676 KB] New best heuristic value for lsh(patterns=systematic(4),transform=adapt_costs(cost_type=one)): 29
[t=1.1194s, 34676 KB] g=20, 394 evaluated, 163 expanded
[t=1.12339s, 34676 KB] New best heuristic value for lsh(patterns=systematic(4),transform=adapt_costs(cost_type=one)): 28
[t=1.12339s, 34676 KB] g=23, 500 evaluated, 203 expanded
[t=1.14738s, 34676 KB] New best heuristic value for lsh(patterns=systematic(4),transform=adapt_costs(cost_type=one)): 27
[t=1.14738s, 34676 KB] g=36, 1176 evaluated, 490 expanded
[t=1.15538s, 34676 KB] New best heuristic value for lsh(patterns=systematic(4),transform=adapt_costs(cost_type=one)): 26
[t=1.15538s, 34676 KB] g=51, 1501 evaluated, 638 expanded
[t=1.18337s, 34676 KB] New best heuristic value for lsh(patterns=systematic(4),transform=adapt_costs(cost_type=one)): 25
[t=1.18337s, 34676 KB] g=72, 2294 evaluated, 1002 expanded
[t=1.18737s, 34676 KB] New best heuristic value for lsh(patterns=systematic(4),transform=adapt_costs(cost_type=one)): 24
[t=1.18737s, 34676 KB] g=85, 2376 evaluated, 1050 expanded
[t=1.19935s, 34676 KB] New best heuristic value for lsh(patterns=systematic(4),transform=adapt_costs(cost_type=one)): 23
[t=1.19935s, 34676 KB] g=98, 2714 evaluated, 1200 expanded
[t=1.19935s, 34676 KB] New best heuristic value for lsh(patterns=systematic(4),transform=adapt_costs(cost_type=one)): 22
[t=1.19935s, 34676 KB] g=99, 2717 evaluated, 1201 expanded
[t=1.21934s, 34676 KB] New best heuristic value for lsh(patterns=systematic(4),transform=adapt_costs(cost_type=one)): 21
[t=1.21934s, 34676 KB] g=122, 3299 evaluated, 1538 expanded
[t=1.23534s, 34832 KB] New best heuristic value for lsh(patterns=systematic(4),transform=adapt_costs(cost_type=one)): 20
[t=1.23534s, 34832 KB] g=132, 3787 evaluated, 1792 expanded
[t=1.23534s, 34832 KB] New best heuristic value for lsh(patterns=systematic(4),transform=adapt_costs(cost_type=one)): 19
[t=1.23534s, 34832 KB] g=136, 3832 evaluated, 1815 expanded
[t=1.24734s, 34832 KB] New best heuristic value for lsh(patterns=systematic(4),transform=adapt_costs(cost_type=one)): 18
[t=1.24734s, 34832 KB] g=143, 4233 evaluated, 2039 expanded
[t=1.24734s, 34832 KB] New best heuristic value for lsh(patterns=systematic(4),transform=adapt_costs(cost_type=one)): 17
[t=1.24734s, 34832 KB] g=144, 4235 evaluated, 2040 expanded
[t=1.27533s, 34832 KB] New best heuristic value for lsh(patterns=systematic(4),transform=adapt_costs(cost_type=one)): 16
[t=1.27533s, 34832 KB] g=159, 5081 evaluated, 2535 expanded
[t=1.28732s, 34832 KB] New best heuristic value for lsh(patterns=systematic(4),transform=adapt_costs(cost_type=one)): 15
[t=1.28732s, 34832 KB] g=194, 5571 evaluated, 2874 expanded
[t=1.28732s, 34832 KB] New best heuristic value for lsh(patterns=systematic(4),transform=adapt_costs(cost_type=one)): 14
[t=1.28732s, 34832 KB] g=195, 5573 evaluated, 2875 expanded
[t=8.80737s, 47196 KB] New best heuristic value for lsh(patterns=systematic(4),transform=adapt_costs(cost_type=one)): 13
[t=8.80737s, 47196 KB] g=222, 241517 evaluated, 156245 expanded
Peak memory: 2027656 KB
caught signal 24 -- exiting
Time limit has been reached.
Remove intermediate file output.sas
search exit code: 23

Driver aborting after search
INFO     Planner time: 1797.94s
