INFO     planner time limit: 1800s
INFO     planner memory limit: 2048 MB

INFO     Running translator.
INFO     translator stdin: None
INFO     translator time limit: 1799s
INFO     translator memory limit: 2048 MB
INFO     translator command line string: /home/henry/Documents/UFRGS/TCC/downward/.venv/bin/python /home/henry/Documents/UFRGS/TCC/downward/experiments/lab/data/main/code-5bb2ccb6957559b6969ffd7e29254c73f84d5e49_e5e41175/builds/release/bin/translate/translate.py domain.pddl problem.pddl --sas-file output.sas
Parsing...
Parsing: [0.150s CPU, 0.150s wall-clock]
Normalizing task... [0.010s CPU, 0.015s wall-clock]
Instantiating...
Generating Datalog program... [0.020s CPU, 0.016s wall-clock]
Normalizing Datalog program...
Normalizing Datalog program: [0.130s CPU, 0.128s wall-clock]
Preparing model... [0.090s CPU, 0.089s wall-clock]
Generated 6310 rules.
Computing model... [6.200s CPU, 6.202s wall-clock]
275532 relevant atoms
457411 auxiliary atoms
732943 final queue length
1122414 total queue pushes
Completing instantiation... [7.710s CPU, 7.714s wall-clock]
Instantiating: [14.330s CPU, 14.336s wall-clock]
Computing fact groups...
Finding invariants...
1272 initial candidates
Finding invariants: [18.830s CPU, 18.856s wall-clock]
Checking invariant weight... [0.000s CPU, 0.000s wall-clock]
Instantiating groups... [0.000s CPU, 0.000s wall-clock]
Collecting mutex groups... [0.000s CPU, 0.001s wall-clock]
Choosing groups...
5368 uncovered facts
Choosing groups: [0.010s CPU, 0.001s wall-clock]
Building translation key... [0.010s CPU, 0.011s wall-clock]
Computing fact groups: [18.880s CPU, 18.903s wall-clock]
Building STRIPS to SAS dictionary... [0.000s CPU, 0.004s wall-clock]
Building dictionary for full mutex groups... [0.010s CPU, 0.004s wall-clock]
Building mutex information...
Building mutex information: [0.000s CPU, 0.003s wall-clock]
Translating task...
Processing axioms...
Simplifying axioms... [0.000s CPU, 0.000s wall-clock]
Translator axioms removed by simplifying: 0
Computing negative axioms... [0.000s CPU, 0.000s wall-clock]
Processing axioms: [0.320s CPU, 0.321s wall-clock]
Translating task: [9.030s CPU, 9.029s wall-clock]
418880 effect conditions simplified
0 implied preconditions added
Detecting unreachable propositions...
357 operators removed
0 axioms removed
50 propositions removed
Detecting unreachable propositions: [4.970s CPU, 4.983s wall-clock]
Reordering and filtering variables...
5071 of 5343 variables necessary.
0 of 0 mutex groups necessary.
261233 of 262386 operators necessary.
0 of 0 axiom rules necessary.
Reordering and filtering variables: [6.430s CPU, 6.430s wall-clock]
Translator variables: 5071
Translator derived variables: 0
Translator facts: 10142
Translator goal facts: 15
Translator mutex groups: 0
Translator total mutex groups size: 0
Translator operators: 261233
Translator axioms: 0
Translator task size: 1816060
Translator peak memory: 1039936 KB
Writing output... [1.500s CPU, 1.501s wall-clock]
Done! [55.660s CPU, 55.708s wall-clock]
translate exit code: 0

INFO     Running search (release).
INFO     search stdin: output.sas
INFO     search time limit: 1744s
INFO     search memory limit: 2048 MB
INFO     search command line string: /home/henry/Documents/UFRGS/TCC/downward/experiments/lab/data/main/code-5bb2ccb6957559b6969ffd7e29254c73f84d5e49_e5e41175/builds/release/bin/downward --search 'eager_greedy([ff(transform=adapt_costs(cost_type=NORMAL))])' --internal-plan-file sas_plan < output.sas
[t=0s, 10544 KB] reading input...
[t=1.01852s, 94020 KB] done reading input!
[t=1.09435s, 140800 KB] Simplifying 792914 unary operators... done! [730424 unary operators]
[t=2.04955s, 207772 KB] time to simplify: 0.955198s
[t=2.05754s, 207772 KB] Initializing additive heuristic...
[t=2.06152s, 207772 KB] Initializing FF heuristic...
[t=2.06152s, 207772 KB] Building successor generator...done!
[t=2.16544s, 207772 KB] peak memory difference for successor generator creation: 0 KB
[t=2.16544s, 207772 KB] time for successor generation creation: 0.103915s
[t=2.16544s, 207772 KB] Variables: 5071
[t=2.16544s, 207772 KB] FactPairs: 10142
[t=2.16544s, 207772 KB] Bytes per state: 636
[t=2.16544s, 207772 KB] Conducting best first search without reopening closed nodes, (real) bound = 2147483647
[t=2.18142s, 207772 KB] New best heuristic value for ff(transform=adapt_costs(cost_type=normal)): 613
[t=2.18142s, 207772 KB] g=0, 1 evaluated, 0 expanded
[t=2.18142s, 207772 KB] Initial heuristic value for ff(transform=adapt_costs(cost_type=normal)): 613
[t=2.18142s, 207772 KB] pruning method: none
[t=2.62883s, 207772 KB] New best heuristic value for ff(transform=adapt_costs(cost_type=normal)): 519
[t=2.62883s, 207772 KB] g=3, 151 evaluated, 1 expanded
[t=2.74866s, 207772 KB] New best heuristic value for ff(transform=adapt_costs(cost_type=normal)): 489
[t=2.74866s, 207772 KB] g=4, 183 evaluated, 1 expanded
[t=2.92449s, 207772 KB] New best heuristic value for ff(transform=adapt_costs(cost_type=normal)): 485
[t=2.92449s, 207772 KB] g=4, 234 evaluated, 1 expanded
[t=6.1127s, 207772 KB] New best heuristic value for ff(transform=adapt_costs(cost_type=normal)): 480
[t=6.1127s, 207772 KB] g=18, 1492 evaluated, 8 expanded
[t=6.1287s, 207772 KB] New best heuristic value for ff(transform=adapt_costs(cost_type=normal)): 474
[t=6.1287s, 207772 KB] g=21, 1494 evaluated, 9 expanded
[t=6.14067s, 207772 KB] New best heuristic value for ff(transform=adapt_costs(cost_type=normal)): 471
[t=6.14067s, 207772 KB] g=24, 1495 evaluated, 10 expanded
[t=6.15667s, 207772 KB] New best heuristic value for ff(transform=adapt_costs(cost_type=normal)): 465
[t=6.15667s, 207772 KB] g=27, 1496 evaluated, 11 expanded
[t=6.18463s, 207772 KB] New best heuristic value for ff(transform=adapt_costs(cost_type=normal)): 462
[t=6.18463s, 207772 KB] g=30, 1498 evaluated, 12 expanded
[t=6.20063s, 207772 KB] New best heuristic value for ff(transform=adapt_costs(cost_type=normal)): 459
[t=6.20063s, 207772 KB] g=33, 1499 evaluated, 13 expanded
[t=6.21261s, 207772 KB] New best heuristic value for ff(transform=adapt_costs(cost_type=normal)): 456
[t=6.21261s, 207772 KB] g=36, 1500 evaluated, 14 expanded
[t=6.22856s, 207772 KB] New best heuristic value for ff(transform=adapt_costs(cost_type=normal)): 453
[t=6.22856s, 207772 KB] g=39, 1501 evaluated, 15 expanded
[t=6.24055s, 207772 KB] New best heuristic value for ff(transform=adapt_costs(cost_type=normal)): 450
[t=6.24055s, 207772 KB] g=42, 1502 evaluated, 16 expanded
[t=6.25653s, 207772 KB] New best heuristic value for ff(transform=adapt_costs(cost_type=normal)): 447
[t=6.25653s, 207772 KB] g=45, 1503 evaluated, 17 expanded
[t=6.26852s, 207772 KB] New best heuristic value for ff(transform=adapt_costs(cost_type=normal)): 444
[t=6.26852s, 207772 KB] g=48, 1504 evaluated, 18 expanded
[t=6.28451s, 207772 KB] New best heuristic value for ff(transform=adapt_costs(cost_type=normal)): 441
[t=6.28451s, 207772 KB] g=51, 1505 evaluated, 19 expanded
[t=6.30047s, 207772 KB] New best heuristic value for ff(transform=adapt_costs(cost_type=normal)): 438
[t=6.30047s, 207772 KB] g=54, 1506 evaluated, 20 expanded
[t=6.31246s, 207772 KB] New best heuristic value for ff(transform=adapt_costs(cost_type=normal)): 435
[t=6.31246s, 207772 KB] g=57, 1507 evaluated, 21 expanded
[t=6.32845s, 207772 KB] New best heuristic value for ff(transform=adapt_costs(cost_type=normal)): 432
[t=6.32845s, 207772 KB] g=60, 1508 evaluated, 22 expanded
[t=6.34042s, 207772 KB] New best heuristic value for ff(transform=adapt_costs(cost_type=normal)): 429
[t=6.34042s, 207772 KB] g=63, 1509 evaluated, 23 expanded
[t=6.35641s, 207772 KB] New best heuristic value for ff(transform=adapt_costs(cost_type=normal)): 426
[t=6.35641s, 207772 KB] g=66, 1510 evaluated, 24 expanded
[t=6.36841s, 207772 KB] New best heuristic value for ff(transform=adapt_costs(cost_type=normal)): 423
[t=6.36841s, 207772 KB] g=69, 1511 evaluated, 25 expanded
[t=6.38438s, 207772 KB] New best heuristic value for ff(transform=adapt_costs(cost_type=normal)): 420
[t=6.38438s, 207772 KB] g=72, 1512 evaluated, 26 expanded
[t=6.40036s, 207772 KB] New best heuristic value for ff(transform=adapt_costs(cost_type=normal)): 417
[t=6.40036s, 207772 KB] g=75, 1513 evaluated, 27 expanded
[t=6.41635s, 207772 KB] New best heuristic value for ff(transform=adapt_costs(cost_type=normal)): 414
[t=6.41635s, 207772 KB] g=78, 1514 evaluated, 28 expanded
[t=6.42832s, 207772 KB] New best heuristic value for ff(transform=adapt_costs(cost_type=normal)): 411
[t=6.42832s, 207772 KB] g=81, 1515 evaluated, 29 expanded
[t=6.44432s, 207772 KB] New best heuristic value for ff(transform=adapt_costs(cost_type=normal)): 408
[t=6.44432s, 207772 KB] g=84, 1516 evaluated, 30 expanded
[t=6.45631s, 207772 KB] New best heuristic value for ff(transform=adapt_costs(cost_type=normal)): 405
[t=6.45631s, 207772 KB] g=87, 1517 evaluated, 31 expanded
[t=6.47228s, 207772 KB] New best heuristic value for ff(transform=adapt_costs(cost_type=normal)): 402
[t=6.47228s, 207772 KB] g=90, 1518 evaluated, 32 expanded
[t=6.48824s, 207772 KB] New best heuristic value for ff(transform=adapt_costs(cost_type=normal)): 399
[t=6.48824s, 207772 KB] g=93, 1519 evaluated, 33 expanded
[t=6.50022s, 207772 KB] New best heuristic value for ff(transform=adapt_costs(cost_type=normal)): 396
[t=6.50022s, 207772 KB] g=96, 1520 evaluated, 34 expanded
[t=6.52821s, 207772 KB] New best heuristic value for ff(transform=adapt_costs(cost_type=normal)): 393
[t=6.52821s, 207772 KB] g=102, 1522 evaluated, 36 expanded
[t=6.54018s, 207772 KB] New best heuristic value for ff(transform=adapt_costs(cost_type=normal)): 390
[t=6.54018s, 207772 KB] g=105, 1523 evaluated, 37 expanded
[t=6.55618s, 207772 KB] New best heuristic value for ff(transform=adapt_costs(cost_type=normal)): 387
[t=6.55618s, 207772 KB] g=108, 1524 evaluated, 38 expanded
[t=6.58414s, 207772 KB] New best heuristic value for ff(transform=adapt_costs(cost_type=normal)): 363
[t=6.58414s, 207772 KB] g=112, 1526 evaluated, 40 expanded
[t=6.63607s, 207772 KB] New best heuristic value for ff(transform=adapt_costs(cost_type=normal)): 361
[t=6.63607s, 207772 KB] g=114, 1530 evaluated, 41 expanded
[t=6.65206s, 207772 KB] New best heuristic value for ff(transform=adapt_costs(cost_type=normal)): 359
[t=6.65206s, 207772 KB] g=116, 1531 evaluated, 42 expanded
[t=6.66405s, 207772 KB] New best heuristic value for ff(transform=adapt_costs(cost_type=normal)): 357
[t=6.66405s, 207772 KB] g=118, 1532 evaluated, 43 expanded
[t=134.807s, 207772 KB] New best heuristic value for ff(transform=adapt_costs(cost_type=normal)): 356
[t=134.807s, 207772 KB] g=282, 35351 evaluated, 3869 expanded
[t=134.831s, 207772 KB] New best heuristic value for ff(transform=adapt_costs(cost_type=normal)): 350
[t=134.831s, 207772 KB] g=288, 35353 evaluated, 3870 expanded
[t=135.387s, 207772 KB] New best heuristic value for ff(transform=adapt_costs(cost_type=normal)): 343
[t=135.391s, 207772 KB] g=300, 35553 evaluated, 3884 expanded
[t=135.415s, 207772 KB] New best heuristic value for ff(transform=adapt_costs(cost_type=normal)): 331
[t=135.415s, 207772 KB] g=312, 35555 evaluated, 3886 expanded
[t=135.427s, 207772 KB] New best heuristic value for ff(transform=adapt_costs(cost_type=normal)): 325
[t=135.427s, 207772 KB] g=318, 35556 evaluated, 3887 expanded
[t=136.054s, 207772 KB] New best heuristic value for ff(transform=adapt_costs(cost_type=normal)): 320
[t=136.054s, 207772 KB] g=312, 35722 evaluated, 3921 expanded
[t=136.066s, 207772 KB] New best heuristic value for ff(transform=adapt_costs(cost_type=normal)): 314
[t=136.066s, 207772 KB] g=318, 35723 evaluated, 3922 expanded
[t=144.255s, 207772 KB] New best heuristic value for ff(transform=adapt_costs(cost_type=normal)): 311
[t=144.255s, 207772 KB] g=384, 37468 evaluated, 4394 expanded
[t=147.276s, 207772 KB] New best heuristic value for ff(transform=adapt_costs(cost_type=normal)): 306
[t=147.276s, 207772 KB] g=389, 38906 evaluated, 4395 expanded
[t=147.288s, 207772 KB] New best heuristic value for ff(transform=adapt_costs(cost_type=normal)): 301
[t=147.288s, 207772 KB] g=389, 38908 evaluated, 4395 expanded
[t=147.304s, 207772 KB] New best heuristic value for ff(transform=adapt_costs(cost_type=normal)): 296
[t=147.304s, 207772 KB] g=394, 38910 evaluated, 4396 expanded
[t=147.348s, 207772 KB] New best heuristic value for ff(transform=adapt_costs(cost_type=normal)): 294
[t=147.348s, 207772 KB] g=399, 38922 evaluated, 4397 expanded
[t=147.412s, 207772 KB] New best heuristic value for ff(transform=adapt_costs(cost_type=normal)): 289
[t=147.412s, 207772 KB] g=404, 38945 evaluated, 4398 expanded
[t=147.42s, 207772 KB] New best heuristic value for ff(transform=adapt_costs(cost_type=normal)): 284
[t=147.424s, 207772 KB] g=409, 38946 evaluated, 4399 expanded
[t=147.452s, 207772 KB] New best heuristic value for ff(transform=adapt_costs(cost_type=normal)): 279
[t=147.452s, 207772 KB] g=424, 38949 evaluated, 4402 expanded
[t=147.468s, 207772 KB] New best heuristic value for ff(transform=adapt_costs(cost_type=normal)): 249
[t=147.468s, 207772 KB] g=429, 38953 evaluated, 4403 expanded
[t=147.492s, 207772 KB] New best heuristic value for ff(transform=adapt_costs(cost_type=normal)): 244
[t=147.492s, 207772 KB] g=434, 38956 evaluated, 4404 expanded
[t=147.5s, 207772 KB] New best heuristic value for ff(transform=adapt_costs(cost_type=normal)): 239
[t=147.5s, 207772 KB] g=439, 38957 evaluated, 4405 expanded
[t=147.52s, 207772 KB] New best heuristic value for ff(transform=adapt_costs(cost_type=normal)): 222
[t=147.52s, 207772 KB] g=444, 38963 evaluated, 4406 expanded
[t=147.58s, 207772 KB] New best heuristic value for ff(transform=adapt_costs(cost_type=normal)): 217
[t=147.58s, 207772 KB] g=449, 38985 evaluated, 4407 expanded
[t=147.6s, 207772 KB] New best heuristic value for ff(transform=adapt_costs(cost_type=normal)): 202
[t=147.6s, 207772 KB] g=454, 38991 evaluated, 4408 expanded
[t=147.62s, 207772 KB] New best heuristic value for ff(transform=adapt_costs(cost_type=normal)): 197
[t=147.62s, 207772 KB] g=459, 38993 evaluated, 4409 expanded
[t=147.628s, 207772 KB] New best heuristic value for ff(transform=adapt_costs(cost_type=normal)): 196
[t=147.628s, 207772 KB] g=464, 38994 evaluated, 4410 expanded
[t=147.636s, 207772 KB] New best heuristic value for ff(transform=adapt_costs(cost_type=normal)): 195
[t=147.64s, 207772 KB] g=469, 38995 evaluated, 4411 expanded
[t=147.648s, 207772 KB] New best heuristic value for ff(transform=adapt_costs(cost_type=normal)): 190
[t=147.648s, 207772 KB] g=474, 38996 evaluated, 4412 expanded
[t=147.656s, 207772 KB] New best heuristic value for ff(transform=adapt_costs(cost_type=normal)): 185
[t=147.656s, 207772 KB] g=479, 38997 evaluated, 4413 expanded
[t=147.668s, 207772 KB] New best heuristic value for ff(transform=adapt_costs(cost_type=normal)): 180
[t=147.668s, 207772 KB] g=484, 38998 evaluated, 4414 expanded
[t=148.084s, 207772 KB] New best heuristic value for ff(transform=adapt_costs(cost_type=normal)): 177
[t=148.084s, 207772 KB] g=474, 39095 evaluated, 4440 expanded
[t=148.092s, 207772 KB] New best heuristic value for ff(transform=adapt_costs(cost_type=normal)): 172
[t=148.092s, 207772 KB] g=479, 39096 evaluated, 4441 expanded
[t=148.104s, 207772 KB] New best heuristic value for ff(transform=adapt_costs(cost_type=normal)): 167
[t=148.104s, 207772 KB] g=484, 39097 evaluated, 4442 expanded
[t=153.192s, 207772 KB] New best heuristic value for ff(transform=adapt_costs(cost_type=normal)): 153
[t=153.192s, 207772 KB] g=507, 40437 evaluated, 4721 expanded
[t=156.105s, 207772 KB] New best heuristic value for ff(transform=adapt_costs(cost_type=normal)): 135
[t=156.105s, 207772 KB] g=510, 41738 evaluated, 4722 expanded
[t=156.117s, 207772 KB] New best heuristic value for ff(transform=adapt_costs(cost_type=normal)): 126
[t=156.117s, 207772 KB] g=513, 41743 evaluated, 4723 expanded
[t=156.157s, 207772 KB] New best heuristic value for ff(transform=adapt_costs(cost_type=normal)): 123
[t=156.157s, 207772 KB] g=516, 41761 evaluated, 4724 expanded
[t=156.161s, 207772 KB] New best heuristic value for ff(transform=adapt_costs(cost_type=normal)): 114
[t=156.165s, 207772 KB] g=522, 41764 evaluated, 4726 expanded
[t=156.169s, 207772 KB] New best heuristic value for ff(transform=adapt_costs(cost_type=normal)): 108
[t=156.169s, 207772 KB] g=525, 41766 evaluated, 4727 expanded
[t=156.169s, 207772 KB] New best heuristic value for ff(transform=adapt_costs(cost_type=normal)): 105
[t=156.169s, 207772 KB] g=528, 41767 evaluated, 4728 expanded
[t=156.173s, 207772 KB] New best heuristic value for ff(transform=adapt_costs(cost_type=normal)): 99
[t=156.173s, 207772 KB] g=531, 41768 evaluated, 4729 expanded
[t=156.177s, 207772 KB] New best heuristic value for ff(transform=adapt_costs(cost_type=normal)): 96
[t=156.181s, 207772 KB] g=534, 41770 evaluated, 4730 expanded
[t=156.181s, 207772 KB] New best heuristic value for ff(transform=adapt_costs(cost_type=normal)): 93
[t=156.181s, 207772 KB] g=537, 41771 evaluated, 4731 expanded
[t=156.185s, 207772 KB] New best heuristic value for ff(transform=adapt_costs(cost_type=normal)): 90
[t=156.185s, 207772 KB] g=540, 41772 evaluated, 4732 expanded
[t=156.189s, 207772 KB] New best heuristic value for ff(transform=adapt_costs(cost_type=normal)): 87
[t=156.189s, 207772 KB] g=543, 41773 evaluated, 4733 expanded
[t=156.193s, 207772 KB] New best heuristic value for ff(transform=adapt_costs(cost_type=normal)): 84
[t=156.193s, 207772 KB] g=546, 41774 evaluated, 4734 expanded
[t=156.193s, 207772 KB] New best heuristic value for ff(transform=adapt_costs(cost_type=normal)): 81
[t=156.193s, 207772 KB] g=549, 41775 evaluated, 4735 expanded
[t=156.197s, 207772 KB] New best heuristic value for ff(transform=adapt_costs(cost_type=normal)): 78
[t=156.197s, 207772 KB] g=552, 41776 evaluated, 4736 expanded
[t=156.201s, 207772 KB] New best heuristic value for ff(transform=adapt_costs(cost_type=normal)): 75
[t=156.201s, 207772 KB] g=555, 41777 evaluated, 4737 expanded
[t=156.205s, 207772 KB] New best heuristic value for ff(transform=adapt_costs(cost_type=normal)): 72
[t=156.205s, 207772 KB] g=558, 41778 evaluated, 4738 expanded
[t=156.205s, 207772 KB] New best heuristic value for ff(transform=adapt_costs(cost_type=normal)): 69
[t=156.205s, 207772 KB] g=561, 41779 evaluated, 4739 expanded
[t=156.209s, 207772 KB] New best heuristic value for ff(transform=adapt_costs(cost_type=normal)): 66
[t=156.209s, 207772 KB] g=564, 41780 evaluated, 4740 expanded
[t=156.213s, 207772 KB] New best heuristic value for ff(transform=adapt_costs(cost_type=normal)): 63
[t=156.213s, 207772 KB] g=567, 41781 evaluated, 4741 expanded
[t=156.217s, 207772 KB] New best heuristic value for ff(transform=adapt_costs(cost_type=normal)): 60
[t=156.217s, 207772 KB] g=570, 41782 evaluated, 4742 expanded
[t=156.217s, 207772 KB] New best heuristic value for ff(transform=adapt_costs(cost_type=normal)): 57
[t=156.217s, 207772 KB] g=573, 41783 evaluated, 4743 expanded
[t=156.221s, 207772 KB] New best heuristic value for ff(transform=adapt_costs(cost_type=normal)): 54
[t=156.221s, 207772 KB] g=576, 41784 evaluated, 4744 expanded
[t=156.225s, 207772 KB] New best heuristic value for ff(transform=adapt_costs(cost_type=normal)): 51
[t=156.225s, 207772 KB] g=579, 41785 evaluated, 4745 expanded
[t=156.225s, 207772 KB] New best heuristic value for ff(transform=adapt_costs(cost_type=normal)): 48
[t=156.225s, 207772 KB] g=582, 41786 evaluated, 4746 expanded
[t=156.229s, 207772 KB] New best heuristic value for ff(transform=adapt_costs(cost_type=normal)): 45
[t=156.229s, 207772 KB] g=585, 41787 evaluated, 4747 expanded
[t=156.233s, 207772 KB] New best heuristic value for ff(transform=adapt_costs(cost_type=normal)): 42
[t=156.233s, 207772 KB] g=588, 41788 evaluated, 4748 expanded
[t=156.233s, 207772 KB] New best heuristic value for ff(transform=adapt_costs(cost_type=normal)): 39
[t=156.233s, 207772 KB] g=591, 41789 evaluated, 4749 expanded
[t=156.237s, 207772 KB] New best heuristic value for ff(transform=adapt_costs(cost_type=normal)): 36
[t=156.237s, 207772 KB] g=594, 41790 evaluated, 4750 expanded
[t=156.241s, 207772 KB] New best heuristic value for ff(transform=adapt_costs(cost_type=normal)): 33
[t=156.241s, 207772 KB] g=597, 41791 evaluated, 4751 expanded
[t=156.241s, 207772 KB] New best heuristic value for ff(transform=adapt_costs(cost_type=normal)): 30
[t=156.241s, 207772 KB] g=600, 41792 evaluated, 4752 expanded
[t=156.245s, 207772 KB] New best heuristic value for ff(transform=adapt_costs(cost_type=normal)): 27
[t=156.245s, 207772 KB] g=603, 41793 evaluated, 4753 expanded
[t=156.249s, 207772 KB] New best heuristic value for ff(transform=adapt_costs(cost_type=normal)): 24
[t=156.249s, 207772 KB] g=606, 41794 evaluated, 4754 expanded
[t=156.249s, 207772 KB] New best heuristic value for ff(transform=adapt_costs(cost_type=normal)): 21
[t=156.249s, 207772 KB] g=609, 41795 evaluated, 4755 expanded
[t=156.253s, 207772 KB] New best heuristic value for ff(transform=adapt_costs(cost_type=normal)): 18
[t=156.253s, 207772 KB] g=612, 41796 evaluated, 4756 expanded
[t=156.257s, 207772 KB] New best heuristic value for ff(transform=adapt_costs(cost_type=normal)): 16
[t=156.257s, 207772 KB] g=614, 41797 evaluated, 4757 expanded
[t=156.269s, 207772 KB] New best heuristic value for ff(transform=adapt_costs(cost_type=normal)): 14
[t=156.269s, 207772 KB] g=616, 41800 evaluated, 4758 expanded
[t=156.273s, 207772 KB] New best heuristic value for ff(transform=adapt_costs(cost_type=normal)): 12
[t=156.273s, 207772 KB] g=618, 41801 evaluated, 4759 expanded
[t=156.273s, 207772 KB] New best heuristic value for ff(transform=adapt_costs(cost_type=normal)): 10
[t=156.273s, 207772 KB] g=620, 41802 evaluated, 4760 expanded
[t=156.277s, 207772 KB] New best heuristic value for ff(transform=adapt_costs(cost_type=normal)): 8
[t=156.277s, 207772 KB] g=622, 41803 evaluated, 4761 expanded
[t=156.281s, 207772 KB] New best heuristic value for ff(transform=adapt_costs(cost_type=normal)): 6
[t=156.281s, 207772 KB] g=624, 41804 evaluated, 4762 expanded
[t=156.285s, 207772 KB] New best heuristic value for ff(transform=adapt_costs(cost_type=normal)): 4
[t=156.285s, 207772 KB] g=626, 41805 evaluated, 4763 expanded
[t=156.285s, 207772 KB] New best heuristic value for ff(transform=adapt_costs(cost_type=normal)): 2
[t=156.285s, 207772 KB] g=628, 41806 evaluated, 4764 expanded
[t=156.289s, 207772 KB] New best heuristic value for ff(transform=adapt_costs(cost_type=normal)): 0
[t=156.289s, 207772 KB] g=630, 41807 evaluated, 4765 expanded
[t=156.289s, 207772 KB] Solution found!
[t=156.289s, 207772 KB] Actual search time: 154.107s
oxidationofalcoholswithpcc_1 c16 c15 (4)
oxidationofalcoholswithpcc_2 c14 c15 (4)
oxidationofalcoholswithpcc_3 c12 c13 (4)
oxidationofalcoholswithpcc_4 c14 c13 (4)
oxidationofalcoholswithpcc_5 o4 o6 (4)
oxidationofalcoholswithpcc_6 o4 cr (4)
oxidationofalcoholswithpcc_7 cr o5 (4)
oxidationofalcoholswithpcc_8 o4 o5 (4)
oxidationofalcoholswithpcc_9 o6 o5 (4)
oxidationofalcoholswithpcc_10 h9 n4 (4)
oxidationofalcoholswithpcc_11 c12 n4 (4)
oxidationofalcoholswithpcc_12 c16 n4 (4)
oxidationofalcoholswithpcc_13 c13 c15 (4)
oxidationofalcoholswithpcc_14 c14 c16 (4)
oxidationofalcoholswithpcc_15 c13 c16 (4)
oxidationofalcoholswithpcc_16 c12 c16 (4)
oxidationofalcoholswithpcc_17 c12 c14 (4)
oxidationofalcoholswithpcc_18 c12 c15 (4)
oxidationofalcoholswithpcc_19 h23 o7 (4)
oxidationofalcoholswithpcc_20 o7 c17 (4)
oxidationofalcoholswithpcc_21 h25 c17 (4)
oxidationofalcoholswithpcc_22 o4 o7 (4)
oxidationofalcoholswithpcc_23 o6 o7 (4)
oxidationofalcoholswithpcc_24 h23 h25 (4)
oxidationofalcoholswithpcc_25 cl1 cr (4)
oxidationofalcoholswithpcc_26 h23 o7 (4)
oxidationofalcoholswithpcc_27 h25 c17 (4)
oxidationofalcoholswithpcc_28 o7 c17 (4)
oxidationofalcoholswithpcc_29 o6 cr (4)
oxidationofalcoholswithpcc_30 o4 h25 (4)
oxidationofalcoholswithpcc_31 o6 h23 (3)
oxidationofalcoholswithpcc_32 o7 c17 (3)
pbr3conversionofalcoholstoalkylbromides_1 o1 h4 (12)
pbr3conversionofalcoholstoalkylbromides_2 p br2 (12)
pbr3conversionofalcoholstoalkylbromides_3 br1 p (12)
pbr3conversionofalcoholstoalkylbromides_4 p br3 (12)
pbr3conversionofalcoholstoalkylbromides_5 br1 br2 (12)
pbr3conversionofalcoholstoalkylbromides_6 br1 br3 (11)
pbr3conversionofalcoholstoalkylbromides_7 br2 br3 (11)
pbr3conversionofalcoholstoalkylbromides_8 o1 c3 (11)
pbr3conversionofalcoholstoalkylbromides_9 br1 p (11)
pbr3conversionofalcoholstoalkylbromides_10 br1 c3 (11)
pbr3conversionofalcoholstoalkylbromides_11 o1 p (11)
imineformation_1 h50 h51 (11)
imineformation_2 c17 o7 (11)
imineformation_3 c17 h24 (11)
imineformation_4 c17 h26 (11)
imineformation_5 h26 h24 (11)
imineformation_6 n1 c4 (11)
imineformation_7 n1 h51 (10)
imineformation_8 h50 n1 (10)
imineformation_9 c17 n1 (10)
imineformation_10 n1 h51 (10)
imineformation_11 o7 h51 (10)
imineformation_12 o7 h50 (10)
iminereductiontoamine_1 al1 h16 (6)
iminereductiontoamine_2 al1 h17 (5)
iminereductiontoamine_3 al1 h18 (5)
iminereductiontoamine_4 h15 h16 (5)
iminereductiontoamine_5 h18 h16 (5)
iminereductiontoamine_6 h17 h16 (5)
iminereductiontoamine_7 h18 h17 (5)
iminereductiontoamine_8 h15 h17 (5)
iminereductiontoamine_9 h15 h18 (5)
iminereductiontoamine_10 h50 o7 (5)
iminereductiontoamine_11 o7 h51 (5)
iminereductiontoamine_12 h50 h51 (5)
iminereductiontoamine_13 c17 h26 (5)
iminereductiontoamine_14 c17 h24 (5)
iminereductiontoamine_15 n1 c4 (5)
iminereductiontoamine_16 c4 h24 (5)
iminereductiontoamine_17 c4 h26 (5)
iminereductiontoamine_18 h24 h26 (5)
iminereductiontoamine_19 h50 h15 (5)
iminereductiontoamine_20 al1 h15 (5)
iminereductiontoamine_21 h50 o7 (5)
iminereductiontoamine_22 n1 c17 (5)
iminereductiontoamine_23 al1 o7 (5)
iminereductiontoamine_24 c17 h15 (5)
iminereductiontoamine_25 h50 n1 (5)
gabrielsynthesis_1 c4 c6 (3)
gabrielsynthesis_2 c5 c7 (3)
gabrielsynthesis_3 c11 c10 (3)
gabrielsynthesis_4 c11 c6 (3)
gabrielsynthesis_5 c6 c7 (3)
gabrielsynthesis_6 c8 c7 (3)
gabrielsynthesis_7 c8 c9 (3)
gabrielsynthesis_8 c9 c10 (3)
gabrielsynthesis_9 n2 n3 (3)
gabrielsynthesis_10 n1 c5 (3)
gabrielsynthesis_11 n1 c4 (3)
gabrielsynthesis_12 c4 o2 (3)
gabrielsynthesis_13 c5 o3 (3)
gabrielsynthesis_14 n1 k (3)
gabrielsynthesis_15 c5 c10 (3)
gabrielsynthesis_16 c5 c9 (3)
gabrielsynthesis_17 c8 c10 (3)
gabrielsynthesis_18 c9 c6 (3)
gabrielsynthesis_19 c4 c11 (3)
gabrielsynthesis_20 c4 c7 (3)
gabrielsynthesis_21 c4 c10 (3)
gabrielsynthesis_22 c5 c11 (3)
gabrielsynthesis_23 c4 c9 (3)
gabrielsynthesis_24 c9 c7 (3)
gabrielsynthesis_25 c6 c10 (3)
gabrielsynthesis_26 c5 c8 (3)
gabrielsynthesis_27 c8 c6 (3)
gabrielsynthesis_28 c11 c9 (3)
gabrielsynthesis_29 c5 c6 (3)
gabrielsynthesis_30 c7 c10 (3)
gabrielsynthesis_31 c11 c7 (3)
gabrielsynthesis_32 c4 c8 (3)
gabrielsynthesis_33 c11 c8 (3)
gabrielsynthesis_34 o3 o2 (3)
gabrielsynthesis_35 n2 n1 (3)
gabrielsynthesis_36 n1 n3 (3)
gabrielsynthesis_37 c4 c5 (2)
gabrielsynthesis_38 br1 c3 (2)
gabrielsynthesis_39 n1 c4 (2)
gabrielsynthesis_40 n1 c5 (2)
gabrielsynthesis_41 n1 k (2)
gabrielsynthesis_42 n2 c4 (2)
gabrielsynthesis_43 n3 c5 (2)
gabrielsynthesis_44 n1 c3 (2)
gabrielsynthesis_45 k br1 (2)
[t=156.289s, 207772 KB] Plan length: 125 step(s).
[t=156.289s, 207772 KB] Plan cost: 630
[t=156.289s, 207772 KB] Expanded 4766 state(s).
[t=156.289s, 207772 KB] Reopened 0 state(s).
[t=156.289s, 207772 KB] Evaluated 41807 state(s).
[t=156.289s, 207772 KB] Evaluations: 41807
[t=156.289s, 207772 KB] Generated 42895 state(s).
[t=156.289s, 207772 KB] Dead ends: 36819 state(s).
[t=156.289s, 207772 KB] Number of registered states: 41807
[t=156.289s, 207772 KB] Int hash set load factor: 41807/65536 = 0.637924
[t=156.289s, 207772 KB] Int hash set resizes: 16
[t=156.289s, 207772 KB] Search time: 154.123s
[t=156.289s, 207772 KB] Total time: 156.289s
Solution found.
Peak memory: 207772 KB
Remove intermediate file output.sas
search exit code: 0

INFO     Running validate.
INFO     validate stdin: None
INFO     validate time limit: None
INFO     validate memory limit: None
INFO     validate command line string: /home/henry/bin/validate domain.pddl problem.pddl sas_plan
Checking plan: sas_plan
Plan executed successfully - checking goal
Plan valid
Final value: 630 

Successful plans:
Value: 630
 sas_plan 630 

validate exit code: 0

INFO     Planner time: 212.37s
