INFO     planner time limit: 1800s
INFO     planner memory limit: 2048 MB

INFO     Running translator.
INFO     translator stdin: None
INFO     translator time limit: 1799s
INFO     translator memory limit: 2048 MB
INFO     translator command line string: /home/henry/Documents/UFRGS/TCC/downward/.venv/bin/python /home/henry/Documents/UFRGS/TCC/downward/experiments/lab/data/main/code-5bb2ccb6957559b6969ffd7e29254c73f84d5e49_e5e41175/builds/release/bin/translate/translate.py domain.pddl problem.pddl --sas-file output.sas
Parsing...
Parsing: [0.010s CPU, 0.004s wall-clock]
Normalizing task... [0.000s CPU, 0.000s wall-clock]
Instantiating...
Generating Datalog program... [0.000s CPU, 0.001s wall-clock]
Normalizing Datalog program...
Trivial rules: Converted to facts.
Normalizing Datalog program: [0.000s CPU, 0.003s wall-clock]
Preparing model... [0.000s CPU, 0.003s wall-clock]
Generated 129 rules.
Computing model... [0.530s CPU, 0.538s wall-clock]
45253 relevant atoms
40846 auxiliary atoms
86099 final queue length
279852 total queue pushes
Completing instantiation... [2.280s CPU, 2.278s wall-clock]
Instantiating: [2.830s CPU, 2.837s wall-clock]
Computing fact groups...
Finding invariants...
28 initial candidates
Finding invariants: [0.010s CPU, 0.012s wall-clock]
Checking invariant weight... [0.000s CPU, 0.000s wall-clock]
Instantiating groups... [0.000s CPU, 0.002s wall-clock]
Collecting mutex groups... [0.010s CPU, 0.001s wall-clock]
Choosing groups...
676 uncovered facts
Choosing groups: [0.000s CPU, 0.001s wall-clock]
Building translation key... [0.000s CPU, 0.002s wall-clock]
Computing fact groups: [0.020s CPU, 0.022s wall-clock]
Building STRIPS to SAS dictionary... [0.000s CPU, 0.001s wall-clock]
Building dictionary for full mutex groups... [0.000s CPU, 0.001s wall-clock]
Building mutex information...
Building mutex information: [0.000s CPU, 0.000s wall-clock]
Translating task...
Processing axioms...
Simplifying axioms... [0.000s CPU, 0.000s wall-clock]
Translator axioms removed by simplifying: 0
Computing negative axioms... [0.000s CPU, 0.000s wall-clock]
Processing axioms: [0.140s CPU, 0.141s wall-clock]
Translating task: [2.980s CPU, 2.983s wall-clock]
66705 effect conditions simplified
0 implied preconditions added
Detecting unreachable propositions...
0 operators removed
0 axioms removed
49 propositions removed
Detecting unreachable propositions: [1.810s CPU, 1.805s wall-clock]
Reordering and filtering variables...
704 of 707 variables necessary.
0 of 37 mutex groups necessary.
43267 of 43267 operators necessary.
0 of 0 axiom rules necessary.
Reordering and filtering variables: [0.820s CPU, 0.829s wall-clock]
Translator variables: 704
Translator derived variables: 0
Translator facts: 2132
Translator goal facts: 44
Translator mutex groups: 0
Translator total mutex groups size: 0
Translator operators: 43267
Translator axioms: 0
Translator task size: 624511
Translator peak memory: 335288 KB
Writing output... [0.400s CPU, 0.397s wall-clock]
Done! [8.990s CPU, 8.995s wall-clock]
translate exit code: 0

INFO     Running search (release).
INFO     search stdin: output.sas
INFO     search time limit: 1790s
INFO     search memory limit: 2048 MB
INFO     search command line string: /home/henry/Documents/UFRGS/TCC/downward/experiments/lab/data/main/code-5bb2ccb6957559b6969ffd7e29254c73f84d5e49_e5e41175/builds/release/bin/downward --search 'eager_greedy([ff(transform=adapt_costs(cost_type=ONE))])' --internal-plan-file sas_plan < output.sas
[t=0s, 10544 KB] reading input...
[t=0.259889s, 32424 KB] done reading input!
[t=0.291859s, 54968 KB] Simplifying 246397 unary operators... done! [246397 unary operators]
[t=0.643521s, 79176 KB] time to simplify: 0.351662s
[t=0.655507s, 89300 KB] Initializing additive heuristic...
[t=0.655507s, 89300 KB] Initializing FF heuristic...
[t=0.655507s, 89300 KB] Building successor generator...done!
[t=0.675471s, 89300 KB] peak memory difference for successor generator creation: 0 KB
[t=0.675471s, 89300 KB] time for successor generation creation: 0.0199647s
[t=0.675471s, 89300 KB] Variables: 704
[t=0.675471s, 89300 KB] FactPairs: 2132
[t=0.675471s, 89300 KB] Bytes per state: 108
[t=0.675471s, 89300 KB] Conducting best first search without reopening closed nodes, (real) bound = 2147483647
[t=0.683462s, 89300 KB] New best heuristic value for ff(transform=adapt_costs(cost_type=one)): 138
[t=0.683462s, 89300 KB] g=0, 1 evaluated, 0 expanded
[t=0.683462s, 89300 KB] Initial heuristic value for ff(transform=adapt_costs(cost_type=one)): 138
[t=0.683462s, 89300 KB] pruning method: none
[t=0.703458s, 89300 KB] New best heuristic value for ff(transform=adapt_costs(cost_type=one)): 122
[t=0.703458s, 89300 KB] g=1, 4 evaluated, 1 expanded
[t=0.719435s, 89300 KB] New best heuristic value for ff(transform=adapt_costs(cost_type=one)): 120
[t=0.719435s, 89300 KB] g=1, 6 evaluated, 3 expanded
[t=65.4409s, 89300 KB] New best heuristic value for ff(transform=adapt_costs(cost_type=one)): 119
[t=65.4409s, 89300 KB] g=9, 10096 evaluated, 6744 expanded
[t=65.4729s, 89300 KB] New best heuristic value for ff(transform=adapt_costs(cost_type=one)): 117
[t=65.4729s, 89300 KB] g=10, 10101 evaluated, 6746 expanded
[t=443.37s, 89300 KB] New best heuristic value for ff(transform=adapt_costs(cost_type=one)): 116
[t=443.37s, 89300 KB] g=6, 68684 evaluated, 48330 expanded
[t=443.378s, 89300 KB] New best heuristic value for ff(transform=adapt_costs(cost_type=one)): 115
[t=443.378s, 89300 KB] g=6, 68685 evaluated, 48331 expanded
[t=507.769s, 89300 KB] New best heuristic value for ff(transform=adapt_costs(cost_type=one)): 114
[t=507.769s, 89300 KB] g=19, 78700 evaluated, 55029 expanded
[t=507.781s, 89300 KB] New best heuristic value for ff(transform=adapt_costs(cost_type=one)): 113
[t=507.781s, 89300 KB] g=19, 78701 evaluated, 55030 expanded
[t=1137.33s, 89300 KB] New best heuristic value for ff(transform=adapt_costs(cost_type=one)): 112
[t=1137.33s, 89300 KB] g=9, 178297 evaluated, 123717 expanded
[t=1139s, 89300 KB] New best heuristic value for ff(transform=adapt_costs(cost_type=one)): 111
[t=1139s, 89300 KB] g=15, 178526 evaluated, 123873 expanded
[t=1629.46s, 99388 KB] New best heuristic value for ff(transform=adapt_costs(cost_type=one)): 110
[t=1629.46s, 99388 KB] g=23, 254516 evaluated, 175920 expanded
[t=1629.47s, 99388 KB] New best heuristic value for ff(transform=adapt_costs(cost_type=one)): 109
[t=1629.47s, 99388 KB] g=23, 254517 evaluated, 175921 expanded
[t=1711.06s, 101008 KB] New best heuristic value for ff(transform=adapt_costs(cost_type=one)): 108
[t=1711.06s, 101008 KB] g=47, 267024 evaluated, 183866 expanded
[t=1711.08s, 101008 KB] New best heuristic value for ff(transform=adapt_costs(cost_type=one)): 107
[t=1711.08s, 101008 KB] g=47, 267029 evaluated, 183867 expanded
[t=1711.09s, 101008 KB] New best heuristic value for ff(transform=adapt_costs(cost_type=one)): 106
[t=1711.09s, 101008 KB] g=47, 267030 evaluated, 183868 expanded
[t=1711.28s, 101008 KB] New best heuristic value for ff(transform=adapt_costs(cost_type=one)): 105
[t=1711.28s, 101008 KB] g=50, 267060 evaluated, 183879 expanded
[t=1711.29s, 101008 KB] New best heuristic value for ff(transform=adapt_costs(cost_type=one)): 104
[t=1711.29s, 101008 KB] g=50, 267061 evaluated, 183880 expanded
[t=1712.01s, 101008 KB] New best heuristic value for ff(transform=adapt_costs(cost_type=one)): 103
[t=1712.01s, 101008 KB] g=51, 267181 evaluated, 183947 expanded
[t=1712.02s, 101008 KB] New best heuristic value for ff(transform=adapt_costs(cost_type=one)): 102
[t=1712.02s, 101008 KB] g=51, 267182 evaluated, 183948 expanded
[t=1764.32s, 101952 KB] New best heuristic value for ff(transform=adapt_costs(cost_type=one)): 101
[t=1764.32s, 101952 KB] g=59, 275376 evaluated, 189312 expanded
[t=1764.33s, 101952 KB] New best heuristic value for ff(transform=adapt_costs(cost_type=one)): 100
[t=1764.33s, 101952 KB] g=59, 275377 evaluated, 189313 expanded
[t=1764.45s, 101952 KB] New best heuristic value for ff(transform=adapt_costs(cost_type=one)): 99
[t=1764.45s, 101952 KB] g=61, 275397 evaluated, 189319 expanded
[t=1764.46s, 101952 KB] New best heuristic value for ff(transform=adapt_costs(cost_type=one)): 98
[t=1764.46s, 101952 KB] g=61, 275398 evaluated, 189320 expanded
Peak memory: 102492 KB
caught signal 24 -- exiting
Time limit has been reached.
Remove intermediate file output.sas
search exit code: 23

Driver aborting after search
INFO     Planner time: 1797.79s
