INFO     planner time limit: 1800s
INFO     planner memory limit: 2048 MB

INFO     Running translator.
INFO     translator stdin: None
INFO     translator time limit: 1799s
INFO     translator memory limit: 2048 MB
INFO     translator command line string: /home/henry/Documents/UFRGS/TCC/downward/.venv/bin/python /home/henry/Documents/UFRGS/TCC/downward/experiments/lab/data/main/code-5bb2ccb6957559b6969ffd7e29254c73f84d5e49_e5e41175/builds/release/bin/translate/translate.py domain.pddl problem.pddl --sas-file output.sas
Parsing...
Parsing: [0.010s CPU, 0.005s wall-clock]
Normalizing task... [0.000s CPU, 0.000s wall-clock]
Instantiating...
Generating Datalog program... [0.000s CPU, 0.001s wall-clock]
Normalizing Datalog program...
Normalizing Datalog program: [0.000s CPU, 0.005s wall-clock]
Preparing model... [0.010s CPU, 0.004s wall-clock]
Generated 258 rules.
Computing model... [0.670s CPU, 0.667s wall-clock]
104155 relevant atoms
1920 auxiliary atoms
106075 final queue length
389247 total queue pushes
Completing instantiation... [4.930s CPU, 4.936s wall-clock]
Instantiating: [5.640s CPU, 5.638s wall-clock]
Computing fact groups...
Finding invariants...
44 initial candidates
Finding invariants: [0.110s CPU, 0.114s wall-clock]
Checking invariant weight... [0.000s CPU, 0.000s wall-clock]
Instantiating groups... [0.000s CPU, 0.001s wall-clock]
Collecting mutex groups... [0.000s CPU, 0.000s wall-clock]
Choosing groups...
140 uncovered facts
Choosing groups: [0.000s CPU, 0.000s wall-clock]
Building translation key... [0.000s CPU, 0.000s wall-clock]
Computing fact groups: [0.110s CPU, 0.116s wall-clock]
Building STRIPS to SAS dictionary... [0.000s CPU, 0.000s wall-clock]
Building dictionary for full mutex groups... [0.000s CPU, 0.000s wall-clock]
Building mutex information...
Building mutex information: [0.000s CPU, 0.000s wall-clock]
Translating task...
Processing axioms...
Simplifying axioms... [0.000s CPU, 0.000s wall-clock]
Translator axioms removed by simplifying: 0
Computing negative axioms... [0.000s CPU, 0.000s wall-clock]
Processing axioms: [0.180s CPU, 0.183s wall-clock]
Translating task: [4.760s CPU, 4.758s wall-clock]
112889 effect conditions simplified
0 implied preconditions added
Detecting unreachable propositions...
0 operators removed
0 axioms removed
34 propositions removed
Detecting unreachable propositions: [2.660s CPU, 2.668s wall-clock]
Reordering and filtering variables...
130 of 135 variables necessary.
0 of 8 mutex groups necessary.
103417 of 103417 operators necessary.
0 of 0 axiom rules necessary.
Reordering and filtering variables: [0.820s CPU, 0.819s wall-clock]
Translator variables: 130
Translator derived variables: 0
Translator facts: 301
Translator goal facts: 2
Translator mutex groups: 0
Translator total mutex groups size: 0
Translator operators: 103417
Translator axioms: 0
Translator task size: 1088899
Translator peak memory: 648420 KB
Writing output... [0.720s CPU, 0.717s wall-clock]
Done! [14.930s CPU, 14.938s wall-clock]
translate exit code: 0

INFO     Running search (release).
INFO     search stdin: output.sas
INFO     search time limit: 1784s
INFO     search memory limit: 2048 MB
INFO     search command line string: /home/henry/Documents/UFRGS/TCC/downward/experiments/lab/data/main/code-5bb2ccb6957559b6969ffd7e29254c73f84d5e49_e5e41175/builds/release/bin/downward --search 'eager_greedy([lsh(patterns=systematic(4), transform=adapt_costs(cost_type=NORMAL))])' --internal-plan-file sas_plan < output.sas
[t=0s, 10544 KB] reading input...
[t=0.483699s, 52976 KB] done reading input!
[t=0.483699s, 53372 KB] Generating patterns using: systematic pattern collection generator
[t=0.483699s, 53372 KB] building causal graph...done! [t=0.0559537s]
[t=0.543642s, 54756 KB] Found 5346 SGA patterns.
[t=0.567608s, 54756 KB] Found 5346 interesting patterns.
[t=0.571615s, 54756 KB] systematic pattern collection generator number of patterns: 5346
[t=0.571615s, 54756 KB] systematic pattern collection generator total PDB size: 559479
[t=0.571615s, 54756 KB] systematic pattern collection generator computation time: 0.0879154s
[t=0.571615s, 54756 KB] Computing PDBs for pattern collection...
[t=128.957s, 71260 KB] Done computing PDBs for pattern collection: 128.386s
[t=159.615s, 1815068 KB] Building successor generator...done!
[t=159.655s, 1826908 KB] peak memory difference for successor generator creation: 11840 KB
[t=159.655s, 1826908 KB] time for successor generation creation: 0.0399674s
[t=159.655s, 1826908 KB] Variables: 130
[t=159.655s, 1826908 KB] FactPairs: 301
[t=159.655s, 1826908 KB] Bytes per state: 20
[t=159.655s, 1826908 KB] Conducting best first search without reopening closed nodes, (real) bound = 2147483647
[t=159.655s, 1826908 KB] New best heuristic value for lsh(patterns=systematic(4),transform=adapt_costs(cost_type=normal)): 337
[t=159.655s, 1826908 KB] g=0, 1 evaluated, 0 expanded
[t=159.655s, 1826908 KB] Initial heuristic value for lsh(patterns=systematic(4),transform=adapt_costs(cost_type=normal)): 337
[t=159.655s, 1826908 KB] pruning method: none
[t=159.659s, 1826908 KB] New best heuristic value for lsh(patterns=systematic(4),transform=adapt_costs(cost_type=normal)): 252
[t=159.659s, 1826908 KB] g=60, 2 evaluated, 1 expanded
[t=160.346s, 1826908 KB] New best heuristic value for lsh(patterns=systematic(4),transform=adapt_costs(cost_type=normal)): 251
[t=160.346s, 1826908 KB] g=183, 1226 evaluated, 723 expanded
[t=161.817s, 1826908 KB] New best heuristic value for lsh(patterns=systematic(4),transform=adapt_costs(cost_type=normal)): 191
[t=161.817s, 1826908 KB] g=489, 4038 evaluated, 2715 expanded
[t=161.821s, 1826908 KB] New best heuristic value for lsh(patterns=systematic(4),transform=adapt_costs(cost_type=normal)): 190
[t=161.821s, 1826908 KB] g=490, 4047 evaluated, 2716 expanded
[t=161.821s, 1826908 KB] New best heuristic value for lsh(patterns=systematic(4),transform=adapt_costs(cost_type=normal)): 189
[t=161.821s, 1826908 KB] g=491, 4048 evaluated, 2717 expanded
[t=175.959s, 1826908 KB] New best heuristic value for lsh(patterns=systematic(4),transform=adapt_costs(cost_type=normal)): 159
[t=175.959s, 1826908 KB] g=772, 30424 evaluated, 27393 expanded
[t=175.963s, 1826908 KB] New best heuristic value for lsh(patterns=systematic(4),transform=adapt_costs(cost_type=normal)): 129
[t=175.963s, 1826908 KB] g=802, 30434 evaluated, 27394 expanded
[t=176.815s, 1826908 KB] New best heuristic value for lsh(patterns=systematic(4),transform=adapt_costs(cost_type=normal)): 100
[t=176.815s, 1826908 KB] g=929, 32508 evaluated, 28530 expanded
[t=176.819s, 1826908 KB] New best heuristic value for lsh(patterns=systematic(4),transform=adapt_costs(cost_type=normal)): 99
[t=176.819s, 1826908 KB] g=930, 32516 evaluated, 28531 expanded
[t=176.819s, 1826908 KB] New best heuristic value for lsh(patterns=systematic(4),transform=adapt_costs(cost_type=normal)): 98
[t=176.819s, 1826908 KB] g=931, 32517 evaluated, 28532 expanded
[t=176.819s, 1826908 KB] New best heuristic value for lsh(patterns=systematic(4),transform=adapt_costs(cost_type=normal)): 83
[t=176.819s, 1826908 KB] g=947, 32519 evaluated, 28534 expanded
[t=176.823s, 1826908 KB] New best heuristic value for lsh(patterns=systematic(4),transform=adapt_costs(cost_type=normal)): 68
[t=176.823s, 1826908 KB] g=962, 32529 evaluated, 28535 expanded
[t=176.823s, 1826908 KB] New best heuristic value for lsh(patterns=systematic(4),transform=adapt_costs(cost_type=normal)): 53
[t=176.823s, 1826908 KB] g=977, 32538 evaluated, 28536 expanded
[t=176.886s, 1826908 KB] New best heuristic value for lsh(patterns=systematic(4),transform=adapt_costs(cost_type=normal)): 38
[t=176.886s, 1826908 KB] g=992, 32813 evaluated, 28602 expanded
[t=176.89s, 1826908 KB] New best heuristic value for lsh(patterns=systematic(4),transform=adapt_costs(cost_type=normal)): 37
[t=176.89s, 1826908 KB] g=993, 32820 evaluated, 28603 expanded
[t=176.89s, 1826908 KB] New best heuristic value for lsh(patterns=systematic(4),transform=adapt_costs(cost_type=normal)): 36
[t=176.89s, 1826908 KB] g=994, 32821 evaluated, 28604 expanded
[t=196.088s, 1826908 KB] New best heuristic value for lsh(patterns=systematic(4),transform=adapt_costs(cost_type=normal)): 30
[t=196.088s, 1826908 KB] g=1286, 85350 evaluated, 68984 expanded
[t=196.088s, 1826908 KB] New best heuristic value for lsh(patterns=systematic(4),transform=adapt_costs(cost_type=normal)): 24
[t=196.088s, 1826908 KB] g=1292, 85361 evaluated, 68985 expanded
[t=196.092s, 1826908 KB] New best heuristic value for lsh(patterns=systematic(4),transform=adapt_costs(cost_type=normal)): 23
[t=196.092s, 1826908 KB] g=1292, 85370 evaluated, 68985 expanded
[t=196.092s, 1826908 KB] New best heuristic value for lsh(patterns=systematic(4),transform=adapt_costs(cost_type=normal)): 17
[t=196.092s, 1826908 KB] g=1298, 85371 evaluated, 68986 expanded
[t=196.092s, 1826908 KB] New best heuristic value for lsh(patterns=systematic(4),transform=adapt_costs(cost_type=normal)): 11
[t=196.092s, 1826908 KB] g=1304, 85380 evaluated, 68987 expanded
[t=196.124s, 1826908 KB] New best heuristic value for lsh(patterns=systematic(4),transform=adapt_costs(cost_type=normal)): 7
[t=196.124s, 1826908 KB] g=1310, 85619 evaluated, 69076 expanded
Failed to allocate memory.
Memory limit has been reached.
Peak memory: 2097072 KB
Remove intermediate file output.sas
search exit code: 22

Driver aborting after search
INFO     Planner time: 1463.51s
