INFO     planner time limit: 1800s
INFO     planner memory limit: 2048 MB

INFO     Running translator.
INFO     translator stdin: None
INFO     translator time limit: 1799s
INFO     translator memory limit: 2048 MB
INFO     translator command line string: /home/henry/Documents/UFRGS/TCC/downward/.venv/bin/python /home/henry/Documents/UFRGS/TCC/downward/experiments/lab/data/main/code-5bb2ccb6957559b6969ffd7e29254c73f84d5e49_e5e41175/builds/release/bin/translate/translate.py domain.pddl problem.pddl --sas-file output.sas
Parsing...
Parsing: [0.000s CPU, 0.003s wall-clock]
Normalizing task... [0.000s CPU, 0.000s wall-clock]
Instantiating...
Generating Datalog program... [0.000s CPU, 0.001s wall-clock]
Normalizing Datalog program...
Normalizing Datalog program: [0.000s CPU, 0.003s wall-clock]
Preparing model... [0.010s CPU, 0.003s wall-clock]
Generated 212 rules.
Computing model... [0.010s CPU, 0.010s wall-clock]
1045 relevant atoms
1190 auxiliary atoms
2235 final queue length
3108 total queue pushes
Completing instantiation... [0.010s CPU, 0.011s wall-clock]
Instantiating: [0.030s CPU, 0.028s wall-clock]
Computing fact groups...
Finding invariants...
20 initial candidates
Finding invariants: [0.000s CPU, 0.004s wall-clock]
Checking invariant weight... [0.000s CPU, 0.000s wall-clock]
Instantiating groups... [0.000s CPU, 0.000s wall-clock]
Collecting mutex groups... [0.000s CPU, 0.000s wall-clock]
Choosing groups...
249 uncovered facts
Choosing groups: [0.000s CPU, 0.000s wall-clock]
Building translation key... [0.010s CPU, 0.001s wall-clock]
Computing fact groups: [0.010s CPU, 0.007s wall-clock]
Building STRIPS to SAS dictionary... [0.000s CPU, 0.000s wall-clock]
Building dictionary for full mutex groups... [0.000s CPU, 0.000s wall-clock]
Building mutex information...
Building mutex information: [0.000s CPU, 0.000s wall-clock]
Translating task...
Processing axioms...
Simplifying axioms... [0.000s CPU, 0.000s wall-clock]
Translator axioms removed by simplifying: 0
Computing negative axioms... [0.000s CPU, 0.000s wall-clock]
Processing axioms: [0.000s CPU, 0.001s wall-clock]
Translating task: [0.010s CPU, 0.012s wall-clock]
325 effect conditions simplified
0 implied preconditions added
Detecting unreachable propositions...
0 operators removed
0 axioms removed
11 propositions removed
Detecting unreachable propositions: [0.000s CPU, 0.006s wall-clock]
Reordering and filtering variables...
95 of 257 variables necessary.
0 of 9 mutex groups necessary.
433 of 433 operators necessary.
0 of 0 axiom rules necessary.
Reordering and filtering variables: [0.010s CPU, 0.003s wall-clock]
Translator variables: 95
Translator derived variables: 0
Translator facts: 334
Translator goal facts: 54
Translator mutex groups: 0
Translator total mutex groups size: 0
Translator operators: 433
Translator axioms: 0
Translator task size: 3203
Translator peak memory: 34656 KB
Writing output... [0.000s CPU, 0.002s wall-clock]
Done! [0.060s CPU, 0.063s wall-clock]
translate exit code: 0

INFO     Running search (release).
INFO     search stdin: output.sas
INFO     search time limit: 1799s
INFO     search memory limit: 2048 MB
INFO     search command line string: /home/henry/Documents/UFRGS/TCC/downward/experiments/lab/data/main/code-5bb2ccb6957559b6969ffd7e29254c73f84d5e49_e5e41175/builds/release/bin/downward --search 'eager_greedy([lsh(patterns=systematic(4), transform=adapt_costs(cost_type=NORMAL))])' --internal-plan-file sas_plan < output.sas
[t=0s, 10544 KB] reading input...
[t=0.00375704s, 10676 KB] done reading input!
[t=0.00375704s, 11076 KB] Generating patterns using: systematic pattern collection generator
[t=0.00375704s, 11076 KB] building causal graph...done! [t=0s]
[t=0.0117433s, 14420 KB] Found 14004 SGA patterns.
[t=0.0997141s, 18536 KB] Found 38088 interesting patterns.
[t=0.10771s, 18932 KB] systematic pattern collection generator number of patterns: 38088
[t=0.10771s, 18932 KB] systematic pattern collection generator total PDB size: 5032572
[t=0.10771s, 18932 KB] systematic pattern collection generator computation time: 0.103953s
[t=0.10771s, 18932 KB] Computing PDBs for pattern collection...
[t=2.93865s, 44508 KB] Done computing PDBs for pattern collection: 2.83094s
[t=3.21856s, 62036 KB] Building successor generator...done!
[t=3.21856s, 62036 KB] peak memory difference for successor generator creation: 0 KB
[t=3.21856s, 62036 KB] time for successor generation creation: 0s
[t=3.21856s, 62036 KB] Variables: 95
[t=3.21856s, 62036 KB] FactPairs: 334
[t=3.21856s, 62036 KB] Bytes per state: 20
[t=3.21856s, 62036 KB] Conducting best first search without reopening closed nodes, (real) bound = 2147483647
[t=3.22256s, 62036 KB] New best heuristic value for lsh(patterns=systematic(4),transform=adapt_costs(cost_type=normal)): 2976396
[t=3.22256s, 62036 KB] g=0, 1 evaluated, 0 expanded
[t=3.22256s, 62036 KB] Initial heuristic value for lsh(patterns=systematic(4),transform=adapt_costs(cost_type=normal)): 2976396
[t=3.22256s, 62036 KB] pruning method: none
[t=3.22655s, 62036 KB] New best heuristic value for lsh(patterns=systematic(4),transform=adapt_costs(cost_type=normal)): 2964396
[t=3.22655s, 62036 KB] g=8000, 3 evaluated, 2 expanded
[t=3.25053s, 62036 KB] New best heuristic value for lsh(patterns=systematic(4),transform=adapt_costs(cost_type=normal)): 2952396
[t=3.25053s, 62036 KB] g=16000, 23 evaluated, 3 expanded
[t=3.28249s, 62036 KB] New best heuristic value for lsh(patterns=systematic(4),transform=adapt_costs(cost_type=normal)): 2940396
[t=3.28249s, 62036 KB] g=24000, 43 evaluated, 4 expanded
[t=3.30648s, 62036 KB] New best heuristic value for lsh(patterns=systematic(4),transform=adapt_costs(cost_type=normal)): 2928396
[t=3.30648s, 62036 KB] g=32000, 60 evaluated, 5 expanded
[t=3.33047s, 62036 KB] New best heuristic value for lsh(patterns=systematic(4),transform=adapt_costs(cost_type=normal)): 2916396
[t=3.33047s, 62036 KB] g=40000, 76 evaluated, 6 expanded
[t=3.35445s, 62036 KB] New best heuristic value for lsh(patterns=systematic(4),transform=adapt_costs(cost_type=normal)): 2904396
[t=3.35445s, 62036 KB] g=48000, 91 evaluated, 7 expanded
[t=3.37843s, 62036 KB] New best heuristic value for lsh(patterns=systematic(4),transform=adapt_costs(cost_type=normal)): 2896396
[t=3.37843s, 62036 KB] g=56000, 105 evaluated, 8 expanded
[t=3.39841s, 62036 KB] New best heuristic value for lsh(patterns=systematic(4),transform=adapt_costs(cost_type=normal)): 2888396
[t=3.39841s, 62036 KB] g=64000, 116 evaluated, 9 expanded
[t=3.41439s, 62036 KB] New best heuristic value for lsh(patterns=systematic(4),transform=adapt_costs(cost_type=normal)): 2880396
[t=3.41439s, 62036 KB] g=72000, 126 evaluated, 10 expanded
[t=3.50235s, 62036 KB] New best heuristic value for lsh(patterns=systematic(4),transform=adapt_costs(cost_type=normal)): 2767383
[t=3.50235s, 62036 KB] g=187013, 177 evaluated, 18 expanded
[t=3.59431s, 62036 KB] New best heuristic value for lsh(patterns=systematic(4),transform=adapt_costs(cost_type=normal)): 2654370
[t=3.59431s, 62036 KB] g=302026, 235 evaluated, 27 expanded
[t=3.69024s, 62036 KB] New best heuristic value for lsh(patterns=systematic(4),transform=adapt_costs(cost_type=normal)): 2541357
[t=3.69024s, 62036 KB] g=417039, 293 evaluated, 37 expanded
[t=3.84614s, 62036 KB] New best heuristic value for lsh(patterns=systematic(4),transform=adapt_costs(cost_type=normal)): 2317317
[t=3.84614s, 62036 KB] g=652078, 385 evaluated, 53 expanded
[t=3.86213s, 62036 KB] New best heuristic value for lsh(patterns=systematic(4),transform=adapt_costs(cost_type=normal)): 2204304
[t=3.86213s, 62036 KB] g=660078, 396 evaluated, 54 expanded
[t=3.87012s, 62036 KB] New best heuristic value for lsh(patterns=systematic(4),transform=adapt_costs(cost_type=normal)): 2192304
[t=3.87012s, 62036 KB] g=670077, 400 evaluated, 55 expanded
[t=3.88212s, 62036 KB] New best heuristic value for lsh(patterns=systematic(4),transform=adapt_costs(cost_type=normal)): 2184304
[t=3.88212s, 62036 KB] g=678077, 410 evaluated, 56 expanded
[t=4.02203s, 62036 KB] New best heuristic value for lsh(patterns=systematic(4),transform=adapt_costs(cost_type=normal)): 1960264
[t=4.02203s, 62036 KB] g=913116, 490 evaluated, 70 expanded
[t=4.03403s, 62036 KB] New best heuristic value for lsh(patterns=systematic(4),transform=adapt_costs(cost_type=normal)): 1847251
[t=4.03403s, 62036 KB] g=921116, 499 evaluated, 71 expanded
[t=4.04202s, 62036 KB] New best heuristic value for lsh(patterns=systematic(4),transform=adapt_costs(cost_type=normal)): 1835251
[t=4.04202s, 62036 KB] g=931115, 503 evaluated, 72 expanded
[t=4.14596s, 62036 KB] New best heuristic value for lsh(patterns=systematic(4),transform=adapt_costs(cost_type=normal)): 1611211
[t=4.14596s, 62036 KB] g=1166154, 577 evaluated, 84 expanded
[t=4.15795s, 62036 KB] New best heuristic value for lsh(patterns=systematic(4),transform=adapt_costs(cost_type=normal)): 1498198
[t=4.15795s, 62036 KB] g=1174154, 586 evaluated, 85 expanded
[t=4.16195s, 62036 KB] New best heuristic value for lsh(patterns=systematic(4),transform=adapt_costs(cost_type=normal)): 1486198
[t=4.16195s, 62036 KB] g=1184153, 590 evaluated, 86 expanded
[t=4.2379s, 62036 KB] New best heuristic value for lsh(patterns=systematic(4),transform=adapt_costs(cost_type=normal)): 1262158
[t=4.2379s, 62036 KB] g=1419192, 657 evaluated, 96 expanded
[t=4.24991s, 62036 KB] New best heuristic value for lsh(patterns=systematic(4),transform=adapt_costs(cost_type=normal)): 1149145
[t=4.24991s, 62036 KB] g=1427192, 666 evaluated, 97 expanded
[t=4.25789s, 62036 KB] New best heuristic value for lsh(patterns=systematic(4),transform=adapt_costs(cost_type=normal)): 1137145
[t=4.25789s, 62036 KB] g=1437191, 670 evaluated, 98 expanded
[t=4.30986s, 62036 KB] New best heuristic value for lsh(patterns=systematic(4),transform=adapt_costs(cost_type=normal)): 913105
[t=4.30986s, 62036 KB] g=1672230, 728 evaluated, 106 expanded
[t=4.31786s, 62036 KB] New best heuristic value for lsh(patterns=systematic(4),transform=adapt_costs(cost_type=normal)): 800092
[t=4.31786s, 62036 KB] g=1680230, 737 evaluated, 107 expanded
[t=4.32185s, 62036 KB] New best heuristic value for lsh(patterns=systematic(4),transform=adapt_costs(cost_type=normal)): 788092
[t=4.32185s, 62036 KB] g=1690229, 741 evaluated, 108 expanded
[t=4.35383s, 62036 KB] New best heuristic value for lsh(patterns=systematic(4),transform=adapt_costs(cost_type=normal)): 564052
[t=4.35383s, 62036 KB] g=1925268, 788 evaluated, 114 expanded
[t=4.36182s, 62036 KB] New best heuristic value for lsh(patterns=systematic(4),transform=adapt_costs(cost_type=normal)): 451039
[t=4.36182s, 62036 KB] g=1933268, 797 evaluated, 115 expanded
[t=4.36981s, 62036 KB] New best heuristic value for lsh(patterns=systematic(4),transform=adapt_costs(cost_type=normal)): 439039
[t=4.36981s, 62036 KB] g=1943267, 801 evaluated, 116 expanded
[t=4.43378s, 62036 KB] New best heuristic value for lsh(patterns=systematic(4),transform=adapt_costs(cost_type=normal)): 318026
[t=4.43378s, 62036 KB] g=1978264, 946 evaluated, 137 expanded
[t=4.43778s, 62036 KB] New best heuristic value for lsh(patterns=systematic(4),transform=adapt_costs(cost_type=normal)): 314026
[t=4.43778s, 62036 KB] g=1981263, 954 evaluated, 138 expanded
[t=4.44578s, 62036 KB] New best heuristic value for lsh(patterns=systematic(4),transform=adapt_costs(cost_type=normal)): 306026
[t=4.44578s, 62036 KB] g=1989263, 962 evaluated, 139 expanded
[t=4.44977s, 62036 KB] New best heuristic value for lsh(patterns=systematic(4),transform=adapt_costs(cost_type=normal)): 298026
[t=4.44977s, 62036 KB] g=1997263, 971 evaluated, 140 expanded
[t=4.48574s, 62036 KB] New best heuristic value for lsh(patterns=systematic(4),transform=adapt_costs(cost_type=normal)): 177013
[t=4.48574s, 62036 KB] g=2032260, 1035 evaluated, 151 expanded
[t=4.48974s, 62036 KB] New best heuristic value for lsh(patterns=systematic(4),transform=adapt_costs(cost_type=normal)): 173013
[t=4.48974s, 62036 KB] g=2035259, 1041 evaluated, 152 expanded
[t=4.48974s, 62036 KB] New best heuristic value for lsh(patterns=systematic(4),transform=adapt_costs(cost_type=normal)): 165013
[t=4.49373s, 62036 KB] g=2043259, 1047 evaluated, 153 expanded
[t=4.50172s, 62036 KB] New best heuristic value for lsh(patterns=systematic(4),transform=adapt_costs(cost_type=normal)): 44000
[t=4.50172s, 62036 KB] g=2078256, 1075 evaluated, 158 expanded
[t=4.50572s, 62036 KB] New best heuristic value for lsh(patterns=systematic(4),transform=adapt_costs(cost_type=normal)): 40000
[t=4.50572s, 62036 KB] g=2081255, 1080 evaluated, 159 expanded
[t=4.50572s, 62036 KB] New best heuristic value for lsh(patterns=systematic(4),transform=adapt_costs(cost_type=normal)): 32000
[t=4.50572s, 62036 KB] g=2089255, 1085 evaluated, 160 expanded
[t=4.50973s, 62036 KB] New best heuristic value for lsh(patterns=systematic(4),transform=adapt_costs(cost_type=normal)): 24000
[t=4.50973s, 62036 KB] g=2097255, 1091 evaluated, 161 expanded
[t=4.50973s, 62036 KB] New best heuristic value for lsh(patterns=systematic(4),transform=adapt_costs(cost_type=normal)): 16000
[t=4.50973s, 62036 KB] g=2105255, 1096 evaluated, 162 expanded
[t=4.50973s, 62036 KB] New best heuristic value for lsh(patterns=systematic(4),transform=adapt_costs(cost_type=normal)): 8000
[t=4.50973s, 62036 KB] g=2113255, 1100 evaluated, 163 expanded
[t=4.51372s, 62036 KB] New best heuristic value for lsh(patterns=systematic(4),transform=adapt_costs(cost_type=normal)): 0
[t=4.51372s, 62036 KB] g=2121255, 1103 evaluated, 164 expanded
[t=4.51372s, 62036 KB] Solution found!
[t=4.51372s, 62036 KB] Actual search time: 1.29116s
initialize  (0)
colorfeeder-feed-letter sheet1 (8000)
colorfeeder-feed-letter sheet3 (8000)
colorfeeder-feed-letter sheet6 (8000)
colorfeeder-feed-letter sheet7 (8000)
colorfeeder-feed-letter sheet8 (8000)
colorfeeder-feed-letter sheet9 (8000)
blackfeeder-feed-letter sheet2 (8000)
blackfeeder-feed-letter sheet4 (8000)
blackfeeder-feed-letter sheet5 (8000)
blackcontainer-toime-letter sheet2 (2000)
blackprinter-simplex-letter sheet2 front image-2 (113013)
blackcontainer-toime-letter sheet4 (2000)
blackprinter-simplex-letter sheet4 front image-4 (113013)
blackcontainer-toime-letter sheet5 (2000)
blackprinter-simplex-letter sheet5 front image-5 (113013)
down-movebottom-letter sheet1 (2999)
colorcontainer-toime-letter sheet1 (8000)
colorprinter-simplex-letter sheet1 front image-1 (224040)
colorcontainer-fromime-letter sheet1 (8000)
up-moveup-letter sheet1 (9999)
finisher1-stack-letter sheet1 dummy-sheet (8000)
down-movebottom-letter sheet3 (2999)
colorcontainer-toime-letter sheet3 (8000)
colorprinter-simplex-letter sheet3 front image-3 (224040)
colorcontainer-fromime-letter sheet3 (8000)
up-moveup-letter sheet3 (9999)
down-movebottom-letter sheet6 (2999)
colorcontainer-toime-letter sheet6 (8000)
colorprinter-simplex-letter sheet6 front image-6 (224040)
colorcontainer-fromime-letter sheet6 (8000)
up-moveup-letter sheet6 (9999)
down-movebottom-letter sheet7 (2999)
colorcontainer-toime-letter sheet7 (8000)
colorprinter-simplex-letter sheet7 front image-7 (224040)
colorcontainer-fromime-letter sheet7 (8000)
up-moveup-letter sheet7 (9999)
down-movebottom-letter sheet8 (2999)
colorcontainer-toime-letter sheet8 (8000)
colorprinter-simplex-letter sheet8 front image-8 (224040)
colorcontainer-fromime-letter sheet8 (8000)
up-moveup-letter sheet8 (9999)
down-movebottom-letter sheet9 (2999)
colorcontainer-toime-letter sheet9 (8000)
colorprinter-simplex-letter sheet9 front image-9 (224040)
colorcontainer-fromime-letter sheet9 (8000)
up-moveup-letter sheet9 (9999)
blackcontainer-fromime-letter sheet2 (2000)
endcap-move-letter sheet2 (2000)
htmoverblack-move-letter sheet2 (17999)
down-movetop-letter sheet2 (2999)
htmovercolor-move-letter sheet2 (9999)
up-movetop-letter sheet2 (2999)
finisher1-stack-letter sheet2 sheet1 (8000)
finisher1-stack-letter sheet3 sheet2 (8000)
blackcontainer-fromime-letter sheet4 (2000)
endcap-move-letter sheet4 (2000)
htmoverblack-move-letter sheet4 (17999)
down-movetop-letter sheet4 (2999)
htmovercolor-move-letter sheet4 (9999)
up-movetop-letter sheet4 (2999)
finisher1-stack-letter sheet4 sheet3 (8000)
blackcontainer-fromime-letter sheet5 (2000)
endcap-move-letter sheet5 (2000)
htmoverblack-move-letter sheet5 (17999)
down-movetop-letter sheet5 (2999)
htmovercolor-move-letter sheet5 (9999)
up-movetop-letter sheet5 (2999)
finisher1-stack-letter sheet5 sheet4 (8000)
finisher1-stack-letter sheet6 sheet5 (8000)
finisher1-stack-letter sheet7 sheet6 (8000)
finisher1-stack-letter sheet8 sheet7 (8000)
finisher1-stack-letter sheet9 sheet8 (8000)
[t=4.51372s, 62036 KB] Plan length: 73 step(s).
[t=4.51372s, 62036 KB] Plan cost: 2121255
[t=4.51372s, 62036 KB] Expanded 165 state(s).
[t=4.51372s, 62036 KB] Reopened 0 state(s).
[t=4.51372s, 62036 KB] Evaluated 1104 state(s).
[t=4.51372s, 62036 KB] Evaluations: 1104
[t=4.51372s, 62036 KB] Generated 1413 state(s).
[t=4.51372s, 62036 KB] Dead ends: 356 state(s).
[t=4.51372s, 62036 KB] Number of registered states: 1104
[t=4.51372s, 62036 KB] Int hash set load factor: 1104/2048 = 0.539062
[t=4.51372s, 62036 KB] Int hash set resizes: 11
[t=4.51372s, 62036 KB] Search time: 1.29516s
[t=4.51372s, 62036 KB] Total time: 4.51372s
Solution found.
Peak memory: 62036 KB
Remove intermediate file output.sas
search exit code: 0

INFO     Running validate.
INFO     validate stdin: None
INFO     validate time limit: None
INFO     validate memory limit: None
INFO     validate command line string: /home/henry/bin/validate domain.pddl problem.pddl sas_plan
Checking plan: sas_plan
Plan executed successfully - checking goal
Plan valid
Final value: 2121255 

Successful plans:
Value: 2121255
 sas_plan 2121255 

validate exit code: 0

INFO     Planner time: 4.65s
