INFO     planner time limit: 1800s
INFO     planner memory limit: 2048 MB

INFO     Running translator.
INFO     translator stdin: None
INFO     translator time limit: 1799s
INFO     translator memory limit: 2048 MB
INFO     translator command line string: /home/henry/Documents/UFRGS/TCC/downward/.venv/bin/python /home/henry/Documents/UFRGS/TCC/downward/experiments/lab/data/main/code-fa850d1cb8d716322f299a4f9b64478019793ada_e5e41175/builds/release/bin/translate/translate.py domain.pddl problem.pddl --sas-file output.sas
Parsing...
Parsing: [0.010s CPU, 0.004s wall-clock]
Normalizing task... [0.000s CPU, 0.000s wall-clock]
Instantiating...
Generating Datalog program... [0.000s CPU, 0.001s wall-clock]
Normalizing Datalog program...
Normalizing Datalog program: [0.000s CPU, 0.005s wall-clock]
Preparing model... [0.010s CPU, 0.003s wall-clock]
Generated 350 rules.
Computing model... [0.000s CPU, 0.002s wall-clock]
242 relevant atoms
266 auxiliary atoms
508 final queue length
600 total queue pushes
Completing instantiation... [0.000s CPU, 0.001s wall-clock]
Instantiating: [0.010s CPU, 0.012s wall-clock]
Computing fact groups...
Finding invariants...
20 initial candidates
Finding invariants: [0.010s CPU, 0.005s wall-clock]
Checking invariant weight... [0.000s CPU, 0.000s wall-clock]
Instantiating groups... [0.000s CPU, 0.000s wall-clock]
Collecting mutex groups... [0.000s CPU, 0.000s wall-clock]
Choosing groups...
25 uncovered facts
Choosing groups: [0.000s CPU, 0.000s wall-clock]
Building translation key... [0.000s CPU, 0.000s wall-clock]
Computing fact groups: [0.010s CPU, 0.006s wall-clock]
Building STRIPS to SAS dictionary... [0.000s CPU, 0.000s wall-clock]
Building dictionary for full mutex groups... [0.000s CPU, 0.000s wall-clock]
Building mutex information...
Building mutex information: [0.000s CPU, 0.000s wall-clock]
Translating task...
Processing axioms...
Simplifying axioms... [0.000s CPU, 0.000s wall-clock]
Translator axioms removed by simplifying: 0
Computing negative axioms... [0.000s CPU, 0.000s wall-clock]
Processing axioms: [0.000s CPU, 0.000s wall-clock]
Translating task: [0.000s CPU, 0.001s wall-clock]
25 effect conditions simplified
0 implied preconditions added
Detecting unreachable propositions...
0 operators removed
0 axioms removed
7 propositions removed
Detecting unreachable propositions: [0.000s CPU, 0.001s wall-clock]
Reordering and filtering variables...
22 of 23 variables necessary.
0 of 1 mutex groups necessary.
46 of 46 operators necessary.
0 of 0 axiom rules necessary.
Reordering and filtering variables: [0.000s CPU, 0.000s wall-clock]
Translator variables: 22
Translator derived variables: 0
Translator facts: 63
Translator goal facts: 4
Translator mutex groups: 0
Translator total mutex groups size: 0
Translator operators: 46
Translator axioms: 0
Translator task size: 365
Translator peak memory: 32628 KB
Writing output... [0.000s CPU, 0.000s wall-clock]
Done! [0.030s CPU, 0.025s wall-clock]
translate exit code: 0

INFO     Running search (release).
INFO     search stdin: output.sas
INFO     search time limit: 1799s
INFO     search memory limit: 2048 MB
INFO     search command line string: /home/henry/Documents/UFRGS/TCC/downward/experiments/lab/data/main/code-fa850d1cb8d716322f299a4f9b64478019793ada_e5e41175/builds/release/bin/downward --search 'eager_greedy([ilsh(patterns=systematic(4), transform=adapt_costs(cost_type=ONE))])' --internal-plan-file sas_plan < output.sas
[t=0s, 45596 KB] reading input...
[t=0s, 45596 KB] done reading input!
[t=0s, 45860 KB] Generating patterns using: systematic pattern collection generator
[t=0s, 45860 KB] building causal graph...done! [t=0s]
[t=0s, 45996 KB] Found 935 SGA patterns.
[t=0s, 45996 KB] Found 1009 interesting patterns.
[t=0.00399944s, 45996 KB] systematic pattern collection generator number of patterns: 1009
[t=0.00399944s, 45996 KB] systematic pattern collection generator total PDB size: 116908
[t=0.00399944s, 45996 KB] systematic pattern collection generator computation time: 0.00399944s
[t=0.00399944s, 45996 KB] Computing PDBs for pattern collection...
[t=0.0279892s, 46772 KB] Done computing PDBs for pattern collection: 0.0239898s
[t=0.031995s, 47432 KB] Tie breaking: 2
[t=0.031995s, 47432 KB] Building successor generator...done!
[t=0.031995s, 47432 KB] peak memory difference for successor generator creation: 0 KB
[t=0.031995s, 47432 KB] time for successor generation creation: 0s
[t=0.031995s, 47432 KB] Variables: 22
[t=0.031995s, 47432 KB] FactPairs: 63
[t=0.031995s, 47432 KB] Bytes per state: 4
[t=0.031995s, 47432 KB] Conducting best first search without reopening closed nodes, (real) bound = 2147483647
[t=0.031995s, 47432 KB] New best heuristic value for ilsh(patterns=systematic(4),transform=adapt_costs(cost_type=one)): 9
[t=0.031995s, 47432 KB] g=0, 1 evaluated, 0 expanded
[t=0.031995s, 47432 KB] Initial heuristic value for ilsh(patterns=systematic(4),transform=adapt_costs(cost_type=one)): 9
[t=0.031995s, 47432 KB] pruning method: none
[t=0.031995s, 47432 KB] New best heuristic value for ilsh(patterns=systematic(4),transform=adapt_costs(cost_type=one)): 8
[t=0.031995s, 47432 KB] g=899, 3 evaluated, 2 expanded
[t=0.031995s, 47432 KB] New best heuristic value for ilsh(patterns=systematic(4),transform=adapt_costs(cost_type=one)): 7
[t=0.031995s, 47432 KB] g=3588, 4 evaluated, 3 expanded
[t=0.031995s, 47432 KB] New best heuristic value for ilsh(patterns=systematic(4),transform=adapt_costs(cost_type=one)): 5
[t=0.031995s, 47432 KB] g=15393, 6 evaluated, 4 expanded
[t=0.031995s, 47432 KB] New best heuristic value for ilsh(patterns=systematic(4),transform=adapt_costs(cost_type=one)): 4
[t=0.031995s, 47432 KB] g=139142, 8 evaluated, 5 expanded
[t=0.031995s, 47432 KB] New best heuristic value for ilsh(patterns=systematic(4),transform=adapt_costs(cost_type=one)): 3
[t=0.031995s, 47432 KB] g=166851, 9 evaluated, 6 expanded
[t=0.031995s, 47432 KB] New best heuristic value for ilsh(patterns=systematic(4),transform=adapt_costs(cost_type=one)): 2
[t=0.031995s, 47432 KB] g=178058, 11 evaluated, 7 expanded
[t=0.031995s, 47432 KB] New best heuristic value for ilsh(patterns=systematic(4),transform=adapt_costs(cost_type=one)): 1
[t=0.031995s, 47432 KB] g=181309, 13 evaluated, 8 expanded
[t=0.0359842s, 47432 KB] New best heuristic value for ilsh(patterns=systematic(4),transform=adapt_costs(cost_type=one)): 0
[t=0.0359842s, 47432 KB] g=182808, 15 evaluated, 9 expanded
[t=0.0359842s, 47432 KB] Solution found!
[t=0.0359842s, 47432 KB] Actual search time: 0.00398917s
initialize  (0)
fe1-feedmsi-letter sheet1 (500)
im1-movelower-letter sheet1 (3088)
lc1-divert-letter sheet1 back front (11805)
lbe-simplex-letter sheet1 front image-1 (123749)
lc1-merge-letter sheet1 (27709)
lc2-fmove-letter sheet1 (11207)
om-lowerout-letter sheet1 (3251)
sys-stack-letter sheet1 dummy-sheet (1499)
[t=0.0359842s, 47432 KB] Plan length: 9 step(s).
[t=0.0359842s, 47432 KB] Plan cost: 182808
[t=0.0359842s, 47432 KB] Expanded 10 state(s).
[t=0.0359842s, 47432 KB] Reopened 0 state(s).
[t=0.0359842s, 47432 KB] Evaluated 15 state(s).
[t=0.0359842s, 47432 KB] Evaluations: 15
[t=0.0359842s, 47432 KB] Generated 15 state(s).
[t=0.0359842s, 47432 KB] Dead ends: 1 state(s).
[t=0.0359842s, 47432 KB] Number of registered states: 15
[t=0.0359842s, 47432 KB] Int hash set load factor: 15/16 = 0.9375
[t=0.0359842s, 47432 KB] Int hash set resizes: 4
[t=0.0359842s, 47432 KB] Search time: 0.00398917s
[t=0.0359842s, 47432 KB] Total time: 0.0359842s
Solution found.
Peak memory: 47432 KB
Remove intermediate file output.sas
search exit code: 0

INFO     Running validate.
INFO     validate stdin: None
INFO     validate time limit: None
INFO     validate memory limit: None
INFO     validate command line string: /home/henry/bin/validate domain.pddl problem.pddl sas_plan
Checking plan: sas_plan
Plan executed successfully - checking goal
Plan valid
Final value: 182808 

Successful plans:
Value: 182808
 sas_plan 182808 

validate exit code: 0

INFO     Planner time: 0.11s
