INFO     planner time limit: 1800s
INFO     planner memory limit: 2048 MB

INFO     Running translator.
INFO     translator stdin: None
INFO     translator time limit: 1799s
INFO     translator memory limit: 2048 MB
INFO     translator command line string: /home/henry/Documents/UFRGS/TCC/downward/.venv/bin/python /home/henry/Documents/UFRGS/TCC/downward/experiments/lab/data/main/code-fa850d1cb8d716322f299a4f9b64478019793ada_e5e41175/builds/release/bin/translate/translate.py domain.pddl problem.pddl --sas-file output.sas
Parsing...
Parsing: [0.000s CPU, 0.001s wall-clock]
Normalizing task... [0.000s CPU, 0.000s wall-clock]
Instantiating...
Generating Datalog program... [0.000s CPU, 0.000s wall-clock]
Normalizing Datalog program...
Normalizing Datalog program: [0.000s CPU, 0.002s wall-clock]
Preparing model... [0.000s CPU, 0.001s wall-clock]
Generated 51 rules.
Computing model... [0.000s CPU, 0.004s wall-clock]
336 relevant atoms
369 auxiliary atoms
705 final queue length
820 total queue pushes
Completing instantiation... [0.010s CPU, 0.003s wall-clock]
Instantiating: [0.010s CPU, 0.010s wall-clock]
Computing fact groups...
Finding invariants...
6 initial candidates
Finding invariants: [0.000s CPU, 0.001s wall-clock]
Checking invariant weight... [0.000s CPU, 0.000s wall-clock]
Instantiating groups... [0.000s CPU, 0.000s wall-clock]
Collecting mutex groups... [0.000s CPU, 0.000s wall-clock]
Choosing groups...
0 uncovered facts
Choosing groups: [0.000s CPU, 0.000s wall-clock]
Building translation key... [0.000s CPU, 0.000s wall-clock]
Computing fact groups: [0.000s CPU, 0.002s wall-clock]
Building STRIPS to SAS dictionary... [0.000s CPU, 0.000s wall-clock]
Building dictionary for full mutex groups... [0.000s CPU, 0.000s wall-clock]
Building mutex information...
Building mutex information: [0.000s CPU, 0.000s wall-clock]
Translating task...
Processing axioms...
Simplifying axioms... [0.000s CPU, 0.000s wall-clock]
Translator axioms removed by simplifying: 0
Computing negative axioms... [0.000s CPU, 0.000s wall-clock]
Processing axioms: [0.000s CPU, 0.000s wall-clock]
Translating task: [0.000s CPU, 0.003s wall-clock]
0 effect conditions simplified
0 implied preconditions added
Detecting unreachable propositions...
0 operators removed
0 axioms removed
12 propositions removed
Detecting unreachable propositions: [0.000s CPU, 0.001s wall-clock]
Reordering and filtering variables...
10 of 12 variables necessary.
0 of 12 mutex groups necessary.
108 of 168 operators necessary.
0 of 0 axiom rules necessary.
Reordering and filtering variables: [0.000s CPU, 0.000s wall-clock]
Translator variables: 10
Translator derived variables: 0
Translator facts: 54
Translator goal facts: 3
Translator mutex groups: 0
Translator total mutex groups size: 0
Translator operators: 108
Translator axioms: 0
Translator task size: 481
Translator peak memory: 32372 KB
Writing output... [0.000s CPU, 0.001s wall-clock]
Done! [0.010s CPU, 0.018s wall-clock]
translate exit code: 0

INFO     Running search (release).
INFO     search stdin: output.sas
INFO     search time limit: 1799s
INFO     search memory limit: 2048 MB
INFO     search command line string: /home/henry/Documents/UFRGS/TCC/downward/experiments/lab/data/main/code-fa850d1cb8d716322f299a4f9b64478019793ada_e5e41175/builds/release/bin/downward --search 'eager_greedy([operatorcounting(constraint_generators=[pho_constraints(patterns=systematic(4))], use_integer_operator_counts=true, transform=adapt_costs(cost_type=ONE))])' --internal-plan-file sas_plan < output.sas
[t=0s, 45596 KB] reading input...
[t=0s, 45596 KB] done reading input!
[t=0.00323834s, 45860 KB] Generating patterns using: systematic pattern collection generator
[t=0.00323834s, 45860 KB] building causal graph...done! [t=0s]
[t=0.00323834s, 45992 KB] Found 192 SGA patterns.
[t=0.00323834s, 45992 KB] Found 283 interesting patterns.
[t=0.00323834s, 45992 KB] systematic pattern collection generator number of patterns: 283
[t=0.00323834s, 45992 KB] systematic pattern collection generator total PDB size: 106860
[t=0.00323834s, 45992 KB] systematic pattern collection generator computation time: 0s
[t=0.00323834s, 45992 KB] Computing PDBs for pattern collection...
[t=0.0431038s, 46380 KB] Done computing PDBs for pattern collection: 0.0398655s
[t=0.0431038s, 46812 KB] Building successor generator...done!
[t=0.0431038s, 46812 KB] peak memory difference for successor generator creation: 0 KB
[t=0.0431038s, 46812 KB] time for successor generation creation: 0s
[t=0.0431038s, 46812 KB] Variables: 10
[t=0.0431038s, 46812 KB] FactPairs: 54
[t=0.0431038s, 46812 KB] Bytes per state: 4
[t=0.0431038s, 46812 KB] Conducting best first search without reopening closed nodes, (real) bound = 2147483647
[t=0.047105s, 48148 KB] New best heuristic value for operatorcounting(constraint_generators=[pho_constraints(patterns=systematic(4))],use_integer_operator_counts=true,transform=adapt_costs(cost_type=one)): 19
[t=0.047105s, 48148 KB] g=0, 1 evaluated, 0 expanded
[t=0.047105s, 48148 KB] Initial heuristic value for operatorcounting(constraint_generators=[pho_constraints(patterns=systematic(4))],use_integer_operator_counts=true,transform=adapt_costs(cost_type=one)): 19
[t=0.047105s, 48148 KB] pruning method: none
[t=0.051111s, 48312 KB] New best heuristic value for operatorcounting(constraint_generators=[pho_constraints(patterns=systematic(4))],use_integer_operator_counts=true,transform=adapt_costs(cost_type=one)): 18
[t=0.051111s, 48312 KB] g=1, 4 evaluated, 1 expanded
[t=0.0710986s, 48500 KB] New best heuristic value for operatorcounting(constraint_generators=[pho_constraints(patterns=systematic(4))],use_integer_operator_counts=true,transform=adapt_costs(cost_type=one)): 17
[t=0.0710986s, 48500 KB] g=2, 14 evaluated, 2 expanded
[t=0.091064s, 48512 KB] New best heuristic value for operatorcounting(constraint_generators=[pho_constraints(patterns=systematic(4))],use_integer_operator_counts=true,transform=adapt_costs(cost_type=one)): 16
[t=0.091064s, 48512 KB] g=3, 24 evaluated, 3 expanded
[t=0.170962s, 48548 KB] New best heuristic value for operatorcounting(constraint_generators=[pho_constraints(patterns=systematic(4))],use_integer_operator_counts=true,transform=adapt_costs(cost_type=one)): 15
[t=0.174387s, 48548 KB] g=5, 63 evaluated, 7 expanded
[t=0.19487s, 48552 KB] New best heuristic value for operatorcounting(constraint_generators=[pho_constraints(patterns=systematic(4))],use_integer_operator_counts=true,transform=adapt_costs(cost_type=one)): 14
[t=0.19487s, 48552 KB] g=6, 75 evaluated, 8 expanded
[t=0.230854s, 48552 KB] New best heuristic value for operatorcounting(constraint_generators=[pho_constraints(patterns=systematic(4))],use_integer_operator_counts=true,transform=adapt_costs(cost_type=one)): 13
[t=0.230854s, 48552 KB] g=7, 94 evaluated, 9 expanded
[t=0.254803s, 48552 KB] New best heuristic value for operatorcounting(constraint_generators=[pho_constraints(patterns=systematic(4))],use_integer_operator_counts=true,transform=adapt_costs(cost_type=one)): 12
[t=0.254803s, 48552 KB] g=8, 107 evaluated, 10 expanded
[t=0.278775s, 48552 KB] New best heuristic value for operatorcounting(constraint_generators=[pho_constraints(patterns=systematic(4))],use_integer_operator_counts=true,transform=adapt_costs(cost_type=one)): 11
[t=0.278775s, 48552 KB] g=9, 121 evaluated, 11 expanded
[t=0.282786s, 48552 KB] New best heuristic value for operatorcounting(constraint_generators=[pho_constraints(patterns=systematic(4))],use_integer_operator_counts=true,transform=adapt_costs(cost_type=one)): 10
[t=0.282786s, 48552 KB] g=10, 130 evaluated, 12 expanded
[t=0.294762s, 48552 KB] New best heuristic value for operatorcounting(constraint_generators=[pho_constraints(patterns=systematic(4))],use_integer_operator_counts=true,transform=adapt_costs(cost_type=one)): 9
[t=0.294762s, 48552 KB] g=11, 140 evaluated, 13 expanded
[t=0.306745s, 48552 KB] New best heuristic value for operatorcounting(constraint_generators=[pho_constraints(patterns=systematic(4))],use_integer_operator_counts=true,transform=adapt_costs(cost_type=one)): 8
[t=0.306745s, 48552 KB] g=12, 151 evaluated, 14 expanded
[t=0.314737s, 48652 KB] New best heuristic value for operatorcounting(constraint_generators=[pho_constraints(patterns=systematic(4))],use_integer_operator_counts=true,transform=adapt_costs(cost_type=one)): 7
[t=0.314737s, 48652 KB] g=13, 155 evaluated, 15 expanded
[t=0.338726s, 48904 KB] New best heuristic value for operatorcounting(constraint_generators=[pho_constraints(patterns=systematic(4))],use_integer_operator_counts=true,transform=adapt_costs(cost_type=one)): 6
[t=0.338726s, 48904 KB] g=14, 173 evaluated, 16 expanded
[t=0.338726s, 48904 KB] New best heuristic value for operatorcounting(constraint_generators=[pho_constraints(patterns=systematic(4))],use_integer_operator_counts=true,transform=adapt_costs(cost_type=one)): 5
[t=0.338726s, 48904 KB] g=15, 176 evaluated, 17 expanded
[t=0.354679s, 48904 KB] New best heuristic value for operatorcounting(constraint_generators=[pho_constraints(patterns=systematic(4))],use_integer_operator_counts=true,transform=adapt_costs(cost_type=one)): 4
[t=0.354679s, 48904 KB] g=16, 186 evaluated, 18 expanded
[t=0.362692s, 48904 KB] New best heuristic value for operatorcounting(constraint_generators=[pho_constraints(patterns=systematic(4))],use_integer_operator_counts=true,transform=adapt_costs(cost_type=one)): 3
[t=0.366672s, 48904 KB] g=17, 196 evaluated, 19 expanded
[t=0.382637s, 48904 KB] New best heuristic value for operatorcounting(constraint_generators=[pho_constraints(patterns=systematic(4))],use_integer_operator_counts=true,transform=adapt_costs(cost_type=one)): 2
[t=0.382637s, 48904 KB] g=18, 207 evaluated, 20 expanded
[t=0.394621s, 48904 KB] New best heuristic value for operatorcounting(constraint_generators=[pho_constraints(patterns=systematic(4))],use_integer_operator_counts=true,transform=adapt_costs(cost_type=one)): 1
[t=0.394621s, 48904 KB] g=19, 222 evaluated, 21 expanded
[t=0.402613s, 48904 KB] New best heuristic value for operatorcounting(constraint_generators=[pho_constraints(patterns=systematic(4))],use_integer_operator_counts=true,transform=adapt_costs(cost_type=one)): 0
[t=0.402613s, 48904 KB] g=20, 231 evaluated, 22 expanded
[t=0.402613s, 48904 KB] Solution found!
[t=0.402613s, 48904 KB] Actual search time: 0.355508s
load-truck package5 truck5 city2-1 (1)
drive-truck truck5 city2-1 city2-2 city2 (1)
unload-truck package5 truck5 city2-2 (1)
load-truck package3 truck4 city1-1 (1)
drive-truck truck4 city1-1 city1-2 city1 (1)
unload-truck package3 truck4 city1-2 (1)
fly-airplane plane1 city3-2 city1-2 (1)
load-airplane package4 plane1 city1-2 (1)
load-airplane package3 plane1 city1-2 (1)
fly-airplane plane1 city1-2 city2-2 (1)
load-airplane package5 plane1 city2-2 (1)
unload-airplane package4 plane1 city2-2 (1)
load-truck package4 truck5 city2-2 (1)
unload-airplane package3 plane1 city2-2 (1)
load-truck package3 truck5 city2-2 (1)
drive-truck truck5 city2-2 city2-1 city2 (1)
unload-truck package4 truck5 city2-1 (1)
unload-truck package3 truck5 city2-1 (1)
fly-airplane plane1 city2-2 city3-2 (1)
unload-airplane package5 plane1 city3-2 (1)
[t=0.402613s, 48904 KB] Plan length: 20 step(s).
[t=0.402613s, 48904 KB] Plan cost: 20
[t=0.402613s, 48904 KB] Expanded 23 state(s).
[t=0.402613s, 48904 KB] Reopened 0 state(s).
[t=0.402613s, 48904 KB] Evaluated 231 state(s).
[t=0.402613s, 48904 KB] Evaluations: 231
[t=0.402613s, 48904 KB] Generated 265 state(s).
[t=0.402613s, 48904 KB] Dead ends: 0 state(s).
[t=0.402613s, 48904 KB] Number of registered states: 231
[t=0.402613s, 48904 KB] Int hash set load factor: 231/256 = 0.902344
[t=0.402613s, 48904 KB] Int hash set resizes: 8
[t=0.402613s, 48904 KB] Search time: 0.359509s
[t=0.402613s, 48904 KB] Total time: 0.402613s
Solution found.
Peak memory: 48904 KB
Remove intermediate file output.sas
search exit code: 0

INFO     Running validate.
INFO     validate stdin: None
INFO     validate time limit: None
INFO     validate memory limit: None
INFO     validate command line string: /home/henry/bin/validate domain.pddl problem.pddl sas_plan
Checking plan: sas_plan
Plan executed successfully - checking goal
Plan valid
Final value: 20 

Successful plans:
Value: 20
 sas_plan 20 

validate exit code: 0

INFO     Planner time: 0.49s
