INFO     planner time limit: 1800s
INFO     planner memory limit: 2048 MB

INFO     Running translator.
INFO     translator stdin: None
INFO     translator time limit: 1799s
INFO     translator memory limit: 2048 MB
INFO     translator command line string: /home/henry/Documents/UFRGS/TCC/downward/.venv/bin/python /home/henry/Documents/UFRGS/TCC/downward/experiments/lab/data/main/code-5bb2ccb6957559b6969ffd7e29254c73f84d5e49_e5e41175/builds/release/bin/translate/translate.py domain.pddl problem.pddl --sas-file output.sas
Parsing...
Parsing: [0.040s CPU, 0.039s wall-clock]
Normalizing task... [0.000s CPU, 0.003s wall-clock]
Instantiating...
Generating Datalog program... [0.010s CPU, 0.007s wall-clock]
Normalizing Datalog program...
Normalizing Datalog program: [0.020s CPU, 0.020s wall-clock]
Preparing model... [0.030s CPU, 0.031s wall-clock]
Generated 1372 rules.
Computing model... [1.200s CPU, 1.201s wall-clock]
62126 relevant atoms
87892 auxiliary atoms
150018 final queue length
265278 total queue pushes
Completing instantiation... [2.440s CPU, 2.444s wall-clock]
Instantiating: [3.760s CPU, 3.759s wall-clock]
Computing fact groups...
Finding invariants...
10 initial candidates
Finding invariants: [0.050s CPU, 0.045s wall-clock]
Checking invariant weight... [0.000s CPU, 0.003s wall-clock]
Instantiating groups... [0.000s CPU, 0.001s wall-clock]
Collecting mutex groups... [0.000s CPU, 0.000s wall-clock]
Choosing groups...
170 uncovered facts
Choosing groups: [0.000s CPU, 0.001s wall-clock]
Building translation key... [0.000s CPU, 0.001s wall-clock]
Computing fact groups: [0.060s CPU, 0.055s wall-clock]
Building STRIPS to SAS dictionary... [0.000s CPU, 0.000s wall-clock]
Building dictionary for full mutex groups... [0.000s CPU, 0.001s wall-clock]
Building mutex information...
Building mutex information: [0.000s CPU, 0.001s wall-clock]
Translating task...
Processing axioms...
Simplifying axioms... [0.000s CPU, 0.000s wall-clock]
Translator axioms removed by simplifying: 0
Computing negative axioms... [0.000s CPU, 0.000s wall-clock]
Processing axioms: [0.100s CPU, 0.101s wall-clock]
Translating task: [2.240s CPU, 2.245s wall-clock]
0 effect conditions simplified
0 implied preconditions added
Detecting unreachable propositions...
0 operators removed
0 axioms removed
171 propositions removed
Detecting unreachable propositions: [1.260s CPU, 1.259s wall-clock]
Reordering and filtering variables...
341 of 341 variables necessary.
0 of 341 mutex groups necessary.
58140 of 58140 operators necessary.
0 of 0 axiom rules necessary.
Reordering and filtering variables: [0.290s CPU, 0.290s wall-clock]
Translator variables: 341
Translator derived variables: 0
Translator facts: 1021
Translator goal facts: 170
Translator mutex groups: 0
Translator total mutex groups size: 0
Translator operators: 58140
Translator axioms: 0
Translator task size: 536253
Translator peak memory: 322480 KB
Writing output... [0.330s CPU, 0.333s wall-clock]
Done! [8.080s CPU, 8.088s wall-clock]
translate exit code: 0

INFO     Running search (release).
INFO     search stdin: output.sas
INFO     search time limit: 1791s
INFO     search memory limit: 2048 MB
INFO     search command line string: /home/henry/Documents/UFRGS/TCC/downward/experiments/lab/data/main/code-5bb2ccb6957559b6969ffd7e29254c73f84d5e49_e5e41175/builds/release/bin/downward --search 'eager_greedy([operatorcounting(constraint_generators=[pho_constraints(patterns=systematic(2))], use_integer_operator_counts=false, transform=adapt_costs(cost_type=ONE))])' --internal-plan-file sas_plan < output.sas
[t=0s, 45596 KB] reading input...
[t=0.211312s, 63588 KB] done reading input!
[t=0.216403s, 67088 KB] Generating patterns using: systematic pattern collection generator
[t=0.216403s, 67088 KB] building causal graph...done! [t=0.0239719s]
[t=0.240375s, 67088 KB] Found 1771 SGA patterns.
[t=0.244367s, 67088 KB] Found 1771 interesting patterns.
[t=0.244367s, 67088 KB] systematic pattern collection generator number of patterns: 1771
[t=0.244367s, 67088 KB] systematic pattern collection generator total PDB size: 96306
[t=0.244367s, 67088 KB] systematic pattern collection generator computation time: 0.0279642s
[t=0.244367s, 67088 KB] Computing PDBs for pattern collection...
[t=15.7034s, 74176 KB] Done computing PDBs for pattern collection: 15.459s
[t=18.389s, 456648 KB] Building successor generator...done!
[t=18.405s, 456648 KB] peak memory difference for successor generator creation: 0 KB
[t=18.405s, 456648 KB] time for successor generation creation: 0.0159857s
[t=18.405s, 456648 KB] Variables: 341
[t=18.405s, 456648 KB] FactPairs: 1021
[t=18.405s, 456648 KB] Bytes per state: 68
[t=18.405s, 456648 KB] Conducting best first search without reopening closed nodes, (real) bound = 2147483647
[t=18.8556s, 709568 KB] New best heuristic value for operatorcounting(constraint_generators=[pho_constraints(patterns=systematic(2))],use_integer_operator_counts=false,transform=adapt_costs(cost_type=one)): 510
[t=18.8556s, 709568 KB] g=0, 1 evaluated, 0 expanded
[t=18.8556s, 709568 KB] Initial heuristic value for operatorcounting(constraint_generators=[pho_constraints(patterns=systematic(2))],use_integer_operator_counts=false,transform=adapt_costs(cost_type=one)): 510
[t=18.8556s, 709568 KB] pruning method: none
[t=19.2072s, 709568 KB] New best heuristic value for operatorcounting(constraint_generators=[pho_constraints(patterns=systematic(2))],use_integer_operator_counts=false,transform=adapt_costs(cost_type=one)): 509
[t=19.2072s, 709568 KB] g=1, 4 evaluated, 2 expanded
[t=57.1695s, 709568 KB] New best heuristic value for operatorcounting(constraint_generators=[pho_constraints(patterns=systematic(2))],use_integer_operator_counts=false,transform=adapt_costs(cost_type=one)): 508
[t=57.1695s, 709568 KB] g=2, 345 evaluated, 173 expanded
[t=96.4504s, 709568 KB] New best heuristic value for operatorcounting(constraint_generators=[pho_constraints(patterns=systematic(2))],use_integer_operator_counts=false,transform=adapt_costs(cost_type=one)): 507
[t=96.4504s, 709568 KB] g=3, 684 evaluated, 343 expanded
[t=135.182s, 709568 KB] New best heuristic value for operatorcounting(constraint_generators=[pho_constraints(patterns=systematic(2))],use_integer_operator_counts=false,transform=adapt_costs(cost_type=one)): 506
[t=135.182s, 709568 KB] g=4, 1021 evaluated, 512 expanded
[t=174.671s, 709568 KB] New best heuristic value for operatorcounting(constraint_generators=[pho_constraints(patterns=systematic(2))],use_integer_operator_counts=false,transform=adapt_costs(cost_type=one)): 505
[t=174.671s, 709568 KB] g=5, 1356 evaluated, 680 expanded
[t=214.154s, 709568 KB] New best heuristic value for operatorcounting(constraint_generators=[pho_constraints(patterns=systematic(2))],use_integer_operator_counts=false,transform=adapt_costs(cost_type=one)): 504
[t=214.154s, 709568 KB] g=6, 1689 evaluated, 847 expanded
[t=252.292s, 709568 KB] New best heuristic value for operatorcounting(constraint_generators=[pho_constraints(patterns=systematic(2))],use_integer_operator_counts=false,transform=adapt_costs(cost_type=one)): 503
[t=252.292s, 709568 KB] g=7, 2020 evaluated, 1013 expanded
[t=289.687s, 709568 KB] New best heuristic value for operatorcounting(constraint_generators=[pho_constraints(patterns=systematic(2))],use_integer_operator_counts=false,transform=adapt_costs(cost_type=one)): 502
[t=289.687s, 709568 KB] g=8, 2349 evaluated, 1178 expanded
[t=326.843s, 709568 KB] New best heuristic value for operatorcounting(constraint_generators=[pho_constraints(patterns=systematic(2))],use_integer_operator_counts=false,transform=adapt_costs(cost_type=one)): 501
[t=326.843s, 709568 KB] g=9, 2676 evaluated, 1342 expanded
[t=363.768s, 709568 KB] New best heuristic value for operatorcounting(constraint_generators=[pho_constraints(patterns=systematic(2))],use_integer_operator_counts=false,transform=adapt_costs(cost_type=one)): 500
[t=363.768s, 709568 KB] g=10, 3001 evaluated, 1505 expanded
[t=400.217s, 709568 KB] New best heuristic value for operatorcounting(constraint_generators=[pho_constraints(patterns=systematic(2))],use_integer_operator_counts=false,transform=adapt_costs(cost_type=one)): 499
[t=400.217s, 709568 KB] g=11, 3324 evaluated, 1667 expanded
[t=437.359s, 709568 KB] New best heuristic value for operatorcounting(constraint_generators=[pho_constraints(patterns=systematic(2))],use_integer_operator_counts=false,transform=adapt_costs(cost_type=one)): 498
[t=437.363s, 709568 KB] g=12, 3645 evaluated, 1828 expanded
[t=473.326s, 709568 KB] New best heuristic value for operatorcounting(constraint_generators=[pho_constraints(patterns=systematic(2))],use_integer_operator_counts=false,transform=adapt_costs(cost_type=one)): 497
[t=473.326s, 709568 KB] g=13, 3964 evaluated, 1988 expanded
[t=509.86s, 709568 KB] New best heuristic value for operatorcounting(constraint_generators=[pho_constraints(patterns=systematic(2))],use_integer_operator_counts=false,transform=adapt_costs(cost_type=one)): 496
[t=509.86s, 709568 KB] g=14, 4281 evaluated, 2147 expanded
[t=550.24s, 709568 KB] New best heuristic value for operatorcounting(constraint_generators=[pho_constraints(patterns=systematic(2))],use_integer_operator_counts=false,transform=adapt_costs(cost_type=one)): 495
[t=550.24s, 709568 KB] g=15, 4596 evaluated, 2305 expanded
[t=593.365s, 709568 KB] New best heuristic value for operatorcounting(constraint_generators=[pho_constraints(patterns=systematic(2))],use_integer_operator_counts=false,transform=adapt_costs(cost_type=one)): 494
[t=593.365s, 709568 KB] g=16, 4909 evaluated, 2462 expanded
[t=635.932s, 709568 KB] New best heuristic value for operatorcounting(constraint_generators=[pho_constraints(patterns=systematic(2))],use_integer_operator_counts=false,transform=adapt_costs(cost_type=one)): 493
[t=635.932s, 709568 KB] g=17, 5220 evaluated, 2618 expanded
[t=678.698s, 709568 KB] New best heuristic value for operatorcounting(constraint_generators=[pho_constraints(patterns=systematic(2))],use_integer_operator_counts=false,transform=adapt_costs(cost_type=one)): 492
[t=678.698s, 709568 KB] g=18, 5529 evaluated, 2773 expanded
[t=722.434s, 709568 KB] New best heuristic value for operatorcounting(constraint_generators=[pho_constraints(patterns=systematic(2))],use_integer_operator_counts=false,transform=adapt_costs(cost_type=one)): 491
[t=722.434s, 709568 KB] g=19, 5836 evaluated, 2927 expanded
[t=763.984s, 709568 KB] New best heuristic value for operatorcounting(constraint_generators=[pho_constraints(patterns=systematic(2))],use_integer_operator_counts=false,transform=adapt_costs(cost_type=one)): 490
[t=763.984s, 709568 KB] g=20, 6141 evaluated, 3080 expanded
[t=803.44s, 709568 KB] New best heuristic value for operatorcounting(constraint_generators=[pho_constraints(patterns=systematic(2))],use_integer_operator_counts=false,transform=adapt_costs(cost_type=one)): 489
[t=803.44s, 709568 KB] g=21, 6444 evaluated, 3232 expanded
[t=842.304s, 709568 KB] New best heuristic value for operatorcounting(constraint_generators=[pho_constraints(patterns=systematic(2))],use_integer_operator_counts=false,transform=adapt_costs(cost_type=one)): 488
[t=842.304s, 709568 KB] g=22, 6745 evaluated, 3383 expanded
[t=882.223s, 709568 KB] New best heuristic value for operatorcounting(constraint_generators=[pho_constraints(patterns=systematic(2))],use_integer_operator_counts=false,transform=adapt_costs(cost_type=one)): 487
[t=882.223s, 709568 KB] g=23, 7044 evaluated, 3533 expanded
[t=922.456s, 709568 KB] New best heuristic value for operatorcounting(constraint_generators=[pho_constraints(patterns=systematic(2))],use_integer_operator_counts=false,transform=adapt_costs(cost_type=one)): 486
[t=922.456s, 709568 KB] g=24, 7341 evaluated, 3682 expanded
[t=962.043s, 709568 KB] New best heuristic value for operatorcounting(constraint_generators=[pho_constraints(patterns=systematic(2))],use_integer_operator_counts=false,transform=adapt_costs(cost_type=one)): 485
[t=962.043s, 709568 KB] g=25, 7636 evaluated, 3830 expanded
[t=1004.13s, 709568 KB] New best heuristic value for operatorcounting(constraint_generators=[pho_constraints(patterns=systematic(2))],use_integer_operator_counts=false,transform=adapt_costs(cost_type=one)): 484
[t=1004.13s, 709568 KB] g=26, 7929 evaluated, 3977 expanded
[t=1047.18s, 709568 KB] New best heuristic value for operatorcounting(constraint_generators=[pho_constraints(patterns=systematic(2))],use_integer_operator_counts=false,transform=adapt_costs(cost_type=one)): 483
[t=1047.18s, 709568 KB] g=27, 8220 evaluated, 4123 expanded
[t=1090.82s, 709568 KB] New best heuristic value for operatorcounting(constraint_generators=[pho_constraints(patterns=systematic(2))],use_integer_operator_counts=false,transform=adapt_costs(cost_type=one)): 482
[t=1090.82s, 709568 KB] g=28, 8509 evaluated, 4268 expanded
[t=1134.1s, 709568 KB] New best heuristic value for operatorcounting(constraint_generators=[pho_constraints(patterns=systematic(2))],use_integer_operator_counts=false,transform=adapt_costs(cost_type=one)): 481
[t=1134.1s, 709568 KB] g=29, 8796 evaluated, 4412 expanded
[t=1176.88s, 709568 KB] New best heuristic value for operatorcounting(constraint_generators=[pho_constraints(patterns=systematic(2))],use_integer_operator_counts=false,transform=adapt_costs(cost_type=one)): 480
[t=1176.88s, 709568 KB] g=30, 9081 evaluated, 4555 expanded
[t=1218.85s, 709568 KB] New best heuristic value for operatorcounting(constraint_generators=[pho_constraints(patterns=systematic(2))],use_integer_operator_counts=false,transform=adapt_costs(cost_type=one)): 479
[t=1218.85s, 709568 KB] g=31, 9364 evaluated, 4697 expanded
[t=1262.07s, 709568 KB] New best heuristic value for operatorcounting(constraint_generators=[pho_constraints(patterns=systematic(2))],use_integer_operator_counts=false,transform=adapt_costs(cost_type=one)): 478
[t=1262.07s, 709568 KB] g=32, 9645 evaluated, 4838 expanded
[t=1306.18s, 709568 KB] New best heuristic value for operatorcounting(constraint_generators=[pho_constraints(patterns=systematic(2))],use_integer_operator_counts=false,transform=adapt_costs(cost_type=one)): 477
[t=1306.18s, 709568 KB] g=33, 9924 evaluated, 4978 expanded
[t=1348.05s, 709568 KB] New best heuristic value for operatorcounting(constraint_generators=[pho_constraints(patterns=systematic(2))],use_integer_operator_counts=false,transform=adapt_costs(cost_type=one)): 476
[t=1348.05s, 709568 KB] g=34, 10201 evaluated, 5117 expanded
[t=1387.02s, 709568 KB] New best heuristic value for operatorcounting(constraint_generators=[pho_constraints(patterns=systematic(2))],use_integer_operator_counts=false,transform=adapt_costs(cost_type=one)): 475
[t=1387.02s, 709568 KB] g=35, 10476 evaluated, 5255 expanded
[t=1424.32s, 709568 KB] New best heuristic value for operatorcounting(constraint_generators=[pho_constraints(patterns=systematic(2))],use_integer_operator_counts=false,transform=adapt_costs(cost_type=one)): 474
[t=1424.32s, 709568 KB] g=36, 10749 evaluated, 5392 expanded
[t=1462s, 709568 KB] New best heuristic value for operatorcounting(constraint_generators=[pho_constraints(patterns=systematic(2))],use_integer_operator_counts=false,transform=adapt_costs(cost_type=one)): 473
[t=1462s, 709568 KB] g=37, 11020 evaluated, 5528 expanded
[t=1499.78s, 709568 KB] New best heuristic value for operatorcounting(constraint_generators=[pho_constraints(patterns=systematic(2))],use_integer_operator_counts=false,transform=adapt_costs(cost_type=one)): 472
[t=1499.78s, 709568 KB] g=38, 11289 evaluated, 5663 expanded
[t=1536.88s, 709568 KB] New best heuristic value for operatorcounting(constraint_generators=[pho_constraints(patterns=systematic(2))],use_integer_operator_counts=false,transform=adapt_costs(cost_type=one)): 471
[t=1536.88s, 709568 KB] g=39, 11556 evaluated, 5797 expanded
[t=1572.09s, 709568 KB] New best heuristic value for operatorcounting(constraint_generators=[pho_constraints(patterns=systematic(2))],use_integer_operator_counts=false,transform=adapt_costs(cost_type=one)): 470
[t=1572.09s, 709568 KB] g=40, 11821 evaluated, 5930 expanded
[t=1607.04s, 709568 KB] New best heuristic value for operatorcounting(constraint_generators=[pho_constraints(patterns=systematic(2))],use_integer_operator_counts=false,transform=adapt_costs(cost_type=one)): 469
[t=1607.04s, 709568 KB] g=41, 12084 evaluated, 6062 expanded
[t=1644.8s, 709568 KB] New best heuristic value for operatorcounting(constraint_generators=[pho_constraints(patterns=systematic(2))],use_integer_operator_counts=false,transform=adapt_costs(cost_type=one)): 468
[t=1644.8s, 709568 KB] g=42, 12345 evaluated, 6193 expanded
[t=1682.3s, 709568 KB] New best heuristic value for operatorcounting(constraint_generators=[pho_constraints(patterns=systematic(2))],use_integer_operator_counts=false,transform=adapt_costs(cost_type=one)): 467
[t=1682.3s, 709568 KB] g=43, 12604 evaluated, 6323 expanded
[t=1720.83s, 709568 KB] New best heuristic value for operatorcounting(constraint_generators=[pho_constraints(patterns=systematic(2))],use_integer_operator_counts=false,transform=adapt_costs(cost_type=one)): 466
[t=1720.83s, 709568 KB] g=44, 12861 evaluated, 6452 expanded
[t=1762.1s, 709568 KB] New best heuristic value for operatorcounting(constraint_generators=[pho_constraints(patterns=systematic(2))],use_integer_operator_counts=false,transform=adapt_costs(cost_type=one)): 465
[t=1762.1s, 709568 KB] g=45, 13116 evaluated, 6580 expanded
Peak memory: 709568 KB
caught signal 24 -- exiting
Time limit has been reached.
Remove intermediate file output.sas
search exit code: 23

Driver aborting after search
INFO     Planner time: 1793.62s
