INFO     planner time limit: 1800s
INFO     planner memory limit: 2048 MB

INFO     Running translator.
INFO     translator stdin: None
INFO     translator time limit: 1799s
INFO     translator memory limit: 2048 MB
INFO     translator command line string: /home/henry/Documents/UFRGS/TCC/downward/.venv/bin/python /home/henry/Documents/UFRGS/TCC/downward/experiments/lab/data/main/code-5bb2ccb6957559b6969ffd7e29254c73f84d5e49_e5e41175/builds/release/bin/translate/translate.py domain.pddl problem.pddl --sas-file output.sas
Parsing...
Parsing: [0.000s CPU, 0.002s wall-clock]
Normalizing task... [0.000s CPU, 0.000s wall-clock]
Instantiating...
Generating Datalog program... [0.000s CPU, 0.001s wall-clock]
Normalizing Datalog program...
Normalizing Datalog program: [0.000s CPU, 0.003s wall-clock]
Preparing model... [0.000s CPU, 0.002s wall-clock]
Generated 115 rules.
Computing model... [0.030s CPU, 0.032s wall-clock]
3296 relevant atoms
3425 auxiliary atoms
6721 final queue length
11595 total queue pushes
Completing instantiation... [0.070s CPU, 0.071s wall-clock]
Instantiating: [0.110s CPU, 0.109s wall-clock]
Computing fact groups...
Finding invariants...
24 initial candidates
Finding invariants: [0.010s CPU, 0.006s wall-clock]
Checking invariant weight... [0.000s CPU, 0.000s wall-clock]
Instantiating groups... [0.000s CPU, 0.001s wall-clock]
Collecting mutex groups... [0.000s CPU, 0.000s wall-clock]
Choosing groups...
350 uncovered facts
Choosing groups: [0.000s CPU, 0.000s wall-clock]
Building translation key... [0.000s CPU, 0.001s wall-clock]
Computing fact groups: [0.010s CPU, 0.009s wall-clock]
Building STRIPS to SAS dictionary... [0.000s CPU, 0.000s wall-clock]
Building dictionary for full mutex groups... [0.000s CPU, 0.000s wall-clock]
Building mutex information...
Building mutex information: [0.000s CPU, 0.000s wall-clock]
Translating task...
Processing axioms...
Simplifying axioms... [0.000s CPU, 0.000s wall-clock]
Translator axioms removed by simplifying: 0
Computing negative axioms... [0.000s CPU, 0.000s wall-clock]
Processing axioms: [0.000s CPU, 0.004s wall-clock]
Translating task: [0.090s CPU, 0.085s wall-clock]
3920 effect conditions simplified
0 implied preconditions added
Detecting unreachable propositions...
0 operators removed
0 axioms removed
3 propositions removed
Detecting unreachable propositions: [0.050s CPU, 0.049s wall-clock]
Reordering and filtering variables...
353 of 353 variables necessary.
16 of 19 mutex groups necessary.
2344 of 2344 operators necessary.
0 of 0 axiom rules necessary.
Reordering and filtering variables: [0.020s CPU, 0.023s wall-clock]
Translator variables: 353
Translator derived variables: 0
Translator facts: 737
Translator goal facts: 14
Translator mutex groups: 16
Translator total mutex groups size: 48
Translator operators: 2344
Translator axioms: 0
Translator task size: 22454
Translator peak memory: 45716 KB
Writing output... [0.020s CPU, 0.015s wall-clock]
Done! [0.300s CPU, 0.298s wall-clock]
translate exit code: 0

INFO     Running search (release).
INFO     search stdin: output.sas
INFO     search time limit: 1799s
INFO     search memory limit: 2048 MB
INFO     search command line string: /home/henry/Documents/UFRGS/TCC/downward/experiments/lab/data/main/code-5bb2ccb6957559b6969ffd7e29254c73f84d5e49_e5e41175/builds/release/bin/downward --search 'eager_greedy([operatorcounting(constraint_generators=[pho_constraints(patterns=systematic(2))], use_integer_operator_counts=false, transform=adapt_costs(cost_type=ONE))])' --internal-plan-file sas_plan < output.sas
[t=0s, 45596 KB] reading input...
[t=0.0107265s, 46608 KB] done reading input!
[t=0.0141885s, 47152 KB] Generating patterns using: systematic pattern collection generator
[t=0.0141885s, 47152 KB] building causal graph...done! [t=0.00400425s]
[t=0.0181928s, 47896 KB] Found 116 SGA patterns.
[t=0.0181928s, 47896 KB] Found 116 interesting patterns.
[t=0.0181928s, 47896 KB] systematic pattern collection generator number of patterns: 116
[t=0.0181928s, 47896 KB] systematic pattern collection generator total PDB size: 1304
[t=0.0181928s, 47896 KB] systematic pattern collection generator computation time: 0.00400425s
[t=0.0181928s, 47896 KB] Computing PDBs for pattern collection...
[t=0.0621508s, 47896 KB] Done computing PDBs for pattern collection: 0.0479522s
[t=0.0701486s, 48380 KB] Building successor generator...done!
[t=0.0741375s, 48380 KB] peak memory difference for successor generator creation: 0 KB
[t=0.0741375s, 48380 KB] time for successor generation creation: 0.00398882s
[t=0.0741375s, 48380 KB] Variables: 353
[t=0.0741375s, 48380 KB] FactPairs: 737
[t=0.0741375s, 48380 KB] Bytes per state: 48
[t=0.0741375s, 48380 KB] Conducting best first search without reopening closed nodes, (real) bound = 2147483647
[t=0.0741375s, 50100 KB] New best heuristic value for operatorcounting(constraint_generators=[pho_constraints(patterns=systematic(2))],use_integer_operator_counts=false,transform=adapt_costs(cost_type=one)): 25
[t=0.0741375s, 50100 KB] g=0, 1 evaluated, 0 expanded
[t=0.0741375s, 50100 KB] Initial heuristic value for operatorcounting(constraint_generators=[pho_constraints(patterns=systematic(2))],use_integer_operator_counts=false,transform=adapt_costs(cost_type=one)): 25
[t=0.0741375s, 50100 KB] pruning method: none
[t=0.11812s, 50100 KB] New best heuristic value for operatorcounting(constraint_generators=[pho_constraints(patterns=systematic(2))],use_integer_operator_counts=false,transform=adapt_costs(cost_type=one)): 24
[t=0.11812s, 50100 KB] g=11, 233 evaluated, 14 expanded
[t=216.362s, 139768 KB] New best heuristic value for operatorcounting(constraint_generators=[pho_constraints(patterns=systematic(2))],use_integer_operator_counts=false,transform=adapt_costs(cost_type=one)): 23
[t=216.362s, 139768 KB] g=39, 1060804 evaluated, 346971 expanded
[t=216.366s, 139768 KB] New best heuristic value for operatorcounting(constraint_generators=[pho_constraints(patterns=systematic(2))],use_integer_operator_counts=false,transform=adapt_costs(cost_type=one)): 22
[t=216.366s, 139768 KB] g=40, 1060826 evaluated, 346972 expanded
Peak memory: 797980 KB
caught signal 24 -- exiting
Time limit has been reached.
Remove intermediate file output.sas
search exit code: 23

Driver aborting after search
INFO     Planner time: 1797.73s
