INFO     planner time limit: 1800s
INFO     planner memory limit: 2048 MB

INFO     Running translator.
INFO     translator stdin: None
INFO     translator time limit: 1799s
INFO     translator memory limit: 2048 MB
INFO     translator command line string: /home/henry/Documents/UFRGS/TCC/downward/.venv/bin/python /home/henry/Documents/UFRGS/TCC/downward/experiments/lab/data/main/code-5bb2ccb6957559b6969ffd7e29254c73f84d5e49_e5e41175/builds/release/bin/translate/translate.py domain.pddl problem.pddl --sas-file output.sas
Parsing...
Parsing: [0.060s CPU, 0.055s wall-clock]
Normalizing task... [0.000s CPU, 0.004s wall-clock]
Instantiating...
Generating Datalog program... [0.040s CPU, 0.038s wall-clock]
Normalizing Datalog program...
Normalizing Datalog program: [0.000s CPU, 0.002s wall-clock]
Preparing model... [0.120s CPU, 0.119s wall-clock]
Generated 6 rules.
Computing model... [0.250s CPU, 0.248s wall-clock]
40321 relevant atoms
15456 auxiliary atoms
55777 final queue length
74147 total queue pushes
Completing instantiation... [0.330s CPU, 0.332s wall-clock]
Instantiating: [0.760s CPU, 0.754s wall-clock]
Computing fact groups...
Finding invariants...
4 initial candidates
Finding invariants: [0.000s CPU, 0.002s wall-clock]
Checking invariant weight... [0.000s CPU, 0.004s wall-clock]
Instantiating groups... [0.010s CPU, 0.004s wall-clock]
Collecting mutex groups... [0.000s CPU, 0.003s wall-clock]
Choosing groups...
3136 uncovered facts
Choosing groups: [0.010s CPU, 0.006s wall-clock]
Building translation key... [0.010s CPU, 0.009s wall-clock]
Computing fact groups: [0.060s CPU, 0.065s wall-clock]
Building STRIPS to SAS dictionary... [0.010s CPU, 0.005s wall-clock]
Building dictionary for full mutex groups... [0.000s CPU, 0.003s wall-clock]
Building mutex information...
Building mutex information: [0.000s CPU, 0.004s wall-clock]
Translating task...
Processing axioms...
Simplifying axioms... [0.000s CPU, 0.000s wall-clock]
Translator axioms removed by simplifying: 0
Computing negative axioms... [0.000s CPU, 0.000s wall-clock]
Processing axioms: [0.020s CPU, 0.015s wall-clock]
Translating task: [0.270s CPU, 0.276s wall-clock]
0 effect conditions simplified
0 implied preconditions added
Detecting unreachable propositions...
0 operators removed
0 axioms removed
3 propositions removed
Detecting unreachable propositions: [0.280s CPU, 0.279s wall-clock]
Reordering and filtering variables...
3136 of 3136 variables necessary.
0 of 1 mutex groups necessary.
12320 of 12320 operators necessary.
0 of 0 axiom rules necessary.
Reordering and filtering variables: [0.040s CPU, 0.043s wall-clock]
Translator variables: 3136
Translator derived variables: 0
Translator facts: 9406
Translator goal facts: 3135
Translator mutex groups: 0
Translator total mutex groups size: 0
Translator operators: 12320
Translator axioms: 0
Translator task size: 64953
Translator peak memory: 86972 KB
Writing output... [0.060s CPU, 0.053s wall-clock]
Done! [1.560s CPU, 1.563s wall-clock]
translate exit code: 0

INFO     Running search (release).
INFO     search stdin: output.sas
INFO     search time limit: 1798s
INFO     search memory limit: 2048 MB
INFO     search command line string: /home/henry/Documents/UFRGS/TCC/downward/experiments/lab/data/main/code-5bb2ccb6957559b6969ffd7e29254c73f84d5e49_e5e41175/builds/release/bin/downward --search 'eager_greedy([ff(transform=adapt_costs(cost_type=NORMAL))])' --internal-plan-file sas_plan < output.sas
[t=0s, 10544 KB] reading input...
[t=0.0389162s, 15276 KB] done reading input!
[t=0.0429236s, 16636 KB] Simplifying 24636 unary operators... done! [24636 unary operators]
[t=0.0509178s, 18824 KB] time to simplify: 0.00799418s
[t=0.0509178s, 18824 KB] Initializing additive heuristic...
[t=0.0509178s, 18824 KB] Initializing FF heuristic...
[t=0.0509178s, 18824 KB] Building successor generator...done!
[t=0.0509178s, 18824 KB] peak memory difference for successor generator creation: 0 KB
[t=0.0509178s, 18824 KB] time for successor generation creation: 0s
[t=0.0509178s, 18824 KB] Variables: 3136
[t=0.0509178s, 18824 KB] FactPairs: 9406
[t=0.0509178s, 18824 KB] Bytes per state: 396
[t=0.0509178s, 18824 KB] Conducting best first search without reopening closed nodes, (real) bound = 2147483647
[t=0.0509178s, 18824 KB] New best heuristic value for ff(transform=adapt_costs(cost_type=normal)): 3135
[t=0.0509178s, 18824 KB] g=0, 1 evaluated, 0 expanded
[t=0.0509178s, 18824 KB] Initial heuristic value for ff(transform=adapt_costs(cost_type=normal)): 3135
[t=0.0509178s, 18824 KB] pruning method: none
[t=0.0549044s, 18824 KB] New best heuristic value for ff(transform=adapt_costs(cost_type=normal)): 3134
[t=0.0549044s, 18824 KB] g=2, 7 evaluated, 2 expanded
[t=0.0908664s, 18824 KB] New best heuristic value for ff(transform=adapt_costs(cost_type=normal)): 3133
[t=0.0908664s, 18824 KB] g=6, 91 evaluated, 25 expanded
[t=0.122844s, 18824 KB] New best heuristic value for ff(transform=adapt_costs(cost_type=normal)): 3132
[t=0.122844s, 18824 KB] g=10, 168 evaluated, 46 expanded
[t=0.146807s, 18824 KB] New best heuristic value for ff(transform=adapt_costs(cost_type=normal)): 3131
[t=0.146807s, 18824 KB] g=14, 211 evaluated, 58 expanded
[t=0.174775s, 18824 KB] New best heuristic value for ff(transform=adapt_costs(cost_type=normal)): 3130
[t=0.174775s, 18824 KB] g=18, 280 evaluated, 77 expanded
[t=0.194773s, 18824 KB] New best heuristic value for ff(transform=adapt_costs(cost_type=normal)): 3129
[t=0.194773s, 18824 KB] g=22, 323 evaluated, 89 expanded
[t=0.222728s, 18824 KB] New best heuristic value for ff(transform=adapt_costs(cost_type=normal)): 3128
[t=0.222728s, 18824 KB] g=26, 392 evaluated, 108 expanded
[t=0.226727s, 18824 KB] New best heuristic value for ff(transform=adapt_costs(cost_type=normal)): 3127
[t=0.226727s, 18824 KB] g=28, 404 evaluated, 111 expanded
[t=0.250691s, 18824 KB] New best heuristic value for ff(transform=adapt_costs(cost_type=normal)): 3126
[t=0.250691s, 18824 KB] g=30, 447 evaluated, 125 expanded
[t=0.338605s, 18824 KB] New best heuristic value for ff(transform=adapt_costs(cost_type=normal)): 3125
[t=0.338605s, 18824 KB] g=40, 649 evaluated, 190 expanded
[t=0.354563s, 18824 KB] New best heuristic value for ff(transform=adapt_costs(cost_type=normal)): 3124
[t=0.354563s, 18824 KB] g=43, 678 evaluated, 197 expanded
[t=0.362552s, 18824 KB] New best heuristic value for ff(transform=adapt_costs(cost_type=normal)): 3123
[t=0.362552s, 18824 KB] g=47, 700 evaluated, 205 expanded
[t=0.366551s, 18824 KB] New best heuristic value for ff(transform=adapt_costs(cost_type=normal)): 3122
[t=0.366551s, 18824 KB] g=49, 705 evaluated, 207 expanded
[t=0.37855s, 18824 KB] New best heuristic value for ff(transform=adapt_costs(cost_type=normal)): 3120
[t=0.37855s, 18824 KB] g=49, 736 evaluated, 218 expanded
[t=0.394534s, 18824 KB] New best heuristic value for ff(transform=adapt_costs(cost_type=normal)): 3119
[t=0.394534s, 18824 KB] g=53, 771 evaluated, 231 expanded
[t=0.450478s, 18824 KB] New best heuristic value for ff(transform=adapt_costs(cost_type=normal)): 3118
[t=0.450478s, 18824 KB] g=55, 900 evaluated, 289 expanded
[t=0.790051s, 18824 KB] New best heuristic value for ff(transform=adapt_costs(cost_type=normal)): 3117
[t=0.790051s, 18824 KB] g=63, 1636 evaluated, 670 expanded
[t=13.6466s, 30008 KB] New best heuristic value for ff(transform=adapt_costs(cost_type=normal)): 3116
[t=13.6466s, 30008 KB] g=83, 29681 evaluated, 17721 expanded
[t=15.1888s, 31200 KB] New best heuristic value for ff(transform=adapt_costs(cost_type=normal)): 3115
[t=15.1888s, 31200 KB] g=122, 33038 evaluated, 19820 expanded
[t=611.127s, 586276 KB] New best heuristic value for ff(transform=adapt_costs(cost_type=normal)): 3114
[t=611.127s, 586276 KB] g=128, 1350541 evaluated, 910501 expanded
[t=642.455s, 614624 KB] New best heuristic value for ff(transform=adapt_costs(cost_type=normal)): 3113
[t=642.455s, 614624 KB] g=156, 1419911 evaluated, 956756 expanded
[t=642.555s, 614624 KB] New best heuristic value for ff(transform=adapt_costs(cost_type=normal)): 3112
[t=642.555s, 614624 KB] g=162, 1420145 evaluated, 956861 expanded
[t=643.638s, 615680 KB] New best heuristic value for ff(transform=adapt_costs(cost_type=normal)): 3111
[t=643.638s, 615680 KB] g=172, 1422624 evaluated, 958008 expanded
[t=643.71s, 615812 KB] New best heuristic value for ff(transform=adapt_costs(cost_type=normal)): 3110
[t=643.71s, 615812 KB] g=174, 1422794 evaluated, 958078 expanded
[t=644.093s, 616080 KB] New best heuristic value for ff(transform=adapt_costs(cost_type=normal)): 3109
[t=644.093s, 616080 KB] g=184, 1423673 evaluated, 958427 expanded
[t=646.156s, 618072 KB] New best heuristic value for ff(transform=adapt_costs(cost_type=normal)): 3108
[t=646.156s, 618072 KB] g=208, 1428243 evaluated, 960048 expanded
[t=646.519s, 618336 KB] New best heuristic value for ff(transform=adapt_costs(cost_type=normal)): 3107
[t=646.519s, 618336 KB] g=210, 1429031 evaluated, 960351 expanded
[t=647.354s, 619000 KB] New best heuristic value for ff(transform=adapt_costs(cost_type=normal)): 3106
[t=647.354s, 619000 KB] g=212, 1430833 evaluated, 961059 expanded
[t=675.187s, 644352 KB] New best heuristic value for ff(transform=adapt_costs(cost_type=normal)): 3105
[t=675.187s, 644352 KB] g=222, 1492670 evaluated, 986148 expanded
Peak memory: 1712756 KB
caught signal 24 -- exiting
Time limit has been reached.
Remove intermediate file output.sas
search exit code: 23

Driver aborting after search
INFO     Planner time: 1798.01s
