INFO     planner time limit: 1800s
INFO     planner memory limit: 2048 MB

INFO     Running translator.
INFO     translator stdin: None
INFO     translator time limit: 1799s
INFO     translator memory limit: 2048 MB
INFO     translator command line string: /home/henry/Documents/UFRGS/TCC/downward/.venv/bin/python /home/henry/Documents/UFRGS/TCC/downward/experiments/lab/data/main/code-5bb2ccb6957559b6969ffd7e29254c73f84d5e49_e5e41175/builds/release/bin/translate/translate.py domain.pddl problem.pddl --sas-file output.sas
Parsing...
Parsing: [0.020s CPU, 0.022s wall-clock]
Normalizing task... [0.000s CPU, 0.002s wall-clock]
Instantiating...
Generating Datalog program... [0.010s CPU, 0.004s wall-clock]
Normalizing Datalog program...
Normalizing Datalog program: [0.010s CPU, 0.015s wall-clock]
Preparing model... [0.010s CPU, 0.009s wall-clock]
Generated 985 rules.
Computing model... [0.840s CPU, 0.842s wall-clock]
45505 relevant atoms
76958 auxiliary atoms
122463 final queue length
194043 total queue pushes
Completing instantiation... [1.340s CPU, 1.344s wall-clock]
Instantiating: [2.240s CPU, 2.246s wall-clock]
Computing fact groups...
Finding invariants...
211 initial candidates
Finding invariants: [29.680s CPU, 29.703s wall-clock]
Checking invariant weight... [0.000s CPU, 0.000s wall-clock]
Instantiating groups... [0.000s CPU, 0.000s wall-clock]
Collecting mutex groups... [0.000s CPU, 0.000s wall-clock]
Choosing groups...
2402 uncovered facts
Choosing groups: [0.000s CPU, 0.000s wall-clock]
Building translation key... [0.000s CPU, 0.005s wall-clock]
Computing fact groups: [29.700s CPU, 29.722s wall-clock]
Building STRIPS to SAS dictionary... [0.000s CPU, 0.001s wall-clock]
Building dictionary for full mutex groups... [0.000s CPU, 0.002s wall-clock]
Building mutex information...
Building mutex information: [0.000s CPU, 0.001s wall-clock]
Translating task...
Processing axioms...
Simplifying axioms... [0.000s CPU, 0.000s wall-clock]
Translator axioms removed by simplifying: 0
Computing negative axioms... [0.000s CPU, 0.000s wall-clock]
Processing axioms: [0.050s CPU, 0.049s wall-clock]
Translating task: [1.530s CPU, 1.527s wall-clock]
71994 effect conditions simplified
0 implied preconditions added
Detecting unreachable propositions...
0 operators removed
0 axioms removed
148 propositions removed
Detecting unreachable propositions: [0.920s CPU, 0.921s wall-clock]
Reordering and filtering variables...
2187 of 2328 variables necessary.
0 of 0 mutex groups necessary.
41854 of 41854 operators necessary.
0 of 0 axiom rules necessary.
Reordering and filtering variables: [0.690s CPU, 0.694s wall-clock]
Translator variables: 2187
Translator derived variables: 0
Translator facts: 4374
Translator goal facts: 9
Translator mutex groups: 0
Translator total mutex groups size: 0
Translator operators: 41854
Translator axioms: 0
Translator task size: 300696
Translator peak memory: 386280 KB
Writing output... [0.240s CPU, 0.233s wall-clock]
Done! [35.400s CPU, 35.436s wall-clock]
translate exit code: 0

INFO     Running search (release).
INFO     search stdin: output.sas
INFO     search time limit: 1764s
INFO     search memory limit: 2048 MB
INFO     search command line string: /home/henry/Documents/UFRGS/TCC/downward/experiments/lab/data/main/code-5bb2ccb6957559b6969ffd7e29254c73f84d5e49_e5e41175/builds/release/bin/downward --search 'eager_greedy([ff(transform=adapt_costs(cost_type=NORMAL))])' --internal-plan-file sas_plan < output.sas
[t=0s, 10544 KB] reading input...
[t=0.159872s, 24952 KB] done reading input!
[t=0.171863s, 32368 KB] Simplifying 140923 unary operators... done! [102883 unary operators]
[t=0.28378s, 43852 KB] time to simplify: 0.119904s
[t=0.291767s, 43852 KB] Initializing additive heuristic...
[t=0.291767s, 43852 KB] Initializing FF heuristic...
[t=0.291767s, 43852 KB] Building successor generator...done!
[t=0.307731s, 43852 KB] peak memory difference for successor generator creation: 0 KB
[t=0.307731s, 43852 KB] time for successor generation creation: 0.0159647s
[t=0.307731s, 43852 KB] Variables: 2187
[t=0.307731s, 43852 KB] FactPairs: 4374
[t=0.307731s, 43852 KB] Bytes per state: 276
[t=0.307731s, 43852 KB] Conducting best first search without reopening closed nodes, (real) bound = 2147483647
[t=0.307731s, 43852 KB] New best heuristic value for ff(transform=adapt_costs(cost_type=normal)): 106
[t=0.307731s, 43852 KB] g=0, 1 evaluated, 0 expanded
[t=0.307731s, 43852 KB] Initial heuristic value for ff(transform=adapt_costs(cost_type=normal)): 106
[t=0.307731s, 43852 KB] pruning method: none
[t=0.315721s, 43852 KB] New best heuristic value for ff(transform=adapt_costs(cost_type=normal)): 65
[t=0.315721s, 43852 KB] g=5, 20 evaluated, 1 expanded
[t=0.327715s, 43852 KB] New best heuristic value for ff(transform=adapt_costs(cost_type=normal)): 56
[t=0.327715s, 43852 KB] g=5, 45 evaluated, 1 expanded
[t=0.331727s, 43852 KB] New best heuristic value for ff(transform=adapt_costs(cost_type=normal)): 46
[t=0.331727s, 43852 KB] g=9, 57 evaluated, 2 expanded
[t=0.335706s, 43852 KB] New best heuristic value for ff(transform=adapt_costs(cost_type=normal)): 38
[t=0.335706s, 43852 KB] g=17, 69 evaluated, 4 expanded
[t=0.335706s, 43852 KB] New best heuristic value for ff(transform=adapt_costs(cost_type=normal)): 34
[t=0.335706s, 43852 KB] g=17, 70 evaluated, 4 expanded
[t=0.343711s, 43852 KB] New best heuristic value for ff(transform=adapt_costs(cost_type=normal)): 30
[t=0.343711s, 43852 KB] g=21, 92 evaluated, 5 expanded
[t=0.343711s, 43852 KB] New best heuristic value for ff(transform=adapt_costs(cost_type=normal)): 26
[t=0.343711s, 43852 KB] g=25, 94 evaluated, 6 expanded
[t=0.343711s, 43852 KB] New best heuristic value for ff(transform=adapt_costs(cost_type=normal)): 22
[t=0.343711s, 43852 KB] g=29, 95 evaluated, 7 expanded
[t=0.343711s, 43852 KB] New best heuristic value for ff(transform=adapt_costs(cost_type=normal)): 18
[t=0.343711s, 43852 KB] g=33, 96 evaluated, 8 expanded
[t=0.343711s, 43852 KB] New best heuristic value for ff(transform=adapt_costs(cost_type=normal)): 14
[t=0.343711s, 43852 KB] g=37, 97 evaluated, 9 expanded
[t=7.1656s, 44164 KB] New best heuristic value for ff(transform=adapt_costs(cost_type=normal)): 12
[t=7.1656s, 44164 KB] g=70, 22615 evaluated, 224 expanded
[t=7.1656s, 44164 KB] New best heuristic value for ff(transform=adapt_costs(cost_type=normal)): 8
[t=7.1656s, 44164 KB] g=74, 22616 evaluated, 225 expanded
[t=7.1656s, 44164 KB] New best heuristic value for ff(transform=adapt_costs(cost_type=normal)): 4
[t=7.1656s, 44164 KB] g=78, 22617 evaluated, 226 expanded
[t=7.1656s, 44164 KB] New best heuristic value for ff(transform=adapt_costs(cost_type=normal)): 0
[t=7.1656s, 44164 KB] g=82, 22618 evaluated, 227 expanded
[t=7.1656s, 44164 KB] Solution found!
[t=7.1656s, 44164 KB] Actual search time: 6.85787s
oxidationofborane_1 o065 o064 (1)
oxidationofborane_2 o178 o177 (1)
oxidationofborane_3 c051 c002 (1)
oxidationofborane_4 c005 c051 (1)
oxidationofborane_5 o181 h183 (1)
oxidationofborane_6 o182 h184 (1)
oxidationofborane_7 h183 h184 (1)
oxidationofborane_8 o177 h179 (1)
oxidationofborane_9 o178 h180 (1)
oxidationofborane_10 h180 h179 (1)
oxidationofborane_11 o065 h059 (1)
oxidationofborane_12 o064 h058 (1)
oxidationofborane_13 h059 h058 (1)
oxidationofborane_14 c051 b071 (1)
oxidationofborane_15 c005 b071 (1)
oxidationofborane_16 b071 c002 (1)
oxidationofborane_17 o178 o182 (1)
oxidationofborane_18 o181 o178 (1)
oxidationofborane_19 o182 o177 (1)
oxidationofborane_20 o181 o177 (1)
oxidationofborane_21 o182 o064 (1)
oxidationofborane_22 o181 o064 (1)
oxidationofborane_23 o178 o064 (1)
oxidationofborane_24 o177 o064 (1)
oxidationofborane_25 o182 o065 (1)
oxidationofborane_26 o181 o065 (1)
oxidationofborane_27 o178 o065 (1)
oxidationofborane_28 o065 o177 (1)
oxidationofborane_29 c005 c002 (1)
oxidationofborane_30 o181 o182 (1)
oxidationofborane_31 c005 b071 (1)
oxidationofborane_32 b071 c002 (1)
oxidationofborane_33 c051 b071 (1)
oxidationofborane_34 o178 o177 (1)
oxidationofborane_35 o065 o064 (1)
oxidationofborane_36 o182 b071 (1)
oxidationofborane_37 o181 c005 (1)
oxidationofborane_38 o178 b071 (1)
oxidationofborane_39 o177 c002 (1)
oxidationofborane_40 o064 b071 (1)
oxidationofborane_41 o065 c051 (1)
additionofrohacrossgemdisubstitutedalkene_1 o065 h059 (5)
additionofrohacrossgemdisubstitutedalkene_2 c033 c034 (4)
additionofrohacrossgemdisubstitutedalkene_3 c033 c034 (4)
additionofrohacrossgemdisubstitutedalkene_4 c032 h134 (4)
additionofrohacrossgemdisubstitutedalkene_5 c032 h133 (4)
additionofrohacrossgemdisubstitutedalkene_6 h134 h133 (4)
additionofrohacrossgemdisubstitutedalkene_7 h059 o065 (4)
additionofrohacrossgemdisubstitutedalkene_8 c033 c032 (4)
additionofrohacrossgemdisubstitutedalkene_9 c032 h059 (4)
additionofrohacrossgemdisubstitutedalkene_10 c033 o065 (4)
[t=7.1656s, 44164 KB] Plan length: 51 step(s).
[t=7.1656s, 44164 KB] Plan cost: 82
[t=7.1656s, 44164 KB] Expanded 228 state(s).
[t=7.1656s, 44164 KB] Reopened 0 state(s).
[t=7.1656s, 44164 KB] Evaluated 22618 state(s).
[t=7.1656s, 44164 KB] Evaluations: 22618
[t=7.1656s, 44164 KB] Generated 23074 state(s).
[t=7.1656s, 44164 KB] Dead ends: 22364 state(s).
[t=7.1656s, 44164 KB] Number of registered states: 22618
[t=7.1656s, 44164 KB] Int hash set load factor: 22618/32768 = 0.690247
[t=7.1656s, 44164 KB] Int hash set resizes: 15
[t=7.1656s, 44164 KB] Search time: 6.85787s
[t=7.1656s, 44164 KB] Total time: 7.1656s
Solution found.
Peak memory: 44164 KB
Remove intermediate file output.sas
search exit code: 0

INFO     Running validate.
INFO     validate stdin: None
INFO     validate time limit: None
INFO     validate memory limit: None
INFO     validate command line string: /home/henry/bin/validate domain.pddl problem.pddl sas_plan
Checking plan: sas_plan
Plan executed successfully - checking goal
Plan valid
Final value: 82 

Successful plans:
Value: 82
 sas_plan 82 

validate exit code: 0

INFO     Planner time: 42.68s
