INFO     planner time limit: 1800s
INFO     planner memory limit: 2048 MB

INFO     Running translator.
INFO     translator stdin: None
INFO     translator time limit: 1799s
INFO     translator memory limit: 2048 MB
INFO     translator command line string: /home/henry/Documents/UFRGS/TCC/downward/.venv/bin/python /home/henry/Documents/UFRGS/TCC/downward/experiments/lab/data/main/code-5bb2ccb6957559b6969ffd7e29254c73f84d5e49_e5e41175/builds/release/bin/translate/translate.py domain.pddl problem.pddl --sas-file output.sas
Parsing...
Parsing: [0.010s CPU, 0.004s wall-clock]
Normalizing task... [0.000s CPU, 0.000s wall-clock]
Instantiating...
Generating Datalog program... [0.000s CPU, 0.001s wall-clock]
Normalizing Datalog program...
Normalizing Datalog program: [0.010s CPU, 0.014s wall-clock]
Preparing model... [0.010s CPU, 0.004s wall-clock]
Generated 400 rules.
Computing model... [0.540s CPU, 0.535s wall-clock]
43738 relevant atoms
39186 auxiliary atoms
82924 final queue length
230130 total queue pushes
Completing instantiation... [2.060s CPU, 2.069s wall-clock]
Instantiating: [2.640s CPU, 2.639s wall-clock]
Computing fact groups...
Finding invariants...
41 initial candidates
Finding invariants: [0.040s CPU, 0.047s wall-clock]
Checking invariant weight... [0.000s CPU, 0.000s wall-clock]
Instantiating groups... [0.000s CPU, 0.000s wall-clock]
Collecting mutex groups... [0.000s CPU, 0.000s wall-clock]
Choosing groups...
443 uncovered facts
Choosing groups: [0.000s CPU, 0.000s wall-clock]
Building translation key... [0.000s CPU, 0.001s wall-clock]
Computing fact groups: [0.050s CPU, 0.050s wall-clock]
Building STRIPS to SAS dictionary... [0.000s CPU, 0.000s wall-clock]
Building dictionary for full mutex groups... [0.000s CPU, 0.000s wall-clock]
Building mutex information...
Building mutex information: [0.000s CPU, 0.000s wall-clock]
Translating task...
Processing axioms...
Simplifying axioms... [0.000s CPU, 0.000s wall-clock]
Translator axioms removed by simplifying: 0
Computing negative axioms... [0.000s CPU, 0.000s wall-clock]
Processing axioms: [0.100s CPU, 0.101s wall-clock]
Translating task: [2.580s CPU, 2.577s wall-clock]
123029 effect conditions simplified
0 implied preconditions added
Detecting unreachable propositions...
0 operators removed
0 axioms removed
2 propositions removed
Detecting unreachable propositions: [1.600s CPU, 1.609s wall-clock]
Reordering and filtering variables...
445 of 445 variables necessary.
1 of 3 mutex groups necessary.
43098 of 43098 operators necessary.
0 of 0 axiom rules necessary.
Reordering and filtering variables: [0.610s CPU, 0.610s wall-clock]
Translator variables: 445
Translator derived variables: 0
Translator facts: 893
Translator goal facts: 4
Translator mutex groups: 1
Translator total mutex groups size: 2
Translator operators: 43098
Translator axioms: 0
Translator task size: 530940
Translator peak memory: 318288 KB
Writing output... [0.340s CPU, 0.351s wall-clock]
Done! [7.940s CPU, 7.944s wall-clock]
translate exit code: 0

INFO     Running search (release).
INFO     search stdin: output.sas
INFO     search time limit: 1791s
INFO     search memory limit: 2048 MB
INFO     search command line string: /home/henry/Documents/UFRGS/TCC/downward/experiments/lab/data/main/code-5bb2ccb6957559b6969ffd7e29254c73f84d5e49_e5e41175/builds/release/bin/downward --search 'eager_greedy([operatorcounting(constraint_generators=[pho_constraints(patterns=systematic(4))], use_integer_operator_counts=true, transform=adapt_costs(cost_type=NORMAL))])' --internal-plan-file sas_plan < output.sas
[t=0s, 45596 KB] reading input...
[t=0.235939s, 65488 KB] done reading input!
[t=0.238015s, 68976 KB] Generating patterns using: systematic pattern collection generator
[t=0.238015s, 68976 KB] building causal graph...done! [t=0.159871s]
[t=0.437863s, 85772 KB] Found 43732 SGA patterns.
[t=1.12172s, 85772 KB] Found 43732 interesting patterns.
[t=1.12972s, 86832 KB] systematic pattern collection generator number of patterns: 43732
[t=1.12972s, 86832 KB] systematic pattern collection generator total PDB size: 739112
[t=1.12972s, 86832 KB] systematic pattern collection generator computation time: 0.891704s
[t=1.12972s, 86832 KB] Computing PDBs for pattern collection...
[t=345.913s, 87976 KB] Done computing PDBs for pattern collection: 344.784s
Failed to allocate memory.
Memory limit has been reached.
Peak memory: 1586308 KB
Remove intermediate file output.sas
search exit code: 22

Driver aborting after search
INFO     Planner time: 442.29s
