INFO     planner time limit: 1800s
INFO     planner memory limit: 2048 MB

INFO     Running translator.
INFO     translator stdin: None
INFO     translator time limit: 1799s
INFO     translator memory limit: 2048 MB
INFO     translator command line string: /home/henry/Documents/UFRGS/TCC/downward/.venv/bin/python /home/henry/Documents/UFRGS/TCC/downward/experiments/lab/data/main/code-5bb2ccb6957559b6969ffd7e29254c73f84d5e49_e5e41175/builds/release/bin/translate/translate.py domain.pddl problem.pddl --sas-file output.sas
Parsing...
Parsing: [0.000s CPU, 0.002s wall-clock]
Normalizing task... [0.000s CPU, 0.000s wall-clock]
Instantiating...
Generating Datalog program... [0.000s CPU, 0.000s wall-clock]
Normalizing Datalog program...
Normalizing Datalog program: [0.000s CPU, 0.002s wall-clock]
Preparing model... [0.000s CPU, 0.001s wall-clock]
Generated 50 rules.
Computing model... [0.010s CPU, 0.007s wall-clock]
607 relevant atoms
730 auxiliary atoms
1337 final queue length
1711 total queue pushes
Completing instantiation... [0.000s CPU, 0.006s wall-clock]
Instantiating: [0.020s CPU, 0.016s wall-clock]
Computing fact groups...
Finding invariants...
11 initial candidates
Finding invariants: [0.000s CPU, 0.003s wall-clock]
Checking invariant weight... [0.000s CPU, 0.000s wall-clock]
Instantiating groups... [0.000s CPU, 0.001s wall-clock]
Collecting mutex groups... [0.000s CPU, 0.000s wall-clock]
Choosing groups...
0 uncovered facts
Choosing groups: [0.000s CPU, 0.000s wall-clock]
Building translation key... [0.000s CPU, 0.000s wall-clock]
Computing fact groups: [0.000s CPU, 0.005s wall-clock]
Building STRIPS to SAS dictionary... [0.000s CPU, 0.000s wall-clock]
Building dictionary for full mutex groups... [0.000s CPU, 0.000s wall-clock]
Building mutex information...
Building mutex information: [0.000s CPU, 0.000s wall-clock]
Translating task...
Processing axioms...
Simplifying axioms... [0.000s CPU, 0.000s wall-clock]
Translator axioms removed by simplifying: 0
Computing negative axioms... [0.000s CPU, 0.000s wall-clock]
Processing axioms: [0.000s CPU, 0.000s wall-clock]
Translating task: [0.010s CPU, 0.007s wall-clock]
0 effect conditions simplified
0 implied preconditions added
Detecting unreachable propositions...
0 operators removed
0 axioms removed
4 propositions removed
Detecting unreachable propositions: [0.000s CPU, 0.004s wall-clock]
Reordering and filtering variables...
28 of 28 variables necessary.
48 of 52 mutex groups necessary.
316 of 316 operators necessary.
0 of 0 axiom rules necessary.
Reordering and filtering variables: [0.000s CPU, 0.001s wall-clock]
Translator variables: 28
Translator derived variables: 0
Translator facts: 148
Translator goal facts: 20
Translator mutex groups: 48
Translator total mutex groups size: 192
Translator operators: 316
Translator axioms: 0
Translator task size: 2112
Translator peak memory: 33404 KB
Writing output... [0.010s CPU, 0.002s wall-clock]
Done! [0.040s CPU, 0.038s wall-clock]
translate exit code: 0

INFO     Running search (release).
INFO     search stdin: output.sas
INFO     search time limit: 1799s
INFO     search memory limit: 2048 MB
INFO     search command line string: /home/henry/Documents/UFRGS/TCC/downward/experiments/lab/data/main/code-5bb2ccb6957559b6969ffd7e29254c73f84d5e49_e5e41175/builds/release/bin/downward --search 'eager_greedy([operatorcounting(constraint_generators=[pho_constraints(patterns=systematic(4))], use_integer_operator_counts=true, transform=adapt_costs(cost_type=ONE))])' --internal-plan-file sas_plan < output.sas
[t=0s, 45596 KB] reading input...
[t=0s, 45728 KB] done reading input!
[t=0.00252094s, 45992 KB] Generating patterns using: systematic pattern collection generator
[t=0.00252094s, 45992 KB] building causal graph...done! [t=0s]
[t=0.00652708s, 47584 KB] Found 6836 SGA patterns.
[t=0.022492s, 48104 KB] Found 9585 interesting patterns.
[t=0.022492s, 48104 KB] systematic pattern collection generator number of patterns: 9585
[t=0.022492s, 48104 KB] systematic pattern collection generator total PDB size: 10393216
[t=0.022492s, 48104 KB] systematic pattern collection generator computation time: 0.0199711s
[t=0.022492s, 48104 KB] Computing PDBs for pattern collection...
[t=2.62842s, 90632 KB] Done computing PDBs for pattern collection: 2.60593s
[t=2.72034s, 126272 KB] Building successor generator...done!
[t=2.72034s, 126272 KB] peak memory difference for successor generator creation: 0 KB
[t=2.72034s, 126272 KB] time for successor generation creation: 0s
[t=2.72034s, 126272 KB] Variables: 28
[t=2.72034s, 126272 KB] FactPairs: 148
[t=2.72034s, 126272 KB] Bytes per state: 8
[t=2.72034s, 126272 KB] Conducting best first search without reopening closed nodes, (real) bound = 2147483647
[t=3.95084s, 168840 KB] New best heuristic value for operatorcounting(constraint_generators=[pho_constraints(patterns=systematic(4))],use_integer_operator_counts=true,transform=adapt_costs(cost_type=one)): 17
[t=3.95084s, 168840 KB] g=0, 1 evaluated, 0 expanded
[t=3.95084s, 168840 KB] Initial heuristic value for operatorcounting(constraint_generators=[pho_constraints(patterns=systematic(4))],use_integer_operator_counts=true,transform=adapt_costs(cost_type=one)): 17
[t=3.95084s, 168840 KB] pruning method: none
[t=24.1229s, 185320 KB] New best heuristic value for operatorcounting(constraint_generators=[pho_constraints(patterns=systematic(4))],use_integer_operator_counts=true,transform=adapt_costs(cost_type=one)): 16
[t=24.1229s, 185320 KB] g=4, 20 evaluated, 2 expanded
[t=79.0251s, 186740 KB] New best heuristic value for operatorcounting(constraint_generators=[pho_constraints(patterns=systematic(4))],use_integer_operator_counts=true,transform=adapt_costs(cost_type=one)): 15
[t=79.0251s, 186740 KB] g=9, 62 evaluated, 7 expanded
[t=109.384s, 187192 KB] New best heuristic value for operatorcounting(constraint_generators=[pho_constraints(patterns=systematic(4))],use_integer_operator_counts=true,transform=adapt_costs(cost_type=one)): 14
[t=109.384s, 187192 KB] g=15, 162 evaluated, 22 expanded
[t=124.852s, 187192 KB] New best heuristic value for operatorcounting(constraint_generators=[pho_constraints(patterns=systematic(4))],use_integer_operator_counts=true,transform=adapt_costs(cost_type=one)): 13
[t=124.852s, 187192 KB] g=27, 230 evaluated, 33 expanded
[t=146.395s, 187192 KB] New best heuristic value for operatorcounting(constraint_generators=[pho_constraints(patterns=systematic(4))],use_integer_operator_counts=true,transform=adapt_costs(cost_type=one)): 12
[t=146.395s, 187192 KB] g=31, 314 evaluated, 49 expanded
[t=168.177s, 187192 KB] New best heuristic value for operatorcounting(constraint_generators=[pho_constraints(patterns=systematic(4))],use_integer_operator_counts=true,transform=adapt_costs(cost_type=one)): 11
[t=168.177s, 187192 KB] g=44, 403 evaluated, 68 expanded
[t=174.437s, 187192 KB] New best heuristic value for operatorcounting(constraint_generators=[pho_constraints(patterns=systematic(4))],use_integer_operator_counts=true,transform=adapt_costs(cost_type=one)): 10
[t=174.437s, 187192 KB] g=48, 430 evaluated, 74 expanded
[t=189.76s, 187192 KB] New best heuristic value for operatorcounting(constraint_generators=[pho_constraints(patterns=systematic(4))],use_integer_operator_counts=true,transform=adapt_costs(cost_type=one)): 9
[t=189.76s, 187192 KB] g=53, 497 evaluated, 96 expanded
[t=200.578s, 187192 KB] New best heuristic value for operatorcounting(constraint_generators=[pho_constraints(patterns=systematic(4))],use_integer_operator_counts=true,transform=adapt_costs(cost_type=one)): 8
[t=200.578s, 187192 KB] g=59, 555 evaluated, 111 expanded
[t=219.89s, 187192 KB] New best heuristic value for operatorcounting(constraint_generators=[pho_constraints(patterns=systematic(4))],use_integer_operator_counts=true,transform=adapt_costs(cost_type=one)): 7
[t=219.89s, 187192 KB] g=76, 690 evaluated, 151 expanded
[t=1365.83s, 187192 KB] New best heuristic value for operatorcounting(constraint_generators=[pho_constraints(patterns=systematic(4))],use_integer_operator_counts=true,transform=adapt_costs(cost_type=one)): 6
[t=1365.83s, 187192 KB] g=101, 8352 evaluated, 5489 expanded
Peak memory: 187192 KB
caught signal 24 -- exiting
Time limit has been reached.
Remove intermediate file output.sas
search exit code: 23

Driver aborting after search
INFO     Planner time: 1796.90s
