INFO     planner time limit: 1800s
INFO     planner memory limit: 2048 MB

INFO     Running translator.
INFO     translator stdin: None
INFO     translator time limit: 1799s
INFO     translator memory limit: 2048 MB
INFO     translator command line string: /home/henry/Documents/UFRGS/TCC/downward/.venv/bin/python /home/henry/Documents/UFRGS/TCC/downward/experiments/lab/data/main/code-5bb2ccb6957559b6969ffd7e29254c73f84d5e49_e5e41175/builds/release/bin/translate/translate.py domain.pddl problem.pddl --sas-file output.sas
Parsing...
Parsing: [0.010s CPU, 0.005s wall-clock]
Normalizing task... [0.000s CPU, 0.000s wall-clock]
Instantiating...
Generating Datalog program... [0.000s CPU, 0.002s wall-clock]
Normalizing Datalog program...
Normalizing Datalog program: [0.000s CPU, 0.002s wall-clock]
Preparing model... [0.010s CPU, 0.007s wall-clock]
Generated 46 rules.
Computing model... [0.350s CPU, 0.345s wall-clock]
52152 relevant atoms
20764 auxiliary atoms
72916 final queue length
164732 total queue pushes
Completing instantiation... [1.550s CPU, 1.550s wall-clock]
Instantiating: [1.920s CPU, 1.918s wall-clock]
Computing fact groups...
Finding invariants...
12 initial candidates
Finding invariants: [0.010s CPU, 0.015s wall-clock]
Checking invariant weight... [0.000s CPU, 0.001s wall-clock]
Instantiating groups... [0.020s CPU, 0.014s wall-clock]
Collecting mutex groups... [0.000s CPU, 0.001s wall-clock]
Choosing groups...
0 uncovered facts
Choosing groups: [0.010s CPU, 0.003s wall-clock]
Building translation key... [0.000s CPU, 0.002s wall-clock]
Computing fact groups: [0.040s CPU, 0.046s wall-clock]
Building STRIPS to SAS dictionary... [0.000s CPU, 0.001s wall-clock]
Building dictionary for full mutex groups... [0.000s CPU, 0.001s wall-clock]
Building mutex information...
Building mutex information: [0.010s CPU, 0.001s wall-clock]
Translating task...
Processing axioms...
Simplifying axioms... [0.000s CPU, 0.000s wall-clock]
Translator axioms removed by simplifying: 0
Computing negative axioms... [0.000s CPU, 0.000s wall-clock]
Processing axioms: [0.070s CPU, 0.070s wall-clock]
Translating task: [1.160s CPU, 1.168s wall-clock]
0 effect conditions simplified
0 implied preconditions added
Detecting unreachable propositions...
0 operators removed
0 axioms removed
76 propositions removed
Detecting unreachable propositions: [0.710s CPU, 0.717s wall-clock]
Reordering and filtering variables...
76 of 76 variables necessary.
0 of 76 mutex groups necessary.
47768 of 47768 operators necessary.
0 of 0 axiom rules necessary.
Reordering and filtering variables: [0.140s CPU, 0.142s wall-clock]
Translator variables: 76
Translator derived variables: 0
Translator facts: 3068
Translator goal facts: 60
Translator mutex groups: 0
Translator total mutex groups size: 0
Translator operators: 47768
Translator axioms: 0
Translator task size: 287628
Translator peak memory: 223272 KB
Writing output... [0.190s CPU, 0.193s wall-clock]
Done! [4.250s CPU, 4.258s wall-clock]
translate exit code: 0

INFO     Running search (release).
INFO     search stdin: output.sas
INFO     search time limit: 1795s
INFO     search memory limit: 2048 MB
INFO     search command line string: /home/henry/Documents/UFRGS/TCC/downward/experiments/lab/data/main/code-5bb2ccb6957559b6969ffd7e29254c73f84d5e49_e5e41175/builds/release/bin/downward --search 'eager_greedy([lsh(patterns=systematic(4), transform=adapt_costs(cost_type=NORMAL))])' --internal-plan-file sas_plan < output.sas
[t=0s, 10544 KB] reading input...
[t=0.127938s, 23608 KB] done reading input!
[t=0.127938s, 23864 KB] Generating patterns using: systematic pattern collection generator
[t=0.127938s, 23864 KB] building causal graph...done! [t=0.00799827s]
[t=0.90326s, 149892 KB] Found 492580 SGA patterns.
[t=3.5184s, 204872 KB] Found 830060 interesting patterns.
[t=4.02592s, 212036 KB] systematic pattern collection generator number of patterns: 830060
[t=4.07786s, 212036 KB] systematic pattern collection generator total PDB size: -569530228
[t=4.11783s, 212036 KB] systematic pattern collection generator computation time: 3.89798s
[t=4.11783s, 212036 KB] Computing PDBs for pattern collection...
Failed to allocate memory.
Memory limit has been reached.
Peak memory: 2095228 KB
Remove intermediate file output.sas
search exit code: 22

Driver aborting after search
INFO     Planner time: 1346.12s
