INFO     planner time limit: 1800s
INFO     planner memory limit: 2048 MB

INFO     Running translator.
INFO     translator stdin: None
INFO     translator time limit: 1799s
INFO     translator memory limit: 2048 MB
INFO     translator command line string: /home/henry/Documents/UFRGS/TCC/downward/.venv/bin/python /home/henry/Documents/UFRGS/TCC/downward/experiments/lab/data/main/code-5bb2ccb6957559b6969ffd7e29254c73f84d5e49_e5e41175/builds/release/bin/translate/translate.py domain.pddl problem.pddl --sas-file output.sas
Parsing...
Parsing: [0.010s CPU, 0.001s wall-clock]
Normalizing task... [0.000s CPU, 0.000s wall-clock]
Instantiating...
Generating Datalog program... [0.000s CPU, 0.000s wall-clock]
Normalizing Datalog program...
Normalizing Datalog program: [0.000s CPU, 0.002s wall-clock]
Preparing model... [0.000s CPU, 0.001s wall-clock]
Generated 50 rules.
Computing model... [0.010s CPU, 0.007s wall-clock]
607 relevant atoms
730 auxiliary atoms
1337 final queue length
1711 total queue pushes
Completing instantiation... [0.000s CPU, 0.006s wall-clock]
Instantiating: [0.010s CPU, 0.015s wall-clock]
Computing fact groups...
Finding invariants...
11 initial candidates
Finding invariants: [0.000s CPU, 0.003s wall-clock]
Checking invariant weight... [0.000s CPU, 0.000s wall-clock]
Instantiating groups... [0.010s CPU, 0.001s wall-clock]
Collecting mutex groups... [0.000s CPU, 0.000s wall-clock]
Choosing groups...
0 uncovered facts
Choosing groups: [0.000s CPU, 0.000s wall-clock]
Building translation key... [0.000s CPU, 0.000s wall-clock]
Computing fact groups: [0.010s CPU, 0.005s wall-clock]
Building STRIPS to SAS dictionary... [0.000s CPU, 0.000s wall-clock]
Building dictionary for full mutex groups... [0.000s CPU, 0.000s wall-clock]
Building mutex information...
Building mutex information: [0.000s CPU, 0.000s wall-clock]
Translating task...
Processing axioms...
Simplifying axioms... [0.000s CPU, 0.000s wall-clock]
Translator axioms removed by simplifying: 0
Computing negative axioms... [0.000s CPU, 0.000s wall-clock]
Processing axioms: [0.000s CPU, 0.000s wall-clock]
Translating task: [0.000s CPU, 0.007s wall-clock]
0 effect conditions simplified
0 implied preconditions added
Detecting unreachable propositions...
0 operators removed
0 axioms removed
4 propositions removed
Detecting unreachable propositions: [0.010s CPU, 0.003s wall-clock]
Reordering and filtering variables...
28 of 28 variables necessary.
48 of 52 mutex groups necessary.
316 of 316 operators necessary.
0 of 0 axiom rules necessary.
Reordering and filtering variables: [0.000s CPU, 0.001s wall-clock]
Translator variables: 28
Translator derived variables: 0
Translator facts: 148
Translator goal facts: 20
Translator mutex groups: 48
Translator total mutex groups size: 192
Translator operators: 316
Translator axioms: 0
Translator task size: 2112
Translator peak memory: 33404 KB
Writing output... [0.000s CPU, 0.002s wall-clock]
Done! [0.040s CPU, 0.036s wall-clock]
translate exit code: 0

INFO     Running search (release).
INFO     search stdin: output.sas
INFO     search time limit: 1799s
INFO     search memory limit: 2048 MB
INFO     search command line string: /home/henry/Documents/UFRGS/TCC/downward/experiments/lab/data/main/code-5bb2ccb6957559b6969ffd7e29254c73f84d5e49_e5e41175/builds/release/bin/downward --search 'eager_greedy([operatorcounting(constraint_generators=[pho_constraints(patterns=systematic(2))], use_integer_operator_counts=true, transform=adapt_costs(cost_type=NORMAL))])' --internal-plan-file sas_plan < output.sas
[t=0s, 45596 KB] reading input...
[t=0s, 45728 KB] done reading input!
[t=0.00427243s, 45992 KB] Generating patterns using: systematic pattern collection generator
[t=0.00427243s, 45992 KB] building causal graph...done! [t=0s]
[t=0.00427243s, 45992 KB] Found 135 SGA patterns.
[t=0.00427243s, 45992 KB] Found 135 interesting patterns.
[t=0.00427243s, 45992 KB] systematic pattern collection generator number of patterns: 135
[t=0.00427243s, 45992 KB] systematic pattern collection generator total PDB size: 4800
[t=0.00427243s, 45992 KB] systematic pattern collection generator computation time: 0s
[t=0.00427243s, 45992 KB] Computing PDBs for pattern collection...
[t=0.0162666s, 45992 KB] Done computing PDBs for pattern collection: 0.0119941s
[t=0.0162666s, 46280 KB] Building successor generator...done!
[t=0.0162666s, 46280 KB] peak memory difference for successor generator creation: 0 KB
[t=0.0162666s, 46280 KB] time for successor generation creation: 0s
[t=0.0162666s, 46280 KB] Variables: 28
[t=0.0162666s, 46280 KB] FactPairs: 148
[t=0.0162666s, 46280 KB] Bytes per state: 8
[t=0.0162666s, 46280 KB] Conducting best first search without reopening closed nodes, (real) bound = 2147483647
[t=0.0282488s, 49168 KB] New best heuristic value for operatorcounting(constraint_generators=[pho_constraints(patterns=systematic(2))],use_integer_operator_counts=true,transform=adapt_costs(cost_type=normal)): 26
[t=0.0282488s, 49168 KB] g=0, 1 evaluated, 0 expanded
[t=0.0282488s, 49168 KB] Initial heuristic value for operatorcounting(constraint_generators=[pho_constraints(patterns=systematic(2))],use_integer_operator_counts=true,transform=adapt_costs(cost_type=normal)): 26
[t=0.0282488s, 49168 KB] pruning method: none
[t=0.0602349s, 50736 KB] New best heuristic value for operatorcounting(constraint_generators=[pho_constraints(patterns=systematic(2))],use_integer_operator_counts=true,transform=adapt_costs(cost_type=normal)): 25
[t=0.0602349s, 50736 KB] g=2, 7 evaluated, 1 expanded
[t=0.352122s, 50736 KB] New best heuristic value for operatorcounting(constraint_generators=[pho_constraints(patterns=systematic(2))],use_integer_operator_counts=true,transform=adapt_costs(cost_type=normal)): 24
[t=0.352122s, 50736 KB] g=5, 49 evaluated, 5 expanded
[t=0.472073s, 50736 KB] New best heuristic value for operatorcounting(constraint_generators=[pho_constraints(patterns=systematic(2))],use_integer_operator_counts=true,transform=adapt_costs(cost_type=normal)): 23
[t=0.472073s, 50736 KB] g=9, 74 evaluated, 8 expanded
[t=0.544053s, 50736 KB] New best heuristic value for operatorcounting(constraint_generators=[pho_constraints(patterns=systematic(2))],use_integer_operator_counts=true,transform=adapt_costs(cost_type=normal)): 22
[t=0.544053s, 50736 KB] g=12, 97 evaluated, 12 expanded
[t=0.560045s, 50736 KB] New best heuristic value for operatorcounting(constraint_generators=[pho_constraints(patterns=systematic(2))],use_integer_operator_counts=true,transform=adapt_costs(cost_type=normal)): 21
[t=0.560045s, 50736 KB] g=13, 105 evaluated, 13 expanded
[t=0.659996s, 50736 KB] New best heuristic value for operatorcounting(constraint_generators=[pho_constraints(patterns=systematic(2))],use_integer_operator_counts=true,transform=adapt_costs(cost_type=normal)): 20
[t=0.659996s, 50736 KB] g=21, 144 evaluated, 17 expanded
[t=0.827924s, 50872 KB] New best heuristic value for operatorcounting(constraint_generators=[pho_constraints(patterns=systematic(2))],use_integer_operator_counts=true,transform=adapt_costs(cost_type=normal)): 19
[t=0.827924s, 50872 KB] g=29, 201 evaluated, 24 expanded
[t=1.05184s, 50872 KB] New best heuristic value for operatorcounting(constraint_generators=[pho_constraints(patterns=systematic(2))],use_integer_operator_counts=true,transform=adapt_costs(cost_type=normal)): 18
[t=1.05184s, 50872 KB] g=39, 275 evaluated, 34 expanded
[t=1.05583s, 50872 KB] New best heuristic value for operatorcounting(constraint_generators=[pho_constraints(patterns=systematic(2))],use_integer_operator_counts=true,transform=adapt_costs(cost_type=normal)): 17
[t=1.05583s, 50872 KB] g=41, 279 evaluated, 35 expanded
[t=1.06383s, 50872 KB] New best heuristic value for operatorcounting(constraint_generators=[pho_constraints(patterns=systematic(2))],use_integer_operator_counts=true,transform=adapt_costs(cost_type=normal)): 16
[t=1.06383s, 50872 KB] g=43, 284 evaluated, 36 expanded
[t=1.11181s, 50872 KB] New best heuristic value for operatorcounting(constraint_generators=[pho_constraints(patterns=systematic(2))],use_integer_operator_counts=true,transform=adapt_costs(cost_type=normal)): 15
[t=1.11181s, 50872 KB] g=46, 308 evaluated, 45 expanded
[t=1.18379s, 50872 KB] New best heuristic value for operatorcounting(constraint_generators=[pho_constraints(patterns=systematic(2))],use_integer_operator_counts=true,transform=adapt_costs(cost_type=normal)): 14
[t=1.18379s, 50872 KB] g=55, 358 evaluated, 67 expanded
[t=1.20378s, 50872 KB] New best heuristic value for operatorcounting(constraint_generators=[pho_constraints(patterns=systematic(2))],use_integer_operator_counts=true,transform=adapt_costs(cost_type=normal)): 13
[t=1.20378s, 50872 KB] g=63, 373 evaluated, 74 expanded
[t=1.22776s, 50872 KB] New best heuristic value for operatorcounting(constraint_generators=[pho_constraints(patterns=systematic(2))],use_integer_operator_counts=true,transform=adapt_costs(cost_type=normal)): 11
[t=1.22776s, 50872 KB] g=71, 393 evaluated, 84 expanded
[t=1.92352s, 50872 KB] New best heuristic value for operatorcounting(constraint_generators=[pho_constraints(patterns=systematic(2))],use_integer_operator_counts=true,transform=adapt_costs(cost_type=normal)): 9
[t=1.92352s, 50872 KB] g=83, 997 evaluated, 604 expanded
[t=40.0971s, 50872 KB] New best heuristic value for operatorcounting(constraint_generators=[pho_constraints(patterns=systematic(2))],use_integer_operator_counts=true,transform=adapt_costs(cost_type=normal)): 7
[t=40.0971s, 50872 KB] g=95, 27195 evaluated, 24388 expanded
Peak memory: 102688 KB
caught signal 24 -- exiting
Time limit has been reached.
Remove intermediate file output.sas
search exit code: 23

Driver aborting after search
INFO     Planner time: 1798.00s
