INFO     planner time limit: 1800s
INFO     planner memory limit: 2048 MB

INFO     Running translator.
INFO     translator stdin: None
INFO     translator time limit: 1799s
INFO     translator memory limit: 2048 MB
INFO     translator command line string: /home/henry/Documents/UFRGS/TCC/downward/.venv/bin/python /home/henry/Documents/UFRGS/TCC/downward/experiments/lab/data/main/code-5bb2ccb6957559b6969ffd7e29254c73f84d5e49_e5e41175/builds/release/bin/translate/translate.py domain.pddl problem.pddl --sas-file output.sas
Parsing...
Parsing: [0.000s CPU, 0.003s wall-clock]
Normalizing task... [0.000s CPU, 0.000s wall-clock]
Instantiating...
Generating Datalog program... [0.000s CPU, 0.001s wall-clock]
Normalizing Datalog program...
Normalizing Datalog program: [0.000s CPU, 0.002s wall-clock]
Preparing model... [0.010s CPU, 0.003s wall-clock]
Generated 46 rules.
Computing model... [0.230s CPU, 0.230s wall-clock]
37088 relevant atoms
13428 auxiliary atoms
50516 final queue length
117436 total queue pushes
Completing instantiation... [1.080s CPU, 1.080s wall-clock]
Instantiating: [1.320s CPU, 1.322s wall-clock]
Computing fact groups...
Finding invariants...
12 initial candidates
Finding invariants: [0.010s CPU, 0.011s wall-clock]
Checking invariant weight... [0.000s CPU, 0.000s wall-clock]
Instantiating groups... [0.010s CPU, 0.007s wall-clock]
Collecting mutex groups... [0.000s CPU, 0.001s wall-clock]
Choosing groups...
0 uncovered facts
Choosing groups: [0.000s CPU, 0.002s wall-clock]
Building translation key... [0.000s CPU, 0.001s wall-clock]
Computing fact groups: [0.030s CPU, 0.027s wall-clock]
Building STRIPS to SAS dictionary... [0.000s CPU, 0.001s wall-clock]
Building dictionary for full mutex groups... [0.000s CPU, 0.001s wall-clock]
Building mutex information...
Building mutex information: [0.000s CPU, 0.000s wall-clock]
Translating task...
Processing axioms...
Simplifying axioms... [0.000s CPU, 0.000s wall-clock]
Translator axioms removed by simplifying: 0
Computing negative axioms... [0.000s CPU, 0.000s wall-clock]
Processing axioms: [0.040s CPU, 0.041s wall-clock]
Translating task: [0.830s CPU, 0.830s wall-clock]
0 effect conditions simplified
0 implied preconditions added
Detecting unreachable propositions...
0 operators removed
0 axioms removed
68 propositions removed
Detecting unreachable propositions: [0.500s CPU, 0.500s wall-clock]
Reordering and filtering variables...
68 of 68 variables necessary.
0 of 68 mutex groups necessary.
34568 of 34568 operators necessary.
0 of 0 axiom rules necessary.
Reordering and filtering variables: [0.110s CPU, 0.112s wall-clock]
Translator variables: 68
Translator derived variables: 0
Translator facts: 1828
Translator goal facts: 52
Translator mutex groups: 0
Translator total mutex groups size: 0
Translator operators: 34568
Translator axioms: 0
Translator task size: 207988
Translator peak memory: 170348 KB
Writing output... [0.140s CPU, 0.140s wall-clock]
Done! [2.980s CPU, 2.987s wall-clock]
translate exit code: 0

INFO     Running search (release).
INFO     search stdin: output.sas
INFO     search time limit: 1796s
INFO     search memory limit: 2048 MB
INFO     search command line string: /home/henry/Documents/UFRGS/TCC/downward/experiments/lab/data/main/code-5bb2ccb6957559b6969ffd7e29254c73f84d5e49_e5e41175/builds/release/bin/downward --search 'eager_greedy([ilsh(patterns=systematic(4), transform=adapt_costs(cost_type=NORMAL))])' --internal-plan-file sas_plan < output.sas
[t=0s, 10544 KB] reading input...
[t=0.0959636s, 19860 KB] done reading input!
[t=0.0959636s, 20256 KB] Generating patterns using: systematic pattern collection generator
[t=0.0959636s, 20256 KB] building causal graph...done! [t=0.00400393s]
[t=0.539611s, 110916 KB] Found 345644 SGA patterns.
[t=2.18298s, 156636 KB] Found 570180 interesting patterns.
[t=2.53069s, 156636 KB] systematic pattern collection generator number of patterns: 570180
[t=2.56666s, 156636 KB] systematic pattern collection generator total PDB size: -866382620
[t=2.59464s, 156636 KB] systematic pattern collection generator computation time: 2.43473s
[t=2.59464s, 156636 KB] Computing PDBs for pattern collection...
Failed to allocate memory.
Memory limit has been reached.
Peak memory: 2097152 KB
Remove intermediate file output.sas
search exit code: 22

Driver aborting after search
INFO     Planner time: 1094.43s
