INFO     planner time limit: 1800s
INFO     planner memory limit: 2048 MB

INFO     Running translator.
INFO     translator stdin: None
INFO     translator time limit: 1799s
INFO     translator memory limit: 2048 MB
INFO     translator command line string: /home/henry/Documents/UFRGS/TCC/downward/.venv/bin/python /home/henry/Documents/UFRGS/TCC/downward/experiments/lab/data/main/code-5bb2ccb6957559b6969ffd7e29254c73f84d5e49_e5e41175/builds/release/bin/translate/translate.py domain.pddl problem.pddl --sas-file output.sas
Parsing...
Parsing: [0.000s CPU, 0.005s wall-clock]
Normalizing task... [0.000s CPU, 0.000s wall-clock]
Instantiating...
Generating Datalog program... [0.000s CPU, 0.001s wall-clock]
Normalizing Datalog program...
Normalizing Datalog program: [0.010s CPU, 0.005s wall-clock]
Preparing model... [0.000s CPU, 0.003s wall-clock]
Generated 350 rules.
Computing model... [0.020s CPU, 0.026s wall-clock]
2618 relevant atoms
2822 auxiliary atoms
5440 final queue length
9520 total queue pushes
Completing instantiation... [0.060s CPU, 0.047s wall-clock]
Instantiating: [0.090s CPU, 0.084s wall-clock]
Computing fact groups...
Finding invariants...
20 initial candidates
Finding invariants: [0.000s CPU, 0.005s wall-clock]
Checking invariant weight... [0.000s CPU, 0.000s wall-clock]
Instantiating groups... [0.000s CPU, 0.001s wall-clock]
Collecting mutex groups... [0.000s CPU, 0.000s wall-clock]
Choosing groups...
460 uncovered facts
Choosing groups: [0.000s CPU, 0.000s wall-clock]
Building translation key... [0.000s CPU, 0.001s wall-clock]
Computing fact groups: [0.000s CPU, 0.011s wall-clock]
Building STRIPS to SAS dictionary... [0.000s CPU, 0.000s wall-clock]
Building dictionary for full mutex groups... [0.000s CPU, 0.001s wall-clock]
Building mutex information...
Building mutex information: [0.000s CPU, 0.000s wall-clock]
Translating task...
Processing axioms...
Simplifying axioms... [0.000s CPU, 0.000s wall-clock]
Translator axioms removed by simplifying: 0
Computing negative axioms... [0.000s CPU, 0.000s wall-clock]
Processing axioms: [0.010s CPU, 0.002s wall-clock]
Translating task: [0.050s CPU, 0.048s wall-clock]
1393 effect conditions simplified
0 implied preconditions added
Detecting unreachable propositions...
0 operators removed
0 axioms removed
14 propositions removed
Detecting unreachable propositions: [0.030s CPU, 0.022s wall-clock]
Reordering and filtering variables...
126 of 471 variables necessary.
0 of 12 mutex groups necessary.
1645 of 1645 operators necessary.
0 of 0 axiom rules necessary.
Reordering and filtering variables: [0.010s CPU, 0.010s wall-clock]
Translator variables: 126
Translator derived variables: 0
Translator facts: 480
Translator goal facts: 72
Translator mutex groups: 0
Translator total mutex groups size: 0
Translator operators: 1645
Translator axioms: 0
Translator task size: 11544
Translator peak memory: 41396 KB
Writing output... [0.010s CPU, 0.008s wall-clock]
Done! [0.190s CPU, 0.191s wall-clock]
translate exit code: 0

INFO     Running search (release).
INFO     search stdin: output.sas
INFO     search time limit: 1799s
INFO     search memory limit: 2048 MB
INFO     search command line string: /home/henry/Documents/UFRGS/TCC/downward/experiments/lab/data/main/code-5bb2ccb6957559b6969ffd7e29254c73f84d5e49_e5e41175/builds/release/bin/downward --search 'eager_greedy([operatorcounting(constraint_generators=[pho_constraints(patterns=systematic(4))], use_integer_operator_counts=false, transform=adapt_costs(cost_type=ONE))])' --internal-plan-file sas_plan < output.sas
[t=0s, 45596 KB] reading input...
[t=0.00398891s, 46148 KB] done reading input!
[t=0.00704216s, 46568 KB] Generating patterns using: systematic pattern collection generator
[t=0.00704216s, 46568 KB] building causal graph...done! [t=0s]
[t=0.0230345s, 52608 KB] Found 22719 SGA patterns.
[t=0.362925s, 65368 KB] Found 109796 interesting patterns.
[t=0.406893s, 67172 KB] systematic pattern collection generator number of patterns: 109796
[t=0.410881s, 67172 KB] systematic pattern collection generator total PDB size: 11586196
[t=0.41488s, 67172 KB] systematic pattern collection generator computation time: 0.399851s
[t=0.418886s, 67172 KB] Computing PDBs for pattern collection...
[t=25.5573s, 127996 KB] Done computing PDBs for pattern collection: 25.1384s
[t=28.6605s, 520016 KB] Building successor generator...done!
[t=28.6645s, 520016 KB] peak memory difference for successor generator creation: 0 KB
[t=28.6645s, 520016 KB] time for successor generation creation: 0.00400245s
[t=28.6645s, 520016 KB] Variables: 126
[t=28.6645s, 520016 KB] FactPairs: 480
[t=28.6645s, 520016 KB] Bytes per state: 24
[t=28.6645s, 520016 KB] Conducting best first search without reopening closed nodes, (real) bound = 2147483647
[t=29.2601s, 649084 KB] New best heuristic value for operatorcounting(constraint_generators=[pho_constraints(patterns=systematic(4))],use_integer_operator_counts=false,transform=adapt_costs(cost_type=one)): 109
[t=29.2601s, 649084 KB] g=0, 1 evaluated, 0 expanded
[t=29.2601s, 649084 KB] Initial heuristic value for operatorcounting(constraint_generators=[pho_constraints(patterns=systematic(4))],use_integer_operator_counts=false,transform=adapt_costs(cost_type=one)): 109
[t=29.2601s, 649084 KB] pruning method: none
[t=29.4239s, 649084 KB] New best heuristic value for operatorcounting(constraint_generators=[pho_constraints(patterns=systematic(4))],use_integer_operator_counts=false,transform=adapt_costs(cost_type=one)): 108
[t=29.4239s, 649084 KB] g=0, 2 evaluated, 1 expanded
[t=29.6037s, 649084 KB] New best heuristic value for operatorcounting(constraint_generators=[pho_constraints(patterns=systematic(4))],use_integer_operator_counts=false,transform=adapt_costs(cost_type=one)): 107
[t=29.6037s, 649084 KB] g=899, 3 evaluated, 2 expanded
[t=31.7737s, 649084 KB] New best heuristic value for operatorcounting(constraint_generators=[pho_constraints(patterns=systematic(4))],use_integer_operator_counts=false,transform=adapt_costs(cost_type=one)): 106
[t=31.7737s, 649084 KB] g=3588, 15 evaluated, 3 expanded
[t=34.1186s, 649084 KB] New best heuristic value for operatorcounting(constraint_generators=[pho_constraints(patterns=systematic(4))],use_integer_operator_counts=false,transform=adapt_costs(cost_type=one)): 105
[t=34.1186s, 649084 KB] g=14478, 29 evaluated, 4 expanded
[t=36.2962s, 649084 KB] New best heuristic value for operatorcounting(constraint_generators=[pho_constraints(patterns=systematic(4))],use_integer_operator_counts=false,transform=adapt_costs(cost_type=one)): 104
[t=36.2962s, 649084 KB] g=31930, 41 evaluated, 5 expanded
[t=38.6535s, 649084 KB] New best heuristic value for operatorcounting(constraint_generators=[pho_constraints(patterns=systematic(4))],use_integer_operator_counts=false,transform=adapt_costs(cost_type=one)): 103
[t=38.6535s, 649084 KB] g=243779, 54 evaluated, 6 expanded
[t=40.8383s, 649084 KB] New best heuristic value for operatorcounting(constraint_generators=[pho_constraints(patterns=systematic(4))],use_integer_operator_counts=false,transform=adapt_costs(cost_type=one)): 102
[t=40.8383s, 649084 KB] g=322698, 68 evaluated, 7 expanded
[t=43.2031s, 649084 KB] New best heuristic value for operatorcounting(constraint_generators=[pho_constraints(patterns=systematic(4))],use_integer_operator_counts=false,transform=adapt_costs(cost_type=one)): 101
[t=43.2031s, 649084 KB] g=325949, 81 evaluated, 8 expanded
[t=45.5567s, 649084 KB] New best heuristic value for operatorcounting(constraint_generators=[pho_constraints(patterns=systematic(4))],use_integer_operator_counts=false,transform=adapt_costs(cost_type=one)): 100
[t=45.5567s, 649084 KB] g=327448, 94 evaluated, 9 expanded
[t=47.7225s, 649084 KB] New best heuristic value for operatorcounting(constraint_generators=[pho_constraints(patterns=systematic(4))],use_integer_operator_counts=false,transform=adapt_costs(cost_type=one)): 99
[t=47.7225s, 649084 KB] g=328347, 106 evaluated, 10 expanded
[t=49.7119s, 649084 KB] New best heuristic value for operatorcounting(constraint_generators=[pho_constraints(patterns=systematic(4))],use_integer_operator_counts=false,transform=adapt_costs(cost_type=one)): 98
[t=49.7119s, 649084 KB] g=331036, 117 evaluated, 11 expanded
[t=51.8698s, 649084 KB] New best heuristic value for operatorcounting(constraint_generators=[pho_constraints(patterns=systematic(4))],use_integer_operator_counts=false,transform=adapt_costs(cost_type=one)): 97
[t=51.8698s, 649084 KB] g=341926, 130 evaluated, 12 expanded
[t=53.8682s, 649084 KB] New best heuristic value for operatorcounting(constraint_generators=[pho_constraints(patterns=systematic(4))],use_integer_operator_counts=false,transform=adapt_costs(cost_type=one)): 96
[t=53.8682s, 649084 KB] g=359378, 141 evaluated, 13 expanded
[t=56.0459s, 649084 KB] New best heuristic value for operatorcounting(constraint_generators=[pho_constraints(patterns=systematic(4))],use_integer_operator_counts=false,transform=adapt_costs(cost_type=one)): 95
[t=56.0459s, 649084 KB] g=571227, 154 evaluated, 14 expanded
[t=58.047s, 649084 KB] New best heuristic value for operatorcounting(constraint_generators=[pho_constraints(patterns=systematic(4))],use_integer_operator_counts=false,transform=adapt_costs(cost_type=one)): 94
[t=58.047s, 649084 KB] g=650146, 166 evaluated, 15 expanded
[t=60.2269s, 649084 KB] New best heuristic value for operatorcounting(constraint_generators=[pho_constraints(patterns=systematic(4))],use_integer_operator_counts=false,transform=adapt_costs(cost_type=one)): 93
[t=60.2269s, 649084 KB] g=653397, 178 evaluated, 16 expanded
[t=62.4085s, 649084 KB] New best heuristic value for operatorcounting(constraint_generators=[pho_constraints(patterns=systematic(4))],use_integer_operator_counts=false,transform=adapt_costs(cost_type=one)): 92
[t=62.4085s, 649084 KB] g=654896, 190 evaluated, 17 expanded
[t=64.4063s, 649084 KB] New best heuristic value for operatorcounting(constraint_generators=[pho_constraints(patterns=systematic(4))],use_integer_operator_counts=false,transform=adapt_costs(cost_type=one)): 91
[t=64.4063s, 649084 KB] g=655795, 201 evaluated, 18 expanded
[t=66.2201s, 649084 KB] New best heuristic value for operatorcounting(constraint_generators=[pho_constraints(patterns=systematic(4))],use_integer_operator_counts=false,transform=adapt_costs(cost_type=one)): 90
[t=66.2201s, 649084 KB] g=658484, 211 evaluated, 19 expanded
[t=68.2022s, 649084 KB] New best heuristic value for operatorcounting(constraint_generators=[pho_constraints(patterns=systematic(4))],use_integer_operator_counts=false,transform=adapt_costs(cost_type=one)): 89
[t=68.2022s, 649084 KB] g=670289, 222 evaluated, 20 expanded
[t=70.2002s, 649084 KB] New best heuristic value for operatorcounting(constraint_generators=[pho_constraints(patterns=systematic(4))],use_integer_operator_counts=false,transform=adapt_costs(cost_type=one)): 88
[t=70.2002s, 649084 KB] g=794038, 234 evaluated, 21 expanded
[t=72.0254s, 649084 KB] New best heuristic value for operatorcounting(constraint_generators=[pho_constraints(patterns=systematic(4))],use_integer_operator_counts=false,transform=adapt_costs(cost_type=one)): 87
[t=72.0254s, 649084 KB] g=821747, 244 evaluated, 22 expanded
[t=74.0238s, 649084 KB] New best heuristic value for operatorcounting(constraint_generators=[pho_constraints(patterns=systematic(4))],use_integer_operator_counts=false,transform=adapt_costs(cost_type=one)): 86
[t=74.0238s, 649084 KB] g=832954, 255 evaluated, 23 expanded
[t=75.8339s, 649084 KB] New best heuristic value for operatorcounting(constraint_generators=[pho_constraints(patterns=systematic(4))],use_integer_operator_counts=false,transform=adapt_costs(cost_type=one)): 85
[t=75.8339s, 649084 KB] g=836205, 266 evaluated, 24 expanded
[t=77.828s, 649084 KB] New best heuristic value for operatorcounting(constraint_generators=[pho_constraints(patterns=systematic(4))],use_integer_operator_counts=false,transform=adapt_costs(cost_type=one)): 84
[t=77.828s, 649084 KB] g=837704, 277 evaluated, 25 expanded
[t=79.6466s, 649084 KB] New best heuristic value for operatorcounting(constraint_generators=[pho_constraints(patterns=systematic(4))],use_integer_operator_counts=false,transform=adapt_costs(cost_type=one)): 83
[t=79.6466s, 649084 KB] g=838603, 287 evaluated, 26 expanded
[t=81.2766s, 649084 KB] New best heuristic value for operatorcounting(constraint_generators=[pho_constraints(patterns=systematic(4))],use_integer_operator_counts=false,transform=adapt_costs(cost_type=one)): 82
[t=81.2766s, 649084 KB] g=841292, 296 evaluated, 27 expanded
[t=83.0743s, 649084 KB] New best heuristic value for operatorcounting(constraint_generators=[pho_constraints(patterns=systematic(4))],use_integer_operator_counts=false,transform=adapt_costs(cost_type=one)): 81
[t=83.0743s, 649084 KB] g=853097, 306 evaluated, 28 expanded
[t=84.8874s, 649084 KB] New best heuristic value for operatorcounting(constraint_generators=[pho_constraints(patterns=systematic(4))],use_integer_operator_counts=false,transform=adapt_costs(cost_type=one)): 80
[t=84.8874s, 649084 KB] g=976846, 317 evaluated, 29 expanded
[t=86.5215s, 649084 KB] New best heuristic value for operatorcounting(constraint_generators=[pho_constraints(patterns=systematic(4))],use_integer_operator_counts=false,transform=adapt_costs(cost_type=one)): 79
[t=86.5215s, 649084 KB] g=1004555, 326 evaluated, 30 expanded
[t=88.3078s, 649084 KB] New best heuristic value for operatorcounting(constraint_generators=[pho_constraints(patterns=systematic(4))],use_integer_operator_counts=false,transform=adapt_costs(cost_type=one)): 78
[t=88.3078s, 649084 KB] g=1015762, 336 evaluated, 31 expanded
[t=89.938s, 649084 KB] New best heuristic value for operatorcounting(constraint_generators=[pho_constraints(patterns=systematic(4))],use_integer_operator_counts=false,transform=adapt_costs(cost_type=one)): 77
[t=89.938s, 649084 KB] g=1019013, 346 evaluated, 32 expanded
[t=91.7517s, 649084 KB] New best heuristic value for operatorcounting(constraint_generators=[pho_constraints(patterns=systematic(4))],use_integer_operator_counts=false,transform=adapt_costs(cost_type=one)): 76
[t=91.7517s, 649084 KB] g=1020512, 356 evaluated, 33 expanded
[t=93.3896s, 649084 KB] New best heuristic value for operatorcounting(constraint_generators=[pho_constraints(patterns=systematic(4))],use_integer_operator_counts=false,transform=adapt_costs(cost_type=one)): 75
[t=93.3896s, 649084 KB] g=1021411, 365 evaluated, 34 expanded
[t=94.8397s, 649084 KB] New best heuristic value for operatorcounting(constraint_generators=[pho_constraints(patterns=systematic(4))],use_integer_operator_counts=false,transform=adapt_costs(cost_type=one)): 74
[t=94.8397s, 649084 KB] g=1024100, 373 evaluated, 35 expanded
[t=96.4544s, 649084 KB] New best heuristic value for operatorcounting(constraint_generators=[pho_constraints(patterns=systematic(4))],use_integer_operator_counts=false,transform=adapt_costs(cost_type=one)): 73
[t=96.4544s, 649084 KB] g=1035905, 382 evaluated, 36 expanded
[t=98.0803s, 649084 KB] New best heuristic value for operatorcounting(constraint_generators=[pho_constraints(patterns=systematic(4))],use_integer_operator_counts=false,transform=adapt_costs(cost_type=one)): 72
[t=98.0803s, 649084 KB] g=1159654, 392 evaluated, 37 expanded
[t=99.5345s, 649084 KB] New best heuristic value for operatorcounting(constraint_generators=[pho_constraints(patterns=systematic(4))],use_integer_operator_counts=false,transform=adapt_costs(cost_type=one)): 71
[t=99.5385s, 649084 KB] g=1187363, 400 evaluated, 38 expanded
[t=101.149s, 649084 KB] New best heuristic value for operatorcounting(constraint_generators=[pho_constraints(patterns=systematic(4))],use_integer_operator_counts=false,transform=adapt_costs(cost_type=one)): 70
[t=101.149s, 649084 KB] g=1198570, 409 evaluated, 39 expanded
[t=102.599s, 649084 KB] New best heuristic value for operatorcounting(constraint_generators=[pho_constraints(patterns=systematic(4))],use_integer_operator_counts=false,transform=adapt_costs(cost_type=one)): 69
[t=102.599s, 649084 KB] g=1201821, 418 evaluated, 40 expanded
[t=104.232s, 649084 KB] New best heuristic value for operatorcounting(constraint_generators=[pho_constraints(patterns=systematic(4))],use_integer_operator_counts=false,transform=adapt_costs(cost_type=one)): 68
[t=104.232s, 649084 KB] g=1203320, 427 evaluated, 41 expanded
[t=105.686s, 649084 KB] New best heuristic value for operatorcounting(constraint_generators=[pho_constraints(patterns=systematic(4))],use_integer_operator_counts=false,transform=adapt_costs(cost_type=one)): 67
[t=105.686s, 649084 KB] g=1204219, 435 evaluated, 42 expanded
[t=106.957s, 649084 KB] New best heuristic value for operatorcounting(constraint_generators=[pho_constraints(patterns=systematic(4))],use_integer_operator_counts=false,transform=adapt_costs(cost_type=one)): 66
[t=106.957s, 649084 KB] g=1206908, 442 evaluated, 43 expanded
[t=108.391s, 649084 KB] New best heuristic value for operatorcounting(constraint_generators=[pho_constraints(patterns=systematic(4))],use_integer_operator_counts=false,transform=adapt_costs(cost_type=one)): 65
[t=108.391s, 649084 KB] g=1217798, 451 evaluated, 44 expanded
[t=109.657s, 649084 KB] New best heuristic value for operatorcounting(constraint_generators=[pho_constraints(patterns=systematic(4))],use_integer_operator_counts=false,transform=adapt_costs(cost_type=one)): 64
[t=109.657s, 649084 KB] g=1235250, 458 evaluated, 45 expanded
[t=111.112s, 649084 KB] New best heuristic value for operatorcounting(constraint_generators=[pho_constraints(patterns=systematic(4))],use_integer_operator_counts=false,transform=adapt_costs(cost_type=one)): 63
[t=111.112s, 649084 KB] g=1447099, 467 evaluated, 46 expanded
[t=112.379s, 649084 KB] New best heuristic value for operatorcounting(constraint_generators=[pho_constraints(patterns=systematic(4))],use_integer_operator_counts=false,transform=adapt_costs(cost_type=one)): 62
[t=112.379s, 649084 KB] g=1526018, 475 evaluated, 47 expanded
[t=113.796s, 649084 KB] New best heuristic value for operatorcounting(constraint_generators=[pho_constraints(patterns=systematic(4))],use_integer_operator_counts=false,transform=adapt_costs(cost_type=one)): 61
[t=113.796s, 649084 KB] g=1529269, 483 evaluated, 48 expanded
[t=115.24s, 649084 KB] New best heuristic value for operatorcounting(constraint_generators=[pho_constraints(patterns=systematic(4))],use_integer_operator_counts=false,transform=adapt_costs(cost_type=one)): 60
[t=115.24s, 649084 KB] g=1530768, 491 evaluated, 49 expanded
[t=116.507s, 649084 KB] New best heuristic value for operatorcounting(constraint_generators=[pho_constraints(patterns=systematic(4))],use_integer_operator_counts=false,transform=adapt_costs(cost_type=one)): 59
[t=116.507s, 649084 KB] g=1531667, 498 evaluated, 50 expanded
[t=117.59s, 649084 KB] New best heuristic value for operatorcounting(constraint_generators=[pho_constraints(patterns=systematic(4))],use_integer_operator_counts=false,transform=adapt_costs(cost_type=one)): 58
[t=117.59s, 649084 KB] g=1534356, 504 evaluated, 51 expanded
[t=118.847s, 649084 KB] New best heuristic value for operatorcounting(constraint_generators=[pho_constraints(patterns=systematic(4))],use_integer_operator_counts=false,transform=adapt_costs(cost_type=one)): 57
[t=118.847s, 649084 KB] g=1546161, 511 evaluated, 52 expanded
[t=120.117s, 649084 KB] New best heuristic value for operatorcounting(constraint_generators=[pho_constraints(patterns=systematic(4))],use_integer_operator_counts=false,transform=adapt_costs(cost_type=one)): 56
[t=120.117s, 649084 KB] g=1669910, 519 evaluated, 53 expanded
[t=121.215s, 649084 KB] New best heuristic value for operatorcounting(constraint_generators=[pho_constraints(patterns=systematic(4))],use_integer_operator_counts=false,transform=adapt_costs(cost_type=one)): 55
[t=121.215s, 649084 KB] g=1697619, 525 evaluated, 54 expanded
[t=122.481s, 649084 KB] New best heuristic value for operatorcounting(constraint_generators=[pho_constraints(patterns=systematic(4))],use_integer_operator_counts=false,transform=adapt_costs(cost_type=one)): 54
[t=122.481s, 649084 KB] g=1708826, 532 evaluated, 55 expanded
[t=123.572s, 649084 KB] New best heuristic value for operatorcounting(constraint_generators=[pho_constraints(patterns=systematic(4))],use_integer_operator_counts=false,transform=adapt_costs(cost_type=one)): 53
[t=123.572s, 649084 KB] g=1712077, 539 evaluated, 56 expanded
[t=124.843s, 649084 KB] New best heuristic value for operatorcounting(constraint_generators=[pho_constraints(patterns=systematic(4))],use_integer_operator_counts=false,transform=adapt_costs(cost_type=one)): 52
[t=124.843s, 649084 KB] g=1713576, 546 evaluated, 57 expanded
[t=125.928s, 649084 KB] New best heuristic value for operatorcounting(constraint_generators=[pho_constraints(patterns=systematic(4))],use_integer_operator_counts=false,transform=adapt_costs(cost_type=one)): 51
[t=125.928s, 649084 KB] g=1714475, 552 evaluated, 58 expanded
[t=126.832s, 649084 KB] New best heuristic value for operatorcounting(constraint_generators=[pho_constraints(patterns=systematic(4))],use_integer_operator_counts=false,transform=adapt_costs(cost_type=one)): 50
[t=126.832s, 649084 KB] g=1717164, 557 evaluated, 59 expanded
[t=127.906s, 649084 KB] New best heuristic value for operatorcounting(constraint_generators=[pho_constraints(patterns=systematic(4))],use_integer_operator_counts=false,transform=adapt_costs(cost_type=one)): 49
[t=127.906s, 649084 KB] g=1728054, 564 evaluated, 60 expanded
[t=128.813s, 649084 KB] New best heuristic value for operatorcounting(constraint_generators=[pho_constraints(patterns=systematic(4))],use_integer_operator_counts=false,transform=adapt_costs(cost_type=one)): 48
[t=128.813s, 649084 KB] g=1745506, 569 evaluated, 61 expanded
[t=129.899s, 649084 KB] New best heuristic value for operatorcounting(constraint_generators=[pho_constraints(patterns=systematic(4))],use_integer_operator_counts=false,transform=adapt_costs(cost_type=one)): 47
[t=129.899s, 649084 KB] g=1957355, 576 evaluated, 62 expanded
[t=130.806s, 649084 KB] New best heuristic value for operatorcounting(constraint_generators=[pho_constraints(patterns=systematic(4))],use_integer_operator_counts=false,transform=adapt_costs(cost_type=one)): 46
[t=130.806s, 649084 KB] g=2036274, 582 evaluated, 63 expanded
[t=131.895s, 649084 KB] New best heuristic value for operatorcounting(constraint_generators=[pho_constraints(patterns=systematic(4))],use_integer_operator_counts=false,transform=adapt_costs(cost_type=one)): 45
[t=131.895s, 649084 KB] g=2039842, 589 evaluated, 64 expanded
[t=132.798s, 649084 KB] New best heuristic value for operatorcounting(constraint_generators=[pho_constraints(patterns=systematic(4))],use_integer_operator_counts=false,transform=adapt_costs(cost_type=one)): 44
[t=132.798s, 649084 KB] g=2050711, 594 evaluated, 65 expanded
[t=133.705s, 649084 KB] New best heuristic value for operatorcounting(constraint_generators=[pho_constraints(patterns=systematic(4))],use_integer_operator_counts=false,transform=adapt_costs(cost_type=one)): 43
[t=133.705s, 649084 KB] g=2061580, 599 evaluated, 66 expanded
[t=134.605s, 649084 KB] New best heuristic value for operatorcounting(constraint_generators=[pho_constraints(patterns=systematic(4))],use_integer_operator_counts=false,transform=adapt_costs(cost_type=one)): 42
[t=134.605s, 649084 KB] g=2064711, 604 evaluated, 67 expanded
[t=135.679s, 649084 KB] New best heuristic value for operatorcounting(constraint_generators=[pho_constraints(patterns=systematic(4))],use_integer_operator_counts=false,transform=adapt_costs(cost_type=one)): 41
[t=135.679s, 649084 KB] g=2075601, 610 evaluated, 68 expanded
[t=136.585s, 649084 KB] New best heuristic value for operatorcounting(constraint_generators=[pho_constraints(patterns=systematic(4))],use_integer_operator_counts=false,transform=adapt_costs(cost_type=one)): 40
[t=136.585s, 649084 KB] g=2093053, 616 evaluated, 69 expanded
[t=137.493s, 649084 KB] New best heuristic value for operatorcounting(constraint_generators=[pho_constraints(patterns=systematic(4))],use_integer_operator_counts=false,transform=adapt_costs(cost_type=one)): 39
[t=137.493s, 649084 KB] g=2304902, 622 evaluated, 70 expanded
[t=138.404s, 649084 KB] New best heuristic value for operatorcounting(constraint_generators=[pho_constraints(patterns=systematic(4))],use_integer_operator_counts=false,transform=adapt_costs(cost_type=one)): 38
[t=138.404s, 649084 KB] g=2383821, 628 evaluated, 71 expanded
[t=139.467s, 649084 KB] New best heuristic value for operatorcounting(constraint_generators=[pho_constraints(patterns=systematic(4))],use_integer_operator_counts=false,transform=adapt_costs(cost_type=one)): 37
[t=139.467s, 649084 KB] g=2387072, 634 evaluated, 72 expanded
[t=140.558s, 649084 KB] New best heuristic value for operatorcounting(constraint_generators=[pho_constraints(patterns=systematic(4))],use_integer_operator_counts=false,transform=adapt_costs(cost_type=one)): 36
[t=140.558s, 649084 KB] g=2388571, 640 evaluated, 73 expanded
[t=141.469s, 649084 KB] New best heuristic value for operatorcounting(constraint_generators=[pho_constraints(patterns=systematic(4))],use_integer_operator_counts=false,transform=adapt_costs(cost_type=one)): 35
[t=141.469s, 649084 KB] g=2389470, 645 evaluated, 74 expanded
[t=142.196s, 649084 KB] New best heuristic value for operatorcounting(constraint_generators=[pho_constraints(patterns=systematic(4))],use_integer_operator_counts=false,transform=adapt_costs(cost_type=one)): 34
[t=142.196s, 649084 KB] g=2392159, 649 evaluated, 75 expanded
[t=143.086s, 649084 KB] New best heuristic value for operatorcounting(constraint_generators=[pho_constraints(patterns=systematic(4))],use_integer_operator_counts=false,transform=adapt_costs(cost_type=one)): 33
[t=143.086s, 649084 KB] g=2403964, 654 evaluated, 76 expanded
[t=143.993s, 649084 KB] New best heuristic value for operatorcounting(constraint_generators=[pho_constraints(patterns=systematic(4))],use_integer_operator_counts=false,transform=adapt_costs(cost_type=one)): 32
[t=143.993s, 649084 KB] g=2527713, 660 evaluated, 77 expanded
[t=144.724s, 649084 KB] New best heuristic value for operatorcounting(constraint_generators=[pho_constraints(patterns=systematic(4))],use_integer_operator_counts=false,transform=adapt_costs(cost_type=one)): 31
[t=144.724s, 649084 KB] g=2555422, 664 evaluated, 78 expanded
[t=145.763s, 649084 KB] New best heuristic value for operatorcounting(constraint_generators=[pho_constraints(patterns=systematic(4))],use_integer_operator_counts=false,transform=adapt_costs(cost_type=one)): 30
[t=145.763s, 649084 KB] g=2572874, 670 evaluated, 79 expanded
[t=146.486s, 649084 KB] New best heuristic value for operatorcounting(constraint_generators=[pho_constraints(patterns=systematic(4))],use_integer_operator_counts=false,transform=adapt_costs(cost_type=one)): 29
[t=146.486s, 649084 KB] g=2784723, 675 evaluated, 80 expanded
[t=147.217s, 649084 KB] New best heuristic value for operatorcounting(constraint_generators=[pho_constraints(patterns=systematic(4))],use_integer_operator_counts=false,transform=adapt_costs(cost_type=one)): 28
[t=147.217s, 649084 KB] g=2863642, 680 evaluated, 81 expanded
[t=148.096s, 649084 KB] New best heuristic value for operatorcounting(constraint_generators=[pho_constraints(patterns=systematic(4))],use_integer_operator_counts=false,transform=adapt_costs(cost_type=one)): 27
[t=148.096s, 649084 KB] g=2866893, 685 evaluated, 82 expanded
[t=148.999s, 649084 KB] New best heuristic value for operatorcounting(constraint_generators=[pho_constraints(patterns=systematic(4))],use_integer_operator_counts=false,transform=adapt_costs(cost_type=one)): 26
[t=148.999s, 649084 KB] g=2868392, 690 evaluated, 83 expanded
[t=149.722s, 649084 KB] New best heuristic value for operatorcounting(constraint_generators=[pho_constraints(patterns=systematic(4))],use_integer_operator_counts=false,transform=adapt_costs(cost_type=one)): 25
[t=149.722s, 649084 KB] g=2869291, 694 evaluated, 84 expanded
[t=150.265s, 649084 KB] New best heuristic value for operatorcounting(constraint_generators=[pho_constraints(patterns=systematic(4))],use_integer_operator_counts=false,transform=adapt_costs(cost_type=one)): 24
[t=150.265s, 649084 KB] g=2871980, 697 evaluated, 85 expanded
[t=150.973s, 649084 KB] New best heuristic value for operatorcounting(constraint_generators=[pho_constraints(patterns=systematic(4))],use_integer_operator_counts=false,transform=adapt_costs(cost_type=one)): 23
[t=150.973s, 649084 KB] g=2883785, 701 evaluated, 86 expanded
[t=151.7s, 649084 KB] New best heuristic value for operatorcounting(constraint_generators=[pho_constraints(patterns=systematic(4))],use_integer_operator_counts=false,transform=adapt_costs(cost_type=one)): 22
[t=151.7s, 649084 KB] g=3007534, 705 evaluated, 87 expanded
[t=152.243s, 649084 KB] New best heuristic value for operatorcounting(constraint_generators=[pho_constraints(patterns=systematic(4))],use_integer_operator_counts=false,transform=adapt_costs(cost_type=one)): 21
[t=152.243s, 649084 KB] g=3035243, 709 evaluated, 88 expanded
[t=153.099s, 649084 KB] New best heuristic value for operatorcounting(constraint_generators=[pho_constraints(patterns=systematic(4))],use_integer_operator_counts=false,transform=adapt_costs(cost_type=one)): 20
[t=153.099s, 649084 KB] g=3052695, 714 evaluated, 89 expanded
[t=153.634s, 649084 KB] New best heuristic value for operatorcounting(constraint_generators=[pho_constraints(patterns=systematic(4))],use_integer_operator_counts=false,transform=adapt_costs(cost_type=one)): 19
[t=153.634s, 649084 KB] g=3264544, 718 evaluated, 90 expanded
[t=154.125s, 649084 KB] New best heuristic value for operatorcounting(constraint_generators=[pho_constraints(patterns=systematic(4))],use_integer_operator_counts=false,transform=adapt_costs(cost_type=one)): 18
[t=154.125s, 649084 KB] g=3343463, 722 evaluated, 91 expanded
[t=154.74s, 649084 KB] New best heuristic value for operatorcounting(constraint_generators=[pho_constraints(patterns=systematic(4))],use_integer_operator_counts=false,transform=adapt_costs(cost_type=one)): 17
[t=154.74s, 649084 KB] g=3346714, 726 evaluated, 92 expanded
[t=155.376s, 649084 KB] New best heuristic value for operatorcounting(constraint_generators=[pho_constraints(patterns=systematic(4))],use_integer_operator_counts=false,transform=adapt_costs(cost_type=one)): 16
[t=155.376s, 649084 KB] g=3348213, 730 evaluated, 93 expanded
[t=155.855s, 649084 KB] New best heuristic value for operatorcounting(constraint_generators=[pho_constraints(patterns=systematic(4))],use_integer_operator_counts=false,transform=adapt_costs(cost_type=one)): 15
[t=155.855s, 649084 KB] g=3349112, 733 evaluated, 94 expanded
[t=156.175s, 649084 KB] New best heuristic value for operatorcounting(constraint_generators=[pho_constraints(patterns=systematic(4))],use_integer_operator_counts=false,transform=adapt_costs(cost_type=one)): 14
[t=156.175s, 649084 KB] g=3351801, 735 evaluated, 95 expanded
[t=156.642s, 649084 KB] New best heuristic value for operatorcounting(constraint_generators=[pho_constraints(patterns=systematic(4))],use_integer_operator_counts=false,transform=adapt_costs(cost_type=one)): 13
[t=156.642s, 649084 KB] g=3363606, 738 evaluated, 96 expanded
[t=157.126s, 649084 KB] New best heuristic value for operatorcounting(constraint_generators=[pho_constraints(patterns=systematic(4))],use_integer_operator_counts=false,transform=adapt_costs(cost_type=one)): 12
[t=157.126s, 649084 KB] g=3487355, 742 evaluated, 97 expanded
[t=157.449s, 649084 KB] New best heuristic value for operatorcounting(constraint_generators=[pho_constraints(patterns=systematic(4))],use_integer_operator_counts=false,transform=adapt_costs(cost_type=one)): 11
[t=157.449s, 649084 KB] g=3515064, 744 evaluated, 98 expanded
[t=157.929s, 649084 KB] New best heuristic value for operatorcounting(constraint_generators=[pho_constraints(patterns=systematic(4))],use_integer_operator_counts=false,transform=adapt_costs(cost_type=one)): 10
[t=157.929s, 649084 KB] g=3526271, 747 evaluated, 99 expanded
[t=158.248s, 649084 KB] New best heuristic value for operatorcounting(constraint_generators=[pho_constraints(patterns=systematic(4))],use_integer_operator_counts=false,transform=adapt_costs(cost_type=one)): 9
[t=158.248s, 649084 KB] g=3529522, 750 evaluated, 100 expanded
[t=158.719s, 649084 KB] New best heuristic value for operatorcounting(constraint_generators=[pho_constraints(patterns=systematic(4))],use_integer_operator_counts=false,transform=adapt_costs(cost_type=one)): 8
[t=158.723s, 649084 KB] g=3531021, 753 evaluated, 101 expanded
[t=159.038s, 649084 KB] New best heuristic value for operatorcounting(constraint_generators=[pho_constraints(patterns=systematic(4))],use_integer_operator_counts=false,transform=adapt_costs(cost_type=one)): 7
[t=159.038s, 649084 KB] g=3531920, 755 evaluated, 102 expanded
[t=159.198s, 649084 KB] New best heuristic value for operatorcounting(constraint_generators=[pho_constraints(patterns=systematic(4))],use_integer_operator_counts=false,transform=adapt_costs(cost_type=one)): 6
[t=159.198s, 649084 KB] g=3534609, 756 evaluated, 103 expanded
[t=159.506s, 649084 KB] New best heuristic value for operatorcounting(constraint_generators=[pho_constraints(patterns=systematic(4))],use_integer_operator_counts=false,transform=adapt_costs(cost_type=one)): 5
[t=159.506s, 649084 KB] g=3546414, 758 evaluated, 104 expanded
[t=159.825s, 649084 KB] New best heuristic value for operatorcounting(constraint_generators=[pho_constraints(patterns=systematic(4))],use_integer_operator_counts=false,transform=adapt_costs(cost_type=one)): 4
[t=159.825s, 649084 KB] g=3670163, 761 evaluated, 105 expanded
[t=159.985s, 649084 KB] New best heuristic value for operatorcounting(constraint_generators=[pho_constraints(patterns=systematic(4))],use_integer_operator_counts=false,transform=adapt_costs(cost_type=one)): 3
[t=159.985s, 649084 KB] g=3697872, 762 evaluated, 106 expanded
[t=160.301s, 649084 KB] New best heuristic value for operatorcounting(constraint_generators=[pho_constraints(patterns=systematic(4))],use_integer_operator_counts=false,transform=adapt_costs(cost_type=one)): 2
[t=160.301s, 649084 KB] g=3709079, 764 evaluated, 107 expanded
[t=160.461s, 649084 KB] New best heuristic value for operatorcounting(constraint_generators=[pho_constraints(patterns=systematic(4))],use_integer_operator_counts=false,transform=adapt_costs(cost_type=one)): 1
[t=160.461s, 649084 KB] g=3712330, 766 evaluated, 108 expanded
[t=160.78s, 649084 KB] New best heuristic value for operatorcounting(constraint_generators=[pho_constraints(patterns=systematic(4))],use_integer_operator_counts=false,transform=adapt_costs(cost_type=one)): 0
[t=160.78s, 649084 KB] g=3713829, 768 evaluated, 109 expanded
[t=160.78s, 649084 KB] Solution found!
[t=160.78s, 649084 KB] Actual search time: 131.52s
initialize  (0)
fe1-feedmsi-letter sheet1 (500)
im1-movelower-letter sheet1 (3088)
lc1-fmove-letter sheet1 (10890)
lc2-divert-letter sheet1 back front (17452)
lre-simplex-letter sheet1 front image-1 (211849)
lc2-mergeinvert-letter sheet1 (78919)
om-lowerout-letter sheet1 (3251)
sys-stack-letter sheet1 dummy-sheet (1499)
fe1-feedmsi-letter sheet2 (500)
im1-movelower-letter sheet2 (3088)
lc1-fmove-letter sheet2 (10890)
lc2-divert-letter sheet2 back front (17452)
lre-simplex-letter sheet2 front image-2 (211849)
lc2-mergeinvert-letter sheet2 (78919)
om-lowerout-letter sheet2 (3251)
sys-stack-letter sheet2 sheet1 (1499)
fe1-feedmsi-letter sheet3 (500)
im1-movelower-letter sheet3 (3088)
lc1-divert-letter sheet3 back front (11805)
lbe-simplex-letter sheet3 front image-3 (123749)
lc1-merge-letter sheet3 (27709)
lc2-fmove-letter sheet3 (11207)
om-lowerout-letter sheet3 (3251)
sys-stack-letter sheet3 sheet2 (1499)
fe1-feedmsi-letter sheet4 (500)
im1-movelower-letter sheet4 (3088)
lc1-divert-letter sheet4 back front (11805)
lbe-simplex-letter sheet4 front image-4 (123749)
lc1-merge-letter sheet4 (27709)
lc2-fmove-letter sheet4 (11207)
om-lowerout-letter sheet4 (3251)
sys-stack-letter sheet4 sheet3 (1499)
fe1-feedmsi-letter sheet5 (500)
im1-movelower-letter sheet5 (3088)
lc1-divert-letter sheet5 back front (11805)
lbe-simplex-letter sheet5 front image-5 (123749)
lc1-merge-letter sheet5 (27709)
lc2-fmove-letter sheet5 (11207)
om-lowerout-letter sheet5 (3251)
sys-stack-letter sheet5 sheet4 (1499)
fe1-feedmsi-letter sheet6 (500)
im1-movelower-letter sheet6 (3088)
lc1-fmove-letter sheet6 (10890)
lc2-divert-letter sheet6 back front (17452)
lre-simplex-letter sheet6 front image-6 (211849)
lc2-mergeinvert-letter sheet6 (78919)
om-lowerout-letter sheet6 (3251)
sys-stack-letter sheet6 sheet5 (1499)
fe1-feedmsi-letter sheet7 (500)
im1-movelower-letter sheet7 (3088)
lc1-divert-letter sheet7 back front (11805)
lbe-simplex-letter sheet7 front image-7 (123749)
lc1-merge-letter sheet7 (27709)
lc2-fmove-letter sheet7 (11207)
om-lowerout-letter sheet7 (3251)
sys-stack-letter sheet7 sheet6 (1499)
fe1-feedmsi-letter sheet8 (500)
im1-movelower-letter sheet8 (3088)
lc1-fmove-letter sheet8 (10890)
lc2-divert-letter sheet8 back front (17452)
lre-simplex-letter sheet8 front image-8 (211849)
lc2-mergeinvert-letter sheet8 (78919)
om-lowerreturn-letter sheet8 (3568)
rh2-returnmove-letter sheet8 (10869)
rh1-returnmove-letter sheet8 (10869)
im1-looplower-letter sheet8 (3131)
lc1-fmove-letter sheet8 (10890)
lc2-divert-letter sheet8 front back (17452)
lre-simplex-letter sheet8 back image-8b (211849)
lc2-merge-letter sheet8 back front (78919)
om-lowerout-letter sheet8 (3251)
sys-stack-letter sheet8 sheet7 (1499)
fe1-feedmsi-letter sheet9 (500)
im1-movelower-letter sheet9 (3088)
lc1-divert-letter sheet9 back front (11805)
lbe-simplex-letter sheet9 front image-9 (123749)
lc1-merge-letter sheet9 (27709)
lc2-divert-letter sheet9 front back (17452)
lre-simplexmono-letter sheet9 back image-9b (211849)
lc2-merge-letter sheet9 back front (78919)
om-lowerout-letter sheet9 (3251)
sys-stack-letter sheet9 sheet8 (1499)
fe1-feedmsi-letter sheet10 (500)
im1-movelower-letter sheet10 (3088)
lc1-divert-letter sheet10 back front (11805)
lbe-simplex-letter sheet10 front image-10 (123749)
lc1-merge-letter sheet10 (27709)
lc2-divert-letter sheet10 front back (17452)
lre-simplexmono-letter sheet10 back image-10b (211849)
lc2-merge-letter sheet10 back front (78919)
om-lowerout-letter sheet10 (3251)
sys-stack-letter sheet10 sheet9 (1499)
fe1-feedmsi-letter sheet11 (500)
im1-movelower-letter sheet11 (3088)
lc1-divert-letter sheet11 back front (11805)
lbe-simplex-letter sheet11 front image-11 (123749)
lc1-merge-letter sheet11 (27709)
lc2-fmove-letter sheet11 (11207)
om-lowerout-letter sheet11 (3251)
sys-stack-letter sheet11 sheet10 (1499)
fe1-feedmsi-letter sheet12 (500)
im1-movelower-letter sheet12 (3088)
lc1-divert-letter sheet12 back front (11805)
lbe-simplex-letter sheet12 front image-12 (123749)
lc1-merge-letter sheet12 (27709)
lc2-fmove-letter sheet12 (11207)
om-lowerout-letter sheet12 (3251)
sys-stack-letter sheet12 sheet11 (1499)
[t=160.78s, 649084 KB] Plan length: 109 step(s).
[t=160.78s, 649084 KB] Plan cost: 3713829
[t=160.78s, 649084 KB] Expanded 110 state(s).
[t=160.78s, 649084 KB] Reopened 0 state(s).
[t=160.78s, 649084 KB] Evaluated 768 state(s).
[t=160.78s, 649084 KB] Evaluations: 768
[t=160.78s, 649084 KB] Generated 1498 state(s).
[t=160.78s, 649084 KB] Dead ends: 34 state(s).
[t=160.78s, 649084 KB] Number of registered states: 768
[t=160.78s, 649084 KB] Int hash set load factor: 768/1024 = 0.75
[t=160.78s, 649084 KB] Int hash set resizes: 10
[t=160.78s, 649084 KB] Search time: 132.116s
[t=160.78s, 649084 KB] Total time: 160.78s
Solution found.
Peak memory: 649084 KB
Remove intermediate file output.sas
search exit code: 0

INFO     Running validate.
INFO     validate stdin: None
INFO     validate time limit: None
INFO     validate memory limit: None
INFO     validate command line string: /home/henry/bin/validate domain.pddl problem.pddl sas_plan
Checking plan: sas_plan
Plan executed successfully - checking goal
Plan valid
Final value: 3713829 

Successful plans:
Value: 3713829
 sas_plan 3713829 

validate exit code: 0

INFO     Planner time: 161.09s
