INFO     planner time limit: 1800s
INFO     planner memory limit: 2048 MB

INFO     Running translator.
INFO     translator stdin: None
INFO     translator time limit: 1799s
INFO     translator memory limit: 2048 MB
INFO     translator command line string: /home/henry/Documents/UFRGS/TCC/downward/.venv/bin/python /home/henry/Documents/UFRGS/TCC/downward/experiments/lab/data/main/code-5bb2ccb6957559b6969ffd7e29254c73f84d5e49_e5e41175/builds/release/bin/translate/translate.py domain.pddl problem.pddl --sas-file output.sas
Parsing...
Parsing: [0.010s CPU, 0.004s wall-clock]
Normalizing task... [0.000s CPU, 0.000s wall-clock]
Instantiating...
Generating Datalog program... [0.000s CPU, 0.001s wall-clock]
Normalizing Datalog program...
Normalizing Datalog program: [0.000s CPU, 0.006s wall-clock]
Preparing model... [0.010s CPU, 0.005s wall-clock]
Generated 198 rules.
Computing model... [0.180s CPU, 0.178s wall-clock]
15312 relevant atoms
10668 auxiliary atoms
25980 final queue length
82893 total queue pushes
Completing instantiation... [0.680s CPU, 0.684s wall-clock]
Instantiating: [0.870s CPU, 0.881s wall-clock]
Computing fact groups...
Finding invariants...
24 initial candidates
Finding invariants: [0.020s CPU, 0.018s wall-clock]
Checking invariant weight... [0.000s CPU, 0.001s wall-clock]
Instantiating groups... [0.000s CPU, 0.007s wall-clock]
Collecting mutex groups... [0.000s CPU, 0.000s wall-clock]
Choosing groups...
253 uncovered facts
Choosing groups: [0.000s CPU, 0.001s wall-clock]
Building translation key... [0.000s CPU, 0.001s wall-clock]
Computing fact groups: [0.030s CPU, 0.029s wall-clock]
Building STRIPS to SAS dictionary... [0.000s CPU, 0.000s wall-clock]
Building dictionary for full mutex groups... [0.000s CPU, 0.000s wall-clock]
Building mutex information...
Building mutex information: [0.000s CPU, 0.000s wall-clock]
Translating task...
Processing axioms...
Simplifying axioms... [0.000s CPU, 0.000s wall-clock]
Translator axioms removed by simplifying: 0
Computing negative axioms... [0.000s CPU, 0.000s wall-clock]
Processing axioms: [0.030s CPU, 0.028s wall-clock]
Translating task: [0.750s CPU, 0.752s wall-clock]
7617 effect conditions simplified
0 implied preconditions added
Detecting unreachable propositions...
0 operators removed
0 axioms removed
95 propositions removed
Detecting unreachable propositions: [0.430s CPU, 0.429s wall-clock]
Reordering and filtering variables...
280 of 289 variables necessary.
69 of 98 mutex groups necessary.
14211 of 14211 operators necessary.
0 of 0 axiom rules necessary.
Reordering and filtering variables: [0.100s CPU, 0.102s wall-clock]
Translator variables: 280
Translator derived variables: 0
Translator facts: 793
Translator goal facts: 79
Translator mutex groups: 69
Translator total mutex groups size: 256
Translator operators: 14211
Translator axioms: 0
Translator task size: 121191
Translator peak memory: 112580 KB
Writing output... [0.110s CPU, 0.102s wall-clock]
Done! [2.340s CPU, 2.339s wall-clock]
translate exit code: 0

INFO     Running search (release).
INFO     search stdin: output.sas
INFO     search time limit: 1797s
INFO     search memory limit: 2048 MB
INFO     search command line string: /home/henry/Documents/UFRGS/TCC/downward/experiments/lab/data/main/code-5bb2ccb6957559b6969ffd7e29254c73f84d5e49_e5e41175/builds/release/bin/downward --search 'eager_greedy([operatorcounting(constraint_generators=[pho_constraints(patterns=systematic(2))], use_integer_operator_counts=false, transform=adapt_costs(cost_type=NORMAL))])' --internal-plan-file sas_plan < output.sas
[t=0s, 45596 KB] reading input...
[t=0.0718905s, 50892 KB] done reading input!
[t=0.0748107s, 52112 KB] Generating patterns using: systematic pattern collection generator
[t=0.0748107s, 52112 KB] building causal graph...done! [t=0.0159575s]
[t=0.094773s, 53700 KB] Found 3373 SGA patterns.
[t=0.110733s, 53700 KB] Found 3373 interesting patterns.
[t=0.110733s, 53700 KB] systematic pattern collection generator number of patterns: 3373
[t=0.110733s, 53700 KB] systematic pattern collection generator total PDB size: 34632
[t=0.114741s, 53700 KB] systematic pattern collection generator computation time: 0.0359228s
[t=0.114741s, 53700 KB] Computing PDBs for pattern collection...
[t=8.50977s, 54092 KB] Done computing PDBs for pattern collection: 8.39503s
[t=9.75987s, 120408 KB] Building successor generator...done!
[t=9.76385s, 120408 KB] peak memory difference for successor generator creation: 0 KB
[t=9.76385s, 120408 KB] time for successor generation creation: 0.00398001s
[t=9.76385s, 120408 KB] Variables: 280
[t=9.76385s, 120408 KB] FactPairs: 793
[t=9.76385s, 120408 KB] Bytes per state: 52
[t=9.76385s, 120408 KB] Conducting best first search without reopening closed nodes, (real) bound = 2147483647
[t=9.89564s, 157740 KB] New best heuristic value for operatorcounting(constraint_generators=[pho_constraints(patterns=systematic(2))],use_integer_operator_counts=false,transform=adapt_costs(cost_type=normal)): 740
[t=9.89564s, 157740 KB] g=0, 1 evaluated, 0 expanded
[t=9.89564s, 157740 KB] Initial heuristic value for operatorcounting(constraint_generators=[pho_constraints(patterns=systematic(2))],use_integer_operator_counts=false,transform=adapt_costs(cost_type=normal)): 740
[t=9.89564s, 157740 KB] pruning method: none
[t=9.91962s, 157740 KB] New best heuristic value for operatorcounting(constraint_generators=[pho_constraints(patterns=systematic(2))],use_integer_operator_counts=false,transform=adapt_costs(cost_type=normal)): 730
[t=9.91962s, 157740 KB] g=10, 2 evaluated, 1 expanded
[t=9.9436s, 157740 KB] New best heuristic value for operatorcounting(constraint_generators=[pho_constraints(patterns=systematic(2))],use_integer_operator_counts=false,transform=adapt_costs(cost_type=normal)): 710
[t=9.9436s, 157740 KB] g=30, 3 evaluated, 1 expanded
[t=12.1283s, 157740 KB] New best heuristic value for operatorcounting(constraint_generators=[pho_constraints(patterns=systematic(2))],use_integer_operator_counts=false,transform=adapt_costs(cost_type=normal)): 700
[t=12.1283s, 157740 KB] g=40, 196 evaluated, 2 expanded
[t=12.1522s, 157740 KB] New best heuristic value for operatorcounting(constraint_generators=[pho_constraints(patterns=systematic(2))],use_integer_operator_counts=false,transform=adapt_costs(cost_type=normal)): 665
[t=12.1522s, 157740 KB] g=75, 197 evaluated, 2 expanded
[t=14.4413s, 157740 KB] New best heuristic value for operatorcounting(constraint_generators=[pho_constraints(patterns=systematic(2))],use_integer_operator_counts=false,transform=adapt_costs(cost_type=normal)): 655
[t=14.4413s, 157740 KB] g=85, 399 evaluated, 3 expanded
[t=14.5492s, 157740 KB] New best heuristic value for operatorcounting(constraint_generators=[pho_constraints(patterns=systematic(2))],use_integer_operator_counts=false,transform=adapt_costs(cost_type=normal)): 645
[t=14.5492s, 157740 KB] g=95, 404 evaluated, 3 expanded
[t=16.7743s, 157740 KB] New best heuristic value for operatorcounting(constraint_generators=[pho_constraints(patterns=systematic(2))],use_integer_operator_counts=false,transform=adapt_costs(cost_type=normal)): 635
[t=16.7743s, 157740 KB] g=105, 601 evaluated, 4 expanded
[t=18.951s, 157740 KB] New best heuristic value for operatorcounting(constraint_generators=[pho_constraints(patterns=systematic(2))],use_integer_operator_counts=false,transform=adapt_costs(cost_type=normal)): 620
[t=18.951s, 157740 KB] g=120, 794 evaluated, 5 expanded
[t=21.3518s, 157740 KB] New best heuristic value for operatorcounting(constraint_generators=[pho_constraints(patterns=systematic(2))],use_integer_operator_counts=false,transform=adapt_costs(cost_type=normal)): 610
[t=21.3518s, 157740 KB] g=130, 1000 evaluated, 6 expanded
[t=23.7608s, 157740 KB] New best heuristic value for operatorcounting(constraint_generators=[pho_constraints(patterns=systematic(2))],use_integer_operator_counts=false,transform=adapt_costs(cost_type=normal)): 600
[t=23.7608s, 157740 KB] g=140, 1201 evaluated, 7 expanded
[t=26.2616s, 157740 KB] New best heuristic value for operatorcounting(constraint_generators=[pho_constraints(patterns=systematic(2))],use_integer_operator_counts=false,transform=adapt_costs(cost_type=normal)): 590
[t=26.265s, 157740 KB] g=170, 1410 evaluated, 8 expanded
[t=29.5572s, 157740 KB] New best heuristic value for operatorcounting(constraint_generators=[pho_constraints(patterns=systematic(2))],use_integer_operator_counts=false,transform=adapt_costs(cost_type=normal)): 580
[t=29.5572s, 157740 KB] g=200, 1660 evaluated, 9 expanded
[t=31.4909s, 157740 KB] New best heuristic value for operatorcounting(constraint_generators=[pho_constraints(patterns=systematic(2))],use_integer_operator_counts=false,transform=adapt_costs(cost_type=normal)): 575
[t=31.4909s, 157740 KB] g=185, 1814 evaluated, 9 expanded
[t=32.4378s, 157740 KB] New best heuristic value for operatorcounting(constraint_generators=[pho_constraints(patterns=systematic(2))],use_integer_operator_counts=false,transform=adapt_costs(cost_type=normal)): 565
[t=32.4378s, 157740 KB] g=215, 1881 evaluated, 10 expanded
[t=35.2943s, 157740 KB] New best heuristic value for operatorcounting(constraint_generators=[pho_constraints(patterns=systematic(2))],use_integer_operator_counts=false,transform=adapt_costs(cost_type=normal)): 555
[t=35.2943s, 157740 KB] g=245, 2101 evaluated, 11 expanded
[t=38.4502s, 157740 KB] New best heuristic value for operatorcounting(constraint_generators=[pho_constraints(patterns=systematic(2))],use_integer_operator_counts=false,transform=adapt_costs(cost_type=normal)): 545
[t=38.4502s, 157740 KB] g=275, 2333 evaluated, 12 expanded
[t=40.6155s, 157740 KB] New best heuristic value for operatorcounting(constraint_generators=[pho_constraints(patterns=systematic(2))],use_integer_operator_counts=false,transform=adapt_costs(cost_type=normal)): 540
[t=40.6155s, 157740 KB] g=260, 2497 evaluated, 12 expanded
[t=41.578s, 157740 KB] New best heuristic value for operatorcounting(constraint_generators=[pho_constraints(patterns=systematic(2))],use_integer_operator_counts=false,transform=adapt_costs(cost_type=normal)): 530
[t=41.578s, 157740 KB] g=290, 2572 evaluated, 13 expanded
[t=44.1982s, 157740 KB] New best heuristic value for operatorcounting(constraint_generators=[pho_constraints(patterns=systematic(2))],use_integer_operator_counts=false,transform=adapt_costs(cost_type=normal)): 525
[t=44.1982s, 157740 KB] g=320, 2803 evaluated, 14 expanded
[t=44.8852s, 157740 KB] New best heuristic value for operatorcounting(constraint_generators=[pho_constraints(patterns=systematic(2))],use_integer_operator_counts=false,transform=adapt_costs(cost_type=normal)): 520
[t=44.8852s, 157740 KB] g=320, 2870 evaluated, 14 expanded
[t=45.9634s, 157740 KB] New best heuristic value for operatorcounting(constraint_generators=[pho_constraints(patterns=systematic(2))],use_integer_operator_counts=false,transform=adapt_costs(cost_type=normal)): 510
[t=45.9649s, 157740 KB] g=310, 2956 evaluated, 14 expanded
[t=46.986s, 157740 KB] New best heuristic value for operatorcounting(constraint_generators=[pho_constraints(patterns=systematic(2))],use_integer_operator_counts=false,transform=adapt_costs(cost_type=normal)): 505
[t=46.986s, 157740 KB] g=340, 3032 evaluated, 15 expanded
[t=47.693s, 157740 KB] New best heuristic value for operatorcounting(constraint_generators=[pho_constraints(patterns=systematic(2))],use_integer_operator_counts=false,transform=adapt_costs(cost_type=normal)): 500
[t=47.693s, 157740 KB] g=340, 3099 evaluated, 15 expanded
[t=48.7234s, 157740 KB] New best heuristic value for operatorcounting(constraint_generators=[pho_constraints(patterns=systematic(2))],use_integer_operator_counts=false,transform=adapt_costs(cost_type=normal)): 480
[t=48.7234s, 157740 KB] g=340, 3185 evaluated, 15 expanded
[t=49.822s, 157740 KB] New best heuristic value for operatorcounting(constraint_generators=[pho_constraints(patterns=systematic(2))],use_integer_operator_counts=false,transform=adapt_costs(cost_type=normal)): 475
[t=49.822s, 157740 KB] g=370, 3265 evaluated, 16 expanded
[t=50.521s, 157740 KB] New best heuristic value for operatorcounting(constraint_generators=[pho_constraints(patterns=systematic(2))],use_integer_operator_counts=false,transform=adapt_costs(cost_type=normal)): 470
[t=50.5219s, 157740 KB] g=370, 3332 evaluated, 16 expanded
[t=52.8941s, 157740 KB] New best heuristic value for operatorcounting(constraint_generators=[pho_constraints(patterns=systematic(2))],use_integer_operator_counts=false,transform=adapt_costs(cost_type=normal)): 465
[t=52.8941s, 157740 KB] g=400, 3492 evaluated, 17 expanded
[t=53.7609s, 157740 KB] New best heuristic value for operatorcounting(constraint_generators=[pho_constraints(patterns=systematic(2))],use_integer_operator_counts=false,transform=adapt_costs(cost_type=normal)): 460
[t=53.7609s, 157740 KB] g=400, 3558 evaluated, 17 expanded
[t=56.0217s, 157740 KB] New best heuristic value for operatorcounting(constraint_generators=[pho_constraints(patterns=systematic(2))],use_integer_operator_counts=false,transform=adapt_costs(cost_type=normal)): 455
[t=56.0217s, 157740 KB] g=430, 3728 evaluated, 18 expanded
[t=56.6689s, 157740 KB] New best heuristic value for operatorcounting(constraint_generators=[pho_constraints(patterns=systematic(2))],use_integer_operator_counts=false,transform=adapt_costs(cost_type=normal)): 450
[t=56.6689s, 157740 KB] g=430, 3793 evaluated, 18 expanded
[t=57.7352s, 157740 KB] New best heuristic value for operatorcounting(constraint_generators=[pho_constraints(patterns=systematic(2))],use_integer_operator_counts=false,transform=adapt_costs(cost_type=normal)): 440
[t=57.7352s, 157740 KB] g=420, 3883 evaluated, 18 expanded
[t=59.0214s, 157740 KB] New best heuristic value for operatorcounting(constraint_generators=[pho_constraints(patterns=systematic(2))],use_integer_operator_counts=false,transform=adapt_costs(cost_type=normal)): 435
[t=59.0214s, 157740 KB] g=450, 3970 evaluated, 19 expanded
[t=59.8204s, 157740 KB] New best heuristic value for operatorcounting(constraint_generators=[pho_constraints(patterns=systematic(2))],use_integer_operator_counts=false,transform=adapt_costs(cost_type=normal)): 430
[t=59.8204s, 157740 KB] g=450, 4035 evaluated, 19 expanded
[t=61.8334s, 157740 KB] New best heuristic value for operatorcounting(constraint_generators=[pho_constraints(patterns=systematic(2))],use_integer_operator_counts=false,transform=adapt_costs(cost_type=normal)): 425
[t=61.8334s, 157740 KB] g=480, 4199 evaluated, 20 expanded
[t=62.3967s, 157740 KB] New best heuristic value for operatorcounting(constraint_generators=[pho_constraints(patterns=systematic(2))],use_integer_operator_counts=false,transform=adapt_costs(cost_type=normal)): 420
[t=62.3967s, 157740 KB] g=480, 4261 evaluated, 20 expanded
[t=63.9506s, 157740 KB] New best heuristic value for operatorcounting(constraint_generators=[pho_constraints(patterns=systematic(2))],use_integer_operator_counts=false,transform=adapt_costs(cost_type=normal)): 400
[t=63.9506s, 157740 KB] g=480, 4365 evaluated, 20 expanded
[t=64.8256s, 157740 KB] New best heuristic value for operatorcounting(constraint_generators=[pho_constraints(patterns=systematic(2))],use_integer_operator_counts=false,transform=adapt_costs(cost_type=normal)): 395
[t=64.8256s, 157740 KB] g=510, 4430 evaluated, 21 expanded
[t=65.4766s, 157740 KB] New best heuristic value for operatorcounting(constraint_generators=[pho_constraints(patterns=systematic(2))],use_integer_operator_counts=false,transform=adapt_costs(cost_type=normal)): 390
[t=65.4766s, 157740 KB] g=510, 4492 evaluated, 21 expanded
[t=66.9825s, 157740 KB] New best heuristic value for operatorcounting(constraint_generators=[pho_constraints(patterns=systematic(2))],use_integer_operator_counts=false,transform=adapt_costs(cost_type=normal)): 385
[t=66.9865s, 157740 KB] g=495, 4602 evaluated, 21 expanded
[t=67.6933s, 157740 KB] New best heuristic value for operatorcounting(constraint_generators=[pho_constraints(patterns=systematic(2))],use_integer_operator_counts=false,transform=adapt_costs(cost_type=normal)): 380
[t=67.6933s, 157740 KB] g=525, 4661 evaluated, 22 expanded
[t=68.2963s, 157740 KB] New best heuristic value for operatorcounting(constraint_generators=[pho_constraints(patterns=systematic(2))],use_integer_operator_counts=false,transform=adapt_costs(cost_type=normal)): 375
[t=68.2963s, 157740 KB] g=525, 4723 evaluated, 22 expanded
[t=70.293s, 157740 KB] New best heuristic value for operatorcounting(constraint_generators=[pho_constraints(patterns=systematic(2))],use_integer_operator_counts=false,transform=adapt_costs(cost_type=normal)): 370
[t=70.293s, 157740 KB] g=555, 4880 evaluated, 23 expanded
[t=70.8599s, 157740 KB] New best heuristic value for operatorcounting(constraint_generators=[pho_constraints(patterns=systematic(2))],use_integer_operator_counts=false,transform=adapt_costs(cost_type=normal)): 365
[t=70.8623s, 157740 KB] g=555, 4938 evaluated, 23 expanded
[t=72.342s, 157740 KB] New best heuristic value for operatorcounting(constraint_generators=[pho_constraints(patterns=systematic(2))],use_integer_operator_counts=false,transform=adapt_costs(cost_type=normal)): 360
[t=72.342s, 157740 KB] g=540, 5039 evaluated, 23 expanded
[t=73.1087s, 157740 KB] New best heuristic value for operatorcounting(constraint_generators=[pho_constraints(patterns=systematic(2))],use_integer_operator_counts=false,transform=adapt_costs(cost_type=normal)): 355
[t=73.1087s, 157740 KB] g=570, 5099 evaluated, 24 expanded
[t=73.6239s, 157740 KB] New best heuristic value for operatorcounting(constraint_generators=[pho_constraints(patterns=systematic(2))],use_integer_operator_counts=false,transform=adapt_costs(cost_type=normal)): 350
[t=73.6239s, 157740 KB] g=570, 5157 evaluated, 24 expanded
[t=75.6086s, 157740 KB] New best heuristic value for operatorcounting(constraint_generators=[pho_constraints(patterns=systematic(2))],use_integer_operator_counts=false,transform=adapt_costs(cost_type=normal)): 345
[t=75.6086s, 157740 KB] g=600, 5316 evaluated, 25 expanded
[t=76.048s, 157740 KB] New best heuristic value for operatorcounting(constraint_generators=[pho_constraints(patterns=systematic(2))],use_integer_operator_counts=false,transform=adapt_costs(cost_type=normal)): 340
[t=76.048s, 157740 KB] g=600, 5370 evaluated, 25 expanded
[t=76.6509s, 157740 KB] New best heuristic value for operatorcounting(constraint_generators=[pho_constraints(patterns=systematic(2))],use_integer_operator_counts=false,transform=adapt_costs(cost_type=normal)): 335
[t=76.6509s, 157740 KB] g=585, 5436 evaluated, 25 expanded
[t=78.1528s, 157740 KB] New best heuristic value for operatorcounting(constraint_generators=[pho_constraints(patterns=systematic(2))],use_integer_operator_counts=false,transform=adapt_costs(cost_type=normal)): 330
[t=78.1528s, 157740 KB] g=615, 5533 evaluated, 26 expanded
[t=78.6122s, 157740 KB] New best heuristic value for operatorcounting(constraint_generators=[pho_constraints(patterns=systematic(2))],use_integer_operator_counts=false,transform=adapt_costs(cost_type=normal)): 325
[t=78.6122s, 157740 KB] g=615, 5587 evaluated, 26 expanded
[t=80.5258s, 157740 KB] New best heuristic value for operatorcounting(constraint_generators=[pho_constraints(patterns=systematic(2))],use_integer_operator_counts=false,transform=adapt_costs(cost_type=normal)): 320
[t=80.5258s, 157740 KB] g=645, 5747 evaluated, 27 expanded
[t=80.8814s, 157740 KB] New best heuristic value for operatorcounting(constraint_generators=[pho_constraints(patterns=systematic(2))],use_integer_operator_counts=false,transform=adapt_costs(cost_type=normal)): 315
[t=80.8814s, 157740 KB] g=645, 5800 evaluated, 27 expanded
[t=82.9263s, 157740 KB] New best heuristic value for operatorcounting(constraint_generators=[pho_constraints(patterns=systematic(2))],use_integer_operator_counts=false,transform=adapt_costs(cost_type=normal)): 310
[t=82.9263s, 157740 KB] g=675, 5959 evaluated, 28 expanded
[t=83.2459s, 157740 KB] New best heuristic value for operatorcounting(constraint_generators=[pho_constraints(patterns=systematic(2))],use_integer_operator_counts=false,transform=adapt_costs(cost_type=normal)): 305
[t=83.2459s, 157740 KB] g=675, 6007 evaluated, 28 expanded
[t=84.7955s, 157740 KB] New best heuristic value for operatorcounting(constraint_generators=[pho_constraints(patterns=systematic(2))],use_integer_operator_counts=false,transform=adapt_costs(cost_type=normal)): 300
[t=84.7955s, 157740 KB] g=660, 6114 evaluated, 28 expanded
[t=85.4386s, 157740 KB] New best heuristic value for operatorcounting(constraint_generators=[pho_constraints(patterns=systematic(2))],use_integer_operator_counts=false,transform=adapt_costs(cost_type=normal)): 295
[t=85.4386s, 157740 KB] g=690, 6171 evaluated, 29 expanded
[t=85.8261s, 157740 KB] New best heuristic value for operatorcounting(constraint_generators=[pho_constraints(patterns=systematic(2))],use_integer_operator_counts=false,transform=adapt_costs(cost_type=normal)): 290
[t=85.8261s, 157740 KB] g=690, 6219 evaluated, 29 expanded
[t=88.1715s, 157740 KB] New best heuristic value for operatorcounting(constraint_generators=[pho_constraints(patterns=systematic(2))],use_integer_operator_counts=false,transform=adapt_costs(cost_type=normal)): 285
[t=88.1715s, 157740 KB] g=720, 6380 evaluated, 30 expanded
[t=88.4832s, 157740 KB] New best heuristic value for operatorcounting(constraint_generators=[pho_constraints(patterns=systematic(2))],use_integer_operator_counts=false,transform=adapt_costs(cost_type=normal)): 280
[t=88.4832s, 157740 KB] g=720, 6423 evaluated, 30 expanded
[t=89.1982s, 157740 KB] New best heuristic value for operatorcounting(constraint_generators=[pho_constraints(patterns=systematic(2))],use_integer_operator_counts=false,transform=adapt_costs(cost_type=normal)): 275
[t=89.1982s, 157740 KB] g=705, 6482 evaluated, 30 expanded
[t=90.9481s, 157740 KB] New best heuristic value for operatorcounting(constraint_generators=[pho_constraints(patterns=systematic(2))],use_integer_operator_counts=false,transform=adapt_costs(cost_type=normal)): 270
[t=90.9481s, 157740 KB] g=735, 6588 evaluated, 31 expanded
[t=91.2956s, 157740 KB] New best heuristic value for operatorcounting(constraint_generators=[pho_constraints(patterns=systematic(2))],use_integer_operator_counts=false,transform=adapt_costs(cost_type=normal)): 265
[t=91.2956s, 157740 KB] g=735, 6631 evaluated, 31 expanded
[t=93.6326s, 157740 KB] New best heuristic value for operatorcounting(constraint_generators=[pho_constraints(patterns=systematic(2))],use_integer_operator_counts=false,transform=adapt_costs(cost_type=normal)): 260
[t=93.6326s, 157740 KB] g=765, 6793 evaluated, 32 expanded
[t=93.9681s, 157740 KB] New best heuristic value for operatorcounting(constraint_generators=[pho_constraints(patterns=systematic(2))],use_integer_operator_counts=false,transform=adapt_costs(cost_type=normal)): 255
[t=93.9681s, 157740 KB] g=765, 6844 evaluated, 32 expanded
[t=96.4364s, 157740 KB] New best heuristic value for operatorcounting(constraint_generators=[pho_constraints(patterns=systematic(2))],use_integer_operator_counts=false,transform=adapt_costs(cost_type=normal)): 250
[t=96.4364s, 157740 KB] g=795, 6998 evaluated, 33 expanded
[t=97.0516s, 157740 KB] New best heuristic value for operatorcounting(constraint_generators=[pho_constraints(patterns=systematic(2))],use_integer_operator_counts=false,transform=adapt_costs(cost_type=normal)): 245
[t=97.0517s, 157740 KB] g=795, 7067 evaluated, 33 expanded
[t=99.4524s, 157740 KB] New best heuristic value for operatorcounting(constraint_generators=[pho_constraints(patterns=systematic(2))],use_integer_operator_counts=false,transform=adapt_costs(cost_type=normal)): 240
[t=99.4524s, 157740 KB] g=825, 7207 evaluated, 34 expanded
[t=100.008s, 157740 KB] New best heuristic value for operatorcounting(constraint_generators=[pho_constraints(patterns=systematic(2))],use_integer_operator_counts=false,transform=adapt_costs(cost_type=normal)): 235
[t=100.008s, 157740 KB] g=825, 7271 evaluated, 34 expanded
[t=102.7s, 157740 KB] New best heuristic value for operatorcounting(constraint_generators=[pho_constraints(patterns=systematic(2))],use_integer_operator_counts=false,transform=adapt_costs(cost_type=normal)): 230
[t=102.7s, 157740 KB] g=855, 7421 evaluated, 35 expanded
[t=103.204s, 157740 KB] New best heuristic value for operatorcounting(constraint_generators=[pho_constraints(patterns=systematic(2))],use_integer_operator_counts=false,transform=adapt_costs(cost_type=normal)): 225
[t=103.204s, 157740 KB] g=855, 7480 evaluated, 35 expanded
[t=103.512s, 157740 KB] New best heuristic value for operatorcounting(constraint_generators=[pho_constraints(patterns=systematic(2))],use_integer_operator_counts=false,transform=adapt_costs(cost_type=normal)): 215
[t=103.512s, 157740 KB] g=845, 7504 evaluated, 35 expanded
[t=105.806s, 157740 KB] New best heuristic value for operatorcounting(constraint_generators=[pho_constraints(patterns=systematic(2))],use_integer_operator_counts=false,transform=adapt_costs(cost_type=normal)): 210
[t=105.806s, 157740 KB] g=875, 7640 evaluated, 36 expanded
[t=106.361s, 157740 KB] New best heuristic value for operatorcounting(constraint_generators=[pho_constraints(patterns=systematic(2))],use_integer_operator_counts=false,transform=adapt_costs(cost_type=normal)): 205
[t=106.361s, 157740 KB] g=875, 7699 evaluated, 36 expanded
[t=109.201s, 157740 KB] New best heuristic value for operatorcounting(constraint_generators=[pho_constraints(patterns=systematic(2))],use_integer_operator_counts=false,transform=adapt_costs(cost_type=normal)): 200
[t=109.201s, 157740 KB] g=905, 7847 evaluated, 37 expanded
[t=109.936s, 157740 KB] New best heuristic value for operatorcounting(constraint_generators=[pho_constraints(patterns=systematic(2))],use_integer_operator_counts=false,transform=adapt_costs(cost_type=normal)): 195
[t=109.936s, 157740 KB] g=885, 7910 evaluated, 37 expanded
[t=112.797s, 157740 KB] New best heuristic value for operatorcounting(constraint_generators=[pho_constraints(patterns=systematic(2))],use_integer_operator_counts=false,transform=adapt_costs(cost_type=normal)): 190
[t=112.797s, 157740 KB] g=915, 8055 evaluated, 38 expanded
[t=113.72s, 157740 KB] New best heuristic value for operatorcounting(constraint_generators=[pho_constraints(patterns=systematic(2))],use_integer_operator_counts=false,transform=adapt_costs(cost_type=normal)): 185
[t=113.72s, 157740 KB] g=905, 8130 evaluated, 38 expanded
[t=116.185s, 157740 KB] New best heuristic value for operatorcounting(constraint_generators=[pho_constraints(patterns=systematic(2))],use_integer_operator_counts=false,transform=adapt_costs(cost_type=normal)): 180
[t=116.185s, 157740 KB] g=935, 8254 evaluated, 39 expanded
[t=117.451s, 157740 KB] New best heuristic value for operatorcounting(constraint_generators=[pho_constraints(patterns=systematic(2))],use_integer_operator_counts=false,transform=adapt_costs(cost_type=normal)): 175
[t=117.451s, 157740 KB] g=915, 8342 evaluated, 39 expanded
[t=119.201s, 157740 KB] New best heuristic value for operatorcounting(constraint_generators=[pho_constraints(patterns=systematic(2))],use_integer_operator_counts=false,transform=adapt_costs(cost_type=normal)): 170
[t=119.201s, 157740 KB] g=945, 8444 evaluated, 40 expanded
[t=120.563s, 157740 KB] New best heuristic value for operatorcounting(constraint_generators=[pho_constraints(patterns=systematic(2))],use_integer_operator_counts=false,transform=adapt_costs(cost_type=normal)): 165
[t=120.563s, 157740 KB] g=925, 8540 evaluated, 40 expanded
[t=122.121s, 157740 KB] New best heuristic value for operatorcounting(constraint_generators=[pho_constraints(patterns=systematic(2))],use_integer_operator_counts=false,transform=adapt_costs(cost_type=normal)): 160
[t=122.121s, 157740 KB] g=955, 8626 evaluated, 41 expanded
[t=123.587s, 157740 KB] New best heuristic value for operatorcounting(constraint_generators=[pho_constraints(patterns=systematic(2))],use_integer_operator_counts=false,transform=adapt_costs(cost_type=normal)): 155
[t=123.587s, 157740 KB] g=935, 8728 evaluated, 41 expanded
[t=124.821s, 157740 KB] New best heuristic value for operatorcounting(constraint_generators=[pho_constraints(patterns=systematic(2))],use_integer_operator_counts=false,transform=adapt_costs(cost_type=normal)): 150
[t=124.821s, 157740 KB] g=965, 8801 evaluated, 42 expanded
[t=126.307s, 157740 KB] New best heuristic value for operatorcounting(constraint_generators=[pho_constraints(patterns=systematic(2))],use_integer_operator_counts=false,transform=adapt_costs(cost_type=normal)): 145
[t=126.307s, 157740 KB] g=955, 8902 evaluated, 42 expanded
[t=127.45s, 157740 KB] New best heuristic value for operatorcounting(constraint_generators=[pho_constraints(patterns=systematic(2))],use_integer_operator_counts=false,transform=adapt_costs(cost_type=normal)): 140
[t=127.45s, 157740 KB] g=985, 8968 evaluated, 43 expanded
[t=129.011s, 157740 KB] New best heuristic value for operatorcounting(constraint_generators=[pho_constraints(patterns=systematic(2))],use_integer_operator_counts=false,transform=adapt_costs(cost_type=normal)): 135
[t=129.011s, 157740 KB] g=985, 9079 evaluated, 43 expanded
[t=129.762s, 157740 KB] New best heuristic value for operatorcounting(constraint_generators=[pho_constraints(patterns=systematic(2))],use_integer_operator_counts=false,transform=adapt_costs(cost_type=normal)): 130
[t=129.762s, 157740 KB] g=1015, 9126 evaluated, 44 expanded
[t=131.484s, 157740 KB] New best heuristic value for operatorcounting(constraint_generators=[pho_constraints(patterns=systematic(2))],use_integer_operator_counts=false,transform=adapt_costs(cost_type=normal)): 115
[t=131.484s, 157740 KB] g=1005, 9244 evaluated, 44 expanded
[t=132.183s, 157740 KB] New best heuristic value for operatorcounting(constraint_generators=[pho_constraints(patterns=systematic(2))],use_integer_operator_counts=false,transform=adapt_costs(cost_type=normal)): 110
[t=132.183s, 157740 KB] g=1035, 9290 evaluated, 45 expanded
[t=133.865s, 157740 KB] New best heuristic value for operatorcounting(constraint_generators=[pho_constraints(patterns=systematic(2))],use_integer_operator_counts=false,transform=adapt_costs(cost_type=normal)): 105
[t=133.865s, 157740 KB] g=1015, 9409 evaluated, 45 expanded
[t=134.464s, 157740 KB] New best heuristic value for operatorcounting(constraint_generators=[pho_constraints(patterns=systematic(2))],use_integer_operator_counts=false,transform=adapt_costs(cost_type=normal)): 100
[t=134.464s, 157740 KB] g=1045, 9445 evaluated, 46 expanded
[t=137.293s, 157740 KB] New best heuristic value for operatorcounting(constraint_generators=[pho_constraints(patterns=systematic(2))],use_integer_operator_counts=false,transform=adapt_costs(cost_type=normal)): 95
[t=137.293s, 157740 KB] g=1055, 9641 evaluated, 47 expanded
[t=137.724s, 157740 KB] New best heuristic value for operatorcounting(constraint_generators=[pho_constraints(patterns=systematic(2))],use_integer_operator_counts=false,transform=adapt_costs(cost_type=normal)): 90
[t=137.724s, 157740 KB] g=1065, 9661 evaluated, 47 expanded
[t=139.602s, 157740 KB] New best heuristic value for operatorcounting(constraint_generators=[pho_constraints(patterns=systematic(2))],use_integer_operator_counts=false,transform=adapt_costs(cost_type=normal)): 85
[t=139.602s, 157740 KB] g=1075, 9779 evaluated, 48 expanded
[t=140.041s, 157740 KB] New best heuristic value for operatorcounting(constraint_generators=[pho_constraints(patterns=systematic(2))],use_integer_operator_counts=false,transform=adapt_costs(cost_type=normal)): 60
[t=140.041s, 157740 KB] g=1095, 9799 evaluated, 48 expanded
[t=142.066s, 157740 KB] New best heuristic value for operatorcounting(constraint_generators=[pho_constraints(patterns=systematic(2))],use_integer_operator_counts=false,transform=adapt_costs(cost_type=normal)): 55
[t=142.066s, 157740 KB] g=1105, 9922 evaluated, 49 expanded
[t=142.549s, 157740 KB] New best heuristic value for operatorcounting(constraint_generators=[pho_constraints(patterns=systematic(2))],use_integer_operator_counts=false,transform=adapt_costs(cost_type=normal)): 45
[t=142.551s, 157740 KB] g=1110, 9948 evaluated, 49 expanded
[t=144.406s, 157740 KB] New best heuristic value for operatorcounting(constraint_generators=[pho_constraints(patterns=systematic(2))],use_integer_operator_counts=false,transform=adapt_costs(cost_type=normal)): 40
[t=144.406s, 157740 KB] g=1120, 10064 evaluated, 50 expanded
[t=195.935s, 157740 KB] New best heuristic value for operatorcounting(constraint_generators=[pho_constraints(patterns=systematic(2))],use_integer_operator_counts=false,transform=adapt_costs(cost_type=normal)): 30
[t=195.935s, 157740 KB] g=1175, 13210 evaluated, 79 expanded
[t=198.364s, 157740 KB] New best heuristic value for operatorcounting(constraint_generators=[pho_constraints(patterns=systematic(2))],use_integer_operator_counts=false,transform=adapt_costs(cost_type=normal)): 20
[t=198.364s, 157740 KB] g=1185, 13333 evaluated, 80 expanded
[t=255.737s, 157740 KB] New best heuristic value for operatorcounting(constraint_generators=[pho_constraints(patterns=systematic(2))],use_integer_operator_counts=false,transform=adapt_costs(cost_type=normal)): 10
[t=255.737s, 157740 KB] g=1235, 16482 evaluated, 112 expanded
[t=258.002s, 157740 KB] New best heuristic value for operatorcounting(constraint_generators=[pho_constraints(patterns=systematic(2))],use_integer_operator_counts=false,transform=adapt_costs(cost_type=normal)): 0
[t=258.002s, 157740 KB] g=1245, 16590 evaluated, 113 expanded
[t=259.225s, 157740 KB] Solution found!
[t=259.229s, 157740 KB] Actual search time: 249.333s
do-plane p21 planer0 rough mauve colourfragments (30)
do-grind p21 grinder0 smooth natural untreated untreated (45)
do-glaze p21 glazer0 black (20)
do-plane p6 planer0 rough red varnished (10)
do-grind p6 grinder0 smooth natural untreated untreated (15)
do-glaze p6 glazer0 black (10)
do-plane p19 planer0 rough green varnished (10)
do-saw-medium b0 p0 saw0 cherry rough s5 s4 s3 (30)
do-glaze p0 glazer0 mauve (15)
do-saw-large b1 p12 saw0 mahogany rough s9 s7 s8 s6 (30)
do-saw-medium b1 p10 saw0 mahogany rough s6 s5 s4 (30)
do-glaze p10 glazer0 black (15)
do-saw-medium b1 p18 saw0 mahogany rough s6 s5 s4 (30)
do-plane p18 planer0 rough natural untreated (20)
do-grind p18 grinder0 smooth natural untreated untreated (30)
do-saw-large b4 p15 saw0 oak smooth s5 s3 s4 s2 (30)
do-saw-large b4 p7 saw0 oak smooth s5 s3 s4 s2 (30)
do-glaze p7 glazer0 red (20)
do-saw-medium b4 p1 saw0 oak smooth s2 s1 s0 (30)
do-grind p1 grinder0 smooth natural untreated untreated (30)
do-glaze p1 glazer0 green (15)
do-saw-small b4 p13 saw0 oak smooth s2 s1 (30)
do-grind p13 grinder0 smooth natural untreated untreated (15)
do-saw-small b4 p2 saw0 oak smooth s2 s1 (30)
do-grind p2 grinder0 smooth natural untreated untreated (15)
do-saw-small b4 p9 saw0 oak smooth s2 s1 (30)
do-saw-small b4 p11 saw0 oak smooth s2 s1 (30)
do-grind p11 grinder0 smooth natural untreated untreated (15)
do-saw-small b4 p4 saw0 oak smooth s2 s1 (30)
do-grind p4 grinder0 smooth natural untreated untreated (15)
do-saw-large b4 p14 saw0 oak smooth s5 s3 s4 s2 (30)
do-saw-large b5 p3 saw0 pine smooth s6 s4 s5 s3 (30)
do-saw-large b8 p16 saw0 teak smooth s10 s8 s9 s7 (30)
do-saw-large b8 p8 saw0 teak smooth s7 s5 s6 s4 (30)
do-glaze p8 glazer0 black (20)
do-saw-medium b8 p22 saw0 teak smooth s7 s6 s5 (30)
do-glaze p9 glazer0 black (10)
do-glaze p3 glazer0 red (20)
do-glaze p2 glazer0 black (10)
do-immersion-varnish p16 immersion-varnisher0 red smooth (10)
do-immersion-varnish p15 immersion-varnisher1 white smooth (10)
do-glaze p14 glazer0 green (20)
do-plane p12 planer0 rough natural untreated (30)
do-glaze p12 glazer0 black (20)
do-glaze p11 glazer0 black (10)
do-saw-medium b1 p20 saw0 mahogany rough s6 s5 s4 (30)
do-plane p20 planer0 rough natural untreated (20)
do-grind p20 grinder0 smooth natural untreated untreated (30)
do-glaze p20 glazer0 mauve (15)
do-spray-varnish p4 spray-varnisher1 natural verysmooth (5)
do-saw-large b6 p17 saw0 walnut rough s8 s6 s7 s5 (30)
do-plane p17 planer0 rough natural untreated (30)
do-immersion-varnish p17 immersion-varnisher0 red smooth (10)
do-saw-medium b6 p5 saw0 walnut rough s5 s4 s3 (30)
do-plane p5 planer0 rough natural untreated (20)
do-immersion-varnish p5 immersion-varnisher1 natural smooth (10)
[t=259.229s, 157740 KB] Plan length: 56 step(s).
[t=259.229s, 157740 KB] Plan cost: 1245
[t=259.229s, 157740 KB] Expanded 114 state(s).
[t=259.229s, 157740 KB] Reopened 0 state(s).
[t=259.229s, 157740 KB] Evaluated 16651 state(s).
[t=259.229s, 157740 KB] Evaluations: 16651
[t=259.229s, 157740 KB] Generated 46299 state(s).
[t=259.229s, 157740 KB] Dead ends: 4713 state(s).
[t=259.229s, 157740 KB] Number of registered states: 16651
[t=259.229s, 157740 KB] Int hash set load factor: 16651/32768 = 0.508148
[t=259.229s, 157740 KB] Int hash set resizes: 15
[t=259.229s, 157740 KB] Search time: 249.465s
[t=259.229s, 157740 KB] Total time: 259.229s
Solution found.
Peak memory: 157740 KB
Remove intermediate file output.sas
search exit code: 0

INFO     Running validate.
INFO     validate stdin: None
INFO     validate time limit: None
INFO     validate memory limit: None
INFO     validate command line string: /home/henry/bin/validate domain.pddl problem.pddl sas_plan
Checking plan: sas_plan
Plan executed successfully - checking goal
Plan valid
Final value: 1245 

Successful plans:
Value: 1245
 sas_plan 1245 

validate exit code: 0

INFO     Planner time: 261.67s
