INFO     planner time limit: 1800s
INFO     planner memory limit: 2048 MB

INFO     Running translator.
INFO     translator stdin: None
INFO     translator time limit: 1799s
INFO     translator memory limit: 2048 MB
INFO     translator command line string: /home/henry/Documents/UFRGS/TCC/downward/.venv/bin/python /home/henry/Documents/UFRGS/TCC/downward/experiments/lab/data/main/code-5bb2ccb6957559b6969ffd7e29254c73f84d5e49_e5e41175/builds/release/bin/translate/translate.py domain.pddl problem.pddl --sas-file output.sas
Parsing...
Parsing: [0.000s CPU, 0.002s wall-clock]
Normalizing task... [0.000s CPU, 0.000s wall-clock]
Instantiating...
Generating Datalog program... [0.000s CPU, 0.001s wall-clock]
Normalizing Datalog program...
Normalizing Datalog program: [0.010s CPU, 0.003s wall-clock]
Preparing model... [0.000s CPU, 0.002s wall-clock]
Generated 79 rules.
Computing model... [0.550s CPU, 0.547s wall-clock]
59373 relevant atoms
33792 auxiliary atoms
93165 final queue length
260710 total queue pushes
Completing instantiation... [1.400s CPU, 1.405s wall-clock]
Instantiating: [1.970s CPU, 1.973s wall-clock]
Computing fact groups...
Finding invariants...
14 initial candidates
Finding invariants: [0.040s CPU, 0.033s wall-clock]
Checking invariant weight... [0.000s CPU, 0.000s wall-clock]
Instantiating groups... [0.000s CPU, 0.000s wall-clock]
Collecting mutex groups... [0.000s CPU, 0.000s wall-clock]
Choosing groups...
1632 uncovered facts
Choosing groups: [0.000s CPU, 0.000s wall-clock]
Building translation key... [0.000s CPU, 0.004s wall-clock]
Computing fact groups: [0.050s CPU, 0.046s wall-clock]
Building STRIPS to SAS dictionary... [0.000s CPU, 0.001s wall-clock]
Building dictionary for full mutex groups... [0.000s CPU, 0.001s wall-clock]
Building mutex information...
Building mutex information: [0.000s CPU, 0.001s wall-clock]
Translating task...
Processing axioms...
Simplifying axioms... [0.000s CPU, 0.000s wall-clock]
Translator axioms removed by simplifying: 0
Computing negative axioms... [0.000s CPU, 0.000s wall-clock]
Processing axioms: [0.030s CPU, 0.031s wall-clock]
Translating task: [0.940s CPU, 0.927s wall-clock]
52944 effect conditions simplified
0 implied preconditions added
Detecting unreachable propositions...
0 operators removed
0 axioms removed
4 propositions removed
Detecting unreachable propositions: [0.500s CPU, 0.504s wall-clock]
Reordering and filtering variables...
1636 of 1636 variables necessary.
0 of 4 mutex groups necessary.
21912 of 21912 operators necessary.
0 of 0 axiom rules necessary.
Reordering and filtering variables: [0.380s CPU, 0.389s wall-clock]
Translator variables: 1636
Translator derived variables: 0
Translator facts: 3456
Translator goal facts: 24
Translator mutex groups: 0
Translator total mutex groups size: 0
Translator operators: 21912
Translator axioms: 0
Translator task size: 186916
Translator peak memory: 155612 KB
Writing output... [0.140s CPU, 0.143s wall-clock]
Done! [4.030s CPU, 4.030s wall-clock]
translate exit code: 0

INFO     Running search (release).
INFO     search stdin: output.sas
INFO     search time limit: 1795s
INFO     search memory limit: 2048 MB
INFO     search command line string: /home/henry/Documents/UFRGS/TCC/downward/experiments/lab/data/main/code-5bb2ccb6957559b6969ffd7e29254c73f84d5e49_e5e41175/builds/release/bin/downward --search 'eager_greedy([lsh(patterns=systematic(4), transform=adapt_costs(cost_type=NORMAL))])' --internal-plan-file sas_plan < output.sas
[t=0s, 10544 KB] reading input...
[t=0.0990803s, 19360 KB] done reading input!
[t=0.103064s, 19624 KB] Generating patterns using: systematic pattern collection generator
[t=0.103064s, 19624 KB] building causal graph...done! [t=0.0559678s]
Failed to allocate memory.
Memory limit has been reached.
Peak memory: 2097024 KB
Remove intermediate file output.sas
search exit code: 22

Driver aborting after search
INFO     Planner time: 21.12s
