INFO     planner time limit: 1800s
INFO     planner memory limit: 2048 MB

INFO     Running translator.
INFO     translator stdin: None
INFO     translator time limit: 1799s
INFO     translator memory limit: 2048 MB
INFO     translator command line string: /home/henry/Documents/UFRGS/TCC/downward/.venv/bin/python /home/henry/Documents/UFRGS/TCC/downward/experiments/lab/data/main/code-5bb2ccb6957559b6969ffd7e29254c73f84d5e49_e5e41175/builds/release/bin/translate/translate.py domain.pddl problem.pddl --sas-file output.sas
Parsing...
Parsing: [0.000s CPU, 0.003s wall-clock]
Normalizing task... [0.000s CPU, 0.000s wall-clock]
Instantiating...
Generating Datalog program... [0.000s CPU, 0.001s wall-clock]
Normalizing Datalog program...
Normalizing Datalog program: [0.000s CPU, 0.002s wall-clock]
Preparing model... [0.000s CPU, 0.002s wall-clock]
Generated 61 rules.
Computing model... [0.080s CPU, 0.079s wall-clock]
5566 relevant atoms
11364 auxiliary atoms
16930 final queue length
25447 total queue pushes
Completing instantiation... [0.140s CPU, 0.132s wall-clock]
Instantiating: [0.220s CPU, 0.219s wall-clock]
Computing fact groups...
Finding invariants...
9 initial candidates
Finding invariants: [0.000s CPU, 0.005s wall-clock]
Checking invariant weight... [0.000s CPU, 0.000s wall-clock]
Instantiating groups... [0.000s CPU, 0.000s wall-clock]
Collecting mutex groups... [0.000s CPU, 0.000s wall-clock]
Choosing groups...
224 uncovered facts
Choosing groups: [0.000s CPU, 0.000s wall-clock]
Building translation key... [0.000s CPU, 0.000s wall-clock]
Computing fact groups: [0.000s CPU, 0.007s wall-clock]
Building STRIPS to SAS dictionary... [0.000s CPU, 0.000s wall-clock]
Building dictionary for full mutex groups... [0.000s CPU, 0.000s wall-clock]
Building mutex information...
Building mutex information: [0.000s CPU, 0.000s wall-clock]
Translating task...
Processing axioms...
Simplifying axioms... [0.000s CPU, 0.000s wall-clock]
Translator axioms removed by simplifying: 0
Computing negative axioms... [0.000s CPU, 0.000s wall-clock]
Processing axioms: [0.010s CPU, 0.007s wall-clock]
Translating task: [0.130s CPU, 0.118s wall-clock]
868 effect conditions simplified
0 implied preconditions added
Detecting unreachable propositions...
9 operators removed
0 axioms removed
22 propositions removed
Detecting unreachable propositions: [0.060s CPU, 0.062s wall-clock]
Reordering and filtering variables...
219 of 219 variables necessary.
0 of 4 mutex groups necessary.
4867 of 4867 operators necessary.
0 of 0 axiom rules necessary.
Reordering and filtering variables: [0.020s CPU, 0.017s wall-clock]
Translator variables: 219
Translator derived variables: 0
Translator facts: 474
Translator goal facts: 9
Translator mutex groups: 0
Translator total mutex groups size: 0
Translator operators: 4867
Translator axioms: 0
Translator task size: 29735
Translator peak memory: 51188 KB
Writing output... [0.030s CPU, 0.022s wall-clock]
Done! [0.460s CPU, 0.454s wall-clock]
translate exit code: 0

INFO     Running search (release).
INFO     search stdin: output.sas
INFO     search time limit: 1799s
INFO     search memory limit: 2048 MB
INFO     search command line string: /home/henry/Documents/UFRGS/TCC/downward/experiments/lab/data/main/code-5bb2ccb6957559b6969ffd7e29254c73f84d5e49_e5e41175/builds/release/bin/downward --search 'eager_greedy([ff(transform=adapt_costs(cost_type=NORMAL))])' --internal-plan-file sas_plan < output.sas
[t=0s, 10544 KB] reading input...
[t=0.0149769s, 12192 KB] done reading input!
[t=0.0189837s, 13216 KB] Simplifying 9631 unary operators... done! [9409 unary operators]
[t=0.0229718s, 13700 KB] time to simplify: 0.00398818s
[t=0.0229718s, 13700 KB] Initializing additive heuristic...
[t=0.0229718s, 13700 KB] Initializing FF heuristic...
[t=0.0229718s, 13700 KB] Building successor generator...done!
[t=0.0229718s, 13700 KB] peak memory difference for successor generator creation: 0 KB
[t=0.0229718s, 13700 KB] time for successor generation creation: 0s
[t=0.0229718s, 13700 KB] Variables: 219
[t=0.0229718s, 13700 KB] FactPairs: 474
[t=0.0229718s, 13700 KB] Bytes per state: 32
[t=0.0229718s, 13700 KB] Conducting best first search without reopening closed nodes, (real) bound = 2147483647
[t=0.0229718s, 13700 KB] New best heuristic value for ff(transform=adapt_costs(cost_type=normal)): 329
[t=0.0229718s, 13700 KB] g=0, 1 evaluated, 0 expanded
[t=0.0229718s, 13700 KB] Initial heuristic value for ff(transform=adapt_costs(cost_type=normal)): 329
[t=0.0229718s, 13700 KB] pruning method: none
[t=0.0229718s, 13700 KB] New best heuristic value for ff(transform=adapt_costs(cost_type=normal)): 324
[t=0.0229718s, 13700 KB] g=5, 2 evaluated, 1 expanded
[t=0.0269715s, 13700 KB] New best heuristic value for ff(transform=adapt_costs(cost_type=normal)): 294
[t=0.0269715s, 13700 KB] g=35, 11 evaluated, 2 expanded
[t=0.0269715s, 13700 KB] New best heuristic value for ff(transform=adapt_costs(cost_type=normal)): 289
[t=0.0269715s, 13700 KB] g=40, 20 evaluated, 3 expanded
[t=0.0269715s, 13700 KB] New best heuristic value for ff(transform=adapt_costs(cost_type=normal)): 277
[t=0.0269715s, 13700 KB] g=65, 22 evaluated, 3 expanded
[t=0.0269715s, 13700 KB] New best heuristic value for ff(transform=adapt_costs(cost_type=normal)): 264
[t=0.0269715s, 13700 KB] g=55, 23 evaluated, 3 expanded
[t=0.0269715s, 13700 KB] New best heuristic value for ff(transform=adapt_costs(cost_type=normal)): 259
[t=0.0269715s, 13700 KB] g=60, 31 evaluated, 4 expanded
[t=0.0269715s, 13700 KB] New best heuristic value for ff(transform=adapt_costs(cost_type=normal)): 258
[t=0.0269715s, 13700 KB] g=65, 32 evaluated, 4 expanded
[t=0.0309811s, 13700 KB] New best heuristic value for ff(transform=adapt_costs(cost_type=normal)): 255
[t=0.0309811s, 13700 KB] g=68, 44 evaluated, 5 expanded
[t=0.0309811s, 13700 KB] New best heuristic value for ff(transform=adapt_costs(cost_type=normal)): 253
[t=0.0309811s, 13700 KB] g=80, 56 evaluated, 6 expanded
[t=0.0309811s, 13700 KB] New best heuristic value for ff(transform=adapt_costs(cost_type=normal)): 235
[t=0.0309811s, 13700 KB] g=98, 63 evaluated, 7 expanded
[t=0.0349633s, 13700 KB] New best heuristic value for ff(transform=adapt_costs(cost_type=normal)): 233
[t=0.0349633s, 13700 KB] g=100, 85 evaluated, 8 expanded
[t=0.0349633s, 13700 KB] New best heuristic value for ff(transform=adapt_costs(cost_type=normal)): 221
[t=0.0349633s, 13700 KB] g=112, 100 evaluated, 9 expanded
[t=0.0389632s, 13700 KB] New best heuristic value for ff(transform=adapt_costs(cost_type=normal)): 220
[t=0.0389632s, 13700 KB] g=113, 117 evaluated, 10 expanded
[t=0.042967s, 13700 KB] New best heuristic value for ff(transform=adapt_costs(cost_type=normal)): 214
[t=0.042967s, 13700 KB] g=119, 136 evaluated, 11 expanded
[t=0.042967s, 13700 KB] New best heuristic value for ff(transform=adapt_costs(cost_type=normal)): 213
[t=0.042967s, 13700 KB] g=135, 167 evaluated, 12 expanded
[t=0.0469563s, 13700 KB] New best heuristic value for ff(transform=adapt_costs(cost_type=normal)): 212
[t=0.0469563s, 13700 KB] g=160, 191 evaluated, 13 expanded
[t=0.0509615s, 13700 KB] New best heuristic value for ff(transform=adapt_costs(cost_type=normal)): 208
[t=0.0509615s, 13700 KB] g=164, 219 evaluated, 15 expanded
[t=0.0549516s, 13700 KB] New best heuristic value for ff(transform=adapt_costs(cost_type=normal)): 205
[t=0.0549516s, 13700 KB] g=172, 226 evaluated, 15 expanded
[t=0.0589556s, 13700 KB] New best heuristic value for ff(transform=adapt_costs(cost_type=normal)): 199
[t=0.0589556s, 13700 KB] g=178, 253 evaluated, 16 expanded
[t=0.0629432s, 13700 KB] New best heuristic value for ff(transform=adapt_costs(cost_type=normal)): 197
[t=0.0629432s, 13700 KB] g=201, 287 evaluated, 17 expanded
[t=0.0669442s, 13700 KB] New best heuristic value for ff(transform=adapt_costs(cost_type=normal)): 185
[t=0.0669442s, 13700 KB] g=213, 311 evaluated, 18 expanded
[t=0.35083s, 13700 KB] New best heuristic value for ff(transform=adapt_costs(cost_type=normal)): 171
[t=0.35083s, 13700 KB] g=245, 2543 evaluated, 137 expanded
[t=0.378812s, 13700 KB] New best heuristic value for ff(transform=adapt_costs(cost_type=normal)): 165
[t=0.378812s, 13700 KB] g=251, 2749 evaluated, 145 expanded
[t=0.382806s, 13700 KB] New best heuristic value for ff(transform=adapt_costs(cost_type=normal)): 164
[t=0.382806s, 13700 KB] g=252, 2779 evaluated, 146 expanded
[t=3.40975s, 15048 KB] New best heuristic value for ff(transform=adapt_costs(cost_type=normal)): 163
[t=3.40975s, 15048 KB] g=287, 26533 evaluated, 1598 expanded
Peak memory: 1139852 KB
caught signal 24 -- exiting
Time limit has been reached.
Remove intermediate file output.sas
search exit code: 23

Driver aborting after search
INFO     Planner time: 1798.18s
