INFO     planner time limit: 1800s
INFO     planner memory limit: 2048 MB

INFO     Running translator.
INFO     translator stdin: None
INFO     translator time limit: 1799s
INFO     translator memory limit: 2048 MB
INFO     translator command line string: /home/henry/Documents/UFRGS/TCC/downward/.venv/bin/python /home/henry/Documents/UFRGS/TCC/downward/experiments/lab/data/main/code-5bb2ccb6957559b6969ffd7e29254c73f84d5e49_e5e41175/builds/release/bin/translate/translate.py domain.pddl problem.pddl --sas-file output.sas
Parsing...
Parsing: [0.130s CPU, 0.129s wall-clock]
Normalizing task... [0.020s CPU, 0.015s wall-clock]
Instantiating...
Generating Datalog program... [0.010s CPU, 0.016s wall-clock]
Normalizing Datalog program...
Normalizing Datalog program: [0.120s CPU, 0.119s wall-clock]
Preparing model... [0.080s CPU, 0.079s wall-clock]
Generated 6310 rules.
Computing model... [7.450s CPU, 7.462s wall-clock]
402608 relevant atoms
526119 auxiliary atoms
928727 final queue length
1494188 total queue pushes
Completing instantiation... [10.990s CPU, 11.004s wall-clock]
Instantiating: [18.910s CPU, 18.936s wall-clock]
Computing fact groups...
Finding invariants...
1272 initial candidates
Finding invariants: [16.250s CPU, 16.259s wall-clock]
Checking invariant weight... [0.000s CPU, 0.000s wall-clock]
Instantiating groups... [0.000s CPU, 0.000s wall-clock]
Collecting mutex groups... [0.000s CPU, 0.001s wall-clock]
Choosing groups...
6931 uncovered facts
Choosing groups: [0.000s CPU, 0.002s wall-clock]
Building translation key... [0.010s CPU, 0.014s wall-clock]
Computing fact groups: [16.310s CPU, 16.321s wall-clock]
Building STRIPS to SAS dictionary... [0.010s CPU, 0.004s wall-clock]
Building dictionary for full mutex groups... [0.000s CPU, 0.004s wall-clock]
Building mutex information...
Building mutex information: [0.010s CPU, 0.003s wall-clock]
Translating task...
Processing axioms...
Simplifying axioms... [0.000s CPU, 0.000s wall-clock]
Translator axioms removed by simplifying: 0
Computing negative axioms... [0.000s CPU, 0.000s wall-clock]
Processing axioms: [0.440s CPU, 0.442s wall-clock]
Translating task: [14.360s CPU, 14.377s wall-clock]
604360 effect conditions simplified
0 implied preconditions added
Detecting unreachable propositions...
946 operators removed
0 axioms removed
46 propositions removed
Detecting unreachable propositions: [7.060s CPU, 7.058s wall-clock]
Reordering and filtering variables...
6375 of 6908 variables necessary.
0 of 0 mutex groups necessary.
382881 of 385583 operators necessary.
0 of 0 axiom rules necessary.
Reordering and filtering variables: [11.780s CPU, 11.785s wall-clock]
Translator variables: 6375
Translator derived variables: 0
Translator facts: 12750
Translator goal facts: 12
Translator mutex groups: 0
Translator total mutex groups size: 0
Translator operators: 382881
Translator axioms: 0
Translator task size: 2644350
Translator peak memory: 1503128 KB
Writing output... [2.140s CPU, 2.138s wall-clock]
Done! [71.220s CPU, 71.268s wall-clock]
translate exit code: 0

INFO     Running search (release).
INFO     search stdin: output.sas
INFO     search time limit: 1728s
INFO     search memory limit: 2048 MB
INFO     search command line string: /home/henry/Documents/UFRGS/TCC/downward/experiments/lab/data/main/code-5bb2ccb6957559b6969ffd7e29254c73f84d5e49_e5e41175/builds/release/bin/downward --search 'eager_greedy([operatorcounting(constraint_generators=[pho_constraints(patterns=systematic(2))], use_integer_operator_counts=true, transform=adapt_costs(cost_type=NORMAL))])' --internal-plan-file sas_plan < output.sas
[t=0s, 10544 KB] reading input...
[t=1.51858s, 133240 KB] done reading input!
Peak memory: 133636 KB
Remove intermediate file output.sas
search exit code: 32

Driver aborting after search
INFO     Planner time: 73.01s
