INFO     planner time limit: 1800s
INFO     planner memory limit: 2048 MB

INFO     Running translator.
INFO     translator stdin: None
INFO     translator time limit: 1799s
INFO     translator memory limit: 2048 MB
INFO     translator command line string: /home/henry/Documents/UFRGS/TCC/downward/.venv/bin/python /home/henry/Documents/UFRGS/TCC/downward/experiments/lab/data/main/code-5bb2ccb6957559b6969ffd7e29254c73f84d5e49_e5e41175/builds/release/bin/translate/translate.py domain.pddl problem.pddl --sas-file output.sas
Parsing...
Parsing: [0.150s CPU, 0.142s wall-clock]
Normalizing task... [0.010s CPU, 0.017s wall-clock]
Instantiating...
Generating Datalog program... [0.020s CPU, 0.019s wall-clock]
Normalizing Datalog program...
Normalizing Datalog program: [0.130s CPU, 0.126s wall-clock]
Preparing model... [0.090s CPU, 0.097s wall-clock]
Generated 6310 rules.
Computing model... [5.140s CPU, 5.146s wall-clock]
157560 relevant atoms
394770 auxiliary atoms
552330 final queue length
787924 total queue pushes
Completing instantiation... [5.350s CPU, 5.350s wall-clock]
Instantiating: [10.910s CPU, 10.920s wall-clock]
Computing fact groups...
Finding invariants...
1272 initial candidates
Finding invariants: [16.520s CPU, 16.539s wall-clock]
Checking invariant weight... [0.000s CPU, 0.000s wall-clock]
Instantiating groups... [0.000s CPU, 0.000s wall-clock]
Collecting mutex groups... [0.000s CPU, 0.001s wall-clock]
Choosing groups...
3570 uncovered facts
Choosing groups: [0.000s CPU, 0.000s wall-clock]
Building translation key... [0.010s CPU, 0.011s wall-clock]
Computing fact groups: [16.550s CPU, 16.574s wall-clock]
Building STRIPS to SAS dictionary... [0.000s CPU, 0.003s wall-clock]
Building dictionary for full mutex groups... [0.010s CPU, 0.003s wall-clock]
Building mutex information...
Building mutex information: [0.000s CPU, 0.002s wall-clock]
Translating task...
Processing axioms...
Simplifying axioms... [0.000s CPU, 0.000s wall-clock]
Translator axioms removed by simplifying: 0
Computing negative axioms... [0.000s CPU, 0.000s wall-clock]
Processing axioms: [0.190s CPU, 0.190s wall-clock]
Translating task: [5.940s CPU, 5.943s wall-clock]
218607 effect conditions simplified
0 implied preconditions added
Detecting unreachable propositions...
357 operators removed
0 axioms removed
46 propositions removed
Detecting unreachable propositions: [3.480s CPU, 3.483s wall-clock]
Reordering and filtering variables...
3320 of 3547 variables necessary.
0 of 0 mutex groups necessary.
142867 of 149165 operators necessary.
0 of 0 axiom rules necessary.
Reordering and filtering variables: [2.600s CPU, 2.599s wall-clock]
Translator variables: 3320
Translator derived variables: 0
Translator facts: 6640
Translator goal facts: 77
Translator mutex groups: 0
Translator total mutex groups size: 0
Translator operators: 142867
Translator axioms: 0
Translator task size: 969163
Translator peak memory: 614436 KB
Writing output... [0.840s CPU, 0.835s wall-clock]
Done! [40.750s CPU, 40.785s wall-clock]
translate exit code: 0

INFO     Running search (release).
INFO     search stdin: output.sas
INFO     search time limit: 1759s
INFO     search memory limit: 2048 MB
INFO     search command line string: /home/henry/Documents/UFRGS/TCC/downward/experiments/lab/data/main/code-5bb2ccb6957559b6969ffd7e29254c73f84d5e49_e5e41175/builds/release/bin/downward --search 'eager_greedy([operatorcounting(constraint_generators=[pho_constraints(patterns=systematic(2))], use_integer_operator_counts=false, transform=adapt_costs(cost_type=NORMAL))])' --internal-plan-file sas_plan < output.sas
[t=0s, 45596 KB] reading input...
[t=0.535439s, 90644 KB] done reading input!
[t=0.54512s, 103332 KB] Generating patterns using: systematic pattern collection generator
[t=0.54512s, 103332 KB] building causal graph...done! [t=0.387505s]
[t=1.15631s, 155672 KB] Found 3245 SGA patterns.
[t=1.34814s, 155672 KB] Found 3246 interesting patterns.
[t=1.34814s, 155672 KB] systematic pattern collection generator number of patterns: 3246
[t=1.34814s, 155672 KB] systematic pattern collection generator total PDB size: 12830
[t=1.34814s, 155672 KB] systematic pattern collection generator computation time: 0.803024s
[t=1.34814s, 155672 KB] Computing PDBs for pattern collection...
[t=83.5019s, 155672 KB] Done computing PDBs for pattern collection: 82.1538s
[t=106.579s, 1262520 KB] Building successor generator...done!
[t=106.643s, 1262520 KB] peak memory difference for successor generator creation: 0 KB
[t=106.643s, 1262520 KB] time for successor generation creation: 0.0638824s
[t=106.643s, 1262520 KB] Variables: 3320
[t=106.643s, 1262520 KB] FactPairs: 6640
[t=106.643s, 1262520 KB] Bytes per state: 416
[t=106.643s, 1262520 KB] Conducting best first search without reopening closed nodes, (real) bound = 2147483647
[t=108.708s, 1753708 KB] New best heuristic value for operatorcounting(constraint_generators=[pho_constraints(patterns=systematic(2))],use_integer_operator_counts=false,transform=adapt_costs(cost_type=normal)): 4
[t=108.708s, 1753708 KB] g=0, 1 evaluated, 0 expanded
[t=108.708s, 1753708 KB] Initial heuristic value for operatorcounting(constraint_generators=[pho_constraints(patterns=systematic(2))],use_integer_operator_counts=false,transform=adapt_costs(cost_type=normal)): 4
[t=108.708s, 1753708 KB] pruning method: none
Peak memory: 1753708 KB
caught signal 24 -- exiting
Time limit has been reached.
Remove intermediate file output.sas
search exit code: 23

Driver aborting after search
INFO     Planner time: 1793.50s
