INFO     planner time limit: 1800s
INFO     planner memory limit: 2048 MB

INFO     Running translator.
INFO     translator stdin: None
INFO     translator time limit: 1799s
INFO     translator memory limit: 2048 MB
INFO     translator command line string: /home/henry/Documents/UFRGS/TCC/downward/.venv/bin/python /home/henry/Documents/UFRGS/TCC/downward/experiments/lab/data/main/code-5bb2ccb6957559b6969ffd7e29254c73f84d5e49_e5e41175/builds/release/bin/translate/translate.py domain.pddl problem.pddl --sas-file output.sas
Parsing...
Parsing: [0.000s CPU, 0.005s wall-clock]
Normalizing task... [0.000s CPU, 0.000s wall-clock]
Instantiating...
Generating Datalog program... [0.010s CPU, 0.001s wall-clock]
Normalizing Datalog program...
Normalizing Datalog program: [0.000s CPU, 0.008s wall-clock]
Preparing model... [0.010s CPU, 0.004s wall-clock]
Generated 284 rules.
Computing model... [0.180s CPU, 0.188s wall-clock]
10638 relevant atoms
20166 auxiliary atoms
30804 final queue length
68287 total queue pushes
Completing instantiation... [0.480s CPU, 0.483s wall-clock]
Instantiating: [0.690s CPU, 0.692s wall-clock]
Computing fact groups...
Finding invariants...
22 initial candidates
Finding invariants: [0.020s CPU, 0.016s wall-clock]
Checking invariant weight... [0.000s CPU, 0.000s wall-clock]
Instantiating groups... [0.000s CPU, 0.006s wall-clock]
Collecting mutex groups... [0.000s CPU, 0.000s wall-clock]
Choosing groups...
327 uncovered facts
Choosing groups: [0.000s CPU, 0.001s wall-clock]
Building translation key... [0.000s CPU, 0.001s wall-clock]
Computing fact groups: [0.030s CPU, 0.028s wall-clock]
Building STRIPS to SAS dictionary... [0.000s CPU, 0.000s wall-clock]
Building dictionary for full mutex groups... [0.000s CPU, 0.001s wall-clock]
Building mutex information...
Building mutex information: [0.000s CPU, 0.001s wall-clock]
Translating task...
Processing axioms...
Simplifying axioms... [0.000s CPU, 0.000s wall-clock]
Translator axioms removed by simplifying: 0
Computing negative axioms... [0.000s CPU, 0.000s wall-clock]
Processing axioms: [0.020s CPU, 0.023s wall-clock]
Translating task: [0.640s CPU, 0.643s wall-clock]
8910 effect conditions simplified
0 implied preconditions added
Detecting unreachable propositions...
0 operators removed
0 axioms removed
1 propositions removed
Detecting unreachable propositions: [0.320s CPU, 0.313s wall-clock]
Reordering and filtering variables...
343 of 353 variables necessary.
68 of 94 mutex groups necessary.
9457 of 9461 operators necessary.
0 of 0 axiom rules necessary.
Reordering and filtering variables: [0.100s CPU, 0.110s wall-clock]
Translator variables: 343
Translator derived variables: 0
Translator facts: 1014
Translator goal facts: 4
Translator mutex groups: 68
Translator total mutex groups size: 873
Translator operators: 9457
Translator axioms: 0
Translator task size: 101667
Translator peak memory: 93740 KB
Writing output... [0.070s CPU, 0.070s wall-clock]
Done! [1.890s CPU, 1.893s wall-clock]
translate exit code: 0

INFO     Running search (release).
INFO     search stdin: output.sas
INFO     search time limit: 1798s
INFO     search memory limit: 2048 MB
INFO     search command line string: /home/henry/Documents/UFRGS/TCC/downward/experiments/lab/data/main/code-5bb2ccb6957559b6969ffd7e29254c73f84d5e49_e5e41175/builds/release/bin/downward --search 'eager_greedy([operatorcounting(constraint_generators=[pho_constraints(patterns=systematic(4))], use_integer_operator_counts=true, transform=adapt_costs(cost_type=NORMAL))])' --internal-plan-file sas_plan < output.sas
[t=0s, 45596 KB] reading input...
[t=0.0439588s, 49652 KB] done reading input!
[t=0.0483303s, 50800 KB] Generating patterns using: systematic pattern collection generator
[t=0.0483303s, 50800 KB] building causal graph...done! [t=0.0199818s]
[t=0.11224s, 63600 KB] Found 48727 SGA patterns.
[t=0.539868s, 63600 KB] Found 48797 interesting patterns.
[t=0.571834s, 63600 KB] systematic pattern collection generator number of patterns: 48797
[t=0.571834s, 63600 KB] systematic pattern collection generator total PDB size: 35334840
[t=0.575846s, 63600 KB] systematic pattern collection generator computation time: 0.523503s
[t=0.575846s, 63600 KB] Computing PDBs for pattern collection...
[t=132.233s, 210268 KB] Done computing PDBs for pattern collection: 131.657s
Failed to allocate memory.
Memory limit has been reached.
Peak memory: 2097136 KB
Remove intermediate file output.sas
search exit code: 22

Driver aborting after search
INFO     Planner time: 150.27s
