INFO     planner time limit: 1800s
INFO     planner memory limit: 2048 MB

INFO     Running translator.
INFO     translator stdin: None
INFO     translator time limit: 1799s
INFO     translator memory limit: 2048 MB
INFO     translator command line string: /home/henry/Documents/UFRGS/TCC/downward/.venv/bin/python /home/henry/Documents/UFRGS/TCC/downward/experiments/lab/data/main/code-5bb2ccb6957559b6969ffd7e29254c73f84d5e49_e5e41175/builds/release/bin/translate/translate.py domain.pddl problem.pddl --sas-file output.sas
Parsing...
Parsing: [0.140s CPU, 0.145s wall-clock]
Normalizing task... [0.020s CPU, 0.022s wall-clock]
Instantiating...
Generating Datalog program... [0.020s CPU, 0.018s wall-clock]
Normalizing Datalog program...
Normalizing Datalog program: [0.140s CPU, 0.143s wall-clock]
Preparing model... [0.110s CPU, 0.111s wall-clock]
Generated 6310 rules.
Computing model... [3.060s CPU, 3.061s wall-clock]
86585 relevant atoms
214386 auxiliary atoms
300971 final queue length
432618 total queue pushes
Completing instantiation... [3.160s CPU, 3.173s wall-clock]
Instantiating: [6.620s CPU, 6.634s wall-clock]
Computing fact groups...
Finding invariants...
1272 initial candidates
Finding invariants: [15.620s CPU, 15.635s wall-clock]
Checking invariant weight... [0.000s CPU, 0.000s wall-clock]
Instantiating groups... [0.000s CPU, 0.000s wall-clock]
Collecting mutex groups... [0.000s CPU, 0.001s wall-clock]
Choosing groups...
2510 uncovered facts
Choosing groups: [0.000s CPU, 0.000s wall-clock]
Building translation key... [0.000s CPU, 0.006s wall-clock]
Computing fact groups: [15.640s CPU, 15.656s wall-clock]
Building STRIPS to SAS dictionary... [0.000s CPU, 0.003s wall-clock]
Building dictionary for full mutex groups... [0.010s CPU, 0.003s wall-clock]
Building mutex information...
Building mutex information: [0.000s CPU, 0.001s wall-clock]
Translating task...
Processing axioms...
Simplifying axioms... [0.000s CPU, 0.000s wall-clock]
Translator axioms removed by simplifying: 0
Computing negative axioms... [0.000s CPU, 0.000s wall-clock]
Processing axioms: [0.140s CPU, 0.146s wall-clock]
Translating task: [3.280s CPU, 3.283s wall-clock]
125214 effect conditions simplified
0 implied preconditions added
Detecting unreachable propositions...
845 operators removed
0 axioms removed
32 propositions removed
Detecting unreachable propositions: [2.830s CPU, 2.840s wall-clock]
Reordering and filtering variables...
2425 of 2494 variables necessary.
0 of 0 mutex groups necessary.
78320 of 80164 operators necessary.
0 of 0 axiom rules necessary.
Reordering and filtering variables: [1.330s CPU, 1.329s wall-clock]
Translator variables: 2425
Translator derived variables: 0
Translator facts: 4850
Translator goal facts: 69
Translator mutex groups: 0
Translator total mutex groups size: 0
Translator operators: 78320
Translator axioms: 0
Translator task size: 542816
Translator peak memory: 416576 KB
Writing output... [0.450s CPU, 0.441s wall-clock]
Done! [30.460s CPU, 30.503s wall-clock]
translate exit code: 0

INFO     Running search (release).
INFO     search stdin: output.sas
INFO     search time limit: 1769s
INFO     search memory limit: 2048 MB
INFO     search command line string: /home/henry/Documents/UFRGS/TCC/downward/experiments/lab/data/main/code-5bb2ccb6957559b6969ffd7e29254c73f84d5e49_e5e41175/builds/release/bin/downward --search 'eager_greedy([operatorcounting(constraint_generators=[pho_constraints(patterns=systematic(2))], use_integer_operator_counts=false, transform=adapt_costs(cost_type=NORMAL))])' --internal-plan-file sas_plan < output.sas
[t=0s, 45596 KB] reading input...
[t=0.291711s, 70584 KB] done reading input!
[t=0.299481s, 77128 KB] Generating patterns using: systematic pattern collection generator
[t=0.299481s, 77128 KB] building causal graph...done! [t=0.255676s]
[t=0.714929s, 113456 KB] Found 2787 SGA patterns.
[t=0.858832s, 113456 KB] Found 2787 interesting patterns.
[t=0.858832s, 113456 KB] systematic pattern collection generator number of patterns: 2787
[t=0.858832s, 113456 KB] systematic pattern collection generator total PDB size: 11010
[t=0.858832s, 113456 KB] systematic pattern collection generator computation time: 0.559352s
[t=0.858832s, 113456 KB] Computing PDBs for pattern collection...
[t=36.8633s, 113456 KB] Done computing PDBs for pattern collection: 36.0045s
[t=47.3999s, 430824 KB] Building successor generator...done!
[t=47.4318s, 430824 KB] peak memory difference for successor generator creation: 0 KB
[t=47.4318s, 430824 KB] time for successor generation creation: 0.0319653s
[t=47.4318s, 430824 KB] Variables: 2425
[t=47.4318s, 430824 KB] FactPairs: 4850
[t=47.4318s, 430824 KB] Bytes per state: 304
[t=47.4318s, 430824 KB] Conducting best first search without reopening closed nodes, (real) bound = 2147483647
[t=47.967s, 580232 KB] New best heuristic value for operatorcounting(constraint_generators=[pho_constraints(patterns=systematic(2))],use_integer_operator_counts=false,transform=adapt_costs(cost_type=normal)): 11
[t=47.967s, 580232 KB] g=0, 1 evaluated, 0 expanded
[t=47.967s, 580232 KB] Initial heuristic value for operatorcounting(constraint_generators=[pho_constraints(patterns=systematic(2))],use_integer_operator_counts=false,transform=adapt_costs(cost_type=normal)): 11
[t=47.967s, 580232 KB] pruning method: none
Peak memory: 580232 KB
caught signal 24 -- exiting
Time limit has been reached.
Remove intermediate file output.sas
search exit code: 23

Driver aborting after search
INFO     Planner time: 1792.61s
