INFO     planner time limit: 1800s
INFO     planner memory limit: 2048 MB

INFO     Running translator.
INFO     translator stdin: None
INFO     translator time limit: 1799s
INFO     translator memory limit: 2048 MB
INFO     translator command line string: /home/henry/Documents/UFRGS/TCC/downward/.venv/bin/python /home/henry/Documents/UFRGS/TCC/downward/experiments/lab/data/main/code-5bb2ccb6957559b6969ffd7e29254c73f84d5e49_e5e41175/builds/release/bin/translate/translate.py domain.pddl problem.pddl --sas-file output.sas
Parsing...
Parsing: [0.060s CPU, 0.062s wall-clock]
Normalizing task... [0.010s CPU, 0.007s wall-clock]
Instantiating...
Generating Datalog program... [0.010s CPU, 0.012s wall-clock]
Normalizing Datalog program...
Normalizing Datalog program: [0.040s CPU, 0.044s wall-clock]
Preparing model... [0.060s CPU, 0.053s wall-clock]
Generated 1852 rules.
Computing model... [3.320s CPU, 3.326s wall-clock]
112085 relevant atoms
160312 auxiliary atoms
272397 final queue length
483537 total queue pushes
Completing instantiation... [6.100s CPU, 6.112s wall-clock]
Instantiating: [9.670s CPU, 9.691s wall-clock]
Computing fact groups...
Finding invariants...
10 initial candidates
Finding invariants: [0.080s CPU, 0.085s wall-clock]
Checking invariant weight... [0.010s CPU, 0.006s wall-clock]
Instantiating groups... [0.000s CPU, 0.003s wall-clock]
Collecting mutex groups... [0.000s CPU, 0.001s wall-clock]
Choosing groups...
230 uncovered facts
Choosing groups: [0.000s CPU, 0.003s wall-clock]
Building translation key... [0.000s CPU, 0.001s wall-clock]
Computing fact groups: [0.110s CPU, 0.106s wall-clock]
Building STRIPS to SAS dictionary... [0.000s CPU, 0.001s wall-clock]
Building dictionary for full mutex groups... [0.000s CPU, 0.001s wall-clock]
Building mutex information...
Building mutex information: [0.000s CPU, 0.001s wall-clock]
Translating task...
Processing axioms...
Simplifying axioms... [0.000s CPU, 0.000s wall-clock]
Translator axioms removed by simplifying: 0
Computing negative axioms... [0.000s CPU, 0.000s wall-clock]
Processing axioms: [0.230s CPU, 0.231s wall-clock]
Translating task: [4.540s CPU, 4.547s wall-clock]
0 effect conditions simplified
0 implied preconditions added
Detecting unreachable propositions...
0 operators removed
0 axioms removed
231 propositions removed
Detecting unreachable propositions: [2.890s CPU, 2.889s wall-clock]
Reordering and filtering variables...
461 of 461 variables necessary.
0 of 461 mutex groups necessary.
106260 of 106260 operators necessary.
0 of 0 axiom rules necessary.
Reordering and filtering variables: [0.590s CPU, 0.591s wall-clock]
Translator variables: 461
Translator derived variables: 0
Translator facts: 1381
Translator goal facts: 230
Translator mutex groups: 0
Translator total mutex groups size: 0
Translator operators: 106260
Translator axioms: 0
Translator task size: 1079922
Translator peak memory: 593868 KB
Writing output... [0.650s CPU, 0.654s wall-clock]
Done! [18.760s CPU, 18.793s wall-clock]
translate exit code: 0

INFO     Running search (release).
INFO     search stdin: output.sas
INFO     search time limit: 1781s
INFO     search memory limit: 2048 MB
INFO     search command line string: /home/henry/Documents/UFRGS/TCC/downward/experiments/lab/data/main/code-5bb2ccb6957559b6969ffd7e29254c73f84d5e49_e5e41175/builds/release/bin/downward --search 'eager_greedy([operatorcounting(constraint_generators=[pho_constraints(patterns=systematic(4))], use_integer_operator_counts=false, transform=adapt_costs(cost_type=NORMAL))])' --internal-plan-file sas_plan < output.sas
[t=0s, 45596 KB] reading input...
[t=0.423338s, 79980 KB] done reading input!
[t=0.426273s, 86600 KB] Generating patterns using: systematic pattern collection generator
[t=0.426273s, 86600 KB] building causal graph...done! [t=0.0439174s]
Failed to allocate memory.
Memory limit has been reached.
Peak memory: 2097044 KB
Remove intermediate file output.sas
search exit code: 22

Driver aborting after search
INFO     Planner time: 40.21s
