INFO     planner time limit: 1800s
INFO     planner memory limit: 2048 MB

INFO     Running translator.
INFO     translator stdin: None
INFO     translator time limit: 1799s
INFO     translator memory limit: 2048 MB
INFO     translator command line string: /home/henry/Documents/UFRGS/TCC/downward/.venv/bin/python /home/henry/Documents/UFRGS/TCC/downward/experiments/lab/data/main/code-5bb2ccb6957559b6969ffd7e29254c73f84d5e49_e5e41175/builds/release/bin/translate/translate.py domain.pddl problem.pddl --sas-file output.sas
Parsing...
Parsing: [0.000s CPU, 0.003s wall-clock]
Normalizing task... [0.000s CPU, 0.000s wall-clock]
Instantiating...
Generating Datalog program... [0.000s CPU, 0.001s wall-clock]
Normalizing Datalog program...
Normalizing Datalog program: [0.000s CPU, 0.001s wall-clock]
Preparing model... [0.010s CPU, 0.002s wall-clock]
Generated 26 rules.
Computing model... [0.230s CPU, 0.232s wall-clock]
28095 relevant atoms
21144 auxiliary atoms
49239 final queue length
100703 total queue pushes
Completing instantiation... [1.050s CPU, 1.053s wall-clock]
Instantiating: [1.300s CPU, 1.299s wall-clock]
Computing fact groups...
Finding invariants...
9 initial candidates
Finding invariants: [0.010s CPU, 0.011s wall-clock]
Checking invariant weight... [0.000s CPU, 0.000s wall-clock]
Instantiating groups... [0.000s CPU, 0.003s wall-clock]
Collecting mutex groups... [0.000s CPU, 0.001s wall-clock]
Choosing groups...
0 uncovered facts
Choosing groups: [0.000s CPU, 0.001s wall-clock]
Building translation key... [0.000s CPU, 0.001s wall-clock]
Computing fact groups: [0.020s CPU, 0.021s wall-clock]
Building STRIPS to SAS dictionary... [0.000s CPU, 0.000s wall-clock]
Building dictionary for full mutex groups... [0.000s CPU, 0.000s wall-clock]
Building mutex information...
Building mutex information: [0.000s CPU, 0.000s wall-clock]
Translating task...
Processing axioms...
Simplifying axioms... [0.000s CPU, 0.000s wall-clock]
Translator axioms removed by simplifying: 0
Computing negative axioms... [0.000s CPU, 0.000s wall-clock]
Processing axioms: [0.040s CPU, 0.040s wall-clock]
Translating task: [0.730s CPU, 0.739s wall-clock]
0 effect conditions simplified
0 implied preconditions added
Detecting unreachable propositions...
0 operators removed
0 axioms removed
26 propositions removed
Detecting unreachable propositions: [0.510s CPU, 0.498s wall-clock]
Reordering and filtering variables...
26 of 26 variables necessary.
0 of 26 mutex groups necessary.
26600 of 26600 operators necessary.
0 of 0 axiom rules necessary.
Reordering and filtering variables: [0.080s CPU, 0.085s wall-clock]
Translator variables: 26
Translator derived variables: 0
Translator facts: 1082
Translator goal facts: 18
Translator mutex groups: 0
Translator total mutex groups size: 0
Translator operators: 26600
Translator axioms: 0
Translator task size: 158686
Translator peak memory: 137792 KB
Writing output... [0.110s CPU, 0.112s wall-clock]
Done! [2.800s CPU, 2.804s wall-clock]
translate exit code: 0

INFO     Running search (release).
INFO     search stdin: output.sas
INFO     search time limit: 1797s
INFO     search memory limit: 2048 MB
INFO     search command line string: /home/henry/Documents/UFRGS/TCC/downward/experiments/lab/data/main/code-5bb2ccb6957559b6969ffd7e29254c73f84d5e49_e5e41175/builds/release/bin/downward --search 'eager_greedy([operatorcounting(constraint_generators=[pho_constraints(patterns=systematic(2))], use_integer_operator_counts=true, transform=adapt_costs(cost_type=ONE))])' --internal-plan-file sas_plan < output.sas
[t=0s, 45596 KB] reading input...
[t=0.0837467s, 53640 KB] done reading input!
[t=0.0866034s, 55524 KB] Generating patterns using: systematic pattern collection generator
[t=0.0866034s, 55524 KB] building causal graph...done! [t=0.00799046s]
[t=0.0945939s, 55524 KB] Found 162 SGA patterns.
[t=0.0945939s, 55524 KB] Found 162 interesting patterns.
[t=0.0945939s, 55524 KB] systematic pattern collection generator number of patterns: 162
[t=0.0945939s, 55524 KB] systematic pattern collection generator total PDB size: 177282
[t=0.0945939s, 55524 KB] systematic pattern collection generator computation time: 0.00799046s
[t=0.0945939s, 55524 KB] Computing PDBs for pattern collection...
[t=0.865764s, 56404 KB] Done computing PDBs for pattern collection: 0.77117s
[t=0.961642s, 83408 KB] Building successor generator...done!
[t=0.973626s, 83408 KB] peak memory difference for successor generator creation: 0 KB
[t=0.973626s, 83408 KB] time for successor generation creation: 0.0079744s
[t=0.973626s, 83408 KB] Variables: 26
[t=0.973626s, 83408 KB] FactPairs: 1082
[t=0.973626s, 83408 KB] Bytes per state: 20
[t=0.973626s, 83408 KB] Conducting best first search without reopening closed nodes, (real) bound = 2147483647
[t=1.02956s, 110340 KB] New best heuristic value for operatorcounting(constraint_generators=[pho_constraints(patterns=systematic(2))],use_integer_operator_counts=true,transform=adapt_costs(cost_type=one)): 36
[t=1.02956s, 110340 KB] g=0, 1 evaluated, 0 expanded
[t=1.02956s, 110340 KB] Initial heuristic value for operatorcounting(constraint_generators=[pho_constraints(patterns=systematic(2))],use_integer_operator_counts=true,transform=adapt_costs(cost_type=one)): 36
[t=1.02956s, 110340 KB] pruning method: none
[t=52.4638s, 134576 KB] New best heuristic value for operatorcounting(constraint_generators=[pho_constraints(patterns=systematic(2))],use_integer_operator_counts=true,transform=adapt_costs(cost_type=one)): 35
[t=52.4638s, 134576 KB] g=46, 1246 evaluated, 195 expanded
[t=53.2301s, 134576 KB] New best heuristic value for operatorcounting(constraint_generators=[pho_constraints(patterns=systematic(2))],use_integer_operator_counts=true,transform=adapt_costs(cost_type=one)): 34
[t=53.2301s, 134576 KB] g=47, 1266 evaluated, 196 expanded
[t=67.5461s, 134576 KB] New best heuristic value for operatorcounting(constraint_generators=[pho_constraints(patterns=systematic(2))],use_integer_operator_counts=true,transform=adapt_costs(cost_type=one)): 33
[t=67.5461s, 134576 KB] g=79, 1648 evaluated, 231 expanded
[t=68.3411s, 134576 KB] New best heuristic value for operatorcounting(constraint_generators=[pho_constraints(patterns=systematic(2))],use_integer_operator_counts=true,transform=adapt_costs(cost_type=one)): 32
[t=68.3411s, 134576 KB] g=80, 1668 evaluated, 232 expanded
[t=674.793s, 135436 KB] New best heuristic value for operatorcounting(constraint_generators=[pho_constraints(patterns=systematic(2))],use_integer_operator_counts=true,transform=adapt_costs(cost_type=one)): 31
[t=674.793s, 135436 KB] g=150, 14699 evaluated, 2723 expanded
[t=675.54s, 135436 KB] New best heuristic value for operatorcounting(constraint_generators=[pho_constraints(patterns=systematic(2))],use_integer_operator_counts=true,transform=adapt_costs(cost_type=one)): 30
[t=675.54s, 135436 KB] g=151, 14721 evaluated, 2724 expanded
[t=1577.45s, 136684 KB] New best heuristic value for operatorcounting(constraint_generators=[pho_constraints(patterns=systematic(2))],use_integer_operator_counts=true,transform=adapt_costs(cost_type=one)): 29
[t=1577.45s, 136684 KB] g=218, 33290 evaluated, 6148 expanded
[t=1578.59s, 136684 KB] New best heuristic value for operatorcounting(constraint_generators=[pho_constraints(patterns=systematic(2))],use_integer_operator_counts=true,transform=adapt_costs(cost_type=one)): 28
[t=1578.59s, 136684 KB] g=219, 33315 evaluated, 6149 expanded
[t=1585.47s, 136888 KB] New best heuristic value for operatorcounting(constraint_generators=[pho_constraints(patterns=systematic(2))],use_integer_operator_counts=true,transform=adapt_costs(cost_type=one)): 27
[t=1585.47s, 136888 KB] g=237, 33528 evaluated, 6163 expanded
[t=1586.21s, 136888 KB] New best heuristic value for operatorcounting(constraint_generators=[pho_constraints(patterns=systematic(2))],use_integer_operator_counts=true,transform=adapt_costs(cost_type=one)): 26
[t=1586.21s, 136888 KB] g=238, 33551 evaluated, 6164 expanded
Peak memory: 136888 KB
caught signal 24 -- exiting
Time limit has been reached.
Remove intermediate file output.sas
search exit code: 23

Driver aborting after search
INFO     Planner time: 1796.56s
