INFO     planner time limit: 1800s
INFO     planner memory limit: 2048 MB

INFO     Running translator.
INFO     translator stdin: None
INFO     translator time limit: 1799s
INFO     translator memory limit: 2048 MB
INFO     translator command line string: /home/henry/Documents/UFRGS/TCC/downward/.venv/bin/python /home/henry/Documents/UFRGS/TCC/downward/experiments/lab/data/main/code-5bb2ccb6957559b6969ffd7e29254c73f84d5e49_e5e41175/builds/release/bin/translate/translate.py domain.pddl problem.pddl --sas-file output.sas
Parsing...
Parsing: [0.000s CPU, 0.002s wall-clock]
Normalizing task... [0.000s CPU, 0.000s wall-clock]
Instantiating...
Generating Datalog program... [0.000s CPU, 0.001s wall-clock]
Normalizing Datalog program...
Normalizing Datalog program: [0.010s CPU, 0.005s wall-clock]
Preparing model... [0.000s CPU, 0.002s wall-clock]
Generated 115 rules.
Computing model... [0.030s CPU, 0.034s wall-clock]
3296 relevant atoms
3425 auxiliary atoms
6721 final queue length
11595 total queue pushes
Completing instantiation... [0.080s CPU, 0.077s wall-clock]
Instantiating: [0.130s CPU, 0.119s wall-clock]
Computing fact groups...
Finding invariants...
24 initial candidates
Finding invariants: [0.000s CPU, 0.009s wall-clock]
Checking invariant weight... [0.000s CPU, 0.000s wall-clock]
Instantiating groups... [0.000s CPU, 0.001s wall-clock]
Collecting mutex groups... [0.000s CPU, 0.000s wall-clock]
Choosing groups...
350 uncovered facts
Choosing groups: [0.010s CPU, 0.000s wall-clock]
Building translation key... [0.000s CPU, 0.001s wall-clock]
Computing fact groups: [0.010s CPU, 0.012s wall-clock]
Building STRIPS to SAS dictionary... [0.000s CPU, 0.000s wall-clock]
Building dictionary for full mutex groups... [0.000s CPU, 0.000s wall-clock]
Building mutex information...
Building mutex information: [0.000s CPU, 0.000s wall-clock]
Translating task...
Processing axioms...
Simplifying axioms... [0.000s CPU, 0.000s wall-clock]
Translator axioms removed by simplifying: 0
Computing negative axioms... [0.000s CPU, 0.000s wall-clock]
Processing axioms: [0.000s CPU, 0.004s wall-clock]
Translating task: [0.080s CPU, 0.082s wall-clock]
3920 effect conditions simplified
0 implied preconditions added
Detecting unreachable propositions...
0 operators removed
0 axioms removed
3 propositions removed
Detecting unreachable propositions: [0.060s CPU, 0.056s wall-clock]
Reordering and filtering variables...
353 of 353 variables necessary.
16 of 19 mutex groups necessary.
2344 of 2344 operators necessary.
0 of 0 axiom rules necessary.
Reordering and filtering variables: [0.020s CPU, 0.028s wall-clock]
Translator variables: 353
Translator derived variables: 0
Translator facts: 737
Translator goal facts: 14
Translator mutex groups: 16
Translator total mutex groups size: 48
Translator operators: 2344
Translator axioms: 0
Translator task size: 22454
Translator peak memory: 45712 KB
Writing output... [0.010s CPU, 0.016s wall-clock]
Done! [0.320s CPU, 0.320s wall-clock]
translate exit code: 0

INFO     Running search (release).
INFO     search stdin: output.sas
INFO     search time limit: 1799s
INFO     search memory limit: 2048 MB
INFO     search command line string: /home/henry/Documents/UFRGS/TCC/downward/experiments/lab/data/main/code-5bb2ccb6957559b6969ffd7e29254c73f84d5e49_e5e41175/builds/release/bin/downward --search 'eager_greedy([lsh(patterns=systematic(4), transform=adapt_costs(cost_type=ONE))])' --internal-plan-file sas_plan < output.sas
[t=0s, 10544 KB] reading input...
[t=0.0105716s, 11556 KB] done reading input!
[t=0.0105716s, 11820 KB] Generating patterns using: systematic pattern collection generator
[t=0.0105716s, 11820 KB] building causal graph...done! [t=0.0040041s]
[t=0.134449s, 42696 KB] Found 123424 SGA patterns.
[t=2.0413s, 49636 KB] Found 141630 interesting patterns.
[t=2.09726s, 49636 KB] systematic pattern collection generator number of patterns: 141630
[t=2.10125s, 49636 KB] systematic pattern collection generator total PDB size: 5682288
[t=2.10526s, 49636 KB] systematic pattern collection generator computation time: 2.08669s
[t=2.10526s, 49636 KB] Computing PDBs for pattern collection...
[t=86.6666s, 85000 KB] Done computing PDBs for pattern collection: 84.5613s
[t=96.1216s, 1732488 KB] Building successor generator...done!
[t=96.1296s, 1732488 KB] peak memory difference for successor generator creation: 0 KB
[t=96.1296s, 1732488 KB] time for successor generation creation: 0.00799349s
[t=96.1296s, 1732488 KB] Variables: 353
[t=96.1296s, 1732488 KB] FactPairs: 737
[t=96.1296s, 1732488 KB] Bytes per state: 48
[t=96.1296s, 1732488 KB] Conducting best first search without reopening closed nodes, (real) bound = 2147483647
[t=96.1376s, 1732488 KB] New best heuristic value for lsh(patterns=systematic(4),transform=adapt_costs(cost_type=one)): 51
[t=96.1376s, 1732488 KB] g=0, 1 evaluated, 0 expanded
[t=96.1376s, 1732488 KB] Initial heuristic value for lsh(patterns=systematic(4),transform=adapt_costs(cost_type=one)): 51
[t=96.1376s, 1732488 KB] pruning method: none
[t=96.1496s, 1732488 KB] New best heuristic value for lsh(patterns=systematic(4),transform=adapt_costs(cost_type=one)): 48
[t=96.1496s, 1732488 KB] g=1, 2 evaluated, 1 expanded
[t=100.888s, 1732488 KB] New best heuristic value for lsh(patterns=systematic(4),transform=adapt_costs(cost_type=one)): 44
[t=100.888s, 1732488 KB] g=14, 430 evaluated, 68 expanded
[t=102.433s, 1732488 KB] New best heuristic value for lsh(patterns=systematic(4),transform=adapt_costs(cost_type=one)): 42
[t=102.433s, 1732488 KB] g=14, 570 evaluated, 134 expanded
[t=165.984s, 1732488 KB] New best heuristic value for lsh(patterns=systematic(4),transform=adapt_costs(cost_type=one)): 41
[t=165.984s, 1732488 KB] g=25, 5380 evaluated, 952 expanded
[t=173.896s, 1732488 KB] New best heuristic value for lsh(patterns=systematic(4),transform=adapt_costs(cost_type=one)): 37
[t=173.896s, 1732488 KB] g=26, 6045 evaluated, 1225 expanded
[t=413.653s, 1732488 KB] New best heuristic value for lsh(patterns=systematic(4),transform=adapt_costs(cost_type=one)): 35
[t=413.653s, 1732488 KB] g=57, 25235 evaluated, 3977 expanded
[t=422.575s, 1732488 KB] New best heuristic value for lsh(patterns=systematic(4),transform=adapt_costs(cost_type=one)): 32
[t=422.575s, 1732488 KB] g=57, 25923 evaluated, 4109 expanded
[t=520.018s, 1732488 KB] New best heuristic value for lsh(patterns=systematic(4),transform=adapt_costs(cost_type=one)): 31
[t=520.018s, 1732488 KB] g=89, 33782 evaluated, 5307 expanded
[t=540.335s, 1732488 KB] New best heuristic value for lsh(patterns=systematic(4),transform=adapt_costs(cost_type=one)): 30
[t=540.339s, 1732488 KB] g=110, 35534 evaluated, 5467 expanded
[t=542.525s, 1732488 KB] New best heuristic value for lsh(patterns=systematic(4),transform=adapt_costs(cost_type=one)): 29
[t=542.525s, 1732488 KB] g=110, 35724 evaluated, 5479 expanded
[t=606.384s, 1732488 KB] New best heuristic value for lsh(patterns=systematic(4),transform=adapt_costs(cost_type=one)): 28
[t=606.384s, 1732488 KB] g=121, 41210 evaluated, 6406 expanded
[t=613.253s, 1732488 KB] New best heuristic value for lsh(patterns=systematic(4),transform=adapt_costs(cost_type=one)): 27
[t=613.253s, 1732488 KB] g=121, 41824 evaluated, 6513 expanded
[t=745.08s, 1732488 KB] New best heuristic value for lsh(patterns=systematic(4),transform=adapt_costs(cost_type=one)): 25
[t=745.08s, 1732488 KB] g=142, 54300 evaluated, 7790 expanded
[t=786.304s, 1732488 KB] New best heuristic value for lsh(patterns=systematic(4),transform=adapt_costs(cost_type=one)): 24
[t=786.304s, 1732488 KB] g=153, 58295 evaluated, 8133 expanded
[t=906.805s, 1732488 KB] New best heuristic value for lsh(patterns=systematic(4),transform=adapt_costs(cost_type=one)): 23
[t=906.805s, 1732488 KB] g=172, 69098 evaluated, 9167 expanded
[t=906.813s, 1732488 KB] New best heuristic value for lsh(patterns=systematic(4),transform=adapt_costs(cost_type=one)): 21
[t=906.813s, 1732488 KB] g=173, 69099 evaluated, 9168 expanded
[t=958.206s, 1732488 KB] New best heuristic value for lsh(patterns=systematic(4),transform=adapt_costs(cost_type=one)): 16
[t=958.206s, 1732488 KB] g=185, 73990 evaluated, 9585 expanded
[t=1233.2s, 1732488 KB] New best heuristic value for lsh(patterns=systematic(4),transform=adapt_costs(cost_type=one)): 14
[t=1233.2s, 1732488 KB] g=216, 98788 evaluated, 12008 expanded
[t=1421.4s, 1732488 KB] New best heuristic value for lsh(patterns=systematic(4),transform=adapt_costs(cost_type=one)): 12
[t=1421.4s, 1732488 KB] g=247, 115718 evaluated, 13682 expanded
Peak memory: 1732488 KB
caught signal 24 -- exiting
Time limit has been reached.
Remove intermediate file output.sas
search exit code: 23

Driver aborting after search
INFO     Planner time: 1797.57s
