INFO     planner time limit: 1800s
INFO     planner memory limit: 2048 MB

INFO     Running translator.
INFO     translator stdin: None
INFO     translator time limit: 1799s
INFO     translator memory limit: 2048 MB
INFO     translator command line string: /home/henry/Documents/UFRGS/TCC/downward/.venv/bin/python /home/henry/Documents/UFRGS/TCC/downward/experiments/lab/data/main/code-5bb2ccb6957559b6969ffd7e29254c73f84d5e49_e5e41175/builds/release/bin/translate/translate.py domain.pddl problem.pddl --sas-file output.sas
Parsing...
Parsing: [0.000s CPU, 0.004s wall-clock]
Normalizing task... [0.000s CPU, 0.000s wall-clock]
Instantiating...
Generating Datalog program... [0.000s CPU, 0.001s wall-clock]
Normalizing Datalog program...
Trivial rules: Converted to facts.
Normalizing Datalog program: [0.010s CPU, 0.003s wall-clock]
Preparing model... [0.000s CPU, 0.003s wall-clock]
Generated 129 rules.
Computing model... [0.580s CPU, 0.581s wall-clock]
45253 relevant atoms
40846 auxiliary atoms
86099 final queue length
279852 total queue pushes
Completing instantiation... [2.540s CPU, 2.549s wall-clock]
Instantiating: [3.150s CPU, 3.154s wall-clock]
Computing fact groups...
Finding invariants...
28 initial candidates
Finding invariants: [0.010s CPU, 0.017s wall-clock]
Checking invariant weight... [0.000s CPU, 0.000s wall-clock]
Instantiating groups... [0.000s CPU, 0.002s wall-clock]
Collecting mutex groups... [0.000s CPU, 0.001s wall-clock]
Choosing groups...
676 uncovered facts
Choosing groups: [0.000s CPU, 0.001s wall-clock]
Building translation key... [0.000s CPU, 0.002s wall-clock]
Computing fact groups: [0.020s CPU, 0.028s wall-clock]
Building STRIPS to SAS dictionary... [0.000s CPU, 0.001s wall-clock]
Building dictionary for full mutex groups... [0.000s CPU, 0.001s wall-clock]
Building mutex information...
Building mutex information: [0.000s CPU, 0.000s wall-clock]
Translating task...
Processing axioms...
Simplifying axioms... [0.000s CPU, 0.000s wall-clock]
Translator axioms removed by simplifying: 0
Computing negative axioms... [0.000s CPU, 0.000s wall-clock]
Processing axioms: [0.150s CPU, 0.148s wall-clock]
Translating task: [3.130s CPU, 3.125s wall-clock]
66705 effect conditions simplified
0 implied preconditions added
Detecting unreachable propositions...
0 operators removed
0 axioms removed
49 propositions removed
Detecting unreachable propositions: [2.100s CPU, 2.109s wall-clock]
Reordering and filtering variables...
704 of 707 variables necessary.
0 of 37 mutex groups necessary.
43267 of 43267 operators necessary.
0 of 0 axiom rules necessary.
Reordering and filtering variables: [0.860s CPU, 0.861s wall-clock]
Translator variables: 704
Translator derived variables: 0
Translator facts: 2132
Translator goal facts: 44
Translator mutex groups: 0
Translator total mutex groups size: 0
Translator operators: 43267
Translator axioms: 0
Translator task size: 624511
Translator peak memory: 334776 KB
Writing output... [0.410s CPU, 0.408s wall-clock]
Done! [9.800s CPU, 9.822s wall-clock]
translate exit code: 0

INFO     Running search (release).
INFO     search stdin: output.sas
INFO     search time limit: 1790s
INFO     search memory limit: 2048 MB
INFO     search command line string: /home/henry/Documents/UFRGS/TCC/downward/experiments/lab/data/main/code-5bb2ccb6957559b6969ffd7e29254c73f84d5e49_e5e41175/builds/release/bin/downward --search 'eager_greedy([operatorcounting(constraint_generators=[pho_constraints(patterns=systematic(2))], use_integer_operator_counts=true, transform=adapt_costs(cost_type=NORMAL))])' --internal-plan-file sas_plan < output.sas
[t=0s, 45596 KB] reading input...
[t=0.263312s, 67476 KB] done reading input!
[t=0.268254s, 70996 KB] Generating patterns using: systematic pattern collection generator
[t=0.268254s, 70996 KB] building causal graph...done! [t=0.227723s]
[t=0.559895s, 92964 KB] Found 4572 SGA patterns.
[t=0.663795s, 92964 KB] Found 4572 interesting patterns.
[t=0.663795s, 92964 KB] systematic pattern collection generator number of patterns: 4572
[t=0.663795s, 92964 KB] systematic pattern collection generator total PDB size: 150225
[t=0.663795s, 92964 KB] systematic pattern collection generator computation time: 0.395541s
[t=0.663795s, 92964 KB] Computing PDBs for pattern collection...
[t=46.8779s, 92964 KB] Done computing PDBs for pattern collection: 46.2141s
[t=62.976s, 423084 KB] Building successor generator...done!
[t=62.996s, 423084 KB] peak memory difference for successor generator creation: 0 KB
[t=62.996s, 423084 KB] time for successor generation creation: 0.0199942s
[t=62.996s, 423084 KB] Variables: 704
[t=62.996s, 423084 KB] FactPairs: 2132
[t=62.996s, 423084 KB] Bytes per state: 108
[t=62.996s, 423084 KB] Conducting best first search without reopening closed nodes, (real) bound = 2147483647
[t=63.3994s, 512796 KB] New best heuristic value for operatorcounting(constraint_generators=[pho_constraints(patterns=systematic(2))],use_integer_operator_counts=true,transform=adapt_costs(cost_type=normal)): 28
[t=63.3994s, 512796 KB] g=0, 1 evaluated, 0 expanded
[t=63.3994s, 512796 KB] Initial heuristic value for operatorcounting(constraint_generators=[pho_constraints(patterns=systematic(2))],use_integer_operator_counts=true,transform=adapt_costs(cost_type=normal)): 28
[t=63.3994s, 512796 KB] pruning method: none
[t=63.9626s, 550528 KB] New best heuristic value for operatorcounting(constraint_generators=[pho_constraints(patterns=systematic(2))],use_integer_operator_counts=true,transform=adapt_costs(cost_type=normal)): 27
[t=63.9626s, 550528 KB] g=1, 2 evaluated, 1 expanded
[t=70.9146s, 792452 KB] New best heuristic value for operatorcounting(constraint_generators=[pho_constraints(patterns=systematic(2))],use_integer_operator_counts=true,transform=adapt_costs(cost_type=normal)): 26
[t=70.9146s, 792452 KB] g=2, 11 evaluated, 7 expanded
[t=74.72s, 792452 KB] New best heuristic value for operatorcounting(constraint_generators=[pho_constraints(patterns=systematic(2))],use_integer_operator_counts=true,transform=adapt_costs(cost_type=normal)): 25
[t=74.72s, 792452 KB] g=3, 18 evaluated, 12 expanded
[t=82.26s, 792452 KB] New best heuristic value for operatorcounting(constraint_generators=[pho_constraints(patterns=systematic(2))],use_integer_operator_counts=true,transform=adapt_costs(cost_type=normal)): 24
[t=82.26s, 792452 KB] g=4, 28 evaluated, 18 expanded
[t=90.1377s, 793296 KB] New best heuristic value for operatorcounting(constraint_generators=[pho_constraints(patterns=systematic(2))],use_integer_operator_counts=true,transform=adapt_costs(cost_type=normal)): 23
[t=90.1377s, 793296 KB] g=5, 38 evaluated, 25 expanded
[t=99.7161s, 794140 KB] New best heuristic value for operatorcounting(constraint_generators=[pho_constraints(patterns=systematic(2))],use_integer_operator_counts=true,transform=adapt_costs(cost_type=normal)): 22
[t=99.7161s, 794140 KB] g=6, 50 evaluated, 33 expanded
[t=112.029s, 794140 KB] New best heuristic value for operatorcounting(constraint_generators=[pho_constraints(patterns=systematic(2))],use_integer_operator_counts=true,transform=adapt_costs(cost_type=normal)): 21
[t=112.029s, 794140 KB] g=7, 66 evaluated, 43 expanded
[t=119.639s, 794140 KB] New best heuristic value for operatorcounting(constraint_generators=[pho_constraints(patterns=systematic(2))],use_integer_operator_counts=true,transform=adapt_costs(cost_type=normal)): 20
[t=119.639s, 794140 KB] g=8, 78 evaluated, 51 expanded
[t=131.276s, 794140 KB] New best heuristic value for operatorcounting(constraint_generators=[pho_constraints(patterns=systematic(2))],use_integer_operator_counts=true,transform=adapt_costs(cost_type=normal)): 19
[t=131.276s, 794140 KB] g=9, 98 evaluated, 57 expanded
[t=154.613s, 794140 KB] New best heuristic value for operatorcounting(constraint_generators=[pho_constraints(patterns=systematic(2))],use_integer_operator_counts=true,transform=adapt_costs(cost_type=normal)): 18
[t=154.613s, 794140 KB] g=11, 142 evaluated, 89 expanded
[t=286.071s, 794140 KB] New best heuristic value for operatorcounting(constraint_generators=[pho_constraints(patterns=systematic(2))],use_integer_operator_counts=true,transform=adapt_costs(cost_type=normal)): 17
[t=286.071s, 794140 KB] g=14, 391 evaluated, 256 expanded
[t=299.648s, 794140 KB] New best heuristic value for operatorcounting(constraint_generators=[pho_constraints(patterns=systematic(2))],use_integer_operator_counts=true,transform=adapt_costs(cost_type=normal)): 16
[t=299.648s, 794140 KB] g=15, 412 evaluated, 264 expanded
[t=338.315s, 794140 KB] New best heuristic value for operatorcounting(constraint_generators=[pho_constraints(patterns=systematic(2))],use_integer_operator_counts=true,transform=adapt_costs(cost_type=normal)): 15
[t=338.315s, 794140 KB] g=17, 470 evaluated, 295 expanded
[t=350.765s, 794140 KB] New best heuristic value for operatorcounting(constraint_generators=[pho_constraints(patterns=systematic(2))],use_integer_operator_counts=true,transform=adapt_costs(cost_type=normal)): 14
[t=350.765s, 794140 KB] g=18, 489 evaluated, 304 expanded
Peak memory: 794140 KB
caught signal 24 -- exiting
Time limit has been reached.
Remove intermediate file output.sas
search exit code: 23

Driver aborting after search
INFO     Planner time: 1795.78s
