INFO     planner time limit: 1800s
INFO     planner memory limit: 2048 MB

INFO     Running translator.
INFO     translator stdin: None
INFO     translator time limit: 1799s
INFO     translator memory limit: 2048 MB
INFO     translator command line string: /home/henry/Documents/UFRGS/TCC/downward/.venv/bin/python /home/henry/Documents/UFRGS/TCC/downward/experiments/lab/data/main/code-5bb2ccb6957559b6969ffd7e29254c73f84d5e49_e5e41175/builds/release/bin/translate/translate.py domain.pddl problem.pddl --sas-file output.sas
Parsing...
Parsing: [0.000s CPU, 0.002s wall-clock]
Normalizing task... [0.000s CPU, 0.000s wall-clock]
Instantiating...
Generating Datalog program... [0.000s CPU, 0.001s wall-clock]
Normalizing Datalog program...
Normalizing Datalog program: [0.000s CPU, 0.003s wall-clock]
Preparing model... [0.010s CPU, 0.002s wall-clock]
Generated 79 rules.
Computing model... [0.370s CPU, 0.367s wall-clock]
31361 relevant atoms
29376 auxiliary atoms
60737 final queue length
146468 total queue pushes
Completing instantiation... [0.700s CPU, 0.710s wall-clock]
Instantiating: [1.100s CPU, 1.092s wall-clock]
Computing fact groups...
Finding invariants...
14 initial candidates
Finding invariants: [0.020s CPU, 0.018s wall-clock]
Checking invariant weight... [0.000s CPU, 0.000s wall-clock]
Instantiating groups... [0.000s CPU, 0.000s wall-clock]
Collecting mutex groups... [0.000s CPU, 0.000s wall-clock]
Choosing groups...
1080 uncovered facts
Choosing groups: [0.000s CPU, 0.001s wall-clock]
Building translation key... [0.000s CPU, 0.002s wall-clock]
Computing fact groups: [0.020s CPU, 0.027s wall-clock]
Building STRIPS to SAS dictionary... [0.000s CPU, 0.001s wall-clock]
Building dictionary for full mutex groups... [0.010s CPU, 0.001s wall-clock]
Building mutex information...
Building mutex information: [0.000s CPU, 0.000s wall-clock]
Translating task...
Processing axioms...
Simplifying axioms... [0.000s CPU, 0.000s wall-clock]
Translator axioms removed by simplifying: 0
Computing negative axioms... [0.000s CPU, 0.000s wall-clock]
Processing axioms: [0.010s CPU, 0.015s wall-clock]
Translating task: [0.500s CPU, 0.513s wall-clock]
28208 effect conditions simplified
0 implied preconditions added
Detecting unreachable propositions...
0 operators removed
0 axioms removed
4 propositions removed
Detecting unreachable propositions: [0.280s CPU, 0.267s wall-clock]
Reordering and filtering variables...
1084 of 1084 variables necessary.
0 of 4 mutex groups necessary.
12104 of 12104 operators necessary.
0 of 0 axiom rules necessary.
Reordering and filtering variables: [0.170s CPU, 0.175s wall-clock]
Translator variables: 1084
Translator derived variables: 0
Translator facts: 2352
Translator goal facts: 24
Translator mutex groups: 0
Translator total mutex groups size: 0
Translator operators: 12104
Translator axioms: 0
Translator task size: 101596
Translator peak memory: 98800 KB
Writing output... [0.090s CPU, 0.083s wall-clock]
Done! [2.190s CPU, 2.185s wall-clock]
translate exit code: 0

INFO     Running search (release).
INFO     search stdin: output.sas
INFO     search time limit: 1797s
INFO     search memory limit: 2048 MB
INFO     search command line string: /home/henry/Documents/UFRGS/TCC/downward/experiments/lab/data/main/code-5bb2ccb6957559b6969ffd7e29254c73f84d5e49_e5e41175/builds/release/bin/downward --search 'eager_greedy([ff(transform=adapt_costs(cost_type=NORMAL))])' --internal-plan-file sas_plan < output.sas
[t=0s, 10544 KB] reading input...
[t=0.0559866s, 15376 KB] done reading input!
[t=0.0599804s, 18420 KB] Simplifying 52016 unary operators... done! [39272 unary operators]
[t=0.0799718s, 21880 KB] time to simplify: 0.0199913s
[t=0.0799718s, 21880 KB] Initializing additive heuristic...
[t=0.0799718s, 21880 KB] Initializing FF heuristic...
[t=0.0799718s, 21880 KB] Building successor generator...done!
[t=0.0839719s, 21880 KB] peak memory difference for successor generator creation: 0 KB
[t=0.0839719s, 21880 KB] time for successor generation creation: 0.00400014s
[t=0.0839719s, 21880 KB] Variables: 1084
[t=0.0839719s, 21880 KB] FactPairs: 2352
[t=0.0839719s, 21880 KB] Bytes per state: 140
[t=0.0839719s, 21880 KB] Conducting best first search without reopening closed nodes, (real) bound = 2147483647
[t=0.0839719s, 21880 KB] New best heuristic value for ff(transform=adapt_costs(cost_type=normal)): 22
[t=0.0839719s, 21880 KB] g=0, 1 evaluated, 0 expanded
[t=0.0839719s, 21880 KB] Initial heuristic value for ff(transform=adapt_costs(cost_type=normal)): 22
[t=0.0839719s, 21880 KB] pruning method: none
[t=0.0839719s, 21880 KB] New best heuristic value for ff(transform=adapt_costs(cost_type=normal)): 20
[t=0.0839719s, 21880 KB] g=2, 2 evaluated, 1 expanded
[t=0.0839719s, 21880 KB] New best heuristic value for ff(transform=adapt_costs(cost_type=normal)): 18
[t=0.0839719s, 21880 KB] g=4, 11 evaluated, 2 expanded
[t=0.471855s, 21880 KB] New best heuristic value for ff(transform=adapt_costs(cost_type=normal)): 17
[t=0.471855s, 21880 KB] g=9, 1353 evaluated, 154 expanded
[t=4.20175s, 22004 KB] New best heuristic value for ff(transform=adapt_costs(cost_type=normal)): 16
[t=4.20175s, 22004 KB] g=16, 14058 evaluated, 1458 expanded
[t=4.24973s, 22140 KB] New best heuristic value for ff(transform=adapt_costs(cost_type=normal)): 15
[t=4.24973s, 22140 KB] g=22, 14206 evaluated, 1470 expanded
[t=4.25773s, 22140 KB] New best heuristic value for ff(transform=adapt_costs(cost_type=normal)): 14
[t=4.25773s, 22140 KB] g=24, 14222 evaluated, 1471 expanded
[t=4.26173s, 22140 KB] New best heuristic value for ff(transform=adapt_costs(cost_type=normal)): 12
[t=4.26173s, 22140 KB] g=26, 14240 evaluated, 1472 expanded
[t=5.24111s, 22752 KB] New best heuristic value for ff(transform=adapt_costs(cost_type=normal)): 11
[t=5.24111s, 22752 KB] g=31, 17448 evaluated, 1780 expanded
[t=5.8047s, 23024 KB] New best heuristic value for ff(transform=adapt_costs(cost_type=normal)): 10
[t=5.8047s, 23024 KB] g=39, 19296 evaluated, 1958 expanded
[t=5.8167s, 23024 KB] New best heuristic value for ff(transform=adapt_costs(cost_type=normal)): 9
[t=5.8167s, 23024 KB] g=43, 19352 evaluated, 1962 expanded
[t=5.82468s, 23024 KB] New best heuristic value for ff(transform=adapt_costs(cost_type=normal)): 7
[t=5.82468s, 23024 KB] g=45, 19370 evaluated, 1963 expanded
[t=7.33164s, 23832 KB] New best heuristic value for ff(transform=adapt_costs(cost_type=normal)): 6
[t=7.33164s, 23832 KB] g=50, 24492 evaluated, 2530 expanded
[t=154.225s, 113872 KB] New best heuristic value for ff(transform=adapt_costs(cost_type=normal)): 4
[t=154.225s, 113872 KB] g=70, 536642 evaluated, 81659 expanded
[t=154.289s, 113872 KB] New best heuristic value for ff(transform=adapt_costs(cost_type=normal)): 3
[t=154.289s, 113872 KB] g=74, 536854 evaluated, 81686 expanded
[t=154.293s, 113872 KB] New best heuristic value for ff(transform=adapt_costs(cost_type=normal)): 0
[t=154.293s, 113872 KB] g=77, 536862 evaluated, 81687 expanded
[t=154.293s, 113872 KB] Solution found!
[t=154.293s, 113872 KB] Actual search time: 154.209s
move_two f4-0f f5-0f f6-0f straight2 (2)
move_two f5-0f f6-0f f7-0f straight2 (2)
move_two f3-1f f4-1f f4-0f straight0 (2)
move_square f1-0f f2-0f square1 (1)
move_square f2-0f f3-0f square1 (1)
move_square f5-1f f6-1f square2 (1)
move_square f0-2f f0-3f square0 (1)
move_square f0-3f f1-3f square0 (1)
move_square f1-3f f2-3f square0 (1)
move_square f2-3f f3-3f square0 (1)
move_two f3-2f f4-2f f4-3f straight1 (2)
move_square f5-2f f6-2f square3 (1)
move_two f6-0f f7-0f f8-0f straight2 (2)
move_two f4-1f f4-0f f5-0f straight0 (2)
move_two f4-0f f5-0f f6-0f straight0 (2)
move_two f7-0f f8-0f f9-0f straight2 (2)
move_two f5-0f f6-0f f7-0f straight0 (2)
move_two f6-0f f7-0f f7-1f straight0 (2)
move_square f3-0f f4-0f square1 (1)
move_square f4-0f f5-0f square1 (1)
move_square f5-0f f6-0f square1 (1)
move_two f7-0f f7-1f f7-2f straight0 (2)
move_two f7-1f f7-2f f7-3f straight0 (2)
move_two f4-2f f4-3f f5-3f straight1 (2)
move_two f4-3f f5-3f f6-3f straight1 (2)
move_two f7-2f f7-3f f8-3f straight0 (2)
move_two f7-3f f8-3f f9-3f straight0 (2)
move_two f5-3f f6-3f f7-3f straight1 (2)
move_two f6-3f f7-3f f7-2f straight1 (2)
move_square f3-3f f4-3f square0 (1)
move_square f4-3f f5-3f square0 (1)
move_square f5-3f f6-3f square0 (1)
move_l_left f0-1f f1-1f f1-2f f0-0f f1-0f rightl0 (3)
move_l_down f0-0f f1-0f f1-1f f2-0f f2-1f rightl0 (3)
move_l_down f1-0f f2-0f f2-1f f3-0f f3-1f rightl0 (3)
move_l_down f2-0f f3-0f f3-1f f4-0f f4-1f rightl0 (3)
move_l_down f3-0f f4-0f f4-1f f5-0f f5-1f rightl0 (3)
move_square f6-0f f7-0f square1 (1)
move_square f6-1f f7-1f square2 (1)
move_l_down f4-0f f5-0f f5-1f f6-0f f6-1f rightl0 (3)
move_two f8-0f f9-0f f10-0f straight2 (2)
move_square f7-0f f8-0f square1 (1)
move_square f7-1f f8-1f square2 (1)
move_l_down f5-0f f6-0f f6-1f f7-0f f7-1f rightl0 (3)
[t=154.293s, 113872 KB] Plan length: 44 step(s).
[t=154.293s, 113872 KB] Plan cost: 77
[t=154.293s, 113872 KB] Expanded 81688 state(s).
[t=154.293s, 113872 KB] Reopened 0 state(s).
[t=154.293s, 113872 KB] Evaluated 536867 state(s).
[t=154.293s, 113872 KB] Evaluations: 536867
[t=154.293s, 113872 KB] Generated 1372459 state(s).
[t=154.293s, 113872 KB] Dead ends: 0 state(s).
[t=154.293s, 113872 KB] Number of registered states: 536867
[t=154.293s, 113872 KB] Int hash set load factor: 536867/1048576 = 0.511996
[t=154.293s, 113872 KB] Int hash set resizes: 20
[t=154.293s, 113872 KB] Search time: 154.209s
[t=154.293s, 113872 KB] Total time: 154.293s
Solution found.
Peak memory: 113872 KB
Remove intermediate file output.sas
search exit code: 0

INFO     Running validate.
INFO     validate stdin: None
INFO     validate time limit: None
INFO     validate memory limit: None
INFO     validate command line string: /home/henry/bin/validate domain.pddl problem.pddl sas_plan
Checking plan: sas_plan
Plan executed successfully - checking goal
Plan valid
Final value: 77 

Successful plans:
Value: 77
 sas_plan 77 

validate exit code: 0

INFO     Planner time: 156.55s
