INFO     planner time limit: 1800s
INFO     planner memory limit: 2048 MB

INFO     Running translator.
INFO     translator stdin: None
INFO     translator time limit: 1799s
INFO     translator memory limit: 2048 MB
INFO     translator command line string: /home/henry/Documents/UFRGS/TCC/downward/.venv/bin/python /home/henry/Documents/UFRGS/TCC/downward/experiments/lab/data/main/code-5bb2ccb6957559b6969ffd7e29254c73f84d5e49_e5e41175/builds/release/bin/translate/translate.py domain.pddl problem.pddl --sas-file output.sas
Parsing...
Parsing: [0.000s CPU, 0.002s wall-clock]
Normalizing task... [0.000s CPU, 0.000s wall-clock]
Instantiating...
Generating Datalog program... [0.000s CPU, 0.001s wall-clock]
Normalizing Datalog program...
Normalizing Datalog program: [0.000s CPU, 0.003s wall-clock]
Preparing model... [0.010s CPU, 0.002s wall-clock]
Generated 79 rules.
Computing model... [1.250s CPU, 1.255s wall-clock]
136117 relevant atoms
50020 auxiliary atoms
186137 final queue length
578231 total queue pushes
Completing instantiation... [3.350s CPU, 3.348s wall-clock]
Instantiating: [4.650s CPU, 4.645s wall-clock]
Computing fact groups...
Finding invariants...
14 initial candidates
Finding invariants: [0.100s CPU, 0.099s wall-clock]
Checking invariant weight... [0.000s CPU, 0.000s wall-clock]
Instantiating groups... [0.000s CPU, 0.000s wall-clock]
Collecting mutex groups... [0.000s CPU, 0.001s wall-clock]
Choosing groups...
3040 uncovered facts
Choosing groups: [0.000s CPU, 0.001s wall-clock]
Building translation key... [0.010s CPU, 0.012s wall-clock]
Computing fact groups: [0.140s CPU, 0.142s wall-clock]
Building STRIPS to SAS dictionary... [0.000s CPU, 0.003s wall-clock]
Building dictionary for full mutex groups... [0.010s CPU, 0.003s wall-clock]
Building mutex information...
Building mutex information: [0.000s CPU, 0.002s wall-clock]
Translating task...
Processing axioms...
Simplifying axioms... [0.000s CPU, 0.000s wall-clock]
Translator axioms removed by simplifying: 0
Computing negative axioms... [0.000s CPU, 0.000s wall-clock]
Processing axioms: [0.070s CPU, 0.071s wall-clock]
Translating task: [2.120s CPU, 2.130s wall-clock]
120488 effect conditions simplified
0 implied preconditions added
Detecting unreachable propositions...
0 operators removed
0 axioms removed
4 propositions removed
Detecting unreachable propositions: [1.190s CPU, 1.196s wall-clock]
Reordering and filtering variables...
3044 of 3044 variables necessary.
0 of 4 mutex groups necessary.
48648 of 48648 operators necessary.
0 of 0 axiom rules necessary.
Reordering and filtering variables: [1.380s CPU, 1.371s wall-clock]
Translator variables: 3044
Translator derived variables: 0
Translator facts: 6304
Translator goal facts: 28
Translator mutex groups: 0
Translator total mutex groups size: 0
Translator operators: 48648
Translator axioms: 0
Translator task size: 419800
Translator peak memory: 308280 KB
Writing output... [0.330s CPU, 0.324s wall-clock]
Done! [9.910s CPU, 9.915s wall-clock]
translate exit code: 0

INFO     Running search (release).
INFO     search stdin: output.sas
INFO     search time limit: 1790s
INFO     search memory limit: 2048 MB
INFO     search command line string: /home/henry/Documents/UFRGS/TCC/downward/experiments/lab/data/main/code-5bb2ccb6957559b6969ffd7e29254c73f84d5e49_e5e41175/builds/release/bin/downward --search 'eager_greedy([lsh(patterns=systematic(4), transform=adapt_costs(cost_type=ONE))])' --internal-plan-file sas_plan < output.sas
[t=0s, 10544 KB] reading input...
[t=0.242124s, 30124 KB] done reading input!
[t=0.242124s, 30388 KB] Generating patterns using: systematic pattern collection generator
[t=0.242124s, 30388 KB] building causal graph...done! [t=0.143848s]
Failed to allocate memory.
Memory limit has been reached.
Peak memory: 2097024 KB
Remove intermediate file output.sas
search exit code: 22

Driver aborting after search
INFO     Planner time: 26.01s
