INFO     planner time limit: 1800s
INFO     planner memory limit: 2048 MB

INFO     Running translator.
INFO     translator stdin: None
INFO     translator time limit: 1799s
INFO     translator memory limit: 2048 MB
INFO     translator command line string: /home/henry/Documents/UFRGS/TCC/downward/.venv/bin/python /home/henry/Documents/UFRGS/TCC/downward/experiments/lab/data/main/code-5bb2ccb6957559b6969ffd7e29254c73f84d5e49_e5e41175/builds/release/bin/translate/translate.py domain.pddl problem.pddl --sas-file output.sas
Parsing...
Parsing: [0.040s CPU, 0.044s wall-clock]
Normalizing task... [0.000s CPU, 0.003s wall-clock]
Instantiating...
Generating Datalog program... [0.020s CPU, 0.016s wall-clock]
Normalizing Datalog program...
Normalizing Datalog program: [0.000s CPU, 0.001s wall-clock]
Preparing model... [0.110s CPU, 0.106s wall-clock]
Generated 23 rules.
Computing model... [0.240s CPU, 0.238s wall-clock]
19976 relevant atoms
35172 auxiliary atoms
55148 final queue length
64934 total queue pushes
Completing instantiation... [0.170s CPU, 0.174s wall-clock]
Instantiating: [0.550s CPU, 0.552s wall-clock]
Computing fact groups...
Finding invariants...
9 initial candidates
Finding invariants: [0.010s CPU, 0.004s wall-clock]
Checking invariant weight... [0.000s CPU, 0.005s wall-clock]
Instantiating groups... [0.000s CPU, 0.003s wall-clock]
Collecting mutex groups... [0.000s CPU, 0.000s wall-clock]
Choosing groups...
0 uncovered facts
Choosing groups: [0.010s CPU, 0.000s wall-clock]
Building translation key... [0.000s CPU, 0.000s wall-clock]
Computing fact groups: [0.020s CPU, 0.014s wall-clock]
Building STRIPS to SAS dictionary... [0.000s CPU, 0.000s wall-clock]
Building dictionary for full mutex groups... [0.000s CPU, 0.000s wall-clock]
Building mutex information...
Building mutex information: [0.000s CPU, 0.000s wall-clock]
Translating task...
Processing axioms...
Simplifying axioms... [0.000s CPU, 0.000s wall-clock]
Translator axioms removed by simplifying: 0
Computing negative axioms... [0.000s CPU, 0.000s wall-clock]
Processing axioms: [0.000s CPU, 0.008s wall-clock]
Translating task: [0.150s CPU, 0.150s wall-clock]
0 effect conditions simplified
0 implied preconditions added
Detecting unreachable propositions...
0 operators removed
0 axioms removed
13 propositions removed
Detecting unreachable propositions: [0.050s CPU, 0.051s wall-clock]
Reordering and filtering variables...
13 of 13 variables necessary.
0 of 13 mutex groups necessary.
5162 of 5162 operators necessary.
0 of 0 axiom rules necessary.
Reordering and filtering variables: [0.010s CPU, 0.014s wall-clock]
Translator variables: 13
Translator derived variables: 0
Translator facts: 309
Translator goal facts: 11
Translator mutex groups: 0
Translator total mutex groups size: 0
Translator operators: 5162
Translator axioms: 0
Translator task size: 25901
Translator peak memory: 61600 KB
Writing output... [0.020s CPU, 0.020s wall-clock]
Done! [0.850s CPU, 0.860s wall-clock]
translate exit code: 0

INFO     Running search (release).
INFO     search stdin: output.sas
INFO     search time limit: 1799s
INFO     search memory limit: 2048 MB
INFO     search command line string: /home/henry/Documents/UFRGS/TCC/downward/experiments/lab/data/main/code-5bb2ccb6957559b6969ffd7e29254c73f84d5e49_e5e41175/builds/release/bin/downward --search 'eager_greedy([ilsh(patterns=systematic(2), transform=adapt_costs(cost_type=ONE))])' --internal-plan-file sas_plan < output.sas
[t=0s, 10544 KB] reading input...
[t=0.0151651s, 11952 KB] done reading input!
[t=0.0151651s, 12216 KB] Generating patterns using: systematic pattern collection generator
[t=0.0151651s, 12216 KB] building causal graph...done! [t=0s]
[t=0.0151651s, 12216 KB] Found 22 SGA patterns.
[t=0.0151651s, 12216 KB] Found 22 interesting patterns.
[t=0.0151651s, 12216 KB] systematic pattern collection generator number of patterns: 22
[t=0.0151651s, 12216 KB] systematic pattern collection generator total PDB size: 1584
[t=0.0151651s, 12216 KB] systematic pattern collection generator computation time: 0s
[t=0.0151651s, 12216 KB] Computing PDBs for pattern collection...
[t=0.035148s, 12964 KB] Done computing PDBs for pattern collection: 0.0199829s
[t=0.0391475s, 13036 KB] Tie breaking: 2
[t=0.0391475s, 13036 KB] Building successor generator...done!
[t=0.0391475s, 13512 KB] peak memory difference for successor generator creation: 476 KB
[t=0.0391475s, 13512 KB] time for successor generation creation: 0s
[t=0.0391475s, 13512 KB] Variables: 13
[t=0.0391475s, 13512 KB] FactPairs: 309
[t=0.0391475s, 13512 KB] Bytes per state: 8
[t=0.0391475s, 13512 KB] Conducting best first search without reopening closed nodes, (real) bound = 2147483647
[t=0.0711219s, 13512 KB] New best heuristic value for ilsh(patterns=systematic(2),transform=adapt_costs(cost_type=one)): 32
[t=0.0711219s, 13512 KB] g=0, 1 evaluated, 0 expanded
[t=0.0711219s, 13512 KB] Initial heuristic value for ilsh(patterns=systematic(2),transform=adapt_costs(cost_type=one)): 32
[t=0.0711219s, 13512 KB] pruning method: none
[t=0.33874s, 13512 KB] New best heuristic value for ilsh(patterns=systematic(2),transform=adapt_costs(cost_type=one)): 31
[t=0.33874s, 13512 KB] g=2, 9 evaluated, 2 expanded
[t=0.578524s, 13512 KB] New best heuristic value for ilsh(patterns=systematic(2),transform=adapt_costs(cost_type=one)): 30
[t=0.578524s, 13512 KB] g=4, 16 evaluated, 4 expanded
[t=0.690413s, 13512 KB] New best heuristic value for ilsh(patterns=systematic(2),transform=adapt_costs(cost_type=one)): 29
[t=0.690413s, 13512 KB] g=5, 20 evaluated, 5 expanded
[t=1.40167s, 13512 KB] New best heuristic value for ilsh(patterns=systematic(2),transform=adapt_costs(cost_type=one)): 28
[t=1.40167s, 13512 KB] g=8, 41 evaluated, 9 expanded
[t=2.07297s, 13512 KB] New best heuristic value for ilsh(patterns=systematic(2),transform=adapt_costs(cost_type=one)): 27
[t=2.07297s, 13512 KB] g=10, 61 evaluated, 12 expanded
[t=2.3806s, 13512 KB] New best heuristic value for ilsh(patterns=systematic(2),transform=adapt_costs(cost_type=one)): 25
[t=2.3806s, 13512 KB] g=11, 70 evaluated, 13 expanded
[t=2.64429s, 13512 KB] New best heuristic value for ilsh(patterns=systematic(2),transform=adapt_costs(cost_type=one)): 24
[t=2.64429s, 13512 KB] g=12, 78 evaluated, 14 expanded
[t=2.88802s, 13512 KB] New best heuristic value for ilsh(patterns=systematic(2),transform=adapt_costs(cost_type=one)): 23
[t=2.88802s, 13512 KB] g=13, 86 evaluated, 15 expanded
[t=53.2876s, 13512 KB] New best heuristic value for ilsh(patterns=systematic(2),transform=adapt_costs(cost_type=one)): 22
[t=53.2876s, 13512 KB] g=20, 1717 evaluated, 353 expanded
[t=53.3156s, 13512 KB] New best heuristic value for ilsh(patterns=systematic(2),transform=adapt_costs(cost_type=one)): 21
[t=53.3156s, 13512 KB] g=21, 1718 evaluated, 354 expanded
[t=53.3715s, 13512 KB] New best heuristic value for ilsh(patterns=systematic(2),transform=adapt_costs(cost_type=one)): 20
[t=53.3715s, 13512 KB] g=22, 1720 evaluated, 355 expanded
[t=53.931s, 13512 KB] New best heuristic value for ilsh(patterns=systematic(2),transform=adapt_costs(cost_type=one)): 19
[t=53.931s, 13512 KB] g=23, 1742 evaluated, 358 expanded
[t=54.3106s, 13512 KB] New best heuristic value for ilsh(patterns=systematic(2),transform=adapt_costs(cost_type=one)): 18
[t=54.3106s, 13512 KB] g=24, 1757 evaluated, 360 expanded
[t=54.89s, 13512 KB] New best heuristic value for ilsh(patterns=systematic(2),transform=adapt_costs(cost_type=one)): 17
[t=54.89s, 13512 KB] g=26, 1781 evaluated, 363 expanded
[t=55.2458s, 13512 KB] New best heuristic value for ilsh(patterns=systematic(2),transform=adapt_costs(cost_type=one)): 16
[t=55.2458s, 13512 KB] g=27, 1796 evaluated, 365 expanded
[t=70.9196s, 13512 KB] New best heuristic value for ilsh(patterns=systematic(2),transform=adapt_costs(cost_type=one)): 13
[t=70.9196s, 13512 KB] g=32, 2517 evaluated, 622 expanded
[t=71.0435s, 13512 KB] New best heuristic value for ilsh(patterns=systematic(2),transform=adapt_costs(cost_type=one)): 11
[t=71.0435s, 13512 KB] g=33, 2523 evaluated, 623 expanded
[t=74.5651s, 13512 KB] New best heuristic value for ilsh(patterns=systematic(2),transform=adapt_costs(cost_type=one)): 10
[t=74.5651s, 13512 KB] g=34, 2701 evaluated, 727 expanded
[t=76.351s, 13512 KB] New best heuristic value for ilsh(patterns=systematic(2),transform=adapt_costs(cost_type=one)): 9
[t=76.351s, 13512 KB] g=35, 2800 evaluated, 790 expanded
Peak memory: 16548 KB
caught signal 24 -- exiting
Time limit has been reached.
Remove intermediate file output.sas
search exit code: 23

Driver aborting after search
INFO     Planner time: 1798.04s
