INFO     planner time limit: 1800s
INFO     planner memory limit: 2048 MB

INFO     Running translator.
INFO     translator stdin: None
INFO     translator time limit: 1799s
INFO     translator memory limit: 2048 MB
INFO     translator command line string: /home/henry/Documents/UFRGS/TCC/downward/.venv/bin/python /home/henry/Documents/UFRGS/TCC/downward/experiments/lab/data/main/code-5bb2ccb6957559b6969ffd7e29254c73f84d5e49_e5e41175/builds/release/bin/translate/translate.py domain.pddl problem.pddl --sas-file output.sas
Parsing...
Parsing: [0.000s CPU, 0.005s wall-clock]
Normalizing task... [0.010s CPU, 0.000s wall-clock]
Instantiating...
Generating Datalog program... [0.000s CPU, 0.001s wall-clock]
Normalizing Datalog program...
Normalizing Datalog program: [0.000s CPU, 0.005s wall-clock]
Preparing model... [0.010s CPU, 0.004s wall-clock]
Generated 258 rules.
Computing model... [0.780s CPU, 0.787s wall-clock]
104155 relevant atoms
1920 auxiliary atoms
106075 final queue length
389247 total queue pushes
Completing instantiation... [5.110s CPU, 5.117s wall-clock]
Instantiating: [5.920s CPU, 5.939s wall-clock]
Computing fact groups...
Finding invariants...
44 initial candidates
Finding invariants: [0.120s CPU, 0.112s wall-clock]
Checking invariant weight... [0.000s CPU, 0.000s wall-clock]
Instantiating groups... [0.000s CPU, 0.001s wall-clock]
Collecting mutex groups... [0.000s CPU, 0.000s wall-clock]
Choosing groups...
140 uncovered facts
Choosing groups: [0.000s CPU, 0.000s wall-clock]
Building translation key... [0.000s CPU, 0.000s wall-clock]
Computing fact groups: [0.120s CPU, 0.114s wall-clock]
Building STRIPS to SAS dictionary... [0.000s CPU, 0.000s wall-clock]
Building dictionary for full mutex groups... [0.000s CPU, 0.000s wall-clock]
Building mutex information...
Building mutex information: [0.000s CPU, 0.000s wall-clock]
Translating task...
Processing axioms...
Simplifying axioms... [0.000s CPU, 0.000s wall-clock]
Translator axioms removed by simplifying: 0
Computing negative axioms... [0.000s CPU, 0.000s wall-clock]
Processing axioms: [0.170s CPU, 0.172s wall-clock]
Translating task: [4.680s CPU, 4.684s wall-clock]
112889 effect conditions simplified
0 implied preconditions added
Detecting unreachable propositions...
0 operators removed
0 axioms removed
34 propositions removed
Detecting unreachable propositions: [2.600s CPU, 2.605s wall-clock]
Reordering and filtering variables...
130 of 135 variables necessary.
0 of 8 mutex groups necessary.
103417 of 103417 operators necessary.
0 of 0 axiom rules necessary.
Reordering and filtering variables: [0.800s CPU, 0.795s wall-clock]
Translator variables: 130
Translator derived variables: 0
Translator facts: 301
Translator goal facts: 2
Translator mutex groups: 0
Translator total mutex groups size: 0
Translator operators: 103417
Translator axioms: 0
Translator task size: 1088899
Translator peak memory: 646884 KB
Writing output... [0.660s CPU, 0.661s wall-clock]
Done! [15.010s CPU, 15.032s wall-clock]
translate exit code: 0

INFO     Running search (release).
INFO     search stdin: output.sas
INFO     search time limit: 1784s
INFO     search memory limit: 2048 MB
INFO     search command line string: /home/henry/Documents/UFRGS/TCC/downward/experiments/lab/data/main/code-5bb2ccb6957559b6969ffd7e29254c73f84d5e49_e5e41175/builds/release/bin/downward --search 'eager_greedy([lsh(patterns=systematic(2), transform=adapt_costs(cost_type=NORMAL))])' --internal-plan-file sas_plan < output.sas
[t=0s, 10544 KB] reading input...
[t=0.483277s, 52976 KB] done reading input!
[t=0.483277s, 53372 KB] Generating patterns using: systematic pattern collection generator
[t=0.483277s, 53372 KB] building causal graph...done! [t=0.0559677s]
[t=0.539244s, 53768 KB] Found 29 SGA patterns.
[t=0.539244s, 53768 KB] Found 29 interesting patterns.
[t=0.539244s, 53768 KB] systematic pattern collection generator number of patterns: 29
[t=0.539244s, 53768 KB] systematic pattern collection generator total PDB size: 248
[t=0.539244s, 53768 KB] systematic pattern collection generator computation time: 0.0559677s
[t=0.539244s, 53768 KB] Computing PDBs for pattern collection...
[t=1.08266s, 62964 KB] Done computing PDBs for pattern collection: 0.543413s
[t=1.19858s, 62964 KB] Building successor generator...done!
[t=1.23854s, 74036 KB] peak memory difference for successor generator creation: 11072 KB
[t=1.23854s, 74036 KB] time for successor generation creation: 0.0399612s
[t=1.23854s, 74036 KB] Variables: 130
[t=1.23854s, 74036 KB] FactPairs: 301
[t=1.23854s, 74036 KB] Bytes per state: 20
[t=1.23854s, 74036 KB] Conducting best first search without reopening closed nodes, (real) bound = 2147483647
[t=1.23854s, 74036 KB] New best heuristic value for lsh(patterns=systematic(2),transform=adapt_costs(cost_type=normal)): 334
[t=1.23854s, 74036 KB] g=0, 1 evaluated, 0 expanded
[t=1.23854s, 74036 KB] Initial heuristic value for lsh(patterns=systematic(2),transform=adapt_costs(cost_type=normal)): 334
[t=1.23854s, 74036 KB] pruning method: none
[t=1.23854s, 74036 KB] New best heuristic value for lsh(patterns=systematic(2),transform=adapt_costs(cost_type=normal)): 246
[t=1.23854s, 74036 KB] g=60, 2 evaluated, 1 expanded
[t=1.23854s, 74036 KB] New best heuristic value for lsh(patterns=systematic(2),transform=adapt_costs(cost_type=normal)): 186
[t=1.23854s, 74036 KB] g=120, 13 evaluated, 2 expanded
[t=1.45842s, 74036 KB] New best heuristic value for lsh(patterns=systematic(2),transform=adapt_costs(cost_type=normal)): 185
[t=1.45842s, 74036 KB] g=367, 7573 evaluated, 6635 expanded
[t=1.45842s, 74036 KB] New best heuristic value for lsh(patterns=systematic(2),transform=adapt_costs(cost_type=normal)): 155
[t=1.45842s, 74036 KB] g=399, 7576 evaluated, 6638 expanded
[t=1.45842s, 74036 KB] New best heuristic value for lsh(patterns=systematic(2),transform=adapt_costs(cost_type=normal)): 125
[t=1.45842s, 74036 KB] g=429, 7587 evaluated, 6639 expanded
[t=1.45842s, 74036 KB] New best heuristic value for lsh(patterns=systematic(2),transform=adapt_costs(cost_type=normal)): 95
[t=1.45842s, 74036 KB] g=459, 7597 evaluated, 6640 expanded
[t=1.69418s, 74036 KB] New best heuristic value for lsh(patterns=systematic(2),transform=adapt_costs(cost_type=normal)): 94
[t=1.69418s, 74036 KB] g=650, 15742 evaluated, 13764 expanded
[t=1.69418s, 74036 KB] New best heuristic value for lsh(patterns=systematic(2),transform=adapt_costs(cost_type=normal)): 79
[t=1.69418s, 74036 KB] g=667, 15745 evaluated, 13767 expanded
[t=1.69418s, 74036 KB] New best heuristic value for lsh(patterns=systematic(2),transform=adapt_costs(cost_type=normal)): 64
[t=1.69418s, 74036 KB] g=682, 15757 evaluated, 13768 expanded
[t=1.69418s, 74036 KB] New best heuristic value for lsh(patterns=systematic(2),transform=adapt_costs(cost_type=normal)): 49
[t=1.69418s, 74036 KB] g=697, 15769 evaluated, 13769 expanded
[t=1.69418s, 74036 KB] New best heuristic value for lsh(patterns=systematic(2),transform=adapt_costs(cost_type=normal)): 34
[t=1.69418s, 74036 KB] g=712, 15780 evaluated, 13770 expanded
[t=1.73816s, 74036 KB] New best heuristic value for lsh(patterns=systematic(2),transform=adapt_costs(cost_type=normal)): 33
[t=1.73816s, 74036 KB] g=713, 17363 evaluated, 14678 expanded
[t=3.76892s, 74036 KB] New best heuristic value for lsh(patterns=systematic(2),transform=adapt_costs(cost_type=normal)): 27
[t=3.76892s, 74036 KB] g=789, 89305 evaluated, 80522 expanded
[t=3.76892s, 74036 KB] New best heuristic value for lsh(patterns=systematic(2),transform=adapt_costs(cost_type=normal)): 21
[t=3.76892s, 74036 KB] g=795, 89315 evaluated, 80523 expanded
[t=3.76892s, 74036 KB] New best heuristic value for lsh(patterns=systematic(2),transform=adapt_costs(cost_type=normal)): 15
[t=3.76892s, 74036 KB] g=801, 89324 evaluated, 80524 expanded
[t=3.76892s, 74036 KB] New best heuristic value for lsh(patterns=systematic(2),transform=adapt_costs(cost_type=normal)): 9
[t=3.76892s, 74036 KB] g=807, 89332 evaluated, 80525 expanded
[t=3.77293s, 74036 KB] New best heuristic value for lsh(patterns=systematic(2),transform=adapt_costs(cost_type=normal)): 3
[t=3.77293s, 74036 KB] g=813, 89440 evaluated, 80582 expanded
[t=3.77293s, 74036 KB] New best heuristic value for lsh(patterns=systematic(2),transform=adapt_costs(cost_type=normal)): 2
[t=3.77293s, 74036 KB] g=814, 89447 evaluated, 80583 expanded
[t=301.317s, 599428 KB] New best heuristic value for lsh(patterns=systematic(2),transform=adapt_costs(cost_type=normal)): 1
[t=301.317s, 599428 KB] g=1127, 10232160 evaluated, 10205832 expanded
[t=301.317s, 599428 KB] New best heuristic value for lsh(patterns=systematic(2),transform=adapt_costs(cost_type=normal)): 0
[t=301.317s, 599428 KB] g=1128, 10232167 evaluated, 10205833 expanded
[t=301.317s, 599428 KB] Solution found!
[t=301.317s, 599428 KB] Actual search time: 300.078s
collect_resource worker2 worker1 worker2 round1 act_clay clay (60)
collect_resource worker1 noworker worker2 round1 act_reed reed (60)
ag__finish_round_backhome round1 worker2 (1)
ag__finish_round_renew round1 noworker (1)
ag__advance_round_normal round1 round2 act_sheep (1)
collect_resource worker2 worker1 worker2 round2 act_wood wood (60)
plow_field worker1 noworker worker2 round2 (60)
ag__finish_round_backhome round2 worker2 (1)
ag__finish_round_renew round2 noworker (1)
ag__advance_round_normal round2 round3 act_family (1)
build_room worker2 worker1 worker2 worker3 round3 room3 (60)
family_growth worker1 noworker worker2 worker3 round3 clay room3 (60)
ag__finish_round_backhome_withchild round3 worker2 worker3 (1)
ag__finish_round_renew round3 noworker (1)
ag__advance_round_normal round3 round4 act_sow (1)
take_grain worker3 worker2 worker3 round4 carrot (30)
sow worker2 worker1 worker3 round4 carrot (30)
take_food worker1 noworker worker3 round4 num2 num3 (30)
ag__finish_round_backhome round4 worker3 (1)
ag__finish_round_renew round4 noworker (1)
ag__harvest_collecting_veg round4 stage1 carrot num3 num5 num6 (1)
ag__harvest_collect_end round4 stage1 (1)
ag__harvest_feed round4 stage1 worker3 num6 num6 num0 (1)
ag__harvest_breed_end round4 stage1 (1)
ag__finish_stage stage1 stage2 round4 round5 act_boar (1)
collect_resource worker3 worker2 worker3 round5 act_reed reed (30)
collect_resource worker2 worker1 worker3 round5 act_stone stone (30)
collect_resource worker1 noworker worker3 round5 act_wood wood (30)
ag__finish_round_backhome round5 worker3 (1)
ag__finish_round_renew round5 noworker (1)
ag__advance_round_normal round5 round6 act_carrot (1)
build_room worker3 worker2 worker3 worker4 round6 room4 (30)
family_growth worker2 worker1 worker3 worker4 round6 clay room4 (30)
take_grain worker1 noworker worker3 round6 carrot (30)
ag__finish_round_backhome_withchild round6 worker3 worker4 (1)
ag__finish_round_renew round6 noworker (1)
ag__advance_round_normal round6 round7 act_improve (1)
sow worker4 worker3 worker4 round7 carrot (15)
improve_home worker3 worker2 worker4 round7 oven (15)
take_grain worker2 worker1 worker4 round7 grain (15)
sow worker1 noworker worker4 round7 grain (15)
ag__finish_round_backhome round7 worker4 (1)
ag__finish_round_renew round7 noworker (1)
ag__harvest_collecting_fromoven round7 stage2 carrot num0 num2 num4 (1)
ag__harvest_collecting_fromoven round7 stage2 grain num4 num6 num8 (1)
ag__harvest_collect_end round7 stage2 (1)
ag__harvest_feed round7 stage2 worker4 num8 num8 num0 (1)
ag__harvest_breed_end round7 stage2 (1)
ag__finish_stage stage2 stage3 round7 round8 act_cattle (1)
collect_resource worker4 worker3 worker4 round8 act_clay clay (15)
collect_resource worker3 worker2 worker4 round8 act_stone stone (15)
improve_home worker2 worker1 worker4 round8 fireplace (15)
collect_cook_animal boar act_sheep worker1 noworker worker4 round8 num0 num2 (15)
ag__finish_round_backhome round8 worker4 (1)
ag__finish_round_renew round8 noworker (1)
ag__advance_round_normal round8 round9 void (1)
collect_cook_animal boar act_sheep worker4 worker3 worker4 round9 num2 num4 (15)
collect_cook_animal boar act_boar worker3 worker2 worker4 round9 num4 num6 (15)
collect_cook_animal boar act_cattle worker2 worker1 worker4 round9 num6 num8 (15)
collect_resource worker1 noworker worker4 round9 act_reed reed (15)
ag__finish_round_backhome round9 worker4 (1)
ag__finish_round_renew round9 noworker (1)
ag__harvest_collect_end round9 stage3 (1)
ag__harvest_feed round9 stage3 worker4 num8 num8 num0 (1)
ag__harvest_breed_end round9 stage3 (1)
ag__finish_stage stage3 stage4 round9 round10 void (1)
collect_resource worker4 worker3 worker4 round10 act_wood wood (15)
build_room worker3 worker2 worker4 worker5 round10 room5 (15)
family_growth worker2 worker1 worker4 worker5 round10 clay room5 (15)
take_grain worker1 noworker worker4 round10 carrot (15)
ag__finish_round_backhome_withchild round10 worker4 worker5 (1)
ag__finish_round_renew round10 noworker (1)
ag__advance_round_normal round10 round11 void (1)
sow worker5 worker4 worker5 round11 carrot (6)
collect_cook_animal boar act_sheep worker4 worker3 worker5 round11 num0 num2 (6)
collect_resource worker3 worker2 worker5 round11 act_clay clay (6)
take_grain worker2 worker1 worker5 round11 grain (6)
sow worker1 noworker worker5 round11 grain (6)
ag__finish_round_backhome round11 worker5 (1)
ag__finish_round_renew round11 noworker (1)
ag__harvest_collecting_fromoven round11 stage4 carrot num2 num4 num6 (1)
ag__harvest_collecting_fromoven round11 stage4 grain num6 num8 num10 (1)
ag__harvest_collect_end round11 stage4 (1)
ag__harvest_feed round11 stage4 worker5 num10 num10 num0 (1)
ag__harvest_breed_end round11 stage4 (1)
ag__finish_stage stage4 stage5 round11 round12 void (1)
collect_cook_animal boar act_sheep worker5 worker4 worker5 round12 num0 num2 (6)
collect_resource worker4 worker3 worker5 round12 act_clay clay (6)
take_grain worker3 worker2 worker5 round12 carrot (6)
sow worker2 worker1 worker5 round12 carrot (6)
take_food worker1 noworker worker5 round12 num2 num3 (6)
ag__finish_round_backhome round12 worker5 (1)
ag__finish_round_renew round12 noworker (1)
ag__advance_round_normal round12 round13 void (1)
take_grain worker5 worker4 worker5 round13 grain (6)
sow worker4 worker3 worker5 round13 grain (6)
build_fences boar worker3 worker2 worker5 round13 (6)
collect_animal boar act_sheep worker2 worker1 worker5 round13 (6)
take_food worker1 noworker worker5 round13 num3 num4 (6)
ag__finish_round_backhome round13 worker5 (1)
ag__finish_round_renew round13 noworker (1)
ag__harvest_collecting_fromoven round13 stage5 carrot num4 num6 num8 (1)
ag__harvest_collecting_fromoven round13 stage5 grain num8 num10 num12 (1)
ag__harvest_collect_end round13 stage5 (1)
ag__harvest_feed round13 stage5 worker5 num12 num10 num2 (1)
ag__harvest_breeding_animal round13 stage5 boar num2 num4 (1)
ag__harvest_breed_end round13 stage5 (1)
ag__finish_stage stage5 stage6 round13 round14 void (1)
collect_cook_animal boar act_sheep worker5 worker4 worker5 round14 num4 num6 (6)
collect_resource worker4 worker3 worker5 round14 act_clay clay (6)
take_grain worker3 worker2 worker5 round14 carrot (6)
sow worker2 worker1 worker5 round14 carrot (6)
take_food worker1 noworker worker5 round14 num6 num7 (6)
ag__finish_round_backhome round14 worker5 (1)
ag__finish_round_renew round14 noworker (1)
ag__harvest_collecting_fromoven round14 stage6 carrot num7 num9 num11 (1)
ag__harvest_collect_end round14 stage6 (1)
ag__harvest_feed round14 stage6 worker5 num11 num10 num1 (1)
ag__harvest_breeding_animal round14 stage6 boar num1 num3 (1)
ag__harvest_breed_end round14 stage6 (1)
ag__finish_stage stage6 stage7 round14 round15 void (1)
collect_cook_animal boar act_sheep worker5 worker4 worker5 round15 num3 num5 (6)
collect_resource worker4 worker3 worker5 round15 act_clay clay (6)
take_grain worker3 worker2 worker5 round15 carrot (6)
sow worker2 worker1 worker5 round15 carrot (6)
take_food worker1 noworker worker5 round15 num5 num6 (6)
ag__finish_round_backhome round15 worker5 (1)
ag__finish_round_renew round15 noworker (1)
ag__harvest_collecting_fromoven round15 stage7 carrot num6 num8 num10 (1)
ag__harvest_collect_end round15 stage7 (1)
ag__harvest_feed round15 stage7 worker5 num10 num10 num0 (1)
ag__harvest_breed_end round15 stage7 (1)
ag__finish_stage stage7 stage8 round15 round16 void (1)
collect_animal boar act_sheep worker5 worker4 worker5 round16 (6)
collect_resource worker4 worker3 worker5 round16 act_reed reed (6)
collect_resource worker3 worker2 worker5 round16 act_wood wood (6)
build_room worker2 worker1 worker5 worker6 round16 room6 (6)
family_growth worker1 noworker worker5 worker6 round16 clay room6 (6)
ag__finish_round_backhome_withchild round16 worker5 worker6 (1)
[t=301.317s, 599428 KB] Plan length: 139 step(s).
[t=301.317s, 599428 KB] Plan cost: 1128
[t=301.317s, 599428 KB] Expanded 10205834 state(s).
[t=301.317s, 599428 KB] Reopened 0 state(s).
[t=301.317s, 599428 KB] Evaluated 10232167 state(s).
[t=301.317s, 599428 KB] Evaluations: 10232167
[t=301.317s, 599428 KB] Generated 61973814 state(s).
[t=301.317s, 599428 KB] Dead ends: 0 state(s).
[t=301.317s, 599428 KB] Number of registered states: 10232167
[t=301.317s, 599428 KB] Int hash set load factor: 10232167/16777216 = 0.609885
[t=301.317s, 599428 KB] Int hash set resizes: 24
[t=301.317s, 599428 KB] Search time: 300.078s
[t=301.317s, 599428 KB] Total time: 301.317s
Solution found.
Peak memory: 599428 KB
Remove intermediate file output.sas
search exit code: 0

INFO     Running validate.
INFO     validate stdin: None
INFO     validate time limit: None
INFO     validate memory limit: None
INFO     validate command line string: /home/henry/bin/validate domain.pddl problem.pddl sas_plan
Checking plan: sas_plan
Plan executed successfully - checking goal
Plan valid
Final value: 1128 

Successful plans:
Value: 1128
 sas_plan 1128 

validate exit code: 0

INFO     Planner time: 316.53s
