INFO     planner time limit: 1800s
INFO     planner memory limit: 2048 MB

INFO     Running translator.
INFO     translator stdin: None
INFO     translator time limit: 1799s
INFO     translator memory limit: 2048 MB
INFO     translator command line string: /home/henry/Documents/UFRGS/TCC/downward/.venv/bin/python /home/henry/Documents/UFRGS/TCC/downward/experiments/lab/data/main/code-5bb2ccb6957559b6969ffd7e29254c73f84d5e49_e5e41175/builds/release/bin/translate/translate.py domain.pddl problem.pddl --sas-file output.sas
Parsing...
Parsing: [0.000s CPU, 0.002s wall-clock]
Normalizing task... [0.000s CPU, 0.000s wall-clock]
Instantiating...
Generating Datalog program... [0.000s CPU, 0.001s wall-clock]
Normalizing Datalog program...
Normalizing Datalog program: [0.000s CPU, 0.001s wall-clock]
Preparing model... [0.000s CPU, 0.001s wall-clock]
Generated 26 rules.
Computing model... [0.190s CPU, 0.180s wall-clock]
20626 relevant atoms
15960 auxiliary atoms
36586 final queue length
74016 total queue pushes
Completing instantiation... [0.600s CPU, 0.601s wall-clock]
Instantiating: [0.790s CPU, 0.790s wall-clock]
Computing fact groups...
Finding invariants...
9 initial candidates
Finding invariants: [0.010s CPU, 0.011s wall-clock]
Checking invariant weight... [0.000s CPU, 0.000s wall-clock]
Instantiating groups... [0.010s CPU, 0.003s wall-clock]
Collecting mutex groups... [0.000s CPU, 0.000s wall-clock]
Choosing groups...
0 uncovered facts
Choosing groups: [0.000s CPU, 0.001s wall-clock]
Building translation key... [0.000s CPU, 0.001s wall-clock]
Computing fact groups: [0.020s CPU, 0.020s wall-clock]
Building STRIPS to SAS dictionary... [0.000s CPU, 0.000s wall-clock]
Building dictionary for full mutex groups... [0.000s CPU, 0.000s wall-clock]
Building mutex information...
Building mutex information: [0.000s CPU, 0.000s wall-clock]
Translating task...
Processing axioms...
Simplifying axioms... [0.000s CPU, 0.000s wall-clock]
Translator axioms removed by simplifying: 0
Computing negative axioms... [0.000s CPU, 0.000s wall-clock]
Processing axioms: [0.030s CPU, 0.025s wall-clock]
Translating task: [0.520s CPU, 0.521s wall-clock]
0 effect conditions simplified
0 implied preconditions added
Detecting unreachable propositions...
0 operators removed
0 axioms removed
22 propositions removed
Detecting unreachable propositions: [0.320s CPU, 0.308s wall-clock]
Reordering and filtering variables...
22 of 22 variables necessary.
0 of 22 mutex groups necessary.
19424 of 19424 operators necessary.
0 of 0 axiom rules necessary.
Reordering and filtering variables: [0.060s CPU, 0.061s wall-clock]
Translator variables: 22
Translator derived variables: 0
Translator facts: 832
Translator goal facts: 14
Translator mutex groups: 0
Translator total mutex groups size: 0
Translator operators: 19424
Translator axioms: 0
Translator task size: 115588
Translator peak memory: 109156 KB
Writing output... [0.070s CPU, 0.082s wall-clock]
Done! [1.810s CPU, 1.815s wall-clock]
translate exit code: 0

INFO     Running search (release).
INFO     search stdin: output.sas
INFO     search time limit: 1798s
INFO     search memory limit: 2048 MB
INFO     search command line string: /home/henry/Documents/UFRGS/TCC/downward/experiments/lab/data/main/code-5bb2ccb6957559b6969ffd7e29254c73f84d5e49_e5e41175/builds/release/bin/downward --search 'eager_greedy([ff(transform=adapt_costs(cost_type=ONE))])' --internal-plan-file sas_plan < output.sas
[t=0s, 10544 KB] reading input...
[t=0.0639377s, 16856 KB] done reading input!
[t=0.0679441s, 18996 KB] Simplifying 38240 unary operators... done! [38240 unary operators]
[t=0.0879167s, 22344 KB] time to simplify: 0.0199726s
[t=0.0879167s, 22344 KB] Initializing additive heuristic...
[t=0.0879167s, 22344 KB] Initializing FF heuristic...
[t=0.0879167s, 22344 KB] Building successor generator...done!
[t=0.0959092s, 22832 KB] peak memory difference for successor generator creation: 488 KB
[t=0.0959092s, 22832 KB] time for successor generation creation: 0.00799252s
[t=0.0959092s, 22832 KB] Variables: 22
[t=0.0959092s, 22832 KB] FactPairs: 832
[t=0.0959092s, 22832 KB] Bytes per state: 16
[t=0.0959092s, 22832 KB] Conducting best first search without reopening closed nodes, (real) bound = 2147483647
[t=0.0959092s, 22832 KB] New best heuristic value for ff(transform=adapt_costs(cost_type=one)): 60
[t=0.0959092s, 22832 KB] g=0, 1 evaluated, 0 expanded
[t=0.0959092s, 22832 KB] Initial heuristic value for ff(transform=adapt_costs(cost_type=one)): 60
[t=0.0959092s, 22832 KB] pruning method: none
[t=0.31572s, 22832 KB] New best heuristic value for ff(transform=adapt_costs(cost_type=one)): 59
[t=0.31572s, 22832 KB] g=162, 460 evaluated, 65 expanded
[t=0.319725s, 22832 KB] New best heuristic value for ff(transform=adapt_costs(cost_type=one)): 58
[t=0.319725s, 22832 KB] g=191, 473 evaluated, 66 expanded
[t=4.81557s, 22832 KB] New best heuristic value for ff(transform=adapt_costs(cost_type=one)): 57
[t=4.81557s, 22832 KB] g=430, 9619 evaluated, 1596 expanded
[t=4.81956s, 22832 KB] New best heuristic value for ff(transform=adapt_costs(cost_type=one)): 56
[t=4.81956s, 22832 KB] g=459, 9631 evaluated, 1597 expanded
[t=36.2669s, 25588 KB] New best heuristic value for ff(transform=adapt_costs(cost_type=one)): 54
[t=36.2669s, 25588 KB] g=621, 72114 evaluated, 13165 expanded
[t=60.6007s, 29248 KB] New best heuristic value for ff(transform=adapt_costs(cost_type=one)): 52
[t=60.6007s, 29248 KB] g=1150, 121204 evaluated, 22778 expanded
[t=60.6047s, 29248 KB] New best heuristic value for ff(transform=adapt_costs(cost_type=one)): 51
[t=60.6047s, 29248 KB] g=1151, 121214 evaluated, 22779 expanded
[t=61.7555s, 29248 KB] New best heuristic value for ff(transform=adapt_costs(cost_type=one)): 50
[t=61.7555s, 29248 KB] g=1232, 123482 evaluated, 23166 expanded
[t=62.231s, 29248 KB] New best heuristic value for ff(transform=adapt_costs(cost_type=one)): 49
[t=62.231s, 29248 KB] g=1287, 124428 evaluated, 23293 expanded
[t=122.108s, 36840 KB] New best heuristic value for ff(transform=adapt_costs(cost_type=one)): 48
[t=122.108s, 36840 KB] g=1389, 243827 evaluated, 40197 expanded
[t=270.682s, 51216 KB] New best heuristic value for ff(transform=adapt_costs(cost_type=one)): 47
[t=270.682s, 51216 KB] g=1514, 541097 evaluated, 80563 expanded
Peak memory: 249592 KB
caught signal 24 -- exiting
Time limit has been reached.
Remove intermediate file output.sas
search exit code: 23

Driver aborting after search
INFO     Planner time: 1798.42s
