INFO     planner time limit: 1800s
INFO     planner memory limit: 2048 MB

INFO     Running translator.
INFO     translator stdin: None
INFO     translator time limit: 1799s
INFO     translator memory limit: 2048 MB
INFO     translator command line string: /home/henry/Documents/UFRGS/TCC/downward/.venv/bin/python /home/henry/Documents/UFRGS/TCC/downward/experiments/lab/data/main/code-fa850d1cb8d716322f299a4f9b64478019793ada_e5e41175/builds/release/bin/translate/translate.py domain.pddl problem.pddl --sas-file output.sas
Parsing...
Parsing: [0.010s CPU, 0.004s wall-clock]
Normalizing task... [0.000s CPU, 0.000s wall-clock]
Instantiating...
Generating Datalog program... [0.000s CPU, 0.000s wall-clock]
Normalizing Datalog program...
Normalizing Datalog program: [0.000s CPU, 0.001s wall-clock]
Preparing model... [0.000s CPU, 0.001s wall-clock]
Generated 90 rules.
Computing model... [0.000s CPU, 0.000s wall-clock]
65 relevant atoms
0 auxiliary atoms
65 final queue length
100 total queue pushes
Completing instantiation... [0.000s CPU, 0.001s wall-clock]
Instantiating: [0.000s CPU, 0.004s wall-clock]
Computing fact groups...
Finding invariants...
25 initial candidates
Finding invariants: [0.000s CPU, 0.008s wall-clock]
Checking invariant weight... [0.000s CPU, 0.000s wall-clock]
Instantiating groups... [0.000s CPU, 0.000s wall-clock]
Collecting mutex groups... [0.000s CPU, 0.000s wall-clock]
Choosing groups...
4 uncovered facts
Choosing groups: [0.000s CPU, 0.000s wall-clock]
Building translation key... [0.000s CPU, 0.000s wall-clock]
Computing fact groups: [0.000s CPU, 0.008s wall-clock]
Building STRIPS to SAS dictionary... [0.000s CPU, 0.000s wall-clock]
Building dictionary for full mutex groups... [0.000s CPU, 0.000s wall-clock]
Building mutex information...
Building mutex information: [0.000s CPU, 0.000s wall-clock]
Translating task...
Processing axioms...
Simplifying axioms... [0.000s CPU, 0.000s wall-clock]
Translator axioms removed by simplifying: 0
Computing negative axioms... [0.000s CPU, 0.000s wall-clock]
Processing axioms: [0.000s CPU, 0.000s wall-clock]
Translating task: [0.020s CPU, 0.001s wall-clock]
14 effect conditions simplified
0 implied preconditions added
Detecting unreachable propositions...
0 operators removed
0 axioms removed
9 propositions removed
Detecting unreachable propositions: [0.000s CPU, 0.001s wall-clock]
Reordering and filtering variables...
10 of 13 variables necessary.
0 of 9 mutex groups necessary.
33 of 39 operators necessary.
0 of 0 axiom rules necessary.
Reordering and filtering variables: [0.000s CPU, 0.000s wall-clock]
Translator variables: 10
Translator derived variables: 0
Translator facts: 23
Translator goal facts: 5
Translator mutex groups: 0
Translator total mutex groups size: 0
Translator operators: 33
Translator axioms: 0
Translator task size: 213
Translator peak memory: 31860 KB
Writing output... [0.000s CPU, 0.000s wall-clock]
Done! [0.030s CPU, 0.020s wall-clock]
translate exit code: 0

INFO     Running search (release).
INFO     search stdin: output.sas
INFO     search time limit: 1799s
INFO     search memory limit: 2048 MB
INFO     search command line string: /home/henry/Documents/UFRGS/TCC/downward/experiments/lab/data/main/code-fa850d1cb8d716322f299a4f9b64478019793ada_e5e41175/builds/release/bin/downward --search 'eager_greedy([operatorcounting(constraint_generators=[pho_constraints(patterns=systematic(4))], use_integer_operator_counts=true, transform=adapt_costs(cost_type=NORMAL))])' --internal-plan-file sas_plan < output.sas
[t=0s, 45596 KB] reading input...
[t=0.00030184s, 45596 KB] done reading input!
[t=0.00170735s, 45860 KB] Generating patterns using: systematic pattern collection generator
[t=0.00203803s, 45860 KB] building causal graph...done! [t=0s]
[t=0.00203803s, 45860 KB] Found 156 SGA patterns.
[t=0.00203803s, 45860 KB] Found 167 interesting patterns.
[t=0.00203803s, 45860 KB] systematic pattern collection generator number of patterns: 167
[t=0.00203803s, 45860 KB] systematic pattern collection generator total PDB size: 4333
[t=0.00203803s, 45860 KB] systematic pattern collection generator computation time: 0s
[t=0.00203803s, 45860 KB] Computing PDBs for pattern collection...
[t=0.00572474s, 45860 KB] Done computing PDBs for pattern collection: 0.00368671s
[t=0.00618914s, 46004 KB] Building successor generator...done!
[t=0.00671979s, 46004 KB] peak memory difference for successor generator creation: 0 KB
[t=0.00676675s, 46004 KB] time for successor generation creation: 0s
[t=0.00679396s, 46004 KB] Variables: 10
[t=0.00682261s, 46004 KB] FactPairs: 23
[t=0.00684786s, 46004 KB] Bytes per state: 4
[t=0.00687361s, 46004 KB] Conducting best first search without reopening closed nodes, (real) bound = 2147483647
[t=0.00692677s, 47380 KB] New best heuristic value for operatorcounting(constraint_generators=[pho_constraints(patterns=systematic(4))],use_integer_operator_counts=true,transform=adapt_costs(cost_type=normal)): 4
[t=0.00938775s, 47380 KB] g=0, 1 evaluated, 0 expanded
[t=0.00941724s, 47380 KB] Initial heuristic value for operatorcounting(constraint_generators=[pho_constraints(patterns=systematic(4))],use_integer_operator_counts=true,transform=adapt_costs(cost_type=normal)): 4
[t=0.00944702s, 47380 KB] pruning method: none
[t=0.00963191s, 47456 KB] New best heuristic value for operatorcounting(constraint_generators=[pho_constraints(patterns=systematic(4))],use_integer_operator_counts=true,transform=adapt_costs(cost_type=normal)): 3
[t=0.0119555s, 47456 KB] g=1, 2 evaluated, 1 expanded
[t=0.0362083s, 47488 KB] New best heuristic value for operatorcounting(constraint_generators=[pho_constraints(patterns=systematic(4))],use_integer_operator_counts=true,transform=adapt_costs(cost_type=normal)): 2
[t=0.0399796s, 47488 KB] g=8, 26 evaluated, 10 expanded
[t=0.0481147s, 47488 KB] New best heuristic value for operatorcounting(constraint_generators=[pho_constraints(patterns=systematic(4))],use_integer_operator_counts=true,transform=adapt_costs(cost_type=normal)): 1
[t=0.0515125s, 47488 KB] g=10, 36 evaluated, 17 expanded
[t=0.052049s, 47488 KB] New best heuristic value for operatorcounting(constraint_generators=[pho_constraints(patterns=systematic(4))],use_integer_operator_counts=true,transform=adapt_costs(cost_type=normal)): 0
[t=0.0521177s, 47488 KB] g=11, 37 evaluated, 18 expanded
[t=0.052138s, 47488 KB] Solution found!
[t=0.0521589s, 47488 KB] Actual search time: 0.0426749s
wait_cb1  (1)
wait_cb1-condeff0-yes  (1)
wait_cb1-condeff1-yes  (1)
wait_cb1-endof-condeffs  (1)
open-sd4  (1)
open-sd6  (1)
close_cb1  (1)
wait_cb1  (1)
wait_cb1-condeff0-no-0  (1)
wait_cb1-condeff1-no-0  (1)
wait_cb1-endof-condeffs  (1)
[t=0.0521794s, 47488 KB] Plan length: 11 step(s).
[t=0.0521794s, 47488 KB] Plan cost: 11
[t=0.0521794s, 47488 KB] Expanded 19 state(s).
[t=0.0521794s, 47488 KB] Reopened 0 state(s).
[t=0.0521794s, 47488 KB] Evaluated 37 state(s).
[t=0.0521794s, 47488 KB] Evaluations: 37
[t=0.0521794s, 47488 KB] Generated 46 state(s).
[t=0.0521794s, 47488 KB] Dead ends: 0 state(s).
[t=0.0521794s, 47488 KB] Number of registered states: 37
[t=0.0521794s, 47488 KB] Int hash set load factor: 37/64 = 0.578125
[t=0.0521794s, 47488 KB] Int hash set resizes: 6
[t=0.0521794s, 47488 KB] Search time: 0.0453058s
[t=0.0521794s, 47488 KB] Total time: 0.0521794s
Solution found.
Peak memory: 47488 KB
Remove intermediate file output.sas
search exit code: 0

INFO     Running validate.
INFO     validate stdin: None
INFO     validate time limit: None
INFO     validate memory limit: None
INFO     validate command line string: /home/henry/bin/validate domain.pddl problem.pddl sas_plan
Checking plan: sas_plan
Plan executed successfully - checking goal
Plan valid
Final value: 11 

Successful plans:
Value: 11
 sas_plan 11 

validate exit code: 0

INFO     Planner time: 0.14s
