INFO     planner time limit: 1800s
INFO     planner memory limit: 2048 MB

INFO     Running translator.
INFO     translator stdin: None
INFO     translator time limit: 1799s
INFO     translator memory limit: 2048 MB
INFO     translator command line string: /home/henry/Documents/UFRGS/TCC/downward/.venv/bin/python /home/henry/Documents/UFRGS/TCC/downward/experiments/lab/data/main/code-5bb2ccb6957559b6969ffd7e29254c73f84d5e49_e5e41175/builds/release/bin/translate/translate.py domain.pddl problem.pddl --sas-file output.sas
Parsing...
Parsing: [0.000s CPU, 0.001s wall-clock]
Normalizing task... [0.000s CPU, 0.000s wall-clock]
Instantiating...
Generating Datalog program... [0.000s CPU, 0.000s wall-clock]
Normalizing Datalog program...
Normalizing Datalog program: [0.000s CPU, 0.001s wall-clock]
Preparing model... [0.000s CPU, 0.001s wall-clock]
Generated 41 rules.
Computing model... [0.010s CPU, 0.010s wall-clock]
2284 relevant atoms
603 auxiliary atoms
2887 final queue length
4996 total queue pushes
Completing instantiation... [0.050s CPU, 0.038s wall-clock]
Instantiating: [0.060s CPU, 0.051s wall-clock]
Computing fact groups...
Finding invariants...
18 initial candidates
Finding invariants: [0.000s CPU, 0.003s wall-clock]
Checking invariant weight... [0.000s CPU, 0.001s wall-clock]
Instantiating groups... [0.000s CPU, 0.001s wall-clock]
Collecting mutex groups... [0.000s CPU, 0.000s wall-clock]
Choosing groups...
43 uncovered facts
Choosing groups: [0.000s CPU, 0.000s wall-clock]
Building translation key... [0.000s CPU, 0.000s wall-clock]
Computing fact groups: [0.000s CPU, 0.006s wall-clock]
Building STRIPS to SAS dictionary... [0.000s CPU, 0.000s wall-clock]
Building dictionary for full mutex groups... [0.000s CPU, 0.000s wall-clock]
Building mutex information...
Building mutex information: [0.000s CPU, 0.000s wall-clock]
Translating task...
Processing axioms...
Simplifying axioms... [0.000s CPU, 0.000s wall-clock]
Translator axioms removed by simplifying: 0
Computing negative axioms... [0.000s CPU, 0.000s wall-clock]
Processing axioms: [0.010s CPU, 0.002s wall-clock]
Translating task: [0.060s CPU, 0.059s wall-clock]
3016 effect conditions simplified
0 implied preconditions added
Detecting unreachable propositions...
0 operators removed
0 axioms removed
3 propositions removed
Detecting unreachable propositions: [0.020s CPU, 0.022s wall-clock]
Reordering and filtering variables...
59 of 59 variables necessary.
13 of 42 mutex groups necessary.
1973 of 1973 operators necessary.
0 of 0 axiom rules necessary.
Reordering and filtering variables: [0.010s CPU, 0.010s wall-clock]
Translator variables: 59
Translator derived variables: 0
Translator facts: 176
Translator goal facts: 10
Translator mutex groups: 13
Translator total mutex groups size: 26
Translator operators: 1973
Translator axioms: 0
Translator task size: 13405
Translator peak memory: 39900 KB
Writing output... [0.010s CPU, 0.009s wall-clock]
Done! [0.170s CPU, 0.163s wall-clock]
translate exit code: 0

INFO     Running search (release).
INFO     search stdin: output.sas
INFO     search time limit: 1799s
INFO     search memory limit: 2048 MB
INFO     search command line string: /home/henry/Documents/UFRGS/TCC/downward/experiments/lab/data/main/code-5bb2ccb6957559b6969ffd7e29254c73f84d5e49_e5e41175/builds/release/bin/downward --search 'eager_greedy([ilsh(patterns=systematic(2), transform=adapt_costs(cost_type=NORMAL))])' --internal-plan-file sas_plan < output.sas
[t=0s, 10544 KB] reading input...
[t=0.00702027s, 11128 KB] done reading input!
[t=0.00702027s, 11524 KB] Generating patterns using: systematic pattern collection generator
[t=0.00702027s, 11524 KB] building causal graph...done! [t=0s]
[t=0.00702027s, 11524 KB] Found 222 SGA patterns.
[t=0.00702027s, 11524 KB] Found 222 interesting patterns.
[t=0.00702027s, 11524 KB] systematic pattern collection generator number of patterns: 222
[t=0.00702027s, 11524 KB] systematic pattern collection generator total PDB size: 2028
[t=0.00702027s, 11524 KB] systematic pattern collection generator computation time: 0s
[t=0.00702027s, 11524 KB] Computing PDBs for pattern collection...
[t=0.0669813s, 11524 KB] Done computing PDBs for pattern collection: 0.059961s
[t=0.0749708s, 11964 KB] Tie breaking: 2
[t=0.0749708s, 11964 KB] Building successor generator...done!
[t=0.0749708s, 12096 KB] peak memory difference for successor generator creation: 132 KB
[t=0.0749708s, 12096 KB] time for successor generation creation: 0s
[t=0.0749708s, 12096 KB] Variables: 59
[t=0.0749708s, 12096 KB] FactPairs: 176
[t=0.0749708s, 12096 KB] Bytes per state: 12
[t=0.0749708s, 12096 KB] Conducting best first search without reopening closed nodes, (real) bound = 2147483647
[t=0.0829558s, 12096 KB] New best heuristic value for ilsh(patterns=systematic(2),transform=adapt_costs(cost_type=normal)): 10
[t=0.0829558s, 12096 KB] g=0, 1 evaluated, 0 expanded
[t=0.0829558s, 12096 KB] Initial heuristic value for ilsh(patterns=systematic(2),transform=adapt_costs(cost_type=normal)): 10
[t=0.0829558s, 12096 KB] pruning method: none
Peak memory: 28396 KB
caught signal 24 -- exiting
Time limit has been reached.
Remove intermediate file output.sas
search exit code: 23

Driver aborting after search
INFO     Planner time: 1798.05s
