INFO     planner time limit: 1800s
INFO     planner memory limit: 2048 MB

INFO     Running translator.
INFO     translator stdin: None
INFO     translator time limit: 1799s
INFO     translator memory limit: 2048 MB
INFO     translator command line string: /home/henry/Documents/UFRGS/TCC/downward/.venv/bin/python /home/henry/Documents/UFRGS/TCC/downward/experiments/lab/data/main/code-5bb2ccb6957559b6969ffd7e29254c73f84d5e49_e5e41175/builds/release/bin/translate/translate.py domain.pddl problem.pddl --sas-file output.sas
Parsing...
Parsing: [0.000s CPU, 0.003s wall-clock]
Normalizing task... [0.000s CPU, 0.000s wall-clock]
Instantiating...
Generating Datalog program... [0.000s CPU, 0.001s wall-clock]
Normalizing Datalog program...
Normalizing Datalog program: [0.000s CPU, 0.003s wall-clock]
Preparing model... [0.000s CPU, 0.002s wall-clock]
Generated 61 rules.
Computing model... [0.070s CPU, 0.068s wall-clock]
4450 relevant atoms
9198 auxiliary atoms
13648 final queue length
20464 total queue pushes
Completing instantiation... [0.120s CPU, 0.114s wall-clock]
Instantiating: [0.190s CPU, 0.191s wall-clock]
Computing fact groups...
Finding invariants...
9 initial candidates
Finding invariants: [0.000s CPU, 0.006s wall-clock]
Checking invariant weight... [0.000s CPU, 0.000s wall-clock]
Instantiating groups... [0.000s CPU, 0.000s wall-clock]
Collecting mutex groups... [0.000s CPU, 0.000s wall-clock]
Choosing groups...
160 uncovered facts
Choosing groups: [0.000s CPU, 0.000s wall-clock]
Building translation key... [0.010s CPU, 0.000s wall-clock]
Computing fact groups: [0.010s CPU, 0.008s wall-clock]
Building STRIPS to SAS dictionary... [0.000s CPU, 0.000s wall-clock]
Building dictionary for full mutex groups... [0.000s CPU, 0.000s wall-clock]
Building mutex information...
Building mutex information: [0.000s CPU, 0.000s wall-clock]
Translating task...
Processing axioms...
Simplifying axioms... [0.000s CPU, 0.000s wall-clock]
Translator axioms removed by simplifying: 0
Computing negative axioms... [0.000s CPU, 0.000s wall-clock]
Processing axioms: [0.000s CPU, 0.008s wall-clock]
Translating task: [0.130s CPU, 0.133s wall-clock]
644 effect conditions simplified
0 implied preconditions added
Detecting unreachable propositions...
4 operators removed
0 axioms removed
12 propositions removed
Detecting unreachable propositions: [0.040s CPU, 0.043s wall-clock]
Reordering and filtering variables...
160 of 160 variables necessary.
0 of 4 mutex groups necessary.
3864 of 3864 operators necessary.
0 of 0 axiom rules necessary.
Reordering and filtering variables: [0.020s CPU, 0.014s wall-clock]
Translator variables: 160
Translator derived variables: 0
Translator facts: 356
Translator goal facts: 8
Translator mutex groups: 0
Translator total mutex groups size: 0
Translator operators: 3864
Translator axioms: 0
Translator task size: 23859
Translator peak memory: 47452 KB
Writing output... [0.020s CPU, 0.017s wall-clock]
Done! [0.410s CPU, 0.417s wall-clock]
translate exit code: 0

INFO     Running search (release).
INFO     search stdin: output.sas
INFO     search time limit: 1799s
INFO     search memory limit: 2048 MB
INFO     search command line string: /home/henry/Documents/UFRGS/TCC/downward/experiments/lab/data/main/code-5bb2ccb6957559b6969ffd7e29254c73f84d5e49_e5e41175/builds/release/bin/downward --search 'eager_greedy([lsh(patterns=systematic(4), transform=adapt_costs(cost_type=NORMAL))])' --internal-plan-file sas_plan < output.sas
[t=0s, 10544 KB] reading input...
[t=0.0147097s, 11832 KB] done reading input!
[t=0.0147097s, 12228 KB] Generating patterns using: systematic pattern collection generator
[t=0.0147097s, 12228 KB] building causal graph...done! [t=0.003972s]
[t=0.0186817s, 12368 KB] Found 948 SGA patterns.
[t=0.0186817s, 12368 KB] Found 948 interesting patterns.
[t=0.0186817s, 12368 KB] systematic pattern collection generator number of patterns: 948
[t=0.0186817s, 12368 KB] systematic pattern collection generator total PDB size: 54496
[t=0.0186817s, 12368 KB] systematic pattern collection generator computation time: 0.003972s
[t=0.0186817s, 12368 KB] Computing PDBs for pattern collection...
[t=0.562133s, 12876 KB] Done computing PDBs for pattern collection: 0.543451s
[t=0.622107s, 18980 KB] Building successor generator...done!
[t=0.622107s, 19308 KB] peak memory difference for successor generator creation: 328 KB
[t=0.622107s, 19308 KB] time for successor generation creation: 0s
[t=0.622107s, 19308 KB] Variables: 160
[t=0.622107s, 19308 KB] FactPairs: 356
[t=0.622107s, 19308 KB] Bytes per state: 24
[t=0.622107s, 19308 KB] Conducting best first search without reopening closed nodes, (real) bound = 2147483647
[t=0.626104s, 19308 KB] New best heuristic value for lsh(patterns=systematic(4),transform=adapt_costs(cost_type=normal)): 146
[t=0.626104s, 19308 KB] g=0, 1 evaluated, 0 expanded
[t=0.626104s, 19308 KB] Initial heuristic value for lsh(patterns=systematic(4),transform=adapt_costs(cost_type=normal)): 146
[t=0.626104s, 19308 KB] pruning method: none
[t=0.626104s, 19308 KB] New best heuristic value for lsh(patterns=systematic(4),transform=adapt_costs(cost_type=normal)): 142
[t=0.626104s, 19308 KB] g=44, 17 evaluated, 5 expanded
[t=0.626104s, 19308 KB] New best heuristic value for lsh(patterns=systematic(4),transform=adapt_costs(cost_type=normal)): 138
[t=0.626104s, 19308 KB] g=96, 153 evaluated, 33 expanded
[t=0.630107s, 19308 KB] New best heuristic value for lsh(patterns=systematic(4),transform=adapt_costs(cost_type=normal)): 108
[t=0.630107s, 19308 KB] g=127, 277 evaluated, 45 expanded
[t=0.630107s, 19308 KB] New best heuristic value for lsh(patterns=systematic(4),transform=adapt_costs(cost_type=normal)): 93
[t=0.630107s, 19308 KB] g=142, 299 evaluated, 46 expanded
[t=0.961995s, 20236 KB] New best heuristic value for lsh(patterns=systematic(4),transform=adapt_costs(cost_type=normal)): 88
[t=0.961995s, 20236 KB] g=204, 18217 evaluated, 2860 expanded
[t=1.35788s, 21564 KB] New best heuristic value for lsh(patterns=systematic(4),transform=adapt_costs(cost_type=normal)): 80
[t=1.36188s, 21564 KB] g=241, 40872 evaluated, 5339 expanded
[t=1.36188s, 21564 KB] New best heuristic value for lsh(patterns=systematic(4),transform=adapt_costs(cost_type=normal)): 78
[t=1.36188s, 21564 KB] g=243, 40893 evaluated, 5340 expanded
[t=3.61313s, 29372 KB] New best heuristic value for lsh(patterns=systematic(4),transform=adapt_costs(cost_type=normal)): 66
[t=3.61313s, 29372 KB] g=304, 175249 evaluated, 21058 expanded
[t=3.61313s, 29372 KB] New best heuristic value for lsh(patterns=systematic(4),transform=adapt_costs(cost_type=normal)): 62
[t=3.61313s, 29372 KB] g=308, 175268 evaluated, 21059 expanded
Failed to allocate memory.
Memory limit has been reached.
Peak memory: 2097056 KB
Remove intermediate file output.sas
search exit code: 22

Driver aborting after search
INFO     Planner time: 590.40s
