INFO     planner time limit: 1800s
INFO     planner memory limit: 2048 MB

INFO     Running translator.
INFO     translator stdin: None
INFO     translator time limit: 1799s
INFO     translator memory limit: 2048 MB
INFO     translator command line string: /home/henry/Documents/UFRGS/TCC/downward/.venv/bin/python /home/henry/Documents/UFRGS/TCC/downward/experiments/lab/data/main/code-fa850d1cb8d716322f299a4f9b64478019793ada_e5e41175/builds/release/bin/translate/translate.py domain.pddl problem.pddl --sas-file output.sas
Parsing...
Parsing: [0.000s CPU, 0.001s wall-clock]
Normalizing task... [0.000s CPU, 0.000s wall-clock]
Instantiating...
Generating Datalog program... [0.000s CPU, 0.000s wall-clock]
Normalizing Datalog program...
Normalizing Datalog program: [0.000s CPU, 0.001s wall-clock]
Preparing model... [0.000s CPU, 0.001s wall-clock]
Generated 26 rules.
Computing model... [0.000s CPU, 0.006s wall-clock]
564 relevant atoms
610 auxiliary atoms
1174 final queue length
1933 total queue pushes
Completing instantiation... [0.010s CPU, 0.010s wall-clock]
Instantiating: [0.010s CPU, 0.017s wall-clock]
Computing fact groups...
Finding invariants...
9 initial candidates
Finding invariants: [0.010s CPU, 0.002s wall-clock]
Checking invariant weight... [0.000s CPU, 0.000s wall-clock]
Instantiating groups... [0.000s CPU, 0.000s wall-clock]
Collecting mutex groups... [0.000s CPU, 0.000s wall-clock]
Choosing groups...
0 uncovered facts
Choosing groups: [0.000s CPU, 0.000s wall-clock]
Building translation key... [0.000s CPU, 0.000s wall-clock]
Computing fact groups: [0.010s CPU, 0.002s wall-clock]
Building STRIPS to SAS dictionary... [0.000s CPU, 0.000s wall-clock]
Building dictionary for full mutex groups... [0.000s CPU, 0.000s wall-clock]
Building mutex information...
Building mutex information: [0.000s CPU, 0.000s wall-clock]
Translating task...
Processing axioms...
Simplifying axioms... [0.000s CPU, 0.000s wall-clock]
Translator axioms removed by simplifying: 0
Computing negative axioms... [0.000s CPU, 0.000s wall-clock]
Processing axioms: [0.000s CPU, 0.001s wall-clock]
Translating task: [0.010s CPU, 0.011s wall-clock]
0 effect conditions simplified
0 implied preconditions added
Detecting unreachable propositions...
0 operators removed
0 axioms removed
7 propositions removed
Detecting unreachable propositions: [0.000s CPU, 0.004s wall-clock]
Reordering and filtering variables...
7 of 7 variables necessary.
0 of 7 mutex groups necessary.
424 of 424 operators necessary.
0 of 0 axiom rules necessary.
Reordering and filtering variables: [0.000s CPU, 0.001s wall-clock]
Translator variables: 7
Translator derived variables: 0
Translator facts: 56
Translator goal facts: 3
Translator mutex groups: 0
Translator total mutex groups size: 0
Translator operators: 424
Translator axioms: 0
Translator task size: 2490
Translator peak memory: 33396 KB
Writing output... [0.010s CPU, 0.002s wall-clock]
Done! [0.040s CPU, 0.040s wall-clock]
translate exit code: 0

INFO     Running search (release).
INFO     search stdin: output.sas
INFO     search time limit: 1799s
INFO     search memory limit: 2048 MB
INFO     search command line string: /home/henry/Documents/UFRGS/TCC/downward/experiments/lab/data/main/code-fa850d1cb8d716322f299a4f9b64478019793ada_e5e41175/builds/release/bin/downward --search 'eager_greedy([lsh(patterns=systematic(4), transform=adapt_costs(cost_type=NORMAL))])' --internal-plan-file sas_plan < output.sas
[t=0s, 45596 KB] reading input...
[t=0s, 45728 KB] done reading input!
[t=0.0039998s, 45992 KB] Generating patterns using: systematic pattern collection generator
[t=0.0039998s, 45992 KB] building causal graph...done! [t=0s]
[t=0.0039998s, 45992 KB] Found 68 SGA patterns.
[t=0.0039998s, 45992 KB] Found 79 interesting patterns.
[t=0.0039998s, 45992 KB] systematic pattern collection generator number of patterns: 79
[t=0.0039998s, 45992 KB] systematic pattern collection generator total PDB size: 147980
[t=0.0039998s, 45992 KB] systematic pattern collection generator computation time: 0s
[t=0.0039998s, 45992 KB] Computing PDBs for pattern collection...
[t=0.0399577s, 46568 KB] Done computing PDBs for pattern collection: 0.0359579s
[t=0.0439689s, 46956 KB] Building successor generator...done!
[t=0.0439689s, 46956 KB] peak memory difference for successor generator creation: 0 KB
[t=0.0439689s, 46956 KB] time for successor generation creation: 0s
[t=0.0439689s, 46956 KB] Variables: 7
[t=0.0439689s, 46956 KB] FactPairs: 56
[t=0.0439689s, 46956 KB] Bytes per state: 4
[t=0.0439689s, 46956 KB] Conducting best first search without reopening closed nodes, (real) bound = 2147483647
[t=0.0439689s, 46956 KB] New best heuristic value for lsh(patterns=systematic(4),transform=adapt_costs(cost_type=normal)): 627
[t=0.0439689s, 46956 KB] g=0, 1 evaluated, 0 expanded
[t=0.0439689s, 46956 KB] Initial heuristic value for lsh(patterns=systematic(4),transform=adapt_costs(cost_type=normal)): 627
[t=0.0439689s, 46956 KB] pruning method: none
[t=0.0439689s, 46956 KB] New best heuristic value for lsh(patterns=systematic(4),transform=adapt_costs(cost_type=normal)): 592
[t=0.0439689s, 46956 KB] g=39, 2 evaluated, 1 expanded
[t=0.0439689s, 46956 KB] New best heuristic value for lsh(patterns=systematic(4),transform=adapt_costs(cost_type=normal)): 584
[t=0.0439689s, 46956 KB] g=47, 3 evaluated, 1 expanded
[t=0.0439689s, 46956 KB] New best heuristic value for lsh(patterns=systematic(4),transform=adapt_costs(cost_type=normal)): 549
[t=0.0439689s, 46956 KB] g=86, 7 evaluated, 2 expanded
[t=0.0439689s, 46956 KB] New best heuristic value for lsh(patterns=systematic(4),transform=adapt_costs(cost_type=normal)): 446
[t=0.0439689s, 46956 KB] g=225, 11 evaluated, 3 expanded
[t=0.0439689s, 46956 KB] New best heuristic value for lsh(patterns=systematic(4),transform=adapt_costs(cost_type=normal)): 403
[t=0.0439689s, 46956 KB] g=248, 14 evaluated, 4 expanded
[t=0.0439689s, 46956 KB] New best heuristic value for lsh(patterns=systematic(4),transform=adapt_costs(cost_type=normal)): 360
[t=0.0439689s, 46956 KB] g=291, 20 evaluated, 5 expanded
[t=0.0439689s, 46956 KB] New best heuristic value for lsh(patterns=systematic(4),transform=adapt_costs(cost_type=normal)): 317
[t=0.0439689s, 46956 KB] g=334, 26 evaluated, 6 expanded
[t=0.0439689s, 46956 KB] New best heuristic value for lsh(patterns=systematic(4),transform=adapt_costs(cost_type=normal)): 316
[t=0.0439689s, 46956 KB] g=335, 31 evaluated, 7 expanded
[t=0.0439689s, 46956 KB] New best heuristic value for lsh(patterns=systematic(4),transform=adapt_costs(cost_type=normal)): 315
[t=0.0439689s, 46956 KB] g=336, 38 evaluated, 8 expanded
[t=0.0439689s, 46956 KB] New best heuristic value for lsh(patterns=systematic(4),transform=adapt_costs(cost_type=normal)): 272
[t=0.0439689s, 46956 KB] g=379, 43 evaluated, 9 expanded
[t=0.0439689s, 46956 KB] New best heuristic value for lsh(patterns=systematic(4),transform=adapt_costs(cost_type=normal)): 261
[t=0.0439689s, 46956 KB] g=562, 67 evaluated, 13 expanded
[t=0.0439689s, 46956 KB] New best heuristic value for lsh(patterns=systematic(4),transform=adapt_costs(cost_type=normal)): 218
[t=0.0439689s, 46956 KB] g=701, 73 evaluated, 14 expanded
[t=0.0439689s, 46956 KB] New best heuristic value for lsh(patterns=systematic(4),transform=adapt_costs(cost_type=normal)): 89
[t=0.0439689s, 46956 KB] g=840, 85 evaluated, 15 expanded
[t=0.0439689s, 46956 KB] New best heuristic value for lsh(patterns=systematic(4),transform=adapt_costs(cost_type=normal)): 46
[t=0.0439689s, 46956 KB] g=875, 88 evaluated, 16 expanded
[t=0.0439689s, 46956 KB] New best heuristic value for lsh(patterns=systematic(4),transform=adapt_costs(cost_type=normal)): 45
[t=0.0439689s, 46956 KB] g=876, 97 evaluated, 17 expanded
[t=0.0439689s, 46956 KB] New best heuristic value for lsh(patterns=systematic(4),transform=adapt_costs(cost_type=normal)): 44
[t=0.0439689s, 46956 KB] g=877, 109 evaluated, 18 expanded
[t=0.0439689s, 46956 KB] New best heuristic value for lsh(patterns=systematic(4),transform=adapt_costs(cost_type=normal)): 1
[t=0.0439689s, 46956 KB] g=916, 115 evaluated, 19 expanded
[t=0.0439689s, 46956 KB] New best heuristic value for lsh(patterns=systematic(4),transform=adapt_costs(cost_type=normal)): 0
[t=0.0439689s, 46956 KB] g=917, 121 evaluated, 20 expanded
[t=0.0439689s, 46956 KB] Solution found!
[t=0.0439689s, 46956 KB] Actual search time: 0s
drive truck-2 city-2-loc-3 city-2-loc-4 (47)
drive truck-1 city-2-loc-3 city-2-loc-2 (39)
drive truck-1 city-2-loc-2 city-1-loc-1 (139)
drive truck-2 city-2-loc-4 city-2-loc-2 (23)
drive truck-1 city-1-loc-1 city-1-loc-3 (43)
drive truck-1 city-1-loc-3 city-1-loc-2 (43)
pick-up truck-1 city-1-loc-2 package-1 capacity-1 capacity-2 (1)
pick-up truck-1 city-1-loc-2 package-2 capacity-0 capacity-1 (1)
drive truck-1 city-1-loc-2 city-1-loc-3 (43)
drive truck-1 city-1-loc-3 city-1-loc-1 (43)
drive truck-2 city-2-loc-2 city-1-loc-1 (139)
pick-up truck-2 city-1-loc-1 package-3 capacity-2 capacity-3 (1)
drive truck-2 city-1-loc-1 city-2-loc-2 (139)
drive truck-1 city-1-loc-1 city-2-loc-2 (139)
drive truck-2 city-2-loc-2 city-2-loc-1 (35)
drop truck-2 city-2-loc-1 package-3 capacity-2 capacity-3 (1)
drop truck-1 city-2-loc-2 package-1 capacity-0 capacity-1 (1)
drive truck-1 city-2-loc-2 city-2-loc-3 (39)
drop truck-1 city-2-loc-3 package-2 capacity-1 capacity-2 (1)
[t=0.0439689s, 46956 KB] Plan length: 19 step(s).
[t=0.0439689s, 46956 KB] Plan cost: 917
[t=0.0439689s, 46956 KB] Expanded 21 state(s).
[t=0.0439689s, 46956 KB] Reopened 0 state(s).
[t=0.0439689s, 46956 KB] Evaluated 121 state(s).
[t=0.0439689s, 46956 KB] Evaluations: 121
[t=0.0439689s, 46956 KB] Generated 157 state(s).
[t=0.0439689s, 46956 KB] Dead ends: 0 state(s).
[t=0.0439689s, 46956 KB] Number of registered states: 121
[t=0.0439689s, 46956 KB] Int hash set load factor: 121/128 = 0.945312
[t=0.0439689s, 46956 KB] Int hash set resizes: 7
[t=0.0439689s, 46956 KB] Search time: 0s
[t=0.0439689s, 46956 KB] Total time: 0.0439689s
Solution found.
Peak memory: 46956 KB
Remove intermediate file output.sas
search exit code: 0

INFO     Running validate.
INFO     validate stdin: None
INFO     validate time limit: None
INFO     validate memory limit: None
INFO     validate command line string: /home/henry/bin/validate domain.pddl problem.pddl sas_plan
Checking plan: sas_plan
Plan executed successfully - checking goal
Plan valid
Final value: 917 

Successful plans:
Value: 917
 sas_plan 917 

validate exit code: 0

INFO     Planner time: 0.14s
