INFO     planner time limit: 1800s
INFO     planner memory limit: 2048 MB

INFO     Running translator.
INFO     translator stdin: None
INFO     translator time limit: 1799s
INFO     translator memory limit: 2048 MB
INFO     translator command line string: /home/henry/Documents/UFRGS/TCC/downward/.venv/bin/python /home/henry/Documents/UFRGS/TCC/downward/experiments/lab/data/main/code-5bb2ccb6957559b6969ffd7e29254c73f84d5e49_e5e41175/builds/release/bin/translate/translate.py domain.pddl problem.pddl --sas-file output.sas
Parsing...
Parsing: [0.010s CPU, 0.001s wall-clock]
Normalizing task... [0.000s CPU, 0.000s wall-clock]
Instantiating...
Generating Datalog program... [0.000s CPU, 0.001s wall-clock]
Normalizing Datalog program...
Normalizing Datalog program: [0.000s CPU, 0.001s wall-clock]
Preparing model... [0.000s CPU, 0.001s wall-clock]
Generated 32 rules.
Computing model... [0.880s CPU, 0.886s wall-clock]
151565 relevant atoms
10122 auxiliary atoms
161687 final queue length
490508 total queue pushes
Completing instantiation... [5.060s CPU, 5.055s wall-clock]
Instantiating: [5.960s CPU, 5.972s wall-clock]
Computing fact groups...
Finding invariants...
12 initial candidates
Finding invariants: [0.010s CPU, 0.011s wall-clock]
Checking invariant weight... [0.000s CPU, 0.000s wall-clock]
Instantiating groups... [0.010s CPU, 0.008s wall-clock]
Collecting mutex groups... [0.000s CPU, 0.001s wall-clock]
Choosing groups...
101 uncovered facts
Choosing groups: [0.010s CPU, 0.005s wall-clock]
Building translation key... [0.000s CPU, 0.002s wall-clock]
Computing fact groups: [0.030s CPU, 0.034s wall-clock]
Building STRIPS to SAS dictionary... [0.000s CPU, 0.001s wall-clock]
Building dictionary for full mutex groups... [0.010s CPU, 0.002s wall-clock]
Building mutex information...
Building mutex information: [0.000s CPU, 0.002s wall-clock]
Translating task...
Processing axioms...
Simplifying axioms... [0.000s CPU, 0.000s wall-clock]
Translator axioms removed by simplifying: 0
Computing negative axioms... [0.000s CPU, 0.000s wall-clock]
Processing axioms: [0.180s CPU, 0.183s wall-clock]
Translating task: [5.390s CPU, 5.404s wall-clock]
177600 effect conditions simplified
0 implied preconditions added
Detecting unreachable propositions...
0 operators removed
0 axioms removed
40 propositions removed
Detecting unreachable propositions: [3.910s CPU, 3.903s wall-clock]
Reordering and filtering variables...
141 of 141 variables necessary.
61 of 101 mutex groups necessary.
144000 of 144000 operators necessary.
0 of 0 axiom rules necessary.
Reordering and filtering variables: [0.800s CPU, 0.802s wall-clock]
Translator variables: 141
Translator derived variables: 0
Translator facts: 2642
Translator goal facts: 40
Translator mutex groups: 61
Translator total mutex groups size: 2501
Translator operators: 144000
Translator axioms: 0
Translator task size: 1171724
Translator peak memory: 719124 KB
Writing output... [0.830s CPU, 0.833s wall-clock]
Done! [17.190s CPU, 17.203s wall-clock]
translate exit code: 0

INFO     Running search (release).
INFO     search stdin: output.sas
INFO     search time limit: 1782s
INFO     search memory limit: 2048 MB
INFO     search command line string: /home/henry/Documents/UFRGS/TCC/downward/experiments/lab/data/main/code-5bb2ccb6957559b6969ffd7e29254c73f84d5e49_e5e41175/builds/release/bin/downward --search 'eager_greedy([ff(transform=adapt_costs(cost_type=NORMAL))])' --internal-plan-file sas_plan < output.sas
[t=0s, 10544 KB] reading input...
[t=0.562465s, 64968 KB] done reading input!
[t=0.610429s, 91304 KB] Simplifying 498360 unary operators... done! [498360 unary operators]
[t=1.60568s, 137724 KB] time to simplify: 0.995252s
[t=1.61367s, 137724 KB] Initializing additive heuristic...
[t=1.61367s, 137724 KB] Initializing FF heuristic...
[t=1.61367s, 137724 KB] Building successor generator...done!
[t=1.65363s, 137724 KB] peak memory difference for successor generator creation: 0 KB
[t=1.65363s, 137724 KB] time for successor generation creation: 0.0399671s
[t=1.65363s, 137724 KB] Variables: 141
[t=1.65363s, 137724 KB] FactPairs: 2642
[t=1.65363s, 137724 KB] Bytes per state: 44
[t=1.65363s, 137724 KB] Conducting best first search without reopening closed nodes, (real) bound = 2147483647
[t=1.66562s, 137724 KB] New best heuristic value for ff(transform=adapt_costs(cost_type=normal)): 82
[t=1.66562s, 137724 KB] g=0, 1 evaluated, 0 expanded
[t=1.66562s, 137724 KB] Initial heuristic value for ff(transform=adapt_costs(cost_type=normal)): 82
[t=1.66562s, 137724 KB] pruning method: none
[t=1.79751s, 137724 KB] New best heuristic value for ff(transform=adapt_costs(cost_type=normal)): 74
[t=1.79751s, 137724 KB] g=1, 14 evaluated, 1 expanded
[t=3.80751s, 137724 KB] New best heuristic value for ff(transform=adapt_costs(cost_type=normal)): 72
[t=3.80751s, 137724 KB] g=4, 178 evaluated, 7 expanded
[t=5.86572s, 137724 KB] New best heuristic value for ff(transform=adapt_costs(cost_type=normal)): 70
[t=5.86572s, 137724 KB] g=9, 370 evaluated, 14 expanded
[t=6.43713s, 137724 KB] New best heuristic value for ff(transform=adapt_costs(cost_type=normal)): 68
[t=6.43713s, 137724 KB] g=11, 428 evaluated, 16 expanded
[t=7.03257s, 137724 KB] New best heuristic value for ff(transform=adapt_costs(cost_type=normal)): 66
[t=7.03257s, 137724 KB] g=12, 487 evaluated, 18 expanded
[t=10.8772s, 137724 KB] New best heuristic value for ff(transform=adapt_costs(cost_type=normal)): 65
[t=10.8772s, 137724 KB] g=17, 869 evaluated, 32 expanded
[t=11.4886s, 137724 KB] New best heuristic value for ff(transform=adapt_costs(cost_type=normal)): 64
[t=11.4886s, 137724 KB] g=19, 930 evaluated, 34 expanded
[t=15.2012s, 137724 KB] New best heuristic value for ff(transform=adapt_costs(cost_type=normal)): 62
[t=15.2012s, 137724 KB] g=22, 1302 evaluated, 48 expanded
[t=15.6008s, 137724 KB] New best heuristic value for ff(transform=adapt_costs(cost_type=normal)): 61
[t=15.6008s, 137724 KB] g=23, 1343 evaluated, 50 expanded
[t=15.7887s, 137724 KB] New best heuristic value for ff(transform=adapt_costs(cost_type=normal)): 60
[t=15.7887s, 137724 KB] g=23, 1362 evaluated, 50 expanded
[t=17.843s, 137724 KB] New best heuristic value for ff(transform=adapt_costs(cost_type=normal)): 59
[t=17.843s, 137724 KB] g=25, 1567 evaluated, 58 expanded
[t=18.2906s, 137724 KB] New best heuristic value for ff(transform=adapt_costs(cost_type=normal)): 58
[t=18.2906s, 137724 KB] g=27, 1612 evaluated, 60 expanded
[t=18.3625s, 137724 KB] New best heuristic value for ff(transform=adapt_costs(cost_type=normal)): 57
[t=18.3625s, 137724 KB] g=27, 1619 evaluated, 60 expanded
[t=18.7142s, 137724 KB] New best heuristic value for ff(transform=adapt_costs(cost_type=normal)): 56
[t=18.7142s, 137724 KB] g=28, 1654 evaluated, 61 expanded
[t=19.8612s, 137724 KB] New best heuristic value for ff(transform=adapt_costs(cost_type=normal)): 55
[t=19.8612s, 137724 KB] g=29, 1771 evaluated, 64 expanded
[t=24.4653s, 137724 KB] New best heuristic value for ff(transform=adapt_costs(cost_type=normal)): 54
[t=24.4653s, 137724 KB] g=31, 2232 evaluated, 81 expanded
[t=29.2201s, 137724 KB] New best heuristic value for ff(transform=adapt_costs(cost_type=normal)): 53
[t=29.2201s, 137724 KB] g=32, 2618 evaluated, 96 expanded
[t=33.5645s, 137724 KB] New best heuristic value for ff(transform=adapt_costs(cost_type=normal)): 52
[t=33.5645s, 137724 KB] g=33, 3030 evaluated, 112 expanded
[t=33.7724s, 137724 KB] New best heuristic value for ff(transform=adapt_costs(cost_type=normal)): 51
[t=33.7724s, 137724 KB] g=33, 3048 evaluated, 112 expanded
[t=35.5472s, 137724 KB] New best heuristic value for ff(transform=adapt_costs(cost_type=normal)): 50
[t=35.5472s, 137724 KB] g=35, 3209 evaluated, 118 expanded
[t=36.1668s, 137724 KB] New best heuristic value for ff(transform=adapt_costs(cost_type=normal)): 49
[t=36.1668s, 137724 KB] g=37, 3268 evaluated, 120 expanded
[t=36.2148s, 137724 KB] New best heuristic value for ff(transform=adapt_costs(cost_type=normal)): 48
[t=36.2148s, 137724 KB] g=37, 3273 evaluated, 120 expanded
[t=36.5586s, 137724 KB] New best heuristic value for ff(transform=adapt_costs(cost_type=normal)): 47
[t=36.5626s, 137724 KB] g=38, 3309 evaluated, 121 expanded
[t=36.6945s, 137724 KB] New best heuristic value for ff(transform=adapt_costs(cost_type=normal)): 46
[t=36.6945s, 137724 KB] g=38, 3323 evaluated, 121 expanded
[t=36.8744s, 137724 KB] New best heuristic value for ff(transform=adapt_costs(cost_type=normal)): 44
[t=36.8744s, 137724 KB] g=38, 3338 evaluated, 121 expanded
[t=38.6889s, 137724 KB] New best heuristic value for ff(transform=adapt_costs(cost_type=normal)): 43
[t=38.6889s, 137724 KB] g=40, 3500 evaluated, 127 expanded
[t=42.6364s, 137724 KB] New best heuristic value for ff(transform=adapt_costs(cost_type=normal)): 42
[t=42.6364s, 137724 KB] g=41, 3843 evaluated, 139 expanded
[t=43.2441s, 137724 KB] New best heuristic value for ff(transform=adapt_costs(cost_type=normal)): 40
[t=43.2441s, 137724 KB] g=42, 3899 evaluated, 141 expanded
[t=45.9335s, 137724 KB] New best heuristic value for ff(transform=adapt_costs(cost_type=normal)): 39
[t=45.9335s, 137724 KB] g=45, 4175 evaluated, 149 expanded
[t=46.7248s, 137724 KB] New best heuristic value for ff(transform=adapt_costs(cost_type=normal)): 38
[t=46.7248s, 137724 KB] g=46, 4257 evaluated, 151 expanded
[t=46.8447s, 137724 KB] New best heuristic value for ff(transform=adapt_costs(cost_type=normal)): 36
[t=46.8447s, 137724 KB] g=46, 4269 evaluated, 151 expanded
[t=52.2352s, 137724 KB] New best heuristic value for ff(transform=adapt_costs(cost_type=normal)): 35
[t=52.2352s, 137724 KB] g=49, 4815 evaluated, 166 expanded
[t=59.1437s, 137724 KB] New best heuristic value for ff(transform=adapt_costs(cost_type=normal)): 34
[t=59.1437s, 137724 KB] g=51, 5432 evaluated, 182 expanded
[t=71.882s, 137724 KB] New best heuristic value for ff(transform=adapt_costs(cost_type=normal)): 33
[t=71.882s, 137724 KB] g=54, 6579 evaluated, 212 expanded
[t=72.1017s, 137724 KB] New best heuristic value for ff(transform=adapt_costs(cost_type=normal)): 31
[t=72.1017s, 137724 KB] g=55, 6599 evaluated, 213 expanded
[t=72.5534s, 137724 KB] New best heuristic value for ff(transform=adapt_costs(cost_type=normal)): 30
[t=72.5534s, 137724 KB] g=56, 6639 evaluated, 214 expanded
[t=72.8051s, 137724 KB] New best heuristic value for ff(transform=adapt_costs(cost_type=normal)): 28
[t=72.8051s, 137724 KB] g=57, 6661 evaluated, 215 expanded
[t=230.419s, 137724 KB] New best heuristic value for ff(transform=adapt_costs(cost_type=normal)): 27
[t=230.419s, 137724 KB] g=62, 20442 evaluated, 578 expanded
[t=520.516s, 137724 KB] New best heuristic value for ff(transform=adapt_costs(cost_type=normal)): 26
[t=520.516s, 137724 KB] g=65, 46206 evaluated, 1353 expanded
[t=520.604s, 137724 KB] New best heuristic value for ff(transform=adapt_costs(cost_type=normal)): 25
[t=520.604s, 137724 KB] g=65, 46214 evaluated, 1353 expanded
[t=521.455s, 137724 KB] New best heuristic value for ff(transform=adapt_costs(cost_type=normal)): 24
[t=521.455s, 137724 KB] g=68, 46291 evaluated, 1356 expanded
[t=522.054s, 137724 KB] New best heuristic value for ff(transform=adapt_costs(cost_type=normal)): 23
[t=522.054s, 137724 KB] g=69, 46345 evaluated, 1358 expanded
[t=522.122s, 137724 KB] New best heuristic value for ff(transform=adapt_costs(cost_type=normal)): 22
[t=522.122s, 137724 KB] g=69, 46351 evaluated, 1358 expanded
[t=522.761s, 137724 KB] New best heuristic value for ff(transform=adapt_costs(cost_type=normal)): 21
[t=522.761s, 137724 KB] g=71, 46409 evaluated, 1360 expanded
[t=690.321s, 137724 KB] New best heuristic value for ff(transform=adapt_costs(cost_type=normal)): 20
[t=690.321s, 137724 KB] g=74, 59862 evaluated, 1778 expanded
Peak memory: 137724 KB
caught signal 24 -- exiting
Time limit has been reached.
Remove intermediate file output.sas
search exit code: 23

Driver aborting after search
INFO     Planner time: 1797.30s
