INFO     planner time limit: 1800s
INFO     planner memory limit: 2048 MB

INFO     Running translator.
INFO     translator stdin: None
INFO     translator time limit: 1799s
INFO     translator memory limit: 2048 MB
INFO     translator command line string: /home/henry/Documents/UFRGS/TCC/downward/.venv/bin/python /home/henry/Documents/UFRGS/TCC/downward/experiments/lab/data/main/code-5bb2ccb6957559b6969ffd7e29254c73f84d5e49_e5e41175/builds/release/bin/translate/translate.py domain.pddl problem.pddl --sas-file output.sas
Parsing...
Parsing: [0.000s CPU, 0.006s wall-clock]
Normalizing task... [0.000s CPU, 0.000s wall-clock]
Instantiating...
Generating Datalog program... [0.000s CPU, 0.001s wall-clock]
Normalizing Datalog program...
Normalizing Datalog program: [0.010s CPU, 0.005s wall-clock]
Preparing model... [0.000s CPU, 0.005s wall-clock]
Generated 258 rules.
Computing model... [2.490s CPU, 2.486s wall-clock]
299043 relevant atoms
2460 auxiliary atoms
301503 final queue length
1112254 total queue pushes
Completing instantiation... [19.250s CPU, 19.272s wall-clock]
Instantiating: [21.850s CPU, 21.876s wall-clock]
Computing fact groups...
Finding invariants...
44 initial candidates
Finding invariants: [0.450s CPU, 0.453s wall-clock]
Checking invariant weight... [0.000s CPU, 0.000s wall-clock]
Instantiating groups... [0.000s CPU, 0.001s wall-clock]
Collecting mutex groups... [0.000s CPU, 0.000s wall-clock]
Choosing groups...
116 uncovered facts
Choosing groups: [0.000s CPU, 0.000s wall-clock]
Building translation key... [0.000s CPU, 0.000s wall-clock]
Computing fact groups: [0.460s CPU, 0.456s wall-clock]
Building STRIPS to SAS dictionary... [0.000s CPU, 0.000s wall-clock]
Building dictionary for full mutex groups... [0.000s CPU, 0.000s wall-clock]
Building mutex information...
Building mutex information: [0.000s CPU, 0.000s wall-clock]
Translating task...
Processing axioms...
Simplifying axioms... [0.000s CPU, 0.000s wall-clock]
Translator axioms removed by simplifying: 0
Computing negative axioms... [0.000s CPU, 0.000s wall-clock]
Processing axioms: [0.650s CPU, 0.656s wall-clock]
Translating task: [14.100s CPU, 14.129s wall-clock]
321615 effect conditions simplified
0 implied preconditions added
Detecting unreachable propositions...
0 operators removed
0 axioms removed
38 propositions removed
Detecting unreachable propositions: [9.510s CPU, 9.514s wall-clock]
Reordering and filtering variables...
109 of 115 variables necessary.
0 of 12 mutex groups necessary.
298119 of 298119 operators necessary.
0 of 0 axiom rules necessary.
Reordering and filtering variables: [2.640s CPU, 2.655s wall-clock]
Translator variables: 109
Translator derived variables: 0
Translator facts: 314
Translator goal facts: 1
Translator mutex groups: 0
Translator total mutex groups size: 0
Translator operators: 298119
Translator axioms: 0
Translator task size: 3106114
Translator peak memory: 1813504 KB
Writing output... [2.100s CPU, 2.106s wall-clock]
Done! [51.460s CPU, 51.534s wall-clock]
translate exit code: 0

INFO     Running search (release).
INFO     search stdin: output.sas
INFO     search time limit: 1748s
INFO     search memory limit: 2048 MB
INFO     search command line string: /home/henry/Documents/UFRGS/TCC/downward/experiments/lab/data/main/code-5bb2ccb6957559b6969ffd7e29254c73f84d5e49_e5e41175/builds/release/bin/downward --search 'eager_greedy([operatorcounting(constraint_generators=[pho_constraints(patterns=systematic(4))], use_integer_operator_counts=false, transform=adapt_costs(cost_type=NORMAL))])' --internal-plan-file sas_plan < output.sas
[t=0s, 45596 KB] reading input...
[t=1.38636s, 167796 KB] done reading input!
[t=1.40163s, 192848 KB] Generating patterns using: systematic pattern collection generator
[t=1.40163s, 192848 KB] building causal graph...done! [t=0.167748s]
[t=1.56938s, 192848 KB] Found 247 SGA patterns.
[t=1.56938s, 192848 KB] Found 247 interesting patterns.
[t=1.56938s, 192848 KB] systematic pattern collection generator number of patterns: 247
[t=1.56938s, 192848 KB] systematic pattern collection generator total PDB size: 16170
[t=1.56938s, 192848 KB] systematic pattern collection generator computation time: 0.167748s
[t=1.56938s, 192848 KB] Computing PDBs for pattern collection...
[t=19.5947s, 234056 KB] Done computing PDBs for pattern collection: 18.0253s
[t=25.4313s, 731676 KB] Building successor generator...done!
[t=25.587s, 731676 KB] peak memory difference for successor generator creation: 0 KB
[t=25.587s, 731676 KB] time for successor generation creation: 0.155794s
[t=25.587s, 731676 KB] Variables: 109
[t=25.587s, 731676 KB] FactPairs: 314
[t=25.587s, 731676 KB] Bytes per state: 20
[t=25.587s, 731676 KB] Conducting best first search without reopening closed nodes, (real) bound = 2147483647
[t=26.5329s, 1135184 KB] New best heuristic value for operatorcounting(constraint_generators=[pho_constraints(patterns=systematic(4))],use_integer_operator_counts=false,transform=adapt_costs(cost_type=normal)): 4
[t=26.5329s, 1135184 KB] g=0, 1 evaluated, 0 expanded
[t=26.5329s, 1135184 KB] Initial heuristic value for operatorcounting(constraint_generators=[pho_constraints(patterns=systematic(4))],use_integer_operator_counts=false,transform=adapt_costs(cost_type=normal)): 4
[t=26.5329s, 1135184 KB] pruning method: none
Peak memory: 1135184 KB
caught signal 24 -- exiting
Time limit has been reached.
Remove intermediate file output.sas
search exit code: 23

Driver aborting after search
INFO     Planner time: 1792.68s
