INFO     planner time limit: 1800s
INFO     planner memory limit: 2048 MB

INFO     Running translator.
INFO     translator stdin: None
INFO     translator time limit: 1799s
INFO     translator memory limit: 2048 MB
INFO     translator command line string: /home/henry/Documents/UFRGS/TCC/downward/.venv/bin/python /home/henry/Documents/UFRGS/TCC/downward/experiments/lab/data/main/code-5bb2ccb6957559b6969ffd7e29254c73f84d5e49_e5e41175/builds/release/bin/translate/translate.py domain.pddl problem.pddl --sas-file output.sas
Parsing...
Parsing: [0.000s CPU, 0.002s wall-clock]
Normalizing task... [0.000s CPU, 0.000s wall-clock]
Instantiating...
Generating Datalog program... [0.000s CPU, 0.001s wall-clock]
Normalizing Datalog program...
Normalizing Datalog program: [0.000s CPU, 0.003s wall-clock]
Preparing model... [0.010s CPU, 0.002s wall-clock]
Generated 115 rules.
Computing model... [0.030s CPU, 0.029s wall-clock]
2784 relevant atoms
2893 auxiliary atoms
5677 final queue length
9793 total queue pushes
Completing instantiation... [0.050s CPU, 0.055s wall-clock]
Instantiating: [0.090s CPU, 0.089s wall-clock]
Computing fact groups...
Finding invariants...
24 initial candidates
Finding invariants: [0.010s CPU, 0.008s wall-clock]
Checking invariant weight... [0.000s CPU, 0.000s wall-clock]
Instantiating groups... [0.000s CPU, 0.000s wall-clock]
Collecting mutex groups... [0.000s CPU, 0.000s wall-clock]
Choosing groups...
292 uncovered facts
Choosing groups: [0.000s CPU, 0.000s wall-clock]
Building translation key... [0.000s CPU, 0.001s wall-clock]
Computing fact groups: [0.010s CPU, 0.010s wall-clock]
Building STRIPS to SAS dictionary... [0.000s CPU, 0.000s wall-clock]
Building dictionary for full mutex groups... [0.000s CPU, 0.000s wall-clock]
Building mutex information...
Building mutex information: [0.000s CPU, 0.000s wall-clock]
Translating task...
Processing axioms...
Simplifying axioms... [0.000s CPU, 0.000s wall-clock]
Translator axioms removed by simplifying: 0
Computing negative axioms... [0.000s CPU, 0.000s wall-clock]
Processing axioms: [0.000s CPU, 0.003s wall-clock]
Translating task: [0.060s CPU, 0.064s wall-clock]
3276 effect conditions simplified
0 implied preconditions added
Detecting unreachable propositions...
0 operators removed
0 axioms removed
3 propositions removed
Detecting unreachable propositions: [0.030s CPU, 0.028s wall-clock]
Reordering and filtering variables...
295 of 295 variables necessary.
14 of 17 mutex groups necessary.
1958 of 1958 operators necessary.
0 of 0 axiom rules necessary.
Reordering and filtering variables: [0.020s CPU, 0.019s wall-clock]
Translator variables: 295
Translator derived variables: 0
Translator facts: 617
Translator goal facts: 12
Translator mutex groups: 14
Translator total mutex groups size: 42
Translator operators: 1958
Translator axioms: 0
Translator task size: 18764
Translator peak memory: 43512 KB
Writing output... [0.020s CPU, 0.012s wall-clock]
Done! [0.230s CPU, 0.228s wall-clock]
translate exit code: 0

INFO     Running search (release).
INFO     search stdin: output.sas
INFO     search time limit: 1799s
INFO     search memory limit: 2048 MB
INFO     search command line string: /home/henry/Documents/UFRGS/TCC/downward/experiments/lab/data/main/code-5bb2ccb6957559b6969ffd7e29254c73f84d5e49_e5e41175/builds/release/bin/downward --search 'eager_greedy([lsh(patterns=systematic(4), transform=adapt_costs(cost_type=ONE))])' --internal-plan-file sas_plan < output.sas
[t=0s, 10544 KB] reading input...
[t=0.0119876s, 11388 KB] done reading input!
[t=0.0119876s, 11652 KB] Generating patterns using: systematic pattern collection generator
[t=0.0119876s, 11652 KB] building causal graph...done! [t=0.00400104s]
[t=0.071966s, 36352 KB] Found 92165 SGA patterns.
[t=1.15575s, 37468 KB] Found 102969 interesting patterns.
[t=1.18373s, 37468 KB] systematic pattern collection generator number of patterns: 102969
[t=1.18373s, 37468 KB] systematic pattern collection generator total PDB size: 3836796
[t=1.18773s, 37468 KB] systematic pattern collection generator computation time: 1.17174s
[t=1.18773s, 37468 KB] Computing PDBs for pattern collection...
[t=48.3656s, 62400 KB] Done computing PDBs for pattern collection: 47.1779s
[t=53.6203s, 1295304 KB] Building successor generator...done!
[t=53.6243s, 1295304 KB] peak memory difference for successor generator creation: 0 KB
[t=53.6243s, 1295304 KB] time for successor generation creation: 0.0040035s
[t=53.6243s, 1295304 KB] Variables: 295
[t=53.6243s, 1295304 KB] FactPairs: 617
[t=53.6243s, 1295304 KB] Bytes per state: 40
[t=53.6243s, 1295304 KB] Conducting best first search without reopening closed nodes, (real) bound = 2147483647
[t=53.6283s, 1295304 KB] New best heuristic value for lsh(patterns=systematic(4),transform=adapt_costs(cost_type=one)): 45
[t=53.6283s, 1295304 KB] g=0, 1 evaluated, 0 expanded
[t=53.6283s, 1295304 KB] Initial heuristic value for lsh(patterns=systematic(4),transform=adapt_costs(cost_type=one)): 45
[t=53.6283s, 1295304 KB] pruning method: none
[t=53.6723s, 1295304 KB] New best heuristic value for lsh(patterns=systematic(4),transform=adapt_costs(cost_type=one)): 43
[t=53.6723s, 1295304 KB] g=1, 8 evaluated, 1 expanded
[t=53.9001s, 1295304 KB] New best heuristic value for lsh(patterns=systematic(4),transform=adapt_costs(cost_type=one)): 42
[t=53.9001s, 1295304 KB] g=11, 43 evaluated, 2 expanded
[t=56.7457s, 1295304 KB] New best heuristic value for lsh(patterns=systematic(4),transform=adapt_costs(cost_type=one)): 38
[t=56.7457s, 1295304 KB] g=28, 483 evaluated, 48 expanded
[t=57.3652s, 1295304 KB] New best heuristic value for lsh(patterns=systematic(4),transform=adapt_costs(cost_type=one)): 37
[t=57.3692s, 1295304 KB] g=28, 580 evaluated, 56 expanded
[t=57.9887s, 1295304 KB] New best heuristic value for lsh(patterns=systematic(4),transform=adapt_costs(cost_type=one)): 36
[t=57.9887s, 1295304 KB] g=28, 677 evaluated, 64 expanded
[t=67.4848s, 1295304 KB] New best heuristic value for lsh(patterns=systematic(4),transform=adapt_costs(cost_type=one)): 35
[t=67.4848s, 1295304 KB] g=39, 2159 evaluated, 328 expanded
[t=74.1833s, 1295304 KB] New best heuristic value for lsh(patterns=systematic(4),transform=adapt_costs(cost_type=one)): 32
[t=74.1833s, 1295304 KB] g=40, 3201 evaluated, 515 expanded
[t=108.018s, 1295304 KB] New best heuristic value for lsh(patterns=systematic(4),transform=adapt_costs(cost_type=one)): 31
[t=108.018s, 1295304 KB] g=71, 8516 evaluated, 1138 expanded
[t=114.312s, 1295304 KB] New best heuristic value for lsh(patterns=systematic(4),transform=adapt_costs(cost_type=one)): 30
[t=114.312s, 1295304 KB] g=71, 9507 evaluated, 1309 expanded
[t=115.007s, 1295304 KB] New best heuristic value for lsh(patterns=systematic(4),transform=adapt_costs(cost_type=one)): 27
[t=115.007s, 1295304 KB] g=71, 9616 evaluated, 1329 expanded
[t=190.3s, 1295304 KB] New best heuristic value for lsh(patterns=systematic(4),transform=adapt_costs(cost_type=one)): 24
[t=190.3s, 1295304 KB] g=102, 21499 evaluated, 2673 expanded
[t=247.549s, 1295304 KB] New best heuristic value for lsh(patterns=systematic(4),transform=adapt_costs(cost_type=one)): 22
[t=247.549s, 1295304 KB] g=133, 30538 evaluated, 3778 expanded
[t=285.577s, 1295304 KB] New best heuristic value for lsh(patterns=systematic(4),transform=adapt_costs(cost_type=one)): 20
[t=285.577s, 1295304 KB] g=164, 36578 evaluated, 4576 expanded
[t=615.441s, 1295304 KB] New best heuristic value for lsh(patterns=systematic(4),transform=adapt_costs(cost_type=one)): 19
[t=615.441s, 1295304 KB] g=184, 87769 evaluated, 8786 expanded
[t=618.407s, 1295304 KB] New best heuristic value for lsh(patterns=systematic(4),transform=adapt_costs(cost_type=one)): 17
[t=618.407s, 1295304 KB] g=197, 88248 evaluated, 8828 expanded
[t=633.846s, 1295304 KB] New best heuristic value for lsh(patterns=systematic(4),transform=adapt_costs(cost_type=one)): 16
[t=633.846s, 1295304 KB] g=200, 90749 evaluated, 9086 expanded
[t=991.824s, 1295304 KB] New best heuristic value for lsh(patterns=systematic(4),transform=adapt_costs(cost_type=one)): 15
[t=991.824s, 1295304 KB] g=198, 149045 evaluated, 15353 expanded
Peak memory: 1299400 KB
caught signal 24 -- exiting
Time limit has been reached.
Remove intermediate file output.sas
search exit code: 23

Driver aborting after search
INFO     Planner time: 1798.04s
