INFO     planner time limit: 1800s
INFO     planner memory limit: 2048 MB

INFO     Running translator.
INFO     translator stdin: None
INFO     translator time limit: 1799s
INFO     translator memory limit: 2048 MB
INFO     translator command line string: /home/henry/Documents/UFRGS/TCC/downward/.venv/bin/python /home/henry/Documents/UFRGS/TCC/downward/experiments/lab/data/main/code-5bb2ccb6957559b6969ffd7e29254c73f84d5e49_e5e41175/builds/release/bin/translate/translate.py domain.pddl problem.pddl --sas-file output.sas
Parsing...
Warning: Atom bond(c3, c4) is specified twice in initial state specification
Parsing: [0.130s CPU, 0.137s wall-clock]
Normalizing task... [0.010s CPU, 0.015s wall-clock]
Instantiating...
Generating Datalog program... [0.020s CPU, 0.019s wall-clock]
Normalizing Datalog program...
Normalizing Datalog program: [0.120s CPU, 0.123s wall-clock]
Preparing model... [0.090s CPU, 0.081s wall-clock]
Generated 6310 rules.
Computing model... [6.270s CPU, 6.283s wall-clock]
262295 relevant atoms
496607 auxiliary atoms
758902 final queue length
1153487 total queue pushes
Completing instantiation... [7.610s CPU, 7.622s wall-clock]
Instantiating: [14.330s CPU, 14.343s wall-clock]
Computing fact groups...
Finding invariants...
1272 initial candidates
Finding invariants: [18.940s CPU, 18.962s wall-clock]
Checking invariant weight... [0.000s CPU, 0.000s wall-clock]
Instantiating groups... [0.000s CPU, 0.000s wall-clock]
Collecting mutex groups... [0.000s CPU, 0.001s wall-clock]
Choosing groups...
5117 uncovered facts
Choosing groups: [0.000s CPU, 0.001s wall-clock]
Building translation key... [0.010s CPU, 0.013s wall-clock]
Computing fact groups: [18.990s CPU, 19.018s wall-clock]
Building STRIPS to SAS dictionary... [0.010s CPU, 0.006s wall-clock]
Building dictionary for full mutex groups... [0.000s CPU, 0.004s wall-clock]
Building mutex information...
Building mutex information: [0.010s CPU, 0.005s wall-clock]
Translating task...
Processing axioms...
Simplifying axioms... [0.000s CPU, 0.000s wall-clock]
Translator axioms removed by simplifying: 0
Computing negative axioms... [0.000s CPU, 0.000s wall-clock]
Processing axioms: [0.290s CPU, 0.297s wall-clock]
Translating task: [9.160s CPU, 9.171s wall-clock]
401879 effect conditions simplified
0 implied preconditions added
Detecting unreachable propositions...
618 operators removed
0 axioms removed
52 propositions removed
Detecting unreachable propositions: [5.340s CPU, 5.353s wall-clock]
Reordering and filtering variables...
4786 of 5091 variables necessary.
0 of 0 mutex groups necessary.
246811 of 250464 operators necessary.
0 of 0 axiom rules necessary.
Reordering and filtering variables: [5.800s CPU, 5.807s wall-clock]
Translator variables: 4786
Translator derived variables: 0
Translator facts: 9572
Translator goal facts: 24
Translator mutex groups: 0
Translator total mutex groups size: 0
Translator operators: 246811
Translator axioms: 0
Translator task size: 1719096
Translator peak memory: 1004208 KB
Writing output... [1.420s CPU, 1.421s wall-clock]
Done! [55.590s CPU, 55.659s wall-clock]
translate exit code: 0

INFO     Running search (release).
INFO     search stdin: output.sas
INFO     search time limit: 1744s
INFO     search memory limit: 2048 MB
INFO     search command line string: /home/henry/Documents/UFRGS/TCC/downward/experiments/lab/data/main/code-5bb2ccb6957559b6969ffd7e29254c73f84d5e49_e5e41175/builds/release/bin/downward --search 'eager_greedy([lsh(patterns=systematic(2), transform=adapt_costs(cost_type=ONE))])' --internal-plan-file sas_plan < output.sas
[t=0s, 10544 KB] reading input...
[t=0.962845s, 90128 KB] done reading input!
[t=0.962845s, 90384 KB] Generating patterns using: systematic pattern collection generator
[t=0.962845s, 90384 KB] building causal graph...done! [t=0.767029s]
[t=2.12948s, 202928 KB] Found 3505 SGA patterns.
[t=2.64505s, 202928 KB] Found 3506 interesting patterns.
[t=2.64505s, 202928 KB] systematic pattern collection generator number of patterns: 3506
[t=2.64505s, 202928 KB] systematic pattern collection generator total PDB size: 13976
[t=2.64505s, 202928 KB] systematic pattern collection generator computation time: 1.6822s
[t=2.64505s, 202928 KB] Computing PDBs for pattern collection...
[t=132.201s, 202928 KB] Done computing PDBs for pattern collection: 129.556s
[t=154.119s, 767640 KB] Building successor generator...done!
[t=154.226s, 804528 KB] peak memory difference for successor generator creation: 36888 KB
[t=154.226s, 804528 KB] time for successor generation creation: 0.103889s
[t=154.226s, 804528 KB] Variables: 4786
[t=154.226s, 804528 KB] FactPairs: 9572
[t=154.226s, 804528 KB] Bytes per state: 600
[t=154.226s, 804528 KB] Conducting best first search without reopening closed nodes, (real) bound = 2147483647
[t=154.226s, 804528 KB] New best heuristic value for lsh(patterns=systematic(2),transform=adapt_costs(cost_type=one)): 3
[t=154.226s, 804528 KB] g=0, 1 evaluated, 0 expanded
[t=154.226s, 804528 KB] Initial heuristic value for lsh(patterns=systematic(2),transform=adapt_costs(cost_type=one)): 3
[t=154.226s, 804528 KB] pruning method: none
Failed to allocate memory.
Memory limit has been reached.
Peak memory: 2097124 KB
Remove intermediate file output.sas
search exit code: 22

Driver aborting after search
INFO     Planner time: 466.64s
