INFO     planner time limit: 1800s
INFO     planner memory limit: 2048 MB

INFO     Running translator.
INFO     translator stdin: None
INFO     translator time limit: 1799s
INFO     translator memory limit: 2048 MB
INFO     translator command line string: /home/henry/Documents/UFRGS/TCC/downward/.venv/bin/python /home/henry/Documents/UFRGS/TCC/downward/experiments/lab/data/main/code-5bb2ccb6957559b6969ffd7e29254c73f84d5e49_e5e41175/builds/release/bin/translate/translate.py domain.pddl problem.pddl --sas-file output.sas
Parsing...
Parsing: [0.120s CPU, 0.127s wall-clock]
Normalizing task... [0.010s CPU, 0.013s wall-clock]
Instantiating...
Generating Datalog program... [0.010s CPU, 0.014s wall-clock]
Normalizing Datalog program...
Normalizing Datalog program: [0.110s CPU, 0.105s wall-clock]
Preparing model... [0.070s CPU, 0.070s wall-clock]
Generated 6310 rules.
Computing model... [3.340s CPU, 3.345s wall-clock]
64993 relevant atoms
283975 auxiliary atoms
348968 final queue length
452468 total queue pushes
Completing instantiation... [1.920s CPU, 1.912s wall-clock]
Instantiating: [5.550s CPU, 5.544s wall-clock]
Computing fact groups...
Finding invariants...
1272 initial candidates
Finding invariants: [19.470s CPU, 19.487s wall-clock]
Checking invariant weight... [0.000s CPU, 0.000s wall-clock]
Instantiating groups... [0.000s CPU, 0.000s wall-clock]
Collecting mutex groups... [0.000s CPU, 0.001s wall-clock]
Choosing groups...
3532 uncovered facts
Choosing groups: [0.000s CPU, 0.000s wall-clock]
Building translation key... [0.000s CPU, 0.007s wall-clock]
Computing fact groups: [19.490s CPU, 19.515s wall-clock]
Building STRIPS to SAS dictionary... [0.010s CPU, 0.002s wall-clock]
Building dictionary for full mutex groups... [0.000s CPU, 0.002s wall-clock]
Building mutex information...
Building mutex information: [0.000s CPU, 0.001s wall-clock]
Translating task...
Processing axioms...
Simplifying axioms... [0.000s CPU, 0.000s wall-clock]
Translator axioms removed by simplifying: 0
Computing negative axioms... [0.000s CPU, 0.000s wall-clock]
Processing axioms: [0.070s CPU, 0.072s wall-clock]
Translating task: [2.100s CPU, 2.098s wall-clock]
95864 effect conditions simplified
0 implied preconditions added
Detecting unreachable propositions...
0 operators removed
0 axioms removed
40 propositions removed
Detecting unreachable propositions: [1.630s CPU, 1.631s wall-clock]
Reordering and filtering variables...
2957 of 3512 variables necessary.
0 of 0 mutex groups necessary.
55998 of 59648 operators necessary.
0 of 0 axiom rules necessary.
Reordering and filtering variables: [1.190s CPU, 1.191s wall-clock]
Translator variables: 2957
Translator derived variables: 0
Translator facts: 5914
Translator goal facts: 18
Translator mutex groups: 0
Translator total mutex groups size: 0
Translator operators: 55998
Translator axioms: 0
Translator task size: 387136
Translator peak memory: 382720 KB
Writing output... [0.300s CPU, 0.300s wall-clock]
Done! [30.480s CPU, 30.507s wall-clock]
translate exit code: 0

INFO     Running search (release).
INFO     search stdin: output.sas
INFO     search time limit: 1769s
INFO     search memory limit: 2048 MB
INFO     search command line string: /home/henry/Documents/UFRGS/TCC/downward/experiments/lab/data/main/code-5bb2ccb6957559b6969ffd7e29254c73f84d5e49_e5e41175/builds/release/bin/downward --search 'eager_greedy([lsh(patterns=systematic(4), transform=adapt_costs(cost_type=ONE))])' --internal-plan-file sas_plan < output.sas
[t=0s, 10544 KB] reading input...
[t=0.210357s, 29360 KB] done reading input!
[t=0.210357s, 29756 KB] Generating patterns using: systematic pattern collection generator
[t=0.210357s, 29756 KB] building causal graph...done! [t=0.123913s]
Failed to allocate memory.
Memory limit has been reached.
Peak memory: 2097092 KB
Remove intermediate file output.sas
search exit code: 22

Driver aborting after search
INFO     Planner time: 44.01s
