INFO     planner time limit: 1800s
INFO     planner memory limit: 2048 MB

INFO     Running translator.
INFO     translator stdin: None
INFO     translator time limit: 1799s
INFO     translator memory limit: 2048 MB
INFO     translator command line string: /home/henry/Documents/UFRGS/TCC/downward/.venv/bin/python /home/henry/Documents/UFRGS/TCC/downward/experiments/lab/data/main/code-5bb2ccb6957559b6969ffd7e29254c73f84d5e49_e5e41175/builds/release/bin/translate/translate.py domain.pddl problem.pddl --sas-file output.sas
Parsing...
Parsing: [0.000s CPU, 0.002s wall-clock]
Normalizing task... [0.000s CPU, 0.000s wall-clock]
Instantiating...
Generating Datalog program... [0.000s CPU, 0.001s wall-clock]
Normalizing Datalog program...
Normalizing Datalog program: [0.000s CPU, 0.003s wall-clock]
Preparing model... [0.010s CPU, 0.002s wall-clock]
Generated 115 rules.
Computing model... [0.030s CPU, 0.036s wall-clock]
3725 relevant atoms
3726 auxiliary atoms
7451 final queue length
13104 total queue pushes
Completing instantiation... [0.080s CPU, 0.075s wall-clock]
Instantiating: [0.120s CPU, 0.118s wall-clock]
Computing fact groups...
Finding invariants...
24 initial candidates
Finding invariants: [0.010s CPU, 0.007s wall-clock]
Checking invariant weight... [0.000s CPU, 0.000s wall-clock]
Instantiating groups... [0.000s CPU, 0.001s wall-clock]
Collecting mutex groups... [0.000s CPU, 0.000s wall-clock]
Choosing groups...
381 uncovered facts
Choosing groups: [0.000s CPU, 0.000s wall-clock]
Building translation key... [0.000s CPU, 0.001s wall-clock]
Computing fact groups: [0.010s CPU, 0.011s wall-clock]
Building STRIPS to SAS dictionary... [0.000s CPU, 0.000s wall-clock]
Building dictionary for full mutex groups... [0.000s CPU, 0.000s wall-clock]
Building mutex information...
Building mutex information: [0.000s CPU, 0.000s wall-clock]
Translating task...
Processing axioms...
Simplifying axioms... [0.000s CPU, 0.000s wall-clock]
Translator axioms removed by simplifying: 0
Computing negative axioms... [0.000s CPU, 0.000s wall-clock]
Processing axioms: [0.000s CPU, 0.005s wall-clock]
Translating task: [0.090s CPU, 0.095s wall-clock]
4430 effect conditions simplified
0 implied preconditions added
Detecting unreachable propositions...
0 operators removed
0 axioms removed
3 propositions removed
Detecting unreachable propositions: [0.060s CPU, 0.058s wall-clock]
Reordering and filtering variables...
384 of 384 variables necessary.
16 of 19 mutex groups necessary.
2644 of 2644 operators necessary.
0 of 0 axiom rules necessary.
Reordering and filtering variables: [0.030s CPU, 0.027s wall-clock]
Translator variables: 384
Translator derived variables: 0
Translator facts: 799
Translator goal facts: 14
Translator mutex groups: 16
Translator total mutex groups size: 48
Translator operators: 2644
Translator axioms: 0
Translator task size: 25367
Translator peak memory: 47112 KB
Writing output... [0.020s CPU, 0.018s wall-clock]
Done! [0.330s CPU, 0.335s wall-clock]
translate exit code: 0

INFO     Running search (release).
INFO     search stdin: output.sas
INFO     search time limit: 1799s
INFO     search memory limit: 2048 MB
INFO     search command line string: /home/henry/Documents/UFRGS/TCC/downward/experiments/lab/data/main/code-5bb2ccb6957559b6969ffd7e29254c73f84d5e49_e5e41175/builds/release/bin/downward --search 'eager_greedy([ff(transform=adapt_costs(cost_type=ONE))])' --internal-plan-file sas_plan < output.sas
[t=0s, 10544 KB] reading input...
[t=0.014372s, 11584 KB] done reading input!
[t=0.014372s, 12672 KB] Simplifying 9782 unary operators... done! [8318 unary operators]
[t=0.0183572s, 13220 KB] time to simplify: 0.00398523s
[t=0.0223615s, 13220 KB] Initializing additive heuristic...
[t=0.0223615s, 13220 KB] Initializing FF heuristic...
[t=0.0223615s, 13220 KB] Building successor generator...done!
[t=0.0223615s, 13220 KB] peak memory difference for successor generator creation: 0 KB
[t=0.0223615s, 13220 KB] time for successor generation creation: 0s
[t=0.0223615s, 13220 KB] Variables: 384
[t=0.0223615s, 13220 KB] FactPairs: 799
[t=0.0223615s, 13220 KB] Bytes per state: 52
[t=0.0223615s, 13220 KB] Conducting best first search without reopening closed nodes, (real) bound = 2147483647
[t=0.0223615s, 13220 KB] New best heuristic value for ff(transform=adapt_costs(cost_type=one)): 37
[t=0.0223615s, 13220 KB] g=0, 1 evaluated, 0 expanded
[t=0.0223615s, 13220 KB] Initial heuristic value for ff(transform=adapt_costs(cost_type=one)): 37
[t=0.0223615s, 13220 KB] pruning method: none
[t=0.0583206s, 13220 KB] New best heuristic value for ff(transform=adapt_costs(cost_type=one)): 36
[t=0.0583206s, 13220 KB] g=3, 441 evaluated, 64 expanded
[t=0.0623197s, 13220 KB] New best heuristic value for ff(transform=adapt_costs(cost_type=one)): 35
[t=0.0623197s, 13220 KB] g=4, 456 evaluated, 65 expanded
[t=0.1103s, 13220 KB] New best heuristic value for ff(transform=adapt_costs(cost_type=one)): 34
[t=0.1103s, 13220 KB] g=7, 1038 evaluated, 106 expanded
[t=699.832s, 547980 KB] New best heuristic value for ff(transform=adapt_costs(cost_type=one)): 33
[t=699.832s, 547980 KB] g=18, 6354662 evaluated, 1213693 expanded
[t=699.884s, 547980 KB] New best heuristic value for ff(transform=adapt_costs(cost_type=one)): 32
[t=699.884s, 547980 KB] g=21, 6355290 evaluated, 1213746 expanded
[t=1209.36s, 974444 KB] New best heuristic value for ff(transform=adapt_costs(cost_type=one)): 31
[t=1209.36s, 974444 KB] g=32, 11238883 evaluated, 2119605 expanded
[t=1209.41s, 974576 KB] New best heuristic value for ff(transform=adapt_costs(cost_type=one)): 30
[t=1209.41s, 974576 KB] g=35, 11239441 evaluated, 2119642 expanded
[t=1593.78s, 1385680 KB] New best heuristic value for ff(transform=adapt_costs(cost_type=one)): 29
[t=1593.78s, 1385680 KB] g=46, 15036179 evaluated, 2806848 expanded
[t=1593.78s, 1385680 KB] New best heuristic value for ff(transform=adapt_costs(cost_type=one)): 28
[t=1593.78s, 1385680 KB] g=47, 15036194 evaluated, 2806849 expanded
[t=1593.83s, 1385680 KB] New best heuristic value for ff(transform=adapt_costs(cost_type=one)): 27
[t=1593.83s, 1385680 KB] g=50, 15036720 evaluated, 2806882 expanded
Peak memory: 1535812 KB
caught signal 24 -- exiting
Time limit has been reached.
Remove intermediate file output.sas
search exit code: 23

Driver aborting after search
INFO     Planner time: 1798.40s
