INFO     planner time limit: 1800s
INFO     planner memory limit: 2048 MB

INFO     Running translator.
INFO     translator stdin: None
INFO     translator time limit: 1799s
INFO     translator memory limit: 2048 MB
INFO     translator command line string: /home/henry/Documents/UFRGS/TCC/downward/.venv/bin/python /home/henry/Documents/UFRGS/TCC/downward/experiments/lab/data/main/code-5bb2ccb6957559b6969ffd7e29254c73f84d5e49_e5e41175/builds/release/bin/translate/translate.py domain.pddl problem.pddl --sas-file output.sas
Parsing...
Parsing: [0.000s CPU, 0.003s wall-clock]
Normalizing task... [0.010s CPU, 0.000s wall-clock]
Instantiating...
Generating Datalog program... [0.000s CPU, 0.001s wall-clock]
Normalizing Datalog program...
Normalizing Datalog program: [0.000s CPU, 0.003s wall-clock]
Preparing model... [0.000s CPU, 0.002s wall-clock]
Generated 211 rules.
Computing model... [0.010s CPU, 0.010s wall-clock]
993 relevant atoms
1232 auxiliary atoms
2225 final queue length
3116 total queue pushes
Completing instantiation... [0.020s CPU, 0.015s wall-clock]
Instantiating: [0.030s CPU, 0.032s wall-clock]
Computing fact groups...
Finding invariants...
20 initial candidates
Finding invariants: [0.000s CPU, 0.003s wall-clock]
Checking invariant weight... [0.000s CPU, 0.000s wall-clock]
Instantiating groups... [0.000s CPU, 0.000s wall-clock]
Collecting mutex groups... [0.000s CPU, 0.000s wall-clock]
Choosing groups...
270 uncovered facts
Choosing groups: [0.000s CPU, 0.000s wall-clock]
Building translation key... [0.000s CPU, 0.001s wall-clock]
Computing fact groups: [0.000s CPU, 0.007s wall-clock]
Building STRIPS to SAS dictionary... [0.000s CPU, 0.000s wall-clock]
Building dictionary for full mutex groups... [0.000s CPU, 0.000s wall-clock]
Building mutex information...
Building mutex information: [0.000s CPU, 0.000s wall-clock]
Translating task...
Processing axioms...
Simplifying axioms... [0.000s CPU, 0.000s wall-clock]
Translator axioms removed by simplifying: 0
Computing negative axioms... [0.000s CPU, 0.000s wall-clock]
Processing axioms: [0.000s CPU, 0.001s wall-clock]
Translating task: [0.020s CPU, 0.012s wall-clock]
307 effect conditions simplified
0 implied preconditions added
Detecting unreachable propositions...
0 operators removed
0 axioms removed
11 propositions removed
Detecting unreachable propositions: [0.000s CPU, 0.007s wall-clock]
Reordering and filtering variables...
91 of 278 variables necessary.
0 of 9 mutex groups necessary.
442 of 442 operators necessary.
0 of 0 axiom rules necessary.
Reordering and filtering variables: [0.010s CPU, 0.003s wall-clock]
Translator variables: 91
Translator derived variables: 0
Translator facts: 272
Translator goal facts: 54
Translator mutex groups: 0
Translator total mutex groups size: 0
Translator operators: 442
Translator axioms: 0
Translator task size: 3157
Translator peak memory: 34656 KB
Writing output... [0.000s CPU, 0.002s wall-clock]
Done! [0.070s CPU, 0.068s wall-clock]
translate exit code: 0

INFO     Running search (release).
INFO     search stdin: output.sas
INFO     search time limit: 1799s
INFO     search memory limit: 2048 MB
INFO     search command line string: /home/henry/Documents/UFRGS/TCC/downward/experiments/lab/data/main/code-5bb2ccb6957559b6969ffd7e29254c73f84d5e49_e5e41175/builds/release/bin/downward --search 'eager_greedy([operatorcounting(constraint_generators=[pho_constraints(patterns=systematic(4))], use_integer_operator_counts=true, transform=adapt_costs(cost_type=ONE))])' --internal-plan-file sas_plan < output.sas
[t=0s, 45596 KB] reading input...
[t=0.00335679s, 45728 KB] done reading input!
[t=0.00546731s, 46128 KB] Generating patterns using: systematic pattern collection generator
[t=0.00546731s, 46128 KB] building causal graph...done! [t=0s]
[t=0.00948287s, 47800 KB] Found 7427 SGA patterns.
[t=0.0773873s, 50824 KB] Found 27334 interesting patterns.
[t=0.0813747s, 51272 KB] systematic pattern collection generator number of patterns: 27334
[t=0.0813747s, 51272 KB] systematic pattern collection generator total PDB size: 1990896
[t=0.0853729s, 51272 KB] systematic pattern collection generator computation time: 0.0759074s
[t=0.0853729s, 51272 KB] Computing PDBs for pattern collection...
[t=2.05503s, 62864 KB] Done computing PDBs for pattern collection: 1.96966s
[t=2.29477s, 100108 KB] Building successor generator...done!
[t=2.29477s, 100108 KB] peak memory difference for successor generator creation: 0 KB
[t=2.29477s, 100108 KB] time for successor generation creation: 0s
[t=2.29477s, 100108 KB] Variables: 91
[t=2.29477s, 100108 KB] FactPairs: 272
[t=2.29477s, 100108 KB] Bytes per state: 16
[t=2.29477s, 100108 KB] Conducting best first search without reopening closed nodes, (real) bound = 2147483647
[t=2.41462s, 121768 KB] New best heuristic value for operatorcounting(constraint_generators=[pho_constraints(patterns=systematic(4))],use_integer_operator_counts=true,transform=adapt_costs(cost_type=one)): 72
[t=2.41462s, 121768 KB] g=0, 1 evaluated, 0 expanded
[t=2.41462s, 121768 KB] Initial heuristic value for operatorcounting(constraint_generators=[pho_constraints(patterns=systematic(4))],use_integer_operator_counts=true,transform=adapt_costs(cost_type=one)): 72
[t=2.41462s, 121768 KB] pruning method: none
[t=2.51846s, 125148 KB] New best heuristic value for operatorcounting(constraint_generators=[pho_constraints(patterns=systematic(4))],use_integer_operator_counts=true,transform=adapt_costs(cost_type=one)): 71
[t=2.51846s, 125148 KB] g=0, 2 evaluated, 1 expanded
[t=2.61833s, 125148 KB] New best heuristic value for operatorcounting(constraint_generators=[pho_constraints(patterns=systematic(4))],use_integer_operator_counts=true,transform=adapt_costs(cost_type=one)): 70
[t=2.61833s, 125148 KB] g=224, 3 evaluated, 2 expanded
[t=3.73585s, 142292 KB] New best heuristic value for operatorcounting(constraint_generators=[pho_constraints(patterns=systematic(4))],use_integer_operator_counts=true,transform=adapt_costs(cost_type=one)): 69
[t=3.73585s, 142292 KB] g=1624, 12 evaluated, 3 expanded
[t=4.85791s, 142292 KB] New best heuristic value for operatorcounting(constraint_generators=[pho_constraints(patterns=systematic(4))],use_integer_operator_counts=true,transform=adapt_costs(cost_type=one)): 68
[t=4.85791s, 142292 KB] g=11623, 22 evaluated, 4 expanded
[t=6.08691s, 142292 KB] New best heuristic value for operatorcounting(constraint_generators=[pho_constraints(patterns=systematic(4))],use_integer_operator_counts=true,transform=adapt_costs(cost_type=one)): 67
[t=6.08691s, 142292 KB] g=224413, 32 evaluated, 5 expanded
[t=7.18929s, 142292 KB] New best heuristic value for operatorcounting(constraint_generators=[pho_constraints(patterns=systematic(4))],use_integer_operator_counts=true,transform=adapt_costs(cost_type=one)): 66
[t=7.18929s, 142292 KB] g=229412, 43 evaluated, 6 expanded
[t=8.35168s, 142292 KB] New best heuristic value for operatorcounting(constraint_generators=[pho_constraints(patterns=systematic(4))],use_integer_operator_counts=true,transform=adapt_costs(cost_type=one)): 65
[t=8.35168s, 142292 KB] g=238411, 53 evaluated, 7 expanded
[t=9.5735s, 142292 KB] New best heuristic value for operatorcounting(constraint_generators=[pho_constraints(patterns=systematic(4))],use_integer_operator_counts=true,transform=adapt_costs(cost_type=one)): 64
[t=9.5735s, 142292 KB] g=248410, 65 evaluated, 8 expanded
[t=10.5999s, 142292 KB] New best heuristic value for operatorcounting(constraint_generators=[pho_constraints(patterns=systematic(4))],use_integer_operator_counts=true,transform=adapt_costs(cost_type=one)): 63
[t=10.5999s, 142292 KB] g=461200, 75 evaluated, 9 expanded
[t=11.6332s, 142292 KB] New best heuristic value for operatorcounting(constraint_generators=[pho_constraints(patterns=systematic(4))],use_integer_operator_counts=true,transform=adapt_costs(cost_type=one)): 62
[t=11.6332s, 142292 KB] g=471199, 85 evaluated, 10 expanded
[t=12.8436s, 142292 KB] New best heuristic value for operatorcounting(constraint_generators=[pho_constraints(patterns=systematic(4))],use_integer_operator_counts=true,transform=adapt_costs(cost_type=one)): 61
[t=12.8436s, 142292 KB] g=472698, 96 evaluated, 11 expanded
[t=13.8465s, 142292 KB] New best heuristic value for operatorcounting(constraint_generators=[pho_constraints(patterns=systematic(4))],use_integer_operator_counts=true,transform=adapt_costs(cost_type=one)): 60
[t=13.8465s, 142292 KB] g=474197, 106 evaluated, 12 expanded
[t=14.8638s, 143788 KB] New best heuristic value for operatorcounting(constraint_generators=[pho_constraints(patterns=systematic(4))],use_integer_operator_counts=true,transform=adapt_costs(cost_type=one)): 59
[t=14.8638s, 143788 KB] g=474421, 115 evaluated, 13 expanded
[t=15.7902s, 143788 KB] New best heuristic value for operatorcounting(constraint_generators=[pho_constraints(patterns=systematic(4))],use_integer_operator_counts=true,transform=adapt_costs(cost_type=one)): 58
[t=15.7902s, 143788 KB] g=475821, 123 evaluated, 14 expanded
[t=16.6718s, 143788 KB] New best heuristic value for operatorcounting(constraint_generators=[pho_constraints(patterns=systematic(4))],use_integer_operator_counts=true,transform=adapt_costs(cost_type=one)): 57
[t=16.6718s, 143788 KB] g=485820, 132 evaluated, 15 expanded
[t=17.6932s, 143788 KB] New best heuristic value for operatorcounting(constraint_generators=[pho_constraints(patterns=systematic(4))],use_integer_operator_counts=true,transform=adapt_costs(cost_type=one)): 56
[t=17.6932s, 143788 KB] g=698610, 141 evaluated, 16 expanded
[t=18.6561s, 143788 KB] New best heuristic value for operatorcounting(constraint_generators=[pho_constraints(patterns=systematic(4))],use_integer_operator_counts=true,transform=adapt_costs(cost_type=one)): 55
[t=18.6561s, 143788 KB] g=703609, 151 evaluated, 17 expanded
[t=19.8101s, 143788 KB] New best heuristic value for operatorcounting(constraint_generators=[pho_constraints(patterns=systematic(4))],use_integer_operator_counts=true,transform=adapt_costs(cost_type=one)): 54
[t=19.8101s, 143788 KB] g=705108, 161 evaluated, 18 expanded
[t=20.8077s, 143788 KB] New best heuristic value for operatorcounting(constraint_generators=[pho_constraints(patterns=systematic(4))],use_integer_operator_counts=true,transform=adapt_costs(cost_type=one)): 53
[t=20.8077s, 143788 KB] g=706607, 170 evaluated, 19 expanded
[t=21.8806s, 143788 KB] New best heuristic value for operatorcounting(constraint_generators=[pho_constraints(patterns=systematic(4))],use_integer_operator_counts=true,transform=adapt_costs(cost_type=one)): 52
[t=21.8806s, 143788 KB] g=706831, 178 evaluated, 20 expanded
[t=22.8432s, 143788 KB] New best heuristic value for operatorcounting(constraint_generators=[pho_constraints(patterns=systematic(4))],use_integer_operator_counts=true,transform=adapt_costs(cost_type=one)): 51
[t=22.8432s, 143788 KB] g=708231, 185 evaluated, 21 expanded
[t=23.7288s, 143788 KB] New best heuristic value for operatorcounting(constraint_generators=[pho_constraints(patterns=systematic(4))],use_integer_operator_counts=true,transform=adapt_costs(cost_type=one)): 50
[t=23.7288s, 143788 KB] g=718230, 193 evaluated, 22 expanded
[t=24.6555s, 143788 KB] New best heuristic value for operatorcounting(constraint_generators=[pho_constraints(patterns=systematic(4))],use_integer_operator_counts=true,transform=adapt_costs(cost_type=one)): 49
[t=24.6555s, 143788 KB] g=931020, 202 evaluated, 23 expanded
[t=25.5461s, 143788 KB] New best heuristic value for operatorcounting(constraint_generators=[pho_constraints(patterns=systematic(4))],use_integer_operator_counts=true,transform=adapt_costs(cost_type=one)): 48
[t=25.5461s, 143788 KB] g=936019, 210 evaluated, 24 expanded
[t=26.6443s, 143788 KB] New best heuristic value for operatorcounting(constraint_generators=[pho_constraints(patterns=systematic(4))],use_integer_operator_counts=true,transform=adapt_costs(cost_type=one)): 47
[t=26.6443s, 143788 KB] g=937518, 219 evaluated, 25 expanded
[t=27.5343s, 143788 KB] New best heuristic value for operatorcounting(constraint_generators=[pho_constraints(patterns=systematic(4))],use_integer_operator_counts=true,transform=adapt_costs(cost_type=one)): 46
[t=27.5343s, 143788 KB] g=939017, 227 evaluated, 26 expanded
[t=28.4252s, 143788 KB] New best heuristic value for operatorcounting(constraint_generators=[pho_constraints(patterns=systematic(4))],use_integer_operator_counts=true,transform=adapt_costs(cost_type=one)): 45
[t=28.4252s, 143788 KB] g=939241, 234 evaluated, 27 expanded
[t=29.1881s, 143788 KB] New best heuristic value for operatorcounting(constraint_generators=[pho_constraints(patterns=systematic(4))],use_integer_operator_counts=true,transform=adapt_costs(cost_type=one)): 44
[t=29.1881s, 143788 KB] g=940641, 240 evaluated, 28 expanded
[t=29.9472s, 143788 KB] New best heuristic value for operatorcounting(constraint_generators=[pho_constraints(patterns=systematic(4))],use_integer_operator_counts=true,transform=adapt_costs(cost_type=one)): 43
[t=29.9472s, 143788 KB] g=950640, 247 evaluated, 29 expanded
[t=30.817s, 143788 KB] New best heuristic value for operatorcounting(constraint_generators=[pho_constraints(patterns=systematic(4))],use_integer_operator_counts=true,transform=adapt_costs(cost_type=one)): 42
[t=30.817s, 143788 KB] g=1163430, 255 evaluated, 30 expanded
[t=31.516s, 143788 KB] New best heuristic value for operatorcounting(constraint_generators=[pho_constraints(patterns=systematic(4))],use_integer_operator_counts=true,transform=adapt_costs(cost_type=one)): 41
[t=31.516s, 143788 KB] g=1168429, 262 evaluated, 31 expanded
[t=32.3777s, 143788 KB] New best heuristic value for operatorcounting(constraint_generators=[pho_constraints(patterns=systematic(4))],use_integer_operator_counts=true,transform=adapt_costs(cost_type=one)): 40
[t=32.3777s, 143788 KB] g=1177428, 269 evaluated, 32 expanded
[t=33.1329s, 143788 KB] New best heuristic value for operatorcounting(constraint_generators=[pho_constraints(patterns=systematic(4))],use_integer_operator_counts=true,transform=adapt_costs(cost_type=one)): 39
[t=33.1329s, 143788 KB] g=1187427, 278 evaluated, 33 expanded
[t=33.8319s, 143788 KB] New best heuristic value for operatorcounting(constraint_generators=[pho_constraints(patterns=systematic(4))],use_integer_operator_counts=true,transform=adapt_costs(cost_type=one)): 38
[t=33.8319s, 143788 KB] g=1400217, 285 evaluated, 34 expanded
[t=34.5582s, 143788 KB] New best heuristic value for operatorcounting(constraint_generators=[pho_constraints(patterns=systematic(4))],use_integer_operator_counts=true,transform=adapt_costs(cost_type=one)): 37
[t=34.5582s, 143788 KB] g=1410216, 292 evaluated, 35 expanded
[t=35.4404s, 143788 KB] New best heuristic value for operatorcounting(constraint_generators=[pho_constraints(patterns=systematic(4))],use_integer_operator_counts=true,transform=adapt_costs(cost_type=one)): 36
[t=35.4404s, 143788 KB] g=1411715, 300 evaluated, 36 expanded
[t=36.1833s, 143788 KB] New best heuristic value for operatorcounting(constraint_generators=[pho_constraints(patterns=systematic(4))],use_integer_operator_counts=true,transform=adapt_costs(cost_type=one)): 35
[t=36.1833s, 143788 KB] g=1413214, 307 evaluated, 37 expanded
[t=36.8506s, 143788 KB] New best heuristic value for operatorcounting(constraint_generators=[pho_constraints(patterns=systematic(4))],use_integer_operator_counts=true,transform=adapt_costs(cost_type=one)): 34
[t=36.8506s, 143788 KB] g=1413438, 313 evaluated, 38 expanded
[t=37.4057s, 143788 KB] New best heuristic value for operatorcounting(constraint_generators=[pho_constraints(patterns=systematic(4))],use_integer_operator_counts=true,transform=adapt_costs(cost_type=one)): 33
[t=37.4057s, 143788 KB] g=1414838, 318 evaluated, 39 expanded
[t=37.9466s, 143788 KB] New best heuristic value for operatorcounting(constraint_generators=[pho_constraints(patterns=systematic(4))],use_integer_operator_counts=true,transform=adapt_costs(cost_type=one)): 32
[t=37.9466s, 143788 KB] g=1424837, 324 evaluated, 40 expanded
[t=38.4978s, 143788 KB] New best heuristic value for operatorcounting(constraint_generators=[pho_constraints(patterns=systematic(4))],use_integer_operator_counts=true,transform=adapt_costs(cost_type=one)): 31
[t=38.4978s, 143788 KB] g=1637627, 331 evaluated, 41 expanded
[t=39.0561s, 143788 KB] New best heuristic value for operatorcounting(constraint_generators=[pho_constraints(patterns=systematic(4))],use_integer_operator_counts=true,transform=adapt_costs(cost_type=one)): 30
[t=39.0561s, 143788 KB] g=1642626, 337 evaluated, 42 expanded
[t=39.7909s, 143788 KB] New best heuristic value for operatorcounting(constraint_generators=[pho_constraints(patterns=systematic(4))],use_integer_operator_counts=true,transform=adapt_costs(cost_type=one)): 29
[t=39.7909s, 143788 KB] g=1644125, 344 evaluated, 43 expanded
[t=40.3371s, 143788 KB] New best heuristic value for operatorcounting(constraint_generators=[pho_constraints(patterns=systematic(4))],use_integer_operator_counts=true,transform=adapt_costs(cost_type=one)): 28
[t=40.3371s, 143788 KB] g=1645624, 350 evaluated, 44 expanded
[t=40.8758s, 143788 KB] New best heuristic value for operatorcounting(constraint_generators=[pho_constraints(patterns=systematic(4))],use_integer_operator_counts=true,transform=adapt_costs(cost_type=one)): 27
[t=40.8758s, 143788 KB] g=1645848, 355 evaluated, 45 expanded
[t=41.2952s, 143788 KB] New best heuristic value for operatorcounting(constraint_generators=[pho_constraints(patterns=systematic(4))],use_integer_operator_counts=true,transform=adapt_costs(cost_type=one)): 26
[t=41.2952s, 143788 KB] g=1647248, 359 evaluated, 46 expanded
[t=41.69s, 143788 KB] New best heuristic value for operatorcounting(constraint_generators=[pho_constraints(patterns=systematic(4))],use_integer_operator_counts=true,transform=adapt_costs(cost_type=one)): 25
[t=41.69s, 143788 KB] g=1657247, 364 evaluated, 47 expanded
[t=42.1293s, 143788 KB] New best heuristic value for operatorcounting(constraint_generators=[pho_constraints(patterns=systematic(4))],use_integer_operator_counts=true,transform=adapt_costs(cost_type=one)): 24
[t=42.1293s, 143788 KB] g=1870037, 370 evaluated, 48 expanded
[t=42.5468s, 143912 KB] New best heuristic value for operatorcounting(constraint_generators=[pho_constraints(patterns=systematic(4))],use_integer_operator_counts=true,transform=adapt_costs(cost_type=one)): 23
[t=42.5468s, 143912 KB] g=1875036, 375 evaluated, 49 expanded
[t=43.0861s, 143912 KB] New best heuristic value for operatorcounting(constraint_generators=[pho_constraints(patterns=systematic(4))],use_integer_operator_counts=true,transform=adapt_costs(cost_type=one)): 22
[t=43.0861s, 143912 KB] g=1876535, 381 evaluated, 50 expanded
[t=43.4855s, 143912 KB] New best heuristic value for operatorcounting(constraint_generators=[pho_constraints(patterns=systematic(4))],use_integer_operator_counts=true,transform=adapt_costs(cost_type=one)): 21
[t=43.4855s, 143912 KB] g=1878034, 386 evaluated, 51 expanded
[t=43.9009s, 143912 KB] New best heuristic value for operatorcounting(constraint_generators=[pho_constraints(patterns=systematic(4))],use_integer_operator_counts=true,transform=adapt_costs(cost_type=one)): 20
[t=43.9009s, 143912 KB] g=1878258, 390 evaluated, 52 expanded
[t=44.1806s, 143912 KB] New best heuristic value for operatorcounting(constraint_generators=[pho_constraints(patterns=systematic(4))],use_integer_operator_counts=true,transform=adapt_costs(cost_type=one)): 19
[t=44.1806s, 143912 KB] g=1879658, 393 evaluated, 53 expanded
[t=44.4638s, 143912 KB] New best heuristic value for operatorcounting(constraint_generators=[pho_constraints(patterns=systematic(4))],use_integer_operator_counts=true,transform=adapt_costs(cost_type=one)): 18
[t=44.4638s, 143912 KB] g=1889657, 397 evaluated, 54 expanded
[t=44.7514s, 143912 KB] New best heuristic value for operatorcounting(constraint_generators=[pho_constraints(patterns=systematic(4))],use_integer_operator_counts=true,transform=adapt_costs(cost_type=one)): 17
[t=44.7514s, 143912 KB] g=2102447, 402 evaluated, 55 expanded
[t=45.0351s, 143912 KB] New best heuristic value for operatorcounting(constraint_generators=[pho_constraints(patterns=systematic(4))],use_integer_operator_counts=true,transform=adapt_costs(cost_type=one)): 16
[t=45.0351s, 143912 KB] g=2107446, 406 evaluated, 56 expanded
[t=45.4465s, 143912 KB] New best heuristic value for operatorcounting(constraint_generators=[pho_constraints(patterns=systematic(4))],use_integer_operator_counts=true,transform=adapt_costs(cost_type=one)): 15
[t=45.4465s, 143912 KB] g=2108945, 411 evaluated, 57 expanded
[t=45.7088s, 143912 KB] New best heuristic value for operatorcounting(constraint_generators=[pho_constraints(patterns=systematic(4))],use_integer_operator_counts=true,transform=adapt_costs(cost_type=one)): 14
[t=45.7088s, 143912 KB] g=2110444, 415 evaluated, 58 expanded
[t=46.0203s, 143912 KB] New best heuristic value for operatorcounting(constraint_generators=[pho_constraints(patterns=systematic(4))],use_integer_operator_counts=true,transform=adapt_costs(cost_type=one)): 13
[t=46.0203s, 143912 KB] g=2110668, 418 evaluated, 59 expanded
[t=46.2075s, 143912 KB] New best heuristic value for operatorcounting(constraint_generators=[pho_constraints(patterns=systematic(4))],use_integer_operator_counts=true,transform=adapt_costs(cost_type=one)): 12
[t=46.2075s, 143912 KB] g=2112068, 420 evaluated, 60 expanded
[t=46.3903s, 143912 KB] New best heuristic value for operatorcounting(constraint_generators=[pho_constraints(patterns=systematic(4))],use_integer_operator_counts=true,transform=adapt_costs(cost_type=one)): 11
[t=46.3903s, 143912 KB] g=2122067, 423 evaluated, 61 expanded
[t=46.578s, 143912 KB] New best heuristic value for operatorcounting(constraint_generators=[pho_constraints(patterns=systematic(4))],use_integer_operator_counts=true,transform=adapt_costs(cost_type=one)): 10
[t=46.578s, 143912 KB] g=2334857, 427 evaluated, 62 expanded
[t=46.7535s, 143912 KB] New best heuristic value for operatorcounting(constraint_generators=[pho_constraints(patterns=systematic(4))],use_integer_operator_counts=true,transform=adapt_costs(cost_type=one)): 9
[t=46.7535s, 143912 KB] g=2339856, 430 evaluated, 63 expanded
[t=47.0251s, 143912 KB] New best heuristic value for operatorcounting(constraint_generators=[pho_constraints(patterns=systematic(4))],use_integer_operator_counts=true,transform=adapt_costs(cost_type=one)): 8
[t=47.0251s, 143912 KB] g=2341355, 434 evaluated, 64 expanded
[t=47.1849s, 143912 KB] New best heuristic value for operatorcounting(constraint_generators=[pho_constraints(patterns=systematic(4))],use_integer_operator_counts=true,transform=adapt_costs(cost_type=one)): 7
[t=47.1849s, 143912 KB] g=2342854, 437 evaluated, 65 expanded
[t=47.3207s, 143924 KB] New best heuristic value for operatorcounting(constraint_generators=[pho_constraints(patterns=systematic(4))],use_integer_operator_counts=true,transform=adapt_costs(cost_type=one)): 6
[t=47.3207s, 143924 KB] g=2343078, 439 evaluated, 66 expanded
[t=47.3806s, 143924 KB] New best heuristic value for operatorcounting(constraint_generators=[pho_constraints(patterns=systematic(4))],use_integer_operator_counts=true,transform=adapt_costs(cost_type=one)): 5
[t=47.3806s, 143924 KB] g=2344478, 440 evaluated, 67 expanded
[t=47.4405s, 143924 KB] New best heuristic value for operatorcounting(constraint_generators=[pho_constraints(patterns=systematic(4))],use_integer_operator_counts=true,transform=adapt_costs(cost_type=one)): 4
[t=47.4405s, 143924 KB] g=2354477, 442 evaluated, 68 expanded
[t=47.5084s, 143924 KB] New best heuristic value for operatorcounting(constraint_generators=[pho_constraints(patterns=systematic(4))],use_integer_operator_counts=true,transform=adapt_costs(cost_type=one)): 3
[t=47.5084s, 143924 KB] g=2567267, 445 evaluated, 69 expanded
[t=47.5643s, 143924 KB] New best heuristic value for operatorcounting(constraint_generators=[pho_constraints(patterns=systematic(4))],use_integer_operator_counts=true,transform=adapt_costs(cost_type=one)): 2
[t=47.5643s, 143924 KB] g=2572266, 447 evaluated, 70 expanded
[t=47.748s, 143924 KB] New best heuristic value for operatorcounting(constraint_generators=[pho_constraints(patterns=systematic(4))],use_integer_operator_counts=true,transform=adapt_costs(cost_type=one)): 1
[t=47.748s, 143924 KB] g=2573765, 450 evaluated, 71 expanded
[t=47.796s, 143924 KB] New best heuristic value for operatorcounting(constraint_generators=[pho_constraints(patterns=systematic(4))],use_integer_operator_counts=true,transform=adapt_costs(cost_type=one)): 0
[t=47.796s, 143924 KB] g=2575264, 452 evaluated, 72 expanded
[t=47.796s, 143924 KB] Solution found!
[t=47.796s, 143924 KB] Actual search time: 45.3814s
initialize  (0)
fe1-feedmsi-letter sheet1 (125)
hw1-leftentrytobottomleftexit-letter sheet1 (1499)
lc1-inverttoime-letter sheet1 back front (9999)
lime-simplexmono-letter sheet1 front image-1 (212790)
lc1-fromime-letter sheet1 (4999)
hw1-bottomrightentrytobottomleftexit-letter sheet1 (8999)
lc1-inverttoime-letter sheet1 front back (9999)
lime-simplexmono-letter sheet1 back image-1b (212790)
lc1-invertfromime-letter sheet1 back front (9999)
hw1-bottomrightentrytorightexit-letter sheet1 (1499)
sys-stack-letter sheet1 dummy-sheet (1499)
fe1-feedmsi-letter sheet2 (125)
hw1-leftentrytobottomleftexit-letter sheet2 (1499)
lc1-inverttoime-letter sheet2 back front (9999)
lime-simplex-letter sheet2 front image-2 (212790)
lc1-fromime-letter sheet2 (4999)
hw1-bottomrightentrytorightexit-letter sheet2 (1499)
sys-stack-letter sheet2 sheet1 (1499)
fe1-feedmsi-letter sheet3 (125)
hw1-leftentrytobottomleftexit-letter sheet3 (1499)
lc1-inverttoime-letter sheet3 back front (9999)
lime-simplex-letter sheet3 front image-3 (212790)
lc1-fromime-letter sheet3 (4999)
hw1-bottomrightentrytorightexit-letter sheet3 (1499)
sys-stack-letter sheet3 sheet2 (1499)
fe1-feedmsi-letter sheet4 (125)
hw1-leftentrytobottomleftexit-letter sheet4 (1499)
lc1-inverttoime-letter sheet4 back front (9999)
lime-simplex-letter sheet4 front image-4 (212790)
lc1-fromime-letter sheet4 (4999)
hw1-bottomrightentrytobottomleftexit-letter sheet4 (8999)
lc1-inverttoime-letter sheet4 front back (9999)
lime-simplex-letter sheet4 back image-4b (212790)
lc1-invertfromime-letter sheet4 back front (9999)
hw1-bottomrightentrytorightexit-letter sheet4 (1499)
sys-stack-letter sheet4 sheet3 (1499)
fe1-feedmsi-letter sheet5 (125)
hw1-leftentrytobottomleftexit-letter sheet5 (1499)
lc1-inverttoime-letter sheet5 back front (9999)
lime-simplex-letter sheet5 front image-5 (212790)
lc1-fromime-letter sheet5 (4999)
hw1-bottomrightentrytorightexit-letter sheet5 (1499)
sys-stack-letter sheet5 sheet4 (1499)
fe1-feedmsi-letter sheet6 (125)
hw1-leftentrytobottomleftexit-letter sheet6 (1499)
lc1-inverttoime-letter sheet6 back front (9999)
lime-simplex-letter sheet6 front image-6 (212790)
lc1-fromime-letter sheet6 (4999)
hw1-bottomrightentrytorightexit-letter sheet6 (1499)
sys-stack-letter sheet6 sheet5 (1499)
fe1-feedmsi-letter sheet7 (125)
hw1-leftentrytobottomleftexit-letter sheet7 (1499)
lc1-inverttoime-letter sheet7 back front (9999)
lime-simplex-letter sheet7 front image-7 (212790)
lc1-fromime-letter sheet7 (4999)
hw1-bottomrightentrytorightexit-letter sheet7 (1499)
sys-stack-letter sheet7 sheet6 (1499)
fe1-feedmsi-letter sheet8 (125)
hw1-leftentrytobottomleftexit-letter sheet8 (1499)
lc1-inverttoime-letter sheet8 back front (9999)
lime-simplex-letter sheet8 front image-8 (212790)
lc1-fromime-letter sheet8 (4999)
hw1-bottomrightentrytorightexit-letter sheet8 (1499)
sys-stack-letter sheet8 sheet7 (1499)
fe1-feedmsi-letter sheet9 (125)
hw1-leftentrytobottomleftexit-letter sheet9 (1499)
lc1-inverttoime-letter sheet9 back front (9999)
lime-simplex-letter sheet9 front image-9 (212790)
lc1-fromime-letter sheet9 (4999)
hw1-bottomrightentrytorightexit-letter sheet9 (1499)
sys-stack-letter sheet9 sheet8 (1499)
[t=47.796s, 143924 KB] Plan length: 72 step(s).
[t=47.796s, 143924 KB] Plan cost: 2575264
[t=47.796s, 143924 KB] Expanded 73 state(s).
[t=47.796s, 143924 KB] Reopened 0 state(s).
[t=47.796s, 143924 KB] Evaluated 452 state(s).
[t=47.796s, 143924 KB] Evaluations: 452
[t=47.796s, 143924 KB] Generated 852 state(s).
[t=47.796s, 143924 KB] Dead ends: 49 state(s).
[t=47.796s, 143924 KB] Number of registered states: 452
[t=47.796s, 143924 KB] Int hash set load factor: 452/512 = 0.882812
[t=47.796s, 143924 KB] Int hash set resizes: 9
[t=47.796s, 143924 KB] Search time: 45.5012s
[t=47.796s, 143924 KB] Total time: 47.796s
Solution found.
Peak memory: 143924 KB
Remove intermediate file output.sas
search exit code: 0

INFO     Running validate.
INFO     validate stdin: None
INFO     validate time limit: None
INFO     validate memory limit: None
INFO     validate command line string: /home/henry/bin/validate domain.pddl problem.pddl sas_plan
Checking plan: sas_plan
Plan executed successfully - checking goal
Plan valid
Final value: 2575264 

Successful plans:
Value: 2575264
 sas_plan 2575264 

validate exit code: 0

INFO     Planner time: 47.93s
