INFO     planner time limit: 1800s
INFO     planner memory limit: 2048 MB

INFO     Running translator.
INFO     translator stdin: None
INFO     translator time limit: 1799s
INFO     translator memory limit: 2048 MB
INFO     translator command line string: /home/henry/Documents/UFRGS/TCC/downward/.venv/bin/python /home/henry/Documents/UFRGS/TCC/downward/experiments/lab/data/main/code-5bb2ccb6957559b6969ffd7e29254c73f84d5e49_e5e41175/builds/release/bin/translate/translate.py domain.pddl problem.pddl --sas-file output.sas
Parsing...
Parsing: [0.000s CPU, 0.005s wall-clock]
Normalizing task... [0.000s CPU, 0.000s wall-clock]
Instantiating...
Generating Datalog program... [0.010s CPU, 0.001s wall-clock]
Normalizing Datalog program...
Normalizing Datalog program: [0.000s CPU, 0.005s wall-clock]
Preparing model... [0.010s CPU, 0.006s wall-clock]
Generated 258 rules.
Computing model... [1.750s CPU, 1.750s wall-clock]
247776 relevant atoms
2362 auxiliary atoms
250138 final queue length
920648 total queue pushes
Completing instantiation... [12.050s CPU, 12.054s wall-clock]
Instantiating: [13.860s CPU, 13.871s wall-clock]
Computing fact groups...
Finding invariants...
44 initial candidates
Finding invariants: [0.310s CPU, 0.304s wall-clock]
Checking invariant weight... [0.000s CPU, 0.000s wall-clock]
Instantiating groups... [0.000s CPU, 0.001s wall-clock]
Collecting mutex groups... [0.000s CPU, 0.000s wall-clock]
Choosing groups...
106 uncovered facts
Choosing groups: [0.000s CPU, 0.000s wall-clock]
Building translation key... [0.000s CPU, 0.000s wall-clock]
Computing fact groups: [0.310s CPU, 0.306s wall-clock]
Building STRIPS to SAS dictionary... [0.000s CPU, 0.000s wall-clock]
Building dictionary for full mutex groups... [0.000s CPU, 0.000s wall-clock]
Building mutex information...
Building mutex information: [0.000s CPU, 0.000s wall-clock]
Translating task...
Processing axioms...
Simplifying axioms... [0.000s CPU, 0.000s wall-clock]
Translator axioms removed by simplifying: 0
Computing negative axioms... [0.000s CPU, 0.000s wall-clock]
Processing axioms: [0.450s CPU, 0.448s wall-clock]
Translating task: [11.550s CPU, 11.557s wall-clock]
266095 effect conditions simplified
0 implied preconditions added
Detecting unreachable propositions...
0 operators removed
0 axioms removed
38 propositions removed
Detecting unreachable propositions: [6.200s CPU, 6.191s wall-clock]
Reordering and filtering variables...
99 of 105 variables necessary.
0 of 12 mutex groups necessary.
246879 of 246879 operators necessary.
0 of 0 axiom rules necessary.
Reordering and filtering variables: [1.920s CPU, 1.931s wall-clock]
Translator variables: 99
Translator derived variables: 0
Translator facts: 293
Translator goal facts: 1
Translator mutex groups: 0
Translator total mutex groups size: 0
Translator operators: 246879
Translator axioms: 0
Translator task size: 2606679
Translator peak memory: 1515064 KB
Writing output... [1.600s CPU, 1.607s wall-clock]
Done! [35.990s CPU, 36.019s wall-clock]
translate exit code: 0

INFO     Running search (release).
INFO     search stdin: output.sas
INFO     search time limit: 1763s
INFO     search memory limit: 2048 MB
INFO     search command line string: /home/henry/Documents/UFRGS/TCC/downward/experiments/lab/data/main/code-5bb2ccb6957559b6969ffd7e29254c73f84d5e49_e5e41175/builds/release/bin/downward --search 'eager_greedy([ff(transform=adapt_costs(cost_type=NORMAL))])' --internal-plan-file sas_plan < output.sas
[t=0s, 10544 KB] reading input...
[t=1.12767s, 112364 KB] done reading input!
[t=1.22354s, 176664 KB] Simplifying 766448 unary operators... done! [352658 unary operators]
[t=1.62718s, 204388 KB] time to simplify: 0.40364s
[t=1.63917s, 219884 KB] Initializing additive heuristic...
[t=1.63917s, 219884 KB] Initializing FF heuristic...
[t=1.63917s, 219884 KB] Building successor generator...done!
[t=1.7351s, 219884 KB] peak memory difference for successor generator creation: 0 KB
[t=1.7351s, 219884 KB] time for successor generation creation: 0.0959249s
[t=1.7351s, 219884 KB] Variables: 99
[t=1.7351s, 219884 KB] FactPairs: 293
[t=1.7351s, 219884 KB] Bytes per state: 20
[t=1.7351s, 219884 KB] Conducting best first search without reopening closed nodes, (real) bound = 2147483647
[t=1.7431s, 219884 KB] New best heuristic value for ff(transform=adapt_costs(cost_type=normal)): 562
[t=1.7431s, 219884 KB] g=0, 1 evaluated, 0 expanded
[t=1.7431s, 219884 KB] Initial heuristic value for ff(transform=adapt_costs(cost_type=normal)): 562
[t=1.7431s, 219884 KB] pruning method: none
[t=1.75508s, 219884 KB] New best heuristic value for ff(transform=adapt_costs(cost_type=normal)): 382
[t=1.75508s, 219884 KB] g=180, 2 evaluated, 1 expanded
[t=1.819s, 219884 KB] New best heuristic value for ff(transform=adapt_costs(cost_type=normal)): 202
[t=1.819s, 219884 KB] g=180, 9 evaluated, 1 expanded
[t=1.823s, 219884 KB] New best heuristic value for ff(transform=adapt_costs(cost_type=normal)): 22
[t=1.823s, 219884 KB] g=360, 10 evaluated, 2 expanded
[t=2.01077s, 219884 KB] New best heuristic value for ff(transform=adapt_costs(cost_type=normal)): 19
[t=2.01077s, 219884 KB] g=723, 34 evaluated, 13 expanded
[t=2.45414s, 219884 KB] New best heuristic value for ff(transform=adapt_costs(cost_type=normal)): 16
[t=2.45414s, 219884 KB] g=1086, 98 evaluated, 51 expanded
[t=2.97359s, 219884 KB] New best heuristic value for ff(transform=adapt_costs(cost_type=normal)): 13
[t=2.97359s, 219884 KB] g=1449, 181 evaluated, 97 expanded
[t=3.00954s, 219884 KB] New best heuristic value for ff(transform=adapt_costs(cost_type=normal)): 12
[t=3.00954s, 219884 KB] g=1450, 190 evaluated, 98 expanded
[t=3.01353s, 219884 KB] New best heuristic value for ff(transform=adapt_costs(cost_type=normal)): 11
[t=3.01353s, 219884 KB] g=1451, 191 evaluated, 99 expanded
[t=3.01753s, 219884 KB] New best heuristic value for ff(transform=adapt_costs(cost_type=normal)): 10
[t=3.01753s, 219884 KB] g=1452, 192 evaluated, 100 expanded
[t=34.269s, 219884 KB] New best heuristic value for ff(transform=adapt_costs(cost_type=normal)): 9
[t=34.269s, 219884 KB] g=1454, 7377 evaluated, 6377 expanded
[t=34.2849s, 219884 KB] New best heuristic value for ff(transform=adapt_costs(cost_type=normal)): 8
[t=34.2849s, 219884 KB] g=1455, 7381 evaluated, 6381 expanded
[t=39.7314s, 219884 KB] New best heuristic value for ff(transform=adapt_costs(cost_type=normal)): 7
[t=39.7314s, 219884 KB] g=2544, 8499 evaluated, 7285 expanded
[t=39.7354s, 219884 KB] New best heuristic value for ff(transform=adapt_costs(cost_type=normal)): 6
[t=39.7354s, 219884 KB] g=2545, 8500 evaluated, 7286 expanded
[t=40.0192s, 219884 KB] New best heuristic value for ff(transform=adapt_costs(cost_type=normal)): 5
[t=40.0192s, 219884 KB] g=2548, 8573 evaluated, 7340 expanded
[t=40.0231s, 219884 KB] New best heuristic value for ff(transform=adapt_costs(cost_type=normal)): 4
[t=40.0231s, 219884 KB] g=2549, 8574 evaluated, 7341 expanded
[t=42.8004s, 219884 KB] New best heuristic value for ff(transform=adapt_costs(cost_type=normal)): 3
[t=42.8004s, 219884 KB] g=3275, 9246 evaluated, 7850 expanded
[t=42.8044s, 219884 KB] New best heuristic value for ff(transform=adapt_costs(cost_type=normal)): 2
[t=42.8044s, 219884 KB] g=3276, 9247 evaluated, 7851 expanded
[t=42.8084s, 219884 KB] New best heuristic value for ff(transform=adapt_costs(cost_type=normal)): 1
[t=42.8084s, 219884 KB] g=3277, 9248 evaluated, 7852 expanded
[t=42.8084s, 219884 KB] New best heuristic value for ff(transform=adapt_costs(cost_type=normal)): 0
[t=42.8084s, 219884 KB] g=3278, 9249 evaluated, 7853 expanded
[t=42.8164s, 219884 KB] Solution found!
[t=42.8164s, 219884 KB] Actual search time: 41.0733s
take_food worker2 worker1 worker2 round1 num3 num4 (180)
collect_resource worker1 noworker worker2 round1 act_clay clay (180)
ag__finish_round_backhome round1 worker2 (1)
ag__finish_round_renew round1 noworker (1)
ag__advance_round_normal round1 round2 act_sheep (1)
collect_resource worker2 worker1 worker2 round2 act_clay clay (180)
collect_resource worker1 noworker worker2 round2 act_reed reed (180)
ag__finish_round_backhome round2 worker2 (1)
ag__finish_round_renew round2 noworker (1)
ag__advance_round_normal round2 round3 act_sow (1)
take_grain worker2 worker1 worker2 round3 carrot (180)
plow_field worker1 noworker worker2 round3 (180)
ag__finish_round_backhome round3 worker2 (1)
ag__finish_round_renew round3 noworker (1)
ag__advance_round_normal round3 round4 act_fences (1)
sow worker2 worker1 worker2 round4 carrot (180)
take_food worker1 noworker worker2 round4 num4 num5 (180)
ag__finish_round_backhome round4 worker2 (1)
ag__finish_round_renew round4 noworker (1)
ag__harvest_collecting_veg round4 stage1 carrot num5 num7 num8 (1)
ag__harvest_collect_end round4 stage1 (1)
ag__harvest_feed round4 stage1 worker2 num8 num4 num4 (1)
ag__harvest_breed_end round4 stage1 (1)
ag__finish_stage stage1 stage2 round4 round5 act_boar (1)
build_fences boar worker2 worker1 worker2 round5 (180)
collect_animal boar act_sheep worker1 noworker worker2 round5 (180)
ag__finish_round_backhome round5 worker2 (1)
ag__finish_round_renew round5 noworker (1)
ag__advance_round_normal round5 round6 act_cattle (1)
collect_animal boar act_cattle worker2 worker1 worker2 round6 (180)
build_fences boar worker1 noworker worker2 round6 (180)
ag__finish_round_backhome round6 worker2 (1)
ag__finish_round_renew round6 noworker (1)
ag__advance_round_normal round6 round7 act_improve (1)
build_fences cattle worker2 worker1 worker2 round7 (180)
collect_animal cattle act_sheep worker1 noworker worker2 round7 (180)
ag__finish_round_backhome round7 worker2 (1)
ag__finish_round_renew round7 noworker (1)
ag__harvest_collect_end round7 stage2 (1)
ag__harvest_feed round7 stage2 worker2 num4 num4 num0 (1)
ag__harvest_breeding_animal round7 stage2 boar num0 num2 (1)
ag__harvest_breeding_animal round7 stage2 cattle num2 num4 (1)
ag__harvest_breed_end round7 stage2 (1)
ag__finish_stage stage2 stage3 round7 round8 act_carrot (1)
build_fences boar worker2 worker1 worker2 round8 (180)
collect_animal boar act_sheep worker1 noworker worker2 round8 (180)
ag__finish_round_backhome round8 worker2 (1)
ag__finish_round_renew round8 noworker (1)
ag__advance_round_normal round8 round9 void (1)
build_fences boar worker2 worker1 worker2 round9 (180)
collect_animal boar act_sheep worker1 noworker worker2 round9 (180)
ag__finish_round_backhome round9 worker2 (1)
ag__finish_round_renew round9 noworker (1)
ag__harvest_collect_end round9 stage3 (1)
ag__harvest_feed round9 stage3 worker2 num4 num4 num0 (1)
ag__harvest_breed_end round9 stage3 (1)
[t=42.8164s, 219884 KB] Plan length: 56 step(s).
[t=42.8164s, 219884 KB] Plan cost: 3278
[t=42.8164s, 219884 KB] Expanded 7854 state(s).
[t=42.8164s, 219884 KB] Reopened 0 state(s).
[t=42.8164s, 219884 KB] Evaluated 9251 state(s).
[t=42.8164s, 219884 KB] Evaluations: 9251
[t=42.8164s, 219884 KB] Generated 34176 state(s).
[t=42.8164s, 219884 KB] Dead ends: 136 state(s).
[t=42.8164s, 219884 KB] Number of registered states: 9251
[t=42.8164s, 219884 KB] Int hash set load factor: 9251/16384 = 0.564636
[t=42.8164s, 219884 KB] Int hash set resizes: 14
[t=42.8164s, 219884 KB] Search time: 41.0813s
[t=42.8164s, 219884 KB] Total time: 42.8164s
Solution found.
Peak memory: 219884 KB
Remove intermediate file output.sas
search exit code: 0

INFO     Running validate.
INFO     validate stdin: None
INFO     validate time limit: None
INFO     validate memory limit: None
INFO     validate command line string: /home/henry/bin/validate domain.pddl problem.pddl sas_plan
Checking plan: sas_plan
Plan executed successfully - checking goal
Plan valid
Final value: 3278 

Successful plans:
Value: 3278
 sas_plan 3278 

validate exit code: 0

INFO     Planner time: 79.07s
