INFO     planner time limit: 1800s
INFO     planner memory limit: 2048 MB

INFO     Running translator.
INFO     translator stdin: None
INFO     translator time limit: 1799s
INFO     translator memory limit: 2048 MB
INFO     translator command line string: /home/henry/Documents/UFRGS/TCC/downward/.venv/bin/python /home/henry/Documents/UFRGS/TCC/downward/experiments/lab/data/main/code-5bb2ccb6957559b6969ffd7e29254c73f84d5e49_e5e41175/builds/release/bin/translate/translate.py domain.pddl problem.pddl --sas-file output.sas
Parsing...
Parsing: [0.000s CPU, 0.005s wall-clock]
Normalizing task... [0.000s CPU, 0.000s wall-clock]
Instantiating...
Generating Datalog program... [0.010s CPU, 0.001s wall-clock]
Normalizing Datalog program...
Normalizing Datalog program: [0.000s CPU, 0.004s wall-clock]
Preparing model... [0.000s CPU, 0.003s wall-clock]
Generated 211 rules.
Computing model... [0.010s CPU, 0.013s wall-clock]
1113 relevant atoms
1238 auxiliary atoms
2351 final queue length
3350 total queue pushes
Completing instantiation... [0.010s CPU, 0.012s wall-clock]
Instantiating: [0.040s CPU, 0.034s wall-clock]
Computing fact groups...
Finding invariants...
20 initial candidates
Finding invariants: [0.000s CPU, 0.003s wall-clock]
Checking invariant weight... [0.000s CPU, 0.000s wall-clock]
Instantiating groups... [0.000s CPU, 0.000s wall-clock]
Collecting mutex groups... [0.000s CPU, 0.000s wall-clock]
Choosing groups...
324 uncovered facts
Choosing groups: [0.000s CPU, 0.000s wall-clock]
Building translation key... [0.010s CPU, 0.001s wall-clock]
Computing fact groups: [0.010s CPU, 0.008s wall-clock]
Building STRIPS to SAS dictionary... [0.000s CPU, 0.000s wall-clock]
Building dictionary for full mutex groups... [0.000s CPU, 0.000s wall-clock]
Building mutex information...
Building mutex information: [0.000s CPU, 0.000s wall-clock]
Translating task...
Processing axioms...
Simplifying axioms... [0.000s CPU, 0.000s wall-clock]
Translator axioms removed by simplifying: 0
Computing negative axioms... [0.000s CPU, 0.000s wall-clock]
Processing axioms: [0.000s CPU, 0.001s wall-clock]
Translating task: [0.010s CPU, 0.015s wall-clock]
361 effect conditions simplified
0 implied preconditions added
Detecting unreachable propositions...
0 operators removed
0 axioms removed
11 propositions removed
Detecting unreachable propositions: [0.010s CPU, 0.007s wall-clock]
Reordering and filtering variables...
94 of 332 variables necessary.
0 of 9 mutex groups necessary.
496 of 496 operators necessary.
0 of 0 axiom rules necessary.
Reordering and filtering variables: [0.000s CPU, 0.004s wall-clock]
Translator variables: 94
Translator derived variables: 0
Translator facts: 278
Translator goal facts: 54
Translator mutex groups: 0
Translator total mutex groups size: 0
Translator operators: 496
Translator axioms: 0
Translator task size: 3547
Translator peak memory: 35168 KB
Writing output... [0.010s CPU, 0.003s wall-clock]
Done! [0.080s CPU, 0.077s wall-clock]
translate exit code: 0

INFO     Running search (release).
INFO     search stdin: output.sas
INFO     search time limit: 1799s
INFO     search memory limit: 2048 MB
INFO     search command line string: /home/henry/Documents/UFRGS/TCC/downward/experiments/lab/data/main/code-5bb2ccb6957559b6969ffd7e29254c73f84d5e49_e5e41175/builds/release/bin/downward --search 'eager_greedy([lsh(patterns=systematic(4), transform=adapt_costs(cost_type=NORMAL))])' --internal-plan-file sas_plan < output.sas
[t=0s, 10544 KB] reading input...
[t=0s, 10676 KB] done reading input!
[t=0s, 11072 KB] Generating patterns using: systematic pattern collection generator
[t=0s, 11072 KB] building causal graph...done! [t=0s]
[t=0.00398655s, 12704 KB] Found 7604 SGA patterns.
[t=0.0719029s, 15760 KB] Found 27784 interesting patterns.
[t=0.0799025s, 16216 KB] systematic pattern collection generator number of patterns: 27784
[t=0.0799025s, 16216 KB] systematic pattern collection generator total PDB size: 2042364
[t=0.0799025s, 16216 KB] systematic pattern collection generator computation time: 0.0799025s
[t=0.0799025s, 16216 KB] Computing PDBs for pattern collection...
[t=2.21407s, 28016 KB] Done computing PDBs for pattern collection: 2.13416s
[t=2.44182s, 40316 KB] Building successor generator...done!
[t=2.44583s, 40316 KB] peak memory difference for successor generator creation: 0 KB
[t=2.44583s, 40316 KB] time for successor generation creation: 0s
[t=2.44583s, 40316 KB] Variables: 94
[t=2.44583s, 40316 KB] FactPairs: 278
[t=2.44583s, 40316 KB] Bytes per state: 16
[t=2.44583s, 40316 KB] Conducting best first search without reopening closed nodes, (real) bound = 2147483647
[t=2.44583s, 40316 KB] New best heuristic value for lsh(patterns=systematic(4),transform=adapt_costs(cost_type=normal)): 3237606
[t=2.44583s, 40316 KB] g=0, 1 evaluated, 0 expanded
[t=2.44583s, 40316 KB] Initial heuristic value for lsh(patterns=systematic(4),transform=adapt_costs(cost_type=normal)): 3237606
[t=2.44583s, 40316 KB] pruning method: none
[t=2.44981s, 40316 KB] New best heuristic value for lsh(patterns=systematic(4),transform=adapt_costs(cost_type=normal)): 3237382
[t=2.44981s, 40316 KB] g=224, 4 evaluated, 2 expanded
[t=2.46981s, 40316 KB] New best heuristic value for lsh(patterns=systematic(4),transform=adapt_costs(cost_type=normal)): 3237158
[t=2.46981s, 40316 KB] g=349, 15 evaluated, 3 expanded
[t=2.49777s, 40316 KB] New best heuristic value for lsh(patterns=systematic(4),transform=adapt_costs(cost_type=normal)): 3236934
[t=2.49777s, 40316 KB] g=474, 31 evaluated, 4 expanded
[t=2.51776s, 40316 KB] New best heuristic value for lsh(patterns=systematic(4),transform=adapt_costs(cost_type=normal)): 3236710
[t=2.51776s, 40316 KB] g=599, 44 evaluated, 5 expanded
[t=2.53774s, 40316 KB] New best heuristic value for lsh(patterns=systematic(4),transform=adapt_costs(cost_type=normal)): 3226711
[t=2.53774s, 40316 KB] g=11998, 58 evaluated, 7 expanded
[t=2.55771s, 40316 KB] New best heuristic value for lsh(patterns=systematic(4),transform=adapt_costs(cost_type=normal)): 3013921
[t=2.55771s, 40316 KB] g=224788, 71 evaluated, 8 expanded
[t=2.59767s, 40316 KB] New best heuristic value for lsh(patterns=systematic(4),transform=adapt_costs(cost_type=normal)): 3004573
[t=2.59767s, 40316 KB] g=231286, 99 evaluated, 10 expanded
[t=2.62964s, 40316 KB] New best heuristic value for lsh(patterns=systematic(4),transform=adapt_costs(cost_type=normal)): 2994574
[t=2.62964s, 40316 KB] g=242784, 123 evaluated, 12 expanded
[t=2.64561s, 40316 KB] New best heuristic value for lsh(patterns=systematic(4),transform=adapt_costs(cost_type=normal)): 2781784
[t=2.64561s, 40316 KB] g=455574, 135 evaluated, 13 expanded
[t=2.68158s, 40316 KB] New best heuristic value for lsh(patterns=systematic(4),transform=adapt_costs(cost_type=normal)): 2772436
[t=2.68158s, 40316 KB] g=462072, 158 evaluated, 15 expanded
[t=2.71357s, 40316 KB] New best heuristic value for lsh(patterns=systematic(4),transform=adapt_costs(cost_type=normal)): 2762437
[t=2.71357s, 40316 KB] g=473570, 178 evaluated, 17 expanded
[t=2.72554s, 40316 KB] New best heuristic value for lsh(patterns=systematic(4),transform=adapt_costs(cost_type=normal)): 2549647
[t=2.72554s, 40316 KB] g=686360, 188 evaluated, 18 expanded
[t=2.75747s, 40316 KB] New best heuristic value for lsh(patterns=systematic(4),transform=adapt_costs(cost_type=normal)): 2540299
[t=2.75747s, 40316 KB] g=692858, 207 evaluated, 20 expanded
[t=2.78546s, 40316 KB] New best heuristic value for lsh(patterns=systematic(4),transform=adapt_costs(cost_type=normal)): 2530300
[t=2.78546s, 40316 KB] g=704356, 223 evaluated, 22 expanded
[t=2.79343s, 40316 KB] New best heuristic value for lsh(patterns=systematic(4),transform=adapt_costs(cost_type=normal)): 2317510
[t=2.79343s, 40316 KB] g=917146, 231 evaluated, 23 expanded
[t=2.82138s, 40316 KB] New best heuristic value for lsh(patterns=systematic(4),transform=adapt_costs(cost_type=normal)): 2308162
[t=2.82138s, 40316 KB] g=923644, 246 evaluated, 25 expanded
[t=2.87332s, 40316 KB] New best heuristic value for lsh(patterns=systematic(4),transform=adapt_costs(cost_type=normal)): 2298163
[t=2.87332s, 40316 KB] g=935267, 278 evaluated, 32 expanded
[t=2.88531s, 40316 KB] New best heuristic value for lsh(patterns=systematic(4),transform=adapt_costs(cost_type=normal)): 2085373
[t=2.88531s, 40316 KB] g=1148057, 284 evaluated, 33 expanded
[t=2.98521s, 40316 KB] New best heuristic value for lsh(patterns=systematic(4),transform=adapt_costs(cost_type=normal)): 2080095
[t=2.98521s, 40316 KB] g=1159680, 351 evaluated, 45 expanded
[t=2.99321s, 40316 KB] New best heuristic value for lsh(patterns=systematic(4),transform=adapt_costs(cost_type=normal)): 1871932
[t=2.99321s, 40316 KB] g=1372470, 357 evaluated, 46 expanded
[t=3.00919s, 40316 KB] New best heuristic value for lsh(patterns=systematic(4),transform=adapt_costs(cost_type=normal)): 1862584
[t=3.00919s, 40316 KB] g=1377469, 366 evaluated, 47 expanded
[t=3.00919s, 40316 KB] New best heuristic value for lsh(patterns=systematic(4),transform=adapt_costs(cost_type=normal)): 1862085
[t=3.00919s, 40316 KB] g=1382469, 367 evaluated, 47 expanded
[t=3.02119s, 40316 KB] New best heuristic value for lsh(patterns=systematic(4),transform=adapt_costs(cost_type=normal)): 1852737
[t=3.02119s, 40316 KB] g=1391468, 373 evaluated, 48 expanded
[t=3.05316s, 40316 KB] New best heuristic value for lsh(patterns=systematic(4),transform=adapt_costs(cost_type=normal)): 1639947
[t=3.05316s, 40316 KB] g=1609257, 395 evaluated, 51 expanded
[t=3.06515s, 40316 KB] New best heuristic value for lsh(patterns=systematic(4),transform=adapt_costs(cost_type=normal)): 1629948
[t=3.06515s, 40316 KB] g=1619256, 403 evaluated, 52 expanded
[t=3.08113s, 40316 KB] New best heuristic value for lsh(patterns=systematic(4),transform=adapt_costs(cost_type=normal)): 1620600
[t=3.08113s, 40316 KB] g=1620755, 411 evaluated, 53 expanded
[t=3.14508s, 40316 KB] New best heuristic value for lsh(patterns=systematic(4),transform=adapt_costs(cost_type=normal)): 1615322
[t=3.14508s, 40316 KB] g=1632378, 460 evaluated, 63 expanded
[t=3.15305s, 40316 KB] New best heuristic value for lsh(patterns=systematic(4),transform=adapt_costs(cost_type=normal)): 1407383
[t=3.15305s, 40316 KB] g=1845168, 465 evaluated, 64 expanded
[t=3.16504s, 40316 KB] New best heuristic value for lsh(patterns=systematic(4),transform=adapt_costs(cost_type=normal)): 1398035
[t=3.16504s, 40316 KB] g=1850167, 473 evaluated, 65 expanded
[t=3.16504s, 40316 KB] New best heuristic value for lsh(patterns=systematic(4),transform=adapt_costs(cost_type=normal)): 1397312
[t=3.16504s, 40316 KB] g=1855167, 474 evaluated, 65 expanded
[t=3.17703s, 40316 KB] New best heuristic value for lsh(patterns=systematic(4),transform=adapt_costs(cost_type=normal)): 1387964
[t=3.17703s, 40316 KB] g=1864166, 479 evaluated, 66 expanded
[t=3.20098s, 40316 KB] New best heuristic value for lsh(patterns=systematic(4),transform=adapt_costs(cost_type=normal)): 1175174
[t=3.20098s, 40316 KB] g=2081955, 498 evaluated, 69 expanded
[t=3.21297s, 40316 KB] New best heuristic value for lsh(patterns=systematic(4),transform=adapt_costs(cost_type=normal)): 1165175
[t=3.21297s, 40316 KB] g=2091954, 505 evaluated, 70 expanded
[t=3.22495s, 40316 KB] New best heuristic value for lsh(patterns=systematic(4),transform=adapt_costs(cost_type=normal)): 1155827
[t=3.22495s, 40316 KB] g=2093453, 512 evaluated, 71 expanded
[t=3.2729s, 40316 KB] New best heuristic value for lsh(patterns=systematic(4),transform=adapt_costs(cost_type=normal)): 1150549
[t=3.2729s, 40316 KB] g=2105076, 546 evaluated, 79 expanded
[t=3.27689s, 40316 KB] New best heuristic value for lsh(patterns=systematic(4),transform=adapt_costs(cost_type=normal)): 942386
[t=3.27689s, 40316 KB] g=2317866, 550 evaluated, 80 expanded
[t=3.28888s, 40316 KB] New best heuristic value for lsh(patterns=systematic(4),transform=adapt_costs(cost_type=normal)): 933038
[t=3.28888s, 40316 KB] g=2322865, 557 evaluated, 81 expanded
[t=3.28888s, 40316 KB] New best heuristic value for lsh(patterns=systematic(4),transform=adapt_costs(cost_type=normal)): 932539
[t=3.28888s, 40316 KB] g=2327865, 558 evaluated, 81 expanded
[t=3.29687s, 40316 KB] New best heuristic value for lsh(patterns=systematic(4),transform=adapt_costs(cost_type=normal)): 923191
[t=3.29687s, 40316 KB] g=2336864, 562 evaluated, 82 expanded
[t=3.31685s, 40316 KB] New best heuristic value for lsh(patterns=systematic(4),transform=adapt_costs(cost_type=normal)): 710401
[t=3.31685s, 40316 KB] g=2554653, 578 evaluated, 85 expanded
[t=3.32484s, 40316 KB] New best heuristic value for lsh(patterns=systematic(4),transform=adapt_costs(cost_type=normal)): 700402
[t=3.32484s, 40316 KB] g=2564652, 584 evaluated, 86 expanded
[t=3.33683s, 40316 KB] New best heuristic value for lsh(patterns=systematic(4),transform=adapt_costs(cost_type=normal)): 691054
[t=3.33683s, 40316 KB] g=2566151, 590 evaluated, 87 expanded
[t=3.36078s, 40316 KB] New best heuristic value for lsh(patterns=systematic(4),transform=adapt_costs(cost_type=normal)): 685776
[t=3.36078s, 40316 KB] g=2577774, 611 evaluated, 93 expanded
[t=3.36478s, 40316 KB] New best heuristic value for lsh(patterns=systematic(4),transform=adapt_costs(cost_type=normal)): 477613
[t=3.36478s, 40316 KB] g=2790564, 614 evaluated, 94 expanded
[t=3.37278s, 40316 KB] New best heuristic value for lsh(patterns=systematic(4),transform=adapt_costs(cost_type=normal)): 468265
[t=3.37278s, 40316 KB] g=2795563, 620 evaluated, 95 expanded
[t=3.37678s, 40316 KB] New best heuristic value for lsh(patterns=systematic(4),transform=adapt_costs(cost_type=normal)): 467766
[t=3.37678s, 40316 KB] g=2800563, 621 evaluated, 95 expanded
[t=3.38079s, 40316 KB] New best heuristic value for lsh(patterns=systematic(4),transform=adapt_costs(cost_type=normal)): 458418
[t=3.38079s, 40316 KB] g=2809562, 624 evaluated, 96 expanded
[t=3.39675s, 40316 KB] New best heuristic value for lsh(patterns=systematic(4),transform=adapt_costs(cost_type=normal)): 245628
[t=3.39675s, 40316 KB] g=3027351, 637 evaluated, 99 expanded
[t=3.40076s, 40316 KB] New best heuristic value for lsh(patterns=systematic(4),transform=adapt_costs(cost_type=normal)): 235629
[t=3.40076s, 40316 KB] g=3037350, 642 evaluated, 100 expanded
[t=3.40874s, 40316 KB] New best heuristic value for lsh(patterns=systematic(4),transform=adapt_costs(cost_type=normal)): 226281
[t=3.40874s, 40316 KB] g=3038849, 647 evaluated, 101 expanded
[t=3.42873s, 40316 KB] New best heuristic value for lsh(patterns=systematic(4),transform=adapt_costs(cost_type=normal)): 23490
[t=3.42873s, 40316 KB] g=3188637, 669 evaluated, 108 expanded
[t=3.43271s, 40316 KB] New best heuristic value for lsh(patterns=systematic(4),transform=adapt_costs(cost_type=normal)): 22839
[t=3.43271s, 40316 KB] g=3196637, 670 evaluated, 109 expanded
[t=3.43671s, 40316 KB] New best heuristic value for lsh(patterns=systematic(4),transform=adapt_costs(cost_type=normal)): 13491
[t=3.43671s, 40316 KB] g=3198136, 673 evaluated, 110 expanded
[t=3.44072s, 40316 KB] New best heuristic value for lsh(patterns=systematic(4),transform=adapt_costs(cost_type=normal)): 11992
[t=3.44072s, 40316 KB] g=3199635, 675 evaluated, 111 expanded
[t=3.44072s, 40316 KB] New best heuristic value for lsh(patterns=systematic(4),transform=adapt_costs(cost_type=normal)): 10493
[t=3.44072s, 40316 KB] g=3201134, 676 evaluated, 112 expanded
[t=3.44471s, 40316 KB] New best heuristic value for lsh(patterns=systematic(4),transform=adapt_costs(cost_type=normal)): 8994
[t=3.44471s, 40316 KB] g=3202633, 677 evaluated, 113 expanded
[t=3.44471s, 40316 KB] New best heuristic value for lsh(patterns=systematic(4),transform=adapt_costs(cost_type=normal)): 7495
[t=3.44471s, 40316 KB] g=3204132, 678 evaluated, 114 expanded
[t=3.44471s, 40316 KB] New best heuristic value for lsh(patterns=systematic(4),transform=adapt_costs(cost_type=normal)): 5996
[t=3.44471s, 40316 KB] g=3205631, 679 evaluated, 115 expanded
[t=3.44869s, 40316 KB] New best heuristic value for lsh(patterns=systematic(4),transform=adapt_costs(cost_type=normal)): 4497
[t=3.44869s, 40316 KB] g=3207130, 680 evaluated, 116 expanded
[t=3.44869s, 40316 KB] New best heuristic value for lsh(patterns=systematic(4),transform=adapt_costs(cost_type=normal)): 2998
[t=3.44869s, 40316 KB] g=3208629, 681 evaluated, 117 expanded
[t=3.45269s, 40316 KB] New best heuristic value for lsh(patterns=systematic(4),transform=adapt_costs(cost_type=normal)): 1499
[t=3.45269s, 40316 KB] g=3210128, 682 evaluated, 118 expanded
[t=3.45269s, 40316 KB] New best heuristic value for lsh(patterns=systematic(4),transform=adapt_costs(cost_type=normal)): 0
[t=3.45269s, 40316 KB] g=3211627, 683 evaluated, 119 expanded
[t=3.45269s, 40316 KB] Solution found!
[t=3.45269s, 40316 KB] Actual search time: 1.00686s
initialize  (0)
fe1-feedmsi-letter sheet2 (125)
fe1-feedmsi-letter sheet3 (125)
fe1-feedmsi-letter sheet8 (125)
fe1-feedmsi-letter sheet9 (125)
hw1-leftentrytobottomleftexit-letter sheet2 (1499)
lc1-inverttoime-letter sheet2 back front (9999)
lime-simplex-letter sheet2 front image-2 (212790)
lc1-fromime-letter sheet2 (4999)
hw1-bottomrightentrytorightexit-letter sheet2 (1499)
hw1-leftentrytobottomleftexit-letter sheet3 (1499)
lc1-inverttoime-letter sheet3 back front (9999)
lime-simplex-letter sheet3 front image-3 (212790)
lc1-fromime-letter sheet3 (4999)
hw1-bottomrightentrytorightexit-letter sheet3 (1499)
hw1-leftentrytobottomleftexit-letter sheet8 (1499)
lc1-inverttoime-letter sheet8 back front (9999)
lime-simplex-letter sheet8 front image-8 (212790)
lc1-fromime-letter sheet8 (4999)
hw1-bottomrightentrytorightexit-letter sheet8 (1499)
hw1-leftentrytobottomleftexit-letter sheet9 (1499)
lc1-inverttoime-letter sheet9 back front (9999)
lime-simplex-letter sheet9 front image-9 (212790)
lc1-fromime-letter sheet9 (4999)
hw1-bottomrightentrytorightexit-letter sheet9 (1499)
fe1-feedmsi-letter sheet1 (125)
hw1-leftentrytobottomleftexit-letter sheet1 (1499)
lc1-inverttoime-letter sheet1 back front (9999)
lime-simplexmono-letter sheet1 front image-1 (212790)
fe1-feedmsi-letter sheet4 (125)
hw1-leftentrytobottomleftexit-letter sheet4 (1499)
lc1-inverttoime-letter sheet4 back front (9999)
lime-simplex-letter sheet4 front image-4 (212790)
lc1-invertfromime-letter sheet4 front back (9999)
hw1-bottomrightentrytobottomleftexit-letter sheet4 (8999)
lc1-toime-letter sheet4 (4999)
lime-simplex-letter sheet4 back image-4b (212790)
lc1-invertfromime-letter sheet4 back front (9999)
hw1-bottomrightentrytorightexit-letter sheet4 (1499)
fe1-feedmsi-letter sheet5 (125)
hw1-leftentrytobottomleftexit-letter sheet5 (1499)
lc1-inverttoime-letter sheet5 back front (9999)
lime-simplex-letter sheet5 front image-5 (212790)
lc1-invertfromime-letter sheet5 front back (9999)
hw1-bottomrightentrytobottomleftexit-letter sheet5 (8999)
lc1-toime-letter sheet5 (4999)
lime-simplex-letter sheet5 back image-5b (212790)
lc1-invertfromime-letter sheet5 back front (9999)
hw1-bottomrightentrytorightexit-letter sheet5 (1499)
fe1-feedmsi-letter sheet6 (125)
hw1-leftentrytobottomleftexit-letter sheet6 (1499)
lc1-inverttoime-letter sheet6 back front (9999)
lime-simplex-letter sheet6 front image-6 (212790)
lc1-invertfromime-letter sheet6 front back (9999)
hw1-bottomrightentrytobottomleftexit-letter sheet6 (8999)
lc1-toime-letter sheet6 (4999)
lime-simplex-letter sheet6 back image-6b (212790)
lc1-invertfromime-letter sheet6 back front (9999)
hw1-bottomrightentrytorightexit-letter sheet6 (1499)
fe1-feedmsi-letter sheet7 (125)
hw1-leftentrytobottomleftexit-letter sheet7 (1499)
lc1-inverttoime-letter sheet7 back front (9999)
lime-simplex-letter sheet7 front image-7 (212790)
lc1-invertfromime-letter sheet7 front back (9999)
hw1-bottomrightentrytobottomleftexit-letter sheet7 (8999)
lc1-toime-letter sheet7 (4999)
lime-simplex-letter sheet7 back image-7b (212790)
lc1-invertfromime-letter sheet7 back front (9999)
hw1-bottomrightentrytorightexit-letter sheet7 (1499)
lc1-fromime-letter sheet1 (4999)
hw1-bottomrightentrytotopleftexit-letter sheet1 (8999)
uc1-inverttoime-letter sheet1 front back (8000)
uime-simplex-letter sheet1 back image-1b (127790)
uc1-invertfromime-letter sheet1 back front (8000)
hw1-toprightentrytorightexit-letter sheet1 (1499)
sys-stack-letter sheet1 dummy-sheet (1499)
sys-stack-letter sheet2 sheet1 (1499)
sys-stack-letter sheet3 sheet2 (1499)
sys-stack-letter sheet4 sheet3 (1499)
sys-stack-letter sheet5 sheet4 (1499)
sys-stack-letter sheet6 sheet5 (1499)
sys-stack-letter sheet7 sheet6 (1499)
sys-stack-letter sheet8 sheet7 (1499)
sys-stack-letter sheet9 sheet8 (1499)
[t=3.45269s, 40316 KB] Plan length: 84 step(s).
[t=3.45269s, 40316 KB] Plan cost: 3211627
[t=3.45269s, 40316 KB] Expanded 120 state(s).
[t=3.45269s, 40316 KB] Reopened 0 state(s).
[t=3.45269s, 40316 KB] Evaluated 683 state(s).
[t=3.45269s, 40316 KB] Evaluations: 683
[t=3.45269s, 40316 KB] Generated 1172 state(s).
[t=3.45269s, 40316 KB] Dead ends: 141 state(s).
[t=3.45269s, 40316 KB] Number of registered states: 683
[t=3.45269s, 40316 KB] Int hash set load factor: 683/1024 = 0.666992
[t=3.45269s, 40316 KB] Int hash set resizes: 10
[t=3.45269s, 40316 KB] Search time: 1.00686s
[t=3.45269s, 40316 KB] Total time: 3.45269s
Solution found.
Peak memory: 40316 KB
Remove intermediate file output.sas
search exit code: 0

INFO     Running validate.
INFO     validate stdin: None
INFO     validate time limit: None
INFO     validate memory limit: None
INFO     validate command line string: /home/henry/bin/validate domain.pddl problem.pddl sas_plan
Checking plan: sas_plan
Plan executed successfully - checking goal
Plan valid
Final value: 3211627 

Successful plans:
Value: 3211627
 sas_plan 3211627 

validate exit code: 0

INFO     Planner time: 3.61s
