INFO     planner time limit: 1800s
INFO     planner memory limit: 2048 MB

INFO     Running translator.
INFO     translator stdin: None
INFO     translator time limit: 1799s
INFO     translator memory limit: 2048 MB
INFO     translator command line string: /home/henry/Documents/UFRGS/TCC/downward/.venv/bin/python /home/henry/Documents/UFRGS/TCC/downward/experiments/lab/data/main/code-5bb2ccb6957559b6969ffd7e29254c73f84d5e49_e5e41175/builds/release/bin/translate/translate.py domain.pddl problem.pddl --sas-file output.sas
Parsing...
Parsing: [0.000s CPU, 0.005s wall-clock]
Normalizing task... [0.000s CPU, 0.000s wall-clock]
Instantiating...
Generating Datalog program... [0.000s CPU, 0.001s wall-clock]
Normalizing Datalog program...
Normalizing Datalog program: [0.010s CPU, 0.007s wall-clock]
Preparing model... [0.010s CPU, 0.005s wall-clock]
Generated 258 rules.
Computing model... [0.690s CPU, 0.700s wall-clock]
95618 relevant atoms
1853 auxiliary atoms
97471 final queue length
357118 total queue pushes
Completing instantiation... [5.280s CPU, 5.280s wall-clock]
Instantiating: [6.020s CPU, 6.021s wall-clock]
Computing fact groups...
Finding invariants...
44 initial candidates
Finding invariants: [0.130s CPU, 0.127s wall-clock]
Checking invariant weight... [0.000s CPU, 0.000s wall-clock]
Instantiating groups... [0.000s CPU, 0.001s wall-clock]
Collecting mutex groups... [0.000s CPU, 0.000s wall-clock]
Choosing groups...
133 uncovered facts
Choosing groups: [0.000s CPU, 0.000s wall-clock]
Building translation key... [0.000s CPU, 0.000s wall-clock]
Computing fact groups: [0.130s CPU, 0.129s wall-clock]
Building STRIPS to SAS dictionary... [0.000s CPU, 0.000s wall-clock]
Building dictionary for full mutex groups... [0.000s CPU, 0.000s wall-clock]
Building mutex information...
Building mutex information: [0.000s CPU, 0.000s wall-clock]
Translating task...
Processing axioms...
Simplifying axioms... [0.000s CPU, 0.000s wall-clock]
Translator axioms removed by simplifying: 0
Computing negative axioms... [0.000s CPU, 0.000s wall-clock]
Processing axioms: [0.190s CPU, 0.191s wall-clock]
Translating task: [4.350s CPU, 4.356s wall-clock]
103184 effect conditions simplified
0 implied preconditions added
Detecting unreachable propositions...
0 operators removed
0 axioms removed
34 propositions removed
Detecting unreachable propositions: [2.680s CPU, 2.693s wall-clock]
Reordering and filtering variables...
123 of 128 variables necessary.
0 of 8 mutex groups necessary.
94898 of 94898 operators necessary.
0 of 0 axiom rules necessary.
Reordering and filtering variables: [0.810s CPU, 0.810s wall-clock]
Translator variables: 123
Translator derived variables: 0
Translator facts: 286
Translator goal facts: 2
Translator mutex groups: 0
Translator total mutex groups size: 0
Translator operators: 94898
Translator axioms: 0
Translator task size: 1000778
Translator peak memory: 597844 KB
Writing output... [0.660s CPU, 0.658s wall-clock]
Done! [14.900s CPU, 14.916s wall-clock]
translate exit code: 0

INFO     Running search (release).
INFO     search stdin: output.sas
INFO     search time limit: 1784s
INFO     search memory limit: 2048 MB
INFO     search command line string: /home/henry/Documents/UFRGS/TCC/downward/experiments/lab/data/main/code-5bb2ccb6957559b6969ffd7e29254c73f84d5e49_e5e41175/builds/release/bin/downward --search 'eager_greedy([operatorcounting(constraint_generators=[pho_constraints(patterns=systematic(2))], use_integer_operator_counts=true, transform=adapt_costs(cost_type=ONE))])' --internal-plan-file sas_plan < output.sas
[t=0s, 45596 KB] reading input...
[t=0.435578s, 84592 KB] done reading input!
[t=0.436754s, 91148 KB] Generating patterns using: systematic pattern collection generator
[t=0.436754s, 91148 KB] building causal graph...done! [t=0.0599024s]
[t=0.496657s, 91148 KB] Found 27 SGA patterns.
[t=0.496657s, 91148 KB] Found 27 interesting patterns.
[t=0.496657s, 91148 KB] systematic pattern collection generator number of patterns: 27
[t=0.496657s, 91148 KB] systematic pattern collection generator total PDB size: 234
[t=0.496657s, 91148 KB] systematic pattern collection generator computation time: 0.0599024s
[t=0.496657s, 91148 KB] Computing PDBs for pattern collection...
[t=0.992137s, 99652 KB] Done computing PDBs for pattern collection: 0.495481s
[t=1.1679s, 101584 KB] Building successor generator...done!
[t=1.1999s, 106640 KB] peak memory difference for successor generator creation: 5056 KB
[t=1.1999s, 106640 KB] time for successor generation creation: 0.0319916s
[t=1.1999s, 106640 KB] Variables: 123
[t=1.1999s, 106640 KB] FactPairs: 286
[t=1.1999s, 106640 KB] Bytes per state: 20
[t=1.1999s, 106640 KB] Conducting best first search without reopening closed nodes, (real) bound = 2147483647
[t=1.23982s, 123164 KB] New best heuristic value for operatorcounting(constraint_generators=[pho_constraints(patterns=systematic(2))],use_integer_operator_counts=true,transform=adapt_costs(cost_type=one)): 20
[t=1.23982s, 123164 KB] g=0, 1 evaluated, 0 expanded
[t=1.23982s, 123164 KB] Initial heuristic value for operatorcounting(constraint_generators=[pho_constraints(patterns=systematic(2))],use_integer_operator_counts=true,transform=adapt_costs(cost_type=one)): 20
[t=1.23982s, 123164 KB] pruning method: none
[t=1.28777s, 147092 KB] New best heuristic value for operatorcounting(constraint_generators=[pho_constraints(patterns=systematic(2))],use_integer_operator_counts=true,transform=adapt_costs(cost_type=one)): 19
[t=1.28777s, 147092 KB] g=60, 2 evaluated, 1 expanded
[t=1.34771s, 148948 KB] New best heuristic value for operatorcounting(constraint_generators=[pho_constraints(patterns=systematic(2))],use_integer_operator_counts=true,transform=adapt_costs(cost_type=one)): 18
[t=1.34771s, 148948 KB] g=120, 13 evaluated, 2 expanded
[t=16.1236s, 160872 KB] New best heuristic value for operatorcounting(constraint_generators=[pho_constraints(patterns=systematic(2))],use_integer_operator_counts=true,transform=adapt_costs(cost_type=one)): 17
[t=16.1236s, 160872 KB] g=244, 1479 evaluated, 861 expanded
[t=16.1755s, 160872 KB] New best heuristic value for operatorcounting(constraint_generators=[pho_constraints(patterns=systematic(2))],use_integer_operator_counts=true,transform=adapt_costs(cost_type=one)): 16
[t=16.1755s, 160872 KB] g=276, 1482 evaluated, 864 expanded
[t=16.2514s, 160872 KB] New best heuristic value for operatorcounting(constraint_generators=[pho_constraints(patterns=systematic(2))],use_integer_operator_counts=true,transform=adapt_costs(cost_type=one)): 15
[t=16.2514s, 160872 KB] g=306, 1493 evaluated, 865 expanded
[t=16.3272s, 160872 KB] New best heuristic value for operatorcounting(constraint_generators=[pho_constraints(patterns=systematic(2))],use_integer_operator_counts=true,transform=adapt_costs(cost_type=one)): 14
[t=16.3312s, 160872 KB] g=336, 1503 evaluated, 866 expanded
[t=26.7836s, 164264 KB] New best heuristic value for operatorcounting(constraint_generators=[pho_constraints(patterns=systematic(2))],use_integer_operator_counts=true,transform=adapt_costs(cost_type=one)): 13
[t=26.7836s, 164264 KB] g=430, 2483 evaluated, 1562 expanded
[t=969.498s, 168248 KB] New best heuristic value for operatorcounting(constraint_generators=[pho_constraints(patterns=systematic(2))],use_integer_operator_counts=true,transform=adapt_costs(cost_type=one)): 12
[t=969.498s, 168248 KB] g=544, 69092 evaluated, 67849 expanded
[t=969.594s, 168248 KB] New best heuristic value for operatorcounting(constraint_generators=[pho_constraints(patterns=systematic(2))],use_integer_operator_counts=true,transform=adapt_costs(cost_type=one)): 11
[t=969.594s, 168248 KB] g=559, 69104 evaluated, 67850 expanded
[t=969.685s, 169320 KB] New best heuristic value for operatorcounting(constraint_generators=[pho_constraints(patterns=systematic(2))],use_integer_operator_counts=true,transform=adapt_costs(cost_type=one)): 10
[t=969.685s, 169320 KB] g=574, 69115 evaluated, 67851 expanded
[t=969.789s, 173400 KB] New best heuristic value for operatorcounting(constraint_generators=[pho_constraints(patterns=systematic(2))],use_integer_operator_counts=true,transform=adapt_costs(cost_type=one)): 9
[t=969.789s, 173400 KB] g=589, 69125 evaluated, 67852 expanded
[t=994.084s, 173400 KB] New best heuristic value for operatorcounting(constraint_generators=[pho_constraints(patterns=systematic(2))],use_integer_operator_counts=true,transform=adapt_costs(cost_type=one)): 8
[t=994.084s, 173400 KB] g=590, 70396 evaluated, 68592 expanded
[t=994.168s, 173400 KB] New best heuristic value for operatorcounting(constraint_generators=[pho_constraints(patterns=systematic(2))],use_integer_operator_counts=true,transform=adapt_costs(cost_type=one)): 7
[t=994.168s, 173400 KB] g=598, 70399 evaluated, 68595 expanded
[t=994.28s, 175624 KB] New best heuristic value for operatorcounting(constraint_generators=[pho_constraints(patterns=systematic(2))],use_integer_operator_counts=true,transform=adapt_costs(cost_type=one)): 6
[t=994.28s, 175624 KB] g=604, 70411 evaluated, 68596 expanded
[t=994.408s, 178220 KB] New best heuristic value for operatorcounting(constraint_generators=[pho_constraints(patterns=systematic(2))],use_integer_operator_counts=true,transform=adapt_costs(cost_type=one)): 5
[t=994.408s, 178220 KB] g=610, 70423 evaluated, 68597 expanded
[t=994.527s, 180444 KB] New best heuristic value for operatorcounting(constraint_generators=[pho_constraints(patterns=systematic(2))],use_integer_operator_counts=true,transform=adapt_costs(cost_type=one)): 4
[t=994.527s, 180444 KB] g=616, 70434 evaluated, 68598 expanded
[t=1003.7s, 184520 KB] New best heuristic value for operatorcounting(constraint_generators=[pho_constraints(patterns=systematic(2))],use_integer_operator_counts=true,transform=adapt_costs(cost_type=one)): 3
[t=1003.7s, 184520 KB] g=622, 71446 evaluated, 69195 expanded
[t=1003.86s, 184520 KB] New best heuristic value for operatorcounting(constraint_generators=[pho_constraints(patterns=systematic(2))],use_integer_operator_counts=true,transform=adapt_costs(cost_type=one)): 2
[t=1003.86s, 184520 KB] g=623, 71453 evaluated, 69196 expanded
Peak memory: 184520 KB
caught signal 24 -- exiting
Time limit has been reached.
Remove intermediate file output.sas
search exit code: 23

Driver aborting after search
INFO     Planner time: 1796.54s
