INFO     planner time limit: 1800s
INFO     planner memory limit: 2048 MB

INFO     Running translator.
INFO     translator stdin: None
INFO     translator time limit: 1799s
INFO     translator memory limit: 2048 MB
INFO     translator command line string: /home/henry/Documents/UFRGS/TCC/downward/.venv/bin/python /home/henry/Documents/UFRGS/TCC/downward/experiments/lab/data/main/code-5bb2ccb6957559b6969ffd7e29254c73f84d5e49_e5e41175/builds/release/bin/translate/translate.py domain.pddl problem.pddl --sas-file output.sas
Parsing...
Parsing: [0.000s CPU, 0.006s wall-clock]
Normalizing task... [0.000s CPU, 0.000s wall-clock]
Instantiating...
Generating Datalog program... [0.000s CPU, 0.001s wall-clock]
Normalizing Datalog program...
Normalizing Datalog program: [0.010s CPU, 0.005s wall-clock]
Preparing model... [0.000s CPU, 0.004s wall-clock]
Generated 258 rules.
Computing model... [0.700s CPU, 0.700s wall-clock]
104155 relevant atoms
1920 auxiliary atoms
106075 final queue length
389247 total queue pushes
Completing instantiation... [5.100s CPU, 5.108s wall-clock]
Instantiating: [5.840s CPU, 5.845s wall-clock]
Computing fact groups...
Finding invariants...
44 initial candidates
Finding invariants: [0.120s CPU, 0.115s wall-clock]
Checking invariant weight... [0.000s CPU, 0.000s wall-clock]
Instantiating groups... [0.000s CPU, 0.001s wall-clock]
Collecting mutex groups... [0.000s CPU, 0.000s wall-clock]
Choosing groups...
140 uncovered facts
Choosing groups: [0.000s CPU, 0.000s wall-clock]
Building translation key... [0.000s CPU, 0.000s wall-clock]
Computing fact groups: [0.120s CPU, 0.117s wall-clock]
Building STRIPS to SAS dictionary... [0.000s CPU, 0.000s wall-clock]
Building dictionary for full mutex groups... [0.000s CPU, 0.000s wall-clock]
Building mutex information...
Building mutex information: [0.000s CPU, 0.000s wall-clock]
Translating task...
Processing axioms...
Simplifying axioms... [0.000s CPU, 0.000s wall-clock]
Translator axioms removed by simplifying: 0
Computing negative axioms... [0.000s CPU, 0.000s wall-clock]
Processing axioms: [0.170s CPU, 0.177s wall-clock]
Translating task: [4.790s CPU, 4.801s wall-clock]
112889 effect conditions simplified
0 implied preconditions added
Detecting unreachable propositions...
0 operators removed
0 axioms removed
34 propositions removed
Detecting unreachable propositions: [2.670s CPU, 2.668s wall-clock]
Reordering and filtering variables...
130 of 135 variables necessary.
0 of 8 mutex groups necessary.
103417 of 103417 operators necessary.
0 of 0 axiom rules necessary.
Reordering and filtering variables: [0.810s CPU, 0.807s wall-clock]
Translator variables: 130
Translator derived variables: 0
Translator facts: 301
Translator goal facts: 2
Translator mutex groups: 0
Translator total mutex groups size: 0
Translator operators: 103417
Translator axioms: 0
Translator task size: 1088899
Translator peak memory: 646372 KB
Writing output... [0.710s CPU, 0.703s wall-clock]
Done! [15.160s CPU, 15.176s wall-clock]
translate exit code: 0

INFO     Running search (release).
INFO     search stdin: output.sas
INFO     search time limit: 1784s
INFO     search memory limit: 2048 MB
INFO     search command line string: /home/henry/Documents/UFRGS/TCC/downward/experiments/lab/data/main/code-5bb2ccb6957559b6969ffd7e29254c73f84d5e49_e5e41175/builds/release/bin/downward --search 'eager_greedy([ilsh(patterns=systematic(2), transform=adapt_costs(cost_type=NORMAL))])' --internal-plan-file sas_plan < output.sas
[t=0s, 10544 KB] reading input...
[t=0.527386s, 52976 KB] done reading input!
[t=0.527386s, 53372 KB] Generating patterns using: systematic pattern collection generator
[t=0.527386s, 53372 KB] building causal graph...done! [t=0.0559467s]
[t=0.583333s, 53768 KB] Found 29 SGA patterns.
[t=0.583333s, 53768 KB] Found 29 interesting patterns.
[t=0.583333s, 53768 KB] systematic pattern collection generator number of patterns: 29
[t=0.583333s, 53768 KB] systematic pattern collection generator total PDB size: 248
[t=0.583333s, 53768 KB] systematic pattern collection generator computation time: 0.0559467s
[t=0.583333s, 53768 KB] Computing PDBs for pattern collection...
[t=1.14663s, 62960 KB] Done computing PDBs for pattern collection: 0.563293s
[t=1.27846s, 62960 KB] Tie breaking: 2
[t=1.27846s, 62960 KB] Building successor generator...done!
[t=1.31843s, 74032 KB] peak memory difference for successor generator creation: 11072 KB
[t=1.31843s, 74032 KB] time for successor generation creation: 0.0399699s
[t=1.31843s, 74032 KB] Variables: 130
[t=1.31843s, 74032 KB] FactPairs: 301
[t=1.31843s, 74032 KB] Bytes per state: 20
[t=1.31843s, 74032 KB] Conducting best first search without reopening closed nodes, (real) bound = 2147483647
[t=1.31843s, 74032 KB] New best heuristic value for ilsh(patterns=systematic(2),transform=adapt_costs(cost_type=normal)): 306
[t=1.31843s, 74032 KB] g=0, 1 evaluated, 0 expanded
[t=1.31843s, 74032 KB] Initial heuristic value for ilsh(patterns=systematic(2),transform=adapt_costs(cost_type=normal)): 306
[t=1.31843s, 74032 KB] pruning method: none
[t=1.32243s, 74032 KB] New best heuristic value for ilsh(patterns=systematic(2),transform=adapt_costs(cost_type=normal)): 246
[t=1.32243s, 74032 KB] g=60, 2 evaluated, 1 expanded
[t=1.33442s, 74032 KB] New best heuristic value for ilsh(patterns=systematic(2),transform=adapt_costs(cost_type=normal)): 186
[t=1.33442s, 74032 KB] g=120, 13 evaluated, 2 expanded
[t=9.94365s, 74032 KB] New best heuristic value for ilsh(patterns=systematic(2),transform=adapt_costs(cost_type=normal)): 185
[t=9.94365s, 74032 KB] g=367, 7573 evaluated, 6635 expanded
[t=9.94765s, 74032 KB] New best heuristic value for ilsh(patterns=systematic(2),transform=adapt_costs(cost_type=normal)): 155
[t=9.94765s, 74032 KB] g=399, 7576 evaluated, 6638 expanded
[t=9.95963s, 74032 KB] New best heuristic value for ilsh(patterns=systematic(2),transform=adapt_costs(cost_type=normal)): 125
[t=9.95963s, 74032 KB] g=429, 7587 evaluated, 6639 expanded
[t=9.9716s, 74032 KB] New best heuristic value for ilsh(patterns=systematic(2),transform=adapt_costs(cost_type=normal)): 95
[t=9.9716s, 74032 KB] g=459, 7597 evaluated, 6640 expanded
[t=18.9062s, 74032 KB] New best heuristic value for ilsh(patterns=systematic(2),transform=adapt_costs(cost_type=normal)): 94
[t=18.9062s, 74032 KB] g=650, 15742 evaluated, 13764 expanded
[t=18.9102s, 74032 KB] New best heuristic value for ilsh(patterns=systematic(2),transform=adapt_costs(cost_type=normal)): 79
[t=18.9102s, 74032 KB] g=667, 15745 evaluated, 13767 expanded
[t=18.9222s, 74032 KB] New best heuristic value for ilsh(patterns=systematic(2),transform=adapt_costs(cost_type=normal)): 64
[t=18.9222s, 74032 KB] g=682, 15757 evaluated, 13768 expanded
[t=18.9342s, 74032 KB] New best heuristic value for ilsh(patterns=systematic(2),transform=adapt_costs(cost_type=normal)): 49
[t=18.9342s, 74032 KB] g=697, 15769 evaluated, 13769 expanded
[t=18.9462s, 74032 KB] New best heuristic value for ilsh(patterns=systematic(2),transform=adapt_costs(cost_type=normal)): 34
[t=18.9462s, 74032 KB] g=712, 15780 evaluated, 13770 expanded
[t=20.7241s, 74032 KB] New best heuristic value for ilsh(patterns=systematic(2),transform=adapt_costs(cost_type=normal)): 33
[t=20.7241s, 74032 KB] g=713, 17363 evaluated, 14678 expanded
[t=104.891s, 74032 KB] New best heuristic value for ilsh(patterns=systematic(2),transform=adapt_costs(cost_type=normal)): 27
[t=104.891s, 74032 KB] g=789, 89305 evaluated, 80522 expanded
[t=104.899s, 74032 KB] New best heuristic value for ilsh(patterns=systematic(2),transform=adapt_costs(cost_type=normal)): 21
[t=104.899s, 74032 KB] g=795, 89315 evaluated, 80523 expanded
[t=104.911s, 74032 KB] New best heuristic value for ilsh(patterns=systematic(2),transform=adapt_costs(cost_type=normal)): 15
[t=104.911s, 74032 KB] g=801, 89324 evaluated, 80524 expanded
[t=104.919s, 74032 KB] New best heuristic value for ilsh(patterns=systematic(2),transform=adapt_costs(cost_type=normal)): 9
[t=104.919s, 74032 KB] g=807, 89332 evaluated, 80525 expanded
[t=105.043s, 74032 KB] New best heuristic value for ilsh(patterns=systematic(2),transform=adapt_costs(cost_type=normal)): 4
[t=105.043s, 74032 KB] g=813, 89440 evaluated, 80582 expanded
[t=105.051s, 74032 KB] New best heuristic value for ilsh(patterns=systematic(2),transform=adapt_costs(cost_type=normal)): 2
[t=105.051s, 74032 KB] g=814, 89447 evaluated, 80583 expanded
Peak memory: 143352 KB
caught signal 24 -- exiting
Time limit has been reached.
Remove intermediate file output.sas
search exit code: 23

Driver aborting after search
INFO     Planner time: 1797.65s
