INFO     planner time limit: 1800s
INFO     planner memory limit: 2048 MB

INFO     Running translator.
INFO     translator stdin: None
INFO     translator time limit: 1799s
INFO     translator memory limit: 2048 MB
INFO     translator command line string: /home/henry/Documents/UFRGS/TCC/downward/.venv/bin/python /home/henry/Documents/UFRGS/TCC/downward/experiments/lab/data/main/code-fa850d1cb8d716322f299a4f9b64478019793ada_e5e41175/builds/release/bin/translate/translate.py domain.pddl problem.pddl --sas-file output.sas
Parsing...
Parsing: [0.010s CPU, 0.011s wall-clock]
Normalizing task... [0.000s CPU, 0.001s wall-clock]
Instantiating...
Generating Datalog program... [0.000s CPU, 0.001s wall-clock]
Normalizing Datalog program...
Normalizing Datalog program: [0.000s CPU, 0.002s wall-clock]
Preparing model... [0.010s CPU, 0.003s wall-clock]
Generated 363 rules.
Computing model... [0.000s CPU, 0.001s wall-clock]
205 relevant atoms
0 auxiliary atoms
205 final queue length
377 total queue pushes
Completing instantiation... [0.000s CPU, 0.002s wall-clock]
Instantiating: [0.010s CPU, 0.010s wall-clock]
Computing fact groups...
Finding invariants...
41 initial candidates
Finding invariants: [0.050s CPU, 0.048s wall-clock]
Checking invariant weight... [0.000s CPU, 0.000s wall-clock]
Instantiating groups... [0.000s CPU, 0.000s wall-clock]
Collecting mutex groups... [0.000s CPU, 0.000s wall-clock]
Choosing groups...
11 uncovered facts
Choosing groups: [0.000s CPU, 0.000s wall-clock]
Building translation key... [0.000s CPU, 0.000s wall-clock]
Computing fact groups: [0.050s CPU, 0.048s wall-clock]
Building STRIPS to SAS dictionary... [0.000s CPU, 0.000s wall-clock]
Building dictionary for full mutex groups... [0.000s CPU, 0.000s wall-clock]
Building mutex information...
Building mutex information: [0.000s CPU, 0.000s wall-clock]
Translating task...
Processing axioms...
Simplifying axioms... [0.000s CPU, 0.000s wall-clock]
Translator axioms removed by simplifying: 0
Computing negative axioms... [0.000s CPU, 0.000s wall-clock]
Processing axioms: [0.000s CPU, 0.000s wall-clock]
Translating task: [0.000s CPU, 0.004s wall-clock]
53 effect conditions simplified
0 implied preconditions added
Detecting unreachable propositions...
0 operators removed
0 axioms removed
11 propositions removed
Detecting unreachable propositions: [0.000s CPU, 0.002s wall-clock]
Reordering and filtering variables...
22 of 22 variables necessary.
0 of 11 mutex groups necessary.
163 of 163 operators necessary.
0 of 0 axiom rules necessary.
Reordering and filtering variables: [0.010s CPU, 0.001s wall-clock]
Translator variables: 22
Translator derived variables: 0
Translator facts: 52
Translator goal facts: 2
Translator mutex groups: 0
Translator total mutex groups size: 0
Translator operators: 163
Translator axioms: 0
Translator task size: 1197
Translator peak memory: 33396 KB
Writing output... [0.000s CPU, 0.001s wall-clock]
Done! [0.080s CPU, 0.078s wall-clock]
translate exit code: 0

INFO     Running search (release).
INFO     search stdin: output.sas
INFO     search time limit: 1799s
INFO     search memory limit: 2048 MB
INFO     search command line string: /home/henry/Documents/UFRGS/TCC/downward/experiments/lab/data/main/code-fa850d1cb8d716322f299a4f9b64478019793ada_e5e41175/builds/release/bin/downward --search 'eager_greedy([ilsh(patterns=systematic(4), transform=adapt_costs(cost_type=ONE))])' --internal-plan-file sas_plan < output.sas
[t=0s, 45596 KB] reading input...
[t=0s, 45596 KB] done reading input!
[t=0s, 45860 KB] Generating patterns using: systematic pattern collection generator
[t=0s, 45860 KB] building causal graph...done! [t=0s]
[t=0.00401339s, 46012 KB] Found 1041 SGA patterns.
[t=0.00401339s, 46012 KB] Found 1041 interesting patterns.
[t=0.00401339s, 46012 KB] systematic pattern collection generator number of patterns: 1041
[t=0.00401339s, 46012 KB] systematic pattern collection generator total PDB size: 61460
[t=0.00401339s, 46012 KB] systematic pattern collection generator computation time: 0.00401339s
[t=0.00401339s, 46012 KB] Computing PDBs for pattern collection...
[t=0.0599361s, 46384 KB] Done computing PDBs for pattern collection: 0.0559227s
[t=0.0639368s, 47968 KB] Tie breaking: 2
[t=0.0639368s, 47968 KB] Building successor generator...done!
[t=0.0639368s, 47968 KB] peak memory difference for successor generator creation: 0 KB
[t=0.0639368s, 47968 KB] time for successor generation creation: 0s
[t=0.0639368s, 47968 KB] Variables: 22
[t=0.0639368s, 47968 KB] FactPairs: 52
[t=0.0639368s, 47968 KB] Bytes per state: 4
[t=0.0639368s, 47968 KB] Conducting best first search without reopening closed nodes, (real) bound = 2147483647
[t=0.0639368s, 47968 KB] New best heuristic value for ilsh(patterns=systematic(4),transform=adapt_costs(cost_type=one)): 5
[t=0.0639368s, 47968 KB] g=0, 1 evaluated, 0 expanded
[t=0.0639368s, 47968 KB] Initial heuristic value for ilsh(patterns=systematic(4),transform=adapt_costs(cost_type=one)): 5
[t=0.0639368s, 47968 KB] pruning method: none
[t=0.459576s, 47968 KB] New best heuristic value for ilsh(patterns=systematic(4),transform=adapt_costs(cost_type=one)): 4
[t=0.459576s, 47968 KB] g=10, 792 evaluated, 313 expanded
[t=0.623466s, 47968 KB] New best heuristic value for ilsh(patterns=systematic(4),transform=adapt_costs(cost_type=one)): 3
[t=0.623466s, 47968 KB] g=16, 1094 evaluated, 397 expanded
[t=0.755369s, 47968 KB] New best heuristic value for ilsh(patterns=systematic(4),transform=adapt_costs(cost_type=one)): 2
[t=0.755369s, 47968 KB] g=18, 1348 evaluated, 523 expanded
[t=1.11894s, 47968 KB] New best heuristic value for ilsh(patterns=systematic(4),transform=adapt_costs(cost_type=one)): 1
[t=1.11894s, 47968 KB] g=24, 2301 evaluated, 1241 expanded
[t=1.11894s, 47968 KB] New best heuristic value for ilsh(patterns=systematic(4),transform=adapt_costs(cost_type=one)): 0
[t=1.11894s, 47968 KB] g=25, 2302 evaluated, 1242 expanded
[t=1.11894s, 47968 KB] Solution found!
[t=1.11894s, 47968 KB] Actual search time: 1.05501s
wait_cb3  (1)
wait_cb3-condeff0-no-2  (1)
wait_cb3-condeff1-no-4  (1)
wait_cb3-condeff2-yes  (1)
wait_cb3-endof-condeffs  (1)
wait_cb2  (1)
close_sd5  (1)
close_sd5-condeff1-no-3  (1)
close_sd5-condeff0-no-2  (1)
close_sd5-endof-condeffs  (1)
open-sd3  (1)
open-sd7  (1)
close_sd2  (1)
close_sd2-condeff2-no-1  (1)
close_sd2-condeff3-no-3  (1)
close_sd2-condeff1-no-0  (1)
close_sd2-condeff0-no-0  (1)
close_sd2-endof-condeffs  (1)
open-sd6  (1)
close_sd1  (1)
close_sd1-condeff1-no-0  (1)
close_sd1-condeff0-no-0  (1)
close_sd1-condeff2-no-0  (1)
close_sd1-endof-condeffs  (1)
reach-goal-0  (1)
[t=1.11894s, 47968 KB] Plan length: 25 step(s).
[t=1.11894s, 47968 KB] Plan cost: 25
[t=1.11894s, 47968 KB] Expanded 1243 state(s).
[t=1.11894s, 47968 KB] Reopened 0 state(s).
[t=1.11894s, 47968 KB] Evaluated 2310 state(s).
[t=1.11894s, 47968 KB] Evaluations: 2310
[t=1.11894s, 47968 KB] Generated 5726 state(s).
[t=1.11894s, 47968 KB] Dead ends: 0 state(s).
[t=1.11894s, 47968 KB] Number of registered states: 2310
[t=1.11894s, 47968 KB] Int hash set load factor: 2310/4096 = 0.563965
[t=1.11894s, 47968 KB] Int hash set resizes: 12
[t=1.11894s, 47968 KB] Search time: 1.05501s
[t=1.11894s, 47968 KB] Total time: 1.11894s
Solution found.
Peak memory: 47968 KB
Remove intermediate file output.sas
search exit code: 0

INFO     Running validate.
INFO     validate stdin: None
INFO     validate time limit: None
INFO     validate memory limit: None
INFO     validate command line string: /home/henry/bin/validate domain.pddl problem.pddl sas_plan
Checking plan: sas_plan
Plan executed successfully - checking goal
Plan valid
Final value: 25 

Successful plans:
Value: 25
 sas_plan 25 

validate exit code: 0

INFO     Planner time: 1.26s
