INFO     planner time limit: 1800s
INFO     planner memory limit: 2048 MB

INFO     Running translator.
INFO     translator stdin: None
INFO     translator time limit: 1799s
INFO     translator memory limit: 2048 MB
INFO     translator command line string: /home/henry/Documents/UFRGS/TCC/downward/.venv/bin/python /home/henry/Documents/UFRGS/TCC/downward/experiments/lab/data/main/code-5bb2ccb6957559b6969ffd7e29254c73f84d5e49_e5e41175/builds/release/bin/translate/translate.py domain.pddl problem.pddl --sas-file output.sas
Parsing...
Parsing: [0.010s CPU, 0.005s wall-clock]
Normalizing task... [0.000s CPU, 0.000s wall-clock]
Instantiating...
Generating Datalog program... [0.000s CPU, 0.001s wall-clock]
Normalizing Datalog program...
Normalizing Datalog program: [0.000s CPU, 0.005s wall-clock]
Preparing model... [0.010s CPU, 0.004s wall-clock]
Generated 258 rules.
Computing model... [1.700s CPU, 1.710s wall-clock]
247776 relevant atoms
2362 auxiliary atoms
250138 final queue length
920648 total queue pushes
Completing instantiation... [12.360s CPU, 12.369s wall-clock]
Instantiating: [14.130s CPU, 14.145s wall-clock]
Computing fact groups...
Finding invariants...
44 initial candidates
Finding invariants: [0.300s CPU, 0.295s wall-clock]
Checking invariant weight... [0.000s CPU, 0.000s wall-clock]
Instantiating groups... [0.000s CPU, 0.001s wall-clock]
Collecting mutex groups... [0.000s CPU, 0.000s wall-clock]
Choosing groups...
106 uncovered facts
Choosing groups: [0.000s CPU, 0.000s wall-clock]
Building translation key... [0.000s CPU, 0.000s wall-clock]
Computing fact groups: [0.300s CPU, 0.297s wall-clock]
Building STRIPS to SAS dictionary... [0.000s CPU, 0.000s wall-clock]
Building dictionary for full mutex groups... [0.000s CPU, 0.000s wall-clock]
Building mutex information...
Building mutex information: [0.000s CPU, 0.000s wall-clock]
Translating task...
Processing axioms...
Simplifying axioms... [0.000s CPU, 0.000s wall-clock]
Translator axioms removed by simplifying: 0
Computing negative axioms... [0.000s CPU, 0.000s wall-clock]
Processing axioms: [0.420s CPU, 0.422s wall-clock]
Translating task: [11.660s CPU, 11.671s wall-clock]
266095 effect conditions simplified
0 implied preconditions added
Detecting unreachable propositions...
0 operators removed
0 axioms removed
38 propositions removed
Detecting unreachable propositions: [6.300s CPU, 6.304s wall-clock]
Reordering and filtering variables...
99 of 105 variables necessary.
0 of 12 mutex groups necessary.
246879 of 246879 operators necessary.
0 of 0 axiom rules necessary.
Reordering and filtering variables: [1.960s CPU, 1.956s wall-clock]
Translator variables: 99
Translator derived variables: 0
Translator facts: 293
Translator goal facts: 1
Translator mutex groups: 0
Translator total mutex groups size: 0
Translator operators: 246879
Translator axioms: 0
Translator task size: 2606679
Translator peak memory: 1517112 KB
Writing output... [1.620s CPU, 1.621s wall-clock]
Done! [36.480s CPU, 36.507s wall-clock]
translate exit code: 0

INFO     Running search (release).
INFO     search stdin: output.sas
INFO     search time limit: 1763s
INFO     search memory limit: 2048 MB
INFO     search command line string: /home/henry/Documents/UFRGS/TCC/downward/experiments/lab/data/main/code-5bb2ccb6957559b6969ffd7e29254c73f84d5e49_e5e41175/builds/release/bin/downward --search 'eager_greedy([ff(transform=adapt_costs(cost_type=ONE))])' --internal-plan-file sas_plan < output.sas
[t=0s, 10544 KB] reading input...
[t=1.17791s, 112364 KB] done reading input!
[t=1.2738s, 176664 KB] Simplifying 766448 unary operators... done! [352658 unary operators]
[t=1.73342s, 204388 KB] time to simplify: 0.459618s
[t=1.74541s, 219884 KB] Initializing additive heuristic...
[t=1.74541s, 219884 KB] Initializing FF heuristic...
[t=1.74541s, 219884 KB] Building successor generator...done!
[t=1.86129s, 219884 KB] peak memory difference for successor generator creation: 0 KB
[t=1.86129s, 219884 KB] time for successor generation creation: 0.115882s
[t=1.86129s, 219884 KB] Variables: 99
[t=1.86129s, 219884 KB] FactPairs: 293
[t=1.86129s, 219884 KB] Bytes per state: 20
[t=1.86129s, 219884 KB] Conducting best first search without reopening closed nodes, (real) bound = 2147483647
[t=1.86928s, 219884 KB] New best heuristic value for ff(transform=adapt_costs(cost_type=one)): 25
[t=1.86928s, 219884 KB] g=0, 1 evaluated, 0 expanded
[t=1.86928s, 219884 KB] Initial heuristic value for ff(transform=adapt_costs(cost_type=one)): 25
[t=1.86928s, 219884 KB] pruning method: none
[t=1.88127s, 219884 KB] New best heuristic value for ff(transform=adapt_costs(cost_type=one)): 24
[t=1.88127s, 219884 KB] g=180, 2 evaluated, 1 expanded
[t=1.95717s, 219884 KB] New best heuristic value for ff(transform=adapt_costs(cost_type=one)): 23
[t=1.95717s, 219884 KB] g=180, 9 evaluated, 1 expanded
[t=1.96916s, 219884 KB] New best heuristic value for ff(transform=adapt_costs(cost_type=one)): 22
[t=1.96916s, 219884 KB] g=360, 10 evaluated, 2 expanded
[t=2.12099s, 219884 KB] New best heuristic value for ff(transform=adapt_costs(cost_type=one)): 21
[t=2.12099s, 219884 KB] g=363, 25 evaluated, 11 expanded
[t=2.13296s, 219884 KB] New best heuristic value for ff(transform=adapt_costs(cost_type=one)): 20
[t=2.13296s, 219884 KB] g=543, 26 evaluated, 12 expanded
[t=2.21289s, 219884 KB] New best heuristic value for ff(transform=adapt_costs(cost_type=one)): 19
[t=2.21289s, 219884 KB] g=723, 34 evaluated, 13 expanded
[t=2.77619s, 219884 KB] New best heuristic value for ff(transform=adapt_costs(cost_type=one)): 18
[t=2.77619s, 219884 KB] g=726, 89 evaluated, 49 expanded
[t=2.78816s, 219884 KB] New best heuristic value for ff(transform=adapt_costs(cost_type=one)): 17
[t=2.78816s, 219884 KB] g=906, 90 evaluated, 50 expanded
[t=2.86808s, 219884 KB] New best heuristic value for ff(transform=adapt_costs(cost_type=one)): 16
[t=2.86808s, 219884 KB] g=1086, 98 evaluated, 51 expanded
[t=3.5872s, 219884 KB] New best heuristic value for ff(transform=adapt_costs(cost_type=one)): 15
[t=3.5872s, 219884 KB] g=1089, 169 evaluated, 95 expanded
[t=3.59917s, 219884 KB] New best heuristic value for ff(transform=adapt_costs(cost_type=one)): 14
[t=3.59917s, 219884 KB] g=1269, 170 evaluated, 96 expanded
[t=3.70306s, 219884 KB] New best heuristic value for ff(transform=adapt_costs(cost_type=one)): 13
[t=3.70306s, 219884 KB] g=1449, 181 evaluated, 97 expanded
[t=3.78297s, 219884 KB] New best heuristic value for ff(transform=adapt_costs(cost_type=one)): 12
[t=3.78297s, 219884 KB] g=1450, 190 evaluated, 98 expanded
[t=3.79096s, 219884 KB] New best heuristic value for ff(transform=adapt_costs(cost_type=one)): 11
[t=3.79096s, 219884 KB] g=1451, 191 evaluated, 99 expanded
[t=3.79496s, 219884 KB] New best heuristic value for ff(transform=adapt_costs(cost_type=one)): 10
[t=3.79496s, 219884 KB] g=1452, 192 evaluated, 100 expanded
[t=15.1301s, 219884 KB] New best heuristic value for ff(transform=adapt_costs(cost_type=one)): 9
[t=15.1341s, 219884 KB] g=1455, 1884 evaluated, 1592 expanded
[t=56.0092s, 219884 KB] New best heuristic value for ff(transform=adapt_costs(cost_type=one)): 8
[t=56.0092s, 219884 KB] g=1455, 8161 evaluated, 7161 expanded
[t=63.4209s, 219884 KB] New best heuristic value for ff(transform=adapt_costs(cost_type=one)): 7
[t=63.4209s, 219884 KB] g=2544, 9264 evaluated, 8050 expanded
[t=63.4249s, 219884 KB] New best heuristic value for ff(transform=adapt_costs(cost_type=one)): 6
[t=63.4249s, 219884 KB] g=2545, 9265 evaluated, 8051 expanded
[t=63.7007s, 219884 KB] New best heuristic value for ff(transform=adapt_costs(cost_type=one)): 5
[t=63.7007s, 219884 KB] g=2548, 9325 evaluated, 8106 expanded
[t=63.8725s, 219884 KB] New best heuristic value for ff(transform=adapt_costs(cost_type=one)): 4
[t=63.8725s, 219884 KB] g=2549, 9357 evaluated, 8124 expanded
[t=67.3649s, 219884 KB] New best heuristic value for ff(transform=adapt_costs(cost_type=one)): 3
[t=67.3649s, 219884 KB] g=3275, 10038 evaluated, 8642 expanded
[t=67.3649s, 219884 KB] New best heuristic value for ff(transform=adapt_costs(cost_type=one)): 2
[t=67.3649s, 219884 KB] g=3276, 10039 evaluated, 8643 expanded
[t=67.3689s, 219884 KB] New best heuristic value for ff(transform=adapt_costs(cost_type=one)): 1
[t=67.3689s, 219884 KB] g=3277, 10040 evaluated, 8644 expanded
[t=67.3689s, 219884 KB] New best heuristic value for ff(transform=adapt_costs(cost_type=one)): 0
[t=67.3689s, 219884 KB] g=3278, 10041 evaluated, 8645 expanded
[t=67.3768s, 219884 KB] Solution found!
[t=67.3768s, 219884 KB] Actual search time: 65.5076s
take_food worker2 worker1 worker2 round1 num3 num4 (180)
collect_resource worker1 noworker worker2 round1 act_clay clay (180)
ag__finish_round_backhome round1 worker2 (1)
ag__finish_round_renew round1 noworker (1)
ag__advance_round_normal round1 round2 act_sheep (1)
collect_resource worker2 worker1 worker2 round2 act_clay clay (180)
collect_resource worker1 noworker worker2 round2 act_reed reed (180)
ag__finish_round_backhome round2 worker2 (1)
ag__finish_round_renew round2 noworker (1)
ag__advance_round_normal round2 round3 act_sow (1)
take_grain worker2 worker1 worker2 round3 carrot (180)
plow_field worker1 noworker worker2 round3 (180)
ag__finish_round_backhome round3 worker2 (1)
ag__finish_round_renew round3 noworker (1)
ag__advance_round_normal round3 round4 act_fences (1)
sow worker2 worker1 worker2 round4 carrot (180)
take_food worker1 noworker worker2 round4 num4 num5 (180)
ag__finish_round_backhome round4 worker2 (1)
ag__finish_round_renew round4 noworker (1)
ag__harvest_collecting_veg round4 stage1 carrot num5 num7 num8 (1)
ag__harvest_collect_end round4 stage1 (1)
ag__harvest_feed round4 stage1 worker2 num8 num4 num4 (1)
ag__harvest_breed_end round4 stage1 (1)
ag__finish_stage stage1 stage2 round4 round5 act_boar (1)
build_fences boar worker2 worker1 worker2 round5 (180)
collect_animal boar act_sheep worker1 noworker worker2 round5 (180)
ag__finish_round_backhome round5 worker2 (1)
ag__finish_round_renew round5 noworker (1)
ag__advance_round_normal round5 round6 act_cattle (1)
collect_animal boar act_cattle worker2 worker1 worker2 round6 (180)
build_fences boar worker1 noworker worker2 round6 (180)
ag__finish_round_backhome round6 worker2 (1)
ag__finish_round_renew round6 noworker (1)
ag__advance_round_normal round6 round7 act_improve (1)
build_fences cattle worker2 worker1 worker2 round7 (180)
collect_animal cattle act_sheep worker1 noworker worker2 round7 (180)
ag__finish_round_backhome round7 worker2 (1)
ag__finish_round_renew round7 noworker (1)
ag__harvest_collect_end round7 stage2 (1)
ag__harvest_feed round7 stage2 worker2 num4 num4 num0 (1)
ag__harvest_breeding_animal round7 stage2 boar num0 num2 (1)
ag__harvest_breeding_animal round7 stage2 cattle num2 num4 (1)
ag__harvest_breed_end round7 stage2 (1)
ag__finish_stage stage2 stage3 round7 round8 act_carrot (1)
build_fences boar worker2 worker1 worker2 round8 (180)
collect_animal boar act_sheep worker1 noworker worker2 round8 (180)
ag__finish_round_backhome round8 worker2 (1)
ag__finish_round_renew round8 noworker (1)
ag__advance_round_normal round8 round9 void (1)
build_fences boar worker2 worker1 worker2 round9 (180)
collect_animal boar act_sheep worker1 noworker worker2 round9 (180)
ag__finish_round_backhome round9 worker2 (1)
ag__finish_round_renew round9 noworker (1)
ag__harvest_collect_end round9 stage3 (1)
ag__harvest_feed round9 stage3 worker2 num4 num4 num0 (1)
ag__harvest_breed_end round9 stage3 (1)
[t=67.3768s, 219884 KB] Plan length: 56 step(s).
[t=67.3768s, 219884 KB] Plan cost: 3278
[t=67.3768s, 219884 KB] Expanded 8646 state(s).
[t=67.3768s, 219884 KB] Reopened 0 state(s).
[t=67.3768s, 219884 KB] Evaluated 10043 state(s).
[t=67.3768s, 219884 KB] Evaluations: 10043
[t=67.3768s, 219884 KB] Generated 34968 state(s).
[t=67.3768s, 219884 KB] Dead ends: 136 state(s).
[t=67.3768s, 219884 KB] Number of registered states: 10043
[t=67.3768s, 219884 KB] Int hash set load factor: 10043/16384 = 0.612976
[t=67.3768s, 219884 KB] Int hash set resizes: 14
[t=67.3768s, 219884 KB] Search time: 65.5156s
[t=67.3768s, 219884 KB] Total time: 67.3768s
Solution found.
Peak memory: 219884 KB
Remove intermediate file output.sas
search exit code: 0

INFO     Running validate.
INFO     validate stdin: None
INFO     validate time limit: None
INFO     validate memory limit: None
INFO     validate command line string: /home/henry/bin/validate domain.pddl problem.pddl sas_plan
Checking plan: sas_plan
Plan executed successfully - checking goal
Plan valid
Final value: 3278 

Successful plans:
Value: 3278
 sas_plan 3278 

validate exit code: 0

INFO     Planner time: 104.13s
