INFO     planner time limit: 1800s
INFO     planner memory limit: 2048 MB

INFO     Running translator.
INFO     translator stdin: None
INFO     translator time limit: 1799s
INFO     translator memory limit: 2048 MB
INFO     translator command line string: /home/henry/Documents/UFRGS/TCC/downward/.venv/bin/python /home/henry/Documents/UFRGS/TCC/downward/experiments/lab/data/main/code-5bb2ccb6957559b6969ffd7e29254c73f84d5e49_e5e41175/builds/release/bin/translate/translate.py domain.pddl problem.pddl --sas-file output.sas
Parsing...
Parsing: [0.000s CPU, 0.002s wall-clock]
Normalizing task... [0.000s CPU, 0.000s wall-clock]
Instantiating...
Generating Datalog program... [0.010s CPU, 0.000s wall-clock]
Normalizing Datalog program...
Normalizing Datalog program: [0.000s CPU, 0.002s wall-clock]
Preparing model... [0.000s CPU, 0.001s wall-clock]
Generated 51 rules.
Computing model... [0.140s CPU, 0.140s wall-clock]
18873 relevant atoms
6856 auxiliary atoms
25729 final queue length
64385 total queue pushes
Completing instantiation... [0.600s CPU, 0.608s wall-clock]
Instantiating: [0.760s CPU, 0.758s wall-clock]
Computing fact groups...
Finding invariants...
5 initial candidates
Finding invariants: [0.020s CPU, 0.016s wall-clock]
Checking invariant weight... [0.000s CPU, 0.000s wall-clock]
Instantiating groups... [0.000s CPU, 0.001s wall-clock]
Collecting mutex groups... [0.010s CPU, 0.000s wall-clock]
Choosing groups...
16 uncovered facts
Choosing groups: [0.000s CPU, 0.001s wall-clock]
Building translation key... [0.000s CPU, 0.000s wall-clock]
Computing fact groups: [0.030s CPU, 0.019s wall-clock]
Building STRIPS to SAS dictionary... [0.000s CPU, 0.000s wall-clock]
Building dictionary for full mutex groups... [0.000s CPU, 0.000s wall-clock]
Building mutex information...
Building mutex information: [0.000s CPU, 0.000s wall-clock]
Translating task...
Processing axioms...
Simplifying axioms... [0.000s CPU, 0.000s wall-clock]
Translator axioms removed by simplifying: 0
Computing negative axioms... [0.000s CPU, 0.000s wall-clock]
Processing axioms: [0.030s CPU, 0.030s wall-clock]
Translating task: [0.620s CPU, 0.622s wall-clock]
0 effect conditions simplified
0 implied preconditions added
Detecting unreachable propositions...
0 operators removed
0 axioms removed
16 propositions removed
Detecting unreachable propositions: [0.340s CPU, 0.348s wall-clock]
Reordering and filtering variables...
32 of 32 variables necessary.
16 of 32 mutex groups necessary.
17280 of 17280 operators necessary.
0 of 0 axiom rules necessary.
Reordering and filtering variables: [0.050s CPU, 0.051s wall-clock]
Translator variables: 32
Translator derived variables: 0
Translator facts: 288
Translator goal facts: 32
Translator mutex groups: 16
Translator total mutex groups size: 256
Translator operators: 17280
Translator axioms: 0
Translator task size: 88928
Translator peak memory: 97328 KB
Writing output... [0.070s CPU, 0.069s wall-clock]
Done! [1.910s CPU, 1.904s wall-clock]
translate exit code: 0

INFO     Running search (release).
INFO     search stdin: output.sas
INFO     search time limit: 1798s
INFO     search memory limit: 2048 MB
INFO     search command line string: /home/henry/Documents/UFRGS/TCC/downward/experiments/lab/data/main/code-5bb2ccb6957559b6969ffd7e29254c73f84d5e49_e5e41175/builds/release/bin/downward --search 'eager_greedy([operatorcounting(constraint_generators=[pho_constraints(patterns=systematic(2))], use_integer_operator_counts=false, transform=adapt_costs(cost_type=NORMAL))])' --internal-plan-file sas_plan < output.sas
[t=0s, 45596 KB] reading input...
[t=0.0507798s, 50652 KB] done reading input!
[t=0.0542315s, 52636 KB] Generating patterns using: systematic pattern collection generator
[t=0.0542315s, 52636 KB] building causal graph...done! [t=0.00399219s]
[t=0.0582237s, 52636 KB] Found 408 SGA patterns.
[t=0.0622218s, 52636 KB] Found 408 interesting patterns.
[t=0.0622218s, 52636 KB] systematic pattern collection generator number of patterns: 408
[t=0.0622218s, 52636 KB] systematic pattern collection generator total PDB size: 39200
[t=0.0622218s, 52636 KB] systematic pattern collection generator computation time: 0.00799029s
[t=0.0622218s, 52636 KB] Computing PDBs for pattern collection...
[t=1.1607s, 52952 KB] Done computing PDBs for pattern collection: 1.09847s
[t=1.31247s, 104644 KB] Building successor generator...done!
[t=1.31648s, 104644 KB] peak memory difference for successor generator creation: 0 KB
[t=1.31648s, 104644 KB] time for successor generation creation: 0.00400804s
[t=1.31648s, 104644 KB] Variables: 32
[t=1.31648s, 104644 KB] FactPairs: 288
[t=1.31648s, 104644 KB] Bytes per state: 12
[t=1.31648s, 104644 KB] Conducting best first search without reopening closed nodes, (real) bound = 2147483647
[t=1.38435s, 121352 KB] New best heuristic value for operatorcounting(constraint_generators=[pho_constraints(patterns=systematic(2))],use_integer_operator_counts=false,transform=adapt_costs(cost_type=normal)): 48
[t=1.38435s, 121352 KB] g=0, 1 evaluated, 0 expanded
[t=1.38435s, 121352 KB] Initial heuristic value for operatorcounting(constraint_generators=[pho_constraints(patterns=systematic(2))],use_integer_operator_counts=false,transform=adapt_costs(cost_type=normal)): 48
[t=1.38435s, 121352 KB] pruning method: none
[t=1.3963s, 121352 KB] New best heuristic value for operatorcounting(constraint_generators=[pho_constraints(patterns=systematic(2))],use_integer_operator_counts=false,transform=adapt_costs(cost_type=normal)): 45
[t=1.3963s, 121352 KB] g=3, 2 evaluated, 1 expanded
[t=2.43487s, 121352 KB] New best heuristic value for operatorcounting(constraint_generators=[pho_constraints(patterns=systematic(2))],use_integer_operator_counts=false,transform=adapt_costs(cost_type=normal)): 42
[t=2.43487s, 121352 KB] g=6, 74 evaluated, 2 expanded
[t=3.4691s, 121352 KB] New best heuristic value for operatorcounting(constraint_generators=[pho_constraints(patterns=systematic(2))],use_integer_operator_counts=false,transform=adapt_costs(cost_type=normal)): 39
[t=3.4691s, 121352 KB] g=9, 154 evaluated, 3 expanded
[t=4.48366s, 121352 KB] New best heuristic value for operatorcounting(constraint_generators=[pho_constraints(patterns=systematic(2))],use_integer_operator_counts=false,transform=adapt_costs(cost_type=normal)): 36
[t=4.48366s, 121352 KB] g=12, 233 evaluated, 4 expanded
[t=5.57388s, 121352 KB] New best heuristic value for operatorcounting(constraint_generators=[pho_constraints(patterns=systematic(2))],use_integer_operator_counts=false,transform=adapt_costs(cost_type=normal)): 33
[t=5.57388s, 121352 KB] g=15, 311 evaluated, 5 expanded
[t=6.59628s, 121352 KB] New best heuristic value for operatorcounting(constraint_generators=[pho_constraints(patterns=systematic(2))],use_integer_operator_counts=false,transform=adapt_costs(cost_type=normal)): 32
[t=6.59628s, 121352 KB] g=18, 388 evaluated, 6 expanded
[t=7.08351s, 121352 KB] New best heuristic value for operatorcounting(constraint_generators=[pho_constraints(patterns=systematic(2))],use_integer_operator_counts=false,transform=adapt_costs(cost_type=normal)): 31
[t=7.08351s, 121352 KB] g=19, 425 evaluated, 7 expanded
[t=8.3374s, 121352 KB] New best heuristic value for operatorcounting(constraint_generators=[pho_constraints(patterns=systematic(2))],use_integer_operator_counts=false,transform=adapt_costs(cost_type=normal)): 30
[t=8.3374s, 121352 KB] g=22, 526 evaluated, 8 expanded
[t=8.83273s, 121352 KB] New best heuristic value for operatorcounting(constraint_generators=[pho_constraints(patterns=systematic(2))],use_integer_operator_counts=false,transform=adapt_costs(cost_type=normal)): 29
[t=8.83273s, 121352 KB] g=23, 566 evaluated, 9 expanded
[t=9.71923s, 121352 KB] New best heuristic value for operatorcounting(constraint_generators=[pho_constraints(patterns=systematic(2))],use_integer_operator_counts=false,transform=adapt_costs(cost_type=normal)): 28
[t=9.71923s, 121352 KB] g=24, 640 evaluated, 10 expanded
[t=10.9131s, 121352 KB] New best heuristic value for operatorcounting(constraint_generators=[pho_constraints(patterns=systematic(2))],use_integer_operator_counts=false,transform=adapt_costs(cost_type=normal)): 27
[t=10.9131s, 121352 KB] g=27, 728 evaluated, 11 expanded
[t=11.7155s, 121352 KB] New best heuristic value for operatorcounting(constraint_generators=[pho_constraints(patterns=systematic(2))],use_integer_operator_counts=false,transform=adapt_costs(cost_type=normal)): 26
[t=11.7155s, 121352 KB] g=28, 782 evaluated, 12 expanded
[t=12.7579s, 121352 KB] New best heuristic value for operatorcounting(constraint_generators=[pho_constraints(patterns=systematic(2))],use_integer_operator_counts=false,transform=adapt_costs(cost_type=normal)): 25
[t=12.7579s, 121352 KB] g=29, 857 evaluated, 13 expanded
[t=14.2355s, 121352 KB] New best heuristic value for operatorcounting(constraint_generators=[pho_constraints(patterns=systematic(2))],use_integer_operator_counts=false,transform=adapt_costs(cost_type=normal)): 24
[t=14.2355s, 121352 KB] g=32, 937 evaluated, 14 expanded
[t=14.7907s, 121352 KB] New best heuristic value for operatorcounting(constraint_generators=[pho_constraints(patterns=systematic(2))],use_integer_operator_counts=false,transform=adapt_costs(cost_type=normal)): 23
[t=14.7907s, 121352 KB] g=33, 963 evaluated, 15 expanded
[t=16.3603s, 121352 KB] New best heuristic value for operatorcounting(constraint_generators=[pho_constraints(patterns=systematic(2))],use_integer_operator_counts=false,transform=adapt_costs(cost_type=normal)): 22
[t=16.3603s, 121352 KB] g=34, 1066 evaluated, 16 expanded
[t=17.7341s, 121352 KB] New best heuristic value for operatorcounting(constraint_generators=[pho_constraints(patterns=systematic(2))],use_integer_operator_counts=false,transform=adapt_costs(cost_type=normal)): 21
[t=17.7341s, 121352 KB] g=37, 1147 evaluated, 17 expanded
[t=18.7723s, 121352 KB] New best heuristic value for operatorcounting(constraint_generators=[pho_constraints(patterns=systematic(2))],use_integer_operator_counts=false,transform=adapt_costs(cost_type=normal)): 20
[t=18.7723s, 121352 KB] g=38, 1207 evaluated, 18 expanded
[t=18.96s, 121352 KB] New best heuristic value for operatorcounting(constraint_generators=[pho_constraints(patterns=systematic(2))],use_integer_operator_counts=false,transform=adapt_costs(cost_type=normal)): 19
[t=18.96s, 121352 KB] g=40, 1218 evaluated, 18 expanded
[t=19.8266s, 121352 KB] New best heuristic value for operatorcounting(constraint_generators=[pho_constraints(patterns=systematic(2))],use_integer_operator_counts=false,transform=adapt_costs(cost_type=normal)): 18
[t=19.8266s, 121352 KB] g=41, 1276 evaluated, 19 expanded
[t=20.0023s, 121352 KB] New best heuristic value for operatorcounting(constraint_generators=[pho_constraints(patterns=systematic(2))],use_integer_operator_counts=false,transform=adapt_costs(cost_type=normal)): 17
[t=20.0023s, 121352 KB] g=43, 1289 evaluated, 19 expanded
[t=20.8447s, 121352 KB] New best heuristic value for operatorcounting(constraint_generators=[pho_constraints(patterns=systematic(2))],use_integer_operator_counts=false,transform=adapt_costs(cost_type=normal)): 16
[t=20.8447s, 121352 KB] g=44, 1344 evaluated, 20 expanded
[t=21.0763s, 121352 KB] New best heuristic value for operatorcounting(constraint_generators=[pho_constraints(patterns=systematic(2))],use_integer_operator_counts=false,transform=adapt_costs(cost_type=normal)): 15
[t=21.0763s, 121352 KB] g=46, 1359 evaluated, 20 expanded
[t=21.8989s, 121352 KB] New best heuristic value for operatorcounting(constraint_generators=[pho_constraints(patterns=systematic(2))],use_integer_operator_counts=false,transform=adapt_costs(cost_type=normal)): 14
[t=21.8989s, 121352 KB] g=47, 1411 evaluated, 21 expanded
[t=22.1426s, 121352 KB] New best heuristic value for operatorcounting(constraint_generators=[pho_constraints(patterns=systematic(2))],use_integer_operator_counts=false,transform=adapt_costs(cost_type=normal)): 13
[t=22.1426s, 121352 KB] g=49, 1428 evaluated, 21 expanded
[t=23.0212s, 121352 KB] New best heuristic value for operatorcounting(constraint_generators=[pho_constraints(patterns=systematic(2))],use_integer_operator_counts=false,transform=adapt_costs(cost_type=normal)): 12
[t=23.0212s, 121352 KB] g=50, 1477 evaluated, 22 expanded
[t=25.1056s, 121352 KB] New best heuristic value for operatorcounting(constraint_generators=[pho_constraints(patterns=systematic(2))],use_integer_operator_counts=false,transform=adapt_costs(cost_type=normal)): 11
[t=25.1056s, 121352 KB] g=53, 1550 evaluated, 23 expanded
[t=28.3605s, 121352 KB] New best heuristic value for operatorcounting(constraint_generators=[pho_constraints(patterns=systematic(2))],use_integer_operator_counts=false,transform=adapt_costs(cost_type=normal)): 10
[t=28.3605s, 121352 KB] g=54, 1643 evaluated, 25 expanded
[t=50.0403s, 121352 KB] New best heuristic value for operatorcounting(constraint_generators=[pho_constraints(patterns=systematic(2))],use_integer_operator_counts=false,transform=adapt_costs(cost_type=normal)): 9
[t=50.0403s, 121352 KB] g=56, 2217 evaluated, 34 expanded
[t=51.7694s, 121352 KB] New best heuristic value for operatorcounting(constraint_generators=[pho_constraints(patterns=systematic(2))],use_integer_operator_counts=false,transform=adapt_costs(cost_type=normal)): 8
[t=51.7694s, 121352 KB] g=59, 2282 evaluated, 35 expanded
[t=55.3994s, 121352 KB] New best heuristic value for operatorcounting(constraint_generators=[pho_constraints(patterns=systematic(2))],use_integer_operator_counts=false,transform=adapt_costs(cost_type=normal)): 7
[t=55.3994s, 121352 KB] g=59, 2445 evaluated, 38 expanded
[t=56.3778s, 121352 KB] New best heuristic value for operatorcounting(constraint_generators=[pho_constraints(patterns=systematic(2))],use_integer_operator_counts=false,transform=adapt_costs(cost_type=normal)): 6
[t=56.3778s, 121352 KB] g=60, 2509 evaluated, 39 expanded
[t=60.6588s, 121352 KB] New best heuristic value for operatorcounting(constraint_generators=[pho_constraints(patterns=systematic(2))],use_integer_operator_counts=false,transform=adapt_costs(cost_type=normal)): 5
[t=60.6588s, 121352 KB] g=62, 2782 evaluated, 43 expanded
[t=62.5196s, 121352 KB] New best heuristic value for operatorcounting(constraint_generators=[pho_constraints(patterns=systematic(2))],use_integer_operator_counts=false,transform=adapt_costs(cost_type=normal)): 4
[t=62.5196s, 121352 KB] g=66, 2908 evaluated, 45 expanded
[t=63.7496s, 121352 KB] New best heuristic value for operatorcounting(constraint_generators=[pho_constraints(patterns=systematic(2))],use_integer_operator_counts=false,transform=adapt_costs(cost_type=normal)): 3
[t=63.7496s, 121352 KB] g=69, 2976 evaluated, 46 expanded
[t=63.9934s, 121352 KB] New best heuristic value for operatorcounting(constraint_generators=[pho_constraints(patterns=systematic(2))],use_integer_operator_counts=false,transform=adapt_costs(cost_type=normal)): 2
[t=63.9934s, 121352 KB] g=68, 2990 evaluated, 47 expanded
[t=65.6628s, 121352 KB] New best heuristic value for operatorcounting(constraint_generators=[pho_constraints(patterns=systematic(2))],use_integer_operator_counts=false,transform=adapt_costs(cost_type=normal)): 1
[t=65.6628s, 121352 KB] g=69, 3103 evaluated, 48 expanded
[t=66.5214s, 121352 KB] New best heuristic value for operatorcounting(constraint_generators=[pho_constraints(patterns=systematic(2))],use_integer_operator_counts=false,transform=adapt_costs(cost_type=normal)): 0
[t=66.5214s, 121352 KB] g=70, 3157 evaluated, 49 expanded
[t=66.7091s, 121352 KB] Solution found!
[t=66.7091s, 121352 KB] Actual search time: 65.3248s
analyze-2 seg-in-1 seg-out-1 car-in-1 car-out-1 (3)
analyze-2 seg-in-2 seg-out-1 car-in-2 car-in-1 (3)
analyze-2 seg-in-3 seg-out-1 car-in-3 car-in-2 (3)
analyze-2 seg-in-4 seg-out-1 car-in-4 car-in-3 (3)
analyze-2 seg-in-5 seg-out-1 car-in-5 car-in-4 (3)
analyze-2 seg-in-6 seg-out-1 car-in-6 car-in-5 (3)
rotate-2 seg-in-2 seg-out-2 car-in-1 car-out-2 (1)
analyze-2 seg-in-7 seg-out-1 car-in-7 car-in-6 (3)
rotate-2 seg-in-3 seg-out-3 car-in-2 car-out-3 (1)
rotate-2 seg-in-4 seg-out-4 car-in-3 car-out-4 (1)
analyze-2 seg-in-8 seg-out-1 car-in-8 car-in-7 (3)
rotate-2 seg-in-5 seg-out-5 car-in-4 car-out-5 (1)
rotate-2 seg-in-6 seg-out-6 car-in-5 car-out-6 (1)
analyze-2 seg-in-1 seg-out-1 car-out-1 car-in-8 (3)
rotate-2 seg-in-1 seg-out-2 car-in-8 car-in-1 (1)
rotate-2 seg-in-7 seg-out-7 car-in-6 car-out-7 (1)
analyze-2 seg-in-2 seg-out-1 car-out-2 car-out-1 (3)
analyze-2 seg-in-3 seg-out-1 car-out-3 car-out-2 (3)
analyze-2 seg-in-4 seg-out-1 car-out-4 car-out-3 (3)
analyze-2 seg-in-5 seg-out-1 car-out-5 car-out-4 (3)
analyze-2 seg-in-6 seg-out-1 car-out-6 car-out-5 (3)
rotate-2 seg-in-8 seg-out-2 car-in-7 car-in-8 (1)
analyze-2 seg-in-7 seg-out-1 car-out-7 car-out-6 (3)
rotate-2 seg-in-3 seg-out-4 car-out-2 car-in-3 (1)
rotate-2 seg-in-2 seg-out-3 car-out-1 car-in-2 (1)
rotate-2 seg-in-4 seg-out-3 car-out-3 car-out-1 (1)
rotate-2 seg-in-4 seg-out-1 car-out-1 car-out-7 (1)
rotate-2 seg-in-6 seg-out-5 car-out-5 car-in-4 (1)
rotate-2 seg-in-6 seg-out-7 car-in-4 car-in-6 (1)
rotate-2 seg-in-4 seg-out-7 car-out-7 car-in-4 (1)
rotate-2 seg-in-1 seg-out-8 car-in-1 car-out-8 (1)
rotate-2 seg-in-5 seg-out-4 car-out-4 car-out-2 (1)
rotate-2 seg-in-5 seg-out-6 car-out-2 car-in-5 (1)
analyze-2 seg-in-1 seg-out-1 car-out-8 car-out-1 (3)
rotate-2 seg-in-1 seg-out-1 car-out-1 car-out-8 (1)
rotate-2 seg-in-1 seg-out-8 car-out-8 car-in-1 (1)
rotate-2 seg-in-7 seg-out-6 car-out-6 car-out-2 (1)
rotate-2 seg-in-7 seg-out-2 car-out-2 car-in-7 (1)
[t=66.7091s, 121352 KB] Plan length: 38 step(s).
[t=66.7091s, 121352 KB] Plan cost: 70
[t=66.7091s, 121352 KB] Expanded 50 state(s).
[t=66.7091s, 121352 KB] Reopened 0 state(s).
[t=66.7091s, 121352 KB] Evaluated 3170 state(s).
[t=66.7091s, 121352 KB] Evaluations: 3170
[t=66.7091s, 121352 KB] Generated 3528 state(s).
[t=66.7091s, 121352 KB] Dead ends: 0 state(s).
[t=66.7091s, 121352 KB] Number of registered states: 3170
[t=66.7091s, 121352 KB] Int hash set load factor: 3170/4096 = 0.773926
[t=66.7091s, 121352 KB] Int hash set resizes: 12
[t=66.7091s, 121352 KB] Search time: 65.3927s
[t=66.7091s, 121352 KB] Total time: 66.7091s
Solution found.
Peak memory: 121352 KB
Remove intermediate file output.sas
search exit code: 0

INFO     Running validate.
INFO     validate stdin: None
INFO     validate time limit: None
INFO     validate memory limit: None
INFO     validate command line string: /home/henry/bin/validate domain.pddl problem.pddl sas_plan
Checking plan: sas_plan
Plan executed successfully - checking goal
Plan valid
Final value: 70 

Successful plans:
Value: 70
 sas_plan 70 

validate exit code: 0

INFO     Planner time: 68.69s
