INFO     planner time limit: 1800s
INFO     planner memory limit: 2048 MB

INFO     Running translator.
INFO     translator stdin: None
INFO     translator time limit: 1799s
INFO     translator memory limit: 2048 MB
INFO     translator command line string: /home/henry/Documents/UFRGS/TCC/downward/.venv/bin/python /home/henry/Documents/UFRGS/TCC/downward/experiments/lab/data/main/code-5bb2ccb6957559b6969ffd7e29254c73f84d5e49_e5e41175/builds/release/bin/translate/translate.py domain.pddl problem.pddl --sas-file output.sas
Parsing...
Parsing: [0.000s CPU, 0.001s wall-clock]
Normalizing task... [0.000s CPU, 0.000s wall-clock]
Instantiating...
Generating Datalog program... [0.000s CPU, 0.001s wall-clock]
Normalizing Datalog program...
Normalizing Datalog program: [0.000s CPU, 0.001s wall-clock]
Preparing model... [0.000s CPU, 0.001s wall-clock]
Generated 32 rules.
Computing model... [0.960s CPU, 0.961s wall-clock]
151565 relevant atoms
10122 auxiliary atoms
161687 final queue length
490507 total queue pushes
Completing instantiation... [5.870s CPU, 5.881s wall-clock]
Instantiating: [6.860s CPU, 6.879s wall-clock]
Computing fact groups...
Finding invariants...
12 initial candidates
Finding invariants: [0.010s CPU, 0.013s wall-clock]
Checking invariant weight... [0.010s CPU, 0.000s wall-clock]
Instantiating groups... [0.000s CPU, 0.008s wall-clock]
Collecting mutex groups... [0.000s CPU, 0.001s wall-clock]
Choosing groups...
101 uncovered facts
Choosing groups: [0.010s CPU, 0.007s wall-clock]
Building translation key... [0.000s CPU, 0.002s wall-clock]
Computing fact groups: [0.040s CPU, 0.042s wall-clock]
Building STRIPS to SAS dictionary... [0.000s CPU, 0.001s wall-clock]
Building dictionary for full mutex groups... [0.010s CPU, 0.002s wall-clock]
Building mutex information...
Building mutex information: [0.000s CPU, 0.002s wall-clock]
Translating task...
Processing axioms...
Simplifying axioms... [0.000s CPU, 0.000s wall-clock]
Translator axioms removed by simplifying: 0
Computing negative axioms... [0.000s CPU, 0.000s wall-clock]
Processing axioms: [0.200s CPU, 0.202s wall-clock]
Translating task: [5.970s CPU, 5.980s wall-clock]
177600 effect conditions simplified
0 implied preconditions added
Detecting unreachable propositions...
0 operators removed
0 axioms removed
40 propositions removed
Detecting unreachable propositions: [4.580s CPU, 4.587s wall-clock]
Reordering and filtering variables...
141 of 141 variables necessary.
61 of 101 mutex groups necessary.
144000 of 144000 operators necessary.
0 of 0 axiom rules necessary.
Reordering and filtering variables: [0.860s CPU, 0.852s wall-clock]
Translator variables: 141
Translator derived variables: 0
Translator facts: 2642
Translator goal facts: 40
Translator mutex groups: 61
Translator total mutex groups size: 2501
Translator operators: 144000
Translator axioms: 0
Translator task size: 1171724
Translator peak memory: 718360 KB
Writing output... [0.960s CPU, 0.962s wall-clock]
Done! [19.570s CPU, 19.605s wall-clock]
translate exit code: 0

INFO     Running search (release).
INFO     search stdin: output.sas
INFO     search time limit: 1780s
INFO     search memory limit: 2048 MB
INFO     search command line string: /home/henry/Documents/UFRGS/TCC/downward/experiments/lab/data/main/code-5bb2ccb6957559b6969ffd7e29254c73f84d5e49_e5e41175/builds/release/bin/downward --search 'eager_greedy([operatorcounting(constraint_generators=[pho_constraints(patterns=systematic(2))], use_integer_operator_counts=false, transform=adapt_costs(cost_type=ONE))])' --internal-plan-file sas_plan < output.sas
[t=0s, 45596 KB] reading input...
[t=0.623205s, 100020 KB] done reading input!
[t=0.638318s, 112688 KB] Generating patterns using: systematic pattern collection generator
[t=0.638318s, 112688 KB] building causal graph...done! [t=0.0837901s]
[t=0.726115s, 112688 KB] Found 4080 SGA patterns.
[t=0.746078s, 112688 KB] Found 4080 interesting patterns.
[t=0.750081s, 112688 KB] systematic pattern collection generator number of patterns: 4080
[t=0.750081s, 112688 KB] systematic pattern collection generator total PDB size: 495320
[t=0.750081s, 112688 KB] systematic pattern collection generator computation time: 0.111763s
[t=0.750081s, 112688 KB] Computing PDBs for pattern collection...
[t=100.248s, 113676 KB] Done computing PDBs for pattern collection: 99.4975s
[t=123.83s, 1265304 KB] Building successor generator...done!
[t=123.894s, 1265304 KB] peak memory difference for successor generator creation: 0 KB
[t=123.894s, 1265304 KB] time for successor generation creation: 0.0639004s
[t=123.894s, 1265304 KB] Variables: 141
[t=123.894s, 1265304 KB] FactPairs: 2642
[t=123.894s, 1265304 KB] Bytes per state: 44
[t=123.894s, 1265304 KB] Conducting best first search without reopening closed nodes, (real) bound = 2147483647
[t=128.602s, 2088388 KB] New best heuristic value for operatorcounting(constraint_generators=[pho_constraints(patterns=systematic(2))],use_integer_operator_counts=false,transform=adapt_costs(cost_type=one)): 39
[t=128.602s, 2088388 KB] g=0, 1 evaluated, 0 expanded
[t=128.602s, 2088388 KB] Initial heuristic value for operatorcounting(constraint_generators=[pho_constraints(patterns=systematic(2))],use_integer_operator_counts=false,transform=adapt_costs(cost_type=one)): 39
[t=128.602s, 2088388 KB] pruning method: none
[t=141.14s, 2088388 KB] New best heuristic value for operatorcounting(constraint_generators=[pho_constraints(patterns=systematic(2))],use_integer_operator_counts=false,transform=adapt_costs(cost_type=one)): 38
[t=141.14s, 2088388 KB] g=2, 33 evaluated, 2 expanded
[t=201.677s, 2088388 KB] New best heuristic value for operatorcounting(constraint_generators=[pho_constraints(patterns=systematic(2))],use_integer_operator_counts=false,transform=adapt_costs(cost_type=one)): 37
[t=201.677s, 2088388 KB] g=4, 195 evaluated, 6 expanded
[t=233.252s, 2088388 KB] New best heuristic value for operatorcounting(constraint_generators=[pho_constraints(patterns=systematic(2))],use_integer_operator_counts=false,transform=adapt_costs(cost_type=one)): 36
[t=233.252s, 2088388 KB] g=6, 281 evaluated, 8 expanded
[t=240.925s, 2088388 KB] New best heuristic value for operatorcounting(constraint_generators=[pho_constraints(patterns=systematic(2))],use_integer_operator_counts=false,transform=adapt_costs(cost_type=one)): 35
[t=240.925s, 2088388 KB] g=7, 304 evaluated, 9 expanded
[t=312.172s, 2088388 KB] New best heuristic value for operatorcounting(constraint_generators=[pho_constraints(patterns=systematic(2))],use_integer_operator_counts=false,transform=adapt_costs(cost_type=one)): 34
[t=312.172s, 2088388 KB] g=9, 495 evaluated, 14 expanded
[t=400.373s, 2088388 KB] New best heuristic value for operatorcounting(constraint_generators=[pho_constraints(patterns=systematic(2))],use_integer_operator_counts=false,transform=adapt_costs(cost_type=one)): 33
[t=400.373s, 2088388 KB] g=11, 731 evaluated, 20 expanded
[t=420.355s, 2088388 KB] New best heuristic value for operatorcounting(constraint_generators=[pho_constraints(patterns=systematic(2))],use_integer_operator_counts=false,transform=adapt_costs(cost_type=one)): 32
[t=420.355s, 2088388 KB] g=13, 786 evaluated, 22 expanded
[t=582.157s, 2088388 KB] New best heuristic value for operatorcounting(constraint_generators=[pho_constraints(patterns=systematic(2))],use_integer_operator_counts=false,transform=adapt_costs(cost_type=one)): 31
[t=582.157s, 2088388 KB] g=15, 1224 evaluated, 33 expanded
[t=749.082s, 2088388 KB] New best heuristic value for operatorcounting(constraint_generators=[pho_constraints(patterns=systematic(2))],use_integer_operator_counts=false,transform=adapt_costs(cost_type=one)): 30
[t=749.082s, 2088388 KB] g=17, 1671 evaluated, 45 expanded
[t=780.566s, 2088388 KB] New best heuristic value for operatorcounting(constraint_generators=[pho_constraints(patterns=systematic(2))],use_integer_operator_counts=false,transform=adapt_costs(cost_type=one)): 29
[t=780.566s, 2088388 KB] g=19, 1754 evaluated, 47 expanded
[t=799.473s, 2088388 KB] New best heuristic value for operatorcounting(constraint_generators=[pho_constraints(patterns=systematic(2))],use_integer_operator_counts=false,transform=adapt_costs(cost_type=one)): 28
[t=799.473s, 2088388 KB] g=21, 1805 evaluated, 49 expanded
[t=821.899s, 2088388 KB] New best heuristic value for operatorcounting(constraint_generators=[pho_constraints(patterns=systematic(2))],use_integer_operator_counts=false,transform=adapt_costs(cost_type=one)): 27
[t=821.899s, 2088388 KB] g=23, 1865 evaluated, 51 expanded
[t=897.546s, 2088388 KB] New best heuristic value for operatorcounting(constraint_generators=[pho_constraints(patterns=systematic(2))],use_integer_operator_counts=false,transform=adapt_costs(cost_type=one)): 26
[t=897.546s, 2088388 KB] g=25, 2073 evaluated, 56 expanded
[t=924.025s, 2088388 KB] New best heuristic value for operatorcounting(constraint_generators=[pho_constraints(patterns=systematic(2))],use_integer_operator_counts=false,transform=adapt_costs(cost_type=one)): 25
[t=924.025s, 2088388 KB] g=27, 2147 evaluated, 58 expanded
[t=1012.75s, 2088388 KB] New best heuristic value for operatorcounting(constraint_generators=[pho_constraints(patterns=systematic(2))],use_integer_operator_counts=false,transform=adapt_costs(cost_type=one)): 24
[t=1012.75s, 2088388 KB] g=29, 2395 evaluated, 65 expanded
[t=1300.57s, 2088388 KB] New best heuristic value for operatorcounting(constraint_generators=[pho_constraints(patterns=systematic(2))],use_integer_operator_counts=false,transform=adapt_costs(cost_type=one)): 23
[t=1300.57s, 2088388 KB] g=32, 3218 evaluated, 88 expanded
[t=1335.28s, 2088388 KB] New best heuristic value for operatorcounting(constraint_generators=[pho_constraints(patterns=systematic(2))],use_integer_operator_counts=false,transform=adapt_costs(cost_type=one)): 22
[t=1335.28s, 2088388 KB] g=34, 3321 evaluated, 91 expanded
[t=1399.83s, 2088388 KB] New best heuristic value for operatorcounting(constraint_generators=[pho_constraints(patterns=systematic(2))],use_integer_operator_counts=false,transform=adapt_costs(cost_type=one)): 21
[t=1399.83s, 2088388 KB] g=36, 3508 evaluated, 96 expanded
[t=1411.93s, 2088388 KB] New best heuristic value for operatorcounting(constraint_generators=[pho_constraints(patterns=systematic(2))],use_integer_operator_counts=false,transform=adapt_costs(cost_type=one)): 20
[t=1411.93s, 2088388 KB] g=37, 3542 evaluated, 97 expanded
[t=1516.51s, 2088388 KB] New best heuristic value for operatorcounting(constraint_generators=[pho_constraints(patterns=systematic(2))],use_integer_operator_counts=false,transform=adapt_costs(cost_type=one)): 19
[t=1516.51s, 2088388 KB] g=39, 3844 evaluated, 106 expanded
[t=1540.03s, 2088388 KB] New best heuristic value for operatorcounting(constraint_generators=[pho_constraints(patterns=systematic(2))],use_integer_operator_counts=false,transform=adapt_costs(cost_type=one)): 18
[t=1540.03s, 2088388 KB] g=41, 3909 evaluated, 108 expanded
[t=1613.02s, 2088388 KB] New best heuristic value for operatorcounting(constraint_generators=[pho_constraints(patterns=systematic(2))],use_integer_operator_counts=false,transform=adapt_costs(cost_type=one)): 17
[t=1613.02s, 2088388 KB] g=44, 4129 evaluated, 115 expanded
Peak memory: 2088388 KB
caught signal 24 -- exiting
Time limit has been reached.
Remove intermediate file output.sas
search exit code: 23

Driver aborting after search
INFO     Planner time: 1797.74s
