INFO     planner time limit: 1800s
INFO     planner memory limit: 2048 MB

INFO     Running translator.
INFO     translator stdin: None
INFO     translator time limit: 1799s
INFO     translator memory limit: 2048 MB
INFO     translator command line string: /home/henry/Documents/UFRGS/TCC/downward/.venv/bin/python /home/henry/Documents/UFRGS/TCC/downward/experiments/lab/data/main/code-5bb2ccb6957559b6969ffd7e29254c73f84d5e49_e5e41175/builds/release/bin/translate/translate.py domain.pddl problem.pddl --sas-file output.sas
Parsing...
Parsing: [0.000s CPU, 0.002s wall-clock]
Normalizing task... [0.000s CPU, 0.000s wall-clock]
Instantiating...
Generating Datalog program... [0.000s CPU, 0.000s wall-clock]
Normalizing Datalog program...
Normalizing Datalog program: [0.000s CPU, 0.002s wall-clock]
Preparing model... [0.000s CPU, 0.001s wall-clock]
Generated 46 rules.
Computing model... [0.030s CPU, 0.027s wall-clock]
3460 relevant atoms
2552 auxiliary atoms
6012 final queue length
11142 total queue pushes
Completing instantiation... [0.080s CPU, 0.079s wall-clock]
Instantiating: [0.110s CPU, 0.112s wall-clock]
Computing fact groups...
Finding invariants...
12 initial candidates
Finding invariants: [0.000s CPU, 0.002s wall-clock]
Checking invariant weight... [0.000s CPU, 0.000s wall-clock]
Instantiating groups... [0.000s CPU, 0.001s wall-clock]
Collecting mutex groups... [0.000s CPU, 0.000s wall-clock]
Choosing groups...
0 uncovered facts
Choosing groups: [0.000s CPU, 0.001s wall-clock]
Building translation key... [0.000s CPU, 0.000s wall-clock]
Computing fact groups: [0.000s CPU, 0.006s wall-clock]
Building STRIPS to SAS dictionary... [0.000s CPU, 0.000s wall-clock]
Building dictionary for full mutex groups... [0.000s CPU, 0.000s wall-clock]
Building mutex information...
Building mutex information: [0.000s CPU, 0.000s wall-clock]
Translating task...
Processing axioms...
Simplifying axioms... [0.000s CPU, 0.000s wall-clock]
Translator axioms removed by simplifying: 0
Computing negative axioms... [0.000s CPU, 0.000s wall-clock]
Processing axioms: [0.010s CPU, 0.005s wall-clock]
Translating task: [0.080s CPU, 0.072s wall-clock]
0 effect conditions simplified
0 implied preconditions added
Detecting unreachable propositions...
0 operators removed
0 axioms removed
22 propositions removed
Detecting unreachable propositions: [0.030s CPU, 0.031s wall-clock]
Reordering and filtering variables...
22 of 22 variables necessary.
0 of 22 mutex groups necessary.
2816 of 2816 operators necessary.
0 of 0 axiom rules necessary.
Reordering and filtering variables: [0.010s CPU, 0.012s wall-clock]
Translator variables: 22
Translator derived variables: 0
Translator facts: 340
Translator goal facts: 14
Translator mutex groups: 0
Translator total mutex groups size: 0
Translator operators: 2816
Translator axioms: 0
Translator task size: 16720
Translator peak memory: 43520 KB
Writing output... [0.010s CPU, 0.016s wall-clock]
Done! [0.250s CPU, 0.257s wall-clock]
translate exit code: 0

INFO     Running search (release).
INFO     search stdin: output.sas
INFO     search time limit: 1799s
INFO     search memory limit: 2048 MB
INFO     search command line string: /home/henry/Documents/UFRGS/TCC/downward/experiments/lab/data/main/code-5bb2ccb6957559b6969ffd7e29254c73f84d5e49_e5e41175/builds/release/bin/downward --search 'eager_greedy([operatorcounting(constraint_generators=[pho_constraints(patterns=systematic(4))], use_integer_operator_counts=true, transform=adapt_costs(cost_type=ONE))])' --internal-plan-file sas_plan < output.sas
[t=0s, 45596 KB] reading input...
[t=0.0112382s, 46392 KB] done reading input!
[t=0.0128301s, 46848 KB] Generating patterns using: systematic pattern collection generator
[t=0.0128301s, 46848 KB] building causal graph...done! [t=0s]
[t=0.0168209s, 48052 KB] Found 5124 SGA patterns.
[t=0.0247984s, 48264 KB] Found 7490 interesting patterns.
[t=0.0287964s, 48264 KB] systematic pattern collection generator number of patterns: 7490
[t=0.0287964s, 48264 KB] systematic pattern collection generator total PDB size: 196739067
[t=0.0287964s, 48264 KB] systematic pattern collection generator computation time: 0.0159663s
[t=0.0287964s, 48264 KB] Computing PDBs for pattern collection...
[t=70.4105s, 820304 KB] Done computing PDBs for pattern collection: 70.3817s
[t=70.9297s, 1094168 KB] Building successor generator...done!
[t=70.9337s, 1094168 KB] peak memory difference for successor generator creation: 0 KB
[t=70.9337s, 1094168 KB] time for successor generation creation: 0.00396976s
[t=70.9337s, 1094168 KB] Variables: 22
[t=70.9337s, 1094168 KB] FactPairs: 340
[t=70.9337s, 1094168 KB] Bytes per state: 12
[t=70.9337s, 1094168 KB] Conducting best first search without reopening closed nodes, (real) bound = 2147483647
[t=71.5528s, 1173128 KB] New best heuristic value for operatorcounting(constraint_generators=[pho_constraints(patterns=systematic(4))],use_integer_operator_counts=true,transform=adapt_costs(cost_type=one)): 56
[t=71.5528s, 1173128 KB] g=0, 1 evaluated, 0 expanded
[t=71.5528s, 1173128 KB] Initial heuristic value for operatorcounting(constraint_generators=[pho_constraints(patterns=systematic(4))],use_integer_operator_counts=true,transform=adapt_costs(cost_type=one)): 56
[t=71.5528s, 1173128 KB] pruning method: none
[t=72.3556s, 1173256 KB] New best heuristic value for operatorcounting(constraint_generators=[pho_constraints(patterns=systematic(4))],use_integer_operator_counts=true,transform=adapt_costs(cost_type=one)): 55
[t=72.3556s, 1173256 KB] g=7, 2 evaluated, 1 expanded
[t=94.3458s, 1395880 KB] New best heuristic value for operatorcounting(constraint_generators=[pho_constraints(patterns=systematic(4))],use_integer_operator_counts=true,transform=adapt_costs(cost_type=one)): 54
[t=94.3458s, 1395880 KB] g=7, 30 evaluated, 2 expanded
[t=111.151s, 1395880 KB] New best heuristic value for operatorcounting(constraint_generators=[pho_constraints(patterns=systematic(4))],use_integer_operator_counts=true,transform=adapt_costs(cost_type=one)): 53
[t=111.151s, 1395880 KB] g=13, 52 evaluated, 3 expanded
[t=130.925s, 1395880 KB] New best heuristic value for operatorcounting(constraint_generators=[pho_constraints(patterns=systematic(4))],use_integer_operator_counts=true,transform=adapt_costs(cost_type=one)): 52
[t=130.925s, 1395880 KB] g=13, 78 evaluated, 4 expanded
[t=153.482s, 1395880 KB] New best heuristic value for operatorcounting(constraint_generators=[pho_constraints(patterns=systematic(4))],use_integer_operator_counts=true,transform=adapt_costs(cost_type=one)): 51
[t=153.482s, 1395880 KB] g=19, 109 evaluated, 5 expanded
[t=171.791s, 1395880 KB] New best heuristic value for operatorcounting(constraint_generators=[pho_constraints(patterns=systematic(4))],use_integer_operator_counts=true,transform=adapt_costs(cost_type=one)): 50
[t=171.791s, 1395880 KB] g=19, 135 evaluated, 6 expanded
[t=190.386s, 1395880 KB] New best heuristic value for operatorcounting(constraint_generators=[pho_constraints(patterns=systematic(4))],use_integer_operator_counts=true,transform=adapt_costs(cost_type=one)): 49
[t=190.386s, 1395880 KB] g=28, 162 evaluated, 7 expanded
[t=205.872s, 1395880 KB] New best heuristic value for operatorcounting(constraint_generators=[pho_constraints(patterns=systematic(4))],use_integer_operator_counts=true,transform=adapt_costs(cost_type=one)): 48
[t=205.872s, 1395880 KB] g=28, 184 evaluated, 8 expanded
[t=230.329s, 1395880 KB] New best heuristic value for operatorcounting(constraint_generators=[pho_constraints(patterns=systematic(4))],use_integer_operator_counts=true,transform=adapt_costs(cost_type=one)): 47
[t=230.329s, 1395880 KB] g=53, 216 evaluated, 9 expanded
[t=251.115s, 1395880 KB] New best heuristic value for operatorcounting(constraint_generators=[pho_constraints(patterns=systematic(4))],use_integer_operator_counts=true,transform=adapt_costs(cost_type=one)): 46
[t=251.115s, 1395880 KB] g=53, 244 evaluated, 10 expanded
[t=272.089s, 1395880 KB] New best heuristic value for operatorcounting(constraint_generators=[pho_constraints(patterns=systematic(4))],use_integer_operator_counts=true,transform=adapt_costs(cost_type=one)): 45
[t=272.089s, 1395880 KB] g=78, 271 evaluated, 11 expanded
[t=292.832s, 1395880 KB] New best heuristic value for operatorcounting(constraint_generators=[pho_constraints(patterns=systematic(4))],use_integer_operator_counts=true,transform=adapt_costs(cost_type=one)): 44
[t=292.832s, 1395880 KB] g=78, 299 evaluated, 12 expanded
[t=332.773s, 1395880 KB] New best heuristic value for operatorcounting(constraint_generators=[pho_constraints(patterns=systematic(4))],use_integer_operator_counts=true,transform=adapt_costs(cost_type=one)): 43
[t=332.773s, 1395880 KB] g=86, 360 evaluated, 15 expanded
[t=410.795s, 1395880 KB] New best heuristic value for operatorcounting(constraint_generators=[pho_constraints(patterns=systematic(4))],use_integer_operator_counts=true,transform=adapt_costs(cost_type=one)): 42
[t=410.795s, 1395880 KB] g=96, 481 evaluated, 20 expanded
[t=430.322s, 1395880 KB] New best heuristic value for operatorcounting(constraint_generators=[pho_constraints(patterns=systematic(4))],use_integer_operator_counts=true,transform=adapt_costs(cost_type=one)): 41
[t=430.322s, 1395880 KB] g=96, 511 evaluated, 21 expanded
[t=555.477s, 1398528 KB] New best heuristic value for operatorcounting(constraint_generators=[pho_constraints(patterns=systematic(4))],use_integer_operator_counts=true,transform=adapt_costs(cost_type=one)): 40
[t=555.477s, 1398528 KB] g=106, 695 evaluated, 28 expanded
[t=624.639s, 1398528 KB] New best heuristic value for operatorcounting(constraint_generators=[pho_constraints(patterns=systematic(4))],use_integer_operator_counts=true,transform=adapt_costs(cost_type=one)): 39
[t=624.639s, 1398528 KB] g=115, 797 evaluated, 32 expanded
[t=693.351s, 1398528 KB] New best heuristic value for operatorcounting(constraint_generators=[pho_constraints(patterns=systematic(4))],use_integer_operator_counts=true,transform=adapt_costs(cost_type=one)): 38
[t=693.351s, 1398528 KB] g=124, 897 evaluated, 36 expanded
[t=782.514s, 1398528 KB] New best heuristic value for operatorcounting(constraint_generators=[pho_constraints(patterns=systematic(4))],use_integer_operator_counts=true,transform=adapt_costs(cost_type=one)): 37
[t=782.514s, 1398528 KB] g=134, 1023 evaluated, 41 expanded
[t=890.773s, 1398528 KB] New best heuristic value for operatorcounting(constraint_generators=[pho_constraints(patterns=systematic(4))],use_integer_operator_counts=true,transform=adapt_costs(cost_type=one)): 36
[t=890.773s, 1398528 KB] g=144, 1182 evaluated, 47 expanded
[t=981.3s, 1398528 KB] New best heuristic value for operatorcounting(constraint_generators=[pho_constraints(patterns=systematic(4))],use_integer_operator_counts=true,transform=adapt_costs(cost_type=one)): 35
[t=981.3s, 1398528 KB] g=154, 1314 evaluated, 52 expanded
[t=1071.66s, 1398528 KB] New best heuristic value for operatorcounting(constraint_generators=[pho_constraints(patterns=systematic(4))],use_integer_operator_counts=true,transform=adapt_costs(cost_type=one)): 34
[t=1071.66s, 1398528 KB] g=164, 1446 evaluated, 57 expanded
[t=1182.81s, 1398528 KB] New best heuristic value for operatorcounting(constraint_generators=[pho_constraints(patterns=systematic(4))],use_integer_operator_counts=true,transform=adapt_costs(cost_type=one)): 33
[t=1182.81s, 1398528 KB] g=175, 1609 evaluated, 63 expanded
[t=1305.94s, 1398528 KB] New best heuristic value for operatorcounting(constraint_generators=[pho_constraints(patterns=systematic(4))],use_integer_operator_counts=true,transform=adapt_costs(cost_type=one)): 32
[t=1305.94s, 1398528 KB] g=185, 1792 evaluated, 70 expanded
[t=1322.31s, 1398528 KB] New best heuristic value for operatorcounting(constraint_generators=[pho_constraints(patterns=systematic(4))],use_integer_operator_counts=true,transform=adapt_costs(cost_type=one)): 31
[t=1322.31s, 1398528 KB] g=191, 1816 evaluated, 71 expanded
[t=1346.49s, 1398528 KB] New best heuristic value for operatorcounting(constraint_generators=[pho_constraints(patterns=systematic(4))],use_integer_operator_counts=true,transform=adapt_costs(cost_type=one)): 30
[t=1346.49s, 1398528 KB] g=191, 1852 evaluated, 72 expanded
[t=1398.79s, 1398528 KB] New best heuristic value for operatorcounting(constraint_generators=[pho_constraints(patterns=systematic(4))],use_integer_operator_counts=true,transform=adapt_costs(cost_type=one)): 29
[t=1398.79s, 1398528 KB] g=203, 1928 evaluated, 74 expanded
[t=1492.34s, 1398528 KB] New best heuristic value for operatorcounting(constraint_generators=[pho_constraints(patterns=systematic(4))],use_integer_operator_counts=true,transform=adapt_costs(cost_type=one)): 28
[t=1492.34s, 1398528 KB] g=212, 2091 evaluated, 79 expanded
[t=1564.95s, 1398528 KB] New best heuristic value for operatorcounting(constraint_generators=[pho_constraints(patterns=systematic(4))],use_integer_operator_counts=true,transform=adapt_costs(cost_type=one)): 27
[t=1564.95s, 1398528 KB] g=219, 2220 evaluated, 83 expanded
[t=1693.5s, 1398528 KB] New best heuristic value for operatorcounting(constraint_generators=[pho_constraints(patterns=systematic(4))],use_integer_operator_counts=true,transform=adapt_costs(cost_type=one)): 26
[t=1693.5s, 1398528 KB] g=228, 2442 evaluated, 90 expanded
Peak memory: 1398528 KB
caught signal 24 -- exiting
Time limit has been reached.
Remove intermediate file output.sas
search exit code: 23

Driver aborting after search
INFO     Planner time: 1796.21s
