INFO     planner time limit: 1800s
INFO     planner memory limit: 2048 MB

INFO     Running translator.
INFO     translator stdin: None
INFO     translator time limit: 1799s
INFO     translator memory limit: 2048 MB
INFO     translator command line string: /home/henry/Documents/UFRGS/TCC/downward/.venv/bin/python /home/henry/Documents/UFRGS/TCC/downward/experiments/lab/data/main/code-5bb2ccb6957559b6969ffd7e29254c73f84d5e49_e5e41175/builds/release/bin/translate/translate.py domain.pddl problem.pddl --sas-file output.sas
Parsing...
Parsing: [0.010s CPU, 0.004s wall-clock]
Normalizing task... [0.000s CPU, 0.000s wall-clock]
Instantiating...
Generating Datalog program... [0.000s CPU, 0.001s wall-clock]
Normalizing Datalog program...
Normalizing Datalog program: [0.000s CPU, 0.005s wall-clock]
Preparing model... [0.010s CPU, 0.003s wall-clock]
Generated 198 rules.
Computing model... [0.080s CPU, 0.081s wall-clock]
5902 relevant atoms
9229 auxiliary atoms
15131 final queue length
35417 total queue pushes
Completing instantiation... [0.160s CPU, 0.161s wall-clock]
Instantiating: [0.250s CPU, 0.252s wall-clock]
Computing fact groups...
Finding invariants...
24 initial candidates
Finding invariants: [0.010s CPU, 0.010s wall-clock]
Checking invariant weight... [0.000s CPU, 0.001s wall-clock]
Instantiating groups... [0.000s CPU, 0.005s wall-clock]
Collecting mutex groups... [0.000s CPU, 0.000s wall-clock]
Choosing groups...
245 uncovered facts
Choosing groups: [0.010s CPU, 0.001s wall-clock]
Building translation key... [0.000s CPU, 0.001s wall-clock]
Computing fact groups: [0.020s CPU, 0.018s wall-clock]
Building STRIPS to SAS dictionary... [0.000s CPU, 0.000s wall-clock]
Building dictionary for full mutex groups... [0.000s CPU, 0.000s wall-clock]
Building mutex information...
Building mutex information: [0.000s CPU, 0.000s wall-clock]
Translating task...
Processing axioms...
Simplifying axioms... [0.000s CPU, 0.000s wall-clock]
Translator axioms removed by simplifying: 0
Computing negative axioms... [0.000s CPU, 0.000s wall-clock]
Processing axioms: [0.010s CPU, 0.008s wall-clock]
Translating task: [0.180s CPU, 0.181s wall-clock]
2630 effect conditions simplified
0 implied preconditions added
Detecting unreachable propositions...
0 operators removed
0 axioms removed
81 propositions removed
Detecting unreachable propositions: [0.110s CPU, 0.108s wall-clock]
Reordering and filtering variables...
270 of 279 variables necessary.
69 of 92 mutex groups necessary.
5035 of 5035 operators necessary.
0 of 0 axiom rules necessary.
Reordering and filtering variables: [0.040s CPU, 0.040s wall-clock]
Translator variables: 270
Translator derived variables: 0
Translator facts: 730
Translator goal facts: 74
Translator mutex groups: 69
Translator total mutex groups size: 238
Translator operators: 5035
Translator axioms: 0
Translator task size: 44274
Translator peak memory: 61984 KB
Writing output... [0.040s CPU, 0.032s wall-clock]
Done! [0.650s CPU, 0.647s wall-clock]
translate exit code: 0

INFO     Running search (release).
INFO     search stdin: output.sas
INFO     search time limit: 1799s
INFO     search memory limit: 2048 MB
INFO     search command line string: /home/henry/Documents/UFRGS/TCC/downward/experiments/lab/data/main/code-5bb2ccb6957559b6969ffd7e29254c73f84d5e49_e5e41175/builds/release/bin/downward --search 'eager_greedy([operatorcounting(constraint_generators=[pho_constraints(patterns=systematic(2))], use_integer_operator_counts=false, transform=adapt_costs(cost_type=ONE))])' --internal-plan-file sas_plan < output.sas
[t=0s, 45596 KB] reading input...
[t=0.0228432s, 47524 KB] done reading input!
[t=0.0254152s, 48340 KB] Generating patterns using: systematic pattern collection generator
[t=0.0254152s, 48340 KB] building causal graph...done! [t=0.0119939s]
[t=0.0374091s, 50340 KB] Found 3380 SGA patterns.
[t=0.0573948s, 50340 KB] Found 3380 interesting patterns.
[t=0.0573948s, 50340 KB] systematic pattern collection generator number of patterns: 3380
[t=0.0573948s, 50340 KB] systematic pattern collection generator total PDB size: 29762
[t=0.0573948s, 50340 KB] systematic pattern collection generator computation time: 0.0319796s
[t=0.0573948s, 50340 KB] Computing PDBs for pattern collection...
[t=2.34498s, 50340 KB] Done computing PDBs for pattern collection: 2.28758s
[t=2.74491s, 72792 KB] Building successor generator...done!
[t=2.7489s, 72792 KB] peak memory difference for successor generator creation: 0 KB
[t=2.7489s, 72792 KB] time for successor generation creation: 0.00398728s
[t=2.7489s, 72792 KB] Variables: 270
[t=2.7489s, 72792 KB] FactPairs: 730
[t=2.7489s, 72792 KB] Bytes per state: 48
[t=2.7489s, 72792 KB] Conducting best first search without reopening closed nodes, (real) bound = 2147483647
[t=2.79287s, 87736 KB] New best heuristic value for operatorcounting(constraint_generators=[pho_constraints(patterns=systematic(2))],use_integer_operator_counts=false,transform=adapt_costs(cost_type=one)): 50
[t=2.79287s, 87736 KB] g=0, 1 evaluated, 0 expanded
[t=2.79287s, 87736 KB] Initial heuristic value for operatorcounting(constraint_generators=[pho_constraints(patterns=systematic(2))],use_integer_operator_counts=false,transform=adapt_costs(cost_type=one)): 50
[t=2.79287s, 87736 KB] pruning method: none
[t=2.79688s, 87736 KB] New best heuristic value for operatorcounting(constraint_generators=[pho_constraints(patterns=systematic(2))],use_integer_operator_counts=false,transform=adapt_costs(cost_type=one)): 49
[t=2.79688s, 87736 KB] g=30, 2 evaluated, 1 expanded
[t=3.16456s, 87736 KB] New best heuristic value for operatorcounting(constraint_generators=[pho_constraints(patterns=systematic(2))],use_integer_operator_counts=false,transform=adapt_costs(cost_type=one)): 48
[t=3.16456s, 87736 KB] g=40, 189 evaluated, 2 expanded
[t=3.55224s, 87736 KB] New best heuristic value for operatorcounting(constraint_generators=[pho_constraints(patterns=systematic(2))],use_integer_operator_counts=false,transform=adapt_costs(cost_type=one)): 47
[t=3.55224s, 87736 KB] g=70, 382 evaluated, 3 expanded
[t=3.92394s, 87736 KB] New best heuristic value for operatorcounting(constraint_generators=[pho_constraints(patterns=systematic(2))],use_integer_operator_counts=false,transform=adapt_costs(cost_type=one)): 46
[t=3.92394s, 87736 KB] g=100, 570 evaluated, 4 expanded
[t=4.31963s, 87736 KB] New best heuristic value for operatorcounting(constraint_generators=[pho_constraints(patterns=systematic(2))],use_integer_operator_counts=false,transform=adapt_costs(cost_type=one)): 45
[t=4.31963s, 87736 KB] g=130, 774 evaluated, 5 expanded
[t=4.71535s, 87736 KB] New best heuristic value for operatorcounting(constraint_generators=[pho_constraints(patterns=systematic(2))],use_integer_operator_counts=false,transform=adapt_costs(cost_type=one)): 44
[t=4.71535s, 87736 KB] g=160, 983 evaluated, 6 expanded
[t=5.12303s, 87736 KB] New best heuristic value for operatorcounting(constraint_generators=[pho_constraints(patterns=systematic(2))],use_integer_operator_counts=false,transform=adapt_costs(cost_type=one)): 43
[t=5.12303s, 87736 KB] g=190, 1199 evaluated, 7 expanded
[t=5.53869s, 87736 KB] New best heuristic value for operatorcounting(constraint_generators=[pho_constraints(patterns=systematic(2))],use_integer_operator_counts=false,transform=adapt_costs(cost_type=one)): 42
[t=5.53869s, 87736 KB] g=220, 1412 evaluated, 8 expanded
[t=6.02229s, 87736 KB] New best heuristic value for operatorcounting(constraint_generators=[pho_constraints(patterns=systematic(2))],use_integer_operator_counts=false,transform=adapt_costs(cost_type=one)): 41
[t=6.02229s, 87736 KB] g=250, 1663 evaluated, 9 expanded
[t=6.42194s, 87736 KB] New best heuristic value for operatorcounting(constraint_generators=[pho_constraints(patterns=systematic(2))],use_integer_operator_counts=false,transform=adapt_costs(cost_type=one)): 40
[t=6.42194s, 87736 KB] g=280, 1860 evaluated, 10 expanded
[t=6.84164s, 87736 KB] New best heuristic value for operatorcounting(constraint_generators=[pho_constraints(patterns=systematic(2))],use_integer_operator_counts=false,transform=adapt_costs(cost_type=one)): 39
[t=6.84164s, 87736 KB] g=310, 2070 evaluated, 11 expanded
[t=7.26129s, 87736 KB] New best heuristic value for operatorcounting(constraint_generators=[pho_constraints(patterns=systematic(2))],use_integer_operator_counts=false,transform=adapt_costs(cost_type=one)): 38
[t=7.26129s, 87736 KB] g=340, 2290 evaluated, 12 expanded
[t=7.669s, 87736 KB] New best heuristic value for operatorcounting(constraint_generators=[pho_constraints(patterns=systematic(2))],use_integer_operator_counts=false,transform=adapt_costs(cost_type=one)): 37
[t=7.669s, 87736 KB] g=370, 2509 evaluated, 13 expanded
[t=8.09265s, 87736 KB] New best heuristic value for operatorcounting(constraint_generators=[pho_constraints(patterns=systematic(2))],use_integer_operator_counts=false,transform=adapt_costs(cost_type=one)): 36
[t=8.09265s, 87736 KB] g=400, 2729 evaluated, 14 expanded
[t=8.53632s, 87736 KB] New best heuristic value for operatorcounting(constraint_generators=[pho_constraints(patterns=systematic(2))],use_integer_operator_counts=false,transform=adapt_costs(cost_type=one)): 35
[t=8.53632s, 87736 KB] g=430, 2979 evaluated, 15 expanded
[t=9.01993s, 87736 KB] New best heuristic value for operatorcounting(constraint_generators=[pho_constraints(patterns=systematic(2))],use_integer_operator_counts=false,transform=adapt_costs(cost_type=one)): 34
[t=9.01993s, 87736 KB] g=460, 3217 evaluated, 16 expanded
[t=9.51553s, 87736 KB] New best heuristic value for operatorcounting(constraint_generators=[pho_constraints(patterns=systematic(2))],use_integer_operator_counts=false,transform=adapt_costs(cost_type=one)): 33
[t=9.51553s, 87736 KB] g=490, 3429 evaluated, 17 expanded
[t=10.0551s, 87736 KB] New best heuristic value for operatorcounting(constraint_generators=[pho_constraints(patterns=systematic(2))],use_integer_operator_counts=false,transform=adapt_costs(cost_type=one)): 32
[t=10.0551s, 87736 KB] g=520, 3645 evaluated, 18 expanded
[t=10.6386s, 87736 KB] New best heuristic value for operatorcounting(constraint_generators=[pho_constraints(patterns=systematic(2))],use_integer_operator_counts=false,transform=adapt_costs(cost_type=one)): 31
[t=10.6386s, 87736 KB] g=550, 3859 evaluated, 19 expanded
[t=11.2501s, 87736 KB] New best heuristic value for operatorcounting(constraint_generators=[pho_constraints(patterns=systematic(2))],use_integer_operator_counts=false,transform=adapt_costs(cost_type=one)): 30
[t=11.2501s, 87736 KB] g=580, 4083 evaluated, 20 expanded
[t=11.8896s, 87736 KB] New best heuristic value for operatorcounting(constraint_generators=[pho_constraints(patterns=systematic(2))],use_integer_operator_counts=false,transform=adapt_costs(cost_type=one)): 29
[t=11.8896s, 87736 KB] g=590, 4302 evaluated, 21 expanded
[t=12.5211s, 87736 KB] New best heuristic value for operatorcounting(constraint_generators=[pho_constraints(patterns=systematic(2))],use_integer_operator_counts=false,transform=adapt_costs(cost_type=one)): 28
[t=12.5211s, 87736 KB] g=610, 4517 evaluated, 22 expanded
[t=13.1206s, 87736 KB] New best heuristic value for operatorcounting(constraint_generators=[pho_constraints(patterns=systematic(2))],use_integer_operator_counts=false,transform=adapt_costs(cost_type=one)): 27
[t=13.1206s, 87736 KB] g=625, 4724 evaluated, 23 expanded
[t=13.6801s, 87736 KB] New best heuristic value for operatorcounting(constraint_generators=[pho_constraints(patterns=systematic(2))],use_integer_operator_counts=false,transform=adapt_costs(cost_type=one)): 26
[t=13.6801s, 87736 KB] g=640, 4920 evaluated, 24 expanded
[t=14.2077s, 87736 KB] New best heuristic value for operatorcounting(constraint_generators=[pho_constraints(patterns=systematic(2))],use_integer_operator_counts=false,transform=adapt_costs(cost_type=one)): 25
[t=14.2077s, 87736 KB] g=650, 5107 evaluated, 25 expanded
[t=14.6793s, 87736 KB] New best heuristic value for operatorcounting(constraint_generators=[pho_constraints(patterns=systematic(2))],use_integer_operator_counts=false,transform=adapt_costs(cost_type=one)): 24
[t=14.6793s, 87736 KB] g=695, 5279 evaluated, 26 expanded
[t=15.159s, 87736 KB] New best heuristic value for operatorcounting(constraint_generators=[pho_constraints(patterns=systematic(2))],use_integer_operator_counts=false,transform=adapt_costs(cost_type=one)): 23
[t=15.159s, 87736 KB] g=715, 5453 evaluated, 27 expanded
[t=15.6146s, 87736 KB] New best heuristic value for operatorcounting(constraint_generators=[pho_constraints(patterns=systematic(2))],use_integer_operator_counts=false,transform=adapt_costs(cost_type=one)): 22
[t=15.6146s, 87736 KB] g=730, 5620 evaluated, 28 expanded
[t=16.0303s, 87736 KB] New best heuristic value for operatorcounting(constraint_generators=[pho_constraints(patterns=systematic(2))],use_integer_operator_counts=false,transform=adapt_costs(cost_type=one)): 21
[t=16.0303s, 87736 KB] g=760, 5776 evaluated, 29 expanded
[t=16.446s, 87736 KB] New best heuristic value for operatorcounting(constraint_generators=[pho_constraints(patterns=systematic(2))],use_integer_operator_counts=false,transform=adapt_costs(cost_type=one)): 20
[t=16.446s, 87736 KB] g=770, 5932 evaluated, 30 expanded
[t=16.8736s, 87736 KB] New best heuristic value for operatorcounting(constraint_generators=[pho_constraints(patterns=systematic(2))],use_integer_operator_counts=false,transform=adapt_costs(cost_type=one)): 19
[t=16.8736s, 87736 KB] g=790, 6089 evaluated, 31 expanded
[t=17.2653s, 87736 KB] New best heuristic value for operatorcounting(constraint_generators=[pho_constraints(patterns=systematic(2))],use_integer_operator_counts=false,transform=adapt_costs(cost_type=one)): 18
[t=17.2653s, 87736 KB] g=800, 6238 evaluated, 32 expanded
[t=17.645s, 87736 KB] New best heuristic value for operatorcounting(constraint_generators=[pho_constraints(patterns=systematic(2))],use_integer_operator_counts=false,transform=adapt_costs(cost_type=one)): 17
[t=17.645s, 87736 KB] g=805, 6381 evaluated, 33 expanded
[t=17.9768s, 87736 KB] New best heuristic value for operatorcounting(constraint_generators=[pho_constraints(patterns=systematic(2))],use_integer_operator_counts=false,transform=adapt_costs(cost_type=one)): 16
[t=17.9768s, 87736 KB] g=820, 6512 evaluated, 34 expanded
[t=18.2845s, 87736 KB] New best heuristic value for operatorcounting(constraint_generators=[pho_constraints(patterns=systematic(2))],use_integer_operator_counts=false,transform=adapt_costs(cost_type=one)): 15
[t=18.2845s, 87736 KB] g=850, 6637 evaluated, 35 expanded
[t=18.5683s, 87736 KB] New best heuristic value for operatorcounting(constraint_generators=[pho_constraints(patterns=systematic(2))],use_integer_operator_counts=false,transform=adapt_costs(cost_type=one)): 14
[t=18.5683s, 87736 KB] g=860, 6756 evaluated, 36 expanded
[t=18.8641s, 87736 KB] New best heuristic value for operatorcounting(constraint_generators=[pho_constraints(patterns=systematic(2))],use_integer_operator_counts=false,transform=adapt_costs(cost_type=one)): 13
[t=18.8641s, 87736 KB] g=875, 6877 evaluated, 37 expanded
[t=19.1039s, 87736 KB] New best heuristic value for operatorcounting(constraint_generators=[pho_constraints(patterns=systematic(2))],use_integer_operator_counts=false,transform=adapt_costs(cost_type=one)): 12
[t=19.1039s, 87736 KB] g=895, 6984 evaluated, 38 expanded
[t=19.3397s, 87736 KB] New best heuristic value for operatorcounting(constraint_generators=[pho_constraints(patterns=systematic(2))],use_integer_operator_counts=false,transform=adapt_costs(cost_type=one)): 11
[t=19.3397s, 87736 KB] g=905, 7090 evaluated, 39 expanded
[t=19.5516s, 87736 KB] New best heuristic value for operatorcounting(constraint_generators=[pho_constraints(patterns=systematic(2))],use_integer_operator_counts=false,transform=adapt_costs(cost_type=one)): 10
[t=19.5516s, 87736 KB] g=920, 7190 evaluated, 40 expanded
[t=20.5748s, 87736 KB] New best heuristic value for operatorcounting(constraint_generators=[pho_constraints(patterns=systematic(2))],use_integer_operator_counts=false,transform=adapt_costs(cost_type=one)): 9
[t=20.5748s, 87736 KB] g=980, 7796 evaluated, 48 expanded
[t=20.7586s, 87736 KB] New best heuristic value for operatorcounting(constraint_generators=[pho_constraints(patterns=systematic(2))],use_integer_operator_counts=false,transform=adapt_costs(cost_type=one)): 8
[t=20.7586s, 87736 KB] g=1025, 7876 evaluated, 49 expanded
[t=20.9784s, 87736 KB] New best heuristic value for operatorcounting(constraint_generators=[pho_constraints(patterns=systematic(2))],use_integer_operator_counts=false,transform=adapt_costs(cost_type=one)): 7
[t=20.9784s, 87736 KB] g=1045, 7966 evaluated, 50 expanded
[t=21.9936s, 87736 KB] New best heuristic value for operatorcounting(constraint_generators=[pho_constraints(patterns=systematic(2))],use_integer_operator_counts=false,transform=adapt_costs(cost_type=one)): 6
[t=21.9936s, 87736 KB] g=1095, 8474 evaluated, 58 expanded
[t=22.1735s, 87736 KB] New best heuristic value for operatorcounting(constraint_generators=[pho_constraints(patterns=systematic(2))],use_integer_operator_counts=false,transform=adapt_costs(cost_type=one)): 5
[t=22.1735s, 87736 KB] g=1105, 8539 evaluated, 59 expanded
[t=24.3158s, 87736 KB] New best heuristic value for operatorcounting(constraint_generators=[pho_constraints(patterns=systematic(2))],use_integer_operator_counts=false,transform=adapt_costs(cost_type=one)): 4
[t=24.3158s, 87736 KB] g=1145, 9351 evaluated, 74 expanded
[t=24.6635s, 87736 KB] New best heuristic value for operatorcounting(constraint_generators=[pho_constraints(patterns=systematic(2))],use_integer_operator_counts=false,transform=adapt_costs(cost_type=one)): 3
[t=24.6635s, 87736 KB] g=1155, 9442 evaluated, 76 expanded
[t=25.0313s, 87736 KB] New best heuristic value for operatorcounting(constraint_generators=[pho_constraints(patterns=systematic(2))],use_integer_operator_counts=false,transform=adapt_costs(cost_type=one)): 2
[t=25.0313s, 87736 KB] g=1170, 9539 evaluated, 78 expanded
[t=26.726s, 87736 KB] New best heuristic value for operatorcounting(constraint_generators=[pho_constraints(patterns=systematic(2))],use_integer_operator_counts=false,transform=adapt_costs(cost_type=one)): 1
[t=26.726s, 87736 KB] g=1235, 9981 evaluated, 90 expanded
[t=28.4605s, 87736 KB] New best heuristic value for operatorcounting(constraint_generators=[pho_constraints(patterns=systematic(2))],use_integer_operator_counts=false,transform=adapt_costs(cost_type=one)): 0
[t=28.4605s, 87736 KB] g=1280, 10435 evaluated, 102 expanded
[t=28.5085s, 87736 KB] Solution found!
[t=28.5085s, 87736 KB] Actual search time: 25.7156s
do-grind p0 grinder0 verysmooth red colourfragments untreated (30)
do-immersion-varnish p0 immersion-varnisher0 green verysmooth (10)
do-saw-large b0 p1 saw0 beech rough s11 s9 s10 s8 (30)
do-saw-medium b0 p2 saw0 beech rough s8 s7 s6 (30)
do-saw-small b0 p15 saw0 beech rough s8 s7 (30)
do-saw-large b0 p11 saw0 beech rough s8 s6 s7 s5 (30)
do-saw-large b0 p17 saw0 beech rough s8 s6 s7 s5 (30)
do-saw-medium b0 p12 saw0 beech rough s8 s7 s6 (30)
do-saw-large b1 p20 saw0 beech smooth s8 s6 s7 s5 (30)
do-saw-medium b1 p19 saw0 beech smooth s5 s4 s3 (30)
do-saw-medium b1 p5 saw0 beech smooth s5 s4 s3 (30)
do-saw-large b1 p6 saw0 beech smooth s5 s3 s4 s2 (30)
do-saw-medium b1 p4 saw0 beech smooth s5 s4 s3 (30)
do-saw-medium b1 p9 saw0 beech smooth s5 s4 s3 (30)
do-saw-small b3 p16 saw0 teak smooth s7 s6 (30)
do-saw-medium b6 p13 saw0 oak smooth s7 s6 s5 (30)
do-saw-medium b6 p14 saw0 oak smooth s5 s4 s3 (30)
do-saw-small b6 p10 saw0 oak smooth s5 s4 (30)
do-saw-small b6 p3 saw0 oak smooth s5 s4 (30)
do-grind p9 grinder0 smooth natural untreated untreated (30)
do-immersion-varnish p9 immersion-varnisher0 white verysmooth (10)
do-glaze p6 glazer0 white (20)
do-glaze p5 glazer0 black (15)
do-glaze p4 glazer0 black (15)
do-glaze p3 glazer0 black (10)
do-grind p20 grinder0 smooth natural untreated untreated (45)
do-glaze p20 glazer0 black (20)
do-glaze p2 glazer0 green (15)
do-grind p19 grinder0 smooth natural untreated untreated (30)
do-immersion-varnish p19 immersion-varnisher0 black verysmooth (10)
do-glaze p17 glazer0 black (20)
do-spray-varnish p16 spray-varnisher0 mauve smooth (5)
do-glaze p15 glazer0 mauve (10)
do-glaze p14 glazer0 mauve (15)
do-grind p13 grinder0 smooth natural untreated untreated (30)
do-immersion-varnish p13 immersion-varnisher0 blue verysmooth (10)
do-glaze p12 glazer0 green (15)
do-glaze p11 glazer0 black (20)
do-spray-varnish p10 spray-varnisher0 green smooth (5)
do-glaze p1 glazer0 black (20)
do-saw-large b5 p18 saw0 mahogany rough s9 s7 s8 s6 (30)
do-plane p18 planer0 rough natural untreated (30)
do-grind p18 grinder0 smooth natural untreated untreated (45)
do-glaze p18 glazer0 black (20)
do-saw-medium b5 p7 saw0 mahogany rough s6 s5 s4 (30)
do-plane p7 planer0 rough natural untreated (20)
do-immersion-varnish p7 immersion-varnisher0 black smooth (10)
do-saw-small b8 p8 saw0 cherry rough s6 s5 (30)
do-plane p8 planer0 rough natural untreated (10)
do-grind p8 grinder0 smooth natural untreated untreated (15)
do-glaze p8 glazer0 blue (10)
do-grind p6 grinder0 smooth white glazed untreated (45)
do-glaze p6 glazer0 white (20)
do-grind p14 grinder0 smooth mauve glazed untreated (30)
do-glaze p14 glazer0 mauve (15)
[t=28.5085s, 87736 KB] Plan length: 55 step(s).
[t=28.5085s, 87736 KB] Plan cost: 1280
[t=28.5085s, 87736 KB] Expanded 103 state(s).
[t=28.5085s, 87736 KB] Reopened 0 state(s).
[t=28.5085s, 87736 KB] Evaluated 10448 state(s).
[t=28.5085s, 87736 KB] Evaluations: 10448
[t=28.5085s, 87736 KB] Generated 12213 state(s).
[t=28.5085s, 87736 KB] Dead ends: 3646 state(s).
[t=28.5085s, 87736 KB] Number of registered states: 10448
[t=28.5085s, 87736 KB] Int hash set load factor: 10448/16384 = 0.637695
[t=28.5085s, 87736 KB] Int hash set resizes: 14
[t=28.5085s, 87736 KB] Search time: 25.7596s
[t=28.5085s, 87736 KB] Total time: 28.5085s
Solution found.
Peak memory: 87736 KB
Remove intermediate file output.sas
search exit code: 0

INFO     Running validate.
INFO     validate stdin: None
INFO     validate time limit: None
INFO     validate memory limit: None
INFO     validate command line string: /home/henry/bin/validate domain.pddl problem.pddl sas_plan
Checking plan: sas_plan
Plan executed successfully - checking goal
Plan valid
Final value: 1280 

Successful plans:
Value: 1280
 sas_plan 1280 

validate exit code: 0

INFO     Planner time: 29.21s
