INFO     planner time limit: 1800s
INFO     planner memory limit: 2048 MB

INFO     Running translator.
INFO     translator stdin: None
INFO     translator time limit: 1799s
INFO     translator memory limit: 2048 MB
INFO     translator command line string: /home/henry/Documents/UFRGS/TCC/downward/.venv/bin/python /home/henry/Documents/UFRGS/TCC/downward/experiments/lab/data/main/code-5bb2ccb6957559b6969ffd7e29254c73f84d5e49_e5e41175/builds/release/bin/translate/translate.py domain.pddl problem.pddl --sas-file output.sas
Parsing...
Parsing: [0.000s CPU, 0.002s wall-clock]
Normalizing task... [0.000s CPU, 0.000s wall-clock]
Instantiating...
Generating Datalog program... [0.000s CPU, 0.001s wall-clock]
Normalizing Datalog program...
Normalizing Datalog program: [0.000s CPU, 0.003s wall-clock]
Preparing model... [0.010s CPU, 0.002s wall-clock]
Generated 115 rules.
Computing model... [0.030s CPU, 0.038s wall-clock]
3725 relevant atoms
3726 auxiliary atoms
7451 final queue length
13104 total queue pushes
Completing instantiation... [0.090s CPU, 0.093s wall-clock]
Instantiating: [0.130s CPU, 0.138s wall-clock]
Computing fact groups...
Finding invariants...
24 initial candidates
Finding invariants: [0.010s CPU, 0.011s wall-clock]
Checking invariant weight... [0.010s CPU, 0.000s wall-clock]
Instantiating groups... [0.000s CPU, 0.001s wall-clock]
Collecting mutex groups... [0.000s CPU, 0.000s wall-clock]
Choosing groups...
381 uncovered facts
Choosing groups: [0.000s CPU, 0.000s wall-clock]
Building translation key... [0.000s CPU, 0.001s wall-clock]
Computing fact groups: [0.020s CPU, 0.016s wall-clock]
Building STRIPS to SAS dictionary... [0.000s CPU, 0.000s wall-clock]
Building dictionary for full mutex groups... [0.000s CPU, 0.000s wall-clock]
Building mutex information...
Building mutex information: [0.000s CPU, 0.000s wall-clock]
Translating task...
Processing axioms...
Simplifying axioms... [0.000s CPU, 0.000s wall-clock]
Translator axioms removed by simplifying: 0
Computing negative axioms... [0.000s CPU, 0.000s wall-clock]
Processing axioms: [0.010s CPU, 0.005s wall-clock]
Translating task: [0.120s CPU, 0.121s wall-clock]
4430 effect conditions simplified
0 implied preconditions added
Detecting unreachable propositions...
0 operators removed
0 axioms removed
3 propositions removed
Detecting unreachable propositions: [0.080s CPU, 0.084s wall-clock]
Reordering and filtering variables...
384 of 384 variables necessary.
16 of 19 mutex groups necessary.
2644 of 2644 operators necessary.
0 of 0 axiom rules necessary.
Reordering and filtering variables: [0.040s CPU, 0.037s wall-clock]
Translator variables: 384
Translator derived variables: 0
Translator facts: 799
Translator goal facts: 14
Translator mutex groups: 16
Translator total mutex groups size: 48
Translator operators: 2644
Translator axioms: 0
Translator task size: 25367
Translator peak memory: 47636 KB
Writing output... [0.030s CPU, 0.023s wall-clock]
Done! [0.420s CPU, 0.428s wall-clock]
translate exit code: 0

INFO     Running search (release).
INFO     search stdin: output.sas
INFO     search time limit: 1799s
INFO     search memory limit: 2048 MB
INFO     search command line string: /home/henry/Documents/UFRGS/TCC/downward/experiments/lab/data/main/code-5bb2ccb6957559b6969ffd7e29254c73f84d5e49_e5e41175/builds/release/bin/downward --search 'eager_greedy([ff(transform=adapt_costs(cost_type=ONE))])' --internal-plan-file sas_plan < output.sas
[t=0s, 10544 KB] reading input...
[t=0.0159842s, 11584 KB] done reading input!
[t=0.0199755s, 12672 KB] Simplifying 9782 unary operators... done! [8318 unary operators]
[t=0.0279792s, 13220 KB] time to simplify: 0.00800371s
[t=0.0279792s, 13220 KB] Initializing additive heuristic...
[t=0.0279792s, 13220 KB] Initializing FF heuristic...
[t=0.0279792s, 13220 KB] Building successor generator...done!
[t=0.0279792s, 13220 KB] peak memory difference for successor generator creation: 0 KB
[t=0.0279792s, 13220 KB] time for successor generation creation: 0s
[t=0.0279792s, 13220 KB] Variables: 384
[t=0.0279792s, 13220 KB] FactPairs: 799
[t=0.0279792s, 13220 KB] Bytes per state: 52
[t=0.0279792s, 13220 KB] Conducting best first search without reopening closed nodes, (real) bound = 2147483647
[t=0.0279792s, 13220 KB] New best heuristic value for ff(transform=adapt_costs(cost_type=one)): 40
[t=0.0279792s, 13220 KB] g=0, 1 evaluated, 0 expanded
[t=0.0279792s, 13220 KB] Initial heuristic value for ff(transform=adapt_costs(cost_type=one)): 40
[t=0.0279792s, 13220 KB] pruning method: none
[t=0.03197s, 13220 KB] New best heuristic value for ff(transform=adapt_costs(cost_type=one)): 38
[t=0.03197s, 13220 KB] g=1, 10 evaluated, 1 expanded
[t=0.047968s, 13220 KB] New best heuristic value for ff(transform=adapt_costs(cost_type=one)): 36
[t=0.047968s, 13220 KB] g=3, 152 evaluated, 14 expanded
[t=0.0639581s, 13220 KB] New best heuristic value for ff(transform=adapt_costs(cost_type=one)): 35
[t=0.0639581s, 13220 KB] g=10, 305 evaluated, 34 expanded
[t=0.0639581s, 13220 KB] New best heuristic value for ff(transform=adapt_costs(cost_type=one)): 34
[t=0.0639581s, 13220 KB] g=11, 340 evaluated, 35 expanded
[t=0.0799521s, 13220 KB] New best heuristic value for ff(transform=adapt_costs(cost_type=one)): 33
[t=0.0799521s, 13220 KB] g=14, 492 evaluated, 43 expanded
[t=0.0839578s, 13220 KB] New best heuristic value for ff(transform=adapt_costs(cost_type=one)): 32
[t=0.0839578s, 13220 KB] g=15, 530 evaluated, 45 expanded
[t=0.123935s, 13220 KB] New best heuristic value for ff(transform=adapt_costs(cost_type=one)): 31
[t=0.123935s, 13220 KB] g=19, 969 evaluated, 92 expanded
[t=258.328s, 247364 KB] New best heuristic value for ff(transform=adapt_costs(cost_type=one)): 30
[t=258.328s, 247364 KB] g=30, 2731650 evaluated, 542140 expanded
[t=258.368s, 247500 KB] New best heuristic value for ff(transform=adapt_costs(cost_type=one)): 29
[t=258.368s, 247500 KB] g=33, 2732100 evaluated, 542164 expanded
[t=258.396s, 247500 KB] New best heuristic value for ff(transform=adapt_costs(cost_type=one)): 28
[t=258.396s, 247500 KB] g=34, 2732457 evaluated, 542193 expanded
[t=258.4s, 247500 KB] New best heuristic value for ff(transform=adapt_costs(cost_type=one)): 27
[t=258.4s, 247500 KB] g=36, 2732477 evaluated, 542195 expanded
[t=808.209s, 790256 KB] New best heuristic value for ff(transform=adapt_costs(cost_type=one)): 26
[t=808.209s, 790256 KB] g=48, 8751824 evaluated, 1680682 expanded
[t=808.213s, 790256 KB] New best heuristic value for ff(transform=adapt_costs(cost_type=one)): 25
[t=808.213s, 790256 KB] g=50, 8751844 evaluated, 1680684 expanded
[t=1160.17s, 1076748 KB] New best heuristic value for ff(transform=adapt_costs(cost_type=one)): 24
[t=1160.17s, 1076748 KB] g=62, 12631631 evaluated, 2437592 expanded
[t=1160.17s, 1076748 KB] New best heuristic value for ff(transform=adapt_costs(cost_type=one)): 23
[t=1160.17s, 1076748 KB] g=64, 12631651 evaluated, 2437594 expanded
[t=1183.84s, 1095972 KB] New best heuristic value for ff(transform=adapt_costs(cost_type=one)): 22
[t=1183.84s, 1095972 KB] g=76, 12891697 evaluated, 2480152 expanded
[t=1183.87s, 1095972 KB] New best heuristic value for ff(transform=adapt_costs(cost_type=one)): 21
[t=1183.87s, 1095972 KB] g=79, 12892074 evaluated, 2480172 expanded
[t=1183.87s, 1095972 KB] New best heuristic value for ff(transform=adapt_costs(cost_type=one)): 20
[t=1183.87s, 1095972 KB] g=80, 12892095 evaluated, 2480173 expanded
[t=1183.87s, 1095972 KB] New best heuristic value for ff(transform=adapt_costs(cost_type=one)): 19
[t=1183.87s, 1095972 KB] g=82, 12892115 evaluated, 2480175 expanded
[t=1289.88s, 1371076 KB] New best heuristic value for ff(transform=adapt_costs(cost_type=one)): 17
[t=1289.88s, 1371076 KB] g=111, 14108760 evaluated, 2686580 expanded
[t=1289.88s, 1371076 KB] New best heuristic value for ff(transform=adapt_costs(cost_type=one)): 16
[t=1289.88s, 1371076 KB] g=113, 14108776 evaluated, 2686582 expanded
[t=1289.88s, 1371076 KB] New best heuristic value for ff(transform=adapt_costs(cost_type=one)): 15
[t=1289.88s, 1371076 KB] g=114, 14108780 evaluated, 2686583 expanded
[t=1289.89s, 1371076 KB] New best heuristic value for ff(transform=adapt_costs(cost_type=one)): 14
[t=1289.89s, 1371076 KB] g=115, 14108800 evaluated, 2686584 expanded
[t=1289.9s, 1371076 KB] New best heuristic value for ff(transform=adapt_costs(cost_type=one)): 13
[t=1289.9s, 1371076 KB] g=118, 14108902 evaluated, 2686602 expanded
[t=1351.54s, 1371076 KB] New best heuristic value for ff(transform=adapt_costs(cost_type=one)): 11
[t=1351.54s, 1371076 KB] g=137, 14835795 evaluated, 2813694 expanded
[t=1426.24s, 1437240 KB] New best heuristic value for ff(transform=adapt_costs(cost_type=one)): 9
[t=1426.24s, 1437240 KB] g=156, 15750347 evaluated, 3038156 expanded
[t=1426.62s, 1437640 KB] New best heuristic value for ff(transform=adapt_costs(cost_type=one)): 8
[t=1426.62s, 1437640 KB] g=165, 15755508 evaluated, 3039202 expanded
[t=1426.62s, 1437640 KB] New best heuristic value for ff(transform=adapt_costs(cost_type=one)): 7
[t=1426.62s, 1437640 KB] g=167, 15755514 evaluated, 3039204 expanded
[t=1426.63s, 1437640 KB] New best heuristic value for ff(transform=adapt_costs(cost_type=one)): 6
[t=1426.63s, 1437640 KB] g=171, 15755581 evaluated, 3039218 expanded
[t=1426.63s, 1437640 KB] New best heuristic value for ff(transform=adapt_costs(cost_type=one)): 5
[t=1426.63s, 1437640 KB] g=172, 15755597 evaluated, 3039219 expanded
[t=1432.88s, 1444032 KB] New best heuristic value for ff(transform=adapt_costs(cost_type=one)): 4
[t=1432.88s, 1444032 KB] g=187, 15842341 evaluated, 3057170 expanded
[t=1432.88s, 1444032 KB] New best heuristic value for ff(transform=adapt_costs(cost_type=one)): 3
[t=1432.88s, 1444032 KB] g=188, 15842357 evaluated, 3057171 expanded
[t=1432.88s, 1444032 KB] New best heuristic value for ff(transform=adapt_costs(cost_type=one)): 1
[t=1432.88s, 1444032 KB] g=189, 15842371 evaluated, 3057172 expanded
[t=1432.88s, 1444032 KB] New best heuristic value for ff(transform=adapt_costs(cost_type=one)): 0
[t=1432.88s, 1444032 KB] g=190, 15842388 evaluated, 3057173 expanded
[t=1432.88s, 1444032 KB] Solution found!
[t=1432.88s, 1444032 KB] Actual search time: 1432.85s
grasp right shot12 (1)
fill-shot shot12 ingredient2 right left dispenser2 (1)
grasp left shot13 (1)
pour-shot-to-clean-shaker shot12 ingredient2 shaker1 right l0 l1 (1)
leave right shot12 (1)
grasp right shot14 (1)
leave left shot13 (1)
fill-shot shot14 ingredient3 right left dispenser3 (1)
leave right shot14 (1)
grasp right shot13 (1)
fill-shot shot13 ingredient3 right left dispenser3 (1)
leave right shot13 (1)
grasp right shot12 (1)
refill-shot shot12 ingredient2 right left dispenser2 (1)
leave right shot12 (1)
grasp right shot15 (1)
fill-shot shot15 ingredient1 right left dispenser1 (1)
pour-shot-to-used-shaker shot15 ingredient1 shaker1 right l1 l2 (1)
clean-shot shot15 ingredient1 right left (1)
grasp left shaker1 (1)
leave right shot15 (1)
shake cocktail2 ingredient2 ingredient1 shaker1 left right (1)
pour-shaker-to-shot cocktail2 shot9 left shaker1 l2 l1 (1)
empty-shaker left shaker1 cocktail2 l1 l0 (1)
clean-shaker left right shaker1 (1)
grasp right shot15 (1)
leave left shaker1 (1)
fill-shot shot15 ingredient1 right left dispenser1 (1)
pour-shot-to-clean-shaker shot15 ingredient1 shaker1 right l0 l1 (1)
clean-shot shot15 ingredient1 right left (1)
fill-shot shot15 ingredient3 right left dispenser3 (1)
pour-shot-to-used-shaker shot15 ingredient3 shaker1 right l1 l2 (1)
clean-shot shot15 ingredient3 right left (1)
grasp left shaker1 (1)
leave right shot15 (1)
shake cocktail10 ingredient3 ingredient1 shaker1 left right (1)
pour-shaker-to-shot cocktail10 shot5 left shaker1 l2 l1 (1)
empty-shaker left shaker1 cocktail10 l1 l0 (1)
clean-shaker left right shaker1 (1)
grasp right shot15 (1)
leave left shaker1 (1)
fill-shot shot15 ingredient2 right left dispenser2 (1)
pour-shot-to-clean-shaker shot15 ingredient2 shaker1 right l0 l1 (1)
clean-shot shot15 ingredient2 right left (1)
fill-shot shot15 ingredient3 right left dispenser3 (1)
pour-shot-to-used-shaker shot15 ingredient3 shaker1 right l1 l2 (1)
clean-shot shot15 ingredient3 right left (1)
grasp left shaker1 (1)
leave right shot15 (1)
shake cocktail6 ingredient2 ingredient3 shaker1 left right (1)
pour-shaker-to-shot cocktail6 shot6 left shaker1 l2 l1 (1)
empty-shaker left shaker1 cocktail6 l1 l0 (1)
clean-shaker left right shaker1 (1)
grasp right shot15 (1)
leave left shaker1 (1)
fill-shot shot15 ingredient5 right left dispenser5 (1)
pour-shot-to-clean-shaker shot15 ingredient5 shaker1 right l0 l1 (1)
clean-shot shot15 ingredient5 right left (1)
fill-shot shot15 ingredient3 right left dispenser3 (1)
pour-shot-to-used-shaker shot15 ingredient3 shaker1 right l1 l2 (1)
clean-shot shot15 ingredient3 right left (1)
grasp left shaker1 (1)
leave right shot15 (1)
shake cocktail4 ingredient3 ingredient5 shaker1 left right (1)
pour-shaker-to-shot cocktail4 shot1 left shaker1 l2 l1 (1)
grasp right shot15 (1)
empty-shaker left shaker1 cocktail4 l1 l0 (1)
leave left shaker1 (1)
fill-shot shot15 ingredient4 right left dispenser4 (1)
grasp left shaker1 (1)
leave right shot15 (1)
clean-shaker left right shaker1 (1)
leave left shaker1 (1)
grasp right shot15 (1)
pour-shot-to-clean-shaker shot15 ingredient4 shaker1 right l0 l1 (1)
clean-shot shot15 ingredient4 right left (1)
fill-shot shot15 ingredient1 right left dispenser1 (1)
pour-shot-to-used-shaker shot15 ingredient1 shaker1 right l1 l2 (1)
clean-shot shot15 ingredient1 right left (1)
grasp left shaker1 (1)
leave right shot15 (1)
shake cocktail3 ingredient4 ingredient1 shaker1 left right (1)
pour-shaker-to-shot cocktail3 shot11 left shaker1 l2 l1 (1)
grasp right shot15 (1)
empty-shaker left shaker1 cocktail3 l1 l0 (1)
leave left shaker1 (1)
fill-shot shot15 ingredient4 right left dispenser4 (1)
grasp left shaker1 (1)
leave right shot15 (1)
clean-shaker left right shaker1 (1)
leave left shaker1 (1)
grasp right shot15 (1)
pour-shot-to-clean-shaker shot15 ingredient4 shaker1 right l0 l1 (1)
clean-shot shot15 ingredient4 right left (1)
fill-shot shot15 ingredient2 right left dispenser2 (1)
pour-shot-to-used-shaker shot15 ingredient2 shaker1 right l1 l2 (1)
clean-shot shot15 ingredient2 right left (1)
fill-shot shot15 ingredient1 right left dispenser1 (1)
grasp left shaker1 (1)
leave right shot15 (1)
shake cocktail11 ingredient4 ingredient2 shaker1 left right (1)
pour-shaker-to-shot cocktail11 shot3 left shaker1 l2 l1 (1)
grasp right shot7 (1)
empty-shaker left shaker1 cocktail11 l1 l0 (1)
leave left shaker1 (1)
fill-shot shot7 ingredient5 right left dispenser5 (1)
grasp left shaker1 (1)
leave right shot7 (1)
clean-shaker left right shaker1 (1)
grasp right shot7 (1)
pour-shot-to-clean-shaker shot7 ingredient5 shaker1 right l0 l1 (1)
leave left shaker1 (1)
clean-shot shot7 ingredient5 right left (1)
leave right shot7 (1)
grasp right shot12 (1)
pour-shot-to-used-shaker shot12 ingredient2 shaker1 right l1 l2 (1)
refill-shot shot12 ingredient2 right left dispenser2 (1)
grasp left shaker1 (1)
leave right shot12 (1)
shake cocktail5 ingredient2 ingredient5 shaker1 left right (1)
pour-shaker-to-shot cocktail5 shot7 left shaker1 l2 l1 (1)
grasp right shot8 (1)
empty-shaker left shaker1 cocktail5 l1 l0 (1)
leave left shaker1 (1)
fill-shot shot8 ingredient5 right left dispenser5 (1)
grasp left shaker1 (1)
leave right shot8 (1)
clean-shaker left right shaker1 (1)
leave left shaker1 (1)
grasp right shot8 (1)
pour-shot-to-clean-shaker shot8 ingredient5 shaker1 right l0 l1 (1)
clean-shot shot8 ingredient5 right left (1)
leave right shot8 (1)
grasp right shot12 (1)
pour-shot-to-used-shaker shot12 ingredient2 shaker1 right l1 l2 (1)
refill-shot shot12 ingredient2 right left dispenser2 (1)
grasp left shaker1 (1)
leave right shot12 (1)
shake cocktail7 ingredient2 ingredient5 shaker1 left right (1)
pour-shaker-to-shot cocktail7 shot2 left shaker1 l2 l1 (1)
grasp right shot8 (1)
empty-shaker left shaker1 cocktail7 l1 l0 (1)
leave left shaker1 (1)
fill-shot shot8 ingredient5 right left dispenser5 (1)
grasp left shaker1 (1)
leave right shot8 (1)
clean-shaker left right shaker1 (1)
leave left shaker1 (1)
grasp right shot15 (1)
pour-shot-to-clean-shaker shot15 ingredient1 shaker1 right l0 l1 (1)
leave right shot15 (1)
grasp right shot8 (1)
pour-shot-to-used-shaker shot8 ingredient5 shaker1 right l1 l2 (1)
clean-shot shot8 ingredient5 right left (1)
leave right shot8 (1)
grasp right shot15 (1)
refill-shot shot15 ingredient1 right left dispenser1 (1)
grasp left shaker1 (1)
leave right shot15 (1)
shake cocktail1 ingredient1 ingredient5 shaker1 left right (1)
pour-shaker-to-shot cocktail1 shot8 left shaker1 l2 l1 (1)
empty-shaker left shaker1 cocktail1 l1 l0 (1)
clean-shaker left right shaker1 (1)
grasp right shot15 (1)
pour-shot-to-clean-shaker shot15 ingredient1 shaker1 right l0 l1 (1)
leave right shot15 (1)
grasp right shot12 (1)
leave left shaker1 (1)
pour-shot-to-used-shaker shot12 ingredient2 shaker1 right l1 l2 (1)
refill-shot shot12 ingredient2 right left dispenser2 (1)
leave right shot12 (1)
grasp right shot15 (1)
refill-shot shot15 ingredient1 right left dispenser1 (1)
grasp left shaker1 (1)
leave right shot15 (1)
shake cocktail8 ingredient1 ingredient2 shaker1 left right (1)
pour-shaker-to-shot cocktail8 shot10 left shaker1 l2 l1 (1)
empty-shaker left shaker1 cocktail8 l1 l0 (1)
clean-shaker left right shaker1 (1)
grasp right shot15 (1)
pour-shot-to-clean-shaker shot15 ingredient1 shaker1 right l0 l1 (1)
leave right shot15 (1)
grasp right shot12 (1)
leave left shaker1 (1)
pour-shot-to-used-shaker shot12 ingredient2 shaker1 right l1 l2 (1)
refill-shot shot12 ingredient2 right left dispenser2 (1)
grasp left shaker1 (1)
leave right shot12 (1)
shake cocktail9 ingredient1 ingredient2 shaker1 left right (1)
pour-shaker-to-shot cocktail9 shot4 left shaker1 l2 l1 (1)
[t=1432.88s, 1444032 KB] Plan length: 190 step(s).
[t=1432.88s, 1444032 KB] Plan cost: 190
[t=1432.88s, 1444032 KB] Expanded 3057174 state(s).
[t=1432.88s, 1444032 KB] Reopened 0 state(s).
[t=1432.88s, 1444032 KB] Evaluated 15842392 state(s).
[t=1432.88s, 1444032 KB] Evaluations: 15842392
[t=1432.88s, 1444032 KB] Generated 23980451 state(s).
[t=1432.88s, 1444032 KB] Dead ends: 309135 state(s).
[t=1432.88s, 1444032 KB] Number of registered states: 15842392
[t=1432.88s, 1444032 KB] Int hash set load factor: 15842392/33554432 = 0.47214
[t=1432.88s, 1444032 KB] Int hash set resizes: 25
[t=1432.88s, 1444032 KB] Search time: 1432.85s
[t=1432.88s, 1444032 KB] Total time: 1432.88s
Solution found.
Peak memory: 1444032 KB
Remove intermediate file output.sas
search exit code: 0

INFO     Running validate.
INFO     validate stdin: None
INFO     validate time limit: None
INFO     validate memory limit: None
INFO     validate command line string: /home/henry/bin/validate domain.pddl problem.pddl sas_plan
Checking plan: sas_plan
Plan executed successfully - checking goal
Plan valid
Final value: 190 

Successful plans:
Value: 190
 sas_plan 190 

validate exit code: 0

INFO     Planner time: 1433.46s
