INFO     planner time limit: 1800s
INFO     planner memory limit: 2048 MB

INFO     Running translator.
INFO     translator stdin: None
INFO     translator time limit: 1799s
INFO     translator memory limit: 2048 MB
INFO     translator command line string: /home/henry/Documents/UFRGS/TCC/downward/.venv/bin/python /home/henry/Documents/UFRGS/TCC/downward/experiments/lab/data/main/code-5bb2ccb6957559b6969ffd7e29254c73f84d5e49_e5e41175/builds/release/bin/translate/translate.py domain.pddl problem.pddl --sas-file output.sas
Parsing...
Warning: Atom bond(c3, c4) is specified twice in initial state specification
Parsing: [0.130s CPU, 0.131s wall-clock]
Normalizing task... [0.010s CPU, 0.016s wall-clock]
Instantiating...
Generating Datalog program... [0.020s CPU, 0.016s wall-clock]
Normalizing Datalog program...
Normalizing Datalog program: [0.110s CPU, 0.115s wall-clock]
Preparing model... [0.080s CPU, 0.079s wall-clock]
Generated 6310 rules.
Computing model... [6.080s CPU, 6.086s wall-clock]
262295 relevant atoms
496607 auxiliary atoms
758902 final queue length
1153487 total queue pushes
Completing instantiation... [7.210s CPU, 7.213s wall-clock]
Instantiating: [13.700s CPU, 13.705s wall-clock]
Computing fact groups...
Finding invariants...
1272 initial candidates
Finding invariants: [16.650s CPU, 16.674s wall-clock]
Checking invariant weight... [0.000s CPU, 0.000s wall-clock]
Instantiating groups... [0.000s CPU, 0.000s wall-clock]
Collecting mutex groups... [0.000s CPU, 0.001s wall-clock]
Choosing groups...
5117 uncovered facts
Choosing groups: [0.000s CPU, 0.001s wall-clock]
Building translation key... [0.010s CPU, 0.011s wall-clock]
Computing fact groups: [16.700s CPU, 16.720s wall-clock]
Building STRIPS to SAS dictionary... [0.000s CPU, 0.004s wall-clock]
Building dictionary for full mutex groups... [0.000s CPU, 0.003s wall-clock]
Building mutex information...
Building mutex information: [0.010s CPU, 0.003s wall-clock]
Translating task...
Processing axioms...
Simplifying axioms... [0.000s CPU, 0.000s wall-clock]
Translator axioms removed by simplifying: 0
Computing negative axioms... [0.000s CPU, 0.000s wall-clock]
Processing axioms: [0.280s CPU, 0.287s wall-clock]
Translating task: [8.700s CPU, 8.712s wall-clock]
401879 effect conditions simplified
0 implied preconditions added
Detecting unreachable propositions...
618 operators removed
0 axioms removed
52 propositions removed
Detecting unreachable propositions: [4.970s CPU, 4.973s wall-clock]
Reordering and filtering variables...
4786 of 5091 variables necessary.
0 of 0 mutex groups necessary.
246811 of 250464 operators necessary.
0 of 0 axiom rules necessary.
Reordering and filtering variables: [5.650s CPU, 5.645s wall-clock]
Translator variables: 4786
Translator derived variables: 0
Translator facts: 9572
Translator goal facts: 24
Translator mutex groups: 0
Translator total mutex groups size: 0
Translator operators: 246811
Translator axioms: 0
Translator task size: 1719096
Translator peak memory: 1003444 KB
Writing output... [1.350s CPU, 1.353s wall-clock]
Done! [51.560s CPU, 51.608s wall-clock]
translate exit code: 0

INFO     Running search (release).
INFO     search stdin: output.sas
INFO     search time limit: 1748s
INFO     search memory limit: 2048 MB
INFO     search command line string: /home/henry/Documents/UFRGS/TCC/downward/experiments/lab/data/main/code-5bb2ccb6957559b6969ffd7e29254c73f84d5e49_e5e41175/builds/release/bin/downward --search 'eager_greedy([ff(transform=adapt_costs(cost_type=NORMAL))])' --internal-plan-file sas_plan < output.sas
[t=0s, 10544 KB] reading input...
[t=0.89775s, 90128 KB] done reading input!
[t=0.969663s, 136212 KB] Simplifying 768897 unary operators... done! [673812 unary operators]
[t=1.88082s, 197140 KB] time to simplify: 0.91116s
[t=1.8928s, 197140 KB] Initializing additive heuristic...
[t=1.8928s, 197140 KB] Initializing FF heuristic...
[t=1.8928s, 197140 KB] Building successor generator...done!
[t=1.98073s, 197140 KB] peak memory difference for successor generator creation: 0 KB
[t=1.98073s, 197140 KB] time for successor generation creation: 0.0879294s
[t=1.98073s, 197140 KB] Variables: 4786
[t=1.98073s, 197140 KB] FactPairs: 9572
[t=1.98073s, 197140 KB] Bytes per state: 600
[t=1.98073s, 197140 KB] Conducting best first search without reopening closed nodes, (real) bound = 2147483647
[t=1.99269s, 197140 KB] New best heuristic value for ff(transform=adapt_costs(cost_type=normal)): 286
[t=1.99269s, 197140 KB] g=0, 1 evaluated, 0 expanded
[t=1.99269s, 197140 KB] Initial heuristic value for ff(transform=adapt_costs(cost_type=normal)): 286
[t=1.99269s, 197140 KB] pruning method: none
[t=2.98366s, 197140 KB] New best heuristic value for ff(transform=adapt_costs(cost_type=normal)): 168
[t=2.98366s, 197140 KB] g=7, 454 evaluated, 1 expanded
[t=6.62044s, 197140 KB] New best heuristic value for ff(transform=adapt_costs(cost_type=normal)): 154
[t=6.62044s, 197140 KB] g=14, 2301 evaluated, 2 expanded
[t=6.62843s, 197140 KB] New best heuristic value for ff(transform=adapt_costs(cost_type=normal)): 139
[t=6.62843s, 197140 KB] g=21, 2304 evaluated, 3 expanded
[t=6.6364s, 197140 KB] New best heuristic value for ff(transform=adapt_costs(cost_type=normal)): 127
[t=6.6364s, 197140 KB] g=21, 2305 evaluated, 3 expanded
[t=6.64439s, 197140 KB] New best heuristic value for ff(transform=adapt_costs(cost_type=normal)): 120
[t=6.64439s, 197140 KB] g=28, 2306 evaluated, 4 expanded
[t=6.65237s, 197140 KB] New best heuristic value for ff(transform=adapt_costs(cost_type=normal)): 113
[t=6.65237s, 197140 KB] g=35, 2307 evaluated, 5 expanded
[t=6.65637s, 197140 KB] New best heuristic value for ff(transform=adapt_costs(cost_type=normal)): 106
[t=6.65637s, 197140 KB] g=42, 2308 evaluated, 6 expanded
[t=6.66436s, 197140 KB] New best heuristic value for ff(transform=adapt_costs(cost_type=normal)): 99
[t=6.66436s, 197140 KB] g=49, 2309 evaluated, 7 expanded
[t=6.67235s, 197140 KB] New best heuristic value for ff(transform=adapt_costs(cost_type=normal)): 92
[t=6.67235s, 197140 KB] g=56, 2310 evaluated, 8 expanded
[t=6.67635s, 197140 KB] New best heuristic value for ff(transform=adapt_costs(cost_type=normal)): 85
[t=6.67635s, 197140 KB] g=63, 2311 evaluated, 9 expanded
[t=6.68433s, 197140 KB] New best heuristic value for ff(transform=adapt_costs(cost_type=normal)): 78
[t=6.68433s, 197140 KB] g=70, 2312 evaluated, 10 expanded
[t=6.69233s, 197140 KB] New best heuristic value for ff(transform=adapt_costs(cost_type=normal)): 71
[t=6.69233s, 197140 KB] g=77, 2313 evaluated, 11 expanded
[t=6.71231s, 197140 KB] New best heuristic value for ff(transform=adapt_costs(cost_type=normal)): 64
[t=6.71231s, 197140 KB] g=84, 2316 evaluated, 12 expanded
[t=6.71632s, 197140 KB] New best heuristic value for ff(transform=adapt_costs(cost_type=normal)): 58
[t=6.71632s, 197140 KB] g=90, 2317 evaluated, 13 expanded
[t=6.7243s, 197140 KB] New best heuristic value for ff(transform=adapt_costs(cost_type=normal)): 52
[t=6.7243s, 197140 KB] g=96, 2318 evaluated, 14 expanded
[t=6.72831s, 197140 KB] New best heuristic value for ff(transform=adapt_costs(cost_type=normal)): 46
[t=6.72831s, 197140 KB] g=102, 2319 evaluated, 15 expanded
[t=6.73627s, 197140 KB] New best heuristic value for ff(transform=adapt_costs(cost_type=normal)): 40
[t=6.73627s, 197140 KB] g=108, 2320 evaluated, 16 expanded
[t=8.01126s, 197140 KB] New best heuristic value for ff(transform=adapt_costs(cost_type=normal)): 36
[t=8.01126s, 197140 KB] g=104, 2528 evaluated, 137 expanded
[t=8.02724s, 197140 KB] New best heuristic value for ff(transform=adapt_costs(cost_type=normal)): 34
[t=8.02724s, 197140 KB] g=106, 2531 evaluated, 138 expanded
[t=8.03525s, 197140 KB] New best heuristic value for ff(transform=adapt_costs(cost_type=normal)): 32
[t=8.03525s, 197140 KB] g=108, 2532 evaluated, 139 expanded
[t=8.04324s, 197140 KB] New best heuristic value for ff(transform=adapt_costs(cost_type=normal)): 30
[t=8.04324s, 197140 KB] g=110, 2533 evaluated, 140 expanded
[t=8.05121s, 197140 KB] New best heuristic value for ff(transform=adapt_costs(cost_type=normal)): 28
[t=8.05121s, 197140 KB] g=112, 2534 evaluated, 141 expanded
[t=8.05922s, 197140 KB] New best heuristic value for ff(transform=adapt_costs(cost_type=normal)): 26
[t=8.05922s, 197140 KB] g=114, 2535 evaluated, 142 expanded
[t=18.7815s, 197140 KB] New best heuristic value for ff(transform=adapt_costs(cost_type=normal)): 22
[t=18.7815s, 197140 KB] g=230, 5861 evaluated, 798 expanded
[t=18.7815s, 197140 KB] New best heuristic value for ff(transform=adapt_costs(cost_type=normal)): 20
[t=18.7815s, 197140 KB] g=232, 5862 evaluated, 799 expanded
[t=18.7855s, 197140 KB] New best heuristic value for ff(transform=adapt_costs(cost_type=normal)): 18
[t=18.7855s, 197140 KB] g=234, 5863 evaluated, 800 expanded
[t=18.7895s, 197140 KB] New best heuristic value for ff(transform=adapt_costs(cost_type=normal)): 16
[t=18.7895s, 197140 KB] g=236, 5864 evaluated, 801 expanded
[t=18.7895s, 197140 KB] New best heuristic value for ff(transform=adapt_costs(cost_type=normal)): 14
[t=18.7895s, 197140 KB] g=238, 5865 evaluated, 802 expanded
[t=18.7935s, 197140 KB] New best heuristic value for ff(transform=adapt_costs(cost_type=normal)): 12
[t=18.7935s, 197140 KB] g=240, 5866 evaluated, 803 expanded
[t=18.8255s, 197140 KB] New best heuristic value for ff(transform=adapt_costs(cost_type=normal)): 10
[t=18.8255s, 197140 KB] g=242, 5875 evaluated, 811 expanded
[t=165.94s, 201164 KB] New best heuristic value for ff(transform=adapt_costs(cost_type=normal)): 8
[t=165.94s, 201164 KB] g=370, 65540 evaluated, 6662 expanded
[t=165.94s, 201164 KB] New best heuristic value for ff(transform=adapt_costs(cost_type=normal)): 6
[t=165.94s, 201164 KB] g=372, 65541 evaluated, 6663 expanded
[t=165.944s, 201164 KB] New best heuristic value for ff(transform=adapt_costs(cost_type=normal)): 4
[t=165.944s, 201164 KB] g=374, 65542 evaluated, 6664 expanded
[t=165.948s, 201164 KB] New best heuristic value for ff(transform=adapt_costs(cost_type=normal)): 2
[t=165.948s, 201164 KB] g=376, 65543 evaluated, 6665 expanded
[t=165.948s, 201164 KB] New best heuristic value for ff(transform=adapt_costs(cost_type=normal)): 0
[t=165.948s, 201164 KB] g=378, 65544 evaluated, 6666 expanded
[t=165.948s, 201164 KB] Solution found!
[t=165.948s, 201164 KB] Actual search time: 163.955s
claisencondensation_1 c4 c3 (7)
claisencondensation_2 o5 na2 (7)
claisencondensation_3 c7 o4 (7)
claisencondensation_4 o3 c7 (7)
claisencondensation_5 c7 o3 (7)
claisencondensation_6 o3 c6 (7)
claisencondensation_7 o3 o4 (7)
claisencondensation_8 o2 c3 (7)
claisencondensation_9 o1 c3 (7)
claisencondensation_10 o1 c2 (7)
claisencondensation_11 h7 c4 (7)
claisencondensation_12 o1 o2 (7)
claisencondensation_13 o3 o5 (6)
claisencondensation_14 o5 na2 (6)
claisencondensation_15 o3 c7 (6)
claisencondensation_16 h7 c4 (6)
claisencondensation_17 c4 c7 (6)
claisencondensation_18 o3 na2 (6)
claisencondensation_19 o5 h7 (6)
decarboxylationofbetaketoesters_1 c4 c7 (5)
decarboxylationofbetaketoesters_2 c4 c3 (5)
decarboxylationofbetaketoesters_3 c7 c8 (5)
decarboxylationofbetaketoesters_4 h27 h7 (5)
decarboxylationofbetaketoesters_5 o1 c2 (5)
decarboxylationofbetaketoesters_6 c3 o2 (5)
decarboxylationofbetaketoesters_7 o4 c7 (5)
decarboxylationofbetaketoesters_8 c2 c7 (5)
decarboxylationofbetaketoesters_9 c4 c8 (5)
decarboxylationofbetaketoesters_10 c2 c8 (5)
decarboxylationofbetaketoesters_11 c3 c2 (5)
decarboxylationofbetaketoesters_12 c4 c2 (5)
decarboxylationofbetaketoesters_13 c3 c8 (5)
decarboxylationofbetaketoesters_14 c3 c7 (5)
decarboxylationofbetaketoesters_15 o1 o2 (5)
decarboxylationofbetaketoesters_16 o2 o4 (5)
decarboxylationofbetaketoesters_17 o1 o4 (5)
decarboxylationofbetaketoesters_18 o5 h7 (5)
decarboxylationofbetaketoesters_19 o5 h27 (4)
decarboxylationofbetaketoesters_20 o1 o5 (4)
decarboxylationofbetaketoesters_21 o1 c3 (4)
decarboxylationofbetaketoesters_22 o5 c3 (4)
decarboxylationofbetaketoesters_23 c4 c3 (4)
decarboxylationofbetaketoesters_24 o5 h27 (4)
decarboxylationofbetaketoesters_25 o5 h7 (4)
decarboxylationofbetaketoesters_26 h27 c4 (4)
decarboxylationofbetaketoesters_27 o1 h7 (4)
enolatecalkylation_1 c4 c7 (3)
enolatecalkylation_2 c9 c10 (3)
enolatecalkylation_3 c11 c10 (3)
enolatecalkylation_4 c11 c12 (3)
enolatecalkylation_5 c13 c12 (3)
enolatecalkylation_6 c104 c100 (3)
enolatecalkylation_7 c104 c101 (3)
enolatecalkylation_8 c103 c105 (3)
enolatecalkylation_9 c102 c105 (3)
enolatecalkylation_10 br2 br1 (3)
enolatecalkylation_11 c13 c9 (3)
enolatecalkylation_12 n c105 (3)
enolatecalkylation_13 n c104 (3)
enolatecalkylation_14 c100 c101 (3)
enolatecalkylation_15 c101 c103 (3)
enolatecalkylation_16 c101 c102 (3)
enolatecalkylation_17 c104 c105 (3)
enolatecalkylation_18 c100 c105 (3)
enolatecalkylation_19 c100 c102 (3)
enolatecalkylation_20 c100 c103 (3)
enolatecalkylation_21 c103 c102 (3)
enolatecalkylation_22 c104 c103 (3)
enolatecalkylation_23 c101 c105 (3)
enolatecalkylation_24 c104 c102 (3)
enolatecalkylation_25 c9 br1 (3)
enolatecalkylation_26 c13 br2 (3)
enolatecalkylation_27 c9 c11 (3)
enolatecalkylation_28 c13 c10 (3)
enolatecalkylation_29 c13 c11 (3)
enolatecalkylation_30 c10 c12 (3)
enolatecalkylation_31 c9 c12 (3)
enolatecalkylation_32 c4 h27 (3)
enolatecalkylation_33 c7 c4 (2)
enolatecalkylation_34 c7 o4 (2)
enolatecalkylation_35 h27 c4 (2)
enolatecalkylation_36 h8 c4 (2)
enolatecalkylation_37 h8 h27 (2)
enolatecalkylation_38 h27 c4 (2)
enolatecalkylation_39 li n (2)
enolatecalkylation_40 c13 br2 (2)
enolatecalkylation_41 c9 br1 (2)
enolatecalkylation_42 h27 c4 (2)
enolatecalkylation_43 h8 c4 (2)
enolatecalkylation_44 c4 c9 (2)
enolatecalkylation_45 c13 c4 (2)
enolatecalkylation_46 h8 n (2)
enolatecalkylation_47 li br2 (2)
[t=165.948s, 201164 KB] Plan length: 93 step(s).
[t=165.948s, 201164 KB] Plan cost: 378
[t=165.948s, 201164 KB] Expanded 6667 state(s).
[t=165.948s, 201164 KB] Reopened 0 state(s).
[t=165.948s, 201164 KB] Evaluated 65544 state(s).
[t=165.948s, 201164 KB] Evaluations: 65544
[t=165.948s, 201164 KB] Generated 69429 state(s).
[t=165.948s, 201164 KB] Dead ends: 58613 state(s).
[t=165.948s, 201164 KB] Number of registered states: 65544
[t=165.948s, 201164 KB] Int hash set load factor: 65544/131072 = 0.500061
[t=165.948s, 201164 KB] Int hash set resizes: 17
[t=165.948s, 201164 KB] Search time: 163.967s
[t=165.948s, 201164 KB] Total time: 165.948s
Solution found.
Peak memory: 201164 KB
Remove intermediate file output.sas
search exit code: 0

INFO     Running validate.
INFO     validate stdin: None
INFO     validate time limit: None
INFO     validate memory limit: None
INFO     validate command line string: /home/henry/bin/validate domain.pddl problem.pddl sas_plan
Checking plan: sas_plan
Plan executed successfully - checking goal
Plan valid
Final value: 378 

Successful plans:
Value: 378
 sas_plan 378 

validate exit code: 0

INFO     Planner time: 217.94s
