INFO     planner time limit: 1800s
INFO     planner memory limit: 2048 MB

INFO     Running translator.
INFO     translator stdin: None
INFO     translator time limit: 1799s
INFO     translator memory limit: 2048 MB
INFO     translator command line string: /home/henry/Documents/UFRGS/TCC/downward/.venv/bin/python /home/henry/Documents/UFRGS/TCC/downward/experiments/lab/data/main/code-5bb2ccb6957559b6969ffd7e29254c73f84d5e49_e5e41175/builds/release/bin/translate/translate.py domain.pddl problem.pddl --sas-file output.sas
Parsing...
Parsing: [0.000s CPU, 0.002s wall-clock]
Normalizing task... [0.000s CPU, 0.000s wall-clock]
Instantiating...
Generating Datalog program... [0.000s CPU, 0.001s wall-clock]
Normalizing Datalog program...
Normalizing Datalog program: [0.000s CPU, 0.003s wall-clock]
Preparing model... [0.010s CPU, 0.002s wall-clock]
Generated 115 rules.
Computing model... [0.040s CPU, 0.034s wall-clock]
3296 relevant atoms
3425 auxiliary atoms
6721 final queue length
11595 total queue pushes
Completing instantiation... [0.060s CPU, 0.069s wall-clock]
Instantiating: [0.110s CPU, 0.111s wall-clock]
Computing fact groups...
Finding invariants...
24 initial candidates
Finding invariants: [0.020s CPU, 0.011s wall-clock]
Checking invariant weight... [0.000s CPU, 0.000s wall-clock]
Instantiating groups... [0.000s CPU, 0.001s wall-clock]
Collecting mutex groups... [0.000s CPU, 0.000s wall-clock]
Choosing groups...
350 uncovered facts
Choosing groups: [0.000s CPU, 0.000s wall-clock]
Building translation key... [0.000s CPU, 0.001s wall-clock]
Computing fact groups: [0.020s CPU, 0.014s wall-clock]
Building STRIPS to SAS dictionary... [0.000s CPU, 0.000s wall-clock]
Building dictionary for full mutex groups... [0.000s CPU, 0.000s wall-clock]
Building mutex information...
Building mutex information: [0.000s CPU, 0.000s wall-clock]
Translating task...
Processing axioms...
Simplifying axioms... [0.000s CPU, 0.000s wall-clock]
Translator axioms removed by simplifying: 0
Computing negative axioms... [0.000s CPU, 0.000s wall-clock]
Processing axioms: [0.000s CPU, 0.004s wall-clock]
Translating task: [0.080s CPU, 0.080s wall-clock]
3920 effect conditions simplified
0 implied preconditions added
Detecting unreachable propositions...
0 operators removed
0 axioms removed
3 propositions removed
Detecting unreachable propositions: [0.060s CPU, 0.054s wall-clock]
Reordering and filtering variables...
353 of 353 variables necessary.
16 of 19 mutex groups necessary.
2344 of 2344 operators necessary.
0 of 0 axiom rules necessary.
Reordering and filtering variables: [0.020s CPU, 0.023s wall-clock]
Translator variables: 353
Translator derived variables: 0
Translator facts: 737
Translator goal facts: 14
Translator mutex groups: 16
Translator total mutex groups size: 48
Translator operators: 2344
Translator axioms: 0
Translator task size: 22454
Translator peak memory: 45716 KB
Writing output... [0.010s CPU, 0.017s wall-clock]
Done! [0.310s CPU, 0.307s wall-clock]
translate exit code: 0

INFO     Running search (release).
INFO     search stdin: output.sas
INFO     search time limit: 1799s
INFO     search memory limit: 2048 MB
INFO     search command line string: /home/henry/Documents/UFRGS/TCC/downward/experiments/lab/data/main/code-5bb2ccb6957559b6969ffd7e29254c73f84d5e49_e5e41175/builds/release/bin/downward --search 'eager_greedy([ff(transform=adapt_costs(cost_type=NORMAL))])' --internal-plan-file sas_plan < output.sas
[t=0s, 10544 KB] reading input...
[t=0.011242s, 11556 KB] done reading input!
[t=0.011242s, 12520 KB] Simplifying 8582 unary operators... done! [7402 unary operators]
[t=0.015248s, 13048 KB] time to simplify: 0.00400607s
[t=0.015248s, 13048 KB] Initializing additive heuristic...
[t=0.015248s, 13048 KB] Initializing FF heuristic...
[t=0.015248s, 13048 KB] Building successor generator...done!
[t=0.0192331s, 13048 KB] peak memory difference for successor generator creation: 0 KB
[t=0.0192331s, 13048 KB] time for successor generation creation: 0.00398504s
[t=0.0192331s, 13048 KB] Variables: 353
[t=0.0192331s, 13048 KB] FactPairs: 737
[t=0.0192331s, 13048 KB] Bytes per state: 48
[t=0.0192331s, 13048 KB] Conducting best first search without reopening closed nodes, (real) bound = 2147483647
[t=0.0192331s, 13048 KB] New best heuristic value for ff(transform=adapt_costs(cost_type=normal)): 81
[t=0.0192331s, 13048 KB] g=0, 1 evaluated, 0 expanded
[t=0.0192331s, 13048 KB] Initial heuristic value for ff(transform=adapt_costs(cost_type=normal)): 81
[t=0.0192331s, 13048 KB] pruning method: none
[t=0.0192331s, 13048 KB] New best heuristic value for ff(transform=adapt_costs(cost_type=normal)): 71
[t=0.0192331s, 13048 KB] g=1, 14 evaluated, 1 expanded
[t=0.0192331s, 13048 KB] New best heuristic value for ff(transform=adapt_costs(cost_type=normal)): 70
[t=0.0192331s, 13048 KB] g=1, 15 evaluated, 1 expanded
[t=0.0232394s, 13048 KB] New best heuristic value for ff(transform=adapt_costs(cost_type=normal)): 61
[t=0.0232394s, 13048 KB] g=11, 51 evaluated, 2 expanded
[t=0.0312264s, 13048 KB] New best heuristic value for ff(transform=adapt_costs(cost_type=normal)): 54
[t=0.0312264s, 13048 KB] g=23, 172 evaluated, 21 expanded
[t=0.0352301s, 13048 KB] New best heuristic value for ff(transform=adapt_costs(cost_type=normal)): 51
[t=0.0352301s, 13048 KB] g=24, 194 evaluated, 22 expanded
[t=0.0352301s, 13048 KB] New best heuristic value for ff(transform=adapt_costs(cost_type=normal)): 50
[t=0.0352301s, 13048 KB] g=25, 209 evaluated, 23 expanded
[t=0.0352301s, 13048 KB] New best heuristic value for ff(transform=adapt_costs(cost_type=normal)): 43
[t=0.0352301s, 13048 KB] g=35, 227 evaluated, 24 expanded
[t=0.0392199s, 13048 KB] New best heuristic value for ff(transform=adapt_costs(cost_type=normal)): 41
[t=0.0392199s, 13048 KB] g=36, 249 evaluated, 25 expanded
[t=0.0392199s, 13048 KB] New best heuristic value for ff(transform=adapt_costs(cost_type=normal)): 40
[t=0.0392199s, 13048 KB] g=37, 264 evaluated, 26 expanded
[t=0.0392199s, 13048 KB] New best heuristic value for ff(transform=adapt_costs(cost_type=normal)): 32
[t=0.0392199s, 13048 KB] g=47, 283 evaluated, 27 expanded
[t=0.187099s, 13048 KB] New best heuristic value for ff(transform=adapt_costs(cost_type=normal)): 31
[t=0.187099s, 13048 KB] g=65, 1991 evaluated, 211 expanded
[t=0.191084s, 13048 KB] New best heuristic value for ff(transform=adapt_costs(cost_type=normal)): 29
[t=0.191084s, 13048 KB] g=67, 2013 evaluated, 213 expanded
Peak memory: 1759052 KB
caught signal 24 -- exiting
Time limit has been reached.
Remove intermediate file output.sas
search exit code: 23

Driver aborting after search
INFO     Planner time: 1797.78s
