INFO     planner time limit: 1800s
INFO     planner memory limit: 2048 MB

INFO     Running translator.
INFO     translator stdin: None
INFO     translator time limit: 1799s
INFO     translator memory limit: 2048 MB
INFO     translator command line string: /home/henry/Documents/UFRGS/TCC/downward/.venv/bin/python /home/henry/Documents/UFRGS/TCC/downward/experiments/lab/data/main/code-5bb2ccb6957559b6969ffd7e29254c73f84d5e49_e5e41175/builds/release/bin/translate/translate.py domain.pddl problem.pddl --sas-file output.sas
Parsing...
Parsing: [0.000s CPU, 0.005s wall-clock]
Normalizing task... [0.000s CPU, 0.000s wall-clock]
Instantiating...
Generating Datalog program... [0.000s CPU, 0.002s wall-clock]
Normalizing Datalog program...
Normalizing Datalog program: [0.000s CPU, 0.002s wall-clock]
Preparing model... [0.010s CPU, 0.006s wall-clock]
Generated 46 rules.
Computing model... [0.300s CPU, 0.304s wall-clock]
43792 relevant atoms
18594 auxiliary atoms
62386 final queue length
139002 total queue pushes
Completing instantiation... [1.360s CPU, 1.361s wall-clock]
Instantiating: [1.680s CPU, 1.683s wall-clock]
Computing fact groups...
Finding invariants...
12 initial candidates
Finding invariants: [0.010s CPU, 0.014s wall-clock]
Checking invariant weight... [0.000s CPU, 0.000s wall-clock]
Instantiating groups... [0.010s CPU, 0.008s wall-clock]
Collecting mutex groups... [0.000s CPU, 0.001s wall-clock]
Choosing groups...
0 uncovered facts
Choosing groups: [0.000s CPU, 0.003s wall-clock]
Building translation key... [0.000s CPU, 0.002s wall-clock]
Computing fact groups: [0.030s CPU, 0.036s wall-clock]
Building STRIPS to SAS dictionary... [0.010s CPU, 0.001s wall-clock]
Building dictionary for full mutex groups... [0.000s CPU, 0.001s wall-clock]
Building mutex information...
Building mutex information: [0.000s CPU, 0.000s wall-clock]
Translating task...
Processing axioms...
Simplifying axioms... [0.000s CPU, 0.000s wall-clock]
Translator axioms removed by simplifying: 0
Computing negative axioms... [0.000s CPU, 0.000s wall-clock]
Processing axioms: [0.050s CPU, 0.049s wall-clock]
Translating task: [0.940s CPU, 0.947s wall-clock]
0 effect conditions simplified
0 implied preconditions added
Detecting unreachable propositions...
0 operators removed
0 axioms removed
66 propositions removed
Detecting unreachable propositions: [0.600s CPU, 0.604s wall-clock]
Reordering and filtering variables...
66 of 66 variables necessary.
0 of 66 mutex groups necessary.
39928 of 39928 operators necessary.
0 of 0 axiom rules necessary.
Reordering and filtering variables: [0.130s CPU, 0.119s wall-clock]
Translator variables: 66
Translator derived variables: 0
Translator facts: 2578
Translator goal facts: 50
Translator mutex groups: 0
Translator total mutex groups size: 0
Translator operators: 39928
Translator axioms: 0
Translator task size: 240078
Translator peak memory: 191796 KB
Writing output... [0.170s CPU, 0.170s wall-clock]
Done! [3.610s CPU, 3.621s wall-clock]
translate exit code: 0

INFO     Running search (release).
INFO     search stdin: output.sas
INFO     search time limit: 1796s
INFO     search memory limit: 2048 MB
INFO     search command line string: /home/henry/Documents/UFRGS/TCC/downward/experiments/lab/data/main/code-5bb2ccb6957559b6969ffd7e29254c73f84d5e49_e5e41175/builds/release/bin/downward --search 'eager_greedy([ff(transform=adapt_costs(cost_type=NORMAL))])' --internal-plan-file sas_plan < output.sas
[t=0s, 10544 KB] reading input...
[t=0.107798s, 21416 KB] done reading input!
[t=0.115804s, 26292 KB] Simplifying 79128 unary operators... done! [79128 unary operators]
[t=0.16777s, 33312 KB] time to simplify: 0.051966s
[t=0.16777s, 33312 KB] Initializing additive heuristic...
[t=0.16777s, 33312 KB] Initializing FF heuristic...
[t=0.16777s, 33312 KB] Building successor generator...done!
[t=0.183754s, 35028 KB] peak memory difference for successor generator creation: 1716 KB
[t=0.183754s, 35028 KB] time for successor generation creation: 0.015984s
[t=0.183754s, 35028 KB] Variables: 66
[t=0.183754s, 35028 KB] FactPairs: 2578
[t=0.183754s, 35028 KB] Bytes per state: 48
[t=0.183754s, 35028 KB] Conducting best first search without reopening closed nodes, (real) bound = 2147483647
[t=0.187739s, 35028 KB] New best heuristic value for ff(transform=adapt_costs(cost_type=normal)): 370
[t=0.187739s, 35028 KB] g=0, 1 evaluated, 0 expanded
[t=0.187739s, 35028 KB] Initial heuristic value for ff(transform=adapt_costs(cost_type=normal)): 370
[t=0.187739s, 35028 KB] pruning method: none
[t=0.187739s, 35028 KB] New best heuristic value for ff(transform=adapt_costs(cost_type=normal)): 363
[t=0.187739s, 35028 KB] g=12, 4 evaluated, 1 expanded
[t=0.191742s, 35028 KB] New best heuristic value for ff(transform=adapt_costs(cost_type=normal)): 358
[t=0.191742s, 35028 KB] g=11, 5 evaluated, 1 expanded
[t=0.191742s, 35028 KB] New best heuristic value for ff(transform=adapt_costs(cost_type=normal)): 355
[t=0.191742s, 35028 KB] g=10, 6 evaluated, 1 expanded
[t=0.191742s, 35028 KB] New best heuristic value for ff(transform=adapt_costs(cost_type=normal)): 338
[t=0.191742s, 35028 KB] g=9, 7 evaluated, 1 expanded
[t=0.283672s, 35028 KB] New best heuristic value for ff(transform=adapt_costs(cost_type=normal)): 332
[t=0.283672s, 35028 KB] g=15, 83 evaluated, 2 expanded
[t=0.283672s, 35028 KB] New best heuristic value for ff(transform=adapt_costs(cost_type=normal)): 328
[t=0.283672s, 35028 KB] g=16, 84 evaluated, 2 expanded
[t=0.287672s, 35028 KB] New best heuristic value for ff(transform=adapt_costs(cost_type=normal)): 324
[t=0.287672s, 35028 KB] g=18, 86 evaluated, 2 expanded
[t=0.311648s, 35028 KB] New best heuristic value for ff(transform=adapt_costs(cost_type=normal)): 323
[t=0.311648s, 35028 KB] g=17, 108 evaluated, 2 expanded
[t=0.311648s, 35028 KB] New best heuristic value for ff(transform=adapt_costs(cost_type=normal)): 306
[t=0.311648s, 35028 KB] g=18, 109 evaluated, 2 expanded
[t=0.375604s, 35028 KB] New best heuristic value for ff(transform=adapt_costs(cost_type=normal)): 300
[t=0.375604s, 35028 KB] g=24, 162 evaluated, 3 expanded
[t=0.375604s, 35028 KB] New best heuristic value for ff(transform=adapt_costs(cost_type=normal)): 296
[t=0.375604s, 35028 KB] g=25, 163 evaluated, 3 expanded
[t=0.379579s, 35028 KB] New best heuristic value for ff(transform=adapt_costs(cost_type=normal)): 292
[t=0.379579s, 35028 KB] g=27, 165 evaluated, 3 expanded
[t=0.827221s, 35028 KB] New best heuristic value for ff(transform=adapt_costs(cost_type=normal)): 289
[t=0.827221s, 35028 KB] g=34, 540 evaluated, 8 expanded
[t=0.827221s, 35028 KB] New best heuristic value for ff(transform=adapt_costs(cost_type=normal)): 286
[t=0.827221s, 35028 KB] g=33, 542 evaluated, 8 expanded
[t=37.376s, 35600 KB] New best heuristic value for ff(transform=adapt_costs(cost_type=normal)): 276
[t=37.376s, 35600 KB] g=154, 30622 evaluated, 566 expanded
[t=70.4151s, 37228 KB] New best heuristic value for ff(transform=adapt_costs(cost_type=normal)): 266
[t=70.4151s, 37228 KB] g=185, 57467 evaluated, 1059 expanded
Peak memory: 153336 KB
caught signal 24 -- exiting
Time limit has been reached.
Remove intermediate file output.sas
search exit code: 23

Driver aborting after search
INFO     Planner time: 1798.17s
