INFO     planner time limit: 1800s
INFO     planner memory limit: 2048 MB

INFO     Running translator.
INFO     translator stdin: None
INFO     translator time limit: 1799s
INFO     translator memory limit: 2048 MB
INFO     translator command line string: /home/henry/Documents/UFRGS/TCC/downward/.venv/bin/python /home/henry/Documents/UFRGS/TCC/downward/experiments/lab/data/main/code-5bb2ccb6957559b6969ffd7e29254c73f84d5e49_e5e41175/builds/release/bin/translate/translate.py domain.pddl problem.pddl --sas-file output.sas
Parsing...
Parsing: [0.000s CPU, 0.003s wall-clock]
Normalizing task... [0.000s CPU, 0.000s wall-clock]
Instantiating...
Generating Datalog program... [0.000s CPU, 0.001s wall-clock]
Normalizing Datalog program...
Normalizing Datalog program: [0.000s CPU, 0.003s wall-clock]
Preparing model... [0.000s CPU, 0.002s wall-clock]
Generated 79 rules.
Computing model... [1.490s CPU, 1.488s wall-clock]
136117 relevant atoms
50020 auxiliary atoms
186137 final queue length
578231 total queue pushes
Completing instantiation... [4.120s CPU, 4.120s wall-clock]
Instantiating: [5.670s CPU, 5.675s wall-clock]
Computing fact groups...
Finding invariants...
14 initial candidates
Finding invariants: [0.150s CPU, 0.152s wall-clock]
Checking invariant weight... [0.000s CPU, 0.000s wall-clock]
Instantiating groups... [0.000s CPU, 0.000s wall-clock]
Collecting mutex groups... [0.000s CPU, 0.001s wall-clock]
Choosing groups...
3040 uncovered facts
Choosing groups: [0.000s CPU, 0.001s wall-clock]
Building translation key... [0.010s CPU, 0.009s wall-clock]
Computing fact groups: [0.180s CPU, 0.184s wall-clock]
Building STRIPS to SAS dictionary... [0.010s CPU, 0.003s wall-clock]
Building dictionary for full mutex groups... [0.000s CPU, 0.003s wall-clock]
Building mutex information...
Building mutex information: [0.000s CPU, 0.003s wall-clock]
Translating task...
Processing axioms...
Simplifying axioms... [0.000s CPU, 0.000s wall-clock]
Translator axioms removed by simplifying: 0
Computing negative axioms... [0.000s CPU, 0.000s wall-clock]
Processing axioms: [0.100s CPU, 0.095s wall-clock]
Translating task: [2.690s CPU, 2.696s wall-clock]
120488 effect conditions simplified
0 implied preconditions added
Detecting unreachable propositions...
0 operators removed
0 axioms removed
4 propositions removed
Detecting unreachable propositions: [1.620s CPU, 1.619s wall-clock]
Reordering and filtering variables...
3044 of 3044 variables necessary.
0 of 4 mutex groups necessary.
48648 of 48648 operators necessary.
0 of 0 axiom rules necessary.
Reordering and filtering variables: [1.360s CPU, 1.363s wall-clock]
Translator variables: 3044
Translator derived variables: 0
Translator facts: 6304
Translator goal facts: 28
Translator mutex groups: 0
Translator total mutex groups size: 0
Translator operators: 48648
Translator axioms: 0
Translator task size: 419800
Translator peak memory: 308024 KB
Writing output... [0.350s CPU, 0.358s wall-clock]
Done! [12.030s CPU, 12.053s wall-clock]
translate exit code: 0

INFO     Running search (release).
INFO     search stdin: output.sas
INFO     search time limit: 1787s
INFO     search memory limit: 2048 MB
INFO     search command line string: /home/henry/Documents/UFRGS/TCC/downward/experiments/lab/data/main/code-5bb2ccb6957559b6969ffd7e29254c73f84d5e49_e5e41175/builds/release/bin/downward --search 'eager_greedy([operatorcounting(constraint_generators=[pho_constraints(patterns=systematic(2))], use_integer_operator_counts=false, transform=adapt_costs(cost_type=NORMAL))])' --internal-plan-file sas_plan < output.sas
[t=0s, 45596 KB] reading input...
[t=0.235713s, 65176 KB] done reading input!
[t=0.237757s, 68620 KB] Generating patterns using: systematic pattern collection generator
[t=0.237757s, 68620 KB] building causal graph...done! [t=0.211726s]
[t=0.553381s, 90108 KB] Found 11974 SGA patterns.
[t=0.909074s, 90108 KB] Found 11974 interesting patterns.
[t=0.909074s, 90108 KB] systematic pattern collection generator number of patterns: 11974
[t=0.913084s, 90108 KB] systematic pattern collection generator total PDB size: 59936
[t=0.913084s, 90108 KB] systematic pattern collection generator computation time: 0.671317s
[t=0.913084s, 90108 KB] Computing PDBs for pattern collection...
[t=123.771s, 90108 KB] Done computing PDBs for pattern collection: 122.858s
[t=157.467s, 1222040 KB] Building successor generator...done!
[t=157.487s, 1222040 KB] peak memory difference for successor generator creation: 0 KB
[t=157.487s, 1222040 KB] time for successor generation creation: 0.0199676s
[t=157.487s, 1222040 KB] Variables: 3044
[t=157.487s, 1222040 KB] FactPairs: 6304
[t=157.487s, 1222040 KB] Bytes per state: 384
[t=157.487s, 1222040 KB] Conducting best first search without reopening closed nodes, (real) bound = 2147483647
[t=160.506s, 1767176 KB] New best heuristic value for operatorcounting(constraint_generators=[pho_constraints(patterns=systematic(2))],use_integer_operator_counts=false,transform=adapt_costs(cost_type=normal)): 7
[t=160.506s, 1767176 KB] g=0, 1 evaluated, 0 expanded
[t=160.506s, 1767176 KB] Initial heuristic value for operatorcounting(constraint_generators=[pho_constraints(patterns=systematic(2))],use_integer_operator_counts=false,transform=adapt_costs(cost_type=normal)): 7
[t=160.506s, 1767176 KB] pruning method: none
[t=165.867s, 1767176 KB] New best heuristic value for operatorcounting(constraint_generators=[pho_constraints(patterns=systematic(2))],use_integer_operator_counts=false,transform=adapt_costs(cost_type=normal)): 6
[t=165.867s, 1767176 KB] g=3, 6 evaluated, 1 expanded
[t=390.684s, 1767176 KB] New best heuristic value for operatorcounting(constraint_generators=[pho_constraints(patterns=systematic(2))],use_integer_operator_counts=false,transform=adapt_costs(cost_type=normal)): 5
[t=390.684s, 1767176 KB] g=12, 168 evaluated, 23 expanded
Peak memory: 1767176 KB
caught signal 24 -- exiting
Time limit has been reached.
Remove intermediate file output.sas
search exit code: 23

Driver aborting after search
INFO     Planner time: 1796.70s
