INFO     planner time limit: 1800s
INFO     planner memory limit: 2048 MB

INFO     Running translator.
INFO     translator stdin: None
INFO     translator time limit: 1799s
INFO     translator memory limit: 2048 MB
INFO     translator command line string: /home/henry/Documents/UFRGS/TCC/downward/.venv/bin/python /home/henry/Documents/UFRGS/TCC/downward/experiments/lab/data/main/code-5bb2ccb6957559b6969ffd7e29254c73f84d5e49_e5e41175/builds/release/bin/translate/translate.py domain.pddl problem.pddl --sas-file output.sas
Parsing...
Parsing: [0.050s CPU, 0.051s wall-clock]
Normalizing task... [0.010s CPU, 0.006s wall-clock]
Instantiating...
Generating Datalog program... [0.010s CPU, 0.011s wall-clock]
Normalizing Datalog program...
Normalizing Datalog program: [0.040s CPU, 0.044s wall-clock]
Preparing model... [0.030s CPU, 0.037s wall-clock]
Generated 2172 rules.
Computing model... [4.040s CPU, 4.032s wall-clock]
151549 relevant atoms
220592 auxiliary atoms
372141 final queue length
663201 total queue pushes
Completing instantiation... [6.690s CPU, 6.700s wall-clock]
Instantiating: [11.000s CPU, 11.020s wall-clock]
Computing fact groups...
Finding invariants...
10 initial candidates
Finding invariants: [0.080s CPU, 0.082s wall-clock]
Checking invariant weight... [0.000s CPU, 0.004s wall-clock]
Instantiating groups... [0.010s CPU, 0.003s wall-clock]
Collecting mutex groups... [0.000s CPU, 0.001s wall-clock]
Choosing groups...
270 uncovered facts
Choosing groups: [0.010s CPU, 0.003s wall-clock]
Building translation key... [0.000s CPU, 0.001s wall-clock]
Computing fact groups: [0.100s CPU, 0.103s wall-clock]
Building STRIPS to SAS dictionary... [0.000s CPU, 0.002s wall-clock]
Building dictionary for full mutex groups... [0.000s CPU, 0.002s wall-clock]
Building mutex information...
Building mutex information: [0.010s CPU, 0.002s wall-clock]
Translating task...
Processing axioms...
Simplifying axioms... [0.000s CPU, 0.000s wall-clock]
Translator axioms removed by simplifying: 0
Computing negative axioms... [0.000s CPU, 0.000s wall-clock]
Processing axioms: [0.220s CPU, 0.220s wall-clock]
Translating task: [4.870s CPU, 4.882s wall-clock]
0 effect conditions simplified
0 implied preconditions added
Detecting unreachable propositions...
0 operators removed
0 axioms removed
271 propositions removed
Detecting unreachable propositions: [3.160s CPU, 3.158s wall-clock]
Reordering and filtering variables...
541 of 541 variables necessary.
0 of 541 mutex groups necessary.
146340 of 146340 operators necessary.
0 of 0 axiom rules necessary.
Reordering and filtering variables: [0.590s CPU, 0.596s wall-clock]
Translator variables: 541
Translator derived variables: 0
Translator facts: 1621
Translator goal facts: 270
Translator mutex groups: 0
Translator total mutex groups size: 0
Translator operators: 146340
Translator axioms: 0
Translator task size: 1045786
Translator peak memory: 652988 KB
Writing output... [0.710s CPU, 0.701s wall-clock]
Done! [20.780s CPU, 20.803s wall-clock]
translate exit code: 0

INFO     Running search (release).
INFO     search stdin: output.sas
INFO     search time limit: 1779s
INFO     search memory limit: 2048 MB
INFO     search command line string: /home/henry/Documents/UFRGS/TCC/downward/experiments/lab/data/main/code-5bb2ccb6957559b6969ffd7e29254c73f84d5e49_e5e41175/builds/release/bin/downward --search 'eager_greedy([ilsh(patterns=systematic(2), transform=adapt_costs(cost_type=ONE))])' --internal-plan-file sas_plan < output.sas
[t=0s, 10544 KB] reading input...
[t=0.450837s, 51192 KB] done reading input!
[t=0.450837s, 51456 KB] Generating patterns using: systematic pattern collection generator
[t=0.450837s, 51456 KB] building causal graph...done! [t=0.0319636s]
[t=0.482801s, 52268 KB] Found 1694 SGA patterns.
[t=0.486799s, 52268 KB] Found 1694 interesting patterns.
[t=0.486799s, 52268 KB] systematic pattern collection generator number of patterns: 1694
[t=0.486799s, 52268 KB] systematic pattern collection generator total PDB size: 227244
[t=0.486799s, 52268 KB] systematic pattern collection generator computation time: 0.0359617s
[t=0.486799s, 52268 KB] Computing PDBs for pattern collection...
[t=42.3395s, 78664 KB] Done computing PDBs for pattern collection: 41.8527s
[t=54.0548s, 638024 KB] Tie breaking: 2
[t=54.0548s, 638024 KB] Building successor generator...done!
[t=54.1347s, 658392 KB] peak memory difference for successor generator creation: 20368 KB
[t=54.1347s, 658392 KB] time for successor generation creation: 0.0798716s
[t=54.1347s, 658392 KB] Variables: 541
[t=54.1387s, 658392 KB] FactPairs: 1621
[t=54.1387s, 658392 KB] Bytes per state: 104
[t=54.1387s, 658392 KB] Conducting best first search without reopening closed nodes, (real) bound = 2147483647
Peak memory: 658392 KB
caught signal 24 -- exiting
Time limit has been reached.
Remove intermediate file output.sas
search exit code: 23

Driver aborting after search
INFO     Planner time: 1798.06s
