INFO     planner time limit: 1800s
INFO     planner memory limit: 2048 MB

INFO     Running translator.
INFO     translator stdin: None
INFO     translator time limit: 1799s
INFO     translator memory limit: 2048 MB
INFO     translator command line string: /home/henry/Documents/UFRGS/TCC/downward/.venv/bin/python /home/henry/Documents/UFRGS/TCC/downward/experiments/lab/data/main/code-5bb2ccb6957559b6969ffd7e29254c73f84d5e49_e5e41175/builds/release/bin/translate/translate.py domain.pddl problem.pddl --sas-file output.sas
Parsing...
Parsing: [0.040s CPU, 0.037s wall-clock]
Normalizing task... [0.000s CPU, 0.004s wall-clock]
Instantiating...
Generating Datalog program... [0.010s CPU, 0.009s wall-clock]
Normalizing Datalog program...
Normalizing Datalog program: [0.030s CPU, 0.025s wall-clock]
Preparing model... [0.030s CPU, 0.030s wall-clock]
Generated 1852 rules.
Computing model... [2.290s CPU, 2.297s wall-clock]
110339 relevant atoms
160312 auxiliary atoms
270651 final queue length
481791 total queue pushes
Completing instantiation... [3.770s CPU, 3.775s wall-clock]
Instantiating: [6.230s CPU, 6.236s wall-clock]
Computing fact groups...
Finding invariants...
10 initial candidates
Finding invariants: [0.070s CPU, 0.072s wall-clock]
Checking invariant weight... [0.010s CPU, 0.005s wall-clock]
Instantiating groups... [0.000s CPU, 0.003s wall-clock]
Collecting mutex groups... [0.000s CPU, 0.001s wall-clock]
Choosing groups...
230 uncovered facts
Choosing groups: [0.000s CPU, 0.004s wall-clock]
Building translation key... [0.010s CPU, 0.002s wall-clock]
Computing fact groups: [0.100s CPU, 0.095s wall-clock]
Building STRIPS to SAS dictionary... [0.000s CPU, 0.001s wall-clock]
Building dictionary for full mutex groups... [0.000s CPU, 0.002s wall-clock]
Building mutex information...
Building mutex information: [0.000s CPU, 0.001s wall-clock]
Translating task...
Processing axioms...
Simplifying axioms... [0.000s CPU, 0.000s wall-clock]
Translator axioms removed by simplifying: 0
Computing negative axioms... [0.000s CPU, 0.000s wall-clock]
Processing axioms: [0.140s CPU, 0.144s wall-clock]
Translating task: [3.380s CPU, 3.381s wall-clock]
0 effect conditions simplified
0 implied preconditions added
Detecting unreachable propositions...
0 operators removed
0 axioms removed
231 propositions removed
Detecting unreachable propositions: [1.800s CPU, 1.803s wall-clock]
Reordering and filtering variables...
461 of 461 variables necessary.
0 of 461 mutex groups necessary.
106260 of 106260 operators necessary.
0 of 0 axiom rules necessary.
Reordering and filtering variables: [0.340s CPU, 0.343s wall-clock]
Translator variables: 461
Translator derived variables: 0
Translator facts: 1381
Translator goal facts: 230
Translator mutex groups: 0
Translator total mutex groups size: 0
Translator operators: 106260
Translator axioms: 0
Translator task size: 676596
Translator peak memory: 457168 KB
Writing output... [0.450s CPU, 0.446s wall-clock]
Done! [12.510s CPU, 12.514s wall-clock]
translate exit code: 0

INFO     Running search (release).
INFO     search stdin: output.sas
INFO     search time limit: 1787s
INFO     search memory limit: 2048 MB
INFO     search command line string: /home/henry/Documents/UFRGS/TCC/downward/experiments/lab/data/main/code-5bb2ccb6957559b6969ffd7e29254c73f84d5e49_e5e41175/builds/release/bin/downward --search 'eager_greedy([lsh(patterns=systematic(2), transform=adapt_costs(cost_type=NORMAL))])' --internal-plan-file sas_plan < output.sas
[t=0s, 10544 KB] reading input...
[t=0.315222s, 38856 KB] done reading input!
[t=0.315222s, 39252 KB] Generating patterns using: systematic pattern collection generator
[t=0.315222s, 39252 KB] building causal graph...done! [t=0.0199891s]
[t=0.335211s, 39792 KB] Found 1084 SGA patterns.
[t=0.339213s, 39792 KB] Found 1084 interesting patterns.
[t=0.339213s, 39792 KB] systematic pattern collection generator number of patterns: 1084
[t=0.339213s, 39792 KB] systematic pattern collection generator total PDB size: 163824
[t=0.339213s, 39792 KB] systematic pattern collection generator computation time: 0.0239908s
[t=0.339213s, 39792 KB] Computing PDBs for pattern collection...
[t=17.7664s, 54356 KB] Done computing PDBs for pattern collection: 17.4272s
[t=20.9318s, 272668 KB] Building successor generator...done!
[t=20.9678s, 287040 KB] peak memory difference for successor generator creation: 14372 KB
[t=20.9678s, 287040 KB] time for successor generation creation: 0.0359846s
[t=20.9678s, 287040 KB] Variables: 461
[t=20.9678s, 287040 KB] FactPairs: 1381
[t=20.9678s, 287040 KB] Bytes per state: 88
[t=20.9678s, 287040 KB] Conducting best first search without reopening closed nodes, (real) bound = 2147483647
[t=20.9718s, 287040 KB] New best heuristic value for lsh(patterns=systematic(2),transform=adapt_costs(cost_type=normal)): 0
[t=20.9718s, 287040 KB] g=0, 1 evaluated, 0 expanded
[t=20.9718s, 287040 KB] Initial heuristic value for lsh(patterns=systematic(2),transform=adapt_costs(cost_type=normal)): 0
[t=20.9718s, 287040 KB] pruning method: none
Failed to allocate memory.
Memory limit has been reached.
Peak memory: 2097072 KB
Remove intermediate file output.sas
search exit code: 22

Driver aborting after search
INFO     Planner time: 632.61s
