INFO     planner time limit: 1800s
INFO     planner memory limit: 2048 MB

INFO     Running translator.
INFO     translator stdin: None
INFO     translator time limit: 1799s
INFO     translator memory limit: 2048 MB
INFO     translator command line string: /home/henry/Documents/UFRGS/TCC/downward/.venv/bin/python /home/henry/Documents/UFRGS/TCC/downward/experiments/lab/data/main/code-5bb2ccb6957559b6969ffd7e29254c73f84d5e49_e5e41175/builds/release/bin/translate/translate.py domain.pddl problem.pddl --sas-file output.sas
Parsing...
Parsing: [0.000s CPU, 0.003s wall-clock]
Normalizing task... [0.000s CPU, 0.000s wall-clock]
Instantiating...
Generating Datalog program... [0.000s CPU, 0.001s wall-clock]
Normalizing Datalog program...
Normalizing Datalog program: [0.010s CPU, 0.003s wall-clock]
Preparing model... [0.000s CPU, 0.003s wall-clock]
Generated 212 rules.
Computing model... [0.010s CPU, 0.010s wall-clock]
1045 relevant atoms
1190 auxiliary atoms
2235 final queue length
3108 total queue pushes
Completing instantiation... [0.010s CPU, 0.011s wall-clock]
Instantiating: [0.030s CPU, 0.027s wall-clock]
Computing fact groups...
Finding invariants...
20 initial candidates
Finding invariants: [0.010s CPU, 0.005s wall-clock]
Checking invariant weight... [0.000s CPU, 0.001s wall-clock]
Instantiating groups... [0.000s CPU, 0.001s wall-clock]
Collecting mutex groups... [0.000s CPU, 0.000s wall-clock]
Choosing groups...
249 uncovered facts
Choosing groups: [0.000s CPU, 0.000s wall-clock]
Building translation key... [0.000s CPU, 0.001s wall-clock]
Computing fact groups: [0.010s CPU, 0.009s wall-clock]
Building STRIPS to SAS dictionary... [0.000s CPU, 0.000s wall-clock]
Building dictionary for full mutex groups... [0.000s CPU, 0.000s wall-clock]
Building mutex information...
Building mutex information: [0.000s CPU, 0.000s wall-clock]
Translating task...
Processing axioms...
Simplifying axioms... [0.000s CPU, 0.000s wall-clock]
Translator axioms removed by simplifying: 0
Computing negative axioms... [0.000s CPU, 0.000s wall-clock]
Processing axioms: [0.000s CPU, 0.001s wall-clock]
Translating task: [0.010s CPU, 0.012s wall-clock]
325 effect conditions simplified
0 implied preconditions added
Detecting unreachable propositions...
0 operators removed
0 axioms removed
11 propositions removed
Detecting unreachable propositions: [0.010s CPU, 0.006s wall-clock]
Reordering and filtering variables...
95 of 257 variables necessary.
0 of 9 mutex groups necessary.
433 of 433 operators necessary.
0 of 0 axiom rules necessary.
Reordering and filtering variables: [0.000s CPU, 0.003s wall-clock]
Translator variables: 95
Translator derived variables: 0
Translator facts: 334
Translator goal facts: 54
Translator mutex groups: 0
Translator total mutex groups size: 0
Translator operators: 433
Translator axioms: 0
Translator task size: 3203
Translator peak memory: 34656 KB
Writing output... [0.000s CPU, 0.002s wall-clock]
Done! [0.060s CPU, 0.064s wall-clock]
translate exit code: 0

INFO     Running search (release).
INFO     search stdin: output.sas
INFO     search time limit: 1799s
INFO     search memory limit: 2048 MB
INFO     search command line string: /home/henry/Documents/UFRGS/TCC/downward/experiments/lab/data/main/code-5bb2ccb6957559b6969ffd7e29254c73f84d5e49_e5e41175/builds/release/bin/downward --search 'eager_greedy([operatorcounting(constraint_generators=[pho_constraints(patterns=systematic(2))], use_integer_operator_counts=false, transform=adapt_costs(cost_type=ONE))])' --internal-plan-file sas_plan < output.sas
[t=0s, 45596 KB] reading input...
[t=0s, 45728 KB] done reading input!
[t=0.00331874s, 46140 KB] Generating patterns using: systematic pattern collection generator
[t=0.00331874s, 46140 KB] building causal graph...done! [t=0s]
[t=0.00331874s, 46140 KB] Found 272 SGA patterns.
[t=0.00331874s, 46140 KB] Found 272 interesting patterns.
[t=0.00331874s, 46140 KB] systematic pattern collection generator number of patterns: 272
[t=0.00331874s, 46140 KB] systematic pattern collection generator total PDB size: 2964
[t=0.00331874s, 46140 KB] systematic pattern collection generator computation time: 0s
[t=0.00331874s, 46140 KB] Computing PDBs for pattern collection...
[t=0.0232881s, 46140 KB] Done computing PDBs for pattern collection: 0.0199693s
[t=0.027288s, 46296 KB] Building successor generator...done!
[t=0.027288s, 46296 KB] peak memory difference for successor generator creation: 0 KB
[t=0.027288s, 46296 KB] time for successor generation creation: 0s
[t=0.027288s, 46296 KB] Variables: 95
[t=0.027288s, 46296 KB] FactPairs: 334
[t=0.027288s, 46296 KB] Bytes per state: 20
[t=0.027288s, 46296 KB] Conducting best first search without reopening closed nodes, (real) bound = 2147483647
[t=0.027288s, 46836 KB] New best heuristic value for operatorcounting(constraint_generators=[pho_constraints(patterns=systematic(2))],use_integer_operator_counts=false,transform=adapt_costs(cost_type=one)): 63
[t=0.027288s, 46836 KB] g=0, 1 evaluated, 0 expanded
[t=0.027288s, 46836 KB] Initial heuristic value for operatorcounting(constraint_generators=[pho_constraints(patterns=systematic(2))],use_integer_operator_counts=false,transform=adapt_costs(cost_type=one)): 63
[t=0.027288s, 46836 KB] pruning method: none
[t=0.027288s, 46836 KB] New best heuristic value for operatorcounting(constraint_generators=[pho_constraints(patterns=systematic(2))],use_integer_operator_counts=false,transform=adapt_costs(cost_type=one)): 62
[t=0.027288s, 46836 KB] g=8000, 3 evaluated, 2 expanded
[t=0.0312922s, 46836 KB] New best heuristic value for operatorcounting(constraint_generators=[pho_constraints(patterns=systematic(2))],use_integer_operator_counts=false,transform=adapt_costs(cost_type=one)): 61
[t=0.0312922s, 46836 KB] g=10999, 21 evaluated, 3 expanded
[t=0.0312922s, 46836 KB] New best heuristic value for operatorcounting(constraint_generators=[pho_constraints(patterns=systematic(2))],use_integer_operator_counts=false,transform=adapt_costs(cost_type=one)): 60
[t=0.0312922s, 46836 KB] g=18999, 38 evaluated, 4 expanded
[t=0.0312922s, 46836 KB] New best heuristic value for operatorcounting(constraint_generators=[pho_constraints(patterns=systematic(2))],use_integer_operator_counts=false,transform=adapt_costs(cost_type=one)): 59
[t=0.0312922s, 46836 KB] g=21998, 55 evaluated, 5 expanded
[t=0.0352828s, 46836 KB] New best heuristic value for operatorcounting(constraint_generators=[pho_constraints(patterns=systematic(2))],use_integer_operator_counts=false,transform=adapt_costs(cost_type=one)): 58
[t=0.0352828s, 46836 KB] g=29998, 71 evaluated, 6 expanded
[t=0.0352828s, 46836 KB] New best heuristic value for operatorcounting(constraint_generators=[pho_constraints(patterns=systematic(2))],use_integer_operator_counts=false,transform=adapt_costs(cost_type=one)): 57
[t=0.0352828s, 46836 KB] g=32997, 87 evaluated, 7 expanded
[t=0.0392833s, 46836 KB] New best heuristic value for operatorcounting(constraint_generators=[pho_constraints(patterns=systematic(2))],use_integer_operator_counts=false,transform=adapt_costs(cost_type=one)): 56
[t=0.0392833s, 46836 KB] g=40997, 102 evaluated, 8 expanded
[t=0.0392833s, 46836 KB] New best heuristic value for operatorcounting(constraint_generators=[pho_constraints(patterns=systematic(2))],use_integer_operator_counts=false,transform=adapt_costs(cost_type=one)): 55
[t=0.0392833s, 46836 KB] g=43996, 117 evaluated, 9 expanded
[t=0.0432857s, 46836 KB] New best heuristic value for operatorcounting(constraint_generators=[pho_constraints(patterns=systematic(2))],use_integer_operator_counts=false,transform=adapt_costs(cost_type=one)): 54
[t=0.0432857s, 46836 KB] g=51996, 131 evaluated, 10 expanded
[t=0.0432857s, 46836 KB] New best heuristic value for operatorcounting(constraint_generators=[pho_constraints(patterns=systematic(2))],use_integer_operator_counts=false,transform=adapt_costs(cost_type=one)): 53
[t=0.0432857s, 46836 KB] g=54995, 145 evaluated, 11 expanded
[t=0.0432857s, 46836 KB] New best heuristic value for operatorcounting(constraint_generators=[pho_constraints(patterns=systematic(2))],use_integer_operator_counts=false,transform=adapt_costs(cost_type=one)): 52
[t=0.0432857s, 46836 KB] g=62995, 158 evaluated, 12 expanded
[t=0.0472788s, 46836 KB] New best heuristic value for operatorcounting(constraint_generators=[pho_constraints(patterns=systematic(2))],use_integer_operator_counts=false,transform=adapt_costs(cost_type=one)): 51
[t=0.0472788s, 46836 KB] g=65994, 171 evaluated, 13 expanded
[t=0.0472788s, 46836 KB] New best heuristic value for operatorcounting(constraint_generators=[pho_constraints(patterns=systematic(2))],use_integer_operator_counts=false,transform=adapt_costs(cost_type=one)): 50
[t=0.0472788s, 46836 KB] g=73994, 183 evaluated, 14 expanded
[t=0.0472788s, 46836 KB] New best heuristic value for operatorcounting(constraint_generators=[pho_constraints(patterns=systematic(2))],use_integer_operator_counts=false,transform=adapt_costs(cost_type=one)): 49
[t=0.0472788s, 46836 KB] g=76993, 195 evaluated, 15 expanded
[t=0.0512782s, 46836 KB] New best heuristic value for operatorcounting(constraint_generators=[pho_constraints(patterns=systematic(2))],use_integer_operator_counts=false,transform=adapt_costs(cost_type=one)): 48
[t=0.0512782s, 46836 KB] g=84993, 206 evaluated, 16 expanded
[t=0.0512782s, 46836 KB] New best heuristic value for operatorcounting(constraint_generators=[pho_constraints(patterns=systematic(2))],use_integer_operator_counts=false,transform=adapt_costs(cost_type=one)): 47
[t=0.0512782s, 46836 KB] g=87992, 217 evaluated, 17 expanded
[t=0.0512782s, 46836 KB] New best heuristic value for operatorcounting(constraint_generators=[pho_constraints(patterns=systematic(2))],use_integer_operator_counts=false,transform=adapt_costs(cost_type=one)): 46
[t=0.0512782s, 46836 KB] g=95992, 227 evaluated, 18 expanded
[t=0.0512782s, 46836 KB] New best heuristic value for operatorcounting(constraint_generators=[pho_constraints(patterns=systematic(2))],use_integer_operator_counts=false,transform=adapt_costs(cost_type=one)): 45
[t=0.0512782s, 46836 KB] g=98991, 237 evaluated, 19 expanded
[t=0.0552849s, 46836 KB] New best heuristic value for operatorcounting(constraint_generators=[pho_constraints(patterns=systematic(2))],use_integer_operator_counts=false,transform=adapt_costs(cost_type=one)): 44
[t=0.0552849s, 46836 KB] g=106991, 246 evaluated, 20 expanded
[t=0.0552849s, 46836 KB] New best heuristic value for operatorcounting(constraint_generators=[pho_constraints(patterns=systematic(2))],use_integer_operator_counts=false,transform=adapt_costs(cost_type=one)): 43
[t=0.0552849s, 46836 KB] g=331031, 255 evaluated, 21 expanded
[t=0.0552849s, 46836 KB] New best heuristic value for operatorcounting(constraint_generators=[pho_constraints(patterns=systematic(2))],use_integer_operator_counts=false,transform=adapt_costs(cost_type=one)): 42
[t=0.0552849s, 46836 KB] g=339031, 266 evaluated, 22 expanded
[t=0.0552849s, 46836 KB] New best heuristic value for operatorcounting(constraint_generators=[pho_constraints(patterns=systematic(2))],use_integer_operator_counts=false,transform=adapt_costs(cost_type=one)): 41
[t=0.0552849s, 46836 KB] g=349030, 275 evaluated, 23 expanded
[t=0.0552849s, 46836 KB] New best heuristic value for operatorcounting(constraint_generators=[pho_constraints(patterns=systematic(2))],use_integer_operator_counts=false,transform=adapt_costs(cost_type=one)): 40
[t=0.0552849s, 46836 KB] g=357030, 285 evaluated, 24 expanded
[t=0.0592723s, 46836 KB] New best heuristic value for operatorcounting(constraint_generators=[pho_constraints(patterns=systematic(2))],use_integer_operator_counts=false,transform=adapt_costs(cost_type=one)): 39
[t=0.0592723s, 46836 KB] g=365030, 294 evaluated, 25 expanded
[t=0.0592723s, 46836 KB] New best heuristic value for operatorcounting(constraint_generators=[pho_constraints(patterns=systematic(2))],use_integer_operator_counts=false,transform=adapt_costs(cost_type=one)): 38
[t=0.0592723s, 46836 KB] g=589070, 302 evaluated, 26 expanded
[t=0.0592723s, 46836 KB] New best heuristic value for operatorcounting(constraint_generators=[pho_constraints(patterns=systematic(2))],use_integer_operator_counts=false,transform=adapt_costs(cost_type=one)): 37
[t=0.0592723s, 46836 KB] g=597070, 312 evaluated, 27 expanded
[t=0.0592723s, 46836 KB] New best heuristic value for operatorcounting(constraint_generators=[pho_constraints(patterns=systematic(2))],use_integer_operator_counts=false,transform=adapt_costs(cost_type=one)): 36
[t=0.0592723s, 46836 KB] g=607069, 320 evaluated, 28 expanded
[t=0.0632771s, 46836 KB] New best heuristic value for operatorcounting(constraint_generators=[pho_constraints(patterns=systematic(2))],use_integer_operator_counts=false,transform=adapt_costs(cost_type=one)): 35
[t=0.0632771s, 46836 KB] g=615069, 328 evaluated, 29 expanded
[t=0.0632771s, 46836 KB] New best heuristic value for operatorcounting(constraint_generators=[pho_constraints(patterns=systematic(2))],use_integer_operator_counts=false,transform=adapt_costs(cost_type=one)): 34
[t=0.0632771s, 46836 KB] g=623069, 337 evaluated, 30 expanded
[t=0.0632771s, 46836 KB] New best heuristic value for operatorcounting(constraint_generators=[pho_constraints(patterns=systematic(2))],use_integer_operator_counts=false,transform=adapt_costs(cost_type=one)): 33
[t=0.0632771s, 46836 KB] g=847109, 345 evaluated, 31 expanded
[t=0.0632771s, 46836 KB] New best heuristic value for operatorcounting(constraint_generators=[pho_constraints(patterns=systematic(2))],use_integer_operator_counts=false,transform=adapt_costs(cost_type=one)): 32
[t=0.0632771s, 46836 KB] g=855109, 353 evaluated, 32 expanded
[t=0.0632771s, 46836 KB] New best heuristic value for operatorcounting(constraint_generators=[pho_constraints(patterns=systematic(2))],use_integer_operator_counts=false,transform=adapt_costs(cost_type=one)): 31
[t=0.0632771s, 46836 KB] g=865108, 360 evaluated, 33 expanded
[t=0.0632771s, 46836 KB] New best heuristic value for operatorcounting(constraint_generators=[pho_constraints(patterns=systematic(2))],use_integer_operator_counts=false,transform=adapt_costs(cost_type=one)): 30
[t=0.0632771s, 46836 KB] g=873108, 367 evaluated, 34 expanded
[t=0.0672686s, 46836 KB] New best heuristic value for operatorcounting(constraint_generators=[pho_constraints(patterns=systematic(2))],use_integer_operator_counts=false,transform=adapt_costs(cost_type=one)): 29
[t=0.0672686s, 46836 KB] g=881108, 375 evaluated, 35 expanded
[t=0.0672686s, 46836 KB] New best heuristic value for operatorcounting(constraint_generators=[pho_constraints(patterns=systematic(2))],use_integer_operator_counts=false,transform=adapt_costs(cost_type=one)): 28
[t=0.0672686s, 46836 KB] g=1105148, 382 evaluated, 36 expanded
[t=0.0672686s, 46836 KB] New best heuristic value for operatorcounting(constraint_generators=[pho_constraints(patterns=systematic(2))],use_integer_operator_counts=false,transform=adapt_costs(cost_type=one)): 27
[t=0.0672686s, 46836 KB] g=1113148, 389 evaluated, 37 expanded
[t=0.0672686s, 46836 KB] New best heuristic value for operatorcounting(constraint_generators=[pho_constraints(patterns=systematic(2))],use_integer_operator_counts=false,transform=adapt_costs(cost_type=one)): 26
[t=0.0672686s, 46836 KB] g=1123147, 395 evaluated, 38 expanded
[t=0.0672686s, 46836 KB] New best heuristic value for operatorcounting(constraint_generators=[pho_constraints(patterns=systematic(2))],use_integer_operator_counts=false,transform=adapt_costs(cost_type=one)): 25
[t=0.0672686s, 46836 KB] g=1131147, 401 evaluated, 39 expanded
[t=0.0672686s, 46836 KB] New best heuristic value for operatorcounting(constraint_generators=[pho_constraints(patterns=systematic(2))],use_integer_operator_counts=false,transform=adapt_costs(cost_type=one)): 24
[t=0.0672686s, 46836 KB] g=1139147, 408 evaluated, 40 expanded
[t=0.0712685s, 46836 KB] New best heuristic value for operatorcounting(constraint_generators=[pho_constraints(patterns=systematic(2))],use_integer_operator_counts=false,transform=adapt_costs(cost_type=one)): 23
[t=0.0712685s, 46836 KB] g=1363187, 414 evaluated, 41 expanded
[t=0.0712685s, 46836 KB] New best heuristic value for operatorcounting(constraint_generators=[pho_constraints(patterns=systematic(2))],use_integer_operator_counts=false,transform=adapt_costs(cost_type=one)): 22
[t=0.0712685s, 46836 KB] g=1371187, 420 evaluated, 42 expanded
[t=0.0712685s, 46836 KB] New best heuristic value for operatorcounting(constraint_generators=[pho_constraints(patterns=systematic(2))],use_integer_operator_counts=false,transform=adapt_costs(cost_type=one)): 21
[t=0.0712685s, 46836 KB] g=1381186, 425 evaluated, 43 expanded
[t=0.0712685s, 46836 KB] New best heuristic value for operatorcounting(constraint_generators=[pho_constraints(patterns=systematic(2))],use_integer_operator_counts=false,transform=adapt_costs(cost_type=one)): 20
[t=0.0712685s, 46836 KB] g=1389186, 430 evaluated, 44 expanded
[t=0.0712685s, 46836 KB] New best heuristic value for operatorcounting(constraint_generators=[pho_constraints(patterns=systematic(2))],use_integer_operator_counts=false,transform=adapt_costs(cost_type=one)): 19
[t=0.0712685s, 46836 KB] g=1397186, 436 evaluated, 45 expanded
[t=0.0712685s, 46836 KB] New best heuristic value for operatorcounting(constraint_generators=[pho_constraints(patterns=systematic(2))],use_integer_operator_counts=false,transform=adapt_costs(cost_type=one)): 18
[t=0.0712685s, 46836 KB] g=1621226, 441 evaluated, 46 expanded
[t=0.0712685s, 46836 KB] New best heuristic value for operatorcounting(constraint_generators=[pho_constraints(patterns=systematic(2))],use_integer_operator_counts=false,transform=adapt_costs(cost_type=one)): 17
[t=0.0712685s, 46836 KB] g=1629226, 446 evaluated, 47 expanded
[t=0.0712685s, 46836 KB] New best heuristic value for operatorcounting(constraint_generators=[pho_constraints(patterns=systematic(2))],use_integer_operator_counts=false,transform=adapt_costs(cost_type=one)): 16
[t=0.0712685s, 46836 KB] g=1639225, 450 evaluated, 48 expanded
[t=0.0752716s, 46836 KB] New best heuristic value for operatorcounting(constraint_generators=[pho_constraints(patterns=systematic(2))],use_integer_operator_counts=false,transform=adapt_costs(cost_type=one)): 15
[t=0.0752716s, 46836 KB] g=1647225, 454 evaluated, 49 expanded
[t=0.0752716s, 46836 KB] New best heuristic value for operatorcounting(constraint_generators=[pho_constraints(patterns=systematic(2))],use_integer_operator_counts=false,transform=adapt_costs(cost_type=one)): 14
[t=0.0752716s, 46836 KB] g=1655225, 459 evaluated, 50 expanded
[t=0.0752716s, 46836 KB] New best heuristic value for operatorcounting(constraint_generators=[pho_constraints(patterns=systematic(2))],use_integer_operator_counts=false,transform=adapt_costs(cost_type=one)): 13
[t=0.0752716s, 46836 KB] g=1879265, 463 evaluated, 51 expanded
[t=0.0752716s, 46836 KB] New best heuristic value for operatorcounting(constraint_generators=[pho_constraints(patterns=systematic(2))],use_integer_operator_counts=false,transform=adapt_costs(cost_type=one)): 12
[t=0.0752716s, 46836 KB] g=1887265, 467 evaluated, 52 expanded
[t=0.0752716s, 46836 KB] New best heuristic value for operatorcounting(constraint_generators=[pho_constraints(patterns=systematic(2))],use_integer_operator_counts=false,transform=adapt_costs(cost_type=one)): 11
[t=0.0752716s, 46836 KB] g=1897264, 470 evaluated, 53 expanded
[t=0.0752716s, 46836 KB] New best heuristic value for operatorcounting(constraint_generators=[pho_constraints(patterns=systematic(2))],use_integer_operator_counts=false,transform=adapt_costs(cost_type=one)): 10
[t=0.0752716s, 46836 KB] g=1905264, 473 evaluated, 54 expanded
[t=0.0752716s, 46836 KB] New best heuristic value for operatorcounting(constraint_generators=[pho_constraints(patterns=systematic(2))],use_integer_operator_counts=false,transform=adapt_costs(cost_type=one)): 9
[t=0.0752716s, 46836 KB] g=1913264, 477 evaluated, 55 expanded
[t=0.0752716s, 46836 KB] New best heuristic value for operatorcounting(constraint_generators=[pho_constraints(patterns=systematic(2))],use_integer_operator_counts=false,transform=adapt_costs(cost_type=one)): 8
[t=0.0752716s, 46836 KB] g=2137304, 480 evaluated, 56 expanded
[t=0.0752716s, 46836 KB] New best heuristic value for operatorcounting(constraint_generators=[pho_constraints(patterns=systematic(2))],use_integer_operator_counts=false,transform=adapt_costs(cost_type=one)): 7
[t=0.0752716s, 46836 KB] g=2145304, 483 evaluated, 57 expanded
[t=0.0752716s, 46836 KB] New best heuristic value for operatorcounting(constraint_generators=[pho_constraints(patterns=systematic(2))],use_integer_operator_counts=false,transform=adapt_costs(cost_type=one)): 6
[t=0.0752716s, 46836 KB] g=2155303, 485 evaluated, 58 expanded
[t=0.0752716s, 46836 KB] New best heuristic value for operatorcounting(constraint_generators=[pho_constraints(patterns=systematic(2))],use_integer_operator_counts=false,transform=adapt_costs(cost_type=one)): 5
[t=0.0752716s, 46836 KB] g=2163303, 487 evaluated, 59 expanded
[t=0.0752716s, 46836 KB] New best heuristic value for operatorcounting(constraint_generators=[pho_constraints(patterns=systematic(2))],use_integer_operator_counts=false,transform=adapt_costs(cost_type=one)): 4
[t=0.0752716s, 46836 KB] g=2171303, 490 evaluated, 60 expanded
[t=0.0752716s, 46836 KB] New best heuristic value for operatorcounting(constraint_generators=[pho_constraints(patterns=systematic(2))],use_integer_operator_counts=false,transform=adapt_costs(cost_type=one)): 3
[t=0.0752716s, 46836 KB] g=2395343, 492 evaluated, 61 expanded
[t=0.0752716s, 46836 KB] New best heuristic value for operatorcounting(constraint_generators=[pho_constraints(patterns=systematic(2))],use_integer_operator_counts=false,transform=adapt_costs(cost_type=one)): 2
[t=0.0752716s, 46836 KB] g=2403343, 494 evaluated, 62 expanded
[t=0.0752716s, 46836 KB] New best heuristic value for operatorcounting(constraint_generators=[pho_constraints(patterns=systematic(2))],use_integer_operator_counts=false,transform=adapt_costs(cost_type=one)): 1
[t=0.0752716s, 46836 KB] g=2413342, 495 evaluated, 63 expanded
[t=0.0792639s, 46836 KB] New best heuristic value for operatorcounting(constraint_generators=[pho_constraints(patterns=systematic(2))],use_integer_operator_counts=false,transform=adapt_costs(cost_type=one)): 0
[t=0.0792639s, 46836 KB] g=2421342, 496 evaluated, 64 expanded
[t=0.0792639s, 46836 KB] Solution found!
[t=0.0792639s, 46836 KB] Actual search time: 0.051976s
initialize  (0)
colorfeeder-feed-letter sheet1 (8000)
down-movebottom-letter sheet1 (2999)
colorfeeder-feed-letter sheet2 (8000)
down-movebottom-letter sheet2 (2999)
colorfeeder-feed-letter sheet3 (8000)
down-movebottom-letter sheet3 (2999)
colorfeeder-feed-letter sheet4 (8000)
down-movebottom-letter sheet4 (2999)
colorfeeder-feed-letter sheet5 (8000)
down-movebottom-letter sheet5 (2999)
colorfeeder-feed-letter sheet6 (8000)
down-movebottom-letter sheet6 (2999)
colorfeeder-feed-letter sheet7 (8000)
down-movebottom-letter sheet7 (2999)
colorfeeder-feed-letter sheet8 (8000)
down-movebottom-letter sheet8 (2999)
colorfeeder-feed-letter sheet9 (8000)
down-movebottom-letter sheet9 (2999)
colorcontainer-toime-letter sheet1 (8000)
colorprinter-simplex-letter sheet1 front image-1 (224040)
colorcontainer-fromime-letter sheet1 (8000)
up-moveup-letter sheet1 (9999)
finisher1-stack-letter sheet1 dummy-sheet (8000)
colorcontainer-toime-letter sheet2 (8000)
colorprinter-simplexmono-letter sheet2 front image-2 (224040)
colorcontainer-fromime-letter sheet2 (8000)
up-moveup-letter sheet2 (9999)
finisher1-stack-letter sheet2 sheet1 (8000)
colorcontainer-toime-letter sheet3 (8000)
colorprinter-simplex-letter sheet3 front image-3 (224040)
colorcontainer-fromime-letter sheet3 (8000)
up-moveup-letter sheet3 (9999)
finisher1-stack-letter sheet3 sheet2 (8000)
colorcontainer-toime-letter sheet4 (8000)
colorprinter-simplexmono-letter sheet4 front image-4 (224040)
colorcontainer-fromime-letter sheet4 (8000)
up-moveup-letter sheet4 (9999)
finisher1-stack-letter sheet4 sheet3 (8000)
colorcontainer-toime-letter sheet5 (8000)
colorprinter-simplexmono-letter sheet5 front image-5 (224040)
colorcontainer-fromime-letter sheet5 (8000)
up-moveup-letter sheet5 (9999)
finisher1-stack-letter sheet5 sheet4 (8000)
colorcontainer-toime-letter sheet6 (8000)
colorprinter-simplex-letter sheet6 front image-6 (224040)
colorcontainer-fromime-letter sheet6 (8000)
up-moveup-letter sheet6 (9999)
finisher1-stack-letter sheet6 sheet5 (8000)
colorcontainer-toime-letter sheet7 (8000)
colorprinter-simplex-letter sheet7 front image-7 (224040)
colorcontainer-fromime-letter sheet7 (8000)
up-moveup-letter sheet7 (9999)
finisher1-stack-letter sheet7 sheet6 (8000)
colorcontainer-toime-letter sheet8 (8000)
colorprinter-simplex-letter sheet8 front image-8 (224040)
colorcontainer-fromime-letter sheet8 (8000)
up-moveup-letter sheet8 (9999)
finisher1-stack-letter sheet8 sheet7 (8000)
colorcontainer-toime-letter sheet9 (8000)
colorprinter-simplex-letter sheet9 front image-9 (224040)
colorcontainer-fromime-letter sheet9 (8000)
up-moveup-letter sheet9 (9999)
finisher1-stack-letter sheet9 sheet8 (8000)
[t=0.0792639s, 46836 KB] Plan length: 64 step(s).
[t=0.0792639s, 46836 KB] Plan cost: 2421342
[t=0.0792639s, 46836 KB] Expanded 65 state(s).
[t=0.0792639s, 46836 KB] Reopened 0 state(s).
[t=0.0792639s, 46836 KB] Evaluated 497 state(s).
[t=0.0792639s, 46836 KB] Evaluations: 497
[t=0.0792639s, 46836 KB] Generated 550 state(s).
[t=0.0792639s, 46836 KB] Dead ends: 27 state(s).
[t=0.0792639s, 46836 KB] Number of registered states: 497
[t=0.0792639s, 46836 KB] Int hash set load factor: 497/512 = 0.970703
[t=0.0792639s, 46836 KB] Int hash set resizes: 9
[t=0.0792639s, 46836 KB] Search time: 0.051976s
[t=0.0792639s, 46836 KB] Total time: 0.0792639s
Solution found.
Peak memory: 46836 KB
Remove intermediate file output.sas
search exit code: 0

INFO     Running validate.
INFO     validate stdin: None
INFO     validate time limit: None
INFO     validate memory limit: None
INFO     validate command line string: /home/henry/bin/validate domain.pddl problem.pddl sas_plan
Checking plan: sas_plan
Plan executed successfully - checking goal
Plan valid
Final value: 2421342 

Successful plans:
Value: 2421342
 sas_plan 2421342 

validate exit code: 0

INFO     Planner time: 0.20s
