INFO     planner time limit: 1800s
INFO     planner memory limit: 2048 MB

INFO     Running translator.
INFO     translator stdin: None
INFO     translator time limit: 1799s
INFO     translator memory limit: 2048 MB
INFO     translator command line string: /home/henry/Documents/UFRGS/TCC/downward/.venv/bin/python /home/henry/Documents/UFRGS/TCC/downward/experiments/lab/data/main/code-5bb2ccb6957559b6969ffd7e29254c73f84d5e49_e5e41175/builds/release/bin/translate/translate.py domain.pddl problem.pddl --sas-file output.sas
Parsing...
Parsing: [0.060s CPU, 0.058s wall-clock]
Normalizing task... [0.010s CPU, 0.005s wall-clock]
Instantiating...
Generating Datalog program... [0.050s CPU, 0.053s wall-clock]
Normalizing Datalog program...
Normalizing Datalog program: [0.000s CPU, 0.003s wall-clock]
Preparing model... [0.130s CPU, 0.129s wall-clock]
Generated 6 rules.
Computing model... [0.310s CPU, 0.312s wall-clock]
40321 relevant atoms
15456 auxiliary atoms
55777 final queue length
74147 total queue pushes
Completing instantiation... [0.490s CPU, 0.485s wall-clock]
Instantiating: [1.000s CPU, 1.009s wall-clock]
Computing fact groups...
Finding invariants...
4 initial candidates
Finding invariants: [0.010s CPU, 0.003s wall-clock]
Checking invariant weight... [0.000s CPU, 0.005s wall-clock]
Instantiating groups... [0.010s CPU, 0.005s wall-clock]
Collecting mutex groups... [0.000s CPU, 0.005s wall-clock]
Choosing groups...
3136 uncovered facts
Choosing groups: [0.010s CPU, 0.009s wall-clock]
Building translation key... [0.010s CPU, 0.010s wall-clock]
Computing fact groups: [0.080s CPU, 0.081s wall-clock]
Building STRIPS to SAS dictionary... [0.010s CPU, 0.007s wall-clock]
Building dictionary for full mutex groups... [0.000s CPU, 0.004s wall-clock]
Building mutex information...
Building mutex information: [0.010s CPU, 0.006s wall-clock]
Translating task...
Processing axioms...
Simplifying axioms... [0.000s CPU, 0.000s wall-clock]
Translator axioms removed by simplifying: 0
Computing negative axioms... [0.000s CPU, 0.000s wall-clock]
Processing axioms: [0.030s CPU, 0.027s wall-clock]
Translating task: [0.380s CPU, 0.386s wall-clock]
0 effect conditions simplified
0 implied preconditions added
Detecting unreachable propositions...
0 operators removed
0 axioms removed
3 propositions removed
Detecting unreachable propositions: [0.400s CPU, 0.393s wall-clock]
Reordering and filtering variables...
3136 of 3136 variables necessary.
0 of 1 mutex groups necessary.
12320 of 12320 operators necessary.
0 of 0 axiom rules necessary.
Reordering and filtering variables: [0.040s CPU, 0.042s wall-clock]
Translator variables: 3136
Translator derived variables: 0
Translator facts: 9406
Translator goal facts: 3135
Translator mutex groups: 0
Translator total mutex groups size: 0
Translator operators: 12320
Translator axioms: 0
Translator task size: 64953
Translator peak memory: 86972 KB
Writing output... [0.060s CPU, 0.059s wall-clock]
Done! [2.080s CPU, 2.079s wall-clock]
translate exit code: 0

INFO     Running search (release).
INFO     search stdin: output.sas
INFO     search time limit: 1797s
INFO     search memory limit: 2048 MB
INFO     search command line string: /home/henry/Documents/UFRGS/TCC/downward/experiments/lab/data/main/code-5bb2ccb6957559b6969ffd7e29254c73f84d5e49_e5e41175/builds/release/bin/downward --search 'eager_greedy([operatorcounting(constraint_generators=[pho_constraints(patterns=systematic(4))], use_integer_operator_counts=true, transform=adapt_costs(cost_type=ONE))])' --internal-plan-file sas_plan < output.sas
[t=0s, 45596 KB] reading input...
[t=0.0399772s, 50328 KB] done reading input!
[t=0.0435929s, 51508 KB] Generating patterns using: systematic pattern collection generator
[t=0.0435929s, 51508 KB] building causal graph...done! [t=0.00800305s]
[t=0.0515959s, 54932 KB] Found 6270 SGA patterns.
Failed to allocate memory.
Memory limit has been reached.
Peak memory: 2097068 KB
Remove intermediate file output.sas
search exit code: 22

Driver aborting after search
INFO     Planner time: 26.07s
