INFO     planner time limit: 1800s
INFO     planner memory limit: 2048 MB

INFO     Running translator.
INFO     translator stdin: None
INFO     translator time limit: 1799s
INFO     translator memory limit: 2048 MB
INFO     translator command line string: /home/henry/Documents/UFRGS/TCC/downward/.venv/bin/python /home/henry/Documents/UFRGS/TCC/downward/experiments/lab/data/main/code-5bb2ccb6957559b6969ffd7e29254c73f84d5e49_e5e41175/builds/release/bin/translate/translate.py domain.pddl problem.pddl --sas-file output.sas
Parsing...
Parsing: [0.010s CPU, 0.005s wall-clock]
Normalizing task... [0.000s CPU, 0.000s wall-clock]
Instantiating...
Generating Datalog program... [0.000s CPU, 0.001s wall-clock]
Normalizing Datalog program...
Normalizing Datalog program: [0.010s CPU, 0.005s wall-clock]
Preparing model... [0.000s CPU, 0.003s wall-clock]
Generated 350 rules.
Computing model... [0.020s CPU, 0.019s wall-clock]
1802 relevant atoms
2342 auxiliary atoms
4144 final queue length
6664 total queue pushes
Completing instantiation... [0.020s CPU, 0.027s wall-clock]
Instantiating: [0.050s CPU, 0.055s wall-clock]
Computing fact groups...
Finding invariants...
20 initial candidates
Finding invariants: [0.010s CPU, 0.006s wall-clock]
Checking invariant weight... [0.000s CPU, 0.000s wall-clock]
Instantiating groups... [0.000s CPU, 0.001s wall-clock]
Collecting mutex groups... [0.000s CPU, 0.001s wall-clock]
Choosing groups...
306 uncovered facts
Choosing groups: [0.000s CPU, 0.000s wall-clock]
Building translation key... [0.000s CPU, 0.001s wall-clock]
Computing fact groups: [0.010s CPU, 0.010s wall-clock]
Building STRIPS to SAS dictionary... [0.000s CPU, 0.000s wall-clock]
Building dictionary for full mutex groups... [0.000s CPU, 0.000s wall-clock]
Building mutex information...
Building mutex information: [0.000s CPU, 0.000s wall-clock]
Translating task...
Processing axioms...
Simplifying axioms... [0.000s CPU, 0.000s wall-clock]
Translator axioms removed by simplifying: 0
Computing negative axioms... [0.000s CPU, 0.000s wall-clock]
Processing axioms: [0.010s CPU, 0.002s wall-clock]
Translating task: [0.030s CPU, 0.030s wall-clock]
841 effect conditions simplified
0 implied preconditions added
Detecting unreachable propositions...
0 operators removed
0 axioms removed
12 propositions removed
Detecting unreachable propositions: [0.020s CPU, 0.022s wall-clock]
Reordering and filtering variables...
106 of 315 variables necessary.
0 of 10 mutex groups necessary.
1051 of 1051 operators necessary.
0 of 0 axiom rules necessary.
Reordering and filtering variables: [0.010s CPU, 0.007s wall-clock]
Translator variables: 106
Translator derived variables: 0
Translator facts: 402
Translator goal facts: 60
Translator mutex groups: 0
Translator total mutex groups size: 0
Translator operators: 1051
Translator axioms: 0
Translator task size: 7378
Translator peak memory: 37760 KB
Writing output... [0.010s CPU, 0.005s wall-clock]
Done! [0.140s CPU, 0.137s wall-clock]
translate exit code: 0

INFO     Running search (release).
INFO     search stdin: output.sas
INFO     search time limit: 1799s
INFO     search memory limit: 2048 MB
INFO     search command line string: /home/henry/Documents/UFRGS/TCC/downward/experiments/lab/data/main/code-5bb2ccb6957559b6969ffd7e29254c73f84d5e49_e5e41175/builds/release/bin/downward --search 'eager_greedy([lsh(patterns=systematic(2), transform=adapt_costs(cost_type=ONE))])' --internal-plan-file sas_plan < output.sas
[t=0s, 10544 KB] reading input...
[t=0.00400699s, 10856 KB] done reading input!
[t=0.00400699s, 11252 KB] Generating patterns using: systematic pattern collection generator
[t=0.00400699s, 11252 KB] building causal graph...done! [t=0s]
[t=0.00400699s, 11252 KB] Found 360 SGA patterns.
[t=0.00400699s, 11252 KB] Found 360 interesting patterns.
[t=0.00400699s, 11252 KB] systematic pattern collection generator number of patterns: 360
[t=0.00400699s, 11252 KB] systematic pattern collection generator total PDB size: 3942
[t=0.00400699s, 11252 KB] systematic pattern collection generator computation time: 0s
[t=0.00400699s, 11252 KB] Computing PDBs for pattern collection...
[t=0.0519402s, 11252 KB] Done computing PDBs for pattern collection: 0.0479332s
[t=0.0599457s, 11384 KB] Building successor generator...done!
[t=0.0599457s, 11516 KB] peak memory difference for successor generator creation: 132 KB
[t=0.0599457s, 11516 KB] time for successor generation creation: 0s
[t=0.0599457s, 11516 KB] Variables: 106
[t=0.0599457s, 11516 KB] FactPairs: 402
[t=0.0599457s, 11516 KB] Bytes per state: 20
[t=0.0599457s, 11516 KB] Conducting best first search without reopening closed nodes, (real) bound = 2147483647
[t=0.0599457s, 11516 KB] New best heuristic value for lsh(patterns=systematic(2),transform=adapt_costs(cost_type=one)): 61
[t=0.0599457s, 11516 KB] g=0, 1 evaluated, 0 expanded
[t=0.0599457s, 11516 KB] Initial heuristic value for lsh(patterns=systematic(2),transform=adapt_costs(cost_type=one)): 61
[t=0.0599457s, 11516 KB] pruning method: none
[t=0.0599457s, 11516 KB] New best heuristic value for lsh(patterns=systematic(2),transform=adapt_costs(cost_type=one)): 60
[t=0.0599457s, 11516 KB] g=0, 2 evaluated, 1 expanded
[t=0.0599457s, 11516 KB] New best heuristic value for lsh(patterns=systematic(2),transform=adapt_costs(cost_type=one)): 59
[t=0.0599457s, 11516 KB] g=899, 3 evaluated, 2 expanded
[t=0.0599457s, 11516 KB] New best heuristic value for lsh(patterns=systematic(2),transform=adapt_costs(cost_type=one)): 58
[t=0.0599457s, 11516 KB] g=3588, 13 evaluated, 3 expanded
[t=0.0599457s, 11516 KB] New best heuristic value for lsh(patterns=systematic(2),transform=adapt_costs(cost_type=one)): 57
[t=0.0599457s, 11516 KB] g=14478, 25 evaluated, 4 expanded
[t=0.0599457s, 11516 KB] New best heuristic value for lsh(patterns=systematic(2),transform=adapt_costs(cost_type=one)): 56
[t=0.0599457s, 11516 KB] g=15377, 37 evaluated, 5 expanded
[t=0.0599457s, 11516 KB] New best heuristic value for lsh(patterns=systematic(2),transform=adapt_costs(cost_type=one)): 55
[t=0.0599457s, 11516 KB] g=18066, 48 evaluated, 6 expanded
[t=0.0599457s, 11516 KB] New best heuristic value for lsh(patterns=systematic(2),transform=adapt_costs(cost_type=one)): 54
[t=0.0599457s, 11516 KB] g=28956, 61 evaluated, 7 expanded
[t=0.0599457s, 11516 KB] New best heuristic value for lsh(patterns=systematic(2),transform=adapt_costs(cost_type=one)): 53
[t=0.0599457s, 11516 KB] g=29855, 74 evaluated, 8 expanded
[t=0.0599457s, 11516 KB] New best heuristic value for lsh(patterns=systematic(2),transform=adapt_costs(cost_type=one)): 52
[t=0.0599457s, 11516 KB] g=32544, 86 evaluated, 9 expanded
[t=0.0599457s, 11516 KB] New best heuristic value for lsh(patterns=systematic(2),transform=adapt_costs(cost_type=one)): 51
[t=0.0599457s, 11516 KB] g=43434, 100 evaluated, 10 expanded
[t=0.0599457s, 11516 KB] New best heuristic value for lsh(patterns=systematic(2),transform=adapt_costs(cost_type=one)): 50
[t=0.0599457s, 11516 KB] g=44333, 114 evaluated, 11 expanded
[t=0.0599457s, 11516 KB] New best heuristic value for lsh(patterns=systematic(2),transform=adapt_costs(cost_type=one)): 49
[t=0.0599457s, 11516 KB] g=47022, 127 evaluated, 12 expanded
[t=0.0599457s, 11516 KB] New best heuristic value for lsh(patterns=systematic(2),transform=adapt_costs(cost_type=one)): 48
[t=0.0599457s, 11516 KB] g=57912, 142 evaluated, 13 expanded
[t=0.0599457s, 11516 KB] New best heuristic value for lsh(patterns=systematic(2),transform=adapt_costs(cost_type=one)): 47
[t=0.0599457s, 11516 KB] g=58811, 157 evaluated, 14 expanded
[t=0.0599457s, 11516 KB] New best heuristic value for lsh(patterns=systematic(2),transform=adapt_costs(cost_type=one)): 46
[t=0.0599457s, 11516 KB] g=61500, 171 evaluated, 15 expanded
[t=0.0599457s, 11516 KB] New best heuristic value for lsh(patterns=systematic(2),transform=adapt_costs(cost_type=one)): 45
[t=0.0599457s, 11516 KB] g=72390, 187 evaluated, 16 expanded
[t=0.0599457s, 11516 KB] New best heuristic value for lsh(patterns=systematic(2),transform=adapt_costs(cost_type=one)): 44
[t=0.0599457s, 11516 KB] g=73289, 203 evaluated, 17 expanded
[t=0.0599457s, 11516 KB] New best heuristic value for lsh(patterns=systematic(2),transform=adapt_costs(cost_type=one)): 43
[t=0.0599457s, 11516 KB] g=75978, 218 evaluated, 18 expanded
[t=0.0599457s, 11516 KB] New best heuristic value for lsh(patterns=systematic(2),transform=adapt_costs(cost_type=one)): 42
[t=0.0599457s, 11516 KB] g=86868, 235 evaluated, 19 expanded
[t=0.0599457s, 11516 KB] New best heuristic value for lsh(patterns=systematic(2),transform=adapt_costs(cost_type=one)): 41
[t=0.0599457s, 11516 KB] g=87767, 252 evaluated, 20 expanded
[t=0.0599457s, 11516 KB] New best heuristic value for lsh(patterns=systematic(2),transform=adapt_costs(cost_type=one)): 40
[t=0.0599457s, 11516 KB] g=90456, 268 evaluated, 21 expanded
[t=0.0599457s, 11516 KB] New best heuristic value for lsh(patterns=systematic(2),transform=adapt_costs(cost_type=one)): 39
[t=0.0599457s, 11516 KB] g=101346, 286 evaluated, 22 expanded
[t=0.0599457s, 11516 KB] New best heuristic value for lsh(patterns=systematic(2),transform=adapt_costs(cost_type=one)): 38
[t=0.0599457s, 11516 KB] g=102245, 304 evaluated, 23 expanded
[t=0.0599457s, 11516 KB] New best heuristic value for lsh(patterns=systematic(2),transform=adapt_costs(cost_type=one)): 37
[t=0.0599457s, 11516 KB] g=104934, 321 evaluated, 24 expanded
[t=0.0599457s, 11516 KB] New best heuristic value for lsh(patterns=systematic(2),transform=adapt_costs(cost_type=one)): 36
[t=0.0599457s, 11516 KB] g=105833, 341 evaluated, 25 expanded
[t=0.0599457s, 11516 KB] New best heuristic value for lsh(patterns=systematic(2),transform=adapt_costs(cost_type=one)): 35
[t=0.0599457s, 11516 KB] g=108522, 359 evaluated, 26 expanded
[t=0.0599457s, 11516 KB] New best heuristic value for lsh(patterns=systematic(2),transform=adapt_costs(cost_type=one)): 34
[t=0.0599457s, 11516 KB] g=119412, 379 evaluated, 27 expanded
[t=0.0599457s, 11516 KB] New best heuristic value for lsh(patterns=systematic(2),transform=adapt_costs(cost_type=one)): 33
[t=0.0599457s, 11516 KB] g=120311, 399 evaluated, 28 expanded
[t=0.0599457s, 11516 KB] New best heuristic value for lsh(patterns=systematic(2),transform=adapt_costs(cost_type=one)): 32
[t=0.0599457s, 11516 KB] g=123000, 418 evaluated, 29 expanded
[t=0.0599457s, 11516 KB] New best heuristic value for lsh(patterns=systematic(2),transform=adapt_costs(cost_type=one)): 31
[t=0.0599457s, 11516 KB] g=133890, 439 evaluated, 30 expanded
[t=0.0639327s, 11516 KB] New best heuristic value for lsh(patterns=systematic(2),transform=adapt_costs(cost_type=one)): 30
[t=0.0639327s, 11516 KB] g=442110, 621 evaluated, 40 expanded
[t=0.0639327s, 11516 KB] New best heuristic value for lsh(patterns=systematic(2),transform=adapt_costs(cost_type=one)): 29
[t=0.0639327s, 11516 KB] g=445361, 641 evaluated, 41 expanded
[t=0.0639327s, 11516 KB] New best heuristic value for lsh(patterns=systematic(2),transform=adapt_costs(cost_type=one)): 28
[t=0.0639327s, 11516 KB] g=446860, 661 evaluated, 42 expanded
[t=0.0639327s, 11516 KB] New best heuristic value for lsh(patterns=systematic(2),transform=adapt_costs(cost_type=one)): 27
[t=0.0639327s, 11516 KB] g=755080, 771 evaluated, 48 expanded
[t=0.0639327s, 11516 KB] New best heuristic value for lsh(patterns=systematic(2),transform=adapt_costs(cost_type=one)): 26
[t=0.0639327s, 11516 KB] g=758331, 789 evaluated, 49 expanded
[t=0.0639327s, 11516 KB] New best heuristic value for lsh(patterns=systematic(2),transform=adapt_costs(cost_type=one)): 25
[t=0.0639327s, 11516 KB] g=759830, 807 evaluated, 50 expanded
[t=0.0639327s, 11516 KB] New best heuristic value for lsh(patterns=systematic(2),transform=adapt_costs(cost_type=one)): 24
[t=0.0639327s, 11516 KB] g=1068050, 905 evaluated, 56 expanded
[t=0.0639327s, 11516 KB] New best heuristic value for lsh(patterns=systematic(2),transform=adapt_costs(cost_type=one)): 23
[t=0.0639327s, 11516 KB] g=1071301, 921 evaluated, 57 expanded
[t=0.0639327s, 11516 KB] New best heuristic value for lsh(patterns=systematic(2),transform=adapt_costs(cost_type=one)): 22
[t=0.0639327s, 11516 KB] g=1072800, 937 evaluated, 58 expanded
[t=0.0639327s, 11516 KB] New best heuristic value for lsh(patterns=systematic(2),transform=adapt_costs(cost_type=one)): 21
[t=0.0639327s, 11516 KB] g=1381020, 1023 evaluated, 64 expanded
[t=0.0639327s, 11516 KB] New best heuristic value for lsh(patterns=systematic(2),transform=adapt_costs(cost_type=one)): 20
[t=0.0639327s, 11516 KB] g=1384271, 1037 evaluated, 65 expanded
[t=0.0639327s, 11516 KB] New best heuristic value for lsh(patterns=systematic(2),transform=adapt_costs(cost_type=one)): 19
[t=0.0639327s, 11516 KB] g=1385770, 1051 evaluated, 66 expanded
[t=0.0639327s, 11516 KB] New best heuristic value for lsh(patterns=systematic(2),transform=adapt_costs(cost_type=one)): 18
[t=0.0639327s, 11516 KB] g=1693990, 1125 evaluated, 72 expanded
[t=0.0639327s, 11516 KB] New best heuristic value for lsh(patterns=systematic(2),transform=adapt_costs(cost_type=one)): 17
[t=0.0639327s, 11516 KB] g=1697241, 1137 evaluated, 73 expanded
[t=0.0639327s, 11516 KB] New best heuristic value for lsh(patterns=systematic(2),transform=adapt_costs(cost_type=one)): 16
[t=0.0639327s, 11516 KB] g=1698740, 1149 evaluated, 74 expanded
[t=0.0639327s, 11516 KB] New best heuristic value for lsh(patterns=systematic(2),transform=adapt_costs(cost_type=one)): 15
[t=0.0639327s, 11516 KB] g=2006960, 1211 evaluated, 80 expanded
[t=0.0639327s, 11516 KB] New best heuristic value for lsh(patterns=systematic(2),transform=adapt_costs(cost_type=one)): 14
[t=0.0639327s, 11516 KB] g=2010211, 1221 evaluated, 81 expanded
[t=0.0639327s, 11516 KB] New best heuristic value for lsh(patterns=systematic(2),transform=adapt_costs(cost_type=one)): 13
[t=0.0639327s, 11516 KB] g=2011710, 1231 evaluated, 82 expanded
[t=0.0639327s, 11516 KB] New best heuristic value for lsh(patterns=systematic(2),transform=adapt_costs(cost_type=one)): 12
[t=0.0639327s, 11516 KB] g=2319930, 1281 evaluated, 88 expanded
[t=0.0639327s, 11516 KB] New best heuristic value for lsh(patterns=systematic(2),transform=adapt_costs(cost_type=one)): 11
[t=0.0639327s, 11516 KB] g=2323181, 1289 evaluated, 89 expanded
[t=0.0639327s, 11516 KB] New best heuristic value for lsh(patterns=systematic(2),transform=adapt_costs(cost_type=one)): 10
[t=0.0639327s, 11516 KB] g=2324680, 1297 evaluated, 90 expanded
[t=0.0639327s, 11516 KB] New best heuristic value for lsh(patterns=systematic(2),transform=adapt_costs(cost_type=one)): 9
[t=0.0639327s, 11516 KB] g=2632900, 1335 evaluated, 96 expanded
[t=0.0639327s, 11516 KB] New best heuristic value for lsh(patterns=systematic(2),transform=adapt_costs(cost_type=one)): 8
[t=0.0639327s, 11516 KB] g=2636151, 1341 evaluated, 97 expanded
[t=0.0639327s, 11516 KB] New best heuristic value for lsh(patterns=systematic(2),transform=adapt_costs(cost_type=one)): 7
[t=0.0639327s, 11516 KB] g=2944371, 1369 evaluated, 103 expanded
[t=0.0639327s, 11516 KB] New best heuristic value for lsh(patterns=systematic(2),transform=adapt_costs(cost_type=one)): 6
[t=0.0639327s, 11516 KB] g=2947622, 1373 evaluated, 104 expanded
[t=0.0679391s, 11516 KB] New best heuristic value for lsh(patterns=systematic(2),transform=adapt_costs(cost_type=one)): 5
[t=0.0679391s, 11516 KB] g=3306059, 1507 evaluated, 151 expanded
[t=0.0679391s, 11516 KB] New best heuristic value for lsh(patterns=systematic(2),transform=adapt_costs(cost_type=one)): 4
[t=0.0679391s, 11516 KB] g=3614279, 1517 evaluated, 156 expanded
[t=0.0679391s, 11516 KB] New best heuristic value for lsh(patterns=systematic(2),transform=adapt_costs(cost_type=one)): 3
[t=0.0679391s, 11516 KB] g=3617530, 1519 evaluated, 157 expanded
[t=0.0679391s, 11516 KB] New best heuristic value for lsh(patterns=systematic(2),transform=adapt_costs(cost_type=one)): 2
[t=0.0679391s, 11516 KB] g=3619029, 1521 evaluated, 158 expanded
[t=0.0679391s, 11516 KB] New best heuristic value for lsh(patterns=systematic(2),transform=adapt_costs(cost_type=one)): 1
[t=0.0679391s, 11516 KB] g=3620528, 1522 evaluated, 159 expanded
[t=0.0679391s, 11516 KB] New best heuristic value for lsh(patterns=systematic(2),transform=adapt_costs(cost_type=one)): 0
[t=0.0679391s, 11516 KB] g=3622027, 1523 evaluated, 160 expanded
[t=0.0679391s, 11516 KB] Solution found!
[t=0.0679391s, 11516 KB] Actual search time: 0.00799348s
initialize  (0)
fe1-feedmsi-letter sheet1 (500)
im1-movelower-letter sheet1 (3088)
lc1-fmove-letter sheet1 (10890)
fe1-feedmsi-letter sheet2 (500)
im1-movelower-letter sheet2 (3088)
lc1-fmove-letter sheet2 (10890)
fe1-feedmsi-letter sheet3 (500)
im1-movelower-letter sheet3 (3088)
lc1-fmove-letter sheet3 (10890)
fe1-feedmsi-letter sheet4 (500)
im1-movelower-letter sheet4 (3088)
lc1-fmove-letter sheet4 (10890)
fe1-feedmsi-letter sheet5 (500)
im1-movelower-letter sheet5 (3088)
lc1-fmove-letter sheet5 (10890)
fe1-feedmsi-letter sheet6 (500)
im1-movelower-letter sheet6 (3088)
lc1-fmove-letter sheet6 (10890)
fe1-feedmsi-letter sheet7 (500)
im1-movelower-letter sheet7 (3088)
lc1-fmove-letter sheet7 (10890)
fe1-feedmsi-letter sheet8 (500)
im1-movelower-letter sheet8 (3088)
fe1-feedmsi-letter sheet9 (500)
im1-movelower-letter sheet9 (3088)
lc1-fmove-letter sheet9 (10890)
fe1-feedmsi-letter sheet10 (500)
im1-movelower-letter sheet10 (3088)
lc1-fmove-letter sheet10 (10890)
lc2-divert-letter sheet1 back front (17452)
lre-simplex-letter sheet1 front image-1 (211849)
lc2-mergeinvert-letter sheet1 (78919)
om-lowerout-letter sheet1 (3251)
sys-stack-letter sheet1 dummy-sheet (1499)
lc2-divert-letter sheet2 back front (17452)
lre-simplex-letter sheet2 front image-2 (211849)
lc2-mergeinvert-letter sheet2 (78919)
om-lowerout-letter sheet2 (3251)
sys-stack-letter sheet2 sheet1 (1499)
lc2-divert-letter sheet3 back front (17452)
lre-simplexmono-letter sheet3 front image-3 (211849)
lc2-mergeinvert-letter sheet3 (78919)
om-lowerout-letter sheet3 (3251)
sys-stack-letter sheet3 sheet2 (1499)
lc2-divert-letter sheet4 back front (17452)
lre-simplexmono-letter sheet4 front image-4 (211849)
lc2-mergeinvert-letter sheet4 (78919)
om-lowerout-letter sheet4 (3251)
sys-stack-letter sheet4 sheet3 (1499)
lc2-divert-letter sheet5 back front (17452)
lre-simplexmono-letter sheet5 front image-5 (211849)
lc2-mergeinvert-letter sheet5 (78919)
om-lowerout-letter sheet5 (3251)
sys-stack-letter sheet5 sheet4 (1499)
lc2-divert-letter sheet6 back front (17452)
lre-simplex-letter sheet6 front image-6 (211849)
lc2-mergeinvert-letter sheet6 (78919)
om-lowerout-letter sheet6 (3251)
sys-stack-letter sheet6 sheet5 (1499)
lc2-divert-letter sheet7 back front (17452)
lre-simplexmono-letter sheet7 front image-7 (211849)
lc2-mergeinvert-letter sheet7 (78919)
om-lowerout-letter sheet7 (3251)
sys-stack-letter sheet7 sheet6 (1499)
lc2-divert-letter sheet9 back front (17452)
lre-simplexmono-letter sheet9 front image-9 (211849)
lc2-mergeinvert-letter sheet9 (78919)
om-lowerout-letter sheet9 (3251)
lc2-divert-letter sheet10 back front (17452)
lre-simplexmono-letter sheet10 front image-10 (211849)
lc2-mergeinvert-letter sheet10 (78919)
om-lowerout-letter sheet10 (3251)
lc1-fmove-letter sheet8 (10890)
lc2-divert-letter sheet8 back front (17452)
lre-simplex-letter sheet8 front image-8 (211849)
lc2-mergeinvert-letter sheet8 (78919)
om-lowerreturn-letter sheet8 (3568)
rh2-returnmove-letter sheet8 (10869)
rh1-returnmove-letter sheet8 (10869)
im1-looplower-letter sheet8 (3131)
lc1-fmove-letter sheet8 (10890)
lc2-divert-letter sheet8 front back (17452)
lre-simplex-letter sheet8 back image-8b (211849)
lc2-merge-letter sheet8 back front (78919)
om-lowerout-letter sheet8 (3251)
sys-stack-letter sheet8 sheet7 (1499)
sys-stack-letter sheet9 sheet8 (1499)
sys-stack-letter sheet10 sheet9 (1499)
[t=0.0679391s, 11516 KB] Plan length: 89 step(s).
[t=0.0679391s, 11516 KB] Plan cost: 3622027
[t=0.0679391s, 11516 KB] Expanded 161 state(s).
[t=0.0679391s, 11516 KB] Reopened 0 state(s).
[t=0.0679391s, 11516 KB] Evaluated 1523 state(s).
[t=0.0679391s, 11516 KB] Evaluations: 1523
[t=0.0679391s, 11516 KB] Generated 2042 state(s).
[t=0.0679391s, 11516 KB] Dead ends: 81 state(s).
[t=0.0679391s, 11516 KB] Number of registered states: 1523
[t=0.0679391s, 11516 KB] Int hash set load factor: 1523/2048 = 0.743652
[t=0.0679391s, 11516 KB] Int hash set resizes: 11
[t=0.0679391s, 11516 KB] Search time: 0.00799348s
[t=0.0679391s, 11516 KB] Total time: 0.0679391s
Solution found.
Peak memory: 11516 KB
Remove intermediate file output.sas
search exit code: 0

INFO     Running validate.
INFO     validate stdin: None
INFO     validate time limit: None
INFO     validate memory limit: None
INFO     validate command line string: /home/henry/bin/validate domain.pddl problem.pddl sas_plan
Checking plan: sas_plan
Plan executed successfully - checking goal
Plan valid
Final value: 3622027 

Successful plans:
Value: 3622027
 sas_plan 3622027 

validate exit code: 0

INFO     Planner time: 0.25s
