INFO     planner time limit: 1800s
INFO     planner memory limit: 2048 MB

INFO     Running translator.
INFO     translator stdin: None
INFO     translator time limit: 1799s
INFO     translator memory limit: 2048 MB
INFO     translator command line string: /home/henry/Documents/UFRGS/TCC/downward/.venv/bin/python /home/henry/Documents/UFRGS/TCC/downward/experiments/lab/data/main/code-5bb2ccb6957559b6969ffd7e29254c73f84d5e49_e5e41175/builds/release/bin/translate/translate.py domain.pddl problem.pddl --sas-file output.sas
Parsing...
Parsing: [0.000s CPU, 0.003s wall-clock]
Normalizing task... [0.000s CPU, 0.000s wall-clock]
Instantiating...
Generating Datalog program... [0.000s CPU, 0.001s wall-clock]
Normalizing Datalog program...
Trivial rules: Converted to facts.
Normalizing Datalog program: [0.000s CPU, 0.004s wall-clock]
Preparing model... [0.010s CPU, 0.003s wall-clock]
Generated 129 rules.
Computing model... [0.450s CPU, 0.457s wall-clock]
40468 relevant atoms
35614 auxiliary atoms
76082 final queue length
254224 total queue pushes
Completing instantiation... [2.080s CPU, 2.074s wall-clock]
Instantiating: [2.550s CPU, 2.550s wall-clock]
Computing fact groups...
Finding invariants...
28 initial candidates
Finding invariants: [0.010s CPU, 0.009s wall-clock]
Checking invariant weight... [0.000s CPU, 0.000s wall-clock]
Instantiating groups... [0.000s CPU, 0.001s wall-clock]
Collecting mutex groups... [0.000s CPU, 0.000s wall-clock]
Choosing groups...
603 uncovered facts
Choosing groups: [0.000s CPU, 0.001s wall-clock]
Building translation key... [0.000s CPU, 0.002s wall-clock]
Computing fact groups: [0.020s CPU, 0.017s wall-clock]
Building STRIPS to SAS dictionary... [0.000s CPU, 0.001s wall-clock]
Building dictionary for full mutex groups... [0.000s CPU, 0.001s wall-clock]
Building mutex information...
Building mutex information: [0.000s CPU, 0.000s wall-clock]
Translating task...
Processing axioms...
Simplifying axioms... [0.000s CPU, 0.000s wall-clock]
Translator axioms removed by simplifying: 0
Computing negative axioms... [0.000s CPU, 0.000s wall-clock]
Processing axioms: [0.120s CPU, 0.121s wall-clock]
Translating task: [2.330s CPU, 2.327s wall-clock]
57965 effect conditions simplified
0 implied preconditions added
Detecting unreachable propositions...
0 operators removed
0 axioms removed
45 propositions removed
Detecting unreachable propositions: [1.530s CPU, 1.539s wall-clock]
Reordering and filtering variables...
628 of 630 variables necessary.
0 of 33 mutex groups necessary.
38647 of 38647 operators necessary.
0 of 0 axiom rules necessary.
Reordering and filtering variables: [0.690s CPU, 0.691s wall-clock]
Translator variables: 628
Translator derived variables: 0
Translator facts: 1884
Translator goal facts: 40
Translator mutex groups: 0
Translator total mutex groups size: 0
Translator operators: 38647
Translator axioms: 0
Translator task size: 556651
Translator peak memory: 301684 KB
Writing output... [0.350s CPU, 0.358s wall-clock]
Done! [7.570s CPU, 7.581s wall-clock]
translate exit code: 0

INFO     Running search (release).
INFO     search stdin: output.sas
INFO     search time limit: 1792s
INFO     search memory limit: 2048 MB
INFO     search command line string: /home/henry/Documents/UFRGS/TCC/downward/experiments/lab/data/main/code-5bb2ccb6957559b6969ffd7e29254c73f84d5e49_e5e41175/builds/release/bin/downward --search 'eager_greedy([lsh(patterns=systematic(4), transform=adapt_costs(cost_type=ONE))])' --internal-plan-file sas_plan < output.sas
[t=0s, 10544 KB] reading input...
[t=0.23051s, 30016 KB] done reading input!
[t=0.234507s, 30412 KB] Generating patterns using: systematic pattern collection generator
[t=0.234507s, 30412 KB] building causal graph...done! [t=0.127932s]
Failed to allocate memory.
Memory limit has been reached.
Peak memory: 2097092 KB
Remove intermediate file output.sas
search exit code: 22

Driver aborting after search
INFO     Planner time: 19.93s
