INFO     planner time limit: 1800s
INFO     planner memory limit: 2048 MB

INFO     Running translator.
INFO     translator stdin: None
INFO     translator time limit: 1799s
INFO     translator memory limit: 2048 MB
INFO     translator command line string: /home/henry/Documents/UFRGS/TCC/downward/.venv/bin/python /home/henry/Documents/UFRGS/TCC/downward/experiments/lab/data/main/code-5bb2ccb6957559b6969ffd7e29254c73f84d5e49_e5e41175/builds/release/bin/translate/translate.py domain.pddl problem.pddl --sas-file output.sas
Parsing...
Parsing: [0.000s CPU, 0.004s wall-clock]
Normalizing task... [0.000s CPU, 0.000s wall-clock]
Instantiating...
Generating Datalog program... [0.000s CPU, 0.001s wall-clock]
Normalizing Datalog program...
Normalizing Datalog program: [0.010s CPU, 0.008s wall-clock]
Preparing model... [0.010s CPU, 0.004s wall-clock]
Generated 284 rules.
Computing model... [0.180s CPU, 0.180s wall-clock]
11243 relevant atoms
20286 auxiliary atoms
31529 final queue length
72780 total queue pushes
Completing instantiation... [0.470s CPU, 0.469s wall-clock]
Instantiating: [0.670s CPU, 0.667s wall-clock]
Computing fact groups...
Finding invariants...
22 initial candidates
Finding invariants: [0.040s CPU, 0.035s wall-clock]
Checking invariant weight... [0.000s CPU, 0.000s wall-clock]
Instantiating groups... [0.000s CPU, 0.005s wall-clock]
Collecting mutex groups... [0.000s CPU, 0.000s wall-clock]
Choosing groups...
327 uncovered facts
Choosing groups: [0.010s CPU, 0.001s wall-clock]
Building translation key... [0.000s CPU, 0.001s wall-clock]
Computing fact groups: [0.050s CPU, 0.046s wall-clock]
Building STRIPS to SAS dictionary... [0.000s CPU, 0.000s wall-clock]
Building dictionary for full mutex groups... [0.000s CPU, 0.001s wall-clock]
Building mutex information...
Building mutex information: [0.000s CPU, 0.001s wall-clock]
Translating task...
Processing axioms...
Simplifying axioms... [0.000s CPU, 0.000s wall-clock]
Translator axioms removed by simplifying: 0
Computing negative axioms... [0.000s CPU, 0.000s wall-clock]
Processing axioms: [0.020s CPU, 0.017s wall-clock]
Translating task: [0.470s CPU, 0.473s wall-clock]
8806 effect conditions simplified
0 implied preconditions added
Detecting unreachable propositions...
0 operators removed
0 axioms removed
1 propositions removed
Detecting unreachable propositions: [0.350s CPU, 0.350s wall-clock]
Reordering and filtering variables...
340 of 353 variables necessary.
68 of 94 mutex groups necessary.
10058 of 10066 operators necessary.
0 of 0 axiom rules necessary.
Reordering and filtering variables: [0.120s CPU, 0.113s wall-clock]
Translator variables: 340
Translator derived variables: 0
Translator facts: 1008
Translator goal facts: 4
Translator mutex groups: 68
Translator total mutex groups size: 873
Translator operators: 10058
Translator axioms: 0
Translator task size: 108305
Translator peak memory: 98588 KB
Writing output... [0.070s CPU, 0.075s wall-clock]
Done! [1.750s CPU, 1.755s wall-clock]
translate exit code: 0

INFO     Running search (release).
INFO     search stdin: output.sas
INFO     search time limit: 1798s
INFO     search memory limit: 2048 MB
INFO     search command line string: /home/henry/Documents/UFRGS/TCC/downward/experiments/lab/data/main/code-5bb2ccb6957559b6969ffd7e29254c73f84d5e49_e5e41175/builds/release/bin/downward --search 'eager_greedy([lsh(patterns=systematic(4), transform=adapt_costs(cost_type=ONE))])' --internal-plan-file sas_plan < output.sas
[t=0s, 10544 KB] reading input...
[t=0.0479696s, 14788 KB] done reading input!
[t=0.0479696s, 15184 KB] Generating patterns using: systematic pattern collection generator
[t=0.0479696s, 15184 KB] building causal graph...done! [t=0.015999s]
[t=0.115949s, 37920 KB] Found 81690 SGA patterns.
[t=0.859779s, 37920 KB] Found 82120 interesting patterns.
[t=0.883761s, 37920 KB] systematic pattern collection generator number of patterns: 82120
[t=0.883761s, 37920 KB] systematic pattern collection generator total PDB size: 63631100
[t=0.887761s, 37920 KB] systematic pattern collection generator computation time: 0.835792s
[t=0.887761s, 37920 KB] Computing PDBs for pattern collection...
[t=227.644s, 298576 KB] Done computing PDBs for pattern collection: 226.757s
Failed to allocate memory.
Memory limit has been reached.
Peak memory: 2097040 KB
Remove intermediate file output.sas
search exit code: 22

Driver aborting after search
INFO     Planner time: 259.86s
