INFO     planner time limit: 1800s
INFO     planner memory limit: 2048 MB

INFO     Running translator.
INFO     translator stdin: None
INFO     translator time limit: 1799s
INFO     translator memory limit: 2048 MB
INFO     translator command line string: /home/henry/Documents/UFRGS/TCC/downward/.venv/bin/python /home/henry/Documents/UFRGS/TCC/downward/experiments/lab/data/main/code-5bb2ccb6957559b6969ffd7e29254c73f84d5e49_e5e41175/builds/release/bin/translate/translate.py domain.pddl problem.pddl --sas-file output.sas
Parsing...
Parsing: [0.040s CPU, 0.039s wall-clock]
Normalizing task... [0.000s CPU, 0.004s wall-clock]
Instantiating...
Generating Datalog program... [0.010s CPU, 0.009s wall-clock]
Normalizing Datalog program...
Normalizing Datalog program: [0.030s CPU, 0.028s wall-clock]
Preparing model... [0.030s CPU, 0.030s wall-clock]
Generated 1852 rules.
Computing model... [2.120s CPU, 2.121s wall-clock]
110339 relevant atoms
160312 auxiliary atoms
270651 final queue length
481791 total queue pushes
Completing instantiation... [3.570s CPU, 3.575s wall-clock]
Instantiating: [5.860s CPU, 5.858s wall-clock]
Computing fact groups...
Finding invariants...
10 initial candidates
Finding invariants: [0.060s CPU, 0.060s wall-clock]
Checking invariant weight... [0.000s CPU, 0.003s wall-clock]
Instantiating groups... [0.000s CPU, 0.002s wall-clock]
Collecting mutex groups... [0.000s CPU, 0.000s wall-clock]
Choosing groups...
230 uncovered facts
Choosing groups: [0.000s CPU, 0.002s wall-clock]
Building translation key... [0.000s CPU, 0.001s wall-clock]
Computing fact groups: [0.070s CPU, 0.075s wall-clock]
Building STRIPS to SAS dictionary... [0.000s CPU, 0.001s wall-clock]
Building dictionary for full mutex groups... [0.000s CPU, 0.001s wall-clock]
Building mutex information...
Building mutex information: [0.000s CPU, 0.001s wall-clock]
Translating task...
Processing axioms...
Simplifying axioms... [0.000s CPU, 0.000s wall-clock]
Translator axioms removed by simplifying: 0
Computing negative axioms... [0.000s CPU, 0.000s wall-clock]
Processing axioms: [0.140s CPU, 0.134s wall-clock]
Translating task: [3.150s CPU, 3.152s wall-clock]
0 effect conditions simplified
0 implied preconditions added
Detecting unreachable propositions...
0 operators removed
0 axioms removed
231 propositions removed
Detecting unreachable propositions: [1.750s CPU, 1.743s wall-clock]
Reordering and filtering variables...
461 of 461 variables necessary.
0 of 461 mutex groups necessary.
106260 of 106260 operators necessary.
0 of 0 axiom rules necessary.
Reordering and filtering variables: [0.350s CPU, 0.355s wall-clock]
Translator variables: 461
Translator derived variables: 0
Translator facts: 1381
Translator goal facts: 230
Translator mutex groups: 0
Translator total mutex groups size: 0
Translator operators: 106260
Translator axioms: 0
Translator task size: 676596
Translator peak memory: 456920 KB
Writing output... [0.460s CPU, 0.459s wall-clock]
Done! [11.840s CPU, 11.845s wall-clock]
translate exit code: 0

INFO     Running search (release).
INFO     search stdin: output.sas
INFO     search time limit: 1788s
INFO     search memory limit: 2048 MB
INFO     search command line string: /home/henry/Documents/UFRGS/TCC/downward/experiments/lab/data/main/code-5bb2ccb6957559b6969ffd7e29254c73f84d5e49_e5e41175/builds/release/bin/downward --search 'eager_greedy([ilsh(patterns=systematic(4), transform=adapt_costs(cost_type=ONE))])' --internal-plan-file sas_plan < output.sas
[t=0.00200765s, 10544 KB] reading input...
[t=0.317891s, 38856 KB] done reading input!
[t=0.317891s, 39252 KB] Generating patterns using: systematic pattern collection generator
[t=0.317891s, 39252 KB] building causal graph...done! [t=0.0199923s]
Failed to allocate memory.
Memory limit has been reached.
Peak memory: 2097060 KB
Remove intermediate file output.sas
search exit code: 22

Driver aborting after search
INFO     Planner time: 27.25s
