INFO     planner time limit: 1800s
INFO     planner memory limit: 2048 MB

INFO     Running translator.
INFO     translator stdin: None
INFO     translator time limit: 1799s
INFO     translator memory limit: 2048 MB
INFO     translator command line string: /home/henry/Documents/UFRGS/TCC/downward/.venv/bin/python /home/henry/Documents/UFRGS/TCC/downward/experiments/lab/data/main/code-5bb2ccb6957559b6969ffd7e29254c73f84d5e49_e5e41175/builds/release/bin/translate/translate.py domain.pddl problem.pddl --sas-file output.sas
Parsing...
Parsing: [0.000s CPU, 0.004s wall-clock]
Normalizing task... [0.000s CPU, 0.000s wall-clock]
Instantiating...
Generating Datalog program... [0.000s CPU, 0.001s wall-clock]
Normalizing Datalog program...
Normalizing Datalog program: [0.010s CPU, 0.003s wall-clock]
Preparing model... [0.000s CPU, 0.003s wall-clock]
Generated 212 rules.
Computing model... [0.010s CPU, 0.011s wall-clock]
1146 relevant atoms
1316 auxiliary atoms
2462 final queue length
3332 total queue pushes
Completing instantiation... [0.010s CPU, 0.012s wall-clock]
Instantiating: [0.030s CPU, 0.029s wall-clock]
Computing fact groups...
Finding invariants...
20 initial candidates
Finding invariants: [0.000s CPU, 0.003s wall-clock]
Checking invariant weight... [0.000s CPU, 0.000s wall-clock]
Instantiating groups... [0.010s CPU, 0.001s wall-clock]
Collecting mutex groups... [0.000s CPU, 0.000s wall-clock]
Choosing groups...
295 uncovered facts
Choosing groups: [0.000s CPU, 0.000s wall-clock]
Building translation key... [0.000s CPU, 0.001s wall-clock]
Computing fact groups: [0.010s CPU, 0.007s wall-clock]
Building STRIPS to SAS dictionary... [0.000s CPU, 0.000s wall-clock]
Building dictionary for full mutex groups... [0.000s CPU, 0.000s wall-clock]
Building mutex information...
Building mutex information: [0.000s CPU, 0.000s wall-clock]
Translating task...
Processing axioms...
Simplifying axioms... [0.000s CPU, 0.000s wall-clock]
Translator axioms removed by simplifying: 0
Computing negative axioms... [0.000s CPU, 0.000s wall-clock]
Processing axioms: [0.000s CPU, 0.001s wall-clock]
Translating task: [0.010s CPU, 0.012s wall-clock]
321 effect conditions simplified
0 implied preconditions added
Detecting unreachable propositions...
0 operators removed
0 axioms removed
12 propositions removed
Detecting unreachable propositions: [0.010s CPU, 0.007s wall-clock]
Reordering and filtering variables...
104 of 304 variables necessary.
0 of 10 mutex groups necessary.
461 of 461 operators necessary.
0 of 0 axiom rules necessary.
Reordering and filtering variables: [0.000s CPU, 0.004s wall-clock]
Translator variables: 104
Translator derived variables: 0
Translator facts: 368
Translator goal facts: 60
Translator mutex groups: 0
Translator total mutex groups size: 0
Translator operators: 461
Translator axioms: 0
Translator task size: 3370
Translator peak memory: 34928 KB
Writing output... [0.010s CPU, 0.002s wall-clock]
Done! [0.070s CPU, 0.067s wall-clock]
translate exit code: 0

INFO     Running search (release).
INFO     search stdin: output.sas
INFO     search time limit: 1799s
INFO     search memory limit: 2048 MB
INFO     search command line string: /home/henry/Documents/UFRGS/TCC/downward/experiments/lab/data/main/code-5bb2ccb6957559b6969ffd7e29254c73f84d5e49_e5e41175/builds/release/bin/downward --search 'eager_greedy([operatorcounting(constraint_generators=[pho_constraints(patterns=systematic(4))], use_integer_operator_counts=false, transform=adapt_costs(cost_type=NORMAL))])' --internal-plan-file sas_plan < output.sas
[t=0s, 45596 KB] reading input...
[t=0s, 45728 KB] done reading input!
[t=0.00338528s, 46124 KB] Generating patterns using: systematic pattern collection generator
[t=0.00338528s, 46124 KB] building causal graph...done! [t=0s]
[t=0.0153727s, 49876 KB] Found 15569 SGA patterns.
[t=0.139325s, 54884 KB] Found 46785 interesting patterns.
[t=0.151306s, 55596 KB] systematic pattern collection generator number of patterns: 46785
[t=0.151306s, 55596 KB] systematic pattern collection generator total PDB size: 5804836
[t=0.151306s, 55596 KB] systematic pattern collection generator computation time: 0.147921s
[t=0.151306s, 55596 KB] Computing PDBs for pattern collection...
[t=3.76963s, 84768 KB] Done computing PDBs for pattern collection: 3.61832s
[t=4.16546s, 149984 KB] Building successor generator...done!
[t=4.16546s, 149984 KB] peak memory difference for successor generator creation: 0 KB
[t=4.16546s, 149984 KB] time for successor generation creation: 0s
[t=4.16546s, 149984 KB] Variables: 104
[t=4.16546s, 149984 KB] FactPairs: 368
[t=4.16546s, 149984 KB] Bytes per state: 20
[t=4.16546s, 149984 KB] Conducting best first search without reopening closed nodes, (real) bound = 2147483647
[t=4.28937s, 173568 KB] New best heuristic value for operatorcounting(constraint_generators=[pho_constraints(patterns=systematic(4))],use_integer_operator_counts=false,transform=adapt_costs(cost_type=normal)): 2490322
[t=4.28937s, 173568 KB] g=0, 1 evaluated, 0 expanded
[t=4.28937s, 173568 KB] Initial heuristic value for operatorcounting(constraint_generators=[pho_constraints(patterns=systematic(4))],use_integer_operator_counts=false,transform=adapt_costs(cost_type=normal)): 2490322
[t=4.28937s, 173568 KB] pruning method: none
[t=4.33334s, 176904 KB] New best heuristic value for operatorcounting(constraint_generators=[pho_constraints(patterns=systematic(4))],use_integer_operator_counts=false,transform=adapt_costs(cost_type=normal)): 2482322
[t=4.33334s, 176904 KB] g=8000, 3 evaluated, 2 expanded
[t=4.67301s, 176904 KB] New best heuristic value for operatorcounting(constraint_generators=[pho_constraints(patterns=systematic(4))],use_integer_operator_counts=false,transform=adapt_costs(cost_type=normal)): 2479323
[t=4.67301s, 176904 KB] g=10999, 23 evaluated, 3 expanded
[t=4.697s, 176904 KB] New best heuristic value for operatorcounting(constraint_generators=[pho_constraints(patterns=systematic(4))],use_integer_operator_counts=false,transform=adapt_costs(cost_type=normal)): 2474322
[t=4.697s, 176904 KB] g=16000, 24 evaluated, 3 expanded
[t=5.01264s, 176904 KB] New best heuristic value for operatorcounting(constraint_generators=[pho_constraints(patterns=systematic(4))],use_integer_operator_counts=false,transform=adapt_costs(cost_type=normal)): 2471323
[t=5.01264s, 176904 KB] g=18999, 42 evaluated, 4 expanded
[t=5.06859s, 176904 KB] New best heuristic value for operatorcounting(constraint_generators=[pho_constraints(patterns=systematic(4))],use_integer_operator_counts=false,transform=adapt_costs(cost_type=normal)): 2466322
[t=5.06859s, 176904 KB] g=24000, 44 evaluated, 4 expanded
[t=5.34837s, 176904 KB] New best heuristic value for operatorcounting(constraint_generators=[pho_constraints(patterns=systematic(4))],use_integer_operator_counts=false,transform=adapt_costs(cost_type=normal)): 2463323
[t=5.34837s, 176904 KB] g=26999, 60 evaluated, 5 expanded
[t=5.4283s, 176904 KB] New best heuristic value for operatorcounting(constraint_generators=[pho_constraints(patterns=systematic(4))],use_integer_operator_counts=false,transform=adapt_costs(cost_type=normal)): 2458322
[t=5.4283s, 176904 KB] g=32000, 63 evaluated, 5 expanded
[t=5.68804s, 176904 KB] New best heuristic value for operatorcounting(constraint_generators=[pho_constraints(patterns=systematic(4))],use_integer_operator_counts=false,transform=adapt_costs(cost_type=normal)): 2455323
[t=5.68804s, 176904 KB] g=34999, 77 evaluated, 6 expanded
[t=5.79993s, 176904 KB] New best heuristic value for operatorcounting(constraint_generators=[pho_constraints(patterns=systematic(4))],use_integer_operator_counts=false,transform=adapt_costs(cost_type=normal)): 2450322
[t=5.79993s, 176904 KB] g=40000, 81 evaluated, 6 expanded
[t=6.02775s, 176904 KB] New best heuristic value for operatorcounting(constraint_generators=[pho_constraints(patterns=systematic(4))],use_integer_operator_counts=false,transform=adapt_costs(cost_type=normal)): 2447323
[t=6.02775s, 176904 KB] g=42999, 93 evaluated, 7 expanded
[t=6.1876s, 176904 KB] New best heuristic value for operatorcounting(constraint_generators=[pho_constraints(patterns=systematic(4))],use_integer_operator_counts=false,transform=adapt_costs(cost_type=normal)): 2442322
[t=6.1876s, 176904 KB] g=48000, 99 evaluated, 7 expanded
[t=6.35548s, 176904 KB] New best heuristic value for operatorcounting(constraint_generators=[pho_constraints(patterns=systematic(4))],use_integer_operator_counts=false,transform=adapt_costs(cost_type=normal)): 2439323
[t=6.35548s, 176904 KB] g=50999, 108 evaluated, 8 expanded
[t=6.54331s, 176904 KB] New best heuristic value for operatorcounting(constraint_generators=[pho_constraints(patterns=systematic(4))],use_integer_operator_counts=false,transform=adapt_costs(cost_type=normal)): 2434322
[t=6.54331s, 176904 KB] g=56000, 115 evaluated, 8 expanded
[t=6.68714s, 176904 KB] New best heuristic value for operatorcounting(constraint_generators=[pho_constraints(patterns=systematic(4))],use_integer_operator_counts=false,transform=adapt_costs(cost_type=normal)): 2431323
[t=6.68714s, 176904 KB] g=58999, 122 evaluated, 9 expanded
[t=6.89891s, 176904 KB] New best heuristic value for operatorcounting(constraint_generators=[pho_constraints(patterns=systematic(4))],use_integer_operator_counts=false,transform=adapt_costs(cost_type=normal)): 2426322
[t=6.89891s, 176904 KB] g=64000, 130 evaluated, 9 expanded
[t=7.01077s, 176904 KB] New best heuristic value for operatorcounting(constraint_generators=[pho_constraints(patterns=systematic(4))],use_integer_operator_counts=false,transform=adapt_costs(cost_type=normal)): 2423323
[t=7.01077s, 176904 KB] g=66999, 135 evaluated, 10 expanded
[t=7.31048s, 176904 KB] New best heuristic value for operatorcounting(constraint_generators=[pho_constraints(patterns=systematic(4))],use_integer_operator_counts=false,transform=adapt_costs(cost_type=normal)): 2418322
[t=7.31048s, 176904 KB] g=72000, 145 evaluated, 10 expanded
[t=7.37042s, 176904 KB] New best heuristic value for operatorcounting(constraint_generators=[pho_constraints(patterns=systematic(4))],use_integer_operator_counts=false,transform=adapt_costs(cost_type=normal)): 2415323
[t=7.37042s, 176904 KB] g=74999, 147 evaluated, 11 expanded
[t=7.60616s, 176904 KB] New best heuristic value for operatorcounting(constraint_generators=[pho_constraints(patterns=systematic(4))],use_integer_operator_counts=false,transform=adapt_costs(cost_type=normal)): 2410322
[t=7.60616s, 176904 KB] g=80000, 156 evaluated, 11 expanded
[t=7.66211s, 176904 KB] New best heuristic value for operatorcounting(constraint_generators=[pho_constraints(patterns=systematic(4))],use_integer_operator_counts=false,transform=adapt_costs(cost_type=normal)): 2407323
[t=7.66211s, 176904 KB] g=82999, 158 evaluated, 12 expanded
[t=7.92585s, 176904 KB] New best heuristic value for operatorcounting(constraint_generators=[pho_constraints(patterns=systematic(4))],use_integer_operator_counts=false,transform=adapt_costs(cost_type=normal)): 2404324
[t=7.92585s, 176904 KB] g=85998, 168 evaluated, 13 expanded
[t=8.11762s, 176904 KB] New best heuristic value for operatorcounting(constraint_generators=[pho_constraints(patterns=systematic(4))],use_integer_operator_counts=false,transform=adapt_costs(cost_type=normal)): 2399323
[t=8.11762s, 176904 KB] g=90999, 175 evaluated, 13 expanded
[t=8.19754s, 176904 KB] New best heuristic value for operatorcounting(constraint_generators=[pho_constraints(patterns=systematic(4))],use_integer_operator_counts=false,transform=adapt_costs(cost_type=normal)): 2396324
[t=8.19754s, 176904 KB] g=93998, 178 evaluated, 14 expanded
[t=8.38535s, 176904 KB] New best heuristic value for operatorcounting(constraint_generators=[pho_constraints(patterns=systematic(4))],use_integer_operator_counts=false,transform=adapt_costs(cost_type=normal)): 2175283
[t=8.38535s, 176904 KB] g=315039, 185 evaluated, 14 expanded
[t=8.46529s, 176904 KB] New best heuristic value for operatorcounting(constraint_generators=[pho_constraints(patterns=systematic(4))],use_integer_operator_counts=false,transform=adapt_costs(cost_type=normal)): 2172284
[t=8.46529s, 176904 KB] g=318038, 190 evaluated, 15 expanded
[t=8.65306s, 176904 KB] New best heuristic value for operatorcounting(constraint_generators=[pho_constraints(patterns=systematic(4))],use_integer_operator_counts=false,transform=adapt_costs(cost_type=normal)): 2167283
[t=8.65306s, 176904 KB] g=323039, 197 evaluated, 15 expanded
[t=8.73294s, 176904 KB] New best heuristic value for operatorcounting(constraint_generators=[pho_constraints(patterns=systematic(4))],use_integer_operator_counts=false,transform=adapt_costs(cost_type=normal)): 2157284
[t=8.73294s, 176904 KB] g=333038, 200 evaluated, 16 expanded
[t=8.99273s, 176904 KB] New best heuristic value for operatorcounting(constraint_generators=[pho_constraints(patterns=systematic(4))],use_integer_operator_counts=false,transform=adapt_costs(cost_type=normal)): 2149284
[t=8.99273s, 176904 KB] g=341038, 211 evaluated, 17 expanded
[t=9.25648s, 176904 KB] New best heuristic value for operatorcounting(constraint_generators=[pho_constraints(patterns=systematic(4))],use_integer_operator_counts=false,transform=adapt_costs(cost_type=normal)): 2146285
[t=9.26047s, 176904 KB] g=344037, 221 evaluated, 18 expanded
[t=9.49225s, 176904 KB] New best heuristic value for operatorcounting(constraint_generators=[pho_constraints(patterns=systematic(4))],use_integer_operator_counts=false,transform=adapt_costs(cost_type=normal)): 2143286
[t=9.49225s, 176904 KB] g=347036, 230 evaluated, 19 expanded
[t=9.6521s, 176904 KB] New best heuristic value for operatorcounting(constraint_generators=[pho_constraints(patterns=systematic(4))],use_integer_operator_counts=false,transform=adapt_costs(cost_type=normal)): 2138285
[t=9.6521s, 176904 KB] g=352037, 236 evaluated, 19 expanded
[t=9.736s, 176904 KB] New best heuristic value for operatorcounting(constraint_generators=[pho_constraints(patterns=systematic(4))],use_integer_operator_counts=false,transform=adapt_costs(cost_type=normal)): 2135286
[t=9.736s, 176904 KB] g=355036, 239 evaluated, 20 expanded
[t=9.89582s, 176904 KB] New best heuristic value for operatorcounting(constraint_generators=[pho_constraints(patterns=systematic(4))],use_integer_operator_counts=false,transform=adapt_costs(cost_type=normal)): 1914245
[t=9.89582s, 176904 KB] g=576077, 246 evaluated, 20 expanded
[t=9.97575s, 176904 KB] New best heuristic value for operatorcounting(constraint_generators=[pho_constraints(patterns=systematic(4))],use_integer_operator_counts=false,transform=adapt_costs(cost_type=normal)): 1911246
[t=9.97575s, 176904 KB] g=579076, 250 evaluated, 21 expanded
[t=10.1356s, 176904 KB] New best heuristic value for operatorcounting(constraint_generators=[pho_constraints(patterns=systematic(4))],use_integer_operator_counts=false,transform=adapt_costs(cost_type=normal)): 1906245
[t=10.1356s, 176904 KB] g=584077, 256 evaluated, 21 expanded
[t=10.2155s, 176904 KB] New best heuristic value for operatorcounting(constraint_generators=[pho_constraints(patterns=systematic(4))],use_integer_operator_counts=false,transform=adapt_costs(cost_type=normal)): 1896246
[t=10.2155s, 176904 KB] g=594076, 259 evaluated, 22 expanded
[t=10.4553s, 176904 KB] New best heuristic value for operatorcounting(constraint_generators=[pho_constraints(patterns=systematic(4))],use_integer_operator_counts=false,transform=adapt_costs(cost_type=normal)): 1888246
[t=10.4553s, 176904 KB] g=602076, 268 evaluated, 23 expanded
[t=10.699s, 176904 KB] New best heuristic value for operatorcounting(constraint_generators=[pho_constraints(patterns=systematic(4))],use_integer_operator_counts=false,transform=adapt_costs(cost_type=normal)): 1885247
[t=10.699s, 176904 KB] g=605075, 278 evaluated, 24 expanded
[t=10.9108s, 176904 KB] New best heuristic value for operatorcounting(constraint_generators=[pho_constraints(patterns=systematic(4))],use_integer_operator_counts=false,transform=adapt_costs(cost_type=normal)): 1882248
[t=10.9108s, 176904 KB] g=608074, 286 evaluated, 25 expanded
[t=11.0426s, 176904 KB] New best heuristic value for operatorcounting(constraint_generators=[pho_constraints(patterns=systematic(4))],use_integer_operator_counts=false,transform=adapt_costs(cost_type=normal)): 1877247
[t=11.0426s, 176904 KB] g=613075, 291 evaluated, 25 expanded
[t=11.1226s, 176904 KB] New best heuristic value for operatorcounting(constraint_generators=[pho_constraints(patterns=systematic(4))],use_integer_operator_counts=false,transform=adapt_costs(cost_type=normal)): 1874248
[t=11.1226s, 176904 KB] g=616074, 294 evaluated, 26 expanded
[t=11.2544s, 176904 KB] New best heuristic value for operatorcounting(constraint_generators=[pho_constraints(patterns=systematic(4))],use_integer_operator_counts=false,transform=adapt_costs(cost_type=normal)): 1653207
[t=11.2544s, 176904 KB] g=837115, 300 evaluated, 26 expanded
[t=11.3343s, 176904 KB] New best heuristic value for operatorcounting(constraint_generators=[pho_constraints(patterns=systematic(4))],use_integer_operator_counts=false,transform=adapt_costs(cost_type=normal)): 1650208
[t=11.3343s, 176904 KB] g=840114, 304 evaluated, 27 expanded
[t=11.4662s, 176904 KB] New best heuristic value for operatorcounting(constraint_generators=[pho_constraints(patterns=systematic(4))],use_integer_operator_counts=false,transform=adapt_costs(cost_type=normal)): 1645207
[t=11.4662s, 176904 KB] g=845115, 309 evaluated, 27 expanded
[t=11.5461s, 176904 KB] New best heuristic value for operatorcounting(constraint_generators=[pho_constraints(patterns=systematic(4))],use_integer_operator_counts=false,transform=adapt_costs(cost_type=normal)): 1635208
[t=11.5461s, 176904 KB] g=855114, 312 evaluated, 28 expanded
[t=11.7539s, 176904 KB] New best heuristic value for operatorcounting(constraint_generators=[pho_constraints(patterns=systematic(4))],use_integer_operator_counts=false,transform=adapt_costs(cost_type=normal)): 1627208
[t=11.7539s, 176904 KB] g=863114, 320 evaluated, 29 expanded
[t=11.9657s, 176904 KB] New best heuristic value for operatorcounting(constraint_generators=[pho_constraints(patterns=systematic(4))],use_integer_operator_counts=false,transform=adapt_costs(cost_type=normal)): 1624209
[t=11.9657s, 176904 KB] g=866113, 329 evaluated, 30 expanded
[t=12.1495s, 176904 KB] New best heuristic value for operatorcounting(constraint_generators=[pho_constraints(patterns=systematic(4))],use_integer_operator_counts=false,transform=adapt_costs(cost_type=normal)): 1621210
[t=12.1495s, 176904 KB] g=869112, 336 evaluated, 31 expanded
[t=12.2574s, 176904 KB] New best heuristic value for operatorcounting(constraint_generators=[pho_constraints(patterns=systematic(4))],use_integer_operator_counts=false,transform=adapt_costs(cost_type=normal)): 1616209
[t=12.2574s, 176904 KB] g=874113, 340 evaluated, 31 expanded
[t=12.3374s, 176904 KB] New best heuristic value for operatorcounting(constraint_generators=[pho_constraints(patterns=systematic(4))],use_integer_operator_counts=false,transform=adapt_costs(cost_type=normal)): 1613210
[t=12.3374s, 176904 KB] g=877112, 343 evaluated, 32 expanded
[t=12.4452s, 176904 KB] New best heuristic value for operatorcounting(constraint_generators=[pho_constraints(patterns=systematic(4))],use_integer_operator_counts=false,transform=adapt_costs(cost_type=normal)): 1392169
[t=12.4452s, 176904 KB] g=1098153, 348 evaluated, 32 expanded
[t=12.5331s, 176904 KB] New best heuristic value for operatorcounting(constraint_generators=[pho_constraints(patterns=systematic(4))],use_integer_operator_counts=false,transform=adapt_costs(cost_type=normal)): 1389170
[t=12.5331s, 176904 KB] g=1101152, 352 evaluated, 33 expanded
[t=12.637s, 176904 KB] New best heuristic value for operatorcounting(constraint_generators=[pho_constraints(patterns=systematic(4))],use_integer_operator_counts=false,transform=adapt_costs(cost_type=normal)): 1384169
[t=12.637s, 176904 KB] g=1106153, 356 evaluated, 33 expanded
[t=12.717s, 176904 KB] New best heuristic value for operatorcounting(constraint_generators=[pho_constraints(patterns=systematic(4))],use_integer_operator_counts=false,transform=adapt_costs(cost_type=normal)): 1374170
[t=12.717s, 176904 KB] g=1116152, 359 evaluated, 34 expanded
[t=12.9048s, 176904 KB] New best heuristic value for operatorcounting(constraint_generators=[pho_constraints(patterns=systematic(4))],use_integer_operator_counts=false,transform=adapt_costs(cost_type=normal)): 1366170
[t=12.9048s, 176904 KB] g=1124152, 366 evaluated, 35 expanded
[t=13.0886s, 176904 KB] New best heuristic value for operatorcounting(constraint_generators=[pho_constraints(patterns=systematic(4))],use_integer_operator_counts=false,transform=adapt_costs(cost_type=normal)): 1363171
[t=13.0886s, 176904 KB] g=1127151, 374 evaluated, 36 expanded
[t=13.2484s, 176904 KB] New best heuristic value for operatorcounting(constraint_generators=[pho_constraints(patterns=systematic(4))],use_integer_operator_counts=false,transform=adapt_costs(cost_type=normal)): 1360172
[t=13.2484s, 176904 KB] g=1130150, 380 evaluated, 37 expanded
[t=13.3284s, 176904 KB] New best heuristic value for operatorcounting(constraint_generators=[pho_constraints(patterns=systematic(4))],use_integer_operator_counts=false,transform=adapt_costs(cost_type=normal)): 1355171
[t=13.3284s, 176904 KB] g=1135151, 383 evaluated, 37 expanded
[t=13.4083s, 176904 KB] New best heuristic value for operatorcounting(constraint_generators=[pho_constraints(patterns=systematic(4))],use_integer_operator_counts=false,transform=adapt_costs(cost_type=normal)): 1352172
[t=13.4083s, 176904 KB] g=1138150, 386 evaluated, 38 expanded
[t=13.4882s, 176904 KB] New best heuristic value for operatorcounting(constraint_generators=[pho_constraints(patterns=systematic(4))],use_integer_operator_counts=false,transform=adapt_costs(cost_type=normal)): 1131131
[t=13.4882s, 176904 KB] g=1359191, 390 evaluated, 38 expanded
[t=13.5681s, 176904 KB] New best heuristic value for operatorcounting(constraint_generators=[pho_constraints(patterns=systematic(4))],use_integer_operator_counts=false,transform=adapt_costs(cost_type=normal)): 1128132
[t=13.5681s, 176904 KB] g=1362190, 394 evaluated, 39 expanded
[t=13.648s, 176904 KB] New best heuristic value for operatorcounting(constraint_generators=[pho_constraints(patterns=systematic(4))],use_integer_operator_counts=false,transform=adapt_costs(cost_type=normal)): 1123131
[t=13.648s, 176904 KB] g=1367191, 397 evaluated, 39 expanded
[t=13.724s, 176904 KB] New best heuristic value for operatorcounting(constraint_generators=[pho_constraints(patterns=systematic(4))],use_integer_operator_counts=false,transform=adapt_costs(cost_type=normal)): 1113132
[t=13.7279s, 176904 KB] g=1377190, 400 evaluated, 40 expanded
[t=13.8838s, 176904 KB] New best heuristic value for operatorcounting(constraint_generators=[pho_constraints(patterns=systematic(4))],use_integer_operator_counts=false,transform=adapt_costs(cost_type=normal)): 1105132
[t=13.8838s, 176904 KB] g=1385190, 406 evaluated, 41 expanded
[t=14.0396s, 176904 KB] New best heuristic value for operatorcounting(constraint_generators=[pho_constraints(patterns=systematic(4))],use_integer_operator_counts=false,transform=adapt_costs(cost_type=normal)): 1102133
[t=14.0396s, 176904 KB] g=1388189, 413 evaluated, 42 expanded
[t=14.1715s, 176904 KB] New best heuristic value for operatorcounting(constraint_generators=[pho_constraints(patterns=systematic(4))],use_integer_operator_counts=false,transform=adapt_costs(cost_type=normal)): 1099134
[t=14.1715s, 176904 KB] g=1391188, 418 evaluated, 43 expanded
[t=14.2274s, 176904 KB] New best heuristic value for operatorcounting(constraint_generators=[pho_constraints(patterns=systematic(4))],use_integer_operator_counts=false,transform=adapt_costs(cost_type=normal)): 1094133
[t=14.2274s, 176904 KB] g=1396189, 420 evaluated, 43 expanded
[t=14.3074s, 176904 KB] New best heuristic value for operatorcounting(constraint_generators=[pho_constraints(patterns=systematic(4))],use_integer_operator_counts=false,transform=adapt_costs(cost_type=normal)): 1091134
[t=14.3074s, 176904 KB] g=1399188, 423 evaluated, 44 expanded
[t=14.3633s, 176904 KB] New best heuristic value for operatorcounting(constraint_generators=[pho_constraints(patterns=systematic(4))],use_integer_operator_counts=false,transform=adapt_costs(cost_type=normal)): 870093
[t=14.3633s, 176904 KB] g=1620229, 426 evaluated, 44 expanded
[t=14.4432s, 176904 KB] New best heuristic value for operatorcounting(constraint_generators=[pho_constraints(patterns=systematic(4))],use_integer_operator_counts=false,transform=adapt_costs(cost_type=normal)): 867094
[t=14.4432s, 176904 KB] g=1623228, 430 evaluated, 45 expanded
[t=14.4952s, 176904 KB] New best heuristic value for operatorcounting(constraint_generators=[pho_constraints(patterns=systematic(4))],use_integer_operator_counts=false,transform=adapt_costs(cost_type=normal)): 862093
[t=14.4952s, 176904 KB] g=1628229, 432 evaluated, 45 expanded
[t=14.5751s, 176904 KB] New best heuristic value for operatorcounting(constraint_generators=[pho_constraints(patterns=systematic(4))],use_integer_operator_counts=false,transform=adapt_costs(cost_type=normal)): 852094
[t=14.5751s, 176904 KB] g=1638228, 435 evaluated, 46 expanded
[t=14.7069s, 176904 KB] New best heuristic value for operatorcounting(constraint_generators=[pho_constraints(patterns=systematic(4))],use_integer_operator_counts=false,transform=adapt_costs(cost_type=normal)): 849095
[t=14.7069s, 176904 KB] g=1641227, 441 evaluated, 47 expanded
[t=14.8108s, 176904 KB] New best heuristic value for operatorcounting(constraint_generators=[pho_constraints(patterns=systematic(4))],use_integer_operator_counts=false,transform=adapt_costs(cost_type=normal)): 846096
[t=14.8108s, 176904 KB] g=1644226, 446 evaluated, 48 expanded
[t=14.8388s, 176904 KB] New best heuristic value for operatorcounting(constraint_generators=[pho_constraints(patterns=systematic(4))],use_integer_operator_counts=false,transform=adapt_costs(cost_type=normal)): 841095
[t=14.8388s, 176904 KB] g=1649227, 447 evaluated, 48 expanded
[t=14.9187s, 176904 KB] New best heuristic value for operatorcounting(constraint_generators=[pho_constraints(patterns=systematic(4))],use_integer_operator_counts=false,transform=adapt_costs(cost_type=normal)): 838096
[t=14.9187s, 176904 KB] g=1652226, 451 evaluated, 49 expanded
[t=14.9427s, 176904 KB] New best heuristic value for operatorcounting(constraint_generators=[pho_constraints(patterns=systematic(4))],use_integer_operator_counts=false,transform=adapt_costs(cost_type=normal)): 617055
[t=14.9427s, 176904 KB] g=1873267, 453 evaluated, 49 expanded
[t=15.0226s, 176904 KB] New best heuristic value for operatorcounting(constraint_generators=[pho_constraints(patterns=systematic(4))],use_integer_operator_counts=false,transform=adapt_costs(cost_type=normal)): 614056
[t=15.0226s, 176904 KB] g=1876266, 458 evaluated, 50 expanded
[t=15.0506s, 176904 KB] New best heuristic value for operatorcounting(constraint_generators=[pho_constraints(patterns=systematic(4))],use_integer_operator_counts=false,transform=adapt_costs(cost_type=normal)): 609055
[t=15.0506s, 176904 KB] g=1881267, 459 evaluated, 50 expanded
[t=15.1265s, 176904 KB] New best heuristic value for operatorcounting(constraint_generators=[pho_constraints(patterns=systematic(4))],use_integer_operator_counts=false,transform=adapt_costs(cost_type=normal)): 599056
[t=15.1265s, 176904 KB] g=1891266, 462 evaluated, 51 expanded
[t=15.2344s, 176904 KB] New best heuristic value for operatorcounting(constraint_generators=[pho_constraints(patterns=systematic(4))],use_integer_operator_counts=false,transform=adapt_costs(cost_type=normal)): 596057
[t=15.2344s, 176904 KB] g=1894265, 469 evaluated, 52 expanded
[t=15.3104s, 176904 KB] New best heuristic value for operatorcounting(constraint_generators=[pho_constraints(patterns=systematic(4))],use_integer_operator_counts=false,transform=adapt_costs(cost_type=normal)): 588057
[t=15.3104s, 176904 KB] g=1902265, 474 evaluated, 53 expanded
[t=15.3903s, 176904 KB] New best heuristic value for operatorcounting(constraint_generators=[pho_constraints(patterns=systematic(4))],use_integer_operator_counts=false,transform=adapt_costs(cost_type=normal)): 364017
[t=15.3903s, 176904 KB] g=2126305, 480 evaluated, 54 expanded
[t=15.4741s, 176904 KB] New best heuristic value for operatorcounting(constraint_generators=[pho_constraints(patterns=systematic(4))],use_integer_operator_counts=false,transform=adapt_costs(cost_type=normal)): 356017
[t=15.4741s, 176904 KB] g=2134305, 486 evaluated, 55 expanded
[t=15.5541s, 176904 KB] New best heuristic value for operatorcounting(constraint_generators=[pho_constraints(patterns=systematic(4))],use_integer_operator_counts=false,transform=adapt_costs(cost_type=normal)): 346018
[t=15.5541s, 176904 KB] g=2144304, 489 evaluated, 56 expanded
[t=15.634s, 176904 KB] New best heuristic value for operatorcounting(constraint_generators=[pho_constraints(patterns=systematic(4))],use_integer_operator_counts=false,transform=adapt_costs(cost_type=normal)): 344018
[t=15.634s, 176904 KB] g=2146304, 497 evaluated, 57 expanded
[t=15.6859s, 176904 KB] New best heuristic value for operatorcounting(constraint_generators=[pho_constraints(patterns=systematic(4))],use_integer_operator_counts=false,transform=adapt_costs(cost_type=normal)): 231005
[t=15.6859s, 176904 KB] g=2259317, 503 evaluated, 58 expanded
[t=15.7419s, 176904 KB] New best heuristic value for operatorcounting(constraint_generators=[pho_constraints(patterns=systematic(4))],use_integer_operator_counts=false,transform=adapt_costs(cost_type=normal)): 229005
[t=15.7419s, 176904 KB] g=2261317, 510 evaluated, 59 expanded
[t=15.7939s, 176904 KB] New best heuristic value for operatorcounting(constraint_generators=[pho_constraints(patterns=systematic(4))],use_integer_operator_counts=false,transform=adapt_costs(cost_type=normal)): 227005
[t=15.7939s, 176904 KB] g=2263317, 515 evaluated, 60 expanded
[t=15.8458s, 176904 KB] New best heuristic value for operatorcounting(constraint_generators=[pho_constraints(patterns=systematic(4))],use_integer_operator_counts=false,transform=adapt_costs(cost_type=normal)): 209006
[t=15.8458s, 176904 KB] g=2281316, 517 evaluated, 61 expanded
[t=15.9217s, 176904 KB] New best heuristic value for operatorcounting(constraint_generators=[pho_constraints(patterns=systematic(4))],use_integer_operator_counts=false,transform=adapt_costs(cost_type=normal)): 206007
[t=15.9217s, 176904 KB] g=2284315, 526 evaluated, 62 expanded
[t=15.9737s, 176904 KB] New best heuristic value for operatorcounting(constraint_generators=[pho_constraints(patterns=systematic(4))],use_integer_operator_counts=false,transform=adapt_costs(cost_type=normal)): 196008
[t=15.9737s, 176904 KB] g=2294314, 528 evaluated, 63 expanded
[t=16.0296s, 176904 KB] New best heuristic value for operatorcounting(constraint_generators=[pho_constraints(patterns=systematic(4))],use_integer_operator_counts=false,transform=adapt_costs(cost_type=normal)): 193009
[t=16.0296s, 176904 KB] g=2297313, 533 evaluated, 64 expanded
[t=16.0816s, 176904 KB] New best heuristic value for operatorcounting(constraint_generators=[pho_constraints(patterns=systematic(4))],use_integer_operator_counts=false,transform=adapt_costs(cost_type=normal)): 185009
[t=16.0816s, 176904 KB] g=2305313, 538 evaluated, 65 expanded
[t=16.1335s, 176904 KB] New best heuristic value for operatorcounting(constraint_generators=[pho_constraints(patterns=systematic(4))],use_integer_operator_counts=false,transform=adapt_costs(cost_type=normal)): 177009
[t=16.1335s, 176904 KB] g=2313313, 544 evaluated, 66 expanded
[t=16.1854s, 176904 KB] New best heuristic value for operatorcounting(constraint_generators=[pho_constraints(patterns=systematic(4))],use_integer_operator_counts=false,transform=adapt_costs(cost_type=normal)): 169009
[t=16.1854s, 176904 KB] g=2321313, 549 evaluated, 67 expanded
[t=16.2414s, 176904 KB] New best heuristic value for operatorcounting(constraint_generators=[pho_constraints(patterns=systematic(4))],use_integer_operator_counts=false,transform=adapt_costs(cost_type=normal)): 161009
[t=16.2414s, 176904 KB] g=2329313, 553 evaluated, 68 expanded
[t=16.2934s, 176904 KB] New best heuristic value for operatorcounting(constraint_generators=[pho_constraints(patterns=systematic(4))],use_integer_operator_counts=false,transform=adapt_costs(cost_type=normal)): 159009
[t=16.2934s, 176904 KB] g=2331313, 556 evaluated, 69 expanded
[t=16.3213s, 176904 KB] New best heuristic value for operatorcounting(constraint_generators=[pho_constraints(patterns=systematic(4))],use_integer_operator_counts=false,transform=adapt_costs(cost_type=normal)): 45996
[t=16.3213s, 176904 KB] g=2444326, 557 evaluated, 70 expanded
[t=16.3493s, 176904 KB] New best heuristic value for operatorcounting(constraint_generators=[pho_constraints(patterns=systematic(4))],use_integer_operator_counts=false,transform=adapt_costs(cost_type=normal)): 43996
[t=16.3493s, 176904 KB] g=2446326, 561 evaluated, 71 expanded
[t=16.3733s, 176904 KB] New best heuristic value for operatorcounting(constraint_generators=[pho_constraints(patterns=systematic(4))],use_integer_operator_counts=false,transform=adapt_costs(cost_type=normal)): 41996
[t=16.3733s, 176904 KB] g=2448326, 562 evaluated, 72 expanded
[t=16.4013s, 176904 KB] New best heuristic value for operatorcounting(constraint_generators=[pho_constraints(patterns=systematic(4))],use_integer_operator_counts=false,transform=adapt_costs(cost_type=normal)): 23997
[t=16.4013s, 176904 KB] g=2466325, 563 evaluated, 73 expanded
[t=16.4492s, 176904 KB] New best heuristic value for operatorcounting(constraint_generators=[pho_constraints(patterns=systematic(4))],use_integer_operator_counts=false,transform=adapt_costs(cost_type=normal)): 20998
[t=16.4492s, 176904 KB] g=2469324, 565 evaluated, 74 expanded
[t=16.4772s, 176904 KB] New best heuristic value for operatorcounting(constraint_generators=[pho_constraints(patterns=systematic(4))],use_integer_operator_counts=false,transform=adapt_costs(cost_type=normal)): 10999
[t=16.4772s, 176904 KB] g=2479323, 566 evaluated, 75 expanded
[t=16.5011s, 176904 KB] New best heuristic value for operatorcounting(constraint_generators=[pho_constraints(patterns=systematic(4))],use_integer_operator_counts=false,transform=adapt_costs(cost_type=normal)): 8000
[t=16.5011s, 176904 KB] g=2482322, 567 evaluated, 76 expanded
[t=16.5291s, 176904 KB] New best heuristic value for operatorcounting(constraint_generators=[pho_constraints(patterns=systematic(4))],use_integer_operator_counts=false,transform=adapt_costs(cost_type=normal)): 0
[t=16.5291s, 176904 KB] g=2490322, 568 evaluated, 77 expanded
[t=16.5291s, 176904 KB] Solution found!
[t=16.5291s, 176904 KB] Actual search time: 12.2358s
initialize  (0)
colorfeeder-feed-letter sheet1 (8000)
colorfeeder-feed-letter sheet2 (8000)
colorfeeder-feed-letter sheet3 (8000)
colorfeeder-feed-letter sheet4 (8000)
colorfeeder-feed-letter sheet5 (8000)
colorfeeder-feed-letter sheet7 (8000)
colorfeeder-feed-letter sheet8 (8000)
colorfeeder-feed-letter sheet9 (8000)
blackfeeder-feed-letter sheet6 (8000)
blackfeeder-feed-letter sheet10 (8000)
down-movebottom-letter sheet1 (2999)
colorcontainer-toime-letter sheet1 (8000)
colorprinter-simplex-letter sheet1 front image-1 (224040)
colorcontainer-fromime-letter sheet1 (8000)
up-moveup-letter sheet1 (9999)
finisher1-stack-letter sheet1 dummy-sheet (8000)
down-movebottom-letter sheet2 (2999)
colorcontainer-toime-letter sheet2 (8000)
colorprinter-simplex-letter sheet2 front image-2 (224040)
colorcontainer-fromime-letter sheet2 (8000)
up-moveup-letter sheet2 (9999)
finisher1-stack-letter sheet2 sheet1 (8000)
down-movebottom-letter sheet3 (2999)
colorcontainer-toime-letter sheet3 (8000)
colorprinter-simplex-letter sheet3 front image-3 (224040)
colorcontainer-fromime-letter sheet3 (8000)
up-moveup-letter sheet3 (9999)
finisher1-stack-letter sheet3 sheet2 (8000)
down-movebottom-letter sheet4 (2999)
colorcontainer-toime-letter sheet4 (8000)
colorprinter-simplex-letter sheet4 front image-4 (224040)
colorcontainer-fromime-letter sheet4 (8000)
up-moveup-letter sheet4 (9999)
finisher1-stack-letter sheet4 sheet3 (8000)
down-movebottom-letter sheet5 (2999)
colorcontainer-toime-letter sheet5 (8000)
colorprinter-simplex-letter sheet5 front image-5 (224040)
colorcontainer-fromime-letter sheet5 (8000)
up-moveup-letter sheet5 (9999)
finisher1-stack-letter sheet5 sheet4 (8000)
down-movebottom-letter sheet7 (2999)
colorcontainer-toime-letter sheet7 (8000)
colorprinter-simplex-letter sheet7 front image-7 (224040)
colorcontainer-fromime-letter sheet7 (8000)
up-moveup-letter sheet7 (9999)
down-movebottom-letter sheet8 (2999)
colorcontainer-toime-letter sheet8 (8000)
colorprinter-simplex-letter sheet8 front image-8 (224040)
colorcontainer-fromime-letter sheet8 (8000)
up-moveup-letter sheet8 (9999)
down-movebottom-letter sheet9 (2999)
colorcontainer-toime-letter sheet9 (8000)
colorprinter-simplex-letter sheet9 front image-9 (224040)
colorcontainer-fromime-letter sheet9 (8000)
up-moveup-letter sheet9 (9999)
blackcontainer-toime-letter sheet6 (2000)
blackprinter-simplex-letter sheet6 front image-6 (113013)
blackcontainer-fromime-letter sheet6 (2000)
endcap-move-letter sheet6 (2000)
htmoverblack-move-letter sheet6 (17999)
down-movetop-letter sheet6 (2999)
htmovercolor-move-letter sheet6 (9999)
up-movetop-letter sheet6 (2999)
finisher1-stack-letter sheet6 sheet5 (8000)
finisher1-stack-letter sheet7 sheet6 (8000)
finisher1-stack-letter sheet8 sheet7 (8000)
finisher1-stack-letter sheet9 sheet8 (8000)
blackcontainer-toime-letter sheet10 (2000)
blackprinter-simplex-letter sheet10 front image-10 (113013)
blackcontainer-fromime-letter sheet10 (2000)
endcap-move-letter sheet10 (2000)
htmoverblack-move-letter sheet10 (17999)
down-movetop-letter sheet10 (2999)
htmovercolor-move-letter sheet10 (9999)
up-movetop-letter sheet10 (2999)
finisher1-stack-letter sheet10 sheet9 (8000)
[t=16.5291s, 176904 KB] Plan length: 77 step(s).
[t=16.5291s, 176904 KB] Plan cost: 2490322
[t=16.5291s, 176904 KB] Expanded 78 state(s).
[t=16.5291s, 176904 KB] Reopened 0 state(s).
[t=16.5291s, 176904 KB] Evaluated 569 state(s).
[t=16.5291s, 176904 KB] Evaluations: 569
[t=16.5291s, 176904 KB] Generated 624 state(s).
[t=16.5291s, 176904 KB] Dead ends: 113 state(s).
[t=16.5291s, 176904 KB] Number of registered states: 569
[t=16.5291s, 176904 KB] Int hash set load factor: 569/1024 = 0.555664
[t=16.5291s, 176904 KB] Int hash set resizes: 10
[t=16.5291s, 176904 KB] Search time: 12.3637s
[t=16.5291s, 176904 KB] Total time: 16.5291s
Solution found.
Peak memory: 176904 KB
Remove intermediate file output.sas
search exit code: 0

INFO     Running validate.
INFO     validate stdin: None
INFO     validate time limit: None
INFO     validate memory limit: None
INFO     validate command line string: /home/henry/bin/validate domain.pddl problem.pddl sas_plan
Checking plan: sas_plan
Plan executed successfully - checking goal
Plan valid
Final value: 2490322 

Successful plans:
Value: 2490322
 sas_plan 2490322 

validate exit code: 0

INFO     Planner time: 16.67s
