INFO     planner time limit: 1800s
INFO     planner memory limit: 2048 MB

INFO     Running translator.
INFO     translator stdin: None
INFO     translator time limit: 1799s
INFO     translator memory limit: 2048 MB
INFO     translator command line string: /home/henry/Documents/UFRGS/TCC/downward/.venv/bin/python /home/henry/Documents/UFRGS/TCC/downward/experiments/lab/data/main/code-5bb2ccb6957559b6969ffd7e29254c73f84d5e49_e5e41175/builds/release/bin/translate/translate.py domain.pddl problem.pddl --sas-file output.sas
Parsing...
Parsing: [0.000s CPU, 0.004s wall-clock]
Normalizing task... [0.000s CPU, 0.000s wall-clock]
Instantiating...
Generating Datalog program... [0.000s CPU, 0.001s wall-clock]
Normalizing Datalog program...
Normalizing Datalog program: [0.010s CPU, 0.007s wall-clock]
Preparing model... [0.000s CPU, 0.003s wall-clock]
Generated 198 rules.
Computing model... [0.090s CPU, 0.088s wall-clock]
5902 relevant atoms
9229 auxiliary atoms
15131 final queue length
35417 total queue pushes
Completing instantiation... [0.230s CPU, 0.228s wall-clock]
Instantiating: [0.330s CPU, 0.332s wall-clock]
Computing fact groups...
Finding invariants...
24 initial candidates
Finding invariants: [0.020s CPU, 0.016s wall-clock]
Checking invariant weight... [0.000s CPU, 0.001s wall-clock]
Instantiating groups... [0.000s CPU, 0.008s wall-clock]
Collecting mutex groups... [0.000s CPU, 0.000s wall-clock]
Choosing groups...
245 uncovered facts
Choosing groups: [0.000s CPU, 0.001s wall-clock]
Building translation key... [0.000s CPU, 0.001s wall-clock]
Computing fact groups: [0.030s CPU, 0.030s wall-clock]
Building STRIPS to SAS dictionary... [0.000s CPU, 0.000s wall-clock]
Building dictionary for full mutex groups... [0.000s CPU, 0.000s wall-clock]
Building mutex information...
Building mutex information: [0.000s CPU, 0.000s wall-clock]
Translating task...
Processing axioms...
Simplifying axioms... [0.000s CPU, 0.000s wall-clock]
Translator axioms removed by simplifying: 0
Computing negative axioms... [0.000s CPU, 0.000s wall-clock]
Processing axioms: [0.010s CPU, 0.011s wall-clock]
Translating task: [0.220s CPU, 0.220s wall-clock]
2630 effect conditions simplified
0 implied preconditions added
Detecting unreachable propositions...
0 operators removed
0 axioms removed
81 propositions removed
Detecting unreachable propositions: [0.150s CPU, 0.155s wall-clock]
Reordering and filtering variables...
270 of 279 variables necessary.
69 of 92 mutex groups necessary.
5035 of 5035 operators necessary.
0 of 0 axiom rules necessary.
Reordering and filtering variables: [0.050s CPU, 0.049s wall-clock]
Translator variables: 270
Translator derived variables: 0
Translator facts: 730
Translator goal facts: 74
Translator mutex groups: 69
Translator total mutex groups size: 238
Translator operators: 5035
Translator axioms: 0
Translator task size: 44274
Translator peak memory: 62088 KB
Writing output... [0.040s CPU, 0.042s wall-clock]
Done! [0.840s CPU, 0.847s wall-clock]
translate exit code: 0

INFO     Running search (release).
INFO     search stdin: output.sas
INFO     search time limit: 1799s
INFO     search memory limit: 2048 MB
INFO     search command line string: /home/henry/Documents/UFRGS/TCC/downward/experiments/lab/data/main/code-5bb2ccb6957559b6969ffd7e29254c73f84d5e49_e5e41175/builds/release/bin/downward --search 'eager_greedy([ff(transform=adapt_costs(cost_type=NORMAL))])' --internal-plan-file sas_plan < output.sas
[t=0s, 10544 KB] reading input...
[t=0.0225628s, 12472 KB] done reading input!
[t=0.0265719s, 14044 KB] Simplifying 20967 unary operators... done! [9259 unary operators]
[t=0.0385092s, 15476 KB] time to simplify: 0.0119373s
[t=0.0385092s, 15476 KB] Initializing additive heuristic...
[t=0.0385092s, 15476 KB] Initializing FF heuristic...
[t=0.0385092s, 15476 KB] Building successor generator...done!
[t=0.042509s, 15476 KB] peak memory difference for successor generator creation: 0 KB
[t=0.042509s, 15476 KB] time for successor generation creation: 0.00399977s
[t=0.042509s, 15476 KB] Variables: 270
[t=0.042509s, 15476 KB] FactPairs: 730
[t=0.042509s, 15476 KB] Bytes per state: 48
[t=0.042509s, 15476 KB] Conducting best first search without reopening closed nodes, (real) bound = 2147483647
[t=0.042509s, 15476 KB] New best heuristic value for ff(transform=adapt_costs(cost_type=normal)): 1995
[t=0.042509s, 15476 KB] g=0, 1 evaluated, 0 expanded
[t=0.042509s, 15476 KB] Initial heuristic value for ff(transform=adapt_costs(cost_type=normal)): 1995
[t=0.042509s, 15476 KB] pruning method: none
[t=0.042509s, 15476 KB] New best heuristic value for ff(transform=adapt_costs(cost_type=normal)): 1975
[t=0.042509s, 15476 KB] g=30, 2 evaluated, 1 expanded
[t=0.042509s, 15476 KB] New best heuristic value for ff(transform=adapt_costs(cost_type=normal)): 1445
[t=0.042509s, 15476 KB] g=30, 4 evaluated, 1 expanded
[t=0.042509s, 15476 KB] New best heuristic value for ff(transform=adapt_costs(cost_type=normal)): 1085
[t=0.042509s, 15476 KB] g=30, 25 evaluated, 1 expanded
[t=0.0665004s, 15476 KB] New best heuristic value for ff(transform=adapt_costs(cost_type=normal)): 1065
[t=0.0665004s, 15476 KB] g=60, 187 evaluated, 2 expanded
[t=0.0704897s, 15476 KB] New best heuristic value for ff(transform=adapt_costs(cost_type=normal)): 1040
[t=0.0744882s, 15476 KB] g=60, 240 evaluated, 2 expanded
[t=0.0864823s, 15476 KB] New best heuristic value for ff(transform=adapt_costs(cost_type=normal)): 1020
[t=0.0864823s, 15476 KB] g=90, 363 evaluated, 3 expanded
[t=0.10247s, 15476 KB] New best heuristic value for ff(transform=adapt_costs(cost_type=normal)): 995
[t=0.10247s, 15476 KB] g=90, 484 evaluated, 3 expanded
[t=0.114458s, 15476 KB] New best heuristic value for ff(transform=adapt_costs(cost_type=normal)): 975
[t=0.114458s, 15476 KB] g=120, 560 evaluated, 4 expanded
[t=0.126448s, 15476 KB] New best heuristic value for ff(transform=adapt_costs(cost_type=normal)): 950
[t=0.126448s, 15476 KB] g=120, 675 evaluated, 4 expanded
[t=0.138436s, 15476 KB] New best heuristic value for ff(transform=adapt_costs(cost_type=normal)): 930
[t=0.138436s, 15476 KB] g=150, 777 evaluated, 5 expanded
[t=0.154439s, 15476 KB] New best heuristic value for ff(transform=adapt_costs(cost_type=normal)): 905
[t=0.154439s, 15476 KB] g=150, 889 evaluated, 5 expanded
[t=0.170412s, 15476 KB] New best heuristic value for ff(transform=adapt_costs(cost_type=normal)): 885
[t=0.170412s, 15476 KB] g=180, 1004 evaluated, 6 expanded
[t=0.182404s, 15476 KB] New best heuristic value for ff(transform=adapt_costs(cost_type=normal)): 865
[t=0.182404s, 15476 KB] g=180, 1110 evaluated, 6 expanded
[t=0.198394s, 15476 KB] New best heuristic value for ff(transform=adapt_costs(cost_type=normal)): 845
[t=0.198394s, 15476 KB] g=210, 1237 evaluated, 7 expanded
[t=0.218346s, 15476 KB] New best heuristic value for ff(transform=adapt_costs(cost_type=normal)): 835
[t=0.218346s, 15476 KB] g=210, 1413 evaluated, 7 expanded
[t=0.226352s, 15476 KB] New best heuristic value for ff(transform=adapt_costs(cost_type=normal)): 815
[t=0.226352s, 15476 KB] g=240, 1469 evaluated, 8 expanded
[t=0.254308s, 15476 KB] New best heuristic value for ff(transform=adapt_costs(cost_type=normal)): 805
[t=0.254308s, 15476 KB] g=240, 1681 evaluated, 8 expanded
[t=0.254308s, 15476 KB] New best heuristic value for ff(transform=adapt_costs(cost_type=normal)): 785
[t=0.254308s, 15476 KB] g=270, 1709 evaluated, 9 expanded
[t=0.28228s, 15476 KB] New best heuristic value for ff(transform=adapt_costs(cost_type=normal)): 775
[t=0.28228s, 15476 KB] g=270, 1926 evaluated, 9 expanded
[t=0.28228s, 15476 KB] New best heuristic value for ff(transform=adapt_costs(cost_type=normal)): 755
[t=0.28228s, 15476 KB] g=300, 1948 evaluated, 10 expanded
[t=0.306255s, 15476 KB] New best heuristic value for ff(transform=adapt_costs(cost_type=normal)): 745
[t=0.306255s, 15476 KB] g=310, 2188 evaluated, 11 expanded
[t=0.310262s, 15476 KB] New best heuristic value for ff(transform=adapt_costs(cost_type=normal)): 740
[t=0.310262s, 15476 KB] g=330, 2221 evaluated, 11 expanded
[t=0.318247s, 15476 KB] New best heuristic value for ff(transform=adapt_costs(cost_type=normal)): 735
[t=0.318247s, 15476 KB] g=330, 2272 evaluated, 11 expanded
[t=0.338225s, 15476 KB] New best heuristic value for ff(transform=adapt_costs(cost_type=normal)): 725
[t=0.338225s, 15476 KB] g=340, 2435 evaluated, 12 expanded
[t=0.346216s, 15476 KB] New best heuristic value for ff(transform=adapt_costs(cost_type=normal)): 720
[t=0.346216s, 15476 KB] g=360, 2467 evaluated, 12 expanded
[t=0.358207s, 15476 KB] New best heuristic value for ff(transform=adapt_costs(cost_type=normal)): 715
[t=0.358207s, 15476 KB] g=340, 2589 evaluated, 12 expanded
[t=0.370182s, 15476 KB] New best heuristic value for ff(transform=adapt_costs(cost_type=normal)): 705
[t=0.370182s, 15476 KB] g=350, 2690 evaluated, 13 expanded
[t=0.374158s, 15476 KB] New best heuristic value for ff(transform=adapt_costs(cost_type=normal)): 700
[t=0.374158s, 15476 KB] g=370, 2721 evaluated, 13 expanded
[t=0.390143s, 15476 KB] New best heuristic value for ff(transform=adapt_costs(cost_type=normal)): 695
[t=0.390143s, 15476 KB] g=350, 2837 evaluated, 13 expanded
[t=0.406138s, 15476 KB] New best heuristic value for ff(transform=adapt_costs(cost_type=normal)): 685
[t=0.406138s, 15476 KB] g=360, 2955 evaluated, 14 expanded
[t=0.410123s, 15476 KB] New best heuristic value for ff(transform=adapt_costs(cost_type=normal)): 680
[t=0.410123s, 15476 KB] g=380, 2985 evaluated, 14 expanded
[t=0.426117s, 15476 KB] New best heuristic value for ff(transform=adapt_costs(cost_type=normal)): 675
[t=0.426117s, 15476 KB] g=370, 3135 evaluated, 14 expanded
[t=0.426117s, 15476 KB] New best heuristic value for ff(transform=adapt_costs(cost_type=normal)): 650
[t=0.426117s, 15476 KB] g=395, 3146 evaluated, 14 expanded
[t=0.438086s, 15476 KB] New best heuristic value for ff(transform=adapt_costs(cost_type=normal)): 640
[t=0.438086s, 15476 KB] g=405, 3220 evaluated, 15 expanded
[t=0.442066s, 15476 KB] New best heuristic value for ff(transform=adapt_costs(cost_type=normal)): 635
[t=0.442066s, 15476 KB] g=425, 3250 evaluated, 15 expanded
[t=0.462045s, 15476 KB] New best heuristic value for ff(transform=adapt_costs(cost_type=normal)): 630
[t=0.462045s, 15476 KB] g=415, 3400 evaluated, 15 expanded
[t=0.470023s, 15476 KB] New best heuristic value for ff(transform=adapt_costs(cost_type=normal)): 620
[t=0.470023s, 15476 KB] g=425, 3484 evaluated, 16 expanded
[t=0.474024s, 15476 KB] New best heuristic value for ff(transform=adapt_costs(cost_type=normal)): 615
[t=0.474024s, 15476 KB] g=445, 3514 evaluated, 16 expanded
[t=0.501998s, 15476 KB] New best heuristic value for ff(transform=adapt_costs(cost_type=normal)): 610
[t=0.501998s, 15476 KB] g=425, 3731 evaluated, 16 expanded
[t=0.506004s, 15476 KB] New best heuristic value for ff(transform=adapt_costs(cost_type=normal)): 600
[t=0.506004s, 15476 KB] g=435, 3753 evaluated, 17 expanded
[t=0.506004s, 15476 KB] New best heuristic value for ff(transform=adapt_costs(cost_type=normal)): 595
[t=0.506004s, 15476 KB] g=455, 3783 evaluated, 17 expanded
[t=0.529981s, 15476 KB] New best heuristic value for ff(transform=adapt_costs(cost_type=normal)): 585
[t=0.529981s, 15476 KB] g=465, 4013 evaluated, 18 expanded
[t=0.53396s, 15476 KB] New best heuristic value for ff(transform=adapt_costs(cost_type=normal)): 580
[t=0.53396s, 15476 KB] g=485, 4042 evaluated, 18 expanded
[t=0.55794s, 15476 KB] New best heuristic value for ff(transform=adapt_costs(cost_type=normal)): 570
[t=0.55794s, 15476 KB] g=470, 4228 evaluated, 18 expanded
[t=0.561947s, 15476 KB] New best heuristic value for ff(transform=adapt_costs(cost_type=normal)): 560
[t=0.561947s, 15476 KB] g=480, 4279 evaluated, 19 expanded
[t=0.565928s, 15476 KB] New best heuristic value for ff(transform=adapt_costs(cost_type=normal)): 555
[t=0.565928s, 15476 KB] g=500, 4308 evaluated, 19 expanded
[t=0.589913s, 15476 KB] New best heuristic value for ff(transform=adapt_costs(cost_type=normal)): 545
[t=0.589913s, 15476 KB] g=510, 4534 evaluated, 20 expanded
[t=0.601903s, 15476 KB] New best heuristic value for ff(transform=adapt_costs(cost_type=normal)): 540
[t=0.601903s, 15476 KB] g=510, 4658 evaluated, 20 expanded
[t=0.613889s, 15476 KB] New best heuristic value for ff(transform=adapt_costs(cost_type=normal)): 530
[t=0.613889s, 15476 KB] g=520, 4788 evaluated, 21 expanded
[t=0.629881s, 15476 KB] New best heuristic value for ff(transform=adapt_costs(cost_type=normal)): 525
[t=0.629881s, 15476 KB] g=520, 4901 evaluated, 21 expanded
[t=0.645879s, 15476 KB] New best heuristic value for ff(transform=adapt_costs(cost_type=normal)): 515
[t=0.645879s, 15476 KB] g=530, 5037 evaluated, 22 expanded
[t=0.661852s, 15476 KB] New best heuristic value for ff(transform=adapt_costs(cost_type=normal)): 495
[t=0.661852s, 15476 KB] g=550, 5158 evaluated, 22 expanded
[t=0.673843s, 15476 KB] New best heuristic value for ff(transform=adapt_costs(cost_type=normal)): 485
[t=0.673843s, 15476 KB] g=560, 5280 evaluated, 23 expanded
[t=0.689833s, 15476 KB] New best heuristic value for ff(transform=adapt_costs(cost_type=normal)): 475
[t=0.689833s, 15476 KB] g=560, 5405 evaluated, 23 expanded
[t=0.705828s, 15476 KB] New best heuristic value for ff(transform=adapt_costs(cost_type=normal)): 465
[t=0.705828s, 15476 KB] g=570, 5522 evaluated, 24 expanded
[t=0.721806s, 15476 KB] New best heuristic value for ff(transform=adapt_costs(cost_type=normal)): 460
[t=0.721806s, 15476 KB] g=570, 5649 evaluated, 24 expanded
[t=0.729792s, 15476 KB] New best heuristic value for ff(transform=adapt_costs(cost_type=normal)): 450
[t=0.729792s, 15476 KB] g=580, 5755 evaluated, 25 expanded
[t=0.745791s, 15476 KB] New best heuristic value for ff(transform=adapt_costs(cost_type=normal)): 445
[t=0.745791s, 15476 KB] g=585, 5882 evaluated, 25 expanded
[t=0.757765s, 15476 KB] New best heuristic value for ff(transform=adapt_costs(cost_type=normal)): 435
[t=0.757765s, 15476 KB] g=595, 5993 evaluated, 26 expanded
[t=0.781747s, 15476 KB] New best heuristic value for ff(transform=adapt_costs(cost_type=normal)): 430
[t=0.781747s, 15476 KB] g=595, 6192 evaluated, 26 expanded
[t=0.785754s, 15476 KB] New best heuristic value for ff(transform=adapt_costs(cost_type=normal)): 420
[t=0.789743s, 15476 KB] g=605, 6231 evaluated, 27 expanded
[t=0.81372s, 15476 KB] New best heuristic value for ff(transform=adapt_costs(cost_type=normal)): 410
[t=0.81372s, 15476 KB] g=635, 6457 evaluated, 28 expanded
[t=0.841684s, 15476 KB] New best heuristic value for ff(transform=adapt_costs(cost_type=normal)): 400
[t=0.841684s, 15476 KB] g=665, 6681 evaluated, 29 expanded
[t=0.869671s, 15476 KB] New best heuristic value for ff(transform=adapt_costs(cost_type=normal)): 390
[t=0.869671s, 15476 KB] g=655, 6888 evaluated, 29 expanded
[t=0.869671s, 15476 KB] New best heuristic value for ff(transform=adapt_costs(cost_type=normal)): 380
[t=0.869671s, 15476 KB] g=685, 6899 evaluated, 30 expanded
[t=0.897645s, 15476 KB] New best heuristic value for ff(transform=adapt_costs(cost_type=normal)): 370
[t=0.897645s, 15476 KB] g=715, 7123 evaluated, 31 expanded
[t=0.913623s, 15476 KB] New best heuristic value for ff(transform=adapt_costs(cost_type=normal)): 360
[t=0.913623s, 15476 KB] g=705, 7294 evaluated, 31 expanded
[t=0.917628s, 15476 KB] New best heuristic value for ff(transform=adapt_costs(cost_type=normal)): 350
[t=0.917628s, 15476 KB] g=735, 7329 evaluated, 32 expanded
[t=0.941616s, 15476 KB] New best heuristic value for ff(transform=adapt_costs(cost_type=normal)): 340
[t=0.941616s, 15476 KB] g=765, 7527 evaluated, 33 expanded
[t=0.95359s, 15476 KB] New best heuristic value for ff(transform=adapt_costs(cost_type=normal)): 305
[t=0.95359s, 15476 KB] g=780, 7632 evaluated, 33 expanded
[t=0.957595s, 15476 KB] New best heuristic value for ff(transform=adapt_costs(cost_type=normal)): 295
[t=0.957595s, 15476 KB] g=810, 7722 evaluated, 34 expanded
[t=0.965578s, 15476 KB] New best heuristic value for ff(transform=adapt_costs(cost_type=normal)): 285
[t=0.965578s, 15476 KB] g=800, 7832 evaluated, 34 expanded
[t=0.973569s, 15476 KB] New best heuristic value for ff(transform=adapt_costs(cost_type=normal)): 275
[t=0.973569s, 15476 KB] g=830, 7916 evaluated, 35 expanded
[t=0.993546s, 15476 KB] New best heuristic value for ff(transform=adapt_costs(cost_type=normal)): 265
[t=0.993546s, 15476 KB] g=860, 8096 evaluated, 36 expanded
[t=1.00553s, 15476 KB] New best heuristic value for ff(transform=adapt_costs(cost_type=normal)): 245
[t=1.00553s, 15476 KB] g=860, 8188 evaluated, 36 expanded
[t=1.01352s, 15476 KB] New best heuristic value for ff(transform=adapt_costs(cost_type=normal)): 235
[t=1.01352s, 15476 KB] g=890, 8272 evaluated, 37 expanded
[t=1.03748s, 15476 KB] New best heuristic value for ff(transform=adapt_costs(cost_type=normal)): 225
[t=1.03748s, 15476 KB] g=920, 8453 evaluated, 38 expanded
[t=1.04149s, 15476 KB] New best heuristic value for ff(transform=adapt_costs(cost_type=normal)): 220
[t=1.04149s, 15476 KB] g=905, 8515 evaluated, 38 expanded
[t=1.05744s, 15476 KB] New best heuristic value for ff(transform=adapt_costs(cost_type=normal)): 210
[t=1.05744s, 15476 KB] g=935, 8622 evaluated, 39 expanded
[t=1.07743s, 15476 KB] New best heuristic value for ff(transform=adapt_costs(cost_type=normal)): 205
[t=1.07743s, 15476 KB] g=945, 8791 evaluated, 40 expanded
[t=1.07743s, 15476 KB] New best heuristic value for ff(transform=adapt_costs(cost_type=normal)): 200
[t=1.07743s, 15476 KB] g=945, 8802 evaluated, 40 expanded
[t=1.08143s, 15476 KB] New best heuristic value for ff(transform=adapt_costs(cost_type=normal)): 190
[t=1.08143s, 15476 KB] g=965, 8850 evaluated, 40 expanded
[t=1.08942s, 15476 KB] New best heuristic value for ff(transform=adapt_costs(cost_type=normal)): 185
[t=1.08942s, 15476 KB] g=975, 8943 evaluated, 41 expanded
[t=1.08942s, 15476 KB] New best heuristic value for ff(transform=adapt_costs(cost_type=normal)): 180
[t=1.08942s, 15476 KB] g=975, 8954 evaluated, 41 expanded
[t=1.0934s, 15476 KB] New best heuristic value for ff(transform=adapt_costs(cost_type=normal)): 145
[t=1.0934s, 15476 KB] g=1010, 9003 evaluated, 41 expanded
[t=1.10141s, 15476 KB] New best heuristic value for ff(transform=adapt_costs(cost_type=normal)): 140
[t=1.10141s, 15476 KB] g=1020, 9101 evaluated, 42 expanded
[t=1.10539s, 15476 KB] New best heuristic value for ff(transform=adapt_costs(cost_type=normal)): 135
[t=1.10539s, 15476 KB] g=1020, 9112 evaluated, 42 expanded
[t=1.10539s, 15476 KB] New best heuristic value for ff(transform=adapt_costs(cost_type=normal)): 115
[t=1.10539s, 15476 KB] g=1030, 9166 evaluated, 42 expanded
[t=1.11338s, 15476 KB] New best heuristic value for ff(transform=adapt_costs(cost_type=normal)): 110
[t=1.11338s, 15476 KB] g=1040, 9258 evaluated, 43 expanded
[t=1.11338s, 15476 KB] New best heuristic value for ff(transform=adapt_costs(cost_type=normal)): 105
[t=1.11338s, 15476 KB] g=1040, 9269 evaluated, 43 expanded
[t=1.12138s, 15476 KB] New best heuristic value for ff(transform=adapt_costs(cost_type=normal)): 100
[t=1.12138s, 15476 KB] g=1050, 9405 evaluated, 44 expanded
[t=1.12536s, 15476 KB] New best heuristic value for ff(transform=adapt_costs(cost_type=normal)): 95
[t=1.12536s, 15476 KB] g=1060, 9420 evaluated, 44 expanded
[t=1.13337s, 15476 KB] New best heuristic value for ff(transform=adapt_costs(cost_type=normal)): 90
[t=1.13337s, 15476 KB] g=1070, 9542 evaluated, 45 expanded
[t=1.13337s, 15476 KB] New best heuristic value for ff(transform=adapt_costs(cost_type=normal)): 85
[t=1.13337s, 15476 KB] g=1070, 9561 evaluated, 45 expanded
[t=1.14536s, 15476 KB] New best heuristic value for ff(transform=adapt_costs(cost_type=normal)): 80
[t=1.14536s, 15476 KB] g=1080, 9670 evaluated, 46 expanded
[t=1.14536s, 15476 KB] New best heuristic value for ff(transform=adapt_costs(cost_type=normal)): 75
[t=1.14536s, 15476 KB] g=1080, 9690 evaluated, 46 expanded
[t=1.15335s, 15476 KB] New best heuristic value for ff(transform=adapt_costs(cost_type=normal)): 70
[t=1.15335s, 15476 KB] g=1090, 9789 evaluated, 47 expanded
[t=1.15335s, 15476 KB] New best heuristic value for ff(transform=adapt_costs(cost_type=normal)): 65
[t=1.15335s, 15476 KB] g=1090, 9813 evaluated, 47 expanded
[t=1.16133s, 15476 KB] New best heuristic value for ff(transform=adapt_costs(cost_type=normal)): 60
[t=1.16133s, 15476 KB] g=1100, 9900 evaluated, 48 expanded
[t=1.16133s, 15476 KB] New best heuristic value for ff(transform=adapt_costs(cost_type=normal)): 55
[t=1.16133s, 15476 KB] g=1100, 9931 evaluated, 48 expanded
[t=1.16534s, 15476 KB] New best heuristic value for ff(transform=adapt_costs(cost_type=normal)): 50
[t=1.16534s, 15476 KB] g=1105, 10003 evaluated, 49 expanded
[t=1.16932s, 15476 KB] New best heuristic value for ff(transform=adapt_costs(cost_type=normal)): 45
[t=1.16932s, 15476 KB] g=1110, 10036 evaluated, 49 expanded
[t=1.17332s, 15476 KB] New best heuristic value for ff(transform=adapt_costs(cost_type=normal)): 40
[t=1.17332s, 15476 KB] g=1120, 10096 evaluated, 50 expanded
[t=1.17733s, 15476 KB] New best heuristic value for ff(transform=adapt_costs(cost_type=normal)): 35
[t=1.17733s, 15476 KB] g=1120, 10131 evaluated, 50 expanded
[t=1.17733s, 15476 KB] New best heuristic value for ff(transform=adapt_costs(cost_type=normal)): 30
[t=1.17733s, 15476 KB] g=1130, 10179 evaluated, 51 expanded
[t=1.18531s, 15476 KB] New best heuristic value for ff(transform=adapt_costs(cost_type=normal)): 25
[t=1.18531s, 15476 KB] g=1140, 10283 evaluated, 52 expanded
[t=1.19731s, 15476 KB] New best heuristic value for ff(transform=adapt_costs(cost_type=normal)): 0
[t=1.19731s, 15476 KB] g=1160, 10425 evaluated, 55 expanded
[t=1.19731s, 15476 KB] Solution found!
[t=1.19731s, 15476 KB] Actual search time: 1.1548s
load-highspeed-saw b1 highspeed-saw0 (30)
do-saw-small b3 p16 saw0 teak smooth s7 s6 (30)
do-saw-medium b6 p13 saw0 oak smooth s7 s6 s5 (30)
do-saw-medium b6 p14 saw0 oak smooth s5 s4 s3 (30)
do-saw-small b6 p10 saw0 oak smooth s5 s4 (30)
do-saw-small b6 p3 saw0 oak smooth s5 s4 (30)
do-saw-small b8 p8 saw0 cherry rough s6 s5 (30)
do-grind p14 grinder0 smooth natural untreated untreated (30)
do-grind p13 grinder0 smooth natural untreated untreated (30)
do-grind p0 grinder0 verysmooth red colourfragments untreated (30)
do-saw-medium b5 p7 saw0 mahogany rough s9 s8 s7 (30)
cut-board-large b1 p17 highspeed-saw0 beech smooth s8 s6 s7 s5 (10)
cut-board-large b1 p6 highspeed-saw0 beech smooth s5 s3 s4 s2 (10)
do-grind p6 grinder0 smooth natural untreated untreated (45)
do-plane p7 planer0 rough natural untreated (20)
do-immersion-varnish p13 immersion-varnisher0 blue verysmooth (10)
do-saw-medium b3 p2 saw0 teak smooth s6 s5 s4 (30)
do-glaze p2 glazer0 green (15)
do-saw-small b3 p15 saw0 teak smooth s6 s5 (30)
cut-board-medium b1 p12 highspeed-saw0 beech smooth s5 s4 s3 (10)
cut-board-medium b1 p9 highspeed-saw0 beech smooth s5 s4 s3 (10)
do-grind p9 grinder0 smooth natural untreated untreated (30)
do-immersion-varnish p9 immersion-varnisher0 white verysmooth (10)
do-plane p8 planer0 rough natural untreated (10)
do-grind p8 grinder0 smooth natural untreated untreated (15)
do-glaze p15 glazer0 mauve (10)
do-immersion-varnish p0 immersion-varnisher0 green verysmooth (10)
do-saw-large b0 p1 saw0 beech rough s11 s9 s10 s8 (30)
do-glaze p1 glazer0 black (20)
do-saw-large b0 p11 saw0 beech rough s8 s6 s7 s5 (30)
do-glaze p11 glazer0 black (20)
do-saw-large b3 p20 saw0 teak smooth s6 s4 s5 s3 (30)
do-grind p20 grinder0 smooth natural untreated untreated (45)
do-glaze p20 glazer0 black (20)
do-saw-medium b3 p19 saw0 teak smooth s6 s5 s4 (30)
do-grind p19 grinder0 smooth natural untreated untreated (30)
do-saw-medium b3 p5 saw0 teak smooth s6 s5 s4 (30)
do-glaze p5 glazer0 black (15)
do-saw-large b5 p18 saw0 mahogany rough s7 s5 s6 s4 (30)
do-plane p18 planer0 rough natural untreated (30)
do-grind p18 grinder0 smooth natural untreated untreated (45)
do-glaze p18 glazer0 black (20)
do-immersion-varnish p7 immersion-varnisher0 black smooth (10)
do-glaze p6 glazer0 white (20)
do-glaze p3 glazer0 black (10)
do-immersion-varnish p19 immersion-varnisher0 black verysmooth (10)
do-immersion-varnish p17 immersion-varnisher0 black smooth (10)
do-spray-varnish p16 spray-varnisher0 mauve smooth (5)
do-glaze p14 glazer0 mauve (15)
do-immersion-varnish p12 immersion-varnisher0 green smooth (10)
do-glaze p8 glazer0 blue (10)
do-spray-varnish p10 spray-varnisher0 green smooth (5)
cut-board-medium b1 p4 highspeed-saw0 beech smooth s5 s4 s3 (10)
do-glaze p4 glazer0 black (15)
[t=1.19731s, 15476 KB] Plan length: 54 step(s).
[t=1.19731s, 15476 KB] Plan cost: 1160
[t=1.19731s, 15476 KB] Expanded 56 state(s).
[t=1.19731s, 15476 KB] Reopened 0 state(s).
[t=1.19731s, 15476 KB] Evaluated 10454 state(s).
[t=1.19731s, 15476 KB] Evaluations: 10454
[t=1.19731s, 15476 KB] Generated 13071 state(s).
[t=1.19731s, 15476 KB] Dead ends: 2361 state(s).
[t=1.19731s, 15476 KB] Number of registered states: 10454
[t=1.19731s, 15476 KB] Int hash set load factor: 10454/16384 = 0.638062
[t=1.19731s, 15476 KB] Int hash set resizes: 14
[t=1.19731s, 15476 KB] Search time: 1.1548s
[t=1.19731s, 15476 KB] Total time: 1.19731s
Solution found.
Peak memory: 15476 KB
Remove intermediate file output.sas
search exit code: 0

INFO     Running validate.
INFO     validate stdin: None
INFO     validate time limit: None
INFO     validate memory limit: None
INFO     validate command line string: /home/henry/bin/validate domain.pddl problem.pddl sas_plan
Checking plan: sas_plan
Plan executed successfully - checking goal
Plan valid
Final value: 1160 

Successful plans:
Value: 1160
 sas_plan 1160 

validate exit code: 0

INFO     Planner time: 2.13s
