INFO     planner time limit: 1800s
INFO     planner memory limit: 2048 MB

INFO     Running translator.
INFO     translator stdin: None
INFO     translator time limit: 1799s
INFO     translator memory limit: 2048 MB
INFO     translator command line string: /home/henry/Documents/UFRGS/TCC/downward/.venv/bin/python /home/henry/Documents/UFRGS/TCC/downward/experiments/lab/data/main/code-fa850d1cb8d716322f299a4f9b64478019793ada_e5e41175/builds/release/bin/translate/translate.py domain.pddl problem.pddl --sas-file output.sas
Parsing...
Parsing: [0.000s CPU, 0.002s wall-clock]
Normalizing task... [0.000s CPU, 0.000s wall-clock]
Instantiating...
Generating Datalog program... [0.000s CPU, 0.000s wall-clock]
Normalizing Datalog program...
Normalizing Datalog program: [0.000s CPU, 0.004s wall-clock]
Preparing model... [0.010s CPU, 0.001s wall-clock]
Generated 90 rules.
Computing model... [0.000s CPU, 0.002s wall-clock]
159 relevant atoms
224 auxiliary atoms
383 final queue length
464 total queue pushes
Completing instantiation... [0.000s CPU, 0.001s wall-clock]
Instantiating: [0.010s CPU, 0.009s wall-clock]
Computing fact groups...
Finding invariants...
35 initial candidates
Finding invariants: [0.000s CPU, 0.003s wall-clock]
Checking invariant weight... [0.000s CPU, 0.000s wall-clock]
Instantiating groups... [0.000s CPU, 0.000s wall-clock]
Collecting mutex groups... [0.000s CPU, 0.000s wall-clock]
Choosing groups...
18 uncovered facts
Choosing groups: [0.000s CPU, 0.000s wall-clock]
Building translation key... [0.000s CPU, 0.000s wall-clock]
Computing fact groups: [0.000s CPU, 0.003s wall-clock]
Building STRIPS to SAS dictionary... [0.000s CPU, 0.000s wall-clock]
Building dictionary for full mutex groups... [0.000s CPU, 0.000s wall-clock]
Building mutex information...
Building mutex information: [0.000s CPU, 0.000s wall-clock]
Translating task...
Processing axioms...
Simplifying axioms... [0.000s CPU, 0.000s wall-clock]
Translator axioms removed by simplifying: 0
Computing negative axioms... [0.000s CPU, 0.000s wall-clock]
Processing axioms: [0.000s CPU, 0.000s wall-clock]
Translating task: [0.000s CPU, 0.001s wall-clock]
16 effect conditions simplified
0 implied preconditions added
Detecting unreachable propositions...
0 operators removed
0 axioms removed
8 propositions removed
Detecting unreachable propositions: [0.000s CPU, 0.001s wall-clock]
Reordering and filtering variables...
9 of 20 variables necessary.
0 of 5 mutex groups necessary.
31 of 53 operators necessary.
0 of 0 axiom rules necessary.
Reordering and filtering variables: [0.000s CPU, 0.000s wall-clock]
Translator variables: 9
Translator derived variables: 0
Translator facts: 20
Translator goal facts: 3
Translator mutex groups: 0
Translator total mutex groups size: 0
Translator operators: 31
Translator axioms: 0
Translator task size: 155
Translator peak memory: 32116 KB
Writing output... [0.000s CPU, 0.000s wall-clock]
Done! [0.010s CPU, 0.016s wall-clock]
translate exit code: 0

INFO     Running search (release).
INFO     search stdin: output.sas
INFO     search time limit: 1799s
INFO     search memory limit: 2048 MB
INFO     search command line string: /home/henry/Documents/UFRGS/TCC/downward/experiments/lab/data/main/code-fa850d1cb8d716322f299a4f9b64478019793ada_e5e41175/builds/release/bin/downward --search 'eager_greedy([operatorcounting(constraint_generators=[pho_constraints(patterns=systematic(2))], use_integer_operator_counts=true, transform=adapt_costs(cost_type=ONE))])' --internal-plan-file sas_plan < output.sas
[t=0s, 45596 KB] reading input...
[t=0s, 45596 KB] done reading input!
[t=0s, 45860 KB] Generating patterns using: systematic pattern collection generator
[t=0s, 45860 KB] building causal graph...done! [t=0s]
[t=0s, 45860 KB] Found 9 SGA patterns.
[t=0s, 45860 KB] Found 9 interesting patterns.
[t=0s, 45860 KB] systematic pattern collection generator number of patterns: 9
[t=0s, 45860 KB] systematic pattern collection generator total PDB size: 42
[t=0s, 45860 KB] systematic pattern collection generator computation time: 0s
[t=0s, 45860 KB] Computing PDBs for pattern collection...
[t=0s, 45860 KB] Done computing PDBs for pattern collection: 0s
[t=0s, 45860 KB] Building successor generator...done!
[t=0s, 45860 KB] peak memory difference for successor generator creation: 0 KB
[t=0s, 45860 KB] time for successor generation creation: 0s
[t=0s, 45860 KB] Variables: 9
[t=0s, 45860 KB] FactPairs: 20
[t=0s, 45860 KB] Bytes per state: 4
[t=0s, 45860 KB] Conducting best first search without reopening closed nodes, (real) bound = 2147483647
[t=0s, 46140 KB] New best heuristic value for operatorcounting(constraint_generators=[pho_constraints(patterns=systematic(2))],use_integer_operator_counts=true,transform=adapt_costs(cost_type=one)): 6
[t=0s, 46140 KB] g=0, 1 evaluated, 0 expanded
[t=0s, 46140 KB] Initial heuristic value for operatorcounting(constraint_generators=[pho_constraints(patterns=systematic(2))],use_integer_operator_counts=true,transform=adapt_costs(cost_type=one)): 6
[t=0s, 46140 KB] pruning method: none
[t=0.00399977s, 47340 KB] New best heuristic value for operatorcounting(constraint_generators=[pho_constraints(patterns=systematic(2))],use_integer_operator_counts=true,transform=adapt_costs(cost_type=one)): 5
[t=0.00399977s, 47340 KB] g=1, 6 evaluated, 1 expanded
[t=0.00399977s, 47340 KB] New best heuristic value for operatorcounting(constraint_generators=[pho_constraints(patterns=systematic(2))],use_integer_operator_counts=true,transform=adapt_costs(cost_type=one)): 4
[t=0.00399977s, 47340 KB] g=2, 12 evaluated, 2 expanded
[t=0.00822118s, 47348 KB] New best heuristic value for operatorcounting(constraint_generators=[pho_constraints(patterns=systematic(2))],use_integer_operator_counts=true,transform=adapt_costs(cost_type=one)): 3
[t=0.00822118s, 47348 KB] g=4, 22 evaluated, 4 expanded
[t=0.00822118s, 47348 KB] New best heuristic value for operatorcounting(constraint_generators=[pho_constraints(patterns=systematic(2))],use_integer_operator_counts=true,transform=adapt_costs(cost_type=one)): 2
[t=0.00822118s, 47348 KB] g=5, 28 evaluated, 5 expanded
[t=0.0134651s, 47348 KB] New best heuristic value for operatorcounting(constraint_generators=[pho_constraints(patterns=systematic(2))],use_integer_operator_counts=true,transform=adapt_costs(cost_type=one)): 1
[t=0.0134651s, 47348 KB] g=7, 42 evaluated, 11 expanded
[t=0.0155171s, 47348 KB] New best heuristic value for operatorcounting(constraint_generators=[pho_constraints(patterns=systematic(2))],use_integer_operator_counts=true,transform=adapt_costs(cost_type=one)): 0
[t=0.0155171s, 47348 KB] g=8, 47 evaluated, 12 expanded
[t=0.016178s, 47348 KB] Solution found!
[t=0.016178s, 47348 KB] Actual search time: 0.016178s
sample_rock rover0 rover0store waypoint0 (1)
communicate_rock_data rover0 general waypoint0 waypoint0 waypoint1 (1)
calibrate rover0 camera0 objective0 waypoint0 (1)
take_image rover0 waypoint0 objective1 camera0 low_res (1)
communicate_image_data rover0 general objective1 low_res waypoint0 waypoint1 (1)
drop rover0 rover0store (1)
sample_soil rover0 rover0store waypoint0 (1)
communicate_soil_data rover0 general waypoint0 waypoint0 waypoint1 (1)
[t=0.016178s, 47348 KB] Plan length: 8 step(s).
[t=0.016178s, 47348 KB] Plan cost: 8
[t=0.016178s, 47348 KB] Expanded 13 state(s).
[t=0.016178s, 47348 KB] Reopened 0 state(s).
[t=0.016178s, 47348 KB] Evaluated 48 state(s).
[t=0.016178s, 47348 KB] Evaluations: 48
[t=0.016178s, 47348 KB] Generated 82 state(s).
[t=0.016178s, 47348 KB] Dead ends: 0 state(s).
[t=0.016178s, 47348 KB] Number of registered states: 48
[t=0.016178s, 47348 KB] Int hash set load factor: 48/64 = 0.75
[t=0.016178s, 47348 KB] Int hash set resizes: 6
[t=0.016178s, 47348 KB] Search time: 0.016178s
[t=0.016178s, 47348 KB] Total time: 0.016178s
Solution found.
Peak memory: 47348 KB
Remove intermediate file output.sas
search exit code: 0

INFO     Running validate.
INFO     validate stdin: None
INFO     validate time limit: None
INFO     validate memory limit: None
INFO     validate command line string: /home/henry/bin/validate domain.pddl problem.pddl sas_plan
Checking plan: sas_plan
Plan executed successfully - checking goal
Plan valid
Final value: 8 

Successful plans:
Value: 8
 sas_plan 8 

validate exit code: 0

INFO     Planner time: 0.09s
