INFO     planner time limit: 1800s
INFO     planner memory limit: 2048 MB

INFO     Running translator.
INFO     translator stdin: None
INFO     translator time limit: 1799s
INFO     translator memory limit: 2048 MB
INFO     translator command line string: /home/henry/Documents/UFRGS/TCC/downward/.venv/bin/python /home/henry/Documents/UFRGS/TCC/downward/experiments/lab/data/main/code-5bb2ccb6957559b6969ffd7e29254c73f84d5e49_e5e41175/builds/release/bin/translate/translate.py domain.pddl problem.pddl --sas-file output.sas
Parsing...
Parsing: [0.020s CPU, 0.024s wall-clock]
Normalizing task... [0.000s CPU, 0.002s wall-clock]
Instantiating...
Generating Datalog program... [0.010s CPU, 0.003s wall-clock]
Normalizing Datalog program...
Normalizing Datalog program: [0.010s CPU, 0.016s wall-clock]
Preparing model... [0.020s CPU, 0.009s wall-clock]
Generated 985 rules.
Computing model... [0.800s CPU, 0.811s wall-clock]
45505 relevant atoms
76958 auxiliary atoms
122463 final queue length
194043 total queue pushes
Completing instantiation... [1.210s CPU, 1.209s wall-clock]
Instantiating: [2.080s CPU, 2.076s wall-clock]
Computing fact groups...
Finding invariants...
211 initial candidates
Finding invariants: [27.900s CPU, 27.914s wall-clock]
Checking invariant weight... [0.000s CPU, 0.000s wall-clock]
Instantiating groups... [0.000s CPU, 0.000s wall-clock]
Collecting mutex groups... [0.000s CPU, 0.000s wall-clock]
Choosing groups...
2402 uncovered facts
Choosing groups: [0.000s CPU, 0.000s wall-clock]
Building translation key... [0.010s CPU, 0.007s wall-clock]
Computing fact groups: [27.920s CPU, 27.936s wall-clock]
Building STRIPS to SAS dictionary... [0.000s CPU, 0.002s wall-clock]
Building dictionary for full mutex groups... [0.000s CPU, 0.002s wall-clock]
Building mutex information...
Building mutex information: [0.000s CPU, 0.001s wall-clock]
Translating task...
Processing axioms...
Simplifying axioms... [0.000s CPU, 0.000s wall-clock]
Translator axioms removed by simplifying: 0
Computing negative axioms... [0.000s CPU, 0.000s wall-clock]
Processing axioms: [0.050s CPU, 0.047s wall-clock]
Translating task: [1.480s CPU, 1.481s wall-clock]
71994 effect conditions simplified
0 implied preconditions added
Detecting unreachable propositions...
0 operators removed
0 axioms removed
148 propositions removed
Detecting unreachable propositions: [0.830s CPU, 0.833s wall-clock]
Reordering and filtering variables...
2187 of 2328 variables necessary.
0 of 0 mutex groups necessary.
41854 of 41854 operators necessary.
0 of 0 axiom rules necessary.
Reordering and filtering variables: [0.690s CPU, 0.698s wall-clock]
Translator variables: 2187
Translator derived variables: 0
Translator facts: 4374
Translator goal facts: 9
Translator mutex groups: 0
Translator total mutex groups size: 0
Translator operators: 41854
Translator axioms: 0
Translator task size: 300696
Translator peak memory: 390828 KB
Writing output... [0.240s CPU, 0.241s wall-clock]
Done! [33.330s CPU, 33.357s wall-clock]
translate exit code: 0

INFO     Running search (release).
INFO     search stdin: output.sas
INFO     search time limit: 1766s
INFO     search memory limit: 2048 MB
INFO     search command line string: /home/henry/Documents/UFRGS/TCC/downward/experiments/lab/data/main/code-5bb2ccb6957559b6969ffd7e29254c73f84d5e49_e5e41175/builds/release/bin/downward --search 'eager_greedy([ilsh(patterns=systematic(2), transform=adapt_costs(cost_type=ONE))])' --internal-plan-file sas_plan < output.sas
[t=0s, 10544 KB] reading input...
[t=0.175879s, 24952 KB] done reading input!
[t=0.175879s, 25348 KB] Generating patterns using: systematic pattern collection generator
[t=0.175879s, 25348 KB] building causal graph...done! [t=0.1079s]
[t=0.339762s, 49852 KB] Found 509 SGA patterns.
[t=0.351736s, 49852 KB] Found 515 interesting patterns.
[t=0.351736s, 49852 KB] systematic pattern collection generator number of patterns: 515
[t=0.351736s, 49852 KB] systematic pattern collection generator total PDB size: 2042
[t=0.351736s, 49852 KB] systematic pattern collection generator computation time: 0.175857s
[t=0.351736s, 49852 KB] Computing PDBs for pattern collection...
[t=3.25781s, 49852 KB] Done computing PDBs for pattern collection: 2.90607s
[t=3.74149s, 49852 KB] Tie breaking: 2
[t=3.74149s, 49852 KB] Building successor generator...done!
[t=3.75746s, 49852 KB] peak memory difference for successor generator creation: 0 KB
[t=3.75746s, 49852 KB] time for successor generation creation: 0.0159687s
[t=3.75746s, 49852 KB] Variables: 2187
[t=3.75746s, 49852 KB] FactPairs: 4374
[t=3.75746s, 49852 KB] Bytes per state: 276
[t=3.75746s, 49852 KB] Conducting best first search without reopening closed nodes, (real) bound = 2147483647
[t=3.76146s, 49852 KB] New best heuristic value for ilsh(patterns=systematic(2),transform=adapt_costs(cost_type=one)): 4
[t=3.76146s, 49852 KB] g=0, 1 evaluated, 0 expanded
[t=3.76146s, 49852 KB] Initial heuristic value for ilsh(patterns=systematic(2),transform=adapt_costs(cost_type=one)): 4
[t=3.76146s, 49852 KB] pruning method: none
Peak memory: 133492 KB
caught signal 24 -- exiting
Time limit has been reached.
Remove intermediate file output.sas
search exit code: 23

Driver aborting after search
INFO     Planner time: 1797.92s
