INFO     planner time limit: 1800s
INFO     planner memory limit: 2048 MB

INFO     Running translator.
INFO     translator stdin: None
INFO     translator time limit: 1799s
INFO     translator memory limit: 2048 MB
INFO     translator command line string: /home/henry/Documents/UFRGS/TCC/downward/.venv/bin/python /home/henry/Documents/UFRGS/TCC/downward/experiments/lab/data/main/code-5bb2ccb6957559b6969ffd7e29254c73f84d5e49_e5e41175/builds/release/bin/translate/translate.py domain.pddl problem.pddl --sas-file output.sas
Parsing...
Parsing: [0.000s CPU, 0.005s wall-clock]
Normalizing task... [0.000s CPU, 0.000s wall-clock]
Instantiating...
Generating Datalog program... [0.000s CPU, 0.001s wall-clock]
Normalizing Datalog program...
Normalizing Datalog program: [0.010s CPU, 0.006s wall-clock]
Preparing model... [0.000s CPU, 0.003s wall-clock]
Generated 198 rules.
Computing model... [0.160s CPU, 0.157s wall-clock]
11033 relevant atoms
15657 auxiliary atoms
26690 final queue length
66411 total queue pushes
Completing instantiation... [0.410s CPU, 0.403s wall-clock]
Instantiating: [0.580s CPU, 0.574s wall-clock]
Computing fact groups...
Finding invariants...
24 initial candidates
Finding invariants: [0.010s CPU, 0.014s wall-clock]
Checking invariant weight... [0.000s CPU, 0.001s wall-clock]
Instantiating groups... [0.010s CPU, 0.009s wall-clock]
Collecting mutex groups... [0.000s CPU, 0.000s wall-clock]
Choosing groups...
393 uncovered facts
Choosing groups: [0.000s CPU, 0.001s wall-clock]
Building translation key... [0.000s CPU, 0.001s wall-clock]
Computing fact groups: [0.030s CPU, 0.029s wall-clock]
Building STRIPS to SAS dictionary... [0.000s CPU, 0.000s wall-clock]
Building dictionary for full mutex groups... [0.000s CPU, 0.000s wall-clock]
Building mutex information...
Building mutex information: [0.000s CPU, 0.000s wall-clock]
Translating task...
Processing axioms...
Simplifying axioms... [0.000s CPU, 0.000s wall-clock]
Translator axioms removed by simplifying: 0
Computing negative axioms... [0.000s CPU, 0.000s wall-clock]
Processing axioms: [0.010s CPU, 0.016s wall-clock]
Translating task: [0.370s CPU, 0.369s wall-clock]
4865 effect conditions simplified
0 implied preconditions added
Detecting unreachable propositions...
0 operators removed
0 axioms removed
120 propositions removed
Detecting unreachable propositions: [0.230s CPU, 0.235s wall-clock]
Reordering and filtering variables...
437 of 448 variables necessary.
98 of 136 mutex groups necessary.
9723 of 9723 operators necessary.
0 of 0 axiom rules necessary.
Reordering and filtering variables: [0.080s CPU, 0.085s wall-clock]
Translator variables: 437
Translator derived variables: 0
Translator facts: 1211
Translator goal facts: 110
Translator mutex groups: 98
Translator total mutex groups size: 341
Translator operators: 9723
Translator axioms: 0
Translator task size: 85050
Translator peak memory: 88924 KB
Writing output... [0.070s CPU, 0.068s wall-clock]
Done! [1.380s CPU, 1.387s wall-clock]
translate exit code: 0

INFO     Running search (release).
INFO     search stdin: output.sas
INFO     search time limit: 1798s
INFO     search memory limit: 2048 MB
INFO     search command line string: /home/henry/Documents/UFRGS/TCC/downward/experiments/lab/data/main/code-5bb2ccb6957559b6969ffd7e29254c73f84d5e49_e5e41175/builds/release/bin/downward --search 'eager_greedy([lsh(patterns=systematic(2), transform=adapt_costs(cost_type=NORMAL))])' --internal-plan-file sas_plan < output.sas
[t=0s, 10544 KB] reading input...
[t=0.0479727s, 14360 KB] done reading input!
[t=0.0479727s, 14624 KB] Generating patterns using: systematic pattern collection generator
[t=0.0479727s, 14624 KB] building causal graph...done! [t=0.0159898s]
[t=0.0679663s, 19252 KB] Found 6534 SGA patterns.
[t=0.127934s, 19252 KB] Found 6534 interesting patterns.
[t=0.13193s, 19252 KB] systematic pattern collection generator number of patterns: 6534
[t=0.13193s, 19252 KB] systematic pattern collection generator total PDB size: 60340
[t=0.13193s, 19252 KB] systematic pattern collection generator computation time: 0.0839575s
[t=0.13193s, 19252 KB] Computing PDBs for pattern collection...
[t=9.29525s, 19252 KB] Done computing PDBs for pattern collection: 9.16332s
[t=10.8584s, 36180 KB] Building successor generator...done!
[t=10.8584s, 36748 KB] peak memory difference for successor generator creation: 568 KB
[t=10.8584s, 36748 KB] time for successor generation creation: 0s
[t=10.8584s, 36748 KB] Variables: 437
[t=10.8584s, 36748 KB] FactPairs: 1211
[t=10.8584s, 36748 KB] Bytes per state: 76
[t=10.8584s, 36748 KB] Conducting best first search without reopening closed nodes, (real) bound = 2147483647
[t=10.8584s, 36748 KB] New best heuristic value for lsh(patterns=systematic(2),transform=adapt_costs(cost_type=normal)): 1690
[t=10.8584s, 36748 KB] g=0, 1 evaluated, 0 expanded
[t=10.8584s, 36748 KB] Initial heuristic value for lsh(patterns=systematic(2),transform=adapt_costs(cost_type=normal)): 1690
[t=10.8584s, 36748 KB] pruning method: none
[t=10.8584s, 36748 KB] New best heuristic value for lsh(patterns=systematic(2),transform=adapt_costs(cost_type=normal)): 1675
[t=10.8584s, 36748 KB] g=20, 3 evaluated, 1 expanded
[t=10.8624s, 36748 KB] New best heuristic value for lsh(patterns=systematic(2),transform=adapt_costs(cost_type=normal)): 1645
[t=10.8624s, 36748 KB] g=45, 6 evaluated, 1 expanded
[t=10.8624s, 36748 KB] New best heuristic value for lsh(patterns=systematic(2),transform=adapt_costs(cost_type=normal)): 1540
[t=10.8624s, 36748 KB] g=30, 10 evaluated, 1 expanded
[t=10.8624s, 36748 KB] New best heuristic value for lsh(patterns=systematic(2),transform=adapt_costs(cost_type=normal)): 1320
[t=10.8624s, 36748 KB] g=30, 40 evaluated, 1 expanded
[t=10.8744s, 36748 KB] New best heuristic value for lsh(patterns=systematic(2),transform=adapt_costs(cost_type=normal)): 1305
[t=10.8744s, 36748 KB] g=50, 341 evaluated, 2 expanded
[t=10.8744s, 36748 KB] New best heuristic value for lsh(patterns=systematic(2),transform=adapt_costs(cost_type=normal)): 1275
[t=10.8744s, 36748 KB] g=75, 344 evaluated, 2 expanded
[t=10.8904s, 36748 KB] New best heuristic value for lsh(patterns=systematic(2),transform=adapt_costs(cost_type=normal)): 1260
[t=10.8904s, 36748 KB] g=95, 668 evaluated, 3 expanded
[t=10.8904s, 36748 KB] New best heuristic value for lsh(patterns=systematic(2),transform=adapt_costs(cost_type=normal)): 1255
[t=10.8904s, 36748 KB] g=95, 680 evaluated, 3 expanded
[t=10.8904s, 36748 KB] New best heuristic value for lsh(patterns=systematic(2),transform=adapt_costs(cost_type=normal)): 1245
[t=10.8904s, 36748 KB] g=105, 741 evaluated, 3 expanded
[t=10.9024s, 36748 KB] New best heuristic value for lsh(patterns=systematic(2),transform=adapt_costs(cost_type=normal)): 1230
[t=10.9024s, 36748 KB] g=125, 1007 evaluated, 4 expanded
[t=10.9024s, 36748 KB] New best heuristic value for lsh(patterns=systematic(2),transform=adapt_costs(cost_type=normal)): 1225
[t=10.9024s, 36748 KB] g=125, 1020 evaluated, 4 expanded
[t=10.9064s, 36748 KB] New best heuristic value for lsh(patterns=systematic(2),transform=adapt_costs(cost_type=normal)): 1215
[t=10.9064s, 36748 KB] g=135, 1126 evaluated, 4 expanded
[t=10.9184s, 36748 KB] New best heuristic value for lsh(patterns=systematic(2),transform=adapt_costs(cost_type=normal)): 1200
[t=10.9184s, 36748 KB] g=155, 1380 evaluated, 5 expanded
[t=10.9224s, 36748 KB] New best heuristic value for lsh(patterns=systematic(2),transform=adapt_costs(cost_type=normal)): 1195
[t=10.9224s, 36748 KB] g=155, 1393 evaluated, 5 expanded
[t=10.9304s, 36748 KB] New best heuristic value for lsh(patterns=systematic(2),transform=adapt_costs(cost_type=normal)): 1185
[t=10.9304s, 36748 KB] g=165, 1633 evaluated, 5 expanded
[t=10.9384s, 36748 KB] New best heuristic value for lsh(patterns=systematic(2),transform=adapt_costs(cost_type=normal)): 1170
[t=10.9384s, 36748 KB] g=185, 1783 evaluated, 6 expanded
[t=10.9384s, 36748 KB] New best heuristic value for lsh(patterns=systematic(2),transform=adapt_costs(cost_type=normal)): 1165
[t=10.9384s, 36748 KB] g=185, 1796 evaluated, 6 expanded
[t=10.9544s, 36844 KB] New best heuristic value for lsh(patterns=systematic(2),transform=adapt_costs(cost_type=normal)): 1155
[t=10.9544s, 36844 KB] g=195, 2079 evaluated, 6 expanded
[t=10.9624s, 36844 KB] New best heuristic value for lsh(patterns=systematic(2),transform=adapt_costs(cost_type=normal)): 1140
[t=10.9624s, 36844 KB] g=215, 2207 evaluated, 7 expanded
[t=10.9624s, 36844 KB] New best heuristic value for lsh(patterns=systematic(2),transform=adapt_costs(cost_type=normal)): 1135
[t=10.9624s, 36844 KB] g=215, 2220 evaluated, 7 expanded
[t=10.9784s, 36844 KB] New best heuristic value for lsh(patterns=systematic(2),transform=adapt_costs(cost_type=normal)): 1125
[t=10.9784s, 36844 KB] g=225, 2592 evaluated, 7 expanded
[t=10.9824s, 36844 KB] New best heuristic value for lsh(patterns=systematic(2),transform=adapt_costs(cost_type=normal)): 1110
[t=10.9824s, 36844 KB] g=245, 2650 evaluated, 8 expanded
[t=10.9864s, 36844 KB] New best heuristic value for lsh(patterns=systematic(2),transform=adapt_costs(cost_type=normal)): 1105
[t=10.9864s, 36844 KB] g=245, 2663 evaluated, 8 expanded
[t=11.0104s, 36844 KB] New best heuristic value for lsh(patterns=systematic(2),transform=adapt_costs(cost_type=normal)): 1090
[t=11.0104s, 36844 KB] g=265, 3110 evaluated, 9 expanded
[t=11.0184s, 36844 KB] New best heuristic value for lsh(patterns=systematic(2),transform=adapt_costs(cost_type=normal)): 1085
[t=11.0184s, 36844 KB] g=275, 3330 evaluated, 9 expanded
[t=11.0303s, 36976 KB] New best heuristic value for lsh(patterns=systematic(2),transform=adapt_costs(cost_type=normal)): 1070
[t=11.0303s, 36976 KB] g=295, 3555 evaluated, 10 expanded
[t=11.0503s, 36976 KB] New best heuristic value for lsh(patterns=systematic(2),transform=adapt_costs(cost_type=normal)): 1065
[t=11.0503s, 36976 KB] g=305, 3930 evaluated, 10 expanded
[t=11.0583s, 36976 KB] New best heuristic value for lsh(patterns=systematic(2),transform=adapt_costs(cost_type=normal)): 1050
[t=11.0583s, 36976 KB] g=325, 4016 evaluated, 11 expanded
[t=11.0783s, 37112 KB] New best heuristic value for lsh(patterns=systematic(2),transform=adapt_costs(cost_type=normal)): 1045
[t=11.0783s, 37112 KB] g=325, 4429 evaluated, 11 expanded
[t=11.0823s, 37112 KB] New best heuristic value for lsh(patterns=systematic(2),transform=adapt_costs(cost_type=normal)): 1030
[t=11.0823s, 37112 KB] g=345, 4486 evaluated, 12 expanded
[t=11.1063s, 37112 KB] New best heuristic value for lsh(patterns=systematic(2),transform=adapt_costs(cost_type=normal)): 1015
[t=11.1063s, 37112 KB] g=355, 4941 evaluated, 13 expanded
[t=11.1303s, 37112 KB] New best heuristic value for lsh(patterns=systematic(2),transform=adapt_costs(cost_type=normal)): 1005
[t=11.1303s, 37112 KB] g=370, 5408 evaluated, 14 expanded
[t=11.1543s, 37244 KB] New best heuristic value for lsh(patterns=systematic(2),transform=adapt_costs(cost_type=normal)): 1000
[t=11.1543s, 37244 KB] g=370, 5848 evaluated, 14 expanded
[t=11.1543s, 37244 KB] New best heuristic value for lsh(patterns=systematic(2),transform=adapt_costs(cost_type=normal)): 990
[t=11.1543s, 37244 KB] g=385, 5864 evaluated, 15 expanded
[t=11.1783s, 37244 KB] New best heuristic value for lsh(patterns=systematic(2),transform=adapt_costs(cost_type=normal)): 985
[t=11.1783s, 37244 KB] g=385, 6307 evaluated, 15 expanded
[t=11.1783s, 37244 KB] New best heuristic value for lsh(patterns=systematic(2),transform=adapt_costs(cost_type=normal)): 975
[t=11.1783s, 37244 KB] g=400, 6313 evaluated, 16 expanded
[t=11.1983s, 37244 KB] New best heuristic value for lsh(patterns=systematic(2),transform=adapt_costs(cost_type=normal)): 965
[t=11.1983s, 37244 KB] g=410, 6768 evaluated, 17 expanded
[t=11.2263s, 37376 KB] New best heuristic value for lsh(patterns=systematic(2),transform=adapt_costs(cost_type=normal)): 955
[t=11.2263s, 37376 KB] g=425, 7212 evaluated, 18 expanded
[t=11.2503s, 37524 KB] New best heuristic value for lsh(patterns=systematic(2),transform=adapt_costs(cost_type=normal)): 945
[t=11.2503s, 37524 KB] g=435, 7659 evaluated, 19 expanded
[t=11.2742s, 37524 KB] New best heuristic value for lsh(patterns=systematic(2),transform=adapt_costs(cost_type=normal)): 935
[t=11.2742s, 37524 KB] g=460, 8116 evaluated, 20 expanded
[t=11.2982s, 37524 KB] New best heuristic value for lsh(patterns=systematic(2),transform=adapt_costs(cost_type=normal)): 925
[t=11.2982s, 37524 KB] g=490, 8559 evaluated, 21 expanded
[t=11.3222s, 37524 KB] New best heuristic value for lsh(patterns=systematic(2),transform=adapt_costs(cost_type=normal)): 915
[t=11.3222s, 37524 KB] g=520, 9062 evaluated, 22 expanded
[t=11.3462s, 37656 KB] New best heuristic value for lsh(patterns=systematic(2),transform=adapt_costs(cost_type=normal)): 905
[t=11.3462s, 37656 KB] g=550, 9518 evaluated, 23 expanded
[t=11.3622s, 37656 KB] New best heuristic value for lsh(patterns=systematic(2),transform=adapt_costs(cost_type=normal)): 895
[t=11.3622s, 37656 KB] g=540, 9882 evaluated, 23 expanded
[t=11.3662s, 37656 KB] New best heuristic value for lsh(patterns=systematic(2),transform=adapt_costs(cost_type=normal)): 885
[t=11.3662s, 37656 KB] g=570, 9988 evaluated, 24 expanded
[t=11.3862s, 37656 KB] New best heuristic value for lsh(patterns=systematic(2),transform=adapt_costs(cost_type=normal)): 875
[t=11.3862s, 37656 KB] g=600, 10440 evaluated, 25 expanded
[t=11.4022s, 37788 KB] New best heuristic value for lsh(patterns=systematic(2),transform=adapt_costs(cost_type=normal)): 865
[t=11.4022s, 37788 KB] g=590, 10782 evaluated, 25 expanded
[t=11.4102s, 37788 KB] New best heuristic value for lsh(patterns=systematic(2),transform=adapt_costs(cost_type=normal)): 855
[t=11.4102s, 37788 KB] g=620, 10892 evaluated, 26 expanded
[t=11.4342s, 37788 KB] New best heuristic value for lsh(patterns=systematic(2),transform=adapt_costs(cost_type=normal)): 845
[t=11.4342s, 37788 KB] g=650, 11327 evaluated, 27 expanded
[t=11.4502s, 37788 KB] New best heuristic value for lsh(patterns=systematic(2),transform=adapt_costs(cost_type=normal)): 840
[t=11.4502s, 37788 KB] g=635, 11701 evaluated, 27 expanded
[t=11.4502s, 37788 KB] New best heuristic value for lsh(patterns=systematic(2),transform=adapt_costs(cost_type=normal)): 825
[t=11.4502s, 37788 KB] g=650, 11705 evaluated, 27 expanded
[t=11.4542s, 37788 KB] New best heuristic value for lsh(patterns=systematic(2),transform=adapt_costs(cost_type=normal)): 815
[t=11.4542s, 37788 KB] g=680, 11770 evaluated, 28 expanded
[t=11.4702s, 37924 KB] New best heuristic value for lsh(patterns=systematic(2),transform=adapt_costs(cost_type=normal)): 810
[t=11.4702s, 37924 KB] g=665, 12145 evaluated, 28 expanded
[t=11.4702s, 37924 KB] New best heuristic value for lsh(patterns=systematic(2),transform=adapt_costs(cost_type=normal)): 800
[t=11.4742s, 37924 KB] g=695, 12213 evaluated, 29 expanded
[t=11.4902s, 37924 KB] New best heuristic value for lsh(patterns=systematic(2),transform=adapt_costs(cost_type=normal)): 790
[t=11.4902s, 37924 KB] g=725, 12639 evaluated, 30 expanded
[t=11.5022s, 37924 KB] New best heuristic value for lsh(patterns=systematic(2),transform=adapt_costs(cost_type=normal)): 785
[t=11.5022s, 37924 KB] g=710, 12966 evaluated, 30 expanded
[t=11.5102s, 37924 KB] New best heuristic value for lsh(patterns=systematic(2),transform=adapt_costs(cost_type=normal)): 775
[t=11.5102s, 37924 KB] g=740, 13061 evaluated, 31 expanded
[t=11.5261s, 38056 KB] New best heuristic value for lsh(patterns=systematic(2),transform=adapt_costs(cost_type=normal)): 765
[t=11.5261s, 38056 KB] g=770, 13467 evaluated, 32 expanded
[t=11.5341s, 38056 KB] New best heuristic value for lsh(patterns=systematic(2),transform=adapt_costs(cost_type=normal)): 760
[t=11.5341s, 38056 KB] g=755, 13755 evaluated, 32 expanded
[t=11.5341s, 38056 KB] New best heuristic value for lsh(patterns=systematic(2),transform=adapt_costs(cost_type=normal)): 745
[t=11.5341s, 38056 KB] g=770, 13759 evaluated, 32 expanded
[t=11.5421s, 38056 KB] New best heuristic value for lsh(patterns=systematic(2),transform=adapt_costs(cost_type=normal)): 735
[t=11.5421s, 38056 KB] g=800, 13870 evaluated, 33 expanded
[t=11.5541s, 38056 KB] New best heuristic value for lsh(patterns=systematic(2),transform=adapt_costs(cost_type=normal)): 730
[t=11.5541s, 38056 KB] g=785, 14158 evaluated, 33 expanded
[t=11.5581s, 38056 KB] New best heuristic value for lsh(patterns=systematic(2),transform=adapt_costs(cost_type=normal)): 720
[t=11.5581s, 38056 KB] g=815, 14273 evaluated, 34 expanded
[t=11.5741s, 38188 KB] New best heuristic value for lsh(patterns=systematic(2),transform=adapt_costs(cost_type=normal)): 710
[t=11.5741s, 38188 KB] g=845, 14659 evaluated, 35 expanded
[t=11.5821s, 38188 KB] New best heuristic value for lsh(patterns=systematic(2),transform=adapt_costs(cost_type=normal)): 700
[t=11.5821s, 38188 KB] g=830, 14931 evaluated, 35 expanded
[t=11.5901s, 38188 KB] New best heuristic value for lsh(patterns=systematic(2),transform=adapt_costs(cost_type=normal)): 690
[t=11.5901s, 38188 KB] g=860, 15041 evaluated, 36 expanded
[t=11.6061s, 38492 KB] New best heuristic value for lsh(patterns=systematic(2),transform=adapt_costs(cost_type=normal)): 680
[t=11.6061s, 38492 KB] g=890, 15407 evaluated, 37 expanded
[t=11.6101s, 38492 KB] New best heuristic value for lsh(patterns=systematic(2),transform=adapt_costs(cost_type=normal)): 660
[t=11.6141s, 38492 KB] g=890, 15656 evaluated, 37 expanded
[t=11.6221s, 38492 KB] New best heuristic value for lsh(patterns=systematic(2),transform=adapt_costs(cost_type=normal)): 650
[t=11.6221s, 38492 KB] g=920, 15770 evaluated, 38 expanded
[t=11.6381s, 38492 KB] New best heuristic value for lsh(patterns=systematic(2),transform=adapt_costs(cost_type=normal)): 640
[t=11.6381s, 38492 KB] g=950, 16131 evaluated, 39 expanded
[t=11.6501s, 38492 KB] New best heuristic value for lsh(patterns=systematic(2),transform=adapt_costs(cost_type=normal)): 630
[t=11.6501s, 38492 KB] g=980, 16481 evaluated, 40 expanded
[t=11.6581s, 38492 KB] New best heuristic value for lsh(patterns=systematic(2),transform=adapt_costs(cost_type=normal)): 620
[t=11.6581s, 38492 KB] g=965, 16706 evaluated, 40 expanded
[t=11.6661s, 38492 KB] New best heuristic value for lsh(patterns=systematic(2),transform=adapt_costs(cost_type=normal)): 610
[t=11.6661s, 38492 KB] g=995, 16830 evaluated, 41 expanded
[t=11.6781s, 38492 KB] New best heuristic value for lsh(patterns=systematic(2),transform=adapt_costs(cost_type=normal)): 600
[t=11.6781s, 38492 KB] g=1025, 17177 evaluated, 42 expanded
[t=11.6901s, 38492 KB] New best heuristic value for lsh(patterns=systematic(2),transform=adapt_costs(cost_type=normal)): 590
[t=11.6901s, 38492 KB] g=1055, 17550 evaluated, 43 expanded
[t=11.7021s, 38628 KB] New best heuristic value for lsh(patterns=systematic(2),transform=adapt_costs(cost_type=normal)): 550
[t=11.7021s, 38628 KB] g=1070, 17789 evaluated, 43 expanded
[t=11.7061s, 38628 KB] New best heuristic value for lsh(patterns=systematic(2),transform=adapt_costs(cost_type=normal)): 540
[t=11.7061s, 38628 KB] g=1100, 17890 evaluated, 44 expanded
[t=11.7181s, 38628 KB] New best heuristic value for lsh(patterns=systematic(2),transform=adapt_costs(cost_type=normal)): 530
[t=11.7181s, 38628 KB] g=1090, 18136 evaluated, 44 expanded
[t=11.7221s, 38628 KB] New best heuristic value for lsh(patterns=systematic(2),transform=adapt_costs(cost_type=normal)): 520
[t=11.7221s, 38628 KB] g=1120, 18229 evaluated, 45 expanded
[t=11.7341s, 38628 KB] New best heuristic value for lsh(patterns=systematic(2),transform=adapt_costs(cost_type=normal)): 510
[t=11.7341s, 38628 KB] g=1150, 18577 evaluated, 46 expanded
[t=11.7381s, 38628 KB] New best heuristic value for lsh(patterns=systematic(2),transform=adapt_costs(cost_type=normal)): 490
[t=11.7381s, 38628 KB] g=1150, 18690 evaluated, 46 expanded
[t=11.7501s, 38628 KB] New best heuristic value for lsh(patterns=systematic(2),transform=adapt_costs(cost_type=normal)): 480
[t=11.7501s, 38628 KB] g=1180, 18904 evaluated, 47 expanded
[t=11.7623s, 38760 KB] New best heuristic value for lsh(patterns=systematic(2),transform=adapt_costs(cost_type=normal)): 470
[t=11.7623s, 38760 KB] g=1210, 19240 evaluated, 48 expanded
[t=11.77s, 38760 KB] New best heuristic value for lsh(patterns=systematic(2),transform=adapt_costs(cost_type=normal)): 460
[t=11.77s, 38760 KB] g=1195, 19370 evaluated, 48 expanded
[t=11.778s, 38760 KB] New best heuristic value for lsh(patterns=systematic(2),transform=adapt_costs(cost_type=normal)): 450
[t=11.778s, 38760 KB] g=1225, 19568 evaluated, 49 expanded
[t=11.79s, 38760 KB] New best heuristic value for lsh(patterns=systematic(2),transform=adapt_costs(cost_type=normal)): 440
[t=11.79s, 38760 KB] g=1255, 19890 evaluated, 50 expanded
[t=11.794s, 38760 KB] New best heuristic value for lsh(patterns=systematic(2),transform=adapt_costs(cost_type=normal)): 420
[t=11.794s, 38760 KB] g=1255, 19966 evaluated, 50 expanded
[t=11.806s, 38760 KB] New best heuristic value for lsh(patterns=systematic(2),transform=adapt_costs(cost_type=normal)): 410
[t=11.806s, 38760 KB] g=1285, 20192 evaluated, 51 expanded
[t=11.81s, 38760 KB] New best heuristic value for lsh(patterns=systematic(2),transform=adapt_costs(cost_type=normal)): 370
[t=11.81s, 38760 KB] g=1300, 20268 evaluated, 51 expanded
[t=11.818s, 38896 KB] New best heuristic value for lsh(patterns=systematic(2),transform=adapt_costs(cost_type=normal)): 360
[t=11.818s, 38896 KB] g=1330, 20502 evaluated, 52 expanded
[t=11.834s, 38896 KB] New best heuristic value for lsh(patterns=systematic(2),transform=adapt_costs(cost_type=normal)): 350
[t=11.834s, 38896 KB] g=1360, 20795 evaluated, 53 expanded
[t=11.838s, 38896 KB] New best heuristic value for lsh(patterns=systematic(2),transform=adapt_costs(cost_type=normal)): 340
[t=11.838s, 38896 KB] g=1350, 20883 evaluated, 53 expanded
[t=11.8459s, 38896 KB] New best heuristic value for lsh(patterns=systematic(2),transform=adapt_costs(cost_type=normal)): 330
[t=11.8459s, 38896 KB] g=1380, 21091 evaluated, 54 expanded
[t=11.8499s, 38896 KB] New best heuristic value for lsh(patterns=systematic(2),transform=adapt_costs(cost_type=normal)): 325
[t=11.8499s, 38896 KB] g=1360, 21183 evaluated, 54 expanded
[t=11.8619s, 38896 KB] New best heuristic value for lsh(patterns=systematic(2),transform=adapt_costs(cost_type=normal)): 315
[t=11.8619s, 38896 KB] g=1390, 21395 evaluated, 55 expanded
[t=11.8739s, 38896 KB] New best heuristic value for lsh(patterns=systematic(2),transform=adapt_costs(cost_type=normal)): 305
[t=11.8739s, 38896 KB] g=1400, 21681 evaluated, 56 expanded
[t=11.8899s, 39032 KB] New best heuristic value for lsh(patterns=systematic(2),transform=adapt_costs(cost_type=normal)): 295
[t=11.8899s, 39032 KB] g=1410, 21936 evaluated, 57 expanded
[t=11.9019s, 39032 KB] New best heuristic value for lsh(patterns=systematic(2),transform=adapt_costs(cost_type=normal)): 255
[t=11.9019s, 39032 KB] g=1445, 22126 evaluated, 57 expanded
[t=11.9059s, 39032 KB] New best heuristic value for lsh(patterns=systematic(2),transform=adapt_costs(cost_type=normal)): 245
[t=11.9059s, 39032 KB] g=1455, 22207 evaluated, 58 expanded
[t=11.9179s, 39032 KB] New best heuristic value for lsh(patterns=systematic(2),transform=adapt_costs(cost_type=normal)): 235
[t=11.9179s, 39032 KB] g=1455, 22397 evaluated, 58 expanded
[t=11.9219s, 39032 KB] New best heuristic value for lsh(patterns=systematic(2),transform=adapt_costs(cost_type=normal)): 225
[t=11.9219s, 39032 KB] g=1465, 22477 evaluated, 59 expanded
[t=11.9339s, 39032 KB] New best heuristic value for lsh(patterns=systematic(2),transform=adapt_costs(cost_type=normal)): 215
[t=11.9339s, 39032 KB] g=1475, 22715 evaluated, 60 expanded
[t=11.9499s, 39032 KB] New best heuristic value for lsh(patterns=systematic(2),transform=adapt_costs(cost_type=normal)): 205
[t=11.9499s, 39032 KB] g=1485, 22945 evaluated, 61 expanded
[t=11.9619s, 39164 KB] New best heuristic value for lsh(patterns=systematic(2),transform=adapt_costs(cost_type=normal)): 200
[t=11.9619s, 39164 KB] g=1490, 23108 evaluated, 61 expanded
[t=11.9659s, 39164 KB] New best heuristic value for lsh(patterns=systematic(2),transform=adapt_costs(cost_type=normal)): 190
[t=11.9659s, 39164 KB] g=1500, 23186 evaluated, 62 expanded
[t=11.9859s, 39164 KB] New best heuristic value for lsh(patterns=systematic(2),transform=adapt_costs(cost_type=normal)): 180
[t=11.9859s, 39164 KB] g=1520, 23440 evaluated, 63 expanded
[t=12.0019s, 39164 KB] New best heuristic value for lsh(patterns=systematic(2),transform=adapt_costs(cost_type=normal)): 150
[t=12.0019s, 39164 KB] g=1550, 23657 evaluated, 64 expanded
[t=12.0179s, 39164 KB] New best heuristic value for lsh(patterns=systematic(2),transform=adapt_costs(cost_type=normal)): 140
[t=12.0179s, 39164 KB] g=1560, 23882 evaluated, 65 expanded
[t=12.0339s, 39164 KB] New best heuristic value for lsh(patterns=systematic(2),transform=adapt_costs(cost_type=normal)): 130
[t=12.0339s, 39164 KB] g=1570, 24114 evaluated, 66 expanded
[t=12.0459s, 39296 KB] New best heuristic value for lsh(patterns=systematic(2),transform=adapt_costs(cost_type=normal)): 120
[t=12.0459s, 39296 KB] g=1585, 24333 evaluated, 67 expanded
[t=12.0619s, 39296 KB] New best heuristic value for lsh(patterns=systematic(2),transform=adapt_costs(cost_type=normal)): 110
[t=12.0619s, 39296 KB] g=1595, 24552 evaluated, 68 expanded
[t=12.0778s, 39296 KB] New best heuristic value for lsh(patterns=systematic(2),transform=adapt_costs(cost_type=normal)): 100
[t=12.0778s, 39296 KB] g=1600, 24773 evaluated, 69 expanded
[t=12.0938s, 39296 KB] New best heuristic value for lsh(patterns=systematic(2),transform=adapt_costs(cost_type=normal)): 90
[t=12.0938s, 39296 KB] g=1610, 24994 evaluated, 70 expanded
[t=12.1058s, 39296 KB] New best heuristic value for lsh(patterns=systematic(2),transform=adapt_costs(cost_type=normal)): 80
[t=12.1058s, 39296 KB] g=1620, 25187 evaluated, 71 expanded
[t=12.1218s, 39296 KB] New best heuristic value for lsh(patterns=systematic(2),transform=adapt_costs(cost_type=normal)): 70
[t=12.1218s, 39296 KB] g=1625, 25367 evaluated, 72 expanded
[t=12.1338s, 39296 KB] New best heuristic value for lsh(patterns=systematic(2),transform=adapt_costs(cost_type=normal)): 60
[t=12.1338s, 39296 KB] g=1635, 25539 evaluated, 73 expanded
[t=12.1418s, 39432 KB] New best heuristic value for lsh(patterns=systematic(2),transform=adapt_costs(cost_type=normal)): 50
[t=12.1418s, 39432 KB] g=1645, 25699 evaluated, 74 expanded
[t=12.1538s, 39432 KB] New best heuristic value for lsh(patterns=systematic(2),transform=adapt_costs(cost_type=normal)): 40
[t=12.1538s, 39432 KB] g=1655, 25855 evaluated, 75 expanded
[t=12.1618s, 39432 KB] New best heuristic value for lsh(patterns=systematic(2),transform=adapt_costs(cost_type=normal)): 30
[t=12.1618s, 39432 KB] g=1665, 25993 evaluated, 76 expanded
[t=12.4657s, 40216 KB] New best heuristic value for lsh(patterns=systematic(2),transform=adapt_costs(cost_type=normal)): 10
[t=12.4657s, 40216 KB] g=1700, 30294 evaluated, 124 expanded
[t=12.7416s, 40480 KB] New best heuristic value for lsh(patterns=systematic(2),transform=adapt_costs(cost_type=normal)): 0
[t=12.7416s, 40480 KB] g=1720, 34219 evaluated, 171 expanded
[t=12.7416s, 40480 KB] Solution found!
[t=12.7416s, 40480 KB] Actual search time: 1.88319s
load-highspeed-saw b1 highspeed-saw0 (30)
do-grind p25 grinder0 smooth blue colourfragments untreated (45)
do-saw-small b10 p13 saw0 beech smooth s7 s6 (30)
do-saw-large b2 p5 saw0 mahogany smooth s10 s8 s9 s7 (30)
do-saw-medium b6 p11 saw0 pine rough s9 s8 s7 (30)
do-saw-medium b7 p10 saw0 walnut rough s9 s8 s7 (30)
do-saw-large b9 p22 saw0 teak rough s7 s5 s6 s4 (30)
do-glaze p25 glazer0 green (20)
do-saw-small b6 p32 saw0 pine rough s7 s6 (30)
do-saw-small b9 p15 saw0 teak rough s4 s3 (30)
do-glaze p5 glazer0 white (20)
do-plane p8 planer0 smooth white varnished (20)
do-immersion-varnish p8 immersion-varnisher0 blue smooth (10)
do-glaze p11 glazer0 black (15)
do-glaze p10 glazer0 mauve (15)
do-grind p26 grinder0 verysmooth blue colourfragments untreated (15)
do-glaze p26 glazer0 white (10)
do-grind p1 grinder0 verysmooth mauve glazed untreated (15)
do-spray-varnish p1 spray-varnisher0 red verysmooth (5)
do-saw-small b0 p18 saw0 cherry rough s6 s5 (30)
do-saw-small b0 p20 saw0 cherry rough s5 s4 (30)
do-saw-large b10 p2 saw0 beech smooth s6 s4 s5 s3 (30)
do-glaze p2 glazer0 mauve (20)
do-saw-large b10 p27 saw0 beech smooth s6 s4 s5 s3 (30)
do-glaze p27 glazer0 red (20)
do-saw-medium b10 p12 saw0 beech smooth s6 s5 s4 (30)
do-grind p12 grinder0 smooth natural untreated untreated (30)
do-glaze p12 glazer0 mauve (15)
do-saw-medium b10 p19 saw0 beech smooth s6 s5 s4 (30)
do-glaze p19 glazer0 red (15)
do-saw-medium b10 p24 saw0 beech smooth s6 s5 s4 (30)
do-grind p24 grinder0 smooth natural untreated untreated (30)
do-glaze p24 glazer0 mauve (15)
do-saw-medium b10 p28 saw0 beech smooth s6 s5 s4 (30)
do-glaze p28 glazer0 black (15)
do-saw-medium b10 p9 saw0 beech smooth s6 s5 s4 (30)
do-grind p9 grinder0 smooth natural untreated untreated (30)
do-saw-small b10 p21 saw0 beech smooth s6 s5 (30)
do-saw-small b10 p23 saw0 beech smooth s6 s5 (30)
do-grind p23 grinder0 smooth natural untreated untreated (15)
do-saw-small b10 p3 saw0 beech smooth s6 s5 (30)
do-saw-large b10 p14 saw0 beech smooth s6 s4 s5 s3 (30)
do-grind p14 grinder0 smooth natural untreated untreated (45)
do-glaze p14 glazer0 black (20)
do-saw-medium b2 p7 saw0 mahogany smooth s7 s6 s5 (30)
do-grind p7 grinder0 smooth natural untreated untreated (30)
do-saw-medium b4 p29 saw0 oak smooth s6 s5 s4 (30)
do-glaze p29 glazer0 black (15)
do-saw-large b6 p6 saw0 pine rough s7 s5 s6 s4 (30)
do-plane p6 planer0 rough natural untreated (30)
do-grind p6 grinder0 smooth natural untreated untreated (45)
do-saw-medium b7 p30 saw0 walnut rough s7 s6 s5 (30)
do-plane p30 planer0 rough natural untreated (20)
do-immersion-varnish p30 immersion-varnisher0 green smooth (10)
do-saw-medium b7 p4 saw0 walnut rough s7 s6 s5 (30)
cut-board-large b1 p0 highspeed-saw0 cherry smooth s7 s5 s6 s4 (10)
do-grind p0 grinder0 smooth natural untreated untreated (45)
do-immersion-varnish p0 immersion-varnisher0 black verysmooth (10)
cut-board-medium b1 p16 highspeed-saw0 cherry smooth s4 s3 s2 (10)
cut-board-medium b1 p17 highspeed-saw0 cherry smooth s4 s3 s2 (10)
do-glaze p17 glazer0 mauve (15)
cut-board-small b1 p31 highspeed-saw0 cherry smooth s4 s3 (10)
do-plane p4 planer0 rough natural untreated (20)
do-grind p4 grinder0 smooth natural untreated untreated (30)
do-immersion-varnish p4 immersion-varnisher0 black verysmooth (10)
do-plane p32 planer0 rough natural untreated (10)
do-grind p31 grinder0 smooth natural untreated untreated (15)
do-spray-varnish p31 spray-varnisher0 black verysmooth (5)
do-glaze p3 glazer0 black (10)
do-glaze p23 glazer0 black (10)
do-spray-varnish p21 spray-varnisher0 black smooth (5)
do-glaze p20 glazer0 black (10)
do-glaze p18 glazer0 green (10)
do-immersion-varnish p16 immersion-varnisher0 black smooth (10)
do-glaze p15 glazer0 mauve (10)
do-spray-varnish p13 spray-varnisher0 black smooth (5)
do-plane p22 planer0 rough natural untreated (30)
do-immersion-varnish p22 immersion-varnisher0 white smooth (10)
do-plane p15 planer0 rough mauve glazed (10)
do-glaze p15 glazer0 mauve (10)
[t=12.7416s, 40480 KB] Plan length: 80 step(s).
[t=12.7416s, 40480 KB] Plan cost: 1720
[t=12.7416s, 40480 KB] Expanded 172 state(s).
[t=12.7416s, 40480 KB] Reopened 0 state(s).
[t=12.7416s, 40480 KB] Evaluated 34240 state(s).
[t=12.7416s, 40480 KB] Evaluations: 34240
[t=12.7416s, 40480 KB] Generated 41213 state(s).
[t=12.7416s, 40480 KB] Dead ends: 9004 state(s).
[t=12.7416s, 40480 KB] Number of registered states: 34240
[t=12.7416s, 40480 KB] Int hash set load factor: 34240/65536 = 0.522461
[t=12.7416s, 40480 KB] Int hash set resizes: 16
[t=12.7416s, 40480 KB] Search time: 1.88319s
[t=12.7416s, 40480 KB] Total time: 12.7416s
Solution found.
Peak memory: 40480 KB
Remove intermediate file output.sas
search exit code: 0

INFO     Running validate.
INFO     validate stdin: None
INFO     validate time limit: None
INFO     validate memory limit: None
INFO     validate command line string: /home/henry/bin/validate domain.pddl problem.pddl sas_plan
Checking plan: sas_plan
Plan executed successfully - checking goal
Plan valid
Final value: 1720 

Successful plans:
Value: 1720
 sas_plan 1720 

validate exit code: 0

INFO     Planner time: 14.20s
