INFO     planner time limit: 1800s
INFO     planner memory limit: 2048 MB

INFO     Running translator.
INFO     translator stdin: None
INFO     translator time limit: 1799s
INFO     translator memory limit: 2048 MB
INFO     translator command line string: /home/henry/Documents/UFRGS/TCC/downward/.venv/bin/python /home/henry/Documents/UFRGS/TCC/downward/experiments/lab/data/main/code-fa850d1cb8d716322f299a4f9b64478019793ada_e5e41175/builds/release/bin/translate/translate.py domain.pddl problem.pddl --sas-file output.sas
Parsing...
Parsing: [0.010s CPU, 0.005s wall-clock]
Normalizing task... [0.000s CPU, 0.001s wall-clock]
Instantiating...
Generating Datalog program... [0.000s CPU, 0.000s wall-clock]
Normalizing Datalog program...
Normalizing Datalog program: [0.000s CPU, 0.001s wall-clock]
Preparing model... [0.000s CPU, 0.001s wall-clock]
Generated 182 rules.
Computing model... [0.000s CPU, 0.001s wall-clock]
123 relevant atoms
0 auxiliary atoms
123 final queue length
199 total queue pushes
Completing instantiation... [0.000s CPU, 0.001s wall-clock]
Instantiating: [0.010s CPU, 0.005s wall-clock]
Computing fact groups...
Finding invariants...
45 initial candidates
Finding invariants: [0.030s CPU, 0.036s wall-clock]
Checking invariant weight... [0.000s CPU, 0.000s wall-clock]
Instantiating groups... [0.000s CPU, 0.000s wall-clock]
Collecting mutex groups... [0.000s CPU, 0.000s wall-clock]
Choosing groups...
11 uncovered facts
Choosing groups: [0.000s CPU, 0.000s wall-clock]
Building translation key... [0.000s CPU, 0.000s wall-clock]
Computing fact groups: [0.030s CPU, 0.037s wall-clock]
Building STRIPS to SAS dictionary... [0.000s CPU, 0.000s wall-clock]
Building dictionary for full mutex groups... [0.000s CPU, 0.000s wall-clock]
Building mutex information...
Building mutex information: [0.000s CPU, 0.000s wall-clock]
Translating task...
Processing axioms...
Simplifying axioms... [0.000s CPU, 0.000s wall-clock]
Translator axioms removed by simplifying: 0
Computing negative axioms... [0.000s CPU, 0.000s wall-clock]
Processing axioms: [0.000s CPU, 0.000s wall-clock]
Translating task: [0.010s CPU, 0.003s wall-clock]
34 effect conditions simplified
0 implied preconditions added
Detecting unreachable propositions...
0 operators removed
0 axioms removed
13 propositions removed
Detecting unreachable propositions: [0.000s CPU, 0.002s wall-clock]
Reordering and filtering variables...
23 of 24 variables necessary.
0 of 13 mutex groups necessary.
75 of 77 operators necessary.
0 of 0 axiom rules necessary.
Reordering and filtering variables: [0.000s CPU, 0.001s wall-clock]
Translator variables: 23
Translator derived variables: 0
Translator facts: 54
Translator goal facts: 10
Translator mutex groups: 0
Translator total mutex groups size: 0
Translator operators: 75
Translator axioms: 0
Translator task size: 555
Translator peak memory: 32628 KB
Writing output... [0.000s CPU, 0.001s wall-clock]
Done! [0.060s CPU, 0.055s wall-clock]
translate exit code: 0

INFO     Running search (release).
INFO     search stdin: output.sas
INFO     search time limit: 1799s
INFO     search memory limit: 2048 MB
INFO     search command line string: /home/henry/Documents/UFRGS/TCC/downward/experiments/lab/data/main/code-fa850d1cb8d716322f299a4f9b64478019793ada_e5e41175/builds/release/bin/downward --search 'eager_greedy([operatorcounting(constraint_generators=[pho_constraints(patterns=systematic(4))], use_integer_operator_counts=true, transform=adapt_costs(cost_type=NORMAL))])' --internal-plan-file sas_plan < output.sas
[t=0s, 45596 KB] reading input...
[t=0s, 45596 KB] done reading input!
[t=0.00229121s, 45860 KB] Generating patterns using: systematic pattern collection generator
[t=0.00229121s, 45860 KB] building causal graph...done! [t=0s]
[t=0.00229121s, 46180 KB] Found 1351 SGA patterns.
[t=0.00626868s, 46180 KB] Found 1524 interesting patterns.
[t=0.00626868s, 46180 KB] systematic pattern collection generator number of patterns: 1524
[t=0.00626868s, 46180 KB] systematic pattern collection generator total PDB size: 69792
[t=0.00626868s, 46180 KB] systematic pattern collection generator computation time: 0.00397747s
[t=0.00626868s, 46180 KB] Computing PDBs for pattern collection...
[t=0.0658303s, 46564 KB] Done computing PDBs for pattern collection: 0.0595616s
[t=0.0738046s, 48200 KB] Building successor generator...done!
[t=0.0738046s, 48200 KB] peak memory difference for successor generator creation: 0 KB
[t=0.0738046s, 48200 KB] time for successor generation creation: 0s
[t=0.0738046s, 48200 KB] Variables: 23
[t=0.0738046s, 48200 KB] FactPairs: 54
[t=0.0738046s, 48200 KB] Bytes per state: 4
[t=0.0738046s, 48200 KB] Conducting best first search without reopening closed nodes, (real) bound = 2147483647
[t=0.0817806s, 49272 KB] New best heuristic value for operatorcounting(constraint_generators=[pho_constraints(patterns=systematic(4))],use_integer_operator_counts=true,transform=adapt_costs(cost_type=normal)): 8
[t=0.0817806s, 49272 KB] g=0, 1 evaluated, 0 expanded
[t=0.0817806s, 49272 KB] Initial heuristic value for operatorcounting(constraint_generators=[pho_constraints(patterns=systematic(4))],use_integer_operator_counts=true,transform=adapt_costs(cost_type=normal)): 8
[t=0.0817806s, 49272 KB] pruning method: none
[t=0.0857968s, 49412 KB] New best heuristic value for operatorcounting(constraint_generators=[pho_constraints(patterns=systematic(4))],use_integer_operator_counts=true,transform=adapt_costs(cost_type=normal)): 7
[t=0.0857968s, 49412 KB] g=1, 2 evaluated, 1 expanded
[t=0.109738s, 50664 KB] New best heuristic value for operatorcounting(constraint_generators=[pho_constraints(patterns=systematic(4))],use_integer_operator_counts=true,transform=adapt_costs(cost_type=normal)): 6
[t=0.109738s, 50664 KB] g=2, 5 evaluated, 2 expanded
[t=0.521098s, 51032 KB] New best heuristic value for operatorcounting(constraint_generators=[pho_constraints(patterns=systematic(4))],use_integer_operator_counts=true,transform=adapt_costs(cost_type=normal)): 5
[t=0.521098s, 51032 KB] g=8, 98 evaluated, 26 expanded
[t=1.35177s, 51032 KB] New best heuristic value for operatorcounting(constraint_generators=[pho_constraints(patterns=systematic(4))],use_integer_operator_counts=true,transform=adapt_costs(cost_type=normal)): 4
[t=1.35177s, 51032 KB] g=14, 309 evaluated, 102 expanded
[t=1.37573s, 51032 KB] New best heuristic value for operatorcounting(constraint_generators=[pho_constraints(patterns=systematic(4))],use_integer_operator_counts=true,transform=adapt_costs(cost_type=normal)): 3
[t=1.37573s, 51032 KB] g=15, 316 evaluated, 103 expanded
[t=1.42368s, 51032 KB] New best heuristic value for operatorcounting(constraint_generators=[pho_constraints(patterns=systematic(4))],use_integer_operator_counts=true,transform=adapt_costs(cost_type=normal)): 2
[t=1.42368s, 51032 KB] g=17, 332 evaluated, 107 expanded
[t=1.42768s, 51032 KB] New best heuristic value for operatorcounting(constraint_generators=[pho_constraints(patterns=systematic(4))],use_integer_operator_counts=true,transform=adapt_costs(cost_type=normal)): 1
[t=1.42768s, 51032 KB] g=18, 333 evaluated, 108 expanded
[t=1.42768s, 51032 KB] New best heuristic value for operatorcounting(constraint_generators=[pho_constraints(patterns=systematic(4))],use_integer_operator_counts=true,transform=adapt_costs(cost_type=normal)): 0
[t=1.42768s, 51032 KB] g=19, 334 evaluated, 109 expanded
[t=1.42768s, 51032 KB] Solution found!
[t=1.42768s, 51032 KB] Actual search time: 1.3459s
wait_cb2  (1)
wait_cb3  (1)
wait_cb4  (1)
wait_cb4-condeff0-yes  (1)
wait_cb4-endof-condeffs  (1)
close_sd5  (1)
close_sd5-condeff0-no-1  (1)
close_sd5-endof-condeffs  (1)
open-sd3  (1)
open-sd8  (1)
close_sd2  (1)
close_sd2-condeff0-no-0  (1)
close_sd2-condeff1-no-0  (1)
close_sd2-endof-condeffs  (1)
open-sd7  (1)
close_cb4  (1)
wait_cb4  (1)
wait_cb4-condeff0-no-0  (1)
wait_cb4-endof-condeffs  (1)
[t=1.42768s, 51032 KB] Plan length: 19 step(s).
[t=1.42768s, 51032 KB] Plan cost: 19
[t=1.42768s, 51032 KB] Expanded 110 state(s).
[t=1.42768s, 51032 KB] Reopened 0 state(s).
[t=1.42768s, 51032 KB] Evaluated 334 state(s).
[t=1.42768s, 51032 KB] Evaluations: 334
[t=1.42768s, 51032 KB] Generated 430 state(s).
[t=1.42768s, 51032 KB] Dead ends: 0 state(s).
[t=1.42768s, 51032 KB] Number of registered states: 334
[t=1.42768s, 51032 KB] Int hash set load factor: 334/512 = 0.652344
[t=1.42768s, 51032 KB] Int hash set resizes: 9
[t=1.42768s, 51032 KB] Search time: 1.35387s
[t=1.42768s, 51032 KB] Total time: 1.42768s
Solution found.
Peak memory: 51032 KB
Remove intermediate file output.sas
search exit code: 0

INFO     Running validate.
INFO     validate stdin: None
INFO     validate time limit: None
INFO     validate memory limit: None
INFO     validate command line string: /home/henry/bin/validate domain.pddl problem.pddl sas_plan
Checking plan: sas_plan
Plan executed successfully - checking goal
Plan valid
Final value: 19 

Successful plans:
Value: 19
 sas_plan 19 

validate exit code: 0

INFO     Planner time: 1.55s
