INFO     planner time limit: 1800s
INFO     planner memory limit: 2048 MB

INFO     Running translator.
INFO     translator stdin: None
INFO     translator time limit: 1799s
INFO     translator memory limit: 2048 MB
INFO     translator command line string: /home/henry/Documents/UFRGS/TCC/downward/.venv/bin/python /home/henry/Documents/UFRGS/TCC/downward/experiments/lab/data/main/code-5bb2ccb6957559b6969ffd7e29254c73f84d5e49_e5e41175/builds/release/bin/translate/translate.py domain.pddl problem.pddl --sas-file output.sas
Parsing...
Parsing: [0.000s CPU, 0.002s wall-clock]
Normalizing task... [0.000s CPU, 0.000s wall-clock]
Instantiating...
Generating Datalog program... [0.000s CPU, 0.001s wall-clock]
Normalizing Datalog program...
Normalizing Datalog program: [0.000s CPU, 0.003s wall-clock]
Preparing model... [0.010s CPU, 0.003s wall-clock]
Generated 79 rules.
Computing model... [0.790s CPU, 0.796s wall-clock]
86377 relevant atoms
37760 auxiliary atoms
124137 final queue length
372154 total queue pushes
Completing instantiation... [2.140s CPU, 2.142s wall-clock]
Instantiating: [2.970s CPU, 2.970s wall-clock]
Computing fact groups...
Finding invariants...
14 initial candidates
Finding invariants: [0.050s CPU, 0.051s wall-clock]
Checking invariant weight... [0.000s CPU, 0.000s wall-clock]
Instantiating groups... [0.000s CPU, 0.000s wall-clock]
Collecting mutex groups... [0.000s CPU, 0.000s wall-clock]
Choosing groups...
1864 uncovered facts
Choosing groups: [0.000s CPU, 0.001s wall-clock]
Building translation key... [0.000s CPU, 0.005s wall-clock]
Computing fact groups: [0.070s CPU, 0.068s wall-clock]
Building STRIPS to SAS dictionary... [0.000s CPU, 0.001s wall-clock]
Building dictionary for full mutex groups... [0.000s CPU, 0.001s wall-clock]
Building mutex information...
Building mutex information: [0.000s CPU, 0.001s wall-clock]
Translating task...
Processing axioms...
Simplifying axioms... [0.000s CPU, 0.000s wall-clock]
Translator axioms removed by simplifying: 0
Computing negative axioms... [0.000s CPU, 0.000s wall-clock]
Processing axioms: [0.050s CPU, 0.048s wall-clock]
Translating task: [1.350s CPU, 1.353s wall-clock]
76112 effect conditions simplified
0 implied preconditions added
Detecting unreachable propositions...
0 operators removed
0 axioms removed
6 propositions removed
Detecting unreachable propositions: [0.760s CPU, 0.760s wall-clock]
Reordering and filtering variables...
1870 of 1870 variables necessary.
0 of 6 mutex groups necessary.
30936 of 30936 operators necessary.
0 of 0 axiom rules necessary.
Reordering and filtering variables: [0.610s CPU, 0.616s wall-clock]
Translator variables: 1870
Translator derived variables: 0
Translator facts: 4016
Translator goal facts: 24
Translator mutex groups: 0
Translator total mutex groups size: 0
Translator operators: 30936
Translator axioms: 0
Translator task size: 266206
Translator peak memory: 208160 KB
Writing output... [0.200s CPU, 0.203s wall-clock]
Done! [6.030s CPU, 6.039s wall-clock]
translate exit code: 0

INFO     Running search (release).
INFO     search stdin: output.sas
INFO     search time limit: 1793s
INFO     search memory limit: 2048 MB
INFO     search command line string: /home/henry/Documents/UFRGS/TCC/downward/experiments/lab/data/main/code-5bb2ccb6957559b6969ffd7e29254c73f84d5e49_e5e41175/builds/release/bin/downward --search 'eager_greedy([ilsh(patterns=systematic(2), transform=adapt_costs(cost_type=ONE))])' --internal-plan-file sas_plan < output.sas
[t=0s, 10544 KB] reading input...
[t=0.143312s, 22952 KB] done reading input!
[t=0.143312s, 23216 KB] Generating patterns using: systematic pattern collection generator
[t=0.143312s, 23216 KB] building causal graph...done! [t=0.083902s]
[t=0.247178s, 36972 KB] Found 7560 SGA patterns.
[t=0.411098s, 36972 KB] Found 7560 interesting patterns.
[t=0.411098s, 36972 KB] systematic pattern collection generator number of patterns: 7560
[t=0.411098s, 36972 KB] systematic pattern collection generator total PDB size: 43440
[t=0.411098s, 36972 KB] systematic pattern collection generator computation time: 0.267785s
[t=0.411098s, 36972 KB] Computing PDBs for pattern collection...
[t=39.0403s, 36972 KB] Done computing PDBs for pattern collection: 38.6292s
[t=46.2456s, 196040 KB] Tie breaking: 2
[t=46.2456s, 196040 KB] Building successor generator...done!
[t=46.2576s, 197932 KB] peak memory difference for successor generator creation: 1892 KB
[t=46.2576s, 197932 KB] time for successor generation creation: 0.0119837s
[t=46.2576s, 197932 KB] Variables: 1870
[t=46.2576s, 197932 KB] FactPairs: 4016
[t=46.2576s, 197932 KB] Bytes per state: 240
[t=46.2576s, 197932 KB] Conducting best first search without reopening closed nodes, (real) bound = 2147483647
[t=46.3735s, 197932 KB] New best heuristic value for ilsh(patterns=systematic(2),transform=adapt_costs(cost_type=one)): 10
[t=46.3735s, 197932 KB] g=0, 1 evaluated, 0 expanded
[t=46.3735s, 197932 KB] Initial heuristic value for ilsh(patterns=systematic(2),transform=adapt_costs(cost_type=one)): 10
[t=46.3735s, 197932 KB] pruning method: none
[t=46.9649s, 197932 KB] New best heuristic value for ilsh(patterns=systematic(2),transform=adapt_costs(cost_type=one)): 9
[t=46.9649s, 197932 KB] g=1, 6 evaluated, 1 expanded
Peak memory: 197932 KB
caught signal 24 -- exiting
Time limit has been reached.
Remove intermediate file output.sas
search exit code: 23

Driver aborting after search
INFO     Planner time: 1797.35s
