INFO     planner time limit: 1800s
INFO     planner memory limit: 2048 MB

INFO     Running translator.
INFO     translator stdin: None
INFO     translator time limit: 1799s
INFO     translator memory limit: 2048 MB
INFO     translator command line string: /home/henry/Documents/UFRGS/TCC/downward/.venv/bin/python /home/henry/Documents/UFRGS/TCC/downward/experiments/lab/data/main/code-5bb2ccb6957559b6969ffd7e29254c73f84d5e49_e5e41175/builds/release/bin/translate/translate.py domain.pddl problem.pddl --sas-file output.sas
Parsing...
Parsing: [0.000s CPU, 0.003s wall-clock]
Normalizing task... [0.000s CPU, 0.000s wall-clock]
Instantiating...
Generating Datalog program... [0.000s CPU, 0.001s wall-clock]
Normalizing Datalog program...
Normalizing Datalog program: [0.010s CPU, 0.003s wall-clock]
Preparing model... [0.000s CPU, 0.002s wall-clock]
Generated 79 rules.
Computing model... [1.960s CPU, 1.969s wall-clock]
201785 relevant atoms
60076 auxiliary atoms
261861 final queue length
847132 total queue pushes
Completing instantiation... [6.000s CPU, 6.003s wall-clock]
Instantiating: [8.040s CPU, 8.044s wall-clock]
Computing fact groups...
Finding invariants...
14 initial candidates
Finding invariants: [0.210s CPU, 0.209s wall-clock]
Checking invariant weight... [0.000s CPU, 0.000s wall-clock]
Instantiating groups... [0.000s CPU, 0.000s wall-clock]
Collecting mutex groups... [0.000s CPU, 0.001s wall-clock]
Choosing groups...
4156 uncovered facts
Choosing groups: [0.000s CPU, 0.002s wall-clock]
Building translation key... [0.010s CPU, 0.012s wall-clock]
Computing fact groups: [0.250s CPU, 0.254s wall-clock]
Building STRIPS to SAS dictionary... [0.000s CPU, 0.004s wall-clock]
Building dictionary for full mutex groups... [0.010s CPU, 0.004s wall-clock]
Building mutex information...
Building mutex information: [0.000s CPU, 0.004s wall-clock]
Translating task...
Processing axioms...
Simplifying axioms... [0.000s CPU, 0.000s wall-clock]
Translator axioms removed by simplifying: 0
Computing negative axioms... [0.000s CPU, 0.000s wall-clock]
Processing axioms: [0.150s CPU, 0.149s wall-clock]
Translating task: [3.910s CPU, 3.913s wall-clock]
178124 effect conditions simplified
0 implied preconditions added
Detecting unreachable propositions...
0 operators removed
0 axioms removed
4 propositions removed
Detecting unreachable propositions: [2.510s CPU, 2.514s wall-clock]
Reordering and filtering variables...
4160 of 4160 variables necessary.
0 of 4 mutex groups necessary.
71292 of 71292 operators necessary.
0 of 0 axiom rules necessary.
Reordering and filtering variables: [2.360s CPU, 2.373s wall-clock]
Translator variables: 4160
Translator derived variables: 0
Translator facts: 8536
Translator goal facts: 28
Translator mutex groups: 0
Translator total mutex groups size: 0
Translator operators: 71292
Translator axioms: 0
Translator task size: 617728
Translator peak memory: 429724 KB
Writing output... [0.530s CPU, 0.523s wall-clock]
Done! [17.860s CPU, 17.884s wall-clock]
translate exit code: 0

INFO     Running search (release).
INFO     search stdin: output.sas
INFO     search time limit: 1781s
INFO     search memory limit: 2048 MB
INFO     search command line string: /home/henry/Documents/UFRGS/TCC/downward/experiments/lab/data/main/code-5bb2ccb6957559b6969ffd7e29254c73f84d5e49_e5e41175/builds/release/bin/downward --search 'eager_greedy([operatorcounting(constraint_generators=[pho_constraints(patterns=systematic(2))], use_integer_operator_counts=true, transform=adapt_costs(cost_type=NORMAL))])' --internal-plan-file sas_plan < output.sas
[t=0s, 45596 KB] reading input...
[t=0.339666s, 74132 KB] done reading input!
[t=0.345544s, 80752 KB] Generating patterns using: systematic pattern collection generator
[t=0.345544s, 80752 KB] building causal graph...done! [t=0.315526s]
[t=0.828781s, 110452 KB] Found 17120 SGA patterns.
[t=1.53637s, 110452 KB] Found 17120 interesting patterns.
[t=1.53637s, 110452 KB] systematic pattern collection generator number of patterns: 17120
[t=1.54038s, 110452 KB] systematic pattern collection generator total PDB size: 80520
[t=1.54038s, 110452 KB] systematic pattern collection generator computation time: 1.19083s
[t=1.54038s, 110452 KB] Computing PDBs for pattern collection...
[t=265.438s, 110452 KB] Done computing PDBs for pattern collection: 263.898s
Memory limit has been reached.
Peak memory: 2031648 KB
Remove intermediate file output.sas
search exit code: 22

Driver aborting after search
INFO     Planner time: 346.21s
