INFO     planner time limit: 1800s
INFO     planner memory limit: 2048 MB

INFO     Running translator.
INFO     translator stdin: None
INFO     translator time limit: 1799s
INFO     translator memory limit: 2048 MB
INFO     translator command line string: /home/henry/Documents/UFRGS/TCC/downward/.venv/bin/python /home/henry/Documents/UFRGS/TCC/downward/experiments/lab/data/main/code-5bb2ccb6957559b6969ffd7e29254c73f84d5e49_e5e41175/builds/release/bin/translate/translate.py domain.pddl problem.pddl --sas-file output.sas
Parsing...
Parsing: [0.000s CPU, 0.004s wall-clock]
Normalizing task... [0.000s CPU, 0.000s wall-clock]
Instantiating...
Generating Datalog program... [0.000s CPU, 0.001s wall-clock]
Normalizing Datalog program...
Trivial rules: Converted to facts.
Normalizing Datalog program: [0.010s CPU, 0.003s wall-clock]
Preparing model... [0.000s CPU, 0.003s wall-clock]
Generated 129 rules.
Computing model... [0.560s CPU, 0.560s wall-clock]
46053 relevant atoms
40447 auxiliary atoms
86500 final queue length
289530 total queue pushes
Completing instantiation... [2.340s CPU, 2.341s wall-clock]
Instantiating: [2.920s CPU, 2.923s wall-clock]
Computing fact groups...
Finding invariants...
28 initial candidates
Finding invariants: [0.010s CPU, 0.010s wall-clock]
Checking invariant weight... [0.000s CPU, 0.000s wall-clock]
Instantiating groups... [0.000s CPU, 0.001s wall-clock]
Collecting mutex groups... [0.000s CPU, 0.000s wall-clock]
Choosing groups...
675 uncovered facts
Choosing groups: [0.000s CPU, 0.001s wall-clock]
Building translation key... [0.000s CPU, 0.002s wall-clock]
Computing fact groups: [0.020s CPU, 0.020s wall-clock]
Building STRIPS to SAS dictionary... [0.000s CPU, 0.001s wall-clock]
Building dictionary for full mutex groups... [0.000s CPU, 0.001s wall-clock]
Building mutex information...
Building mutex information: [0.000s CPU, 0.000s wall-clock]
Translating task...
Processing axioms...
Simplifying axioms... [0.000s CPU, 0.000s wall-clock]
Translator axioms removed by simplifying: 0
Computing negative axioms... [0.000s CPU, 0.000s wall-clock]
Processing axioms: [0.150s CPU, 0.141s wall-clock]
Translating task: [2.990s CPU, 2.975s wall-clock]
65938 effect conditions simplified
0 implied preconditions added
Detecting unreachable propositions...
0 operators removed
0 axioms removed
49 propositions removed
Detecting unreachable propositions: [1.850s CPU, 1.859s wall-clock]
Reordering and filtering variables...
704 of 706 variables necessary.
0 of 37 mutex groups necessary.
44015 of 44015 operators necessary.
0 of 0 axiom rules necessary.
Reordering and filtering variables: [0.820s CPU, 0.819s wall-clock]
Translator variables: 704
Translator derived variables: 0
Translator facts: 2121
Translator goal facts: 44
Translator mutex groups: 0
Translator total mutex groups size: 0
Translator operators: 44015
Translator axioms: 0
Translator task size: 634078
Translator peak memory: 338440 KB
Writing output... [0.430s CPU, 0.426s wall-clock]
Done! [9.140s CPU, 9.141s wall-clock]
translate exit code: 0

INFO     Running search (release).
INFO     search stdin: output.sas
INFO     search time limit: 1790s
INFO     search memory limit: 2048 MB
INFO     search command line string: /home/henry/Documents/UFRGS/TCC/downward/experiments/lab/data/main/code-5bb2ccb6957559b6969ffd7e29254c73f84d5e49_e5e41175/builds/release/bin/downward --search 'eager_greedy([ilsh(patterns=systematic(2), transform=adapt_costs(cost_type=NORMAL))])' --internal-plan-file sas_plan < output.sas
[t=0s, 10544 KB] reading input...
[t=0.283857s, 32756 KB] done reading input!
[t=0.283857s, 33156 KB] Generating patterns using: systematic pattern collection generator
[t=0.283857s, 33156 KB] building causal graph...done! [t=0.183875s]
[t=0.515686s, 56316 KB] Found 4547 SGA patterns.
[t=0.619636s, 56316 KB] Found 4547 interesting patterns.
[t=0.619636s, 56316 KB] systematic pattern collection generator number of patterns: 4547
[t=0.619636s, 56316 KB] systematic pattern collection generator total PDB size: 152086
[t=0.619636s, 56316 KB] systematic pattern collection generator computation time: 0.335779s
[t=0.619636s, 56316 KB] Computing PDBs for pattern collection...
[t=42.5462s, 56316 KB] Done computing PDBs for pattern collection: 41.9306s
[t=52.2774s, 142428 KB] Tie breaking: 2
[t=52.2774s, 142428 KB] Building successor generator...done!
[t=52.2973s, 146708 KB] peak memory difference for successor generator creation: 4280 KB
[t=52.2973s, 146708 KB] time for successor generation creation: 0.0199775s
[t=52.2973s, 146708 KB] Variables: 704
[t=52.2973s, 146708 KB] FactPairs: 2121
[t=52.2973s, 146708 KB] Bytes per state: 108
[t=52.2973s, 146708 KB] Conducting best first search without reopening closed nodes, (real) bound = 2147483647
Remove intermediate file output.sas
search exit code: -8

Driver aborting after search
INFO     Planner time: 61.56s
