INFO     planner time limit: 1800s
INFO     planner memory limit: 2048 MB

INFO     Running translator.
INFO     translator stdin: None
INFO     translator time limit: 1799s
INFO     translator memory limit: 2048 MB
INFO     translator command line string: /home/henry/Documents/UFRGS/TCC/downward/.venv/bin/python /home/henry/Documents/UFRGS/TCC/downward/experiments/lab/data/main/code-fa850d1cb8d716322f299a4f9b64478019793ada_e5e41175/builds/release/bin/translate/translate.py domain.pddl problem.pddl --sas-file output.sas
Parsing...
Parsing: [0.010s CPU, 0.002s wall-clock]
Normalizing task... [0.000s CPU, 0.000s wall-clock]
Instantiating...
Generating Datalog program... [0.000s CPU, 0.000s wall-clock]
Normalizing Datalog program...
Normalizing Datalog program: [0.000s CPU, 0.003s wall-clock]
Preparing model... [0.000s CPU, 0.001s wall-clock]
Generated 74 rules.
Computing model... [0.010s CPU, 0.013s wall-clock]
1301 relevant atoms
645 auxiliary atoms
1946 final queue length
5679 total queue pushes
Completing instantiation... [0.020s CPU, 0.024s wall-clock]
Instantiating: [0.030s CPU, 0.042s wall-clock]
Computing fact groups...
Finding invariants...
16 initial candidates
Finding invariants: [0.010s CPU, 0.004s wall-clock]
Checking invariant weight... [0.000s CPU, 0.000s wall-clock]
Instantiating groups... [0.000s CPU, 0.000s wall-clock]
Collecting mutex groups... [0.000s CPU, 0.000s wall-clock]
Choosing groups...
0 uncovered facts
Choosing groups: [0.000s CPU, 0.000s wall-clock]
Building translation key... [0.000s CPU, 0.000s wall-clock]
Computing fact groups: [0.010s CPU, 0.004s wall-clock]
Building STRIPS to SAS dictionary... [0.000s CPU, 0.000s wall-clock]
Building dictionary for full mutex groups... [0.000s CPU, 0.000s wall-clock]
Building mutex information...
Building mutex information: [0.000s CPU, 0.000s wall-clock]
Translating task...
Processing axioms...
Simplifying axioms... [0.000s CPU, 0.000s wall-clock]
Translator axioms removed by simplifying: 0
Computing negative axioms... [0.000s CPU, 0.000s wall-clock]
Processing axioms: [0.000s CPU, 0.001s wall-clock]
Translating task: [0.010s CPU, 0.019s wall-clock]
0 effect conditions simplified
0 implied preconditions added
Detecting unreachable propositions...
0 operators removed
0 axioms removed
7 propositions removed
Detecting unreachable propositions: [0.010s CPU, 0.008s wall-clock]
Reordering and filtering variables...
7 of 7 variables necessary.
0 of 8 mutex groups necessary.
706 of 706 operators necessary.
0 of 0 axiom rules necessary.
Reordering and filtering variables: [0.000s CPU, 0.003s wall-clock]
Translator variables: 7
Translator derived variables: 0
Translator facts: 44
Translator goal facts: 1
Translator mutex groups: 0
Translator total mutex groups size: 0
Translator operators: 706
Translator axioms: 0
Translator task size: 5286
Translator peak memory: 35912 KB
Writing output... [0.000s CPU, 0.003s wall-clock]
Done! [0.080s CPU, 0.084s wall-clock]
translate exit code: 0

INFO     Running search (release).
INFO     search stdin: output.sas
INFO     search time limit: 1799s
INFO     search memory limit: 2048 MB
INFO     search command line string: /home/henry/Documents/UFRGS/TCC/downward/experiments/lab/data/main/code-fa850d1cb8d716322f299a4f9b64478019793ada_e5e41175/builds/release/bin/downward --search 'eager_greedy([operatorcounting(constraint_generators=[pho_constraints(patterns=systematic(4))], use_integer_operator_counts=true, transform=adapt_costs(cost_type=ONE))])' --internal-plan-file sas_plan < output.sas
[t=0s, 45596 KB] reading input...
[t=0.00399975s, 45728 KB] done reading input!
[t=0.00553592s, 46124 KB] Generating patterns using: systematic pattern collection generator
[t=0.00553592s, 46124 KB] building causal graph...done! [t=0s]
[t=0.00553592s, 46124 KB] Found 36 SGA patterns.
[t=0.00553592s, 46124 KB] Found 36 interesting patterns.
[t=0.00553592s, 46124 KB] systematic pattern collection generator number of patterns: 36
[t=0.00553592s, 46124 KB] systematic pattern collection generator total PDB size: 33733
[t=0.00553592s, 46124 KB] systematic pattern collection generator computation time: 0s
[t=0.00553592s, 46124 KB] Computing PDBs for pattern collection...
[t=0.0254891s, 46364 KB] Done computing PDBs for pattern collection: 0.0199532s
[t=0.0254891s, 47176 KB] Building successor generator...done!
[t=0.0254891s, 47176 KB] peak memory difference for successor generator creation: 0 KB
[t=0.0254891s, 47176 KB] time for successor generation creation: 0s
[t=0.0254891s, 47176 KB] Variables: 7
[t=0.0254891s, 47176 KB] FactPairs: 44
[t=0.0254891s, 47176 KB] Bytes per state: 4
[t=0.0254891s, 47176 KB] Conducting best first search without reopening closed nodes, (real) bound = 2147483647
[t=0.0254891s, 48316 KB] New best heuristic value for operatorcounting(constraint_generators=[pho_constraints(patterns=systematic(4))],use_integer_operator_counts=true,transform=adapt_costs(cost_type=one)): 23
[t=0.0254891s, 48316 KB] g=0, 1 evaluated, 0 expanded
[t=0.0254891s, 48316 KB] Initial heuristic value for operatorcounting(constraint_generators=[pho_constraints(patterns=systematic(4))],use_integer_operator_counts=true,transform=adapt_costs(cost_type=one)): 23
[t=0.0254891s, 48316 KB] pruning method: none
[t=0.0854658s, 49284 KB] New best heuristic value for operatorcounting(constraint_generators=[pho_constraints(patterns=systematic(4))],use_integer_operator_counts=true,transform=adapt_costs(cost_type=one)): 22
[t=0.0854658s, 49284 KB] g=2, 75 evaluated, 2 expanded
[t=0.0974575s, 49308 KB] New best heuristic value for operatorcounting(constraint_generators=[pho_constraints(patterns=systematic(4))],use_integer_operator_counts=true,transform=adapt_costs(cost_type=one)): 21
[t=0.0974575s, 49308 KB] g=3, 88 evaluated, 3 expanded
[t=0.109456s, 49312 KB] New best heuristic value for operatorcounting(constraint_generators=[pho_constraints(patterns=systematic(4))],use_integer_operator_counts=true,transform=adapt_costs(cost_type=one)): 20
[t=0.109456s, 49312 KB] g=4, 100 evaluated, 4 expanded
[t=0.133434s, 49312 KB] New best heuristic value for operatorcounting(constraint_generators=[pho_constraints(patterns=systematic(4))],use_integer_operator_counts=true,transform=adapt_costs(cost_type=one)): 19
[t=0.133434s, 49312 KB] g=5, 131 evaluated, 5 expanded
[t=0.281243s, 49364 KB] New best heuristic value for operatorcounting(constraint_generators=[pho_constraints(patterns=systematic(4))],use_integer_operator_counts=true,transform=adapt_costs(cost_type=one)): 18
[t=0.281243s, 49364 KB] g=8, 277 evaluated, 17 expanded
[t=0.293236s, 49412 KB] New best heuristic value for operatorcounting(constraint_generators=[pho_constraints(patterns=systematic(4))],use_integer_operator_counts=true,transform=adapt_costs(cost_type=one)): 17
[t=0.293236s, 49412 KB] g=9, 285 evaluated, 18 expanded
[t=0.297237s, 49420 KB] New best heuristic value for operatorcounting(constraint_generators=[pho_constraints(patterns=systematic(4))],use_integer_operator_counts=true,transform=adapt_costs(cost_type=one)): 16
[t=0.297237s, 49420 KB] g=10, 290 evaluated, 19 expanded
[t=0.313235s, 49420 KB] New best heuristic value for operatorcounting(constraint_generators=[pho_constraints(patterns=systematic(4))],use_integer_operator_counts=true,transform=adapt_costs(cost_type=one)): 15
[t=0.313235s, 49420 KB] g=11, 303 evaluated, 20 expanded
[t=1.08869s, 49516 KB] New best heuristic value for operatorcounting(constraint_generators=[pho_constraints(patterns=systematic(4))],use_integer_operator_counts=true,transform=adapt_costs(cost_type=one)): 14
[t=1.08869s, 49516 KB] g=17, 810 evaluated, 231 expanded
[t=1.10068s, 49560 KB] New best heuristic value for operatorcounting(constraint_generators=[pho_constraints(patterns=systematic(4))],use_integer_operator_counts=true,transform=adapt_costs(cost_type=one)): 13
[t=1.10068s, 49560 KB] g=18, 819 evaluated, 232 expanded
[t=1.10469s, 49560 KB] New best heuristic value for operatorcounting(constraint_generators=[pho_constraints(patterns=systematic(4))],use_integer_operator_counts=true,transform=adapt_costs(cost_type=one)): 12
[t=1.10469s, 49560 KB] g=19, 823 evaluated, 233 expanded
[t=1.13266s, 49560 KB] New best heuristic value for operatorcounting(constraint_generators=[pho_constraints(patterns=systematic(4))],use_integer_operator_counts=true,transform=adapt_costs(cost_type=one)): 11
[t=1.13266s, 49560 KB] g=20, 836 evaluated, 234 expanded
[t=2.00388s, 49636 KB] New best heuristic value for operatorcounting(constraint_generators=[pho_constraints(patterns=systematic(4))],use_integer_operator_counts=true,transform=adapt_costs(cost_type=one)): 10
[t=2.00388s, 49636 KB] g=26, 1383 evaluated, 457 expanded
[t=2.01587s, 49648 KB] New best heuristic value for operatorcounting(constraint_generators=[pho_constraints(patterns=systematic(4))],use_integer_operator_counts=true,transform=adapt_costs(cost_type=one)): 9
[t=2.01587s, 49648 KB] g=27, 1393 evaluated, 458 expanded
[t=2.02386s, 49648 KB] New best heuristic value for operatorcounting(constraint_generators=[pho_constraints(patterns=systematic(4))],use_integer_operator_counts=true,transform=adapt_costs(cost_type=one)): 8
[t=2.02386s, 49648 KB] g=28, 1396 evaluated, 459 expanded
[t=2.04384s, 49648 KB] New best heuristic value for operatorcounting(constraint_generators=[pho_constraints(patterns=systematic(4))],use_integer_operator_counts=true,transform=adapt_costs(cost_type=one)): 7
[t=2.04384s, 49648 KB] g=29, 1409 evaluated, 460 expanded
[t=3.00314s, 49792 KB] New best heuristic value for operatorcounting(constraint_generators=[pho_constraints(patterns=systematic(4))],use_integer_operator_counts=true,transform=adapt_costs(cost_type=one)): 6
[t=3.00314s, 49792 KB] g=35, 1996 evaluated, 695 expanded
[t=3.01914s, 49792 KB] New best heuristic value for operatorcounting(constraint_generators=[pho_constraints(patterns=systematic(4))],use_integer_operator_counts=true,transform=adapt_costs(cost_type=one)): 5
[t=3.01914s, 49792 KB] g=36, 2007 evaluated, 696 expanded
[t=3.02312s, 49792 KB] New best heuristic value for operatorcounting(constraint_generators=[pho_constraints(patterns=systematic(4))],use_integer_operator_counts=true,transform=adapt_costs(cost_type=one)): 4
[t=3.02312s, 49792 KB] g=37, 2009 evaluated, 697 expanded
[t=3.04711s, 49792 KB] New best heuristic value for operatorcounting(constraint_generators=[pho_constraints(patterns=systematic(4))],use_integer_operator_counts=true,transform=adapt_costs(cost_type=one)): 3
[t=3.04711s, 49792 KB] g=38, 2022 evaluated, 698 expanded
[t=4.12629s, 49880 KB] New best heuristic value for operatorcounting(constraint_generators=[pho_constraints(patterns=systematic(4))],use_integer_operator_counts=true,transform=adapt_costs(cost_type=one)): 2
[t=4.12629s, 49880 KB] g=44, 2649 evaluated, 945 expanded
[t=4.13829s, 49884 KB] New best heuristic value for operatorcounting(constraint_generators=[pho_constraints(patterns=systematic(4))],use_integer_operator_counts=true,transform=adapt_costs(cost_type=one)): 1
[t=4.13829s, 49884 KB] g=45, 2661 evaluated, 946 expanded
[t=4.13829s, 49884 KB] New best heuristic value for operatorcounting(constraint_generators=[pho_constraints(patterns=systematic(4))],use_integer_operator_counts=true,transform=adapt_costs(cost_type=one)): 0
[t=4.13829s, 49884 KB] g=46, 2662 evaluated, 947 expanded
[t=4.14628s, 49884 KB] Solution found!
[t=4.14628s, 49884 KB] Actual search time: 4.12079s
drive_tent girl0 place0 place1 car0 tent0 (1)
put_up girl0 place1 tent0 (1)
drive guy0 place0 place1 car1 (1)
drive_passenger girl0 place1 place0 car0 guy0 (1)
walk_together tent0 place1 guy0 place0 girl0 couple0 (1)
put_down girl0 place1 tent0 (1)
drive_tent girl0 place1 place2 car1 tent0 (1)
put_up girl0 place2 tent0 (1)
drive girl0 place2 place1 car1 (1)
drive_passenger girl0 place1 place0 car1 guy0 (1)
drive girl0 place0 place2 car0 (1)
drive guy0 place0 place2 car1 (1)
drive_passenger girl0 place2 place1 car0 guy0 (1)
walk_together tent0 place2 guy0 place1 girl0 couple0 (1)
put_down girl0 place2 tent0 (1)
drive_tent girl0 place2 place3 car1 tent0 (1)
put_up girl0 place3 tent0 (1)
drive girl0 place3 place2 car1 (1)
drive_passenger girl0 place2 place1 car1 guy0 (1)
drive girl0 place1 place3 car0 (1)
drive guy0 place1 place3 car1 (1)
drive_passenger girl0 place3 place2 car0 guy0 (1)
walk_together tent0 place3 guy0 place2 girl0 couple0 (1)
put_down girl0 place3 tent0 (1)
drive_tent girl0 place3 place4 car1 tent0 (1)
put_up girl0 place4 tent0 (1)
drive girl0 place4 place3 car1 (1)
drive_passenger girl0 place3 place2 car1 guy0 (1)
drive girl0 place2 place4 car0 (1)
drive guy0 place2 place4 car1 (1)
drive_passenger girl0 place4 place3 car0 guy0 (1)
walk_together tent0 place4 guy0 place3 girl0 couple0 (1)
put_down girl0 place4 tent0 (1)
drive_tent girl0 place4 place5 car1 tent0 (1)
put_up girl0 place5 tent0 (1)
drive girl0 place5 place4 car1 (1)
drive_passenger girl0 place4 place3 car1 guy0 (1)
drive girl0 place3 place5 car0 (1)
drive guy0 place3 place5 car1 (1)
drive_passenger girl0 place5 place4 car0 guy0 (1)
walk_together tent0 place5 guy0 place4 girl0 couple0 (1)
put_down girl0 place5 tent0 (1)
drive_tent girl0 place5 place6 car1 tent0 (1)
put_up girl0 place6 tent0 (1)
drive girl0 place6 place5 car1 (1)
walk_together tent0 place6 guy0 place5 girl0 couple0 (1)
[t=4.14628s, 49884 KB] Plan length: 46 step(s).
[t=4.14628s, 49884 KB] Plan cost: 46
[t=4.14628s, 49884 KB] Expanded 948 state(s).
[t=4.14628s, 49884 KB] Reopened 0 state(s).
[t=4.14628s, 49884 KB] Evaluated 2674 state(s).
[t=4.14628s, 49884 KB] Evaluations: 2674
[t=4.14628s, 49884 KB] Generated 10795 state(s).
[t=4.14628s, 49884 KB] Dead ends: 0 state(s).
[t=4.14628s, 49884 KB] Number of registered states: 2674
[t=4.14628s, 49884 KB] Int hash set load factor: 2674/4096 = 0.652832
[t=4.14628s, 49884 KB] Int hash set resizes: 12
[t=4.14628s, 49884 KB] Search time: 4.12079s
[t=4.14628s, 49884 KB] Total time: 4.14628s
Solution found.
Peak memory: 49884 KB
Remove intermediate file output.sas
search exit code: 0

INFO     Running validate.
INFO     validate stdin: None
INFO     validate time limit: None
INFO     validate memory limit: None
INFO     validate command line string: /home/henry/bin/validate domain.pddl problem.pddl sas_plan
Checking plan: sas_plan
Plan executed successfully - checking goal
Plan valid
Final value: 46 

Successful plans:
Value: 46
 sas_plan 46 

validate exit code: 0

INFO     Planner time: 4.28s
