INFO     planner time limit: 1800s
INFO     planner memory limit: 2048 MB

INFO     Running translator.
INFO     translator stdin: None
INFO     translator time limit: 1799s
INFO     translator memory limit: 2048 MB
INFO     translator command line string: /home/henry/Documents/UFRGS/TCC/downward/.venv/bin/python /home/henry/Documents/UFRGS/TCC/downward/experiments/lab/data/main/code-5bb2ccb6957559b6969ffd7e29254c73f84d5e49_e5e41175/builds/release/bin/translate/translate.py domain.pddl problem.pddl --sas-file output.sas
Parsing...
Parsing: [0.010s CPU, 0.004s wall-clock]
Normalizing task... [0.000s CPU, 0.000s wall-clock]
Instantiating...
Generating Datalog program... [0.000s CPU, 0.001s wall-clock]
Normalizing Datalog program...
Trivial rules: Converted to facts.
Normalizing Datalog program: [0.000s CPU, 0.003s wall-clock]
Preparing model... [0.000s CPU, 0.003s wall-clock]
Generated 129 rules.
Computing model... [1.420s CPU, 1.414s wall-clock]
106262 relevant atoms
88354 auxiliary atoms
194616 final queue length
639646 total queue pushes
Completing instantiation... [6.170s CPU, 6.180s wall-clock]
Instantiating: [7.630s CPU, 7.643s wall-clock]
Computing fact groups...
Finding invariants...
28 initial candidates
Finding invariants: [0.030s CPU, 0.026s wall-clock]
Checking invariant weight... [0.000s CPU, 0.000s wall-clock]
Instantiating groups... [0.000s CPU, 0.002s wall-clock]
Collecting mutex groups... [0.010s CPU, 0.001s wall-clock]
Choosing groups...
1001 uncovered facts
Choosing groups: [0.000s CPU, 0.002s wall-clock]
Building translation key... [0.010s CPU, 0.003s wall-clock]
Computing fact groups: [0.050s CPU, 0.042s wall-clock]
Building STRIPS to SAS dictionary... [0.000s CPU, 0.001s wall-clock]
Building dictionary for full mutex groups... [0.000s CPU, 0.001s wall-clock]
Building mutex information...
Building mutex information: [0.000s CPU, 0.001s wall-clock]
Translating task...
Processing axioms...
Simplifying axioms... [0.000s CPU, 0.000s wall-clock]
Translator axioms removed by simplifying: 0
Computing negative axioms... [0.000s CPU, 0.000s wall-clock]
Processing axioms: [0.340s CPU, 0.344s wall-clock]
Translating task: [7.280s CPU, 7.289s wall-clock]
160975 effect conditions simplified
0 implied preconditions added
Detecting unreachable propositions...
0 operators removed
0 axioms removed
61 propositions removed
Detecting unreachable propositions: [3.480s CPU, 3.480s wall-clock]
Reordering and filtering variables...
1036 of 1038 variables necessary.
0 of 45 mutex groups necessary.
103363 of 103363 operators necessary.
0 of 0 axiom rules necessary.
Reordering and filtering variables: [2.020s CPU, 2.022s wall-clock]
Translator variables: 1036
Translator derived variables: 0
Translator facts: 3210
Translator goal facts: 54
Translator mutex groups: 0
Translator total mutex groups size: 0
Translator operators: 103363
Translator axioms: 0
Translator task size: 1452601
Translator peak memory: 738364 KB
Writing output... [0.970s CPU, 0.970s wall-clock]
Done! [21.710s CPU, 21.726s wall-clock]
translate exit code: 0

INFO     Running search (release).
INFO     search stdin: output.sas
INFO     search time limit: 1778s
INFO     search memory limit: 2048 MB
INFO     search command line string: /home/henry/Documents/UFRGS/TCC/downward/experiments/lab/data/main/code-5bb2ccb6957559b6969ffd7e29254c73f84d5e49_e5e41175/builds/release/bin/downward --search 'eager_greedy([lsh(patterns=systematic(2), transform=adapt_costs(cost_type=ONE))])' --internal-plan-file sas_plan < output.sas
[t=0s, 10544 KB] reading input...
[t=0.659066s, 62212 KB] done reading input!
[t=0.659066s, 62608 KB] Generating patterns using: systematic pattern collection generator
[t=0.659066s, 62608 KB] building causal graph...done! [t=0.439725s]
[t=1.2267s, 110968 KB] Found 7852 SGA patterns.
[t=1.50258s, 110968 KB] Found 7852 interesting patterns.
[t=1.50658s, 110968 KB] systematic pattern collection generator number of patterns: 7852
[t=1.50658s, 110968 KB] systematic pattern collection generator total PDB size: 299251
[t=1.50658s, 110968 KB] systematic pattern collection generator computation time: 0.847519s
[t=1.50658s, 110968 KB] Computing PDBs for pattern collection...
[t=175.103s, 110968 KB] Done computing PDBs for pattern collection: 173.597s
[t=216.013s, 371388 KB] Building successor generator...done!
[t=216.073s, 380692 KB] peak memory difference for successor generator creation: 9304 KB
[t=216.073s, 380692 KB] time for successor generation creation: 0.0559418s
[t=216.073s, 380692 KB] Variables: 1036
[t=216.073s, 380692 KB] FactPairs: 3210
[t=216.073s, 380692 KB] Bytes per state: 152
[t=216.073s, 380692 KB] Conducting best first search without reopening closed nodes, (real) bound = 2147483647
[t=216.073s, 380692 KB] New best heuristic value for lsh(patterns=systematic(2),transform=adapt_costs(cost_type=one)): 130
[t=216.073s, 380692 KB] g=0, 1 evaluated, 0 expanded
[t=216.073s, 380692 KB] Initial heuristic value for lsh(patterns=systematic(2),transform=adapt_costs(cost_type=one)): 130
[t=216.073s, 380692 KB] pruning method: none
[t=216.073s, 380692 KB] New best heuristic value for lsh(patterns=systematic(2),transform=adapt_costs(cost_type=one)): 129
[t=216.073s, 380692 KB] g=1, 3 evaluated, 1 expanded
[t=216.077s, 380692 KB] New best heuristic value for lsh(patterns=systematic(2),transform=adapt_costs(cost_type=one)): 128
[t=216.077s, 380692 KB] g=1, 7 evaluated, 2 expanded
[t=216.077s, 380692 KB] New best heuristic value for lsh(patterns=systematic(2),transform=adapt_costs(cost_type=one)): 127
[t=216.077s, 380692 KB] g=1, 8 evaluated, 3 expanded
[t=216.077s, 380692 KB] New best heuristic value for lsh(patterns=systematic(2),transform=adapt_costs(cost_type=one)): 126
[t=216.077s, 380692 KB] g=2, 10 evaluated, 4 expanded
[t=216.077s, 380692 KB] New best heuristic value for lsh(patterns=systematic(2),transform=adapt_costs(cost_type=one)): 125
[t=216.077s, 380692 KB] g=2, 15 evaluated, 5 expanded
[t=216.077s, 380692 KB] New best heuristic value for lsh(patterns=systematic(2),transform=adapt_costs(cost_type=one)): 124
[t=216.077s, 380692 KB] g=2, 16 evaluated, 6 expanded
[t=216.077s, 380692 KB] New best heuristic value for lsh(patterns=systematic(2),transform=adapt_costs(cost_type=one)): 123
[t=216.077s, 380692 KB] g=3, 24 evaluated, 11 expanded
[t=216.081s, 380692 KB] New best heuristic value for lsh(patterns=systematic(2),transform=adapt_costs(cost_type=one)): 122
[t=216.081s, 380692 KB] g=6, 50 evaluated, 25 expanded
[t=216.085s, 380692 KB] New best heuristic value for lsh(patterns=systematic(2),transform=adapt_costs(cost_type=one)): 121
[t=216.085s, 380692 KB] g=7, 61 evaluated, 32 expanded
[t=216.085s, 380692 KB] New best heuristic value for lsh(patterns=systematic(2),transform=adapt_costs(cost_type=one)): 120
[t=216.085s, 380692 KB] g=7, 78 evaluated, 42 expanded
[t=216.085s, 380692 KB] New best heuristic value for lsh(patterns=systematic(2),transform=adapt_costs(cost_type=one)): 119
[t=216.085s, 380692 KB] g=7, 82 evaluated, 44 expanded
[t=216.089s, 380692 KB] New best heuristic value for lsh(patterns=systematic(2),transform=adapt_costs(cost_type=one)): 118
[t=216.089s, 380692 KB] g=8, 101 evaluated, 48 expanded
[t=216.089s, 380692 KB] New best heuristic value for lsh(patterns=systematic(2),transform=adapt_costs(cost_type=one)): 117
[t=216.089s, 380692 KB] g=8, 105 evaluated, 49 expanded
[t=216.097s, 380692 KB] New best heuristic value for lsh(patterns=systematic(2),transform=adapt_costs(cost_type=one)): 116
[t=216.097s, 380692 KB] g=9, 142 evaluated, 65 expanded
[t=216.101s, 380692 KB] New best heuristic value for lsh(patterns=systematic(2),transform=adapt_costs(cost_type=one)): 115
[t=216.101s, 380692 KB] g=10, 156 evaluated, 71 expanded
[t=216.101s, 380692 KB] New best heuristic value for lsh(patterns=systematic(2),transform=adapt_costs(cost_type=one)): 114
[t=216.101s, 380692 KB] g=11, 168 evaluated, 78 expanded
[t=216.117s, 380692 KB] New best heuristic value for lsh(patterns=systematic(2),transform=adapt_costs(cost_type=one)): 113
[t=216.117s, 380692 KB] g=12, 251 evaluated, 142 expanded
[t=216.117s, 380692 KB] New best heuristic value for lsh(patterns=systematic(2),transform=adapt_costs(cost_type=one)): 112
[t=216.117s, 380692 KB] g=12, 254 evaluated, 143 expanded
[t=216.117s, 380692 KB] New best heuristic value for lsh(patterns=systematic(2),transform=adapt_costs(cost_type=one)): 111
[t=216.117s, 380692 KB] g=13, 264 evaluated, 148 expanded
[t=216.117s, 380692 KB] New best heuristic value for lsh(patterns=systematic(2),transform=adapt_costs(cost_type=one)): 110
[t=216.117s, 380692 KB] g=13, 266 evaluated, 149 expanded
[t=216.117s, 380692 KB] New best heuristic value for lsh(patterns=systematic(2),transform=adapt_costs(cost_type=one)): 109
[t=216.117s, 380692 KB] g=13, 267 evaluated, 150 expanded
[t=216.117s, 380692 KB] New best heuristic value for lsh(patterns=systematic(2),transform=adapt_costs(cost_type=one)): 108
[t=216.117s, 380692 KB] g=13, 268 evaluated, 151 expanded
[t=216.153s, 380692 KB] New best heuristic value for lsh(patterns=systematic(2),transform=adapt_costs(cost_type=one)): 107
[t=216.153s, 380692 KB] g=16, 504 evaluated, 272 expanded
[t=217.084s, 380692 KB] New best heuristic value for lsh(patterns=systematic(2),transform=adapt_costs(cost_type=one)): 106
[t=217.084s, 380692 KB] g=20, 6696 evaluated, 5042 expanded
[t=217.084s, 380692 KB] New best heuristic value for lsh(patterns=systematic(2),transform=adapt_costs(cost_type=one)): 105
[t=217.084s, 380692 KB] g=20, 6697 evaluated, 5043 expanded
[t=217.084s, 380692 KB] New best heuristic value for lsh(patterns=systematic(2),transform=adapt_costs(cost_type=one)): 104
[t=217.084s, 380692 KB] g=20, 6698 evaluated, 5044 expanded
[t=217.088s, 380692 KB] New best heuristic value for lsh(patterns=systematic(2),transform=adapt_costs(cost_type=one)): 103
[t=217.088s, 380692 KB] g=21, 6731 evaluated, 5051 expanded
[t=217.088s, 380692 KB] New best heuristic value for lsh(patterns=systematic(2),transform=adapt_costs(cost_type=one)): 102
[t=217.088s, 380692 KB] g=21, 6732 evaluated, 5052 expanded
[t=217.096s, 380692 KB] New best heuristic value for lsh(patterns=systematic(2),transform=adapt_costs(cost_type=one)): 101
[t=217.096s, 380692 KB] g=22, 6781 evaluated, 5061 expanded
[t=217.096s, 380692 KB] New best heuristic value for lsh(patterns=systematic(2),transform=adapt_costs(cost_type=one)): 100
[t=217.096s, 380692 KB] g=22, 6782 evaluated, 5062 expanded
[t=217.096s, 380692 KB] New best heuristic value for lsh(patterns=systematic(2),transform=adapt_costs(cost_type=one)): 99
[t=217.096s, 380692 KB] g=22, 6783 evaluated, 5063 expanded
[t=217.096s, 380692 KB] New best heuristic value for lsh(patterns=systematic(2),transform=adapt_costs(cost_type=one)): 98
[t=217.096s, 380692 KB] g=22, 6784 evaluated, 5064 expanded
[t=217.12s, 380692 KB] New best heuristic value for lsh(patterns=systematic(2),transform=adapt_costs(cost_type=one)): 97
[t=217.12s, 380692 KB] g=23, 6941 evaluated, 5118 expanded
[t=217.124s, 380692 KB] New best heuristic value for lsh(patterns=systematic(2),transform=adapt_costs(cost_type=one)): 96
[t=217.124s, 380692 KB] g=24, 6980 evaluated, 5126 expanded
[t=217.124s, 380692 KB] New best heuristic value for lsh(patterns=systematic(2),transform=adapt_costs(cost_type=one)): 95
[t=217.124s, 380692 KB] g=24, 6981 evaluated, 5127 expanded
[t=217.132s, 380692 KB] New best heuristic value for lsh(patterns=systematic(2),transform=adapt_costs(cost_type=one)): 94
[t=217.132s, 380692 KB] g=25, 7021 evaluated, 5138 expanded
[t=217.612s, 380692 KB] New best heuristic value for lsh(patterns=systematic(2),transform=adapt_costs(cost_type=one)): 93
[t=217.616s, 380692 KB] g=28, 10350 evaluated, 6484 expanded
[t=217.616s, 380692 KB] New best heuristic value for lsh(patterns=systematic(2),transform=adapt_costs(cost_type=one)): 92
[t=217.616s, 380692 KB] g=28, 10351 evaluated, 6485 expanded
[t=217.624s, 380692 KB] New best heuristic value for lsh(patterns=systematic(2),transform=adapt_costs(cost_type=one)): 91
[t=217.624s, 380692 KB] g=29, 10413 evaluated, 6499 expanded
[t=217.816s, 380692 KB] New best heuristic value for lsh(patterns=systematic(2),transform=adapt_costs(cost_type=one)): 90
[t=217.816s, 380692 KB] g=30, 11784 evaluated, 6900 expanded
[t=217.816s, 380692 KB] New best heuristic value for lsh(patterns=systematic(2),transform=adapt_costs(cost_type=one)): 89
[t=217.816s, 380692 KB] g=30, 11785 evaluated, 6901 expanded
[t=252.406s, 425276 KB] New best heuristic value for lsh(patterns=systematic(2),transform=adapt_costs(cost_type=one)): 88
[t=252.406s, 425276 KB] g=33, 258535 evaluated, 146501 expanded
[t=252.534s, 425412 KB] New best heuristic value for lsh(patterns=systematic(2),transform=adapt_costs(cost_type=one)): 87
[t=252.534s, 425412 KB] g=35, 259493 evaluated, 146797 expanded
[t=252.534s, 425412 KB] New best heuristic value for lsh(patterns=systematic(2),transform=adapt_costs(cost_type=one)): 86
[t=252.534s, 425412 KB] g=35, 259494 evaluated, 146798 expanded
Failed to allocate memory.
Memory limit has been reached.
Peak memory: 2097152 KB
Remove intermediate file output.sas
search exit code: 22

Driver aborting after search
INFO     Planner time: 1539.16s
