INFO     planner time limit: 1800s
INFO     planner memory limit: 2048 MB

INFO     Running translator.
INFO     translator stdin: None
INFO     translator time limit: 1799s
INFO     translator memory limit: 2048 MB
INFO     translator command line string: /home/henry/Documents/UFRGS/TCC/downward/.venv/bin/python /home/henry/Documents/UFRGS/TCC/downward/experiments/lab/data/main/code-5bb2ccb6957559b6969ffd7e29254c73f84d5e49_e5e41175/builds/release/bin/translate/translate.py domain.pddl problem.pddl --sas-file output.sas
Parsing...
Parsing: [0.030s CPU, 0.029s wall-clock]
Normalizing task... [0.000s CPU, 0.001s wall-clock]
Instantiating...
Generating Datalog program... [0.010s CPU, 0.010s wall-clock]
Normalizing Datalog program...
Normalizing Datalog program: [0.000s CPU, 0.001s wall-clock]
Preparing model... [0.060s CPU, 0.057s wall-clock]
Generated 23 rules.
Computing model... [0.170s CPU, 0.171s wall-clock]
14411 relevant atoms
24285 auxiliary atoms
38696 final queue length
47795 total queue pushes
Completing instantiation... [0.190s CPU, 0.188s wall-clock]
Instantiating: [0.440s CPU, 0.439s wall-clock]
Computing fact groups...
Finding invariants...
9 initial candidates
Finding invariants: [0.000s CPU, 0.004s wall-clock]
Checking invariant weight... [0.000s CPU, 0.002s wall-clock]
Instantiating groups... [0.000s CPU, 0.003s wall-clock]
Collecting mutex groups... [0.010s CPU, 0.000s wall-clock]
Choosing groups...
0 uncovered facts
Choosing groups: [0.000s CPU, 0.000s wall-clock]
Building translation key... [0.000s CPU, 0.000s wall-clock]
Computing fact groups: [0.010s CPU, 0.011s wall-clock]
Building STRIPS to SAS dictionary... [0.000s CPU, 0.000s wall-clock]
Building dictionary for full mutex groups... [0.000s CPU, 0.000s wall-clock]
Building mutex information...
Building mutex information: [0.000s CPU, 0.000s wall-clock]
Translating task...
Processing axioms...
Simplifying axioms... [0.000s CPU, 0.000s wall-clock]
Translator axioms removed by simplifying: 0
Computing negative axioms... [0.000s CPU, 0.000s wall-clock]
Processing axioms: [0.000s CPU, 0.008s wall-clock]
Translating task: [0.100s CPU, 0.104s wall-clock]
0 effect conditions simplified
0 implied preconditions added
Detecting unreachable propositions...
0 operators removed
0 axioms removed
15 propositions removed
Detecting unreachable propositions: [0.120s CPU, 0.123s wall-clock]
Reordering and filtering variables...
15 of 15 variables necessary.
0 of 15 mutex groups necessary.
4874 of 4874 operators necessary.
0 of 0 axiom rules necessary.
Reordering and filtering variables: [0.020s CPU, 0.016s wall-clock]
Translator variables: 15
Translator derived variables: 0
Translator facts: 326
Translator goal facts: 13
Translator mutex groups: 0
Translator total mutex groups size: 0
Translator operators: 4874
Translator axioms: 0
Translator task size: 24386
Translator peak memory: 55444 KB
Writing output... [0.020s CPU, 0.020s wall-clock]
Done! [0.750s CPU, 0.754s wall-clock]
translate exit code: 0

INFO     Running search (release).
INFO     search stdin: output.sas
INFO     search time limit: 1799s
INFO     search memory limit: 2048 MB
INFO     search command line string: /home/henry/Documents/UFRGS/TCC/downward/experiments/lab/data/main/code-5bb2ccb6957559b6969ffd7e29254c73f84d5e49_e5e41175/builds/release/bin/downward --search 'eager_greedy([operatorcounting(constraint_generators=[pho_constraints(patterns=systematic(2))], use_integer_operator_counts=false, transform=adapt_costs(cost_type=NORMAL))])' --internal-plan-file sas_plan < output.sas
[t=0s, 45596 KB] reading input...
[t=0.0119852s, 46980 KB] done reading input!
[t=0.015979s, 47696 KB] Generating patterns using: systematic pattern collection generator
[t=0.015979s, 47696 KB] building causal graph...done! [t=0s]
[t=0.015979s, 47696 KB] Found 26 SGA patterns.
[t=0.015979s, 47696 KB] Found 26 interesting patterns.
[t=0.015979s, 47696 KB] systematic pattern collection generator number of patterns: 26
[t=0.015979s, 47696 KB] systematic pattern collection generator total PDB size: 2548
[t=0.015979s, 47696 KB] systematic pattern collection generator computation time: 0s
[t=0.015979s, 47696 KB] Computing PDBs for pattern collection...
[t=0.0439078s, 48232 KB] Done computing PDBs for pattern collection: 0.0279289s
[t=0.0479077s, 50680 KB] Building successor generator...done!
[t=0.0479077s, 50680 KB] peak memory difference for successor generator creation: 0 KB
[t=0.0479077s, 50680 KB] time for successor generation creation: 0s
[t=0.0479077s, 50680 KB] Variables: 15
[t=0.0479077s, 50680 KB] FactPairs: 326
[t=0.0479077s, 50680 KB] Bytes per state: 8
[t=0.0479077s, 50680 KB] Conducting best first search without reopening closed nodes, (real) bound = 2147483647
[t=0.0519162s, 53292 KB] New best heuristic value for operatorcounting(constraint_generators=[pho_constraints(patterns=systematic(2))],use_integer_operator_counts=false,transform=adapt_costs(cost_type=normal)): 32
[t=0.0519162s, 53292 KB] g=0, 1 evaluated, 0 expanded
[t=0.0519162s, 53292 KB] Initial heuristic value for operatorcounting(constraint_generators=[pho_constraints(patterns=systematic(2))],use_integer_operator_counts=false,transform=adapt_costs(cost_type=normal)): 32
[t=0.0519162s, 53292 KB] pruning method: none
[t=0.0519162s, 53292 KB] New best heuristic value for operatorcounting(constraint_generators=[pho_constraints(patterns=systematic(2))],use_integer_operator_counts=false,transform=adapt_costs(cost_type=normal)): 31
[t=0.0519162s, 53292 KB] g=1, 2 evaluated, 1 expanded
[t=0.0558905s, 53292 KB] New best heuristic value for operatorcounting(constraint_generators=[pho_constraints(patterns=systematic(2))],use_integer_operator_counts=false,transform=adapt_costs(cost_type=normal)): 30
[t=0.0558905s, 53292 KB] g=2, 8 evaluated, 2 expanded
[t=0.0558905s, 53292 KB] New best heuristic value for operatorcounting(constraint_generators=[pho_constraints(patterns=systematic(2))],use_integer_operator_counts=false,transform=adapt_costs(cost_type=normal)): 29
[t=0.0558905s, 53292 KB] g=4, 13 evaluated, 4 expanded
[t=0.0599012s, 53292 KB] New best heuristic value for operatorcounting(constraint_generators=[pho_constraints(patterns=systematic(2))],use_integer_operator_counts=false,transform=adapt_costs(cost_type=normal)): 28
[t=0.0599012s, 53292 KB] g=5, 23 evaluated, 5 expanded
[t=0.0599012s, 53292 KB] New best heuristic value for operatorcounting(constraint_generators=[pho_constraints(patterns=systematic(2))],use_integer_operator_counts=false,transform=adapt_costs(cost_type=normal)): 27
[t=0.0599012s, 53292 KB] g=6, 29 evaluated, 6 expanded
[t=0.0798502s, 53292 KB] New best heuristic value for operatorcounting(constraint_generators=[pho_constraints(patterns=systematic(2))],use_integer_operator_counts=false,transform=adapt_costs(cost_type=normal)): 26
[t=0.0798502s, 53292 KB] g=9, 91 evaluated, 17 expanded
[t=0.08386s, 53292 KB] New best heuristic value for operatorcounting(constraint_generators=[pho_constraints(patterns=systematic(2))],use_integer_operator_counts=false,transform=adapt_costs(cost_type=normal)): 25
[t=0.08386s, 53292 KB] g=11, 106 evaluated, 20 expanded
[t=0.159714s, 53292 KB] New best heuristic value for operatorcounting(constraint_generators=[pho_constraints(patterns=systematic(2))],use_integer_operator_counts=false,transform=adapt_costs(cost_type=normal)): 24
[t=0.159714s, 53292 KB] g=14, 357 evaluated, 82 expanded
[t=0.167705s, 53292 KB] New best heuristic value for operatorcounting(constraint_generators=[pho_constraints(patterns=systematic(2))],use_integer_operator_counts=false,transform=adapt_costs(cost_type=normal)): 23
[t=0.167705s, 53292 KB] g=15, 382 evaluated, 86 expanded
[t=0.175694s, 53292 KB] New best heuristic value for operatorcounting(constraint_generators=[pho_constraints(patterns=systematic(2))],use_integer_operator_counts=false,transform=adapt_costs(cost_type=normal)): 22
[t=0.175694s, 53292 KB] g=16, 409 evaluated, 90 expanded
[t=0.179693s, 53292 KB] New best heuristic value for operatorcounting(constraint_generators=[pho_constraints(patterns=systematic(2))],use_integer_operator_counts=false,transform=adapt_costs(cost_type=normal)): 21
[t=0.179693s, 53292 KB] g=17, 422 evaluated, 91 expanded
[t=0.223637s, 53292 KB] New best heuristic value for operatorcounting(constraint_generators=[pho_constraints(patterns=systematic(2))],use_integer_operator_counts=false,transform=adapt_costs(cost_type=normal)): 20
[t=0.223637s, 53292 KB] g=18, 569 evaluated, 115 expanded
[t=0.223637s, 53292 KB] New best heuristic value for operatorcounting(constraint_generators=[pho_constraints(patterns=systematic(2))],use_integer_operator_counts=false,transform=adapt_costs(cost_type=normal)): 19
[t=0.227616s, 53292 KB] g=19, 577 evaluated, 116 expanded
[t=0.275569s, 53292 KB] New best heuristic value for operatorcounting(constraint_generators=[pho_constraints(patterns=systematic(2))],use_integer_operator_counts=false,transform=adapt_costs(cost_type=normal)): 18
[t=0.275569s, 53292 KB] g=22, 743 evaluated, 143 expanded
[t=0.275569s, 53292 KB] New best heuristic value for operatorcounting(constraint_generators=[pho_constraints(patterns=systematic(2))],use_integer_operator_counts=false,transform=adapt_costs(cost_type=normal)): 17
[t=0.275569s, 53292 KB] g=23, 750 evaluated, 144 expanded
[t=0.291558s, 53292 KB] New best heuristic value for operatorcounting(constraint_generators=[pho_constraints(patterns=systematic(2))],use_integer_operator_counts=false,transform=adapt_costs(cost_type=normal)): 16
[t=0.291558s, 53292 KB] g=24, 798 evaluated, 150 expanded
[t=0.307541s, 53292 KB] New best heuristic value for operatorcounting(constraint_generators=[pho_constraints(patterns=systematic(2))],use_integer_operator_counts=false,transform=adapt_costs(cost_type=normal)): 15
[t=0.307541s, 53292 KB] g=25, 845 evaluated, 155 expanded
[t=0.315511s, 53292 KB] New best heuristic value for operatorcounting(constraint_generators=[pho_constraints(patterns=systematic(2))],use_integer_operator_counts=false,transform=adapt_costs(cost_type=normal)): 14
[t=0.315511s, 53292 KB] g=28, 879 evaluated, 159 expanded
[t=1.16647s, 53292 KB] New best heuristic value for operatorcounting(constraint_generators=[pho_constraints(patterns=systematic(2))],use_integer_operator_counts=false,transform=adapt_costs(cost_type=normal)): 13
[t=1.16647s, 53292 KB] g=31, 3590 evaluated, 929 expanded
[t=4.53035s, 53292 KB] New best heuristic value for operatorcounting(constraint_generators=[pho_constraints(patterns=systematic(2))],use_integer_operator_counts=false,transform=adapt_costs(cost_type=normal)): 12
[t=4.53035s, 53292 KB] g=32, 14175 evaluated, 4831 expanded
[t=5.28547s, 53292 KB] New best heuristic value for operatorcounting(constraint_generators=[pho_constraints(patterns=systematic(2))],use_integer_operator_counts=false,transform=adapt_costs(cost_type=normal)): 11
[t=5.28547s, 53292 KB] g=33, 16552 evaluated, 5713 expanded
[t=13.6878s, 53292 KB] New best heuristic value for operatorcounting(constraint_generators=[pho_constraints(patterns=systematic(2))],use_integer_operator_counts=false,transform=adapt_costs(cost_type=normal)): 10
[t=13.6878s, 53292 KB] g=36, 43656 evaluated, 19031 expanded
[t=740.899s, 154432 KB] New best heuristic value for operatorcounting(constraint_generators=[pho_constraints(patterns=systematic(2))],use_integer_operator_counts=false,transform=adapt_costs(cost_type=normal)): 9
[t=740.899s, 154432 KB] g=38, 2284548 evaluated, 1206110 expanded
Peak memory: 285032 KB
caught signal 24 -- exiting
Time limit has been reached.
Remove intermediate file output.sas
search exit code: 23

Driver aborting after search
INFO     Planner time: 1797.50s
