INFO     planner time limit: 1800s
INFO     planner memory limit: 2048 MB

INFO     Running translator.
INFO     translator stdin: None
INFO     translator time limit: 1799s
INFO     translator memory limit: 2048 MB
INFO     translator command line string: /home/henry/Documents/UFRGS/TCC/downward/.venv/bin/python /home/henry/Documents/UFRGS/TCC/downward/experiments/lab/data/main/code-5bb2ccb6957559b6969ffd7e29254c73f84d5e49_e5e41175/builds/release/bin/translate/translate.py domain.pddl problem.pddl --sas-file output.sas
Parsing...
Parsing: [0.060s CPU, 0.055s wall-clock]
Normalizing task... [0.010s CPU, 0.005s wall-clock]
Instantiating...
Generating Datalog program... [0.010s CPU, 0.011s wall-clock]
Normalizing Datalog program...
Normalizing Datalog program: [0.040s CPU, 0.039s wall-clock]
Preparing model... [0.030s CPU, 0.041s wall-clock]
Generated 2332 rules.
Computing model... [4.580s CPU, 4.582s wall-clock]
174476 relevant atoms
254332 auxiliary atoms
428808 final queue length
764628 total queue pushes
Completing instantiation... [7.520s CPU, 7.531s wall-clock]
Instantiating: [12.390s CPU, 12.416s wall-clock]
Computing fact groups...
Finding invariants...
10 initial candidates
Finding invariants: [0.090s CPU, 0.089s wall-clock]
Checking invariant weight... [0.010s CPU, 0.004s wall-clock]
Instantiating groups... [0.000s CPU, 0.003s wall-clock]
Collecting mutex groups... [0.000s CPU, 0.002s wall-clock]
Choosing groups...
290 uncovered facts
Choosing groups: [0.010s CPU, 0.004s wall-clock]
Building translation key... [0.000s CPU, 0.001s wall-clock]
Computing fact groups: [0.110s CPU, 0.110s wall-clock]
Building STRIPS to SAS dictionary... [0.000s CPU, 0.001s wall-clock]
Building dictionary for full mutex groups... [0.010s CPU, 0.002s wall-clock]
Building mutex information...
Building mutex information: [0.000s CPU, 0.001s wall-clock]
Translating task...
Processing axioms...
Simplifying axioms... [0.000s CPU, 0.000s wall-clock]
Translator axioms removed by simplifying: 0
Computing negative axioms... [0.000s CPU, 0.000s wall-clock]
Processing axioms: [0.320s CPU, 0.319s wall-clock]
Translating task: [6.760s CPU, 6.774s wall-clock]
0 effect conditions simplified
0 implied preconditions added
Detecting unreachable propositions...
0 operators removed
0 axioms removed
291 propositions removed
Detecting unreachable propositions: [3.730s CPU, 3.734s wall-clock]
Reordering and filtering variables...
581 of 581 variables necessary.
0 of 581 mutex groups necessary.
168780 of 168780 operators necessary.
0 of 0 axiom rules necessary.
Reordering and filtering variables: [0.700s CPU, 0.691s wall-clock]
Translator variables: 581
Translator derived variables: 0
Translator facts: 1741
Translator goal facts: 290
Translator mutex groups: 0
Translator total mutex groups size: 0
Translator operators: 168780
Translator axioms: 0
Translator task size: 1235583
Translator peak memory: 756316 KB
Writing output... [0.830s CPU, 0.827s wall-clock]
Done! [24.930s CPU, 24.960s wall-clock]
translate exit code: 0

INFO     Running search (release).
INFO     search stdin: output.sas
INFO     search time limit: 1774s
INFO     search memory limit: 2048 MB
INFO     search command line string: /home/henry/Documents/UFRGS/TCC/downward/experiments/lab/data/main/code-5bb2ccb6957559b6969ffd7e29254c73f84d5e49_e5e41175/builds/release/bin/downward --search 'eager_greedy([operatorcounting(constraint_generators=[pho_constraints(patterns=systematic(4))], use_integer_operator_counts=false, transform=adapt_costs(cost_type=NORMAL))])' --internal-plan-file sas_plan < output.sas
[t=0s, 45596 KB] reading input...
[t=0.555445s, 92836 KB] done reading input!
[t=0.565338s, 105556 KB] Generating patterns using: systematic pattern collection generator
[t=0.565338s, 105556 KB] building causal graph...done! [t=0.0639355s]
Failed to allocate memory.
Memory limit has been reached.
Peak memory: 1915472 KB
Remove intermediate file output.sas
search exit code: 22

Driver aborting after search
INFO     Planner time: 40.79s
