INFO     planner time limit: 1800s
INFO     planner memory limit: 2048 MB

INFO     Running translator.
INFO     translator stdin: None
INFO     translator time limit: 1799s
INFO     translator memory limit: 2048 MB
INFO     translator command line string: /home/henry/Documents/UFRGS/TCC/downward/.venv/bin/python /home/henry/Documents/UFRGS/TCC/downward/experiments/lab/data/main/code-5bb2ccb6957559b6969ffd7e29254c73f84d5e49_e5e41175/builds/release/bin/translate/translate.py domain.pddl problem.pddl --sas-file output.sas
Parsing...
Parsing: [0.000s CPU, 0.001s wall-clock]
Normalizing task... [0.000s CPU, 0.000s wall-clock]
Instantiating...
Generating Datalog program... [0.000s CPU, 0.000s wall-clock]
Normalizing Datalog program...
Normalizing Datalog program: [0.010s CPU, 0.001s wall-clock]
Preparing model... [0.000s CPU, 0.001s wall-clock]
Generated 50 rules.
Computing model... [0.000s CPU, 0.006s wall-clock]
501 relevant atoms
606 auxiliary atoms
1107 final queue length
1409 total queue pushes
Completing instantiation... [0.010s CPU, 0.005s wall-clock]
Instantiating: [0.020s CPU, 0.013s wall-clock]
Computing fact groups...
Finding invariants...
11 initial candidates
Finding invariants: [0.000s CPU, 0.003s wall-clock]
Checking invariant weight... [0.000s CPU, 0.000s wall-clock]
Instantiating groups... [0.000s CPU, 0.001s wall-clock]
Collecting mutex groups... [0.000s CPU, 0.000s wall-clock]
Choosing groups...
0 uncovered facts
Choosing groups: [0.000s CPU, 0.000s wall-clock]
Building translation key... [0.000s CPU, 0.000s wall-clock]
Computing fact groups: [0.000s CPU, 0.005s wall-clock]
Building STRIPS to SAS dictionary... [0.000s CPU, 0.000s wall-clock]
Building dictionary for full mutex groups... [0.000s CPU, 0.000s wall-clock]
Building mutex information...
Building mutex information: [0.000s CPU, 0.000s wall-clock]
Translating task...
Processing axioms...
Simplifying axioms... [0.000s CPU, 0.000s wall-clock]
Translator axioms removed by simplifying: 0
Computing negative axioms... [0.000s CPU, 0.000s wall-clock]
Processing axioms: [0.000s CPU, 0.000s wall-clock]
Translating task: [0.010s CPU, 0.006s wall-clock]
0 effect conditions simplified
0 implied preconditions added
Detecting unreachable propositions...
0 operators removed
0 axioms removed
4 propositions removed
Detecting unreachable propositions: [0.000s CPU, 0.003s wall-clock]
Reordering and filtering variables...
24 of 24 variables necessary.
40 of 44 mutex groups necessary.
256 of 256 operators necessary.
0 of 0 axiom rules necessary.
Reordering and filtering variables: [0.000s CPU, 0.001s wall-clock]
Translator variables: 24
Translator derived variables: 0
Translator facts: 124
Translator goal facts: 16
Translator mutex groups: 40
Translator total mutex groups size: 160
Translator operators: 256
Translator axioms: 0
Translator task size: 1720
Translator peak memory: 32884 KB
Writing output... [0.000s CPU, 0.001s wall-clock]
Done! [0.030s CPU, 0.032s wall-clock]
translate exit code: 0

INFO     Running search (release).
INFO     search stdin: output.sas
INFO     search time limit: 1799s
INFO     search memory limit: 2048 MB
INFO     search command line string: /home/henry/Documents/UFRGS/TCC/downward/experiments/lab/data/main/code-5bb2ccb6957559b6969ffd7e29254c73f84d5e49_e5e41175/builds/release/bin/downward --search 'eager_greedy([ff(transform=adapt_costs(cost_type=ONE))])' --internal-plan-file sas_plan < output.sas
[t=0s, 10544 KB] reading input...
[t=0s, 10544 KB] done reading input!
[t=0.00375513s, 10940 KB] Simplifying 504 unary operators... done! [504 unary operators]
[t=0.00375513s, 10940 KB] time to simplify: 0s
[t=0.00375513s, 10940 KB] Initializing additive heuristic...
[t=0.00375513s, 10940 KB] Initializing FF heuristic...
[t=0.00375513s, 10940 KB] Building successor generator...done!
[t=0.00375513s, 10940 KB] peak memory difference for successor generator creation: 0 KB
[t=0.00375513s, 10940 KB] time for successor generation creation: 0s
[t=0.00375513s, 10940 KB] Variables: 24
[t=0.00375513s, 10940 KB] FactPairs: 124
[t=0.00375513s, 10940 KB] Bytes per state: 8
[t=0.00375513s, 10940 KB] Conducting best first search without reopening closed nodes, (real) bound = 2147483647
[t=0.00375513s, 10940 KB] New best heuristic value for ff(transform=adapt_costs(cost_type=one)): 27
[t=0.00375513s, 10940 KB] g=0, 1 evaluated, 0 expanded
[t=0.00375513s, 10940 KB] Initial heuristic value for ff(transform=adapt_costs(cost_type=one)): 27
[t=0.00375513s, 10940 KB] pruning method: none
[t=0.00375513s, 10940 KB] New best heuristic value for ff(transform=adapt_costs(cost_type=one)): 25
[t=0.00375513s, 10940 KB] g=2, 6 evaluated, 1 expanded
[t=0.00375513s, 10940 KB] New best heuristic value for ff(transform=adapt_costs(cost_type=one)): 23
[t=0.00375513s, 10940 KB] g=3, 22 evaluated, 2 expanded
[t=0.00375513s, 10940 KB] New best heuristic value for ff(transform=adapt_costs(cost_type=one)): 22
[t=0.00375513s, 10940 KB] g=5, 27 evaluated, 3 expanded
[t=0.00375513s, 10940 KB] New best heuristic value for ff(transform=adapt_costs(cost_type=one)): 21
[t=0.00375513s, 10940 KB] g=13, 89 evaluated, 15 expanded
[t=0.00375513s, 10940 KB] New best heuristic value for ff(transform=adapt_costs(cost_type=one)): 20
[t=0.00375513s, 10940 KB] g=23, 161 evaluated, 26 expanded
[t=0.00375513s, 10940 KB] New best heuristic value for ff(transform=adapt_costs(cost_type=one)): 19
[t=0.00375513s, 10940 KB] g=31, 284 evaluated, 45 expanded
[t=0.00375513s, 10940 KB] New best heuristic value for ff(transform=adapt_costs(cost_type=one)): 18
[t=0.00375513s, 10940 KB] g=39, 365 evaluated, 58 expanded
[t=0.00375513s, 10940 KB] New best heuristic value for ff(transform=adapt_costs(cost_type=one)): 17
[t=0.00375513s, 10940 KB] g=52, 433 evaluated, 69 expanded
[t=0.00375513s, 10940 KB] New best heuristic value for ff(transform=adapt_costs(cost_type=one)): 16
[t=0.00375513s, 10940 KB] g=51, 450 evaluated, 71 expanded
[t=0.00774262s, 10940 KB] New best heuristic value for ff(transform=adapt_costs(cost_type=one)): 14
[t=0.00774262s, 10940 KB] g=61, 509 evaluated, 80 expanded
[t=0.00774262s, 10940 KB] New best heuristic value for ff(transform=adapt_costs(cost_type=one)): 13
[t=0.00774262s, 10940 KB] g=69, 595 evaluated, 94 expanded
[t=0.00774262s, 10940 KB] New best heuristic value for ff(transform=adapt_costs(cost_type=one)): 12
[t=0.00774262s, 10940 KB] g=77, 728 evaluated, 131 expanded
[t=0.0197368s, 11076 KB] New best heuristic value for ff(transform=adapt_costs(cost_type=one)): 11
[t=0.0197368s, 11076 KB] g=82, 3549 evaluated, 1257 expanded
[t=0.0197368s, 11076 KB] New best heuristic value for ff(transform=adapt_costs(cost_type=one)): 10
[t=0.0197368s, 11076 KB] g=78, 3552 evaluated, 1257 expanded
[t=0.0197368s, 11076 KB] New best heuristic value for ff(transform=adapt_costs(cost_type=one)): 9
[t=0.0197368s, 11076 KB] g=86, 3588 evaluated, 1265 expanded
[t=0.0197368s, 11076 KB] New best heuristic value for ff(transform=adapt_costs(cost_type=one)): 8
[t=0.0197368s, 11076 KB] g=95, 3632 evaluated, 1276 expanded
[t=0.0197368s, 11076 KB] New best heuristic value for ff(transform=adapt_costs(cost_type=one)): 7
[t=0.0197368s, 11076 KB] g=110, 3913 evaluated, 1387 expanded
[t=0.0197368s, 11076 KB] New best heuristic value for ff(transform=adapt_costs(cost_type=one)): 6
[t=0.0197368s, 11076 KB] g=115, 3916 evaluated, 1388 expanded
[t=0.0197368s, 11076 KB] New best heuristic value for ff(transform=adapt_costs(cost_type=one)): 5
[t=0.0197368s, 11076 KB] g=116, 3925 evaluated, 1389 expanded
[t=0.0197368s, 11076 KB] New best heuristic value for ff(transform=adapt_costs(cost_type=one)): 4
[t=0.0197368s, 11076 KB] g=118, 3927 evaluated, 1390 expanded
[t=202.323s, 1573984 KB] New best heuristic value for ff(transform=adapt_costs(cost_type=one)): 3
[t=202.327s, 1573984 KB] g=144, 37799276 evaluated, 14742912 expanded
[t=202.327s, 1573984 KB] New best heuristic value for ff(transform=adapt_costs(cost_type=one)): 2
[t=202.327s, 1573984 KB] g=153, 37799296 evaluated, 14742916 expanded
[t=202.327s, 1573984 KB] New best heuristic value for ff(transform=adapt_costs(cost_type=one)): 1
[t=202.327s, 1573984 KB] g=154, 37799300 evaluated, 14742917 expanded
[t=202.327s, 1573984 KB] New best heuristic value for ff(transform=adapt_costs(cost_type=one)): 0
[t=202.327s, 1573984 KB] g=156, 37799303 evaluated, 14742918 expanded
[t=202.327s, 1573984 KB] Solution found!
[t=202.327s, 1573984 KB] Actual search time: 202.323s
left robot2 tile_3-2 tile_3-1 (1)
paint-up robot2 tile_4-1 tile_3-1 black (2)
change-color robot1 white black (5)
right robot1 tile_2-1 tile_2-2 (1)
right robot2 tile_3-1 tile_3-2 (1)
change-color robot2 black white (5)
paint-up robot2 tile_4-2 tile_3-2 white (2)
change-color robot2 white black (5)
change-color robot1 black white (5)
left robot1 tile_2-2 tile_2-1 (1)
paint-up robot1 tile_3-1 tile_2-1 white (2)
right robot2 tile_3-2 tile_3-3 (1)
paint-up robot2 tile_4-3 tile_3-3 black (2)
change-color robot2 black white (5)
right robot2 tile_3-3 tile_3-4 (1)
paint-up robot2 tile_4-4 tile_3-4 white (2)
change-color robot1 white black (5)
down robot1 tile_2-1 tile_1-1 (1)
paint-up robot1 tile_2-1 tile_1-1 black (2)
change-color robot2 white black (5)
change-color robot1 black white (5)
down robot2 tile_3-4 tile_2-4 (1)
paint-up robot2 tile_3-4 tile_2-4 black (2)
down robot1 tile_1-1 tile_0-1 (1)
paint-up robot1 tile_1-1 tile_0-1 white (2)
right robot1 tile_0-1 tile_0-2 (1)
up robot1 tile_0-2 tile_1-2 (3)
right robot1 tile_1-2 tile_1-3 (1)
down robot2 tile_2-4 tile_1-4 (1)
change-color robot2 black white (5)
paint-up robot2 tile_2-4 tile_1-4 white (2)
change-color robot2 white black (5)
change-color robot1 white black (5)
down robot2 tile_1-4 tile_0-4 (1)
paint-up robot2 tile_1-4 tile_0-4 black (2)
change-color robot2 black white (5)
change-color robot1 black white (5)
up robot1 tile_1-3 tile_2-3 (3)
paint-up robot1 tile_3-3 tile_2-3 white (2)
change-color robot2 white black (5)
change-color robot1 white black (5)
down robot1 tile_2-3 tile_1-3 (1)
paint-up robot1 tile_2-3 tile_1-3 black (2)
change-color robot2 black white (5)
left robot1 tile_1-3 tile_1-2 (1)
left robot2 tile_0-4 tile_0-3 (1)
paint-up robot2 tile_1-3 tile_0-3 white (2)
left robot2 tile_0-3 tile_0-2 (1)
up robot1 tile_1-2 tile_2-2 (3)
paint-up robot1 tile_3-2 tile_2-2 black (2)
change-color robot2 white black (5)
change-color robot1 black white (5)
down robot1 tile_2-2 tile_1-2 (1)
paint-up robot1 tile_2-2 tile_1-2 white (2)
change-color robot1 white black (5)
left robot2 tile_0-2 tile_0-1 (1)
down robot1 tile_1-2 tile_0-2 (1)
paint-up robot1 tile_1-2 tile_0-2 black (2)
[t=202.327s, 1573984 KB] Plan length: 58 step(s).
[t=202.327s, 1573984 KB] Plan cost: 156
[t=202.327s, 1573984 KB] Expanded 14742919 state(s).
[t=202.327s, 1573984 KB] Reopened 0 state(s).
[t=202.327s, 1573984 KB] Evaluated 37799304 state(s).
[t=202.327s, 1573984 KB] Evaluations: 37799304
[t=202.327s, 1573984 KB] Generated 115888033 state(s).
[t=202.327s, 1573984 KB] Dead ends: 22688570 state(s).
[t=202.327s, 1573984 KB] Number of registered states: 37799304
[t=202.327s, 1573984 KB] Int hash set load factor: 37799304/67108864 = 0.563254
[t=202.327s, 1573984 KB] Int hash set resizes: 26
[t=202.327s, 1573984 KB] Search time: 202.323s
[t=202.327s, 1573984 KB] Total time: 202.327s
Solution found.
Peak memory: 1573984 KB
Remove intermediate file output.sas
search exit code: 0

INFO     Running validate.
INFO     validate stdin: None
INFO     validate time limit: None
INFO     validate memory limit: None
INFO     validate command line string: /home/henry/bin/validate domain.pddl problem.pddl sas_plan
Checking plan: sas_plan
Plan executed successfully - checking goal
Plan valid
Final value: 156 

Successful plans:
Value: 156
 sas_plan 156 

validate exit code: 0

INFO     Planner time: 202.50s
