INFO     planner time limit: 1800s
INFO     planner memory limit: 2048 MB

INFO     Running translator.
INFO     translator stdin: None
INFO     translator time limit: 1799s
INFO     translator memory limit: 2048 MB
INFO     translator command line string: /home/henry/Documents/UFRGS/TCC/downward/.venv/bin/python /home/henry/Documents/UFRGS/TCC/downward/experiments/lab/data/main/code-fa850d1cb8d716322f299a4f9b64478019793ada_e5e41175/builds/release/bin/translate/translate.py domain.pddl problem.pddl --sas-file output.sas
Parsing...
Parsing: [0.000s CPU, 0.001s wall-clock]
Normalizing task... [0.000s CPU, 0.000s wall-clock]
Instantiating...
Generating Datalog program... [0.000s CPU, 0.001s wall-clock]
Normalizing Datalog program...
Trivial rules: Converted to facts.
Normalizing Datalog program: [0.000s CPU, 0.001s wall-clock]
Preparing model... [0.000s CPU, 0.001s wall-clock]
Generated 16 rules.
Computing model... [0.000s CPU, 0.002s wall-clock]
431 relevant atoms
0 auxiliary atoms
431 final queue length
531 total queue pushes
Completing instantiation... [0.010s CPU, 0.001s wall-clock]
Instantiating: [0.010s CPU, 0.005s wall-clock]
Computing fact groups...
Finding invariants...
7 initial candidates
Finding invariants: [0.000s CPU, 0.000s wall-clock]
Checking invariant weight... [0.000s CPU, 0.000s wall-clock]
Instantiating groups... [0.000s CPU, 0.000s wall-clock]
Collecting mutex groups... [0.000s CPU, 0.000s wall-clock]
Choosing groups...
7 uncovered facts
Choosing groups: [0.000s CPU, 0.000s wall-clock]
Building translation key... [0.000s CPU, 0.000s wall-clock]
Computing fact groups: [0.000s CPU, 0.000s wall-clock]
Building STRIPS to SAS dictionary... [0.000s CPU, 0.000s wall-clock]
Building dictionary for full mutex groups... [0.000s CPU, 0.000s wall-clock]
Building mutex information...
Building mutex information: [0.000s CPU, 0.000s wall-clock]
Translating task...
Processing axioms...
Simplifying axioms... [0.000s CPU, 0.000s wall-clock]
Translator axioms removed by simplifying: 0
Computing negative axioms... [0.000s CPU, 0.000s wall-clock]
Processing axioms: [0.000s CPU, 0.000s wall-clock]
Translating task: [0.000s CPU, 0.001s wall-clock]
1 effect conditions simplified
0 implied preconditions added
Detecting unreachable propositions...
0 operators removed
0 axioms removed
0 propositions removed
Detecting unreachable propositions: [0.000s CPU, 0.001s wall-clock]
Reordering and filtering variables...
7 of 7 variables necessary.
0 of 0 mutex groups necessary.
107 of 107 operators necessary.
0 of 0 axiom rules necessary.
Reordering and filtering variables: [0.000s CPU, 0.000s wall-clock]
Translator variables: 7
Translator derived variables: 0
Translator facts: 14
Translator goal facts: 7
Translator mutex groups: 0
Translator total mutex groups size: 0
Translator operators: 107
Translator axioms: 0
Translator task size: 243
Translator peak memory: 32116 KB
Writing output... [0.000s CPU, 0.000s wall-clock]
Done! [0.010s CPU, 0.010s wall-clock]
translate exit code: 0

INFO     Running search (release).
INFO     search stdin: output.sas
INFO     search time limit: 1799s
INFO     search memory limit: 2048 MB
INFO     search command line string: /home/henry/Documents/UFRGS/TCC/downward/experiments/lab/data/main/code-fa850d1cb8d716322f299a4f9b64478019793ada_e5e41175/builds/release/bin/downward --search 'eager_greedy([ilsh(patterns=systematic(4), transform=adapt_costs(cost_type=NORMAL))])' --internal-plan-file sas_plan < output.sas
[t=0s, 45596 KB] reading input...
[t=0s, 45596 KB] done reading input!
[t=0.00130745s, 45860 KB] Generating patterns using: systematic pattern collection generator
[t=0.00130745s, 45860 KB] building causal graph...done! [t=0s]
[t=0.00130745s, 45860 KB] Found 7 SGA patterns.
[t=0.00130745s, 45860 KB] Found 8 interesting patterns.
[t=0.00130745s, 45860 KB] systematic pattern collection generator number of patterns: 8
[t=0.00130745s, 45860 KB] systematic pattern collection generator total PDB size: 18
[t=0.00130745s, 45860 KB] systematic pattern collection generator computation time: 0s
[t=0.00130745s, 45860 KB] Computing PDBs for pattern collection...
[t=0.00198005s, 45860 KB] Done computing PDBs for pattern collection: 0.0006726s
[t=0.00198005s, 45860 KB] Tie breaking: 2
[t=0.00198005s, 45860 KB] Building successor generator...done!
[t=0.00198005s, 45860 KB] peak memory difference for successor generator creation: 0 KB
[t=0.00198005s, 45860 KB] time for successor generation creation: 0s
[t=0.00198005s, 45860 KB] Variables: 7
[t=0.00198005s, 45860 KB] FactPairs: 14
[t=0.00198005s, 45860 KB] Bytes per state: 4
[t=0.00198005s, 45860 KB] Conducting best first search without reopening closed nodes, (real) bound = 2147483647
[t=0.00198005s, 45860 KB] New best heuristic value for ilsh(patterns=systematic(4),transform=adapt_costs(cost_type=normal)): 7
[t=0.00198005s, 45860 KB] g=0, 1 evaluated, 0 expanded
[t=0.00198005s, 45860 KB] Initial heuristic value for ilsh(patterns=systematic(4),transform=adapt_costs(cost_type=normal)): 7
[t=0.00198005s, 45860 KB] pruning method: none
[t=0.00198005s, 45860 KB] New best heuristic value for ilsh(patterns=systematic(4),transform=adapt_costs(cost_type=normal)): 6
[t=0.00198005s, 45860 KB] g=1, 2 evaluated, 1 expanded
[t=0.00198005s, 45860 KB] New best heuristic value for ilsh(patterns=systematic(4),transform=adapt_costs(cost_type=normal)): 5
[t=0.00198005s, 45860 KB] g=2, 9 evaluated, 2 expanded
[t=0.00198005s, 45860 KB] New best heuristic value for ilsh(patterns=systematic(4),transform=adapt_costs(cost_type=normal)): 4
[t=0.00198005s, 45860 KB] g=3, 15 evaluated, 3 expanded
[t=0.00198005s, 45860 KB] New best heuristic value for ilsh(patterns=systematic(4),transform=adapt_costs(cost_type=normal)): 3
[t=0.00198005s, 45860 KB] g=4, 20 evaluated, 4 expanded
[t=0.00198005s, 45860 KB] New best heuristic value for ilsh(patterns=systematic(4),transform=adapt_costs(cost_type=normal)): 2
[t=0.00198005s, 45860 KB] g=5, 24 evaluated, 5 expanded
[t=0.00198005s, 45860 KB] New best heuristic value for ilsh(patterns=systematic(4),transform=adapt_costs(cost_type=normal)): 1
[t=0.00198005s, 45860 KB] g=6, 28 evaluated, 6 expanded
[t=0.00198005s, 45860 KB] New best heuristic value for ilsh(patterns=systematic(4),transform=adapt_costs(cost_type=normal)): 0
[t=0.00198005s, 45860 KB] g=7, 29 evaluated, 7 expanded
[t=0.00198005s, 45860 KB] Solution found!
[t=0.00198005s, 45860 KB] Actual search time: 0s
get-cheese z1 (1)
get-chips c1 (1)
get-crackers k1 (1)
get-dip d1 (1)
get-pop p1 (1)
rewind-movie  (1)
reset-counter  (1)
[t=0.00198005s, 45860 KB] Plan length: 7 step(s).
[t=0.00198005s, 45860 KB] Plan cost: 7
[t=0.00198005s, 45860 KB] Expanded 8 state(s).
[t=0.00198005s, 45860 KB] Reopened 0 state(s).
[t=0.00198005s, 45860 KB] Evaluated 29 state(s).
[t=0.00198005s, 45860 KB] Evaluations: 29
[t=0.00198005s, 45860 KB] Generated 749 state(s).
[t=0.00198005s, 45860 KB] Dead ends: 0 state(s).
[t=0.00198005s, 45860 KB] Number of registered states: 29
[t=0.00198005s, 45860 KB] Int hash set load factor: 29/32 = 0.90625
[t=0.00198005s, 45860 KB] Int hash set resizes: 5
[t=0.00198005s, 45860 KB] Search time: 0s
[t=0.00198005s, 45860 KB] Total time: 0.00198005s
Solution found.
Peak memory: 45860 KB
Remove intermediate file output.sas
search exit code: 0

INFO     Running validate.
INFO     validate stdin: None
INFO     validate time limit: None
INFO     validate memory limit: None
INFO     validate command line string: /home/henry/bin/validate domain.pddl problem.pddl sas_plan
Checking plan: sas_plan
Plan executed successfully - checking goal
Plan valid
Final value: 7 

Successful plans:
Value: 7
 sas_plan 7 

validate exit code: 0

INFO     Planner time: 0.08s
