INFO     planner time limit: 1800s
INFO     planner memory limit: 2048 MB

INFO     Running translator.
INFO     translator stdin: None
INFO     translator time limit: 1799s
INFO     translator memory limit: 2048 MB
INFO     translator command line string: /home/henry/Documents/UFRGS/TCC/downward/.venv/bin/python /home/henry/Documents/UFRGS/TCC/downward/experiments/lab/data/main/code-fa850d1cb8d716322f299a4f9b64478019793ada_e5e41175/builds/release/bin/translate/translate.py domain.pddl problem.pddl --sas-file output.sas
Parsing...
Parsing: [0.000s CPU, 0.002s wall-clock]
Normalizing task... [0.000s CPU, 0.000s wall-clock]
Instantiating...
Generating Datalog program... [0.000s CPU, 0.000s wall-clock]
Normalizing Datalog program...
Normalizing Datalog program: [0.000s CPU, 0.003s wall-clock]
Preparing model... [0.000s CPU, 0.001s wall-clock]
Generated 54 rules.
Computing model... [0.000s CPU, 0.005s wall-clock]
256 relevant atoms
283 auxiliary atoms
539 final queue length
663 total queue pushes
Completing instantiation... [0.000s CPU, 0.004s wall-clock]
Instantiating: [0.010s CPU, 0.014s wall-clock]
Computing fact groups...
Finding invariants...
11 initial candidates
Finding invariants: [0.000s CPU, 0.002s wall-clock]
Checking invariant weight... [0.000s CPU, 0.000s wall-clock]
Instantiating groups... [0.000s CPU, 0.001s wall-clock]
Collecting mutex groups... [0.000s CPU, 0.000s wall-clock]
Choosing groups...
2 uncovered facts
Choosing groups: [0.000s CPU, 0.000s wall-clock]
Building translation key... [0.000s CPU, 0.000s wall-clock]
Computing fact groups: [0.000s CPU, 0.004s wall-clock]
Building STRIPS to SAS dictionary... [0.000s CPU, 0.000s wall-clock]
Building dictionary for full mutex groups... [0.000s CPU, 0.000s wall-clock]
Building mutex information...
Building mutex information: [0.000s CPU, 0.000s wall-clock]
Translating task...
Processing axioms...
Simplifying axioms... [0.000s CPU, 0.000s wall-clock]
Translator axioms removed by simplifying: 0
Computing negative axioms... [0.000s CPU, 0.000s wall-clock]
Processing axioms: [0.000s CPU, 0.000s wall-clock]
Translating task: [0.010s CPU, 0.004s wall-clock]
18 effect conditions simplified
0 implied preconditions added
Detecting unreachable propositions...
0 operators removed
0 axioms removed
9 propositions removed
Detecting unreachable propositions: [0.000s CPU, 0.002s wall-clock]
Reordering and filtering variables...
11 of 11 variables necessary.
2 of 11 mutex groups necessary.
144 of 144 operators necessary.
0 of 0 axiom rules necessary.
Reordering and filtering variables: [0.000s CPU, 0.001s wall-clock]
Translator variables: 11
Translator derived variables: 0
Translator facts: 51
Translator goal facts: 9
Translator mutex groups: 2
Translator total mutex groups size: 8
Translator operators: 144
Translator axioms: 0
Translator task size: 685
Translator peak memory: 32372 KB
Writing output... [0.000s CPU, 0.001s wall-clock]
Done! [0.020s CPU, 0.027s wall-clock]
translate exit code: 0

INFO     Running search (release).
INFO     search stdin: output.sas
INFO     search time limit: 1799s
INFO     search memory limit: 2048 MB
INFO     search command line string: /home/henry/Documents/UFRGS/TCC/downward/experiments/lab/data/main/code-fa850d1cb8d716322f299a4f9b64478019793ada_e5e41175/builds/release/bin/downward --search 'eager_greedy([operatorcounting(constraint_generators=[pho_constraints(patterns=systematic(4))], use_integer_operator_counts=true, transform=adapt_costs(cost_type=NORMAL))])' --internal-plan-file sas_plan < output.sas
[t=0s, 45596 KB] reading input...
[t=0s, 45596 KB] done reading input!
[t=0.00268243s, 45992 KB] Generating patterns using: systematic pattern collection generator
[t=0.00268243s, 45992 KB] building causal graph...done! [t=0s]
[t=0.00268243s, 45992 KB] Found 205 SGA patterns.
[t=0.00268243s, 45992 KB] Found 267 interesting patterns.
[t=0.00268243s, 45992 KB] systematic pattern collection generator number of patterns: 267
[t=0.00268243s, 45992 KB] systematic pattern collection generator total PDB size: 71103
[t=0.00268243s, 45992 KB] systematic pattern collection generator computation time: 0s
[t=0.00268243s, 45992 KB] Computing PDBs for pattern collection...
[t=0.0346016s, 46124 KB] Done computing PDBs for pattern collection: 0.0319192s
[t=0.0346016s, 46836 KB] Building successor generator...done!
[t=0.0346016s, 46836 KB] peak memory difference for successor generator creation: 0 KB
[t=0.0346016s, 46836 KB] time for successor generation creation: 0s
[t=0.0346016s, 46836 KB] Variables: 11
[t=0.0346016s, 46836 KB] FactPairs: 51
[t=0.0346016s, 46836 KB] Bytes per state: 4
[t=0.0346016s, 46836 KB] Conducting best first search without reopening closed nodes, (real) bound = 2147483647
[t=0.038614s, 48084 KB] New best heuristic value for operatorcounting(constraint_generators=[pho_constraints(patterns=systematic(4))],use_integer_operator_counts=true,transform=adapt_costs(cost_type=normal)): 14
[t=0.038614s, 48084 KB] g=0, 1 evaluated, 0 expanded
[t=0.038614s, 48084 KB] Initial heuristic value for operatorcounting(constraint_generators=[pho_constraints(patterns=systematic(4))],use_integer_operator_counts=true,transform=adapt_costs(cost_type=normal)): 14
[t=0.038614s, 48084 KB] pruning method: none
[t=0.0505542s, 48504 KB] New best heuristic value for operatorcounting(constraint_generators=[pho_constraints(patterns=systematic(4))],use_integer_operator_counts=true,transform=adapt_costs(cost_type=normal)): 13
[t=0.0505542s, 48504 KB] g=1, 4 evaluated, 1 expanded
[t=0.090489s, 48508 KB] New best heuristic value for operatorcounting(constraint_generators=[pho_constraints(patterns=systematic(4))],use_integer_operator_counts=true,transform=adapt_costs(cost_type=normal)): 12
[t=0.090489s, 48508 KB] g=2, 16 evaluated, 2 expanded
[t=0.130455s, 48560 KB] New best heuristic value for operatorcounting(constraint_generators=[pho_constraints(patterns=systematic(4))],use_integer_operator_counts=true,transform=adapt_costs(cost_type=normal)): 11
[t=0.130455s, 48560 KB] g=3, 27 evaluated, 3 expanded
[t=0.178353s, 48572 KB] New best heuristic value for operatorcounting(constraint_generators=[pho_constraints(patterns=systematic(4))],use_integer_operator_counts=true,transform=adapt_costs(cost_type=normal)): 10
[t=0.178353s, 48572 KB] g=4, 41 evaluated, 4 expanded
[t=0.214307s, 48572 KB] New best heuristic value for operatorcounting(constraint_generators=[pho_constraints(patterns=systematic(4))],use_integer_operator_counts=true,transform=adapt_costs(cost_type=normal)): 9
[t=0.214307s, 48572 KB] g=5, 51 evaluated, 5 expanded
[t=0.282217s, 48572 KB] New best heuristic value for operatorcounting(constraint_generators=[pho_constraints(patterns=systematic(4))],use_integer_operator_counts=true,transform=adapt_costs(cost_type=normal)): 8
[t=0.282217s, 48572 KB] g=7, 71 evaluated, 8 expanded
[t=0.33014s, 48572 KB] New best heuristic value for operatorcounting(constraint_generators=[pho_constraints(patterns=systematic(4))],use_integer_operator_counts=true,transform=adapt_costs(cost_type=normal)): 7
[t=0.33014s, 48572 KB] g=9, 87 evaluated, 10 expanded
[t=0.362116s, 48572 KB] New best heuristic value for operatorcounting(constraint_generators=[pho_constraints(patterns=systematic(4))],use_integer_operator_counts=true,transform=adapt_costs(cost_type=normal)): 6
[t=0.362116s, 48572 KB] g=10, 98 evaluated, 11 expanded
[t=0.406029s, 48572 KB] New best heuristic value for operatorcounting(constraint_generators=[pho_constraints(patterns=systematic(4))],use_integer_operator_counts=true,transform=adapt_costs(cost_type=normal)): 5
[t=0.406029s, 48572 KB] g=12, 114 evaluated, 13 expanded
[t=0.430008s, 48572 KB] New best heuristic value for operatorcounting(constraint_generators=[pho_constraints(patterns=systematic(4))],use_integer_operator_counts=true,transform=adapt_costs(cost_type=normal)): 4
[t=0.430008s, 48572 KB] g=13, 123 evaluated, 14 expanded
[t=0.445973s, 48572 KB] New best heuristic value for operatorcounting(constraint_generators=[pho_constraints(patterns=systematic(4))],use_integer_operator_counts=true,transform=adapt_costs(cost_type=normal)): 3
[t=0.445973s, 48572 KB] g=14, 130 evaluated, 15 expanded
[t=0.465971s, 48572 KB] New best heuristic value for operatorcounting(constraint_generators=[pho_constraints(patterns=systematic(4))],use_integer_operator_counts=true,transform=adapt_costs(cost_type=normal)): 2
[t=0.465971s, 48572 KB] g=15, 138 evaluated, 16 expanded
[t=0.489913s, 48572 KB] New best heuristic value for operatorcounting(constraint_generators=[pho_constraints(patterns=systematic(4))],use_integer_operator_counts=true,transform=adapt_costs(cost_type=normal)): 1
[t=0.489913s, 48572 KB] g=16, 150 evaluated, 17 expanded
[t=0.5019s, 48572 KB] New best heuristic value for operatorcounting(constraint_generators=[pho_constraints(patterns=systematic(4))],use_integer_operator_counts=true,transform=adapt_costs(cost_type=normal)): 0
[t=0.5019s, 48572 KB] g=17, 157 evaluated, 18 expanded
[t=0.5019s, 48572 KB] Solution found!
[t=0.5019s, 48572 KB] Actual search time: 0.463286s
board-truck driver3 truck2 s0 (1)
drive-truck truck2 s0 s2 driver3 (1)
load-truck package1 truck2 s2 (1)
walk driver2 s1 p0-1 (1)
walk driver2 p0-1 s0 (1)
drive-truck truck2 s2 s0 driver3 (1)
load-truck package3 truck2 s0 (1)
drive-truck truck2 s0 s1 driver3 (1)
load-truck package4 truck2 s1 (1)
unload-truck package1 truck2 s1 (1)
drive-truck truck2 s1 s0 driver3 (1)
unload-truck package4 truck2 s0 (1)
drive-truck truck2 s0 s2 driver3 (1)
disembark-truck driver3 truck2 s2 (1)
unload-truck package3 truck2 s2 (1)
walk driver3 s2 p1-2 (1)
walk driver3 p1-2 s1 (1)
[t=0.5019s, 48572 KB] Plan length: 17 step(s).
[t=0.5019s, 48572 KB] Plan cost: 17
[t=0.5019s, 48572 KB] Expanded 19 state(s).
[t=0.5019s, 48572 KB] Reopened 0 state(s).
[t=0.5019s, 48572 KB] Evaluated 157 state(s).
[t=0.5019s, 48572 KB] Evaluations: 157
[t=0.5019s, 48572 KB] Generated 185 state(s).
[t=0.5019s, 48572 KB] Dead ends: 0 state(s).
[t=0.5019s, 48572 KB] Number of registered states: 157
[t=0.5019s, 48572 KB] Int hash set load factor: 157/256 = 0.613281
[t=0.5019s, 48572 KB] Int hash set resizes: 8
[t=0.5019s, 48572 KB] Search time: 0.467299s
[t=0.5019s, 48572 KB] Total time: 0.5019s
Solution found.
Peak memory: 48572 KB
Remove intermediate file output.sas
search exit code: 0

INFO     Running validate.
INFO     validate stdin: None
INFO     validate time limit: None
INFO     validate memory limit: None
INFO     validate command line string: /home/henry/bin/validate domain.pddl problem.pddl sas_plan
Checking plan: sas_plan
Plan executed successfully - checking goal
Plan valid
Final value: 17 

Successful plans:
Value: 17
 sas_plan 17 

validate exit code: 0

INFO     Planner time: 0.60s
