INFO     planner time limit: 1800s
INFO     planner memory limit: 2048 MB

INFO     Running translator.
INFO     translator stdin: None
INFO     translator time limit: 1799s
INFO     translator memory limit: 2048 MB
INFO     translator command line string: /home/henry/Documents/UFRGS/TCC/downward/.venv/bin/python /home/henry/Documents/UFRGS/TCC/downward/experiments/lab/data/main/code-5bb2ccb6957559b6969ffd7e29254c73f84d5e49_e5e41175/builds/release/bin/translate/translate.py domain.pddl problem.pddl --sas-file output.sas
Parsing...
Parsing: [0.000s CPU, 0.005s wall-clock]
Normalizing task... [0.000s CPU, 0.000s wall-clock]
Instantiating...
Generating Datalog program... [0.000s CPU, 0.001s wall-clock]
Normalizing Datalog program...
Normalizing Datalog program: [0.010s CPU, 0.005s wall-clock]
Preparing model... [0.000s CPU, 0.003s wall-clock]
Generated 350 rules.
Computing model... [0.020s CPU, 0.020s wall-clock]
1802 relevant atoms
2342 auxiliary atoms
4144 final queue length
6664 total queue pushes
Completing instantiation... [0.040s CPU, 0.030s wall-clock]
Instantiating: [0.070s CPU, 0.060s wall-clock]
Computing fact groups...
Finding invariants...
20 initial candidates
Finding invariants: [0.000s CPU, 0.004s wall-clock]
Checking invariant weight... [0.000s CPU, 0.000s wall-clock]
Instantiating groups... [0.000s CPU, 0.001s wall-clock]
Collecting mutex groups... [0.010s CPU, 0.001s wall-clock]
Choosing groups...
306 uncovered facts
Choosing groups: [0.000s CPU, 0.000s wall-clock]
Building translation key... [0.000s CPU, 0.001s wall-clock]
Computing fact groups: [0.010s CPU, 0.009s wall-clock]
Building STRIPS to SAS dictionary... [0.000s CPU, 0.000s wall-clock]
Building dictionary for full mutex groups... [0.000s CPU, 0.000s wall-clock]
Building mutex information...
Building mutex information: [0.000s CPU, 0.000s wall-clock]
Translating task...
Processing axioms...
Simplifying axioms... [0.000s CPU, 0.000s wall-clock]
Translator axioms removed by simplifying: 0
Computing negative axioms... [0.000s CPU, 0.000s wall-clock]
Processing axioms: [0.000s CPU, 0.002s wall-clock]
Translating task: [0.030s CPU, 0.032s wall-clock]
841 effect conditions simplified
0 implied preconditions added
Detecting unreachable propositions...
0 operators removed
0 axioms removed
12 propositions removed
Detecting unreachable propositions: [0.020s CPU, 0.021s wall-clock]
Reordering and filtering variables...
106 of 315 variables necessary.
0 of 10 mutex groups necessary.
1051 of 1051 operators necessary.
0 of 0 axiom rules necessary.
Reordering and filtering variables: [0.000s CPU, 0.007s wall-clock]
Translator variables: 106
Translator derived variables: 0
Translator facts: 402
Translator goal facts: 60
Translator mutex groups: 0
Translator total mutex groups size: 0
Translator operators: 1051
Translator axioms: 0
Translator task size: 7378
Translator peak memory: 37760 KB
Writing output... [0.000s CPU, 0.005s wall-clock]
Done! [0.140s CPU, 0.143s wall-clock]
translate exit code: 0

INFO     Running search (release).
INFO     search stdin: output.sas
INFO     search time limit: 1799s
INFO     search memory limit: 2048 MB
INFO     search command line string: /home/henry/Documents/UFRGS/TCC/downward/experiments/lab/data/main/code-5bb2ccb6957559b6969ffd7e29254c73f84d5e49_e5e41175/builds/release/bin/downward --search 'eager_greedy([operatorcounting(constraint_generators=[pho_constraints(patterns=systematic(4))], use_integer_operator_counts=false, transform=adapt_costs(cost_type=NORMAL))])' --internal-plan-file sas_plan < output.sas
[t=0s, 45596 KB] reading input...
[t=0.00312839s, 45908 KB] done reading input!
[t=0.00772968s, 46440 KB] Generating patterns using: systematic pattern collection generator
[t=0.00772968s, 46440 KB] building causal graph...done! [t=0s]
[t=0.0196953s, 51552 KB] Found 18693 SGA patterns.
[t=0.235582s, 60728 KB] Found 73686 interesting patterns.
[t=0.263506s, 61068 KB] systematic pattern collection generator number of patterns: 73686
[t=0.267489s, 61068 KB] systematic pattern collection generator total PDB size: 8827304
[t=0.271488s, 61068 KB] systematic pattern collection generator computation time: 0.255776s
[t=0.271488s, 61068 KB] Computing PDBs for pattern collection...
[t=12.0533s, 106468 KB] Done computing PDBs for pattern collection: 11.7818s
[t=13.4681s, 311796 KB] Building successor generator...done!
[t=13.4681s, 311796 KB] peak memory difference for successor generator creation: 0 KB
[t=13.4681s, 311796 KB] time for successor generation creation: 0s
[t=13.4681s, 311796 KB] Variables: 106
[t=13.4681s, 311796 KB] FactPairs: 402
[t=13.4681s, 311796 KB] Bytes per state: 20
[t=13.4681s, 311796 KB] Conducting best first search without reopening closed nodes, (real) bound = 2147483647
[t=13.8677s, 399944 KB] New best heuristic value for operatorcounting(constraint_generators=[pho_constraints(patterns=systematic(4))],use_integer_operator_counts=false,transform=adapt_costs(cost_type=normal)): 2754187
[t=13.8677s, 399944 KB] g=0, 1 evaluated, 0 expanded
[t=13.8677s, 399944 KB] Initial heuristic value for operatorcounting(constraint_generators=[pho_constraints(patterns=systematic(4))],use_integer_operator_counts=false,transform=adapt_costs(cost_type=normal)): 2754187
[t=13.8677s, 399944 KB] pruning method: none
[t=14.0115s, 399944 KB] New best heuristic value for operatorcounting(constraint_generators=[pho_constraints(patterns=systematic(4))],use_integer_operator_counts=false,transform=adapt_costs(cost_type=normal)): 2753687
[t=14.0115s, 399944 KB] g=899, 3 evaluated, 2 expanded
[t=15.1599s, 399944 KB] New best heuristic value for operatorcounting(constraint_generators=[pho_constraints(patterns=systematic(4))],use_integer_operator_counts=false,transform=adapt_costs(cost_type=normal)): 2750599
[t=15.1599s, 399944 KB] g=3588, 13 evaluated, 3 expanded
[t=16.4637s, 399944 KB] New best heuristic value for operatorcounting(constraint_generators=[pho_constraints(patterns=systematic(4))],use_integer_operator_counts=false,transform=adapt_costs(cost_type=normal)): 2739709
[t=16.4637s, 399944 KB] g=14478, 25 evaluated, 4 expanded
[t=17.6312s, 399944 KB] New best heuristic value for operatorcounting(constraint_generators=[pho_constraints(patterns=systematic(4))],use_integer_operator_counts=false,transform=adapt_costs(cost_type=normal)): 2722257
[t=17.6312s, 399944 KB] g=31930, 35 evaluated, 5 expanded
[t=18.9155s, 399944 KB] New best heuristic value for operatorcounting(constraint_generators=[pho_constraints(patterns=systematic(4))],use_integer_operator_counts=false,transform=adapt_costs(cost_type=normal)): 2510408
[t=18.9155s, 399944 KB] g=243779, 46 evaluated, 6 expanded
[t=20.0681s, 399944 KB] New best heuristic value for operatorcounting(constraint_generators=[pho_constraints(patterns=systematic(4))],use_integer_operator_counts=false,transform=adapt_costs(cost_type=normal)): 2431489
[t=20.0681s, 399944 KB] g=322698, 58 evaluated, 7 expanded
[t=21.3163s, 399944 KB] New best heuristic value for operatorcounting(constraint_generators=[pho_constraints(patterns=systematic(4))],use_integer_operator_counts=false,transform=adapt_costs(cost_type=normal)): 2428238
[t=21.3163s, 399944 KB] g=325949, 69 evaluated, 8 expanded
[t=22.5888s, 399944 KB] New best heuristic value for operatorcounting(constraint_generators=[pho_constraints(patterns=systematic(4))],use_integer_operator_counts=false,transform=adapt_costs(cost_type=normal)): 2426739
[t=22.5888s, 399944 KB] g=327448, 80 evaluated, 9 expanded
[t=23.7336s, 399944 KB] New best heuristic value for operatorcounting(constraint_generators=[pho_constraints(patterns=systematic(4))],use_integer_operator_counts=false,transform=adapt_costs(cost_type=normal)): 2426239
[t=23.7336s, 399944 KB] g=328347, 90 evaluated, 10 expanded
[t=24.7621s, 399944 KB] New best heuristic value for operatorcounting(constraint_generators=[pho_constraints(patterns=systematic(4))],use_integer_operator_counts=false,transform=adapt_costs(cost_type=normal)): 2423151
[t=24.7621s, 399944 KB] g=331036, 99 evaluated, 11 expanded
[t=25.936s, 399944 KB] New best heuristic value for operatorcounting(constraint_generators=[pho_constraints(patterns=systematic(4))],use_integer_operator_counts=false,transform=adapt_costs(cost_type=normal)): 2412261
[t=25.936s, 399944 KB] g=341926, 110 evaluated, 12 expanded
[t=27.0059s, 399944 KB] New best heuristic value for operatorcounting(constraint_generators=[pho_constraints(patterns=systematic(4))],use_integer_operator_counts=false,transform=adapt_costs(cost_type=normal)): 2394809
[t=27.0059s, 399944 KB] g=359378, 119 evaluated, 13 expanded
[t=28.19s, 399944 KB] New best heuristic value for operatorcounting(constraint_generators=[pho_constraints(patterns=systematic(4))],use_integer_operator_counts=false,transform=adapt_costs(cost_type=normal)): 2182960
[t=28.19s, 399944 KB] g=571227, 130 evaluated, 14 expanded
[t=29.2625s, 399944 KB] New best heuristic value for operatorcounting(constraint_generators=[pho_constraints(patterns=systematic(4))],use_integer_operator_counts=false,transform=adapt_costs(cost_type=normal)): 2104041
[t=29.2625s, 399944 KB] g=650146, 140 evaluated, 15 expanded
[t=30.4295s, 399944 KB] New best heuristic value for operatorcounting(constraint_generators=[pho_constraints(patterns=systematic(4))],use_integer_operator_counts=false,transform=adapt_costs(cost_type=normal)): 2100790
[t=30.4295s, 399944 KB] g=653397, 150 evaluated, 16 expanded
[t=31.6116s, 399944 KB] New best heuristic value for operatorcounting(constraint_generators=[pho_constraints(patterns=systematic(4))],use_integer_operator_counts=false,transform=adapt_costs(cost_type=normal)): 2099291
[t=31.6116s, 399944 KB] g=654896, 160 evaluated, 17 expanded
[t=32.7018s, 399944 KB] New best heuristic value for operatorcounting(constraint_generators=[pho_constraints(patterns=systematic(4))],use_integer_operator_counts=false,transform=adapt_costs(cost_type=normal)): 2098791
[t=32.7018s, 399944 KB] g=655795, 169 evaluated, 18 expanded
[t=33.6432s, 399944 KB] New best heuristic value for operatorcounting(constraint_generators=[pho_constraints(patterns=systematic(4))],use_integer_operator_counts=false,transform=adapt_costs(cost_type=normal)): 2095703
[t=33.6432s, 399944 KB] g=658484, 177 evaluated, 19 expanded
[t=34.7098s, 399944 KB] New best heuristic value for operatorcounting(constraint_generators=[pho_constraints(patterns=systematic(4))],use_integer_operator_counts=false,transform=adapt_costs(cost_type=normal)): 2083898
[t=34.7098s, 399944 KB] g=670289, 186 evaluated, 20 expanded
[t=35.8031s, 399944 KB] New best heuristic value for operatorcounting(constraint_generators=[pho_constraints(patterns=systematic(4))],use_integer_operator_counts=false,transform=adapt_costs(cost_type=normal)): 1960149
[t=35.8031s, 399944 KB] g=794038, 196 evaluated, 21 expanded
[t=36.7444s, 399944 KB] New best heuristic value for operatorcounting(constraint_generators=[pho_constraints(patterns=systematic(4))],use_integer_operator_counts=false,transform=adapt_costs(cost_type=normal)): 1932440
[t=36.7444s, 399944 KB] g=821747, 204 evaluated, 22 expanded
[t=37.7892s, 399944 KB] New best heuristic value for operatorcounting(constraint_generators=[pho_constraints(patterns=systematic(4))],use_integer_operator_counts=false,transform=adapt_costs(cost_type=normal)): 1921233
[t=37.7892s, 399944 KB] g=832954, 213 evaluated, 23 expanded
[t=38.7437s, 399944 KB] New best heuristic value for operatorcounting(constraint_generators=[pho_constraints(patterns=systematic(4))],use_integer_operator_counts=false,transform=adapt_costs(cost_type=normal)): 1917982
[t=38.7437s, 399944 KB] g=836205, 222 evaluated, 24 expanded
[t=39.8075s, 399944 KB] New best heuristic value for operatorcounting(constraint_generators=[pho_constraints(patterns=systematic(4))],use_integer_operator_counts=false,transform=adapt_costs(cost_type=normal)): 1916483
[t=39.8075s, 399944 KB] g=837704, 231 evaluated, 25 expanded
[t=40.7772s, 399944 KB] New best heuristic value for operatorcounting(constraint_generators=[pho_constraints(patterns=systematic(4))],use_integer_operator_counts=false,transform=adapt_costs(cost_type=normal)): 1915983
[t=40.7772s, 399944 KB] g=838603, 239 evaluated, 26 expanded
[t=41.6066s, 399944 KB] New best heuristic value for operatorcounting(constraint_generators=[pho_constraints(patterns=systematic(4))],use_integer_operator_counts=false,transform=adapt_costs(cost_type=normal)): 1912895
[t=41.6066s, 399944 KB] g=841292, 246 evaluated, 27 expanded
[t=42.5587s, 399944 KB] New best heuristic value for operatorcounting(constraint_generators=[pho_constraints(patterns=systematic(4))],use_integer_operator_counts=false,transform=adapt_costs(cost_type=normal)): 1901090
[t=42.5587s, 399944 KB] g=853097, 254 evaluated, 28 expanded
[t=43.5172s, 399944 KB] New best heuristic value for operatorcounting(constraint_generators=[pho_constraints(patterns=systematic(4))],use_integer_operator_counts=false,transform=adapt_costs(cost_type=normal)): 1777341
[t=43.5172s, 399944 KB] g=976846, 263 evaluated, 29 expanded
[t=44.3748s, 399944 KB] New best heuristic value for operatorcounting(constraint_generators=[pho_constraints(patterns=systematic(4))],use_integer_operator_counts=false,transform=adapt_costs(cost_type=normal)): 1749632
[t=44.3748s, 399944 KB] g=1004555, 270 evaluated, 30 expanded
[t=45.3212s, 399944 KB] New best heuristic value for operatorcounting(constraint_generators=[pho_constraints(patterns=systematic(4))],use_integer_operator_counts=false,transform=adapt_costs(cost_type=normal)): 1738425
[t=45.3212s, 399944 KB] g=1015762, 278 evaluated, 31 expanded
[t=46.1701s, 399944 KB] New best heuristic value for operatorcounting(constraint_generators=[pho_constraints(patterns=systematic(4))],use_integer_operator_counts=false,transform=adapt_costs(cost_type=normal)): 1735174
[t=46.1701s, 399944 KB] g=1019013, 286 evaluated, 32 expanded
[t=47.1327s, 399944 KB] New best heuristic value for operatorcounting(constraint_generators=[pho_constraints(patterns=systematic(4))],use_integer_operator_counts=false,transform=adapt_costs(cost_type=normal)): 1733675
[t=47.1327s, 399944 KB] g=1020512, 294 evaluated, 33 expanded
[t=47.966s, 399944 KB] New best heuristic value for operatorcounting(constraint_generators=[pho_constraints(patterns=systematic(4))],use_integer_operator_counts=false,transform=adapt_costs(cost_type=normal)): 1733175
[t=47.966s, 399944 KB] g=1021411, 301 evaluated, 34 expanded
[t=48.7366s, 399944 KB] New best heuristic value for operatorcounting(constraint_generators=[pho_constraints(patterns=systematic(4))],use_integer_operator_counts=false,transform=adapt_costs(cost_type=normal)): 1730087
[t=48.7366s, 399944 KB] g=1024100, 307 evaluated, 35 expanded
[t=49.645s, 399944 KB] New best heuristic value for operatorcounting(constraint_generators=[pho_constraints(patterns=systematic(4))],use_integer_operator_counts=false,transform=adapt_costs(cost_type=normal)): 1718282
[t=49.645s, 399944 KB] g=1035905, 314 evaluated, 36 expanded
[t=50.5668s, 399944 KB] New best heuristic value for operatorcounting(constraint_generators=[pho_constraints(patterns=systematic(4))],use_integer_operator_counts=false,transform=adapt_costs(cost_type=normal)): 1594533
[t=50.5668s, 399944 KB] g=1159654, 322 evaluated, 37 expanded
[t=51.3909s, 399944 KB] New best heuristic value for operatorcounting(constraint_generators=[pho_constraints(patterns=systematic(4))],use_integer_operator_counts=false,transform=adapt_costs(cost_type=normal)): 1566824
[t=51.3909s, 399944 KB] g=1187363, 328 evaluated, 38 expanded
[t=52.289s, 399944 KB] New best heuristic value for operatorcounting(constraint_generators=[pho_constraints(patterns=systematic(4))],use_integer_operator_counts=false,transform=adapt_costs(cost_type=normal)): 1555617
[t=52.289s, 399944 KB] g=1198570, 335 evaluated, 39 expanded
[t=53.091s, 399944 KB] New best heuristic value for operatorcounting(constraint_generators=[pho_constraints(patterns=systematic(4))],use_integer_operator_counts=false,transform=adapt_costs(cost_type=normal)): 1552366
[t=53.091s, 399944 KB] g=1201821, 342 evaluated, 40 expanded
[t=54.0052s, 399944 KB] New best heuristic value for operatorcounting(constraint_generators=[pho_constraints(patterns=systematic(4))],use_integer_operator_counts=false,transform=adapt_costs(cost_type=normal)): 1550867
[t=54.0052s, 399944 KB] g=1203320, 349 evaluated, 41 expanded
[t=54.7902s, 399944 KB] New best heuristic value for operatorcounting(constraint_generators=[pho_constraints(patterns=systematic(4))],use_integer_operator_counts=false,transform=adapt_costs(cost_type=normal)): 1550367
[t=54.7902s, 399944 KB] g=1204219, 355 evaluated, 42 expanded
[t=55.4567s, 399944 KB] New best heuristic value for operatorcounting(constraint_generators=[pho_constraints(patterns=systematic(4))],use_integer_operator_counts=false,transform=adapt_costs(cost_type=normal)): 1547279
[t=55.4567s, 399944 KB] g=1206908, 360 evaluated, 43 expanded
[t=56.2694s, 399944 KB] New best heuristic value for operatorcounting(constraint_generators=[pho_constraints(patterns=systematic(4))],use_integer_operator_counts=false,transform=adapt_costs(cost_type=normal)): 1536389
[t=56.2694s, 399944 KB] g=1217798, 367 evaluated, 44 expanded
[t=56.9316s, 399944 KB] New best heuristic value for operatorcounting(constraint_generators=[pho_constraints(patterns=systematic(4))],use_integer_operator_counts=false,transform=adapt_costs(cost_type=normal)): 1518937
[t=56.9316s, 399944 KB] g=1235250, 372 evaluated, 45 expanded
[t=57.7338s, 399944 KB] New best heuristic value for operatorcounting(constraint_generators=[pho_constraints(patterns=systematic(4))],use_integer_operator_counts=false,transform=adapt_costs(cost_type=normal)): 1307088
[t=57.7338s, 399944 KB] g=1447099, 379 evaluated, 46 expanded
[t=58.38s, 399944 KB] New best heuristic value for operatorcounting(constraint_generators=[pho_constraints(patterns=systematic(4))],use_integer_operator_counts=false,transform=adapt_costs(cost_type=normal)): 1228169
[t=58.38s, 399944 KB] g=1526018, 385 evaluated, 47 expanded
[t=59.1746s, 399944 KB] New best heuristic value for operatorcounting(constraint_generators=[pho_constraints(patterns=systematic(4))],use_integer_operator_counts=false,transform=adapt_costs(cost_type=normal)): 1224918
[t=59.1746s, 399944 KB] g=1529269, 391 evaluated, 48 expanded
[t=59.9723s, 399944 KB] New best heuristic value for operatorcounting(constraint_generators=[pho_constraints(patterns=systematic(4))],use_integer_operator_counts=false,transform=adapt_costs(cost_type=normal)): 1223419
[t=59.9723s, 399944 KB] g=1530768, 397 evaluated, 49 expanded
[t=60.6372s, 399944 KB] New best heuristic value for operatorcounting(constraint_generators=[pho_constraints(patterns=systematic(4))],use_integer_operator_counts=false,transform=adapt_costs(cost_type=normal)): 1222919
[t=60.6372s, 399944 KB] g=1531667, 402 evaluated, 50 expanded
[t=61.1707s, 399944 KB] New best heuristic value for operatorcounting(constraint_generators=[pho_constraints(patterns=systematic(4))],use_integer_operator_counts=false,transform=adapt_costs(cost_type=normal)): 1219831
[t=61.1707s, 399944 KB] g=1534356, 406 evaluated, 51 expanded
[t=61.832s, 399944 KB] New best heuristic value for operatorcounting(constraint_generators=[pho_constraints(patterns=systematic(4))],use_integer_operator_counts=false,transform=adapt_costs(cost_type=normal)): 1208026
[t=61.832s, 399944 KB] g=1546161, 411 evaluated, 52 expanded
[t=62.4778s, 399944 KB] New best heuristic value for operatorcounting(constraint_generators=[pho_constraints(patterns=systematic(4))],use_integer_operator_counts=false,transform=adapt_costs(cost_type=normal)): 1084277
[t=62.4778s, 399944 KB] g=1669910, 417 evaluated, 53 expanded
[t=63.012s, 399944 KB] New best heuristic value for operatorcounting(constraint_generators=[pho_constraints(patterns=systematic(4))],use_integer_operator_counts=false,transform=adapt_costs(cost_type=normal)): 1056568
[t=63.012s, 399944 KB] g=1697619, 421 evaluated, 54 expanded
[t=63.626s, 399944 KB] New best heuristic value for operatorcounting(constraint_generators=[pho_constraints(patterns=systematic(4))],use_integer_operator_counts=false,transform=adapt_costs(cost_type=normal)): 1045361
[t=63.626s, 399944 KB] g=1708826, 426 evaluated, 55 expanded
[t=64.1653s, 399944 KB] New best heuristic value for operatorcounting(constraint_generators=[pho_constraints(patterns=systematic(4))],use_integer_operator_counts=false,transform=adapt_costs(cost_type=normal)): 1042110
[t=64.1653s, 399944 KB] g=1712077, 431 evaluated, 56 expanded
[t=64.8162s, 399944 KB] New best heuristic value for operatorcounting(constraint_generators=[pho_constraints(patterns=systematic(4))],use_integer_operator_counts=false,transform=adapt_costs(cost_type=normal)): 1040611
[t=64.8162s, 399944 KB] g=1713576, 436 evaluated, 57 expanded
[t=65.3146s, 399944 KB] New best heuristic value for operatorcounting(constraint_generators=[pho_constraints(patterns=systematic(4))],use_integer_operator_counts=false,transform=adapt_costs(cost_type=normal)): 1040111
[t=65.3146s, 399944 KB] g=1714475, 440 evaluated, 58 expanded
[t=65.721s, 399944 KB] New best heuristic value for operatorcounting(constraint_generators=[pho_constraints(patterns=systematic(4))],use_integer_operator_counts=false,transform=adapt_costs(cost_type=normal)): 1037023
[t=65.721s, 399944 KB] g=1717164, 443 evaluated, 59 expanded
[t=66.2353s, 399944 KB] New best heuristic value for operatorcounting(constraint_generators=[pho_constraints(patterns=systematic(4))],use_integer_operator_counts=false,transform=adapt_costs(cost_type=normal)): 1026133
[t=66.2353s, 399944 KB] g=1728054, 448 evaluated, 60 expanded
[t=66.6541s, 399944 KB] New best heuristic value for operatorcounting(constraint_generators=[pho_constraints(patterns=systematic(4))],use_integer_operator_counts=false,transform=adapt_costs(cost_type=normal)): 1008681
[t=66.6541s, 399944 KB] g=1745506, 451 evaluated, 61 expanded
[t=67.1254s, 399944 KB] New best heuristic value for operatorcounting(constraint_generators=[pho_constraints(patterns=systematic(4))],use_integer_operator_counts=false,transform=adapt_costs(cost_type=normal)): 796832
[t=67.1254s, 399944 KB] g=1957355, 456 evaluated, 62 expanded
[t=67.5246s, 399944 KB] New best heuristic value for operatorcounting(constraint_generators=[pho_constraints(patterns=systematic(4))],use_integer_operator_counts=false,transform=adapt_costs(cost_type=normal)): 717913
[t=67.5246s, 399944 KB] g=2036274, 460 evaluated, 63 expanded
[t=68.0105s, 399944 KB] New best heuristic value for operatorcounting(constraint_generators=[pho_constraints(patterns=systematic(4))],use_integer_operator_counts=false,transform=adapt_costs(cost_type=normal)): 714345
[t=68.0105s, 399944 KB] g=2039842, 465 evaluated, 64 expanded
[t=68.4178s, 399944 KB] New best heuristic value for operatorcounting(constraint_generators=[pho_constraints(patterns=systematic(4))],use_integer_operator_counts=false,transform=adapt_costs(cost_type=normal)): 703476
[t=68.4178s, 399944 KB] g=2050711, 468 evaluated, 65 expanded
[t=68.8006s, 399944 KB] New best heuristic value for operatorcounting(constraint_generators=[pho_constraints(patterns=systematic(4))],use_integer_operator_counts=false,transform=adapt_costs(cost_type=normal)): 692607
[t=68.8006s, 399944 KB] g=2061580, 471 evaluated, 66 expanded
[t=69.188s, 399944 KB] New best heuristic value for operatorcounting(constraint_generators=[pho_constraints(patterns=systematic(4))],use_integer_operator_counts=false,transform=adapt_costs(cost_type=normal)): 689476
[t=69.188s, 399944 KB] g=2064711, 474 evaluated, 67 expanded
[t=69.7351s, 399944 KB] New best heuristic value for operatorcounting(constraint_generators=[pho_constraints(patterns=systematic(4))],use_integer_operator_counts=false,transform=adapt_costs(cost_type=normal)): 678586
[t=69.7351s, 399944 KB] g=2075601, 478 evaluated, 68 expanded
[t=70.1141s, 399944 KB] New best heuristic value for operatorcounting(constraint_generators=[pho_constraints(patterns=systematic(4))],use_integer_operator_counts=false,transform=adapt_costs(cost_type=normal)): 661134
[t=70.1141s, 399944 KB] g=2093053, 482 evaluated, 69 expanded
[t=70.4975s, 399944 KB] New best heuristic value for operatorcounting(constraint_generators=[pho_constraints(patterns=systematic(4))],use_integer_operator_counts=false,transform=adapt_costs(cost_type=normal)): 449285
[t=70.4975s, 399944 KB] g=2304902, 486 evaluated, 70 expanded
[t=70.8481s, 399944 KB] New best heuristic value for operatorcounting(constraint_generators=[pho_constraints(patterns=systematic(4))],use_integer_operator_counts=false,transform=adapt_costs(cost_type=normal)): 370366
[t=70.8481s, 399944 KB] g=2383821, 490 evaluated, 71 expanded
[t=71.3752s, 399944 KB] New best heuristic value for operatorcounting(constraint_generators=[pho_constraints(patterns=systematic(4))],use_integer_operator_counts=false,transform=adapt_costs(cost_type=normal)): 367115
[t=71.3752s, 399944 KB] g=2387072, 494 evaluated, 72 expanded
[t=71.8624s, 399944 KB] New best heuristic value for operatorcounting(constraint_generators=[pho_constraints(patterns=systematic(4))],use_integer_operator_counts=false,transform=adapt_costs(cost_type=normal)): 365616
[t=71.8624s, 399944 KB] g=2388571, 498 evaluated, 73 expanded
[t=72.2936s, 399944 KB] New best heuristic value for operatorcounting(constraint_generators=[pho_constraints(patterns=systematic(4))],use_integer_operator_counts=false,transform=adapt_costs(cost_type=normal)): 365116
[t=72.2936s, 399944 KB] g=2389470, 501 evaluated, 74 expanded
[t=72.5532s, 399944 KB] New best heuristic value for operatorcounting(constraint_generators=[pho_constraints(patterns=systematic(4))],use_integer_operator_counts=false,transform=adapt_costs(cost_type=normal)): 362028
[t=72.5532s, 399944 KB] g=2392159, 503 evaluated, 75 expanded
[t=72.9319s, 399944 KB] New best heuristic value for operatorcounting(constraint_generators=[pho_constraints(patterns=systematic(4))],use_integer_operator_counts=false,transform=adapt_costs(cost_type=normal)): 350223
[t=72.9319s, 399944 KB] g=2403964, 506 evaluated, 76 expanded
[t=73.3342s, 399944 KB] New best heuristic value for operatorcounting(constraint_generators=[pho_constraints(patterns=systematic(4))],use_integer_operator_counts=false,transform=adapt_costs(cost_type=normal)): 226474
[t=73.3342s, 399944 KB] g=2527713, 510 evaluated, 77 expanded
[t=73.5859s, 399944 KB] New best heuristic value for operatorcounting(constraint_generators=[pho_constraints(patterns=systematic(4))],use_integer_operator_counts=false,transform=adapt_costs(cost_type=normal)): 198765
[t=73.5859s, 399944 KB] g=2555422, 512 evaluated, 78 expanded
[t=73.9812s, 399944 KB] New best heuristic value for operatorcounting(constraint_generators=[pho_constraints(patterns=systematic(4))],use_integer_operator_counts=false,transform=adapt_costs(cost_type=normal)): 187558
[t=73.9812s, 399944 KB] g=2566629, 515 evaluated, 79 expanded
[t=74.2369s, 399944 KB] New best heuristic value for operatorcounting(constraint_generators=[pho_constraints(patterns=systematic(4))],use_integer_operator_counts=false,transform=adapt_costs(cost_type=normal)): 184307
[t=74.2369s, 399944 KB] g=2569880, 518 evaluated, 80 expanded
[t=74.6228s, 399944 KB] New best heuristic value for operatorcounting(constraint_generators=[pho_constraints(patterns=systematic(4))],use_integer_operator_counts=false,transform=adapt_costs(cost_type=normal)): 182808
[t=74.6228s, 399944 KB] g=2571379, 521 evaluated, 81 expanded
[t=74.8984s, 399944 KB] New best heuristic value for operatorcounting(constraint_generators=[pho_constraints(patterns=systematic(4))],use_integer_operator_counts=false,transform=adapt_costs(cost_type=normal)): 182308
[t=74.8984s, 399944 KB] g=2572278, 523 evaluated, 82 expanded
[t=75.0341s, 399944 KB] New best heuristic value for operatorcounting(constraint_generators=[pho_constraints(patterns=systematic(4))],use_integer_operator_counts=false,transform=adapt_costs(cost_type=normal)): 179220
[t=75.0341s, 399944 KB] g=2574967, 524 evaluated, 83 expanded
[t=75.2857s, 399944 KB] New best heuristic value for operatorcounting(constraint_generators=[pho_constraints(patterns=systematic(4))],use_integer_operator_counts=false,transform=adapt_costs(cost_type=normal)): 167415
[t=75.2857s, 399944 KB] g=2586772, 526 evaluated, 84 expanded
[t=75.5493s, 399944 KB] New best heuristic value for operatorcounting(constraint_generators=[pho_constraints(patterns=systematic(4))],use_integer_operator_counts=false,transform=adapt_costs(cost_type=normal)): 43666
[t=75.5493s, 399944 KB] g=2710521, 528 evaluated, 85 expanded
[t=75.6802s, 399944 KB] New best heuristic value for operatorcounting(constraint_generators=[pho_constraints(patterns=systematic(4))],use_integer_operator_counts=false,transform=adapt_costs(cost_type=normal)): 15957
[t=75.6802s, 399944 KB] g=2738230, 530 evaluated, 86 expanded
[t=75.9399s, 399944 KB] New best heuristic value for operatorcounting(constraint_generators=[pho_constraints(patterns=systematic(4))],use_integer_operator_counts=false,transform=adapt_costs(cost_type=normal)): 4750
[t=75.9399s, 399944 KB] g=2749437, 532 evaluated, 87 expanded
[t=76.0631s, 399944 KB] New best heuristic value for operatorcounting(constraint_generators=[pho_constraints(patterns=systematic(4))],use_integer_operator_counts=false,transform=adapt_costs(cost_type=normal)): 1499
[t=76.0631s, 399944 KB] g=2752688, 534 evaluated, 88 expanded
[t=76.3027s, 399944 KB] New best heuristic value for operatorcounting(constraint_generators=[pho_constraints(patterns=systematic(4))],use_integer_operator_counts=false,transform=adapt_costs(cost_type=normal)): 0
[t=76.3027s, 399944 KB] g=2754187, 536 evaluated, 89 expanded
[t=76.3027s, 399944 KB] Solution found!
[t=76.3027s, 399944 KB] Actual search time: 62.4351s
initialize  (0)
fe1-feedmsi-letter sheet1 (500)
im1-movelower-letter sheet1 (3088)
lc1-fmove-letter sheet1 (10890)
lc2-divert-letter sheet1 back front (17452)
lre-simplex-letter sheet1 front image-1 (211849)
lc2-mergeinvert-letter sheet1 (78919)
om-lowerout-letter sheet1 (3251)
sys-stack-letter sheet1 dummy-sheet (1499)
fe1-feedmsi-letter sheet2 (500)
im1-movelower-letter sheet2 (3088)
lc1-fmove-letter sheet2 (10890)
lc2-divert-letter sheet2 back front (17452)
lre-simplex-letter sheet2 front image-2 (211849)
lc2-mergeinvert-letter sheet2 (78919)
om-lowerout-letter sheet2 (3251)
sys-stack-letter sheet2 sheet1 (1499)
fe1-feedmsi-letter sheet3 (500)
im1-movelower-letter sheet3 (3088)
lc1-divert-letter sheet3 back front (11805)
lbe-simplex-letter sheet3 front image-3 (123749)
lc1-merge-letter sheet3 (27709)
lc2-fmove-letter sheet3 (11207)
om-lowerout-letter sheet3 (3251)
sys-stack-letter sheet3 sheet2 (1499)
fe1-feedmsi-letter sheet4 (500)
im1-movelower-letter sheet4 (3088)
lc1-divert-letter sheet4 back front (11805)
lbe-simplex-letter sheet4 front image-4 (123749)
lc1-merge-letter sheet4 (27709)
lc2-fmove-letter sheet4 (11207)
om-lowerout-letter sheet4 (3251)
sys-stack-letter sheet4 sheet3 (1499)
fe1-feedmsi-letter sheet5 (500)
im1-movelower-letter sheet5 (3088)
lc1-divert-letter sheet5 back front (11805)
lbe-simplex-letter sheet5 front image-5 (123749)
lc1-merge-letter sheet5 (27709)
lc2-fmove-letter sheet5 (11207)
om-lowerout-letter sheet5 (3251)
sys-stack-letter sheet5 sheet4 (1499)
fe1-feedmsi-letter sheet6 (500)
im1-movelower-letter sheet6 (3088)
lc1-fmove-letter sheet6 (10890)
lc2-divert-letter sheet6 back front (17452)
lre-simplex-letter sheet6 front image-6 (211849)
lc2-mergeinvert-letter sheet6 (78919)
om-lowerout-letter sheet6 (3251)
sys-stack-letter sheet6 sheet5 (1499)
fe1-feedmsi-letter sheet7 (500)
im1-movelower-letter sheet7 (3088)
lc1-divert-letter sheet7 back front (11805)
lbe-simplex-letter sheet7 front image-7 (123749)
lc1-merge-letter sheet7 (27709)
lc2-fmove-letter sheet7 (11207)
om-lowerout-letter sheet7 (3251)
sys-stack-letter sheet7 sheet6 (1499)
fe1-feedmsi-letter sheet8 (500)
im1-movelower-letter sheet8 (3088)
lc1-fmove-letter sheet8 (10890)
lc2-divert-letter sheet8 back front (17452)
lre-simplex-letter sheet8 front image-8 (211849)
lc2-mergeinvert-letter sheet8 (78919)
om-lowerreturn-letter sheet8 (3568)
rh2-returnmove-letter sheet8 (10869)
rh1-returnmove-letter sheet8 (10869)
im1-looplower-letter sheet8 (3131)
lc1-fmove-letter sheet8 (10890)
lc2-divert-letter sheet8 front back (17452)
lre-simplex-letter sheet8 back image-8b (211849)
lc2-merge-letter sheet8 back front (78919)
om-lowerout-letter sheet8 (3251)
sys-stack-letter sheet8 sheet7 (1499)
fe1-feedmsi-letter sheet9 (500)
im1-movelower-letter sheet9 (3088)
lc1-divert-letter sheet9 back front (11805)
lbe-simplex-letter sheet9 front image-9 (123749)
lc1-merge-letter sheet9 (27709)
lc2-fmove-letter sheet9 (11207)
om-lowerout-letter sheet9 (3251)
sys-stack-letter sheet9 sheet8 (1499)
fe1-feedmsi-letter sheet10 (500)
im1-movelower-letter sheet10 (3088)
lc1-divert-letter sheet10 back front (11805)
lbe-simplex-letter sheet10 front image-10 (123749)
lc1-merge-letter sheet10 (27709)
lc2-fmove-letter sheet10 (11207)
om-lowerout-letter sheet10 (3251)
sys-stack-letter sheet10 sheet9 (1499)
[t=76.3027s, 399944 KB] Plan length: 89 step(s).
[t=76.3027s, 399944 KB] Plan cost: 2754187
[t=76.3027s, 399944 KB] Expanded 90 state(s).
[t=76.3027s, 399944 KB] Reopened 0 state(s).
[t=76.3027s, 399944 KB] Evaluated 536 state(s).
[t=76.3027s, 399944 KB] Evaluations: 536
[t=76.3027s, 399944 KB] Generated 986 state(s).
[t=76.3027s, 399944 KB] Dead ends: 28 state(s).
[t=76.3027s, 399944 KB] Number of registered states: 536
[t=76.3027s, 399944 KB] Int hash set load factor: 536/1024 = 0.523438
[t=76.3027s, 399944 KB] Int hash set resizes: 10
[t=76.3027s, 399944 KB] Search time: 62.8346s
[t=76.3027s, 399944 KB] Total time: 76.3027s
Solution found.
Peak memory: 399944 KB
Remove intermediate file output.sas
search exit code: 0

INFO     Running validate.
INFO     validate stdin: None
INFO     validate time limit: None
INFO     validate memory limit: None
INFO     validate command line string: /home/henry/bin/validate domain.pddl problem.pddl sas_plan
Checking plan: sas_plan
Plan executed successfully - checking goal
Plan valid
Final value: 2754187 

Successful plans:
Value: 2754187
 sas_plan 2754187 

validate exit code: 0

INFO     Planner time: 76.60s
