INFO     planner time limit: 1800s
INFO     planner memory limit: 2048 MB

INFO     Running translator.
INFO     translator stdin: None
INFO     translator time limit: 1799s
INFO     translator memory limit: 2048 MB
INFO     translator command line string: /home/henry/Documents/UFRGS/TCC/downward/.venv/bin/python /home/henry/Documents/UFRGS/TCC/downward/experiments/lab/data/main/code-fa850d1cb8d716322f299a4f9b64478019793ada_e5e41175/builds/release/bin/translate/translate.py domain.pddl problem.pddl --sas-file output.sas
Parsing...
Parsing: [0.000s CPU, 0.008s wall-clock]
Normalizing task... [0.000s CPU, 0.001s wall-clock]
Instantiating...
Generating Datalog program... [0.010s CPU, 0.001s wall-clock]
Normalizing Datalog program...
Normalizing Datalog program: [0.000s CPU, 0.002s wall-clock]
Preparing model... [0.000s CPU, 0.002s wall-clock]
Generated 311 rules.
Computing model... [0.000s CPU, 0.001s wall-clock]
153 relevant atoms
0 auxiliary atoms
153 final queue length
323 total queue pushes
Completing instantiation... [0.000s CPU, 0.002s wall-clock]
Instantiating: [0.010s CPU, 0.007s wall-clock]
Computing fact groups...
Finding invariants...
37 initial candidates
Finding invariants: [0.300s CPU, 0.302s wall-clock]
Checking invariant weight... [0.000s CPU, 0.000s wall-clock]
Instantiating groups... [0.000s CPU, 0.000s wall-clock]
Collecting mutex groups... [0.000s CPU, 0.000s wall-clock]
Choosing groups...
10 uncovered facts
Choosing groups: [0.010s CPU, 0.000s wall-clock]
Building translation key... [0.000s CPU, 0.000s wall-clock]
Computing fact groups: [0.310s CPU, 0.303s wall-clock]
Building STRIPS to SAS dictionary... [0.000s CPU, 0.000s wall-clock]
Building dictionary for full mutex groups... [0.000s CPU, 0.000s wall-clock]
Building mutex information...
Building mutex information: [0.000s CPU, 0.000s wall-clock]
Translating task...
Processing axioms...
Simplifying axioms... [0.000s CPU, 0.000s wall-clock]
Translator axioms removed by simplifying: 0
Computing negative axioms... [0.000s CPU, 0.000s wall-clock]
Processing axioms: [0.000s CPU, 0.000s wall-clock]
Translating task: [0.000s CPU, 0.003s wall-clock]
30 effect conditions simplified
0 implied preconditions added
Detecting unreachable propositions...
0 operators removed
0 axioms removed
7 propositions removed
Detecting unreachable propositions: [0.000s CPU, 0.001s wall-clock]
Reordering and filtering variables...
17 of 17 variables necessary.
0 of 12 mutex groups necessary.
115 of 115 operators necessary.
0 of 0 axiom rules necessary.
Reordering and filtering variables: [0.000s CPU, 0.001s wall-clock]
Translator variables: 17
Translator derived variables: 0
Translator facts: 47
Translator goal facts: 5
Translator mutex groups: 0
Translator total mutex groups size: 0
Translator operators: 115
Translator axioms: 0
Translator task size: 774
Translator peak memory: 34164 KB
Writing output... [0.000s CPU, 0.001s wall-clock]
Done! [0.320s CPU, 0.325s wall-clock]
translate exit code: 0

INFO     Running search (release).
INFO     search stdin: output.sas
INFO     search time limit: 1799s
INFO     search memory limit: 2048 MB
INFO     search command line string: /home/henry/Documents/UFRGS/TCC/downward/experiments/lab/data/main/code-fa850d1cb8d716322f299a4f9b64478019793ada_e5e41175/builds/release/bin/downward --search 'eager_greedy([operatorcounting(constraint_generators=[pho_constraints(patterns=systematic(4))], use_integer_operator_counts=true, transform=adapt_costs(cost_type=NORMAL))])' --internal-plan-file sas_plan < output.sas
[t=0s, 45596 KB] reading input...
[t=0s, 45596 KB] done reading input!
[t=0.00344259s, 45860 KB] Generating patterns using: systematic pattern collection generator
[t=0.00344259s, 45860 KB] building causal graph...done! [t=0s]
[t=0.00344259s, 46000 KB] Found 310 SGA patterns.
[t=0.00344259s, 46000 KB] Found 310 interesting patterns.
[t=0.00344259s, 46000 KB] systematic pattern collection generator number of patterns: 310
[t=0.00344259s, 46000 KB] systematic pattern collection generator total PDB size: 26235
[t=0.00344259s, 46000 KB] systematic pattern collection generator computation time: 0s
[t=0.00344259s, 46000 KB] Computing PDBs for pattern collection...
[t=0.0234228s, 46000 KB] Done computing PDBs for pattern collection: 0.0199802s
[t=0.0234228s, 46908 KB] Building successor generator...done!
[t=0.0234228s, 46908 KB] peak memory difference for successor generator creation: 0 KB
[t=0.0234228s, 46908 KB] time for successor generation creation: 0s
[t=0.0234228s, 46908 KB] Variables: 17
[t=0.0234228s, 46908 KB] FactPairs: 47
[t=0.0234228s, 46908 KB] Bytes per state: 4
[t=0.0234228s, 46908 KB] Conducting best first search without reopening closed nodes, (real) bound = 2147483647
[t=0.0274283s, 48068 KB] New best heuristic value for operatorcounting(constraint_generators=[pho_constraints(patterns=systematic(4))],use_integer_operator_counts=true,transform=adapt_costs(cost_type=normal)): 15
[t=0.0274283s, 48068 KB] g=0, 1 evaluated, 0 expanded
[t=0.0274283s, 48068 KB] Initial heuristic value for operatorcounting(constraint_generators=[pho_constraints(patterns=systematic(4))],use_integer_operator_counts=true,transform=adapt_costs(cost_type=normal)): 15
[t=0.0274283s, 48068 KB] pruning method: none
[t=0.0554077s, 48212 KB] New best heuristic value for operatorcounting(constraint_generators=[pho_constraints(patterns=systematic(4))],use_integer_operator_counts=true,transform=adapt_costs(cost_type=normal)): 14
[t=0.0554077s, 48212 KB] g=2, 14 evaluated, 7 expanded
[t=0.155346s, 48800 KB] New best heuristic value for operatorcounting(constraint_generators=[pho_constraints(patterns=systematic(4))],use_integer_operator_counts=true,transform=adapt_costs(cost_type=normal)): 13
[t=0.155346s, 48800 KB] g=4, 55 evaluated, 18 expanded
[t=0.235304s, 48816 KB] New best heuristic value for operatorcounting(constraint_generators=[pho_constraints(patterns=systematic(4))],use_integer_operator_counts=true,transform=adapt_costs(cost_type=normal)): 12
[t=0.235304s, 48816 KB] g=6, 89 evaluated, 28 expanded
[t=0.291264s, 48876 KB] New best heuristic value for operatorcounting(constraint_generators=[pho_constraints(patterns=systematic(4))],use_integer_operator_counts=true,transform=adapt_costs(cost_type=normal)): 11
[t=0.291264s, 48876 KB] g=8, 111 evaluated, 32 expanded
[t=0.315257s, 48876 KB] New best heuristic value for operatorcounting(constraint_generators=[pho_constraints(patterns=systematic(4))],use_integer_operator_counts=true,transform=adapt_costs(cost_type=normal)): 10
[t=0.319248s, 48876 KB] g=10, 122 evaluated, 34 expanded
[t=0.359226s, 48876 KB] New best heuristic value for operatorcounting(constraint_generators=[pho_constraints(patterns=systematic(4))],use_integer_operator_counts=true,transform=adapt_costs(cost_type=normal)): 9
[t=0.359226s, 48876 KB] g=12, 139 evaluated, 37 expanded
[t=0.45118s, 48916 KB] New best heuristic value for operatorcounting(constraint_generators=[pho_constraints(patterns=systematic(4))],use_integer_operator_counts=true,transform=adapt_costs(cost_type=normal)): 8
[t=0.45118s, 48916 KB] g=15, 176 evaluated, 46 expanded
[t=0.467164s, 48984 KB] New best heuristic value for operatorcounting(constraint_generators=[pho_constraints(patterns=systematic(4))],use_integer_operator_counts=true,transform=adapt_costs(cost_type=normal)): 7
[t=0.467164s, 48984 KB] g=16, 183 evaluated, 47 expanded
[t=0.475168s, 48984 KB] New best heuristic value for operatorcounting(constraint_generators=[pho_constraints(patterns=systematic(4))],use_integer_operator_counts=true,transform=adapt_costs(cost_type=normal)): 6
[t=0.475168s, 48984 KB] g=17, 186 evaluated, 48 expanded
[t=0.507151s, 48984 KB] New best heuristic value for operatorcounting(constraint_generators=[pho_constraints(patterns=systematic(4))],use_integer_operator_counts=true,transform=adapt_costs(cost_type=normal)): 5
[t=0.507151s, 48984 KB] g=20, 198 evaluated, 54 expanded
[t=0.515142s, 48984 KB] New best heuristic value for operatorcounting(constraint_generators=[pho_constraints(patterns=systematic(4))],use_integer_operator_counts=true,transform=adapt_costs(cost_type=normal)): 4
[t=0.515142s, 48984 KB] g=21, 202 evaluated, 55 expanded
[t=0.523137s, 48984 KB] New best heuristic value for operatorcounting(constraint_generators=[pho_constraints(patterns=systematic(4))],use_integer_operator_counts=true,transform=adapt_costs(cost_type=normal)): 3
[t=0.523137s, 48984 KB] g=22, 205 evaluated, 56 expanded
[t=0.527137s, 48984 KB] New best heuristic value for operatorcounting(constraint_generators=[pho_constraints(patterns=systematic(4))],use_integer_operator_counts=true,transform=adapt_costs(cost_type=normal)): 2
[t=0.527137s, 48984 KB] g=23, 208 evaluated, 57 expanded
[t=0.53114s, 48984 KB] New best heuristic value for operatorcounting(constraint_generators=[pho_constraints(patterns=systematic(4))],use_integer_operator_counts=true,transform=adapt_costs(cost_type=normal)): 1
[t=0.53114s, 48984 KB] g=24, 209 evaluated, 58 expanded
[t=0.535131s, 49000 KB] New best heuristic value for operatorcounting(constraint_generators=[pho_constraints(patterns=systematic(4))],use_integer_operator_counts=true,transform=adapt_costs(cost_type=normal)): 0
[t=0.535131s, 49000 KB] g=25, 212 evaluated, 59 expanded
[t=0.535131s, 49000 KB] Solution found!
[t=0.535131s, 49000 KB] Actual search time: 0.507703s
open-new-stack-n0-n1  (1)
start-order-o1-n1-n0  (1)
open-new-stack-n0-n1  (1)
start-order-o2-n1-n0  (1)
open-new-stack-n0-n1  (1)
start-order-o3-n1-n0  (1)
setup-machine-p1-n0  (1)
make-product-p1-n0  (1)
open-new-stack-n0-n1  (1)
start-order-o4-n1-n0  (1)
open-new-stack-n0-n1  (1)
start-order-o5-n1-n0  (1)
setup-machine-p5-n0  (1)
make-product-p5-n0  (1)
ship-order-o3-n0-n1  (1)
setup-machine-p4-n1  (1)
make-product-p4-n1  (1)
setup-machine-p2-n1  (1)
make-product-p2-n1  (1)
ship-order-o1-n1-n2  (1)
ship-order-o5-n2-n3  (1)
setup-machine-p3-n3  (1)
make-product-p3-n3  (1)
ship-order-o2-n3-n4  (1)
ship-order-o4-n4-n5  (1)
[t=0.535131s, 49000 KB] Plan length: 25 step(s).
[t=0.535131s, 49000 KB] Plan cost: 25
[t=0.535131s, 49000 KB] Expanded 60 state(s).
[t=0.535131s, 49000 KB] Reopened 0 state(s).
[t=0.535131s, 49000 KB] Evaluated 213 state(s).
[t=0.535131s, 49000 KB] Evaluations: 213
[t=0.535131s, 49000 KB] Generated 232 state(s).
[t=0.535131s, 49000 KB] Dead ends: 0 state(s).
[t=0.535131s, 49000 KB] Number of registered states: 213
[t=0.535131s, 49000 KB] Int hash set load factor: 213/256 = 0.832031
[t=0.535131s, 49000 KB] Int hash set resizes: 8
[t=0.535131s, 49000 KB] Search time: 0.511708s
[t=0.535131s, 49000 KB] Total time: 0.535131s
Solution found.
Peak memory: 49000 KB
Remove intermediate file output.sas
search exit code: 0

INFO     Running validate.
INFO     validate stdin: None
INFO     validate time limit: None
INFO     validate memory limit: None
INFO     validate command line string: /home/henry/bin/validate domain.pddl problem.pddl sas_plan
Checking plan: sas_plan
Plan executed successfully - checking goal
Plan valid
Final value: 25 

Successful plans:
Value: 25
 sas_plan 25 

validate exit code: 0

INFO     Planner time: 0.92s
