INFO     planner time limit: 1800s
INFO     planner memory limit: 2048 MB

INFO     Running translator.
INFO     translator stdin: None
INFO     translator time limit: 1799s
INFO     translator memory limit: 2048 MB
INFO     translator command line string: /home/henry/Documents/UFRGS/TCC/downward/.venv/bin/python /home/henry/Documents/UFRGS/TCC/downward/experiments/lab/data/main/code-5bb2ccb6957559b6969ffd7e29254c73f84d5e49_e5e41175/builds/release/bin/translate/translate.py domain.pddl problem.pddl --sas-file output.sas
Parsing...
Parsing: [0.010s CPU, 0.002s wall-clock]
Normalizing task... [0.000s CPU, 0.000s wall-clock]
Instantiating...
Generating Datalog program... [0.000s CPU, 0.001s wall-clock]
Normalizing Datalog program...
Normalizing Datalog program: [0.000s CPU, 0.003s wall-clock]
Preparing model... [0.000s CPU, 0.002s wall-clock]
Generated 115 rules.
Computing model... [0.030s CPU, 0.031s wall-clock]
3094 relevant atoms
3221 auxiliary atoms
6315 final queue length
10878 total queue pushes
Completing instantiation... [0.070s CPU, 0.070s wall-clock]
Instantiating: [0.100s CPU, 0.108s wall-clock]
Computing fact groups...
Finding invariants...
24 initial candidates
Finding invariants: [0.010s CPU, 0.009s wall-clock]
Checking invariant weight... [0.000s CPU, 0.000s wall-clock]
Instantiating groups... [0.000s CPU, 0.000s wall-clock]
Collecting mutex groups... [0.000s CPU, 0.000s wall-clock]
Choosing groups...
328 uncovered facts
Choosing groups: [0.000s CPU, 0.000s wall-clock]
Building translation key... [0.000s CPU, 0.001s wall-clock]
Computing fact groups: [0.010s CPU, 0.011s wall-clock]
Building STRIPS to SAS dictionary... [0.010s CPU, 0.000s wall-clock]
Building dictionary for full mutex groups... [0.000s CPU, 0.000s wall-clock]
Building mutex information...
Building mutex information: [0.000s CPU, 0.000s wall-clock]
Translating task...
Processing axioms...
Simplifying axioms... [0.000s CPU, 0.000s wall-clock]
Translator axioms removed by simplifying: 0
Computing negative axioms... [0.000s CPU, 0.000s wall-clock]
Processing axioms: [0.000s CPU, 0.004s wall-clock]
Translating task: [0.070s CPU, 0.076s wall-clock]
3672 effect conditions simplified
0 implied preconditions added
Detecting unreachable propositions...
0 operators removed
0 axioms removed
3 propositions removed
Detecting unreachable propositions: [0.040s CPU, 0.034s wall-clock]
Reordering and filtering variables...
331 of 331 variables necessary.
15 of 18 mutex groups necessary.
2194 of 2194 operators necessary.
0 of 0 axiom rules necessary.
Reordering and filtering variables: [0.030s CPU, 0.037s wall-clock]
Translator variables: 331
Translator derived variables: 0
Translator facts: 691
Translator goal facts: 13
Translator mutex groups: 15
Translator total mutex groups size: 45
Translator operators: 2194
Translator axioms: 0
Translator task size: 21018
Translator peak memory: 44796 KB
Writing output... [0.010s CPU, 0.015s wall-clock]
Done! [0.290s CPU, 0.290s wall-clock]
translate exit code: 0

INFO     Running search (release).
INFO     search stdin: output.sas
INFO     search time limit: 1799s
INFO     search memory limit: 2048 MB
INFO     search command line string: /home/henry/Documents/UFRGS/TCC/downward/experiments/lab/data/main/code-5bb2ccb6957559b6969ffd7e29254c73f84d5e49_e5e41175/builds/release/bin/downward --search 'eager_greedy([lsh(patterns=systematic(4), transform=adapt_costs(cost_type=NORMAL))])' --internal-plan-file sas_plan < output.sas
[t=0s, 10544 KB] reading input...
[t=0.00800558s, 11412 KB] done reading input!
[t=0.011991s, 11808 KB] Generating patterns using: systematic pattern collection generator
[t=0.011991s, 11808 KB] building causal graph...done! [t=0s]
[t=0.139876s, 41572 KB] Found 119732 SGA patterns.
[t=1.5506s, 48908 KB] Found 132266 interesting patterns.
[t=1.63452s, 48908 KB] systematic pattern collection generator number of patterns: 132266
[t=1.64647s, 48908 KB] systematic pattern collection generator total PDB size: 4969724
[t=1.65047s, 48908 KB] systematic pattern collection generator computation time: 1.62252s
[t=1.65448s, 48908 KB] Computing PDBs for pattern collection...
[t=71.6999s, 80836 KB] Done computing PDBs for pattern collection: 70.0455s
[t=79.4156s, 1535856 KB] Building successor generator...done!
[t=79.4196s, 1535856 KB] peak memory difference for successor generator creation: 0 KB
[t=79.4196s, 1535856 KB] time for successor generation creation: 0.00399354s
[t=79.4196s, 1535856 KB] Variables: 331
[t=79.4196s, 1535856 KB] FactPairs: 691
[t=79.4196s, 1535856 KB] Bytes per state: 44
[t=79.4196s, 1535856 KB] Conducting best first search without reopening closed nodes, (real) bound = 2147483647
[t=79.4276s, 1535856 KB] New best heuristic value for lsh(patterns=systematic(4),transform=adapt_costs(cost_type=normal)): 53
[t=79.4276s, 1535856 KB] g=0, 1 evaluated, 0 expanded
[t=79.4276s, 1535856 KB] Initial heuristic value for lsh(patterns=systematic(4),transform=adapt_costs(cost_type=normal)): 53
[t=79.4276s, 1535856 KB] pruning method: none
[t=79.4396s, 1535856 KB] New best heuristic value for lsh(patterns=systematic(4),transform=adapt_costs(cost_type=normal)): 51
[t=79.4396s, 1535856 KB] g=1, 2 evaluated, 1 expanded
[t=79.4596s, 1535856 KB] New best heuristic value for lsh(patterns=systematic(4),transform=adapt_costs(cost_type=normal)): 50
[t=79.4596s, 1535856 KB] g=1, 4 evaluated, 1 expanded
[t=79.7233s, 1535856 KB] New best heuristic value for lsh(patterns=systematic(4),transform=adapt_costs(cost_type=normal)): 49
[t=79.7233s, 1535856 KB] g=2, 32 evaluated, 2 expanded
[t=82.757s, 1535856 KB] New best heuristic value for lsh(patterns=systematic(4),transform=adapt_costs(cost_type=normal)): 45
[t=82.757s, 1535856 KB] g=14, 353 evaluated, 53 expanded
[t=87.8841s, 1535856 KB] New best heuristic value for lsh(patterns=systematic(4),transform=adapt_costs(cost_type=normal)): 40
[t=87.8841s, 1535856 KB] g=44, 888 evaluated, 138 expanded
[t=110.441s, 1535856 KB] New best heuristic value for lsh(patterns=systematic(4),transform=adapt_costs(cost_type=normal)): 39
[t=110.441s, 1535856 KB] g=63, 3244 evaluated, 400 expanded
[t=112.734s, 1535856 KB] New best heuristic value for lsh(patterns=systematic(4),transform=adapt_costs(cost_type=normal)): 38
[t=112.734s, 1535856 KB] g=75, 3483 evaluated, 429 expanded
[t=141.938s, 1535856 KB] New best heuristic value for lsh(patterns=systematic(4),transform=adapt_costs(cost_type=normal)): 37
[t=141.938s, 1535856 KB] g=88, 6595 evaluated, 745 expanded
[t=143.012s, 1535856 KB] New best heuristic value for lsh(patterns=systematic(4),transform=adapt_costs(cost_type=normal)): 31
[t=143.012s, 1535856 KB] g=89, 6696 evaluated, 806 expanded
[t=144.175s, 1535856 KB] New best heuristic value for lsh(patterns=systematic(4),transform=adapt_costs(cost_type=normal)): 29
[t=144.175s, 1535856 KB] g=89, 6822 evaluated, 856 expanded
[t=326.364s, 1535856 KB] New best heuristic value for lsh(patterns=systematic(4),transform=adapt_costs(cost_type=normal)): 22
[t=326.364s, 1535856 KB] g=120, 26999 evaluated, 2527 expanded
[t=642.976s, 1535856 KB] New best heuristic value for lsh(patterns=systematic(4),transform=adapt_costs(cost_type=normal)): 20
[t=642.976s, 1535856 KB] g=151, 63463 evaluated, 5572 expanded
[t=901.838s, 1535856 KB] New best heuristic value for lsh(patterns=systematic(4),transform=adapt_costs(cost_type=normal)): 18
[t=901.838s, 1535856 KB] g=182, 93315 evaluated, 8097 expanded
[t=1112.16s, 1535856 KB] New best heuristic value for lsh(patterns=systematic(4),transform=adapt_costs(cost_type=normal)): 16
[t=1112.16s, 1535856 KB] g=213, 117716 evaluated, 10198 expanded
[t=1273.57s, 1535856 KB] New best heuristic value for lsh(patterns=systematic(4),transform=adapt_costs(cost_type=normal)): 14
[t=1273.57s, 1535856 KB] g=244, 136488 evaluated, 11851 expanded
[t=1389.29s, 1535856 KB] New best heuristic value for lsh(patterns=systematic(4),transform=adapt_costs(cost_type=normal)): 12
[t=1389.29s, 1535856 KB] g=275, 150040 evaluated, 13068 expanded
[t=1440.68s, 1535856 KB] New best heuristic value for lsh(patterns=systematic(4),transform=adapt_costs(cost_type=normal)): 11
[t=1440.68s, 1535856 KB] g=294, 156059 evaluated, 13606 expanded
[t=1459.76s, 1535856 KB] New best heuristic value for lsh(patterns=systematic(4),transform=adapt_costs(cost_type=normal)): 9
[t=1459.76s, 1535856 KB] g=306, 158307 evaluated, 13800 expanded
[t=1460.73s, 1535856 KB] New best heuristic value for lsh(patterns=systematic(4),transform=adapt_costs(cost_type=normal)): 8
[t=1460.73s, 1535856 KB] g=309, 158423 evaluated, 13805 expanded
[t=1636.72s, 1535856 KB] New best heuristic value for lsh(patterns=systematic(4),transform=adapt_costs(cost_type=normal)): 7
[t=1636.72s, 1535856 KB] g=337, 179504 evaluated, 17198 expanded
[t=1636.87s, 1535856 KB] New best heuristic value for lsh(patterns=systematic(4),transform=adapt_costs(cost_type=normal)): 5
[t=1636.87s, 1535856 KB] g=338, 179521 evaluated, 17199 expanded
[t=1637.96s, 1535856 KB] New best heuristic value for lsh(patterns=systematic(4),transform=adapt_costs(cost_type=normal)): 4
[t=1637.97s, 1535856 KB] g=341, 179647 evaluated, 17215 expanded
Peak memory: 1535856 KB
caught signal 24 -- exiting
Time limit has been reached.
Remove intermediate file output.sas
search exit code: 23

Driver aborting after search
INFO     Planner time: 1797.99s
