INFO     planner time limit: 1800s
INFO     planner memory limit: 2048 MB

INFO     Running translator.
INFO     translator stdin: None
INFO     translator time limit: 1799s
INFO     translator memory limit: 2048 MB
INFO     translator command line string: /home/henry/Documents/UFRGS/TCC/downward/.venv/bin/python /home/henry/Documents/UFRGS/TCC/downward/experiments/lab/data/main/code-5bb2ccb6957559b6969ffd7e29254c73f84d5e49_e5e41175/builds/release/bin/translate/translate.py domain.pddl problem.pddl --sas-file output.sas
Parsing...
Parsing: [0.000s CPU, 0.004s wall-clock]
Normalizing task... [0.000s CPU, 0.000s wall-clock]
Instantiating...
Generating Datalog program... [0.000s CPU, 0.001s wall-clock]
Normalizing Datalog program...
Trivial rules: Converted to facts.
Normalizing Datalog program: [0.010s CPU, 0.003s wall-clock]
Preparing model... [0.000s CPU, 0.003s wall-clock]
Generated 129 rules.
Computing model... [0.490s CPU, 0.503s wall-clock]
41023 relevant atoms
36458 auxiliary atoms
77481 final queue length
256931 total queue pushes
Completing instantiation... [2.270s CPU, 2.270s wall-clock]
Instantiating: [2.790s CPU, 2.794s wall-clock]
Computing fact groups...
Finding invariants...
28 initial candidates
Finding invariants: [0.010s CPU, 0.011s wall-clock]
Checking invariant weight... [0.000s CPU, 0.000s wall-clock]
Instantiating groups... [0.000s CPU, 0.002s wall-clock]
Collecting mutex groups... [0.000s CPU, 0.000s wall-clock]
Choosing groups...
603 uncovered facts
Choosing groups: [0.000s CPU, 0.001s wall-clock]
Building translation key... [0.000s CPU, 0.002s wall-clock]
Computing fact groups: [0.020s CPU, 0.022s wall-clock]
Building STRIPS to SAS dictionary... [0.000s CPU, 0.001s wall-clock]
Building dictionary for full mutex groups... [0.000s CPU, 0.001s wall-clock]
Building mutex information...
Building mutex information: [0.000s CPU, 0.000s wall-clock]
Translating task...
Processing axioms...
Simplifying axioms... [0.000s CPU, 0.000s wall-clock]
Translator axioms removed by simplifying: 0
Computing negative axioms... [0.000s CPU, 0.000s wall-clock]
Processing axioms: [0.130s CPU, 0.127s wall-clock]
Translating task: [2.490s CPU, 2.480s wall-clock]
59472 effect conditions simplified
0 implied preconditions added
Detecting unreachable propositions...
0 operators removed
0 axioms removed
45 propositions removed
Detecting unreachable propositions: [1.610s CPU, 1.625s wall-clock]
Reordering and filtering variables...
628 of 630 variables necessary.
0 of 33 mutex groups necessary.
39089 of 39089 operators necessary.
0 of 0 axiom rules necessary.
Reordering and filtering variables: [0.710s CPU, 0.701s wall-clock]
Translator variables: 628
Translator derived variables: 0
Translator facts: 1885
Translator goal facts: 40
Translator mutex groups: 0
Translator total mutex groups size: 0
Translator operators: 39089
Translator axioms: 0
Translator task size: 545728
Translator peak memory: 295528 KB
Writing output... [0.360s CPU, 0.355s wall-clock]
Done! [8.070s CPU, 8.080s wall-clock]
translate exit code: 0

INFO     Running search (release).
INFO     search stdin: output.sas
INFO     search time limit: 1791s
INFO     search memory limit: 2048 MB
INFO     search command line string: /home/henry/Documents/UFRGS/TCC/downward/experiments/lab/data/main/code-5bb2ccb6957559b6969ffd7e29254c73f84d5e49_e5e41175/builds/release/bin/downward --search 'eager_greedy([lsh(patterns=systematic(2), transform=adapt_costs(cost_type=ONE))])' --internal-plan-file sas_plan < output.sas
[t=0s, 10544 KB] reading input...
[t=0.242505s, 29796 KB] done reading input!
[t=0.242505s, 30192 KB] Generating patterns using: systematic pattern collection generator
[t=0.242505s, 30192 KB] building causal graph...done! [t=0.151857s]
[t=0.438332s, 49092 KB] Found 4007 SGA patterns.
[t=0.522247s, 49092 KB] Found 4007 interesting patterns.
[t=0.522247s, 49092 KB] systematic pattern collection generator number of patterns: 4007
[t=0.522247s, 49092 KB] systematic pattern collection generator total PDB size: 128058
[t=0.522247s, 49092 KB] systematic pattern collection generator computation time: 0.279742s
[t=0.522247s, 49092 KB] Computing PDBs for pattern collection...
[t=32.7463s, 49092 KB] Done computing PDBs for pattern collection: 32.2241s
[t=40.2432s, 106116 KB] Building successor generator...done!
[t=40.2632s, 111168 KB] peak memory difference for successor generator creation: 5052 KB
[t=40.2632s, 111168 KB] time for successor generation creation: 0.0199783s
[t=40.2632s, 111168 KB] Variables: 628
[t=40.2632s, 111168 KB] FactPairs: 1885
[t=40.2632s, 111168 KB] Bytes per state: 96
[t=40.2632s, 111168 KB] Conducting best first search without reopening closed nodes, (real) bound = 2147483647
[t=40.2632s, 111168 KB] New best heuristic value for lsh(patterns=systematic(2),transform=adapt_costs(cost_type=one)): 101
[t=40.2632s, 111168 KB] g=0, 1 evaluated, 0 expanded
[t=40.2632s, 111168 KB] Initial heuristic value for lsh(patterns=systematic(2),transform=adapt_costs(cost_type=one)): 101
[t=40.2632s, 111168 KB] pruning method: none
[t=40.2632s, 111168 KB] New best heuristic value for lsh(patterns=systematic(2),transform=adapt_costs(cost_type=one)): 100
[t=40.2632s, 111168 KB] g=1, 7 evaluated, 2 expanded
[t=40.2632s, 111168 KB] New best heuristic value for lsh(patterns=systematic(2),transform=adapt_costs(cost_type=one)): 99
[t=40.2632s, 111168 KB] g=2, 11 evaluated, 4 expanded
[t=40.2632s, 111168 KB] New best heuristic value for lsh(patterns=systematic(2),transform=adapt_costs(cost_type=one)): 98
[t=40.2632s, 111168 KB] g=2, 16 evaluated, 7 expanded
[t=40.2632s, 111168 KB] New best heuristic value for lsh(patterns=systematic(2),transform=adapt_costs(cost_type=one)): 97
[t=40.2632s, 111168 KB] g=3, 19 evaluated, 8 expanded
[t=40.2632s, 111168 KB] New best heuristic value for lsh(patterns=systematic(2),transform=adapt_costs(cost_type=one)): 95
[t=40.2632s, 111168 KB] g=3, 23 evaluated, 9 expanded
[t=40.2632s, 111168 KB] New best heuristic value for lsh(patterns=systematic(2),transform=adapt_costs(cost_type=one)): 94
[t=40.2632s, 111168 KB] g=4, 33 evaluated, 14 expanded
[t=40.2672s, 111168 KB] New best heuristic value for lsh(patterns=systematic(2),transform=adapt_costs(cost_type=one)): 92
[t=40.2672s, 111168 KB] g=5, 45 evaluated, 20 expanded
[t=40.2672s, 111168 KB] New best heuristic value for lsh(patterns=systematic(2),transform=adapt_costs(cost_type=one)): 91
[t=40.2672s, 111168 KB] g=7, 62 evaluated, 27 expanded
[t=40.2672s, 111168 KB] New best heuristic value for lsh(patterns=systematic(2),transform=adapt_costs(cost_type=one)): 89
[t=40.2672s, 111168 KB] g=7, 74 evaluated, 28 expanded
[t=40.2672s, 111168 KB] New best heuristic value for lsh(patterns=systematic(2),transform=adapt_costs(cost_type=one)): 88
[t=40.2672s, 111168 KB] g=8, 96 evaluated, 34 expanded
[t=40.2712s, 111168 KB] New best heuristic value for lsh(patterns=systematic(2),transform=adapt_costs(cost_type=one)): 86
[t=40.2712s, 111168 KB] g=8, 97 evaluated, 35 expanded
[t=40.2712s, 111168 KB] New best heuristic value for lsh(patterns=systematic(2),transform=adapt_costs(cost_type=one)): 84
[t=40.2712s, 111168 KB] g=8, 98 evaluated, 36 expanded
[t=40.2712s, 111168 KB] New best heuristic value for lsh(patterns=systematic(2),transform=adapt_costs(cost_type=one)): 82
[t=40.2712s, 111168 KB] g=9, 124 evaluated, 45 expanded
[t=40.2752s, 111168 KB] New best heuristic value for lsh(patterns=systematic(2),transform=adapt_costs(cost_type=one)): 80
[t=40.2752s, 111168 KB] g=10, 162 evaluated, 53 expanded
[t=40.2752s, 111168 KB] New best heuristic value for lsh(patterns=systematic(2),transform=adapt_costs(cost_type=one)): 78
[t=40.2752s, 111168 KB] g=11, 215 evaluated, 66 expanded
[t=40.2752s, 111168 KB] New best heuristic value for lsh(patterns=systematic(2),transform=adapt_costs(cost_type=one)): 77
[t=40.2752s, 111168 KB] g=11, 219 evaluated, 71 expanded
[t=40.2752s, 111168 KB] New best heuristic value for lsh(patterns=systematic(2),transform=adapt_costs(cost_type=one)): 75
[t=40.2752s, 111168 KB] g=11, 220 evaluated, 72 expanded
[t=40.2792s, 111168 KB] New best heuristic value for lsh(patterns=systematic(2),transform=adapt_costs(cost_type=one)): 74
[t=40.2792s, 111168 KB] g=11, 221 evaluated, 73 expanded
[t=40.2792s, 111168 KB] New best heuristic value for lsh(patterns=systematic(2),transform=adapt_costs(cost_type=one)): 72
[t=40.2792s, 111168 KB] g=11, 222 evaluated, 74 expanded
[t=40.2792s, 111168 KB] New best heuristic value for lsh(patterns=systematic(2),transform=adapt_costs(cost_type=one)): 71
[t=40.2792s, 111168 KB] g=11, 223 evaluated, 75 expanded
[t=40.2792s, 111168 KB] New best heuristic value for lsh(patterns=systematic(2),transform=adapt_costs(cost_type=one)): 70
[t=40.2792s, 111168 KB] g=11, 224 evaluated, 76 expanded
[t=40.2792s, 111168 KB] New best heuristic value for lsh(patterns=systematic(2),transform=adapt_costs(cost_type=one)): 69
[t=40.2792s, 111168 KB] g=12, 232 evaluated, 77 expanded
[t=40.2792s, 111168 KB] New best heuristic value for lsh(patterns=systematic(2),transform=adapt_costs(cost_type=one)): 67
[t=40.2792s, 111168 KB] g=12, 246 evaluated, 78 expanded
[t=40.2792s, 111168 KB] New best heuristic value for lsh(patterns=systematic(2),transform=adapt_costs(cost_type=one)): 65
[t=40.2792s, 111168 KB] g=12, 247 evaluated, 79 expanded
[t=40.2792s, 111168 KB] New best heuristic value for lsh(patterns=systematic(2),transform=adapt_costs(cost_type=one)): 63
[t=40.2792s, 111168 KB] g=12, 248 evaluated, 80 expanded
[t=40.3631s, 111168 KB] New best heuristic value for lsh(patterns=systematic(2),transform=adapt_costs(cost_type=one)): 62
[t=40.3631s, 111168 KB] g=16, 1451 evaluated, 712 expanded
[t=40.443s, 111168 KB] New best heuristic value for lsh(patterns=systematic(2),transform=adapt_costs(cost_type=one)): 61
[t=40.443s, 111168 KB] g=18, 2696 evaluated, 1375 expanded
[t=58.5638s, 144704 KB] New best heuristic value for lsh(patterns=systematic(2),transform=adapt_costs(cost_type=one)): 60
[t=58.5638s, 144704 KB] g=25, 279021 evaluated, 262500 expanded
[t=58.5638s, 144704 KB] New best heuristic value for lsh(patterns=systematic(2),transform=adapt_costs(cost_type=one)): 59
[t=58.5638s, 144704 KB] g=25, 279043 evaluated, 262501 expanded
[t=58.5638s, 144704 KB] New best heuristic value for lsh(patterns=systematic(2),transform=adapt_costs(cost_type=one)): 58
[t=58.5638s, 144704 KB] g=25, 279044 evaluated, 262502 expanded
[t=58.5638s, 144704 KB] New best heuristic value for lsh(patterns=systematic(2),transform=adapt_costs(cost_type=one)): 56
[t=58.5638s, 144704 KB] g=25, 279045 evaluated, 262503 expanded
[t=58.5678s, 144704 KB] New best heuristic value for lsh(patterns=systematic(2),transform=adapt_costs(cost_type=one)): 55
[t=58.5678s, 144704 KB] g=26, 279086 evaluated, 262517 expanded
[t=58.5678s, 144704 KB] New best heuristic value for lsh(patterns=systematic(2),transform=adapt_costs(cost_type=one)): 54
[t=58.5678s, 144704 KB] g=26, 279087 evaluated, 262518 expanded
[t=58.5678s, 144704 KB] New best heuristic value for lsh(patterns=systematic(2),transform=adapt_costs(cost_type=one)): 52
[t=58.5678s, 144704 KB] g=26, 279088 evaluated, 262519 expanded
[t=58.5678s, 144704 KB] New best heuristic value for lsh(patterns=systematic(2),transform=adapt_costs(cost_type=one)): 50
[t=58.5678s, 144704 KB] g=26, 279089 evaluated, 262520 expanded
[t=58.5678s, 144704 KB] New best heuristic value for lsh(patterns=systematic(2),transform=adapt_costs(cost_type=one)): 48
[t=58.5678s, 144704 KB] g=26, 279090 evaluated, 262521 expanded
[t=58.5678s, 144704 KB] New best heuristic value for lsh(patterns=systematic(2),transform=adapt_costs(cost_type=one)): 46
[t=58.5678s, 144704 KB] g=26, 279091 evaluated, 262522 expanded
[t=58.5718s, 144704 KB] New best heuristic value for lsh(patterns=systematic(2),transform=adapt_costs(cost_type=one)): 44
[t=58.5718s, 144704 KB] g=28, 279134 evaluated, 262534 expanded
[t=58.5718s, 144704 KB] New best heuristic value for lsh(patterns=systematic(2),transform=adapt_costs(cost_type=one)): 42
[t=58.5718s, 144704 KB] g=28, 279135 evaluated, 262535 expanded
[t=58.5718s, 144704 KB] New best heuristic value for lsh(patterns=systematic(2),transform=adapt_costs(cost_type=one)): 40
[t=58.5718s, 144704 KB] g=28, 279136 evaluated, 262536 expanded
[t=58.5718s, 144704 KB] New best heuristic value for lsh(patterns=systematic(2),transform=adapt_costs(cost_type=one)): 38
[t=58.5718s, 144704 KB] g=29, 279171 evaluated, 262546 expanded
[t=58.5718s, 144704 KB] New best heuristic value for lsh(patterns=systematic(2),transform=adapt_costs(cost_type=one)): 36
[t=58.5718s, 144704 KB] g=29, 279172 evaluated, 262547 expanded
[t=58.5958s, 144704 KB] New best heuristic value for lsh(patterns=systematic(2),transform=adapt_costs(cost_type=one)): 35
[t=58.5958s, 144704 KB] g=31, 279534 evaluated, 262716 expanded
[t=263.832s, 587404 KB] New best heuristic value for lsh(patterns=systematic(2),transform=adapt_costs(cost_type=one)): 34
[t=263.832s, 587404 KB] g=37, 3422573 evaluated, 3302442 expanded
[t=263.836s, 587404 KB] New best heuristic value for lsh(patterns=systematic(2),transform=adapt_costs(cost_type=one)): 32
[t=263.836s, 587404 KB] g=38, 3422616 evaluated, 3302458 expanded
[t=263.836s, 587404 KB] New best heuristic value for lsh(patterns=systematic(2),transform=adapt_costs(cost_type=one)): 31
[t=263.836s, 587404 KB] g=38, 3422617 evaluated, 3302459 expanded
[t=263.84s, 587404 KB] New best heuristic value for lsh(patterns=systematic(2),transform=adapt_costs(cost_type=one)): 30
[t=263.84s, 587404 KB] g=39, 3422654 evaluated, 3302468 expanded
[t=263.848s, 587404 KB] New best heuristic value for lsh(patterns=systematic(2),transform=adapt_costs(cost_type=one)): 28
[t=263.848s, 587404 KB] g=41, 3422740 evaluated, 3302480 expanded
[t=263.848s, 587404 KB] New best heuristic value for lsh(patterns=systematic(2),transform=adapt_costs(cost_type=one)): 27
[t=263.848s, 587404 KB] g=41, 3422741 evaluated, 3302481 expanded
[t=263.852s, 587404 KB] New best heuristic value for lsh(patterns=systematic(2),transform=adapt_costs(cost_type=one)): 26
[t=263.852s, 587404 KB] g=42, 3422805 evaluated, 3302497 expanded
[t=263.852s, 587404 KB] New best heuristic value for lsh(patterns=systematic(2),transform=adapt_costs(cost_type=one)): 24
[t=263.852s, 587404 KB] g=42, 3422806 evaluated, 3302498 expanded
[t=263.852s, 587404 KB] New best heuristic value for lsh(patterns=systematic(2),transform=adapt_costs(cost_type=one)): 23
[t=263.852s, 587404 KB] g=42, 3422807 evaluated, 3302499 expanded
[t=263.852s, 587404 KB] New best heuristic value for lsh(patterns=systematic(2),transform=adapt_costs(cost_type=one)): 21
[t=263.852s, 587404 KB] g=42, 3422808 evaluated, 3302500 expanded
[t=263.852s, 587404 KB] New best heuristic value for lsh(patterns=systematic(2),transform=adapt_costs(cost_type=one)): 20
[t=263.852s, 587404 KB] g=43, 3422841 evaluated, 3302504 expanded
[t=263.852s, 587404 KB] New best heuristic value for lsh(patterns=systematic(2),transform=adapt_costs(cost_type=one)): 19
[t=263.852s, 587404 KB] g=43, 3422842 evaluated, 3302505 expanded
[t=263.86s, 587404 KB] New best heuristic value for lsh(patterns=systematic(2),transform=adapt_costs(cost_type=one)): 18
[t=263.86s, 587404 KB] g=45, 3422946 evaluated, 3302541 expanded
[t=263.86s, 587404 KB] New best heuristic value for lsh(patterns=systematic(2),transform=adapt_costs(cost_type=one)): 17
[t=263.86s, 587404 KB] g=45, 3422947 evaluated, 3302542 expanded
[t=263.86s, 587404 KB] New best heuristic value for lsh(patterns=systematic(2),transform=adapt_costs(cost_type=one)): 16
[t=263.86s, 587404 KB] g=46, 3422953 evaluated, 3302543 expanded
[t=263.864s, 587404 KB] New best heuristic value for lsh(patterns=systematic(2),transform=adapt_costs(cost_type=one)): 14
[t=263.864s, 587404 KB] g=46, 3422990 evaluated, 3302544 expanded
[t=263.864s, 587404 KB] New best heuristic value for lsh(patterns=systematic(2),transform=adapt_costs(cost_type=one)): 12
[t=263.864s, 587404 KB] g=46, 3422991 evaluated, 3302545 expanded
[t=263.864s, 587404 KB] New best heuristic value for lsh(patterns=systematic(2),transform=adapt_costs(cost_type=one)): 10
[t=263.864s, 587404 KB] g=46, 3422992 evaluated, 3302546 expanded
[t=263.864s, 587404 KB] New best heuristic value for lsh(patterns=systematic(2),transform=adapt_costs(cost_type=one)): 8
[t=263.864s, 587404 KB] g=46, 3422993 evaluated, 3302547 expanded
[t=263.864s, 587404 KB] New best heuristic value for lsh(patterns=systematic(2),transform=adapt_costs(cost_type=one)): 6
[t=263.864s, 587404 KB] g=46, 3422994 evaluated, 3302548 expanded
[t=263.864s, 587404 KB] New best heuristic value for lsh(patterns=systematic(2),transform=adapt_costs(cost_type=one)): 4
[t=263.864s, 587404 KB] g=46, 3422995 evaluated, 3302549 expanded
[t=263.864s, 587404 KB] New best heuristic value for lsh(patterns=systematic(2),transform=adapt_costs(cost_type=one)): 2
[t=263.864s, 587404 KB] g=46, 3422996 evaluated, 3302550 expanded
[t=263.864s, 587404 KB] New best heuristic value for lsh(patterns=systematic(2),transform=adapt_costs(cost_type=one)): 0
[t=263.864s, 587404 KB] g=46, 3422997 evaluated, 3302551 expanded
[t=263.864s, 587404 KB] Solution found!
[t=263.864s, 587404 KB] Actual search time: 223.6s
move-to-card card-d0-s0-v6 card-d1-s0-v0 card-d2-s0-v7 pile-0 (1)
change-tableau-and-stop card-d0-s0-v6 pile-4 pile-0 (0)
make-movable-and-stop card-d1-s0-v0 card-d0-s0-v3 (0)
move-to-card card-d1-s0-v0 card-d0-s0-v3 card-d2-s0-v1 pile-3 (1)
change-tableau-and-stop card-d1-s0-v0 pile-4 pile-3 (0)
make-movable-and-stop card-d0-s0-v3 pile-4 (0)
move-to-card card-d1-s0-v2 card-d2-s0-v2 card-d0-s0-v3 pile-4 (1)
change-tableau-and-stop card-d1-s0-v2 pile-1 pile-4 (0)
make-movable-and-stop card-d2-s0-v2 card-d1-s0-v1 (0)
move-to-card card-d2-s0-v2 card-d1-s0-v1 card-d1-s0-v3 pile-5 (1)
change-tableau-and-stop card-d2-s0-v2 pile-1 pile-5 (0)
make-movable-and-stop card-d1-s0-v1 card-d1-s0-v5 (0)
move-to-card card-d1-s0-v1 card-d1-s0-v5 card-d1-s0-v2 pile-4 (1)
change-tableau-and-stop card-d1-s0-v1 pile-1 pile-4 (0)
make-movable-and-stop card-d1-s0-v5 pile-1 (0)
move-to-card card-d1-s0-v5 pile-1 card-d0-s0-v6 pile-0 (1)
change-tableau-and-stop card-d1-s0-v5 pile-1 pile-0 (0)
make-movable-ignore-pile pile-1 (0)
move-to-card card-d2-s0-v1 card-d3-s0-v0 card-d2-s0-v2 pile-5 (1)
change-tableau-and-continue card-d2-s0-v1 pile-3 pile-5 card-d1-s0-v0 (0)
change-tableau-and-stop card-d1-s0-v0 pile-3 pile-5 (0)
make-movable-and-stop card-d3-s0-v0 card-d3-s0-v4 (0)
move-to-card card-d3-s0-v0 card-d3-s0-v4 card-d1-s0-v1 pile-4 (1)
change-tableau-and-stop card-d3-s0-v0 pile-3 pile-4 (0)
make-movable-and-stop card-d3-s0-v4 pile-3 (0)
move-to-card card-d3-s0-v4 pile-3 card-d1-s0-v5 pile-0 (1)
change-tableau-and-stop card-d3-s0-v4 pile-3 pile-0 (0)
make-movable-ignore-pile pile-3 (0)
move-to-card card-d0-s0-v3 pile-4 card-d3-s0-v4 pile-0 (1)
change-tableau-and-continue card-d0-s0-v3 pile-4 pile-0 card-d1-s0-v2 (0)
change-tableau-and-continue card-d1-s0-v2 pile-4 pile-0 card-d1-s0-v1 (0)
change-tableau-and-continue card-d1-s0-v1 pile-4 pile-0 card-d3-s0-v0 (0)
change-tableau-and-stop card-d3-s0-v0 pile-4 pile-0 (0)
make-movable-ignore-pile pile-4 (0)
start-collecting-deck card-d3-s0-v0 (1)
collect-card card-d3-s0-v0 card-d1-s0-v1 pile-0 (0)
collect-card card-d1-s0-v1 card-d1-s0-v2 pile-0 (0)
collect-card card-d1-s0-v2 card-d0-s0-v3 pile-0 (0)
collect-card card-d0-s0-v3 card-d3-s0-v4 pile-0 (0)
collect-card card-d3-s0-v4 card-d1-s0-v5 pile-0 (0)
collect-card card-d1-s0-v5 card-d0-s0-v6 pile-0 (0)
collect-card card-d0-s0-v6 card-d2-s0-v7 pile-0 (0)
finish-collecting-deck card-d2-s0-v7 card-d0-s0-v2 pile-0 (0)
make-movable-and-stop card-d0-s0-v2 card-d3-s0-v6 (0)
move-to-card card-d2-s0-v1 card-d2-s0-v2 card-d0-s0-v2 pile-0 (1)
change-tableau-and-continue card-d2-s0-v1 pile-5 pile-0 card-d1-s0-v0 (0)
change-tableau-and-stop card-d1-s0-v0 pile-5 pile-0 (0)
move-to-tableau card-d1-s0-v3 card-d1-s0-v6 pile-1 (1)
change-tableau-and-continue card-d1-s0-v3 pile-5 pile-1 card-d2-s0-v2 (0)
change-tableau-and-stop card-d2-s0-v2 pile-5 pile-1 (0)
make-movable-and-stop card-d1-s0-v6 card-d2-s0-v6 (0)
move-to-card card-d1-s0-v6 card-d2-s0-v6 card-d3-s0-v7 pile-2 (1)
change-tableau-and-stop card-d1-s0-v6 pile-5 pile-2 (0)
make-movable-and-stop card-d2-s0-v6 pile-5 (0)
move-to-tableau card-d3-s0-v7 card-d0-s0-v7 pile-3 (1)
change-tableau-and-continue card-d3-s0-v7 pile-2 pile-3 card-d1-s0-v6 (0)
change-tableau-and-stop card-d1-s0-v6 pile-2 pile-3 (0)
make-movable-and-stop card-d0-s0-v7 card-d3-s0-v2 (0)
move-to-card card-d2-s0-v6 pile-5 card-d0-s0-v7 pile-2 (1)
change-tableau-and-stop card-d2-s0-v6 pile-5 pile-2 (0)
make-movable-ignore-pile pile-5 (0)
move-to-tableau card-d1-s0-v3 pile-1 pile-4 (1)
change-tableau-and-continue card-d1-s0-v3 pile-1 pile-4 card-d2-s0-v2 (0)
change-tableau-and-stop card-d2-s0-v2 pile-1 pile-4 (0)
make-movable-ignore-pile pile-1 (0)
move-to-card card-d2-s0-v1 card-d0-s0-v2 card-d2-s0-v2 pile-4 (1)
change-tableau-and-continue card-d2-s0-v1 pile-0 pile-4 card-d1-s0-v0 (0)
change-tableau-and-stop card-d1-s0-v0 pile-0 pile-4 (0)
move-to-tableau card-d0-s0-v2 card-d3-s0-v6 pile-1 (1)
change-tableau-and-stop card-d0-s0-v2 pile-0 pile-1 (0)
make-movable-and-stop card-d3-s0-v6 card-d0-s0-v0 (0)
move-to-tableau card-d3-s0-v6 card-d0-s0-v0 pile-5 (1)
change-tableau-and-stop card-d3-s0-v6 pile-0 pile-5 (0)
make-movable-and-stop card-d0-s0-v0 pile-0 (0)
start-dealing  (1)
deal-card card-d0-s0-v4 card-d0-s0-v1 deal-0 card-d0-s0-v0 pile-0 (0)
make-unmovable-and-stop-at-tableau card-d0-s0-v0 pile-0 (0)
deal-card card-d0-s0-v1 card-d2-s0-v3 deal-0 card-d0-s0-v2 pile-1 (0)
deal-card card-d2-s0-v3 card-d2-s0-v5 deal-0 card-d2-s0-v6 pile-2 (0)
make-unmovable-and-continue card-d2-s0-v6 card-d0-s0-v7 (0)
make-unmovable-and-stop-at-unmovable card-d0-s0-v7 card-d3-s0-v2 (0)
deal-card card-d2-s0-v5 card-d3-s0-v1 deal-0 card-d1-s0-v6 pile-3 (0)
deal-card card-d3-s0-v1 card-d2-s0-v4 deal-0 card-d1-s0-v0 pile-4 (0)
make-unmovable-and-continue card-d1-s0-v0 card-d2-s0-v1 (0)
make-unmovable-and-continue card-d2-s0-v1 card-d2-s0-v2 (0)
make-unmovable-and-continue card-d2-s0-v2 card-d1-s0-v3 (0)
make-unmovable-and-stop-at-tableau card-d1-s0-v3 pile-4 (0)
deal-card card-d2-s0-v4 deal-0 deal-0 card-d3-s0-v6 pile-5 (0)
make-unmovable-and-stop-at-tableau card-d3-s0-v6 pile-5 (0)
finish-dealing deal-0 deal-1 (0)
move-to-card card-d0-s0-v2 pile-1 card-d2-s0-v3 pile-2 (1)
change-tableau-and-continue card-d0-s0-v2 pile-1 pile-2 card-d0-s0-v1 (0)
change-tableau-and-stop card-d0-s0-v1 pile-1 pile-2 (0)
make-movable-ignore-pile pile-1 (0)
move-to-card card-d0-s0-v4 card-d0-s0-v0 card-d2-s0-v5 pile-3 (1)
change-tableau-and-stop card-d0-s0-v4 pile-0 pile-3 (0)
make-movable-and-stop card-d0-s0-v0 pile-0 (0)
move-to-card card-d0-s0-v0 pile-0 card-d0-s0-v1 pile-2 (1)
change-tableau-and-stop card-d0-s0-v0 pile-0 pile-2 (0)
make-movable-ignore-pile pile-0 (0)
move-to-card card-d2-s0-v3 card-d2-s0-v6 card-d0-s0-v4 pile-3 (1)
change-tableau-and-continue card-d2-s0-v3 pile-2 pile-3 card-d0-s0-v2 (0)
change-tableau-and-continue card-d0-s0-v2 pile-2 pile-3 card-d0-s0-v1 (0)
change-tableau-and-continue card-d0-s0-v1 pile-2 pile-3 card-d0-s0-v0 (0)
change-tableau-and-stop card-d0-s0-v0 pile-2 pile-3 (0)
make-movable-and-continue card-d2-s0-v6 card-d0-s0-v7 (0)
make-movable-and-stop card-d0-s0-v7 card-d3-s0-v2 (0)
start-collecting-deck card-d0-s0-v0 (1)
collect-card card-d0-s0-v0 card-d0-s0-v1 pile-3 (0)
collect-card card-d0-s0-v1 card-d0-s0-v2 pile-3 (0)
collect-card card-d0-s0-v2 card-d2-s0-v3 pile-3 (0)
collect-card card-d2-s0-v3 card-d0-s0-v4 pile-3 (0)
collect-card card-d0-s0-v4 card-d2-s0-v5 pile-3 (0)
collect-card card-d2-s0-v5 card-d1-s0-v6 pile-3 (0)
collect-card card-d1-s0-v6 card-d3-s0-v7 pile-3 (0)
finish-collecting-deck card-d3-s0-v7 pile-3 pile-3 (0)
make-movable-ignore-pile pile-3 (0)
move-to-tableau card-d3-s0-v1 card-d1-s0-v0 pile-0 (1)
change-tableau-and-stop card-d3-s0-v1 pile-4 pile-0 (0)
make-movable-and-continue card-d1-s0-v0 card-d2-s0-v1 (0)
make-movable-and-continue card-d2-s0-v1 card-d2-s0-v2 (0)
make-movable-and-continue card-d2-s0-v2 card-d1-s0-v3 (0)
make-movable-and-stop card-d1-s0-v3 pile-4 (0)
move-to-card card-d1-s0-v3 pile-4 card-d2-s0-v4 pile-5 (1)
change-tableau-and-continue card-d1-s0-v3 pile-4 pile-5 card-d2-s0-v2 (0)
change-tableau-and-continue card-d2-s0-v2 pile-4 pile-5 card-d2-s0-v1 (0)
change-tableau-and-continue card-d2-s0-v1 pile-4 pile-5 card-d1-s0-v0 (0)
change-tableau-and-stop card-d1-s0-v0 pile-4 pile-5 (0)
make-movable-ignore-pile pile-4 (0)
move-to-tableau card-d0-s0-v7 card-d3-s0-v2 pile-1 (1)
change-tableau-and-continue card-d0-s0-v7 pile-2 pile-1 card-d2-s0-v6 (0)
change-tableau-and-stop card-d2-s0-v6 pile-2 pile-1 (0)
make-movable-and-stop card-d3-s0-v2 pile-2 (0)
move-to-card card-d3-s0-v1 pile-0 card-d3-s0-v2 pile-2 (1)
change-tableau-and-stop card-d3-s0-v1 pile-0 pile-2 (0)
make-movable-ignore-pile pile-0 (0)
move-to-tableau card-d2-s0-v4 card-d3-s0-v6 pile-3 (1)
change-tableau-and-continue card-d2-s0-v4 pile-5 pile-3 card-d1-s0-v3 (0)
change-tableau-and-continue card-d1-s0-v3 pile-5 pile-3 card-d2-s0-v2 (0)
change-tableau-and-continue card-d2-s0-v2 pile-5 pile-3 card-d2-s0-v1 (0)
change-tableau-and-continue card-d2-s0-v1 pile-5 pile-3 card-d1-s0-v0 (0)
change-tableau-and-stop card-d1-s0-v0 pile-5 pile-3 (0)
make-movable-and-stop card-d3-s0-v6 pile-5 (0)
move-to-tableau card-d2-s0-v6 card-d0-s0-v7 pile-0 (1)
change-tableau-and-stop card-d2-s0-v6 pile-1 pile-0 (0)
move-to-tableau card-d1-s0-v0 card-d2-s0-v1 pile-4 (1)
change-tableau-and-stop card-d1-s0-v0 pile-3 pile-4 (0)
start-dealing  (1)
deal-card card-d3-s0-v5 card-d3-s0-v3 deal-1 card-d2-s0-v6 pile-0 (0)
deal-card card-d3-s0-v3 card-d0-s0-v5 deal-1 card-d0-s0-v7 pile-1 (0)
make-unmovable-and-stop-at-tableau card-d0-s0-v7 pile-1 (0)
deal-card card-d0-s0-v5 card-d2-s0-v0 deal-1 card-d3-s0-v1 pile-2 (0)
make-unmovable-and-continue card-d3-s0-v1 card-d3-s0-v2 (0)
make-unmovable-and-stop-at-tableau card-d3-s0-v2 pile-2 (0)
deal-card card-d2-s0-v0 card-d1-s0-v7 deal-1 card-d2-s0-v1 pile-3 (0)
deal-card card-d1-s0-v7 card-d1-s0-v4 deal-1 card-d1-s0-v0 pile-4 (0)
make-unmovable-and-stop-at-tableau card-d1-s0-v0 pile-4 (0)
deal-card card-d1-s0-v4 deal-1 deal-1 card-d3-s0-v6 pile-5 (0)
make-unmovable-and-stop-at-tableau card-d3-s0-v6 pile-5 (0)
finish-dealing deal-1 deal-2 (0)
move-to-card card-d2-s0-v6 pile-0 card-d1-s0-v7 pile-4 (1)
change-tableau-and-continue card-d2-s0-v6 pile-0 pile-4 card-d3-s0-v5 (0)
change-tableau-and-stop card-d3-s0-v5 pile-0 pile-4 (0)
make-movable-ignore-pile pile-0 (0)
move-to-card card-d2-s0-v4 pile-3 card-d0-s0-v5 pile-2 (1)
change-tableau-and-continue card-d2-s0-v4 pile-3 pile-2 card-d1-s0-v3 (0)
change-tableau-and-continue card-d1-s0-v3 pile-3 pile-2 card-d2-s0-v2 (0)
change-tableau-and-continue card-d2-s0-v2 pile-3 pile-2 card-d2-s0-v1 (0)
change-tableau-and-continue card-d2-s0-v1 pile-3 pile-2 card-d2-s0-v0 (0)
change-tableau-and-stop card-d2-s0-v0 pile-3 pile-2 (0)
make-movable-ignore-pile pile-3 (0)
move-to-card card-d3-s0-v3 card-d0-s0-v7 card-d1-s0-v4 pile-5 (1)
change-tableau-and-stop card-d3-s0-v3 pile-1 pile-5 (0)
make-movable-and-stop card-d0-s0-v7 pile-1 (0)
move-to-card card-d1-s0-v4 card-d3-s0-v6 card-d3-s0-v5 pile-4 (1)
change-tableau-and-continue card-d1-s0-v4 pile-5 pile-4 card-d3-s0-v3 (0)
change-tableau-and-stop card-d3-s0-v3 pile-5 pile-4 (0)
make-movable-and-stop card-d3-s0-v6 pile-5 (0)
move-to-card card-d3-s0-v6 pile-5 card-d0-s0-v7 pile-1 (1)
change-tableau-and-stop card-d3-s0-v6 pile-5 pile-1 (0)
make-movable-ignore-pile pile-5 (0)
move-to-card card-d0-s0-v5 card-d3-s0-v1 card-d3-s0-v6 pile-1 (1)
change-tableau-and-continue card-d0-s0-v5 pile-2 pile-1 card-d2-s0-v4 (0)
change-tableau-and-continue card-d2-s0-v4 pile-2 pile-1 card-d1-s0-v3 (0)
change-tableau-and-continue card-d1-s0-v3 pile-2 pile-1 card-d2-s0-v2 (0)
change-tableau-and-continue card-d2-s0-v2 pile-2 pile-1 card-d2-s0-v1 (0)
change-tableau-and-continue card-d2-s0-v1 pile-2 pile-1 card-d2-s0-v0 (0)
change-tableau-and-stop card-d2-s0-v0 pile-2 pile-1 (0)
make-movable-and-continue card-d3-s0-v1 card-d3-s0-v2 (0)
make-movable-and-stop card-d3-s0-v2 pile-2 (0)
start-collecting-deck card-d2-s0-v0 (1)
collect-card card-d2-s0-v0 card-d2-s0-v1 pile-1 (0)
collect-card card-d2-s0-v1 card-d2-s0-v2 pile-1 (0)
collect-card card-d2-s0-v2 card-d1-s0-v3 pile-1 (0)
collect-card card-d1-s0-v3 card-d2-s0-v4 pile-1 (0)
collect-card card-d2-s0-v4 card-d0-s0-v5 pile-1 (0)
collect-card card-d0-s0-v5 card-d3-s0-v6 pile-1 (0)
collect-card card-d3-s0-v6 card-d0-s0-v7 pile-1 (0)
finish-collecting-deck card-d0-s0-v7 pile-1 pile-1 (0)
make-movable-ignore-pile pile-1 (0)
move-to-card card-d3-s0-v2 pile-2 card-d3-s0-v3 pile-4 (1)
change-tableau-and-continue card-d3-s0-v2 pile-2 pile-4 card-d3-s0-v1 (0)
change-tableau-and-stop card-d3-s0-v1 pile-2 pile-4 (0)
make-movable-ignore-pile pile-2 (0)
move-to-tableau card-d1-s0-v7 card-d1-s0-v0 pile-0 (1)
change-tableau-and-continue card-d1-s0-v7 pile-4 pile-0 card-d2-s0-v6 (0)
change-tableau-and-continue card-d2-s0-v6 pile-4 pile-0 card-d3-s0-v5 (0)
change-tableau-and-continue card-d3-s0-v5 pile-4 pile-0 card-d1-s0-v4 (0)
change-tableau-and-continue card-d1-s0-v4 pile-4 pile-0 card-d3-s0-v3 (0)
change-tableau-and-continue card-d3-s0-v3 pile-4 pile-0 card-d3-s0-v2 (0)
change-tableau-and-continue card-d3-s0-v2 pile-4 pile-0 card-d3-s0-v1 (0)
change-tableau-and-stop card-d3-s0-v1 pile-4 pile-0 (0)
make-movable-and-stop card-d1-s0-v0 pile-4 (0)
move-to-card card-d1-s0-v0 pile-4 card-d3-s0-v1 pile-0 (1)
change-tableau-and-stop card-d1-s0-v0 pile-4 pile-0 (0)
make-movable-ignore-pile pile-4 (0)
start-collecting-deck card-d1-s0-v0 (1)
collect-card card-d1-s0-v0 card-d3-s0-v1 pile-0 (0)
collect-card card-d3-s0-v1 card-d3-s0-v2 pile-0 (0)
collect-card card-d3-s0-v2 card-d3-s0-v3 pile-0 (0)
collect-card card-d3-s0-v3 card-d1-s0-v4 pile-0 (0)
collect-card card-d1-s0-v4 card-d3-s0-v5 pile-0 (0)
collect-card card-d3-s0-v5 card-d2-s0-v6 pile-0 (0)
collect-card card-d2-s0-v6 card-d1-s0-v7 pile-0 (0)
finish-collecting-deck card-d1-s0-v7 pile-0 pile-0 (0)
[t=263.864s, 587404 KB] Plan length: 225 step(s).
[t=263.864s, 587404 KB] Plan cost: 45
[t=263.864s, 587404 KB] Expanded 3302552 state(s).
[t=263.864s, 587404 KB] Reopened 0 state(s).
[t=263.864s, 587404 KB] Evaluated 3422997 state(s).
[t=263.864s, 587404 KB] Evaluations: 3422997
[t=263.864s, 587404 KB] Generated 4784946 state(s).
[t=263.864s, 587404 KB] Dead ends: 0 state(s).
[t=263.864s, 587404 KB] Number of registered states: 3422997
[t=263.864s, 587404 KB] Int hash set load factor: 3422997/8388608 = 0.408053
[t=263.864s, 587404 KB] Int hash set resizes: 23
[t=263.864s, 587404 KB] Search time: 223.6s
[t=263.864s, 587404 KB] Total time: 263.864s
Solution found.
Peak memory: 587404 KB
Remove intermediate file output.sas
search exit code: 0

INFO     Running validate.
INFO     validate stdin: None
INFO     validate time limit: None
INFO     validate memory limit: None
INFO     validate command line string: /home/henry/bin/validate domain.pddl problem.pddl sas_plan
Checking plan: sas_plan
Plan executed successfully - checking goal
Plan valid
Final value: 45 

Successful plans:
Value: 45
 sas_plan 45 

validate exit code: 0

INFO     Planner time: 272.08s
