INFO     planner time limit: 1800s
INFO     planner memory limit: 2048 MB

INFO     Running translator.
INFO     translator stdin: None
INFO     translator time limit: 1799s
INFO     translator memory limit: 2048 MB
INFO     translator command line string: /home/henry/Documents/UFRGS/TCC/downward/.venv/bin/python /home/henry/Documents/UFRGS/TCC/downward/experiments/lab/data/main/code-5bb2ccb6957559b6969ffd7e29254c73f84d5e49_e5e41175/builds/release/bin/translate/translate.py domain.pddl problem.pddl --sas-file output.sas
Parsing...
Parsing: [0.010s CPU, 0.005s wall-clock]
Normalizing task... [0.000s CPU, 0.000s wall-clock]
Instantiating...
Generating Datalog program... [0.000s CPU, 0.001s wall-clock]
Normalizing Datalog program...
Normalizing Datalog program: [0.000s CPU, 0.005s wall-clock]
Preparing model... [0.010s CPU, 0.003s wall-clock]
Generated 350 rules.
Computing model... [0.020s CPU, 0.019s wall-clock]
1802 relevant atoms
2342 auxiliary atoms
4144 final queue length
6664 total queue pushes
Completing instantiation... [0.020s CPU, 0.028s wall-clock]
Instantiating: [0.050s CPU, 0.057s wall-clock]
Computing fact groups...
Finding invariants...
20 initial candidates
Finding invariants: [0.010s CPU, 0.005s wall-clock]
Checking invariant weight... [0.000s CPU, 0.000s wall-clock]
Instantiating groups... [0.000s CPU, 0.001s wall-clock]
Collecting mutex groups... [0.000s CPU, 0.000s wall-clock]
Choosing groups...
306 uncovered facts
Choosing groups: [0.000s CPU, 0.000s wall-clock]
Building translation key... [0.000s CPU, 0.001s wall-clock]
Computing fact groups: [0.010s CPU, 0.009s wall-clock]
Building STRIPS to SAS dictionary... [0.000s CPU, 0.000s wall-clock]
Building dictionary for full mutex groups... [0.000s CPU, 0.000s wall-clock]
Building mutex information...
Building mutex information: [0.000s CPU, 0.000s wall-clock]
Translating task...
Processing axioms...
Simplifying axioms... [0.000s CPU, 0.000s wall-clock]
Translator axioms removed by simplifying: 0
Computing negative axioms... [0.000s CPU, 0.000s wall-clock]
Processing axioms: [0.010s CPU, 0.002s wall-clock]
Translating task: [0.030s CPU, 0.030s wall-clock]
841 effect conditions simplified
0 implied preconditions added
Detecting unreachable propositions...
0 operators removed
0 axioms removed
12 propositions removed
Detecting unreachable propositions: [0.020s CPU, 0.020s wall-clock]
Reordering and filtering variables...
106 of 315 variables necessary.
0 of 10 mutex groups necessary.
1051 of 1051 operators necessary.
0 of 0 axiom rules necessary.
Reordering and filtering variables: [0.010s CPU, 0.006s wall-clock]
Translator variables: 106
Translator derived variables: 0
Translator facts: 402
Translator goal facts: 60
Translator mutex groups: 0
Translator total mutex groups size: 0
Translator operators: 1051
Translator axioms: 0
Translator task size: 7378
Translator peak memory: 37760 KB
Writing output... [0.010s CPU, 0.005s wall-clock]
Done! [0.140s CPU, 0.136s wall-clock]
translate exit code: 0

INFO     Running search (release).
INFO     search stdin: output.sas
INFO     search time limit: 1799s
INFO     search memory limit: 2048 MB
INFO     search command line string: /home/henry/Documents/UFRGS/TCC/downward/experiments/lab/data/main/code-5bb2ccb6957559b6969ffd7e29254c73f84d5e49_e5e41175/builds/release/bin/downward --search 'eager_greedy([operatorcounting(constraint_generators=[pho_constraints(patterns=systematic(2))], use_integer_operator_counts=true, transform=adapt_costs(cost_type=NORMAL))])' --internal-plan-file sas_plan < output.sas
[t=0s, 45596 KB] reading input...
[t=0.0039775s, 45908 KB] done reading input!
[t=0.0053834s, 46440 KB] Generating patterns using: systematic pattern collection generator
[t=0.0053834s, 46440 KB] building causal graph...done! [t=0s]
[t=0.0053834s, 46440 KB] Found 360 SGA patterns.
[t=0.0053834s, 46440 KB] Found 360 interesting patterns.
[t=0.0053834s, 46440 KB] systematic pattern collection generator number of patterns: 360
[t=0.0053834s, 46440 KB] systematic pattern collection generator total PDB size: 3942
[t=0.0053834s, 46440 KB] systematic pattern collection generator computation time: 0s
[t=0.0053834s, 46440 KB] Computing PDBs for pattern collection...
[t=0.0573334s, 46440 KB] Done computing PDBs for pattern collection: 0.05195s
[t=0.0613382s, 46892 KB] Building successor generator...done!
[t=0.0613382s, 46892 KB] peak memory difference for successor generator creation: 0 KB
[t=0.0613382s, 46892 KB] time for successor generation creation: 0s
[t=0.0613382s, 46892 KB] Variables: 106
[t=0.0613382s, 46892 KB] FactPairs: 402
[t=0.0613382s, 46892 KB] Bytes per state: 20
[t=0.0613382s, 46892 KB] Conducting best first search without reopening closed nodes, (real) bound = 2147483647
[t=0.0893172s, 51008 KB] New best heuristic value for operatorcounting(constraint_generators=[pho_constraints(patterns=systematic(2))],use_integer_operator_counts=true,transform=adapt_costs(cost_type=normal)): 2004945
[t=0.0893172s, 51008 KB] g=0, 1 evaluated, 0 expanded
[t=0.0893172s, 51008 KB] Initial heuristic value for operatorcounting(constraint_generators=[pho_constraints(patterns=systematic(2))],use_integer_operator_counts=true,transform=adapt_costs(cost_type=normal)): 2004945
[t=0.0893172s, 51008 KB] pruning method: none
[t=0.121277s, 51392 KB] New best heuristic value for operatorcounting(constraint_generators=[pho_constraints(patterns=systematic(2))],use_integer_operator_counts=true,transform=adapt_costs(cost_type=normal)): 2004445
[t=0.121277s, 51392 KB] g=899, 3 evaluated, 2 expanded
[t=0.416979s, 51608 KB] New best heuristic value for operatorcounting(constraint_generators=[pho_constraints(patterns=systematic(2))],use_integer_operator_counts=true,transform=adapt_costs(cost_type=normal)): 2001357
[t=0.416979s, 51608 KB] g=3588, 13 evaluated, 3 expanded
[t=0.772649s, 51672 KB] New best heuristic value for operatorcounting(constraint_generators=[pho_constraints(patterns=systematic(2))],use_integer_operator_counts=true,transform=adapt_costs(cost_type=normal)): 1990469
[t=0.772649s, 51672 KB] g=14478, 25 evaluated, 4 expanded
[t=1.12032s, 51672 KB] New best heuristic value for operatorcounting(constraint_generators=[pho_constraints(patterns=systematic(2))],use_integer_operator_counts=true,transform=adapt_costs(cost_type=normal)): 1989969
[t=1.12032s, 51672 KB] g=15377, 37 evaluated, 5 expanded
[t=1.40004s, 51672 KB] New best heuristic value for operatorcounting(constraint_generators=[pho_constraints(patterns=systematic(2))],use_integer_operator_counts=true,transform=adapt_costs(cost_type=normal)): 1986881
[t=1.40004s, 51672 KB] g=18066, 48 evaluated, 6 expanded
[t=1.71976s, 51684 KB] New best heuristic value for operatorcounting(constraint_generators=[pho_constraints(patterns=systematic(2))],use_integer_operator_counts=true,transform=adapt_costs(cost_type=normal)): 1975993
[t=1.71976s, 51684 KB] g=28956, 61 evaluated, 7 expanded
[t=2.0354s, 51684 KB] New best heuristic value for operatorcounting(constraint_generators=[pho_constraints(patterns=systematic(2))],use_integer_operator_counts=true,transform=adapt_costs(cost_type=normal)): 1975493
[t=2.0354s, 51684 KB] g=29855, 74 evaluated, 8 expanded
[t=2.27517s, 51684 KB] New best heuristic value for operatorcounting(constraint_generators=[pho_constraints(patterns=systematic(2))],use_integer_operator_counts=true,transform=adapt_costs(cost_type=normal)): 1973695
[t=2.27517s, 51684 KB] g=32544, 86 evaluated, 9 expanded
[t=2.59487s, 51684 KB] New best heuristic value for operatorcounting(constraint_generators=[pho_constraints(patterns=systematic(2))],use_integer_operator_counts=true,transform=adapt_costs(cost_type=normal)): 1973195
[t=2.59487s, 51684 KB] g=33443, 101 evaluated, 10 expanded
[t=2.87861s, 51684 KB] New best heuristic value for operatorcounting(constraint_generators=[pho_constraints(patterns=systematic(2))],use_integer_operator_counts=true,transform=adapt_costs(cost_type=normal)): 1971397
[t=2.87861s, 51684 KB] g=36132, 114 evaluated, 11 expanded
[t=3.24613s, 51684 KB] New best heuristic value for operatorcounting(constraint_generators=[pho_constraints(patterns=systematic(2))],use_integer_operator_counts=true,transform=adapt_costs(cost_type=normal)): 1970897
[t=3.24613s, 51684 KB] g=37031, 130 evaluated, 12 expanded
[t=3.56983s, 51684 KB] New best heuristic value for operatorcounting(constraint_generators=[pho_constraints(patterns=systematic(2))],use_integer_operator_counts=true,transform=adapt_costs(cost_type=normal)): 1969099
[t=3.56983s, 51684 KB] g=39720, 144 evaluated, 13 expanded
[t=3.96935s, 51828 KB] New best heuristic value for operatorcounting(constraint_generators=[pho_constraints(patterns=systematic(2))],use_integer_operator_counts=true,transform=adapt_costs(cost_type=normal)): 1968599
[t=3.96935s, 51828 KB] g=40619, 161 evaluated, 14 expanded
[t=4.34901s, 51828 KB] New best heuristic value for operatorcounting(constraint_generators=[pho_constraints(patterns=systematic(2))],use_integer_operator_counts=true,transform=adapt_costs(cost_type=normal)): 1965511
[t=4.34901s, 51828 KB] g=43308, 176 evaluated, 15 expanded
[t=4.75256s, 51828 KB] New best heuristic value for operatorcounting(constraint_generators=[pho_constraints(patterns=systematic(2))],use_integer_operator_counts=true,transform=adapt_costs(cost_type=normal)): 1954623
[t=4.75256s, 51828 KB] g=54198, 193 evaluated, 16 expanded
[t=5.08422s, 51828 KB] New best heuristic value for operatorcounting(constraint_generators=[pho_constraints(patterns=systematic(2))],use_integer_operator_counts=true,transform=adapt_costs(cost_type=normal)): 1954123
[t=5.08422s, 51828 KB] g=55097, 210 evaluated, 17 expanded
[t=5.40749s, 51828 KB] New best heuristic value for operatorcounting(constraint_generators=[pho_constraints(patterns=systematic(2))],use_integer_operator_counts=true,transform=adapt_costs(cost_type=normal)): 1952325
[t=5.40749s, 51828 KB] g=57786, 226 evaluated, 18 expanded
[t=5.76314s, 51828 KB] New best heuristic value for operatorcounting(constraint_generators=[pho_constraints(patterns=systematic(2))],use_integer_operator_counts=true,transform=adapt_costs(cost_type=normal)): 1951825
[t=5.76314s, 51828 KB] g=58685, 245 evaluated, 19 expanded
[t=6.1147s, 51828 KB] New best heuristic value for operatorcounting(constraint_generators=[pho_constraints(patterns=systematic(2))],use_integer_operator_counts=true,transform=adapt_costs(cost_type=normal)): 1951325
[t=6.1147s, 51828 KB] g=59185, 264 evaluated, 20 expanded
[t=6.46227s, 51828 KB] New best heuristic value for operatorcounting(constraint_generators=[pho_constraints(patterns=systematic(2))],use_integer_operator_counts=true,transform=adapt_costs(cost_type=normal)): 1949527
[t=6.46227s, 51828 KB] g=61874, 282 evaluated, 21 expanded
[t=6.82987s, 51828 KB] New best heuristic value for operatorcounting(constraint_generators=[pho_constraints(patterns=systematic(2))],use_integer_operator_counts=true,transform=adapt_costs(cost_type=normal)): 1949027
[t=6.82987s, 51828 KB] g=62773, 303 evaluated, 22 expanded
[t=7.20942s, 51828 KB] New best heuristic value for operatorcounting(constraint_generators=[pho_constraints(patterns=systematic(2))],use_integer_operator_counts=true,transform=adapt_costs(cost_type=normal)): 1947229
[t=7.20942s, 51828 KB] g=65462, 322 evaluated, 23 expanded
[t=7.94068s, 51864 KB] New best heuristic value for operatorcounting(constraint_generators=[pho_constraints(patterns=systematic(2))],use_integer_operator_counts=true,transform=adapt_costs(cost_type=normal)): 1935924
[t=7.94068s, 51864 KB] g=80355, 378 evaluated, 26 expanded
[t=10.0024s, 51864 KB] New best heuristic value for operatorcounting(constraint_generators=[pho_constraints(patterns=systematic(2))],use_integer_operator_counts=true,transform=adapt_costs(cost_type=normal)): 1857774
[t=10.0024s, 51864 KB] g=308741, 541 evaluated, 35 expanded
[t=10.382s, 51864 KB] New best heuristic value for operatorcounting(constraint_generators=[pho_constraints(patterns=systematic(2))],use_integer_operator_counts=true,transform=adapt_costs(cost_type=normal)): 1778855
[t=10.382s, 51864 KB] g=387660, 567 evaluated, 36 expanded
[t=10.6697s, 51864 KB] New best heuristic value for operatorcounting(constraint_generators=[pho_constraints(patterns=systematic(2))],use_integer_operator_counts=true,transform=adapt_costs(cost_type=normal)): 1775287
[t=10.6697s, 51864 KB] g=391228, 582 evaluated, 37 expanded
[t=11.0054s, 51864 KB] New best heuristic value for operatorcounting(constraint_generators=[pho_constraints(patterns=systematic(2))],use_integer_operator_counts=true,transform=adapt_costs(cost_type=normal)): 1764418
[t=11.0054s, 51864 KB] g=402097, 601 evaluated, 38 expanded
[t=11.3331s, 51864 KB] New best heuristic value for operatorcounting(constraint_generators=[pho_constraints(patterns=systematic(2))],use_integer_operator_counts=true,transform=adapt_costs(cost_type=normal)): 1753549
[t=11.3331s, 51864 KB] g=412966, 620 evaluated, 39 expanded
[t=12.0683s, 51864 KB] New best heuristic value for operatorcounting(constraint_generators=[pho_constraints(patterns=systematic(2))],use_integer_operator_counts=true,transform=adapt_costs(cost_type=normal)): 1750418
[t=12.0683s, 51864 KB] g=416097, 657 evaluated, 40 expanded
[t=12.328s, 52048 KB] New best heuristic value for operatorcounting(constraint_generators=[pho_constraints(patterns=systematic(2))],use_integer_operator_counts=true,transform=adapt_costs(cost_type=normal)): 1739528
[t=12.328s, 52048 KB] g=426987, 673 evaluated, 41 expanded
[t=14.1542s, 52048 KB] New best heuristic value for operatorcounting(constraint_generators=[pho_constraints(patterns=systematic(2))],use_integer_operator_counts=true,transform=adapt_costs(cost_type=normal)): 1646141
[t=14.1542s, 52048 KB] g=562541, 756 evaluated, 45 expanded
[t=14.3779s, 52048 KB] New best heuristic value for operatorcounting(constraint_generators=[pho_constraints(patterns=systematic(2))],use_integer_operator_counts=true,transform=adapt_costs(cost_type=normal)): 1618432
[t=14.3779s, 52048 KB] g=590250, 765 evaluated, 46 expanded
[t=14.7896s, 52048 KB] New best heuristic value for operatorcounting(constraint_generators=[pho_constraints(patterns=systematic(2))],use_integer_operator_counts=true,transform=adapt_costs(cost_type=normal)): 1607225
[t=14.7896s, 52048 KB] g=601457, 781 evaluated, 47 expanded
[t=15.1813s, 52048 KB] New best heuristic value for operatorcounting(constraint_generators=[pho_constraints(patterns=systematic(2))],use_integer_operator_counts=true,transform=adapt_costs(cost_type=normal)): 1603974
[t=15.1813s, 52048 KB] g=604708, 797 evaluated, 48 expanded
[t=16.8399s, 52048 KB] New best heuristic value for operatorcounting(constraint_generators=[pho_constraints(patterns=systematic(2))],use_integer_operator_counts=true,transform=adapt_costs(cost_type=normal)): 1510587
[t=16.8399s, 52048 KB] g=740262, 872 evaluated, 51 expanded
[t=17.0637s, 52048 KB] New best heuristic value for operatorcounting(constraint_generators=[pho_constraints(patterns=systematic(2))],use_integer_operator_counts=true,transform=adapt_costs(cost_type=normal)): 1482878
[t=17.0637s, 52048 KB] g=767971, 881 evaluated, 52 expanded
[t=17.4234s, 52048 KB] New best heuristic value for operatorcounting(constraint_generators=[pho_constraints(patterns=systematic(2))],use_integer_operator_counts=true,transform=adapt_costs(cost_type=normal)): 1471671
[t=17.4234s, 52048 KB] g=779178, 895 evaluated, 53 expanded
[t=17.755s, 52048 KB] New best heuristic value for operatorcounting(constraint_generators=[pho_constraints(patterns=systematic(2))],use_integer_operator_counts=true,transform=adapt_costs(cost_type=normal)): 1468420
[t=17.755s, 52048 KB] g=782429, 909 evaluated, 54 expanded
[t=19.2655s, 52048 KB] New best heuristic value for operatorcounting(constraint_generators=[pho_constraints(patterns=systematic(2))],use_integer_operator_counts=true,transform=adapt_costs(cost_type=normal)): 1375033
[t=19.2655s, 52048 KB] g=917983, 976 evaluated, 57 expanded
[t=19.4773s, 52048 KB] New best heuristic value for operatorcounting(constraint_generators=[pho_constraints(patterns=systematic(2))],use_integer_operator_counts=true,transform=adapt_costs(cost_type=normal)): 1347324
[t=19.4773s, 52048 KB] g=945692, 985 evaluated, 58 expanded
[t=19.809s, 52048 KB] New best heuristic value for operatorcounting(constraint_generators=[pho_constraints(patterns=systematic(2))],use_integer_operator_counts=true,transform=adapt_costs(cost_type=normal)): 1336117
[t=19.809s, 52048 KB] g=956899, 997 evaluated, 59 expanded
[t=20.0928s, 52048 KB] New best heuristic value for operatorcounting(constraint_generators=[pho_constraints(patterns=systematic(2))],use_integer_operator_counts=true,transform=adapt_costs(cost_type=normal)): 1332866
[t=20.0928s, 52048 KB] g=960150, 1009 evaluated, 60 expanded
[t=21.3715s, 52048 KB] New best heuristic value for operatorcounting(constraint_generators=[pho_constraints(patterns=systematic(2))],use_integer_operator_counts=true,transform=adapt_costs(cost_type=normal)): 1239479
[t=21.3715s, 52048 KB] g=1095704, 1068 evaluated, 63 expanded
[t=21.5873s, 52048 KB] New best heuristic value for operatorcounting(constraint_generators=[pho_constraints(patterns=systematic(2))],use_integer_operator_counts=true,transform=adapt_costs(cost_type=normal)): 1211770
[t=21.5912s, 52048 KB] g=1123413, 1077 evaluated, 64 expanded
[t=21.863s, 52048 KB] New best heuristic value for operatorcounting(constraint_generators=[pho_constraints(patterns=systematic(2))],use_integer_operator_counts=true,transform=adapt_costs(cost_type=normal)): 1200563
[t=21.863s, 52048 KB] g=1134620, 1089 evaluated, 65 expanded
[t=22.0229s, 52140 KB] New best heuristic value for operatorcounting(constraint_generators=[pho_constraints(patterns=systematic(2))],use_integer_operator_counts=true,transform=adapt_costs(cost_type=normal)): 1197312
[t=22.0229s, 52140 KB] g=1137871, 1097 evaluated, 66 expanded
[t=23.0539s, 52140 KB] New best heuristic value for operatorcounting(constraint_generators=[pho_constraints(patterns=systematic(2))],use_integer_operator_counts=true,transform=adapt_costs(cost_type=normal)): 1103925
[t=23.0539s, 52140 KB] g=1273425, 1148 evaluated, 69 expanded
[t=23.2617s, 52140 KB] New best heuristic value for operatorcounting(constraint_generators=[pho_constraints(patterns=systematic(2))],use_integer_operator_counts=true,transform=adapt_costs(cost_type=normal)): 1076216
[t=23.2657s, 52140 KB] g=1301134, 1157 evaluated, 70 expanded
[t=23.5254s, 52140 KB] New best heuristic value for operatorcounting(constraint_generators=[pho_constraints(patterns=systematic(2))],use_integer_operator_counts=true,transform=adapt_costs(cost_type=normal)): 1065009
[t=23.5254s, 52140 KB] g=1312341, 1169 evaluated, 71 expanded
[t=23.6094s, 52140 KB] New best heuristic value for operatorcounting(constraint_generators=[pho_constraints(patterns=systematic(2))],use_integer_operator_counts=true,transform=adapt_costs(cost_type=normal)): 1061758
[t=23.6094s, 52140 KB] g=1315592, 1173 evaluated, 72 expanded
[t=24.3967s, 52140 KB] New best heuristic value for operatorcounting(constraint_generators=[pho_constraints(patterns=systematic(2))],use_integer_operator_counts=true,transform=adapt_costs(cost_type=normal)): 968371
[t=24.3967s, 52140 KB] g=1451146, 1215 evaluated, 75 expanded
[t=24.5526s, 52140 KB] New best heuristic value for operatorcounting(constraint_generators=[pho_constraints(patterns=systematic(2))],use_integer_operator_counts=true,transform=adapt_costs(cost_type=normal)): 940662
[t=24.5526s, 52140 KB] g=1478855, 1225 evaluated, 76 expanded
[t=24.7244s, 52140 KB] New best heuristic value for operatorcounting(constraint_generators=[pho_constraints(patterns=systematic(2))],use_integer_operator_counts=true,transform=adapt_costs(cost_type=normal)): 929455
[t=24.7244s, 52140 KB] g=1490062, 1235 evaluated, 77 expanded
[t=24.7524s, 52140 KB] New best heuristic value for operatorcounting(constraint_generators=[pho_constraints(patterns=systematic(2))],use_integer_operator_counts=true,transform=adapt_costs(cost_type=normal)): 926204
[t=24.7524s, 52140 KB] g=1493313, 1237 evaluated, 78 expanded
[t=1317.39s, 55600 KB] New best heuristic value for operatorcounting(constraint_generators=[pho_constraints(patterns=systematic(2))],use_integer_operator_counts=true,transform=adapt_costs(cost_type=normal)): 780570
[t=1317.39s, 55600 KB] g=1722614, 55737 evaluated, 8301 expanded
[t=1317.45s, 55600 KB] New best heuristic value for operatorcounting(constraint_generators=[pho_constraints(patterns=systematic(2))],use_integer_operator_counts=true,transform=adapt_costs(cost_type=normal)): 701651
[t=1317.45s, 55600 KB] g=1801533, 55743 evaluated, 8302 expanded
[t=1317.61s, 55600 KB] New best heuristic value for operatorcounting(constraint_generators=[pho_constraints(patterns=systematic(2))],use_integer_operator_counts=true,transform=adapt_costs(cost_type=normal)): 698400
[t=1317.61s, 55600 KB] g=1804784, 55751 evaluated, 8303 expanded
[t=1317.73s, 55600 KB] New best heuristic value for operatorcounting(constraint_generators=[pho_constraints(patterns=systematic(2))],use_integer_operator_counts=true,transform=adapt_costs(cost_type=normal)): 696901
[t=1317.73s, 55600 KB] g=1806283, 55759 evaluated, 8304 expanded
[t=1570.77s, 61052 KB] New best heuristic value for operatorcounting(constraint_generators=[pho_constraints(patterns=systematic(2))],use_integer_operator_counts=true,transform=adapt_costs(cost_type=normal)): 551267
[t=1570.77s, 61052 KB] g=2035584, 68173 evaluated, 10875 expanded
[t=1570.82s, 61052 KB] New best heuristic value for operatorcounting(constraint_generators=[pho_constraints(patterns=systematic(2))],use_integer_operator_counts=true,transform=adapt_costs(cost_type=normal)): 472348
[t=1570.82s, 61052 KB] g=2114503, 68177 evaluated, 10876 expanded
[t=1570.91s, 61052 KB] New best heuristic value for operatorcounting(constraint_generators=[pho_constraints(patterns=systematic(2))],use_integer_operator_counts=true,transform=adapt_costs(cost_type=normal)): 469097
[t=1570.91s, 61052 KB] g=2117754, 68183 evaluated, 10877 expanded
[t=1570.98s, 61052 KB] New best heuristic value for operatorcounting(constraint_generators=[pho_constraints(patterns=systematic(2))],use_integer_operator_counts=true,transform=adapt_costs(cost_type=normal)): 467598
[t=1570.98s, 61052 KB] g=2119253, 68189 evaluated, 10878 expanded
[t=1571.05s, 61052 KB] New best heuristic value for operatorcounting(constraint_generators=[pho_constraints(patterns=systematic(2))],use_integer_operator_counts=true,transform=adapt_costs(cost_type=normal)): 466099
[t=1571.05s, 61052 KB] g=2120752, 68194 evaluated, 10879 expanded
[t=1571.11s, 61052 KB] New best heuristic value for operatorcounting(constraint_generators=[pho_constraints(patterns=systematic(2))],use_integer_operator_counts=true,transform=adapt_costs(cost_type=normal)): 464600
[t=1571.11s, 61052 KB] g=2122251, 68199 evaluated, 10880 expanded
[t=1571.17s, 61052 KB] New best heuristic value for operatorcounting(constraint_generators=[pho_constraints(patterns=systematic(2))],use_integer_operator_counts=true,transform=adapt_costs(cost_type=normal)): 463101
[t=1571.17s, 61052 KB] g=2123750, 68204 evaluated, 10881 expanded
[t=1599.85s, 61052 KB] New best heuristic value for operatorcounting(constraint_generators=[pho_constraints(patterns=systematic(2))],use_integer_operator_counts=true,transform=adapt_costs(cost_type=normal)): 317467
[t=1599.85s, 61052 KB] g=2353051, 70259 evaluated, 11519 expanded
[t=1599.88s, 61052 KB] New best heuristic value for operatorcounting(constraint_generators=[pho_constraints(patterns=systematic(2))],use_integer_operator_counts=true,transform=adapt_costs(cost_type=normal)): 238548
[t=1599.88s, 61052 KB] g=2431970, 70262 evaluated, 11520 expanded
[t=1599.93s, 61052 KB] New best heuristic value for operatorcounting(constraint_generators=[pho_constraints(patterns=systematic(2))],use_integer_operator_counts=true,transform=adapt_costs(cost_type=normal)): 235297
[t=1599.93s, 61052 KB] g=2435221, 70266 evaluated, 11521 expanded
[t=1599.98s, 61052 KB] New best heuristic value for operatorcounting(constraint_generators=[pho_constraints(patterns=systematic(2))],use_integer_operator_counts=true,transform=adapt_costs(cost_type=normal)): 233798
[t=1599.98s, 61052 KB] g=2436720, 70270 evaluated, 11522 expanded
[t=1600.01s, 61052 KB] New best heuristic value for operatorcounting(constraint_generators=[pho_constraints(patterns=systematic(2))],use_integer_operator_counts=true,transform=adapt_costs(cost_type=normal)): 232299
[t=1600.01s, 61052 KB] g=2438219, 70273 evaluated, 11523 expanded
[t=1603.04s, 61052 KB] New best heuristic value for operatorcounting(constraint_generators=[pho_constraints(patterns=systematic(2))],use_integer_operator_counts=true,transform=adapt_costs(cost_type=normal)): 86667
[t=1603.04s, 61052 KB] g=2667520, 70576 evaluated, 11650 expanded
[t=1603.05s, 61052 KB] New best heuristic value for operatorcounting(constraint_generators=[pho_constraints(patterns=systematic(2))],use_integer_operator_counts=true,transform=adapt_costs(cost_type=normal)): 7748
[t=1603.05s, 61052 KB] g=2746439, 70578 evaluated, 11651 expanded
[t=1603.05s, 61052 KB] New best heuristic value for operatorcounting(constraint_generators=[pho_constraints(patterns=systematic(2))],use_integer_operator_counts=true,transform=adapt_costs(cost_type=normal)): 4497
[t=1603.05s, 61052 KB] g=2749690, 70580 evaluated, 11652 expanded
[t=1603.06s, 61052 KB] New best heuristic value for operatorcounting(constraint_generators=[pho_constraints(patterns=systematic(2))],use_integer_operator_counts=true,transform=adapt_costs(cost_type=normal)): 2998
[t=1603.06s, 61052 KB] g=2751189, 70582 evaluated, 11653 expanded
[t=1603.06s, 61052 KB] New best heuristic value for operatorcounting(constraint_generators=[pho_constraints(patterns=systematic(2))],use_integer_operator_counts=true,transform=adapt_costs(cost_type=normal)): 1499
[t=1603.06s, 61052 KB] g=2752688, 70583 evaluated, 11654 expanded
[t=1603.06s, 61052 KB] New best heuristic value for operatorcounting(constraint_generators=[pho_constraints(patterns=systematic(2))],use_integer_operator_counts=true,transform=adapt_costs(cost_type=normal)): 0
[t=1603.06s, 61052 KB] g=2754187, 70584 evaluated, 11655 expanded
[t=1603.06s, 61052 KB] Solution found!
[t=1603.06s, 61052 KB] Actual search time: 1602.97s
initialize  (0)
fe1-feedmsi-letter sheet1 (500)
im1-movelower-letter sheet1 (3088)
lc1-fmove-letter sheet1 (10890)
fe1-feedmsi-letter sheet2 (500)
im1-movelower-letter sheet2 (3088)
lc1-fmove-letter sheet2 (10890)
fe1-feedmsi-letter sheet3 (500)
im1-movelower-letter sheet3 (3088)
fe1-feedmsi-letter sheet4 (500)
im1-movelower-letter sheet4 (3088)
fe1-feedmsi-letter sheet5 (500)
im1-movelower-letter sheet5 (3088)
fe1-feedmsi-letter sheet6 (500)
im1-movelower-letter sheet6 (3088)
lc1-fmove-letter sheet6 (10890)
fe1-feedmsi-letter sheet7 (500)
im1-movelower-letter sheet7 (3088)
fe1-feedmsi-letter sheet8 (500)
fe1-feedmsi-letter sheet9 (500)
im1-movelower-letter sheet9 (3088)
fe1-feedmsi-letter sheet10 (500)
im1-movelower-letter sheet10 (3088)
im1-movelower-letter sheet8 (3088)
lc1-fmove-letter sheet8 (10890)
lc2-divert-letter sheet8 back front (17452)
lre-simplex-letter sheet8 front image-8 (211849)
lc2-mergeinvert-letter sheet8 (78919)
om-lowerreturn-letter sheet8 (3568)
rh2-returnmove-letter sheet8 (10869)
rh1-returnmove-letter sheet8 (10869)
im1-looplower-letter sheet8 (3131)
lc1-fmove-letter sheet8 (10890)
lc1-divert-letter sheet3 back front (11805)
lbe-simplex-letter sheet3 front image-3 (123749)
lc1-merge-letter sheet3 (27709)
lc2-fmove-letter sheet3 (11207)
om-lowerout-letter sheet3 (3251)
lc1-divert-letter sheet4 back front (11805)
lbe-simplex-letter sheet4 front image-4 (123749)
lc1-merge-letter sheet4 (27709)
lc2-fmove-letter sheet4 (11207)
om-lowerout-letter sheet4 (3251)
lc1-divert-letter sheet5 back front (11805)
lbe-simplex-letter sheet5 front image-5 (123749)
lc1-merge-letter sheet5 (27709)
lc2-fmove-letter sheet5 (11207)
om-lowerout-letter sheet5 (3251)
lc1-divert-letter sheet7 back front (11805)
lbe-simplex-letter sheet7 front image-7 (123749)
lc1-merge-letter sheet7 (27709)
lc2-fmove-letter sheet7 (11207)
om-lowerout-letter sheet7 (3251)
lc1-divert-letter sheet9 back front (11805)
lbe-simplex-letter sheet9 front image-9 (123749)
lc1-merge-letter sheet9 (27709)
lc2-fmove-letter sheet9 (11207)
om-lowerout-letter sheet9 (3251)
lc1-divert-letter sheet10 back front (11805)
lbe-simplex-letter sheet10 front image-10 (123749)
lc1-merge-letter sheet10 (27709)
lc2-fmove-letter sheet10 (11207)
om-lowerout-letter sheet10 (3251)
lc2-divert-letter sheet1 back front (17452)
lre-simplex-letter sheet1 front image-1 (211849)
lc2-mergeinvert-letter sheet1 (78919)
om-lowerout-letter sheet1 (3251)
sys-stack-letter sheet1 dummy-sheet (1499)
lc2-divert-letter sheet2 back front (17452)
lre-simplex-letter sheet2 front image-2 (211849)
lc2-mergeinvert-letter sheet2 (78919)
om-lowerout-letter sheet2 (3251)
sys-stack-letter sheet2 sheet1 (1499)
sys-stack-letter sheet3 sheet2 (1499)
sys-stack-letter sheet4 sheet3 (1499)
sys-stack-letter sheet5 sheet4 (1499)
lc2-divert-letter sheet6 back front (17452)
lre-simplex-letter sheet6 front image-6 (211849)
lc2-mergeinvert-letter sheet6 (78919)
om-lowerout-letter sheet6 (3251)
sys-stack-letter sheet6 sheet5 (1499)
sys-stack-letter sheet7 sheet6 (1499)
lc2-divert-letter sheet8 front back (17452)
lre-simplex-letter sheet8 back image-8b (211849)
lc2-merge-letter sheet8 back front (78919)
om-lowerout-letter sheet8 (3251)
sys-stack-letter sheet8 sheet7 (1499)
sys-stack-letter sheet9 sheet8 (1499)
sys-stack-letter sheet10 sheet9 (1499)
[t=1603.06s, 61052 KB] Plan length: 89 step(s).
[t=1603.06s, 61052 KB] Plan cost: 2754187
[t=1603.06s, 61052 KB] Expanded 11656 state(s).
[t=1603.06s, 61052 KB] Reopened 0 state(s).
[t=1603.06s, 61052 KB] Evaluated 70584 state(s).
[t=1603.06s, 61052 KB] Evaluations: 70584
[t=1603.06s, 61052 KB] Generated 98594 state(s).
[t=1603.06s, 61052 KB] Dead ends: 2151 state(s).
[t=1603.06s, 61052 KB] Number of registered states: 70584
[t=1603.06s, 61052 KB] Int hash set load factor: 70584/131072 = 0.538513
[t=1603.06s, 61052 KB] Int hash set resizes: 17
[t=1603.06s, 61052 KB] Search time: 1603s
[t=1603.06s, 61052 KB] Total time: 1603.06s
Solution found.
Peak memory: 61052 KB
Remove intermediate file output.sas
search exit code: 0

INFO     Running validate.
INFO     validate stdin: None
INFO     validate time limit: None
INFO     validate memory limit: None
INFO     validate command line string: /home/henry/bin/validate domain.pddl problem.pddl sas_plan
Checking plan: sas_plan
Plan executed successfully - checking goal
Plan valid
Final value: 2754187 

Successful plans:
Value: 2754187
 sas_plan 2754187 

validate exit code: 0

INFO     Planner time: 1603.27s
