INFO     planner time limit: 1800s
INFO     planner memory limit: 2048 MB

INFO     Running translator.
INFO     translator stdin: None
INFO     translator time limit: 1799s
INFO     translator memory limit: 2048 MB
INFO     translator command line string: /home/henry/Documents/UFRGS/TCC/downward/.venv/bin/python /home/henry/Documents/UFRGS/TCC/downward/experiments/lab/data/main/code-5bb2ccb6957559b6969ffd7e29254c73f84d5e49_e5e41175/builds/release/bin/translate/translate.py domain.pddl problem.pddl --sas-file output.sas
Parsing...
Parsing: [0.120s CPU, 0.125s wall-clock]
Normalizing task... [0.020s CPU, 0.014s wall-clock]
Instantiating...
Generating Datalog program... [0.010s CPU, 0.015s wall-clock]
Normalizing Datalog program...
Normalizing Datalog program: [0.130s CPU, 0.124s wall-clock]
Preparing model... [0.080s CPU, 0.079s wall-clock]
Generated 6310 rules.
Computing model... [6.430s CPU, 6.445s wall-clock]
275532 relevant atoms
457411 auxiliary atoms
732943 final queue length
1122414 total queue pushes
Completing instantiation... [7.690s CPU, 7.695s wall-clock]
Instantiating: [14.540s CPU, 14.562s wall-clock]
Computing fact groups...
Finding invariants...
1272 initial candidates
Finding invariants: [18.470s CPU, 18.492s wall-clock]
Checking invariant weight... [0.000s CPU, 0.000s wall-clock]
Instantiating groups... [0.000s CPU, 0.000s wall-clock]
Collecting mutex groups... [0.000s CPU, 0.001s wall-clock]
Choosing groups...
5368 uncovered facts
Choosing groups: [0.000s CPU, 0.001s wall-clock]
Building translation key... [0.010s CPU, 0.011s wall-clock]
Computing fact groups: [18.510s CPU, 18.540s wall-clock]
Building STRIPS to SAS dictionary... [0.010s CPU, 0.005s wall-clock]
Building dictionary for full mutex groups... [0.000s CPU, 0.004s wall-clock]
Building mutex information...
Building mutex information: [0.010s CPU, 0.004s wall-clock]
Translating task...
Processing axioms...
Simplifying axioms... [0.000s CPU, 0.000s wall-clock]
Translator axioms removed by simplifying: 0
Computing negative axioms... [0.000s CPU, 0.000s wall-clock]
Processing axioms: [0.310s CPU, 0.316s wall-clock]
Translating task: [9.370s CPU, 9.372s wall-clock]
418880 effect conditions simplified
0 implied preconditions added
Detecting unreachable propositions...
357 operators removed
0 axioms removed
50 propositions removed
Detecting unreachable propositions: [5.350s CPU, 5.366s wall-clock]
Reordering and filtering variables...
5071 of 5343 variables necessary.
0 of 0 mutex groups necessary.
261233 of 262386 operators necessary.
0 of 0 axiom rules necessary.
Reordering and filtering variables: [6.510s CPU, 6.516s wall-clock]
Translator variables: 5071
Translator derived variables: 0
Translator facts: 10142
Translator goal facts: 15
Translator mutex groups: 0
Translator total mutex groups size: 0
Translator operators: 261233
Translator axioms: 0
Translator task size: 1816060
Translator peak memory: 1035448 KB
Writing output... [1.560s CPU, 1.562s wall-clock]
Done! [56.400s CPU, 56.464s wall-clock]
translate exit code: 0

INFO     Running search (release).
INFO     search stdin: output.sas
INFO     search time limit: 1743s
INFO     search memory limit: 2048 MB
INFO     search command line string: /home/henry/Documents/UFRGS/TCC/downward/experiments/lab/data/main/code-5bb2ccb6957559b6969ffd7e29254c73f84d5e49_e5e41175/builds/release/bin/downward --search 'eager_greedy([operatorcounting(constraint_generators=[pho_constraints(patterns=systematic(2))], use_integer_operator_counts=true, transform=adapt_costs(cost_type=ONE))])' --internal-plan-file sas_plan < output.sas
[t=0s, 10544 KB] reading input...
[t=1.04684s, 94020 KB] done reading input!
Peak memory: 94284 KB
Remove intermediate file output.sas
search exit code: 32

Driver aborting after search
INFO     Planner time: 57.69s
