INFO     planner time limit: 1800s
INFO     planner memory limit: 2048 MB

INFO     Running translator.
INFO     translator stdin: None
INFO     translator time limit: 1799s
INFO     translator memory limit: 2048 MB
INFO     translator command line string: /home/henry/Documents/UFRGS/TCC/downward/.venv/bin/python /home/henry/Documents/UFRGS/TCC/downward/experiments/lab/data/main/code-5bb2ccb6957559b6969ffd7e29254c73f84d5e49_e5e41175/builds/release/bin/translate/translate.py domain.pddl problem.pddl --sas-file output.sas
Parsing...
Parsing: [0.010s CPU, 0.004s wall-clock]
Normalizing task... [0.000s CPU, 0.000s wall-clock]
Instantiating...
Generating Datalog program... [0.000s CPU, 0.001s wall-clock]
Normalizing Datalog program...
Trivial rules: Converted to facts.
Normalizing Datalog program: [0.000s CPU, 0.003s wall-clock]
Preparing model... [0.000s CPU, 0.003s wall-clock]
Generated 129 rules.
Computing model... [0.890s CPU, 0.889s wall-clock]
71631 relevant atoms
60254 auxiliary atoms
131885 final queue length
442311 total queue pushes
Completing instantiation... [4.040s CPU, 4.048s wall-clock]
Instantiating: [4.960s CPU, 4.969s wall-clock]
Computing fact groups...
Finding invariants...
28 initial candidates
Finding invariants: [0.010s CPU, 0.015s wall-clock]
Checking invariant weight... [0.000s CPU, 0.000s wall-clock]
Instantiating groups... [0.000s CPU, 0.002s wall-clock]
Collecting mutex groups... [0.000s CPU, 0.001s wall-clock]
Choosing groups...
830 uncovered facts
Choosing groups: [0.000s CPU, 0.001s wall-clock]
Building translation key... [0.010s CPU, 0.002s wall-clock]
Computing fact groups: [0.030s CPU, 0.028s wall-clock]
Building STRIPS to SAS dictionary... [0.000s CPU, 0.001s wall-clock]
Building dictionary for full mutex groups... [0.000s CPU, 0.001s wall-clock]
Building mutex information...
Building mutex information: [0.000s CPU, 0.000s wall-clock]
Translating task...
Processing axioms...
Simplifying axioms... [0.000s CPU, 0.000s wall-clock]
Translator axioms removed by simplifying: 0
Computing negative axioms... [0.000s CPU, 0.000s wall-clock]
Processing axioms: [0.230s CPU, 0.229s wall-clock]
Translating task: [4.990s CPU, 5.002s wall-clock]
104773 effect conditions simplified
0 implied preconditions added
Detecting unreachable propositions...
0 operators removed
0 axioms removed
55 propositions removed
Detecting unreachable propositions: [3.130s CPU, 3.131s wall-clock]
Reordering and filtering variables...
862 of 864 variables necessary.
0 of 41 mutex groups necessary.
69218 of 69218 operators necessary.
0 of 0 axiom rules necessary.
Reordering and filtering variables: [1.340s CPU, 1.337s wall-clock]
Translator variables: 862
Translator derived variables: 0
Translator facts: 2636
Translator goal facts: 49
Translator mutex groups: 0
Translator total mutex groups size: 0
Translator operators: 69218
Translator axioms: 0
Translator task size: 994345
Translator peak memory: 514544 KB
Writing output... [0.650s CPU, 0.655s wall-clock]
Done! [15.290s CPU, 15.313s wall-clock]
translate exit code: 0

INFO     Running search (release).
INFO     search stdin: output.sas
INFO     search time limit: 1784s
INFO     search memory limit: 2048 MB
INFO     search command line string: /home/henry/Documents/UFRGS/TCC/downward/experiments/lab/data/main/code-5bb2ccb6957559b6969ffd7e29254c73f84d5e49_e5e41175/builds/release/bin/downward --search 'eager_greedy([lsh(patterns=systematic(4), transform=adapt_costs(cost_type=NORMAL))])' --internal-plan-file sas_plan < output.sas
[t=0s, 10544 KB] reading input...
[t=0.439691s, 45548 KB] done reading input!
[t=0.439691s, 45812 KB] Generating patterns using: systematic pattern collection generator
[t=0.439691s, 45812 KB] building causal graph...done! [t=0.331612s]
Failed to allocate memory.
Memory limit has been reached.
Peak memory: 2097084 KB
Remove intermediate file output.sas
search exit code: 22

Driver aborting after search
INFO     Planner time: 31.27s
