INFO     planner time limit: 1800s
INFO     planner memory limit: 2048 MB

INFO     Running translator.
INFO     translator stdin: None
INFO     translator time limit: 1799s
INFO     translator memory limit: 2048 MB
INFO     translator command line string: /home/henry/Documents/UFRGS/TCC/downward/.venv/bin/python /home/henry/Documents/UFRGS/TCC/downward/experiments/lab/data/main/code-5bb2ccb6957559b6969ffd7e29254c73f84d5e49_e5e41175/builds/release/bin/translate/translate.py domain.pddl problem.pddl --sas-file output.sas
Parsing...
Parsing: [0.010s CPU, 0.005s wall-clock]
Normalizing task... [0.000s CPU, 0.000s wall-clock]
Instantiating...
Generating Datalog program... [0.000s CPU, 0.001s wall-clock]
Normalizing Datalog program...
Trivial rules: Converted to facts.
Normalizing Datalog program: [0.000s CPU, 0.003s wall-clock]
Preparing model... [0.010s CPU, 0.004s wall-clock]
Generated 129 rules.
Computing model... [1.350s CPU, 1.354s wall-clock]
107368 relevant atoms
90100 auxiliary atoms
197468 final queue length
644874 total queue pushes
Completing instantiation... [6.310s CPU, 6.318s wall-clock]
Instantiating: [7.720s CPU, 7.732s wall-clock]
Computing fact groups...
Finding invariants...
28 initial candidates
Finding invariants: [0.030s CPU, 0.028s wall-clock]
Checking invariant weight... [0.000s CPU, 0.000s wall-clock]
Instantiating groups... [0.000s CPU, 0.002s wall-clock]
Collecting mutex groups... [0.000s CPU, 0.001s wall-clock]
Choosing groups...
1001 uncovered facts
Choosing groups: [0.000s CPU, 0.002s wall-clock]
Building translation key... [0.000s CPU, 0.003s wall-clock]
Computing fact groups: [0.040s CPU, 0.044s wall-clock]
Building STRIPS to SAS dictionary... [0.010s CPU, 0.001s wall-clock]
Building dictionary for full mutex groups... [0.000s CPU, 0.001s wall-clock]
Building mutex information...
Building mutex information: [0.000s CPU, 0.001s wall-clock]
Translating task...
Processing axioms...
Simplifying axioms... [0.000s CPU, 0.000s wall-clock]
Translator axioms removed by simplifying: 0
Computing negative axioms... [0.000s CPU, 0.000s wall-clock]
Processing axioms: [0.340s CPU, 0.344s wall-clock]
Translating task: [6.460s CPU, 6.461s wall-clock]
164605 effect conditions simplified
0 implied preconditions added
Detecting unreachable propositions...
0 operators removed
0 axioms removed
61 propositions removed
Detecting unreachable propositions: [4.470s CPU, 4.477s wall-clock]
Reordering and filtering variables...
1036 of 1038 variables necessary.
0 of 45 mutex groups necessary.
104231 of 104231 operators necessary.
0 of 0 axiom rules necessary.
Reordering and filtering variables: [1.880s CPU, 1.880s wall-clock]
Translator variables: 1036
Translator derived variables: 0
Translator facts: 3208
Translator goal facts: 54
Translator mutex groups: 0
Translator total mutex groups size: 0
Translator operators: 104231
Translator axioms: 0
Translator task size: 1406923
Translator peak memory: 716456 KB
Writing output... [0.990s CPU, 0.993s wall-clock]
Done! [21.850s CPU, 21.868s wall-clock]
translate exit code: 0

INFO     Running search (release).
INFO     search stdin: output.sas
INFO     search time limit: 1778s
INFO     search memory limit: 2048 MB
INFO     search command line string: /home/henry/Documents/UFRGS/TCC/downward/experiments/lab/data/main/code-5bb2ccb6957559b6969ffd7e29254c73f84d5e49_e5e41175/builds/release/bin/downward --search 'eager_greedy([operatorcounting(constraint_generators=[pho_constraints(patterns=systematic(2))], use_integer_operator_counts=true, transform=adapt_costs(cost_type=ONE))])' --internal-plan-file sas_plan < output.sas
[t=0s, 45596 KB] reading input...
[t=0.619462s, 96288 KB] done reading input!
[t=0.626419s, 102828 KB] Generating patterns using: systematic pattern collection generator
[t=0.626419s, 102828 KB] building causal graph...done! [t=0.4196s]
[t=1.17786s, 147580 KB] Found 7856 SGA patterns.
[t=1.46163s, 147580 KB] Found 7856 interesting patterns.
[t=1.46163s, 147580 KB] systematic pattern collection generator number of patterns: 7856
[t=1.46163s, 147580 KB] systematic pattern collection generator total PDB size: 299417
[t=1.46163s, 147580 KB] systematic pattern collection generator computation time: 0.83521s
[t=1.46163s, 147580 KB] Computing PDBs for pattern collection...
[t=174.638s, 147580 KB] Done computing PDBs for pattern collection: 173.177s
[t=220.133s, 1103560 KB] Building successor generator...done!
[t=220.177s, 1103560 KB] peak memory difference for successor generator creation: 0 KB
[t=220.177s, 1103560 KB] time for successor generation creation: 0.0439596s
[t=220.177s, 1103560 KB] Variables: 1036
[t=220.177s, 1103560 KB] FactPairs: 3208
[t=220.177s, 1103560 KB] Bytes per state: 152
[t=220.177s, 1103560 KB] Conducting best first search without reopening closed nodes, (real) bound = 2147483647
[t=226.212s, 1483172 KB] New best heuristic value for operatorcounting(constraint_generators=[pho_constraints(patterns=systematic(2))],use_integer_operator_counts=true,transform=adapt_costs(cost_type=one)): 104
[t=226.212s, 1483172 KB] g=0, 1 evaluated, 0 expanded
[t=226.212s, 1483172 KB] Initial heuristic value for operatorcounting(constraint_generators=[pho_constraints(patterns=systematic(2))],use_integer_operator_counts=true,transform=adapt_costs(cost_type=one)): 104
[t=226.212s, 1483172 KB] pruning method: none
[t=232.631s, 1555352 KB] New best heuristic value for operatorcounting(constraint_generators=[pho_constraints(patterns=systematic(2))],use_integer_operator_counts=true,transform=adapt_costs(cost_type=one)): 103
[t=232.631s, 1555352 KB] g=1, 2 evaluated, 1 expanded
[t=296.851s, 2096568 KB] New best heuristic value for operatorcounting(constraint_generators=[pho_constraints(patterns=systematic(2))],use_integer_operator_counts=true,transform=adapt_costs(cost_type=one)): 102
[t=296.851s, 2096568 KB] g=1, 15 evaluated, 8 expanded
[t=317.637s, 2096568 KB] New best heuristic value for operatorcounting(constraint_generators=[pho_constraints(patterns=systematic(2))],use_integer_operator_counts=true,transform=adapt_costs(cost_type=one)): 101
[t=317.637s, 2096568 KB] g=2, 18 evaluated, 11 expanded
[t=386.001s, 2096568 KB] New best heuristic value for operatorcounting(constraint_generators=[pho_constraints(patterns=systematic(2))],use_integer_operator_counts=true,transform=adapt_costs(cost_type=one)): 100
[t=386.001s, 2096568 KB] g=2, 33 evaluated, 19 expanded
[t=413.807s, 2096568 KB] New best heuristic value for operatorcounting(constraint_generators=[pho_constraints(patterns=systematic(2))],use_integer_operator_counts=true,transform=adapt_costs(cost_type=one)): 99
[t=413.807s, 2096568 KB] g=3, 37 evaluated, 23 expanded
[t=484.087s, 2096568 KB] New best heuristic value for operatorcounting(constraint_generators=[pho_constraints(patterns=systematic(2))],use_integer_operator_counts=true,transform=adapt_costs(cost_type=one)): 98
[t=484.087s, 2096568 KB] g=3, 47 evaluated, 28 expanded
[t=519.5s, 2096568 KB] New best heuristic value for operatorcounting(constraint_generators=[pho_constraints(patterns=systematic(2))],use_integer_operator_counts=true,transform=adapt_costs(cost_type=one)): 97
[t=519.5s, 2096568 KB] g=4, 52 evaluated, 33 expanded
[t=571.754s, 2096568 KB] New best heuristic value for operatorcounting(constraint_generators=[pho_constraints(patterns=systematic(2))],use_integer_operator_counts=true,transform=adapt_costs(cost_type=one)): 96
[t=571.758s, 2096568 KB] g=4, 59 evaluated, 37 expanded
[t=600.088s, 2096568 KB] New best heuristic value for operatorcounting(constraint_generators=[pho_constraints(patterns=systematic(2))],use_integer_operator_counts=true,transform=adapt_costs(cost_type=one)): 95
[t=600.088s, 2096568 KB] g=5, 63 evaluated, 41 expanded
[t=638.014s, 2096568 KB] New best heuristic value for operatorcounting(constraint_generators=[pho_constraints(patterns=systematic(2))],use_integer_operator_counts=true,transform=adapt_costs(cost_type=one)): 94
[t=638.014s, 2096568 KB] g=5, 68 evaluated, 44 expanded
[t=730.815s, 2096568 KB] New best heuristic value for operatorcounting(constraint_generators=[pho_constraints(patterns=systematic(2))],use_integer_operator_counts=true,transform=adapt_costs(cost_type=one)): 93
[t=730.815s, 2096568 KB] g=6, 84 evaluated, 58 expanded
[t=755.059s, 2096568 KB] New best heuristic value for operatorcounting(constraint_generators=[pho_constraints(patterns=systematic(2))],use_integer_operator_counts=true,transform=adapt_costs(cost_type=one)): 92
[t=755.059s, 2096568 KB] g=6, 87 evaluated, 59 expanded
[t=906.187s, 2096568 KB] New best heuristic value for operatorcounting(constraint_generators=[pho_constraints(patterns=systematic(2))],use_integer_operator_counts=true,transform=adapt_costs(cost_type=one)): 91
[t=906.187s, 2096568 KB] g=7, 110 evaluated, 77 expanded
[t=1160.16s, 2096568 KB] New best heuristic value for operatorcounting(constraint_generators=[pho_constraints(patterns=systematic(2))],use_integer_operator_counts=true,transform=adapt_costs(cost_type=one)): 90
[t=1160.16s, 2096568 KB] g=8, 150 evaluated, 100 expanded
[t=1392.18s, 2096568 KB] New best heuristic value for operatorcounting(constraint_generators=[pho_constraints(patterns=systematic(2))],use_integer_operator_counts=true,transform=adapt_costs(cost_type=one)): 89
[t=1392.18s, 2096568 KB] g=8, 183 evaluated, 118 expanded
[t=1399.46s, 2096568 KB] New best heuristic value for operatorcounting(constraint_generators=[pho_constraints(patterns=systematic(2))],use_integer_operator_counts=true,transform=adapt_costs(cost_type=one)): 88
[t=1399.46s, 2096568 KB] g=8, 184 evaluated, 119 expanded
[t=1406.54s, 2096568 KB] New best heuristic value for operatorcounting(constraint_generators=[pho_constraints(patterns=systematic(2))],use_integer_operator_counts=true,transform=adapt_costs(cost_type=one)): 87
[t=1406.54s, 2096568 KB] g=8, 185 evaluated, 120 expanded
Peak memory: 2096568 KB
caught signal 24 -- exiting
Time limit has been reached.
Remove intermediate file output.sas
search exit code: 23

Driver aborting after search
INFO     Planner time: 1796.88s
