INFO     planner time limit: 1800s
INFO     planner memory limit: 2048 MB

INFO     Running translator.
INFO     translator stdin: None
INFO     translator time limit: 1799s
INFO     translator memory limit: 2048 MB
INFO     translator command line string: /home/henry/Documents/UFRGS/TCC/downward/.venv/bin/python /home/henry/Documents/UFRGS/TCC/downward/experiments/lab/data/main/code-fa850d1cb8d716322f299a4f9b64478019793ada_e5e41175/builds/release/bin/translate/translate.py domain.pddl problem.pddl --sas-file output.sas
Parsing...
Parsing: [0.000s CPU, 0.001s wall-clock]
Normalizing task... [0.000s CPU, 0.000s wall-clock]
Instantiating...
Generating Datalog program... [0.000s CPU, 0.000s wall-clock]
Normalizing Datalog program...
Normalizing Datalog program: [0.010s CPU, 0.002s wall-clock]
Preparing model... [0.000s CPU, 0.001s wall-clock]
Generated 44 rules.
Computing model... [0.000s CPU, 0.002s wall-clock]
199 relevant atoms
120 auxiliary atoms
319 final queue length
394 total queue pushes
Completing instantiation... [0.000s CPU, 0.002s wall-clock]
Instantiating: [0.010s CPU, 0.006s wall-clock]
Computing fact groups...
Finding invariants...
12 initial candidates
Finding invariants: [0.000s CPU, 0.001s wall-clock]
Checking invariant weight... [0.000s CPU, 0.000s wall-clock]
Instantiating groups... [0.000s CPU, 0.000s wall-clock]
Collecting mutex groups... [0.000s CPU, 0.000s wall-clock]
Choosing groups...
26 uncovered facts
Choosing groups: [0.000s CPU, 0.000s wall-clock]
Building translation key... [0.000s CPU, 0.000s wall-clock]
Computing fact groups: [0.000s CPU, 0.001s wall-clock]
Building STRIPS to SAS dictionary... [0.000s CPU, 0.000s wall-clock]
Building dictionary for full mutex groups... [0.000s CPU, 0.000s wall-clock]
Building mutex information...
Building mutex information: [0.000s CPU, 0.000s wall-clock]
Translating task...
Processing axioms...
Simplifying axioms... [0.000s CPU, 0.000s wall-clock]
Translator axioms removed by simplifying: 0
Computing negative axioms... [0.000s CPU, 0.000s wall-clock]
Processing axioms: [0.000s CPU, 0.000s wall-clock]
Translating task: [0.000s CPU, 0.002s wall-clock]
2 effect conditions simplified
0 implied preconditions added
Detecting unreachable propositions...
0 operators removed
0 axioms removed
2 propositions removed
Detecting unreachable propositions: [0.000s CPU, 0.001s wall-clock]
Reordering and filtering variables...
9 of 28 variables necessary.
0 of 2 mutex groups necessary.
71 of 102 operators necessary.
0 of 0 axiom rules necessary.
Reordering and filtering variables: [0.000s CPU, 0.000s wall-clock]
Translator variables: 9
Translator derived variables: 0
Translator facts: 25
Translator goal facts: 5
Translator mutex groups: 0
Translator total mutex groups size: 0
Translator operators: 71
Translator axioms: 0
Translator task size: 274
Translator peak memory: 32116 KB
Writing output... [0.000s CPU, 0.000s wall-clock]
Done! [0.010s CPU, 0.011s wall-clock]
translate exit code: 0

INFO     Running search (release).
INFO     search stdin: output.sas
INFO     search time limit: 1799s
INFO     search memory limit: 2048 MB
INFO     search command line string: /home/henry/Documents/UFRGS/TCC/downward/experiments/lab/data/main/code-fa850d1cb8d716322f299a4f9b64478019793ada_e5e41175/builds/release/bin/downward --search 'eager_greedy([lsh(patterns=systematic(4), transform=adapt_costs(cost_type=ONE))])' --internal-plan-file sas_plan < output.sas
[t=0s, 45596 KB] reading input...
[t=0s, 45596 KB] done reading input!
[t=0.00329963s, 45860 KB] Generating patterns using: systematic pattern collection generator
[t=0.00329963s, 45860 KB] building causal graph...done! [t=0s]
[t=0.00329963s, 45860 KB] Found 68 SGA patterns.
[t=0.00329963s, 45860 KB] Found 198 interesting patterns.
[t=0.00329963s, 45860 KB] systematic pattern collection generator number of patterns: 198
[t=0.00329963s, 45860 KB] systematic pattern collection generator total PDB size: 6592
[t=0.00329963s, 45860 KB] systematic pattern collection generator computation time: 0s
[t=0.00329963s, 45860 KB] Computing PDBs for pattern collection...
[t=0.00329963s, 45860 KB] Done computing PDBs for pattern collection: 0s
[t=0.00729885s, 45992 KB] Building successor generator...done!
[t=0.00729885s, 45992 KB] peak memory difference for successor generator creation: 0 KB
[t=0.00729885s, 45992 KB] time for successor generation creation: 0s
[t=0.00729885s, 45992 KB] Variables: 9
[t=0.00729885s, 45992 KB] FactPairs: 25
[t=0.00729885s, 45992 KB] Bytes per state: 4
[t=0.00729885s, 45992 KB] Conducting best first search without reopening closed nodes, (real) bound = 2147483647
[t=0.00729885s, 45992 KB] New best heuristic value for lsh(patterns=systematic(4),transform=adapt_costs(cost_type=one)): 13
[t=0.00729885s, 45992 KB] g=0, 1 evaluated, 0 expanded
[t=0.00729885s, 45992 KB] Initial heuristic value for lsh(patterns=systematic(4),transform=adapt_costs(cost_type=one)): 13
[t=0.00729885s, 45992 KB] pruning method: none
[t=0.00729885s, 45992 KB] New best heuristic value for lsh(patterns=systematic(4),transform=adapt_costs(cost_type=one)): 12
[t=0.00729885s, 45992 KB] g=1, 3 evaluated, 1 expanded
[t=0.00729885s, 45992 KB] New best heuristic value for lsh(patterns=systematic(4),transform=adapt_costs(cost_type=one)): 11
[t=0.00729885s, 45992 KB] g=2, 12 evaluated, 2 expanded
[t=0.00729885s, 45992 KB] New best heuristic value for lsh(patterns=systematic(4),transform=adapt_costs(cost_type=one)): 10
[t=0.00729885s, 45992 KB] g=3, 18 evaluated, 3 expanded
[t=0.00729885s, 45992 KB] New best heuristic value for lsh(patterns=systematic(4),transform=adapt_costs(cost_type=one)): 9
[t=0.00729885s, 45992 KB] g=4, 21 evaluated, 4 expanded
[t=0.00729885s, 45992 KB] New best heuristic value for lsh(patterns=systematic(4),transform=adapt_costs(cost_type=one)): 8
[t=0.00729885s, 45992 KB] g=5, 28 evaluated, 5 expanded
[t=0.00729885s, 45992 KB] New best heuristic value for lsh(patterns=systematic(4),transform=adapt_costs(cost_type=one)): 7
[t=0.00729885s, 45992 KB] g=6, 32 evaluated, 6 expanded
[t=0.00729885s, 45992 KB] New best heuristic value for lsh(patterns=systematic(4),transform=adapt_costs(cost_type=one)): 6
[t=0.00729885s, 45992 KB] g=7, 38 evaluated, 7 expanded
[t=0.00729885s, 45992 KB] New best heuristic value for lsh(patterns=systematic(4),transform=adapt_costs(cost_type=one)): 5
[t=0.00729885s, 45992 KB] g=8, 43 evaluated, 8 expanded
[t=0.00729885s, 45992 KB] New best heuristic value for lsh(patterns=systematic(4),transform=adapt_costs(cost_type=one)): 4
[t=0.00729885s, 45992 KB] g=9, 48 evaluated, 9 expanded
[t=0.00729885s, 45992 KB] New best heuristic value for lsh(patterns=systematic(4),transform=adapt_costs(cost_type=one)): 3
[t=0.00729885s, 45992 KB] g=10, 54 evaluated, 10 expanded
[t=0.00729885s, 45992 KB] New best heuristic value for lsh(patterns=systematic(4),transform=adapt_costs(cost_type=one)): 2
[t=0.00729885s, 45992 KB] g=11, 58 evaluated, 11 expanded
[t=0.00729885s, 45992 KB] New best heuristic value for lsh(patterns=systematic(4),transform=adapt_costs(cost_type=one)): 1
[t=0.00729885s, 45992 KB] g=12, 66 evaluated, 12 expanded
[t=0.00729885s, 45992 KB] New best heuristic value for lsh(patterns=systematic(4),transform=adapt_costs(cost_type=one)): 0
[t=0.00729885s, 45992 KB] g=13, 68 evaluated, 13 expanded
[t=0.00729885s, 45992 KB] Solution found!
[t=0.00729885s, 45992 KB] Actual search time: 0s
switch_on instrument1 satellite0 (1)
turn_to satellite0 groundstation2 planet4 (1)
calibrate satellite0 instrument1 groundstation2 (1)
turn_to satellite0 phenomenon5 groundstation2 (1)
take_image satellite0 phenomenon5 instrument1 image2 (1)
turn_to satellite0 phenomenon6 phenomenon5 (1)
take_image satellite0 phenomenon6 instrument1 infrared0 (1)
turn_to satellite0 planet3 phenomenon6 (1)
take_image satellite0 planet3 instrument1 infrared0 (1)
turn_to satellite0 planet4 planet3 (1)
take_image satellite0 planet4 instrument1 infrared0 (1)
turn_to satellite0 star7 planet4 (1)
take_image satellite0 star7 instrument1 infrared0 (1)
[t=0.00729885s, 45992 KB] Plan length: 13 step(s).
[t=0.00729885s, 45992 KB] Plan cost: 13
[t=0.00729885s, 45992 KB] Expanded 14 state(s).
[t=0.00729885s, 45992 KB] Reopened 0 state(s).
[t=0.00729885s, 45992 KB] Evaluated 68 state(s).
[t=0.00729885s, 45992 KB] Evaluations: 68
[t=0.00729885s, 45992 KB] Generated 116 state(s).
[t=0.00729885s, 45992 KB] Dead ends: 0 state(s).
[t=0.00729885s, 45992 KB] Number of registered states: 68
[t=0.00729885s, 45992 KB] Int hash set load factor: 68/128 = 0.53125
[t=0.00729885s, 45992 KB] Int hash set resizes: 7
[t=0.00729885s, 45992 KB] Search time: 0s
[t=0.00729885s, 45992 KB] Total time: 0.00729885s
Solution found.
Peak memory: 45992 KB
Remove intermediate file output.sas
search exit code: 0

INFO     Running validate.
INFO     validate stdin: None
INFO     validate time limit: None
INFO     validate memory limit: None
INFO     validate command line string: /home/henry/bin/validate domain.pddl problem.pddl sas_plan
Checking plan: sas_plan
Plan executed successfully - checking goal
Plan valid
Final value: 13 

Successful plans:
Value: 13
 sas_plan 13 

validate exit code: 0

INFO     Planner time: 0.07s
