INFO     planner time limit: 1800s
INFO     planner memory limit: 2048 MB

INFO     Running translator.
INFO     translator stdin: None
INFO     translator time limit: 1799s
INFO     translator memory limit: 2048 MB
INFO     translator command line string: /home/henry/Documents/UFRGS/TCC/downward/.venv/bin/python /home/henry/Documents/UFRGS/TCC/downward/experiments/lab/data/main/code-5bb2ccb6957559b6969ffd7e29254c73f84d5e49_e5e41175/builds/release/bin/translate/translate.py domain.pddl problem.pddl --sas-file output.sas
Parsing...
Parsing: [0.000s CPU, 0.004s wall-clock]
Normalizing task... [0.000s CPU, 0.000s wall-clock]
Instantiating...
Generating Datalog program... [0.010s CPU, 0.001s wall-clock]
Normalizing Datalog program...
Normalizing Datalog program: [0.000s CPU, 0.003s wall-clock]
Preparing model... [0.000s CPU, 0.003s wall-clock]
Generated 212 rules.
Computing model... [0.010s CPU, 0.014s wall-clock]
1540 relevant atoms
1584 auxiliary atoms
3124 final queue length
4600 total queue pushes
Completing instantiation... [0.010s CPU, 0.018s wall-clock]
Instantiating: [0.040s CPU, 0.038s wall-clock]
Computing fact groups...
Finding invariants...
20 initial candidates
Finding invariants: [0.010s CPU, 0.004s wall-clock]
Checking invariant weight... [0.000s CPU, 0.000s wall-clock]
Instantiating groups... [0.000s CPU, 0.001s wall-clock]
Collecting mutex groups... [0.000s CPU, 0.000s wall-clock]
Choosing groups...
399 uncovered facts
Choosing groups: [0.000s CPU, 0.000s wall-clock]
Building translation key... [0.000s CPU, 0.001s wall-clock]
Computing fact groups: [0.010s CPU, 0.009s wall-clock]
Building STRIPS to SAS dictionary... [0.000s CPU, 0.001s wall-clock]
Building dictionary for full mutex groups... [0.000s CPU, 0.000s wall-clock]
Building mutex information...
Building mutex information: [0.000s CPU, 0.000s wall-clock]
Translating task...
Processing axioms...
Simplifying axioms... [0.000s CPU, 0.000s wall-clock]
Translator axioms removed by simplifying: 0
Computing negative axioms... [0.000s CPU, 0.000s wall-clock]
Processing axioms: [0.000s CPU, 0.001s wall-clock]
Translating task: [0.020s CPU, 0.020s wall-clock]
577 effect conditions simplified
0 implied preconditions added
Detecting unreachable propositions...
0 operators removed
0 axioms removed
14 propositions removed
Detecting unreachable propositions: [0.010s CPU, 0.010s wall-clock]
Reordering and filtering variables...
122 of 410 variables necessary.
0 of 12 mutex groups necessary.
697 of 697 operators necessary.
0 of 0 axiom rules necessary.
Reordering and filtering variables: [0.010s CPU, 0.006s wall-clock]
Translator variables: 122
Translator derived variables: 0
Translator facts: 436
Translator goal facts: 72
Translator mutex groups: 0
Translator total mutex groups size: 0
Translator operators: 697
Translator axioms: 0
Translator task size: 5140
Translator peak memory: 36496 KB
Writing output... [0.000s CPU, 0.004s wall-clock]
Done! [0.090s CPU, 0.092s wall-clock]
translate exit code: 0

INFO     Running search (release).
INFO     search stdin: output.sas
INFO     search time limit: 1799s
INFO     search memory limit: 2048 MB
INFO     search command line string: /home/henry/Documents/UFRGS/TCC/downward/experiments/lab/data/main/code-5bb2ccb6957559b6969ffd7e29254c73f84d5e49_e5e41175/builds/release/bin/downward --search 'eager_greedy([operatorcounting(constraint_generators=[pho_constraints(patterns=systematic(4))], use_integer_operator_counts=true, transform=adapt_costs(cost_type=ONE))])' --internal-plan-file sas_plan < output.sas
[t=0s, 45596 KB] reading input...
[t=0.00398576s, 45888 KB] done reading input!
[t=0.00619142s, 46292 KB] Generating patterns using: systematic pattern collection generator
[t=0.00619142s, 46292 KB] building causal graph...done! [t=0s]
[t=0.0221809s, 51528 KB] Found 18811 SGA patterns.
[t=0.222036s, 60704 KB] Found 68704 interesting patterns.
[t=0.238026s, 60704 KB] systematic pattern collection generator number of patterns: 68704
[t=0.238026s, 60704 KB] systematic pattern collection generator total PDB size: 7474484
[t=0.242008s, 60704 KB] systematic pattern collection generator computation time: 0.231835s
[t=0.242008s, 60704 KB] Computing PDBs for pattern collection...
[t=7.3567s, 99872 KB] Done computing PDBs for pattern collection: 7.11469s
[t=8.22405s, 222892 KB] Building successor generator...done!
[t=8.22405s, 222892 KB] peak memory difference for successor generator creation: 0 KB
[t=8.22405s, 222892 KB] time for successor generation creation: 0s
[t=8.22405s, 222892 KB] Variables: 122
[t=8.22405s, 222892 KB] FactPairs: 436
[t=8.22405s, 222892 KB] Bytes per state: 24
[t=8.22405s, 222892 KB] Conducting best first search without reopening closed nodes, (real) bound = 2147483647
[t=8.57572s, 247468 KB] New best heuristic value for operatorcounting(constraint_generators=[pho_constraints(patterns=systematic(4))],use_integer_operator_counts=true,transform=adapt_costs(cost_type=one)): 85
[t=8.57572s, 247468 KB] g=0, 1 evaluated, 0 expanded
[t=8.57572s, 247468 KB] Initial heuristic value for operatorcounting(constraint_generators=[pho_constraints(patterns=systematic(4))],use_integer_operator_counts=true,transform=adapt_costs(cost_type=one)): 85
[t=8.57572s, 247468 KB] pruning method: none
[t=8.93539s, 248280 KB] New best heuristic value for operatorcounting(constraint_generators=[pho_constraints(patterns=systematic(4))],use_integer_operator_counts=true,transform=adapt_costs(cost_type=one)): 84
[t=8.93539s, 248280 KB] g=0, 2 evaluated, 1 expanded
[t=9.27105s, 248280 KB] New best heuristic value for operatorcounting(constraint_generators=[pho_constraints(patterns=systematic(4))],use_integer_operator_counts=true,transform=adapt_costs(cost_type=one)): 83
[t=9.27105s, 248280 KB] g=8000, 3 evaluated, 2 expanded
[t=16.2543s, 349868 KB] New best heuristic value for operatorcounting(constraint_generators=[pho_constraints(patterns=systematic(4))],use_integer_operator_counts=true,transform=adapt_costs(cost_type=one)): 82
[t=16.2543s, 349868 KB] g=10999, 27 evaluated, 3 expanded
[t=23.1693s, 350444 KB] New best heuristic value for operatorcounting(constraint_generators=[pho_constraints(patterns=systematic(4))],use_integer_operator_counts=true,transform=adapt_costs(cost_type=one)): 81
[t=23.1693s, 350444 KB] g=18999, 50 evaluated, 4 expanded
[t=30.0579s, 350508 KB] New best heuristic value for operatorcounting(constraint_generators=[pho_constraints(patterns=systematic(4))],use_integer_operator_counts=true,transform=adapt_costs(cost_type=one)): 80
[t=30.0579s, 350508 KB] g=21998, 73 evaluated, 5 expanded
[t=36.9357s, 351016 KB] New best heuristic value for operatorcounting(constraint_generators=[pho_constraints(patterns=systematic(4))],use_integer_operator_counts=true,transform=adapt_costs(cost_type=one)): 79
[t=36.9357s, 351016 KB] g=29998, 95 evaluated, 6 expanded
[t=43.7595s, 351016 KB] New best heuristic value for operatorcounting(constraint_generators=[pho_constraints(patterns=systematic(4))],use_integer_operator_counts=true,transform=adapt_costs(cost_type=one)): 78
[t=43.7595s, 351016 KB] g=32997, 117 evaluated, 7 expanded
[t=50.5348s, 351016 KB] New best heuristic value for operatorcounting(constraint_generators=[pho_constraints(patterns=systematic(4))],use_integer_operator_counts=true,transform=adapt_costs(cost_type=one)): 77
[t=50.5348s, 351016 KB] g=40997, 138 evaluated, 8 expanded
[t=57.2659s, 351540 KB] New best heuristic value for operatorcounting(constraint_generators=[pho_constraints(patterns=systematic(4))],use_integer_operator_counts=true,transform=adapt_costs(cost_type=one)): 76
[t=57.2659s, 351540 KB] g=43996, 159 evaluated, 9 expanded
[t=63.953s, 351540 KB] New best heuristic value for operatorcounting(constraint_generators=[pho_constraints(patterns=systematic(4))],use_integer_operator_counts=true,transform=adapt_costs(cost_type=one)): 75
[t=63.953s, 351540 KB] g=51996, 179 evaluated, 10 expanded
[t=70.5192s, 351540 KB] New best heuristic value for operatorcounting(constraint_generators=[pho_constraints(patterns=systematic(4))],use_integer_operator_counts=true,transform=adapt_costs(cost_type=one)): 74
[t=70.5192s, 351540 KB] g=54995, 199 evaluated, 11 expanded
[t=77.0114s, 351540 KB] New best heuristic value for operatorcounting(constraint_generators=[pho_constraints(patterns=systematic(4))],use_integer_operator_counts=true,transform=adapt_costs(cost_type=one)): 73
[t=77.0114s, 351540 KB] g=62995, 218 evaluated, 12 expanded
[t=83.4746s, 351540 KB] New best heuristic value for operatorcounting(constraint_generators=[pho_constraints(patterns=systematic(4))],use_integer_operator_counts=true,transform=adapt_costs(cost_type=one)): 72
[t=83.4746s, 351540 KB] g=65994, 237 evaluated, 13 expanded
[t=89.4861s, 351540 KB] New best heuristic value for operatorcounting(constraint_generators=[pho_constraints(patterns=systematic(4))],use_integer_operator_counts=true,transform=adapt_costs(cost_type=one)): 71
[t=89.4861s, 351540 KB] g=73994, 255 evaluated, 14 expanded
[t=95.487s, 351540 KB] New best heuristic value for operatorcounting(constraint_generators=[pho_constraints(patterns=systematic(4))],use_integer_operator_counts=true,transform=adapt_costs(cost_type=one)): 70
[t=95.487s, 351540 KB] g=76993, 273 evaluated, 15 expanded
[t=101.36s, 351540 KB] New best heuristic value for operatorcounting(constraint_generators=[pho_constraints(patterns=systematic(4))],use_integer_operator_counts=true,transform=adapt_costs(cost_type=one)): 69
[t=101.36s, 351540 KB] g=84993, 290 evaluated, 16 expanded
[t=107.201s, 351540 KB] New best heuristic value for operatorcounting(constraint_generators=[pho_constraints(patterns=systematic(4))],use_integer_operator_counts=true,transform=adapt_costs(cost_type=one)): 68
[t=107.201s, 351540 KB] g=87992, 307 evaluated, 17 expanded
[t=112.968s, 351540 KB] New best heuristic value for operatorcounting(constraint_generators=[pho_constraints(patterns=systematic(4))],use_integer_operator_counts=true,transform=adapt_costs(cost_type=one)): 67
[t=112.968s, 351540 KB] g=95992, 323 evaluated, 18 expanded
[t=118.753s, 351540 KB] New best heuristic value for operatorcounting(constraint_generators=[pho_constraints(patterns=systematic(4))],use_integer_operator_counts=true,transform=adapt_costs(cost_type=one)): 66
[t=118.753s, 351540 KB] g=98991, 339 evaluated, 19 expanded
[t=124.371s, 351540 KB] New best heuristic value for operatorcounting(constraint_generators=[pho_constraints(patterns=systematic(4))],use_integer_operator_counts=true,transform=adapt_costs(cost_type=one)): 65
[t=124.371s, 351540 KB] g=106991, 354 evaluated, 20 expanded
[t=129.98s, 351540 KB] New best heuristic value for operatorcounting(constraint_generators=[pho_constraints(patterns=systematic(4))],use_integer_operator_counts=true,transform=adapt_costs(cost_type=one)): 64
[t=129.98s, 351540 KB] g=109990, 369 evaluated, 21 expanded
[t=135.18s, 351540 KB] New best heuristic value for operatorcounting(constraint_generators=[pho_constraints(patterns=systematic(4))],use_integer_operator_counts=true,transform=adapt_costs(cost_type=one)): 63
[t=135.18s, 351540 KB] g=117990, 383 evaluated, 22 expanded
[t=140.365s, 351540 KB] New best heuristic value for operatorcounting(constraint_generators=[pho_constraints(patterns=systematic(4))],use_integer_operator_counts=true,transform=adapt_costs(cost_type=one)): 62
[t=140.365s, 351540 KB] g=120989, 397 evaluated, 23 expanded
[t=145.014s, 352240 KB] New best heuristic value for operatorcounting(constraint_generators=[pho_constraints(patterns=systematic(4))],use_integer_operator_counts=true,transform=adapt_costs(cost_type=one)): 61
[t=145.014s, 352240 KB] g=128989, 410 evaluated, 24 expanded
[t=149.636s, 352240 KB] New best heuristic value for operatorcounting(constraint_generators=[pho_constraints(patterns=systematic(4))],use_integer_operator_counts=true,transform=adapt_costs(cost_type=one)): 60
[t=149.636s, 352240 KB] g=131988, 423 evaluated, 25 expanded
[t=153.947s, 352240 KB] New best heuristic value for operatorcounting(constraint_generators=[pho_constraints(patterns=systematic(4))],use_integer_operator_counts=true,transform=adapt_costs(cost_type=one)): 59
[t=153.947s, 352240 KB] g=139988, 435 evaluated, 26 expanded
[t=158.237s, 352240 KB] New best heuristic value for operatorcounting(constraint_generators=[pho_constraints(patterns=systematic(4))],use_integer_operator_counts=true,transform=adapt_costs(cost_type=one)): 58
[t=158.237s, 352240 KB] g=364028, 447 evaluated, 27 expanded
[t=162.594s, 354100 KB] New best heuristic value for operatorcounting(constraint_generators=[pho_constraints(patterns=systematic(4))],use_integer_operator_counts=true,transform=adapt_costs(cost_type=one)): 57
[t=162.594s, 354100 KB] g=372028, 461 evaluated, 28 expanded
[t=166.872s, 354100 KB] New best heuristic value for operatorcounting(constraint_generators=[pho_constraints(patterns=systematic(4))],use_integer_operator_counts=true,transform=adapt_costs(cost_type=one)): 56
[t=166.872s, 354100 KB] g=382027, 473 evaluated, 29 expanded
[t=171.209s, 354100 KB] New best heuristic value for operatorcounting(constraint_generators=[pho_constraints(patterns=systematic(4))],use_integer_operator_counts=true,transform=adapt_costs(cost_type=one)): 55
[t=171.209s, 354100 KB] g=390027, 486 evaluated, 30 expanded
[t=175.533s, 354120 KB] New best heuristic value for operatorcounting(constraint_generators=[pho_constraints(patterns=systematic(4))],use_integer_operator_counts=true,transform=adapt_costs(cost_type=one)): 54
[t=175.533s, 354120 KB] g=398027, 498 evaluated, 31 expanded
[t=179.476s, 354120 KB] New best heuristic value for operatorcounting(constraint_generators=[pho_constraints(patterns=systematic(4))],use_integer_operator_counts=true,transform=adapt_costs(cost_type=one)): 53
[t=179.476s, 354120 KB] g=622067, 510 evaluated, 32 expanded
[t=183.433s, 354120 KB] New best heuristic value for operatorcounting(constraint_generators=[pho_constraints(patterns=systematic(4))],use_integer_operator_counts=true,transform=adapt_costs(cost_type=one)): 52
[t=183.433s, 354120 KB] g=630067, 522 evaluated, 33 expanded
[t=187.372s, 354120 KB] New best heuristic value for operatorcounting(constraint_generators=[pho_constraints(patterns=systematic(4))],use_integer_operator_counts=true,transform=adapt_costs(cost_type=one)): 51
[t=187.372s, 354120 KB] g=640066, 533 evaluated, 34 expanded
[t=191.335s, 354120 KB] New best heuristic value for operatorcounting(constraint_generators=[pho_constraints(patterns=systematic(4))],use_integer_operator_counts=true,transform=adapt_costs(cost_type=one)): 50
[t=191.335s, 354120 KB] g=648066, 544 evaluated, 35 expanded
[t=195.286s, 354120 KB] New best heuristic value for operatorcounting(constraint_generators=[pho_constraints(patterns=systematic(4))],use_integer_operator_counts=true,transform=adapt_costs(cost_type=one)): 49
[t=195.286s, 354120 KB] g=656066, 556 evaluated, 36 expanded
[t=198.856s, 354120 KB] New best heuristic value for operatorcounting(constraint_generators=[pho_constraints(patterns=systematic(4))],use_integer_operator_counts=true,transform=adapt_costs(cost_type=one)): 48
[t=198.856s, 354120 KB] g=880106, 567 evaluated, 37 expanded
[t=202.455s, 354120 KB] New best heuristic value for operatorcounting(constraint_generators=[pho_constraints(patterns=systematic(4))],use_integer_operator_counts=true,transform=adapt_costs(cost_type=one)): 47
[t=202.455s, 354120 KB] g=888106, 578 evaluated, 38 expanded
[t=206.033s, 354120 KB] New best heuristic value for operatorcounting(constraint_generators=[pho_constraints(patterns=systematic(4))],use_integer_operator_counts=true,transform=adapt_costs(cost_type=one)): 46
[t=206.033s, 354120 KB] g=898105, 588 evaluated, 39 expanded
[t=209.621s, 354120 KB] New best heuristic value for operatorcounting(constraint_generators=[pho_constraints(patterns=systematic(4))],use_integer_operator_counts=true,transform=adapt_costs(cost_type=one)): 45
[t=209.621s, 354120 KB] g=906105, 598 evaluated, 40 expanded
[t=213.162s, 354120 KB] New best heuristic value for operatorcounting(constraint_generators=[pho_constraints(patterns=systematic(4))],use_integer_operator_counts=true,transform=adapt_costs(cost_type=one)): 44
[t=213.162s, 354120 KB] g=914105, 609 evaluated, 41 expanded
[t=216.361s, 354120 KB] New best heuristic value for operatorcounting(constraint_generators=[pho_constraints(patterns=systematic(4))],use_integer_operator_counts=true,transform=adapt_costs(cost_type=one)): 43
[t=216.361s, 354120 KB] g=1138145, 619 evaluated, 42 expanded
[t=219.55s, 354120 KB] New best heuristic value for operatorcounting(constraint_generators=[pho_constraints(patterns=systematic(4))],use_integer_operator_counts=true,transform=adapt_costs(cost_type=one)): 42
[t=219.55s, 354120 KB] g=1146145, 629 evaluated, 43 expanded
[t=222.74s, 354120 KB] New best heuristic value for operatorcounting(constraint_generators=[pho_constraints(patterns=systematic(4))],use_integer_operator_counts=true,transform=adapt_costs(cost_type=one)): 41
[t=222.74s, 354120 KB] g=1156144, 638 evaluated, 44 expanded
[t=225.912s, 354120 KB] New best heuristic value for operatorcounting(constraint_generators=[pho_constraints(patterns=systematic(4))],use_integer_operator_counts=true,transform=adapt_costs(cost_type=one)): 40
[t=225.912s, 354120 KB] g=1164144, 647 evaluated, 45 expanded
[t=229.116s, 354120 KB] New best heuristic value for operatorcounting(constraint_generators=[pho_constraints(patterns=systematic(4))],use_integer_operator_counts=true,transform=adapt_costs(cost_type=one)): 39
[t=229.116s, 354120 KB] g=1172144, 657 evaluated, 46 expanded
[t=231.937s, 354120 KB] New best heuristic value for operatorcounting(constraint_generators=[pho_constraints(patterns=systematic(4))],use_integer_operator_counts=true,transform=adapt_costs(cost_type=one)): 38
[t=231.937s, 354120 KB] g=1396184, 666 evaluated, 47 expanded
[t=234.801s, 354120 KB] New best heuristic value for operatorcounting(constraint_generators=[pho_constraints(patterns=systematic(4))],use_integer_operator_counts=true,transform=adapt_costs(cost_type=one)): 37
[t=234.801s, 354120 KB] g=1404184, 675 evaluated, 48 expanded
[t=237.626s, 354120 KB] New best heuristic value for operatorcounting(constraint_generators=[pho_constraints(patterns=systematic(4))],use_integer_operator_counts=true,transform=adapt_costs(cost_type=one)): 36
[t=237.626s, 354120 KB] g=1414183, 683 evaluated, 49 expanded
[t=240.431s, 354120 KB] New best heuristic value for operatorcounting(constraint_generators=[pho_constraints(patterns=systematic(4))],use_integer_operator_counts=true,transform=adapt_costs(cost_type=one)): 35
[t=240.431s, 354120 KB] g=1422183, 691 evaluated, 50 expanded
[t=243.304s, 354120 KB] New best heuristic value for operatorcounting(constraint_generators=[pho_constraints(patterns=systematic(4))],use_integer_operator_counts=true,transform=adapt_costs(cost_type=one)): 34
[t=243.304s, 354120 KB] g=1430183, 700 evaluated, 51 expanded
[t=245.75s, 354120 KB] New best heuristic value for operatorcounting(constraint_generators=[pho_constraints(patterns=systematic(4))],use_integer_operator_counts=true,transform=adapt_costs(cost_type=one)): 33
[t=245.75s, 354120 KB] g=1654223, 708 evaluated, 52 expanded
[t=248.214s, 354120 KB] New best heuristic value for operatorcounting(constraint_generators=[pho_constraints(patterns=systematic(4))],use_integer_operator_counts=true,transform=adapt_costs(cost_type=one)): 32
[t=248.214s, 354120 KB] g=1662223, 716 evaluated, 53 expanded
[t=250.594s, 354120 KB] New best heuristic value for operatorcounting(constraint_generators=[pho_constraints(patterns=systematic(4))],use_integer_operator_counts=true,transform=adapt_costs(cost_type=one)): 31
[t=250.598s, 354120 KB] g=1672222, 723 evaluated, 54 expanded
[t=252.987s, 354120 KB] New best heuristic value for operatorcounting(constraint_generators=[pho_constraints(patterns=systematic(4))],use_integer_operator_counts=true,transform=adapt_costs(cost_type=one)): 30
[t=252.987s, 354120 KB] g=1680222, 730 evaluated, 55 expanded
[t=255.405s, 354120 KB] New best heuristic value for operatorcounting(constraint_generators=[pho_constraints(patterns=systematic(4))],use_integer_operator_counts=true,transform=adapt_costs(cost_type=one)): 29
[t=255.405s, 354120 KB] g=1688222, 738 evaluated, 56 expanded
[t=257.474s, 354120 KB] New best heuristic value for operatorcounting(constraint_generators=[pho_constraints(patterns=systematic(4))],use_integer_operator_counts=true,transform=adapt_costs(cost_type=one)): 28
[t=257.474s, 354120 KB] g=1912262, 745 evaluated, 57 expanded
[t=259.564s, 354120 KB] New best heuristic value for operatorcounting(constraint_generators=[pho_constraints(patterns=systematic(4))],use_integer_operator_counts=true,transform=adapt_costs(cost_type=one)): 27
[t=259.564s, 354120 KB] g=1920262, 752 evaluated, 58 expanded
[t=261.625s, 354120 KB] New best heuristic value for operatorcounting(constraint_generators=[pho_constraints(patterns=systematic(4))],use_integer_operator_counts=true,transform=adapt_costs(cost_type=one)): 26
[t=261.625s, 354120 KB] g=1930261, 758 evaluated, 59 expanded
[t=263.695s, 354120 KB] New best heuristic value for operatorcounting(constraint_generators=[pho_constraints(patterns=systematic(4))],use_integer_operator_counts=true,transform=adapt_costs(cost_type=one)): 25
[t=263.695s, 354120 KB] g=1938261, 764 evaluated, 60 expanded
[t=265.763s, 354388 KB] New best heuristic value for operatorcounting(constraint_generators=[pho_constraints(patterns=systematic(4))],use_integer_operator_counts=true,transform=adapt_costs(cost_type=one)): 24
[t=265.763s, 354388 KB] g=1946261, 771 evaluated, 61 expanded
[t=267.501s, 354388 KB] New best heuristic value for operatorcounting(constraint_generators=[pho_constraints(patterns=systematic(4))],use_integer_operator_counts=true,transform=adapt_costs(cost_type=one)): 23
[t=267.501s, 354388 KB] g=2170301, 777 evaluated, 62 expanded
[t=269.256s, 354656 KB] New best heuristic value for operatorcounting(constraint_generators=[pho_constraints(patterns=systematic(4))],use_integer_operator_counts=true,transform=adapt_costs(cost_type=one)): 22
[t=269.256s, 354656 KB] g=2178301, 783 evaluated, 63 expanded
[t=270.958s, 354656 KB] New best heuristic value for operatorcounting(constraint_generators=[pho_constraints(patterns=systematic(4))],use_integer_operator_counts=true,transform=adapt_costs(cost_type=one)): 21
[t=270.958s, 354656 KB] g=2188300, 788 evaluated, 64 expanded
[t=272.679s, 354656 KB] New best heuristic value for operatorcounting(constraint_generators=[pho_constraints(patterns=systematic(4))],use_integer_operator_counts=true,transform=adapt_costs(cost_type=one)): 20
[t=272.683s, 354656 KB] g=2196300, 793 evaluated, 65 expanded
[t=274.397s, 354656 KB] New best heuristic value for operatorcounting(constraint_generators=[pho_constraints(patterns=systematic(4))],use_integer_operator_counts=true,transform=adapt_costs(cost_type=one)): 19
[t=274.397s, 354656 KB] g=2204300, 799 evaluated, 66 expanded
[t=275.764s, 354656 KB] New best heuristic value for operatorcounting(constraint_generators=[pho_constraints(patterns=systematic(4))],use_integer_operator_counts=true,transform=adapt_costs(cost_type=one)): 18
[t=275.764s, 354656 KB] g=2428340, 804 evaluated, 67 expanded
[t=277.15s, 354656 KB] New best heuristic value for operatorcounting(constraint_generators=[pho_constraints(patterns=systematic(4))],use_integer_operator_counts=true,transform=adapt_costs(cost_type=one)): 17
[t=277.15s, 354656 KB] g=2436340, 809 evaluated, 68 expanded
[t=278.499s, 354656 KB] New best heuristic value for operatorcounting(constraint_generators=[pho_constraints(patterns=systematic(4))],use_integer_operator_counts=true,transform=adapt_costs(cost_type=one)): 16
[t=278.499s, 354656 KB] g=2446339, 813 evaluated, 69 expanded
[t=279.869s, 354656 KB] New best heuristic value for operatorcounting(constraint_generators=[pho_constraints(patterns=systematic(4))],use_integer_operator_counts=true,transform=adapt_costs(cost_type=one)): 15
[t=279.869s, 354656 KB] g=2454339, 817 evaluated, 70 expanded
[t=281.252s, 354656 KB] New best heuristic value for operatorcounting(constraint_generators=[pho_constraints(patterns=systematic(4))],use_integer_operator_counts=true,transform=adapt_costs(cost_type=one)): 14
[t=281.252s, 354656 KB] g=2462339, 822 evaluated, 71 expanded
[t=282.258s, 354656 KB] New best heuristic value for operatorcounting(constraint_generators=[pho_constraints(patterns=systematic(4))],use_integer_operator_counts=true,transform=adapt_costs(cost_type=one)): 13
[t=282.258s, 354656 KB] g=2686379, 825 evaluated, 72 expanded
[t=283.253s, 354656 KB] New best heuristic value for operatorcounting(constraint_generators=[pho_constraints(patterns=systematic(4))],use_integer_operator_counts=true,transform=adapt_costs(cost_type=one)): 12
[t=283.253s, 354656 KB] g=2694379, 830 evaluated, 73 expanded
[t=284.239s, 354656 KB] New best heuristic value for operatorcounting(constraint_generators=[pho_constraints(patterns=systematic(4))],use_integer_operator_counts=true,transform=adapt_costs(cost_type=one)): 11
[t=284.239s, 354656 KB] g=2704378, 833 evaluated, 74 expanded
[t=285.214s, 354656 KB] New best heuristic value for operatorcounting(constraint_generators=[pho_constraints(patterns=systematic(4))],use_integer_operator_counts=true,transform=adapt_costs(cost_type=one)): 10
[t=285.214s, 354656 KB] g=2712378, 836 evaluated, 75 expanded
[t=286.229s, 354924 KB] New best heuristic value for operatorcounting(constraint_generators=[pho_constraints(patterns=systematic(4))],use_integer_operator_counts=true,transform=adapt_costs(cost_type=one)): 9
[t=286.229s, 354924 KB] g=2720378, 840 evaluated, 76 expanded
[t=286.872s, 354924 KB] New best heuristic value for operatorcounting(constraint_generators=[pho_constraints(patterns=systematic(4))],use_integer_operator_counts=true,transform=adapt_costs(cost_type=one)): 8
[t=286.872s, 354924 KB] g=2944418, 843 evaluated, 77 expanded
[t=287.492s, 354924 KB] New best heuristic value for operatorcounting(constraint_generators=[pho_constraints(patterns=systematic(4))],use_integer_operator_counts=true,transform=adapt_costs(cost_type=one)): 7
[t=287.492s, 354924 KB] g=2952418, 846 evaluated, 78 expanded
[t=288.091s, 354924 KB] New best heuristic value for operatorcounting(constraint_generators=[pho_constraints(patterns=systematic(4))],use_integer_operator_counts=true,transform=adapt_costs(cost_type=one)): 6
[t=288.091s, 354924 KB] g=2962417, 848 evaluated, 79 expanded
[t=288.69s, 354924 KB] New best heuristic value for operatorcounting(constraint_generators=[pho_constraints(patterns=systematic(4))],use_integer_operator_counts=true,transform=adapt_costs(cost_type=one)): 5
[t=288.69s, 354924 KB] g=2970417, 850 evaluated, 80 expanded
[t=289.217s, 354924 KB] New best heuristic value for operatorcounting(constraint_generators=[pho_constraints(patterns=systematic(4))],use_integer_operator_counts=true,transform=adapt_costs(cost_type=one)): 4
[t=289.217s, 354924 KB] g=2978417, 853 evaluated, 81 expanded
[t=289.405s, 354924 KB] New best heuristic value for operatorcounting(constraint_generators=[pho_constraints(patterns=systematic(4))],use_integer_operator_counts=true,transform=adapt_costs(cost_type=one)): 3
[t=289.405s, 354924 KB] g=3202457, 855 evaluated, 82 expanded
[t=289.593s, 354924 KB] New best heuristic value for operatorcounting(constraint_generators=[pho_constraints(patterns=systematic(4))],use_integer_operator_counts=true,transform=adapt_costs(cost_type=one)): 2
[t=289.593s, 354924 KB] g=3210457, 857 evaluated, 83 expanded
[t=289.761s, 354924 KB] New best heuristic value for operatorcounting(constraint_generators=[pho_constraints(patterns=systematic(4))],use_integer_operator_counts=true,transform=adapt_costs(cost_type=one)): 1
[t=289.761s, 354924 KB] g=3220456, 858 evaluated, 84 expanded
[t=289.933s, 354924 KB] New best heuristic value for operatorcounting(constraint_generators=[pho_constraints(patterns=systematic(4))],use_integer_operator_counts=true,transform=adapt_costs(cost_type=one)): 0
[t=289.933s, 354924 KB] g=3228456, 859 evaluated, 85 expanded
[t=289.933s, 354924 KB] Solution found!
[t=289.933s, 354924 KB] Actual search time: 281.357s
initialize  (0)
colorfeeder-feed-letter sheet1 (8000)
down-movebottom-letter sheet1 (2999)
colorfeeder-feed-letter sheet2 (8000)
down-movebottom-letter sheet2 (2999)
colorfeeder-feed-letter sheet3 (8000)
down-movebottom-letter sheet3 (2999)
colorfeeder-feed-letter sheet4 (8000)
down-movebottom-letter sheet4 (2999)
colorfeeder-feed-letter sheet5 (8000)
down-movebottom-letter sheet5 (2999)
colorfeeder-feed-letter sheet6 (8000)
down-movebottom-letter sheet6 (2999)
colorfeeder-feed-letter sheet7 (8000)
down-movebottom-letter sheet7 (2999)
colorfeeder-feed-letter sheet8 (8000)
down-movebottom-letter sheet8 (2999)
colorfeeder-feed-letter sheet9 (8000)
down-movebottom-letter sheet9 (2999)
colorfeeder-feed-letter sheet10 (8000)
down-movebottom-letter sheet10 (2999)
colorfeeder-feed-letter sheet11 (8000)
down-movebottom-letter sheet11 (2999)
colorfeeder-feed-letter sheet12 (8000)
down-movebottom-letter sheet12 (2999)
colorcontainer-toime-letter sheet1 (8000)
colorprinter-simplex-letter sheet1 front image-1 (224040)
colorcontainer-fromime-letter sheet1 (8000)
up-moveup-letter sheet1 (9999)
finisher1-stack-letter sheet1 dummy-sheet (8000)
colorcontainer-toime-letter sheet2 (8000)
colorprinter-simplex-letter sheet2 front image-2 (224040)
colorcontainer-fromime-letter sheet2 (8000)
up-moveup-letter sheet2 (9999)
finisher1-stack-letter sheet2 sheet1 (8000)
colorcontainer-toime-letter sheet3 (8000)
colorprinter-simplex-letter sheet3 front image-3 (224040)
colorcontainer-fromime-letter sheet3 (8000)
up-moveup-letter sheet3 (9999)
finisher1-stack-letter sheet3 sheet2 (8000)
colorcontainer-toime-letter sheet4 (8000)
colorprinter-simplex-letter sheet4 front image-4 (224040)
colorcontainer-fromime-letter sheet4 (8000)
up-moveup-letter sheet4 (9999)
finisher1-stack-letter sheet4 sheet3 (8000)
colorcontainer-toime-letter sheet5 (8000)
colorprinter-simplex-letter sheet5 front image-5 (224040)
colorcontainer-fromime-letter sheet5 (8000)
up-moveup-letter sheet5 (9999)
finisher1-stack-letter sheet5 sheet4 (8000)
colorcontainer-toime-letter sheet6 (8000)
colorprinter-simplexmono-letter sheet6 front image-6 (224040)
colorcontainer-fromime-letter sheet6 (8000)
up-moveup-letter sheet6 (9999)
finisher1-stack-letter sheet6 sheet5 (8000)
colorcontainer-toime-letter sheet7 (8000)
colorprinter-simplex-letter sheet7 front image-7 (224040)
colorcontainer-fromime-letter sheet7 (8000)
up-moveup-letter sheet7 (9999)
finisher1-stack-letter sheet7 sheet6 (8000)
colorcontainer-toime-letter sheet8 (8000)
colorprinter-simplex-letter sheet8 front image-8 (224040)
colorcontainer-fromime-letter sheet8 (8000)
up-moveup-letter sheet8 (9999)
finisher1-stack-letter sheet8 sheet7 (8000)
colorcontainer-toime-letter sheet9 (8000)
colorprinter-simplex-letter sheet9 front image-9 (224040)
colorcontainer-fromime-letter sheet9 (8000)
up-moveup-letter sheet9 (9999)
finisher1-stack-letter sheet9 sheet8 (8000)
colorcontainer-toime-letter sheet10 (8000)
colorprinter-simplexmono-letter sheet10 front image-10 (224040)
colorcontainer-fromime-letter sheet10 (8000)
up-moveup-letter sheet10 (9999)
finisher1-stack-letter sheet10 sheet9 (8000)
colorcontainer-toime-letter sheet11 (8000)
colorprinter-simplexmono-letter sheet11 front image-11 (224040)
colorcontainer-fromime-letter sheet11 (8000)
up-moveup-letter sheet11 (9999)
finisher1-stack-letter sheet11 sheet10 (8000)
colorcontainer-toime-letter sheet12 (8000)
colorprinter-simplexmono-letter sheet12 front image-12 (224040)
colorcontainer-fromime-letter sheet12 (8000)
up-moveup-letter sheet12 (9999)
finisher1-stack-letter sheet12 sheet11 (8000)
[t=289.933s, 354924 KB] Plan length: 85 step(s).
[t=289.933s, 354924 KB] Plan cost: 3228456
[t=289.933s, 354924 KB] Expanded 86 state(s).
[t=289.933s, 354924 KB] Reopened 0 state(s).
[t=289.933s, 354924 KB] Evaluated 860 state(s).
[t=289.933s, 354924 KB] Evaluations: 860
[t=289.933s, 354924 KB] Generated 967 state(s).
[t=289.933s, 354924 KB] Dead ends: 106 state(s).
[t=289.933s, 354924 KB] Number of registered states: 860
[t=289.933s, 354924 KB] Int hash set load factor: 860/1024 = 0.839844
[t=289.933s, 354924 KB] Int hash set resizes: 10
[t=289.933s, 354924 KB] Search time: 281.709s
[t=289.933s, 354924 KB] Total time: 289.933s
Solution found.
Peak memory: 354924 KB
Remove intermediate file output.sas
search exit code: 0

INFO     Running validate.
INFO     validate stdin: None
INFO     validate time limit: None
INFO     validate memory limit: None
INFO     validate command line string: /home/henry/bin/validate domain.pddl problem.pddl sas_plan
Checking plan: sas_plan
Plan executed successfully - checking goal
Plan valid
Final value: 3228456 

Successful plans:
Value: 3228456
 sas_plan 3228456 

validate exit code: 0

INFO     Planner time: 290.15s
