INFO     planner time limit: 1800s
INFO     planner memory limit: 2048 MB

INFO     Running translator.
INFO     translator stdin: None
INFO     translator time limit: 1799s
INFO     translator memory limit: 2048 MB
INFO     translator command line string: /home/henry/Documents/UFRGS/TCC/downward/.venv/bin/python /home/henry/Documents/UFRGS/TCC/downward/experiments/lab/data/main/code-fa850d1cb8d716322f299a4f9b64478019793ada_e5e41175/builds/release/bin/translate/translate.py domain.pddl problem.pddl --sas-file output.sas
Parsing...
Parsing: [0.000s CPU, 0.001s wall-clock]
Normalizing task... [0.000s CPU, 0.000s wall-clock]
Instantiating...
Generating Datalog program... [0.000s CPU, 0.000s wall-clock]
Normalizing Datalog program...
Normalizing Datalog program: [0.000s CPU, 0.002s wall-clock]
Preparing model... [0.000s CPU, 0.001s wall-clock]
Generated 74 rules.
Computing model... [0.050s CPU, 0.041s wall-clock]
4710 relevant atoms
1648 auxiliary atoms
6358 final queue length
22040 total queue pushes
Completing instantiation... [0.120s CPU, 0.124s wall-clock]
Instantiating: [0.170s CPU, 0.170s wall-clock]
Computing fact groups...
Finding invariants...
16 initial candidates
Finding invariants: [0.010s CPU, 0.005s wall-clock]
Checking invariant weight... [0.000s CPU, 0.000s wall-clock]
Instantiating groups... [0.000s CPU, 0.000s wall-clock]
Collecting mutex groups... [0.000s CPU, 0.000s wall-clock]
Choosing groups...
0 uncovered facts
Choosing groups: [0.000s CPU, 0.000s wall-clock]
Building translation key... [0.000s CPU, 0.000s wall-clock]
Computing fact groups: [0.010s CPU, 0.006s wall-clock]
Building STRIPS to SAS dictionary... [0.000s CPU, 0.000s wall-clock]
Building dictionary for full mutex groups... [0.000s CPU, 0.000s wall-clock]
Building mutex information...
Building mutex information: [0.000s CPU, 0.000s wall-clock]
Translating task...
Processing axioms...
Simplifying axioms... [0.000s CPU, 0.000s wall-clock]
Translator axioms removed by simplifying: 0
Computing negative axioms... [0.000s CPU, 0.000s wall-clock]
Processing axioms: [0.010s CPU, 0.006s wall-clock]
Translating task: [0.130s CPU, 0.126s wall-clock]
0 effect conditions simplified
0 implied preconditions added
Detecting unreachable propositions...
0 operators removed
0 axioms removed
13 propositions removed
Detecting unreachable propositions: [0.040s CPU, 0.041s wall-clock]
Reordering and filtering variables...
13 of 13 variables necessary.
0 of 13 mutex groups necessary.
2976 of 2976 operators necessary.
0 of 0 axiom rules necessary.
Reordering and filtering variables: [0.010s CPU, 0.016s wall-clock]
Translator variables: 13
Translator derived variables: 0
Translator facts: 59
Translator goal facts: 2
Translator mutex groups: 0
Translator total mutex groups size: 0
Translator operators: 2976
Translator axioms: 0
Translator task size: 25098
Translator peak memory: 50260 KB
Writing output... [0.020s CPU, 0.017s wall-clock]
Done! [0.390s CPU, 0.388s wall-clock]
translate exit code: 0

INFO     Running search (release).
INFO     search stdin: output.sas
INFO     search time limit: 1799s
INFO     search memory limit: 2048 MB
INFO     search command line string: /home/henry/Documents/UFRGS/TCC/downward/experiments/lab/data/main/code-fa850d1cb8d716322f299a4f9b64478019793ada_e5e41175/builds/release/bin/downward --search 'eager_greedy([operatorcounting(constraint_generators=[pho_constraints(patterns=systematic(4))], use_integer_operator_counts=false, transform=adapt_costs(cost_type=ONE))])' --internal-plan-file sas_plan < output.sas
[t=0s, 45596 KB] reading input...
[t=0.00798206s, 46536 KB] done reading input!
[t=0.0119957s, 47112 KB] Generating patterns using: systematic pattern collection generator
[t=0.0119957s, 47112 KB] building causal graph...done! [t=0s]
[t=0.0119957s, 47112 KB] Found 404 SGA patterns.
[t=0.0119957s, 47112 KB] Found 420 interesting patterns.
[t=0.0119957s, 47112 KB] systematic pattern collection generator number of patterns: 420
[t=0.0119957s, 47112 KB] systematic pattern collection generator total PDB size: 150015
[t=0.0119957s, 47112 KB] systematic pattern collection generator computation time: 0s
[t=0.0119957s, 47112 KB] Computing PDBs for pattern collection...
[t=0.447403s, 48076 KB] Done computing PDBs for pattern collection: 0.435408s
[t=0.495374s, 80712 KB] Building successor generator...done!
[t=0.495374s, 80712 KB] peak memory difference for successor generator creation: 0 KB
[t=0.495374s, 80712 KB] time for successor generation creation: 0s
[t=0.495374s, 80712 KB] Variables: 13
[t=0.495374s, 80712 KB] FactPairs: 59
[t=0.495374s, 80712 KB] Bytes per state: 8
[t=0.495374s, 80712 KB] Conducting best first search without reopening closed nodes, (real) bound = 2147483647
[t=0.531316s, 95712 KB] New best heuristic value for operatorcounting(constraint_generators=[pho_constraints(patterns=systematic(4))],use_integer_operator_counts=false,transform=adapt_costs(cost_type=one)): 12
[t=0.531316s, 95712 KB] g=0, 1 evaluated, 0 expanded
[t=0.531316s, 95712 KB] Initial heuristic value for operatorcounting(constraint_generators=[pho_constraints(patterns=systematic(4))],use_integer_operator_counts=false,transform=adapt_costs(cost_type=one)): 12
[t=0.531316s, 95712 KB] pruning method: none
[t=60.7383s, 95712 KB] New best heuristic value for operatorcounting(constraint_generators=[pho_constraints(patterns=systematic(4))],use_integer_operator_counts=false,transform=adapt_costs(cost_type=one)): 11
[t=60.7383s, 95712 KB] g=4, 9917 evaluated, 244 expanded
[t=61.0856s, 95712 KB] New best heuristic value for operatorcounting(constraint_generators=[pho_constraints(patterns=systematic(4))],use_integer_operator_counts=false,transform=adapt_costs(cost_type=one)): 10
[t=61.0856s, 95712 KB] g=5, 9973 evaluated, 245 expanded
[t=61.2693s, 95712 KB] New best heuristic value for operatorcounting(constraint_generators=[pho_constraints(patterns=systematic(4))],use_integer_operator_counts=false,transform=adapt_costs(cost_type=one)): 9
[t=61.2693s, 95712 KB] g=6, 10005 evaluated, 246 expanded
[t=64.4319s, 95712 KB] New best heuristic value for operatorcounting(constraint_generators=[pho_constraints(patterns=systematic(4))],use_integer_operator_counts=false,transform=adapt_costs(cost_type=one)): 8
[t=64.4319s, 95712 KB] g=10, 10529 evaluated, 284 expanded
[t=64.6157s, 95712 KB] New best heuristic value for operatorcounting(constraint_generators=[pho_constraints(patterns=systematic(4))],use_integer_operator_counts=false,transform=adapt_costs(cost_type=one)): 7
[t=64.6157s, 95712 KB] g=11, 10565 evaluated, 285 expanded
[t=64.7994s, 95712 KB] New best heuristic value for operatorcounting(constraint_generators=[pho_constraints(patterns=systematic(4))],use_integer_operator_counts=false,transform=adapt_costs(cost_type=one)): 6
[t=64.7994s, 95712 KB] g=12, 10600 evaluated, 286 expanded
[t=79.2947s, 95712 KB] New best heuristic value for operatorcounting(constraint_generators=[pho_constraints(patterns=systematic(4))],use_integer_operator_counts=false,transform=adapt_costs(cost_type=one)): 5
[t=79.2947s, 95712 KB] g=19, 13064 evaluated, 763 expanded
[t=79.4263s, 95712 KB] New best heuristic value for operatorcounting(constraint_generators=[pho_constraints(patterns=systematic(4))],use_integer_operator_counts=false,transform=adapt_costs(cost_type=one)): 4
[t=79.4263s, 95712 KB] g=20, 13088 evaluated, 764 expanded
[t=79.4703s, 95712 KB] New best heuristic value for operatorcounting(constraint_generators=[pho_constraints(patterns=systematic(4))],use_integer_operator_counts=false,transform=adapt_costs(cost_type=one)): 3
[t=79.4703s, 95712 KB] g=21, 13097 evaluated, 765 expanded
[t=84.3932s, 95712 KB] New best heuristic value for operatorcounting(constraint_generators=[pho_constraints(patterns=systematic(4))],use_integer_operator_counts=false,transform=adapt_costs(cost_type=one)): 2
[t=84.3932s, 95712 KB] g=26, 13989 evaluated, 862 expanded
[t=84.4531s, 95712 KB] New best heuristic value for operatorcounting(constraint_generators=[pho_constraints(patterns=systematic(4))],use_integer_operator_counts=false,transform=adapt_costs(cost_type=one)): 1
[t=84.4531s, 95712 KB] g=27, 13998 evaluated, 863 expanded
[t=84.6088s, 95712 KB] New best heuristic value for operatorcounting(constraint_generators=[pho_constraints(patterns=systematic(4))],use_integer_operator_counts=false,transform=adapt_costs(cost_type=one)): 0
[t=84.6088s, 95712 KB] g=28, 14019 evaluated, 864 expanded
[t=84.6607s, 95712 KB] Solution found!
[t=84.6607s, 95712 KB] Actual search time: 84.1294s
put_down girl0 place0 tent0 (1)
drive_tent girl0 place0 place1 car0 tent0 (1)
put_up girl0 place1 tent0 (1)
walk_together tent0 place1 guy1 place0 girl1 couple1 (1)
drive girl0 place1 place0 car0 (1)
put_down girl0 place0 tent1 (1)
drive_tent_passenger girl0 place0 place2 car0 tent1 guy0 (1)
put_up girl0 place2 tent1 (1)
walk_together tent1 place2 guy1 place1 girl1 couple1 (1)
drive_passenger girl0 place2 place0 car0 guy0 (1)
drive girl0 place0 place1 car0 (1)
drive guy0 place0 place1 car1 (1)
drive_passenger girl0 place1 place0 car0 guy0 (1)
walk_together tent0 place1 guy0 place0 girl0 couple0 (1)
put_down girl0 place1 tent0 (1)
drive_tent girl0 place1 place3 car1 tent0 (1)
put_up girl0 place3 tent0 (1)
walk_together tent0 place3 guy1 place2 girl1 couple1 (1)
drive_passenger girl0 place3 place1 car1 girl1 (1)
walk_together tent1 place2 guy0 place1 girl0 couple0 (1)
walk_together tent0 place3 guy0 place2 girl0 couple0 (1)
drive girl1 place1 place3 car1 (1)
put_down girl0 place3 tent0 (1)
drive_tent girl0 place3 place4 car1 tent0 (1)
put_up girl0 place4 tent0 (1)
walk_together tent0 place4 guy1 place3 girl1 couple1 (1)
drive girl0 place4 place3 car1 (1)
walk_together tent0 place4 guy0 place3 girl0 couple0 (1)
[t=84.6607s, 95712 KB] Plan length: 28 step(s).
[t=84.6607s, 95712 KB] Plan cost: 28
[t=84.6607s, 95712 KB] Expanded 865 state(s).
[t=84.6607s, 95712 KB] Reopened 0 state(s).
[t=84.6607s, 95712 KB] Evaluated 14028 state(s).
[t=84.6607s, 95712 KB] Evaluations: 14028
[t=84.6607s, 95712 KB] Generated 30879 state(s).
[t=84.6607s, 95712 KB] Dead ends: 0 state(s).
[t=84.6607s, 95712 KB] Number of registered states: 14028
[t=84.6607s, 95712 KB] Int hash set load factor: 14028/16384 = 0.856201
[t=84.6607s, 95712 KB] Int hash set resizes: 14
[t=84.6607s, 95712 KB] Search time: 84.1654s
[t=84.6607s, 95712 KB] Total time: 84.6607s
Solution found.
Peak memory: 95712 KB
Remove intermediate file output.sas
search exit code: 0

INFO     Running validate.
INFO     validate stdin: None
INFO     validate time limit: None
INFO     validate memory limit: None
INFO     validate command line string: /home/henry/bin/validate domain.pddl problem.pddl sas_plan
Checking plan: sas_plan
Plan executed successfully - checking goal
Plan valid
Final value: 28 

Successful plans:
Value: 28
 sas_plan 28 

validate exit code: 0

INFO     Planner time: 85.13s
