INFO     planner time limit: 1800s
INFO     planner memory limit: 2048 MB

INFO     Running translator.
INFO     translator stdin: None
INFO     translator time limit: 1799s
INFO     translator memory limit: 2048 MB
INFO     translator command line string: /home/henry/Documents/UFRGS/TCC/downward/.venv/bin/python /home/henry/Documents/UFRGS/TCC/downward/experiments/lab/data/main/code-5bb2ccb6957559b6969ffd7e29254c73f84d5e49_e5e41175/builds/release/bin/translate/translate.py domain.pddl problem.pddl --sas-file output.sas
Parsing...
Parsing: [0.010s CPU, 0.004s wall-clock]
Normalizing task... [0.000s CPU, 0.000s wall-clock]
Instantiating...
Generating Datalog program... [0.000s CPU, 0.001s wall-clock]
Normalizing Datalog program...
Normalizing Datalog program: [0.000s CPU, 0.008s wall-clock]
Preparing model... [0.010s CPU, 0.004s wall-clock]
Generated 284 rules.
Computing model... [0.200s CPU, 0.199s wall-clock]
12075 relevant atoms
20466 auxiliary atoms
32541 final queue length
79327 total queue pushes
Completing instantiation... [0.600s CPU, 0.604s wall-clock]
Instantiating: [0.810s CPU, 0.822s wall-clock]
Computing fact groups...
Finding invariants...
22 initial candidates
Finding invariants: [0.020s CPU, 0.020s wall-clock]
Checking invariant weight... [0.000s CPU, 0.000s wall-clock]
Instantiating groups... [0.010s CPU, 0.006s wall-clock]
Collecting mutex groups... [0.000s CPU, 0.000s wall-clock]
Choosing groups...
330 uncovered facts
Choosing groups: [0.000s CPU, 0.001s wall-clock]
Building translation key... [0.000s CPU, 0.001s wall-clock]
Computing fact groups: [0.040s CPU, 0.032s wall-clock]
Building STRIPS to SAS dictionary... [0.000s CPU, 0.000s wall-clock]
Building dictionary for full mutex groups... [0.000s CPU, 0.001s wall-clock]
Building mutex information...
Building mutex information: [0.000s CPU, 0.001s wall-clock]
Translating task...
Processing axioms...
Simplifying axioms... [0.000s CPU, 0.000s wall-clock]
Translator axioms removed by simplifying: 0
Computing negative axioms... [0.000s CPU, 0.000s wall-clock]
Processing axioms: [0.020s CPU, 0.026s wall-clock]
Translating task: [0.670s CPU, 0.668s wall-clock]
8142 effect conditions simplified
0 implied preconditions added
Detecting unreachable propositions...
0 operators removed
0 axioms removed
1 propositions removed
Detecting unreachable propositions: [0.340s CPU, 0.343s wall-clock]
Reordering and filtering variables...
342 of 356 variables necessary.
68 of 94 mutex groups necessary.
10887 of 10895 operators necessary.
0 of 0 axiom rules necessary.
Reordering and filtering variables: [0.140s CPU, 0.143s wall-clock]
Translator variables: 342
Translator derived variables: 0
Translator facts: 1012
Translator goal facts: 4
Translator mutex groups: 68
Translator total mutex groups size: 873
Translator operators: 10887
Translator axioms: 0
Translator task size: 116538
Translator peak memory: 104768 KB
Writing output... [0.090s CPU, 0.091s wall-clock]
Done! [2.140s CPU, 2.141s wall-clock]
translate exit code: 0

INFO     Running search (release).
INFO     search stdin: output.sas
INFO     search time limit: 1797s
INFO     search memory limit: 2048 MB
INFO     search command line string: /home/henry/Documents/UFRGS/TCC/downward/experiments/lab/data/main/code-5bb2ccb6957559b6969ffd7e29254c73f84d5e49_e5e41175/builds/release/bin/downward --search 'eager_greedy([operatorcounting(constraint_generators=[pho_constraints(patterns=systematic(2))], use_integer_operator_counts=false, transform=adapt_costs(cost_type=NORMAL))])' --internal-plan-file sas_plan < output.sas
[t=0s, 45596 KB] reading input...
[t=0.0559636s, 50184 KB] done reading input!
[t=0.0580574s, 51392 KB] Generating patterns using: systematic pattern collection generator
[t=0.0580574s, 51392 KB] building causal graph...done! [t=0.0239534s]
[t=0.0820108s, 53508 KB] Found 100 SGA patterns.
[t=0.0860209s, 53508 KB] Found 100 interesting patterns.
[t=0.0860209s, 53508 KB] systematic pattern collection generator number of patterns: 100
[t=0.0860209s, 53508 KB] systematic pattern collection generator total PDB size: 2774
[t=0.0860209s, 53508 KB] systematic pattern collection generator computation time: 0.0279635s
[t=0.0860209s, 53508 KB] Computing PDBs for pattern collection...
[t=0.257789s, 54156 KB] Done computing PDBs for pattern collection: 0.171768s
[t=0.297738s, 57980 KB] Building successor generator...done!
[t=0.30172s, 57980 KB] peak memory difference for successor generator creation: 0 KB
[t=0.30172s, 57980 KB] time for successor generation creation: 0.00398223s
[t=0.30172s, 57980 KB] Variables: 342
[t=0.30172s, 57980 KB] FactPairs: 1012
[t=0.30172s, 57980 KB] Bytes per state: 56
[t=0.30172s, 57980 KB] Conducting best first search without reopening closed nodes, (real) bound = 2147483647
[t=0.313716s, 65552 KB] New best heuristic value for operatorcounting(constraint_generators=[pho_constraints(patterns=systematic(2))],use_integer_operator_counts=false,transform=adapt_costs(cost_type=normal)): 8
[t=0.313716s, 65552 KB] g=0, 1 evaluated, 0 expanded
[t=0.313716s, 65552 KB] Initial heuristic value for operatorcounting(constraint_generators=[pho_constraints(patterns=systematic(2))],use_integer_operator_counts=false,transform=adapt_costs(cost_type=normal)): 8
[t=0.313716s, 65552 KB] pruning method: none
Peak memory: 251784 KB
caught signal 24 -- exiting
Time limit has been reached.
Remove intermediate file output.sas
search exit code: 23

Driver aborting after search
INFO     Planner time: 1797.24s
