INFO     planner time limit: 1800s
INFO     planner memory limit: 2048 MB

INFO     Running translator.
INFO     translator stdin: None
INFO     translator time limit: 1799s
INFO     translator memory limit: 2048 MB
INFO     translator command line string: /home/henry/Documents/UFRGS/TCC/downward/.venv/bin/python /home/henry/Documents/UFRGS/TCC/downward/experiments/lab/data/main/code-5bb2ccb6957559b6969ffd7e29254c73f84d5e49_e5e41175/builds/release/bin/translate/translate.py domain.pddl problem.pddl --sas-file output.sas
Parsing...
Parsing: [0.000s CPU, 0.002s wall-clock]
Normalizing task... [0.000s CPU, 0.000s wall-clock]
Instantiating...
Generating Datalog program... [0.010s CPU, 0.000s wall-clock]
Normalizing Datalog program...
Trivial rules: Converted to facts.
Normalizing Datalog program: [0.000s CPU, 0.001s wall-clock]
Preparing model... [0.000s CPU, 0.001s wall-clock]
Generated 32 rules.
Computing model... [0.120s CPU, 0.131s wall-clock]
16327 relevant atoms
1117 auxiliary atoms
17444 final queue length
81853 total queue pushes
Completing instantiation... [0.830s CPU, 0.829s wall-clock]
Instantiating: [0.970s CPU, 0.965s wall-clock]
Computing fact groups...
Finding invariants...
13 initial candidates
Finding invariants: [0.010s CPU, 0.005s wall-clock]
Checking invariant weight... [0.000s CPU, 0.000s wall-clock]
Instantiating groups... [0.000s CPU, 0.000s wall-clock]
Collecting mutex groups... [0.000s CPU, 0.000s wall-clock]
Choosing groups...
179 uncovered facts
Choosing groups: [0.000s CPU, 0.000s wall-clock]
Building translation key... [0.000s CPU, 0.000s wall-clock]
Computing fact groups: [0.010s CPU, 0.006s wall-clock]
Building STRIPS to SAS dictionary... [0.000s CPU, 0.000s wall-clock]
Building dictionary for full mutex groups... [0.000s CPU, 0.000s wall-clock]
Building mutex information...
Building mutex information: [0.000s CPU, 0.000s wall-clock]
Translating task...
Processing axioms...
Simplifying axioms... [0.000s CPU, 0.000s wall-clock]
Translator axioms removed by simplifying: 0
Computing negative axioms... [0.000s CPU, 0.000s wall-clock]
Processing axioms: [0.040s CPU, 0.039s wall-clock]
Translating task: [0.980s CPU, 0.988s wall-clock]
29648 effect conditions simplified
0 implied preconditions added
Detecting unreachable propositions...
0 operators removed
0 axioms removed
3 propositions removed
Detecting unreachable propositions: [0.480s CPU, 0.481s wall-clock]
Reordering and filtering variables...
182 of 182 variables necessary.
0 of 3 mutex groups necessary.
15844 of 15844 operators necessary.
0 of 0 axiom rules necessary.
Reordering and filtering variables: [0.210s CPU, 0.210s wall-clock]
Translator variables: 182
Translator derived variables: 0
Translator facts: 449
Translator goal facts: 23
Translator mutex groups: 0
Translator total mutex groups size: 0
Translator operators: 15844
Translator axioms: 0
Translator task size: 183130
Translator peak memory: 135564 KB
Writing output... [0.170s CPU, 0.168s wall-clock]
Done! [2.860s CPU, 2.862s wall-clock]
translate exit code: 0

INFO     Running search (release).
INFO     search stdin: output.sas
INFO     search time limit: 1797s
INFO     search memory limit: 2048 MB
INFO     search command line string: /home/henry/Documents/UFRGS/TCC/downward/experiments/lab/data/main/code-5bb2ccb6957559b6969ffd7e29254c73f84d5e49_e5e41175/builds/release/bin/downward --search 'eager_greedy([operatorcounting(constraint_generators=[pho_constraints(patterns=systematic(2))], use_integer_operator_counts=false, transform=adapt_costs(cost_type=ONE))])' --internal-plan-file sas_plan < output.sas
[t=0.00249462s, 45596 KB] reading input...
[t=0.0824269s, 52628 KB] done reading input!
[t=0.084335s, 53752 KB] Generating patterns using: systematic pattern collection generator
[t=0.084335s, 53752 KB] building causal graph...done! [t=0.051927s]
[t=0.144253s, 60356 KB] Found 731 SGA patterns.
[t=0.148251s, 60356 KB] Found 731 interesting patterns.
[t=0.148251s, 60356 KB] systematic pattern collection generator number of patterns: 731
[t=0.148251s, 60356 KB] systematic pattern collection generator total PDB size: 5224
[t=0.148251s, 60356 KB] systematic pattern collection generator computation time: 0.0639157s
[t=0.148251s, 60356 KB] Computing PDBs for pattern collection...
[t=2.32943s, 60356 KB] Done computing PDBs for pattern collection: 2.18118s
[t=2.80883s, 89104 KB] Building successor generator...done!
[t=2.81284s, 89104 KB] peak memory difference for successor generator creation: 0 KB
[t=2.81284s, 89104 KB] time for successor generation creation: 0.00400571s
[t=2.81284s, 89104 KB] Variables: 182
[t=2.81284s, 89104 KB] FactPairs: 449
[t=2.81284s, 89104 KB] Bytes per state: 28
[t=2.81284s, 89104 KB] Conducting best first search without reopening closed nodes, (real) bound = 2147483647
[t=2.84871s, 107288 KB] New best heuristic value for operatorcounting(constraint_generators=[pho_constraints(patterns=systematic(2))],use_integer_operator_counts=false,transform=adapt_costs(cost_type=one)): 6
[t=2.85271s, 107288 KB] g=0, 1 evaluated, 0 expanded
[t=2.85271s, 107288 KB] Initial heuristic value for operatorcounting(constraint_generators=[pho_constraints(patterns=systematic(2))],use_integer_operator_counts=false,transform=adapt_costs(cost_type=one)): 6
[t=2.85271s, 107288 KB] pruning method: none
[t=2.86867s, 107288 KB] New best heuristic value for operatorcounting(constraint_generators=[pho_constraints(patterns=systematic(2))],use_integer_operator_counts=false,transform=adapt_costs(cost_type=one)): 5
[t=2.86867s, 107288 KB] g=1, 3 evaluated, 1 expanded
[t=2.90861s, 107288 KB] New best heuristic value for operatorcounting(constraint_generators=[pho_constraints(patterns=systematic(2))],use_integer_operator_counts=false,transform=adapt_costs(cost_type=one)): 4
[t=2.90861s, 107288 KB] g=2, 9 evaluated, 3 expanded
[t=647.622s, 107288 KB] New best heuristic value for operatorcounting(constraint_generators=[pho_constraints(patterns=systematic(2))],use_integer_operator_counts=false,transform=adapt_costs(cost_type=one)): 3
[t=647.622s, 107288 KB] g=10, 89288 evaluated, 61668 expanded
Peak memory: 116304 KB
caught signal 24 -- exiting
Time limit has been reached.
Remove intermediate file output.sas
search exit code: 23

Driver aborting after search
INFO     Planner time: 1797.31s
