INFO     planner time limit: 1800s
INFO     planner memory limit: 2048 MB

INFO     Running translator.
INFO     translator stdin: None
INFO     translator time limit: 1799s
INFO     translator memory limit: 2048 MB
INFO     translator command line string: /home/henry/Documents/UFRGS/TCC/downward/.venv/bin/python /home/henry/Documents/UFRGS/TCC/downward/experiments/lab/data/main/code-5bb2ccb6957559b6969ffd7e29254c73f84d5e49_e5e41175/builds/release/bin/translate/translate.py domain.pddl problem.pddl --sas-file output.sas
Parsing...
Parsing: [0.060s CPU, 0.054s wall-clock]
Normalizing task... [0.000s CPU, 0.002s wall-clock]
Instantiating...
Generating Datalog program... [0.050s CPU, 0.043s wall-clock]
Normalizing Datalog program...
Normalizing Datalog program: [0.000s CPU, 0.002s wall-clock]
Preparing model... [0.100s CPU, 0.107s wall-clock]
Generated 6 rules.
Computing model... [0.270s CPU, 0.267s wall-clock]
40321 relevant atoms
15456 auxiliary atoms
55777 final queue length
74147 total queue pushes
Completing instantiation... [0.380s CPU, 0.386s wall-clock]
Instantiating: [0.820s CPU, 0.825s wall-clock]
Computing fact groups...
Finding invariants...
4 initial candidates
Finding invariants: [0.000s CPU, 0.002s wall-clock]
Checking invariant weight... [0.010s CPU, 0.003s wall-clock]
Instantiating groups... [0.000s CPU, 0.004s wall-clock]
Collecting mutex groups... [0.010s CPU, 0.002s wall-clock]
Choosing groups...
3136 uncovered facts
Choosing groups: [0.000s CPU, 0.005s wall-clock]
Building translation key... [0.000s CPU, 0.009s wall-clock]
Computing fact groups: [0.060s CPU, 0.063s wall-clock]
Building STRIPS to SAS dictionary... [0.010s CPU, 0.008s wall-clock]
Building dictionary for full mutex groups... [0.010s CPU, 0.004s wall-clock]
Building mutex information...
Building mutex information: [0.000s CPU, 0.005s wall-clock]
Translating task...
Processing axioms...
Simplifying axioms... [0.000s CPU, 0.000s wall-clock]
Translator axioms removed by simplifying: 0
Computing negative axioms... [0.000s CPU, 0.000s wall-clock]
Processing axioms: [0.020s CPU, 0.016s wall-clock]
Translating task: [0.340s CPU, 0.338s wall-clock]
0 effect conditions simplified
0 implied preconditions added
Detecting unreachable propositions...
0 operators removed
0 axioms removed
3 propositions removed
Detecting unreachable propositions: [0.370s CPU, 0.366s wall-clock]
Reordering and filtering variables...
3136 of 3136 variables necessary.
0 of 1 mutex groups necessary.
12320 of 12320 operators necessary.
0 of 0 axiom rules necessary.
Reordering and filtering variables: [0.050s CPU, 0.050s wall-clock]
Translator variables: 3136
Translator derived variables: 0
Translator facts: 9406
Translator goal facts: 3135
Translator mutex groups: 0
Translator total mutex groups size: 0
Translator operators: 12320
Translator axioms: 0
Translator task size: 64953
Translator peak memory: 86972 KB
Writing output... [0.060s CPU, 0.055s wall-clock]
Done! [1.800s CPU, 1.798s wall-clock]
translate exit code: 0

INFO     Running search (release).
INFO     search stdin: output.sas
INFO     search time limit: 1798s
INFO     search memory limit: 2048 MB
INFO     search command line string: /home/henry/Documents/UFRGS/TCC/downward/experiments/lab/data/main/code-5bb2ccb6957559b6969ffd7e29254c73f84d5e49_e5e41175/builds/release/bin/downward --search 'eager_greedy([operatorcounting(constraint_generators=[pho_constraints(patterns=systematic(2))], use_integer_operator_counts=true, transform=adapt_costs(cost_type=NORMAL))])' --internal-plan-file sas_plan < output.sas
[t=0s, 45596 KB] reading input...
[t=0.0399834s, 50328 KB] done reading input!
[t=0.0427684s, 51508 KB] Generating patterns using: systematic pattern collection generator
[t=0.0427684s, 51508 KB] building causal graph...done! [t=0.00800032s]
[t=0.0507687s, 54932 KB] Found 6270 SGA patterns.
[t=0.526251s, 54932 KB] Found 6270 interesting patterns.
[t=0.526251s, 54932 KB] systematic pattern collection generator number of patterns: 6270
[t=0.526251s, 54932 KB] systematic pattern collection generator total PDB size: 19668990
[t=0.526251s, 54932 KB] systematic pattern collection generator computation time: 0.483483s
[t=0.526251s, 54932 KB] Computing PDBs for pattern collection...
[t=16.0124s, 133000 KB] Done computing PDBs for pattern collection: 15.4902s
[t=18.0222s, 1640812 KB] Building successor generator...done!
[t=18.0262s, 1640812 KB] peak memory difference for successor generator creation: 0 KB
[t=18.0262s, 1640812 KB] time for successor generation creation: 0s
[t=18.0262s, 1640812 KB] Variables: 3136
[t=18.0262s, 1640812 KB] FactPairs: 9406
[t=18.0262s, 1640812 KB] Bytes per state: 396
[t=18.0262s, 1640812 KB] Conducting best first search without reopening closed nodes, (real) bound = 2147483647
[t=21.1054s, 2093064 KB] New best heuristic value for operatorcounting(constraint_generators=[pho_constraints(patterns=systematic(2))],use_integer_operator_counts=true,transform=adapt_costs(cost_type=normal)): 3135
[t=21.1054s, 2093064 KB] g=0, 1 evaluated, 0 expanded
[t=21.1054s, 2093064 KB] Initial heuristic value for operatorcounting(constraint_generators=[pho_constraints(patterns=systematic(2))],use_integer_operator_counts=true,transform=adapt_costs(cost_type=normal)): 3135
[t=21.1054s, 2093064 KB] pruning method: none
[t=25.2271s, 2093136 KB] New best heuristic value for operatorcounting(constraint_generators=[pho_constraints(patterns=systematic(2))],use_integer_operator_counts=true,transform=adapt_costs(cost_type=normal)): 3134
[t=25.2271s, 2093136 KB] g=1, 2 evaluated, 1 expanded
[t=42.3469s, 2093136 KB] New best heuristic value for operatorcounting(constraint_generators=[pho_constraints(patterns=systematic(2))],use_integer_operator_counts=true,transform=adapt_costs(cost_type=normal)): 3133
[t=42.3469s, 2093136 KB] g=2, 6 evaluated, 2 expanded
[t=59.5136s, 2093136 KB] New best heuristic value for operatorcounting(constraint_generators=[pho_constraints(patterns=systematic(2))],use_integer_operator_counts=true,transform=adapt_costs(cost_type=normal)): 3132
[t=59.5136s, 2093136 KB] g=3, 10 evaluated, 3 expanded
[t=76.6863s, 2093136 KB] New best heuristic value for operatorcounting(constraint_generators=[pho_constraints(patterns=systematic(2))],use_integer_operator_counts=true,transform=adapt_costs(cost_type=normal)): 3131
[t=76.6863s, 2093136 KB] g=4, 14 evaluated, 4 expanded
[t=94.1564s, 2093136 KB] New best heuristic value for operatorcounting(constraint_generators=[pho_constraints(patterns=systematic(2))],use_integer_operator_counts=true,transform=adapt_costs(cost_type=normal)): 3130
[t=94.1564s, 2093136 KB] g=5, 18 evaluated, 5 expanded
[t=111.848s, 2093136 KB] New best heuristic value for operatorcounting(constraint_generators=[pho_constraints(patterns=systematic(2))],use_integer_operator_counts=true,transform=adapt_costs(cost_type=normal)): 3129
[t=111.848s, 2093136 KB] g=6, 22 evaluated, 6 expanded
[t=129.587s, 2093136 KB] New best heuristic value for operatorcounting(constraint_generators=[pho_constraints(patterns=systematic(2))],use_integer_operator_counts=true,transform=adapt_costs(cost_type=normal)): 3128
[t=129.587s, 2093136 KB] g=7, 26 evaluated, 7 expanded
[t=147.428s, 2093136 KB] New best heuristic value for operatorcounting(constraint_generators=[pho_constraints(patterns=systematic(2))],use_integer_operator_counts=true,transform=adapt_costs(cost_type=normal)): 3127
[t=147.428s, 2093136 KB] g=8, 30 evaluated, 8 expanded
[t=165.456s, 2093136 KB] New best heuristic value for operatorcounting(constraint_generators=[pho_constraints(patterns=systematic(2))],use_integer_operator_counts=true,transform=adapt_costs(cost_type=normal)): 3126
[t=165.456s, 2093136 KB] g=9, 34 evaluated, 9 expanded
[t=183.749s, 2093136 KB] New best heuristic value for operatorcounting(constraint_generators=[pho_constraints(patterns=systematic(2))],use_integer_operator_counts=true,transform=adapt_costs(cost_type=normal)): 3125
[t=183.749s, 2093136 KB] g=10, 38 evaluated, 10 expanded
[t=202.186s, 2093136 KB] New best heuristic value for operatorcounting(constraint_generators=[pho_constraints(patterns=systematic(2))],use_integer_operator_counts=true,transform=adapt_costs(cost_type=normal)): 3124
[t=202.186s, 2093136 KB] g=11, 42 evaluated, 11 expanded
[t=220.953s, 2093136 KB] New best heuristic value for operatorcounting(constraint_generators=[pho_constraints(patterns=systematic(2))],use_integer_operator_counts=true,transform=adapt_costs(cost_type=normal)): 3123
[t=220.957s, 2093136 KB] g=12, 46 evaluated, 12 expanded
[t=240.136s, 2093136 KB] New best heuristic value for operatorcounting(constraint_generators=[pho_constraints(patterns=systematic(2))],use_integer_operator_counts=true,transform=adapt_costs(cost_type=normal)): 3122
[t=240.136s, 2093136 KB] g=13, 50 evaluated, 13 expanded
[t=259.561s, 2093136 KB] New best heuristic value for operatorcounting(constraint_generators=[pho_constraints(patterns=systematic(2))],use_integer_operator_counts=true,transform=adapt_costs(cost_type=normal)): 3121
[t=259.561s, 2093136 KB] g=14, 54 evaluated, 14 expanded
[t=279.049s, 2093136 KB] New best heuristic value for operatorcounting(constraint_generators=[pho_constraints(patterns=systematic(2))],use_integer_operator_counts=true,transform=adapt_costs(cost_type=normal)): 3120
[t=279.049s, 2093136 KB] g=15, 58 evaluated, 15 expanded
[t=299.222s, 2093136 KB] New best heuristic value for operatorcounting(constraint_generators=[pho_constraints(patterns=systematic(2))],use_integer_operator_counts=true,transform=adapt_costs(cost_type=normal)): 3119
[t=299.222s, 2093136 KB] g=16, 62 evaluated, 16 expanded
[t=319.904s, 2093136 KB] New best heuristic value for operatorcounting(constraint_generators=[pho_constraints(patterns=systematic(2))],use_integer_operator_counts=true,transform=adapt_costs(cost_type=normal)): 3118
[t=319.904s, 2093136 KB] g=17, 66 evaluated, 17 expanded
[t=340.59s, 2093136 KB] New best heuristic value for operatorcounting(constraint_generators=[pho_constraints(patterns=systematic(2))],use_integer_operator_counts=true,transform=adapt_costs(cost_type=normal)): 3117
[t=340.59s, 2093136 KB] g=18, 70 evaluated, 18 expanded
[t=361.888s, 2093136 KB] New best heuristic value for operatorcounting(constraint_generators=[pho_constraints(patterns=systematic(2))],use_integer_operator_counts=true,transform=adapt_costs(cost_type=normal)): 3116
[t=361.888s, 2093136 KB] g=19, 74 evaluated, 19 expanded
[t=383.153s, 2093136 KB] New best heuristic value for operatorcounting(constraint_generators=[pho_constraints(patterns=systematic(2))],use_integer_operator_counts=true,transform=adapt_costs(cost_type=normal)): 3115
[t=383.153s, 2093136 KB] g=20, 78 evaluated, 20 expanded
[t=403.906s, 2093136 KB] New best heuristic value for operatorcounting(constraint_generators=[pho_constraints(patterns=systematic(2))],use_integer_operator_counts=true,transform=adapt_costs(cost_type=normal)): 3114
[t=403.906s, 2093136 KB] g=21, 82 evaluated, 21 expanded
[t=424.973s, 2093136 KB] New best heuristic value for operatorcounting(constraint_generators=[pho_constraints(patterns=systematic(2))],use_integer_operator_counts=true,transform=adapt_costs(cost_type=normal)): 3113
[t=424.973s, 2093136 KB] g=22, 86 evaluated, 22 expanded
[t=446.35s, 2093136 KB] New best heuristic value for operatorcounting(constraint_generators=[pho_constraints(patterns=systematic(2))],use_integer_operator_counts=true,transform=adapt_costs(cost_type=normal)): 3112
[t=446.35s, 2093136 KB] g=23, 90 evaluated, 23 expanded
[t=467.533s, 2093136 KB] New best heuristic value for operatorcounting(constraint_generators=[pho_constraints(patterns=systematic(2))],use_integer_operator_counts=true,transform=adapt_costs(cost_type=normal)): 3111
[t=467.533s, 2093136 KB] g=24, 94 evaluated, 24 expanded
[t=488.864s, 2093136 KB] New best heuristic value for operatorcounting(constraint_generators=[pho_constraints(patterns=systematic(2))],use_integer_operator_counts=true,transform=adapt_costs(cost_type=normal)): 3110
[t=488.864s, 2093136 KB] g=25, 98 evaluated, 25 expanded
[t=510.349s, 2093136 KB] New best heuristic value for operatorcounting(constraint_generators=[pho_constraints(patterns=systematic(2))],use_integer_operator_counts=true,transform=adapt_costs(cost_type=normal)): 3109
[t=510.349s, 2093136 KB] g=26, 102 evaluated, 26 expanded
[t=531.916s, 2093136 KB] New best heuristic value for operatorcounting(constraint_generators=[pho_constraints(patterns=systematic(2))],use_integer_operator_counts=true,transform=adapt_costs(cost_type=normal)): 3108
[t=531.916s, 2093136 KB] g=27, 106 evaluated, 27 expanded
[t=553.731s, 2093136 KB] New best heuristic value for operatorcounting(constraint_generators=[pho_constraints(patterns=systematic(2))],use_integer_operator_counts=true,transform=adapt_costs(cost_type=normal)): 3107
[t=553.731s, 2093136 KB] g=28, 110 evaluated, 28 expanded
[t=576.031s, 2093136 KB] New best heuristic value for operatorcounting(constraint_generators=[pho_constraints(patterns=systematic(2))],use_integer_operator_counts=true,transform=adapt_costs(cost_type=normal)): 3106
[t=576.031s, 2093136 KB] g=29, 114 evaluated, 29 expanded
[t=598.458s, 2093136 KB] New best heuristic value for operatorcounting(constraint_generators=[pho_constraints(patterns=systematic(2))],use_integer_operator_counts=true,transform=adapt_costs(cost_type=normal)): 3105
[t=598.458s, 2093136 KB] g=30, 118 evaluated, 30 expanded
[t=621.01s, 2093136 KB] New best heuristic value for operatorcounting(constraint_generators=[pho_constraints(patterns=systematic(2))],use_integer_operator_counts=true,transform=adapt_costs(cost_type=normal)): 3104
[t=621.01s, 2093136 KB] g=31, 122 evaluated, 31 expanded
[t=643.618s, 2093136 KB] New best heuristic value for operatorcounting(constraint_generators=[pho_constraints(patterns=systematic(2))],use_integer_operator_counts=true,transform=adapt_costs(cost_type=normal)): 3103
[t=643.618s, 2093136 KB] g=32, 126 evaluated, 32 expanded
[t=666.676s, 2093136 KB] New best heuristic value for operatorcounting(constraint_generators=[pho_constraints(patterns=systematic(2))],use_integer_operator_counts=true,transform=adapt_costs(cost_type=normal)): 3102
[t=666.676s, 2093136 KB] g=33, 130 evaluated, 33 expanded
[t=689.553s, 2093136 KB] New best heuristic value for operatorcounting(constraint_generators=[pho_constraints(patterns=systematic(2))],use_integer_operator_counts=true,transform=adapt_costs(cost_type=normal)): 3101
[t=689.553s, 2093136 KB] g=34, 134 evaluated, 34 expanded
[t=712.589s, 2093136 KB] New best heuristic value for operatorcounting(constraint_generators=[pho_constraints(patterns=systematic(2))],use_integer_operator_counts=true,transform=adapt_costs(cost_type=normal)): 3100
[t=712.593s, 2093136 KB] g=35, 138 evaluated, 35 expanded
[t=736.439s, 2093136 KB] New best heuristic value for operatorcounting(constraint_generators=[pho_constraints(patterns=systematic(2))],use_integer_operator_counts=true,transform=adapt_costs(cost_type=normal)): 3099
[t=736.439s, 2093136 KB] g=36, 142 evaluated, 36 expanded
[t=766.585s, 2093136 KB] New best heuristic value for operatorcounting(constraint_generators=[pho_constraints(patterns=systematic(2))],use_integer_operator_counts=true,transform=adapt_costs(cost_type=normal)): 3098
[t=766.585s, 2093136 KB] g=37, 147 evaluated, 37 expanded
[t=790.97s, 2093136 KB] New best heuristic value for operatorcounting(constraint_generators=[pho_constraints(patterns=systematic(2))],use_integer_operator_counts=true,transform=adapt_costs(cost_type=normal)): 3097
[t=790.97s, 2093136 KB] g=38, 151 evaluated, 38 expanded
[t=809.47s, 2093136 KB] New best heuristic value for operatorcounting(constraint_generators=[pho_constraints(patterns=systematic(2))],use_integer_operator_counts=true,transform=adapt_costs(cost_type=normal)): 3096
[t=809.47s, 2093136 KB] g=39, 154 evaluated, 39 expanded
[t=834.264s, 2093136 KB] New best heuristic value for operatorcounting(constraint_generators=[pho_constraints(patterns=systematic(2))],use_integer_operator_counts=true,transform=adapt_costs(cost_type=normal)): 3095
[t=834.264s, 2093136 KB] g=40, 158 evaluated, 40 expanded
[t=859.266s, 2093136 KB] New best heuristic value for operatorcounting(constraint_generators=[pho_constraints(patterns=systematic(2))],use_integer_operator_counts=true,transform=adapt_costs(cost_type=normal)): 3094
[t=859.266s, 2093136 KB] g=41, 162 evaluated, 41 expanded
[t=884.232s, 2093136 KB] New best heuristic value for operatorcounting(constraint_generators=[pho_constraints(patterns=systematic(2))],use_integer_operator_counts=true,transform=adapt_costs(cost_type=normal)): 3093
[t=884.232s, 2093136 KB] g=42, 166 evaluated, 42 expanded
[t=908.841s, 2093136 KB] New best heuristic value for operatorcounting(constraint_generators=[pho_constraints(patterns=systematic(2))],use_integer_operator_counts=true,transform=adapt_costs(cost_type=normal)): 3092
[t=908.841s, 2093136 KB] g=43, 170 evaluated, 43 expanded
[t=933.579s, 2093136 KB] New best heuristic value for operatorcounting(constraint_generators=[pho_constraints(patterns=systematic(2))],use_integer_operator_counts=true,transform=adapt_costs(cost_type=normal)): 3091
[t=933.579s, 2093136 KB] g=44, 174 evaluated, 44 expanded
[t=958.579s, 2093136 KB] New best heuristic value for operatorcounting(constraint_generators=[pho_constraints(patterns=systematic(2))],use_integer_operator_counts=true,transform=adapt_costs(cost_type=normal)): 3090
[t=958.579s, 2093136 KB] g=45, 178 evaluated, 45 expanded
[t=983.574s, 2093136 KB] New best heuristic value for operatorcounting(constraint_generators=[pho_constraints(patterns=systematic(2))],use_integer_operator_counts=true,transform=adapt_costs(cost_type=normal)): 3089
[t=983.574s, 2093136 KB] g=46, 182 evaluated, 46 expanded
[t=1014.7s, 2093136 KB] New best heuristic value for operatorcounting(constraint_generators=[pho_constraints(patterns=systematic(2))],use_integer_operator_counts=true,transform=adapt_costs(cost_type=normal)): 3088
[t=1014.7s, 2093136 KB] g=47, 187 evaluated, 47 expanded
[t=1033.82s, 2093136 KB] New best heuristic value for operatorcounting(constraint_generators=[pho_constraints(patterns=systematic(2))],use_integer_operator_counts=true,transform=adapt_costs(cost_type=normal)): 3087
[t=1033.82s, 2093136 KB] g=48, 190 evaluated, 48 expanded
[t=1059.92s, 2093136 KB] New best heuristic value for operatorcounting(constraint_generators=[pho_constraints(patterns=systematic(2))],use_integer_operator_counts=true,transform=adapt_costs(cost_type=normal)): 3086
[t=1059.92s, 2093136 KB] g=49, 194 evaluated, 49 expanded
[t=1085.93s, 2093136 KB] New best heuristic value for operatorcounting(constraint_generators=[pho_constraints(patterns=systematic(2))],use_integer_operator_counts=true,transform=adapt_costs(cost_type=normal)): 3085
[t=1085.93s, 2093136 KB] g=50, 198 evaluated, 50 expanded
[t=1111.93s, 2093136 KB] New best heuristic value for operatorcounting(constraint_generators=[pho_constraints(patterns=systematic(2))],use_integer_operator_counts=true,transform=adapt_costs(cost_type=normal)): 3084
[t=1111.93s, 2093136 KB] g=51, 202 evaluated, 51 expanded
[t=1137.75s, 2093136 KB] New best heuristic value for operatorcounting(constraint_generators=[pho_constraints(patterns=systematic(2))],use_integer_operator_counts=true,transform=adapt_costs(cost_type=normal)): 3083
[t=1137.75s, 2093136 KB] g=52, 206 evaluated, 52 expanded
[t=1163.44s, 2093136 KB] New best heuristic value for operatorcounting(constraint_generators=[pho_constraints(patterns=systematic(2))],use_integer_operator_counts=true,transform=adapt_costs(cost_type=normal)): 3082
[t=1163.44s, 2093136 KB] g=53, 210 evaluated, 53 expanded
[t=1190.01s, 2093136 KB] New best heuristic value for operatorcounting(constraint_generators=[pho_constraints(patterns=systematic(2))],use_integer_operator_counts=true,transform=adapt_costs(cost_type=normal)): 3081
[t=1190.01s, 2093136 KB] g=54, 214 evaluated, 54 expanded
[t=1216.29s, 2093136 KB] New best heuristic value for operatorcounting(constraint_generators=[pho_constraints(patterns=systematic(2))],use_integer_operator_counts=true,transform=adapt_costs(cost_type=normal)): 3080
[t=1216.29s, 2093136 KB] g=55, 218 evaluated, 55 expanded
[t=1242.76s, 2093136 KB] New best heuristic value for operatorcounting(constraint_generators=[pho_constraints(patterns=systematic(2))],use_integer_operator_counts=true,transform=adapt_costs(cost_type=normal)): 3079
[t=1242.76s, 2093136 KB] g=56, 222 evaluated, 56 expanded
[t=1263.07s, 2093136 KB] New best heuristic value for operatorcounting(constraint_generators=[pho_constraints(patterns=systematic(2))],use_integer_operator_counts=true,transform=adapt_costs(cost_type=normal)): 3078
[t=1263.07s, 2093136 KB] g=57, 225 evaluated, 57 expanded
[t=1290.59s, 2093136 KB] New best heuristic value for operatorcounting(constraint_generators=[pho_constraints(patterns=systematic(2))],use_integer_operator_counts=true,transform=adapt_costs(cost_type=normal)): 3077
[t=1290.59s, 2093136 KB] g=58, 229 evaluated, 58 expanded
[t=1323.8s, 2093136 KB] New best heuristic value for operatorcounting(constraint_generators=[pho_constraints(patterns=systematic(2))],use_integer_operator_counts=true,transform=adapt_costs(cost_type=normal)): 3076
[t=1323.8s, 2093136 KB] g=59, 234 evaluated, 59 expanded
[t=1350.09s, 2093136 KB] New best heuristic value for operatorcounting(constraint_generators=[pho_constraints(patterns=systematic(2))],use_integer_operator_counts=true,transform=adapt_costs(cost_type=normal)): 3075
[t=1350.09s, 2093136 KB] g=60, 238 evaluated, 60 expanded
[t=1376.5s, 2093136 KB] New best heuristic value for operatorcounting(constraint_generators=[pho_constraints(patterns=systematic(2))],use_integer_operator_counts=true,transform=adapt_costs(cost_type=normal)): 3074
[t=1376.5s, 2093136 KB] g=61, 242 evaluated, 61 expanded
[t=1403.19s, 2093136 KB] New best heuristic value for operatorcounting(constraint_generators=[pho_constraints(patterns=systematic(2))],use_integer_operator_counts=true,transform=adapt_costs(cost_type=normal)): 3073
[t=1403.19s, 2093136 KB] g=62, 246 evaluated, 62 expanded
[t=1429.98s, 2093136 KB] New best heuristic value for operatorcounting(constraint_generators=[pho_constraints(patterns=systematic(2))],use_integer_operator_counts=true,transform=adapt_costs(cost_type=normal)): 3072
[t=1429.98s, 2093136 KB] g=63, 250 evaluated, 63 expanded
[t=1458.33s, 2093136 KB] New best heuristic value for operatorcounting(constraint_generators=[pho_constraints(patterns=systematic(2))],use_integer_operator_counts=true,transform=adapt_costs(cost_type=normal)): 3071
[t=1458.33s, 2093136 KB] g=64, 254 evaluated, 64 expanded
[t=1485.64s, 2093136 KB] New best heuristic value for operatorcounting(constraint_generators=[pho_constraints(patterns=systematic(2))],use_integer_operator_counts=true,transform=adapt_costs(cost_type=normal)): 3070
[t=1485.64s, 2093136 KB] g=65, 258 evaluated, 65 expanded
[t=1512.77s, 2093136 KB] New best heuristic value for operatorcounting(constraint_generators=[pho_constraints(patterns=systematic(2))],use_integer_operator_counts=true,transform=adapt_costs(cost_type=normal)): 3069
[t=1512.77s, 2093136 KB] g=66, 262 evaluated, 66 expanded
[t=1540.05s, 2093136 KB] New best heuristic value for operatorcounting(constraint_generators=[pho_constraints(patterns=systematic(2))],use_integer_operator_counts=true,transform=adapt_costs(cost_type=normal)): 3068
[t=1540.05s, 2093136 KB] g=67, 266 evaluated, 67 expanded
[t=1567.63s, 2093136 KB] New best heuristic value for operatorcounting(constraint_generators=[pho_constraints(patterns=systematic(2))],use_integer_operator_counts=true,transform=adapt_costs(cost_type=normal)): 3067
[t=1567.63s, 2093136 KB] g=68, 270 evaluated, 68 expanded
[t=1595.69s, 2093136 KB] New best heuristic value for operatorcounting(constraint_generators=[pho_constraints(patterns=systematic(2))],use_integer_operator_counts=true,transform=adapt_costs(cost_type=normal)): 3066
[t=1595.69s, 2093136 KB] g=69, 274 evaluated, 69 expanded
[t=1624.62s, 2093136 KB] New best heuristic value for operatorcounting(constraint_generators=[pho_constraints(patterns=systematic(2))],use_integer_operator_counts=true,transform=adapt_costs(cost_type=normal)): 3065
[t=1624.62s, 2093136 KB] g=70, 278 evaluated, 70 expanded
[t=1652.71s, 2093136 KB] New best heuristic value for operatorcounting(constraint_generators=[pho_constraints(patterns=systematic(2))],use_integer_operator_counts=true,transform=adapt_costs(cost_type=normal)): 3064
[t=1652.71s, 2093136 KB] g=71, 282 evaluated, 71 expanded
[t=1680.48s, 2093136 KB] New best heuristic value for operatorcounting(constraint_generators=[pho_constraints(patterns=systematic(2))],use_integer_operator_counts=true,transform=adapt_costs(cost_type=normal)): 3063
[t=1680.48s, 2093136 KB] g=72, 286 evaluated, 72 expanded
[t=1708.78s, 2093136 KB] New best heuristic value for operatorcounting(constraint_generators=[pho_constraints(patterns=systematic(2))],use_integer_operator_counts=true,transform=adapt_costs(cost_type=normal)): 3062
[t=1708.78s, 2093136 KB] g=73, 290 evaluated, 73 expanded
[t=1737.41s, 2093136 KB] New best heuristic value for operatorcounting(constraint_generators=[pho_constraints(patterns=systematic(2))],use_integer_operator_counts=true,transform=adapt_costs(cost_type=normal)): 3061
[t=1737.41s, 2093136 KB] g=74, 294 evaluated, 74 expanded
[t=1773.28s, 2093136 KB] New best heuristic value for operatorcounting(constraint_generators=[pho_constraints(patterns=systematic(2))],use_integer_operator_counts=true,transform=adapt_costs(cost_type=normal)): 3060
[t=1773.28s, 2093136 KB] g=75, 299 evaluated, 75 expanded
[t=1787.77s, 2093136 KB] New best heuristic value for operatorcounting(constraint_generators=[pho_constraints(patterns=systematic(2))],use_integer_operator_counts=true,transform=adapt_costs(cost_type=normal)): 3059
[t=1787.77s, 2093136 KB] g=76, 301 evaluated, 76 expanded
Peak memory: 2093136 KB
caught signal 24 -- exiting
Time limit has been reached.
Remove intermediate file output.sas
search exit code: 23

Driver aborting after search
INFO     Planner time: 1795.87s
