INFO     planner time limit: 1800s
INFO     planner memory limit: 2048 MB

INFO     Running translator.
INFO     translator stdin: None
INFO     translator time limit: 1799s
INFO     translator memory limit: 2048 MB
INFO     translator command line string: /home/henry/Documents/UFRGS/TCC/downward/.venv/bin/python /home/henry/Documents/UFRGS/TCC/downward/experiments/lab/data/main/code-5bb2ccb6957559b6969ffd7e29254c73f84d5e49_e5e41175/builds/release/bin/translate/translate.py domain.pddl problem.pddl --sas-file output.sas
Parsing...
Parsing: [0.070s CPU, 0.071s wall-clock]
Normalizing task... [0.010s CPU, 0.008s wall-clock]
Instantiating...
Generating Datalog program... [0.010s CPU, 0.016s wall-clock]
Normalizing Datalog program...
Normalizing Datalog program: [0.060s CPU, 0.053s wall-clock]
Preparing model... [0.050s CPU, 0.051s wall-clock]
Generated 2332 rules.
Computing model... [5.010s CPU, 5.011s wall-clock]
174476 relevant atoms
254332 auxiliary atoms
428808 final queue length
764628 total queue pushes
Completing instantiation... [7.800s CPU, 7.807s wall-clock]
Instantiating: [13.150s CPU, 13.173s wall-clock]
Computing fact groups...
Finding invariants...
10 initial candidates
Finding invariants: [0.120s CPU, 0.112s wall-clock]
Checking invariant weight... [0.000s CPU, 0.005s wall-clock]
Instantiating groups... [0.000s CPU, 0.003s wall-clock]
Collecting mutex groups... [0.000s CPU, 0.001s wall-clock]
Choosing groups...
290 uncovered facts
Choosing groups: [0.000s CPU, 0.004s wall-clock]
Building translation key... [0.000s CPU, 0.001s wall-clock]
Computing fact groups: [0.140s CPU, 0.134s wall-clock]
Building STRIPS to SAS dictionary... [0.000s CPU, 0.001s wall-clock]
Building dictionary for full mutex groups... [0.000s CPU, 0.002s wall-clock]
Building mutex information...
Building mutex information: [0.000s CPU, 0.001s wall-clock]
Translating task...
Processing axioms...
Simplifying axioms... [0.000s CPU, 0.000s wall-clock]
Translator axioms removed by simplifying: 0
Computing negative axioms... [0.000s CPU, 0.000s wall-clock]
Processing axioms: [0.270s CPU, 0.273s wall-clock]
Translating task: [6.810s CPU, 6.813s wall-clock]
0 effect conditions simplified
0 implied preconditions added
Detecting unreachable propositions...
0 operators removed
0 axioms removed
291 propositions removed
Detecting unreachable propositions: [3.820s CPU, 3.829s wall-clock]
Reordering and filtering variables...
581 of 581 variables necessary.
0 of 581 mutex groups necessary.
168780 of 168780 operators necessary.
0 of 0 axiom rules necessary.
Reordering and filtering variables: [0.670s CPU, 0.669s wall-clock]
Translator variables: 581
Translator derived variables: 0
Translator facts: 1741
Translator goal facts: 290
Translator mutex groups: 0
Translator total mutex groups size: 0
Translator operators: 168780
Translator axioms: 0
Translator task size: 1235583
Translator peak memory: 756572 KB
Writing output... [0.850s CPU, 0.851s wall-clock]
Done! [25.850s CPU, 25.888s wall-clock]
translate exit code: 0

INFO     Running search (release).
INFO     search stdin: output.sas
INFO     search time limit: 1773s
INFO     search memory limit: 2048 MB
INFO     search command line string: /home/henry/Documents/UFRGS/TCC/downward/experiments/lab/data/main/code-5bb2ccb6957559b6969ffd7e29254c73f84d5e49_e5e41175/builds/release/bin/downward --search 'eager_greedy([ff(transform=adapt_costs(cost_type=ONE))])' --internal-plan-file sas_plan < output.sas
[t=0s, 10544 KB] reading input...
[t=0.539204s, 57784 KB] done reading input!
[t=0.583149s, 83476 KB] Simplifying 336980 unary operators... done! [310300 unary operators]
[t=0.966687s, 113604 KB] time to simplify: 0.383537s
[t=0.974665s, 113604 KB] Initializing additive heuristic...
[t=0.974665s, 113604 KB] Initializing FF heuristic...
[t=0.974665s, 113604 KB] Building successor generator...done!
[t=1.02661s, 113604 KB] peak memory difference for successor generator creation: 0 KB
[t=1.02661s, 113604 KB] time for successor generation creation: 0.0519466s
[t=1.02661s, 113604 KB] Variables: 581
[t=1.02661s, 113604 KB] FactPairs: 1741
[t=1.02661s, 113604 KB] Bytes per state: 112
[t=1.02661s, 113604 KB] Conducting best first search without reopening closed nodes, (real) bound = 2147483647
[t=1.0306s, 113604 KB] New best heuristic value for ff(transform=adapt_costs(cost_type=one)): 871
[t=1.0306s, 113604 KB] g=0, 1 evaluated, 0 expanded
[t=1.03459s, 113604 KB] Initial heuristic value for ff(transform=adapt_costs(cost_type=one)): 871
[t=1.03459s, 113604 KB] pruning method: none
[t=1.0386s, 113604 KB] New best heuristic value for ff(transform=adapt_costs(cost_type=one)): 870
[t=1.0386s, 113604 KB] g=1, 2 evaluated, 1 expanded
[t=2.82803s, 113604 KB] New best heuristic value for ff(transform=adapt_costs(cost_type=one)): 869
[t=2.82803s, 113604 KB] g=2, 295 evaluated, 3 expanded
[t=196.834s, 113604 KB] New best heuristic value for ff(transform=adapt_costs(cost_type=one)): 868
[t=196.834s, 113604 KB] g=2, 32627 evaluated, 152 expanded
[t=199.415s, 113604 KB] New best heuristic value for ff(transform=adapt_costs(cost_type=one)): 867
[t=199.415s, 113604 KB] g=3, 33061 evaluated, 154 expanded
[t=423.954s, 113604 KB] New best heuristic value for ff(transform=adapt_costs(cost_type=one)): 866
[t=423.954s, 113604 KB] g=3, 69795 evaluated, 340 expanded
[t=426.59s, 113604 KB] New best heuristic value for ff(transform=adapt_costs(cost_type=one)): 865
[t=426.59s, 113604 KB] g=4, 70190 evaluated, 342 expanded
[t=663.639s, 114660 KB] New best heuristic value for ff(transform=adapt_costs(cost_type=one)): 864
[t=663.639s, 114660 KB] g=4, 108934 evaluated, 552 expanded
[t=666.04s, 114792 KB] New best heuristic value for ff(transform=adapt_costs(cost_type=one)): 863
[t=666.04s, 114792 KB] g=5, 109303 evaluated, 554 expanded
[t=817.645s, 119300 KB] New best heuristic value for ff(transform=adapt_costs(cost_type=one)): 862
[t=817.645s, 119300 KB] g=5, 134987 evaluated, 664 expanded
[t=820.194s, 119300 KB] New best heuristic value for ff(transform=adapt_costs(cost_type=one)): 861
[t=820.194s, 119300 KB] g=6, 135454 evaluated, 666 expanded
[t=1041.52s, 124580 KB] New best heuristic value for ff(transform=adapt_costs(cost_type=one)): 860
[t=1041.52s, 124580 KB] g=6, 174296 evaluated, 883 expanded
[t=1043.6s, 124580 KB] New best heuristic value for ff(transform=adapt_costs(cost_type=one)): 859
[t=1043.6s, 124580 KB] g=7, 174654 evaluated, 885 expanded
[t=1265.55s, 129860 KB] New best heuristic value for ff(transform=adapt_costs(cost_type=one)): 858
[t=1265.55s, 129860 KB] g=7, 214518 evaluated, 1123 expanded
[t=1267.64s, 129992 KB] New best heuristic value for ff(transform=adapt_costs(cost_type=one)): 857
[t=1267.64s, 129992 KB] g=8, 214853 evaluated, 1125 expanded
[t=1506.74s, 137424 KB] New best heuristic value for ff(transform=adapt_costs(cost_type=one)): 856
[t=1506.74s, 137424 KB] g=8, 254977 evaluated, 1375 expanded
[t=1508.73s, 137424 KB] New best heuristic value for ff(transform=adapt_costs(cost_type=one)): 855
[t=1508.73s, 137424 KB] g=9, 255298 evaluated, 1377 expanded
[t=1744.14s, 142840 KB] New best heuristic value for ff(transform=adapt_costs(cost_type=one)): 854
[t=1744.14s, 142840 KB] g=9, 295206 evaluated, 1628 expanded
[t=1746.06s, 142840 KB] New best heuristic value for ff(transform=adapt_costs(cost_type=one)): 853
[t=1746.06s, 142840 KB] g=10, 295524 evaluated, 1630 expanded
Peak memory: 143420 KB
caught signal 24 -- exiting
Time limit has been reached.
Remove intermediate file output.sas
search exit code: 23

Driver aborting after search
INFO     Planner time: 1797.02s
