INFO     planner time limit: 1800s
INFO     planner memory limit: 2048 MB

INFO     Running translator.
INFO     translator stdin: None
INFO     translator time limit: 1799s
INFO     translator memory limit: 2048 MB
INFO     translator command line string: /home/henry/Documents/UFRGS/TCC/downward/.venv/bin/python /home/henry/Documents/UFRGS/TCC/downward/experiments/lab/data/main/code-5bb2ccb6957559b6969ffd7e29254c73f84d5e49_e5e41175/builds/release/bin/translate/translate.py domain.pddl problem.pddl --sas-file output.sas
Parsing...
Parsing: [0.000s CPU, 0.003s wall-clock]
Normalizing task... [0.000s CPU, 0.000s wall-clock]
Instantiating...
Generating Datalog program... [0.000s CPU, 0.001s wall-clock]
Normalizing Datalog program...
Normalizing Datalog program: [0.010s CPU, 0.003s wall-clock]
Preparing model... [0.000s CPU, 0.003s wall-clock]
Generated 212 rules.
Computing model... [0.010s CPU, 0.011s wall-clock]
1146 relevant atoms
1316 auxiliary atoms
2462 final queue length
3332 total queue pushes
Completing instantiation... [0.010s CPU, 0.011s wall-clock]
Instantiating: [0.030s CPU, 0.028s wall-clock]
Computing fact groups...
Finding invariants...
20 initial candidates
Finding invariants: [0.010s CPU, 0.003s wall-clock]
Checking invariant weight... [0.000s CPU, 0.000s wall-clock]
Instantiating groups... [0.000s CPU, 0.001s wall-clock]
Collecting mutex groups... [0.000s CPU, 0.000s wall-clock]
Choosing groups...
295 uncovered facts
Choosing groups: [0.000s CPU, 0.000s wall-clock]
Building translation key... [0.000s CPU, 0.001s wall-clock]
Computing fact groups: [0.010s CPU, 0.007s wall-clock]
Building STRIPS to SAS dictionary... [0.000s CPU, 0.000s wall-clock]
Building dictionary for full mutex groups... [0.000s CPU, 0.000s wall-clock]
Building mutex information...
Building mutex information: [0.000s CPU, 0.000s wall-clock]
Translating task...
Processing axioms...
Simplifying axioms... [0.000s CPU, 0.000s wall-clock]
Translator axioms removed by simplifying: 0
Computing negative axioms... [0.000s CPU, 0.000s wall-clock]
Processing axioms: [0.000s CPU, 0.001s wall-clock]
Translating task: [0.010s CPU, 0.012s wall-clock]
321 effect conditions simplified
0 implied preconditions added
Detecting unreachable propositions...
0 operators removed
0 axioms removed
12 propositions removed
Detecting unreachable propositions: [0.010s CPU, 0.007s wall-clock]
Reordering and filtering variables...
104 of 304 variables necessary.
0 of 10 mutex groups necessary.
461 of 461 operators necessary.
0 of 0 axiom rules necessary.
Reordering and filtering variables: [0.000s CPU, 0.004s wall-clock]
Translator variables: 104
Translator derived variables: 0
Translator facts: 368
Translator goal facts: 60
Translator mutex groups: 0
Translator total mutex groups size: 0
Translator operators: 461
Translator axioms: 0
Translator task size: 3370
Translator peak memory: 34928 KB
Writing output... [0.010s CPU, 0.002s wall-clock]
Done! [0.070s CPU, 0.065s wall-clock]
translate exit code: 0

INFO     Running search (release).
INFO     search stdin: output.sas
INFO     search time limit: 1799s
INFO     search memory limit: 2048 MB
INFO     search command line string: /home/henry/Documents/UFRGS/TCC/downward/experiments/lab/data/main/code-5bb2ccb6957559b6969ffd7e29254c73f84d5e49_e5e41175/builds/release/bin/downward --search 'eager_greedy([operatorcounting(constraint_generators=[pho_constraints(patterns=systematic(4))], use_integer_operator_counts=true, transform=adapt_costs(cost_type=ONE))])' --internal-plan-file sas_plan < output.sas
[t=0s, 45596 KB] reading input...
[t=0.00355376s, 45728 KB] done reading input!
[t=0.00490842s, 46124 KB] Generating patterns using: systematic pattern collection generator
[t=0.00490842s, 46124 KB] building causal graph...done! [t=0s]
[t=0.0168982s, 49876 KB] Found 15569 SGA patterns.
[t=0.124872s, 54884 KB] Found 46785 interesting patterns.
[t=0.13687s, 55596 KB] systematic pattern collection generator number of patterns: 46785
[t=0.13687s, 55596 KB] systematic pattern collection generator total PDB size: 5804836
[t=0.13687s, 55596 KB] systematic pattern collection generator computation time: 0.131962s
[t=0.13687s, 55596 KB] Computing PDBs for pattern collection...
[t=3.44822s, 84916 KB] Done computing PDBs for pattern collection: 3.31535s
[t=3.82813s, 149976 KB] Building successor generator...done!
[t=3.82813s, 149976 KB] peak memory difference for successor generator creation: 0 KB
[t=3.82813s, 149976 KB] time for successor generation creation: 0s
[t=3.82813s, 149976 KB] Variables: 104
[t=3.82813s, 149976 KB] FactPairs: 368
[t=3.82813s, 149976 KB] Bytes per state: 20
[t=3.82813s, 149976 KB] Conducting best first search without reopening closed nodes, (real) bound = 2147483647
[t=4.004s, 186620 KB] New best heuristic value for operatorcounting(constraint_generators=[pho_constraints(patterns=systematic(4))],use_integer_operator_counts=true,transform=adapt_costs(cost_type=one)): 71
[t=4.004s, 186620 KB] g=0, 1 evaluated, 0 expanded
[t=4.004s, 186620 KB] Initial heuristic value for operatorcounting(constraint_generators=[pho_constraints(patterns=systematic(4))],use_integer_operator_counts=true,transform=adapt_costs(cost_type=one)): 71
[t=4.004s, 186620 KB] pruning method: none
[t=4.1719s, 186620 KB] New best heuristic value for operatorcounting(constraint_generators=[pho_constraints(patterns=systematic(4))],use_integer_operator_counts=true,transform=adapt_costs(cost_type=one)): 70
[t=4.1719s, 186620 KB] g=0, 2 evaluated, 1 expanded
[t=4.32379s, 186856 KB] New best heuristic value for operatorcounting(constraint_generators=[pho_constraints(patterns=systematic(4))],use_integer_operator_counts=true,transform=adapt_costs(cost_type=one)): 69
[t=4.32379s, 186856 KB] g=8000, 3 evaluated, 2 expanded
[t=6.66509s, 220864 KB] New best heuristic value for operatorcounting(constraint_generators=[pho_constraints(patterns=systematic(4))],use_integer_operator_counts=true,transform=adapt_costs(cost_type=one)): 68
[t=6.66509s, 220864 KB] g=10999, 23 evaluated, 3 expanded
[t=8.95118s, 221320 KB] New best heuristic value for operatorcounting(constraint_generators=[pho_constraints(patterns=systematic(4))],use_integer_operator_counts=true,transform=adapt_costs(cost_type=one)): 67
[t=8.95118s, 221320 KB] g=18999, 42 evaluated, 4 expanded
[t=11.2369s, 221320 KB] New best heuristic value for operatorcounting(constraint_generators=[pho_constraints(patterns=systematic(4))],use_integer_operator_counts=true,transform=adapt_costs(cost_type=one)): 66
[t=11.2369s, 221320 KB] g=21998, 61 evaluated, 5 expanded
[t=13.4706s, 221376 KB] New best heuristic value for operatorcounting(constraint_generators=[pho_constraints(patterns=systematic(4))],use_integer_operator_counts=true,transform=adapt_costs(cost_type=one)): 65
[t=13.4706s, 221376 KB] g=29998, 79 evaluated, 6 expanded
[t=15.705s, 221376 KB] New best heuristic value for operatorcounting(constraint_generators=[pho_constraints(patterns=systematic(4))],use_integer_operator_counts=true,transform=adapt_costs(cost_type=one)): 64
[t=15.705s, 221376 KB] g=32997, 97 evaluated, 7 expanded
[t=17.8154s, 221376 KB] New best heuristic value for operatorcounting(constraint_generators=[pho_constraints(patterns=systematic(4))],use_integer_operator_counts=true,transform=adapt_costs(cost_type=one)): 63
[t=17.8154s, 221376 KB] g=40997, 114 evaluated, 8 expanded
[t=19.925s, 221376 KB] New best heuristic value for operatorcounting(constraint_generators=[pho_constraints(patterns=systematic(4))],use_integer_operator_counts=true,transform=adapt_costs(cost_type=one)): 62
[t=19.925s, 221376 KB] g=43996, 131 evaluated, 9 expanded
[t=21.9789s, 221376 KB] New best heuristic value for operatorcounting(constraint_generators=[pho_constraints(patterns=systematic(4))],use_integer_operator_counts=true,transform=adapt_costs(cost_type=one)): 61
[t=21.9789s, 221376 KB] g=51996, 147 evaluated, 10 expanded
[t=24.027s, 221376 KB] New best heuristic value for operatorcounting(constraint_generators=[pho_constraints(patterns=systematic(4))],use_integer_operator_counts=true,transform=adapt_costs(cost_type=one)): 60
[t=24.027s, 221376 KB] g=54995, 163 evaluated, 11 expanded
[t=26.0607s, 221376 KB] New best heuristic value for operatorcounting(constraint_generators=[pho_constraints(patterns=systematic(4))],use_integer_operator_counts=true,transform=adapt_costs(cost_type=one)): 59
[t=26.0607s, 221376 KB] g=62995, 178 evaluated, 12 expanded
[t=28.0781s, 221376 KB] New best heuristic value for operatorcounting(constraint_generators=[pho_constraints(patterns=systematic(4))],use_integer_operator_counts=true,transform=adapt_costs(cost_type=one)): 58
[t=28.0781s, 221376 KB] g=65994, 193 evaluated, 13 expanded
[t=29.8887s, 221376 KB] New best heuristic value for operatorcounting(constraint_generators=[pho_constraints(patterns=systematic(4))],use_integer_operator_counts=true,transform=adapt_costs(cost_type=one)): 57
[t=29.8887s, 221376 KB] g=73994, 207 evaluated, 14 expanded
[t=31.6865s, 221376 KB] New best heuristic value for operatorcounting(constraint_generators=[pho_constraints(patterns=systematic(4))],use_integer_operator_counts=true,transform=adapt_costs(cost_type=one)): 56
[t=31.6865s, 221376 KB] g=76993, 221 evaluated, 15 expanded
[t=33.4647s, 221376 KB] New best heuristic value for operatorcounting(constraint_generators=[pho_constraints(patterns=systematic(4))],use_integer_operator_counts=true,transform=adapt_costs(cost_type=one)): 55
[t=33.4647s, 221376 KB] g=84993, 234 evaluated, 16 expanded
[t=35.2433s, 221376 KB] New best heuristic value for operatorcounting(constraint_generators=[pho_constraints(patterns=systematic(4))],use_integer_operator_counts=true,transform=adapt_costs(cost_type=one)): 54
[t=35.2433s, 221376 KB] g=87992, 247 evaluated, 17 expanded
[t=37.0048s, 221376 KB] New best heuristic value for operatorcounting(constraint_generators=[pho_constraints(patterns=systematic(4))],use_integer_operator_counts=true,transform=adapt_costs(cost_type=one)): 53
[t=37.0048s, 221376 KB] g=95992, 259 evaluated, 18 expanded
[t=38.7474s, 221376 KB] New best heuristic value for operatorcounting(constraint_generators=[pho_constraints(patterns=systematic(4))],use_integer_operator_counts=true,transform=adapt_costs(cost_type=one)): 52
[t=38.7474s, 221376 KB] g=98991, 271 evaluated, 19 expanded
[t=40.4247s, 221376 KB] New best heuristic value for operatorcounting(constraint_generators=[pho_constraints(patterns=systematic(4))],use_integer_operator_counts=true,transform=adapt_costs(cost_type=one)): 51
[t=40.4247s, 221376 KB] g=106991, 282 evaluated, 20 expanded
[t=42.0873s, 221376 KB] New best heuristic value for operatorcounting(constraint_generators=[pho_constraints(patterns=systematic(4))],use_integer_operator_counts=true,transform=adapt_costs(cost_type=one)): 50
[t=42.0913s, 221376 KB] g=109990, 293 evaluated, 21 expanded
[t=43.5966s, 221376 KB] New best heuristic value for operatorcounting(constraint_generators=[pho_constraints(patterns=systematic(4))],use_integer_operator_counts=true,transform=adapt_costs(cost_type=one)): 49
[t=43.5966s, 221376 KB] g=117990, 303 evaluated, 22 expanded
[t=45.1153s, 221376 KB] New best heuristic value for operatorcounting(constraint_generators=[pho_constraints(patterns=systematic(4))],use_integer_operator_counts=true,transform=adapt_costs(cost_type=one)): 48
[t=45.1153s, 221376 KB] g=342030, 313 evaluated, 23 expanded
[t=46.6772s, 223240 KB] New best heuristic value for operatorcounting(constraint_generators=[pho_constraints(patterns=systematic(4))],use_integer_operator_counts=true,transform=adapt_costs(cost_type=one)): 47
[t=46.6772s, 223240 KB] g=350030, 325 evaluated, 24 expanded
[t=48.2115s, 223240 KB] New best heuristic value for operatorcounting(constraint_generators=[pho_constraints(patterns=systematic(4))],use_integer_operator_counts=true,transform=adapt_costs(cost_type=one)): 46
[t=48.2115s, 223240 KB] g=360029, 335 evaluated, 25 expanded
[t=49.7454s, 223240 KB] New best heuristic value for operatorcounting(constraint_generators=[pho_constraints(patterns=systematic(4))],use_integer_operator_counts=true,transform=adapt_costs(cost_type=one)): 45
[t=49.7454s, 223240 KB] g=368029, 346 evaluated, 26 expanded
[t=51.283s, 223608 KB] New best heuristic value for operatorcounting(constraint_generators=[pho_constraints(patterns=systematic(4))],use_integer_operator_counts=true,transform=adapt_costs(cost_type=one)): 44
[t=51.283s, 223608 KB] g=376029, 356 evaluated, 27 expanded
[t=52.6578s, 223608 KB] New best heuristic value for operatorcounting(constraint_generators=[pho_constraints(patterns=systematic(4))],use_integer_operator_counts=true,transform=adapt_costs(cost_type=one)): 43
[t=52.6578s, 223608 KB] g=600069, 366 evaluated, 28 expanded
[t=54.0445s, 223608 KB] New best heuristic value for operatorcounting(constraint_generators=[pho_constraints(patterns=systematic(4))],use_integer_operator_counts=true,transform=adapt_costs(cost_type=one)): 42
[t=54.0445s, 223608 KB] g=608069, 376 evaluated, 29 expanded
[t=55.3948s, 223608 KB] New best heuristic value for operatorcounting(constraint_generators=[pho_constraints(patterns=systematic(4))],use_integer_operator_counts=true,transform=adapt_costs(cost_type=one)): 41
[t=55.3948s, 223608 KB] g=618068, 385 evaluated, 30 expanded
[t=56.7697s, 223608 KB] New best heuristic value for operatorcounting(constraint_generators=[pho_constraints(patterns=systematic(4))],use_integer_operator_counts=true,transform=adapt_costs(cost_type=one)): 40
[t=56.7697s, 223608 KB] g=626068, 394 evaluated, 31 expanded
[t=58.1366s, 223608 KB] New best heuristic value for operatorcounting(constraint_generators=[pho_constraints(patterns=systematic(4))],use_integer_operator_counts=true,transform=adapt_costs(cost_type=one)): 39
[t=58.1366s, 223608 KB] g=634068, 404 evaluated, 32 expanded
[t=59.3498s, 223608 KB] New best heuristic value for operatorcounting(constraint_generators=[pho_constraints(patterns=systematic(4))],use_integer_operator_counts=true,transform=adapt_costs(cost_type=one)): 38
[t=59.3498s, 223608 KB] g=858108, 413 evaluated, 33 expanded
[t=60.5841s, 223608 KB] New best heuristic value for operatorcounting(constraint_generators=[pho_constraints(patterns=systematic(4))],use_integer_operator_counts=true,transform=adapt_costs(cost_type=one)): 37
[t=60.5841s, 223608 KB] g=866108, 422 evaluated, 34 expanded
[t=61.7951s, 223608 KB] New best heuristic value for operatorcounting(constraint_generators=[pho_constraints(patterns=systematic(4))],use_integer_operator_counts=true,transform=adapt_costs(cost_type=one)): 36
[t=61.7951s, 223608 KB] g=876107, 430 evaluated, 35 expanded
[t=63.0333s, 223608 KB] New best heuristic value for operatorcounting(constraint_generators=[pho_constraints(patterns=systematic(4))],use_integer_operator_counts=true,transform=adapt_costs(cost_type=one)): 35
[t=63.0333s, 223608 KB] g=884107, 438 evaluated, 36 expanded
[t=64.2478s, 223680 KB] New best heuristic value for operatorcounting(constraint_generators=[pho_constraints(patterns=systematic(4))],use_integer_operator_counts=true,transform=adapt_costs(cost_type=one)): 34
[t=64.2478s, 223680 KB] g=892107, 447 evaluated, 37 expanded
[t=65.2941s, 223680 KB] New best heuristic value for operatorcounting(constraint_generators=[pho_constraints(patterns=systematic(4))],use_integer_operator_counts=true,transform=adapt_costs(cost_type=one)): 33
[t=65.2941s, 223680 KB] g=1116147, 455 evaluated, 38 expanded
[t=66.3773s, 223680 KB] New best heuristic value for operatorcounting(constraint_generators=[pho_constraints(patterns=systematic(4))],use_integer_operator_counts=true,transform=adapt_costs(cost_type=one)): 32
[t=66.3773s, 223680 KB] g=1124147, 463 evaluated, 39 expanded
[t=67.4404s, 223680 KB] New best heuristic value for operatorcounting(constraint_generators=[pho_constraints(patterns=systematic(4))],use_integer_operator_counts=true,transform=adapt_costs(cost_type=one)): 31
[t=67.4404s, 223680 KB] g=1134146, 470 evaluated, 40 expanded
[t=68.5115s, 223680 KB] New best heuristic value for operatorcounting(constraint_generators=[pho_constraints(patterns=systematic(4))],use_integer_operator_counts=true,transform=adapt_costs(cost_type=one)): 30
[t=68.5115s, 223680 KB] g=1142146, 477 evaluated, 41 expanded
[t=69.5731s, 223792 KB] New best heuristic value for operatorcounting(constraint_generators=[pho_constraints(patterns=systematic(4))],use_integer_operator_counts=true,transform=adapt_costs(cost_type=one)): 29
[t=69.5731s, 223792 KB] g=1150146, 485 evaluated, 42 expanded
[t=70.4563s, 223792 KB] New best heuristic value for operatorcounting(constraint_generators=[pho_constraints(patterns=systematic(4))],use_integer_operator_counts=true,transform=adapt_costs(cost_type=one)): 28
[t=70.4563s, 223792 KB] g=1374186, 492 evaluated, 43 expanded
[t=71.3715s, 223792 KB] New best heuristic value for operatorcounting(constraint_generators=[pho_constraints(patterns=systematic(4))],use_integer_operator_counts=true,transform=adapt_costs(cost_type=one)): 27
[t=71.3715s, 223792 KB] g=1382186, 499 evaluated, 44 expanded
[t=72.2663s, 223792 KB] New best heuristic value for operatorcounting(constraint_generators=[pho_constraints(patterns=systematic(4))],use_integer_operator_counts=true,transform=adapt_costs(cost_type=one)): 26
[t=72.2663s, 223792 KB] g=1392185, 505 evaluated, 45 expanded
[t=73.1566s, 223792 KB] New best heuristic value for operatorcounting(constraint_generators=[pho_constraints(patterns=systematic(4))],use_integer_operator_counts=true,transform=adapt_costs(cost_type=one)): 25
[t=73.1566s, 223792 KB] g=1400185, 511 evaluated, 46 expanded
[t=74.0558s, 223792 KB] New best heuristic value for operatorcounting(constraint_generators=[pho_constraints(patterns=systematic(4))],use_integer_operator_counts=true,transform=adapt_costs(cost_type=one)): 24
[t=74.0558s, 223792 KB] g=1408185, 518 evaluated, 47 expanded
[t=74.7711s, 223792 KB] New best heuristic value for operatorcounting(constraint_generators=[pho_constraints(patterns=systematic(4))],use_integer_operator_counts=true,transform=adapt_costs(cost_type=one)): 23
[t=74.7711s, 223792 KB] g=1632225, 524 evaluated, 48 expanded
[t=75.4945s, 223792 KB] New best heuristic value for operatorcounting(constraint_generators=[pho_constraints(patterns=systematic(4))],use_integer_operator_counts=true,transform=adapt_costs(cost_type=one)): 22
[t=75.4945s, 223792 KB] g=1640225, 530 evaluated, 49 expanded
[t=76.1499s, 223792 KB] New best heuristic value for operatorcounting(constraint_generators=[pho_constraints(patterns=systematic(4))],use_integer_operator_counts=true,transform=adapt_costs(cost_type=one)): 21
[t=76.1499s, 223792 KB] g=1650224, 535 evaluated, 50 expanded
[t=76.8173s, 223792 KB] New best heuristic value for operatorcounting(constraint_generators=[pho_constraints(patterns=systematic(4))],use_integer_operator_counts=true,transform=adapt_costs(cost_type=one)): 20
[t=76.8173s, 223792 KB] g=1658224, 540 evaluated, 51 expanded
[t=77.4919s, 223792 KB] New best heuristic value for operatorcounting(constraint_generators=[pho_constraints(patterns=systematic(4))],use_integer_operator_counts=true,transform=adapt_costs(cost_type=one)): 19
[t=77.4919s, 223792 KB] g=1666224, 546 evaluated, 52 expanded
[t=78.011s, 223792 KB] New best heuristic value for operatorcounting(constraint_generators=[pho_constraints(patterns=systematic(4))],use_integer_operator_counts=true,transform=adapt_costs(cost_type=one)): 18
[t=78.011s, 223792 KB] g=1890264, 551 evaluated, 53 expanded
[t=78.5585s, 223792 KB] New best heuristic value for operatorcounting(constraint_generators=[pho_constraints(patterns=systematic(4))],use_integer_operator_counts=true,transform=adapt_costs(cost_type=one)): 17
[t=78.5585s, 223792 KB] g=1898264, 556 evaluated, 54 expanded
[t=79.0938s, 223792 KB] New best heuristic value for operatorcounting(constraint_generators=[pho_constraints(patterns=systematic(4))],use_integer_operator_counts=true,transform=adapt_costs(cost_type=one)): 16
[t=79.0938s, 223792 KB] g=1908263, 560 evaluated, 55 expanded
[t=79.6253s, 223792 KB] New best heuristic value for operatorcounting(constraint_generators=[pho_constraints(patterns=systematic(4))],use_integer_operator_counts=true,transform=adapt_costs(cost_type=one)): 15
[t=79.6253s, 223792 KB] g=1916263, 564 evaluated, 56 expanded
[t=80.1528s, 223792 KB] New best heuristic value for operatorcounting(constraint_generators=[pho_constraints(patterns=systematic(4))],use_integer_operator_counts=true,transform=adapt_costs(cost_type=one)): 14
[t=80.1528s, 223792 KB] g=1924263, 569 evaluated, 57 expanded
[t=80.5346s, 223792 KB] New best heuristic value for operatorcounting(constraint_generators=[pho_constraints(patterns=systematic(4))],use_integer_operator_counts=true,transform=adapt_costs(cost_type=one)): 13
[t=80.5346s, 223792 KB] g=2148303, 573 evaluated, 58 expanded
[t=80.9422s, 223792 KB] New best heuristic value for operatorcounting(constraint_generators=[pho_constraints(patterns=systematic(4))],use_integer_operator_counts=true,transform=adapt_costs(cost_type=one)): 12
[t=80.9422s, 223792 KB] g=2156303, 577 evaluated, 59 expanded
[t=81.3259s, 223792 KB] New best heuristic value for operatorcounting(constraint_generators=[pho_constraints(patterns=systematic(4))],use_integer_operator_counts=true,transform=adapt_costs(cost_type=one)): 11
[t=81.3259s, 223792 KB] g=2166302, 580 evaluated, 60 expanded
[t=81.7056s, 223792 KB] New best heuristic value for operatorcounting(constraint_generators=[pho_constraints(patterns=systematic(4))],use_integer_operator_counts=true,transform=adapt_costs(cost_type=one)): 10
[t=81.7056s, 223792 KB] g=2174302, 583 evaluated, 61 expanded
[t=82.0927s, 223792 KB] New best heuristic value for operatorcounting(constraint_generators=[pho_constraints(patterns=systematic(4))],use_integer_operator_counts=true,transform=adapt_costs(cost_type=one)): 9
[t=82.0927s, 223792 KB] g=2182302, 587 evaluated, 62 expanded
[t=82.3405s, 223792 KB] New best heuristic value for operatorcounting(constraint_generators=[pho_constraints(patterns=systematic(4))],use_integer_operator_counts=true,transform=adapt_costs(cost_type=one)): 8
[t=82.3405s, 223792 KB] g=2406342, 590 evaluated, 63 expanded
[t=82.6038s, 223792 KB] New best heuristic value for operatorcounting(constraint_generators=[pho_constraints(patterns=systematic(4))],use_integer_operator_counts=true,transform=adapt_costs(cost_type=one)): 7
[t=82.6038s, 223792 KB] g=2414342, 593 evaluated, 64 expanded
[t=82.8515s, 223792 KB] New best heuristic value for operatorcounting(constraint_generators=[pho_constraints(patterns=systematic(4))],use_integer_operator_counts=true,transform=adapt_costs(cost_type=one)): 6
[t=82.8515s, 223792 KB] g=2424341, 595 evaluated, 65 expanded
[t=83.0906s, 223792 KB] New best heuristic value for operatorcounting(constraint_generators=[pho_constraints(patterns=systematic(4))],use_integer_operator_counts=true,transform=adapt_costs(cost_type=one)): 5
[t=83.0946s, 223792 KB] g=2432341, 597 evaluated, 66 expanded
[t=83.3144s, 223792 KB] New best heuristic value for operatorcounting(constraint_generators=[pho_constraints(patterns=systematic(4))],use_integer_operator_counts=true,transform=adapt_costs(cost_type=one)): 4
[t=83.3144s, 223792 KB] g=2440341, 600 evaluated, 67 expanded
[t=83.3904s, 223792 KB] New best heuristic value for operatorcounting(constraint_generators=[pho_constraints(patterns=systematic(4))],use_integer_operator_counts=true,transform=adapt_costs(cost_type=one)): 3
[t=83.3904s, 223792 KB] g=2664381, 601 evaluated, 68 expanded
[t=83.4623s, 223792 KB] New best heuristic value for operatorcounting(constraint_generators=[pho_constraints(patterns=systematic(4))],use_integer_operator_counts=true,transform=adapt_costs(cost_type=one)): 2
[t=83.4623s, 223792 KB] g=2672381, 604 evaluated, 69 expanded
[t=83.5302s, 223792 KB] New best heuristic value for operatorcounting(constraint_generators=[pho_constraints(patterns=systematic(4))],use_integer_operator_counts=true,transform=adapt_costs(cost_type=one)): 1
[t=83.5302s, 223792 KB] g=2682380, 605 evaluated, 70 expanded
[t=83.5942s, 223792 KB] New best heuristic value for operatorcounting(constraint_generators=[pho_constraints(patterns=systematic(4))],use_integer_operator_counts=true,transform=adapt_costs(cost_type=one)): 0
[t=83.5942s, 223792 KB] g=2690380, 606 evaluated, 71 expanded
[t=83.5942s, 223792 KB] Solution found!
[t=83.5942s, 223792 KB] Actual search time: 79.5902s
initialize  (0)
colorfeeder-feed-letter sheet1 (8000)
down-movebottom-letter sheet1 (2999)
colorfeeder-feed-letter sheet2 (8000)
down-movebottom-letter sheet2 (2999)
colorfeeder-feed-letter sheet3 (8000)
down-movebottom-letter sheet3 (2999)
colorfeeder-feed-letter sheet4 (8000)
down-movebottom-letter sheet4 (2999)
colorfeeder-feed-letter sheet5 (8000)
down-movebottom-letter sheet5 (2999)
colorfeeder-feed-letter sheet6 (8000)
down-movebottom-letter sheet6 (2999)
colorfeeder-feed-letter sheet7 (8000)
down-movebottom-letter sheet7 (2999)
colorfeeder-feed-letter sheet8 (8000)
down-movebottom-letter sheet8 (2999)
colorfeeder-feed-letter sheet9 (8000)
down-movebottom-letter sheet9 (2999)
colorfeeder-feed-letter sheet10 (8000)
down-movebottom-letter sheet10 (2999)
colorcontainer-toime-letter sheet1 (8000)
colorprinter-simplex-letter sheet1 front image-1 (224040)
colorcontainer-fromime-letter sheet1 (8000)
up-moveup-letter sheet1 (9999)
finisher1-stack-letter sheet1 dummy-sheet (8000)
colorcontainer-toime-letter sheet2 (8000)
colorprinter-simplex-letter sheet2 front image-2 (224040)
colorcontainer-fromime-letter sheet2 (8000)
up-moveup-letter sheet2 (9999)
finisher1-stack-letter sheet2 sheet1 (8000)
colorcontainer-toime-letter sheet3 (8000)
colorprinter-simplex-letter sheet3 front image-3 (224040)
colorcontainer-fromime-letter sheet3 (8000)
up-moveup-letter sheet3 (9999)
finisher1-stack-letter sheet3 sheet2 (8000)
colorcontainer-toime-letter sheet4 (8000)
colorprinter-simplex-letter sheet4 front image-4 (224040)
colorcontainer-fromime-letter sheet4 (8000)
up-moveup-letter sheet4 (9999)
finisher1-stack-letter sheet4 sheet3 (8000)
colorcontainer-toime-letter sheet5 (8000)
colorprinter-simplex-letter sheet5 front image-5 (224040)
colorcontainer-fromime-letter sheet5 (8000)
up-moveup-letter sheet5 (9999)
finisher1-stack-letter sheet5 sheet4 (8000)
colorcontainer-toime-letter sheet6 (8000)
colorprinter-simplexmono-letter sheet6 front image-6 (224040)
colorcontainer-fromime-letter sheet6 (8000)
up-moveup-letter sheet6 (9999)
finisher1-stack-letter sheet6 sheet5 (8000)
colorcontainer-toime-letter sheet7 (8000)
colorprinter-simplex-letter sheet7 front image-7 (224040)
colorcontainer-fromime-letter sheet7 (8000)
up-moveup-letter sheet7 (9999)
finisher1-stack-letter sheet7 sheet6 (8000)
colorcontainer-toime-letter sheet8 (8000)
colorprinter-simplex-letter sheet8 front image-8 (224040)
colorcontainer-fromime-letter sheet8 (8000)
up-moveup-letter sheet8 (9999)
finisher1-stack-letter sheet8 sheet7 (8000)
colorcontainer-toime-letter sheet9 (8000)
colorprinter-simplex-letter sheet9 front image-9 (224040)
colorcontainer-fromime-letter sheet9 (8000)
up-moveup-letter sheet9 (9999)
finisher1-stack-letter sheet9 sheet8 (8000)
colorcontainer-toime-letter sheet10 (8000)
colorprinter-simplexmono-letter sheet10 front image-10 (224040)
colorcontainer-fromime-letter sheet10 (8000)
up-moveup-letter sheet10 (9999)
finisher1-stack-letter sheet10 sheet9 (8000)
[t=83.5942s, 223792 KB] Plan length: 71 step(s).
[t=83.5942s, 223792 KB] Plan cost: 2690380
[t=83.5942s, 223792 KB] Expanded 72 state(s).
[t=83.5942s, 223792 KB] Reopened 0 state(s).
[t=83.5942s, 223792 KB] Evaluated 607 state(s).
[t=83.5942s, 223792 KB] Evaluations: 607
[t=83.5942s, 223792 KB] Generated 676 state(s).
[t=83.5942s, 223792 KB] Dead ends: 100 state(s).
[t=83.5942s, 223792 KB] Number of registered states: 607
[t=83.5942s, 223792 KB] Int hash set load factor: 607/1024 = 0.592773
[t=83.5942s, 223792 KB] Int hash set resizes: 10
[t=83.5942s, 223792 KB] Search time: 79.7661s
[t=83.5942s, 223792 KB] Total time: 83.5942s
Solution found.
Peak memory: 223792 KB
Remove intermediate file output.sas
search exit code: 0

INFO     Running validate.
INFO     validate stdin: None
INFO     validate time limit: None
INFO     validate memory limit: None
INFO     validate command line string: /home/henry/bin/validate domain.pddl problem.pddl sas_plan
Checking plan: sas_plan
Plan executed successfully - checking goal
Plan valid
Final value: 2690380 

Successful plans:
Value: 2690380
 sas_plan 2690380 

validate exit code: 0

INFO     Planner time: 83.73s
