INFO     planner time limit: 1800s
INFO     planner memory limit: 2048 MB

INFO     Running translator.
INFO     translator stdin: None
INFO     translator time limit: 1799s
INFO     translator memory limit: 2048 MB
INFO     translator command line string: /home/henry/Documents/UFRGS/TCC/downward/.venv/bin/python /home/henry/Documents/UFRGS/TCC/downward/experiments/lab/data/main/code-5bb2ccb6957559b6969ffd7e29254c73f84d5e49_e5e41175/builds/release/bin/translate/translate.py domain.pddl problem.pddl --sas-file output.sas
Parsing...
Parsing: [0.000s CPU, 0.003s wall-clock]
Normalizing task... [0.000s CPU, 0.000s wall-clock]
Instantiating...
Generating Datalog program... [0.000s CPU, 0.001s wall-clock]
Normalizing Datalog program...
Normalizing Datalog program: [0.010s CPU, 0.003s wall-clock]
Preparing model... [0.000s CPU, 0.002s wall-clock]
Generated 212 rules.
Computing model... [0.010s CPU, 0.009s wall-clock]
912 relevant atoms
1060 auxiliary atoms
1972 final queue length
2716 total queue pushes
Completing instantiation... [0.010s CPU, 0.009s wall-clock]
Instantiating: [0.030s CPU, 0.024s wall-clock]
Computing fact groups...
Finding invariants...
20 initial candidates
Finding invariants: [0.000s CPU, 0.003s wall-clock]
Checking invariant weight... [0.000s CPU, 0.000s wall-clock]
Instantiating groups... [0.000s CPU, 0.000s wall-clock]
Collecting mutex groups... [0.000s CPU, 0.000s wall-clock]
Choosing groups...
207 uncovered facts
Choosing groups: [0.000s CPU, 0.000s wall-clock]
Building translation key... [0.000s CPU, 0.001s wall-clock]
Computing fact groups: [0.000s CPU, 0.006s wall-clock]
Building STRIPS to SAS dictionary... [0.000s CPU, 0.000s wall-clock]
Building dictionary for full mutex groups... [0.000s CPU, 0.000s wall-clock]
Building mutex information...
Building mutex information: [0.000s CPU, 0.000s wall-clock]
Translating task...
Processing axioms...
Simplifying axioms... [0.000s CPU, 0.000s wall-clock]
Translator axioms removed by simplifying: 0
Computing negative axioms... [0.000s CPU, 0.000s wall-clock]
Processing axioms: [0.000s CPU, 0.000s wall-clock]
Translating task: [0.010s CPU, 0.010s wall-clock]
273 effect conditions simplified
0 implied preconditions added
Detecting unreachable propositions...
0 operators removed
0 axioms removed
10 propositions removed
Detecting unreachable propositions: [0.010s CPU, 0.005s wall-clock]
Reordering and filtering variables...
86 of 214 variables necessary.
0 of 8 mutex groups necessary.
369 of 369 operators necessary.
0 of 0 axiom rules necessary.
Reordering and filtering variables: [0.000s CPU, 0.003s wall-clock]
Translator variables: 86
Translator derived variables: 0
Translator facts: 300
Translator goal facts: 48
Translator mutex groups: 0
Translator total mutex groups size: 0
Translator operators: 369
Translator axioms: 0
Translator task size: 2742
Translator peak memory: 34400 KB
Writing output... [0.000s CPU, 0.002s wall-clock]
Done! [0.050s CPU, 0.054s wall-clock]
translate exit code: 0

INFO     Running search (release).
INFO     search stdin: output.sas
INFO     search time limit: 1799s
INFO     search memory limit: 2048 MB
INFO     search command line string: /home/henry/Documents/UFRGS/TCC/downward/experiments/lab/data/main/code-5bb2ccb6957559b6969ffd7e29254c73f84d5e49_e5e41175/builds/release/bin/downward --search 'eager_greedy([lsh(patterns=systematic(2), transform=adapt_costs(cost_type=ONE))])' --internal-plan-file sas_plan < output.sas
[t=0s, 10544 KB] reading input...
[t=0.002697s, 10676 KB] done reading input!
[t=0.002697s, 10940 KB] Generating patterns using: systematic pattern collection generator
[t=0.002697s, 10940 KB] building causal graph...done! [t=0s]
[t=0.002697s, 10940 KB] Found 242 SGA patterns.
[t=0.002697s, 10940 KB] Found 242 interesting patterns.
[t=0.002697s, 10940 KB] systematic pattern collection generator number of patterns: 242
[t=0.002697s, 10940 KB] systematic pattern collection generator total PDB size: 2632
[t=0.002697s, 10940 KB] systematic pattern collection generator computation time: 0s
[t=0.002697s, 10940 KB] Computing PDBs for pattern collection...
[t=0.0146892s, 10940 KB] Done computing PDBs for pattern collection: 0.0119922s
[t=0.0146892s, 11072 KB] Building successor generator...done!
[t=0.0146892s, 11072 KB] peak memory difference for successor generator creation: 0 KB
[t=0.0146892s, 11072 KB] time for successor generation creation: 0s
[t=0.0146892s, 11072 KB] Variables: 86
[t=0.0146892s, 11072 KB] FactPairs: 300
[t=0.0146892s, 11072 KB] Bytes per state: 16
[t=0.0146892s, 11072 KB] Conducting best first search without reopening closed nodes, (real) bound = 2147483647
[t=0.0146892s, 11072 KB] New best heuristic value for lsh(patterns=systematic(2),transform=adapt_costs(cost_type=one)): 69
[t=0.0146892s, 11072 KB] g=0, 1 evaluated, 0 expanded
[t=0.0146892s, 11072 KB] Initial heuristic value for lsh(patterns=systematic(2),transform=adapt_costs(cost_type=one)): 69
[t=0.0146892s, 11072 KB] pruning method: none
[t=0.0146892s, 11072 KB] New best heuristic value for lsh(patterns=systematic(2),transform=adapt_costs(cost_type=one)): 56
[t=0.0146892s, 11072 KB] g=0, 2 evaluated, 1 expanded
[t=0.0146892s, 11072 KB] New best heuristic value for lsh(patterns=systematic(2),transform=adapt_costs(cost_type=one)): 55
[t=0.0146892s, 11072 KB] g=8000, 3 evaluated, 2 expanded
[t=0.0146892s, 11072 KB] New best heuristic value for lsh(patterns=systematic(2),transform=adapt_costs(cost_type=one)): 54
[t=0.0146892s, 11072 KB] g=10999, 19 evaluated, 3 expanded
[t=0.0146892s, 11072 KB] New best heuristic value for lsh(patterns=systematic(2),transform=adapt_costs(cost_type=one)): 53
[t=0.0146892s, 11072 KB] g=18999, 34 evaluated, 4 expanded
[t=0.0146892s, 11072 KB] New best heuristic value for lsh(patterns=systematic(2),transform=adapt_costs(cost_type=one)): 52
[t=0.0146892s, 11072 KB] g=21998, 49 evaluated, 5 expanded
[t=0.0186893s, 11072 KB] New best heuristic value for lsh(patterns=systematic(2),transform=adapt_costs(cost_type=one)): 51
[t=0.0186893s, 11072 KB] g=29998, 63 evaluated, 6 expanded
[t=0.0186893s, 11072 KB] New best heuristic value for lsh(patterns=systematic(2),transform=adapt_costs(cost_type=one)): 50
[t=0.0186893s, 11072 KB] g=32997, 77 evaluated, 7 expanded
[t=0.0186893s, 11072 KB] New best heuristic value for lsh(patterns=systematic(2),transform=adapt_costs(cost_type=one)): 49
[t=0.0186893s, 11072 KB] g=40997, 90 evaluated, 8 expanded
[t=0.0186893s, 11072 KB] New best heuristic value for lsh(patterns=systematic(2),transform=adapt_costs(cost_type=one)): 48
[t=0.0186893s, 11072 KB] g=43996, 103 evaluated, 9 expanded
[t=0.0186893s, 11072 KB] New best heuristic value for lsh(patterns=systematic(2),transform=adapt_costs(cost_type=one)): 47
[t=0.0186893s, 11072 KB] g=51996, 115 evaluated, 10 expanded
[t=0.0186893s, 11072 KB] New best heuristic value for lsh(patterns=systematic(2),transform=adapt_costs(cost_type=one)): 46
[t=0.0186893s, 11072 KB] g=54995, 127 evaluated, 11 expanded
[t=0.0186893s, 11072 KB] New best heuristic value for lsh(patterns=systematic(2),transform=adapt_costs(cost_type=one)): 45
[t=0.0186893s, 11072 KB] g=62995, 138 evaluated, 12 expanded
[t=0.0186893s, 11072 KB] New best heuristic value for lsh(patterns=systematic(2),transform=adapt_costs(cost_type=one)): 44
[t=0.0186893s, 11072 KB] g=65994, 149 evaluated, 13 expanded
[t=0.0186893s, 11072 KB] New best heuristic value for lsh(patterns=systematic(2),transform=adapt_costs(cost_type=one)): 43
[t=0.0186893s, 11072 KB] g=73994, 159 evaluated, 14 expanded
[t=0.0186893s, 11072 KB] New best heuristic value for lsh(patterns=systematic(2),transform=adapt_costs(cost_type=one)): 42
[t=0.0186893s, 11072 KB] g=76993, 169 evaluated, 15 expanded
[t=0.0186893s, 11072 KB] New best heuristic value for lsh(patterns=systematic(2),transform=adapt_costs(cost_type=one)): 41
[t=0.0186893s, 11072 KB] g=84993, 178 evaluated, 16 expanded
[t=0.0186893s, 11072 KB] New best heuristic value for lsh(patterns=systematic(2),transform=adapt_costs(cost_type=one)): 40
[t=0.0186893s, 11072 KB] g=87992, 187 evaluated, 17 expanded
[t=0.0186893s, 11072 KB] New best heuristic value for lsh(patterns=systematic(2),transform=adapt_costs(cost_type=one)): 39
[t=0.0186893s, 11072 KB] g=95992, 195 evaluated, 18 expanded
[t=0.0186893s, 11072 KB] New best heuristic value for lsh(patterns=systematic(2),transform=adapt_costs(cost_type=one)): 38
[t=0.0186893s, 11072 KB] g=320032, 203 evaluated, 19 expanded
[t=0.0186893s, 11072 KB] New best heuristic value for lsh(patterns=systematic(2),transform=adapt_costs(cost_type=one)): 37
[t=0.0186893s, 11072 KB] g=328032, 213 evaluated, 20 expanded
[t=0.0186893s, 11072 KB] New best heuristic value for lsh(patterns=systematic(2),transform=adapt_costs(cost_type=one)): 36
[t=0.0186893s, 11072 KB] g=338031, 221 evaluated, 21 expanded
[t=0.0186893s, 11072 KB] New best heuristic value for lsh(patterns=systematic(2),transform=adapt_costs(cost_type=one)): 35
[t=0.0186893s, 11072 KB] g=346031, 230 evaluated, 22 expanded
[t=0.0186893s, 11072 KB] New best heuristic value for lsh(patterns=systematic(2),transform=adapt_costs(cost_type=one)): 34
[t=0.0186893s, 11072 KB] g=354031, 238 evaluated, 23 expanded
[t=0.0186893s, 11072 KB] New best heuristic value for lsh(patterns=systematic(2),transform=adapt_costs(cost_type=one)): 33
[t=0.0186893s, 11072 KB] g=578071, 245 evaluated, 24 expanded
[t=0.0186893s, 11072 KB] New best heuristic value for lsh(patterns=systematic(2),transform=adapt_costs(cost_type=one)): 32
[t=0.0186893s, 11072 KB] g=586071, 254 evaluated, 25 expanded
[t=0.0186893s, 11072 KB] New best heuristic value for lsh(patterns=systematic(2),transform=adapt_costs(cost_type=one)): 31
[t=0.0186893s, 11072 KB] g=596070, 261 evaluated, 26 expanded
[t=0.0186893s, 11072 KB] New best heuristic value for lsh(patterns=systematic(2),transform=adapt_costs(cost_type=one)): 30
[t=0.0186893s, 11072 KB] g=604070, 268 evaluated, 27 expanded
[t=0.0186893s, 11072 KB] New best heuristic value for lsh(patterns=systematic(2),transform=adapt_costs(cost_type=one)): 29
[t=0.0186893s, 11072 KB] g=612070, 276 evaluated, 28 expanded
[t=0.0186893s, 11072 KB] New best heuristic value for lsh(patterns=systematic(2),transform=adapt_costs(cost_type=one)): 28
[t=0.0186893s, 11072 KB] g=836110, 283 evaluated, 29 expanded
[t=0.0186893s, 11072 KB] New best heuristic value for lsh(patterns=systematic(2),transform=adapt_costs(cost_type=one)): 27
[t=0.0186893s, 11072 KB] g=844110, 290 evaluated, 30 expanded
[t=0.0186893s, 11072 KB] New best heuristic value for lsh(patterns=systematic(2),transform=adapt_costs(cost_type=one)): 26
[t=0.0186893s, 11072 KB] g=854109, 296 evaluated, 31 expanded
[t=0.0186893s, 11072 KB] New best heuristic value for lsh(patterns=systematic(2),transform=adapt_costs(cost_type=one)): 25
[t=0.0186893s, 11072 KB] g=862109, 302 evaluated, 32 expanded
[t=0.0186893s, 11072 KB] New best heuristic value for lsh(patterns=systematic(2),transform=adapt_costs(cost_type=one)): 24
[t=0.0186893s, 11072 KB] g=870109, 309 evaluated, 33 expanded
[t=0.0186893s, 11072 KB] New best heuristic value for lsh(patterns=systematic(2),transform=adapt_costs(cost_type=one)): 23
[t=0.0186893s, 11072 KB] g=1094149, 315 evaluated, 34 expanded
[t=0.0186893s, 11072 KB] New best heuristic value for lsh(patterns=systematic(2),transform=adapt_costs(cost_type=one)): 22
[t=0.0186893s, 11072 KB] g=1102149, 321 evaluated, 35 expanded
[t=0.0186893s, 11072 KB] New best heuristic value for lsh(patterns=systematic(2),transform=adapt_costs(cost_type=one)): 21
[t=0.0186893s, 11072 KB] g=1112148, 326 evaluated, 36 expanded
[t=0.0186893s, 11072 KB] New best heuristic value for lsh(patterns=systematic(2),transform=adapt_costs(cost_type=one)): 20
[t=0.0186893s, 11072 KB] g=1120148, 331 evaluated, 37 expanded
[t=0.0186893s, 11072 KB] New best heuristic value for lsh(patterns=systematic(2),transform=adapt_costs(cost_type=one)): 19
[t=0.0186893s, 11072 KB] g=1128148, 337 evaluated, 38 expanded
[t=0.0186893s, 11072 KB] New best heuristic value for lsh(patterns=systematic(2),transform=adapt_costs(cost_type=one)): 18
[t=0.0186893s, 11072 KB] g=1352188, 342 evaluated, 39 expanded
[t=0.0186893s, 11072 KB] New best heuristic value for lsh(patterns=systematic(2),transform=adapt_costs(cost_type=one)): 17
[t=0.0186893s, 11072 KB] g=1360188, 347 evaluated, 40 expanded
[t=0.0186893s, 11072 KB] New best heuristic value for lsh(patterns=systematic(2),transform=adapt_costs(cost_type=one)): 16
[t=0.0186893s, 11072 KB] g=1370187, 351 evaluated, 41 expanded
[t=0.0186893s, 11072 KB] New best heuristic value for lsh(patterns=systematic(2),transform=adapt_costs(cost_type=one)): 15
[t=0.0186893s, 11072 KB] g=1378187, 355 evaluated, 42 expanded
[t=0.0186893s, 11072 KB] New best heuristic value for lsh(patterns=systematic(2),transform=adapt_costs(cost_type=one)): 14
[t=0.0186893s, 11072 KB] g=1386187, 360 evaluated, 43 expanded
[t=0.0186893s, 11072 KB] New best heuristic value for lsh(patterns=systematic(2),transform=adapt_costs(cost_type=one)): 13
[t=0.0186893s, 11072 KB] g=1610227, 364 evaluated, 44 expanded
[t=0.0186893s, 11072 KB] New best heuristic value for lsh(patterns=systematic(2),transform=adapt_costs(cost_type=one)): 12
[t=0.0186893s, 11072 KB] g=1618227, 368 evaluated, 45 expanded
[t=0.0186893s, 11072 KB] New best heuristic value for lsh(patterns=systematic(2),transform=adapt_costs(cost_type=one)): 11
[t=0.0186893s, 11072 KB] g=1628226, 371 evaluated, 46 expanded
[t=0.0186893s, 11072 KB] New best heuristic value for lsh(patterns=systematic(2),transform=adapt_costs(cost_type=one)): 10
[t=0.0186893s, 11072 KB] g=1636226, 374 evaluated, 47 expanded
[t=0.0186893s, 11072 KB] New best heuristic value for lsh(patterns=systematic(2),transform=adapt_costs(cost_type=one)): 9
[t=0.0186893s, 11072 KB] g=1644226, 378 evaluated, 48 expanded
[t=0.0186893s, 11072 KB] New best heuristic value for lsh(patterns=systematic(2),transform=adapt_costs(cost_type=one)): 8
[t=0.0186893s, 11072 KB] g=1868266, 381 evaluated, 49 expanded
[t=0.0186893s, 11072 KB] New best heuristic value for lsh(patterns=systematic(2),transform=adapt_costs(cost_type=one)): 7
[t=0.0186893s, 11072 KB] g=1876266, 384 evaluated, 50 expanded
[t=0.0186893s, 11072 KB] New best heuristic value for lsh(patterns=systematic(2),transform=adapt_costs(cost_type=one)): 6
[t=0.0226954s, 11072 KB] g=1886265, 386 evaluated, 51 expanded
[t=0.0226954s, 11072 KB] New best heuristic value for lsh(patterns=systematic(2),transform=adapt_costs(cost_type=one)): 5
[t=0.0226954s, 11072 KB] g=1894265, 388 evaluated, 52 expanded
[t=0.0226954s, 11072 KB] New best heuristic value for lsh(patterns=systematic(2),transform=adapt_costs(cost_type=one)): 4
[t=0.0226954s, 11072 KB] g=1902265, 391 evaluated, 53 expanded
[t=0.0226954s, 11072 KB] New best heuristic value for lsh(patterns=systematic(2),transform=adapt_costs(cost_type=one)): 3
[t=0.0226954s, 11072 KB] g=2126305, 393 evaluated, 54 expanded
[t=0.0226954s, 11072 KB] New best heuristic value for lsh(patterns=systematic(2),transform=adapt_costs(cost_type=one)): 2
[t=0.0226954s, 11072 KB] g=2134305, 395 evaluated, 55 expanded
[t=0.0226954s, 11072 KB] New best heuristic value for lsh(patterns=systematic(2),transform=adapt_costs(cost_type=one)): 1
[t=0.0226954s, 11072 KB] g=2144304, 396 evaluated, 56 expanded
[t=0.0226954s, 11072 KB] New best heuristic value for lsh(patterns=systematic(2),transform=adapt_costs(cost_type=one)): 0
[t=0.0226954s, 11072 KB] g=2152304, 397 evaluated, 57 expanded
[t=0.0226954s, 11072 KB] Solution found!
[t=0.0226954s, 11072 KB] Actual search time: 0.00800618s
initialize  (0)
colorfeeder-feed-letter sheet1 (8000)
down-movebottom-letter sheet1 (2999)
colorfeeder-feed-letter sheet2 (8000)
down-movebottom-letter sheet2 (2999)
colorfeeder-feed-letter sheet3 (8000)
down-movebottom-letter sheet3 (2999)
colorfeeder-feed-letter sheet4 (8000)
down-movebottom-letter sheet4 (2999)
colorfeeder-feed-letter sheet5 (8000)
down-movebottom-letter sheet5 (2999)
colorfeeder-feed-letter sheet6 (8000)
down-movebottom-letter sheet6 (2999)
colorfeeder-feed-letter sheet7 (8000)
down-movebottom-letter sheet7 (2999)
colorfeeder-feed-letter sheet8 (8000)
down-movebottom-letter sheet8 (2999)
colorcontainer-toime-letter sheet1 (8000)
colorprinter-simplexmono-letter sheet1 front image-1 (224040)
colorcontainer-fromime-letter sheet1 (8000)
up-moveup-letter sheet1 (9999)
finisher1-stack-letter sheet1 dummy-sheet (8000)
colorcontainer-toime-letter sheet2 (8000)
colorprinter-simplex-letter sheet2 front image-2 (224040)
colorcontainer-fromime-letter sheet2 (8000)
up-moveup-letter sheet2 (9999)
finisher1-stack-letter sheet2 sheet1 (8000)
colorcontainer-toime-letter sheet3 (8000)
colorprinter-simplex-letter sheet3 front image-3 (224040)
colorcontainer-fromime-letter sheet3 (8000)
up-moveup-letter sheet3 (9999)
finisher1-stack-letter sheet3 sheet2 (8000)
colorcontainer-toime-letter sheet4 (8000)
colorprinter-simplexmono-letter sheet4 front image-4 (224040)
colorcontainer-fromime-letter sheet4 (8000)
up-moveup-letter sheet4 (9999)
finisher1-stack-letter sheet4 sheet3 (8000)
colorcontainer-toime-letter sheet5 (8000)
colorprinter-simplex-letter sheet5 front image-5 (224040)
colorcontainer-fromime-letter sheet5 (8000)
up-moveup-letter sheet5 (9999)
finisher1-stack-letter sheet5 sheet4 (8000)
colorcontainer-toime-letter sheet6 (8000)
colorprinter-simplex-letter sheet6 front image-6 (224040)
colorcontainer-fromime-letter sheet6 (8000)
up-moveup-letter sheet6 (9999)
finisher1-stack-letter sheet6 sheet5 (8000)
colorcontainer-toime-letter sheet7 (8000)
colorprinter-simplex-letter sheet7 front image-7 (224040)
colorcontainer-fromime-letter sheet7 (8000)
up-moveup-letter sheet7 (9999)
finisher1-stack-letter sheet7 sheet6 (8000)
colorcontainer-toime-letter sheet8 (8000)
colorprinter-simplexmono-letter sheet8 front image-8 (224040)
colorcontainer-fromime-letter sheet8 (8000)
up-moveup-letter sheet8 (9999)
finisher1-stack-letter sheet8 sheet7 (8000)
[t=0.0226954s, 11072 KB] Plan length: 57 step(s).
[t=0.0226954s, 11072 KB] Plan cost: 2152304
[t=0.0226954s, 11072 KB] Expanded 58 state(s).
[t=0.0226954s, 11072 KB] Reopened 0 state(s).
[t=0.0226954s, 11072 KB] Evaluated 398 state(s).
[t=0.0226954s, 11072 KB] Evaluations: 398
[t=0.0226954s, 11072 KB] Generated 437 state(s).
[t=0.0226954s, 11072 KB] Dead ends: 24 state(s).
[t=0.0226954s, 11072 KB] Number of registered states: 398
[t=0.0226954s, 11072 KB] Int hash set load factor: 398/512 = 0.777344
[t=0.0226954s, 11072 KB] Int hash set resizes: 9
[t=0.0226954s, 11072 KB] Search time: 0.00800618s
[t=0.0226954s, 11072 KB] Total time: 0.0226954s
Solution found.
Peak memory: 11072 KB
Remove intermediate file output.sas
search exit code: 0

INFO     Running validate.
INFO     validate stdin: None
INFO     validate time limit: None
INFO     validate memory limit: None
INFO     validate command line string: /home/henry/bin/validate domain.pddl problem.pddl sas_plan
Checking plan: sas_plan
Plan executed successfully - checking goal
Plan valid
Final value: 2152304 

Successful plans:
Value: 2152304
 sas_plan 2152304 

validate exit code: 0

INFO     Planner time: 0.13s
