INFO     planner time limit: 1800s
INFO     planner memory limit: 2048 MB

INFO     Running translator.
INFO     translator stdin: None
INFO     translator time limit: 1799s
INFO     translator memory limit: 2048 MB
INFO     translator command line string: /home/henry/Documents/UFRGS/TCC/downward/.venv/bin/python /home/henry/Documents/UFRGS/TCC/downward/experiments/lab/data/main/code-5bb2ccb6957559b6969ffd7e29254c73f84d5e49_e5e41175/builds/release/bin/translate/translate.py domain.pddl problem.pddl --sas-file output.sas
Parsing...
Parsing: [0.000s CPU, 0.001s wall-clock]
Normalizing task... [0.000s CPU, 0.000s wall-clock]
Instantiating...
Generating Datalog program... [0.000s CPU, 0.000s wall-clock]
Normalizing Datalog program...
Normalizing Datalog program: [0.000s CPU, 0.001s wall-clock]
Preparing model... [0.000s CPU, 0.001s wall-clock]
Generated 32 rules.
Computing model... [0.550s CPU, 0.552s wall-clock]
93947 relevant atoms
7380 auxiliary atoms
101327 final queue length
304222 total queue pushes
Completing instantiation... [3.290s CPU, 3.283s wall-clock]
Instantiating: [3.860s CPU, 3.855s wall-clock]
Computing fact groups...
Finding invariants...
12 initial candidates
Finding invariants: [0.010s CPU, 0.008s wall-clock]
Checking invariant weight... [0.000s CPU, 0.000s wall-clock]
Instantiating groups... [0.000s CPU, 0.006s wall-clock]
Collecting mutex groups... [0.010s CPU, 0.001s wall-clock]
Choosing groups...
86 uncovered facts
Choosing groups: [0.000s CPU, 0.004s wall-clock]
Building translation key... [0.000s CPU, 0.001s wall-clock]
Computing fact groups: [0.020s CPU, 0.025s wall-clock]
Building STRIPS to SAS dictionary... [0.000s CPU, 0.001s wall-clock]
Building dictionary for full mutex groups... [0.010s CPU, 0.002s wall-clock]
Building mutex information...
Building mutex information: [0.000s CPU, 0.001s wall-clock]
Translating task...
Processing axioms...
Simplifying axioms... [0.000s CPU, 0.000s wall-clock]
Translator axioms removed by simplifying: 0
Computing negative axioms... [0.000s CPU, 0.000s wall-clock]
Processing axioms: [0.120s CPU, 0.124s wall-clock]
Translating task: [3.430s CPU, 3.436s wall-clock]
109242 effect conditions simplified
0 implied preconditions added
Detecting unreachable propositions...
0 operators removed
0 axioms removed
34 propositions removed
Detecting unreachable propositions: [1.870s CPU, 1.868s wall-clock]
Reordering and filtering variables...
120 of 120 variables necessary.
52 of 86 mutex groups necessary.
88434 of 88434 operators necessary.
0 of 0 axiom rules necessary.
Reordering and filtering variables: [0.500s CPU, 0.504s wall-clock]
Translator variables: 120
Translator derived variables: 0
Translator facts: 1940
Translator goal facts: 34
Translator mutex groups: 52
Translator total mutex groups size: 1820
Translator operators: 88434
Translator axioms: 0
Translator task size: 720056
Translator peak memory: 456164 KB
Writing output... [0.500s CPU, 0.511s wall-clock]
Done! [10.350s CPU, 10.364s wall-clock]
translate exit code: 0

INFO     Running search (release).
INFO     search stdin: output.sas
INFO     search time limit: 1789s
INFO     search memory limit: 2048 MB
INFO     search command line string: /home/henry/Documents/UFRGS/TCC/downward/experiments/lab/data/main/code-5bb2ccb6957559b6969ffd7e29254c73f84d5e49_e5e41175/builds/release/bin/downward --search 'eager_greedy([ilsh(patterns=systematic(4), transform=adapt_costs(cost_type=ONE))])' --internal-plan-file sas_plan < output.sas
[t=0s, 10544 KB] reading input...
[t=0.355663s, 44048 KB] done reading input!
[t=0.355663s, 44312 KB] Generating patterns using: systematic pattern collection generator
[t=0.355663s, 44312 KB] building causal graph...done! [t=0.0519403s]
[t=13.2851s, 1542264 KB] Found 5720449 SGA patterns.
[t=50.1276s, 1663996 KB] Found 6220113 interesting patterns.
[t=56.7361s, 1663996 KB] systematic pattern collection generator number of patterns: 6220113
[t=57.4635s, 1663996 KB] systematic pattern collection generator total PDB size: 1129064872
[t=57.7792s, 1663996 KB] systematic pattern collection generator computation time: 56.3805s
[t=57.7792s, 1663996 KB] Computing PDBs for pattern collection...
Peak memory: 1664796 KB
caught signal 24 -- exiting
Time limit has been reached.
Remove intermediate file output.sas
search exit code: 23

Driver aborting after search
INFO     Planner time: 1797.88s
