INFO     planner time limit: 1800s
INFO     planner memory limit: 2048 MB

INFO     Running translator.
INFO     translator stdin: None
INFO     translator time limit: 1799s
INFO     translator memory limit: 2048 MB
INFO     translator command line string: /home/henry/Documents/UFRGS/TCC/downward/.venv/bin/python /home/henry/Documents/UFRGS/TCC/downward/experiments/lab/data/main/code-5bb2ccb6957559b6969ffd7e29254c73f84d5e49_e5e41175/builds/release/bin/translate/translate.py domain.pddl problem.pddl --sas-file output.sas
Parsing...
Parsing: [0.000s CPU, 0.004s wall-clock]
Normalizing task... [0.000s CPU, 0.000s wall-clock]
Instantiating...
Generating Datalog program... [0.000s CPU, 0.001s wall-clock]
Normalizing Datalog program...
Trivial rules: Converted to facts.
Normalizing Datalog program: [0.010s CPU, 0.003s wall-clock]
Preparing model... [0.000s CPU, 0.003s wall-clock]
Generated 129 rules.
Computing model... [0.510s CPU, 0.501s wall-clock]
40468 relevant atoms
35614 auxiliary atoms
76082 final queue length
254224 total queue pushes
Completing instantiation... [2.760s CPU, 2.773s wall-clock]
Instantiating: [3.300s CPU, 3.299s wall-clock]
Computing fact groups...
Finding invariants...
28 initial candidates
Finding invariants: [0.010s CPU, 0.015s wall-clock]
Checking invariant weight... [0.000s CPU, 0.000s wall-clock]
Instantiating groups... [0.000s CPU, 0.001s wall-clock]
Collecting mutex groups... [0.000s CPU, 0.000s wall-clock]
Choosing groups...
603 uncovered facts
Choosing groups: [0.000s CPU, 0.001s wall-clock]
Building translation key... [0.000s CPU, 0.002s wall-clock]
Computing fact groups: [0.020s CPU, 0.024s wall-clock]
Building STRIPS to SAS dictionary... [0.000s CPU, 0.001s wall-clock]
Building dictionary for full mutex groups... [0.000s CPU, 0.001s wall-clock]
Building mutex information...
Building mutex information: [0.000s CPU, 0.000s wall-clock]
Translating task...
Processing axioms...
Simplifying axioms... [0.000s CPU, 0.000s wall-clock]
Translator axioms removed by simplifying: 0
Computing negative axioms... [0.000s CPU, 0.000s wall-clock]
Processing axioms: [0.150s CPU, 0.150s wall-clock]
Translating task: [2.660s CPU, 2.661s wall-clock]
57965 effect conditions simplified
0 implied preconditions added
Detecting unreachable propositions...
0 operators removed
0 axioms removed
45 propositions removed
Detecting unreachable propositions: [2.070s CPU, 2.070s wall-clock]
Reordering and filtering variables...
628 of 630 variables necessary.
0 of 33 mutex groups necessary.
38647 of 38647 operators necessary.
0 of 0 axiom rules necessary.
Reordering and filtering variables: [0.770s CPU, 0.765s wall-clock]
Translator variables: 628
Translator derived variables: 0
Translator facts: 1884
Translator goal facts: 40
Translator mutex groups: 0
Translator total mutex groups size: 0
Translator operators: 38647
Translator axioms: 0
Translator task size: 556651
Translator peak memory: 301684 KB
Writing output... [0.390s CPU, 0.396s wall-clock]
Done! [9.330s CPU, 9.347s wall-clock]
translate exit code: 0

INFO     Running search (release).
INFO     search stdin: output.sas
INFO     search time limit: 1790s
INFO     search memory limit: 2048 MB
INFO     search command line string: /home/henry/Documents/UFRGS/TCC/downward/experiments/lab/data/main/code-5bb2ccb6957559b6969ffd7e29254c73f84d5e49_e5e41175/builds/release/bin/downward --search 'eager_greedy([operatorcounting(constraint_generators=[pho_constraints(patterns=systematic(2))], use_integer_operator_counts=true, transform=adapt_costs(cost_type=ONE))])' --internal-plan-file sas_plan < output.sas
[t=0s, 45596 KB] reading input...
[t=0.235754s, 65068 KB] done reading input!
[t=0.237738s, 68588 KB] Generating patterns using: systematic pattern collection generator
[t=0.237738s, 68588 KB] building causal graph...done! [t=0.199751s]
[t=0.501428s, 87116 KB] Found 4009 SGA patterns.
[t=0.585333s, 87116 KB] Found 4009 interesting patterns.
[t=0.589339s, 87116 KB] systematic pattern collection generator number of patterns: 4009
[t=0.589339s, 87116 KB] systematic pattern collection generator total PDB size: 128173
[t=0.589339s, 87116 KB] systematic pattern collection generator computation time: 0.351601s
[t=0.589339s, 87116 KB] Computing PDBs for pattern collection...
[t=40.6167s, 87116 KB] Done computing PDBs for pattern collection: 40.0274s
[t=53.9513s, 366816 KB] Building successor generator...done!
[t=53.9673s, 366816 KB] peak memory difference for successor generator creation: 0 KB
[t=53.9673s, 366816 KB] time for successor generation creation: 0.0159982s
[t=53.9673s, 366816 KB] Variables: 628
[t=53.9673s, 366816 KB] FactPairs: 1884
[t=53.9673s, 366816 KB] Bytes per state: 96
[t=53.9673s, 366816 KB] Conducting best first search without reopening closed nodes, (real) bound = 2147483647
[t=54.6256s, 448268 KB] New best heuristic value for operatorcounting(constraint_generators=[pho_constraints(patterns=systematic(2))],use_integer_operator_counts=true,transform=adapt_costs(cost_type=one)): 76
[t=54.6256s, 448268 KB] g=0, 1 evaluated, 0 expanded
[t=54.6256s, 448268 KB] Initial heuristic value for operatorcounting(constraint_generators=[pho_constraints(patterns=systematic(2))],use_integer_operator_counts=true,transform=adapt_costs(cost_type=one)): 76
[t=54.6256s, 448268 KB] pruning method: none
[t=55.436s, 448360 KB] New best heuristic value for operatorcounting(constraint_generators=[pho_constraints(patterns=systematic(2))],use_integer_operator_counts=true,transform=adapt_costs(cost_type=one)): 75
[t=55.436s, 448360 KB] g=1, 2 evaluated, 1 expanded
[t=63.6137s, 693880 KB] New best heuristic value for operatorcounting(constraint_generators=[pho_constraints(patterns=systematic(2))],use_integer_operator_counts=true,transform=adapt_costs(cost_type=one)): 74
[t=63.6137s, 693880 KB] g=1, 11 evaluated, 6 expanded
[t=64.6201s, 693880 KB] New best heuristic value for operatorcounting(constraint_generators=[pho_constraints(patterns=systematic(2))],use_integer_operator_counts=true,transform=adapt_costs(cost_type=one)): 73
[t=64.6201s, 693880 KB] g=2, 12 evaluated, 7 expanded
[t=73.3357s, 694416 KB] New best heuristic value for operatorcounting(constraint_generators=[pho_constraints(patterns=systematic(2))],use_integer_operator_counts=true,transform=adapt_costs(cost_type=one)): 72
[t=73.3357s, 694416 KB] g=2, 20 evaluated, 12 expanded
[t=74.1903s, 694416 KB] New best heuristic value for operatorcounting(constraint_generators=[pho_constraints(patterns=systematic(2))],use_integer_operator_counts=true,transform=adapt_costs(cost_type=one)): 71
[t=74.1903s, 694416 KB] g=3, 21 evaluated, 13 expanded
[t=80.4442s, 694416 KB] New best heuristic value for operatorcounting(constraint_generators=[pho_constraints(patterns=systematic(2))],use_integer_operator_counts=true,transform=adapt_costs(cost_type=one)): 70
[t=80.4442s, 694416 KB] g=3, 27 evaluated, 14 expanded
[t=93.246s, 694416 KB] New best heuristic value for operatorcounting(constraint_generators=[pho_constraints(patterns=systematic(2))],use_integer_operator_counts=true,transform=adapt_costs(cost_type=one)): 69
[t=93.2464s, 694416 KB] g=4, 41 evaluated, 23 expanded
[t=103.856s, 694416 KB] New best heuristic value for operatorcounting(constraint_generators=[pho_constraints(patterns=systematic(2))],use_integer_operator_counts=true,transform=adapt_costs(cost_type=one)): 68
[t=103.856s, 694416 KB] g=5, 52 evaluated, 31 expanded
[t=443.498s, 696400 KB] New best heuristic value for operatorcounting(constraint_generators=[pho_constraints(patterns=systematic(2))],use_integer_operator_counts=true,transform=adapt_costs(cost_type=one)): 67
[t=443.498s, 696400 KB] g=8, 442 evaluated, 378 expanded
[t=449.229s, 696400 KB] New best heuristic value for operatorcounting(constraint_generators=[pho_constraints(patterns=systematic(2))],use_integer_operator_counts=true,transform=adapt_costs(cost_type=one)): 66
[t=449.229s, 696400 KB] g=9, 448 evaluated, 379 expanded
[t=456.196s, 696400 KB] New best heuristic value for operatorcounting(constraint_generators=[pho_constraints(patterns=systematic(2))],use_integer_operator_counts=true,transform=adapt_costs(cost_type=one)): 65
[t=456.196s, 696400 KB] g=9, 455 evaluated, 384 expanded
[t=458.329s, 696400 KB] New best heuristic value for operatorcounting(constraint_generators=[pho_constraints(patterns=systematic(2))],use_integer_operator_counts=true,transform=adapt_costs(cost_type=one)): 64
[t=458.329s, 696400 KB] g=10, 457 evaluated, 385 expanded
[t=467.186s, 696400 KB] New best heuristic value for operatorcounting(constraint_generators=[pho_constraints(patterns=systematic(2))],use_integer_operator_counts=true,transform=adapt_costs(cost_type=one)): 63
[t=467.186s, 696400 KB] g=10, 466 evaluated, 386 expanded
[t=474.516s, 696400 KB] New best heuristic value for operatorcounting(constraint_generators=[pho_constraints(patterns=systematic(2))],use_integer_operator_counts=true,transform=adapt_costs(cost_type=one)): 62
[t=474.52s, 696400 KB] g=11, 473 evaluated, 393 expanded
[t=483.148s, 696400 KB] New best heuristic value for operatorcounting(constraint_generators=[pho_constraints(patterns=systematic(2))],use_integer_operator_counts=true,transform=adapt_costs(cost_type=one)): 61
[t=483.148s, 696400 KB] g=11, 482 evaluated, 394 expanded
[t=483.936s, 696400 KB] New best heuristic value for operatorcounting(constraint_generators=[pho_constraints(patterns=systematic(2))],use_integer_operator_counts=true,transform=adapt_costs(cost_type=one)): 60
[t=483.936s, 696400 KB] g=11, 483 evaluated, 395 expanded
[t=741.888s, 696400 KB] New best heuristic value for operatorcounting(constraint_generators=[pho_constraints(patterns=systematic(2))],use_integer_operator_counts=true,transform=adapt_costs(cost_type=one)): 59
[t=741.888s, 696400 KB] g=15, 770 evaluated, 631 expanded
[t=742.722s, 696400 KB] New best heuristic value for operatorcounting(constraint_generators=[pho_constraints(patterns=systematic(2))],use_integer_operator_counts=true,transform=adapt_costs(cost_type=one)): 58
[t=742.722s, 696400 KB] g=15, 771 evaluated, 632 expanded
[t=743.536s, 696400 KB] New best heuristic value for operatorcounting(constraint_generators=[pho_constraints(patterns=systematic(2))],use_integer_operator_counts=true,transform=adapt_costs(cost_type=one)): 57
[t=743.536s, 696400 KB] g=15, 772 evaluated, 633 expanded
[t=744.354s, 696400 KB] New best heuristic value for operatorcounting(constraint_generators=[pho_constraints(patterns=systematic(2))],use_integer_operator_counts=true,transform=adapt_costs(cost_type=one)): 56
[t=744.354s, 696400 KB] g=15, 773 evaluated, 634 expanded
[t=745.169s, 696400 KB] New best heuristic value for operatorcounting(constraint_generators=[pho_constraints(patterns=systematic(2))],use_integer_operator_counts=true,transform=adapt_costs(cost_type=one)): 55
[t=745.169s, 696400 KB] g=15, 774 evaluated, 635 expanded
[t=746.007s, 696400 KB] New best heuristic value for operatorcounting(constraint_generators=[pho_constraints(patterns=systematic(2))],use_integer_operator_counts=true,transform=adapt_costs(cost_type=one)): 54
[t=746.007s, 696400 KB] g=15, 775 evaluated, 636 expanded
[t=765.94s, 696400 KB] New best heuristic value for operatorcounting(constraint_generators=[pho_constraints(patterns=systematic(2))],use_integer_operator_counts=true,transform=adapt_costs(cost_type=one)): 53
[t=765.94s, 696400 KB] g=16, 797 evaluated, 648 expanded
[t=766.715s, 696400 KB] New best heuristic value for operatorcounting(constraint_generators=[pho_constraints(patterns=systematic(2))],use_integer_operator_counts=true,transform=adapt_costs(cost_type=one)): 52
[t=766.715s, 696400 KB] g=16, 798 evaluated, 649 expanded
[t=801.018s, 696400 KB] New best heuristic value for operatorcounting(constraint_generators=[pho_constraints(patterns=systematic(2))],use_integer_operator_counts=true,transform=adapt_costs(cost_type=one)): 51
[t=801.018s, 696400 KB] g=17, 832 evaluated, 675 expanded
[t=801.804s, 696400 KB] New best heuristic value for operatorcounting(constraint_generators=[pho_constraints(patterns=systematic(2))],use_integer_operator_counts=true,transform=adapt_costs(cost_type=one)): 50
[t=801.804s, 696400 KB] g=17, 833 evaluated, 676 expanded
[t=836.185s, 696664 KB] New best heuristic value for operatorcounting(constraint_generators=[pho_constraints(patterns=systematic(2))],use_integer_operator_counts=true,transform=adapt_costs(cost_type=one)): 49
[t=836.185s, 696664 KB] g=18, 866 evaluated, 703 expanded
[t=868.474s, 696932 KB] New best heuristic value for operatorcounting(constraint_generators=[pho_constraints(patterns=systematic(2))],use_integer_operator_counts=true,transform=adapt_costs(cost_type=one)): 48
[t=868.474s, 696932 KB] g=19, 898 evaluated, 729 expanded
[t=887.394s, 697200 KB] New best heuristic value for operatorcounting(constraint_generators=[pho_constraints(patterns=systematic(2))],use_integer_operator_counts=true,transform=adapt_costs(cost_type=one)): 47
[t=887.394s, 697200 KB] g=20, 922 evaluated, 743 expanded
[t=893.468s, 697200 KB] New best heuristic value for operatorcounting(constraint_generators=[pho_constraints(patterns=systematic(2))],use_integer_operator_counts=true,transform=adapt_costs(cost_type=one)): 46
[t=893.468s, 697200 KB] g=20, 929 evaluated, 752 expanded
[t=894.239s, 697200 KB] New best heuristic value for operatorcounting(constraint_generators=[pho_constraints(patterns=systematic(2))],use_integer_operator_counts=true,transform=adapt_costs(cost_type=one)): 45
[t=894.239s, 697200 KB] g=20, 930 evaluated, 753 expanded
[t=895.03s, 697200 KB] New best heuristic value for operatorcounting(constraint_generators=[pho_constraints(patterns=systematic(2))],use_integer_operator_counts=true,transform=adapt_costs(cost_type=one)): 44
[t=895.03s, 697200 KB] g=20, 931 evaluated, 754 expanded
[t=895.808s, 697200 KB] New best heuristic value for operatorcounting(constraint_generators=[pho_constraints(patterns=systematic(2))],use_integer_operator_counts=true,transform=adapt_costs(cost_type=one)): 43
[t=895.808s, 697200 KB] g=20, 933 evaluated, 756 expanded
[t=897.672s, 698916 KB] New best heuristic value for operatorcounting(constraint_generators=[pho_constraints(patterns=systematic(2))],use_integer_operator_counts=true,transform=adapt_costs(cost_type=one)): 42
[t=897.672s, 698916 KB] g=21, 935 evaluated, 757 expanded
[t=906.107s, 698916 KB] New best heuristic value for operatorcounting(constraint_generators=[pho_constraints(patterns=systematic(2))],use_integer_operator_counts=true,transform=adapt_costs(cost_type=one)): 41
[t=906.107s, 698916 KB] g=21, 944 evaluated, 758 expanded
[t=906.854s, 698916 KB] New best heuristic value for operatorcounting(constraint_generators=[pho_constraints(patterns=systematic(2))],use_integer_operator_counts=true,transform=adapt_costs(cost_type=one)): 40
[t=906.854s, 698916 KB] g=21, 945 evaluated, 759 expanded
[t=907.592s, 698916 KB] New best heuristic value for operatorcounting(constraint_generators=[pho_constraints(patterns=systematic(2))],use_integer_operator_counts=true,transform=adapt_costs(cost_type=one)): 39
[t=907.592s, 698916 KB] g=21, 946 evaluated, 760 expanded
[t=908.318s, 698916 KB] New best heuristic value for operatorcounting(constraint_generators=[pho_constraints(patterns=systematic(2))],use_integer_operator_counts=true,transform=adapt_costs(cost_type=one)): 38
[t=908.318s, 698916 KB] g=21, 947 evaluated, 761 expanded
[t=909.045s, 698916 KB] New best heuristic value for operatorcounting(constraint_generators=[pho_constraints(patterns=systematic(2))],use_integer_operator_counts=true,transform=adapt_costs(cost_type=one)): 37
[t=909.049s, 698916 KB] g=21, 948 evaluated, 762 expanded
[t=939.481s, 698916 KB] New best heuristic value for operatorcounting(constraint_generators=[pho_constraints(patterns=systematic(2))],use_integer_operator_counts=true,transform=adapt_costs(cost_type=one)): 36
[t=939.481s, 698916 KB] g=22, 982 evaluated, 775 expanded
[t=970.871s, 698916 KB] New best heuristic value for operatorcounting(constraint_generators=[pho_constraints(patterns=systematic(2))],use_integer_operator_counts=true,transform=adapt_costs(cost_type=one)): 35
[t=970.871s, 698916 KB] g=23, 1020 evaluated, 791 expanded
[t=971.574s, 698916 KB] New best heuristic value for operatorcounting(constraint_generators=[pho_constraints(patterns=systematic(2))],use_integer_operator_counts=true,transform=adapt_costs(cost_type=one)): 34
[t=971.574s, 698916 KB] g=23, 1021 evaluated, 792 expanded
[t=972.273s, 698916 KB] New best heuristic value for operatorcounting(constraint_generators=[pho_constraints(patterns=systematic(2))],use_integer_operator_counts=true,transform=adapt_costs(cost_type=one)): 33
[t=972.273s, 698916 KB] g=23, 1022 evaluated, 793 expanded
[t=1003.39s, 698916 KB] New best heuristic value for operatorcounting(constraint_generators=[pho_constraints(patterns=systematic(2))],use_integer_operator_counts=true,transform=adapt_costs(cost_type=one)): 32
[t=1003.39s, 698916 KB] g=24, 1057 evaluated, 807 expanded
[t=1024.53s, 698916 KB] New best heuristic value for operatorcounting(constraint_generators=[pho_constraints(patterns=systematic(2))],use_integer_operator_counts=true,transform=adapt_costs(cost_type=one)): 31
[t=1024.53s, 698916 KB] g=25, 1084 evaluated, 828 expanded
[t=1056.93s, 698916 KB] New best heuristic value for operatorcounting(constraint_generators=[pho_constraints(patterns=systematic(2))],use_integer_operator_counts=true,transform=adapt_costs(cost_type=one)): 30
[t=1056.93s, 698916 KB] g=26, 1124 evaluated, 845 expanded
[t=1100.04s, 698916 KB] New best heuristic value for operatorcounting(constraint_generators=[pho_constraints(patterns=systematic(2))],use_integer_operator_counts=true,transform=adapt_costs(cost_type=one)): 29
[t=1100.04s, 698916 KB] g=27, 1180 evaluated, 861 expanded
[t=1281.74s, 698916 KB] New best heuristic value for operatorcounting(constraint_generators=[pho_constraints(patterns=systematic(2))],use_integer_operator_counts=true,transform=adapt_costs(cost_type=one)): 28
[t=1281.74s, 698916 KB] g=28, 1416 evaluated, 981 expanded
[t=1282.38s, 698916 KB] New best heuristic value for operatorcounting(constraint_generators=[pho_constraints(patterns=systematic(2))],use_integer_operator_counts=true,transform=adapt_costs(cost_type=one)): 27
[t=1282.38s, 698916 KB] g=28, 1417 evaluated, 982 expanded
[t=1283s, 698916 KB] New best heuristic value for operatorcounting(constraint_generators=[pho_constraints(patterns=systematic(2))],use_integer_operator_counts=true,transform=adapt_costs(cost_type=one)): 26
[t=1283s, 698916 KB] g=28, 1418 evaluated, 983 expanded
[t=1289.62s, 698916 KB] New best heuristic value for operatorcounting(constraint_generators=[pho_constraints(patterns=systematic(2))],use_integer_operator_counts=true,transform=adapt_costs(cost_type=one)): 25
[t=1289.62s, 698916 KB] g=29, 1426 evaluated, 984 expanded
[t=1307.92s, 698916 KB] New best heuristic value for operatorcounting(constraint_generators=[pho_constraints(patterns=systematic(2))],use_integer_operator_counts=true,transform=adapt_costs(cost_type=one)): 24
[t=1307.92s, 698916 KB] g=29, 1448 evaluated, 985 expanded
[t=1308.52s, 698916 KB] New best heuristic value for operatorcounting(constraint_generators=[pho_constraints(patterns=systematic(2))],use_integer_operator_counts=true,transform=adapt_costs(cost_type=one)): 23
[t=1308.52s, 698916 KB] g=29, 1449 evaluated, 986 expanded
[t=1309.1s, 698916 KB] New best heuristic value for operatorcounting(constraint_generators=[pho_constraints(patterns=systematic(2))],use_integer_operator_counts=true,transform=adapt_costs(cost_type=one)): 22
[t=1309.1s, 698916 KB] g=29, 1450 evaluated, 987 expanded
[t=1309.69s, 698916 KB] New best heuristic value for operatorcounting(constraint_generators=[pho_constraints(patterns=systematic(2))],use_integer_operator_counts=true,transform=adapt_costs(cost_type=one)): 21
[t=1309.69s, 698916 KB] g=29, 1451 evaluated, 988 expanded
[t=1310.25s, 698916 KB] New best heuristic value for operatorcounting(constraint_generators=[pho_constraints(patterns=systematic(2))],use_integer_operator_counts=true,transform=adapt_costs(cost_type=one)): 20
[t=1310.25s, 698916 KB] g=29, 1452 evaluated, 989 expanded
[t=1310.82s, 698916 KB] New best heuristic value for operatorcounting(constraint_generators=[pho_constraints(patterns=systematic(2))],use_integer_operator_counts=true,transform=adapt_costs(cost_type=one)): 19
[t=1310.82s, 698916 KB] g=29, 1453 evaluated, 990 expanded
[t=1365.41s, 698916 KB] New best heuristic value for operatorcounting(constraint_generators=[pho_constraints(patterns=systematic(2))],use_integer_operator_counts=true,transform=adapt_costs(cost_type=one)): 18
[t=1365.41s, 698916 KB] g=31, 1531 evaluated, 1032 expanded
[t=1365.99s, 698916 KB] New best heuristic value for operatorcounting(constraint_generators=[pho_constraints(patterns=systematic(2))],use_integer_operator_counts=true,transform=adapt_costs(cost_type=one)): 17
[t=1365.99s, 698916 KB] g=31, 1532 evaluated, 1033 expanded
[t=1366.58s, 698916 KB] New best heuristic value for operatorcounting(constraint_generators=[pho_constraints(patterns=systematic(2))],use_integer_operator_counts=true,transform=adapt_costs(cost_type=one)): 16
[t=1366.58s, 698916 KB] g=31, 1533 evaluated, 1034 expanded
[t=1367.13s, 698916 KB] New best heuristic value for operatorcounting(constraint_generators=[pho_constraints(patterns=systematic(2))],use_integer_operator_counts=true,transform=adapt_costs(cost_type=one)): 15
[t=1367.13s, 698916 KB] g=31, 1534 evaluated, 1035 expanded
[t=1368.24s, 698916 KB] New best heuristic value for operatorcounting(constraint_generators=[pho_constraints(patterns=systematic(2))],use_integer_operator_counts=true,transform=adapt_costs(cost_type=one)): 14
[t=1368.24s, 698916 KB] g=32, 1536 evaluated, 1037 expanded
[t=1390.82s, 698916 KB] New best heuristic value for operatorcounting(constraint_generators=[pho_constraints(patterns=systematic(2))],use_integer_operator_counts=true,transform=adapt_costs(cost_type=one)): 13
[t=1390.82s, 698916 KB] g=33, 1566 evaluated, 1042 expanded
[t=1403.5s, 698916 KB] New best heuristic value for operatorcounting(constraint_generators=[pho_constraints(patterns=systematic(2))],use_integer_operator_counts=true,transform=adapt_costs(cost_type=one)): 12
[t=1403.5s, 698916 KB] g=34, 1583 evaluated, 1046 expanded
[t=1601.51s, 698916 KB] New best heuristic value for operatorcounting(constraint_generators=[pho_constraints(patterns=systematic(2))],use_integer_operator_counts=true,transform=adapt_costs(cost_type=one)): 11
[t=1601.51s, 698916 KB] g=35, 1871 evaluated, 1190 expanded
[t=1628.9s, 698916 KB] New best heuristic value for operatorcounting(constraint_generators=[pho_constraints(patterns=systematic(2))],use_integer_operator_counts=true,transform=adapt_costs(cost_type=one)): 10
[t=1628.9s, 698916 KB] g=36, 1911 evaluated, 1204 expanded
[t=1653.47s, 698916 KB] New best heuristic value for operatorcounting(constraint_generators=[pho_constraints(patterns=systematic(2))],use_integer_operator_counts=true,transform=adapt_costs(cost_type=one)): 9
[t=1653.47s, 698916 KB] g=37, 1948 evaluated, 1208 expanded
[t=1663.54s, 698916 KB] New best heuristic value for operatorcounting(constraint_generators=[pho_constraints(patterns=systematic(2))],use_integer_operator_counts=true,transform=adapt_costs(cost_type=one)): 8
[t=1663.54s, 698916 KB] g=38, 1964 evaluated, 1209 expanded
[t=1680.03s, 698916 KB] New best heuristic value for operatorcounting(constraint_generators=[pho_constraints(patterns=systematic(2))],use_integer_operator_counts=true,transform=adapt_costs(cost_type=one)): 7
[t=1680.03s, 698916 KB] g=38, 1991 evaluated, 1210 expanded
[t=1680.43s, 698916 KB] New best heuristic value for operatorcounting(constraint_generators=[pho_constraints(patterns=systematic(2))],use_integer_operator_counts=true,transform=adapt_costs(cost_type=one)): 6
[t=1680.43s, 698916 KB] g=38, 1992 evaluated, 1211 expanded
[t=1680.84s, 698916 KB] New best heuristic value for operatorcounting(constraint_generators=[pho_constraints(patterns=systematic(2))],use_integer_operator_counts=true,transform=adapt_costs(cost_type=one)): 5
[t=1680.84s, 698916 KB] g=38, 1993 evaluated, 1212 expanded
[t=1681.24s, 698916 KB] New best heuristic value for operatorcounting(constraint_generators=[pho_constraints(patterns=systematic(2))],use_integer_operator_counts=true,transform=adapt_costs(cost_type=one)): 4
[t=1681.24s, 698916 KB] g=38, 1994 evaluated, 1213 expanded
[t=1681.65s, 698916 KB] New best heuristic value for operatorcounting(constraint_generators=[pho_constraints(patterns=systematic(2))],use_integer_operator_counts=true,transform=adapt_costs(cost_type=one)): 3
[t=1681.65s, 698916 KB] g=38, 1995 evaluated, 1214 expanded
[t=1682.03s, 698916 KB] New best heuristic value for operatorcounting(constraint_generators=[pho_constraints(patterns=systematic(2))],use_integer_operator_counts=true,transform=adapt_costs(cost_type=one)): 2
[t=1682.03s, 698916 KB] g=38, 1996 evaluated, 1215 expanded
[t=1682.42s, 698916 KB] New best heuristic value for operatorcounting(constraint_generators=[pho_constraints(patterns=systematic(2))],use_integer_operator_counts=true,transform=adapt_costs(cost_type=one)): 1
[t=1682.42s, 698916 KB] g=38, 1997 evaluated, 1216 expanded
[t=1682.72s, 698916 KB] New best heuristic value for operatorcounting(constraint_generators=[pho_constraints(patterns=systematic(2))],use_integer_operator_counts=true,transform=adapt_costs(cost_type=one)): 0
[t=1682.72s, 698916 KB] g=38, 1998 evaluated, 1217 expanded
[t=1682.72s, 698916 KB] Solution found!
[t=1682.72s, 698916 KB] Actual search time: 1628.09s
move-to-card card-d1-s0-v5 card-d0-s0-v1 card-d1-s0-v6 pile-5 (1)
change-tableau-and-stop card-d1-s0-v5 pile-3 pile-5 (0)
make-movable-and-stop card-d0-s0-v1 card-d0-s1-v2 (0)
move-to-card card-d0-s0-v0 card-d0-s1-v6 card-d0-s0-v1 pile-3 (1)
change-tableau-and-stop card-d0-s0-v0 pile-2 pile-3 (0)
make-movable-and-stop card-d0-s1-v6 card-d0-s0-v6 (0)
move-to-card card-d1-s1-v5 card-d1-s0-v7 card-d0-s1-v6 pile-2 (1)
change-tableau-and-stop card-d1-s1-v5 pile-1 pile-2 (0)
make-movable-and-stop card-d1-s0-v7 card-d0-s0-v2 (0)
move-to-card card-d1-s0-v6 card-d1-s0-v0 card-d1-s0-v7 pile-1 (1)
change-tableau-and-continue card-d1-s0-v6 pile-5 pile-1 card-d1-s0-v5 (0)
change-tableau-and-stop card-d1-s0-v5 pile-5 pile-1 (0)
make-movable-and-stop card-d1-s0-v0 card-d0-s1-v3 (0)
start-dealing  (1)
deal-card card-d0-s0-v5 card-d0-s0-v4 deal-0 card-d1-s1-v6 pile-0 (0)
make-unmovable-and-stop-at-unmovable card-d1-s1-v6 card-d1-s0-v3 (0)
deal-card card-d0-s0-v4 card-d1-s1-v2 deal-0 card-d1-s0-v5 pile-1 (0)
deal-card card-d1-s1-v2 card-d0-s1-v1 deal-0 card-d1-s1-v5 pile-2 (0)
make-unmovable-and-continue card-d1-s1-v5 card-d0-s1-v6 (0)
make-unmovable-and-stop-at-unmovable card-d0-s1-v6 card-d0-s0-v6 (0)
deal-card card-d0-s1-v1 card-d0-s1-v4 deal-0 card-d0-s0-v0 pile-3 (0)
make-unmovable-and-continue card-d0-s0-v0 card-d0-s0-v1 (0)
make-unmovable-and-stop-at-unmovable card-d0-s0-v1 card-d0-s1-v2 (0)
deal-card card-d0-s1-v4 card-d0-s1-v5 deal-0 card-d1-s1-v3 pile-4 (0)
make-unmovable-and-stop-at-unmovable card-d1-s1-v3 card-d1-s0-v2 (0)
deal-card card-d0-s1-v5 deal-0 deal-0 card-d1-s0-v0 pile-5 (0)
make-unmovable-and-stop-at-unmovable card-d1-s0-v0 card-d0-s1-v3 (0)
finish-dealing deal-0 deal-1 (0)
move-to-card card-d0-s1-v4 card-d1-s1-v3 card-d0-s1-v5 pile-5 (1)
change-tableau-and-stop card-d0-s1-v4 pile-4 pile-5 (0)
make-movable-and-stop card-d1-s1-v3 card-d1-s0-v2 (0)
move-to-card card-d1-s1-v3 card-d1-s0-v2 card-d0-s1-v4 pile-5 (1)
change-tableau-and-stop card-d1-s1-v3 pile-4 pile-5 (0)
make-movable-and-stop card-d1-s0-v2 card-d0-s1-v0 (0)
move-to-card card-d1-s1-v2 card-d1-s1-v5 card-d1-s1-v3 pile-5 (1)
change-tableau-and-stop card-d1-s1-v2 pile-2 pile-5 (0)
make-movable-and-continue card-d1-s1-v5 card-d0-s1-v6 (0)
make-movable-and-stop card-d0-s1-v6 card-d0-s0-v6 (0)
move-to-card card-d0-s1-v1 card-d0-s0-v0 card-d1-s1-v2 pile-5 (1)
change-tableau-and-stop card-d0-s1-v1 pile-3 pile-5 (0)
make-movable-and-continue card-d0-s0-v0 card-d0-s0-v1 (0)
make-movable-and-stop card-d0-s0-v1 card-d0-s1-v2 (0)
move-to-card card-d0-s0-v1 card-d0-s1-v2 card-d1-s0-v2 pile-4 (1)
change-tableau-and-continue card-d0-s0-v1 pile-3 pile-4 card-d0-s0-v0 (0)
change-tableau-and-stop card-d0-s0-v0 pile-3 pile-4 (0)
make-movable-and-stop card-d0-s1-v2 pile-3 (0)
move-to-card card-d0-s1-v1 card-d1-s1-v2 card-d0-s1-v2 pile-3 (1)
change-tableau-and-stop card-d0-s1-v1 pile-5 pile-3 (0)
move-to-card card-d0-s1-v4 card-d0-s1-v5 card-d1-s1-v5 pile-2 (1)
change-tableau-and-continue card-d0-s1-v4 pile-5 pile-2 card-d1-s1-v3 (0)
change-tableau-and-continue card-d1-s1-v3 pile-5 pile-2 card-d1-s1-v2 (0)
change-tableau-and-stop card-d1-s1-v2 pile-5 pile-2 (0)
start-dealing  (1)
deal-card card-d1-s1-v0 card-d1-s1-v4 deal-1 card-d0-s0-v5 pile-0 (0)
make-unmovable-and-stop-at-unmovable card-d0-s0-v5 card-d1-s1-v6 (0)
deal-card card-d1-s1-v4 card-d1-s1-v1 deal-1 card-d0-s0-v4 pile-1 (0)
make-unmovable-and-continue card-d0-s0-v4 card-d1-s0-v5 (0)
make-unmovable-and-continue card-d1-s0-v5 card-d1-s0-v6 (0)
make-unmovable-and-continue card-d1-s0-v6 card-d1-s0-v7 (0)
make-unmovable-and-stop-at-unmovable card-d1-s0-v7 card-d0-s0-v2 (0)
deal-card card-d1-s1-v1 card-d0-s1-v7 deal-1 card-d1-s1-v2 pile-2 (0)
deal-card card-d0-s1-v7 card-d1-s0-v4 deal-1 card-d0-s1-v1 pile-3 (0)
make-unmovable-and-continue card-d0-s1-v1 card-d0-s1-v2 (0)
make-unmovable-and-stop-at-tableau card-d0-s1-v2 pile-3 (0)
deal-card card-d1-s0-v4 card-d0-s0-v3 deal-1 card-d0-s0-v0 pile-4 (0)
make-unmovable-and-continue card-d0-s0-v0 card-d0-s0-v1 (0)
make-unmovable-and-continue card-d0-s0-v1 card-d1-s0-v2 (0)
make-unmovable-and-stop-at-unmovable card-d1-s0-v2 card-d0-s1-v0 (0)
deal-card card-d0-s0-v3 deal-1 deal-1 card-d0-s1-v5 pile-5 (0)
make-unmovable-and-stop-at-unmovable card-d0-s1-v5 card-d1-s0-v0 (0)
finish-dealing deal-1 deal-2 (0)
move-to-card card-d1-s1-v0 card-d0-s0-v5 card-d1-s1-v1 pile-2 (1)
change-tableau-and-stop card-d1-s1-v0 pile-0 pile-2 (0)
make-movable-and-stop card-d0-s0-v5 card-d1-s1-v6 (0)
move-to-card card-d0-s0-v3 card-d0-s1-v5 card-d1-s0-v4 pile-4 (1)
change-tableau-and-stop card-d0-s0-v3 pile-5 pile-4 (0)
make-movable-and-stop card-d0-s1-v5 card-d1-s0-v0 (0)
move-to-card card-d1-s0-v4 card-d0-s0-v0 card-d0-s0-v5 pile-0 (1)
change-tableau-and-continue card-d1-s0-v4 pile-4 pile-0 card-d0-s0-v3 (0)
change-tableau-and-stop card-d0-s0-v3 pile-4 pile-0 (0)
make-movable-and-continue card-d0-s0-v0 card-d0-s0-v1 (0)
make-movable-and-continue card-d0-s0-v1 card-d1-s0-v2 (0)
make-movable-and-stop card-d1-s0-v2 card-d0-s1-v0 (0)
move-to-card card-d1-s0-v2 card-d0-s1-v0 card-d0-s0-v3 pile-0 (1)
change-tableau-and-continue card-d1-s0-v2 pile-4 pile-0 card-d0-s0-v1 (0)
change-tableau-and-continue card-d0-s0-v1 pile-4 pile-0 card-d0-s0-v0 (0)
change-tableau-and-stop card-d0-s0-v0 pile-4 pile-0 (0)
make-movable-and-stop card-d0-s1-v0 pile-4 (0)
move-to-card card-d1-s1-v4 card-d0-s0-v4 card-d0-s1-v5 pile-5 (1)
change-tableau-and-stop card-d1-s1-v4 pile-1 pile-5 (0)
make-movable-and-continue card-d0-s0-v4 card-d1-s0-v5 (0)
make-movable-and-continue card-d1-s0-v5 card-d1-s0-v6 (0)
make-movable-and-continue card-d1-s0-v6 card-d1-s0-v7 (0)
make-movable-and-stop card-d1-s0-v7 card-d0-s0-v2 (0)
move-to-card card-d0-s1-v6 card-d0-s0-v6 card-d0-s1-v7 pile-3 (1)
change-tableau-and-continue card-d0-s1-v6 pile-2 pile-3 card-d1-s1-v5 (0)
change-tableau-and-continue card-d1-s1-v5 pile-2 pile-3 card-d0-s1-v4 (0)
change-tableau-and-continue card-d0-s1-v4 pile-2 pile-3 card-d1-s1-v3 (0)
change-tableau-and-continue card-d1-s1-v3 pile-2 pile-3 card-d1-s1-v2 (0)
change-tableau-and-continue card-d1-s1-v2 pile-2 pile-3 card-d1-s1-v1 (0)
change-tableau-and-continue card-d1-s1-v1 pile-2 pile-3 card-d1-s1-v0 (0)
change-tableau-and-stop card-d1-s1-v0 pile-2 pile-3 (0)
make-movable-and-stop card-d0-s0-v6 pile-2 (0)
start-collecting-deck card-d1-s1-v0 (1)
collect-card card-d1-s1-v0 card-d1-s1-v1 pile-3 (0)
collect-card card-d1-s1-v1 card-d1-s1-v2 pile-3 (0)
collect-card card-d1-s1-v2 card-d1-s1-v3 pile-3 (0)
collect-card card-d1-s1-v3 card-d0-s1-v4 pile-3 (0)
collect-card card-d0-s1-v4 card-d1-s1-v5 pile-3 (0)
collect-card card-d1-s1-v5 card-d0-s1-v6 pile-3 (0)
collect-card card-d0-s1-v6 card-d0-s1-v7 pile-3 (0)
finish-collecting-deck card-d0-s1-v7 card-d0-s1-v1 pile-3 (0)
make-movable-and-continue card-d0-s1-v1 card-d0-s1-v2 (0)
make-movable-and-stop card-d0-s1-v2 pile-3 (0)
move-to-card card-d0-s1-v0 pile-4 card-d0-s1-v1 pile-3 (1)
change-tableau-and-stop card-d0-s1-v0 pile-4 pile-3 (0)
make-movable-ignore-pile pile-4 (0)
move-to-card card-d0-s0-v5 card-d1-s1-v6 card-d0-s0-v6 pile-2 (1)
change-tableau-and-continue card-d0-s0-v5 pile-0 pile-2 card-d1-s0-v4 (0)
change-tableau-and-continue card-d1-s0-v4 pile-0 pile-2 card-d0-s0-v3 (0)
change-tableau-and-continue card-d0-s0-v3 pile-0 pile-2 card-d1-s0-v2 (0)
change-tableau-and-continue card-d1-s0-v2 pile-0 pile-2 card-d0-s0-v1 (0)
change-tableau-and-continue card-d0-s0-v1 pile-0 pile-2 card-d0-s0-v0 (0)
change-tableau-and-stop card-d0-s0-v0 pile-0 pile-2 (0)
make-movable-and-stop card-d1-s1-v6 card-d1-s0-v3 (0)
move-to-card card-d0-s1-v5 card-d1-s0-v0 card-d1-s1-v6 pile-0 (1)
change-tableau-and-continue card-d0-s1-v5 pile-5 pile-0 card-d1-s1-v4 (0)
change-tableau-and-stop card-d1-s1-v4 pile-5 pile-0 (0)
make-movable-and-stop card-d1-s0-v0 card-d0-s1-v3 (0)
move-to-tableau card-d1-s0-v0 card-d0-s1-v3 pile-4 (1)
change-tableau-and-stop card-d1-s0-v0 pile-5 pile-4 (0)
make-movable-and-stop card-d0-s1-v3 pile-5 (0)
move-to-card card-d0-s1-v3 pile-5 card-d1-s1-v4 pile-0 (1)
change-tableau-and-stop card-d0-s1-v3 pile-5 pile-0 (0)
make-movable-ignore-pile pile-5 (0)
move-to-card card-d0-s1-v2 pile-3 card-d0-s1-v3 pile-0 (1)
change-tableau-and-continue card-d0-s1-v2 pile-3 pile-0 card-d0-s1-v1 (0)
change-tableau-and-continue card-d0-s1-v1 pile-3 pile-0 card-d0-s1-v0 (0)
change-tableau-and-stop card-d0-s1-v0 pile-3 pile-0 (0)
make-movable-ignore-pile pile-3 (0)
move-to-card card-d0-s0-v3 card-d1-s0-v4 card-d0-s0-v4 pile-1 (1)
change-tableau-and-continue card-d0-s0-v3 pile-2 pile-1 card-d1-s0-v2 (0)
change-tableau-and-continue card-d1-s0-v2 pile-2 pile-1 card-d0-s0-v1 (0)
change-tableau-and-continue card-d0-s0-v1 pile-2 pile-1 card-d0-s0-v0 (0)
change-tableau-and-stop card-d0-s0-v0 pile-2 pile-1 (0)
start-collecting-deck card-d0-s0-v0 (1)
collect-card card-d0-s0-v0 card-d0-s0-v1 pile-1 (0)
collect-card card-d0-s0-v1 card-d1-s0-v2 pile-1 (0)
collect-card card-d1-s0-v2 card-d0-s0-v3 pile-1 (0)
collect-card card-d0-s0-v3 card-d0-s0-v4 pile-1 (0)
collect-card card-d0-s0-v4 card-d1-s0-v5 pile-1 (0)
collect-card card-d1-s0-v5 card-d1-s0-v6 pile-1 (0)
collect-card card-d1-s0-v6 card-d1-s0-v7 pile-1 (0)
finish-collecting-deck card-d1-s0-v7 card-d0-s0-v2 pile-1 (0)
make-movable-and-stop card-d0-s0-v2 card-d1-s1-v7 (0)
move-to-tableau card-d0-s0-v2 card-d1-s1-v7 pile-3 (1)
change-tableau-and-stop card-d0-s0-v2 pile-1 pile-3 (0)
make-movable-and-stop card-d1-s1-v7 pile-1 (0)
move-to-card card-d1-s1-v6 card-d1-s0-v3 card-d1-s1-v7 pile-1 (1)
change-tableau-and-continue card-d1-s1-v6 pile-0 pile-1 card-d0-s1-v5 (0)
change-tableau-and-continue card-d0-s1-v5 pile-0 pile-1 card-d1-s1-v4 (0)
change-tableau-and-continue card-d1-s1-v4 pile-0 pile-1 card-d0-s1-v3 (0)
change-tableau-and-continue card-d0-s1-v3 pile-0 pile-1 card-d0-s1-v2 (0)
change-tableau-and-continue card-d0-s1-v2 pile-0 pile-1 card-d0-s1-v1 (0)
change-tableau-and-continue card-d0-s1-v1 pile-0 pile-1 card-d0-s1-v0 (0)
change-tableau-and-stop card-d0-s1-v0 pile-0 pile-1 (0)
make-movable-and-stop card-d1-s0-v3 card-d0-s0-v7 (0)
start-collecting-deck card-d0-s1-v0 (1)
collect-card card-d0-s1-v0 card-d0-s1-v1 pile-1 (0)
collect-card card-d0-s1-v1 card-d0-s1-v2 pile-1 (0)
collect-card card-d0-s1-v2 card-d0-s1-v3 pile-1 (0)
collect-card card-d0-s1-v3 card-d1-s1-v4 pile-1 (0)
collect-card card-d1-s1-v4 card-d0-s1-v5 pile-1 (0)
collect-card card-d0-s1-v5 card-d1-s1-v6 pile-1 (0)
collect-card card-d1-s1-v6 card-d1-s1-v7 pile-1 (0)
finish-collecting-deck card-d1-s1-v7 pile-1 pile-1 (0)
make-movable-ignore-pile pile-1 (0)
move-to-card card-d0-s0-v2 pile-3 card-d1-s0-v3 pile-0 (1)
change-tableau-and-stop card-d0-s0-v2 pile-3 pile-0 (0)
make-movable-ignore-pile pile-3 (0)
move-to-card card-d1-s0-v3 card-d0-s0-v7 card-d1-s0-v4 pile-2 (1)
change-tableau-and-continue card-d1-s0-v3 pile-0 pile-2 card-d0-s0-v2 (0)
change-tableau-and-stop card-d0-s0-v2 pile-0 pile-2 (0)
make-movable-and-stop card-d0-s0-v7 card-d1-s0-v1 (0)
move-to-card card-d0-s0-v6 pile-2 card-d0-s0-v7 pile-0 (1)
change-tableau-and-continue card-d0-s0-v6 pile-2 pile-0 card-d0-s0-v5 (0)
change-tableau-and-continue card-d0-s0-v5 pile-2 pile-0 card-d1-s0-v4 (0)
change-tableau-and-continue card-d1-s0-v4 pile-2 pile-0 card-d1-s0-v3 (0)
change-tableau-and-continue card-d1-s0-v3 pile-2 pile-0 card-d0-s0-v2 (0)
change-tableau-and-stop card-d0-s0-v2 pile-2 pile-0 (0)
make-movable-ignore-pile pile-2 (0)
move-to-tableau card-d0-s0-v7 card-d1-s0-v1 pile-1 (1)
change-tableau-and-continue card-d0-s0-v7 pile-0 pile-1 card-d0-s0-v6 (0)
change-tableau-and-continue card-d0-s0-v6 pile-0 pile-1 card-d0-s0-v5 (0)
change-tableau-and-continue card-d0-s0-v5 pile-0 pile-1 card-d1-s0-v4 (0)
change-tableau-and-continue card-d1-s0-v4 pile-0 pile-1 card-d1-s0-v3 (0)
change-tableau-and-continue card-d1-s0-v3 pile-0 pile-1 card-d0-s0-v2 (0)
change-tableau-and-stop card-d0-s0-v2 pile-0 pile-1 (0)
make-movable-and-stop card-d1-s0-v1 pile-0 (0)
move-to-card card-d1-s0-v1 pile-0 card-d0-s0-v2 pile-1 (1)
change-tableau-and-stop card-d1-s0-v1 pile-0 pile-1 (0)
make-movable-ignore-pile pile-0 (0)
move-to-card card-d1-s0-v0 pile-4 card-d1-s0-v1 pile-1 (1)
change-tableau-and-stop card-d1-s0-v0 pile-4 pile-1 (0)
make-movable-ignore-pile pile-4 (0)
start-collecting-deck card-d1-s0-v0 (1)
collect-card card-d1-s0-v0 card-d1-s0-v1 pile-1 (0)
collect-card card-d1-s0-v1 card-d0-s0-v2 pile-1 (0)
collect-card card-d0-s0-v2 card-d1-s0-v3 pile-1 (0)
collect-card card-d1-s0-v3 card-d1-s0-v4 pile-1 (0)
collect-card card-d1-s0-v4 card-d0-s0-v5 pile-1 (0)
collect-card card-d0-s0-v5 card-d0-s0-v6 pile-1 (0)
collect-card card-d0-s0-v6 card-d0-s0-v7 pile-1 (0)
finish-collecting-deck card-d0-s0-v7 pile-1 pile-1 (0)
[t=1682.72s, 698916 KB] Plan length: 214 step(s).
[t=1682.72s, 698916 KB] Plan cost: 38
[t=1682.72s, 698916 KB] Expanded 1218 state(s).
[t=1682.72s, 698916 KB] Reopened 0 state(s).
[t=1682.72s, 698916 KB] Evaluated 1998 state(s).
[t=1682.72s, 698916 KB] Evaluations: 1998
[t=1682.72s, 698916 KB] Generated 2070 state(s).
[t=1682.72s, 698916 KB] Dead ends: 0 state(s).
[t=1682.72s, 698916 KB] Number of registered states: 1998
[t=1682.72s, 698916 KB] Int hash set load factor: 1998/2048 = 0.975586
[t=1682.72s, 698916 KB] Int hash set resizes: 11
[t=1682.72s, 698916 KB] Search time: 1628.75s
[t=1682.72s, 698916 KB] Total time: 1682.72s
Solution found.
Peak memory: 698916 KB
Remove intermediate file output.sas
search exit code: 0

INFO     Running validate.
INFO     validate stdin: None
INFO     validate time limit: None
INFO     validate memory limit: None
INFO     validate command line string: /home/henry/bin/validate domain.pddl problem.pddl sas_plan
Checking plan: sas_plan
Plan executed successfully - checking goal
Plan valid
Final value: 38 

Successful plans:
Value: 38
 sas_plan 38 

validate exit code: 0

INFO     Planner time: 1692.20s
