INFO     planner time limit: 1800s
INFO     planner memory limit: 2048 MB

INFO     Running translator.
INFO     translator stdin: None
INFO     translator time limit: 1799s
INFO     translator memory limit: 2048 MB
INFO     translator command line string: /home/henry/Documents/UFRGS/TCC/downward/.venv/bin/python /home/henry/Documents/UFRGS/TCC/downward/experiments/lab/data/main/code-5bb2ccb6957559b6969ffd7e29254c73f84d5e49_e5e41175/builds/release/bin/translate/translate.py domain.pddl problem.pddl --sas-file output.sas
Parsing...
Parsing: [0.000s CPU, 0.002s wall-clock]
Normalizing task... [0.000s CPU, 0.000s wall-clock]
Instantiating...
Generating Datalog program... [0.000s CPU, 0.001s wall-clock]
Normalizing Datalog program...
Normalizing Datalog program: [0.000s CPU, 0.003s wall-clock]
Preparing model... [0.000s CPU, 0.002s wall-clock]
Generated 115 rules.
Computing model... [0.030s CPU, 0.024s wall-clock]
2300 relevant atoms
2393 auxiliary atoms
4693 final queue length
8087 total queue pushes
Completing instantiation... [0.050s CPU, 0.052s wall-clock]
Instantiating: [0.080s CPU, 0.081s wall-clock]
Computing fact groups...
Finding invariants...
24 initial candidates
Finding invariants: [0.010s CPU, 0.008s wall-clock]
Checking invariant weight... [0.000s CPU, 0.000s wall-clock]
Instantiating groups... [0.000s CPU, 0.000s wall-clock]
Collecting mutex groups... [0.000s CPU, 0.000s wall-clock]
Choosing groups...
238 uncovered facts
Choosing groups: [0.000s CPU, 0.000s wall-clock]
Building translation key... [0.000s CPU, 0.001s wall-clock]
Computing fact groups: [0.010s CPU, 0.010s wall-clock]
Building STRIPS to SAS dictionary... [0.000s CPU, 0.000s wall-clock]
Building dictionary for full mutex groups... [0.000s CPU, 0.000s wall-clock]
Building mutex information...
Building mutex information: [0.000s CPU, 0.000s wall-clock]
Translating task...
Processing axioms...
Simplifying axioms... [0.000s CPU, 0.000s wall-clock]
Translator axioms removed by simplifying: 0
Computing negative axioms... [0.000s CPU, 0.000s wall-clock]
Processing axioms: [0.000s CPU, 0.002s wall-clock]
Translating task: [0.050s CPU, 0.056s wall-clock]
2672 effect conditions simplified
0 implied preconditions added
Detecting unreachable propositions...
0 operators removed
0 axioms removed
3 propositions removed
Detecting unreachable propositions: [0.030s CPU, 0.024s wall-clock]
Reordering and filtering variables...
241 of 241 variables necessary.
12 of 15 mutex groups necessary.
1596 of 1596 operators necessary.
0 of 0 axiom rules necessary.
Reordering and filtering variables: [0.010s CPU, 0.015s wall-clock]
Translator variables: 241
Translator derived variables: 0
Translator facts: 505
Translator goal facts: 10
Translator mutex groups: 12
Translator total mutex groups size: 36
Translator operators: 1596
Translator axioms: 0
Translator task size: 15302
Translator peak memory: 41328 KB
Writing output... [0.020s CPU, 0.010s wall-clock]
Done! [0.200s CPU, 0.202s wall-clock]
translate exit code: 0

INFO     Running search (release).
INFO     search stdin: output.sas
INFO     search time limit: 1799s
INFO     search memory limit: 2048 MB
INFO     search command line string: /home/henry/Documents/UFRGS/TCC/downward/experiments/lab/data/main/code-5bb2ccb6957559b6969ffd7e29254c73f84d5e49_e5e41175/builds/release/bin/downward --search 'eager_greedy([lsh(patterns=systematic(2), transform=adapt_costs(cost_type=NORMAL))])' --internal-plan-file sas_plan < output.sas
[t=0s, 10544 KB] reading input...
[t=0.00729144s, 11224 KB] done reading input!
[t=0.00729144s, 11488 KB] Generating patterns using: systematic pattern collection generator
[t=0.00729144s, 11488 KB] building causal graph...done! [t=0.00400043s]
[t=0.0112919s, 12016 KB] Found 84 SGA patterns.
[t=0.0112919s, 12016 KB] Found 84 interesting patterns.
[t=0.0112919s, 12016 KB] systematic pattern collection generator number of patterns: 84
[t=0.0112919s, 12016 KB] systematic pattern collection generator total PDB size: 776
[t=0.0112919s, 12016 KB] systematic pattern collection generator computation time: 0.00400043s
[t=0.0112919s, 12016 KB] Computing PDBs for pattern collection...
[t=0.0352622s, 12016 KB] Done computing PDBs for pattern collection: 0.0239704s
[t=0.0352622s, 12016 KB] Building successor generator...done!
[t=0.0352622s, 12016 KB] peak memory difference for successor generator creation: 0 KB
[t=0.039265s, 12016 KB] time for successor generation creation: 0s
[t=0.039265s, 12016 KB] Variables: 241
[t=0.039265s, 12016 KB] FactPairs: 505
[t=0.039265s, 12016 KB] Bytes per state: 32
[t=0.039265s, 12016 KB] Conducting best first search without reopening closed nodes, (real) bound = 2147483647
[t=0.039265s, 12016 KB] New best heuristic value for lsh(patterns=systematic(2),transform=adapt_costs(cost_type=normal)): 21
[t=0.039265s, 12016 KB] g=0, 1 evaluated, 0 expanded
[t=0.039265s, 12016 KB] Initial heuristic value for lsh(patterns=systematic(2),transform=adapt_costs(cost_type=normal)): 21
[t=0.039265s, 12016 KB] pruning method: none
[t=0.039265s, 12016 KB] New best heuristic value for lsh(patterns=systematic(2),transform=adapt_costs(cost_type=normal)): 19
[t=0.039265s, 12016 KB] g=11, 82 evaluated, 6 expanded
[t=0.039265s, 12016 KB] New best heuristic value for lsh(patterns=systematic(2),transform=adapt_costs(cost_type=normal)): 18
[t=0.039265s, 12016 KB] g=24, 364 evaluated, 72 expanded
[t=0.043258s, 12156 KB] New best heuristic value for lsh(patterns=systematic(2),transform=adapt_costs(cost_type=normal)): 17
[t=0.043258s, 12156 KB] g=39, 2561 evaluated, 812 expanded
[t=0.043258s, 12156 KB] New best heuristic value for lsh(patterns=systematic(2),transform=adapt_costs(cost_type=normal)): 16
[t=0.043258s, 12156 KB] g=40, 2582 evaluated, 813 expanded
[t=0.0912427s, 13232 KB] New best heuristic value for lsh(patterns=systematic(2),transform=adapt_costs(cost_type=normal)): 15
[t=0.0912427s, 13232 KB] g=74, 20760 evaluated, 6520 expanded
[t=0.0912427s, 13232 KB] New best heuristic value for lsh(patterns=systematic(2),transform=adapt_costs(cost_type=normal)): 14
[t=0.0912427s, 13232 KB] g=75, 20776 evaluated, 6521 expanded
[t=0.119233s, 14288 KB] New best heuristic value for lsh(patterns=systematic(2),transform=adapt_costs(cost_type=normal)): 13
[t=0.119233s, 14288 KB] g=109, 31628 evaluated, 10120 expanded
[t=0.119233s, 14288 KB] New best heuristic value for lsh(patterns=systematic(2),transform=adapt_costs(cost_type=normal)): 12
[t=0.119233s, 14288 KB] g=110, 31646 evaluated, 10121 expanded
[t=0.183206s, 15372 KB] New best heuristic value for lsh(patterns=systematic(2),transform=adapt_costs(cost_type=normal)): 11
[t=0.183206s, 15372 KB] g=144, 54634 evaluated, 17565 expanded
[t=0.183206s, 15372 KB] New best heuristic value for lsh(patterns=systematic(2),transform=adapt_costs(cost_type=normal)): 10
[t=0.183206s, 15372 KB] g=145, 54652 evaluated, 17566 expanded
[t=0.223181s, 16692 KB] New best heuristic value for lsh(patterns=systematic(2),transform=adapt_costs(cost_type=normal)): 9
[t=0.223181s, 16692 KB] g=179, 70497 evaluated, 22902 expanded
[t=0.223181s, 16692 KB] New best heuristic value for lsh(patterns=systematic(2),transform=adapt_costs(cost_type=normal)): 8
[t=0.223181s, 16692 KB] g=180, 70514 evaluated, 22903 expanded
[t=0.275153s, 17772 KB] New best heuristic value for lsh(patterns=systematic(2),transform=adapt_costs(cost_type=normal)): 7
[t=0.275153s, 17772 KB] g=214, 91259 evaluated, 30150 expanded
[t=0.275153s, 17772 KB] New best heuristic value for lsh(patterns=systematic(2),transform=adapt_costs(cost_type=normal)): 6
[t=0.275153s, 17772 KB] g=215, 91274 evaluated, 30151 expanded
[t=0.319139s, 18856 KB] New best heuristic value for lsh(patterns=systematic(2),transform=adapt_costs(cost_type=normal)): 5
[t=0.319139s, 18856 KB] g=249, 109395 evaluated, 36052 expanded
[t=0.319139s, 18856 KB] New best heuristic value for lsh(patterns=systematic(2),transform=adapt_costs(cost_type=normal)): 4
[t=0.319139s, 18856 KB] g=250, 109408 evaluated, 36053 expanded
[t=0.351128s, 21044 KB] New best heuristic value for lsh(patterns=systematic(2),transform=adapt_costs(cost_type=normal)): 3
[t=0.351128s, 21044 KB] g=284, 118795 evaluated, 39140 expanded
[t=0.351128s, 21044 KB] New best heuristic value for lsh(patterns=systematic(2),transform=adapt_costs(cost_type=normal)): 2
[t=0.351128s, 21044 KB] g=285, 118810 evaluated, 39141 expanded
[t=0.59893s, 25400 KB] New best heuristic value for lsh(patterns=systematic(2),transform=adapt_costs(cost_type=normal)): 1
[t=0.59893s, 25400 KB] g=320, 213540 evaluated, 75165 expanded
[t=0.59893s, 25400 KB] New best heuristic value for lsh(patterns=systematic(2),transform=adapt_costs(cost_type=normal)): 0
[t=0.59893s, 25400 KB] g=321, 213553 evaluated, 75166 expanded
[t=0.59893s, 25400 KB] Solution found!
[t=0.59893s, 25400 KB] Actual search time: 0.559665s
grasp left shot10 (1)
fill-shot shot10 ingredient1 left right dispenser1 (10)
grasp right shot11 (1)
leave left shot10 (1)
fill-shot shot11 ingredient1 right left dispenser1 (10)
pour-shot-to-clean-shaker shot11 ingredient1 shaker1 right l0 l1 (1)
clean-shot shot11 ingredient1 right left (1)
fill-shot shot11 ingredient2 right left dispenser2 (10)
grasp left shaker1 (1)
pour-shot-to-used-shaker shot11 ingredient2 shaker1 right l1 l2 (1)
leave right shot11 (1)
shake cocktail3 ingredient2 ingredient1 shaker1 left right (1)
pour-shaker-to-shot cocktail3 shot8 left shaker1 l2 l1 (1)
grasp right shot11 (1)
leave left shaker1 (1)
refill-shot shot11 ingredient2 right left dispenser2 (10)
grasp left shaker1 (1)
leave right shot11 (1)
empty-shaker left shaker1 cocktail3 l1 l0 (1)
clean-shaker left right shaker1 (1)
grasp right shot11 (1)
pour-shot-to-clean-shaker shot11 ingredient2 shaker1 right l0 l1 (1)
leave left shaker1 (1)
clean-shot shot11 ingredient2 right left (1)
fill-shot shot11 ingredient1 right left dispenser1 (10)
grasp left shaker1 (1)
pour-shot-to-used-shaker shot11 ingredient1 shaker1 right l1 l2 (1)
leave right shot11 (1)
shake cocktail7 ingredient2 ingredient1 shaker1 left right (1)
pour-shaker-to-shot cocktail7 shot4 left shaker1 l2 l1 (1)
grasp right shot11 (1)
leave left shaker1 (1)
refill-shot shot11 ingredient1 right left dispenser1 (10)
grasp left shaker1 (1)
leave right shot11 (1)
empty-shaker left shaker1 cocktail7 l1 l0 (1)
clean-shaker left right shaker1 (1)
grasp right shot11 (1)
pour-shot-to-clean-shaker shot11 ingredient1 shaker1 right l0 l1 (1)
leave left shaker1 (1)
clean-shot shot11 ingredient1 right left (1)
fill-shot shot11 ingredient3 right left dispenser3 (10)
grasp left shaker1 (1)
pour-shot-to-used-shaker shot11 ingredient3 shaker1 right l1 l2 (1)
leave right shot11 (1)
shake cocktail2 ingredient1 ingredient3 shaker1 left right (1)
pour-shaker-to-shot cocktail2 shot6 left shaker1 l2 l1 (1)
grasp right shot11 (1)
leave left shaker1 (1)
refill-shot shot11 ingredient3 right left dispenser3 (10)
grasp left shaker1 (1)
leave right shot11 (1)
empty-shaker left shaker1 cocktail2 l1 l0 (1)
clean-shaker left right shaker1 (1)
grasp right shot11 (1)
pour-shot-to-clean-shaker shot11 ingredient3 shaker1 right l0 l1 (1)
leave left shaker1 (1)
clean-shot shot11 ingredient3 right left (1)
fill-shot shot11 ingredient1 right left dispenser1 (10)
grasp left shaker1 (1)
pour-shot-to-used-shaker shot11 ingredient1 shaker1 right l1 l2 (1)
leave right shot11 (1)
shake cocktail5 ingredient3 ingredient1 shaker1 left right (1)
pour-shaker-to-shot cocktail5 shot2 left shaker1 l2 l1 (1)
grasp right shot11 (1)
leave left shaker1 (1)
refill-shot shot11 ingredient1 right left dispenser1 (10)
grasp left shaker1 (1)
leave right shot11 (1)
empty-shaker left shaker1 cocktail5 l1 l0 (1)
clean-shaker left right shaker1 (1)
grasp right shot11 (1)
pour-shot-to-clean-shaker shot11 ingredient1 shaker1 right l0 l1 (1)
leave left shaker1 (1)
clean-shot shot11 ingredient1 right left (1)
fill-shot shot11 ingredient4 right left dispenser4 (10)
grasp left shaker1 (1)
pour-shot-to-used-shaker shot11 ingredient4 shaker1 right l1 l2 (1)
leave right shot11 (1)
shake cocktail9 ingredient4 ingredient1 shaker1 left right (1)
pour-shaker-to-shot cocktail9 shot7 left shaker1 l2 l1 (1)
grasp right shot11 (1)
leave left shaker1 (1)
refill-shot shot11 ingredient4 right left dispenser4 (10)
grasp left shaker1 (1)
leave right shot11 (1)
empty-shaker left shaker1 cocktail9 l1 l0 (1)
clean-shaker left right shaker1 (1)
grasp right shot11 (1)
pour-shot-to-clean-shaker shot11 ingredient4 shaker1 right l0 l1 (1)
leave left shaker1 (1)
clean-shot shot11 ingredient4 right left (1)
fill-shot shot11 ingredient2 right left dispenser2 (10)
grasp left shaker1 (1)
pour-shot-to-used-shaker shot11 ingredient2 shaker1 right l1 l2 (1)
leave right shot11 (1)
shake cocktail4 ingredient4 ingredient2 shaker1 left right (1)
pour-shaker-to-shot cocktail4 shot3 left shaker1 l2 l1 (1)
grasp right shot11 (1)
leave left shaker1 (1)
refill-shot shot11 ingredient2 right left dispenser2 (10)
grasp left shaker1 (1)
leave right shot11 (1)
empty-shaker left shaker1 cocktail4 l1 l0 (1)
clean-shaker left right shaker1 (1)
grasp right shot11 (1)
pour-shot-to-clean-shaker shot11 ingredient2 shaker1 right l0 l1 (1)
leave left shaker1 (1)
clean-shot shot11 ingredient2 right left (1)
fill-shot shot11 ingredient3 right left dispenser3 (10)
grasp left shaker1 (1)
pour-shot-to-used-shaker shot11 ingredient3 shaker1 right l1 l2 (1)
leave right shot11 (1)
shake cocktail8 ingredient2 ingredient3 shaker1 left right (1)
pour-shaker-to-shot cocktail8 shot1 left shaker1 l2 l1 (1)
grasp right shot11 (1)
leave left shaker1 (1)
refill-shot shot11 ingredient3 right left dispenser3 (10)
grasp left shaker1 (1)
leave right shot11 (1)
empty-shaker left shaker1 cocktail8 l1 l0 (1)
clean-shaker left right shaker1 (1)
grasp right shot11 (1)
pour-shot-to-clean-shaker shot11 ingredient3 shaker1 right l0 l1 (1)
leave left shaker1 (1)
clean-shot shot11 ingredient3 right left (1)
fill-shot shot11 ingredient1 right left dispenser1 (10)
grasp left shaker1 (1)
pour-shot-to-used-shaker shot11 ingredient1 shaker1 right l1 l2 (1)
leave right shot11 (1)
shake cocktail1 ingredient1 ingredient3 shaker1 left right (1)
pour-shaker-to-shot cocktail1 shot5 left shaker1 l2 l1 (1)
grasp right shot11 (1)
leave left shaker1 (1)
clean-shot shot11 ingredient1 right left (1)
fill-shot shot11 ingredient2 right left dispenser2 (10)
grasp left shaker1 (1)
leave right shot11 (1)
empty-shaker left shaker1 cocktail1 l1 l0 (1)
clean-shaker left right shaker1 (1)
grasp right shot11 (1)
pour-shot-to-clean-shaker shot11 ingredient2 shaker1 right l0 l1 (1)
leave left shaker1 (1)
clean-shot shot11 ingredient2 right left (1)
fill-shot shot11 ingredient4 right left dispenser4 (10)
grasp left shaker1 (1)
pour-shot-to-used-shaker shot11 ingredient4 shaker1 right l1 l2 (1)
leave right shot11 (1)
shake cocktail6 ingredient4 ingredient2 shaker1 left right (1)
pour-shaker-to-shot cocktail6 shot9 left shaker1 l2 l1 (1)
[t=0.59893s, 25400 KB] Plan length: 150 step(s).
[t=0.59893s, 25400 KB] Plan cost: 321
[t=0.59893s, 25400 KB] Expanded 75167 state(s).
[t=0.59893s, 25400 KB] Reopened 0 state(s).
[t=0.59893s, 25400 KB] Evaluated 213556 state(s).
[t=0.59893s, 25400 KB] Evaluations: 213556
[t=0.59893s, 25400 KB] Generated 442198 state(s).
[t=0.59893s, 25400 KB] Dead ends: 0 state(s).
[t=0.59893s, 25400 KB] Number of registered states: 213556
[t=0.59893s, 25400 KB] Int hash set load factor: 213556/262144 = 0.814651
[t=0.59893s, 25400 KB] Int hash set resizes: 18
[t=0.59893s, 25400 KB] Search time: 0.559665s
[t=0.59893s, 25400 KB] Total time: 0.59893s
Solution found.
Peak memory: 25400 KB
Remove intermediate file output.sas
search exit code: 0

INFO     Running validate.
INFO     validate stdin: None
INFO     validate time limit: None
INFO     validate memory limit: None
INFO     validate command line string: /home/henry/bin/validate domain.pddl problem.pddl sas_plan
Checking plan: sas_plan
Plan executed successfully - checking goal
Plan valid
Final value: 321 

Successful plans:
Value: 321
 sas_plan 321 

validate exit code: 0

INFO     Planner time: 0.86s
