INFO     planner time limit: 1800s
INFO     planner memory limit: 2048 MB

INFO     Running translator.
INFO     translator stdin: None
INFO     translator time limit: 1799s
INFO     translator memory limit: 2048 MB
INFO     translator command line string: /home/henry/Documents/UFRGS/TCC/downward/.venv/bin/python /home/henry/Documents/UFRGS/TCC/downward/experiments/lab/data/main/code-5bb2ccb6957559b6969ffd7e29254c73f84d5e49_e5e41175/builds/release/bin/translate/translate.py domain.pddl problem.pddl --sas-file output.sas
Parsing...
Parsing: [0.010s CPU, 0.004s wall-clock]
Normalizing task... [0.000s CPU, 0.000s wall-clock]
Instantiating...
Generating Datalog program... [0.000s CPU, 0.001s wall-clock]
Normalizing Datalog program...
Normalizing Datalog program: [0.000s CPU, 0.005s wall-clock]
Preparing model... [0.010s CPU, 0.003s wall-clock]
Generated 198 rules.
Computing model... [0.090s CPU, 0.092s wall-clock]
5902 relevant atoms
9229 auxiliary atoms
15131 final queue length
35417 total queue pushes
Completing instantiation... [0.190s CPU, 0.192s wall-clock]
Instantiating: [0.300s CPU, 0.297s wall-clock]
Computing fact groups...
Finding invariants...
24 initial candidates
Finding invariants: [0.010s CPU, 0.012s wall-clock]
Checking invariant weight... [0.000s CPU, 0.001s wall-clock]
Instantiating groups... [0.000s CPU, 0.005s wall-clock]
Collecting mutex groups... [0.000s CPU, 0.000s wall-clock]
Choosing groups...
245 uncovered facts
Choosing groups: [0.000s CPU, 0.001s wall-clock]
Building translation key... [0.000s CPU, 0.001s wall-clock]
Computing fact groups: [0.020s CPU, 0.021s wall-clock]
Building STRIPS to SAS dictionary... [0.000s CPU, 0.000s wall-clock]
Building dictionary for full mutex groups... [0.000s CPU, 0.000s wall-clock]
Building mutex information...
Building mutex information: [0.000s CPU, 0.000s wall-clock]
Translating task...
Processing axioms...
Simplifying axioms... [0.000s CPU, 0.000s wall-clock]
Translator axioms removed by simplifying: 0
Computing negative axioms... [0.000s CPU, 0.000s wall-clock]
Processing axioms: [0.010s CPU, 0.011s wall-clock]
Translating task: [0.230s CPU, 0.228s wall-clock]
2630 effect conditions simplified
0 implied preconditions added
Detecting unreachable propositions...
0 operators removed
0 axioms removed
81 propositions removed
Detecting unreachable propositions: [0.150s CPU, 0.161s wall-clock]
Reordering and filtering variables...
270 of 279 variables necessary.
69 of 92 mutex groups necessary.
5035 of 5035 operators necessary.
0 of 0 axiom rules necessary.
Reordering and filtering variables: [0.050s CPU, 0.044s wall-clock]
Translator variables: 270
Translator derived variables: 0
Translator facts: 730
Translator goal facts: 74
Translator mutex groups: 69
Translator total mutex groups size: 238
Translator operators: 5035
Translator axioms: 0
Translator task size: 44274
Translator peak memory: 62240 KB
Writing output... [0.030s CPU, 0.037s wall-clock]
Done! [0.810s CPU, 0.811s wall-clock]
translate exit code: 0

INFO     Running search (release).
INFO     search stdin: output.sas
INFO     search time limit: 1799s
INFO     search memory limit: 2048 MB
INFO     search command line string: /home/henry/Documents/UFRGS/TCC/downward/experiments/lab/data/main/code-5bb2ccb6957559b6969ffd7e29254c73f84d5e49_e5e41175/builds/release/bin/downward --search 'eager_greedy([operatorcounting(constraint_generators=[pho_constraints(patterns=systematic(2))], use_integer_operator_counts=true, transform=adapt_costs(cost_type=ONE))])' --internal-plan-file sas_plan < output.sas
[t=0s, 45596 KB] reading input...
[t=0.0239778s, 47524 KB] done reading input!
[t=0.0259805s, 48340 KB] Generating patterns using: systematic pattern collection generator
[t=0.0259805s, 48340 KB] building causal graph...done! [t=0.0119827s]
[t=0.0419819s, 50340 KB] Found 3380 SGA patterns.
[t=0.0579315s, 50340 KB] Found 3380 interesting patterns.
[t=0.0579315s, 50340 KB] systematic pattern collection generator number of patterns: 3380
[t=0.0619349s, 50340 KB] systematic pattern collection generator total PDB size: 29762
[t=0.0619349s, 50340 KB] systematic pattern collection generator computation time: 0.0319509s
[t=0.0619349s, 50340 KB] Computing PDBs for pattern collection...
[t=2.452s, 50340 KB] Done computing PDBs for pattern collection: 2.39006s
[t=2.87565s, 72644 KB] Building successor generator...done!
[t=2.87565s, 72644 KB] peak memory difference for successor generator creation: 0 KB
[t=2.87565s, 72644 KB] time for successor generation creation: 0s
[t=2.87565s, 72644 KB] Variables: 270
[t=2.87565s, 72644 KB] FactPairs: 730
[t=2.87565s, 72644 KB] Bytes per state: 48
[t=2.87565s, 72644 KB] Conducting best first search without reopening closed nodes, (real) bound = 2147483647
[t=2.93955s, 90144 KB] New best heuristic value for operatorcounting(constraint_generators=[pho_constraints(patterns=systematic(2))],use_integer_operator_counts=true,transform=adapt_costs(cost_type=one)): 50
[t=2.93955s, 90144 KB] g=0, 1 evaluated, 0 expanded
[t=2.93955s, 90144 KB] Initial heuristic value for operatorcounting(constraint_generators=[pho_constraints(patterns=systematic(2))],use_integer_operator_counts=true,transform=adapt_costs(cost_type=one)): 50
[t=2.93955s, 90144 KB] pruning method: none
[t=3.00747s, 90144 KB] New best heuristic value for operatorcounting(constraint_generators=[pho_constraints(patterns=systematic(2))],use_integer_operator_counts=true,transform=adapt_costs(cost_type=one)): 49
[t=3.00747s, 90144 KB] g=30, 2 evaluated, 1 expanded
[t=10.1183s, 102600 KB] New best heuristic value for operatorcounting(constraint_generators=[pho_constraints(patterns=systematic(2))],use_integer_operator_counts=true,transform=adapt_costs(cost_type=one)): 48
[t=10.1183s, 102600 KB] g=40, 189 evaluated, 2 expanded
[t=17.5289s, 102744 KB] New best heuristic value for operatorcounting(constraint_generators=[pho_constraints(patterns=systematic(2))],use_integer_operator_counts=true,transform=adapt_costs(cost_type=one)): 47
[t=17.5289s, 102744 KB] g=70, 382 evaluated, 3 expanded
[t=24.7989s, 102756 KB] New best heuristic value for operatorcounting(constraint_generators=[pho_constraints(patterns=systematic(2))],use_integer_operator_counts=true,transform=adapt_costs(cost_type=one)): 46
[t=24.7989s, 102756 KB] g=100, 570 evaluated, 4 expanded
[t=32.3576s, 102972 KB] New best heuristic value for operatorcounting(constraint_generators=[pho_constraints(patterns=systematic(2))],use_integer_operator_counts=true,transform=adapt_costs(cost_type=one)): 45
[t=32.3576s, 102972 KB] g=130, 774 evaluated, 5 expanded
[t=39.3417s, 102976 KB] New best heuristic value for operatorcounting(constraint_generators=[pho_constraints(patterns=systematic(2))],use_integer_operator_counts=true,transform=adapt_costs(cost_type=one)): 44
[t=39.3417s, 102976 KB] g=160, 983 evaluated, 6 expanded
[t=45.97s, 103024 KB] New best heuristic value for operatorcounting(constraint_generators=[pho_constraints(patterns=systematic(2))],use_integer_operator_counts=true,transform=adapt_costs(cost_type=one)): 43
[t=45.974s, 103024 KB] g=190, 1199 evaluated, 7 expanded
[t=52.3984s, 103108 KB] New best heuristic value for operatorcounting(constraint_generators=[pho_constraints(patterns=systematic(2))],use_integer_operator_counts=true,transform=adapt_costs(cost_type=one)): 42
[t=52.3984s, 103108 KB] g=220, 1412 evaluated, 8 expanded
[t=59.5135s, 103120 KB] New best heuristic value for operatorcounting(constraint_generators=[pho_constraints(patterns=systematic(2))],use_integer_operator_counts=true,transform=adapt_costs(cost_type=one)): 41
[t=59.5135s, 103120 KB] g=250, 1663 evaluated, 9 expanded
[t=65.5894s, 103136 KB] New best heuristic value for operatorcounting(constraint_generators=[pho_constraints(patterns=systematic(2))],use_integer_operator_counts=true,transform=adapt_costs(cost_type=one)): 40
[t=65.5894s, 103136 KB] g=280, 1860 evaluated, 10 expanded
[t=71.6173s, 103136 KB] New best heuristic value for operatorcounting(constraint_generators=[pho_constraints(patterns=systematic(2))],use_integer_operator_counts=true,transform=adapt_costs(cost_type=one)): 39
[t=71.6173s, 103136 KB] g=310, 2070 evaluated, 11 expanded
[t=77.0533s, 103200 KB] New best heuristic value for operatorcounting(constraint_generators=[pho_constraints(patterns=systematic(2))],use_integer_operator_counts=true,transform=adapt_costs(cost_type=one)): 38
[t=77.0533s, 103200 KB] g=340, 2290 evaluated, 12 expanded
[t=81.7478s, 103272 KB] New best heuristic value for operatorcounting(constraint_generators=[pho_constraints(patterns=systematic(2))],use_integer_operator_counts=true,transform=adapt_costs(cost_type=one)): 37
[t=81.7478s, 103272 KB] g=370, 2509 evaluated, 13 expanded
[t=86.3618s, 103280 KB] New best heuristic value for operatorcounting(constraint_generators=[pho_constraints(patterns=systematic(2))],use_integer_operator_counts=true,transform=adapt_costs(cost_type=one)): 36
[t=86.3618s, 103280 KB] g=400, 2729 evaluated, 14 expanded
[t=90.6839s, 103316 KB] New best heuristic value for operatorcounting(constraint_generators=[pho_constraints(patterns=systematic(2))],use_integer_operator_counts=true,transform=adapt_costs(cost_type=one)): 35
[t=90.6839s, 103316 KB] g=430, 2979 evaluated, 15 expanded
[t=95.2022s, 103316 KB] New best heuristic value for operatorcounting(constraint_generators=[pho_constraints(patterns=systematic(2))],use_integer_operator_counts=true,transform=adapt_costs(cost_type=one)): 34
[t=95.2022s, 103316 KB] g=460, 3217 evaluated, 16 expanded
[t=99.6922s, 103352 KB] New best heuristic value for operatorcounting(constraint_generators=[pho_constraints(patterns=systematic(2))],use_integer_operator_counts=true,transform=adapt_costs(cost_type=one)): 33
[t=99.6922s, 103352 KB] g=490, 3429 evaluated, 17 expanded
[t=104.606s, 103400 KB] New best heuristic value for operatorcounting(constraint_generators=[pho_constraints(patterns=systematic(2))],use_integer_operator_counts=true,transform=adapt_costs(cost_type=one)): 32
[t=104.606s, 103400 KB] g=520, 3645 evaluated, 18 expanded
[t=109.8s, 103404 KB] New best heuristic value for operatorcounting(constraint_generators=[pho_constraints(patterns=systematic(2))],use_integer_operator_counts=true,transform=adapt_costs(cost_type=one)): 31
[t=109.8s, 103404 KB] g=550, 3859 evaluated, 19 expanded
[t=115.141s, 103408 KB] New best heuristic value for operatorcounting(constraint_generators=[pho_constraints(patterns=systematic(2))],use_integer_operator_counts=true,transform=adapt_costs(cost_type=one)): 30
[t=115.141s, 103408 KB] g=580, 4083 evaluated, 20 expanded
[t=120.207s, 103420 KB] New best heuristic value for operatorcounting(constraint_generators=[pho_constraints(patterns=systematic(2))],use_integer_operator_counts=true,transform=adapt_costs(cost_type=one)): 29
[t=120.207s, 103420 KB] g=590, 4302 evaluated, 21 expanded
[t=125.276s, 104988 KB] New best heuristic value for operatorcounting(constraint_generators=[pho_constraints(patterns=systematic(2))],use_integer_operator_counts=true,transform=adapt_costs(cost_type=one)): 28
[t=125.276s, 104988 KB] g=610, 4517 evaluated, 22 expanded
[t=129.942s, 104988 KB] New best heuristic value for operatorcounting(constraint_generators=[pho_constraints(patterns=systematic(2))],use_integer_operator_counts=true,transform=adapt_costs(cost_type=one)): 27
[t=129.942s, 104988 KB] g=625, 4724 evaluated, 23 expanded
[t=134.309s, 104988 KB] New best heuristic value for operatorcounting(constraint_generators=[pho_constraints(patterns=systematic(2))],use_integer_operator_counts=true,transform=adapt_costs(cost_type=one)): 26
[t=134.309s, 104988 KB] g=640, 4920 evaluated, 24 expanded
[t=138.487s, 104988 KB] New best heuristic value for operatorcounting(constraint_generators=[pho_constraints(patterns=systematic(2))],use_integer_operator_counts=true,transform=adapt_costs(cost_type=one)): 25
[t=138.487s, 104988 KB] g=650, 5107 evaluated, 25 expanded
[t=142.438s, 104988 KB] New best heuristic value for operatorcounting(constraint_generators=[pho_constraints(patterns=systematic(2))],use_integer_operator_counts=true,transform=adapt_costs(cost_type=one)): 24
[t=142.438s, 104988 KB] g=695, 5279 evaluated, 26 expanded
[t=146.361s, 104988 KB] New best heuristic value for operatorcounting(constraint_generators=[pho_constraints(patterns=systematic(2))],use_integer_operator_counts=true,transform=adapt_costs(cost_type=one)): 23
[t=146.361s, 104988 KB] g=715, 5453 evaluated, 27 expanded
[t=150.116s, 104988 KB] New best heuristic value for operatorcounting(constraint_generators=[pho_constraints(patterns=systematic(2))],use_integer_operator_counts=true,transform=adapt_costs(cost_type=one)): 22
[t=150.116s, 104988 KB] g=730, 5620 evaluated, 28 expanded
[t=153.556s, 104988 KB] New best heuristic value for operatorcounting(constraint_generators=[pho_constraints(patterns=systematic(2))],use_integer_operator_counts=true,transform=adapt_costs(cost_type=one)): 21
[t=153.556s, 104988 KB] g=760, 5776 evaluated, 29 expanded
[t=156.916s, 104988 KB] New best heuristic value for operatorcounting(constraint_generators=[pho_constraints(patterns=systematic(2))],use_integer_operator_counts=true,transform=adapt_costs(cost_type=one)): 20
[t=156.916s, 104988 KB] g=770, 5932 evaluated, 30 expanded
[t=160.288s, 104988 KB] New best heuristic value for operatorcounting(constraint_generators=[pho_constraints(patterns=systematic(2))],use_integer_operator_counts=true,transform=adapt_costs(cost_type=one)): 19
[t=160.288s, 104988 KB] g=790, 6089 evaluated, 31 expanded
[t=163.46s, 104988 KB] New best heuristic value for operatorcounting(constraint_generators=[pho_constraints(patterns=systematic(2))],use_integer_operator_counts=true,transform=adapt_costs(cost_type=one)): 18
[t=163.46s, 104988 KB] g=800, 6238 evaluated, 32 expanded
[t=166.62s, 104988 KB] New best heuristic value for operatorcounting(constraint_generators=[pho_constraints(patterns=systematic(2))],use_integer_operator_counts=true,transform=adapt_costs(cost_type=one)): 17
[t=166.62s, 104988 KB] g=805, 6381 evaluated, 33 expanded
[t=169.313s, 104988 KB] New best heuristic value for operatorcounting(constraint_generators=[pho_constraints(patterns=systematic(2))],use_integer_operator_counts=true,transform=adapt_costs(cost_type=one)): 16
[t=169.313s, 104988 KB] g=820, 6512 evaluated, 34 expanded
[t=171.826s, 104988 KB] New best heuristic value for operatorcounting(constraint_generators=[pho_constraints(patterns=systematic(2))],use_integer_operator_counts=true,transform=adapt_costs(cost_type=one)): 15
[t=171.826s, 104988 KB] g=850, 6637 evaluated, 35 expanded
[t=174.255s, 104988 KB] New best heuristic value for operatorcounting(constraint_generators=[pho_constraints(patterns=systematic(2))],use_integer_operator_counts=true,transform=adapt_costs(cost_type=one)): 14
[t=174.255s, 104988 KB] g=860, 6756 evaluated, 36 expanded
[t=176.472s, 104988 KB] New best heuristic value for operatorcounting(constraint_generators=[pho_constraints(patterns=systematic(2))],use_integer_operator_counts=true,transform=adapt_costs(cost_type=one)): 13
[t=176.472s, 104988 KB] g=875, 6877 evaluated, 37 expanded
[t=178.418s, 104988 KB] New best heuristic value for operatorcounting(constraint_generators=[pho_constraints(patterns=systematic(2))],use_integer_operator_counts=true,transform=adapt_costs(cost_type=one)): 12
[t=178.418s, 104988 KB] g=895, 6984 evaluated, 38 expanded
[t=180.403s, 104988 KB] New best heuristic value for operatorcounting(constraint_generators=[pho_constraints(patterns=systematic(2))],use_integer_operator_counts=true,transform=adapt_costs(cost_type=one)): 11
[t=180.403s, 104988 KB] g=905, 7090 evaluated, 39 expanded
[t=182.237s, 104988 KB] New best heuristic value for operatorcounting(constraint_generators=[pho_constraints(patterns=systematic(2))],use_integer_operator_counts=true,transform=adapt_costs(cost_type=one)): 10
[t=182.237s, 104988 KB] g=920, 7190 evaluated, 40 expanded
[t=193.515s, 104988 KB] New best heuristic value for operatorcounting(constraint_generators=[pho_constraints(patterns=systematic(2))],use_integer_operator_counts=true,transform=adapt_costs(cost_type=one)): 9
[t=193.515s, 104988 KB] g=980, 7796 evaluated, 48 expanded
[t=195.041s, 104988 KB] New best heuristic value for operatorcounting(constraint_generators=[pho_constraints(patterns=systematic(2))],use_integer_operator_counts=true,transform=adapt_costs(cost_type=one)): 8
[t=195.041s, 104988 KB] g=1025, 7876 evaluated, 49 expanded
[t=196.815s, 104988 KB] New best heuristic value for operatorcounting(constraint_generators=[pho_constraints(patterns=systematic(2))],use_integer_operator_counts=true,transform=adapt_costs(cost_type=one)): 7
[t=196.815s, 104988 KB] g=1045, 7966 evaluated, 50 expanded
[t=207.182s, 104988 KB] New best heuristic value for operatorcounting(constraint_generators=[pho_constraints(patterns=systematic(2))],use_integer_operator_counts=true,transform=adapt_costs(cost_type=one)): 6
[t=207.182s, 104988 KB] g=1095, 8474 evaluated, 58 expanded
[t=208.517s, 104988 KB] New best heuristic value for operatorcounting(constraint_generators=[pho_constraints(patterns=systematic(2))],use_integer_operator_counts=true,transform=adapt_costs(cost_type=one)): 5
[t=208.521s, 104988 KB] g=1105, 8539 evaluated, 59 expanded
[t=228.668s, 104988 KB] New best heuristic value for operatorcounting(constraint_generators=[pho_constraints(patterns=systematic(2))],use_integer_operator_counts=true,transform=adapt_costs(cost_type=one)): 4
[t=228.668s, 104988 KB] g=1145, 9351 evaluated, 74 expanded
[t=231.549s, 104988 KB] New best heuristic value for operatorcounting(constraint_generators=[pho_constraints(patterns=systematic(2))],use_integer_operator_counts=true,transform=adapt_costs(cost_type=one)): 3
[t=231.549s, 104988 KB] g=1155, 9442 evaluated, 76 expanded
[t=234.421s, 104988 KB] New best heuristic value for operatorcounting(constraint_generators=[pho_constraints(patterns=systematic(2))],use_integer_operator_counts=true,transform=adapt_costs(cost_type=one)): 2
[t=234.421s, 104988 KB] g=1170, 9539 evaluated, 78 expanded
[t=249.495s, 104988 KB] New best heuristic value for operatorcounting(constraint_generators=[pho_constraints(patterns=systematic(2))],use_integer_operator_counts=true,transform=adapt_costs(cost_type=one)): 1
[t=249.495s, 104988 KB] g=1235, 9981 evaluated, 90 expanded
[t=263.3s, 104988 KB] New best heuristic value for operatorcounting(constraint_generators=[pho_constraints(patterns=systematic(2))],use_integer_operator_counts=true,transform=adapt_costs(cost_type=one)): 0
[t=263.3s, 104988 KB] g=1280, 10435 evaluated, 102 expanded
[t=263.579s, 104988 KB] Solution found!
[t=263.579s, 104988 KB] Actual search time: 260.64s
do-grind p0 grinder0 verysmooth red colourfragments untreated (30)
do-immersion-varnish p0 immersion-varnisher0 green verysmooth (10)
do-saw-large b0 p1 saw0 beech rough s11 s9 s10 s8 (30)
do-saw-medium b0 p2 saw0 beech rough s8 s7 s6 (30)
do-saw-small b0 p15 saw0 beech rough s8 s7 (30)
do-saw-large b0 p11 saw0 beech rough s8 s6 s7 s5 (30)
do-saw-large b0 p17 saw0 beech rough s8 s6 s7 s5 (30)
do-saw-medium b0 p12 saw0 beech rough s8 s7 s6 (30)
do-saw-large b1 p20 saw0 beech smooth s8 s6 s7 s5 (30)
do-saw-medium b1 p19 saw0 beech smooth s5 s4 s3 (30)
do-saw-medium b1 p5 saw0 beech smooth s5 s4 s3 (30)
do-saw-large b1 p6 saw0 beech smooth s5 s3 s4 s2 (30)
do-saw-medium b1 p4 saw0 beech smooth s5 s4 s3 (30)
do-saw-medium b1 p9 saw0 beech smooth s5 s4 s3 (30)
do-saw-small b3 p16 saw0 teak smooth s7 s6 (30)
do-saw-medium b6 p13 saw0 oak smooth s7 s6 s5 (30)
do-saw-medium b6 p14 saw0 oak smooth s5 s4 s3 (30)
do-saw-small b6 p10 saw0 oak smooth s5 s4 (30)
do-saw-small b6 p3 saw0 oak smooth s5 s4 (30)
do-grind p9 grinder0 smooth natural untreated untreated (30)
do-immersion-varnish p9 immersion-varnisher0 white verysmooth (10)
do-glaze p6 glazer0 white (20)
do-glaze p5 glazer0 black (15)
do-glaze p4 glazer0 black (15)
do-glaze p3 glazer0 black (10)
do-grind p20 grinder0 smooth natural untreated untreated (45)
do-glaze p20 glazer0 black (20)
do-glaze p2 glazer0 green (15)
do-grind p19 grinder0 smooth natural untreated untreated (30)
do-immersion-varnish p19 immersion-varnisher0 black verysmooth (10)
do-glaze p17 glazer0 black (20)
do-spray-varnish p16 spray-varnisher0 mauve smooth (5)
do-glaze p15 glazer0 mauve (10)
do-glaze p14 glazer0 mauve (15)
do-grind p13 grinder0 smooth natural untreated untreated (30)
do-immersion-varnish p13 immersion-varnisher0 blue verysmooth (10)
do-glaze p12 glazer0 green (15)
do-glaze p11 glazer0 black (20)
do-spray-varnish p10 spray-varnisher0 green smooth (5)
do-glaze p1 glazer0 black (20)
do-saw-large b5 p18 saw0 mahogany rough s9 s7 s8 s6 (30)
do-plane p18 planer0 rough natural untreated (30)
do-grind p18 grinder0 smooth natural untreated untreated (45)
do-glaze p18 glazer0 black (20)
do-saw-medium b5 p7 saw0 mahogany rough s6 s5 s4 (30)
do-plane p7 planer0 rough natural untreated (20)
do-immersion-varnish p7 immersion-varnisher0 black smooth (10)
do-saw-small b8 p8 saw0 cherry rough s6 s5 (30)
do-plane p8 planer0 rough natural untreated (10)
do-grind p8 grinder0 smooth natural untreated untreated (15)
do-glaze p8 glazer0 blue (10)
do-grind p6 grinder0 smooth white glazed untreated (45)
do-glaze p6 glazer0 white (20)
do-grind p14 grinder0 smooth mauve glazed untreated (30)
do-glaze p14 glazer0 mauve (15)
[t=263.579s, 104988 KB] Plan length: 55 step(s).
[t=263.579s, 104988 KB] Plan cost: 1280
[t=263.579s, 104988 KB] Expanded 103 state(s).
[t=263.579s, 104988 KB] Reopened 0 state(s).
[t=263.579s, 104988 KB] Evaluated 10448 state(s).
[t=263.579s, 104988 KB] Evaluations: 10448
[t=263.579s, 104988 KB] Generated 12213 state(s).
[t=263.579s, 104988 KB] Dead ends: 3646 state(s).
[t=263.579s, 104988 KB] Number of registered states: 10448
[t=263.579s, 104988 KB] Int hash set load factor: 10448/16384 = 0.637695
[t=263.579s, 104988 KB] Int hash set resizes: 14
[t=263.579s, 104988 KB] Search time: 260.704s
[t=263.579s, 104988 KB] Total time: 263.579s
Solution found.
Peak memory: 104988 KB
Remove intermediate file output.sas
search exit code: 0

INFO     Running validate.
INFO     validate stdin: None
INFO     validate time limit: None
INFO     validate memory limit: None
INFO     validate command line string: /home/henry/bin/validate domain.pddl problem.pddl sas_plan
Checking plan: sas_plan
Plan executed successfully - checking goal
Plan valid
Final value: 1280 

Successful plans:
Value: 1280
 sas_plan 1280 

validate exit code: 0

INFO     Planner time: 264.47s
