INFO     planner time limit: 1800s
INFO     planner memory limit: 2048 MB

INFO     Running translator.
INFO     translator stdin: None
INFO     translator time limit: 1799s
INFO     translator memory limit: 2048 MB
INFO     translator command line string: /home/henry/Documents/UFRGS/TCC/downward/.venv/bin/python /home/henry/Documents/UFRGS/TCC/downward/experiments/lab/data/main/code-5bb2ccb6957559b6969ffd7e29254c73f84d5e49_e5e41175/builds/release/bin/translate/translate.py domain.pddl problem.pddl --sas-file output.sas
Parsing...
Parsing: [0.130s CPU, 0.124s wall-clock]
Normalizing task... [0.010s CPU, 0.019s wall-clock]
Instantiating...
Generating Datalog program... [0.030s CPU, 0.021s wall-clock]
Normalizing Datalog program...
Normalizing Datalog program: [0.130s CPU, 0.139s wall-clock]
Preparing model... [0.080s CPU, 0.076s wall-clock]
Generated 6310 rules.
Computing model... [3.470s CPU, 3.484s wall-clock]
64993 relevant atoms
283975 auxiliary atoms
348968 final queue length
452468 total queue pushes
Completing instantiation... [1.860s CPU, 1.863s wall-clock]
Instantiating: [5.670s CPU, 5.684s wall-clock]
Computing fact groups...
Finding invariants...
1272 initial candidates
Finding invariants: [15.390s CPU, 15.400s wall-clock]
Checking invariant weight... [0.000s CPU, 0.000s wall-clock]
Instantiating groups... [0.000s CPU, 0.000s wall-clock]
Collecting mutex groups... [0.000s CPU, 0.001s wall-clock]
Choosing groups...
3532 uncovered facts
Choosing groups: [0.000s CPU, 0.000s wall-clock]
Building translation key... [0.010s CPU, 0.007s wall-clock]
Computing fact groups: [15.420s CPU, 15.429s wall-clock]
Building STRIPS to SAS dictionary... [0.000s CPU, 0.002s wall-clock]
Building dictionary for full mutex groups... [0.000s CPU, 0.002s wall-clock]
Building mutex information...
Building mutex information: [0.000s CPU, 0.002s wall-clock]
Translating task...
Processing axioms...
Simplifying axioms... [0.000s CPU, 0.000s wall-clock]
Translator axioms removed by simplifying: 0
Computing negative axioms... [0.000s CPU, 0.000s wall-clock]
Processing axioms: [0.080s CPU, 0.077s wall-clock]
Translating task: [2.130s CPU, 2.124s wall-clock]
95864 effect conditions simplified
0 implied preconditions added
Detecting unreachable propositions...
0 operators removed
0 axioms removed
40 propositions removed
Detecting unreachable propositions: [1.620s CPU, 1.623s wall-clock]
Reordering and filtering variables...
2957 of 3512 variables necessary.
0 of 0 mutex groups necessary.
55998 of 59648 operators necessary.
0 of 0 axiom rules necessary.
Reordering and filtering variables: [1.240s CPU, 1.233s wall-clock]
Translator variables: 2957
Translator derived variables: 0
Translator facts: 5914
Translator goal facts: 18
Translator mutex groups: 0
Translator total mutex groups size: 0
Translator operators: 55998
Translator axioms: 0
Translator task size: 387136
Translator peak memory: 384968 KB
Writing output... [0.310s CPU, 0.319s wall-clock]
Done! [26.610s CPU, 26.640s wall-clock]
translate exit code: 0

INFO     Running search (release).
INFO     search stdin: output.sas
INFO     search time limit: 1773s
INFO     search memory limit: 2048 MB
INFO     search command line string: /home/henry/Documents/UFRGS/TCC/downward/experiments/lab/data/main/code-5bb2ccb6957559b6969ffd7e29254c73f84d5e49_e5e41175/builds/release/bin/downward --search 'eager_greedy([operatorcounting(constraint_generators=[pho_constraints(patterns=systematic(4))], use_integer_operator_counts=true, transform=adapt_costs(cost_type=NORMAL))])' --internal-plan-file sas_plan < output.sas
[t=0s, 45596 KB] reading input...
[t=0.211107s, 64412 KB] done reading input!
[t=0.215981s, 67952 KB] Generating patterns using: systematic pattern collection generator
[t=0.215981s, 67952 KB] building causal graph...done! [t=0.123906s]
Failed to allocate memory.
Memory limit has been reached.
Peak memory: 2097032 KB
Remove intermediate file output.sas
search exit code: 22

Driver aborting after search
INFO     Planner time: 39.80s
