INFO     planner time limit: 1800s
INFO     planner memory limit: 2048 MB

INFO     Running translator.
INFO     translator stdin: None
INFO     translator time limit: 1799s
INFO     translator memory limit: 2048 MB
INFO     translator command line string: /home/henry/Documents/UFRGS/TCC/downward/.venv/bin/python /home/henry/Documents/UFRGS/TCC/downward/experiments/lab/data/main/code-5bb2ccb6957559b6969ffd7e29254c73f84d5e49_e5e41175/builds/release/bin/translate/translate.py domain.pddl problem.pddl --sas-file output.sas
Parsing...
Parsing: [0.000s CPU, 0.004s wall-clock]
Normalizing task... [0.000s CPU, 0.000s wall-clock]
Instantiating...
Generating Datalog program... [0.000s CPU, 0.001s wall-clock]
Normalizing Datalog program...
Normalizing Datalog program: [0.010s CPU, 0.005s wall-clock]
Preparing model... [0.000s CPU, 0.003s wall-clock]
Generated 198 rules.
Computing model... [0.160s CPU, 0.160s wall-clock]
11033 relevant atoms
15657 auxiliary atoms
26690 final queue length
66411 total queue pushes
Completing instantiation... [0.420s CPU, 0.412s wall-clock]
Instantiating: [0.590s CPU, 0.586s wall-clock]
Computing fact groups...
Finding invariants...
24 initial candidates
Finding invariants: [0.010s CPU, 0.015s wall-clock]
Checking invariant weight... [0.000s CPU, 0.001s wall-clock]
Instantiating groups... [0.010s CPU, 0.009s wall-clock]
Collecting mutex groups... [0.000s CPU, 0.000s wall-clock]
Choosing groups...
393 uncovered facts
Choosing groups: [0.010s CPU, 0.001s wall-clock]
Building translation key... [0.000s CPU, 0.001s wall-clock]
Computing fact groups: [0.030s CPU, 0.030s wall-clock]
Building STRIPS to SAS dictionary... [0.000s CPU, 0.000s wall-clock]
Building dictionary for full mutex groups... [0.000s CPU, 0.000s wall-clock]
Building mutex information...
Building mutex information: [0.000s CPU, 0.000s wall-clock]
Translating task...
Processing axioms...
Simplifying axioms... [0.000s CPU, 0.000s wall-clock]
Translator axioms removed by simplifying: 0
Computing negative axioms... [0.000s CPU, 0.000s wall-clock]
Processing axioms: [0.020s CPU, 0.016s wall-clock]
Translating task: [0.380s CPU, 0.378s wall-clock]
4865 effect conditions simplified
0 implied preconditions added
Detecting unreachable propositions...
0 operators removed
0 axioms removed
120 propositions removed
Detecting unreachable propositions: [0.230s CPU, 0.226s wall-clock]
Reordering and filtering variables...
437 of 448 variables necessary.
98 of 136 mutex groups necessary.
9723 of 9723 operators necessary.
0 of 0 axiom rules necessary.
Reordering and filtering variables: [0.080s CPU, 0.081s wall-clock]
Translator variables: 437
Translator derived variables: 0
Translator facts: 1211
Translator goal facts: 110
Translator mutex groups: 98
Translator total mutex groups size: 341
Translator operators: 9723
Translator axioms: 0
Translator task size: 85050
Translator peak memory: 89072 KB
Writing output... [0.060s CPU, 0.064s wall-clock]
Done! [1.390s CPU, 1.392s wall-clock]
translate exit code: 0

INFO     Running search (release).
INFO     search stdin: output.sas
INFO     search time limit: 1798s
INFO     search memory limit: 2048 MB
INFO     search command line string: /home/henry/Documents/UFRGS/TCC/downward/experiments/lab/data/main/code-5bb2ccb6957559b6969ffd7e29254c73f84d5e49_e5e41175/builds/release/bin/downward --search 'eager_greedy([ilsh(patterns=systematic(2), transform=adapt_costs(cost_type=NORMAL))])' --internal-plan-file sas_plan < output.sas
[t=0s, 10544 KB] reading input...
[t=0.0439631s, 14360 KB] done reading input!
[t=0.0439631s, 14624 KB] Generating patterns using: systematic pattern collection generator
[t=0.0439631s, 14624 KB] building causal graph...done! [t=0.0159989s]
[t=0.0639545s, 19252 KB] Found 6534 SGA patterns.
[t=0.12393s, 19252 KB] Found 6534 interesting patterns.
[t=0.12393s, 19252 KB] systematic pattern collection generator number of patterns: 6534
[t=0.12393s, 19252 KB] systematic pattern collection generator total PDB size: 60340
[t=0.12393s, 19252 KB] systematic pattern collection generator computation time: 0.0799668s
[t=0.12393s, 19252 KB] Computing PDBs for pattern collection...
[t=9.36807s, 19252 KB] Done computing PDBs for pattern collection: 9.24414s
[t=10.9634s, 36180 KB] Tie breaking: 2
[t=10.9634s, 36180 KB] Building successor generator...done!
[t=10.9634s, 36748 KB] peak memory difference for successor generator creation: 568 KB
[t=10.9634s, 36748 KB] time for successor generation creation: 0s
[t=10.9634s, 36748 KB] Variables: 437
[t=10.9634s, 36748 KB] FactPairs: 1211
[t=10.9634s, 36748 KB] Bytes per state: 76
[t=10.9634s, 36748 KB] Conducting best first search without reopening closed nodes, (real) bound = 2147483647
Peak memory: 36748 KB
caught signal 24 -- exiting
Time limit has been reached.
Remove intermediate file output.sas
search exit code: 23

Driver aborting after search
INFO     Planner time: 1798.22s
