INFO     planner time limit: 1800s
INFO     planner memory limit: 2048 MB

INFO     Running translator.
INFO     translator stdin: None
INFO     translator time limit: 1799s
INFO     translator memory limit: 2048 MB
INFO     translator command line string: /home/henry/Documents/UFRGS/TCC/downward/.venv/bin/python /home/henry/Documents/UFRGS/TCC/downward/experiments/lab/data/main/code-5bb2ccb6957559b6969ffd7e29254c73f84d5e49_e5e41175/builds/release/bin/translate/translate.py domain.pddl problem.pddl --sas-file output.sas
Parsing...
Parsing: [0.010s CPU, 0.005s wall-clock]
Normalizing task... [0.000s CPU, 0.000s wall-clock]
Instantiating...
Generating Datalog program... [0.000s CPU, 0.001s wall-clock]
Normalizing Datalog program...
Normalizing Datalog program: [0.000s CPU, 0.005s wall-clock]
Preparing model... [0.010s CPU, 0.004s wall-clock]
Generated 258 rules.
Computing model... [0.320s CPU, 0.334s wall-clock]
48835 relevant atoms
1588 auxiliary atoms
50423 final queue length
182745 total queue pushes
Completing instantiation... [2.440s CPU, 2.446s wall-clock]
Instantiating: [2.790s CPU, 2.802s wall-clock]
Computing fact groups...
Finding invariants...
44 initial candidates
Finding invariants: [0.060s CPU, 0.060s wall-clock]
Checking invariant weight... [0.000s CPU, 0.000s wall-clock]
Instantiating groups... [0.000s CPU, 0.000s wall-clock]
Collecting mutex groups... [0.000s CPU, 0.000s wall-clock]
Choosing groups...
116 uncovered facts
Choosing groups: [0.000s CPU, 0.000s wall-clock]
Building translation key... [0.000s CPU, 0.000s wall-clock]
Computing fact groups: [0.060s CPU, 0.061s wall-clock]
Building STRIPS to SAS dictionary... [0.000s CPU, 0.000s wall-clock]
Building dictionary for full mutex groups... [0.000s CPU, 0.000s wall-clock]
Building mutex information...
Building mutex information: [0.000s CPU, 0.000s wall-clock]
Translating task...
Processing axioms...
Simplifying axioms... [0.000s CPU, 0.000s wall-clock]
Translator axioms removed by simplifying: 0
Computing negative axioms... [0.000s CPU, 0.000s wall-clock]
Processing axioms: [0.110s CPU, 0.111s wall-clock]
Translating task: [2.220s CPU, 2.215s wall-clock]
51815 effect conditions simplified
0 implied preconditions added
Detecting unreachable propositions...
0 operators removed
0 axioms removed
33 propositions removed
Detecting unreachable propositions: [1.720s CPU, 1.727s wall-clock]
Reordering and filtering variables...
104 of 110 variables necessary.
0 of 7 mutex groups necessary.
48179 of 48179 operators necessary.
0 of 0 axiom rules necessary.
Reordering and filtering variables: [0.380s CPU, 0.388s wall-clock]
Translator variables: 104
Translator derived variables: 0
Translator facts: 238
Translator goal facts: 2
Translator mutex groups: 0
Translator total mutex groups size: 0
Translator operators: 48179
Translator axioms: 0
Translator task size: 498242
Translator peak memory: 320728 KB
Writing output... [0.330s CPU, 0.339s wall-clock]
Done! [7.630s CPU, 7.648s wall-clock]
translate exit code: 0

INFO     Running search (release).
INFO     search stdin: output.sas
INFO     search time limit: 1792s
INFO     search memory limit: 2048 MB
INFO     search command line string: /home/henry/Documents/UFRGS/TCC/downward/experiments/lab/data/main/code-5bb2ccb6957559b6969ffd7e29254c73f84d5e49_e5e41175/builds/release/bin/downward --search 'eager_greedy([lsh(patterns=systematic(2), transform=adapt_costs(cost_type=NORMAL))])' --internal-plan-file sas_plan < output.sas
[t=0s, 10544 KB] reading input...
[t=0.231741s, 30112 KB] done reading input!
[t=0.231741s, 30508 KB] Generating patterns using: systematic pattern collection generator
[t=0.231741s, 30508 KB] building causal graph...done! [t=0.0239632s]
[t=0.259701s, 30772 KB] Found 21 SGA patterns.
[t=0.259701s, 30772 KB] Found 21 interesting patterns.
[t=0.259701s, 30772 KB] systematic pattern collection generator number of patterns: 21
[t=0.259701s, 30772 KB] systematic pattern collection generator total PDB size: 154
[t=0.259701s, 30772 KB] systematic pattern collection generator computation time: 0.0279603s
[t=0.259701s, 30772 KB] Computing PDBs for pattern collection...
[t=0.451481s, 35280 KB] Done computing PDBs for pattern collection: 0.19178s
[t=0.491425s, 35280 KB] Building successor generator...done!
[t=0.511411s, 40236 KB] peak memory difference for successor generator creation: 4956 KB
[t=0.511411s, 40236 KB] time for successor generation creation: 0.0199852s
[t=0.511411s, 40236 KB] Variables: 104
[t=0.511411s, 40236 KB] FactPairs: 238
[t=0.511411s, 40236 KB] Bytes per state: 16
[t=0.511411s, 40236 KB] Conducting best first search without reopening closed nodes, (real) bound = 2147483647
[t=0.511411s, 40236 KB] New best heuristic value for lsh(patterns=systematic(2),transform=adapt_costs(cost_type=normal)): 425
[t=0.511411s, 40236 KB] g=0, 1 evaluated, 0 expanded
[t=0.511411s, 40236 KB] Initial heuristic value for lsh(patterns=systematic(2),transform=adapt_costs(cost_type=normal)): 425
[t=0.511411s, 40236 KB] pruning method: none
[t=0.511411s, 40236 KB] New best heuristic value for lsh(patterns=systematic(2),transform=adapt_costs(cost_type=normal)): 365
[t=0.511411s, 40236 KB] g=60, 2 evaluated, 1 expanded
[t=0.511411s, 40236 KB] New best heuristic value for lsh(patterns=systematic(2),transform=adapt_costs(cost_type=normal)): 305
[t=0.511411s, 40236 KB] g=120, 10 evaluated, 2 expanded
[t=0.543386s, 40236 KB] New best heuristic value for lsh(patterns=systematic(2),transform=adapt_costs(cost_type=normal)): 218
[t=0.543386s, 40236 KB] g=366, 2275 evaluated, 1981 expanded
[t=0.543386s, 40236 KB] New best heuristic value for lsh(patterns=systematic(2),transform=adapt_costs(cost_type=normal)): 217
[t=0.543386s, 40236 KB] g=367, 2281 evaluated, 1982 expanded
[t=0.543386s, 40236 KB] New best heuristic value for lsh(patterns=systematic(2),transform=adapt_costs(cost_type=normal)): 157
[t=0.543386s, 40236 KB] g=399, 2284 evaluated, 1985 expanded
[t=0.547382s, 40236 KB] New best heuristic value for lsh(patterns=systematic(2),transform=adapt_costs(cost_type=normal)): 97
[t=0.547382s, 40236 KB] g=459, 2349 evaluated, 1997 expanded
[t=0.643262s, 40236 KB] New best heuristic value for lsh(patterns=systematic(2),transform=adapt_costs(cost_type=normal)): 67
[t=0.643262s, 40236 KB] g=459, 8085 evaluated, 7396 expanded
[t=0.643262s, 40236 KB] New best heuristic value for lsh(patterns=systematic(2),transform=adapt_costs(cost_type=normal)): 66
[t=0.643262s, 40236 KB] g=460, 8090 evaluated, 7397 expanded
[t=1.04291s, 40236 KB] New best heuristic value for lsh(patterns=systematic(2),transform=adapt_costs(cost_type=normal)): 63
[t=1.04291s, 40236 KB] g=668, 33964 evaluated, 31279 expanded
[t=1.04291s, 40236 KB] New best heuristic value for lsh(patterns=systematic(2),transform=adapt_costs(cost_type=normal)): 48
[t=1.04291s, 40236 KB] g=683, 33976 evaluated, 31280 expanded
[t=1.04291s, 40236 KB] New best heuristic value for lsh(patterns=systematic(2),transform=adapt_costs(cost_type=normal)): 33
[t=1.04291s, 40236 KB] g=698, 33987 evaluated, 31281 expanded
[t=1.04291s, 40236 KB] New best heuristic value for lsh(patterns=systematic(2),transform=adapt_costs(cost_type=normal)): 18
[t=1.04291s, 40236 KB] g=713, 33995 evaluated, 31282 expanded
[t=1.06688s, 40236 KB] New best heuristic value for lsh(patterns=systematic(2),transform=adapt_costs(cost_type=normal)): 3
[t=1.06688s, 40236 KB] g=713, 35494 evaluated, 32171 expanded
[t=1.06688s, 40236 KB] New best heuristic value for lsh(patterns=systematic(2),transform=adapt_costs(cost_type=normal)): 2
[t=1.06688s, 40236 KB] g=714, 35498 evaluated, 32172 expanded
[t=231.664s, 897036 KB] New best heuristic value for lsh(patterns=systematic(2),transform=adapt_costs(cost_type=normal)): 1
[t=231.664s, 897036 KB] g=1040, 14259947 evaluated, 13905479 expanded
[t=231.664s, 897036 KB] New best heuristic value for lsh(patterns=systematic(2),transform=adapt_costs(cost_type=normal)): 0
[t=231.664s, 897036 KB] g=1041, 14259952 evaluated, 13905480 expanded
[t=231.664s, 897036 KB] Solution found!
[t=231.664s, 897036 KB] Actual search time: 231.153s
collect_resource worker2 worker1 worker2 round1 act_reed reed (60)
collect_resource worker1 noworker worker2 round1 act_wood wood (60)
ag__finish_round_backhome round1 worker2 (1)
ag__finish_round_renew round1 noworker (1)
ag__advance_round_normal round1 round2 act_sow (1)
plow_field worker2 worker1 worker2 round2 (60)
build_room worker1 noworker worker2 worker3 round2 room3 (60)
ag__finish_round_backhome round2 worker2 (1)
ag__finish_round_renew round2 noworker (1)
ag__advance_round_normal round2 round3 act_family (1)
family_growth worker2 worker1 worker2 worker3 round3 clay room3 (60)
take_grain worker1 noworker worker2 round3 carrot (60)
ag__finish_round_backhome_withchild round3 worker2 worker3 (1)
ag__finish_round_renew round3 noworker (1)
ag__advance_round_normal round3 round4 act_fences (1)
sow worker3 worker2 worker3 round4 carrot (30)
take_grain worker2 worker1 worker3 round4 grain (30)
sow worker1 noworker worker3 round4 grain (30)
ag__finish_round_backhome round4 worker3 (1)
ag__finish_round_renew round4 noworker (1)
ag__harvest_collecting_veg round4 stage1 carrot num0 num2 num3 (1)
ag__harvest_collecting_veg round4 stage1 grain num3 num5 num6 (1)
ag__harvest_collect_end round4 stage1 (1)
ag__harvest_feed round4 stage1 worker3 num6 num6 num0 (1)
ag__harvest_breed_end round4 stage1 (1)
ag__finish_stage stage1 stage2 round4 round5 act_improve (1)
collect_resource worker3 worker2 worker3 round5 act_reed reed (30)
collect_resource worker2 worker1 worker3 round5 act_wood wood (30)
build_room worker1 noworker worker3 worker4 round5 room4 (30)
ag__finish_round_backhome round5 worker3 (1)
ag__finish_round_renew round5 noworker (1)
ag__advance_round_normal round5 round6 act_boar (1)
family_growth worker3 worker2 worker3 worker4 round6 clay room4 (30)
take_grain worker2 worker1 worker3 round6 carrot (30)
take_food worker1 noworker worker3 round6 num0 num1 (30)
ag__finish_round_backhome_withchild round6 worker3 worker4 (1)
ag__finish_round_renew round6 noworker (1)
ag__advance_round_normal round6 round7 act_carrot (1)
sow worker4 worker3 worker4 round7 carrot (15)
take_grain worker3 worker2 worker4 round7 grain (15)
sow worker2 worker1 worker4 round7 grain (15)
take_food worker1 noworker worker4 round7 num1 num2 (15)
ag__finish_round_backhome round7 worker4 (1)
ag__finish_round_renew round7 noworker (1)
ag__harvest_collecting_veg round7 stage2 carrot num2 num4 num5 (1)
ag__harvest_collecting_veg round7 stage2 grain num5 num7 num8 (1)
ag__harvest_collect_end round7 stage2 (1)
ag__harvest_feed round7 stage2 worker4 num8 num8 num0 (1)
ag__harvest_breed_end round7 stage2 (1)
ag__finish_stage stage2 stage3 round7 round8 act_cattle (1)
collect_resource worker4 worker3 worker4 round8 act_clay clay (15)
collect_resource worker3 worker2 worker4 round8 act_stone stone (15)
improve_home worker2 worker1 worker4 round8 fireplace (15)
collect_cook_animal boar act_boar worker1 noworker worker4 round8 num0 num2 (15)
ag__finish_round_backhome round8 worker4 (1)
ag__finish_round_renew round8 noworker (1)
ag__advance_round_normal round8 round9 void (1)
take_grain worker4 worker3 worker4 round9 carrot (15)
sow worker3 worker2 worker4 round9 carrot (15)
collect_cook_animal boar act_sheep worker2 worker1 worker4 round9 num2 num4 (15)
take_food worker1 noworker worker4 round9 num4 num5 (15)
ag__finish_round_backhome round9 worker4 (1)
ag__finish_round_renew round9 noworker (1)
ag__harvest_collecting_veg round9 stage3 carrot num5 num7 num8 (1)
ag__harvest_collect_end round9 stage3 (1)
ag__harvest_feed round9 stage3 worker4 num8 num8 num0 (1)
ag__harvest_breed_end round9 stage3 (1)
ag__finish_stage stage3 stage4 round9 round10 void (1)
build_fences boar worker4 worker3 worker4 round10 (15)
collect_cook_animal boar act_cattle worker3 worker2 worker4 round10 num0 num2 (15)
collect_cook_animal boar act_sheep worker2 worker1 worker4 round10 num2 num4 (15)
take_food worker1 noworker worker4 round10 num4 num5 (15)
ag__finish_round_backhome round10 worker4 (1)
ag__finish_round_renew round10 noworker (1)
ag__advance_round_normal round10 round11 void (1)
build_fences boar worker4 worker3 worker4 round11 (15)
collect_resource worker3 worker2 worker4 round11 act_clay clay (15)
collect_cook_animal boar act_sheep worker2 worker1 worker4 round11 num5 num7 (15)
take_food worker1 noworker worker4 round11 num7 num8 (15)
ag__finish_round_backhome round11 worker4 (1)
ag__finish_round_renew round11 noworker (1)
ag__harvest_collect_end round11 stage4 (1)
ag__harvest_feed round11 stage4 worker4 num8 num8 num0 (1)
ag__harvest_breed_end round11 stage4 (1)
ag__finish_stage stage4 stage5 round11 round12 void (1)
collect_resource worker4 worker3 worker4 round12 act_reed reed (15)
collect_resource worker3 worker2 worker4 round12 act_wood wood (15)
build_room worker2 worker1 worker4 worker5 round12 room5 (15)
family_growth worker1 noworker worker4 worker5 round12 clay room5 (15)
ag__finish_round_backhome_withchild round12 worker4 worker5 (1)
[t=231.664s, 897036 KB] Plan length: 90 step(s).
[t=231.664s, 897036 KB] Plan cost: 1041
[t=231.664s, 897036 KB] Expanded 13905481 state(s).
[t=231.664s, 897036 KB] Reopened 0 state(s).
[t=231.664s, 897036 KB] Evaluated 14259952 state(s).
[t=231.664s, 897036 KB] Evaluations: 14259952
[t=231.664s, 897036 KB] Generated 76547745 state(s).
[t=231.664s, 897036 KB] Dead ends: 0 state(s).
[t=231.664s, 897036 KB] Number of registered states: 14259952
[t=231.664s, 897036 KB] Int hash set load factor: 14259952/33554432 = 0.42498
[t=231.664s, 897036 KB] Int hash set resizes: 25
[t=231.664s, 897036 KB] Search time: 231.153s
[t=231.664s, 897036 KB] Total time: 231.664s
Solution found.
Peak memory: 897036 KB
Remove intermediate file output.sas
search exit code: 0

INFO     Running validate.
INFO     validate stdin: None
INFO     validate time limit: None
INFO     validate memory limit: None
INFO     validate command line string: /home/henry/bin/validate domain.pddl problem.pddl sas_plan
Checking plan: sas_plan
Plan executed successfully - checking goal
Plan valid
Final value: 1041 

Successful plans:
Value: 1041
 sas_plan 1041 

validate exit code: 0

INFO     Planner time: 239.47s
