INFO     planner time limit: 1800s
INFO     planner memory limit: 2048 MB

INFO     Running translator.
INFO     translator stdin: None
INFO     translator time limit: 1799s
INFO     translator memory limit: 2048 MB
INFO     translator command line string: /home/henry/Documents/UFRGS/TCC/downward/.venv/bin/python /home/henry/Documents/UFRGS/TCC/downward/experiments/lab/data/main/code-5bb2ccb6957559b6969ffd7e29254c73f84d5e49_e5e41175/builds/release/bin/translate/translate.py domain.pddl problem.pddl --sas-file output.sas
Parsing...
Parsing: [0.040s CPU, 0.033s wall-clock]
Normalizing task... [0.000s CPU, 0.003s wall-clock]
Instantiating...
Generating Datalog program... [0.010s CPU, 0.012s wall-clock]
Normalizing Datalog program...
Normalizing Datalog program: [0.000s CPU, 0.001s wall-clock]
Preparing model... [0.060s CPU, 0.065s wall-clock]
Generated 23 rules.
Computing model... [0.190s CPU, 0.190s wall-clock]
14411 relevant atoms
24285 auxiliary atoms
38696 final queue length
47795 total queue pushes
Completing instantiation... [0.210s CPU, 0.207s wall-clock]
Instantiating: [0.480s CPU, 0.490s wall-clock]
Computing fact groups...
Finding invariants...
9 initial candidates
Finding invariants: [0.010s CPU, 0.005s wall-clock]
Checking invariant weight... [0.000s CPU, 0.004s wall-clock]
Instantiating groups... [0.010s CPU, 0.003s wall-clock]
Collecting mutex groups... [0.000s CPU, 0.000s wall-clock]
Choosing groups...
0 uncovered facts
Choosing groups: [0.000s CPU, 0.001s wall-clock]
Building translation key... [0.000s CPU, 0.000s wall-clock]
Computing fact groups: [0.020s CPU, 0.014s wall-clock]
Building STRIPS to SAS dictionary... [0.000s CPU, 0.000s wall-clock]
Building dictionary for full mutex groups... [0.000s CPU, 0.000s wall-clock]
Building mutex information...
Building mutex information: [0.000s CPU, 0.000s wall-clock]
Translating task...
Processing axioms...
Simplifying axioms... [0.000s CPU, 0.000s wall-clock]
Translator axioms removed by simplifying: 0
Computing negative axioms... [0.000s CPU, 0.000s wall-clock]
Processing axioms: [0.010s CPU, 0.010s wall-clock]
Translating task: [0.110s CPU, 0.112s wall-clock]
0 effect conditions simplified
0 implied preconditions added
Detecting unreachable propositions...
0 operators removed
0 axioms removed
15 propositions removed
Detecting unreachable propositions: [0.130s CPU, 0.129s wall-clock]
Reordering and filtering variables...
15 of 15 variables necessary.
0 of 15 mutex groups necessary.
4874 of 4874 operators necessary.
0 of 0 axiom rules necessary.
Reordering and filtering variables: [0.010s CPU, 0.015s wall-clock]
Translator variables: 15
Translator derived variables: 0
Translator facts: 326
Translator goal facts: 13
Translator mutex groups: 0
Translator total mutex groups size: 0
Translator operators: 4874
Translator axioms: 0
Translator task size: 24386
Translator peak memory: 55444 KB
Writing output... [0.020s CPU, 0.023s wall-clock]
Done! [0.830s CPU, 0.835s wall-clock]
translate exit code: 0

INFO     Running search (release).
INFO     search stdin: output.sas
INFO     search time limit: 1799s
INFO     search memory limit: 2048 MB
INFO     search command line string: /home/henry/Documents/UFRGS/TCC/downward/experiments/lab/data/main/code-5bb2ccb6957559b6969ffd7e29254c73f84d5e49_e5e41175/builds/release/bin/downward --search 'eager_greedy([operatorcounting(constraint_generators=[pho_constraints(patterns=systematic(2))], use_integer_operator_counts=false, transform=adapt_costs(cost_type=ONE))])' --internal-plan-file sas_plan < output.sas
[t=0s, 45596 KB] reading input...
[t=0.011995s, 46980 KB] done reading input!
[t=0.0142359s, 47696 KB] Generating patterns using: systematic pattern collection generator
[t=0.0142359s, 47696 KB] building causal graph...done! [t=0s]
[t=0.0142359s, 47696 KB] Found 26 SGA patterns.
[t=0.0142359s, 47696 KB] Found 26 interesting patterns.
[t=0.0142359s, 47696 KB] systematic pattern collection generator number of patterns: 26
[t=0.0142359s, 47696 KB] systematic pattern collection generator total PDB size: 2548
[t=0.0142359s, 47696 KB] systematic pattern collection generator computation time: 0s
[t=0.0142359s, 47696 KB] Computing PDBs for pattern collection...
[t=0.0461791s, 48228 KB] Done computing PDBs for pattern collection: 0.0319432s
[t=0.0461791s, 50684 KB] Building successor generator...done!
[t=0.0501813s, 50684 KB] peak memory difference for successor generator creation: 0 KB
[t=0.0501813s, 50684 KB] time for successor generation creation: 0.00400216s
[t=0.0501813s, 50684 KB] Variables: 15
[t=0.0501813s, 50684 KB] FactPairs: 326
[t=0.0501813s, 50684 KB] Bytes per state: 8
[t=0.0501813s, 50684 KB] Conducting best first search without reopening closed nodes, (real) bound = 2147483647
[t=0.0541695s, 53292 KB] New best heuristic value for operatorcounting(constraint_generators=[pho_constraints(patterns=systematic(2))],use_integer_operator_counts=false,transform=adapt_costs(cost_type=one)): 32
[t=0.0541695s, 53292 KB] g=0, 1 evaluated, 0 expanded
[t=0.0541695s, 53292 KB] Initial heuristic value for operatorcounting(constraint_generators=[pho_constraints(patterns=systematic(2))],use_integer_operator_counts=false,transform=adapt_costs(cost_type=one)): 32
[t=0.0541695s, 53292 KB] pruning method: none
[t=0.0541695s, 53292 KB] New best heuristic value for operatorcounting(constraint_generators=[pho_constraints(patterns=systematic(2))],use_integer_operator_counts=false,transform=adapt_costs(cost_type=one)): 31
[t=0.0541695s, 53292 KB] g=1, 2 evaluated, 1 expanded
[t=0.0541695s, 53292 KB] New best heuristic value for operatorcounting(constraint_generators=[pho_constraints(patterns=systematic(2))],use_integer_operator_counts=false,transform=adapt_costs(cost_type=one)): 30
[t=0.0541695s, 53292 KB] g=2, 8 evaluated, 2 expanded
[t=0.0581757s, 53292 KB] New best heuristic value for operatorcounting(constraint_generators=[pho_constraints(patterns=systematic(2))],use_integer_operator_counts=false,transform=adapt_costs(cost_type=one)): 29
[t=0.0581757s, 53292 KB] g=4, 13 evaluated, 4 expanded
[t=0.0581757s, 53292 KB] New best heuristic value for operatorcounting(constraint_generators=[pho_constraints(patterns=systematic(2))],use_integer_operator_counts=false,transform=adapt_costs(cost_type=one)): 28
[t=0.0581757s, 53292 KB] g=5, 23 evaluated, 5 expanded
[t=0.0621569s, 53292 KB] New best heuristic value for operatorcounting(constraint_generators=[pho_constraints(patterns=systematic(2))],use_integer_operator_counts=false,transform=adapt_costs(cost_type=one)): 27
[t=0.0621569s, 53292 KB] g=6, 29 evaluated, 6 expanded
[t=0.0821491s, 53292 KB] New best heuristic value for operatorcounting(constraint_generators=[pho_constraints(patterns=systematic(2))],use_integer_operator_counts=false,transform=adapt_costs(cost_type=one)): 26
[t=0.0821491s, 53292 KB] g=9, 91 evaluated, 17 expanded
[t=0.0861378s, 53292 KB] New best heuristic value for operatorcounting(constraint_generators=[pho_constraints(patterns=systematic(2))],use_integer_operator_counts=false,transform=adapt_costs(cost_type=one)): 25
[t=0.0861378s, 53292 KB] g=11, 106 evaluated, 20 expanded
[t=0.162024s, 53292 KB] New best heuristic value for operatorcounting(constraint_generators=[pho_constraints(patterns=systematic(2))],use_integer_operator_counts=false,transform=adapt_costs(cost_type=one)): 24
[t=0.166031s, 53292 KB] g=14, 357 evaluated, 82 expanded
[t=0.174005s, 53292 KB] New best heuristic value for operatorcounting(constraint_generators=[pho_constraints(patterns=systematic(2))],use_integer_operator_counts=false,transform=adapt_costs(cost_type=one)): 23
[t=0.174005s, 53292 KB] g=15, 382 evaluated, 86 expanded
[t=0.181986s, 53292 KB] New best heuristic value for operatorcounting(constraint_generators=[pho_constraints(patterns=systematic(2))],use_integer_operator_counts=false,transform=adapt_costs(cost_type=one)): 22
[t=0.181986s, 53292 KB] g=16, 409 evaluated, 90 expanded
[t=0.185993s, 53292 KB] New best heuristic value for operatorcounting(constraint_generators=[pho_constraints(patterns=systematic(2))],use_integer_operator_counts=false,transform=adapt_costs(cost_type=one)): 21
[t=0.185993s, 53292 KB] g=17, 422 evaluated, 91 expanded
[t=0.229951s, 53292 KB] New best heuristic value for operatorcounting(constraint_generators=[pho_constraints(patterns=systematic(2))],use_integer_operator_counts=false,transform=adapt_costs(cost_type=one)): 20
[t=0.229951s, 53292 KB] g=18, 569 evaluated, 115 expanded
[t=0.233933s, 53292 KB] New best heuristic value for operatorcounting(constraint_generators=[pho_constraints(patterns=systematic(2))],use_integer_operator_counts=false,transform=adapt_costs(cost_type=one)): 19
[t=0.233933s, 53292 KB] g=19, 577 evaluated, 116 expanded
[t=0.28984s, 53292 KB] New best heuristic value for operatorcounting(constraint_generators=[pho_constraints(patterns=systematic(2))],use_integer_operator_counts=false,transform=adapt_costs(cost_type=one)): 18
[t=0.28984s, 53292 KB] g=22, 743 evaluated, 143 expanded
[t=0.28984s, 53292 KB] New best heuristic value for operatorcounting(constraint_generators=[pho_constraints(patterns=systematic(2))],use_integer_operator_counts=false,transform=adapt_costs(cost_type=one)): 17
[t=0.28984s, 53292 KB] g=23, 750 evaluated, 144 expanded
[t=0.305808s, 53292 KB] New best heuristic value for operatorcounting(constraint_generators=[pho_constraints(patterns=systematic(2))],use_integer_operator_counts=false,transform=adapt_costs(cost_type=one)): 16
[t=0.305808s, 53292 KB] g=24, 798 evaluated, 150 expanded
[t=0.321782s, 53292 KB] New best heuristic value for operatorcounting(constraint_generators=[pho_constraints(patterns=systematic(2))],use_integer_operator_counts=false,transform=adapt_costs(cost_type=one)): 15
[t=0.321782s, 53292 KB] g=25, 845 evaluated, 155 expanded
[t=0.333753s, 53292 KB] New best heuristic value for operatorcounting(constraint_generators=[pho_constraints(patterns=systematic(2))],use_integer_operator_counts=false,transform=adapt_costs(cost_type=one)): 14
[t=0.333753s, 53292 KB] g=28, 879 evaluated, 159 expanded
[t=1.2244s, 53292 KB] New best heuristic value for operatorcounting(constraint_generators=[pho_constraints(patterns=systematic(2))],use_integer_operator_counts=false,transform=adapt_costs(cost_type=one)): 13
[t=1.2244s, 53292 KB] g=31, 3590 evaluated, 929 expanded
[t=4.63189s, 53292 KB] New best heuristic value for operatorcounting(constraint_generators=[pho_constraints(patterns=systematic(2))],use_integer_operator_counts=false,transform=adapt_costs(cost_type=one)): 12
[t=4.63189s, 53292 KB] g=32, 14175 evaluated, 4831 expanded
[t=5.36692s, 53292 KB] New best heuristic value for operatorcounting(constraint_generators=[pho_constraints(patterns=systematic(2))],use_integer_operator_counts=false,transform=adapt_costs(cost_type=one)): 11
[t=5.36692s, 53292 KB] g=33, 16552 evaluated, 5713 expanded
[t=13.8043s, 53292 KB] New best heuristic value for operatorcounting(constraint_generators=[pho_constraints(patterns=systematic(2))],use_integer_operator_counts=false,transform=adapt_costs(cost_type=one)): 10
[t=13.8043s, 53292 KB] g=36, 43656 evaluated, 19031 expanded
[t=742.248s, 154248 KB] New best heuristic value for operatorcounting(constraint_generators=[pho_constraints(patterns=systematic(2))],use_integer_operator_counts=false,transform=adapt_costs(cost_type=one)): 9
[t=742.248s, 154248 KB] g=38, 2284548 evaluated, 1206110 expanded
Peak memory: 287392 KB
caught signal 24 -- exiting
Time limit has been reached.
Remove intermediate file output.sas
search exit code: 23

Driver aborting after search
INFO     Planner time: 1797.52s
