INFO     planner time limit: 1800s
INFO     planner memory limit: 2048 MB

INFO     Running translator.
INFO     translator stdin: None
INFO     translator time limit: 1799s
INFO     translator memory limit: 2048 MB
INFO     translator command line string: /home/henry/Documents/UFRGS/TCC/downward/.venv/bin/python /home/henry/Documents/UFRGS/TCC/downward/experiments/lab/data/main/code-5bb2ccb6957559b6969ffd7e29254c73f84d5e49_e5e41175/builds/release/bin/translate/translate.py domain.pddl problem.pddl --sas-file output.sas
Parsing...
Parsing: [0.040s CPU, 0.039s wall-clock]
Normalizing task... [0.000s CPU, 0.004s wall-clock]
Instantiating...
Generating Datalog program... [0.010s CPU, 0.008s wall-clock]
Normalizing Datalog program...
Normalizing Datalog program: [0.030s CPU, 0.025s wall-clock]
Preparing model... [0.030s CPU, 0.030s wall-clock]
Generated 1852 rules.
Computing model... [2.080s CPU, 2.085s wall-clock]
110593 relevant atoms
160312 auxiliary atoms
270905 final queue length
482045 total queue pushes
Completing instantiation... [3.600s CPU, 3.604s wall-clock]
Instantiating: [5.840s CPU, 5.847s wall-clock]
Computing fact groups...
Finding invariants...
10 initial candidates
Finding invariants: [0.080s CPU, 0.077s wall-clock]
Checking invariant weight... [0.000s CPU, 0.003s wall-clock]
Instantiating groups... [0.000s CPU, 0.002s wall-clock]
Collecting mutex groups... [0.000s CPU, 0.000s wall-clock]
Choosing groups...
230 uncovered facts
Choosing groups: [0.010s CPU, 0.002s wall-clock]
Building translation key... [0.000s CPU, 0.001s wall-clock]
Computing fact groups: [0.090s CPU, 0.091s wall-clock]
Building STRIPS to SAS dictionary... [0.000s CPU, 0.001s wall-clock]
Building dictionary for full mutex groups... [0.000s CPU, 0.001s wall-clock]
Building mutex information...
Building mutex information: [0.000s CPU, 0.001s wall-clock]
Translating task...
Processing axioms...
Simplifying axioms... [0.000s CPU, 0.000s wall-clock]
Translator axioms removed by simplifying: 0
Computing negative axioms... [0.000s CPU, 0.000s wall-clock]
Processing axioms: [0.140s CPU, 0.144s wall-clock]
Translating task: [3.250s CPU, 3.253s wall-clock]
0 effect conditions simplified
0 implied preconditions added
Detecting unreachable propositions...
0 operators removed
0 axioms removed
231 propositions removed
Detecting unreachable propositions: [1.840s CPU, 1.832s wall-clock]
Reordering and filtering variables...
461 of 461 variables necessary.
0 of 461 mutex groups necessary.
106260 of 106260 operators necessary.
0 of 0 axiom rules necessary.
Reordering and filtering variables: [0.370s CPU, 0.375s wall-clock]
Translator variables: 461
Translator derived variables: 0
Translator facts: 1381
Translator goal facts: 230
Translator mutex groups: 0
Translator total mutex groups size: 0
Translator operators: 106260
Translator axioms: 0
Translator task size: 735270
Translator peak memory: 476844 KB
Writing output... [0.480s CPU, 0.481s wall-clock]
Done! [12.080s CPU, 12.092s wall-clock]
translate exit code: 0

INFO     Running search (release).
INFO     search stdin: output.sas
INFO     search time limit: 1787s
INFO     search memory limit: 2048 MB
INFO     search command line string: /home/henry/Documents/UFRGS/TCC/downward/experiments/lab/data/main/code-5bb2ccb6957559b6969ffd7e29254c73f84d5e49_e5e41175/builds/release/bin/downward --search 'eager_greedy([operatorcounting(constraint_generators=[pho_constraints(patterns=systematic(2))], use_integer_operator_counts=true, transform=adapt_costs(cost_type=ONE))])' --internal-plan-file sas_plan < output.sas
[t=0s, 45596 KB] reading input...
[t=0.303565s, 74700 KB] done reading input!
[t=0.309648s, 81300 KB] Generating patterns using: systematic pattern collection generator
[t=0.309648s, 81300 KB] building causal graph...done! [t=0.0239855s]
[t=0.333633s, 81300 KB] Found 1338 SGA patterns.
[t=0.337635s, 81300 KB] Found 1338 interesting patterns.
[t=0.337635s, 81300 KB] systematic pattern collection generator number of patterns: 1338
[t=0.337635s, 81300 KB] systematic pattern collection generator total PDB size: 165348
[t=0.337635s, 81300 KB] systematic pattern collection generator computation time: 0.0279867s
[t=0.337635s, 81300 KB] Computing PDBs for pattern collection...
[t=20.6498s, 94384 KB] Done computing PDBs for pattern collection: 20.3122s
[t=24.2426s, 1034092 KB] Building successor generator...done!
[t=24.2705s, 1034092 KB] peak memory difference for successor generator creation: 0 KB
[t=24.2705s, 1034092 KB] time for successor generation creation: 0.027984s
[t=24.2705s, 1034092 KB] Variables: 461
[t=24.2705s, 1034092 KB] FactPairs: 1381
[t=24.2705s, 1034092 KB] Bytes per state: 88
[t=24.2705s, 1034092 KB] Conducting best first search without reopening closed nodes, (real) bound = 2147483647
[t=25.9536s, 1321760 KB] New best heuristic value for operatorcounting(constraint_generators=[pho_constraints(patterns=systematic(2))],use_integer_operator_counts=true,transform=adapt_costs(cost_type=one)): 687
[t=25.9536s, 1321760 KB] g=0, 1 evaluated, 0 expanded
[t=25.9536s, 1321760 KB] Initial heuristic value for operatorcounting(constraint_generators=[pho_constraints(patterns=systematic(2))],use_integer_operator_counts=true,transform=adapt_costs(cost_type=one)): 687
[t=25.9536s, 1321760 KB] pruning method: none
[t=30.124s, 1419016 KB] New best heuristic value for operatorcounting(constraint_generators=[pho_constraints(patterns=systematic(2))],use_integer_operator_counts=true,transform=adapt_costs(cost_type=one)): 686
[t=30.124s, 1419016 KB] g=1, 4 evaluated, 2 expanded
[t=770.683s, 2095124 KB] New best heuristic value for operatorcounting(constraint_generators=[pho_constraints(patterns=systematic(2))],use_integer_operator_counts=true,transform=adapt_costs(cost_type=one)): 685
[t=770.683s, 2095124 KB] g=1, 234 evaluated, 3 expanded
[t=776.085s, 2095124 KB] New best heuristic value for operatorcounting(constraint_generators=[pho_constraints(patterns=systematic(2))],use_integer_operator_counts=true,transform=adapt_costs(cost_type=one)): 684
[t=776.085s, 2095124 KB] g=1, 236 evaluated, 4 expanded
[t=783.667s, 2095124 KB] New best heuristic value for operatorcounting(constraint_generators=[pho_constraints(patterns=systematic(2))],use_integer_operator_counts=true,transform=adapt_costs(cost_type=one)): 683
[t=783.667s, 2095124 KB] g=1, 239 evaluated, 5 expanded
[t=1575.49s, 2097040 KB] New best heuristic value for operatorcounting(constraint_generators=[pho_constraints(patterns=systematic(2))],use_integer_operator_counts=true,transform=adapt_costs(cost_type=one)): 682
[t=1575.49s, 2097040 KB] g=1, 475 evaluated, 13 expanded
[t=1581.29s, 2097040 KB] New best heuristic value for operatorcounting(constraint_generators=[pho_constraints(patterns=systematic(2))],use_integer_operator_counts=true,transform=adapt_costs(cost_type=one)): 681
[t=1581.29s, 2097040 KB] g=1, 477 evaluated, 14 expanded
[t=1589.3s, 2097040 KB] New best heuristic value for operatorcounting(constraint_generators=[pho_constraints(patterns=systematic(2))],use_integer_operator_counts=true,transform=adapt_costs(cost_type=one)): 680
[t=1589.3s, 2097040 KB] g=1, 480 evaluated, 15 expanded
Peak memory: 2097040 KB
caught signal 24 -- exiting
Time limit has been reached.
Remove intermediate file output.sas
search exit code: 23

Driver aborting after search
INFO     Planner time: 1795.76s
