INFO     planner time limit: 1800s
INFO     planner memory limit: 2048 MB

INFO     Running translator.
INFO     translator stdin: None
INFO     translator time limit: 1799s
INFO     translator memory limit: 2048 MB
INFO     translator command line string: /home/henry/Documents/UFRGS/TCC/downward/.venv/bin/python /home/henry/Documents/UFRGS/TCC/downward/experiments/lab/data/main/code-5bb2ccb6957559b6969ffd7e29254c73f84d5e49_e5e41175/builds/release/bin/translate/translate.py domain.pddl problem.pddl --sas-file output.sas
Parsing...
Parsing: [0.000s CPU, 0.002s wall-clock]
Normalizing task... [0.000s CPU, 0.000s wall-clock]
Instantiating...
Generating Datalog program... [0.000s CPU, 0.001s wall-clock]
Normalizing Datalog program...
Normalizing Datalog program: [0.010s CPU, 0.004s wall-clock]
Preparing model... [0.000s CPU, 0.003s wall-clock]
Generated 79 rules.
Computing model... [1.890s CPU, 1.899s wall-clock]
201785 relevant atoms
60076 auxiliary atoms
261861 final queue length
847132 total queue pushes
Completing instantiation... [5.240s CPU, 5.244s wall-clock]
Instantiating: [7.200s CPU, 7.212s wall-clock]
Computing fact groups...
Finding invariants...
14 initial candidates
Finding invariants: [0.170s CPU, 0.162s wall-clock]
Checking invariant weight... [0.000s CPU, 0.000s wall-clock]
Instantiating groups... [0.000s CPU, 0.000s wall-clock]
Collecting mutex groups... [0.000s CPU, 0.001s wall-clock]
Choosing groups...
4156 uncovered facts
Choosing groups: [0.000s CPU, 0.001s wall-clock]
Building translation key... [0.010s CPU, 0.010s wall-clock]
Computing fact groups: [0.200s CPU, 0.200s wall-clock]
Building STRIPS to SAS dictionary... [0.010s CPU, 0.004s wall-clock]
Building dictionary for full mutex groups... [0.000s CPU, 0.004s wall-clock]
Building mutex information...
Building mutex information: [0.010s CPU, 0.003s wall-clock]
Translating task...
Processing axioms...
Simplifying axioms... [0.000s CPU, 0.000s wall-clock]
Translator axioms removed by simplifying: 0
Computing negative axioms... [0.000s CPU, 0.000s wall-clock]
Processing axioms: [0.100s CPU, 0.105s wall-clock]
Translating task: [3.240s CPU, 3.256s wall-clock]
178124 effect conditions simplified
0 implied preconditions added
Detecting unreachable propositions...
0 operators removed
0 axioms removed
4 propositions removed
Detecting unreachable propositions: [1.850s CPU, 1.846s wall-clock]
Reordering and filtering variables...
4160 of 4160 variables necessary.
0 of 4 mutex groups necessary.
71292 of 71292 operators necessary.
0 of 0 axiom rules necessary.
Reordering and filtering variables: [2.390s CPU, 2.388s wall-clock]
Translator variables: 4160
Translator derived variables: 0
Translator facts: 8536
Translator goal facts: 28
Translator mutex groups: 0
Translator total mutex groups size: 0
Translator operators: 71292
Translator axioms: 0
Translator task size: 617728
Translator peak memory: 428436 KB
Writing output... [0.460s CPU, 0.465s wall-clock]
Done! [15.510s CPU, 15.533s wall-clock]
translate exit code: 0

INFO     Running search (release).
INFO     search stdin: output.sas
INFO     search time limit: 1784s
INFO     search memory limit: 2048 MB
INFO     search command line string: /home/henry/Documents/UFRGS/TCC/downward/experiments/lab/data/main/code-5bb2ccb6957559b6969ffd7e29254c73f84d5e49_e5e41175/builds/release/bin/downward --search 'eager_greedy([ff(transform=adapt_costs(cost_type=ONE))])' --internal-plan-file sas_plan < output.sas
[t=0s, 10544 KB] reading input...
[t=0.355118s, 39080 KB] done reading input!
[t=0.38708s, 57680 KB] Simplifying 321240 unary operators... done! [230592 unary operators]
[t=0.754726s, 78524 KB] time to simplify: 0.367645s
[t=0.758732s, 78524 KB] Initializing additive heuristic...
[t=0.758732s, 78524 KB] Initializing FF heuristic...
[t=0.758732s, 78524 KB] Building successor generator...done!
[t=0.794692s, 78524 KB] peak memory difference for successor generator creation: 0 KB
[t=0.794692s, 78524 KB] time for successor generation creation: 0.0359608s
[t=0.794692s, 78524 KB] Variables: 4160
[t=0.794692s, 78524 KB] FactPairs: 8536
[t=0.794692s, 78524 KB] Bytes per state: 524
[t=0.794692s, 78524 KB] Conducting best first search without reopening closed nodes, (real) bound = 2147483647
[t=0.794692s, 78524 KB] New best heuristic value for ff(transform=adapt_costs(cost_type=one)): 17
[t=0.794692s, 78524 KB] g=0, 1 evaluated, 0 expanded
[t=0.794692s, 78524 KB] Initial heuristic value for ff(transform=adapt_costs(cost_type=one)): 17
[t=0.794692s, 78524 KB] pruning method: none
[t=0.798704s, 78524 KB] New best heuristic value for ff(transform=adapt_costs(cost_type=one)): 16
[t=0.798704s, 78524 KB] g=2, 2 evaluated, 1 expanded
[t=0.818656s, 78524 KB] New best heuristic value for ff(transform=adapt_costs(cost_type=one)): 15
[t=0.818656s, 78524 KB] g=4, 8 evaluated, 2 expanded
[t=0.838632s, 78524 KB] New best heuristic value for ff(transform=adapt_costs(cost_type=one)): 14
[t=0.838632s, 78524 KB] g=7, 18 evaluated, 3 expanded
[t=0.910552s, 78524 KB] New best heuristic value for ff(transform=adapt_costs(cost_type=one)): 13
[t=0.910552s, 78524 KB] g=13, 46 evaluated, 6 expanded
[t=0.934536s, 78524 KB] New best heuristic value for ff(transform=adapt_costs(cost_type=one)): 12
[t=0.934536s, 78524 KB] g=16, 56 evaluated, 7 expanded
[t=1.10636s, 78524 KB] New best heuristic value for ff(transform=adapt_costs(cost_type=one)): 11
[t=1.10636s, 78524 KB] g=18, 131 evaluated, 16 expanded
[t=27.56s, 78524 KB] New best heuristic value for ff(transform=adapt_costs(cost_type=one)): 10
[t=27.56s, 78524 KB] g=34, 12328 evaluated, 2075 expanded
[t=28.259s, 78524 KB] New best heuristic value for ff(transform=adapt_costs(cost_type=one)): 9
[t=28.259s, 78524 KB] g=43, 12649 evaluated, 2115 expanded
[t=71.3133s, 83784 KB] New best heuristic value for ff(transform=adapt_costs(cost_type=one)): 8
[t=71.3133s, 83784 KB] g=61, 32611 evaluated, 5828 expanded
[t=73.9461s, 84452 KB] New best heuristic value for ff(transform=adapt_costs(cost_type=one)): 7
[t=73.9461s, 84452 KB] g=73, 33823 evaluated, 6012 expanded
[t=78.9924s, 85784 KB] New best heuristic value for ff(transform=adapt_costs(cost_type=one)): 6
[t=78.9924s, 85784 KB] g=77, 36155 evaluated, 6423 expanded
[t=96.4055s, 90044 KB] New best heuristic value for ff(transform=adapt_costs(cost_type=one)): 5
[t=96.4055s, 90044 KB] g=83, 44366 evaluated, 7973 expanded
Peak memory: 596620 KB
caught signal 24 -- exiting
Time limit has been reached.
Remove intermediate file output.sas
search exit code: 23

Driver aborting after search
INFO     Planner time: 1797.77s
