INFO     planner time limit: 1800s
INFO     planner memory limit: 2048 MB

INFO     Running translator.
INFO     translator stdin: None
INFO     translator time limit: 1799s
INFO     translator memory limit: 2048 MB
INFO     translator command line string: /home/henry/Documents/UFRGS/TCC/downward/.venv/bin/python /home/henry/Documents/UFRGS/TCC/downward/experiments/lab/data/main/code-5bb2ccb6957559b6969ffd7e29254c73f84d5e49_e5e41175/builds/release/bin/translate/translate.py domain.pddl problem.pddl --sas-file output.sas
Parsing...
Parsing: [0.000s CPU, 0.001s wall-clock]
Normalizing task... [0.000s CPU, 0.000s wall-clock]
Instantiating...
Generating Datalog program... [0.000s CPU, 0.000s wall-clock]
Normalizing Datalog program...
Normalizing Datalog program: [0.000s CPU, 0.001s wall-clock]
Preparing model... [0.000s CPU, 0.001s wall-clock]
Generated 50 rules.
Computing model... [0.010s CPU, 0.005s wall-clock]
453 relevant atoms
548 auxiliary atoms
1001 final queue length
1271 total queue pushes
Completing instantiation... [0.000s CPU, 0.004s wall-clock]
Instantiating: [0.010s CPU, 0.013s wall-clock]
Computing fact groups...
Finding invariants...
11 initial candidates
Finding invariants: [0.010s CPU, 0.003s wall-clock]
Checking invariant weight... [0.000s CPU, 0.000s wall-clock]
Instantiating groups... [0.000s CPU, 0.001s wall-clock]
Collecting mutex groups... [0.000s CPU, 0.000s wall-clock]
Choosing groups...
0 uncovered facts
Choosing groups: [0.000s CPU, 0.000s wall-clock]
Building translation key... [0.000s CPU, 0.000s wall-clock]
Computing fact groups: [0.010s CPU, 0.005s wall-clock]
Building STRIPS to SAS dictionary... [0.000s CPU, 0.000s wall-clock]
Building dictionary for full mutex groups... [0.000s CPU, 0.000s wall-clock]
Building mutex information...
Building mutex information: [0.000s CPU, 0.000s wall-clock]
Translating task...
Processing axioms...
Simplifying axioms... [0.000s CPU, 0.000s wall-clock]
Translator axioms removed by simplifying: 0
Computing negative axioms... [0.000s CPU, 0.000s wall-clock]
Processing axioms: [0.000s CPU, 0.000s wall-clock]
Translating task: [0.000s CPU, 0.005s wall-clock]
0 effect conditions simplified
0 implied preconditions added
Detecting unreachable propositions...
0 operators removed
0 axioms removed
4 propositions removed
Detecting unreachable propositions: [0.010s CPU, 0.003s wall-clock]
Reordering and filtering variables...
22 of 22 variables necessary.
36 of 40 mutex groups necessary.
232 of 232 operators necessary.
0 of 0 axiom rules necessary.
Reordering and filtering variables: [0.000s CPU, 0.001s wall-clock]
Translator variables: 22
Translator derived variables: 0
Translator facts: 112
Translator goal facts: 15
Translator mutex groups: 36
Translator total mutex groups size: 144
Translator operators: 232
Translator axioms: 0
Translator task size: 1553
Translator peak memory: 32884 KB
Writing output... [0.000s CPU, 0.001s wall-clock]
Done! [0.030s CPU, 0.029s wall-clock]
translate exit code: 0

INFO     Running search (release).
INFO     search stdin: output.sas
INFO     search time limit: 1799s
INFO     search memory limit: 2048 MB
INFO     search command line string: /home/henry/Documents/UFRGS/TCC/downward/experiments/lab/data/main/code-5bb2ccb6957559b6969ffd7e29254c73f84d5e49_e5e41175/builds/release/bin/downward --search 'eager_greedy([lsh(patterns=systematic(2), transform=adapt_costs(cost_type=NORMAL))])' --internal-plan-file sas_plan < output.sas
[t=0s, 10544 KB] reading input...
[t=0.00285443s, 10544 KB] done reading input!
[t=0.00285443s, 10940 KB] Generating patterns using: systematic pattern collection generator
[t=0.00285443s, 10940 KB] building causal graph...done! [t=0s]
[t=0.00285443s, 10940 KB] Found 100 SGA patterns.
[t=0.00285443s, 10940 KB] Found 100 interesting patterns.
[t=0.00285443s, 10940 KB] systematic pattern collection generator number of patterns: 100
[t=0.00285443s, 10940 KB] systematic pattern collection generator total PDB size: 2860
[t=0.00285443s, 10940 KB] systematic pattern collection generator computation time: 0s
[t=0.00285443s, 10940 KB] Computing PDBs for pattern collection...
[t=0.00685479s, 10940 KB] Done computing PDBs for pattern collection: 0.00400036s
[t=0.00685479s, 10940 KB] Building successor generator...done!
[t=0.00685479s, 10940 KB] peak memory difference for successor generator creation: 0 KB
[t=0.00685479s, 10940 KB] time for successor generation creation: 0s
[t=0.00685479s, 10940 KB] Variables: 22
[t=0.00685479s, 10940 KB] FactPairs: 112
[t=0.00685479s, 10940 KB] Bytes per state: 8
[t=0.00685479s, 10940 KB] Conducting best first search without reopening closed nodes, (real) bound = 2147483647
[t=0.00685479s, 10940 KB] New best heuristic value for lsh(patterns=systematic(2),transform=adapt_costs(cost_type=normal)): 25
[t=0.00685479s, 10940 KB] g=0, 1 evaluated, 0 expanded
[t=0.00685479s, 10940 KB] Initial heuristic value for lsh(patterns=systematic(2),transform=adapt_costs(cost_type=normal)): 25
[t=0.00685479s, 10940 KB] pruning method: none
[t=0.00685479s, 10940 KB] New best heuristic value for lsh(patterns=systematic(2),transform=adapt_costs(cost_type=normal)): 24
[t=0.00685479s, 10940 KB] g=2, 4 evaluated, 1 expanded
[t=0.00685479s, 10940 KB] New best heuristic value for lsh(patterns=systematic(2),transform=adapt_costs(cost_type=normal)): 23
[t=0.00685479s, 10940 KB] g=3, 18 evaluated, 2 expanded
[t=0.00685479s, 10940 KB] New best heuristic value for lsh(patterns=systematic(2),transform=adapt_costs(cost_type=normal)): 21
[t=0.00685479s, 10940 KB] g=10, 28 evaluated, 4 expanded
[t=0.00685479s, 10940 KB] New best heuristic value for lsh(patterns=systematic(2),transform=adapt_costs(cost_type=normal)): 20
[t=0.00685479s, 10940 KB] g=17, 42 evaluated, 7 expanded
[t=0.00685479s, 10940 KB] New best heuristic value for lsh(patterns=systematic(2),transform=adapt_costs(cost_type=normal)): 19
[t=0.00685479s, 10940 KB] g=25, 58 evaluated, 14 expanded
[t=0.00685479s, 10940 KB] New best heuristic value for lsh(patterns=systematic(2),transform=adapt_costs(cost_type=normal)): 17
[t=0.00685479s, 10940 KB] g=31, 132 evaluated, 53 expanded
[t=0.00685479s, 10940 KB] New best heuristic value for lsh(patterns=systematic(2),transform=adapt_costs(cost_type=normal)): 16
[t=0.00685479s, 10940 KB] g=41, 438 evaluated, 286 expanded
[t=0.00685479s, 10940 KB] New best heuristic value for lsh(patterns=systematic(2),transform=adapt_costs(cost_type=normal)): 15
[t=0.00685479s, 10940 KB] g=49, 463 evaluated, 296 expanded
[t=0.00685479s, 10940 KB] New best heuristic value for lsh(patterns=systematic(2),transform=adapt_costs(cost_type=normal)): 13
[t=0.00685479s, 10940 KB] g=49, 498 evaluated, 325 expanded
[t=0.00685479s, 10940 KB] New best heuristic value for lsh(patterns=systematic(2),transform=adapt_costs(cost_type=normal)): 11
[t=0.00685479s, 10940 KB] g=61, 550 evaluated, 354 expanded
[t=0.0108571s, 11072 KB] New best heuristic value for lsh(patterns=systematic(2),transform=adapt_costs(cost_type=normal)): 9
[t=0.0148482s, 11072 KB] g=69, 2456 evaluated, 2080 expanded
[t=0.538389s, 18688 KB] New best heuristic value for lsh(patterns=systematic(2),transform=adapt_costs(cost_type=normal)): 7
[t=0.538389s, 18688 KB] g=77, 206191 evaluated, 196271 expanded
[t=21.4458s, 394132 KB] New best heuristic value for lsh(patterns=systematic(2),transform=adapt_costs(cost_type=normal)): 6
[t=21.4458s, 394132 KB] g=81, 7612586 evaluated, 7362205 expanded
[t=46.2632s, 774732 KB] New best heuristic value for lsh(patterns=systematic(2),transform=adapt_costs(cost_type=normal)): 4
[t=46.2632s, 774732 KB] g=93, 16738564 evaluated, 15764554 expanded
Failed to allocate memory.
Memory limit has been reached.
Peak memory: 1955916 KB
Remove intermediate file output.sas
search exit code: 22

Driver aborting after search
INFO     Planner time: 145.49s
