INFO     planner time limit: 1800s
INFO     planner memory limit: 2048 MB

INFO     Running translator.
INFO     translator stdin: None
INFO     translator time limit: 1799s
INFO     translator memory limit: 2048 MB
INFO     translator command line string: /home/henry/Documents/UFRGS/TCC/downward/.venv/bin/python /home/henry/Documents/UFRGS/TCC/downward/experiments/lab/data/main/code-5bb2ccb6957559b6969ffd7e29254c73f84d5e49_e5e41175/builds/release/bin/translate/translate.py domain.pddl problem.pddl --sas-file output.sas
Parsing...
Parsing: [0.000s CPU, 0.001s wall-clock]
Normalizing task... [0.000s CPU, 0.000s wall-clock]
Instantiating...
Generating Datalog program... [0.000s CPU, 0.000s wall-clock]
Normalizing Datalog program...
Normalizing Datalog program: [0.000s CPU, 0.001s wall-clock]
Preparing model... [0.000s CPU, 0.001s wall-clock]
Generated 50 rules.
Computing model... [0.010s CPU, 0.005s wall-clock]
501 relevant atoms
606 auxiliary atoms
1107 final queue length
1409 total queue pushes
Completing instantiation... [0.000s CPU, 0.004s wall-clock]
Instantiating: [0.010s CPU, 0.012s wall-clock]
Computing fact groups...
Finding invariants...
11 initial candidates
Finding invariants: [0.000s CPU, 0.003s wall-clock]
Checking invariant weight... [0.010s CPU, 0.000s wall-clock]
Instantiating groups... [0.000s CPU, 0.001s wall-clock]
Collecting mutex groups... [0.000s CPU, 0.000s wall-clock]
Choosing groups...
0 uncovered facts
Choosing groups: [0.000s CPU, 0.000s wall-clock]
Building translation key... [0.000s CPU, 0.000s wall-clock]
Computing fact groups: [0.010s CPU, 0.005s wall-clock]
Building STRIPS to SAS dictionary... [0.000s CPU, 0.000s wall-clock]
Building dictionary for full mutex groups... [0.000s CPU, 0.000s wall-clock]
Building mutex information...
Building mutex information: [0.000s CPU, 0.000s wall-clock]
Translating task...
Processing axioms...
Simplifying axioms... [0.000s CPU, 0.000s wall-clock]
Translator axioms removed by simplifying: 0
Computing negative axioms... [0.000s CPU, 0.000s wall-clock]
Processing axioms: [0.000s CPU, 0.000s wall-clock]
Translating task: [0.000s CPU, 0.005s wall-clock]
0 effect conditions simplified
0 implied preconditions added
Detecting unreachable propositions...
0 operators removed
0 axioms removed
4 propositions removed
Detecting unreachable propositions: [0.010s CPU, 0.003s wall-clock]
Reordering and filtering variables...
24 of 24 variables necessary.
40 of 44 mutex groups necessary.
256 of 256 operators necessary.
0 of 0 axiom rules necessary.
Reordering and filtering variables: [0.000s CPU, 0.001s wall-clock]
Translator variables: 24
Translator derived variables: 0
Translator facts: 124
Translator goal facts: 16
Translator mutex groups: 40
Translator total mutex groups size: 160
Translator operators: 256
Translator axioms: 0
Translator task size: 1720
Translator peak memory: 32884 KB
Writing output... [0.000s CPU, 0.001s wall-clock]
Done! [0.030s CPU, 0.030s wall-clock]
translate exit code: 0

INFO     Running search (release).
INFO     search stdin: output.sas
INFO     search time limit: 1799s
INFO     search memory limit: 2048 MB
INFO     search command line string: /home/henry/Documents/UFRGS/TCC/downward/experiments/lab/data/main/code-5bb2ccb6957559b6969ffd7e29254c73f84d5e49_e5e41175/builds/release/bin/downward --search 'eager_greedy([ilsh(patterns=systematic(4), transform=adapt_costs(cost_type=ONE))])' --internal-plan-file sas_plan < output.sas
[t=0s, 10544 KB] reading input...
[t=0s, 10544 KB] done reading input!
[t=0s, 10940 KB] Generating patterns using: systematic pattern collection generator
[t=0s, 10940 KB] building causal graph...done! [t=0s]
[t=0.00397815s, 12004 KB] Found 4276 SGA patterns.
[t=0.0119834s, 12208 KB] Found 5680 interesting patterns.
[t=0.0119834s, 12208 KB] systematic pattern collection generator number of patterns: 5680
[t=0.0119834s, 12208 KB] systematic pattern collection generator total PDB size: 5048064
[t=0.0119834s, 12208 KB] systematic pattern collection generator computation time: 0.0119834s
[t=0.0119834s, 12208 KB] Computing PDBs for pattern collection...
[t=1.23169s, 32792 KB] Done computing PDBs for pattern collection: 1.21971s
[t=1.25969s, 38236 KB] Tie breaking: 2
[t=1.25969s, 38236 KB] Building successor generator...done!
[t=1.25969s, 38236 KB] peak memory difference for successor generator creation: 0 KB
[t=1.25969s, 38236 KB] time for successor generation creation: 0s
[t=1.25969s, 38236 KB] Variables: 24
[t=1.25969s, 38236 KB] FactPairs: 124
[t=1.25969s, 38236 KB] Bytes per state: 8
[t=1.25969s, 38236 KB] Conducting best first search without reopening closed nodes, (real) bound = 2147483647
[t=1.26769s, 38236 KB] New best heuristic value for ilsh(patterns=systematic(4),transform=adapt_costs(cost_type=one)): 63
[t=1.26769s, 38236 KB] g=0, 1 evaluated, 0 expanded
[t=1.26769s, 38236 KB] Initial heuristic value for ilsh(patterns=systematic(4),transform=adapt_costs(cost_type=one)): 63
[t=1.26769s, 38236 KB] pruning method: none
[t=1.27968s, 38236 KB] New best heuristic value for ilsh(patterns=systematic(4),transform=adapt_costs(cost_type=one)): 61
[t=1.27968s, 38236 KB] g=5, 2 evaluated, 1 expanded
[t=1.32767s, 38236 KB] New best heuristic value for ilsh(patterns=systematic(4),transform=adapt_costs(cost_type=one)): 59
[t=1.32767s, 38236 KB] g=1, 11 evaluated, 1 expanded
[t=1.37166s, 38236 KB] New best heuristic value for ilsh(patterns=systematic(4),transform=adapt_costs(cost_type=one)): 55
[t=1.37166s, 38236 KB] g=3, 16 evaluated, 2 expanded
[t=1.43964s, 38236 KB] New best heuristic value for ilsh(patterns=systematic(4),transform=adapt_costs(cost_type=one)): 52
[t=1.43964s, 38236 KB] g=5, 24 evaluated, 3 expanded
[t=1.48763s, 38236 KB] New best heuristic value for ilsh(patterns=systematic(4),transform=adapt_costs(cost_type=one)): 51
[t=1.48763s, 38236 KB] g=6, 30 evaluated, 4 expanded
[t=1.50763s, 38236 KB] New best heuristic value for ilsh(patterns=systematic(4),transform=adapt_costs(cost_type=one)): 49
[t=1.50763s, 38236 KB] g=8, 33 evaluated, 5 expanded
[t=1.57162s, 38236 KB] New best heuristic value for ilsh(patterns=systematic(4),transform=adapt_costs(cost_type=one)): 48
[t=1.57162s, 38236 KB] g=13, 43 evaluated, 6 expanded
[t=1.59161s, 38236 KB] New best heuristic value for ilsh(patterns=systematic(4),transform=adapt_costs(cost_type=one)): 45
[t=1.59161s, 38236 KB] g=9, 48 evaluated, 6 expanded
[t=1.60761s, 38236 KB] New best heuristic value for ilsh(patterns=systematic(4),transform=adapt_costs(cost_type=one)): 41
[t=1.60761s, 38236 KB] g=14, 50 evaluated, 7 expanded
[t=1.69959s, 38236 KB] New best heuristic value for ilsh(patterns=systematic(4),transform=adapt_costs(cost_type=one)): 38
[t=1.69959s, 38236 KB] g=17, 65 evaluated, 9 expanded
[t=1.78357s, 38236 KB] New best heuristic value for ilsh(patterns=systematic(4),transform=adapt_costs(cost_type=one)): 36
[t=1.78357s, 38236 KB] g=19, 78 evaluated, 10 expanded
[t=1.86355s, 38236 KB] New best heuristic value for ilsh(patterns=systematic(4),transform=adapt_costs(cost_type=one)): 27
[t=1.86355s, 38236 KB] g=21, 91 evaluated, 11 expanded
[t=1.99553s, 38236 KB] New best heuristic value for ilsh(patterns=systematic(4),transform=adapt_costs(cost_type=one)): 26
[t=1.99553s, 38236 KB] g=23, 119 evaluated, 15 expanded
[t=1.99953s, 38236 KB] New best heuristic value for ilsh(patterns=systematic(4),transform=adapt_costs(cost_type=one)): 25
[t=1.99953s, 38236 KB] g=28, 120 evaluated, 16 expanded
[t=2.00353s, 38236 KB] New best heuristic value for ilsh(patterns=systematic(4),transform=adapt_costs(cost_type=one)): 21
[t=2.00353s, 38236 KB] g=25, 121 evaluated, 16 expanded
[t=2.04352s, 38236 KB] New best heuristic value for ilsh(patterns=systematic(4),transform=adapt_costs(cost_type=one)): 18
[t=2.04352s, 38236 KB] g=27, 130 evaluated, 17 expanded
[t=2.07151s, 38236 KB] New best heuristic value for ilsh(patterns=systematic(4),transform=adapt_costs(cost_type=one)): 17
[t=2.07151s, 38236 KB] g=32, 137 evaluated, 18 expanded
[t=2.1075s, 38236 KB] New best heuristic value for ilsh(patterns=systematic(4),transform=adapt_costs(cost_type=one)): 15
[t=2.1075s, 38236 KB] g=35, 152 evaluated, 22 expanded
[t=2.16349s, 38236 KB] New best heuristic value for ilsh(patterns=systematic(4),transform=adapt_costs(cost_type=one)): 13
[t=2.16349s, 38236 KB] g=38, 172 evaluated, 30 expanded
[t=4.84297s, 38236 KB] New best heuristic value for ilsh(patterns=systematic(4),transform=adapt_costs(cost_type=one)): 12
[t=4.84297s, 38236 KB] g=61, 1311 evaluated, 692 expanded
[t=4.85896s, 38236 KB] New best heuristic value for ilsh(patterns=systematic(4),transform=adapt_costs(cost_type=one)): 11
[t=4.85896s, 38236 KB] g=62, 1318 evaluated, 693 expanded
[t=4.99493s, 38236 KB] New best heuristic value for ilsh(patterns=systematic(4),transform=adapt_costs(cost_type=one)): 10
[t=4.99493s, 38236 KB] g=59, 1380 evaluated, 734 expanded
[t=5.00693s, 38236 KB] New best heuristic value for ilsh(patterns=systematic(4),transform=adapt_costs(cost_type=one)): 9
[t=5.00693s, 38236 KB] g=60, 1386 evaluated, 735 expanded
[t=5.01892s, 38236 KB] New best heuristic value for ilsh(patterns=systematic(4),transform=adapt_costs(cost_type=one)): 8
[t=5.01892s, 38236 KB] g=61, 1393 evaluated, 736 expanded
[t=5.30686s, 38236 KB] New best heuristic value for ilsh(patterns=systematic(4),transform=adapt_costs(cost_type=one)): 6
[t=5.30686s, 38236 KB] g=72, 1552 evaluated, 866 expanded
[t=47.9545s, 38892 KB] New best heuristic value for ilsh(patterns=systematic(4),transform=adapt_costs(cost_type=one)): 5
[t=47.9545s, 38892 KB] g=70, 22002 evaluated, 16374 expanded
[t=1483.56s, 62904 KB] New best heuristic value for ilsh(patterns=systematic(4),transform=adapt_costs(cost_type=one)): 4
[t=1483.56s, 62904 KB] g=96, 602512 evaluated, 399532 expanded
Peak memory: 66612 KB
caught signal 24 -- exiting
Time limit has been reached.
Remove intermediate file output.sas
search exit code: 23

Driver aborting after search
INFO     Planner time: 1798.74s
