INFO     planner time limit: 1800s
INFO     planner memory limit: 2048 MB

INFO     Running translator.
INFO     translator stdin: None
INFO     translator time limit: 1799s
INFO     translator memory limit: 2048 MB
INFO     translator command line string: /home/henry/Documents/UFRGS/TCC/downward/.venv/bin/python /home/henry/Documents/UFRGS/TCC/downward/experiments/lab/data/main/code-5bb2ccb6957559b6969ffd7e29254c73f84d5e49_e5e41175/builds/release/bin/translate/translate.py domain.pddl problem.pddl --sas-file output.sas
Parsing...
Parsing: [0.000s CPU, 0.002s wall-clock]
Normalizing task... [0.000s CPU, 0.000s wall-clock]
Instantiating...
Generating Datalog program... [0.000s CPU, 0.001s wall-clock]
Normalizing Datalog program...
Normalizing Datalog program: [0.000s CPU, 0.003s wall-clock]
Preparing model... [0.000s CPU, 0.002s wall-clock]
Generated 115 rules.
Computing model... [0.030s CPU, 0.023s wall-clock]
2300 relevant atoms
2393 auxiliary atoms
4693 final queue length
8087 total queue pushes
Completing instantiation... [0.040s CPU, 0.050s wall-clock]
Instantiating: [0.070s CPU, 0.078s wall-clock]
Computing fact groups...
Finding invariants...
24 initial candidates
Finding invariants: [0.010s CPU, 0.009s wall-clock]
Checking invariant weight... [0.000s CPU, 0.000s wall-clock]
Instantiating groups... [0.000s CPU, 0.000s wall-clock]
Collecting mutex groups... [0.000s CPU, 0.000s wall-clock]
Choosing groups...
238 uncovered facts
Choosing groups: [0.000s CPU, 0.000s wall-clock]
Building translation key... [0.000s CPU, 0.000s wall-clock]
Computing fact groups: [0.010s CPU, 0.011s wall-clock]
Building STRIPS to SAS dictionary... [0.000s CPU, 0.000s wall-clock]
Building dictionary for full mutex groups... [0.000s CPU, 0.000s wall-clock]
Building mutex information...
Building mutex information: [0.000s CPU, 0.000s wall-clock]
Translating task...
Processing axioms...
Simplifying axioms... [0.000s CPU, 0.000s wall-clock]
Translator axioms removed by simplifying: 0
Computing negative axioms... [0.000s CPU, 0.000s wall-clock]
Processing axioms: [0.010s CPU, 0.002s wall-clock]
Translating task: [0.060s CPU, 0.054s wall-clock]
2672 effect conditions simplified
0 implied preconditions added
Detecting unreachable propositions...
0 operators removed
0 axioms removed
3 propositions removed
Detecting unreachable propositions: [0.020s CPU, 0.023s wall-clock]
Reordering and filtering variables...
241 of 241 variables necessary.
12 of 15 mutex groups necessary.
1596 of 1596 operators necessary.
0 of 0 axiom rules necessary.
Reordering and filtering variables: [0.010s CPU, 0.015s wall-clock]
Translator variables: 241
Translator derived variables: 0
Translator facts: 505
Translator goal facts: 10
Translator mutex groups: 12
Translator total mutex groups size: 36
Translator operators: 1596
Translator axioms: 0
Translator task size: 15302
Translator peak memory: 41328 KB
Writing output... [0.010s CPU, 0.010s wall-clock]
Done! [0.180s CPU, 0.197s wall-clock]
translate exit code: 0

INFO     Running search (release).
INFO     search stdin: output.sas
INFO     search time limit: 1799s
INFO     search memory limit: 2048 MB
INFO     search command line string: /home/henry/Documents/UFRGS/TCC/downward/experiments/lab/data/main/code-5bb2ccb6957559b6969ffd7e29254c73f84d5e49_e5e41175/builds/release/bin/downward --search 'eager_greedy([ilsh(patterns=systematic(4), transform=adapt_costs(cost_type=ONE))])' --internal-plan-file sas_plan < output.sas
[t=0s, 10544 KB] reading input...
[t=0.00741745s, 11224 KB] done reading input!
[t=0.00741745s, 11488 KB] Generating patterns using: systematic pattern collection generator
[t=0.00741745s, 11488 KB] building causal graph...done! [t=0.00400042s]
[t=0.0433907s, 25608 KB] Found 56101 SGA patterns.
[t=0.48728s, 26532 KB] Found 63243 interesting patterns.
[t=0.503259s, 26532 KB] systematic pattern collection generator number of patterns: 63243
[t=0.503259s, 26532 KB] systematic pattern collection generator total PDB size: 2259344
[t=0.507259s, 26532 KB] systematic pattern collection generator computation time: 0.495842s
[t=0.507259s, 26532 KB] Computing PDBs for pattern collection...
[t=26.0658s, 41176 KB] Done computing PDBs for pattern collection: 25.5586s
[t=28.7401s, 503300 KB] Tie breaking: 2
[t=28.7441s, 503300 KB] Building successor generator...done!
[t=28.7481s, 503300 KB] peak memory difference for successor generator creation: 0 KB
[t=28.7481s, 503300 KB] time for successor generation creation: 0.00398277s
[t=28.7481s, 503300 KB] Variables: 241
[t=28.7481s, 503300 KB] FactPairs: 505
[t=28.7481s, 503300 KB] Bytes per state: 32
[t=28.7481s, 503300 KB] Conducting best first search without reopening closed nodes, (real) bound = 2147483647
Peak memory: 503300 KB
caught signal 24 -- exiting
Time limit has been reached.
Remove intermediate file output.sas
search exit code: 23

Driver aborting after search
INFO     Planner time: 1797.69s
