INFO     planner time limit: 1800s
INFO     planner memory limit: 2048 MB

INFO     Running translator.
INFO     translator stdin: None
INFO     translator time limit: 1799s
INFO     translator memory limit: 2048 MB
INFO     translator command line string: /home/henry/Documents/UFRGS/TCC/downward/.venv/bin/python /home/henry/Documents/UFRGS/TCC/downward/experiments/lab/data/main/code-5bb2ccb6957559b6969ffd7e29254c73f84d5e49_e5e41175/builds/release/bin/translate/translate.py domain.pddl problem.pddl --sas-file output.sas
Parsing...
Parsing: [0.010s CPU, 0.005s wall-clock]
Normalizing task... [0.000s CPU, 0.000s wall-clock]
Instantiating...
Generating Datalog program... [0.000s CPU, 0.001s wall-clock]
Normalizing Datalog program...
Normalizing Datalog program: [0.000s CPU, 0.005s wall-clock]
Preparing model... [0.010s CPU, 0.004s wall-clock]
Generated 258 rules.
Computing model... [1.790s CPU, 1.792s wall-clock]
247776 relevant atoms
2362 auxiliary atoms
250138 final queue length
920648 total queue pushes
Completing instantiation... [12.760s CPU, 12.781s wall-clock]
Instantiating: [14.620s CPU, 14.643s wall-clock]
Computing fact groups...
Finding invariants...
44 initial candidates
Finding invariants: [0.320s CPU, 0.320s wall-clock]
Checking invariant weight... [0.000s CPU, 0.000s wall-clock]
Instantiating groups... [0.000s CPU, 0.001s wall-clock]
Collecting mutex groups... [0.000s CPU, 0.000s wall-clock]
Choosing groups...
106 uncovered facts
Choosing groups: [0.000s CPU, 0.000s wall-clock]
Building translation key... [0.000s CPU, 0.000s wall-clock]
Computing fact groups: [0.320s CPU, 0.322s wall-clock]
Building STRIPS to SAS dictionary... [0.000s CPU, 0.000s wall-clock]
Building dictionary for full mutex groups... [0.000s CPU, 0.000s wall-clock]
Building mutex information...
Building mutex information: [0.000s CPU, 0.000s wall-clock]
Translating task...
Processing axioms...
Simplifying axioms... [0.000s CPU, 0.000s wall-clock]
Translator axioms removed by simplifying: 0
Computing negative axioms... [0.000s CPU, 0.000s wall-clock]
Processing axioms: [0.450s CPU, 0.448s wall-clock]
Translating task: [11.570s CPU, 11.572s wall-clock]
266095 effect conditions simplified
0 implied preconditions added
Detecting unreachable propositions...
0 operators removed
0 axioms removed
38 propositions removed
Detecting unreachable propositions: [6.530s CPU, 6.538s wall-clock]
Reordering and filtering variables...
99 of 105 variables necessary.
0 of 12 mutex groups necessary.
246879 of 246879 operators necessary.
0 of 0 axiom rules necessary.
Reordering and filtering variables: [1.940s CPU, 1.932s wall-clock]
Translator variables: 99
Translator derived variables: 0
Translator facts: 293
Translator goal facts: 1
Translator mutex groups: 0
Translator total mutex groups size: 0
Translator operators: 246879
Translator axioms: 0
Translator task size: 2606679
Translator peak memory: 1517624 KB
Writing output... [1.740s CPU, 1.743s wall-clock]
Done! [37.260s CPU, 37.294s wall-clock]
translate exit code: 0

INFO     Running search (release).
INFO     search stdin: output.sas
INFO     search time limit: 1762s
INFO     search memory limit: 2048 MB
INFO     search command line string: /home/henry/Documents/UFRGS/TCC/downward/experiments/lab/data/main/code-5bb2ccb6957559b6969ffd7e29254c73f84d5e49_e5e41175/builds/release/bin/downward --search 'eager_greedy([lsh(patterns=systematic(2), transform=adapt_costs(cost_type=ONE))])' --internal-plan-file sas_plan < output.sas
[t=0s, 10544 KB] reading input...
[t=1.15938s, 112364 KB] done reading input!
[t=1.16337s, 112628 KB] Generating patterns using: systematic pattern collection generator
[t=1.16337s, 112628 KB] building causal graph...done! [t=0.127948s]
[t=1.29132s, 112892 KB] Found 5 SGA patterns.
[t=1.29132s, 112892 KB] Found 5 interesting patterns.
[t=1.29132s, 112892 KB] systematic pattern collection generator number of patterns: 5
[t=1.29132s, 112892 KB] systematic pattern collection generator total PDB size: 18
[t=1.29132s, 112892 KB] systematic pattern collection generator computation time: 0.127948s
[t=1.29132s, 112892 KB] Computing PDBs for pattern collection...
[t=1.50304s, 112892 KB] Done computing PDBs for pattern collection: 0.211723s
[t=1.55898s, 121720 KB] Building successor generator...done!
[t=1.67884s, 152140 KB] peak memory difference for successor generator creation: 30420 KB
[t=1.67884s, 152140 KB] time for successor generation creation: 0.111864s
[t=1.67884s, 152140 KB] Variables: 99
[t=1.67884s, 152140 KB] FactPairs: 293
[t=1.67884s, 152140 KB] Bytes per state: 20
[t=1.67884s, 152140 KB] Conducting best first search without reopening closed nodes, (real) bound = 2147483647
[t=1.67884s, 152140 KB] New best heuristic value for lsh(patterns=systematic(2),transform=adapt_costs(cost_type=one)): 2
[t=1.67884s, 152140 KB] g=0, 1 evaluated, 0 expanded
[t=1.67884s, 152140 KB] Initial heuristic value for lsh(patterns=systematic(2),transform=adapt_costs(cost_type=one)): 2
[t=1.67884s, 152140 KB] pruning method: none
Peak memory: 1976092 KB
caught signal 24 -- exiting
Time limit has been reached.
Remove intermediate file output.sas
search exit code: 23

Driver aborting after search
INFO     Planner time: 1798.18s
