INFO     planner time limit: 1800s
INFO     planner memory limit: 2048 MB

INFO     Running translator.
INFO     translator stdin: None
INFO     translator time limit: 1799s
INFO     translator memory limit: 2048 MB
INFO     translator command line string: /home/henry/Documents/UFRGS/TCC/downward/.venv/bin/python /home/henry/Documents/UFRGS/TCC/downward/experiments/lab/data/main/code-5bb2ccb6957559b6969ffd7e29254c73f84d5e49_e5e41175/builds/release/bin/translate/translate.py domain.pddl problem.pddl --sas-file output.sas
Parsing...
Parsing: [0.000s CPU, 0.003s wall-clock]
Normalizing task... [0.000s CPU, 0.000s wall-clock]
Instantiating...
Generating Datalog program... [0.000s CPU, 0.001s wall-clock]
Normalizing Datalog program...
Normalizing Datalog program: [0.000s CPU, 0.002s wall-clock]
Preparing model... [0.010s CPU, 0.003s wall-clock]
Generated 46 rules.
Computing model... [0.230s CPU, 0.239s wall-clock]
37088 relevant atoms
13428 auxiliary atoms
50516 final queue length
117436 total queue pushes
Completing instantiation... [1.390s CPU, 1.395s wall-clock]
Instantiating: [1.640s CPU, 1.652s wall-clock]
Computing fact groups...
Finding invariants...
12 initial candidates
Finding invariants: [0.020s CPU, 0.013s wall-clock]
Checking invariant weight... [0.000s CPU, 0.000s wall-clock]
Instantiating groups... [0.000s CPU, 0.007s wall-clock]
Collecting mutex groups... [0.000s CPU, 0.002s wall-clock]
Choosing groups...
0 uncovered facts
Choosing groups: [0.000s CPU, 0.002s wall-clock]
Building translation key... [0.000s CPU, 0.001s wall-clock]
Computing fact groups: [0.030s CPU, 0.031s wall-clock]
Building STRIPS to SAS dictionary... [0.010s CPU, 0.001s wall-clock]
Building dictionary for full mutex groups... [0.000s CPU, 0.001s wall-clock]
Building mutex information...
Building mutex information: [0.000s CPU, 0.000s wall-clock]
Translating task...
Processing axioms...
Simplifying axioms... [0.000s CPU, 0.000s wall-clock]
Translator axioms removed by simplifying: 0
Computing negative axioms... [0.000s CPU, 0.000s wall-clock]
Processing axioms: [0.080s CPU, 0.081s wall-clock]
Translating task: [1.190s CPU, 1.200s wall-clock]
0 effect conditions simplified
0 implied preconditions added
Detecting unreachable propositions...
0 operators removed
0 axioms removed
68 propositions removed
Detecting unreachable propositions: [0.790s CPU, 0.783s wall-clock]
Reordering and filtering variables...
68 of 68 variables necessary.
0 of 68 mutex groups necessary.
34568 of 34568 operators necessary.
0 of 0 axiom rules necessary.
Reordering and filtering variables: [0.110s CPU, 0.114s wall-clock]
Translator variables: 68
Translator derived variables: 0
Translator facts: 1828
Translator goal facts: 52
Translator mutex groups: 0
Translator total mutex groups size: 0
Translator operators: 34568
Translator axioms: 0
Translator task size: 207988
Translator peak memory: 170348 KB
Writing output... [0.180s CPU, 0.167s wall-clock]
Done! [4.020s CPU, 4.025s wall-clock]
translate exit code: 0

INFO     Running search (release).
INFO     search stdin: output.sas
INFO     search time limit: 1795s
INFO     search memory limit: 2048 MB
INFO     search command line string: /home/henry/Documents/UFRGS/TCC/downward/experiments/lab/data/main/code-5bb2ccb6957559b6969ffd7e29254c73f84d5e49_e5e41175/builds/release/bin/downward --search 'eager_greedy([operatorcounting(constraint_generators=[pho_constraints(patterns=systematic(2))], use_integer_operator_counts=false, transform=adapt_costs(cost_type=NORMAL))])' --internal-plan-file sas_plan < output.sas
[t=0s, 45596 KB] reading input...
[t=0.091622s, 54912 KB] done reading input!
[t=0.0959873s, 58432 KB] Generating patterns using: systematic pattern collection generator
[t=0.0959873s, 58432 KB] building causal graph...done! [t=0.00798401s]
[t=0.107977s, 58432 KB] Found 884 SGA patterns.
[t=0.107977s, 58432 KB] Found 884 interesting patterns.
[t=0.107977s, 58432 KB] systematic pattern collection generator number of patterns: 884
[t=0.107977s, 58432 KB] systematic pattern collection generator total PDB size: 193908
[t=0.107977s, 58432 KB] systematic pattern collection generator computation time: 0.0119894s
[t=0.107977s, 58432 KB] Computing PDBs for pattern collection...
[t=5.52032s, 59248 KB] Done computing PDBs for pattern collection: 5.41235s
[t=6.75853s, 152616 KB] Building successor generator...done!
[t=6.77051s, 152616 KB] peak memory difference for successor generator creation: 0 KB
[t=6.77051s, 152616 KB] time for successor generation creation: 0.0119807s
[t=6.77051s, 152616 KB] Variables: 68
[t=6.77051s, 152616 KB] FactPairs: 1828
[t=6.77051s, 152616 KB] Bytes per state: 52
[t=6.77051s, 152616 KB] Conducting best first search without reopening closed nodes, (real) bound = 2147483647
[t=6.77453s, 152616 KB] New best heuristic value for operatorcounting(constraint_generators=[pho_constraints(patterns=systematic(2))],use_integer_operator_counts=false,transform=adapt_costs(cost_type=normal)): 58
[t=6.77453s, 152616 KB] g=0, 1 evaluated, 0 expanded
[t=6.77453s, 152616 KB] Initial heuristic value for operatorcounting(constraint_generators=[pho_constraints(patterns=systematic(2))],use_integer_operator_counts=false,transform=adapt_costs(cost_type=normal)): 58
[t=6.77453s, 152616 KB] pruning method: none
[t=6.77851s, 152616 KB] New best heuristic value for operatorcounting(constraint_generators=[pho_constraints(patterns=systematic(2))],use_integer_operator_counts=false,transform=adapt_costs(cost_type=normal)): 57
[t=6.77851s, 152616 KB] g=8, 4 evaluated, 1 expanded
[t=6.78251s, 152616 KB] New best heuristic value for operatorcounting(constraint_generators=[pho_constraints(patterns=systematic(2))],use_integer_operator_counts=false,transform=adapt_costs(cost_type=normal)): 56
[t=6.78251s, 152616 KB] g=7, 5 evaluated, 1 expanded
[t=6.87832s, 152616 KB] New best heuristic value for operatorcounting(constraint_generators=[pho_constraints(patterns=systematic(2))],use_integer_operator_counts=false,transform=adapt_costs(cost_type=normal)): 55
[t=6.87832s, 152616 KB] g=13, 78 evaluated, 2 expanded
[t=6.87832s, 152616 KB] New best heuristic value for operatorcounting(constraint_generators=[pho_constraints(patterns=systematic(2))],use_integer_operator_counts=false,transform=adapt_costs(cost_type=normal)): 54
[t=6.87832s, 152616 KB] g=14, 79 evaluated, 2 expanded
[t=6.97819s, 152616 KB] New best heuristic value for operatorcounting(constraint_generators=[pho_constraints(patterns=systematic(2))],use_integer_operator_counts=false,transform=adapt_costs(cost_type=normal)): 53
[t=6.97819s, 152616 KB] g=20, 156 evaluated, 3 expanded
[t=7.07801s, 152616 KB] New best heuristic value for operatorcounting(constraint_generators=[pho_constraints(patterns=systematic(2))],use_integer_operator_counts=false,transform=adapt_costs(cost_type=normal)): 52
[t=7.07801s, 152616 KB] g=26, 227 evaluated, 4 expanded
Peak memory: 259140 KB
caught signal 24 -- exiting
Time limit has been reached.
Remove intermediate file output.sas
search exit code: 23

Driver aborting after search
INFO     Planner time: 1796.53s
