INFO     planner time limit: 1800s
INFO     planner memory limit: 2048 MB

INFO     Running translator.
INFO     translator stdin: None
INFO     translator time limit: 1799s
INFO     translator memory limit: 2048 MB
INFO     translator command line string: /home/henry/Documents/UFRGS/TCC/downward/.venv/bin/python /home/henry/Documents/UFRGS/TCC/downward/experiments/lab/data/main/code-5bb2ccb6957559b6969ffd7e29254c73f84d5e49_e5e41175/builds/release/bin/translate/translate.py domain.pddl problem.pddl --sas-file output.sas
Parsing...
Parsing: [0.000s CPU, 0.001s wall-clock]
Normalizing task... [0.000s CPU, 0.000s wall-clock]
Instantiating...
Generating Datalog program... [0.000s CPU, 0.000s wall-clock]
Normalizing Datalog program...
Normalizing Datalog program: [0.010s CPU, 0.001s wall-clock]
Preparing model... [0.000s CPU, 0.001s wall-clock]
Generated 32 rules.
Computing model... [0.550s CPU, 0.556s wall-clock]
93947 relevant atoms
7380 auxiliary atoms
101327 final queue length
304222 total queue pushes
Completing instantiation... [3.450s CPU, 3.446s wall-clock]
Instantiating: [4.030s CPU, 4.024s wall-clock]
Computing fact groups...
Finding invariants...
12 initial candidates
Finding invariants: [0.000s CPU, 0.008s wall-clock]
Checking invariant weight... [0.000s CPU, 0.000s wall-clock]
Instantiating groups... [0.010s CPU, 0.006s wall-clock]
Collecting mutex groups... [0.000s CPU, 0.001s wall-clock]
Choosing groups...
86 uncovered facts
Choosing groups: [0.010s CPU, 0.005s wall-clock]
Building translation key... [0.000s CPU, 0.001s wall-clock]
Computing fact groups: [0.020s CPU, 0.028s wall-clock]
Building STRIPS to SAS dictionary... [0.000s CPU, 0.001s wall-clock]
Building dictionary for full mutex groups... [0.010s CPU, 0.002s wall-clock]
Building mutex information...
Building mutex information: [0.000s CPU, 0.001s wall-clock]
Translating task...
Processing axioms...
Simplifying axioms... [0.000s CPU, 0.000s wall-clock]
Translator axioms removed by simplifying: 0
Computing negative axioms... [0.000s CPU, 0.000s wall-clock]
Processing axioms: [0.120s CPU, 0.122s wall-clock]
Translating task: [3.710s CPU, 3.719s wall-clock]
109242 effect conditions simplified
0 implied preconditions added
Detecting unreachable propositions...
0 operators removed
0 axioms removed
34 propositions removed
Detecting unreachable propositions: [1.970s CPU, 1.973s wall-clock]
Reordering and filtering variables...
120 of 120 variables necessary.
52 of 86 mutex groups necessary.
88434 of 88434 operators necessary.
0 of 0 axiom rules necessary.
Reordering and filtering variables: [0.540s CPU, 0.537s wall-clock]
Translator variables: 120
Translator derived variables: 0
Translator facts: 1940
Translator goal facts: 34
Translator mutex groups: 52
Translator total mutex groups size: 1820
Translator operators: 88434
Translator axioms: 0
Translator task size: 720056
Translator peak memory: 456164 KB
Writing output... [0.530s CPU, 0.555s wall-clock]
Done! [10.990s CPU, 11.022s wall-clock]
translate exit code: 0

INFO     Running search (release).
INFO     search stdin: output.sas
INFO     search time limit: 1788s
INFO     search memory limit: 2048 MB
INFO     search command line string: /home/henry/Documents/UFRGS/TCC/downward/experiments/lab/data/main/code-5bb2ccb6957559b6969ffd7e29254c73f84d5e49_e5e41175/builds/release/bin/downward --search 'eager_greedy([ff(transform=adapt_costs(cost_type=ONE))])' --internal-plan-file sas_plan < output.sas
[t=0s, 10544 KB] reading input...
[t=0.349897s, 44048 KB] done reading input!
[t=0.381879s, 65116 KB] Simplifying 306306 unary operators... done! [306306 unary operators]
[t=1.00932s, 92056 KB] time to simplify: 0.627444s
[t=1.01331s, 92056 KB] Initializing additive heuristic...
[t=1.01331s, 92056 KB] Initializing FF heuristic...
[t=1.01331s, 92056 KB] Building successor generator...done!
[t=1.03729s, 92056 KB] peak memory difference for successor generator creation: 0 KB
[t=1.03729s, 92056 KB] time for successor generation creation: 0.0239766s
[t=1.04129s, 92056 KB] Variables: 120
[t=1.04129s, 92056 KB] FactPairs: 1940
[t=1.04129s, 92056 KB] Bytes per state: 40
[t=1.04129s, 92056 KB] Conducting best first search without reopening closed nodes, (real) bound = 2147483647
[t=1.04528s, 92056 KB] New best heuristic value for ff(transform=adapt_costs(cost_type=one)): 68
[t=1.04528s, 92056 KB] g=0, 1 evaluated, 0 expanded
[t=1.04528s, 92056 KB] Initial heuristic value for ff(transform=adapt_costs(cost_type=one)): 68
[t=1.04528s, 92056 KB] pruning method: none
[t=1.55675s, 92056 KB] New best heuristic value for ff(transform=adapt_costs(cost_type=one)): 67
[t=1.55675s, 92056 KB] g=3, 75 evaluated, 4 expanded
[t=3.7104s, 92056 KB] New best heuristic value for ff(transform=adapt_costs(cost_type=one)): 66
[t=3.7104s, 92056 KB] g=5, 390 evaluated, 18 expanded
[t=4.86082s, 92056 KB] New best heuristic value for ff(transform=adapt_costs(cost_type=one)): 64
[t=4.86082s, 92056 KB] g=8, 542 evaluated, 24 expanded
[t=8.20458s, 92056 KB] New best heuristic value for ff(transform=adapt_costs(cost_type=one)): 63
[t=8.20458s, 92056 KB] g=14, 981 evaluated, 44 expanded
[t=8.6241s, 92056 KB] New best heuristic value for ff(transform=adapt_costs(cost_type=one)): 62
[t=8.6241s, 92056 KB] g=15, 1038 evaluated, 46 expanded
[t=9.1434s, 92056 KB] New best heuristic value for ff(transform=adapt_costs(cost_type=one)): 60
[t=9.1434s, 92056 KB] g=17, 1107 evaluated, 49 expanded
[t=9.43103s, 92056 KB] New best heuristic value for ff(transform=adapt_costs(cost_type=one)): 59
[t=9.43103s, 92056 KB] g=19, 1146 evaluated, 51 expanded
[t=9.87443s, 92056 KB] New best heuristic value for ff(transform=adapt_costs(cost_type=one)): 58
[t=9.87443s, 92056 KB] g=20, 1205 evaluated, 53 expanded
[t=13.0025s, 92056 KB] New best heuristic value for ff(transform=adapt_costs(cost_type=one)): 57
[t=13.0025s, 92056 KB] g=22, 1623 evaluated, 71 expanded
[t=13.2702s, 92056 KB] New best heuristic value for ff(transform=adapt_costs(cost_type=one)): 56
[t=13.2702s, 92056 KB] g=23, 1658 evaluated, 73 expanded
[t=13.2981s, 92056 KB] New best heuristic value for ff(transform=adapt_costs(cost_type=one)): 54
[t=13.2981s, 92056 KB] g=23, 1662 evaluated, 73 expanded
[t=14.5608s, 92056 KB] New best heuristic value for ff(transform=adapt_costs(cost_type=one)): 51
[t=14.5608s, 92056 KB] g=25, 1834 evaluated, 80 expanded
[t=14.7406s, 92056 KB] New best heuristic value for ff(transform=adapt_costs(cost_type=one)): 50
[t=14.7446s, 92056 KB] g=26, 1859 evaluated, 81 expanded
[t=17.3974s, 92056 KB] New best heuristic value for ff(transform=adapt_costs(cost_type=one)): 49
[t=17.3974s, 92056 KB] g=29, 2238 evaluated, 93 expanded
[t=17.4214s, 92056 KB] New best heuristic value for ff(transform=adapt_costs(cost_type=one)): 47
[t=17.4214s, 92056 KB] g=29, 2241 evaluated, 93 expanded
[t=19.1157s, 92056 KB] New best heuristic value for ff(transform=adapt_costs(cost_type=one)): 46
[t=19.1157s, 92056 KB] g=32, 2483 evaluated, 101 expanded
[t=21.0057s, 92056 KB] New best heuristic value for ff(transform=adapt_costs(cost_type=one)): 45
[t=21.0057s, 92056 KB] g=34, 2754 evaluated, 111 expanded
[t=21.9926s, 92056 KB] New best heuristic value for ff(transform=adapt_costs(cost_type=one)): 43
[t=21.9926s, 92056 KB] g=36, 2895 evaluated, 116 expanded
[t=22.1204s, 92056 KB] New best heuristic value for ff(transform=adapt_costs(cost_type=one)): 42
[t=22.1204s, 92056 KB] g=37, 2913 evaluated, 117 expanded
[t=22.596s, 92056 KB] New best heuristic value for ff(transform=adapt_costs(cost_type=one)): 41
[t=22.596s, 92056 KB] g=38, 2981 evaluated, 119 expanded
[t=22.6598s, 92056 KB] New best heuristic value for ff(transform=adapt_costs(cost_type=one)): 40
[t=22.6598s, 92056 KB] g=38, 2990 evaluated, 119 expanded
[t=22.8356s, 92056 KB] New best heuristic value for ff(transform=adapt_costs(cost_type=one)): 39
[t=22.8356s, 92056 KB] g=39, 3015 evaluated, 120 expanded
[t=23.1912s, 92056 KB] New best heuristic value for ff(transform=adapt_costs(cost_type=one)): 38
[t=23.1912s, 92056 KB] g=40, 3065 evaluated, 121 expanded
[t=23.7547s, 92056 KB] New best heuristic value for ff(transform=adapt_costs(cost_type=one)): 36
[t=23.7547s, 92056 KB] g=41, 3145 evaluated, 123 expanded
[t=23.9425s, 92056 KB] New best heuristic value for ff(transform=adapt_costs(cost_type=one)): 34
[t=23.9425s, 92056 KB] g=42, 3172 evaluated, 124 expanded
[t=24.6057s, 92056 KB] New best heuristic value for ff(transform=adapt_costs(cost_type=one)): 33
[t=24.6057s, 92056 KB] g=44, 3267 evaluated, 127 expanded
[t=27.9622s, 92056 KB] New best heuristic value for ff(transform=adapt_costs(cost_type=one)): 32
[t=27.9622s, 92056 KB] g=46, 3747 evaluated, 142 expanded
[t=28.4098s, 92056 KB] New best heuristic value for ff(transform=adapt_costs(cost_type=one)): 31
[t=28.4098s, 92056 KB] g=48, 3811 evaluated, 144 expanded
[t=28.6295s, 92056 KB] New best heuristic value for ff(transform=adapt_costs(cost_type=one)): 29
[t=28.6295s, 92056 KB] g=49, 3842 evaluated, 145 expanded
[t=29.2489s, 92056 KB] New best heuristic value for ff(transform=adapt_costs(cost_type=one)): 28
[t=29.2489s, 92056 KB] g=51, 3931 evaluated, 148 expanded
[t=104.14s, 92056 KB] New best heuristic value for ff(transform=adapt_costs(cost_type=one)): 27
[t=104.14s, 92056 KB] g=53, 14607 evaluated, 471 expanded
[t=225.724s, 92056 KB] New best heuristic value for ff(transform=adapt_costs(cost_type=one)): 26
[t=225.724s, 92056 KB] g=54, 35670 evaluated, 1229 expanded
[t=1319.3s, 92056 KB] New best heuristic value for ff(transform=adapt_costs(cost_type=one)): 25
[t=1319.3s, 92056 KB] g=61, 242401 evaluated, 9060 expanded
[t=1319.57s, 92056 KB] New best heuristic value for ff(transform=adapt_costs(cost_type=one)): 24
[t=1319.57s, 92056 KB] g=64, 242460 evaluated, 9063 expanded
[t=1319.79s, 92056 KB] New best heuristic value for ff(transform=adapt_costs(cost_type=one)): 23
[t=1319.79s, 92056 KB] g=65, 242508 evaluated, 9065 expanded
[t=1319.8s, 92056 KB] New best heuristic value for ff(transform=adapt_costs(cost_type=one)): 22
[t=1319.8s, 92056 KB] g=65, 242511 evaluated, 9065 expanded
[t=1320.04s, 92056 KB] New best heuristic value for ff(transform=adapt_costs(cost_type=one)): 21
[t=1320.04s, 92056 KB] g=67, 242560 evaluated, 9067 expanded
[t=1371.17s, 92056 KB] New best heuristic value for ff(transform=adapt_costs(cost_type=one)): 20
[t=1371.17s, 92056 KB] g=70, 253602 evaluated, 9475 expanded
[t=1751.84s, 94900 KB] New best heuristic value for ff(transform=adapt_costs(cost_type=one)): 19
[t=1751.84s, 94900 KB] g=73, 330672 evaluated, 12343 expanded
[t=1752.02s, 94900 KB] New best heuristic value for ff(transform=adapt_costs(cost_type=one)): 18
[t=1752.02s, 94900 KB] g=75, 330711 evaluated, 12345 expanded
[t=1752.15s, 94900 KB] New best heuristic value for ff(transform=adapt_costs(cost_type=one)): 17
[t=1752.15s, 94900 KB] g=76, 330739 evaluated, 12346 expanded
[t=1752.26s, 94900 KB] New best heuristic value for ff(transform=adapt_costs(cost_type=one)): 16
[t=1752.26s, 94900 KB] g=77, 330762 evaluated, 12347 expanded
[t=1752.39s, 94900 KB] New best heuristic value for ff(transform=adapt_costs(cost_type=one)): 14
[t=1752.39s, 94900 KB] g=78, 330789 evaluated, 12348 expanded
[t=1752.56s, 94900 KB] New best heuristic value for ff(transform=adapt_costs(cost_type=one)): 13
[t=1752.56s, 94900 KB] g=79, 330825 evaluated, 12349 expanded
[t=1752.71s, 94900 KB] New best heuristic value for ff(transform=adapt_costs(cost_type=one)): 12
[t=1752.71s, 94900 KB] g=80, 330859 evaluated, 12350 expanded
[t=1781.61s, 95308 KB] New best heuristic value for ff(transform=adapt_costs(cost_type=one)): 11
[t=1781.61s, 95308 KB] g=84, 337080 evaluated, 12582 expanded
Peak memory: 95308 KB
caught signal 24 -- exiting
Time limit has been reached.
Remove intermediate file output.sas
search exit code: 23

Driver aborting after search
INFO     Planner time: 1797.63s
