INFO     planner time limit: 1800s
INFO     planner memory limit: 2048 MB

INFO     Running translator.
INFO     translator stdin: None
INFO     translator time limit: 1799s
INFO     translator memory limit: 2048 MB
INFO     translator command line string: /home/henry/Documents/UFRGS/TCC/downward/.venv/bin/python /home/henry/Documents/UFRGS/TCC/downward/experiments/lab/data/main/code-5bb2ccb6957559b6969ffd7e29254c73f84d5e49_e5e41175/builds/release/bin/translate/translate.py domain.pddl problem.pddl --sas-file output.sas
Parsing...
Parsing: [0.040s CPU, 0.044s wall-clock]
Normalizing task... [0.020s CPU, 0.007s wall-clock]
Instantiating...
Generating Datalog program... [0.010s CPU, 0.011s wall-clock]
Normalizing Datalog program...
Normalizing Datalog program: [0.030s CPU, 0.028s wall-clock]
Preparing model... [0.040s CPU, 0.043s wall-clock]
Generated 1772 rules.
Computing model... [2.890s CPU, 2.904s wall-clock]
101585 relevant atoms
146742 auxiliary atoms
248327 final queue length
441487 total queue pushes
Completing instantiation... [5.230s CPU, 5.228s wall-clock]
Instantiating: [8.330s CPU, 8.345s wall-clock]
Computing fact groups...
Finding invariants...
12 initial candidates
Finding invariants: [0.070s CPU, 0.074s wall-clock]
Checking invariant weight... [0.010s CPU, 0.006s wall-clock]
Instantiating groups... [0.000s CPU, 0.003s wall-clock]
Collecting mutex groups... [0.010s CPU, 0.001s wall-clock]
Choosing groups...
0 uncovered facts
Choosing groups: [0.000s CPU, 0.003s wall-clock]
Building translation key... [0.000s CPU, 0.001s wall-clock]
Computing fact groups: [0.090s CPU, 0.096s wall-clock]
Building STRIPS to SAS dictionary... [0.000s CPU, 0.001s wall-clock]
Building dictionary for full mutex groups... [0.000s CPU, 0.002s wall-clock]
Building mutex information...
Building mutex information: [0.000s CPU, 0.001s wall-clock]
Translating task...
Processing axioms...
Simplifying axioms... [0.000s CPU, 0.000s wall-clock]
Translator axioms removed by simplifying: 0
Computing negative axioms... [0.000s CPU, 0.000s wall-clock]
Processing axioms: [0.170s CPU, 0.168s wall-clock]
Translating task: [3.490s CPU, 3.483s wall-clock]
0 effect conditions simplified
0 implied preconditions added
Detecting unreachable propositions...
0 operators removed
0 axioms removed
441 propositions removed
Detecting unreachable propositions: [2.500s CPU, 2.511s wall-clock]
Reordering and filtering variables...
441 of 441 variables necessary.
0 of 661 mutex groups necessary.
97240 of 97240 operators necessary.
0 of 0 axiom rules necessary.
Reordering and filtering variables: [0.450s CPU, 0.450s wall-clock]
Translator variables: 441
Translator derived variables: 0
Translator facts: 1321
Translator goal facts: 220
Translator mutex groups: 0
Translator total mutex groups size: 0
Translator operators: 97240
Translator axioms: 0
Translator task size: 668522
Translator peak memory: 439164 KB
Writing output... [0.520s CPU, 0.533s wall-clock]
Done! [15.690s CPU, 15.719s wall-clock]
translate exit code: 0

INFO     Running search (release).
INFO     search stdin: output.sas
INFO     search time limit: 1784s
INFO     search memory limit: 2048 MB
INFO     search command line string: /home/henry/Documents/UFRGS/TCC/downward/experiments/lab/data/main/code-5bb2ccb6957559b6969ffd7e29254c73f84d5e49_e5e41175/builds/release/bin/downward --search 'eager_greedy([operatorcounting(constraint_generators=[pho_constraints(patterns=systematic(2))], use_integer_operator_counts=false, transform=adapt_costs(cost_type=ONE))])' --internal-plan-file sas_plan < output.sas
[t=0s, 45596 KB] reading input...
[t=0.287644s, 72272 KB] done reading input!
[t=0.291358s, 78800 KB] Generating patterns using: systematic pattern collection generator
[t=0.291358s, 78800 KB] building causal graph...done! [t=0.0239512s]
[t=0.31531s, 78800 KB] Found 1260 SGA patterns.
[t=0.31531s, 78800 KB] Found 1260 interesting patterns.
[t=0.31531s, 78800 KB] systematic pattern collection generator number of patterns: 1260
[t=0.31531s, 78800 KB] systematic pattern collection generator total PDB size: 151440
[t=0.31531s, 78800 KB] systematic pattern collection generator computation time: 0.0239512s
[t=0.31531s, 78800 KB] Computing PDBs for pattern collection...
[t=19.6908s, 91532 KB] Done computing PDBs for pattern collection: 19.3755s
[t=23.7421s, 942536 KB] Building successor generator...done!
[t=23.7701s, 942536 KB] peak memory difference for successor generator creation: 0 KB
[t=23.7701s, 942536 KB] time for successor generation creation: 0.0279833s
[t=23.7701s, 942536 KB] Variables: 441
[t=23.7701s, 942536 KB] FactPairs: 1321
[t=23.7701s, 942536 KB] Bytes per state: 84
[t=23.7701s, 942536 KB] Conducting best first search without reopening closed nodes, (real) bound = 2147483647
[t=24.7481s, 1409096 KB] New best heuristic value for operatorcounting(constraint_generators=[pho_constraints(patterns=systematic(2))],use_integer_operator_counts=false,transform=adapt_costs(cost_type=one)): 654
[t=24.7481s, 1409096 KB] g=0, 1 evaluated, 0 expanded
[t=24.7481s, 1409096 KB] Initial heuristic value for operatorcounting(constraint_generators=[pho_constraints(patterns=systematic(2))],use_integer_operator_counts=false,transform=adapt_costs(cost_type=one)): 654
[t=24.7481s, 1409096 KB] pruning method: none
[t=25.5352s, 1409096 KB] New best heuristic value for operatorcounting(constraint_generators=[pho_constraints(patterns=systematic(2))],use_integer_operator_counts=false,transform=adapt_costs(cost_type=one)): 653
[t=25.5352s, 1409096 KB] g=1, 4 evaluated, 2 expanded
[t=85.9047s, 1409096 KB] New best heuristic value for operatorcounting(constraint_generators=[pho_constraints(patterns=systematic(2))],use_integer_operator_counts=false,transform=adapt_costs(cost_type=one)): 652
[t=85.9047s, 1409096 KB] g=1, 238 evaluated, 17 expanded
[t=86.4639s, 1409096 KB] New best heuristic value for operatorcounting(constraint_generators=[pho_constraints(patterns=systematic(2))],use_integer_operator_counts=false,transform=adapt_costs(cost_type=one)): 651
[t=86.4639s, 1409096 KB] g=1, 240 evaluated, 18 expanded
[t=87.231s, 1409096 KB] New best heuristic value for operatorcounting(constraint_generators=[pho_constraints(patterns=systematic(2))],use_integer_operator_counts=false,transform=adapt_costs(cost_type=one)): 650
[t=87.231s, 1409096 KB] g=1, 243 evaluated, 19 expanded
[t=147.179s, 1409096 KB] New best heuristic value for operatorcounting(constraint_generators=[pho_constraints(patterns=systematic(2))],use_integer_operator_counts=false,transform=adapt_costs(cost_type=one)): 649
[t=147.179s, 1409096 KB] g=1, 479 evaluated, 37 expanded
[t=147.642s, 1409096 KB] New best heuristic value for operatorcounting(constraint_generators=[pho_constraints(patterns=systematic(2))],use_integer_operator_counts=false,transform=adapt_costs(cost_type=one)): 648
[t=147.642s, 1409096 KB] g=1, 481 evaluated, 38 expanded
[t=148.353s, 1409096 KB] New best heuristic value for operatorcounting(constraint_generators=[pho_constraints(patterns=systematic(2))],use_integer_operator_counts=false,transform=adapt_costs(cost_type=one)): 647
[t=148.353s, 1409096 KB] g=1, 484 evaluated, 39 expanded
[t=264.917s, 1409096 KB] New best heuristic value for operatorcounting(constraint_generators=[pho_constraints(patterns=systematic(2))],use_integer_operator_counts=false,transform=adapt_costs(cost_type=one)): 646
[t=264.917s, 1409096 KB] g=2, 941 evaluated, 258 expanded
[t=379.671s, 1409096 KB] New best heuristic value for operatorcounting(constraint_generators=[pho_constraints(patterns=systematic(2))],use_integer_operator_counts=false,transform=adapt_costs(cost_type=one)): 645
[t=379.671s, 1409096 KB] g=3, 1396 evaluated, 476 expanded
[t=492.844s, 1409096 KB] New best heuristic value for operatorcounting(constraint_generators=[pho_constraints(patterns=systematic(2))],use_integer_operator_counts=false,transform=adapt_costs(cost_type=one)): 644
[t=492.844s, 1409096 KB] g=4, 1849 evaluated, 693 expanded
[t=604.985s, 1409096 KB] New best heuristic value for operatorcounting(constraint_generators=[pho_constraints(patterns=systematic(2))],use_integer_operator_counts=false,transform=adapt_costs(cost_type=one)): 643
[t=604.985s, 1409096 KB] g=5, 2300 evaluated, 909 expanded
[t=718.654s, 1409096 KB] New best heuristic value for operatorcounting(constraint_generators=[pho_constraints(patterns=systematic(2))],use_integer_operator_counts=false,transform=adapt_costs(cost_type=one)): 642
[t=718.658s, 1409096 KB] g=6, 2749 evaluated, 1124 expanded
[t=828.413s, 1409096 KB] New best heuristic value for operatorcounting(constraint_generators=[pho_constraints(patterns=systematic(2))],use_integer_operator_counts=false,transform=adapt_costs(cost_type=one)): 641
[t=828.413s, 1409096 KB] g=7, 3196 evaluated, 1338 expanded
[t=914.792s, 1409096 KB] New best heuristic value for operatorcounting(constraint_generators=[pho_constraints(patterns=systematic(2))],use_integer_operator_counts=false,transform=adapt_costs(cost_type=one)): 640
[t=914.792s, 1409096 KB] g=7, 3530 evaluated, 1457 expanded
[t=915.315s, 1409096 KB] New best heuristic value for operatorcounting(constraint_generators=[pho_constraints(patterns=systematic(2))],use_integer_operator_counts=false,transform=adapt_costs(cost_type=one)): 639
[t=915.315s, 1409096 KB] g=7, 3532 evaluated, 1458 expanded
[t=916.091s, 1409096 KB] New best heuristic value for operatorcounting(constraint_generators=[pho_constraints(patterns=systematic(2))],use_integer_operator_counts=false,transform=adapt_costs(cost_type=one)): 638
[t=916.091s, 1409096 KB] g=7, 3535 evaluated, 1459 expanded
[t=1024.1s, 1409096 KB] New best heuristic value for operatorcounting(constraint_generators=[pho_constraints(patterns=systematic(2))],use_integer_operator_counts=false,transform=adapt_costs(cost_type=one)): 637
[t=1024.1s, 1409096 KB] g=8, 3978 evaluated, 1671 expanded
[t=1126.63s, 1409096 KB] New best heuristic value for operatorcounting(constraint_generators=[pho_constraints(patterns=systematic(2))],use_integer_operator_counts=false,transform=adapt_costs(cost_type=one)): 636
[t=1126.63s, 1409096 KB] g=9, 4419 evaluated, 1882 expanded
[t=1227.9s, 1409096 KB] New best heuristic value for operatorcounting(constraint_generators=[pho_constraints(patterns=systematic(2))],use_integer_operator_counts=false,transform=adapt_costs(cost_type=one)): 635
[t=1227.9s, 1409096 KB] g=10, 4858 evaluated, 2092 expanded
[t=1332.41s, 1409096 KB] New best heuristic value for operatorcounting(constraint_generators=[pho_constraints(patterns=systematic(2))],use_integer_operator_counts=false,transform=adapt_costs(cost_type=one)): 634
[t=1332.41s, 1409096 KB] g=11, 5295 evaluated, 2301 expanded
[t=1435.08s, 1409096 KB] New best heuristic value for operatorcounting(constraint_generators=[pho_constraints(patterns=systematic(2))],use_integer_operator_counts=false,transform=adapt_costs(cost_type=one)): 633
[t=1435.08s, 1409096 KB] g=12, 5730 evaluated, 2509 expanded
[t=1537.43s, 1409096 KB] New best heuristic value for operatorcounting(constraint_generators=[pho_constraints(patterns=systematic(2))],use_integer_operator_counts=false,transform=adapt_costs(cost_type=one)): 632
[t=1537.43s, 1409096 KB] g=13, 6163 evaluated, 2716 expanded
[t=1642.66s, 1409096 KB] New best heuristic value for operatorcounting(constraint_generators=[pho_constraints(patterns=systematic(2))],use_integer_operator_counts=false,transform=adapt_costs(cost_type=one)): 631
[t=1642.66s, 1409096 KB] g=14, 6594 evaluated, 2922 expanded
[t=1740.62s, 1409096 KB] New best heuristic value for operatorcounting(constraint_generators=[pho_constraints(patterns=systematic(2))],use_integer_operator_counts=false,transform=adapt_costs(cost_type=one)): 630
[t=1740.62s, 1409096 KB] g=15, 7023 evaluated, 3127 expanded
Peak memory: 1409096 KB
caught signal 24 -- exiting
Time limit has been reached.
Remove intermediate file output.sas
search exit code: 23

Driver aborting after search
INFO     Planner time: 1797.71s
