INFO     planner time limit: 1800s
INFO     planner memory limit: 2048 MB

INFO     Running translator.
INFO     translator stdin: None
INFO     translator time limit: 1799s
INFO     translator memory limit: 2048 MB
INFO     translator command line string: /home/henry/Documents/UFRGS/TCC/downward/.venv/bin/python /home/henry/Documents/UFRGS/TCC/downward/experiments/lab/data/main/code-5bb2ccb6957559b6969ffd7e29254c73f84d5e49_e5e41175/builds/release/bin/translate/translate.py domain.pddl problem.pddl --sas-file output.sas
Parsing...
Parsing: [0.010s CPU, 0.005s wall-clock]
Normalizing task... [0.000s CPU, 0.000s wall-clock]
Instantiating...
Generating Datalog program... [0.000s CPU, 0.001s wall-clock]
Normalizing Datalog program...
Normalizing Datalog program: [0.010s CPU, 0.005s wall-clock]
Preparing model... [0.000s CPU, 0.003s wall-clock]
Generated 350 rules.
Computing model... [0.020s CPU, 0.019s wall-clock]
1802 relevant atoms
2342 auxiliary atoms
4144 final queue length
6664 total queue pushes
Completing instantiation... [0.020s CPU, 0.026s wall-clock]
Instantiating: [0.050s CPU, 0.056s wall-clock]
Computing fact groups...
Finding invariants...
20 initial candidates
Finding invariants: [0.010s CPU, 0.005s wall-clock]
Checking invariant weight... [0.000s CPU, 0.000s wall-clock]
Instantiating groups... [0.000s CPU, 0.001s wall-clock]
Collecting mutex groups... [0.000s CPU, 0.000s wall-clock]
Choosing groups...
306 uncovered facts
Choosing groups: [0.000s CPU, 0.000s wall-clock]
Building translation key... [0.000s CPU, 0.001s wall-clock]
Computing fact groups: [0.010s CPU, 0.009s wall-clock]
Building STRIPS to SAS dictionary... [0.000s CPU, 0.000s wall-clock]
Building dictionary for full mutex groups... [0.000s CPU, 0.000s wall-clock]
Building mutex information...
Building mutex information: [0.000s CPU, 0.000s wall-clock]
Translating task...
Processing axioms...
Simplifying axioms... [0.000s CPU, 0.000s wall-clock]
Translator axioms removed by simplifying: 0
Computing negative axioms... [0.000s CPU, 0.000s wall-clock]
Processing axioms: [0.000s CPU, 0.002s wall-clock]
Translating task: [0.040s CPU, 0.030s wall-clock]
841 effect conditions simplified
0 implied preconditions added
Detecting unreachable propositions...
0 operators removed
0 axioms removed
12 propositions removed
Detecting unreachable propositions: [0.020s CPU, 0.019s wall-clock]
Reordering and filtering variables...
106 of 315 variables necessary.
0 of 10 mutex groups necessary.
1051 of 1051 operators necessary.
0 of 0 axiom rules necessary.
Reordering and filtering variables: [0.000s CPU, 0.007s wall-clock]
Translator variables: 106
Translator derived variables: 0
Translator facts: 402
Translator goal facts: 60
Translator mutex groups: 0
Translator total mutex groups size: 0
Translator operators: 1051
Translator axioms: 0
Translator task size: 7378
Translator peak memory: 37760 KB
Writing output... [0.000s CPU, 0.006s wall-clock]
Done! [0.140s CPU, 0.135s wall-clock]
translate exit code: 0

INFO     Running search (release).
INFO     search stdin: output.sas
INFO     search time limit: 1799s
INFO     search memory limit: 2048 MB
INFO     search command line string: /home/henry/Documents/UFRGS/TCC/downward/experiments/lab/data/main/code-5bb2ccb6957559b6969ffd7e29254c73f84d5e49_e5e41175/builds/release/bin/downward --search 'eager_greedy([operatorcounting(constraint_generators=[pho_constraints(patterns=systematic(2))], use_integer_operator_counts=false, transform=adapt_costs(cost_type=NORMAL))])' --internal-plan-file sas_plan < output.sas
[t=0s, 45596 KB] reading input...
[t=0.00397307s, 45908 KB] done reading input!
[t=0.00612766s, 46440 KB] Generating patterns using: systematic pattern collection generator
[t=0.00612766s, 46440 KB] building causal graph...done! [t=0s]
[t=0.00612766s, 46440 KB] Found 360 SGA patterns.
[t=0.00612766s, 46440 KB] Found 360 interesting patterns.
[t=0.00612766s, 46440 KB] systematic pattern collection generator number of patterns: 360
[t=0.00612766s, 46440 KB] systematic pattern collection generator total PDB size: 3942
[t=0.00612766s, 46440 KB] systematic pattern collection generator computation time: 0s
[t=0.00612766s, 46440 KB] Computing PDBs for pattern collection...
[t=0.0580967s, 46440 KB] Done computing PDBs for pattern collection: 0.051969s
[t=0.0620872s, 46892 KB] Building successor generator...done!
[t=0.0620872s, 46892 KB] peak memory difference for successor generator creation: 0 KB
[t=0.0620872s, 46892 KB] time for successor generation creation: 0s
[t=0.0620872s, 46892 KB] Variables: 106
[t=0.0620872s, 46892 KB] FactPairs: 402
[t=0.0620872s, 46892 KB] Bytes per state: 20
[t=0.0620872s, 46892 KB] Conducting best first search without reopening closed nodes, (real) bound = 2147483647
[t=0.0660921s, 47576 KB] New best heuristic value for operatorcounting(constraint_generators=[pho_constraints(patterns=systematic(2))],use_integer_operator_counts=false,transform=adapt_costs(cost_type=normal)): 2003691
[t=0.0660921s, 47576 KB] g=0, 1 evaluated, 0 expanded
[t=0.0660921s, 47576 KB] Initial heuristic value for operatorcounting(constraint_generators=[pho_constraints(patterns=systematic(2))],use_integer_operator_counts=false,transform=adapt_costs(cost_type=normal)): 2003691
[t=0.0660921s, 47576 KB] pruning method: none
[t=0.0660921s, 47628 KB] New best heuristic value for operatorcounting(constraint_generators=[pho_constraints(patterns=systematic(2))],use_integer_operator_counts=false,transform=adapt_costs(cost_type=normal)): 2003191
[t=0.0660921s, 47628 KB] g=899, 3 evaluated, 2 expanded
[t=0.0660921s, 47628 KB] New best heuristic value for operatorcounting(constraint_generators=[pho_constraints(patterns=systematic(2))],use_integer_operator_counts=false,transform=adapt_costs(cost_type=normal)): 2000103
[t=0.0660921s, 47628 KB] g=3588, 13 evaluated, 3 expanded
[t=0.0700828s, 47628 KB] New best heuristic value for operatorcounting(constraint_generators=[pho_constraints(patterns=systematic(2))],use_integer_operator_counts=false,transform=adapt_costs(cost_type=normal)): 1989213
[t=0.0700828s, 47628 KB] g=14478, 25 evaluated, 4 expanded
[t=0.0700828s, 47628 KB] New best heuristic value for operatorcounting(constraint_generators=[pho_constraints(patterns=systematic(2))],use_integer_operator_counts=false,transform=adapt_costs(cost_type=normal)): 1988713
[t=0.0700828s, 47628 KB] g=15377, 37 evaluated, 5 expanded
[t=0.0740829s, 47628 KB] New best heuristic value for operatorcounting(constraint_generators=[pho_constraints(patterns=systematic(2))],use_integer_operator_counts=false,transform=adapt_costs(cost_type=normal)): 1985625
[t=0.0740829s, 47628 KB] g=18066, 48 evaluated, 6 expanded
[t=0.0740829s, 47628 KB] New best heuristic value for operatorcounting(constraint_generators=[pho_constraints(patterns=systematic(2))],use_integer_operator_counts=false,transform=adapt_costs(cost_type=normal)): 1974735
[t=0.0740829s, 47628 KB] g=28956, 61 evaluated, 7 expanded
[t=0.0780883s, 47628 KB] New best heuristic value for operatorcounting(constraint_generators=[pho_constraints(patterns=systematic(2))],use_integer_operator_counts=false,transform=adapt_costs(cost_type=normal)): 1974235
[t=0.0780883s, 47628 KB] g=29855, 74 evaluated, 8 expanded
[t=0.0780883s, 47628 KB] New best heuristic value for operatorcounting(constraint_generators=[pho_constraints(patterns=systematic(2))],use_integer_operator_counts=false,transform=adapt_costs(cost_type=normal)): 1972646
[t=0.0780883s, 47628 KB] g=32544, 86 evaluated, 9 expanded
[t=0.0820776s, 47628 KB] New best heuristic value for operatorcounting(constraint_generators=[pho_constraints(patterns=systematic(2))],use_integer_operator_counts=false,transform=adapt_costs(cost_type=normal)): 1972146
[t=0.0820776s, 47628 KB] g=33443, 101 evaluated, 10 expanded
[t=0.0820776s, 47628 KB] New best heuristic value for operatorcounting(constraint_generators=[pho_constraints(patterns=systematic(2))],use_integer_operator_counts=false,transform=adapt_costs(cost_type=normal)): 1970557
[t=0.0820776s, 47628 KB] g=36132, 114 evaluated, 11 expanded
[t=0.0860774s, 47628 KB] New best heuristic value for operatorcounting(constraint_generators=[pho_constraints(patterns=systematic(2))],use_integer_operator_counts=false,transform=adapt_costs(cost_type=normal)): 1970057
[t=0.0860774s, 47628 KB] g=37031, 130 evaluated, 12 expanded
[t=0.0900836s, 47628 KB] New best heuristic value for operatorcounting(constraint_generators=[pho_constraints(patterns=systematic(2))],use_integer_operator_counts=false,transform=adapt_costs(cost_type=normal)): 1968468
[t=0.0900836s, 47628 KB] g=39720, 144 evaluated, 13 expanded
[t=0.0900836s, 47628 KB] New best heuristic value for operatorcounting(constraint_generators=[pho_constraints(patterns=systematic(2))],use_integer_operator_counts=false,transform=adapt_costs(cost_type=normal)): 1967968
[t=0.0900836s, 47628 KB] g=40619, 161 evaluated, 14 expanded
[t=0.0940719s, 47628 KB] New best heuristic value for operatorcounting(constraint_generators=[pho_constraints(patterns=systematic(2))],use_integer_operator_counts=false,transform=adapt_costs(cost_type=normal)): 1964880
[t=0.0940719s, 47628 KB] g=43308, 176 evaluated, 15 expanded
[t=0.0980588s, 47628 KB] New best heuristic value for operatorcounting(constraint_generators=[pho_constraints(patterns=systematic(2))],use_integer_operator_counts=false,transform=adapt_costs(cost_type=normal)): 1953990
[t=0.0980588s, 47628 KB] g=54198, 193 evaluated, 16 expanded
[t=0.0980588s, 47628 KB] New best heuristic value for operatorcounting(constraint_generators=[pho_constraints(patterns=systematic(2))],use_integer_operator_counts=false,transform=adapt_costs(cost_type=normal)): 1953490
[t=0.0980588s, 47628 KB] g=55097, 210 evaluated, 17 expanded
[t=0.102058s, 47628 KB] New best heuristic value for operatorcounting(constraint_generators=[pho_constraints(patterns=systematic(2))],use_integer_operator_counts=false,transform=adapt_costs(cost_type=normal)): 1951901
[t=0.102058s, 47628 KB] g=57786, 226 evaluated, 18 expanded
[t=0.106065s, 47628 KB] New best heuristic value for operatorcounting(constraint_generators=[pho_constraints(patterns=systematic(2))],use_integer_operator_counts=false,transform=adapt_costs(cost_type=normal)): 1951401
[t=0.106065s, 47628 KB] g=58685, 245 evaluated, 19 expanded
[t=0.110046s, 47628 KB] New best heuristic value for operatorcounting(constraint_generators=[pho_constraints(patterns=systematic(2))],use_integer_operator_counts=false,transform=adapt_costs(cost_type=normal)): 1950901
[t=0.110046s, 47628 KB] g=59185, 264 evaluated, 20 expanded
[t=0.114046s, 47628 KB] New best heuristic value for operatorcounting(constraint_generators=[pho_constraints(patterns=systematic(2))],use_integer_operator_counts=false,transform=adapt_costs(cost_type=normal)): 1949312
[t=0.114046s, 47628 KB] g=61874, 282 evaluated, 21 expanded
[t=0.114046s, 47628 KB] New best heuristic value for operatorcounting(constraint_generators=[pho_constraints(patterns=systematic(2))],use_integer_operator_counts=false,transform=adapt_costs(cost_type=normal)): 1948812
[t=0.114046s, 47628 KB] g=62773, 303 evaluated, 22 expanded
[t=0.118054s, 47628 KB] New best heuristic value for operatorcounting(constraint_generators=[pho_constraints(patterns=systematic(2))],use_integer_operator_counts=false,transform=adapt_costs(cost_type=normal)): 1947223
[t=0.118054s, 47628 KB] g=65462, 322 evaluated, 23 expanded
[t=0.126036s, 47628 KB] New best heuristic value for operatorcounting(constraint_generators=[pho_constraints(patterns=systematic(2))],use_integer_operator_counts=false,transform=adapt_costs(cost_type=normal)): 1935918
[t=0.126036s, 47628 KB] g=80355, 378 evaluated, 26 expanded
[t=0.150025s, 47628 KB] New best heuristic value for operatorcounting(constraint_generators=[pho_constraints(patterns=systematic(2))],use_integer_operator_counts=false,transform=adapt_costs(cost_type=normal)): 1857768
[t=0.150025s, 47628 KB] g=308741, 541 evaluated, 35 expanded
[t=0.154031s, 47628 KB] New best heuristic value for operatorcounting(constraint_generators=[pho_constraints(patterns=systematic(2))],use_integer_operator_counts=false,transform=adapt_costs(cost_type=normal)): 1778849
[t=0.154031s, 47628 KB] g=387660, 567 evaluated, 36 expanded
[t=0.15802s, 47764 KB] New best heuristic value for operatorcounting(constraint_generators=[pho_constraints(patterns=systematic(2))],use_integer_operator_counts=false,transform=adapt_costs(cost_type=normal)): 1775281
[t=0.15802s, 47764 KB] g=391228, 582 evaluated, 37 expanded
[t=0.15802s, 47764 KB] New best heuristic value for operatorcounting(constraint_generators=[pho_constraints(patterns=systematic(2))],use_integer_operator_counts=false,transform=adapt_costs(cost_type=normal)): 1764412
[t=0.15802s, 47764 KB] g=402097, 601 evaluated, 38 expanded
[t=0.162026s, 47764 KB] New best heuristic value for operatorcounting(constraint_generators=[pho_constraints(patterns=systematic(2))],use_integer_operator_counts=false,transform=adapt_costs(cost_type=normal)): 1753543
[t=0.162026s, 47764 KB] g=412966, 620 evaluated, 39 expanded
[t=0.166016s, 47764 KB] New best heuristic value for operatorcounting(constraint_generators=[pho_constraints(patterns=systematic(2))],use_integer_operator_counts=false,transform=adapt_costs(cost_type=normal)): 1750412
[t=0.166016s, 47764 KB] g=416097, 657 evaluated, 40 expanded
[t=0.170015s, 47764 KB] New best heuristic value for operatorcounting(constraint_generators=[pho_constraints(patterns=systematic(2))],use_integer_operator_counts=false,transform=adapt_costs(cost_type=normal)): 1739522
[t=0.170015s, 47764 KB] g=426987, 673 evaluated, 41 expanded
[t=0.182011s, 47764 KB] New best heuristic value for operatorcounting(constraint_generators=[pho_constraints(patterns=systematic(2))],use_integer_operator_counts=false,transform=adapt_costs(cost_type=normal)): 1646135
[t=0.182011s, 47764 KB] g=562541, 756 evaluated, 45 expanded
[t=0.182011s, 47764 KB] New best heuristic value for operatorcounting(constraint_generators=[pho_constraints(patterns=systematic(2))],use_integer_operator_counts=false,transform=adapt_costs(cost_type=normal)): 1618426
[t=0.182011s, 47764 KB] g=590250, 765 evaluated, 46 expanded
[t=0.186015s, 47764 KB] New best heuristic value for operatorcounting(constraint_generators=[pho_constraints(patterns=systematic(2))],use_integer_operator_counts=false,transform=adapt_costs(cost_type=normal)): 1607219
[t=0.186015s, 47764 KB] g=601457, 781 evaluated, 47 expanded
[t=0.190009s, 47764 KB] New best heuristic value for operatorcounting(constraint_generators=[pho_constraints(patterns=systematic(2))],use_integer_operator_counts=false,transform=adapt_costs(cost_type=normal)): 1603968
[t=0.190009s, 47764 KB] g=604708, 797 evaluated, 48 expanded
[t=0.202003s, 47764 KB] New best heuristic value for operatorcounting(constraint_generators=[pho_constraints(patterns=systematic(2))],use_integer_operator_counts=false,transform=adapt_costs(cost_type=normal)): 1510581
[t=0.202003s, 47764 KB] g=740262, 872 evaluated, 51 expanded
[t=0.202003s, 47764 KB] New best heuristic value for operatorcounting(constraint_generators=[pho_constraints(patterns=systematic(2))],use_integer_operator_counts=false,transform=adapt_costs(cost_type=normal)): 1482872
[t=0.202003s, 47764 KB] g=767971, 881 evaluated, 52 expanded
[t=0.205986s, 47764 KB] New best heuristic value for operatorcounting(constraint_generators=[pho_constraints(patterns=systematic(2))],use_integer_operator_counts=false,transform=adapt_costs(cost_type=normal)): 1471665
[t=0.205986s, 47764 KB] g=779178, 895 evaluated, 53 expanded
[t=0.205986s, 47764 KB] New best heuristic value for operatorcounting(constraint_generators=[pho_constraints(patterns=systematic(2))],use_integer_operator_counts=false,transform=adapt_costs(cost_type=normal)): 1468414
[t=0.205986s, 47764 KB] g=782429, 909 evaluated, 54 expanded
[t=0.217981s, 47764 KB] New best heuristic value for operatorcounting(constraint_generators=[pho_constraints(patterns=systematic(2))],use_integer_operator_counts=false,transform=adapt_costs(cost_type=normal)): 1375027
[t=0.217981s, 47764 KB] g=917983, 976 evaluated, 57 expanded
[t=0.217981s, 47764 KB] New best heuristic value for operatorcounting(constraint_generators=[pho_constraints(patterns=systematic(2))],use_integer_operator_counts=false,transform=adapt_costs(cost_type=normal)): 1347318
[t=0.217981s, 47764 KB] g=945692, 985 evaluated, 58 expanded
[t=0.221987s, 47764 KB] New best heuristic value for operatorcounting(constraint_generators=[pho_constraints(patterns=systematic(2))],use_integer_operator_counts=false,transform=adapt_costs(cost_type=normal)): 1336111
[t=0.221987s, 47764 KB] g=956899, 997 evaluated, 59 expanded
[t=0.221987s, 47764 KB] New best heuristic value for operatorcounting(constraint_generators=[pho_constraints(patterns=systematic(2))],use_integer_operator_counts=false,transform=adapt_costs(cost_type=normal)): 1332860
[t=0.221987s, 47764 KB] g=960150, 1009 evaluated, 60 expanded
[t=0.229989s, 47764 KB] New best heuristic value for operatorcounting(constraint_generators=[pho_constraints(patterns=systematic(2))],use_integer_operator_counts=false,transform=adapt_costs(cost_type=normal)): 1239473
[t=0.229989s, 47764 KB] g=1095704, 1068 evaluated, 63 expanded
[t=0.233969s, 47764 KB] New best heuristic value for operatorcounting(constraint_generators=[pho_constraints(patterns=systematic(2))],use_integer_operator_counts=false,transform=adapt_costs(cost_type=normal)): 1211764
[t=0.233969s, 47764 KB] g=1123413, 1077 evaluated, 64 expanded
[t=0.233969s, 47764 KB] New best heuristic value for operatorcounting(constraint_generators=[pho_constraints(patterns=systematic(2))],use_integer_operator_counts=false,transform=adapt_costs(cost_type=normal)): 1200557
[t=0.233969s, 47764 KB] g=1134620, 1089 evaluated, 65 expanded
[t=0.233969s, 47764 KB] New best heuristic value for operatorcounting(constraint_generators=[pho_constraints(patterns=systematic(2))],use_integer_operator_counts=false,transform=adapt_costs(cost_type=normal)): 1197306
[t=0.233969s, 47764 KB] g=1137871, 1097 evaluated, 66 expanded
[t=0.241972s, 47764 KB] New best heuristic value for operatorcounting(constraint_generators=[pho_constraints(patterns=systematic(2))],use_integer_operator_counts=false,transform=adapt_costs(cost_type=normal)): 1103919
[t=0.241972s, 47764 KB] g=1273425, 1148 evaluated, 69 expanded
[t=0.245964s, 47764 KB] New best heuristic value for operatorcounting(constraint_generators=[pho_constraints(patterns=systematic(2))],use_integer_operator_counts=false,transform=adapt_costs(cost_type=normal)): 1076210
[t=0.245964s, 47764 KB] g=1301134, 1157 evaluated, 70 expanded
[t=0.245964s, 47764 KB] New best heuristic value for operatorcounting(constraint_generators=[pho_constraints(patterns=systematic(2))],use_integer_operator_counts=false,transform=adapt_costs(cost_type=normal)): 1065003
[t=0.245964s, 47764 KB] g=1312341, 1169 evaluated, 71 expanded
[t=0.245964s, 47764 KB] New best heuristic value for operatorcounting(constraint_generators=[pho_constraints(patterns=systematic(2))],use_integer_operator_counts=false,transform=adapt_costs(cost_type=normal)): 1061752
[t=0.245964s, 47764 KB] g=1315592, 1173 evaluated, 72 expanded
[t=0.25397s, 47764 KB] New best heuristic value for operatorcounting(constraint_generators=[pho_constraints(patterns=systematic(2))],use_integer_operator_counts=false,transform=adapt_costs(cost_type=normal)): 968365
[t=0.25397s, 47764 KB] g=1451146, 1215 evaluated, 75 expanded
[t=0.25397s, 47764 KB] New best heuristic value for operatorcounting(constraint_generators=[pho_constraints(patterns=systematic(2))],use_integer_operator_counts=false,transform=adapt_costs(cost_type=normal)): 940656
[t=0.25397s, 47764 KB] g=1478855, 1225 evaluated, 76 expanded
[t=0.25397s, 47764 KB] New best heuristic value for operatorcounting(constraint_generators=[pho_constraints(patterns=systematic(2))],use_integer_operator_counts=false,transform=adapt_costs(cost_type=normal)): 929449
[t=0.25397s, 47764 KB] g=1490062, 1235 evaluated, 77 expanded
[t=0.257958s, 47764 KB] New best heuristic value for operatorcounting(constraint_generators=[pho_constraints(patterns=systematic(2))],use_integer_operator_counts=false,transform=adapt_costs(cost_type=normal)): 926198
[t=0.257958s, 47764 KB] g=1493313, 1237 evaluated, 78 expanded
[t=11.0055s, 51160 KB] New best heuristic value for operatorcounting(constraint_generators=[pho_constraints(patterns=systematic(2))],use_integer_operator_counts=false,transform=adapt_costs(cost_type=normal)): 780566
[t=11.0055s, 51160 KB] g=1722614, 55737 evaluated, 8301 expanded
[t=11.0055s, 51160 KB] New best heuristic value for operatorcounting(constraint_generators=[pho_constraints(patterns=systematic(2))],use_integer_operator_counts=false,transform=adapt_costs(cost_type=normal)): 701647
[t=11.0055s, 51160 KB] g=1801533, 55743 evaluated, 8302 expanded
[t=11.0095s, 51160 KB] New best heuristic value for operatorcounting(constraint_generators=[pho_constraints(patterns=systematic(2))],use_integer_operator_counts=false,transform=adapt_costs(cost_type=normal)): 698396
[t=11.0095s, 51160 KB] g=1804784, 55751 evaluated, 8303 expanded
[t=11.0095s, 51160 KB] New best heuristic value for operatorcounting(constraint_generators=[pho_constraints(patterns=systematic(2))],use_integer_operator_counts=false,transform=adapt_costs(cost_type=normal)): 696897
[t=11.0095s, 51160 KB] g=1806283, 55759 evaluated, 8304 expanded
[t=12.8922s, 52296 KB] New best heuristic value for operatorcounting(constraint_generators=[pho_constraints(patterns=systematic(2))],use_integer_operator_counts=false,transform=adapt_costs(cost_type=normal)): 551265
[t=12.8922s, 52296 KB] g=2035584, 68173 evaluated, 10875 expanded
[t=12.8922s, 52296 KB] New best heuristic value for operatorcounting(constraint_generators=[pho_constraints(patterns=systematic(2))],use_integer_operator_counts=false,transform=adapt_costs(cost_type=normal)): 472346
[t=12.8922s, 52296 KB] g=2114503, 68177 evaluated, 10876 expanded
[t=12.8922s, 52296 KB] New best heuristic value for operatorcounting(constraint_generators=[pho_constraints(patterns=systematic(2))],use_integer_operator_counts=false,transform=adapt_costs(cost_type=normal)): 469095
[t=12.8922s, 52296 KB] g=2117754, 68183 evaluated, 10877 expanded
[t=12.8922s, 52296 KB] New best heuristic value for operatorcounting(constraint_generators=[pho_constraints(patterns=systematic(2))],use_integer_operator_counts=false,transform=adapt_costs(cost_type=normal)): 467596
[t=12.8922s, 52296 KB] g=2119253, 68189 evaluated, 10878 expanded
[t=12.8922s, 52296 KB] New best heuristic value for operatorcounting(constraint_generators=[pho_constraints(patterns=systematic(2))],use_integer_operator_counts=false,transform=adapt_costs(cost_type=normal)): 466097
[t=12.8922s, 52296 KB] g=2120752, 68194 evaluated, 10879 expanded
[t=12.8962s, 52296 KB] New best heuristic value for operatorcounting(constraint_generators=[pho_constraints(patterns=systematic(2))],use_integer_operator_counts=false,transform=adapt_costs(cost_type=normal)): 464598
[t=12.8962s, 52296 KB] g=2122251, 68199 evaluated, 10880 expanded
[t=12.8962s, 52296 KB] New best heuristic value for operatorcounting(constraint_generators=[pho_constraints(patterns=systematic(2))],use_integer_operator_counts=false,transform=adapt_costs(cost_type=normal)): 463099
[t=12.8962s, 52296 KB] g=2123750, 68204 evaluated, 10881 expanded
[t=13.192s, 52588 KB] New best heuristic value for operatorcounting(constraint_generators=[pho_constraints(patterns=systematic(2))],use_integer_operator_counts=false,transform=adapt_costs(cost_type=normal)): 317467
[t=13.192s, 52588 KB] g=2353051, 70259 evaluated, 11519 expanded
[t=13.192s, 52588 KB] New best heuristic value for operatorcounting(constraint_generators=[pho_constraints(patterns=systematic(2))],use_integer_operator_counts=false,transform=adapt_costs(cost_type=normal)): 238548
[t=13.192s, 52588 KB] g=2431970, 70262 evaluated, 11520 expanded
[t=13.196s, 52588 KB] New best heuristic value for operatorcounting(constraint_generators=[pho_constraints(patterns=systematic(2))],use_integer_operator_counts=false,transform=adapt_costs(cost_type=normal)): 235297
[t=13.196s, 52588 KB] g=2435221, 70266 evaluated, 11521 expanded
[t=13.196s, 52588 KB] New best heuristic value for operatorcounting(constraint_generators=[pho_constraints(patterns=systematic(2))],use_integer_operator_counts=false,transform=adapt_costs(cost_type=normal)): 233798
[t=13.196s, 52588 KB] g=2436720, 70270 evaluated, 11522 expanded
[t=13.196s, 52588 KB] New best heuristic value for operatorcounting(constraint_generators=[pho_constraints(patterns=systematic(2))],use_integer_operator_counts=false,transform=adapt_costs(cost_type=normal)): 232299
[t=13.196s, 52588 KB] g=2438219, 70273 evaluated, 11523 expanded
[t=13.2399s, 52588 KB] New best heuristic value for operatorcounting(constraint_generators=[pho_constraints(patterns=systematic(2))],use_integer_operator_counts=false,transform=adapt_costs(cost_type=normal)): 86667
[t=13.2399s, 52588 KB] g=2667520, 70576 evaluated, 11650 expanded
[t=13.2399s, 52588 KB] New best heuristic value for operatorcounting(constraint_generators=[pho_constraints(patterns=systematic(2))],use_integer_operator_counts=false,transform=adapt_costs(cost_type=normal)): 7748
[t=13.2399s, 52588 KB] g=2746439, 70578 evaluated, 11651 expanded
[t=13.2399s, 52588 KB] New best heuristic value for operatorcounting(constraint_generators=[pho_constraints(patterns=systematic(2))],use_integer_operator_counts=false,transform=adapt_costs(cost_type=normal)): 4497
[t=13.2399s, 52588 KB] g=2749690, 70580 evaluated, 11652 expanded
[t=13.2399s, 52588 KB] New best heuristic value for operatorcounting(constraint_generators=[pho_constraints(patterns=systematic(2))],use_integer_operator_counts=false,transform=adapt_costs(cost_type=normal)): 2998
[t=13.2399s, 52588 KB] g=2751189, 70582 evaluated, 11653 expanded
[t=13.2399s, 52588 KB] New best heuristic value for operatorcounting(constraint_generators=[pho_constraints(patterns=systematic(2))],use_integer_operator_counts=false,transform=adapt_costs(cost_type=normal)): 1499
[t=13.2399s, 52588 KB] g=2752688, 70583 evaluated, 11654 expanded
[t=13.2399s, 52588 KB] New best heuristic value for operatorcounting(constraint_generators=[pho_constraints(patterns=systematic(2))],use_integer_operator_counts=false,transform=adapt_costs(cost_type=normal)): 0
[t=13.2399s, 52588 KB] g=2754187, 70584 evaluated, 11655 expanded
[t=13.2399s, 52588 KB] Solution found!
[t=13.2399s, 52588 KB] Actual search time: 13.1738s
initialize  (0)
fe1-feedmsi-letter sheet1 (500)
im1-movelower-letter sheet1 (3088)
lc1-fmove-letter sheet1 (10890)
fe1-feedmsi-letter sheet2 (500)
im1-movelower-letter sheet2 (3088)
lc1-fmove-letter sheet2 (10890)
fe1-feedmsi-letter sheet3 (500)
im1-movelower-letter sheet3 (3088)
fe1-feedmsi-letter sheet4 (500)
im1-movelower-letter sheet4 (3088)
fe1-feedmsi-letter sheet5 (500)
im1-movelower-letter sheet5 (3088)
fe1-feedmsi-letter sheet6 (500)
im1-movelower-letter sheet6 (3088)
lc1-fmove-letter sheet6 (10890)
fe1-feedmsi-letter sheet7 (500)
im1-movelower-letter sheet7 (3088)
fe1-feedmsi-letter sheet8 (500)
fe1-feedmsi-letter sheet9 (500)
im1-movelower-letter sheet9 (3088)
fe1-feedmsi-letter sheet10 (500)
im1-movelower-letter sheet10 (3088)
im1-movelower-letter sheet8 (3088)
lc1-fmove-letter sheet8 (10890)
lc2-divert-letter sheet8 back front (17452)
lre-simplex-letter sheet8 front image-8 (211849)
lc2-mergeinvert-letter sheet8 (78919)
om-lowerreturn-letter sheet8 (3568)
rh2-returnmove-letter sheet8 (10869)
rh1-returnmove-letter sheet8 (10869)
im1-looplower-letter sheet8 (3131)
lc1-fmove-letter sheet8 (10890)
lc1-divert-letter sheet3 back front (11805)
lbe-simplex-letter sheet3 front image-3 (123749)
lc1-merge-letter sheet3 (27709)
lc2-fmove-letter sheet3 (11207)
om-lowerout-letter sheet3 (3251)
lc1-divert-letter sheet4 back front (11805)
lbe-simplex-letter sheet4 front image-4 (123749)
lc1-merge-letter sheet4 (27709)
lc2-fmove-letter sheet4 (11207)
om-lowerout-letter sheet4 (3251)
lc1-divert-letter sheet5 back front (11805)
lbe-simplex-letter sheet5 front image-5 (123749)
lc1-merge-letter sheet5 (27709)
lc2-fmove-letter sheet5 (11207)
om-lowerout-letter sheet5 (3251)
lc1-divert-letter sheet7 back front (11805)
lbe-simplex-letter sheet7 front image-7 (123749)
lc1-merge-letter sheet7 (27709)
lc2-fmove-letter sheet7 (11207)
om-lowerout-letter sheet7 (3251)
lc1-divert-letter sheet9 back front (11805)
lbe-simplex-letter sheet9 front image-9 (123749)
lc1-merge-letter sheet9 (27709)
lc2-fmove-letter sheet9 (11207)
om-lowerout-letter sheet9 (3251)
lc1-divert-letter sheet10 back front (11805)
lbe-simplex-letter sheet10 front image-10 (123749)
lc1-merge-letter sheet10 (27709)
lc2-fmove-letter sheet10 (11207)
om-lowerout-letter sheet10 (3251)
lc2-divert-letter sheet1 back front (17452)
lre-simplex-letter sheet1 front image-1 (211849)
lc2-mergeinvert-letter sheet1 (78919)
om-lowerout-letter sheet1 (3251)
sys-stack-letter sheet1 dummy-sheet (1499)
lc2-divert-letter sheet2 back front (17452)
lre-simplex-letter sheet2 front image-2 (211849)
lc2-mergeinvert-letter sheet2 (78919)
om-lowerout-letter sheet2 (3251)
sys-stack-letter sheet2 sheet1 (1499)
sys-stack-letter sheet3 sheet2 (1499)
sys-stack-letter sheet4 sheet3 (1499)
sys-stack-letter sheet5 sheet4 (1499)
lc2-divert-letter sheet6 back front (17452)
lre-simplex-letter sheet6 front image-6 (211849)
lc2-mergeinvert-letter sheet6 (78919)
om-lowerout-letter sheet6 (3251)
sys-stack-letter sheet6 sheet5 (1499)
sys-stack-letter sheet7 sheet6 (1499)
lc2-divert-letter sheet8 front back (17452)
lre-simplex-letter sheet8 back image-8b (211849)
lc2-merge-letter sheet8 back front (78919)
om-lowerout-letter sheet8 (3251)
sys-stack-letter sheet8 sheet7 (1499)
sys-stack-letter sheet9 sheet8 (1499)
sys-stack-letter sheet10 sheet9 (1499)
[t=13.2399s, 52588 KB] Plan length: 89 step(s).
[t=13.2399s, 52588 KB] Plan cost: 2754187
[t=13.2399s, 52588 KB] Expanded 11656 state(s).
[t=13.2399s, 52588 KB] Reopened 0 state(s).
[t=13.2399s, 52588 KB] Evaluated 70584 state(s).
[t=13.2399s, 52588 KB] Evaluations: 70584
[t=13.2399s, 52588 KB] Generated 98594 state(s).
[t=13.2399s, 52588 KB] Dead ends: 2151 state(s).
[t=13.2399s, 52588 KB] Number of registered states: 70584
[t=13.2399s, 52588 KB] Int hash set load factor: 70584/131072 = 0.538513
[t=13.2399s, 52588 KB] Int hash set resizes: 17
[t=13.2399s, 52588 KB] Search time: 13.1778s
[t=13.2399s, 52588 KB] Total time: 13.2399s
Solution found.
Peak memory: 52588 KB
Remove intermediate file output.sas
search exit code: 0

INFO     Running validate.
INFO     validate stdin: None
INFO     validate time limit: None
INFO     validate memory limit: None
INFO     validate command line string: /home/henry/bin/validate domain.pddl problem.pddl sas_plan
Checking plan: sas_plan
Plan executed successfully - checking goal
Plan valid
Final value: 2754187 

Successful plans:
Value: 2754187
 sas_plan 2754187 

validate exit code: 0

INFO     Planner time: 13.44s
