INFO     planner time limit: 1800s
INFO     planner memory limit: 2048 MB

INFO     Running translator.
INFO     translator stdin: None
INFO     translator time limit: 1799s
INFO     translator memory limit: 2048 MB
INFO     translator command line string: /home/henry/Documents/UFRGS/TCC/downward/.venv/bin/python /home/henry/Documents/UFRGS/TCC/downward/experiments/lab/data/main/code-fa850d1cb8d716322f299a4f9b64478019793ada_e5e41175/builds/release/bin/translate/translate.py domain.pddl problem.pddl --sas-file output.sas
Parsing...
Parsing: [0.000s CPU, 0.001s wall-clock]
Normalizing task... [0.000s CPU, 0.000s wall-clock]
Instantiating...
Generating Datalog program... [0.000s CPU, 0.000s wall-clock]
Normalizing Datalog program...
Normalizing Datalog program: [0.000s CPU, 0.001s wall-clock]
Preparing model... [0.000s CPU, 0.000s wall-clock]
Generated 26 rules.
Computing model... [0.010s CPU, 0.004s wall-clock]
428 relevant atoms
466 auxiliary atoms
894 final queue length
1455 total queue pushes
Completing instantiation... [0.000s CPU, 0.007s wall-clock]
Instantiating: [0.010s CPU, 0.013s wall-clock]
Computing fact groups...
Finding invariants...
9 initial candidates
Finding invariants: [0.000s CPU, 0.001s wall-clock]
Checking invariant weight... [0.000s CPU, 0.000s wall-clock]
Instantiating groups... [0.000s CPU, 0.000s wall-clock]
Collecting mutex groups... [0.000s CPU, 0.000s wall-clock]
Choosing groups...
0 uncovered facts
Choosing groups: [0.000s CPU, 0.000s wall-clock]
Building translation key... [0.000s CPU, 0.000s wall-clock]
Computing fact groups: [0.000s CPU, 0.002s wall-clock]
Building STRIPS to SAS dictionary... [0.000s CPU, 0.000s wall-clock]
Building dictionary for full mutex groups... [0.000s CPU, 0.000s wall-clock]
Building mutex information...
Building mutex information: [0.000s CPU, 0.000s wall-clock]
Translating task...
Processing axioms...
Simplifying axioms... [0.000s CPU, 0.000s wall-clock]
Translator axioms removed by simplifying: 0
Computing negative axioms... [0.000s CPU, 0.000s wall-clock]
Processing axioms: [0.000s CPU, 0.000s wall-clock]
Translating task: [0.010s CPU, 0.008s wall-clock]
0 effect conditions simplified
0 implied preconditions added
Detecting unreachable propositions...
0 operators removed
0 axioms removed
7 propositions removed
Detecting unreachable propositions: [0.000s CPU, 0.004s wall-clock]
Reordering and filtering variables...
7 of 7 variables necessary.
0 of 7 mutex groups necessary.
312 of 312 operators necessary.
0 of 0 axiom rules necessary.
Reordering and filtering variables: [0.000s CPU, 0.002s wall-clock]
Translator variables: 7
Translator derived variables: 0
Translator facts: 46
Translator goal facts: 3
Translator mutex groups: 0
Translator total mutex groups size: 0
Translator operators: 312
Translator axioms: 0
Translator task size: 1856
Translator peak memory: 33140 KB
Writing output... [0.000s CPU, 0.002s wall-clock]
Done! [0.030s CPU, 0.034s wall-clock]
translate exit code: 0

INFO     Running search (release).
INFO     search stdin: output.sas
INFO     search time limit: 1799s
INFO     search memory limit: 2048 MB
INFO     search command line string: /home/henry/Documents/UFRGS/TCC/downward/experiments/lab/data/main/code-fa850d1cb8d716322f299a4f9b64478019793ada_e5e41175/builds/release/bin/downward --search 'eager_greedy([lsh(patterns=systematic(4), transform=adapt_costs(cost_type=NORMAL))])' --internal-plan-file sas_plan < output.sas
[t=0s, 45596 KB] reading input...
[t=0s, 45596 KB] done reading input!
[t=0.00398934s, 45992 KB] Generating patterns using: systematic pattern collection generator
[t=0.00398934s, 45992 KB] building causal graph...done! [t=0s]
[t=0.00398934s, 45992 KB] Found 68 SGA patterns.
[t=0.00398934s, 45992 KB] Found 79 interesting patterns.
[t=0.00398934s, 45992 KB] systematic pattern collection generator number of patterns: 79
[t=0.00398934s, 45992 KB] systematic pattern collection generator total PDB size: 70976
[t=0.00398934s, 45992 KB] systematic pattern collection generator computation time: 0s
[t=0.00398934s, 45992 KB] Computing PDBs for pattern collection...
[t=0.0239273s, 46240 KB] Done computing PDBs for pattern collection: 0.0199379s
[t=0.0239273s, 46460 KB] Building successor generator...done!
[t=0.0239273s, 46460 KB] peak memory difference for successor generator creation: 0 KB
[t=0.0239273s, 46460 KB] time for successor generation creation: 0s
[t=0.0239273s, 46460 KB] Variables: 7
[t=0.0239273s, 46460 KB] FactPairs: 46
[t=0.0239273s, 46460 KB] Bytes per state: 4
[t=0.0239273s, 46460 KB] Conducting best first search without reopening closed nodes, (real) bound = 2147483647
[t=0.0239273s, 46460 KB] New best heuristic value for lsh(patterns=systematic(4),transform=adapt_costs(cost_type=normal)): 608
[t=0.0239273s, 46460 KB] g=0, 1 evaluated, 0 expanded
[t=0.0239273s, 46460 KB] Initial heuristic value for lsh(patterns=systematic(4),transform=adapt_costs(cost_type=normal)): 608
[t=0.0239273s, 46460 KB] pruning method: none
[t=0.0239273s, 46460 KB] New best heuristic value for lsh(patterns=systematic(4),transform=adapt_costs(cost_type=normal)): 492
[t=0.0239273s, 46460 KB] g=166, 2 evaluated, 1 expanded
[t=0.0239273s, 46460 KB] New best heuristic value for lsh(patterns=systematic(4),transform=adapt_costs(cost_type=normal)): 487
[t=0.0239273s, 46460 KB] g=32, 6 evaluated, 1 expanded
[t=0.0239273s, 46460 KB] New best heuristic value for lsh(patterns=systematic(4),transform=adapt_costs(cost_type=normal)): 447
[t=0.0239273s, 46460 KB] g=198, 7 evaluated, 2 expanded
[t=0.0239273s, 46460 KB] New best heuristic value for lsh(patterns=systematic(4),transform=adapt_costs(cost_type=normal)): 440
[t=0.0239273s, 46460 KB] g=250, 31 evaluated, 7 expanded
[t=0.0239273s, 46460 KB] New best heuristic value for lsh(patterns=systematic(4),transform=adapt_costs(cost_type=normal)): 395
[t=0.0239273s, 46460 KB] g=416, 33 evaluated, 8 expanded
[t=0.0239273s, 46460 KB] New best heuristic value for lsh(patterns=systematic(4),transform=adapt_costs(cost_type=normal)): 394
[t=0.0239273s, 46460 KB] g=417, 40 evaluated, 9 expanded
[t=0.0239273s, 46460 KB] New best heuristic value for lsh(patterns=systematic(4),transform=adapt_costs(cost_type=normal)): 305
[t=0.0239273s, 46460 KB] g=582, 42 evaluated, 9 expanded
[t=0.0239273s, 46460 KB] New best heuristic value for lsh(patterns=systematic(4),transform=adapt_costs(cost_type=normal)): 274
[t=0.0239273s, 46460 KB] g=627, 44 evaluated, 10 expanded
[t=0.0239273s, 46460 KB] New best heuristic value for lsh(patterns=systematic(4),transform=adapt_costs(cost_type=normal)): 228
[t=0.0239273s, 46460 KB] g=583, 47 evaluated, 10 expanded
[t=0.0239273s, 46460 KB] New best heuristic value for lsh(patterns=systematic(4),transform=adapt_costs(cost_type=normal)): 227
[t=0.0239273s, 46460 KB] g=584, 55 evaluated, 11 expanded
[t=0.0239273s, 46460 KB] New best heuristic value for lsh(patterns=systematic(4),transform=adapt_costs(cost_type=normal)): 47
[t=0.0239273s, 46460 KB] g=750, 60 evaluated, 12 expanded
[t=0.0239273s, 46460 KB] New best heuristic value for lsh(patterns=systematic(4),transform=adapt_costs(cost_type=normal)): 46
[t=0.0239273s, 46460 KB] g=751, 68 evaluated, 13 expanded
[t=0.0239273s, 46460 KB] New best heuristic value for lsh(patterns=systematic(4),transform=adapt_costs(cost_type=normal)): 2
[t=0.0239273s, 46460 KB] g=795, 69 evaluated, 13 expanded
[t=0.0239273s, 46460 KB] New best heuristic value for lsh(patterns=systematic(4),transform=adapt_costs(cost_type=normal)): 1
[t=0.0239273s, 46460 KB] g=796, 75 evaluated, 14 expanded
[t=0.0239273s, 46460 KB] New best heuristic value for lsh(patterns=systematic(4),transform=adapt_costs(cost_type=normal)): 0
[t=0.0239273s, 46460 KB] g=797, 79 evaluated, 15 expanded
[t=0.0239273s, 46460 KB] Solution found!
[t=0.0239273s, 46460 KB] Actual search time: 0s
drive truck-1 city-3-loc-1 city-3-loc-2 (32)
pick-up truck-2 city-2-loc-2 package-1 capacity-3 capacity-4 (1)
pick-up truck-1 city-3-loc-2 package-3 capacity-1 capacity-2 (1)
drive truck-1 city-3-loc-2 city-2-loc-1 (186)
drive truck-1 city-2-loc-1 city-2-loc-2 (30)
drive truck-2 city-2-loc-2 city-1-loc-2 (166)
drive truck-1 city-2-loc-2 city-1-loc-2 (166)
pick-up truck-2 city-1-loc-2 package-2 capacity-2 capacity-3 (1)
drop truck-2 city-1-loc-2 package-1 capacity-2 capacity-3 (1)
drive truck-2 city-1-loc-2 city-2-loc-2 (166)
drive truck-1 city-1-loc-2 city-1-loc-1 (45)
drop truck-2 city-2-loc-2 package-2 capacity-3 capacity-4 (1)
drop truck-1 city-1-loc-1 package-3 capacity-1 capacity-2 (1)
[t=0.0239273s, 46460 KB] Plan length: 13 step(s).
[t=0.0239273s, 46460 KB] Plan cost: 797
[t=0.0239273s, 46460 KB] Expanded 16 state(s).
[t=0.0239273s, 46460 KB] Reopened 0 state(s).
[t=0.0239273s, 46460 KB] Evaluated 79 state(s).
[t=0.0239273s, 46460 KB] Evaluations: 79
[t=0.0239273s, 46460 KB] Generated 103 state(s).
[t=0.0239273s, 46460 KB] Dead ends: 0 state(s).
[t=0.0239273s, 46460 KB] Number of registered states: 79
[t=0.0239273s, 46460 KB] Int hash set load factor: 79/128 = 0.617188
[t=0.0239273s, 46460 KB] Int hash set resizes: 7
[t=0.0239273s, 46460 KB] Search time: 0s
[t=0.0239273s, 46460 KB] Total time: 0.0239273s
Solution found.
Peak memory: 46460 KB
Remove intermediate file output.sas
search exit code: 0

INFO     Running validate.
INFO     validate stdin: None
INFO     validate time limit: None
INFO     validate memory limit: None
INFO     validate command line string: /home/henry/bin/validate domain.pddl problem.pddl sas_plan
Checking plan: sas_plan
Plan executed successfully - checking goal
Plan valid
Final value: 797 

Successful plans:
Value: 797
 sas_plan 797 

validate exit code: 0

INFO     Planner time: 0.12s
