INFO     planner time limit: 1800s
INFO     planner memory limit: 2048 MB

INFO     Running translator.
INFO     translator stdin: None
INFO     translator time limit: 1799s
INFO     translator memory limit: 2048 MB
INFO     translator command line string: /home/henry/Documents/UFRGS/TCC/downward/.venv/bin/python /home/henry/Documents/UFRGS/TCC/downward/experiments/lab/data/main/code-5bb2ccb6957559b6969ffd7e29254c73f84d5e49_e5e41175/builds/release/bin/translate/translate.py domain.pddl problem.pddl --sas-file output.sas
Parsing...
Parsing: [0.010s CPU, 0.005s wall-clock]
Normalizing task... [0.000s CPU, 0.000s wall-clock]
Instantiating...
Generating Datalog program... [0.000s CPU, 0.001s wall-clock]
Normalizing Datalog program...
Normalizing Datalog program: [0.010s CPU, 0.007s wall-clock]
Preparing model... [0.000s CPU, 0.004s wall-clock]
Generated 350 rules.
Computing model... [0.030s CPU, 0.028s wall-clock]
2618 relevant atoms
2822 auxiliary atoms
5440 final queue length
9520 total queue pushes
Completing instantiation... [0.050s CPU, 0.051s wall-clock]
Instantiating: [0.090s CPU, 0.092s wall-clock]
Computing fact groups...
Finding invariants...
20 initial candidates
Finding invariants: [0.010s CPU, 0.007s wall-clock]
Checking invariant weight... [0.000s CPU, 0.000s wall-clock]
Instantiating groups... [0.000s CPU, 0.001s wall-clock]
Collecting mutex groups... [0.000s CPU, 0.000s wall-clock]
Choosing groups...
460 uncovered facts
Choosing groups: [0.000s CPU, 0.000s wall-clock]
Building translation key... [0.000s CPU, 0.001s wall-clock]
Computing fact groups: [0.010s CPU, 0.013s wall-clock]
Building STRIPS to SAS dictionary... [0.000s CPU, 0.000s wall-clock]
Building dictionary for full mutex groups... [0.000s CPU, 0.001s wall-clock]
Building mutex information...
Building mutex information: [0.010s CPU, 0.000s wall-clock]
Translating task...
Processing axioms...
Simplifying axioms... [0.000s CPU, 0.000s wall-clock]
Translator axioms removed by simplifying: 0
Computing negative axioms... [0.000s CPU, 0.000s wall-clock]
Processing axioms: [0.000s CPU, 0.002s wall-clock]
Translating task: [0.050s CPU, 0.055s wall-clock]
1393 effect conditions simplified
0 implied preconditions added
Detecting unreachable propositions...
0 operators removed
0 axioms removed
14 propositions removed
Detecting unreachable propositions: [0.020s CPU, 0.025s wall-clock]
Reordering and filtering variables...
126 of 471 variables necessary.
0 of 12 mutex groups necessary.
1645 of 1645 operators necessary.
0 of 0 axiom rules necessary.
Reordering and filtering variables: [0.020s CPU, 0.015s wall-clock]
Translator variables: 126
Translator derived variables: 0
Translator facts: 480
Translator goal facts: 72
Translator mutex groups: 0
Translator total mutex groups size: 0
Translator operators: 1645
Translator axioms: 0
Translator task size: 11544
Translator peak memory: 41396 KB
Writing output... [0.020s CPU, 0.012s wall-clock]
Done! [0.230s CPU, 0.222s wall-clock]
translate exit code: 0

INFO     Running search (release).
INFO     search stdin: output.sas
INFO     search time limit: 1799s
INFO     search memory limit: 2048 MB
INFO     search command line string: /home/henry/Documents/UFRGS/TCC/downward/experiments/lab/data/main/code-5bb2ccb6957559b6969ffd7e29254c73f84d5e49_e5e41175/builds/release/bin/downward --search 'eager_greedy([ilsh(patterns=systematic(2), transform=adapt_costs(cost_type=NORMAL))])' --internal-plan-file sas_plan < output.sas
[t=0s, 10544 KB] reading input...
[t=0.00398856s, 11096 KB] done reading input!
[t=0.00398856s, 11360 KB] Generating patterns using: systematic pattern collection generator
[t=0.00398856s, 11360 KB] building causal graph...done! [t=0.00399966s]
[t=0.00798822s, 11492 KB] Found 434 SGA patterns.
[t=0.00798822s, 11492 KB] Found 434 interesting patterns.
[t=0.00798822s, 11492 KB] systematic pattern collection generator number of patterns: 434
[t=0.00798822s, 11492 KB] systematic pattern collection generator total PDB size: 4746
[t=0.00798822s, 11492 KB] systematic pattern collection generator computation time: 0.00399966s
[t=0.00798822s, 11492 KB] Computing PDBs for pattern collection...
[t=0.0919579s, 11492 KB] Done computing PDBs for pattern collection: 0.0839697s
[t=0.103954s, 11788 KB] Tie breaking: 2
[t=0.103954s, 11788 KB] Building successor generator...done!
[t=0.103954s, 11920 KB] peak memory difference for successor generator creation: 132 KB
[t=0.103954s, 11920 KB] time for successor generation creation: 0s
[t=0.103954s, 11920 KB] Variables: 126
[t=0.103954s, 11920 KB] FactPairs: 480
[t=0.103954s, 11920 KB] Bytes per state: 24
[t=0.103954s, 11920 KB] Conducting best first search without reopening closed nodes, (real) bound = 2147483647
Remove intermediate file output.sas
search exit code: -8

Driver aborting after search
INFO     Planner time: 0.37s
