INFO     planner time limit: 1800s
INFO     planner memory limit: 2048 MB

INFO     Running translator.
INFO     translator stdin: None
INFO     translator time limit: 1799s
INFO     translator memory limit: 2048 MB
INFO     translator command line string: /home/henry/Documents/UFRGS/TCC/downward/.venv/bin/python /home/henry/Documents/UFRGS/TCC/downward/experiments/lab/data/main/code-5bb2ccb6957559b6969ffd7e29254c73f84d5e49_e5e41175/builds/release/bin/translate/translate.py domain.pddl problem.pddl --sas-file output.sas
Parsing...
Parsing: [0.010s CPU, 0.004s wall-clock]
Normalizing task... [0.000s CPU, 0.000s wall-clock]
Instantiating...
Generating Datalog program... [0.000s CPU, 0.001s wall-clock]
Normalizing Datalog program...
Trivial rules: Converted to facts.
Normalizing Datalog program: [0.000s CPU, 0.003s wall-clock]
Preparing model... [0.010s CPU, 0.003s wall-clock]
Generated 129 rules.
Computing model... [0.580s CPU, 0.595s wall-clock]
46464 relevant atoms
41850 auxiliary atoms
88314 final queue length
288740 total queue pushes
Completing instantiation... [2.430s CPU, 2.426s wall-clock]
Instantiating: [3.040s CPU, 3.047s wall-clock]
Computing fact groups...
Finding invariants...
28 initial candidates
Finding invariants: [0.010s CPU, 0.012s wall-clock]
Checking invariant weight... [0.000s CPU, 0.000s wall-clock]
Instantiating groups... [0.000s CPU, 0.002s wall-clock]
Collecting mutex groups... [0.000s CPU, 0.000s wall-clock]
Choosing groups...
675 uncovered facts
Choosing groups: [0.010s CPU, 0.001s wall-clock]
Building translation key... [0.000s CPU, 0.002s wall-clock]
Computing fact groups: [0.020s CPU, 0.023s wall-clock]
Building STRIPS to SAS dictionary... [0.000s CPU, 0.001s wall-clock]
Building dictionary for full mutex groups... [0.000s CPU, 0.001s wall-clock]
Building mutex information...
Building mutex information: [0.000s CPU, 0.000s wall-clock]
Translating task...
Processing axioms...
Simplifying axioms... [0.000s CPU, 0.000s wall-clock]
Translator axioms removed by simplifying: 0
Computing negative axioms... [0.000s CPU, 0.000s wall-clock]
Processing axioms: [0.160s CPU, 0.152s wall-clock]
Translating task: [3.080s CPU, 3.075s wall-clock]
68461 effect conditions simplified
0 implied preconditions added
Detecting unreachable propositions...
0 operators removed
0 axioms removed
49 propositions removed
Detecting unreachable propositions: [1.450s CPU, 1.449s wall-clock]
Reordering and filtering variables...
704 of 706 variables necessary.
0 of 37 mutex groups necessary.
44291 of 44291 operators necessary.
0 of 0 axiom rules necessary.
Reordering and filtering variables: [0.800s CPU, 0.804s wall-clock]
Translator variables: 704
Translator derived variables: 0
Translator facts: 2128
Translator goal facts: 44
Translator mutex groups: 0
Translator total mutex groups size: 0
Translator operators: 44291
Translator axioms: 0
Translator task size: 615131
Translator peak memory: 329536 KB
Writing output... [0.410s CPU, 0.407s wall-clock]
Done! [8.920s CPU, 8.923s wall-clock]
translate exit code: 0

INFO     Running search (release).
INFO     search stdin: output.sas
INFO     search time limit: 1790s
INFO     search memory limit: 2048 MB
INFO     search command line string: /home/henry/Documents/UFRGS/TCC/downward/experiments/lab/data/main/code-5bb2ccb6957559b6969ffd7e29254c73f84d5e49_e5e41175/builds/release/bin/downward --search 'eager_greedy([ilsh(patterns=systematic(2), transform=adapt_costs(cost_type=ONE))])' --internal-plan-file sas_plan < output.sas
[t=0s, 10544 KB] reading input...
[t=0.279776s, 32388 KB] done reading input!
[t=0.279776s, 32652 KB] Generating patterns using: systematic pattern collection generator
[t=0.279776s, 32652 KB] building causal graph...done! [t=0.18779s]
[t=0.519515s, 55680 KB] Found 4555 SGA patterns.
[t=0.627428s, 55680 KB] Found 4555 interesting patterns.
[t=0.627428s, 55680 KB] systematic pattern collection generator number of patterns: 4555
[t=0.627428s, 55680 KB] systematic pattern collection generator total PDB size: 151205
[t=0.627428s, 55680 KB] systematic pattern collection generator computation time: 0.347652s
[t=0.627428s, 55680 KB] Computing PDBs for pattern collection...
[t=42.3206s, 55680 KB] Done computing PDBs for pattern collection: 41.6932s
[t=52.1251s, 130472 KB] Tie breaking: 2
[t=52.1251s, 130472 KB] Building successor generator...done!
[t=52.1491s, 135688 KB] peak memory difference for successor generator creation: 5216 KB
[t=52.1491s, 135688 KB] time for successor generation creation: 0.0239924s
[t=52.1491s, 135688 KB] Variables: 704
[t=52.1491s, 135688 KB] FactPairs: 2128
[t=52.1491s, 135688 KB] Bytes per state: 108
[t=52.1491s, 135688 KB] Conducting best first search without reopening closed nodes, (real) bound = 2147483647
Peak memory: 135688 KB
caught signal 24 -- exiting
Time limit has been reached.
Remove intermediate file output.sas
search exit code: 23

Driver aborting after search
INFO     Planner time: 1797.69s
