INFO     planner time limit: 1800s
INFO     planner memory limit: 2048 MB

INFO     Running translator.
INFO     translator stdin: None
INFO     translator time limit: 1799s
INFO     translator memory limit: 2048 MB
INFO     translator command line string: /home/henry/Documents/UFRGS/TCC/downward/.venv/bin/python /home/henry/Documents/UFRGS/TCC/downward/experiments/lab/data/main/code-5bb2ccb6957559b6969ffd7e29254c73f84d5e49_e5e41175/builds/release/bin/translate/translate.py domain.pddl problem.pddl --sas-file output.sas
Parsing...
Parsing: [0.080s CPU, 0.078s wall-clock]
Normalizing task... [0.010s CPU, 0.004s wall-clock]
Instantiating...
Generating Datalog program... [0.030s CPU, 0.038s wall-clock]
Normalizing Datalog program...
Normalizing Datalog program: [0.010s CPU, 0.003s wall-clock]
Preparing model... [0.140s CPU, 0.149s wall-clock]
Generated 6 rules.
Computing model... [0.300s CPU, 0.293s wall-clock]
54406 relevant atoms
20865 auxiliary atoms
75271 final queue length
100103 total queue pushes
Completing instantiation... [0.430s CPU, 0.425s wall-clock]
Instantiating: [0.920s CPU, 0.924s wall-clock]
Computing fact groups...
Finding invariants...
4 initial candidates
Finding invariants: [0.010s CPU, 0.002s wall-clock]
Checking invariant weight... [0.000s CPU, 0.004s wall-clock]
Instantiating groups... [0.010s CPU, 0.005s wall-clock]
Collecting mutex groups... [0.000s CPU, 0.002s wall-clock]
Choosing groups...
4225 uncovered facts
Choosing groups: [0.010s CPU, 0.007s wall-clock]
Building translation key... [0.010s CPU, 0.011s wall-clock]
Computing fact groups: [0.080s CPU, 0.078s wall-clock]
Building STRIPS to SAS dictionary... [0.010s CPU, 0.004s wall-clock]
Building dictionary for full mutex groups... [0.000s CPU, 0.004s wall-clock]
Building mutex information...
Building mutex information: [0.000s CPU, 0.003s wall-clock]
Translating task...
Processing axioms...
Simplifying axioms... [0.000s CPU, 0.000s wall-clock]
Translator axioms removed by simplifying: 0
Computing negative axioms... [0.000s CPU, 0.000s wall-clock]
Processing axioms: [0.020s CPU, 0.015s wall-clock]
Translating task: [0.400s CPU, 0.396s wall-clock]
0 effect conditions simplified
0 implied preconditions added
Detecting unreachable propositions...
0 operators removed
0 axioms removed
3 propositions removed
Detecting unreachable propositions: [0.250s CPU, 0.253s wall-clock]
Reordering and filtering variables...
4225 of 4225 variables necessary.
0 of 1 mutex groups necessary.
16640 of 16640 operators necessary.
0 of 0 axiom rules necessary.
Reordering and filtering variables: [0.050s CPU, 0.052s wall-clock]
Translator variables: 4225
Translator derived variables: 0
Translator facts: 12673
Translator goal facts: 4224
Translator mutex groups: 0
Translator total mutex groups size: 0
Translator operators: 16640
Translator axioms: 0
Translator task size: 87678
Translator peak memory: 106936 KB
Writing output... [0.070s CPU, 0.073s wall-clock]
Done! [1.900s CPU, 1.894s wall-clock]
translate exit code: 0

INFO     Running search (release).
INFO     search stdin: output.sas
INFO     search time limit: 1798s
INFO     search memory limit: 2048 MB
INFO     search command line string: /home/henry/Documents/UFRGS/TCC/downward/experiments/lab/data/main/code-5bb2ccb6957559b6969ffd7e29254c73f84d5e49_e5e41175/builds/release/bin/downward --search 'eager_greedy([ilsh(patterns=systematic(2), transform=adapt_costs(cost_type=NORMAL))])' --internal-plan-file sas_plan < output.sas
[t=0s, 10544 KB] reading input...
[t=0.0588862s, 16968 KB] done reading input!
[t=0.0628917s, 17232 KB] Generating patterns using: systematic pattern collection generator
[t=0.0628917s, 17232 KB] building causal graph...done! [t=0.0039904s]
[t=0.0708808s, 22336 KB] Found 8448 SGA patterns.
[t=0.810704s, 22336 KB] Found 8448 interesting patterns.
[t=0.814705s, 22336 KB] systematic pattern collection generator number of patterns: 8448
[t=0.814705s, 22336 KB] systematic pattern collection generator total PDB size: 35701248
[t=0.814705s, 22336 KB] systematic pattern collection generator computation time: 0.751813s
[t=0.814705s, 22336 KB] Computing PDBs for pattern collection...
[t=28.9449s, 164364 KB] Done computing PDBs for pattern collection: 28.1302s
[t=31.0639s, 1236756 KB] Tie breaking: 2
[t=31.0639s, 1236756 KB] Building successor generator...done!
[t=31.0679s, 1237276 KB] peak memory difference for successor generator creation: 520 KB
[t=31.0679s, 1237276 KB] time for successor generation creation: 0.00398879s
[t=31.0679s, 1237276 KB] Variables: 4225
[t=31.0679s, 1237276 KB] FactPairs: 12673
[t=31.0679s, 1237276 KB] Bytes per state: 532
[t=31.0679s, 1237276 KB] Conducting best first search without reopening closed nodes, (real) bound = 2147483647
[t=1042.94s, 1237276 KB] New best heuristic value for ilsh(patterns=systematic(2),transform=adapt_costs(cost_type=normal)): 4269
[t=1042.94s, 1237276 KB] g=0, 1 evaluated, 0 expanded
[t=1042.94s, 1237276 KB] Initial heuristic value for ilsh(patterns=systematic(2),transform=adapt_costs(cost_type=normal)): 4269
[t=1042.94s, 1237276 KB] pruning method: none
Peak memory: 1237276 KB
caught signal 24 -- exiting
Time limit has been reached.
Remove intermediate file output.sas
search exit code: 23

Driver aborting after search
INFO     Planner time: 1799.07s
