INFO     planner time limit: 1800s
INFO     planner memory limit: 2048 MB

INFO     Running translator.
INFO     translator stdin: None
INFO     translator time limit: 1799s
INFO     translator memory limit: 2048 MB
INFO     translator command line string: /home/henry/Documents/UFRGS/TCC/downward/.venv/bin/python /home/henry/Documents/UFRGS/TCC/downward/experiments/lab/data/main/code-5bb2ccb6957559b6969ffd7e29254c73f84d5e49_e5e41175/builds/release/bin/translate/translate.py domain.pddl problem.pddl --sas-file output.sas
Parsing...
Parsing: [0.000s CPU, 0.002s wall-clock]
Normalizing task... [0.000s CPU, 0.000s wall-clock]
Instantiating...
Generating Datalog program... [0.000s CPU, 0.000s wall-clock]
Normalizing Datalog program...
Normalizing Datalog program: [0.000s CPU, 0.002s wall-clock]
Preparing model... [0.000s CPU, 0.001s wall-clock]
Generated 52 rules.
Computing model... [0.070s CPU, 0.064s wall-clock]
2867 relevant atoms
10148 auxiliary atoms
13015 final queue length
15801 total queue pushes
Completing instantiation... [0.050s CPU, 0.051s wall-clock]
Instantiating: [0.120s CPU, 0.121s wall-clock]
Computing fact groups...
Finding invariants...
6 initial candidates
Finding invariants: [0.000s CPU, 0.002s wall-clock]
Checking invariant weight... [0.000s CPU, 0.000s wall-clock]
Instantiating groups... [0.000s CPU, 0.001s wall-clock]
Collecting mutex groups... [0.000s CPU, 0.000s wall-clock]
Choosing groups...
1 uncovered facts
Choosing groups: [0.000s CPU, 0.000s wall-clock]
Building translation key... [0.010s CPU, 0.000s wall-clock]
Computing fact groups: [0.010s CPU, 0.003s wall-clock]
Building STRIPS to SAS dictionary... [0.000s CPU, 0.000s wall-clock]
Building dictionary for full mutex groups... [0.000s CPU, 0.000s wall-clock]
Building mutex information...
Building mutex information: [0.000s CPU, 0.000s wall-clock]
Translating task...
Processing axioms...
Simplifying axioms... [0.000s CPU, 0.000s wall-clock]
Translator axioms removed by simplifying: 0
Computing negative axioms... [0.000s CPU, 0.000s wall-clock]
Processing axioms: [0.000s CPU, 0.004s wall-clock]
Translating task: [0.050s CPU, 0.054s wall-clock]
463 effect conditions simplified
0 implied preconditions added
Detecting unreachable propositions...
150 operators removed
0 axioms removed
33 propositions removed
Detecting unreachable propositions: [0.020s CPU, 0.022s wall-clock]
Reordering and filtering variables...
26 of 26 variables necessary.
0 of 25 mutex groups necessary.
2314 of 2314 operators necessary.
0 of 0 axiom rules necessary.
Reordering and filtering variables: [0.010s CPU, 0.008s wall-clock]
Translator variables: 26
Translator derived variables: 0
Translator facts: 195
Translator goal facts: 25
Translator mutex groups: 0
Translator total mutex groups size: 0
Translator operators: 2314
Translator axioms: 0
Translator task size: 13584
Translator peak memory: 40812 KB
Writing output... [0.010s CPU, 0.009s wall-clock]
Done! [0.220s CPU, 0.225s wall-clock]
translate exit code: 0

INFO     Running search (release).
INFO     search stdin: output.sas
INFO     search time limit: 1799s
INFO     search memory limit: 2048 MB
INFO     search command line string: /home/henry/Documents/UFRGS/TCC/downward/experiments/lab/data/main/code-5bb2ccb6957559b6969ffd7e29254c73f84d5e49_e5e41175/builds/release/bin/downward --search 'eager_greedy([operatorcounting(constraint_generators=[pho_constraints(patterns=systematic(4))], use_integer_operator_counts=true, transform=adapt_costs(cost_type=NORMAL))])' --internal-plan-file sas_plan < output.sas
[t=0s, 45596 KB] reading input...
[t=0.00657186s, 46212 KB] done reading input!
[t=0.0100349s, 46740 KB] Generating patterns using: systematic pattern collection generator
[t=0.0100349s, 46740 KB] building causal graph...done! [t=0s]
[t=0.0140437s, 48080 KB] Found 5292 SGA patterns.
[t=0.0220217s, 48080 KB] Found 5292 interesting patterns.
[t=0.0260261s, 48080 KB] systematic pattern collection generator number of patterns: 5292
[t=0.0260261s, 48080 KB] systematic pattern collection generator total PDB size: 20302390
[t=0.0260261s, 48080 KB] systematic pattern collection generator computation time: 0.0159912s
[t=0.0260261s, 48080 KB] Computing PDBs for pattern collection...
[t=7.51835s, 128272 KB] Done computing PDBs for pattern collection: 7.49233s
[t=7.86191s, 377564 KB] Building successor generator...done!
[t=7.86589s, 377564 KB] peak memory difference for successor generator creation: 0 KB
[t=7.86589s, 377564 KB] time for successor generation creation: 0s
[t=7.86589s, 377564 KB] Variables: 26
[t=7.86589s, 377564 KB] FactPairs: 195
[t=7.86589s, 377564 KB] Bytes per state: 12
[t=7.86589s, 377564 KB] Conducting best first search without reopening closed nodes, (real) bound = 2147483647
[t=8.35735s, 476444 KB] New best heuristic value for operatorcounting(constraint_generators=[pho_constraints(patterns=systematic(4))],use_integer_operator_counts=true,transform=adapt_costs(cost_type=normal)): 97
[t=8.35735s, 476444 KB] g=0, 1 evaluated, 0 expanded
[t=8.35735s, 476444 KB] Initial heuristic value for operatorcounting(constraint_generators=[pho_constraints(patterns=systematic(4))],use_integer_operator_counts=true,transform=adapt_costs(cost_type=normal)): 97
[t=8.35735s, 476444 KB] pruning method: none
[t=10.4525s, 670616 KB] New best heuristic value for operatorcounting(constraint_generators=[pho_constraints(patterns=systematic(4))],use_integer_operator_counts=true,transform=adapt_costs(cost_type=normal)): 96
[t=10.4525s, 670616 KB] g=1, 4 evaluated, 1 expanded
[t=13.228s, 670616 KB] New best heuristic value for operatorcounting(constraint_generators=[pho_constraints(patterns=systematic(4))],use_integer_operator_counts=true,transform=adapt_costs(cost_type=normal)): 95
[t=13.228s, 670616 KB] g=2, 8 evaluated, 2 expanded
[t=28.3326s, 670616 KB] New best heuristic value for operatorcounting(constraint_generators=[pho_constraints(patterns=systematic(4))],use_integer_operator_counts=true,transform=adapt_costs(cost_type=normal)): 94
[t=28.3326s, 670616 KB] g=4, 29 evaluated, 9 expanded
[t=64.6596s, 670616 KB] New best heuristic value for operatorcounting(constraint_generators=[pho_constraints(patterns=systematic(4))],use_integer_operator_counts=true,transform=adapt_costs(cost_type=normal)): 93
[t=64.6596s, 670616 KB] g=6, 77 evaluated, 24 expanded
[t=104.08s, 673056 KB] New best heuristic value for operatorcounting(constraint_generators=[pho_constraints(patterns=systematic(4))],use_integer_operator_counts=true,transform=adapt_costs(cost_type=normal)): 92
[t=104.08s, 673056 KB] g=10, 129 evaluated, 36 expanded
[t=204.142s, 673056 KB] New best heuristic value for operatorcounting(constraint_generators=[pho_constraints(patterns=systematic(4))],use_integer_operator_counts=true,transform=adapt_costs(cost_type=normal)): 91
[t=204.142s, 673056 KB] g=18, 263 evaluated, 87 expanded
[t=307.782s, 673056 KB] New best heuristic value for operatorcounting(constraint_generators=[pho_constraints(patterns=systematic(4))],use_integer_operator_counts=true,transform=adapt_costs(cost_type=normal)): 90
[t=307.782s, 673056 KB] g=26, 400 evaluated, 129 expanded
[t=463.552s, 673056 KB] New best heuristic value for operatorcounting(constraint_generators=[pho_constraints(patterns=systematic(4))],use_integer_operator_counts=true,transform=adapt_costs(cost_type=normal)): 89
[t=463.552s, 673056 KB] g=36, 610 evaluated, 187 expanded
[t=792.952s, 673056 KB] New best heuristic value for operatorcounting(constraint_generators=[pho_constraints(patterns=systematic(4))],use_integer_operator_counts=true,transform=adapt_costs(cost_type=normal)): 88
[t=792.952s, 673056 KB] g=46, 1057 evaluated, 300 expanded
[t=993.676s, 673056 KB] New best heuristic value for operatorcounting(constraint_generators=[pho_constraints(patterns=systematic(4))],use_integer_operator_counts=true,transform=adapt_costs(cost_type=normal)): 87
[t=993.676s, 673056 KB] g=56, 1332 evaluated, 375 expanded
[t=1338.55s, 673056 KB] New best heuristic value for operatorcounting(constraint_generators=[pho_constraints(patterns=systematic(4))],use_integer_operator_counts=true,transform=adapt_costs(cost_type=normal)): 86
[t=1338.55s, 673056 KB] g=66, 1807 evaluated, 498 expanded
Peak memory: 673056 KB
caught signal 24 -- exiting
Time limit has been reached.
Remove intermediate file output.sas
search exit code: 23

Driver aborting after search
INFO     Planner time: 1796.01s
