INFO     planner time limit: 1800s
INFO     planner memory limit: 2048 MB

INFO     Running translator.
INFO     translator stdin: None
INFO     translator time limit: 1799s
INFO     translator memory limit: 2048 MB
INFO     translator command line string: /home/henry/Documents/UFRGS/TCC/downward/.venv/bin/python /home/henry/Documents/UFRGS/TCC/downward/experiments/lab/data/main/code-5bb2ccb6957559b6969ffd7e29254c73f84d5e49_e5e41175/builds/release/bin/translate/translate.py domain.pddl problem.pddl --sas-file output.sas
Parsing...
Parsing: [0.000s CPU, 0.002s wall-clock]
Normalizing task... [0.000s CPU, 0.000s wall-clock]
Instantiating...
Generating Datalog program... [0.000s CPU, 0.001s wall-clock]
Normalizing Datalog program...
Normalizing Datalog program: [0.010s CPU, 0.003s wall-clock]
Preparing model... [0.000s CPU, 0.002s wall-clock]
Generated 115 rules.
Computing model... [0.040s CPU, 0.043s wall-clock]
4185 relevant atoms
4172 auxiliary atoms
8357 final queue length
14736 total queue pushes
Completing instantiation... [0.090s CPU, 0.085s wall-clock]
Instantiating: [0.140s CPU, 0.135s wall-clock]
Computing fact groups...
Finding invariants...
24 initial candidates
Finding invariants: [0.010s CPU, 0.008s wall-clock]
Checking invariant weight... [0.000s CPU, 0.000s wall-clock]
Instantiating groups... [0.000s CPU, 0.001s wall-clock]
Collecting mutex groups... [0.000s CPU, 0.000s wall-clock]
Choosing groups...
429 uncovered facts
Choosing groups: [0.000s CPU, 0.000s wall-clock]
Building translation key... [0.000s CPU, 0.001s wall-clock]
Computing fact groups: [0.010s CPU, 0.011s wall-clock]
Building STRIPS to SAS dictionary... [0.000s CPU, 0.000s wall-clock]
Building dictionary for full mutex groups... [0.000s CPU, 0.000s wall-clock]
Building mutex information...
Building mutex information: [0.000s CPU, 0.000s wall-clock]
Translating task...
Processing axioms...
Simplifying axioms... [0.000s CPU, 0.000s wall-clock]
Translator axioms removed by simplifying: 0
Computing negative axioms... [0.000s CPU, 0.000s wall-clock]
Processing axioms: [0.000s CPU, 0.005s wall-clock]
Translating task: [0.110s CPU, 0.115s wall-clock]
4994 effect conditions simplified
0 implied preconditions added
Detecting unreachable propositions...
0 operators removed
0 axioms removed
3 propositions removed
Detecting unreachable propositions: [0.050s CPU, 0.044s wall-clock]
Reordering and filtering variables...
432 of 432 variables necessary.
18 of 21 mutex groups necessary.
2984 of 2984 operators necessary.
0 of 0 axiom rules necessary.
Reordering and filtering variables: [0.030s CPU, 0.030s wall-clock]
Translator variables: 432
Translator derived variables: 0
Translator facts: 899
Translator goal facts: 16
Translator mutex groups: 18
Translator total mutex groups size: 54
Translator operators: 2984
Translator axioms: 0
Translator task size: 28627
Translator peak memory: 49472 KB
Writing output... [0.020s CPU, 0.019s wall-clock]
Done! [0.360s CPU, 0.363s wall-clock]
translate exit code: 0

INFO     Running search (release).
INFO     search stdin: output.sas
INFO     search time limit: 1799s
INFO     search memory limit: 2048 MB
INFO     search command line string: /home/henry/Documents/UFRGS/TCC/downward/experiments/lab/data/main/code-5bb2ccb6957559b6969ffd7e29254c73f84d5e49_e5e41175/builds/release/bin/downward --search 'eager_greedy([operatorcounting(constraint_generators=[pho_constraints(patterns=systematic(2))], use_integer_operator_counts=false, transform=adapt_costs(cost_type=NORMAL))])' --internal-plan-file sas_plan < output.sas
[t=0s, 45596 KB] reading input...
[t=0.0159939s, 46800 KB] done reading input!
[t=0.0173214s, 47364 KB] Generating patterns using: systematic pattern collection generator
[t=0.0173214s, 47364 KB] building causal graph...done! [t=0.00399039s]
[t=0.025311s, 48440 KB] Found 140 SGA patterns.
[t=0.025311s, 48440 KB] Found 140 interesting patterns.
[t=0.025311s, 48440 KB] systematic pattern collection generator number of patterns: 140
[t=0.025311s, 48440 KB] systematic pattern collection generator total PDB size: 1648
[t=0.025311s, 48440 KB] systematic pattern collection generator computation time: 0.00798958s
[t=0.025311s, 48440 KB] Computing PDBs for pattern collection...
[t=0.0892849s, 48440 KB] Done computing PDBs for pattern collection: 0.0639739s
[t=0.0972811s, 49236 KB] Building successor generator...done!
[t=0.101281s, 49236 KB] peak memory difference for successor generator creation: 0 KB
[t=0.101281s, 49236 KB] time for successor generation creation: 0.00400031s
[t=0.101281s, 49236 KB] Variables: 432
[t=0.101281s, 49236 KB] FactPairs: 899
[t=0.101281s, 49236 KB] Bytes per state: 56
[t=0.101281s, 49236 KB] Conducting best first search without reopening closed nodes, (real) bound = 2147483647
[t=0.101281s, 51660 KB] New best heuristic value for operatorcounting(constraint_generators=[pho_constraints(patterns=systematic(2))],use_integer_operator_counts=false,transform=adapt_costs(cost_type=normal)): 27
[t=0.101281s, 51660 KB] g=0, 1 evaluated, 0 expanded
[t=0.101281s, 51660 KB] Initial heuristic value for operatorcounting(constraint_generators=[pho_constraints(patterns=systematic(2))],use_integer_operator_counts=false,transform=adapt_costs(cost_type=normal)): 27
[t=0.101281s, 51660 KB] pruning method: none
[t=0.169257s, 51660 KB] New best heuristic value for operatorcounting(constraint_generators=[pho_constraints(patterns=systematic(2))],use_integer_operator_counts=false,transform=adapt_costs(cost_type=normal)): 26
[t=0.169257s, 51660 KB] g=2, 237 evaluated, 12 expanded
[t=0.233209s, 51660 KB] New best heuristic value for operatorcounting(constraint_generators=[pho_constraints(patterns=systematic(2))],use_integer_operator_counts=false,transform=adapt_costs(cost_type=normal)): 25
[t=0.233209s, 51660 KB] g=5, 449 evaluated, 37 expanded
[t=0.305169s, 51660 KB] New best heuristic value for operatorcounting(constraint_generators=[pho_constraints(patterns=systematic(2))],use_integer_operator_counts=false,transform=adapt_costs(cost_type=normal)): 24
[t=0.305169s, 51660 KB] g=8, 677 evaluated, 63 expanded
[t=567.29s, 242640 KB] New best heuristic value for operatorcounting(constraint_generators=[pho_constraints(patterns=systematic(2))],use_integer_operator_counts=false,transform=adapt_costs(cost_type=normal)): 23
[t=567.29s, 242640 KB] g=18, 2052834 evaluated, 595960 expanded
[t=567.298s, 242640 KB] New best heuristic value for operatorcounting(constraint_generators=[pho_constraints(patterns=systematic(2))],use_integer_operator_counts=false,transform=adapt_costs(cost_type=normal)): 22
[t=567.298s, 242640 KB] g=19, 2052864 evaluated, 595961 expanded
Peak memory: 625808 KB
caught signal 24 -- exiting
Time limit has been reached.
Remove intermediate file output.sas
search exit code: 23

Driver aborting after search
INFO     Planner time: 1798.35s
