INFO     planner time limit: 1800s
INFO     planner memory limit: 2048 MB

INFO     Running translator.
INFO     translator stdin: None
INFO     translator time limit: 1799s
INFO     translator memory limit: 2048 MB
INFO     translator command line string: /home/henry/Documents/UFRGS/TCC/downward/.venv/bin/python /home/henry/Documents/UFRGS/TCC/downward/experiments/lab/data/main/code-5bb2ccb6957559b6969ffd7e29254c73f84d5e49_e5e41175/builds/release/bin/translate/translate.py domain.pddl problem.pddl --sas-file output.sas
Parsing...
Parsing: [0.000s CPU, 0.004s wall-clock]
Normalizing task... [0.000s CPU, 0.000s wall-clock]
Instantiating...
Generating Datalog program... [0.000s CPU, 0.001s wall-clock]
Normalizing Datalog program...
Normalizing Datalog program: [0.000s CPU, 0.003s wall-clock]
Preparing model... [0.010s CPU, 0.003s wall-clock]
Generated 211 rules.
Computing model... [0.010s CPU, 0.011s wall-clock]
1113 relevant atoms
1238 auxiliary atoms
2351 final queue length
3350 total queue pushes
Completing instantiation... [0.010s CPU, 0.013s wall-clock]
Instantiating: [0.030s CPU, 0.031s wall-clock]
Computing fact groups...
Finding invariants...
20 initial candidates
Finding invariants: [0.000s CPU, 0.003s wall-clock]
Checking invariant weight... [0.000s CPU, 0.000s wall-clock]
Instantiating groups... [0.000s CPU, 0.000s wall-clock]
Collecting mutex groups... [0.010s CPU, 0.000s wall-clock]
Choosing groups...
324 uncovered facts
Choosing groups: [0.000s CPU, 0.000s wall-clock]
Building translation key... [0.000s CPU, 0.001s wall-clock]
Computing fact groups: [0.010s CPU, 0.007s wall-clock]
Building STRIPS to SAS dictionary... [0.000s CPU, 0.000s wall-clock]
Building dictionary for full mutex groups... [0.000s CPU, 0.000s wall-clock]
Building mutex information...
Building mutex information: [0.000s CPU, 0.000s wall-clock]
Translating task...
Processing axioms...
Simplifying axioms... [0.000s CPU, 0.000s wall-clock]
Translator axioms removed by simplifying: 0
Computing negative axioms... [0.000s CPU, 0.000s wall-clock]
Processing axioms: [0.000s CPU, 0.001s wall-clock]
Translating task: [0.010s CPU, 0.015s wall-clock]
361 effect conditions simplified
0 implied preconditions added
Detecting unreachable propositions...
0 operators removed
0 axioms removed
11 propositions removed
Detecting unreachable propositions: [0.010s CPU, 0.008s wall-clock]
Reordering and filtering variables...
94 of 332 variables necessary.
0 of 9 mutex groups necessary.
496 of 496 operators necessary.
0 of 0 axiom rules necessary.
Reordering and filtering variables: [0.000s CPU, 0.004s wall-clock]
Translator variables: 94
Translator derived variables: 0
Translator facts: 278
Translator goal facts: 54
Translator mutex groups: 0
Translator total mutex groups size: 0
Translator operators: 496
Translator axioms: 0
Translator task size: 3547
Translator peak memory: 35168 KB
Writing output... [0.000s CPU, 0.004s wall-clock]
Done! [0.070s CPU, 0.074s wall-clock]
translate exit code: 0

INFO     Running search (release).
INFO     search stdin: output.sas
INFO     search time limit: 1799s
INFO     search memory limit: 2048 MB
INFO     search command line string: /home/henry/Documents/UFRGS/TCC/downward/experiments/lab/data/main/code-5bb2ccb6957559b6969ffd7e29254c73f84d5e49_e5e41175/builds/release/bin/downward --search 'eager_greedy([operatorcounting(constraint_generators=[pho_constraints(patterns=systematic(2))], use_integer_operator_counts=true, transform=adapt_costs(cost_type=ONE))])' --internal-plan-file sas_plan < output.sas
[t=0s, 45596 KB] reading input...
[t=0.00321526s, 45728 KB] done reading input!
[t=0.00552338s, 46124 KB] Generating patterns using: systematic pattern collection generator
[t=0.00552338s, 46124 KB] building causal graph...done! [t=0s]
[t=0.00552338s, 46124 KB] Found 256 SGA patterns.
[t=0.00552338s, 46124 KB] Found 256 interesting patterns.
[t=0.00552338s, 46124 KB] systematic pattern collection generator number of patterns: 256
[t=0.00552338s, 46124 KB] systematic pattern collection generator total PDB size: 2156
[t=0.00552338s, 46124 KB] systematic pattern collection generator computation time: 0s
[t=0.00552338s, 46124 KB] Computing PDBs for pattern collection...
[t=0.0254869s, 46124 KB] Done computing PDBs for pattern collection: 0.0199635s
[t=0.029486s, 46256 KB] Building successor generator...done!
[t=0.029486s, 46256 KB] peak memory difference for successor generator creation: 0 KB
[t=0.029486s, 46256 KB] time for successor generation creation: 0s
[t=0.029486s, 46256 KB] Variables: 94
[t=0.029486s, 46256 KB] FactPairs: 278
[t=0.029486s, 46256 KB] Bytes per state: 16
[t=0.029486s, 46256 KB] Conducting best first search without reopening closed nodes, (real) bound = 2147483647
[t=0.0334935s, 48076 KB] New best heuristic value for operatorcounting(constraint_generators=[pho_constraints(patterns=systematic(2))],use_integer_operator_counts=true,transform=adapt_costs(cost_type=one)): 64
[t=0.0334935s, 48076 KB] g=0, 1 evaluated, 0 expanded
[t=0.0334935s, 48076 KB] Initial heuristic value for operatorcounting(constraint_generators=[pho_constraints(patterns=systematic(2))],use_integer_operator_counts=true,transform=adapt_costs(cost_type=one)): 64
[t=0.0334935s, 48076 KB] pruning method: none
[t=0.0374802s, 48076 KB] New best heuristic value for operatorcounting(constraint_generators=[pho_constraints(patterns=systematic(2))],use_integer_operator_counts=true,transform=adapt_costs(cost_type=one)): 63
[t=0.0374802s, 48076 KB] g=0, 2 evaluated, 1 expanded
[t=0.0374802s, 48076 KB] New best heuristic value for operatorcounting(constraint_generators=[pho_constraints(patterns=systematic(2))],use_integer_operator_counts=true,transform=adapt_costs(cost_type=one)): 62
[t=0.0374802s, 48076 KB] g=224, 3 evaluated, 2 expanded
[t=0.0534639s, 48076 KB] New best heuristic value for operatorcounting(constraint_generators=[pho_constraints(patterns=systematic(2))],use_integer_operator_counts=true,transform=adapt_costs(cost_type=one)): 61
[t=0.0534639s, 48076 KB] g=1624, 12 evaluated, 3 expanded
[t=0.0654574s, 48076 KB] New best heuristic value for operatorcounting(constraint_generators=[pho_constraints(patterns=systematic(2))],use_integer_operator_counts=true,transform=adapt_costs(cost_type=one)): 60
[t=0.0654574s, 48076 KB] g=11623, 22 evaluated, 4 expanded
[t=0.081446s, 48076 KB] New best heuristic value for operatorcounting(constraint_generators=[pho_constraints(patterns=systematic(2))],use_integer_operator_counts=true,transform=adapt_costs(cost_type=one)): 59
[t=0.081446s, 48076 KB] g=11847, 35 evaluated, 5 expanded
[t=0.0934462s, 48076 KB] New best heuristic value for operatorcounting(constraint_generators=[pho_constraints(patterns=systematic(2))],use_integer_operator_counts=true,transform=adapt_costs(cost_type=one)): 58
[t=0.0934462s, 48076 KB] g=13247, 46 evaluated, 6 expanded
[t=0.109424s, 48076 KB] New best heuristic value for operatorcounting(constraint_generators=[pho_constraints(patterns=systematic(2))],use_integer_operator_counts=true,transform=adapt_costs(cost_type=one)): 57
[t=0.109424s, 48076 KB] g=23246, 58 evaluated, 7 expanded
[t=0.117425s, 48076 KB] New best heuristic value for operatorcounting(constraint_generators=[pho_constraints(patterns=systematic(2))],use_integer_operator_counts=true,transform=adapt_costs(cost_type=one)): 56
[t=0.117425s, 48076 KB] g=236036, 70 evaluated, 8 expanded
[t=0.129394s, 48076 KB] New best heuristic value for operatorcounting(constraint_generators=[pho_constraints(patterns=systematic(2))],use_integer_operator_counts=true,transform=adapt_costs(cost_type=one)): 55
[t=0.129394s, 48076 KB] g=241035, 83 evaluated, 9 expanded
[t=0.141383s, 48076 KB] New best heuristic value for operatorcounting(constraint_generators=[pho_constraints(patterns=systematic(2))],use_integer_operator_counts=true,transform=adapt_costs(cost_type=one)): 54
[t=0.141383s, 48076 KB] g=242534, 96 evaluated, 10 expanded
[t=0.153372s, 48076 KB] New best heuristic value for operatorcounting(constraint_generators=[pho_constraints(patterns=systematic(2))],use_integer_operator_counts=true,transform=adapt_costs(cost_type=one)): 53
[t=0.153372s, 48076 KB] g=242758, 108 evaluated, 11 expanded
[t=0.161382s, 48076 KB] New best heuristic value for operatorcounting(constraint_generators=[pho_constraints(patterns=systematic(2))],use_integer_operator_counts=true,transform=adapt_costs(cost_type=one)): 52
[t=0.161382s, 48076 KB] g=244158, 118 evaluated, 12 expanded
[t=0.169358s, 48076 KB] New best heuristic value for operatorcounting(constraint_generators=[pho_constraints(patterns=systematic(2))],use_integer_operator_counts=true,transform=adapt_costs(cost_type=one)): 51
[t=0.169358s, 48076 KB] g=254157, 129 evaluated, 13 expanded
[t=0.177351s, 48076 KB] New best heuristic value for operatorcounting(constraint_generators=[pho_constraints(patterns=systematic(2))],use_integer_operator_counts=true,transform=adapt_costs(cost_type=one)): 50
[t=0.177351s, 48076 KB] g=466947, 141 evaluated, 14 expanded
[t=0.185359s, 48076 KB] New best heuristic value for operatorcounting(constraint_generators=[pho_constraints(patterns=systematic(2))],use_integer_operator_counts=true,transform=adapt_costs(cost_type=one)): 49
[t=0.185359s, 48076 KB] g=471946, 152 evaluated, 15 expanded
[t=0.19733s, 48076 KB] New best heuristic value for operatorcounting(constraint_generators=[pho_constraints(patterns=systematic(2))],use_integer_operator_counts=true,transform=adapt_costs(cost_type=one)): 48
[t=0.19733s, 48076 KB] g=473445, 164 evaluated, 16 expanded
[t=0.209312s, 48076 KB] New best heuristic value for operatorcounting(constraint_generators=[pho_constraints(patterns=systematic(2))],use_integer_operator_counts=true,transform=adapt_costs(cost_type=one)): 47
[t=0.209312s, 48076 KB] g=473669, 175 evaluated, 17 expanded
[t=0.213285s, 48076 KB] New best heuristic value for operatorcounting(constraint_generators=[pho_constraints(patterns=systematic(2))],use_integer_operator_counts=true,transform=adapt_costs(cost_type=one)): 46
[t=0.213285s, 48076 KB] g=475069, 184 evaluated, 18 expanded
[t=0.221293s, 48076 KB] New best heuristic value for operatorcounting(constraint_generators=[pho_constraints(patterns=systematic(2))],use_integer_operator_counts=true,transform=adapt_costs(cost_type=one)): 45
[t=0.221293s, 48076 KB] g=485068, 194 evaluated, 19 expanded
[t=0.233263s, 48180 KB] New best heuristic value for operatorcounting(constraint_generators=[pho_constraints(patterns=systematic(2))],use_integer_operator_counts=true,transform=adapt_costs(cost_type=one)): 44
[t=0.233263s, 48180 KB] g=485292, 207 evaluated, 20 expanded
[t=0.241254s, 48180 KB] New best heuristic value for operatorcounting(constraint_generators=[pho_constraints(patterns=systematic(2))],use_integer_operator_counts=true,transform=adapt_costs(cost_type=one)): 43
[t=0.241254s, 48180 KB] g=486692, 218 evaluated, 21 expanded
[t=0.249265s, 48180 KB] New best heuristic value for operatorcounting(constraint_generators=[pho_constraints(patterns=systematic(2))],use_integer_operator_counts=true,transform=adapt_costs(cost_type=one)): 42
[t=0.249265s, 48180 KB] g=496691, 230 evaluated, 22 expanded
[t=0.257244s, 48180 KB] New best heuristic value for operatorcounting(constraint_generators=[pho_constraints(patterns=systematic(2))],use_integer_operator_counts=true,transform=adapt_costs(cost_type=one)): 41
[t=0.257244s, 48180 KB] g=496915, 245 evaluated, 23 expanded
[t=0.265237s, 48180 KB] New best heuristic value for operatorcounting(constraint_generators=[pho_constraints(patterns=systematic(2))],use_integer_operator_counts=true,transform=adapt_costs(cost_type=one)): 40
[t=0.265237s, 48180 KB] g=498315, 258 evaluated, 24 expanded
[t=0.273225s, 48320 KB] New best heuristic value for operatorcounting(constraint_generators=[pho_constraints(patterns=systematic(2))],use_integer_operator_counts=true,transform=adapt_costs(cost_type=one)): 39
[t=0.273225s, 48320 KB] g=508314, 272 evaluated, 25 expanded
[t=0.285216s, 48328 KB] New best heuristic value for operatorcounting(constraint_generators=[pho_constraints(patterns=systematic(2))],use_integer_operator_counts=true,transform=adapt_costs(cost_type=one)): 38
[t=0.285216s, 48328 KB] g=508538, 289 evaluated, 26 expanded
[t=0.293224s, 48328 KB] New best heuristic value for operatorcounting(constraint_generators=[pho_constraints(patterns=systematic(2))],use_integer_operator_counts=true,transform=adapt_costs(cost_type=one)): 37
[t=0.297205s, 48328 KB] g=509938, 304 evaluated, 27 expanded
[t=0.305194s, 48456 KB] New best heuristic value for operatorcounting(constraint_generators=[pho_constraints(patterns=systematic(2))],use_integer_operator_counts=true,transform=adapt_costs(cost_type=one)): 36
[t=0.305194s, 48456 KB] g=519937, 320 evaluated, 28 expanded
[t=0.317191s, 48456 KB] New best heuristic value for operatorcounting(constraint_generators=[pho_constraints(patterns=systematic(2))],use_integer_operator_counts=true,transform=adapt_costs(cost_type=one)): 35
[t=0.317191s, 48456 KB] g=520161, 339 evaluated, 29 expanded
[t=0.33314s, 48564 KB] New best heuristic value for operatorcounting(constraint_generators=[pho_constraints(patterns=systematic(2))],use_integer_operator_counts=true,transform=adapt_costs(cost_type=one)): 34
[t=0.33314s, 48564 KB] g=521561, 356 evaluated, 30 expanded
[t=0.34514s, 48588 KB] New best heuristic value for operatorcounting(constraint_generators=[pho_constraints(patterns=systematic(2))],use_integer_operator_counts=true,transform=adapt_costs(cost_type=one)): 33
[t=0.34514s, 48588 KB] g=531560, 374 evaluated, 31 expanded
[t=0.357124s, 48708 KB] New best heuristic value for operatorcounting(constraint_generators=[pho_constraints(patterns=systematic(2))],use_integer_operator_counts=true,transform=adapt_costs(cost_type=one)): 32
[t=0.357124s, 48708 KB] g=744350, 393 evaluated, 32 expanded
[t=0.369115s, 48720 KB] New best heuristic value for operatorcounting(constraint_generators=[pho_constraints(patterns=systematic(2))],use_integer_operator_counts=true,transform=adapt_costs(cost_type=one)): 31
[t=0.369115s, 48720 KB] g=749349, 411 evaluated, 33 expanded
[t=0.385078s, 48720 KB] New best heuristic value for operatorcounting(constraint_generators=[pho_constraints(patterns=systematic(2))],use_integer_operator_counts=true,transform=adapt_costs(cost_type=one)): 30
[t=0.385078s, 48720 KB] g=750848, 430 evaluated, 34 expanded
[t=0.401055s, 48720 KB] New best heuristic value for operatorcounting(constraint_generators=[pho_constraints(patterns=systematic(2))],use_integer_operator_counts=true,transform=adapt_costs(cost_type=one)): 29
[t=0.401055s, 48720 KB] g=751072, 448 evaluated, 35 expanded
[t=0.40906s, 48720 KB] New best heuristic value for operatorcounting(constraint_generators=[pho_constraints(patterns=systematic(2))],use_integer_operator_counts=true,transform=adapt_costs(cost_type=one)): 28
[t=0.40906s, 48720 KB] g=752472, 464 evaluated, 36 expanded
[t=0.425036s, 48724 KB] New best heuristic value for operatorcounting(constraint_generators=[pho_constraints(patterns=systematic(2))],use_integer_operator_counts=true,transform=adapt_costs(cost_type=one)): 27
[t=0.425036s, 48724 KB] g=762471, 481 evaluated, 37 expanded
[t=0.437029s, 48724 KB] New best heuristic value for operatorcounting(constraint_generators=[pho_constraints(patterns=systematic(2))],use_integer_operator_counts=true,transform=adapt_costs(cost_type=one)): 26
[t=0.437029s, 48724 KB] g=975261, 499 evaluated, 38 expanded
[t=0.449021s, 48724 KB] New best heuristic value for operatorcounting(constraint_generators=[pho_constraints(patterns=systematic(2))],use_integer_operator_counts=true,transform=adapt_costs(cost_type=one)): 25
[t=0.449021s, 48724 KB] g=980260, 516 evaluated, 39 expanded
[t=0.464983s, 48724 KB] New best heuristic value for operatorcounting(constraint_generators=[pho_constraints(patterns=systematic(2))],use_integer_operator_counts=true,transform=adapt_costs(cost_type=one)): 24
[t=0.464983s, 48724 KB] g=981759, 534 evaluated, 40 expanded
[t=0.484978s, 48900 KB] New best heuristic value for operatorcounting(constraint_generators=[pho_constraints(patterns=systematic(2))],use_integer_operator_counts=true,transform=adapt_costs(cost_type=one)): 23
[t=0.484978s, 48900 KB] g=1199548, 563 evaluated, 42 expanded
[t=0.496956s, 48900 KB] New best heuristic value for operatorcounting(constraint_generators=[pho_constraints(patterns=systematic(2))],use_integer_operator_counts=true,transform=adapt_costs(cost_type=one)): 22
[t=0.496956s, 48900 KB] g=1417337, 604 evaluated, 45 expanded
[t=0.512954s, 48900 KB] New best heuristic value for operatorcounting(constraint_generators=[pho_constraints(patterns=systematic(2))],use_integer_operator_counts=true,transform=adapt_costs(cost_type=one)): 21
[t=0.512954s, 48900 KB] g=1635126, 645 evaluated, 48 expanded
[t=0.528934s, 48900 KB] New best heuristic value for operatorcounting(constraint_generators=[pho_constraints(patterns=systematic(2))],use_integer_operator_counts=true,transform=adapt_costs(cost_type=one)): 20
[t=0.528934s, 48900 KB] g=1852915, 686 evaluated, 51 expanded
[t=0.548905s, 48900 KB] New best heuristic value for operatorcounting(constraint_generators=[pho_constraints(patterns=systematic(2))],use_integer_operator_counts=true,transform=adapt_costs(cost_type=one)): 19
[t=0.548905s, 48900 KB] g=2070704, 727 evaluated, 54 expanded
[t=0.74861s, 48900 KB] New best heuristic value for operatorcounting(constraint_generators=[pho_constraints(patterns=systematic(2))],use_integer_operator_counts=true,transform=adapt_costs(cost_type=one)): 18
[t=0.74861s, 48900 KB] g=2312491, 1132 evaluated, 83 expanded
[t=0.756576s, 48900 KB] New best heuristic value for operatorcounting(constraint_generators=[pho_constraints(patterns=systematic(2))],use_integer_operator_counts=true,transform=adapt_costs(cost_type=one)): 17
[t=0.756576s, 48900 KB] g=2313990, 1147 evaluated, 84 expanded
[t=0.764567s, 48900 KB] New best heuristic value for operatorcounting(constraint_generators=[pho_constraints(patterns=systematic(2))],use_integer_operator_counts=true,transform=adapt_costs(cost_type=one)): 16
[t=0.764567s, 48900 KB] g=2315489, 1161 evaluated, 85 expanded
[t=0.768575s, 48900 KB] New best heuristic value for operatorcounting(constraint_generators=[pho_constraints(patterns=systematic(2))],use_integer_operator_counts=true,transform=adapt_costs(cost_type=one)): 15
[t=0.768575s, 48900 KB] g=2316988, 1174 evaluated, 86 expanded
[t=0.776571s, 48900 KB] New best heuristic value for operatorcounting(constraint_generators=[pho_constraints(patterns=systematic(2))],use_integer_operator_counts=true,transform=adapt_costs(cost_type=one)): 14
[t=0.776571s, 48900 KB] g=2318487, 1187 evaluated, 87 expanded
[t=0.800532s, 48900 KB] New best heuristic value for operatorcounting(constraint_generators=[pho_constraints(patterns=systematic(2))],use_integer_operator_counts=true,transform=adapt_costs(cost_type=one)): 13
[t=0.800532s, 48900 KB] g=2560274, 1245 evaluated, 92 expanded
[t=0.808485s, 48900 KB] New best heuristic value for operatorcounting(constraint_generators=[pho_constraints(patterns=systematic(2))],use_integer_operator_counts=true,transform=adapt_costs(cost_type=one)): 12
[t=0.808485s, 48900 KB] g=2561773, 1257 evaluated, 93 expanded
[t=0.812497s, 48900 KB] New best heuristic value for operatorcounting(constraint_generators=[pho_constraints(patterns=systematic(2))],use_integer_operator_counts=true,transform=adapt_costs(cost_type=one)): 11
[t=0.812497s, 48900 KB] g=2563272, 1268 evaluated, 94 expanded
[t=0.836462s, 48900 KB] New best heuristic value for operatorcounting(constraint_generators=[pho_constraints(patterns=systematic(2))],use_integer_operator_counts=true,transform=adapt_costs(cost_type=one)): 10
[t=0.836462s, 48900 KB] g=2805059, 1323 evaluated, 100 expanded
[t=0.84046s, 48900 KB] New best heuristic value for operatorcounting(constraint_generators=[pho_constraints(patterns=systematic(2))],use_integer_operator_counts=true,transform=adapt_costs(cost_type=one)): 9
[t=0.84046s, 48900 KB] g=2806558, 1332 evaluated, 101 expanded
[t=0.844469s, 48900 KB] New best heuristic value for operatorcounting(constraint_generators=[pho_constraints(patterns=systematic(2))],use_integer_operator_counts=true,transform=adapt_costs(cost_type=one)): 8
[t=0.844469s, 48900 KB] g=2808057, 1340 evaluated, 102 expanded
[t=0.860431s, 48900 KB] New best heuristic value for operatorcounting(constraint_generators=[pho_constraints(patterns=systematic(2))],use_integer_operator_counts=true,transform=adapt_costs(cost_type=one)): 7
[t=0.860431s, 48900 KB] g=3049844, 1377 evaluated, 108 expanded
[t=0.864438s, 48900 KB] New best heuristic value for operatorcounting(constraint_generators=[pho_constraints(patterns=systematic(2))],use_integer_operator_counts=true,transform=adapt_costs(cost_type=one)): 6
[t=0.864438s, 48900 KB] g=3051343, 1383 evaluated, 109 expanded
[t=0.864438s, 48900 KB] New best heuristic value for operatorcounting(constraint_generators=[pho_constraints(patterns=systematic(2))],use_integer_operator_counts=true,transform=adapt_costs(cost_type=one)): 5
[t=0.864438s, 48900 KB] g=3052842, 1388 evaluated, 110 expanded
[t=0.87242s, 48900 KB] New best heuristic value for operatorcounting(constraint_generators=[pho_constraints(patterns=systematic(2))],use_integer_operator_counts=true,transform=adapt_costs(cost_type=one)): 4
[t=0.87242s, 48900 KB] g=3294629, 1407 evaluated, 116 expanded
[t=0.87242s, 48900 KB] New best heuristic value for operatorcounting(constraint_generators=[pho_constraints(patterns=systematic(2))],use_integer_operator_counts=true,transform=adapt_costs(cost_type=one)): 3
[t=0.87242s, 48900 KB] g=3296128, 1410 evaluated, 117 expanded
[t=0.87242s, 48900 KB] New best heuristic value for operatorcounting(constraint_generators=[pho_constraints(patterns=systematic(2))],use_integer_operator_counts=true,transform=adapt_costs(cost_type=one)): 2
[t=0.87242s, 48900 KB] g=3297627, 1412 evaluated, 118 expanded
[t=0.876427s, 48900 KB] New best heuristic value for operatorcounting(constraint_generators=[pho_constraints(patterns=systematic(2))],use_integer_operator_counts=true,transform=adapt_costs(cost_type=one)): 1
[t=0.876427s, 48900 KB] g=3299126, 1413 evaluated, 119 expanded
[t=0.876427s, 48900 KB] New best heuristic value for operatorcounting(constraint_generators=[pho_constraints(patterns=systematic(2))],use_integer_operator_counts=true,transform=adapt_costs(cost_type=one)): 0
[t=0.876427s, 48900 KB] g=3300625, 1414 evaluated, 120 expanded
[t=0.876427s, 48900 KB] Solution found!
[t=0.876427s, 48900 KB] Actual search time: 0.842933s
initialize  (0)
fe1-feedmsi-letter sheet1 (125)
hw1-leftentrytobottomleftexit-letter sheet1 (1499)
lc1-inverttoime-letter sheet1 back front (9999)
fe1-feedmsi-letter sheet2 (125)
hw1-leftentrytobottomleftexit-letter sheet2 (1499)
lc1-inverttoime-letter sheet2 back front (9999)
lime-simplex-letter sheet2 front image-2 (212790)
lc1-fromime-letter sheet2 (4999)
hw1-bottomrightentrytorightexit-letter sheet2 (1499)
fe1-feedmsi-letter sheet3 (125)
hw1-leftentrytobottomleftexit-letter sheet3 (1499)
lc1-inverttoime-letter sheet3 back front (9999)
lime-simplex-letter sheet3 front image-3 (212790)
lc1-fromime-letter sheet3 (4999)
hw1-bottomrightentrytorightexit-letter sheet3 (1499)
fe1-feedmsi-letter sheet4 (125)
hw1-leftentrytobottomleftexit-letter sheet4 (1499)
lc1-inverttoime-letter sheet4 back front (9999)
fe1-feedmsi-letter sheet5 (125)
hw1-leftentrytobottomleftexit-letter sheet5 (1499)
lc1-inverttoime-letter sheet5 back front (9999)
fe1-feedmsi-letter sheet6 (125)
hw1-leftentrytobottomleftexit-letter sheet6 (1499)
lc1-inverttoime-letter sheet6 back front (9999)
fe1-feedmsi-letter sheet7 (125)
hw1-leftentrytobottomleftexit-letter sheet7 (1499)
lc1-inverttoime-letter sheet7 back front (9999)
fe1-feedmsi-letter sheet8 (125)
hw1-leftentrytobottomleftexit-letter sheet8 (1499)
lc1-inverttoime-letter sheet8 back front (9999)
lime-simplex-letter sheet8 front image-8 (212790)
lc1-fromime-letter sheet8 (4999)
hw1-bottomrightentrytorightexit-letter sheet8 (1499)
fe1-feedmsi-letter sheet9 (125)
hw1-leftentrytobottomleftexit-letter sheet9 (1499)
lc1-inverttoime-letter sheet9 back front (9999)
lime-simplex-letter sheet9 front image-9 (212790)
lc1-fromime-letter sheet9 (4999)
hw1-bottomrightentrytorightexit-letter sheet9 (1499)
lime-simplexmono-letter sheet1 front image-1 (212790)
lc1-fromime-letter sheet1 (4999)
lime-simplex-letter sheet4 front image-4 (212790)
lc1-fromime-letter sheet4 (4999)
lime-simplex-letter sheet5 front image-5 (212790)
lc1-fromime-letter sheet5 (4999)
lime-simplex-letter sheet6 front image-6 (212790)
lc1-fromime-letter sheet6 (4999)
lime-simplex-letter sheet7 front image-7 (212790)
lc1-fromime-letter sheet7 (4999)
hw1-bottomrightentrytobottomleftexit-letter sheet1 (8999)
lc1-inverttoime-letter sheet1 front back (9999)
lime-simplexmono-letter sheet1 back image-1b (212790)
lc1-invertfromime-letter sheet1 back front (9999)
hw1-bottomrightentrytorightexit-letter sheet1 (1499)
sys-stack-letter sheet1 dummy-sheet (1499)
sys-stack-letter sheet2 sheet1 (1499)
sys-stack-letter sheet3 sheet2 (1499)
hw1-bottomrightentrytobottomleftexit-letter sheet4 (8999)
lc1-inverttoime-letter sheet4 front back (9999)
lime-simplex-letter sheet4 back image-4b (212790)
lc1-invertfromime-letter sheet4 back front (9999)
hw1-bottomrightentrytorightexit-letter sheet4 (1499)
sys-stack-letter sheet4 sheet3 (1499)
hw1-bottomrightentrytobottomleftexit-letter sheet5 (8999)
lc1-inverttoime-letter sheet5 front back (9999)
lime-simplex-letter sheet5 back image-5b (212790)
lc1-invertfromime-letter sheet5 back front (9999)
hw1-bottomrightentrytorightexit-letter sheet5 (1499)
sys-stack-letter sheet5 sheet4 (1499)
hw1-bottomrightentrytobottomleftexit-letter sheet6 (8999)
lc1-inverttoime-letter sheet6 front back (9999)
lime-simplex-letter sheet6 back image-6b (212790)
lc1-invertfromime-letter sheet6 back front (9999)
hw1-bottomrightentrytorightexit-letter sheet6 (1499)
sys-stack-letter sheet6 sheet5 (1499)
hw1-bottomrightentrytobottomleftexit-letter sheet7 (8999)
lc1-inverttoime-letter sheet7 front back (9999)
lime-simplex-letter sheet7 back image-7b (212790)
lc1-invertfromime-letter sheet7 back front (9999)
hw1-bottomrightentrytorightexit-letter sheet7 (1499)
sys-stack-letter sheet7 sheet6 (1499)
sys-stack-letter sheet8 sheet7 (1499)
sys-stack-letter sheet9 sheet8 (1499)
[t=0.876427s, 48900 KB] Plan length: 84 step(s).
[t=0.876427s, 48900 KB] Plan cost: 3300625
[t=0.876427s, 48900 KB] Expanded 121 state(s).
[t=0.876427s, 48900 KB] Reopened 0 state(s).
[t=0.876427s, 48900 KB] Evaluated 1414 state(s).
[t=0.876427s, 48900 KB] Evaluations: 1414
[t=0.876427s, 48900 KB] Generated 3306 state(s).
[t=0.876427s, 48900 KB] Dead ends: 536 state(s).
[t=0.876427s, 48900 KB] Number of registered states: 1414
[t=0.876427s, 48900 KB] Int hash set load factor: 1414/2048 = 0.69043
[t=0.876427s, 48900 KB] Int hash set resizes: 11
[t=0.876427s, 48900 KB] Search time: 0.846941s
[t=0.876427s, 48900 KB] Total time: 0.876427s
Solution found.
Peak memory: 48900 KB
Remove intermediate file output.sas
search exit code: 0

INFO     Running validate.
INFO     validate stdin: None
INFO     validate time limit: None
INFO     validate memory limit: None
INFO     validate command line string: /home/henry/bin/validate domain.pddl problem.pddl sas_plan
Checking plan: sas_plan
Plan executed successfully - checking goal
Plan valid
Final value: 3300625 

Successful plans:
Value: 3300625
 sas_plan 3300625 

validate exit code: 0

INFO     Planner time: 1.01s
