INFO     planner time limit: 1800s
INFO     planner memory limit: 2048 MB

INFO     Running translator.
INFO     translator stdin: None
INFO     translator time limit: 1799s
INFO     translator memory limit: 2048 MB
INFO     translator command line string: /home/henry/Documents/UFRGS/TCC/downward/.venv/bin/python /home/henry/Documents/UFRGS/TCC/downward/experiments/lab/data/main/code-5bb2ccb6957559b6969ffd7e29254c73f84d5e49_e5e41175/builds/release/bin/translate/translate.py domain.pddl problem.pddl --sas-file output.sas
Parsing...
Parsing: [0.000s CPU, 0.001s wall-clock]
Normalizing task... [0.000s CPU, 0.000s wall-clock]
Instantiating...
Generating Datalog program... [0.000s CPU, 0.000s wall-clock]
Normalizing Datalog program...
Trivial rules: Converted to facts.
Normalizing Datalog program: [0.000s CPU, 0.001s wall-clock]
Preparing model... [0.000s CPU, 0.001s wall-clock]
Generated 32 rules.
Computing model... [0.120s CPU, 0.117s wall-clock]
16327 relevant atoms
1117 auxiliary atoms
17444 final queue length
81853 total queue pushes
Completing instantiation... [0.750s CPU, 0.741s wall-clock]
Instantiating: [0.870s CPU, 0.863s wall-clock]
Computing fact groups...
Finding invariants...
13 initial candidates
Finding invariants: [0.000s CPU, 0.003s wall-clock]
Checking invariant weight... [0.000s CPU, 0.000s wall-clock]
Instantiating groups... [0.000s CPU, 0.000s wall-clock]
Collecting mutex groups... [0.000s CPU, 0.000s wall-clock]
Choosing groups...
179 uncovered facts
Choosing groups: [0.000s CPU, 0.000s wall-clock]
Building translation key... [0.000s CPU, 0.000s wall-clock]
Computing fact groups: [0.000s CPU, 0.005s wall-clock]
Building STRIPS to SAS dictionary... [0.000s CPU, 0.000s wall-clock]
Building dictionary for full mutex groups... [0.000s CPU, 0.000s wall-clock]
Building mutex information...
Building mutex information: [0.000s CPU, 0.000s wall-clock]
Translating task...
Processing axioms...
Simplifying axioms... [0.000s CPU, 0.000s wall-clock]
Translator axioms removed by simplifying: 0
Computing negative axioms... [0.000s CPU, 0.000s wall-clock]
Processing axioms: [0.040s CPU, 0.036s wall-clock]
Translating task: [0.940s CPU, 0.941s wall-clock]
29648 effect conditions simplified
0 implied preconditions added
Detecting unreachable propositions...
0 operators removed
0 axioms removed
3 propositions removed
Detecting unreachable propositions: [0.430s CPU, 0.428s wall-clock]
Reordering and filtering variables...
182 of 182 variables necessary.
0 of 3 mutex groups necessary.
15844 of 15844 operators necessary.
0 of 0 axiom rules necessary.
Reordering and filtering variables: [0.200s CPU, 0.204s wall-clock]
Translator variables: 182
Translator derived variables: 0
Translator facts: 449
Translator goal facts: 23
Translator mutex groups: 0
Translator total mutex groups size: 0
Translator operators: 15844
Translator axioms: 0
Translator task size: 183130
Translator peak memory: 135308 KB
Writing output... [0.120s CPU, 0.120s wall-clock]
Done! [2.600s CPU, 2.601s wall-clock]
translate exit code: 0

INFO     Running search (release).
INFO     search stdin: output.sas
INFO     search time limit: 1797s
INFO     search memory limit: 2048 MB
INFO     search command line string: /home/henry/Documents/UFRGS/TCC/downward/experiments/lab/data/main/code-5bb2ccb6957559b6969ffd7e29254c73f84d5e49_e5e41175/builds/release/bin/downward --search 'eager_greedy([lsh(patterns=systematic(2), transform=adapt_costs(cost_type=NORMAL))])' --internal-plan-file sas_plan < output.sas
[t=0s, 10544 KB] reading input...
[t=0.0759483s, 17576 KB] done reading input!
[t=0.079956s, 17840 KB] Generating patterns using: systematic pattern collection generator
[t=0.079956s, 17840 KB] building causal graph...done! [t=0.0359652s]
[t=0.119915s, 24704 KB] Found 731 SGA patterns.
[t=0.123918s, 24704 KB] Found 731 interesting patterns.
[t=0.123918s, 24704 KB] systematic pattern collection generator number of patterns: 731
[t=0.123918s, 24704 KB] systematic pattern collection generator total PDB size: 5224
[t=0.123918s, 24704 KB] systematic pattern collection generator computation time: 0.0439617s
[t=0.123918s, 24704 KB] Computing PDBs for pattern collection...
[t=2.13389s, 24704 KB] Done computing PDBs for pattern collection: 2.00997s
[t=2.59751s, 28812 KB] Building successor generator...done!
[t=2.6055s, 32212 KB] peak memory difference for successor generator creation: 3400 KB
[t=2.6055s, 32212 KB] time for successor generation creation: 0.00799242s
[t=2.6055s, 32212 KB] Variables: 182
[t=2.6055s, 32212 KB] FactPairs: 449
[t=2.6055s, 32212 KB] Bytes per state: 28
[t=2.6055s, 32212 KB] Conducting best first search without reopening closed nodes, (real) bound = 2147483647
[t=2.6055s, 32212 KB] New best heuristic value for lsh(patterns=systematic(2),transform=adapt_costs(cost_type=normal)): 6
[t=2.6055s, 32212 KB] g=0, 1 evaluated, 0 expanded
[t=2.6055s, 32212 KB] Initial heuristic value for lsh(patterns=systematic(2),transform=adapt_costs(cost_type=normal)): 6
[t=2.6055s, 32212 KB] pruning method: none
[t=2.6055s, 32212 KB] New best heuristic value for lsh(patterns=systematic(2),transform=adapt_costs(cost_type=normal)): 5
[t=2.6055s, 32212 KB] g=1, 3 evaluated, 1 expanded
[t=315.266s, 1260244 KB] New best heuristic value for lsh(patterns=systematic(2),transform=adapt_costs(cost_type=normal)): 4
[t=315.266s, 1260244 KB] g=114, 20174863 evaluated, 15964148 expanded
Failed to allocate memory.
Memory limit has been reached.
Peak memory: 2097032 KB
Remove intermediate file output.sas
search exit code: 22

Driver aborting after search
INFO     Planner time: 511.00s
