INFO     planner time limit: 1800s
INFO     planner memory limit: 2048 MB

INFO     Running translator.
INFO     translator stdin: None
INFO     translator time limit: 1799s
INFO     translator memory limit: 2048 MB
INFO     translator command line string: /home/henry/Documents/UFRGS/TCC/downward/.venv/bin/python /home/henry/Documents/UFRGS/TCC/downward/experiments/lab/data/main/code-5bb2ccb6957559b6969ffd7e29254c73f84d5e49_e5e41175/builds/release/bin/translate/translate.py domain.pddl problem.pddl --sas-file output.sas
Parsing...
Parsing: [0.010s CPU, 0.005s wall-clock]
Normalizing task... [0.000s CPU, 0.000s wall-clock]
Instantiating...
Generating Datalog program... [0.000s CPU, 0.001s wall-clock]
Normalizing Datalog program...
Normalizing Datalog program: [0.000s CPU, 0.005s wall-clock]
Preparing model... [0.010s CPU, 0.004s wall-clock]
Generated 350 rules.
Computing model... [0.030s CPU, 0.029s wall-clock]
2618 relevant atoms
2822 auxiliary atoms
5440 final queue length
9520 total queue pushes
Completing instantiation... [0.050s CPU, 0.055s wall-clock]
Instantiating: [0.090s CPU, 0.096s wall-clock]
Computing fact groups...
Finding invariants...
20 initial candidates
Finding invariants: [0.010s CPU, 0.006s wall-clock]
Checking invariant weight... [0.000s CPU, 0.000s wall-clock]
Instantiating groups... [0.000s CPU, 0.001s wall-clock]
Collecting mutex groups... [0.000s CPU, 0.000s wall-clock]
Choosing groups...
460 uncovered facts
Choosing groups: [0.000s CPU, 0.000s wall-clock]
Building translation key... [0.000s CPU, 0.001s wall-clock]
Computing fact groups: [0.010s CPU, 0.012s wall-clock]
Building STRIPS to SAS dictionary... [0.000s CPU, 0.000s wall-clock]
Building dictionary for full mutex groups... [0.010s CPU, 0.001s wall-clock]
Building mutex information...
Building mutex information: [0.000s CPU, 0.000s wall-clock]
Translating task...
Processing axioms...
Simplifying axioms... [0.000s CPU, 0.000s wall-clock]
Translator axioms removed by simplifying: 0
Computing negative axioms... [0.000s CPU, 0.000s wall-clock]
Processing axioms: [0.000s CPU, 0.003s wall-clock]
Translating task: [0.050s CPU, 0.052s wall-clock]
1393 effect conditions simplified
0 implied preconditions added
Detecting unreachable propositions...
0 operators removed
0 axioms removed
14 propositions removed
Detecting unreachable propositions: [0.030s CPU, 0.024s wall-clock]
Reordering and filtering variables...
126 of 471 variables necessary.
0 of 12 mutex groups necessary.
1645 of 1645 operators necessary.
0 of 0 axiom rules necessary.
Reordering and filtering variables: [0.010s CPU, 0.011s wall-clock]
Translator variables: 126
Translator derived variables: 0
Translator facts: 480
Translator goal facts: 72
Translator mutex groups: 0
Translator total mutex groups size: 0
Translator operators: 1645
Translator axioms: 0
Translator task size: 11544
Translator peak memory: 41396 KB
Writing output... [0.010s CPU, 0.008s wall-clock]
Done! [0.230s CPU, 0.219s wall-clock]
translate exit code: 0

INFO     Running search (release).
INFO     search stdin: output.sas
INFO     search time limit: 1799s
INFO     search memory limit: 2048 MB
INFO     search command line string: /home/henry/Documents/UFRGS/TCC/downward/experiments/lab/data/main/code-5bb2ccb6957559b6969ffd7e29254c73f84d5e49_e5e41175/builds/release/bin/downward --search 'eager_greedy([operatorcounting(constraint_generators=[pho_constraints(patterns=systematic(2))], use_integer_operator_counts=true, transform=adapt_costs(cost_type=NORMAL))])' --internal-plan-file sas_plan < output.sas
[t=0s, 45596 KB] reading input...
[t=0.00784773s, 46148 KB] done reading input!
[t=0.0111169s, 46568 KB] Generating patterns using: systematic pattern collection generator
[t=0.0111169s, 46568 KB] building causal graph...done! [t=0s]
[t=0.0111169s, 46568 KB] Found 434 SGA patterns.
[t=0.0111169s, 46568 KB] Found 434 interesting patterns.
[t=0.015141s, 46568 KB] systematic pattern collection generator number of patterns: 434
[t=0.015141s, 46568 KB] systematic pattern collection generator total PDB size: 4746
[t=0.015141s, 46568 KB] systematic pattern collection generator computation time: 0.0040241s
[t=0.015141s, 46568 KB] Computing PDBs for pattern collection...
[t=0.102911s, 46568 KB] Done computing PDBs for pattern collection: 0.0877699s
[t=0.114903s, 47612 KB] Building successor generator...done!
[t=0.114903s, 47612 KB] peak memory difference for successor generator creation: 0 KB
[t=0.114903s, 47612 KB] time for successor generation creation: 0s
[t=0.114903s, 47612 KB] Variables: 126
[t=0.114903s, 47612 KB] FactPairs: 480
[t=0.114903s, 47612 KB] Bytes per state: 24
[t=0.114903s, 47612 KB] Conducting best first search without reopening closed nodes, (real) bound = 2147483647
[t=0.142876s, 51480 KB] New best heuristic value for operatorcounting(constraint_generators=[pho_constraints(patterns=systematic(2))],use_integer_operator_counts=true,transform=adapt_costs(cost_type=normal)): 2527549
[t=0.142876s, 51480 KB] g=0, 1 evaluated, 0 expanded
[t=0.142876s, 51480 KB] Initial heuristic value for operatorcounting(constraint_generators=[pho_constraints(patterns=systematic(2))],use_integer_operator_counts=true,transform=adapt_costs(cost_type=normal)): 2527549
[t=0.142876s, 51480 KB] pruning method: none
[t=0.178838s, 51932 KB] New best heuristic value for operatorcounting(constraint_generators=[pho_constraints(patterns=systematic(2))],use_integer_operator_counts=true,transform=adapt_costs(cost_type=normal)): 2527049
[t=0.178838s, 51932 KB] g=899, 3 evaluated, 2 expanded
[t=0.562269s, 52232 KB] New best heuristic value for operatorcounting(constraint_generators=[pho_constraints(patterns=systematic(2))],use_integer_operator_counts=true,transform=adapt_costs(cost_type=normal)): 2523961
[t=0.562269s, 52232 KB] g=3588, 15 evaluated, 3 expanded
[t=1.03755s, 52232 KB] New best heuristic value for operatorcounting(constraint_generators=[pho_constraints(patterns=systematic(2))],use_integer_operator_counts=true,transform=adapt_costs(cost_type=normal)): 2513073
[t=1.03755s, 52232 KB] g=14478, 29 evaluated, 4 expanded
[t=1.48901s, 52232 KB] New best heuristic value for operatorcounting(constraint_generators=[pho_constraints(patterns=systematic(2))],use_integer_operator_counts=true,transform=adapt_costs(cost_type=normal)): 2512573
[t=1.48901s, 52232 KB] g=15377, 43 evaluated, 5 expanded
[t=1.84849s, 52296 KB] New best heuristic value for operatorcounting(constraint_generators=[pho_constraints(patterns=systematic(2))],use_integer_operator_counts=true,transform=adapt_costs(cost_type=normal)): 2509485
[t=1.84849s, 52296 KB] g=18066, 56 evaluated, 6 expanded
[t=2.25206s, 52296 KB] New best heuristic value for operatorcounting(constraint_generators=[pho_constraints(patterns=systematic(2))],use_integer_operator_counts=true,transform=adapt_costs(cost_type=normal)): 2498597
[t=2.25206s, 52296 KB] g=28956, 71 evaluated, 7 expanded
[t=2.62773s, 52296 KB] New best heuristic value for operatorcounting(constraint_generators=[pho_constraints(patterns=systematic(2))],use_integer_operator_counts=true,transform=adapt_costs(cost_type=normal)): 2498097
[t=2.62773s, 52296 KB] g=29855, 86 evaluated, 8 expanded
[t=2.92337s, 52296 KB] New best heuristic value for operatorcounting(constraint_generators=[pho_constraints(patterns=systematic(2))],use_integer_operator_counts=true,transform=adapt_costs(cost_type=normal)): 2496299
[t=2.92337s, 52296 KB] g=32544, 100 evaluated, 9 expanded
[t=3.295s, 52332 KB] New best heuristic value for operatorcounting(constraint_generators=[pho_constraints(patterns=systematic(2))],use_integer_operator_counts=true,transform=adapt_costs(cost_type=normal)): 2495799
[t=3.295s, 52332 KB] g=33443, 117 evaluated, 10 expanded
[t=3.63852s, 52332 KB] New best heuristic value for operatorcounting(constraint_generators=[pho_constraints(patterns=systematic(2))],use_integer_operator_counts=true,transform=adapt_costs(cost_type=normal)): 2494001
[t=3.63852s, 52332 KB] g=36132, 132 evaluated, 11 expanded
[t=4.05794s, 52332 KB] New best heuristic value for operatorcounting(constraint_generators=[pho_constraints(patterns=systematic(2))],use_integer_operator_counts=true,transform=adapt_costs(cost_type=normal)): 2493501
[t=4.05794s, 52332 KB] g=37031, 150 evaluated, 12 expanded
[t=4.4295s, 52332 KB] New best heuristic value for operatorcounting(constraint_generators=[pho_constraints(patterns=systematic(2))],use_integer_operator_counts=true,transform=adapt_costs(cost_type=normal)): 2491703
[t=4.4295s, 52332 KB] g=39720, 166 evaluated, 13 expanded
[t=4.89278s, 52332 KB] New best heuristic value for operatorcounting(constraint_generators=[pho_constraints(patterns=systematic(2))],use_integer_operator_counts=true,transform=adapt_costs(cost_type=normal)): 2491203
[t=4.89278s, 52332 KB] g=40619, 185 evaluated, 14 expanded
[t=5.32035s, 52332 KB] New best heuristic value for operatorcounting(constraint_generators=[pho_constraints(patterns=systematic(2))],use_integer_operator_counts=true,transform=adapt_costs(cost_type=normal)): 2488115
[t=5.32035s, 52332 KB] g=43308, 202 evaluated, 15 expanded
[t=5.81566s, 52388 KB] New best heuristic value for operatorcounting(constraint_generators=[pho_constraints(patterns=systematic(2))],use_integer_operator_counts=true,transform=adapt_costs(cost_type=normal)): 2477227
[t=5.81566s, 52388 KB] g=54198, 221 evaluated, 16 expanded
[t=6.21905s, 52388 KB] New best heuristic value for operatorcounting(constraint_generators=[pho_constraints(patterns=systematic(2))],use_integer_operator_counts=true,transform=adapt_costs(cost_type=normal)): 2476727
[t=6.21905s, 52388 KB] g=55097, 240 evaluated, 17 expanded
[t=6.57055s, 52388 KB] New best heuristic value for operatorcounting(constraint_generators=[pho_constraints(patterns=systematic(2))],use_integer_operator_counts=true,transform=adapt_costs(cost_type=normal)): 2474929
[t=6.57055s, 52388 KB] g=57786, 258 evaluated, 18 expanded
[t=6.97795s, 52388 KB] New best heuristic value for operatorcounting(constraint_generators=[pho_constraints(patterns=systematic(2))],use_integer_operator_counts=true,transform=adapt_costs(cost_type=normal)): 2474429
[t=6.97795s, 52388 KB] g=58685, 279 evaluated, 19 expanded
[t=7.36549s, 52388 KB] New best heuristic value for operatorcounting(constraint_generators=[pho_constraints(patterns=systematic(2))],use_integer_operator_counts=true,transform=adapt_costs(cost_type=normal)): 2473929
[t=7.36549s, 52388 KB] g=59185, 300 evaluated, 20 expanded
[t=7.7531s, 52388 KB] New best heuristic value for operatorcounting(constraint_generators=[pho_constraints(patterns=systematic(2))],use_integer_operator_counts=true,transform=adapt_costs(cost_type=normal)): 2473429
[t=7.7531s, 52388 KB] g=59685, 322 evaluated, 21 expanded
[t=8.15253s, 52388 KB] New best heuristic value for operatorcounting(constraint_generators=[pho_constraints(patterns=systematic(2))],use_integer_operator_counts=true,transform=adapt_costs(cost_type=normal)): 2472929
[t=8.15253s, 52388 KB] g=60185, 345 evaluated, 22 expanded
[t=8.52821s, 52388 KB] New best heuristic value for operatorcounting(constraint_generators=[pho_constraints(patterns=systematic(2))],use_integer_operator_counts=true,transform=adapt_costs(cost_type=normal)): 2471131
[t=8.52821s, 52388 KB] g=62874, 367 evaluated, 23 expanded
[t=8.94362s, 52388 KB] New best heuristic value for operatorcounting(constraint_generators=[pho_constraints(patterns=systematic(2))],use_integer_operator_counts=true,transform=adapt_costs(cost_type=normal)): 2470631
[t=8.94362s, 52388 KB] g=63773, 392 evaluated, 24 expanded
[t=9.33918s, 52388 KB] New best heuristic value for operatorcounting(constraint_generators=[pho_constraints(patterns=systematic(2))],use_integer_operator_counts=true,transform=adapt_costs(cost_type=normal)): 2468833
[t=9.33918s, 52388 KB] g=66462, 415 evaluated, 25 expanded
[t=10.4498s, 52388 KB] New best heuristic value for operatorcounting(constraint_generators=[pho_constraints(patterns=systematic(2))],use_integer_operator_counts=true,transform=adapt_costs(cost_type=normal)): 2457528
[t=10.4498s, 52388 KB] g=81355, 479 evaluated, 28 expanded
[t=11.2568s, 52388 KB] New best heuristic value for operatorcounting(constraint_generators=[pho_constraints(patterns=systematic(2))],use_integer_operator_counts=true,transform=adapt_costs(cost_type=normal)): 2446223
[t=11.2568s, 52388 KB] g=96248, 526 evaluated, 30 expanded
[t=11.8399s, 52388 KB] New best heuristic value for operatorcounting(constraint_generators=[pho_constraints(patterns=systematic(2))],use_integer_operator_counts=true,transform=adapt_costs(cost_type=normal)): 2399633
[t=11.8399s, 52388 KB] g=219997, 555 evaluated, 31 expanded
[t=12.5189s, 52452 KB] New best heuristic value for operatorcounting(constraint_generators=[pho_constraints(patterns=systematic(2))],use_integer_operator_counts=true,transform=adapt_costs(cost_type=normal)): 2371924
[t=12.5189s, 52452 KB] g=247706, 572 evaluated, 32 expanded
[t=12.9905s, 52452 KB] New best heuristic value for operatorcounting(constraint_generators=[pho_constraints(patterns=systematic(2))],use_integer_operator_counts=true,transform=adapt_costs(cost_type=normal)): 2360717
[t=12.9905s, 52452 KB] g=258913, 587 evaluated, 33 expanded
[t=13.394s, 52452 KB] New best heuristic value for operatorcounting(constraint_generators=[pho_constraints(patterns=systematic(2))],use_integer_operator_counts=true,transform=adapt_costs(cost_type=normal)): 2357149
[t=13.394s, 52452 KB] g=262481, 605 evaluated, 34 expanded
[t=13.8855s, 52580 KB] New best heuristic value for operatorcounting(constraint_generators=[pho_constraints(patterns=systematic(2))],use_integer_operator_counts=true,transform=adapt_costs(cost_type=normal)): 2346280
[t=13.8855s, 52580 KB] g=273350, 627 evaluated, 35 expanded
[t=14.3809s, 52580 KB] New best heuristic value for operatorcounting(constraint_generators=[pho_constraints(patterns=systematic(2))],use_integer_operator_counts=true,transform=adapt_costs(cost_type=normal)): 2335412
[t=14.3809s, 52580 KB] g=284219, 649 evaluated, 36 expanded
[t=15.4915s, 52580 KB] New best heuristic value for operatorcounting(constraint_generators=[pho_constraints(patterns=systematic(2))],use_integer_operator_counts=true,transform=adapt_costs(cost_type=normal)): 2332281
[t=15.4915s, 52580 KB] g=287350, 690 evaluated, 37 expanded
[t=16.9137s, 52580 KB] New best heuristic value for operatorcounting(constraint_generators=[pho_constraints(patterns=systematic(2))],use_integer_operator_counts=true,transform=adapt_costs(cost_type=normal)): 2320976
[t=16.9137s, 52580 KB] g=302243, 754 evaluated, 40 expanded
[t=17.6168s, 52580 KB] New best heuristic value for operatorcounting(constraint_generators=[pho_constraints(patterns=systematic(2))],use_integer_operator_counts=true,transform=adapt_costs(cost_type=normal)): 2274386
[t=17.6168s, 52580 KB] g=425992, 782 evaluated, 41 expanded
[t=18.2201s, 52580 KB] New best heuristic value for operatorcounting(constraint_generators=[pho_constraints(patterns=systematic(2))],use_integer_operator_counts=true,transform=adapt_costs(cost_type=normal)): 2246677
[t=18.2201s, 52580 KB] g=453701, 800 evaluated, 42 expanded
[t=18.6396s, 52864 KB] New best heuristic value for operatorcounting(constraint_generators=[pho_constraints(patterns=systematic(2))],use_integer_operator_counts=true,transform=adapt_costs(cost_type=normal)): 2235470
[t=18.6396s, 52864 KB] g=464908, 813 evaluated, 43 expanded
[t=19.147s, 52864 KB] New best heuristic value for operatorcounting(constraint_generators=[pho_constraints(patterns=systematic(2))],use_integer_operator_counts=true,transform=adapt_costs(cost_type=normal)): 2231902
[t=19.147s, 52864 KB] g=468476, 831 evaluated, 44 expanded
[t=19.7544s, 52864 KB] New best heuristic value for operatorcounting(constraint_generators=[pho_constraints(patterns=systematic(2))],use_integer_operator_counts=true,transform=adapt_costs(cost_type=normal)): 2221033
[t=19.7544s, 52864 KB] g=479345, 853 evaluated, 45 expanded
[t=20.4257s, 52864 KB] New best heuristic value for operatorcounting(constraint_generators=[pho_constraints(patterns=systematic(2))],use_integer_operator_counts=true,transform=adapt_costs(cost_type=normal)): 2210165
[t=20.4257s, 52864 KB] g=490214, 875 evaluated, 46 expanded
[t=21.8719s, 52864 KB] New best heuristic value for operatorcounting(constraint_generators=[pho_constraints(patterns=systematic(2))],use_integer_operator_counts=true,transform=adapt_costs(cost_type=normal)): 2207034
[t=21.8719s, 52864 KB] g=493345, 918 evaluated, 47 expanded
[t=24.5005s, 52980 KB] New best heuristic value for operatorcounting(constraint_generators=[pho_constraints(patterns=systematic(2))],use_integer_operator_counts=true,transform=adapt_costs(cost_type=normal)): 2113647
[t=24.5005s, 52980 KB] g=628899, 985 evaluated, 50 expanded
[t=24.7683s, 52980 KB] New best heuristic value for operatorcounting(constraint_generators=[pho_constraints(patterns=systematic(2))],use_integer_operator_counts=true,transform=adapt_costs(cost_type=normal)): 2085938
[t=24.7683s, 52980 KB] g=656608, 993 evaluated, 51 expanded
[t=25.5394s, 52980 KB] New best heuristic value for operatorcounting(constraint_generators=[pho_constraints(patterns=systematic(2))],use_integer_operator_counts=true,transform=adapt_costs(cost_type=normal)): 2074731
[t=25.5394s, 52980 KB] g=667815, 1014 evaluated, 52 expanded
[t=26.2266s, 52980 KB] New best heuristic value for operatorcounting(constraint_generators=[pho_constraints(patterns=systematic(2))],use_integer_operator_counts=true,transform=adapt_costs(cost_type=normal)): 2071480
[t=26.2266s, 52980 KB] g=671066, 1033 evaluated, 53 expanded
[t=29.3746s, 52980 KB] New best heuristic value for operatorcounting(constraint_generators=[pho_constraints(patterns=systematic(2))],use_integer_operator_counts=true,transform=adapt_costs(cost_type=normal)): 1978093
[t=29.3746s, 52980 KB] g=806620, 1119 evaluated, 56 expanded
[t=29.686s, 52980 KB] New best heuristic value for operatorcounting(constraint_generators=[pho_constraints(patterns=systematic(2))],use_integer_operator_counts=true,transform=adapt_costs(cost_type=normal)): 1950384
[t=29.686s, 52980 KB] g=834329, 1127 evaluated, 57 expanded
[t=30.3613s, 52980 KB] New best heuristic value for operatorcounting(constraint_generators=[pho_constraints(patterns=systematic(2))],use_integer_operator_counts=true,transform=adapt_costs(cost_type=normal)): 1939177
[t=30.3613s, 52980 KB] g=845536, 1146 evaluated, 58 expanded
[t=30.9126s, 52980 KB] New best heuristic value for operatorcounting(constraint_generators=[pho_constraints(patterns=systematic(2))],use_integer_operator_counts=true,transform=adapt_costs(cost_type=normal)): 1935926
[t=30.9126s, 52980 KB] g=848787, 1163 evaluated, 59 expanded
[t=33.5853s, 52980 KB] New best heuristic value for operatorcounting(constraint_generators=[pho_constraints(patterns=systematic(2))],use_integer_operator_counts=true,transform=adapt_costs(cost_type=normal)): 1842539
[t=33.5853s, 52980 KB] g=984341, 1241 evaluated, 62 expanded
[t=33.893s, 52980 KB] New best heuristic value for operatorcounting(constraint_generators=[pho_constraints(patterns=systematic(2))],use_integer_operator_counts=true,transform=adapt_costs(cost_type=normal)): 1814830
[t=33.893s, 52980 KB] g=1012050, 1249 evaluated, 63 expanded
[t=34.5481s, 52980 KB] New best heuristic value for operatorcounting(constraint_generators=[pho_constraints(patterns=systematic(2))],use_integer_operator_counts=true,transform=adapt_costs(cost_type=normal)): 1803623
[t=34.5481s, 52980 KB] g=1023257, 1266 evaluated, 64 expanded
[t=35.0755s, 52980 KB] New best heuristic value for operatorcounting(constraint_generators=[pho_constraints(patterns=systematic(2))],use_integer_operator_counts=true,transform=adapt_costs(cost_type=normal)): 1800372
[t=35.0755s, 52980 KB] g=1026508, 1281 evaluated, 65 expanded
[t=37.5644s, 52980 KB] New best heuristic value for operatorcounting(constraint_generators=[pho_constraints(patterns=systematic(2))],use_integer_operator_counts=true,transform=adapt_costs(cost_type=normal)): 1706985
[t=37.5644s, 52980 KB] g=1162062, 1351 evaluated, 68 expanded
[t=37.8641s, 52980 KB] New best heuristic value for operatorcounting(constraint_generators=[pho_constraints(patterns=systematic(2))],use_integer_operator_counts=true,transform=adapt_costs(cost_type=normal)): 1679276
[t=37.8641s, 52980 KB] g=1189771, 1359 evaluated, 69 expanded
[t=38.4792s, 52980 KB] New best heuristic value for operatorcounting(constraint_generators=[pho_constraints(patterns=systematic(2))],use_integer_operator_counts=true,transform=adapt_costs(cost_type=normal)): 1668069
[t=38.4792s, 52980 KB] g=1200978, 1376 evaluated, 70 expanded
[t=38.8268s, 52980 KB] New best heuristic value for operatorcounting(constraint_generators=[pho_constraints(patterns=systematic(2))],use_integer_operator_counts=true,transform=adapt_costs(cost_type=normal)): 1664818
[t=38.8268s, 52980 KB] g=1204229, 1387 evaluated, 71 expanded
[t=41.088s, 52980 KB] New best heuristic value for operatorcounting(constraint_generators=[pho_constraints(patterns=systematic(2))],use_integer_operator_counts=true,transform=adapt_costs(cost_type=normal)): 1571431
[t=41.088s, 52980 KB] g=1339783, 1450 evaluated, 74 expanded
[t=41.5075s, 52980 KB] New best heuristic value for operatorcounting(constraint_generators=[pho_constraints(patterns=systematic(2))],use_integer_operator_counts=true,transform=adapt_costs(cost_type=normal)): 1543722
[t=41.5075s, 52980 KB] g=1367492, 1461 evaluated, 75 expanded
[t=41.9189s, 52980 KB] New best heuristic value for operatorcounting(constraint_generators=[pho_constraints(patterns=systematic(2))],use_integer_operator_counts=true,transform=adapt_costs(cost_type=normal)): 1532515
[t=41.9229s, 52980 KB] g=1378699, 1472 evaluated, 76 expanded
[t=42.1786s, 52980 KB] New best heuristic value for operatorcounting(constraint_generators=[pho_constraints(patterns=systematic(2))],use_integer_operator_counts=true,transform=adapt_costs(cost_type=normal)): 1529264
[t=42.1786s, 52980 KB] g=1381950, 1481 evaluated, 77 expanded
[t=44.1162s, 52980 KB] New best heuristic value for operatorcounting(constraint_generators=[pho_constraints(patterns=systematic(2))],use_integer_operator_counts=true,transform=adapt_costs(cost_type=normal)): 1435877
[t=44.1162s, 52980 KB] g=1517504, 1536 evaluated, 80 expanded
[t=44.5316s, 52980 KB] New best heuristic value for operatorcounting(constraint_generators=[pho_constraints(patterns=systematic(2))],use_integer_operator_counts=true,transform=adapt_costs(cost_type=normal)): 1408168
[t=44.5316s, 52980 KB] g=1545213, 1547 evaluated, 81 expanded
[t=44.8272s, 52980 KB] New best heuristic value for operatorcounting(constraint_generators=[pho_constraints(patterns=systematic(2))],use_integer_operator_counts=true,transform=adapt_costs(cost_type=normal)): 1396961
[t=44.8272s, 52980 KB] g=1556420, 1556 evaluated, 82 expanded
[t=45.0389s, 52980 KB] New best heuristic value for operatorcounting(constraint_generators=[pho_constraints(patterns=systematic(2))],use_integer_operator_counts=true,transform=adapt_costs(cost_type=normal)): 1393710
[t=45.0389s, 52980 KB] g=1559671, 1563 evaluated, 83 expanded
[t=46.4928s, 52980 KB] New best heuristic value for operatorcounting(constraint_generators=[pho_constraints(patterns=systematic(2))],use_integer_operator_counts=true,transform=adapt_costs(cost_type=normal)): 1301821
[t=46.4928s, 52980 KB] g=1695225, 1610 evaluated, 86 expanded
[t=46.7684s, 52980 KB] New best heuristic value for operatorcounting(constraint_generators=[pho_constraints(patterns=systematic(2))],use_integer_operator_counts=true,transform=adapt_costs(cost_type=normal)): 1274112
[t=46.7684s, 52980 KB] g=1723344, 1617 evaluated, 87 expanded
[t=47.0441s, 52980 KB] New best heuristic value for operatorcounting(constraint_generators=[pho_constraints(patterns=systematic(2))],use_integer_operator_counts=true,transform=adapt_costs(cost_type=normal)): 1262905
[t=47.0441s, 52980 KB] g=1734551, 1628 evaluated, 88 expanded
[t=47.116s, 52980 KB] New best heuristic value for operatorcounting(constraint_generators=[pho_constraints(patterns=systematic(2))],use_integer_operator_counts=true,transform=adapt_costs(cost_type=normal)): 1259654
[t=47.116s, 52980 KB] g=1737802, 1633 evaluated, 89 expanded
[t=47.9508s, 52980 KB] New best heuristic value for operatorcounting(constraint_generators=[pho_constraints(patterns=systematic(2))],use_integer_operator_counts=true,transform=adapt_costs(cost_type=normal)): 1167765
[t=47.9508s, 52980 KB] g=1873356, 1672 evaluated, 92 expanded
[t=48.0987s, 52980 KB] New best heuristic value for operatorcounting(constraint_generators=[pho_constraints(patterns=systematic(2))],use_integer_operator_counts=true,transform=adapt_costs(cost_type=normal)): 1140056
[t=48.0987s, 52980 KB] g=1901475, 1679 evaluated, 93 expanded
[t=48.2345s, 52980 KB] New best heuristic value for operatorcounting(constraint_generators=[pho_constraints(patterns=systematic(2))],use_integer_operator_counts=true,transform=adapt_costs(cost_type=normal)): 1128849
[t=48.2345s, 52980 KB] g=1912682, 1688 evaluated, 94 expanded
[t=48.2545s, 52980 KB] New best heuristic value for operatorcounting(constraint_generators=[pho_constraints(patterns=systematic(2))],use_integer_operator_counts=true,transform=adapt_costs(cost_type=normal)): 1125598
[t=48.2545s, 52980 KB] g=1915933, 1691 evaluated, 95 expanded
[t=313.277s, 58132 KB] New best heuristic value for operatorcounting(constraint_generators=[pho_constraints(patterns=systematic(2))],use_integer_operator_counts=true,transform=adapt_costs(cost_type=normal)): 979964
[t=313.277s, 58132 KB] g=2145234, 15929 evaluated, 2428 expanded
[t=313.305s, 58132 KB] New best heuristic value for operatorcounting(constraint_generators=[pho_constraints(patterns=systematic(2))],use_integer_operator_counts=true,transform=adapt_costs(cost_type=normal)): 901045
[t=313.305s, 58132 KB] g=2224153, 15935 evaluated, 2429 expanded
[t=313.365s, 58132 KB] New best heuristic value for operatorcounting(constraint_generators=[pho_constraints(patterns=systematic(2))],use_integer_operator_counts=true,transform=adapt_costs(cost_type=normal)): 897794
[t=313.365s, 58132 KB] g=2227404, 15942 evaluated, 2430 expanded
[t=313.461s, 58132 KB] New best heuristic value for operatorcounting(constraint_generators=[pho_constraints(patterns=systematic(2))],use_integer_operator_counts=true,transform=adapt_costs(cost_type=normal)): 896295
[t=313.461s, 58132 KB] g=2228903, 15949 evaluated, 2431 expanded
[t=355.331s, 58132 KB] New best heuristic value for operatorcounting(constraint_generators=[pho_constraints(patterns=systematic(2))],use_integer_operator_counts=true,transform=adapt_costs(cost_type=normal)): 750661
[t=355.331s, 58132 KB] g=2458204, 18834 evaluated, 3066 expanded
[t=355.351s, 58132 KB] New best heuristic value for operatorcounting(constraint_generators=[pho_constraints(patterns=systematic(2))],use_integer_operator_counts=true,transform=adapt_costs(cost_type=normal)): 671742
[t=355.351s, 58132 KB] g=2537123, 18838 evaluated, 3067 expanded
[t=355.387s, 58132 KB] New best heuristic value for operatorcounting(constraint_generators=[pho_constraints(patterns=systematic(2))],use_integer_operator_counts=true,transform=adapt_costs(cost_type=normal)): 668491
[t=355.387s, 58132 KB] g=2540374, 18843 evaluated, 3068 expanded
[t=355.439s, 58132 KB] New best heuristic value for operatorcounting(constraint_generators=[pho_constraints(patterns=systematic(2))],use_integer_operator_counts=true,transform=adapt_costs(cost_type=normal)): 666992
[t=355.439s, 58132 KB] g=2541873, 18848 evaluated, 3069 expanded
[t=355.483s, 58132 KB] New best heuristic value for operatorcounting(constraint_generators=[pho_constraints(patterns=systematic(2))],use_integer_operator_counts=true,transform=adapt_costs(cost_type=normal)): 665493
[t=355.483s, 58132 KB] g=2543372, 18852 evaluated, 3070 expanded
[t=355.531s, 58132 KB] New best heuristic value for operatorcounting(constraint_generators=[pho_constraints(patterns=systematic(2))],use_integer_operator_counts=true,transform=adapt_costs(cost_type=normal)): 663994
[t=355.531s, 58132 KB] g=2544871, 18856 evaluated, 3071 expanded
[t=355.575s, 58132 KB] New best heuristic value for operatorcounting(constraint_generators=[pho_constraints(patterns=systematic(2))],use_integer_operator_counts=true,transform=adapt_costs(cost_type=normal)): 662495
[t=355.575s, 58132 KB] g=2546370, 18860 evaluated, 3072 expanded
[t=359.369s, 58804 KB] New best heuristic value for operatorcounting(constraint_generators=[pho_constraints(patterns=systematic(2))],use_integer_operator_counts=true,transform=adapt_costs(cost_type=normal)): 516861
[t=359.369s, 58804 KB] g=2775671, 19264 evaluated, 3195 expanded
[t=359.369s, 58804 KB] New best heuristic value for operatorcounting(constraint_generators=[pho_constraints(patterns=systematic(2))],use_integer_operator_counts=true,transform=adapt_costs(cost_type=normal)): 437942
[t=359.369s, 58804 KB] g=2854590, 19267 evaluated, 3196 expanded
[t=359.381s, 58804 KB] New best heuristic value for operatorcounting(constraint_generators=[pho_constraints(patterns=systematic(2))],use_integer_operator_counts=true,transform=adapt_costs(cost_type=normal)): 434691
[t=359.381s, 58804 KB] g=2857841, 19270 evaluated, 3197 expanded
[t=359.389s, 58804 KB] New best heuristic value for operatorcounting(constraint_generators=[pho_constraints(patterns=systematic(2))],use_integer_operator_counts=true,transform=adapt_costs(cost_type=normal)): 433192
[t=359.389s, 58804 KB] g=2859340, 19273 evaluated, 3198 expanded
[t=359.389s, 58804 KB] New best heuristic value for operatorcounting(constraint_generators=[pho_constraints(patterns=systematic(2))],use_integer_operator_counts=true,transform=adapt_costs(cost_type=normal)): 431693
[t=359.389s, 58804 KB] g=2860839, 19275 evaluated, 3199 expanded
Peak memory: 74704 KB
caught signal 24 -- exiting
Time limit has been reached.
Remove intermediate file output.sas
search exit code: 23

Driver aborting after search
INFO     Planner time: 1796.84s
