INFO     planner time limit: 1800s
INFO     planner memory limit: 2048 MB

INFO     Running translator.
INFO     translator stdin: None
INFO     translator time limit: 1799s
INFO     translator memory limit: 2048 MB
INFO     translator command line string: /home/henry/Documents/UFRGS/TCC/downward/.venv/bin/python /home/henry/Documents/UFRGS/TCC/downward/experiments/lab/data/main/code-5bb2ccb6957559b6969ffd7e29254c73f84d5e49_e5e41175/builds/release/bin/translate/translate.py domain.pddl problem.pddl --sas-file output.sas
Parsing...
Parsing: [0.000s CPU, 0.003s wall-clock]
Normalizing task... [0.000s CPU, 0.000s wall-clock]
Instantiating...
Generating Datalog program... [0.000s CPU, 0.001s wall-clock]
Normalizing Datalog program...
Normalizing Datalog program: [0.000s CPU, 0.002s wall-clock]
Preparing model... [0.010s CPU, 0.003s wall-clock]
Generated 46 rules.
Computing model... [0.190s CPU, 0.188s wall-clock]
28784 relevant atoms
11208 auxiliary atoms
39992 final queue length
91552 total queue pushes
Completing instantiation... [1.010s CPU, 1.018s wall-clock]
Instantiating: [1.220s CPU, 1.219s wall-clock]
Computing fact groups...
Finding invariants...
12 initial candidates
Finding invariants: [0.010s CPU, 0.010s wall-clock]
Checking invariant weight... [0.000s CPU, 0.000s wall-clock]
Instantiating groups... [0.000s CPU, 0.005s wall-clock]
Collecting mutex groups... [0.000s CPU, 0.001s wall-clock]
Choosing groups...
0 uncovered facts
Choosing groups: [0.010s CPU, 0.001s wall-clock]
Building translation key... [0.000s CPU, 0.001s wall-clock]
Computing fact groups: [0.020s CPU, 0.023s wall-clock]
Building STRIPS to SAS dictionary... [0.000s CPU, 0.001s wall-clock]
Building dictionary for full mutex groups... [0.000s CPU, 0.000s wall-clock]
Building mutex information...
Building mutex information: [0.000s CPU, 0.000s wall-clock]
Translating task...
Processing axioms...
Simplifying axioms... [0.000s CPU, 0.000s wall-clock]
Translator axioms removed by simplifying: 0
Computing negative axioms... [0.000s CPU, 0.000s wall-clock]
Processing axioms: [0.040s CPU, 0.042s wall-clock]
Translating task: [0.740s CPU, 0.749s wall-clock]
0 effect conditions simplified
0 implied preconditions added
Detecting unreachable propositions...
0 operators removed
0 axioms removed
56 propositions removed
Detecting unreachable propositions: [0.500s CPU, 0.493s wall-clock]
Reordering and filtering variables...
56 of 56 variables necessary.
0 of 56 mutex groups necessary.
26696 of 26696 operators necessary.
0 of 0 axiom rules necessary.
Reordering and filtering variables: [0.080s CPU, 0.087s wall-clock]
Translator variables: 56
Translator derived variables: 0
Translator facts: 1432
Translator goal facts: 40
Translator mutex groups: 0
Translator total mutex groups size: 0
Translator operators: 26696
Translator axioms: 0
Translator task size: 160336
Translator peak memory: 138764 KB
Writing output... [0.130s CPU, 0.124s wall-clock]
Done! [2.740s CPU, 2.743s wall-clock]
translate exit code: 0

INFO     Running search (release).
INFO     search stdin: output.sas
INFO     search time limit: 1797s
INFO     search memory limit: 2048 MB
INFO     search command line string: /home/henry/Documents/UFRGS/TCC/downward/experiments/lab/data/main/code-5bb2ccb6957559b6969ffd7e29254c73f84d5e49_e5e41175/builds/release/bin/downward --search 'eager_greedy([ff(transform=adapt_costs(cost_type=NORMAL))])' --internal-plan-file sas_plan < output.sas
[t=0s, 10544 KB] reading input...
[t=0.0758925s, 17800 KB] done reading input!
[t=0.0799048s, 20760 KB] Simplifying 52936 unary operators... done! [52936 unary operators]
[t=0.111866s, 25540 KB] time to simplify: 0.0359335s
[t=0.115838s, 25540 KB] Initializing additive heuristic...
[t=0.115838s, 25540 KB] Initializing FF heuristic...
[t=0.115838s, 25540 KB] Building successor generator...done!
[t=0.127821s, 26840 KB] peak memory difference for successor generator creation: 1300 KB
[t=0.127821s, 26840 KB] time for successor generation creation: 0.00800806s
[t=0.127821s, 26840 KB] Variables: 56
[t=0.127821s, 26840 KB] FactPairs: 1432
[t=0.127821s, 26840 KB] Bytes per state: 40
[t=0.127821s, 26840 KB] Conducting best first search without reopening closed nodes, (real) bound = 2147483647
[t=0.127821s, 26840 KB] New best heuristic value for ff(transform=adapt_costs(cost_type=normal)): 226
[t=0.127821s, 26840 KB] g=0, 1 evaluated, 0 expanded
[t=0.127821s, 26840 KB] Initial heuristic value for ff(transform=adapt_costs(cost_type=normal)): 226
[t=0.127821s, 26840 KB] pruning method: none
[t=0.13182s, 26840 KB] New best heuristic value for ff(transform=adapt_costs(cost_type=normal)): 224
[t=0.13182s, 26840 KB] g=6, 9 evaluated, 1 expanded
[t=0.13182s, 26840 KB] New best heuristic value for ff(transform=adapt_costs(cost_type=normal)): 222
[t=0.13182s, 26840 KB] g=7, 10 evaluated, 1 expanded
[t=0.13182s, 26840 KB] New best heuristic value for ff(transform=adapt_costs(cost_type=normal)): 207
[t=0.13182s, 26840 KB] g=8, 11 evaluated, 1 expanded
[t=0.135828s, 26840 KB] New best heuristic value for ff(transform=adapt_costs(cost_type=normal)): 193
[t=0.135828s, 26840 KB] g=7, 16 evaluated, 1 expanded
[t=0.13981s, 26840 KB] New best heuristic value for ff(transform=adapt_costs(cost_type=normal)): 192
[t=0.13981s, 26840 KB] g=8, 21 evaluated, 1 expanded
[t=0.179772s, 26840 KB] New best heuristic value for ff(transform=adapt_costs(cost_type=normal)): 190
[t=0.179772s, 26840 KB] g=14, 80 evaluated, 2 expanded
[t=0.179772s, 26840 KB] New best heuristic value for ff(transform=adapt_costs(cost_type=normal)): 188
[t=0.179772s, 26840 KB] g=15, 81 evaluated, 2 expanded
[t=0.179772s, 26840 KB] New best heuristic value for ff(transform=adapt_costs(cost_type=normal)): 173
[t=0.183776s, 26840 KB] g=16, 82 evaluated, 2 expanded
[t=0.231701s, 26840 KB] New best heuristic value for ff(transform=adapt_costs(cost_type=normal)): 168
[t=0.231701s, 26840 KB] g=22, 158 evaluated, 3 expanded
[t=0.319552s, 26840 KB] New best heuristic value for ff(transform=adapt_costs(cost_type=normal)): 165
[t=0.319552s, 26840 KB] g=29, 273 evaluated, 5 expanded
[t=0.319552s, 26840 KB] New best heuristic value for ff(transform=adapt_costs(cost_type=normal)): 163
[t=0.319552s, 26840 KB] g=28, 274 evaluated, 5 expanded
[t=374.699s, 66308 KB] New best heuristic value for ff(transform=adapt_costs(cost_type=normal)): 154
[t=374.699s, 66308 KB] g=120, 523463 evaluated, 14758 expanded
Peak memory: 213512 KB
caught signal 24 -- exiting
Time limit has been reached.
Remove intermediate file output.sas
search exit code: 23

Driver aborting after search
INFO     Planner time: 1797.30s
