INFO     planner time limit: 1800s
INFO     planner memory limit: 2048 MB

INFO     Running translator.
INFO     translator stdin: None
INFO     translator time limit: 1799s
INFO     translator memory limit: 2048 MB
INFO     translator command line string: /home/henry/Documents/UFRGS/TCC/downward/.venv/bin/python /home/henry/Documents/UFRGS/TCC/downward/experiments/lab/data/main/code-5bb2ccb6957559b6969ffd7e29254c73f84d5e49_e5e41175/builds/release/bin/translate/translate.py domain.pddl problem.pddl --sas-file output.sas
Parsing...
Parsing: [0.040s CPU, 0.047s wall-clock]
Normalizing task... [0.000s CPU, 0.004s wall-clock]
Instantiating...
Generating Datalog program... [0.010s CPU, 0.010s wall-clock]
Normalizing Datalog program...
Normalizing Datalog program: [0.040s CPU, 0.033s wall-clock]
Preparing model... [0.030s CPU, 0.033s wall-clock]
Generated 2172 rules.
Computing model... [2.880s CPU, 2.881s wall-clock]
151549 relevant atoms
220592 auxiliary atoms
372141 final queue length
663201 total queue pushes
Completing instantiation... [5.420s CPU, 5.415s wall-clock]
Instantiating: [8.500s CPU, 8.506s wall-clock]
Computing fact groups...
Finding invariants...
10 initial candidates
Finding invariants: [0.090s CPU, 0.089s wall-clock]
Checking invariant weight... [0.010s CPU, 0.004s wall-clock]
Instantiating groups... [0.000s CPU, 0.002s wall-clock]
Collecting mutex groups... [0.000s CPU, 0.001s wall-clock]
Choosing groups...
270 uncovered facts
Choosing groups: [0.010s CPU, 0.002s wall-clock]
Building translation key... [0.000s CPU, 0.001s wall-clock]
Computing fact groups: [0.110s CPU, 0.106s wall-clock]
Building STRIPS to SAS dictionary... [0.000s CPU, 0.001s wall-clock]
Building dictionary for full mutex groups... [0.000s CPU, 0.001s wall-clock]
Building mutex information...
Building mutex information: [0.000s CPU, 0.001s wall-clock]
Translating task...
Processing axioms...
Simplifying axioms... [0.000s CPU, 0.000s wall-clock]
Translator axioms removed by simplifying: 0
Computing negative axioms... [0.000s CPU, 0.000s wall-clock]
Processing axioms: [0.210s CPU, 0.205s wall-clock]
Translating task: [4.110s CPU, 4.106s wall-clock]
0 effect conditions simplified
0 implied preconditions added
Detecting unreachable propositions...
0 operators removed
0 axioms removed
271 propositions removed
Detecting unreachable propositions: [2.530s CPU, 2.532s wall-clock]
Reordering and filtering variables...
541 of 541 variables necessary.
0 of 541 mutex groups necessary.
146340 of 146340 operators necessary.
0 of 0 axiom rules necessary.
Reordering and filtering variables: [0.550s CPU, 0.548s wall-clock]
Translator variables: 541
Translator derived variables: 0
Translator facts: 1621
Translator goal facts: 270
Translator mutex groups: 0
Translator total mutex groups size: 0
Translator operators: 146340
Translator axioms: 0
Translator task size: 1045786
Translator peak memory: 652732 KB
Writing output... [0.730s CPU, 0.731s wall-clock]
Done! [16.800s CPU, 16.818s wall-clock]
translate exit code: 0

INFO     Running search (release).
INFO     search stdin: output.sas
INFO     search time limit: 1783s
INFO     search memory limit: 2048 MB
INFO     search command line string: /home/henry/Documents/UFRGS/TCC/downward/experiments/lab/data/main/code-5bb2ccb6957559b6969ffd7e29254c73f84d5e49_e5e41175/builds/release/bin/downward --search 'eager_greedy([lsh(patterns=systematic(2), transform=adapt_costs(cost_type=NORMAL))])' --internal-plan-file sas_plan < output.sas
[t=0s, 10544 KB] reading input...
[t=0.483703s, 51192 KB] done reading input!
[t=0.483703s, 51456 KB] Generating patterns using: systematic pattern collection generator
[t=0.483703s, 51456 KB] building causal graph...done! [t=0.0319832s]
[t=0.515686s, 52272 KB] Found 1694 SGA patterns.
[t=0.519679s, 52272 KB] Found 1694 interesting patterns.
[t=0.519679s, 52272 KB] systematic pattern collection generator number of patterns: 1694
[t=0.519679s, 52272 KB] systematic pattern collection generator total PDB size: 227244
[t=0.519679s, 52272 KB] systematic pattern collection generator computation time: 0.035976s
[t=0.519679s, 52272 KB] Computing PDBs for pattern collection...
[t=36.3357s, 78780 KB] Done computing PDBs for pattern collection: 35.816s
[t=41.8593s, 638024 KB] Building successor generator...done!
[t=41.9112s, 658396 KB] peak memory difference for successor generator creation: 20372 KB
[t=41.9112s, 658396 KB] time for successor generation creation: 0.0519717s
[t=41.9112s, 658396 KB] Variables: 541
[t=41.9112s, 658396 KB] FactPairs: 1621
[t=41.9112s, 658396 KB] Bytes per state: 104
[t=41.9112s, 658396 KB] Conducting best first search without reopening closed nodes, (real) bound = 2147483647
[t=41.9112s, 658396 KB] New best heuristic value for lsh(patterns=systematic(2),transform=adapt_costs(cost_type=normal)): 0
[t=41.9112s, 658396 KB] g=0, 1 evaluated, 0 expanded
[t=41.9112s, 658396 KB] Initial heuristic value for lsh(patterns=systematic(2),transform=adapt_costs(cost_type=normal)): 0
[t=41.9112s, 658396 KB] pruning method: none
Failed to allocate memory.
Memory limit has been reached.
Peak memory: 2097116 KB
Remove intermediate file output.sas
search exit code: 22

Driver aborting after search
INFO     Planner time: 677.60s
