INFO     planner time limit: 1800s
INFO     planner memory limit: 2048 MB

INFO     Running translator.
INFO     translator stdin: None
INFO     translator time limit: 1799s
INFO     translator memory limit: 2048 MB
INFO     translator command line string: /home/henry/Documents/UFRGS/TCC/downward/.venv/bin/python /home/henry/Documents/UFRGS/TCC/downward/experiments/lab/data/main/code-5bb2ccb6957559b6969ffd7e29254c73f84d5e49_e5e41175/builds/release/bin/translate/translate.py domain.pddl problem.pddl --sas-file output.sas
Parsing...
Parsing: [0.040s CPU, 0.049s wall-clock]
Normalizing task... [0.010s CPU, 0.005s wall-clock]
Instantiating...
Generating Datalog program... [0.010s CPU, 0.013s wall-clock]
Normalizing Datalog program...
Normalizing Datalog program: [0.040s CPU, 0.044s wall-clock]
Preparing model... [0.040s CPU, 0.036s wall-clock]
Generated 2172 rules.
Computing model... [4.070s CPU, 4.071s wall-clock]
151341 relevant atoms
220592 auxiliary atoms
371933 final queue length
662993 total queue pushes
Completing instantiation... [7.130s CPU, 7.135s wall-clock]
Instantiating: [11.500s CPU, 11.509s wall-clock]
Computing fact groups...
Finding invariants...
10 initial candidates
Finding invariants: [0.100s CPU, 0.106s wall-clock]
Checking invariant weight... [0.010s CPU, 0.004s wall-clock]
Instantiating groups... [0.000s CPU, 0.002s wall-clock]
Collecting mutex groups... [0.000s CPU, 0.001s wall-clock]
Choosing groups...
270 uncovered facts
Choosing groups: [0.010s CPU, 0.003s wall-clock]
Building translation key... [0.000s CPU, 0.001s wall-clock]
Computing fact groups: [0.120s CPU, 0.124s wall-clock]
Building STRIPS to SAS dictionary... [0.000s CPU, 0.001s wall-clock]
Building dictionary for full mutex groups... [0.000s CPU, 0.002s wall-clock]
Building mutex information...
Building mutex information: [0.010s CPU, 0.002s wall-clock]
Translating task...
Processing axioms...
Simplifying axioms... [0.000s CPU, 0.000s wall-clock]
Translator axioms removed by simplifying: 0
Computing negative axioms... [0.000s CPU, 0.000s wall-clock]
Processing axioms: [0.250s CPU, 0.252s wall-clock]
Translating task: [5.020s CPU, 5.036s wall-clock]
0 effect conditions simplified
0 implied preconditions added
Detecting unreachable propositions...
0 operators removed
0 axioms removed
271 propositions removed
Detecting unreachable propositions: [4.870s CPU, 4.877s wall-clock]
Reordering and filtering variables...
541 of 541 variables necessary.
0 of 541 mutex groups necessary.
146340 of 146340 operators necessary.
0 of 0 axiom rules necessary.
Reordering and filtering variables: [0.570s CPU, 0.566s wall-clock]
Translator variables: 541
Translator derived variables: 0
Translator facts: 1621
Translator goal facts: 270
Translator mutex groups: 0
Translator total mutex groups size: 0
Translator operators: 146340
Translator axioms: 0
Translator task size: 989418
Translator peak memory: 634292 KB
Writing output... [0.670s CPU, 0.674s wall-clock]
Done! [23.130s CPU, 23.166s wall-clock]
translate exit code: 0

INFO     Running search (release).
INFO     search stdin: output.sas
INFO     search time limit: 1776s
INFO     search memory limit: 2048 MB
INFO     search command line string: /home/henry/Documents/UFRGS/TCC/downward/experiments/lab/data/main/code-5bb2ccb6957559b6969ffd7e29254c73f84d5e49_e5e41175/builds/release/bin/downward --search 'eager_greedy([operatorcounting(constraint_generators=[pho_constraints(patterns=systematic(2))], use_integer_operator_counts=false, transform=adapt_costs(cost_type=ONE))])' --internal-plan-file sas_plan < output.sas
[t=0s, 45596 KB] reading input...
[t=0.435489s, 85452 KB] done reading input!
[t=0.443028s, 98092 KB] Generating patterns using: systematic pattern collection generator
[t=0.443028s, 98092 KB] building causal graph...done! [t=0.0319311s]
[t=0.474959s, 98092 KB] Found 1486 SGA patterns.
[t=0.47896s, 98092 KB] Found 1486 interesting patterns.
[t=0.47896s, 98092 KB] systematic pattern collection generator number of patterns: 1486
[t=0.47896s, 98092 KB] systematic pattern collection generator total PDB size: 225996
[t=0.47896s, 98092 KB] systematic pattern collection generator computation time: 0.035932s
[t=0.47896s, 98092 KB] Computing PDBs for pattern collection...
[t=36.6381s, 121180 KB] Done computing PDBs for pattern collection: 36.1591s
[t=46.6979s, 1894300 KB] Building successor generator...done!
[t=46.7458s, 1894300 KB] peak memory difference for successor generator creation: 0 KB
[t=46.7458s, 1894300 KB] time for successor generation creation: 0.0479433s
[t=46.7458s, 1894300 KB] Variables: 541
[t=46.7458s, 1894300 KB] FactPairs: 1621
[t=46.7458s, 1894300 KB] Bytes per state: 104
[t=46.7458s, 1894300 KB] Conducting best first search without reopening closed nodes, (real) bound = 2147483647
[t=48.4081s, 1894300 KB] New best heuristic value for operatorcounting(constraint_generators=[pho_constraints(patterns=systematic(2))],use_integer_operator_counts=false,transform=adapt_costs(cost_type=one)): 806
[t=48.4081s, 1894300 KB] g=0, 1 evaluated, 0 expanded
[t=48.4081s, 1894300 KB] Initial heuristic value for operatorcounting(constraint_generators=[pho_constraints(patterns=systematic(2))],use_integer_operator_counts=false,transform=adapt_costs(cost_type=one)): 806
[t=48.4081s, 1894300 KB] pruning method: none
[t=49.9144s, 1894300 KB] New best heuristic value for operatorcounting(constraint_generators=[pho_constraints(patterns=systematic(2))],use_integer_operator_counts=false,transform=adapt_costs(cost_type=one)): 805
[t=49.9144s, 1894300 KB] g=1, 4 evaluated, 2 expanded
[t=194.563s, 1894300 KB] New best heuristic value for operatorcounting(constraint_generators=[pho_constraints(patterns=systematic(2))],use_integer_operator_counts=false,transform=adapt_costs(cost_type=one)): 804
[t=194.563s, 1894300 KB] g=1, 294 evaluated, 23 expanded
[t=195.581s, 1894300 KB] New best heuristic value for operatorcounting(constraint_generators=[pho_constraints(patterns=systematic(2))],use_integer_operator_counts=false,transform=adapt_costs(cost_type=one)): 803
[t=195.581s, 1894300 KB] g=1, 296 evaluated, 24 expanded
[t=197.079s, 1894300 KB] New best heuristic value for operatorcounting(constraint_generators=[pho_constraints(patterns=systematic(2))],use_integer_operator_counts=false,transform=adapt_costs(cost_type=one)): 802
[t=197.079s, 1894300 KB] g=1, 299 evaluated, 25 expanded
[t=354.613s, 1894300 KB] New best heuristic value for operatorcounting(constraint_generators=[pho_constraints(patterns=systematic(2))],use_integer_operator_counts=false,transform=adapt_costs(cost_type=one)): 801
[t=354.613s, 1894300 KB] g=1, 621 evaluated, 79 expanded
[t=356.439s, 1894300 KB] New best heuristic value for operatorcounting(constraint_generators=[pho_constraints(patterns=systematic(2))],use_integer_operator_counts=false,transform=adapt_costs(cost_type=one)): 800
[t=356.439s, 1894300 KB] g=2, 625 evaluated, 81 expanded
[t=521.659s, 1894300 KB] New best heuristic value for operatorcounting(constraint_generators=[pho_constraints(patterns=systematic(2))],use_integer_operator_counts=false,transform=adapt_costs(cost_type=one)): 799
[t=521.659s, 1894300 KB] g=2, 952 evaluated, 141 expanded
[t=524.084s, 1894300 KB] New best heuristic value for operatorcounting(constraint_generators=[pho_constraints(patterns=systematic(2))],use_integer_operator_counts=false,transform=adapt_costs(cost_type=one)): 798
[t=524.084s, 1894300 KB] g=3, 956 evaluated, 143 expanded
[t=727.697s, 1894300 KB] New best heuristic value for operatorcounting(constraint_generators=[pho_constraints(patterns=systematic(2))],use_integer_operator_counts=false,transform=adapt_costs(cost_type=one)): 797
[t=727.697s, 1894300 KB] g=3, 1284 evaluated, 205 expanded
[t=730.517s, 1894300 KB] New best heuristic value for operatorcounting(constraint_generators=[pho_constraints(patterns=systematic(2))],use_integer_operator_counts=false,transform=adapt_costs(cost_type=one)): 796
[t=730.517s, 1894300 KB] g=4, 1288 evaluated, 207 expanded
[t=940.49s, 1894300 KB] New best heuristic value for operatorcounting(constraint_generators=[pho_constraints(patterns=systematic(2))],use_integer_operator_counts=false,transform=adapt_costs(cost_type=one)): 795
[t=940.49s, 1894300 KB] g=4, 1639 evaluated, 293 expanded
[t=942.795s, 1894300 KB] New best heuristic value for operatorcounting(constraint_generators=[pho_constraints(patterns=systematic(2))],use_integer_operator_counts=false,transform=adapt_costs(cost_type=one)): 794
[t=942.795s, 1894300 KB] g=5, 1643 evaluated, 295 expanded
[t=1169.03s, 1894300 KB] New best heuristic value for operatorcounting(constraint_generators=[pho_constraints(patterns=systematic(2))],use_integer_operator_counts=false,transform=adapt_costs(cost_type=one)): 793
[t=1169.03s, 1894300 KB] g=5, 1993 evaluated, 381 expanded
[t=1171.53s, 1894300 KB] New best heuristic value for operatorcounting(constraint_generators=[pho_constraints(patterns=systematic(2))],use_integer_operator_counts=false,transform=adapt_costs(cost_type=one)): 792
[t=1171.53s, 1894300 KB] g=6, 1997 evaluated, 383 expanded
[t=1340.1s, 1894300 KB] New best heuristic value for operatorcounting(constraint_generators=[pho_constraints(patterns=systematic(2))],use_integer_operator_counts=false,transform=adapt_costs(cost_type=one)): 791
[t=1340.1s, 1894300 KB] g=6, 2264 evaluated, 387 expanded
[t=1341.33s, 1894300 KB] New best heuristic value for operatorcounting(constraint_generators=[pho_constraints(patterns=systematic(2))],use_integer_operator_counts=false,transform=adapt_costs(cost_type=one)): 790
[t=1341.33s, 1894300 KB] g=6, 2266 evaluated, 388 expanded
[t=1343.2s, 1894300 KB] New best heuristic value for operatorcounting(constraint_generators=[pho_constraints(patterns=systematic(2))],use_integer_operator_counts=false,transform=adapt_costs(cost_type=one)): 789
[t=1343.2s, 1894300 KB] g=6, 2269 evaluated, 389 expanded
[t=1564.11s, 1894300 KB] New best heuristic value for operatorcounting(constraint_generators=[pho_constraints(patterns=systematic(2))],use_integer_operator_counts=false,transform=adapt_costs(cost_type=one)): 788
[t=1564.11s, 1894300 KB] g=6, 2619 evaluated, 477 expanded
[t=1566.59s, 1894300 KB] New best heuristic value for operatorcounting(constraint_generators=[pho_constraints(patterns=systematic(2))],use_integer_operator_counts=false,transform=adapt_costs(cost_type=one)): 787
[t=1566.59s, 1894300 KB] g=7, 2623 evaluated, 479 expanded
Peak memory: 1894300 KB
caught signal 24 -- exiting
Time limit has been reached.
Remove intermediate file output.sas
search exit code: 23

Driver aborting after search
INFO     Planner time: 1797.14s
