INFO     planner time limit: 1800s
INFO     planner memory limit: 2048 MB

INFO     Running translator.
INFO     translator stdin: None
INFO     translator time limit: 1799s
INFO     translator memory limit: 2048 MB
INFO     translator command line string: /home/henry/Documents/UFRGS/TCC/downward/.venv/bin/python /home/henry/Documents/UFRGS/TCC/downward/experiments/lab/data/main/code-fa850d1cb8d716322f299a4f9b64478019793ada_e5e41175/builds/release/bin/translate/translate.py domain.pddl problem.pddl --sas-file output.sas
Parsing...
Parsing: [0.010s CPU, 0.020s wall-clock]
Normalizing task... [0.000s CPU, 0.003s wall-clock]
Instantiating...
Generating Datalog program... [0.010s CPU, 0.002s wall-clock]
Normalizing Datalog program...
Normalizing Datalog program: [0.000s CPU, 0.007s wall-clock]
Preparing model... [0.010s CPU, 0.005s wall-clock]
Generated 766 rules.
Computing model... [0.000s CPU, 0.003s wall-clock]
353 relevant atoms
0 auxiliary atoms
353 final queue length
774 total queue pushes
Completing instantiation... [0.010s CPU, 0.005s wall-clock]
Instantiating: [0.030s CPU, 0.023s wall-clock]
Computing fact groups...
Finding invariants...
90 initial candidates
Finding invariants: [0.210s CPU, 0.210s wall-clock]
Checking invariant weight... [0.000s CPU, 0.001s wall-clock]
Instantiating groups... [0.000s CPU, 0.000s wall-clock]
Collecting mutex groups... [0.000s CPU, 0.000s wall-clock]
Choosing groups...
62 uncovered facts
Choosing groups: [0.000s CPU, 0.000s wall-clock]
Building translation key... [0.000s CPU, 0.000s wall-clock]
Computing fact groups: [0.210s CPU, 0.212s wall-clock]
Building STRIPS to SAS dictionary... [0.000s CPU, 0.000s wall-clock]
Building dictionary for full mutex groups... [0.000s CPU, 0.000s wall-clock]
Building mutex information...
Building mutex information: [0.000s CPU, 0.000s wall-clock]
Translating task...
Processing axioms...
Simplifying axioms... [0.000s CPU, 0.000s wall-clock]
Translator axioms removed by simplifying: 0
Computing negative axioms... [0.000s CPU, 0.000s wall-clock]
Processing axioms: [0.000s CPU, 0.000s wall-clock]
Translating task: [0.010s CPU, 0.008s wall-clock]
18 effect conditions simplified
0 implied preconditions added
Detecting unreachable propositions...
0 operators removed
0 axioms removed
2 propositions removed
Detecting unreachable propositions: [0.000s CPU, 0.003s wall-clock]
Reordering and filtering variables...
10 of 67 variables necessary.
5 of 75 mutex groups necessary.
261 of 261 operators necessary.
0 of 0 axiom rules necessary.
Reordering and filtering variables: [0.000s CPU, 0.001s wall-clock]
Translator variables: 10
Translator derived variables: 0
Translator facts: 41
Translator goal facts: 3
Translator mutex groups: 5
Translator total mutex groups size: 26
Translator operators: 261
Translator axioms: 0
Translator task size: 1262
Translator peak memory: 34824 KB
Writing output... [0.000s CPU, 0.001s wall-clock]
Done! [0.260s CPU, 0.273s wall-clock]
translate exit code: 0

INFO     Running search (release).
INFO     search stdin: output.sas
INFO     search time limit: 1799s
INFO     search memory limit: 2048 MB
INFO     search command line string: /home/henry/Documents/UFRGS/TCC/downward/experiments/lab/data/main/code-fa850d1cb8d716322f299a4f9b64478019793ada_e5e41175/builds/release/bin/downward --search 'eager_greedy([operatorcounting(constraint_generators=[pho_constraints(patterns=systematic(4))], use_integer_operator_counts=false, transform=adapt_costs(cost_type=ONE))])' --internal-plan-file sas_plan < output.sas
[t=0s, 45596 KB] reading input...
[t=0s, 45596 KB] done reading input!
[t=0.00330954s, 45992 KB] Generating patterns using: systematic pattern collection generator
[t=0.00330954s, 45992 KB] building causal graph...done! [t=0s]
[t=0.00330954s, 45992 KB] Found 54 SGA patterns.
[t=0.00330954s, 45992 KB] Found 67 interesting patterns.
[t=0.00330954s, 45992 KB] systematic pattern collection generator number of patterns: 67
[t=0.00330954s, 45992 KB] systematic pattern collection generator total PDB size: 7454
[t=0.00330954s, 45992 KB] systematic pattern collection generator computation time: 0s
[t=0.00330954s, 45992 KB] Computing PDBs for pattern collection...
[t=0.0112524s, 45992 KB] Done computing PDBs for pattern collection: 0.00794284s
[t=0.0112524s, 46124 KB] Building successor generator...done!
[t=0.0112524s, 46124 KB] peak memory difference for successor generator creation: 0 KB
[t=0.0112524s, 46124 KB] time for successor generation creation: 0s
[t=0.0112524s, 46124 KB] Variables: 10
[t=0.0112524s, 46124 KB] FactPairs: 41
[t=0.0112524s, 46124 KB] Bytes per state: 4
[t=0.0112524s, 46124 KB] Conducting best first search without reopening closed nodes, (real) bound = 2147483647
[t=0.0112524s, 46544 KB] New best heuristic value for operatorcounting(constraint_generators=[pho_constraints(patterns=systematic(4))],use_integer_operator_counts=false,transform=adapt_costs(cost_type=one)): 11
[t=0.0112524s, 46544 KB] g=0, 1 evaluated, 0 expanded
[t=0.0112524s, 46544 KB] Initial heuristic value for operatorcounting(constraint_generators=[pho_constraints(patterns=systematic(4))],use_integer_operator_counts=false,transform=adapt_costs(cost_type=one)): 11
[t=0.0112524s, 46544 KB] pruning method: none
[t=0.0112524s, 46544 KB] New best heuristic value for operatorcounting(constraint_generators=[pho_constraints(patterns=systematic(4))],use_integer_operator_counts=false,transform=adapt_costs(cost_type=one)): 10
[t=0.0112524s, 46544 KB] g=1, 3 evaluated, 1 expanded
[t=0.0112524s, 46544 KB] New best heuristic value for operatorcounting(constraint_generators=[pho_constraints(patterns=systematic(4))],use_integer_operator_counts=false,transform=adapt_costs(cost_type=one)): 9
[t=0.0112524s, 46544 KB] g=2, 6 evaluated, 2 expanded
[t=0.0152219s, 46544 KB] New best heuristic value for operatorcounting(constraint_generators=[pho_constraints(patterns=systematic(4))],use_integer_operator_counts=false,transform=adapt_costs(cost_type=one)): 8
[t=0.0152219s, 46544 KB] g=3, 21 evaluated, 4 expanded
[t=0.0152219s, 46544 KB] New best heuristic value for operatorcounting(constraint_generators=[pho_constraints(patterns=systematic(4))],use_integer_operator_counts=false,transform=adapt_costs(cost_type=one)): 7
[t=0.0152219s, 46544 KB] g=6, 70 evaluated, 16 expanded
[t=0.0152219s, 46544 KB] New best heuristic value for operatorcounting(constraint_generators=[pho_constraints(patterns=systematic(4))],use_integer_operator_counts=false,transform=adapt_costs(cost_type=one)): 6
[t=0.0152219s, 46544 KB] g=8, 78 evaluated, 18 expanded
[t=0.0152219s, 46544 KB] New best heuristic value for operatorcounting(constraint_generators=[pho_constraints(patterns=systematic(4))],use_integer_operator_counts=false,transform=adapt_costs(cost_type=one)): 5
[t=0.0152219s, 46544 KB] g=9, 83 evaluated, 19 expanded
[t=0.0152219s, 46544 KB] New best heuristic value for operatorcounting(constraint_generators=[pho_constraints(patterns=systematic(4))],use_integer_operator_counts=false,transform=adapt_costs(cost_type=one)): 4
[t=0.0152219s, 46544 KB] g=10, 88 evaluated, 20 expanded
[t=0.0192189s, 46544 KB] New best heuristic value for operatorcounting(constraint_generators=[pho_constraints(patterns=systematic(4))],use_integer_operator_counts=false,transform=adapt_costs(cost_type=one)): 3
[t=0.0192189s, 46544 KB] g=11, 92 evaluated, 21 expanded
[t=0.0192189s, 46544 KB] New best heuristic value for operatorcounting(constraint_generators=[pho_constraints(patterns=systematic(4))],use_integer_operator_counts=false,transform=adapt_costs(cost_type=one)): 2
[t=0.0192189s, 46544 KB] g=12, 95 evaluated, 22 expanded
[t=0.0192189s, 46544 KB] New best heuristic value for operatorcounting(constraint_generators=[pho_constraints(patterns=systematic(4))],use_integer_operator_counts=false,transform=adapt_costs(cost_type=one)): 1
[t=0.0192189s, 46544 KB] g=13, 99 evaluated, 23 expanded
[t=0.0192189s, 46544 KB] New best heuristic value for operatorcounting(constraint_generators=[pho_constraints(patterns=systematic(4))],use_integer_operator_counts=false,transform=adapt_costs(cost_type=one)): 0
[t=0.0192189s, 46544 KB] g=14, 104 evaluated, 24 expanded
[t=0.0192189s, 46544 KB] Solution found!
[t=0.0192189s, 46544 KB] Actual search time: 0.00796653s
drive_truck1_l3_l2_t0_t1  (1)
load_package1_truck1_a2_l2  (1)
load_package2_truck1_a1_l2  (1)
drive_truck1_l2_l1_t1_t2  (1)
unload_package2_truck1_a1_l1  (1)
deliver_package2_l1_t2_t2  (1)
drive_truck1_l1_l3_t2_t3  (1)
unload_package1_truck1_a2_l3  (1)
deliver_package1_l3_t3_t3  (1)
drive_truck1_l3_l2_t3_t4  (1)
load_package3_truck1_a1_l2  (1)
drive_truck1_l2_l1_t4_t5  (1)
unload_package3_truck1_a1_l1  (1)
deliver_package3_l1_t5_t6  (1)
[t=0.0192189s, 46544 KB] Plan length: 14 step(s).
[t=0.0192189s, 46544 KB] Plan cost: 14
[t=0.0192189s, 46544 KB] Expanded 25 state(s).
[t=0.0192189s, 46544 KB] Reopened 0 state(s).
[t=0.0192189s, 46544 KB] Evaluated 104 state(s).
[t=0.0192189s, 46544 KB] Evaluations: 104
[t=0.0192189s, 46544 KB] Generated 252 state(s).
[t=0.0192189s, 46544 KB] Dead ends: 56 state(s).
[t=0.0192189s, 46544 KB] Number of registered states: 104
[t=0.0192189s, 46544 KB] Int hash set load factor: 104/128 = 0.8125
[t=0.0192189s, 46544 KB] Int hash set resizes: 7
[t=0.0192189s, 46544 KB] Search time: 0.00796653s
[t=0.0192189s, 46544 KB] Total time: 0.0192189s
Solution found.
Peak memory: 46544 KB
Remove intermediate file output.sas
search exit code: 0

INFO     Running validate.
INFO     validate stdin: None
INFO     validate time limit: None
INFO     validate memory limit: None
INFO     validate command line string: /home/henry/bin/validate domain.pddl problem.pddl sas_plan
Checking plan: sas_plan
Plan executed successfully - checking goal
Plan valid
Final value: 14 

Successful plans:
Value: 14
 sas_plan 14 

validate exit code: 0

INFO     Planner time: 0.37s
