INFO     planner time limit: 1800s
INFO     planner memory limit: 2048 MB

INFO     Running translator.
INFO     translator stdin: None
INFO     translator time limit: 1799s
INFO     translator memory limit: 2048 MB
INFO     translator command line string: /home/henry/Documents/UFRGS/TCC/downward/.venv/bin/python /home/henry/Documents/UFRGS/TCC/downward/experiments/lab/data/main/code-5bb2ccb6957559b6969ffd7e29254c73f84d5e49_e5e41175/builds/release/bin/translate/translate.py domain.pddl problem.pddl --sas-file output.sas
Parsing...
Parsing: [0.120s CPU, 0.127s wall-clock]
Normalizing task... [0.010s CPU, 0.014s wall-clock]
Instantiating...
Generating Datalog program... [0.020s CPU, 0.015s wall-clock]
Normalizing Datalog program...
Normalizing Datalog program: [0.110s CPU, 0.111s wall-clock]
Preparing model... [0.070s CPU, 0.076s wall-clock]
Generated 6310 rules.
Computing model... [6.370s CPU, 6.368s wall-clock]
275532 relevant atoms
457411 auxiliary atoms
732943 final queue length
1122414 total queue pushes
Completing instantiation... [7.900s CPU, 7.907s wall-clock]
Instantiating: [14.690s CPU, 14.704s wall-clock]
Computing fact groups...
Finding invariants...
1272 initial candidates
Finding invariants: [14.630s CPU, 14.654s wall-clock]
Checking invariant weight... [0.000s CPU, 0.000s wall-clock]
Instantiating groups... [0.000s CPU, 0.000s wall-clock]
Collecting mutex groups... [0.010s CPU, 0.001s wall-clock]
Choosing groups...
5368 uncovered facts
Choosing groups: [0.000s CPU, 0.002s wall-clock]
Building translation key... [0.020s CPU, 0.014s wall-clock]
Computing fact groups: [14.690s CPU, 14.708s wall-clock]
Building STRIPS to SAS dictionary... [0.010s CPU, 0.007s wall-clock]
Building dictionary for full mutex groups... [0.000s CPU, 0.006s wall-clock]
Building mutex information...
Building mutex information: [0.010s CPU, 0.005s wall-clock]
Translating task...
Processing axioms...
Simplifying axioms... [0.000s CPU, 0.000s wall-clock]
Translator axioms removed by simplifying: 0
Computing negative axioms... [0.000s CPU, 0.000s wall-clock]
Processing axioms: [0.310s CPU, 0.317s wall-clock]
Translating task: [9.420s CPU, 9.426s wall-clock]
418880 effect conditions simplified
0 implied preconditions added
Detecting unreachable propositions...
357 operators removed
0 axioms removed
50 propositions removed
Detecting unreachable propositions: [5.370s CPU, 5.387s wall-clock]
Reordering and filtering variables...
5071 of 5343 variables necessary.
0 of 0 mutex groups necessary.
261233 of 262386 operators necessary.
0 of 0 axiom rules necessary.
Reordering and filtering variables: [6.710s CPU, 6.707s wall-clock]
Translator variables: 5071
Translator derived variables: 0
Translator facts: 10142
Translator goal facts: 15
Translator mutex groups: 0
Translator total mutex groups size: 0
Translator operators: 261233
Translator axioms: 0
Translator task size: 1816060
Translator peak memory: 1035960 KB
Writing output... [1.540s CPU, 1.552s wall-clock]
Done! [52.960s CPU, 53.033s wall-clock]
translate exit code: 0

INFO     Running search (release).
INFO     search stdin: output.sas
INFO     search time limit: 1746s
INFO     search memory limit: 2048 MB
INFO     search command line string: /home/henry/Documents/UFRGS/TCC/downward/experiments/lab/data/main/code-5bb2ccb6957559b6969ffd7e29254c73f84d5e49_e5e41175/builds/release/bin/downward --search 'eager_greedy([lsh(patterns=systematic(4), transform=adapt_costs(cost_type=ONE))])' --internal-plan-file sas_plan < output.sas
[t=0s, 10544 KB] reading input...
[t=1.12668s, 94020 KB] done reading input!
[t=1.12668s, 94284 KB] Generating patterns using: systematic pattern collection generator
[t=1.12668s, 94284 KB] building causal graph...done! [t=0.78282s]
Failed to allocate memory.
Memory limit has been reached.
Peak memory: 1918468 KB
Remove intermediate file output.sas
search exit code: 22

Driver aborting after search
INFO     Planner time: 68.08s
