INFO     planner time limit: 1800s
INFO     planner memory limit: 2048 MB

INFO     Running translator.
INFO     translator stdin: None
INFO     translator time limit: 1799s
INFO     translator memory limit: 2048 MB
INFO     translator command line string: /home/henry/Documents/UFRGS/TCC/downward/.venv/bin/python /home/henry/Documents/UFRGS/TCC/downward/experiments/lab/data/main/code-5bb2ccb6957559b6969ffd7e29254c73f84d5e49_e5e41175/builds/release/bin/translate/translate.py domain.pddl problem.pddl --sas-file output.sas
Parsing...
Parsing: [0.000s CPU, 0.005s wall-clock]
Normalizing task... [0.000s CPU, 0.000s wall-clock]
Instantiating...
Generating Datalog program... [0.010s CPU, 0.001s wall-clock]
Normalizing Datalog program...
Normalizing Datalog program: [0.000s CPU, 0.005s wall-clock]
Preparing model... [0.010s CPU, 0.006s wall-clock]
Generated 258 rules.
Computing model... [2.250s CPU, 2.255s wall-clock]
299043 relevant atoms
2460 auxiliary atoms
301503 final queue length
1112254 total queue pushes
Completing instantiation... [16.810s CPU, 16.832s wall-clock]
Instantiating: [19.170s CPU, 19.183s wall-clock]
Computing fact groups...
Finding invariants...
44 initial candidates
Finding invariants: [0.350s CPU, 0.355s wall-clock]
Checking invariant weight... [0.000s CPU, 0.000s wall-clock]
Instantiating groups... [0.000s CPU, 0.001s wall-clock]
Collecting mutex groups... [0.000s CPU, 0.000s wall-clock]
Choosing groups...
116 uncovered facts
Choosing groups: [0.000s CPU, 0.000s wall-clock]
Building translation key... [0.000s CPU, 0.000s wall-clock]
Computing fact groups: [0.350s CPU, 0.358s wall-clock]
Building STRIPS to SAS dictionary... [0.000s CPU, 0.000s wall-clock]
Building dictionary for full mutex groups... [0.000s CPU, 0.000s wall-clock]
Building mutex information...
Building mutex information: [0.000s CPU, 0.000s wall-clock]
Translating task...
Processing axioms...
Simplifying axioms... [0.000s CPU, 0.000s wall-clock]
Translator axioms removed by simplifying: 0
Computing negative axioms... [0.000s CPU, 0.000s wall-clock]
Processing axioms: [0.600s CPU, 0.602s wall-clock]
Translating task: [13.120s CPU, 13.126s wall-clock]
321615 effect conditions simplified
0 implied preconditions added
Detecting unreachable propositions...
0 operators removed
0 axioms removed
38 propositions removed
Detecting unreachable propositions: [8.360s CPU, 8.378s wall-clock]
Reordering and filtering variables...
109 of 115 variables necessary.
0 of 12 mutex groups necessary.
298119 of 298119 operators necessary.
0 of 0 axiom rules necessary.
Reordering and filtering variables: [2.370s CPU, 2.373s wall-clock]
Translator variables: 109
Translator derived variables: 0
Translator facts: 314
Translator goal facts: 1
Translator mutex groups: 0
Translator total mutex groups size: 0
Translator operators: 298119
Translator axioms: 0
Translator task size: 3106114
Translator peak memory: 1818976 KB
Writing output... [1.980s CPU, 1.987s wall-clock]
Done! [46.080s CPU, 46.137s wall-clock]
translate exit code: 0

INFO     Running search (release).
INFO     search stdin: output.sas
INFO     search time limit: 1753s
INFO     search memory limit: 2048 MB
INFO     search command line string: /home/henry/Documents/UFRGS/TCC/downward/experiments/lab/data/main/code-5bb2ccb6957559b6969ffd7e29254c73f84d5e49_e5e41175/builds/release/bin/downward --search 'eager_greedy([operatorcounting(constraint_generators=[pho_constraints(patterns=systematic(2))], use_integer_operator_counts=true, transform=adapt_costs(cost_type=ONE))])' --internal-plan-file sas_plan < output.sas
[t=0s, 45596 KB] reading input...
[t=1.4028s, 167796 KB] done reading input!
[t=1.42375s, 192848 KB] Generating patterns using: systematic pattern collection generator
[t=1.42375s, 192848 KB] building causal graph...done! [t=0.155854s]
[t=1.5796s, 192848 KB] Found 6 SGA patterns.
[t=1.5796s, 192848 KB] Found 6 interesting patterns.
[t=1.5796s, 192848 KB] systematic pattern collection generator number of patterns: 6
[t=1.5796s, 192848 KB] systematic pattern collection generator total PDB size: 22
[t=1.5796s, 192848 KB] systematic pattern collection generator computation time: 0.155854s
[t=1.5796s, 192848 KB] Computing PDBs for pattern collection...
[t=1.89519s, 192848 KB] Done computing PDBs for pattern collection: 0.315592s
[t=1.98306s, 209672 KB] Building successor generator...done!
[t=2.15478s, 228072 KB] peak memory difference for successor generator creation: 18400 KB
[t=2.15478s, 228072 KB] time for successor generation creation: 0.171719s
[t=2.15478s, 228072 KB] Variables: 109
[t=2.15478s, 228072 KB] FactPairs: 314
[t=2.15478s, 228072 KB] Bytes per state: 20
[t=2.15478s, 228072 KB] Conducting best first search without reopening closed nodes, (real) bound = 2147483647
[t=2.23066s, 292068 KB] New best heuristic value for operatorcounting(constraint_generators=[pho_constraints(patterns=systematic(2))],use_integer_operator_counts=true,transform=adapt_costs(cost_type=one)): 2
[t=2.23066s, 292068 KB] g=0, 1 evaluated, 0 expanded
[t=2.23066s, 292068 KB] Initial heuristic value for operatorcounting(constraint_generators=[pho_constraints(patterns=systematic(2))],use_integer_operator_counts=true,transform=adapt_costs(cost_type=one)): 2
[t=2.23066s, 292068 KB] pruning method: none
Peak memory: 292068 KB
caught signal 24 -- exiting
Time limit has been reached.
Remove intermediate file output.sas
search exit code: 23

Driver aborting after search
INFO     Planner time: 1797.26s
