INFO     planner time limit: 1800s
INFO     planner memory limit: 2048 MB

INFO     Running translator.
INFO     translator stdin: None
INFO     translator time limit: 1799s
INFO     translator memory limit: 2048 MB
INFO     translator command line string: /home/henry/Documents/UFRGS/TCC/downward/.venv/bin/python /home/henry/Documents/UFRGS/TCC/downward/experiments/lab/data/main/code-5bb2ccb6957559b6969ffd7e29254c73f84d5e49_e5e41175/builds/release/bin/translate/translate.py domain.pddl problem.pddl --sas-file output.sas
Parsing...
Parsing: [0.000s CPU, 0.002s wall-clock]
Normalizing task... [0.000s CPU, 0.000s wall-clock]
Instantiating...
Generating Datalog program... [0.000s CPU, 0.000s wall-clock]
Normalizing Datalog program...
Normalizing Datalog program: [0.000s CPU, 0.002s wall-clock]
Preparing model... [0.000s CPU, 0.001s wall-clock]
Generated 46 rules.
Computing model... [0.030s CPU, 0.027s wall-clock]
3460 relevant atoms
2552 auxiliary atoms
6012 final queue length
11142 total queue pushes
Completing instantiation... [0.060s CPU, 0.064s wall-clock]
Instantiating: [0.090s CPU, 0.095s wall-clock]
Computing fact groups...
Finding invariants...
12 initial candidates
Finding invariants: [0.000s CPU, 0.002s wall-clock]
Checking invariant weight... [0.000s CPU, 0.000s wall-clock]
Instantiating groups... [0.000s CPU, 0.001s wall-clock]
Collecting mutex groups... [0.000s CPU, 0.000s wall-clock]
Choosing groups...
0 uncovered facts
Choosing groups: [0.000s CPU, 0.001s wall-clock]
Building translation key... [0.010s CPU, 0.000s wall-clock]
Computing fact groups: [0.010s CPU, 0.006s wall-clock]
Building STRIPS to SAS dictionary... [0.000s CPU, 0.000s wall-clock]
Building dictionary for full mutex groups... [0.000s CPU, 0.000s wall-clock]
Building mutex information...
Building mutex information: [0.000s CPU, 0.000s wall-clock]
Translating task...
Processing axioms...
Simplifying axioms... [0.000s CPU, 0.000s wall-clock]
Translator axioms removed by simplifying: 0
Computing negative axioms... [0.000s CPU, 0.000s wall-clock]
Processing axioms: [0.000s CPU, 0.005s wall-clock]
Translating task: [0.050s CPU, 0.059s wall-clock]
0 effect conditions simplified
0 implied preconditions added
Detecting unreachable propositions...
0 operators removed
0 axioms removed
22 propositions removed
Detecting unreachable propositions: [0.020s CPU, 0.029s wall-clock]
Reordering and filtering variables...
22 of 22 variables necessary.
0 of 22 mutex groups necessary.
2816 of 2816 operators necessary.
0 of 0 axiom rules necessary.
Reordering and filtering variables: [0.010s CPU, 0.009s wall-clock]
Translator variables: 22
Translator derived variables: 0
Translator facts: 340
Translator goal facts: 14
Translator mutex groups: 0
Translator total mutex groups size: 0
Translator operators: 2816
Translator axioms: 0
Translator task size: 16720
Translator peak memory: 43520 KB
Writing output... [0.010s CPU, 0.012s wall-clock]
Done! [0.200s CPU, 0.217s wall-clock]
translate exit code: 0

INFO     Running search (release).
INFO     search stdin: output.sas
INFO     search time limit: 1799s
INFO     search memory limit: 2048 MB
INFO     search command line string: /home/henry/Documents/UFRGS/TCC/downward/experiments/lab/data/main/code-5bb2ccb6957559b6969ffd7e29254c73f84d5e49_e5e41175/builds/release/bin/downward --search 'eager_greedy([operatorcounting(constraint_generators=[pho_constraints(patterns=systematic(4))], use_integer_operator_counts=false, transform=adapt_costs(cost_type=NORMAL))])' --internal-plan-file sas_plan < output.sas
[t=0s, 45596 KB] reading input...
[t=0.00776433s, 46392 KB] done reading input!
[t=0.0110031s, 46848 KB] Generating patterns using: systematic pattern collection generator
[t=0.0110031s, 46848 KB] building causal graph...done! [t=0s]
[t=0.0149952s, 48052 KB] Found 5124 SGA patterns.
[t=0.0269677s, 48264 KB] Found 7490 interesting patterns.
[t=0.0269677s, 48264 KB] systematic pattern collection generator number of patterns: 7490
[t=0.0269677s, 48264 KB] systematic pattern collection generator total PDB size: 196739067
[t=0.0269677s, 48264 KB] systematic pattern collection generator computation time: 0.0159646s
[t=0.0269677s, 48264 KB] Computing PDBs for pattern collection...
[t=70.7613s, 820276 KB] Done computing PDBs for pattern collection: 70.7343s
[t=71.2209s, 1094180 KB] Building successor generator...done!
[t=71.2249s, 1094180 KB] peak memory difference for successor generator creation: 0 KB
[t=71.2249s, 1094180 KB] time for successor generation creation: 0.00398177s
[t=71.2249s, 1094180 KB] Variables: 22
[t=71.2249s, 1094180 KB] FactPairs: 340
[t=71.2249s, 1094180 KB] Bytes per state: 12
[t=71.2249s, 1094180 KB] Conducting best first search without reopening closed nodes, (real) bound = 2147483647
[t=71.2369s, 1094180 KB] New best heuristic value for operatorcounting(constraint_generators=[pho_constraints(patterns=systematic(4))],use_integer_operator_counts=false,transform=adapt_costs(cost_type=normal)): 74
[t=71.2369s, 1094180 KB] g=0, 1 evaluated, 0 expanded
[t=71.2369s, 1094180 KB] Initial heuristic value for operatorcounting(constraint_generators=[pho_constraints(patterns=systematic(4))],use_integer_operator_counts=false,transform=adapt_costs(cost_type=normal)): 74
[t=71.2369s, 1094180 KB] pruning method: none
[t=71.2409s, 1094180 KB] New best heuristic value for operatorcounting(constraint_generators=[pho_constraints(patterns=systematic(4))],use_integer_operator_counts=false,transform=adapt_costs(cost_type=normal)): 69
[t=71.2409s, 1094180 KB] g=7, 2 evaluated, 1 expanded
[t=71.3647s, 1094180 KB] New best heuristic value for operatorcounting(constraint_generators=[pho_constraints(patterns=systematic(4))],use_integer_operator_counts=false,transform=adapt_costs(cost_type=normal)): 68
[t=71.3647s, 1094180 KB] g=13, 33 evaluated, 2 expanded
[t=71.3807s, 1094180 KB] New best heuristic value for operatorcounting(constraint_generators=[pho_constraints(patterns=systematic(4))],use_integer_operator_counts=false,transform=adapt_costs(cost_type=normal)): 65
[t=71.3807s, 1094180 KB] g=17, 37 evaluated, 2 expanded
[t=71.4966s, 1094180 KB] New best heuristic value for operatorcounting(constraint_generators=[pho_constraints(patterns=systematic(4))],use_integer_operator_counts=false,transform=adapt_costs(cost_type=normal)): 63
[t=71.4966s, 1094180 KB] g=24, 69 evaluated, 4 expanded
[t=71.5085s, 1094180 KB] New best heuristic value for operatorcounting(constraint_generators=[pho_constraints(patterns=systematic(4))],use_integer_operator_counts=false,transform=adapt_costs(cost_type=normal)): 61
[t=71.5085s, 1094180 KB] g=23, 71 evaluated, 4 expanded
[t=71.8041s, 1094180 KB] New best heuristic value for operatorcounting(constraint_generators=[pho_constraints(patterns=systematic(4))],use_integer_operator_counts=false,transform=adapt_costs(cost_type=normal)): 59
[t=71.8041s, 1094180 KB] g=31, 145 evaluated, 7 expanded
[t=72.4433s, 1094180 KB] New best heuristic value for operatorcounting(constraint_generators=[pho_constraints(patterns=systematic(4))],use_integer_operator_counts=false,transform=adapt_costs(cost_type=normal)): 56
[t=72.4433s, 1094180 KB] g=43, 305 evaluated, 13 expanded
[t=380.455s, 1094180 KB] New best heuristic value for operatorcounting(constraint_generators=[pho_constraints(patterns=systematic(4))],use_integer_operator_counts=false,transform=adapt_costs(cost_type=normal)): 55
[t=380.455s, 1094180 KB] g=86, 67173 evaluated, 4832 expanded
[t=380.459s, 1094180 KB] New best heuristic value for operatorcounting(constraint_generators=[pho_constraints(patterns=systematic(4))],use_integer_operator_counts=false,transform=adapt_costs(cost_type=normal)): 54
[t=380.459s, 1094180 KB] g=87, 67174 evaluated, 4832 expanded
[t=387.302s, 1094180 KB] New best heuristic value for operatorcounting(constraint_generators=[pho_constraints(patterns=systematic(4))],use_integer_operator_counts=false,transform=adapt_costs(cost_type=normal)): 53
[t=387.302s, 1094180 KB] g=93, 69041 evaluated, 4924 expanded
[t=387.949s, 1094180 KB] New best heuristic value for operatorcounting(constraint_generators=[pho_constraints(patterns=systematic(4))],use_integer_operator_counts=false,transform=adapt_costs(cost_type=normal)): 51
[t=387.949s, 1094180 KB] g=101, 69245 evaluated, 4932 expanded
[t=387.961s, 1094180 KB] New best heuristic value for operatorcounting(constraint_generators=[pho_constraints(patterns=systematic(4))],use_integer_operator_counts=false,transform=adapt_costs(cost_type=normal)): 50
[t=387.961s, 1094180 KB] g=99, 69248 evaluated, 4932 expanded
[t=389.081s, 1094180 KB] New best heuristic value for operatorcounting(constraint_generators=[pho_constraints(patterns=systematic(4))],use_integer_operator_counts=false,transform=adapt_costs(cost_type=normal)): 47
[t=389.081s, 1094180 KB] g=136, 69571 evaluated, 4945 expanded
[t=389.164s, 1094180 KB] New best heuristic value for operatorcounting(constraint_generators=[pho_constraints(patterns=systematic(4))],use_integer_operator_counts=false,transform=adapt_costs(cost_type=normal)): 46
[t=389.164s, 1094180 KB] g=142, 69595 evaluated, 4946 expanded
[t=395.127s, 1094180 KB] New best heuristic value for operatorcounting(constraint_generators=[pho_constraints(patterns=systematic(4))],use_integer_operator_counts=false,transform=adapt_costs(cost_type=normal)): 45
[t=395.127s, 1094180 KB] g=148, 71209 evaluated, 5022 expanded
[t=396.241s, 1094180 KB] New best heuristic value for operatorcounting(constraint_generators=[pho_constraints(patterns=systematic(4))],use_integer_operator_counts=false,transform=adapt_costs(cost_type=normal)): 42
[t=396.241s, 1094180 KB] g=182, 71452 evaluated, 5031 expanded
Peak memory: 1094180 KB
caught signal 24 -- exiting
Time limit has been reached.
Remove intermediate file output.sas
search exit code: 23

Driver aborting after search
INFO     Planner time: 1796.95s
