INFO     planner time limit: 1800s
INFO     planner memory limit: 2048 MB

INFO     Running translator.
INFO     translator stdin: None
INFO     translator time limit: 1799s
INFO     translator memory limit: 2048 MB
INFO     translator command line string: /home/henry/Documents/UFRGS/TCC/downward/.venv/bin/python /home/henry/Documents/UFRGS/TCC/downward/experiments/lab/data/main/code-5bb2ccb6957559b6969ffd7e29254c73f84d5e49_e5e41175/builds/release/bin/translate/translate.py domain.pddl problem.pddl --sas-file output.sas
Parsing...
Parsing: [0.010s CPU, 0.002s wall-clock]
Normalizing task... [0.000s CPU, 0.000s wall-clock]
Instantiating...
Generating Datalog program... [0.000s CPU, 0.001s wall-clock]
Normalizing Datalog program...
Normalizing Datalog program: [0.000s CPU, 0.003s wall-clock]
Preparing model... [0.000s CPU, 0.002s wall-clock]
Generated 79 rules.
Computing model... [1.080s CPU, 1.084s wall-clock]
114681 relevant atoms
42304 auxiliary atoms
156985 final queue length
487215 total queue pushes
Completing instantiation... [3.010s CPU, 3.020s wall-clock]
Instantiating: [4.130s CPU, 4.144s wall-clock]
Computing fact groups...
Finding invariants...
14 initial candidates
Finding invariants: [0.080s CPU, 0.080s wall-clock]
Checking invariant weight... [0.000s CPU, 0.000s wall-clock]
Instantiating groups... [0.000s CPU, 0.000s wall-clock]
Collecting mutex groups... [0.000s CPU, 0.000s wall-clock]
Choosing groups...
2576 uncovered facts
Choosing groups: [0.000s CPU, 0.001s wall-clock]
Building translation key... [0.000s CPU, 0.006s wall-clock]
Computing fact groups: [0.100s CPU, 0.103s wall-clock]
Building STRIPS to SAS dictionary... [0.010s CPU, 0.003s wall-clock]
Building dictionary for full mutex groups... [0.000s CPU, 0.002s wall-clock]
Building mutex information...
Building mutex information: [0.000s CPU, 0.002s wall-clock]
Translating task...
Processing axioms...
Simplifying axioms... [0.000s CPU, 0.000s wall-clock]
Translator axioms removed by simplifying: 0
Computing negative axioms... [0.000s CPU, 0.000s wall-clock]
Processing axioms: [0.050s CPU, 0.054s wall-clock]
Translating task: [1.890s CPU, 1.890s wall-clock]
101472 effect conditions simplified
0 implied preconditions added
Detecting unreachable propositions...
0 operators removed
0 axioms removed
4 propositions removed
Detecting unreachable propositions: [1.040s CPU, 1.045s wall-clock]
Reordering and filtering variables...
2580 of 2580 variables necessary.
0 of 4 mutex groups necessary.
40976 of 40976 operators necessary.
0 of 0 axiom rules necessary.
Reordering and filtering variables: [0.980s CPU, 0.971s wall-clock]
Translator variables: 2580
Translator derived variables: 0
Translator facts: 5344
Translator goal facts: 24
Translator mutex groups: 0
Translator total mutex groups size: 0
Translator operators: 40976
Translator axioms: 0
Translator task size: 353532
Translator peak memory: 265680 KB
Writing output... [0.290s CPU, 0.286s wall-clock]
Done! [8.530s CPU, 8.535s wall-clock]
translate exit code: 0

INFO     Running search (release).
INFO     search stdin: output.sas
INFO     search time limit: 1791s
INFO     search memory limit: 2048 MB
INFO     search command line string: /home/henry/Documents/UFRGS/TCC/downward/experiments/lab/data/main/code-5bb2ccb6957559b6969ffd7e29254c73f84d5e49_e5e41175/builds/release/bin/downward --search 'eager_greedy([ilsh(patterns=systematic(2), transform=adapt_costs(cost_type=NORMAL))])' --internal-plan-file sas_plan < output.sas
[t=0s, 10544 KB] reading input...
[t=0.190809s, 27004 KB] done reading input!
[t=0.190809s, 27268 KB] Generating patterns using: systematic pattern collection generator
[t=0.190809s, 27268 KB] building causal graph...done! [t=0.127859s]
[t=0.378601s, 46260 KB] Found 10092 SGA patterns.
[t=0.670352s, 46260 KB] Found 10092 interesting patterns.
[t=0.670352s, 46260 KB] systematic pattern collection generator number of patterns: 10092
[t=0.670352s, 46260 KB] systematic pattern collection generator total PDB size: 49152
[t=0.670352s, 46260 KB] systematic pattern collection generator computation time: 0.479543s
[t=0.670352s, 46260 KB] Computing PDBs for pattern collection...
[t=72.4945s, 46260 KB] Done computing PDBs for pattern collection: 71.8241s
[t=86.4651s, 303892 KB] Tie breaking: 2
[t=86.4691s, 303892 KB] Building successor generator...done!
[t=86.4891s, 305820 KB] peak memory difference for successor generator creation: 1928 KB
[t=86.4891s, 305820 KB] time for successor generation creation: 0.015979s
[t=86.4891s, 305820 KB] Variables: 2580
[t=86.4891s, 305820 KB] FactPairs: 5344
[t=86.4891s, 305820 KB] Bytes per state: 328
[t=86.4891s, 305820 KB] Conducting best first search without reopening closed nodes, (real) bound = 2147483647
[t=86.7807s, 305820 KB] New best heuristic value for ilsh(patterns=systematic(2),transform=adapt_costs(cost_type=normal)): 18
[t=86.7807s, 305820 KB] g=0, 1 evaluated, 0 expanded
[t=86.7807s, 305820 KB] Initial heuristic value for ilsh(patterns=systematic(2),transform=adapt_costs(cost_type=normal)): 18
[t=86.7807s, 305820 KB] pruning method: none
[t=87.0843s, 305820 KB] New best heuristic value for ilsh(patterns=systematic(2),transform=adapt_costs(cost_type=normal)): 17
[t=87.0843s, 305820 KB] g=2, 2 evaluated, 1 expanded
[t=88.894s, 305820 KB] New best heuristic value for ilsh(patterns=systematic(2),transform=adapt_costs(cost_type=normal)): 16
[t=88.894s, 305820 KB] g=4, 8 evaluated, 2 expanded
[t=102.123s, 305820 KB] New best heuristic value for ilsh(patterns=systematic(2),transform=adapt_costs(cost_type=normal)): 14
[t=102.123s, 305820 KB] g=8, 57 evaluated, 7 expanded
[t=241.84s, 305820 KB] New best heuristic value for ilsh(patterns=systematic(2),transform=adapt_costs(cost_type=normal)): 13
[t=241.84s, 305820 KB] g=16, 643 evaluated, 97 expanded
[t=247.757s, 305820 KB] New best heuristic value for ilsh(patterns=systematic(2),transform=adapt_costs(cost_type=normal)): 12
[t=247.757s, 305820 KB] g=20, 668 evaluated, 99 expanded
[t=618.202s, 305820 KB] New best heuristic value for ilsh(patterns=systematic(2),transform=adapt_costs(cost_type=normal)): 11
[t=618.202s, 305820 KB] g=30, 2346 evaluated, 328 expanded
[t=673.86s, 305820 KB] New best heuristic value for ilsh(patterns=systematic(2),transform=adapt_costs(cost_type=normal)): 10
[t=673.86s, 305820 KB] g=39, 2622 evaluated, 362 expanded
[t=785.957s, 305820 KB] New best heuristic value for ilsh(patterns=systematic(2),transform=adapt_costs(cost_type=normal)): 9
[t=785.957s, 305820 KB] g=44, 3218 evaluated, 440 expanded
[t=1055.13s, 305820 KB] New best heuristic value for ilsh(patterns=systematic(2),transform=adapt_costs(cost_type=normal)): 8
[t=1055.13s, 305820 KB] g=54, 4761 evaluated, 617 expanded
[t=1060s, 305820 KB] New best heuristic value for ilsh(patterns=systematic(2),transform=adapt_costs(cost_type=normal)): 7
[t=1060s, 305820 KB] g=60, 4792 evaluated, 620 expanded
Peak memory: 305820 KB
caught signal 24 -- exiting
Time limit has been reached.
Remove intermediate file output.sas
search exit code: 23

Driver aborting after search
INFO     Planner time: 1797.67s
