INFO     planner time limit: 1800s
INFO     planner memory limit: 2048 MB

INFO     Running translator.
INFO     translator stdin: None
INFO     translator time limit: 1799s
INFO     translator memory limit: 2048 MB
INFO     translator command line string: /home/henry/Documents/UFRGS/TCC/downward/.venv/bin/python /home/henry/Documents/UFRGS/TCC/downward/experiments/lab/data/main/code-5bb2ccb6957559b6969ffd7e29254c73f84d5e49_e5e41175/builds/release/bin/translate/translate.py domain.pddl problem.pddl --sas-file output.sas
Parsing...
Parsing: [0.060s CPU, 0.050s wall-clock]
Normalizing task... [0.000s CPU, 0.005s wall-clock]
Instantiating...
Generating Datalog program... [0.010s CPU, 0.010s wall-clock]
Normalizing Datalog program...
Normalizing Datalog program: [0.040s CPU, 0.034s wall-clock]
Preparing model... [0.030s CPU, 0.034s wall-clock]
Generated 2012 rules.
Computing model... [2.790s CPU, 2.798s wall-clock]
130541 relevant atoms
189252 auxiliary atoms
319793 final queue length
569293 total queue pushes
Completing instantiation... [5.040s CPU, 5.038s wall-clock]
Instantiating: [8.030s CPU, 8.043s wall-clock]
Computing fact groups...
Finding invariants...
12 initial candidates
Finding invariants: [0.110s CPU, 0.102s wall-clock]
Checking invariant weight... [0.000s CPU, 0.006s wall-clock]
Instantiating groups... [0.010s CPU, 0.003s wall-clock]
Collecting mutex groups... [0.000s CPU, 0.001s wall-clock]
Choosing groups...
0 uncovered facts
Choosing groups: [0.010s CPU, 0.004s wall-clock]
Building translation key... [0.000s CPU, 0.001s wall-clock]
Computing fact groups: [0.130s CPU, 0.125s wall-clock]
Building STRIPS to SAS dictionary... [0.000s CPU, 0.001s wall-clock]
Building dictionary for full mutex groups... [0.000s CPU, 0.001s wall-clock]
Building mutex information...
Building mutex information: [0.000s CPU, 0.001s wall-clock]
Translating task...
Processing axioms...
Simplifying axioms... [0.000s CPU, 0.000s wall-clock]
Translator axioms removed by simplifying: 0
Computing negative axioms... [0.000s CPU, 0.000s wall-clock]
Processing axioms: [0.180s CPU, 0.175s wall-clock]
Translating task: [3.700s CPU, 3.700s wall-clock]
0 effect conditions simplified
0 implied preconditions added
Detecting unreachable propositions...
0 operators removed
0 axioms removed
501 propositions removed
Detecting unreachable propositions: [2.350s CPU, 2.349s wall-clock]
Reordering and filtering variables...
501 of 501 variables necessary.
0 of 751 mutex groups necessary.
125500 of 125500 operators necessary.
0 of 0 axiom rules necessary.
Reordering and filtering variables: [0.490s CPU, 0.492s wall-clock]
Translator variables: 501
Translator derived variables: 0
Translator facts: 1501
Translator goal facts: 250
Translator mutex groups: 0
Translator total mutex groups size: 0
Translator operators: 125500
Translator axioms: 0
Translator task size: 888788
Translator peak memory: 564112 KB
Writing output... [0.600s CPU, 0.598s wall-clock]
Done! [15.560s CPU, 15.571s wall-clock]
translate exit code: 0

INFO     Running search (release).
INFO     search stdin: output.sas
INFO     search time limit: 1784s
INFO     search memory limit: 2048 MB
INFO     search command line string: /home/henry/Documents/UFRGS/TCC/downward/experiments/lab/data/main/code-5bb2ccb6957559b6969ffd7e29254c73f84d5e49_e5e41175/builds/release/bin/downward --search 'eager_greedy([operatorcounting(constraint_generators=[pho_constraints(patterns=systematic(4))], use_integer_operator_counts=false, transform=adapt_costs(cost_type=NORMAL))])' --internal-plan-file sas_plan < output.sas
[t=0.00204295s, 10544 KB] reading input...
[t=0.433801s, 45280 KB] done reading input!
Peak memory: 45544 KB
Remove intermediate file output.sas
search exit code: 32

Driver aborting after search
INFO     Planner time: 16.13s
