INFO     planner time limit: 1800s
INFO     planner memory limit: 2048 MB

INFO     Running translator.
INFO     translator stdin: None
INFO     translator time limit: 1799s
INFO     translator memory limit: 2048 MB
INFO     translator command line string: /home/henry/Documents/UFRGS/TCC/downward/.venv/bin/python /home/henry/Documents/UFRGS/TCC/downward/experiments/lab/data/main/code-5bb2ccb6957559b6969ffd7e29254c73f84d5e49_e5e41175/builds/release/bin/translate/translate.py domain.pddl problem.pddl --sas-file output.sas
Parsing...
Parsing: [0.000s CPU, 0.002s wall-clock]
Normalizing task... [0.000s CPU, 0.000s wall-clock]
Instantiating...
Generating Datalog program... [0.000s CPU, 0.001s wall-clock]
Normalizing Datalog program...
Normalizing Datalog program: [0.000s CPU, 0.001s wall-clock]
Preparing model... [0.000s CPU, 0.001s wall-clock]
Generated 32 rules.
Computing model... [0.800s CPU, 0.803s wall-clock]
130307 relevant atoms
9160 auxiliary atoms
139467 final queue length
421789 total queue pushes
Completing instantiation... [5.910s CPU, 5.926s wall-clock]
Instantiating: [6.750s CPU, 6.768s wall-clock]
Computing fact groups...
Finding invariants...
12 initial candidates
Finding invariants: [0.020s CPU, 0.017s wall-clock]
Checking invariant weight... [0.000s CPU, 0.001s wall-clock]
Instantiating groups... [0.010s CPU, 0.008s wall-clock]
Collecting mutex groups... [0.000s CPU, 0.001s wall-clock]
Choosing groups...
96 uncovered facts
Choosing groups: [0.010s CPU, 0.006s wall-clock]
Building translation key... [0.000s CPU, 0.002s wall-clock]
Computing fact groups: [0.040s CPU, 0.041s wall-clock]
Building STRIPS to SAS dictionary... [0.000s CPU, 0.001s wall-clock]
Building dictionary for full mutex groups... [0.000s CPU, 0.002s wall-clock]
Building mutex information...
Building mutex information: [0.010s CPU, 0.002s wall-clock]
Translating task...
Processing axioms...
Simplifying axioms... [0.000s CPU, 0.000s wall-clock]
Translator axioms removed by simplifying: 0
Computing negative axioms... [0.000s CPU, 0.000s wall-clock]
Processing axioms: [0.230s CPU, 0.230s wall-clock]
Translating task: [5.220s CPU, 5.229s wall-clock]
152342 effect conditions simplified
0 implied preconditions added
Detecting unreachable propositions...
0 operators removed
0 axioms removed
38 propositions removed
Detecting unreachable propositions: [4.810s CPU, 4.821s wall-clock]
Reordering and filtering variables...
134 of 134 variables necessary.
58 of 96 mutex groups necessary.
123462 of 123462 operators necessary.
0 of 0 axiom rules necessary.
Reordering and filtering variables: [0.880s CPU, 0.880s wall-clock]
Translator variables: 134
Translator derived variables: 0
Translator facts: 2396
Translator goal facts: 38
Translator mutex groups: 58
Translator total mutex groups size: 2262
Translator operators: 123462
Translator axioms: 0
Translator task size: 1004800
Translator peak memory: 621872 KB
Writing output... [0.840s CPU, 0.840s wall-clock]
Done! [18.860s CPU, 18.897s wall-clock]
translate exit code: 0

INFO     Running search (release).
INFO     search stdin: output.sas
INFO     search time limit: 1780s
INFO     search memory limit: 2048 MB
INFO     search command line string: /home/henry/Documents/UFRGS/TCC/downward/experiments/lab/data/main/code-5bb2ccb6957559b6969ffd7e29254c73f84d5e49_e5e41175/builds/release/bin/downward --search 'eager_greedy([operatorcounting(constraint_generators=[pho_constraints(patterns=systematic(4))], use_integer_operator_counts=true, transform=adapt_costs(cost_type=ONE))])' --internal-plan-file sas_plan < output.sas
[t=0s, 45596 KB] reading input...
[t=0.547391s, 92284 KB] done reading input!
[t=0.557224s, 98812 KB] Generating patterns using: systematic pattern collection generator
[t=0.557224s, 98812 KB] building causal graph...done! [t=0.0758995s]
Failed to allocate memory.
Memory limit has been reached.
Peak memory: 2084280 KB
Remove intermediate file output.sas
search exit code: 22

Driver aborting after search
INFO     Planner time: 44.55s
