INFO     planner time limit: 1800s
INFO     planner memory limit: 2048 MB

INFO     Running translator.
INFO     translator stdin: None
INFO     translator time limit: 1799s
INFO     translator memory limit: 2048 MB
INFO     translator command line string: /home/henry/Documents/UFRGS/TCC/downward/.venv/bin/python /home/henry/Documents/UFRGS/TCC/downward/experiments/lab/data/main/code-5bb2ccb6957559b6969ffd7e29254c73f84d5e49_e5e41175/builds/release/bin/translate/translate.py domain.pddl problem.pddl --sas-file output.sas
Parsing...
Parsing: [0.010s CPU, 0.004s wall-clock]
Normalizing task... [0.000s CPU, 0.000s wall-clock]
Instantiating...
Generating Datalog program... [0.000s CPU, 0.001s wall-clock]
Normalizing Datalog program...
Normalizing Datalog program: [0.000s CPU, 0.005s wall-clock]
Preparing model... [0.010s CPU, 0.003s wall-clock]
Generated 198 rules.
Computing model... [0.120s CPU, 0.125s wall-clock]
11848 relevant atoms
8161 auxiliary atoms
20009 final queue length
61431 total queue pushes
Completing instantiation... [0.430s CPU, 0.433s wall-clock]
Instantiating: [0.560s CPU, 0.570s wall-clock]
Computing fact groups...
Finding invariants...
24 initial candidates
Finding invariants: [0.010s CPU, 0.013s wall-clock]
Checking invariant weight... [0.000s CPU, 0.000s wall-clock]
Instantiating groups... [0.010s CPU, 0.005s wall-clock]
Collecting mutex groups... [0.000s CPU, 0.000s wall-clock]
Choosing groups...
210 uncovered facts
Choosing groups: [0.000s CPU, 0.000s wall-clock]
Building translation key... [0.000s CPU, 0.001s wall-clock]
Computing fact groups: [0.020s CPU, 0.022s wall-clock]
Building STRIPS to SAS dictionary... [0.000s CPU, 0.000s wall-clock]
Building dictionary for full mutex groups... [0.000s CPU, 0.000s wall-clock]
Building mutex information...
Building mutex information: [0.000s CPU, 0.000s wall-clock]
Translating task...
Processing axioms...
Simplifying axioms... [0.000s CPU, 0.000s wall-clock]
Translator axioms removed by simplifying: 0
Computing negative axioms... [0.000s CPU, 0.000s wall-clock]
Processing axioms: [0.020s CPU, 0.017s wall-clock]
Translating task: [0.400s CPU, 0.399s wall-clock]
6466 effect conditions simplified
0 implied preconditions added
Detecting unreachable propositions...
0 operators removed
0 axioms removed
84 propositions removed
Detecting unreachable propositions: [0.250s CPU, 0.243s wall-clock]
Reordering and filtering variables...
234 of 240 variables necessary.
51 of 79 mutex groups necessary.
10936 of 10936 operators necessary.
0 of 0 axiom rules necessary.
Reordering and filtering variables: [0.060s CPU, 0.068s wall-clock]
Translator variables: 234
Translator derived variables: 0
Translator facts: 615
Translator goal facts: 65
Translator mutex groups: 51
Translator total mutex groups size: 189
Translator operators: 10936
Translator axioms: 0
Translator task size: 91076
Translator peak memory: 92240 KB
Writing output... [0.080s CPU, 0.076s wall-clock]
Done! [1.410s CPU, 1.405s wall-clock]
translate exit code: 0

INFO     Running search (release).
INFO     search stdin: output.sas
INFO     search time limit: 1798s
INFO     search memory limit: 2048 MB
INFO     search command line string: /home/henry/Documents/UFRGS/TCC/downward/experiments/lab/data/main/code-5bb2ccb6957559b6969ffd7e29254c73f84d5e49_e5e41175/builds/release/bin/downward --search 'eager_greedy([ilsh(patterns=systematic(2), transform=adapt_costs(cost_type=ONE))])' --internal-plan-file sas_plan < output.sas
[t=0s, 10544 KB] reading input...
[t=0.0479759s, 14612 KB] done reading input!
[t=0.0479759s, 14868 KB] Generating patterns using: systematic pattern collection generator
[t=0.0479759s, 14868 KB] building causal graph...done! [t=0.00797195s]
[t=0.0559478s, 16056 KB] Found 2228 SGA patterns.
[t=0.0679392s, 16056 KB] Found 2228 interesting patterns.
[t=0.0679392s, 16056 KB] systematic pattern collection generator number of patterns: 2228
[t=0.0679392s, 16056 KB] systematic pattern collection generator total PDB size: 19327
[t=0.0679392s, 16056 KB] systematic pattern collection generator computation time: 0.0199633s
[t=0.0679392s, 16056 KB] Computing PDBs for pattern collection...
[t=3.70898s, 16632 KB] Done computing PDBs for pattern collection: 3.64105s
[t=4.2925s, 26820 KB] Tie breaking: 2
[t=4.2925s, 26820 KB] Building successor generator...done!
[t=4.29648s, 27712 KB] peak memory difference for successor generator creation: 892 KB
[t=4.29648s, 27712 KB] time for successor generation creation: 0.00398483s
[t=4.29648s, 27712 KB] Variables: 234
[t=4.29648s, 27712 KB] FactPairs: 615
[t=4.29648s, 27712 KB] Bytes per state: 44
[t=4.29648s, 27712 KB] Conducting best first search without reopening closed nodes, (real) bound = 2147483647
Peak memory: 27712 KB
caught signal 24 -- exiting
Time limit has been reached.
Remove intermediate file output.sas
search exit code: 23

Driver aborting after search
INFO     Planner time: 1798.52s
