INFO     planner time limit: 1800s
INFO     planner memory limit: 2048 MB

INFO     Running translator.
INFO     translator stdin: None
INFO     translator time limit: 1799s
INFO     translator memory limit: 2048 MB
INFO     translator command line string: /home/henry/Documents/UFRGS/TCC/downward/.venv/bin/python /home/henry/Documents/UFRGS/TCC/downward/experiments/lab/data/main/code-5bb2ccb6957559b6969ffd7e29254c73f84d5e49_e5e41175/builds/release/bin/translate/translate.py domain.pddl problem.pddl --sas-file output.sas
Parsing...
Parsing: [0.000s CPU, 0.005s wall-clock]
Normalizing task... [0.000s CPU, 0.000s wall-clock]
Instantiating...
Generating Datalog program... [0.000s CPU, 0.001s wall-clock]
Normalizing Datalog program...
Normalizing Datalog program: [0.010s CPU, 0.005s wall-clock]
Preparing model... [0.000s CPU, 0.004s wall-clock]
Generated 258 rules.
Computing model... [0.610s CPU, 0.617s wall-clock]
95618 relevant atoms
1853 auxiliary atoms
97471 final queue length
357118 total queue pushes
Completing instantiation... [4.680s CPU, 4.685s wall-clock]
Instantiating: [5.330s CPU, 5.340s wall-clock]
Computing fact groups...
Finding invariants...
44 initial candidates
Finding invariants: [0.100s CPU, 0.098s wall-clock]
Checking invariant weight... [0.000s CPU, 0.000s wall-clock]
Instantiating groups... [0.000s CPU, 0.001s wall-clock]
Collecting mutex groups... [0.000s CPU, 0.000s wall-clock]
Choosing groups...
133 uncovered facts
Choosing groups: [0.000s CPU, 0.000s wall-clock]
Building translation key... [0.000s CPU, 0.000s wall-clock]
Computing fact groups: [0.100s CPU, 0.099s wall-clock]
Building STRIPS to SAS dictionary... [0.000s CPU, 0.000s wall-clock]
Building dictionary for full mutex groups... [0.000s CPU, 0.000s wall-clock]
Building mutex information...
Building mutex information: [0.000s CPU, 0.000s wall-clock]
Translating task...
Processing axioms...
Simplifying axioms... [0.000s CPU, 0.000s wall-clock]
Translator axioms removed by simplifying: 0
Computing negative axioms... [0.000s CPU, 0.000s wall-clock]
Processing axioms: [0.160s CPU, 0.161s wall-clock]
Translating task: [3.900s CPU, 3.904s wall-clock]
103184 effect conditions simplified
0 implied preconditions added
Detecting unreachable propositions...
0 operators removed
0 axioms removed
34 propositions removed
Detecting unreachable propositions: [2.310s CPU, 2.307s wall-clock]
Reordering and filtering variables...
123 of 128 variables necessary.
0 of 8 mutex groups necessary.
94898 of 94898 operators necessary.
0 of 0 axiom rules necessary.
Reordering and filtering variables: [0.760s CPU, 0.759s wall-clock]
Translator variables: 123
Translator derived variables: 0
Translator facts: 286
Translator goal facts: 2
Translator mutex groups: 0
Translator total mutex groups size: 0
Translator operators: 94898
Translator axioms: 0
Translator task size: 1000778
Translator peak memory: 598100 KB
Writing output... [0.680s CPU, 0.690s wall-clock]
Done! [13.280s CPU, 13.304s wall-clock]
translate exit code: 0

INFO     Running search (release).
INFO     search stdin: output.sas
INFO     search time limit: 1786s
INFO     search memory limit: 2048 MB
INFO     search command line string: /home/henry/Documents/UFRGS/TCC/downward/experiments/lab/data/main/code-5bb2ccb6957559b6969ffd7e29254c73f84d5e49_e5e41175/builds/release/bin/downward --search 'eager_greedy([ilsh(patterns=systematic(2), transform=adapt_costs(cost_type=NORMAL))])' --internal-plan-file sas_plan < output.sas
[t=0s, 10544 KB] reading input...
[t=0.450525s, 49540 KB] done reading input!
[t=0.454524s, 49804 KB] Generating patterns using: systematic pattern collection generator
[t=0.454524s, 49804 KB] building causal graph...done! [t=0.047965s]
[t=0.502489s, 50200 KB] Found 27 SGA patterns.
[t=0.502489s, 50200 KB] Found 27 interesting patterns.
[t=0.502489s, 50200 KB] systematic pattern collection generator number of patterns: 27
[t=0.502489s, 50200 KB] systematic pattern collection generator total PDB size: 234
[t=0.502489s, 50200 KB] systematic pattern collection generator computation time: 0.047965s
[t=0.502489s, 50200 KB] Computing PDBs for pattern collection...
[t=0.938128s, 59440 KB] Done computing PDBs for pattern collection: 0.435639s
[t=1.04203s, 59440 KB] Tie breaking: 2
[t=1.04203s, 59440 KB] Building successor generator...done!
[t=1.074s, 69000 KB] peak memory difference for successor generator creation: 9560 KB
[t=1.074s, 69000 KB] time for successor generation creation: 0.0319694s
[t=1.074s, 69000 KB] Variables: 123
[t=1.074s, 69000 KB] FactPairs: 286
[t=1.074s, 69000 KB] Bytes per state: 20
[t=1.074s, 69000 KB] Conducting best first search without reopening closed nodes, (real) bound = 2147483647
[t=1.074s, 69000 KB] New best heuristic value for ilsh(patterns=systematic(2),transform=adapt_costs(cost_type=normal)): 306
[t=1.074s, 69000 KB] g=0, 1 evaluated, 0 expanded
[t=1.074s, 69000 KB] Initial heuristic value for ilsh(patterns=systematic(2),transform=adapt_costs(cost_type=normal)): 306
[t=1.074s, 69000 KB] pruning method: none
[t=1.074s, 69000 KB] New best heuristic value for ilsh(patterns=systematic(2),transform=adapt_costs(cost_type=normal)): 246
[t=1.074s, 69000 KB] g=60, 2 evaluated, 1 expanded
[t=1.08199s, 69000 KB] New best heuristic value for ilsh(patterns=systematic(2),transform=adapt_costs(cost_type=normal)): 186
[t=1.08199s, 69000 KB] g=120, 13 evaluated, 2 expanded
[t=2.20893s, 69000 KB] New best heuristic value for ilsh(patterns=systematic(2),transform=adapt_costs(cost_type=normal)): 185
[t=2.20893s, 69000 KB] g=244, 1479 evaluated, 861 expanded
[t=2.21293s, 69000 KB] New best heuristic value for ilsh(patterns=systematic(2),transform=adapt_costs(cost_type=normal)): 155
[t=2.21293s, 69000 KB] g=276, 1482 evaluated, 864 expanded
[t=2.22092s, 69000 KB] New best heuristic value for ilsh(patterns=systematic(2),transform=adapt_costs(cost_type=normal)): 125
[t=2.22092s, 69000 KB] g=306, 1493 evaluated, 865 expanded
[t=2.22493s, 69000 KB] New best heuristic value for ilsh(patterns=systematic(2),transform=adapt_costs(cost_type=normal)): 95
[t=2.22493s, 69000 KB] g=336, 1503 evaluated, 866 expanded
[t=3.11639s, 69000 KB] New best heuristic value for ilsh(patterns=systematic(2),transform=adapt_costs(cost_type=normal)): 94
[t=3.11639s, 69000 KB] g=430, 2483 evaluated, 1562 expanded
[t=56.3142s, 69000 KB] New best heuristic value for ilsh(patterns=systematic(2),transform=adapt_costs(cost_type=normal)): 79
[t=56.3142s, 69000 KB] g=544, 69092 evaluated, 67849 expanded
[t=56.3262s, 69000 KB] New best heuristic value for ilsh(patterns=systematic(2),transform=adapt_costs(cost_type=normal)): 64
[t=56.3262s, 69000 KB] g=559, 69104 evaluated, 67850 expanded
[t=56.3342s, 69000 KB] New best heuristic value for ilsh(patterns=systematic(2),transform=adapt_costs(cost_type=normal)): 49
[t=56.3342s, 69000 KB] g=574, 69115 evaluated, 67851 expanded
[t=56.3422s, 69000 KB] New best heuristic value for ilsh(patterns=systematic(2),transform=adapt_costs(cost_type=normal)): 34
[t=56.3422s, 69000 KB] g=589, 69125 evaluated, 67852 expanded
[t=57.3537s, 69000 KB] New best heuristic value for ilsh(patterns=systematic(2),transform=adapt_costs(cost_type=normal)): 33
[t=57.3537s, 69000 KB] g=590, 70396 evaluated, 68592 expanded
[t=57.3537s, 69000 KB] New best heuristic value for ilsh(patterns=systematic(2),transform=adapt_costs(cost_type=normal)): 27
[t=57.3537s, 69000 KB] g=598, 70399 evaluated, 68595 expanded
[t=57.3657s, 69000 KB] New best heuristic value for ilsh(patterns=systematic(2),transform=adapt_costs(cost_type=normal)): 21
[t=57.3657s, 69000 KB] g=604, 70411 evaluated, 68596 expanded
[t=57.3736s, 69000 KB] New best heuristic value for ilsh(patterns=systematic(2),transform=adapt_costs(cost_type=normal)): 15
[t=57.3736s, 69000 KB] g=610, 70423 evaluated, 68597 expanded
[t=57.3856s, 69000 KB] New best heuristic value for ilsh(patterns=systematic(2),transform=adapt_costs(cost_type=normal)): 9
[t=57.3856s, 69000 KB] g=616, 70434 evaluated, 68598 expanded
[t=58.5131s, 69000 KB] New best heuristic value for ilsh(patterns=systematic(2),transform=adapt_costs(cost_type=normal)): 4
[t=58.5131s, 69000 KB] g=622, 71446 evaluated, 69195 expanded
[t=58.5251s, 69000 KB] New best heuristic value for ilsh(patterns=systematic(2),transform=adapt_costs(cost_type=normal)): 2
[t=58.5251s, 69000 KB] g=623, 71453 evaluated, 69196 expanded
Peak memory: 176876 KB
caught signal 24 -- exiting
Time limit has been reached.
Remove intermediate file output.sas
search exit code: 23

Driver aborting after search
INFO     Planner time: 1797.66s
