INFO     planner time limit: 1800s
INFO     planner memory limit: 2048 MB

INFO     Running translator.
INFO     translator stdin: None
INFO     translator time limit: 1799s
INFO     translator memory limit: 2048 MB
INFO     translator command line string: /home/henry/Documents/UFRGS/TCC/downward/.venv/bin/python /home/henry/Documents/UFRGS/TCC/downward/experiments/lab/data/main/code-5bb2ccb6957559b6969ffd7e29254c73f84d5e49_e5e41175/builds/release/bin/translate/translate.py domain.pddl problem.pddl --sas-file output.sas
Parsing...
Parsing: [0.010s CPU, 0.002s wall-clock]
Normalizing task... [0.000s CPU, 0.000s wall-clock]
Instantiating...
Generating Datalog program... [0.000s CPU, 0.000s wall-clock]
Normalizing Datalog program...
Normalizing Datalog program: [0.000s CPU, 0.002s wall-clock]
Preparing model... [0.000s CPU, 0.001s wall-clock]
Generated 52 rules.
Computing model... [0.060s CPU, 0.059s wall-clock]
2867 relevant atoms
10148 auxiliary atoms
13015 final queue length
15801 total queue pushes
Completing instantiation... [0.050s CPU, 0.051s wall-clock]
Instantiating: [0.110s CPU, 0.115s wall-clock]
Computing fact groups...
Finding invariants...
6 initial candidates
Finding invariants: [0.000s CPU, 0.001s wall-clock]
Checking invariant weight... [0.000s CPU, 0.000s wall-clock]
Instantiating groups... [0.000s CPU, 0.001s wall-clock]
Collecting mutex groups... [0.000s CPU, 0.000s wall-clock]
Choosing groups...
1 uncovered facts
Choosing groups: [0.000s CPU, 0.000s wall-clock]
Building translation key... [0.000s CPU, 0.000s wall-clock]
Computing fact groups: [0.000s CPU, 0.003s wall-clock]
Building STRIPS to SAS dictionary... [0.000s CPU, 0.000s wall-clock]
Building dictionary for full mutex groups... [0.000s CPU, 0.000s wall-clock]
Building mutex information...
Building mutex information: [0.000s CPU, 0.000s wall-clock]
Translating task...
Processing axioms...
Simplifying axioms... [0.000s CPU, 0.000s wall-clock]
Translator axioms removed by simplifying: 0
Computing negative axioms... [0.000s CPU, 0.000s wall-clock]
Processing axioms: [0.000s CPU, 0.003s wall-clock]
Translating task: [0.050s CPU, 0.051s wall-clock]
463 effect conditions simplified
0 implied preconditions added
Detecting unreachable propositions...
150 operators removed
0 axioms removed
33 propositions removed
Detecting unreachable propositions: [0.020s CPU, 0.022s wall-clock]
Reordering and filtering variables...
26 of 26 variables necessary.
0 of 25 mutex groups necessary.
2314 of 2314 operators necessary.
0 of 0 axiom rules necessary.
Reordering and filtering variables: [0.010s CPU, 0.006s wall-clock]
Translator variables: 26
Translator derived variables: 0
Translator facts: 195
Translator goal facts: 25
Translator mutex groups: 0
Translator total mutex groups size: 0
Translator operators: 2314
Translator axioms: 0
Translator task size: 13584
Translator peak memory: 40812 KB
Writing output... [0.010s CPU, 0.009s wall-clock]
Done! [0.210s CPU, 0.211s wall-clock]
translate exit code: 0

INFO     Running search (release).
INFO     search stdin: output.sas
INFO     search time limit: 1799s
INFO     search memory limit: 2048 MB
INFO     search command line string: /home/henry/Documents/UFRGS/TCC/downward/experiments/lab/data/main/code-5bb2ccb6957559b6969ffd7e29254c73f84d5e49_e5e41175/builds/release/bin/downward --search 'eager_greedy([operatorcounting(constraint_generators=[pho_constraints(patterns=systematic(2))], use_integer_operator_counts=true, transform=adapt_costs(cost_type=ONE))])' --internal-plan-file sas_plan < output.sas
[t=0s, 45596 KB] reading input...
[t=0.00678921s, 46212 KB] done reading input!
[t=0.00982473s, 46740 KB] Generating patterns using: systematic pattern collection generator
[t=0.00982473s, 46740 KB] building causal graph...done! [t=0s]
[t=0.00982473s, 46740 KB] Found 111 SGA patterns.
[t=0.00982473s, 46740 KB] Found 111 interesting patterns.
[t=0.00982473s, 46740 KB] systematic pattern collection generator number of patterns: 111
[t=0.00982473s, 46740 KB] systematic pattern collection generator total PDB size: 6569
[t=0.00982473s, 46740 KB] systematic pattern collection generator computation time: 0s
[t=0.00982473s, 46740 KB] Computing PDBs for pattern collection...
[t=0.0537972s, 47028 KB] Done computing PDBs for pattern collection: 0.0439725s
[t=0.0578003s, 49304 KB] Building successor generator...done!
[t=0.0578003s, 49304 KB] peak memory difference for successor generator creation: 0 KB
[t=0.0578003s, 49304 KB] time for successor generation creation: 0s
[t=0.0578003s, 49304 KB] Variables: 26
[t=0.0578003s, 49304 KB] FactPairs: 195
[t=0.0578003s, 49304 KB] Bytes per state: 12
[t=0.0578003s, 49304 KB] Conducting best first search without reopening closed nodes, (real) bound = 2147483647
[t=0.0617927s, 51688 KB] New best heuristic value for operatorcounting(constraint_generators=[pho_constraints(patterns=systematic(2))],use_integer_operator_counts=true,transform=adapt_costs(cost_type=one)): 87
[t=0.0617927s, 51688 KB] g=0, 1 evaluated, 0 expanded
[t=0.0617927s, 51688 KB] Initial heuristic value for operatorcounting(constraint_generators=[pho_constraints(patterns=systematic(2))],use_integer_operator_counts=true,transform=adapt_costs(cost_type=one)): 87
[t=0.0617927s, 51688 KB] pruning method: none
[t=0.0777903s, 54348 KB] New best heuristic value for operatorcounting(constraint_generators=[pho_constraints(patterns=systematic(2))],use_integer_operator_counts=true,transform=adapt_costs(cost_type=one)): 86
[t=0.0777903s, 54348 KB] g=1, 4 evaluated, 1 expanded
[t=0.0977774s, 54348 KB] New best heuristic value for operatorcounting(constraint_generators=[pho_constraints(patterns=systematic(2))],use_integer_operator_counts=true,transform=adapt_costs(cost_type=one)): 85
[t=0.0977774s, 54348 KB] g=2, 8 evaluated, 2 expanded
[t=0.209677s, 54504 KB] New best heuristic value for operatorcounting(constraint_generators=[pho_constraints(patterns=systematic(2))],use_integer_operator_counts=true,transform=adapt_costs(cost_type=one)): 84
[t=0.209677s, 54504 KB] g=4, 29 evaluated, 9 expanded
[t=0.48146s, 54504 KB] New best heuristic value for operatorcounting(constraint_generators=[pho_constraints(patterns=systematic(2))],use_integer_operator_counts=true,transform=adapt_costs(cost_type=one)): 83
[t=0.48146s, 54504 KB] g=6, 77 evaluated, 24 expanded
[t=0.793128s, 54528 KB] New best heuristic value for operatorcounting(constraint_generators=[pho_constraints(patterns=systematic(2))],use_integer_operator_counts=true,transform=adapt_costs(cost_type=one)): 82
[t=0.793128s, 54528 KB] g=10, 129 evaluated, 36 expanded
[t=1.58841s, 54528 KB] New best heuristic value for operatorcounting(constraint_generators=[pho_constraints(patterns=systematic(2))],use_integer_operator_counts=true,transform=adapt_costs(cost_type=one)): 81
[t=1.58841s, 54528 KB] g=18, 263 evaluated, 87 expanded
[t=2.39967s, 54528 KB] New best heuristic value for operatorcounting(constraint_generators=[pho_constraints(patterns=systematic(2))],use_integer_operator_counts=true,transform=adapt_costs(cost_type=one)): 80
[t=2.39967s, 54528 KB] g=26, 400 evaluated, 129 expanded
[t=3.45862s, 54528 KB] New best heuristic value for operatorcounting(constraint_generators=[pho_constraints(patterns=systematic(2))],use_integer_operator_counts=true,transform=adapt_costs(cost_type=one)): 79
[t=3.45862s, 54528 KB] g=34, 573 evaluated, 173 expanded
[t=4.78531s, 54528 KB] New best heuristic value for operatorcounting(constraint_generators=[pho_constraints(patterns=systematic(2))],use_integer_operator_counts=true,transform=adapt_costs(cost_type=one)): 78
[t=4.78531s, 54528 KB] g=40, 793 evaluated, 227 expanded
[t=6.22805s, 54528 KB] New best heuristic value for operatorcounting(constraint_generators=[pho_constraints(patterns=systematic(2))],use_integer_operator_counts=true,transform=adapt_costs(cost_type=one)): 77
[t=6.22805s, 54528 KB] g=48, 1032 evaluated, 290 expanded
[t=7.68677s, 54528 KB] New best heuristic value for operatorcounting(constraint_generators=[pho_constraints(patterns=systematic(2))],use_integer_operator_counts=true,transform=adapt_costs(cost_type=one)): 76
[t=7.68677s, 54528 KB] g=58, 1280 evaluated, 355 expanded
[t=10.3842s, 54536 KB] New best heuristic value for operatorcounting(constraint_generators=[pho_constraints(patterns=systematic(2))],use_integer_operator_counts=true,transform=adapt_costs(cost_type=one)): 75
[t=10.3842s, 54536 KB] g=68, 1730 evaluated, 468 expanded
[t=11.8349s, 54568 KB] New best heuristic value for operatorcounting(constraint_generators=[pho_constraints(patterns=systematic(2))],use_integer_operator_counts=true,transform=adapt_costs(cost_type=one)): 74
[t=11.8349s, 54568 KB] g=78, 1976 evaluated, 533 expanded
[t=13.4294s, 54584 KB] New best heuristic value for operatorcounting(constraint_generators=[pho_constraints(patterns=systematic(2))],use_integer_operator_counts=true,transform=adapt_costs(cost_type=one)): 73
[t=13.4294s, 54584 KB] g=88, 2243 evaluated, 606 expanded
[t=15.0679s, 54604 KB] New best heuristic value for operatorcounting(constraint_generators=[pho_constraints(patterns=systematic(2))],use_integer_operator_counts=true,transform=adapt_costs(cost_type=one)): 72
[t=15.0679s, 54604 KB] g=98, 2518 evaluated, 681 expanded
[t=17.953s, 54608 KB] New best heuristic value for operatorcounting(constraint_generators=[pho_constraints(patterns=systematic(2))],use_integer_operator_counts=true,transform=adapt_costs(cost_type=one)): 71
[t=17.953s, 54608 KB] g=108, 2997 evaluated, 804 expanded
[t=19.5276s, 54628 KB] New best heuristic value for operatorcounting(constraint_generators=[pho_constraints(patterns=systematic(2))],use_integer_operator_counts=true,transform=adapt_costs(cost_type=one)): 70
[t=19.5276s, 54628 KB] g=118, 3270 evaluated, 879 expanded
[t=21.1863s, 54632 KB] New best heuristic value for operatorcounting(constraint_generators=[pho_constraints(patterns=systematic(2))],use_integer_operator_counts=true,transform=adapt_costs(cost_type=one)): 69
[t=21.1863s, 54632 KB] g=128, 3564 evaluated, 962 expanded
[t=24.0998s, 54668 KB] New best heuristic value for operatorcounting(constraint_generators=[pho_constraints(patterns=systematic(2))],use_integer_operator_counts=true,transform=adapt_costs(cost_type=one)): 68
[t=24.0998s, 54668 KB] g=138, 4069 evaluated, 1095 expanded
[t=37.0962s, 54792 KB] New best heuristic value for operatorcounting(constraint_generators=[pho_constraints(patterns=systematic(2))],use_integer_operator_counts=true,transform=adapt_costs(cost_type=one)): 67
[t=37.0962s, 54792 KB] g=151, 6296 evaluated, 1863 expanded
[t=55.8154s, 54936 KB] New best heuristic value for operatorcounting(constraint_generators=[pho_constraints(patterns=systematic(2))],use_integer_operator_counts=true,transform=adapt_costs(cost_type=one)): 66
[t=55.8154s, 54936 KB] g=161, 9525 evaluated, 2908 expanded
[t=64.2194s, 55028 KB] New best heuristic value for operatorcounting(constraint_generators=[pho_constraints(patterns=systematic(2))],use_integer_operator_counts=true,transform=adapt_costs(cost_type=one)): 65
[t=64.2194s, 55028 KB] g=171, 10972 evaluated, 3419 expanded
[t=69.1545s, 55072 KB] New best heuristic value for operatorcounting(constraint_generators=[pho_constraints(patterns=systematic(2))],use_integer_operator_counts=true,transform=adapt_costs(cost_type=one)): 64
[t=69.1545s, 55072 KB] g=181, 11823 evaluated, 3768 expanded
[t=79.7523s, 55136 KB] New best heuristic value for operatorcounting(constraint_generators=[pho_constraints(patterns=systematic(2))],use_integer_operator_counts=true,transform=adapt_costs(cost_type=one)): 63
[t=79.7523s, 55136 KB] g=191, 13634 evaluated, 4474 expanded
[t=85.6556s, 55180 KB] New best heuristic value for operatorcounting(constraint_generators=[pho_constraints(patterns=systematic(2))],use_integer_operator_counts=true,transform=adapt_costs(cost_type=one)): 62
[t=85.6556s, 55180 KB] g=203, 14630 evaluated, 4877 expanded
[t=95.9431s, 55388 KB] New best heuristic value for operatorcounting(constraint_generators=[pho_constraints(patterns=systematic(2))],use_integer_operator_counts=true,transform=adapt_costs(cost_type=one)): 61
[t=95.9431s, 55388 KB] g=213, 16412 evaluated, 5567 expanded
[t=101.79s, 55452 KB] New best heuristic value for operatorcounting(constraint_generators=[pho_constraints(patterns=systematic(2))],use_integer_operator_counts=true,transform=adapt_costs(cost_type=one)): 60
[t=101.79s, 55452 KB] g=225, 17414 evaluated, 5974 expanded
[t=112.247s, 55496 KB] New best heuristic value for operatorcounting(constraint_generators=[pho_constraints(patterns=systematic(2))],use_integer_operator_counts=true,transform=adapt_costs(cost_type=one)): 59
[t=112.247s, 55496 KB] g=235, 19205 evaluated, 6672 expanded
[t=118.21s, 55540 KB] New best heuristic value for operatorcounting(constraint_generators=[pho_constraints(patterns=systematic(2))],use_integer_operator_counts=true,transform=adapt_costs(cost_type=one)): 58
[t=118.21s, 55540 KB] g=245, 20238 evaluated, 7103 expanded
[t=122.978s, 55600 KB] New best heuristic value for operatorcounting(constraint_generators=[pho_constraints(patterns=systematic(2))],use_integer_operator_counts=true,transform=adapt_costs(cost_type=one)): 57
[t=122.978s, 55600 KB] g=253, 21092 evaluated, 7493 expanded
[t=218.858s, 56456 KB] New best heuristic value for operatorcounting(constraint_generators=[pho_constraints(patterns=systematic(2))],use_integer_operator_counts=true,transform=adapt_costs(cost_type=one)): 56
[t=218.858s, 56456 KB] g=258, 37880 evaluated, 15437 expanded
[t=223.471s, 56456 KB] New best heuristic value for operatorcounting(constraint_generators=[pho_constraints(patterns=systematic(2))],use_integer_operator_counts=true,transform=adapt_costs(cost_type=one)): 55
[t=223.471s, 56456 KB] g=267, 38745 evaluated, 15839 expanded
[t=237.104s, 56592 KB] New best heuristic value for operatorcounting(constraint_generators=[pho_constraints(patterns=systematic(2))],use_integer_operator_counts=true,transform=adapt_costs(cost_type=one)): 54
[t=237.104s, 56592 KB] g=275, 41239 evaluated, 16817 expanded
[t=250.494s, 56732 KB] New best heuristic value for operatorcounting(constraint_generators=[pho_constraints(patterns=systematic(2))],use_integer_operator_counts=true,transform=adapt_costs(cost_type=one)): 53
[t=250.494s, 56732 KB] g=289, 43691 evaluated, 17826 expanded
[t=414.348s, 58712 KB] New best heuristic value for operatorcounting(constraint_generators=[pho_constraints(patterns=systematic(2))],use_integer_operator_counts=true,transform=adapt_costs(cost_type=one)): 52
[t=414.348s, 58712 KB] g=311, 73904 evaluated, 32138 expanded
[t=628.283s, 59948 KB] New best heuristic value for operatorcounting(constraint_generators=[pho_constraints(patterns=systematic(2))],use_integer_operator_counts=true,transform=adapt_costs(cost_type=one)): 51
[t=628.283s, 59948 KB] g=339, 112310 evaluated, 51297 expanded
[t=872.525s, 62536 KB] New best heuristic value for operatorcounting(constraint_generators=[pho_constraints(patterns=systematic(2))],use_integer_operator_counts=true,transform=adapt_costs(cost_type=one)): 50
[t=872.525s, 62536 KB] g=371, 152685 evaluated, 72908 expanded
[t=1107.6s, 64000 KB] New best heuristic value for operatorcounting(constraint_generators=[pho_constraints(patterns=systematic(2))],use_integer_operator_counts=true,transform=adapt_costs(cost_type=one)): 49
[t=1107.6s, 64000 KB] g=414, 190239 evaluated, 95055 expanded
[t=1112.11s, 64016 KB] New best heuristic value for operatorcounting(constraint_generators=[pho_constraints(patterns=systematic(2))],use_integer_operator_counts=true,transform=adapt_costs(cost_type=one)): 48
[t=1112.11s, 64016 KB] g=433, 190926 evaluated, 95456 expanded
[t=1117.31s, 64036 KB] New best heuristic value for operatorcounting(constraint_generators=[pho_constraints(patterns=systematic(2))],use_integer_operator_counts=true,transform=adapt_costs(cost_type=one)): 47
[t=1117.31s, 64036 KB] g=445, 191737 evaluated, 95956 expanded
[t=1178.35s, 64392 KB] New best heuristic value for operatorcounting(constraint_generators=[pho_constraints(patterns=systematic(2))],use_integer_operator_counts=true,transform=adapt_costs(cost_type=one)): 46
[t=1178.35s, 64392 KB] g=469, 201313 evaluated, 101678 expanded
[t=1200.81s, 64540 KB] New best heuristic value for operatorcounting(constraint_generators=[pho_constraints(patterns=systematic(2))],use_integer_operator_counts=true,transform=adapt_costs(cost_type=one)): 45
[t=1200.81s, 64540 KB] g=485, 204840 evaluated, 103350 expanded
[t=1480.89s, 68348 KB] New best heuristic value for operatorcounting(constraint_generators=[pho_constraints(patterns=systematic(2))],use_integer_operator_counts=true,transform=adapt_costs(cost_type=one)): 44
[t=1480.89s, 68348 KB] g=502, 250571 evaluated, 129304 expanded
[t=1484.97s, 68348 KB] New best heuristic value for operatorcounting(constraint_generators=[pho_constraints(patterns=systematic(2))],use_integer_operator_counts=true,transform=adapt_costs(cost_type=one)): 43
[t=1484.97s, 68348 KB] g=511, 251267 evaluated, 129651 expanded
[t=1492.46s, 68348 KB] New best heuristic value for operatorcounting(constraint_generators=[pho_constraints(patterns=systematic(2))],use_integer_operator_counts=true,transform=adapt_costs(cost_type=one)): 42
[t=1492.46s, 68348 KB] g=519, 252556 evaluated, 130321 expanded
[t=1567.9s, 68760 KB] New best heuristic value for operatorcounting(constraint_generators=[pho_constraints(patterns=systematic(2))],use_integer_operator_counts=true,transform=adapt_costs(cost_type=one)): 41
[t=1567.9s, 68760 KB] g=545, 265144 evaluated, 137211 expanded
Peak memory: 70252 KB
caught signal 24 -- exiting
Time limit has been reached.
Remove intermediate file output.sas
search exit code: 23

Driver aborting after search
INFO     Planner time: 1797.19s
