INFO     planner time limit: 1800s
INFO     planner memory limit: 2048 MB

INFO     Running translator.
INFO     translator stdin: None
INFO     translator time limit: 1799s
INFO     translator memory limit: 2048 MB
INFO     translator command line string: /home/henry/Documents/UFRGS/TCC/downward/.venv/bin/python /home/henry/Documents/UFRGS/TCC/downward/experiments/lab/data/main/code-5bb2ccb6957559b6969ffd7e29254c73f84d5e49_e5e41175/builds/release/bin/translate/translate.py domain.pddl problem.pddl --sas-file output.sas
Parsing...
Parsing: [0.000s CPU, 0.001s wall-clock]
Normalizing task... [0.000s CPU, 0.000s wall-clock]
Instantiating...
Generating Datalog program... [0.000s CPU, 0.000s wall-clock]
Normalizing Datalog program...
Normalizing Datalog program: [0.010s CPU, 0.002s wall-clock]
Preparing model... [0.000s CPU, 0.001s wall-clock]
Generated 52 rules.
Computing model... [0.060s CPU, 0.060s wall-clock]
2867 relevant atoms
10148 auxiliary atoms
13015 final queue length
15801 total queue pushes
Completing instantiation... [0.050s CPU, 0.049s wall-clock]
Instantiating: [0.120s CPU, 0.114s wall-clock]
Computing fact groups...
Finding invariants...
6 initial candidates
Finding invariants: [0.000s CPU, 0.001s wall-clock]
Checking invariant weight... [0.000s CPU, 0.000s wall-clock]
Instantiating groups... [0.000s CPU, 0.001s wall-clock]
Collecting mutex groups... [0.000s CPU, 0.000s wall-clock]
Choosing groups...
1 uncovered facts
Choosing groups: [0.000s CPU, 0.000s wall-clock]
Building translation key... [0.000s CPU, 0.000s wall-clock]
Computing fact groups: [0.000s CPU, 0.003s wall-clock]
Building STRIPS to SAS dictionary... [0.000s CPU, 0.000s wall-clock]
Building dictionary for full mutex groups... [0.000s CPU, 0.000s wall-clock]
Building mutex information...
Building mutex information: [0.000s CPU, 0.000s wall-clock]
Translating task...
Processing axioms...
Simplifying axioms... [0.000s CPU, 0.000s wall-clock]
Translator axioms removed by simplifying: 0
Computing negative axioms... [0.000s CPU, 0.000s wall-clock]
Processing axioms: [0.000s CPU, 0.003s wall-clock]
Translating task: [0.050s CPU, 0.050s wall-clock]
463 effect conditions simplified
0 implied preconditions added
Detecting unreachable propositions...
150 operators removed
0 axioms removed
33 propositions removed
Detecting unreachable propositions: [0.020s CPU, 0.020s wall-clock]
Reordering and filtering variables...
26 of 26 variables necessary.
0 of 25 mutex groups necessary.
2314 of 2314 operators necessary.
0 of 0 axiom rules necessary.
Reordering and filtering variables: [0.010s CPU, 0.006s wall-clock]
Translator variables: 26
Translator derived variables: 0
Translator facts: 195
Translator goal facts: 25
Translator mutex groups: 0
Translator total mutex groups size: 0
Translator operators: 2314
Translator axioms: 0
Translator task size: 13584
Translator peak memory: 40812 KB
Writing output... [0.010s CPU, 0.012s wall-clock]
Done! [0.210s CPU, 0.210s wall-clock]
translate exit code: 0

INFO     Running search (release).
INFO     search stdin: output.sas
INFO     search time limit: 1799s
INFO     search memory limit: 2048 MB
INFO     search command line string: /home/henry/Documents/UFRGS/TCC/downward/experiments/lab/data/main/code-5bb2ccb6957559b6969ffd7e29254c73f84d5e49_e5e41175/builds/release/bin/downward --search 'eager_greedy([lsh(patterns=systematic(4), transform=adapt_costs(cost_type=ONE))])' --internal-plan-file sas_plan < output.sas
[t=0s, 10544 KB] reading input...
[t=0.00399826s, 11160 KB] done reading input!
[t=0.00800328s, 11424 KB] Generating patterns using: systematic pattern collection generator
[t=0.00800328s, 11424 KB] building causal graph...done! [t=0s]
[t=0.0119923s, 12868 KB] Found 5292 SGA patterns.
[t=0.0159918s, 12868 KB] Found 5292 interesting patterns.
[t=0.0159918s, 12868 KB] systematic pattern collection generator number of patterns: 5292
[t=0.0159918s, 12868 KB] systematic pattern collection generator total PDB size: 20302390
[t=0.0159918s, 12868 KB] systematic pattern collection generator computation time: 0.00798856s
[t=0.0159918s, 12868 KB] Computing PDBs for pattern collection...
[t=7.32907s, 93056 KB] Done computing PDBs for pattern collection: 7.31308s
[t=7.52093s, 164496 KB] Building successor generator...done!
[t=7.52093s, 164496 KB] peak memory difference for successor generator creation: 0 KB
[t=7.52093s, 164496 KB] time for successor generation creation: 0s
[t=7.52093s, 164496 KB] Variables: 26
[t=7.52093s, 164496 KB] FactPairs: 195
[t=7.52093s, 164496 KB] Bytes per state: 12
[t=7.52093s, 164496 KB] Conducting best first search without reopening closed nodes, (real) bound = 2147483647
[t=7.52093s, 164496 KB] New best heuristic value for lsh(patterns=systematic(4),transform=adapt_costs(cost_type=one)): 98
[t=7.52093s, 164496 KB] g=0, 1 evaluated, 0 expanded
[t=7.52093s, 164496 KB] Initial heuristic value for lsh(patterns=systematic(4),transform=adapt_costs(cost_type=one)): 98
[t=7.52093s, 164496 KB] pruning method: none
[t=7.52093s, 164496 KB] New best heuristic value for lsh(patterns=systematic(4),transform=adapt_costs(cost_type=one)): 97
[t=7.52093s, 164496 KB] g=1, 3 evaluated, 1 expanded
[t=7.52093s, 164496 KB] New best heuristic value for lsh(patterns=systematic(4),transform=adapt_costs(cost_type=one)): 96
[t=7.52093s, 164496 KB] g=2, 6 evaluated, 2 expanded
[t=7.52093s, 164496 KB] New best heuristic value for lsh(patterns=systematic(4),transform=adapt_costs(cost_type=one)): 95
[t=7.52093s, 164496 KB] g=3, 8 evaluated, 3 expanded
[t=7.52093s, 164496 KB] New best heuristic value for lsh(patterns=systematic(4),transform=adapt_costs(cost_type=one)): 94
[t=7.52493s, 164496 KB] g=4, 9 evaluated, 4 expanded
[t=7.52493s, 164496 KB] New best heuristic value for lsh(patterns=systematic(4),transform=adapt_costs(cost_type=one)): 93
[t=7.52493s, 164496 KB] g=5, 10 evaluated, 5 expanded
[t=7.54092s, 164496 KB] New best heuristic value for lsh(patterns=systematic(4),transform=adapt_costs(cost_type=one)): 92
[t=7.54092s, 164496 KB] g=7, 48 evaluated, 26 expanded
[t=7.5449s, 164496 KB] New best heuristic value for lsh(patterns=systematic(4),transform=adapt_costs(cost_type=one)): 91
[t=7.5449s, 164496 KB] g=8, 58 evaluated, 29 expanded
[t=7.70869s, 164496 KB] New best heuristic value for lsh(patterns=systematic(4),transform=adapt_costs(cost_type=one)): 90
[t=7.70869s, 164496 KB] g=18, 318 evaluated, 236 expanded
[t=7.70869s, 164496 KB] New best heuristic value for lsh(patterns=systematic(4),transform=adapt_costs(cost_type=one)): 89
[t=7.70869s, 164496 KB] g=19, 327 evaluated, 238 expanded
[t=9.31538s, 164496 KB] New best heuristic value for lsh(patterns=systematic(4),transform=adapt_costs(cost_type=one)): 88
[t=9.31538s, 164496 KB] g=21, 2945 evaluated, 2205 expanded
[t=9.89899s, 164496 KB] New best heuristic value for lsh(patterns=systematic(4),transform=adapt_costs(cost_type=one)): 87
[t=9.89899s, 164496 KB] g=30, 4007 evaluated, 2815 expanded
[t=11.2902s, 164496 KB] New best heuristic value for lsh(patterns=systematic(4),transform=adapt_costs(cost_type=one)): 86
[t=11.2902s, 164496 KB] g=42, 6583 evaluated, 4505 expanded
[t=19.8836s, 164752 KB] New best heuristic value for lsh(patterns=systematic(4),transform=adapt_costs(cost_type=one)): 85
[t=19.8836s, 164752 KB] g=44, 21203 evaluated, 13694 expanded
[t=62.7926s, 167828 KB] New best heuristic value for lsh(patterns=systematic(4),transform=adapt_costs(cost_type=one)): 84
[t=62.7926s, 167828 KB] g=48, 94421 evaluated, 60848 expanded
[t=96.7281s, 170620 KB] New best heuristic value for lsh(patterns=systematic(4),transform=adapt_costs(cost_type=one)): 83
[t=96.7281s, 170620 KB] g=70, 152965 evaluated, 101322 expanded
[t=132.46s, 172656 KB] New best heuristic value for lsh(patterns=systematic(4),transform=adapt_costs(cost_type=one)): 82
[t=132.46s, 172656 KB] g=72, 216828 evaluated, 147713 expanded
[t=267.98s, 189964 KB] New best heuristic value for lsh(patterns=systematic(4),transform=adapt_costs(cost_type=one)): 81
[t=267.98s, 189964 KB] g=78, 462090 evaluated, 327202 expanded
[t=671.646s, 218448 KB] New best heuristic value for lsh(patterns=systematic(4),transform=adapt_costs(cost_type=one)): 80
[t=671.646s, 218448 KB] g=84, 1197143 evaluated, 838384 expanded
Peak memory: 299828 KB
caught signal 24 -- exiting
Time limit has been reached.
Remove intermediate file output.sas
search exit code: 23

Driver aborting after search
INFO     Planner time: 1797.56s
