INFO     planner time limit: 1800s
INFO     planner memory limit: 2048 MB

INFO     Running translator.
INFO     translator stdin: None
INFO     translator time limit: 1799s
INFO     translator memory limit: 2048 MB
INFO     translator command line string: /home/henry/Documents/UFRGS/TCC/downward/.venv/bin/python /home/henry/Documents/UFRGS/TCC/downward/experiments/lab/data/main/code-5bb2ccb6957559b6969ffd7e29254c73f84d5e49_e5e41175/builds/release/bin/translate/translate.py domain.pddl problem.pddl --sas-file output.sas
Parsing...
Parsing: [0.000s CPU, 0.004s wall-clock]
Normalizing task... [0.000s CPU, 0.000s wall-clock]
Instantiating...
Generating Datalog program... [0.010s CPU, 0.001s wall-clock]
Normalizing Datalog program...
Trivial rules: Converted to facts.
Normalizing Datalog program: [0.000s CPU, 0.003s wall-clock]
Preparing model... [0.000s CPU, 0.004s wall-clock]
Generated 129 rules.
Computing model... [1.420s CPU, 1.426s wall-clock]
107306 relevant atoms
88431 auxiliary atoms
195737 final queue length
649751 total queue pushes
Completing instantiation... [6.640s CPU, 6.661s wall-clock]
Instantiating: [8.130s CPU, 8.144s wall-clock]
Computing fact groups...
Finding invariants...
28 initial candidates
Finding invariants: [0.030s CPU, 0.028s wall-clock]
Checking invariant weight... [0.000s CPU, 0.000s wall-clock]
Instantiating groups... [0.000s CPU, 0.002s wall-clock]
Collecting mutex groups... [0.000s CPU, 0.001s wall-clock]
Choosing groups...
1001 uncovered facts
Choosing groups: [0.000s CPU, 0.002s wall-clock]
Building translation key... [0.000s CPU, 0.003s wall-clock]
Computing fact groups: [0.040s CPU, 0.046s wall-clock]
Building STRIPS to SAS dictionary... [0.010s CPU, 0.001s wall-clock]
Building dictionary for full mutex groups... [0.000s CPU, 0.002s wall-clock]
Building mutex information...
Building mutex information: [0.000s CPU, 0.001s wall-clock]
Translating task...
Processing axioms...
Simplifying axioms... [0.000s CPU, 0.000s wall-clock]
Translator axioms removed by simplifying: 0
Computing negative axioms... [0.000s CPU, 0.000s wall-clock]
Processing axioms: [0.360s CPU, 0.362s wall-clock]
Translating task: [7.310s CPU, 7.316s wall-clock]
161291 effect conditions simplified
0 implied preconditions added
Detecting unreachable propositions...
0 operators removed
0 axioms removed
61 propositions removed
Detecting unreachable propositions: [3.520s CPU, 3.523s wall-clock]
Reordering and filtering variables...
1036 of 1038 variables necessary.
0 of 45 mutex groups necessary.
104331 of 104331 operators necessary.
0 of 0 axiom rules necessary.
Reordering and filtering variables: [1.950s CPU, 1.951s wall-clock]
Translator variables: 1036
Translator derived variables: 0
Translator facts: 3206
Translator goal facts: 54
Translator mutex groups: 0
Translator total mutex groups size: 0
Translator operators: 104331
Translator axioms: 0
Translator task size: 1453597
Translator peak memory: 738112 KB
Writing output... [0.960s CPU, 0.975s wall-clock]
Done! [22.210s CPU, 22.247s wall-clock]
translate exit code: 0

INFO     Running search (release).
INFO     search stdin: output.sas
INFO     search time limit: 1777s
INFO     search memory limit: 2048 MB
INFO     search command line string: /home/henry/Documents/UFRGS/TCC/downward/experiments/lab/data/main/code-5bb2ccb6957559b6969ffd7e29254c73f84d5e49_e5e41175/builds/release/bin/downward --search 'eager_greedy([operatorcounting(constraint_generators=[pho_constraints(patterns=systematic(2))], use_integer_operator_counts=false, transform=adapt_costs(cost_type=NORMAL))])' --internal-plan-file sas_plan < output.sas
[t=0.00254694s, 45596 KB] reading input...
[t=0.629936s, 97356 KB] done reading input!
[t=0.632926s, 103968 KB] Generating patterns using: systematic pattern collection generator
[t=0.632926s, 103968 KB] building causal graph...done! [t=0.479558s]
[t=1.2603s, 149760 KB] Found 7846 SGA patterns.
[t=1.5321s, 149760 KB] Found 7846 interesting patterns.
[t=1.5321s, 149760 KB] systematic pattern collection generator number of patterns: 7846
[t=1.5321s, 149760 KB] systematic pattern collection generator total PDB size: 301539
[t=1.5321s, 149760 KB] systematic pattern collection generator computation time: 0.899174s
[t=1.5321s, 149760 KB] Computing PDBs for pattern collection...
[t=176.423s, 149760 KB] Done computing PDBs for pattern collection: 174.891s
[t=243.036s, 1157912 KB] Building successor generator...done!
[t=243.088s, 1157912 KB] peak memory difference for successor generator creation: 0 KB
[t=243.088s, 1157912 KB] time for successor generation creation: 0.0519395s
[t=243.088s, 1157912 KB] Variables: 1036
[t=243.088s, 1157912 KB] FactPairs: 3206
[t=243.088s, 1157912 KB] Bytes per state: 152
[t=243.088s, 1157912 KB] Conducting best first search without reopening closed nodes, (real) bound = 2147483647
[t=244.437s, 1427672 KB] New best heuristic value for operatorcounting(constraint_generators=[pho_constraints(patterns=systematic(2))],use_integer_operator_counts=false,transform=adapt_costs(cost_type=normal)): 29
[t=244.437s, 1427672 KB] g=0, 1 evaluated, 0 expanded
[t=244.437s, 1427672 KB] Initial heuristic value for operatorcounting(constraint_generators=[pho_constraints(patterns=systematic(2))],use_integer_operator_counts=false,transform=adapt_costs(cost_type=normal)): 29
[t=244.437s, 1427672 KB] pruning method: none
[t=244.861s, 1427672 KB] New best heuristic value for operatorcounting(constraint_generators=[pho_constraints(patterns=systematic(2))],use_integer_operator_counts=false,transform=adapt_costs(cost_type=normal)): 28
[t=244.861s, 1427672 KB] g=1, 3 evaluated, 1 expanded
[t=247.729s, 1427672 KB] New best heuristic value for operatorcounting(constraint_generators=[pho_constraints(patterns=systematic(2))],use_integer_operator_counts=false,transform=adapt_costs(cost_type=normal)): 27
[t=247.729s, 1427672 KB] g=2, 11 evaluated, 7 expanded
[t=249.918s, 1427672 KB] New best heuristic value for operatorcounting(constraint_generators=[pho_constraints(patterns=systematic(2))],use_integer_operator_counts=false,transform=adapt_costs(cost_type=normal)): 26
[t=249.918s, 1427672 KB] g=3, 17 evaluated, 12 expanded
[t=252.855s, 1427672 KB] New best heuristic value for operatorcounting(constraint_generators=[pho_constraints(patterns=systematic(2))],use_integer_operator_counts=false,transform=adapt_costs(cost_type=normal)): 25
[t=252.855s, 1427672 KB] g=4, 25 evaluated, 18 expanded
[t=257.293s, 1427672 KB] New best heuristic value for operatorcounting(constraint_generators=[pho_constraints(patterns=systematic(2))],use_integer_operator_counts=false,transform=adapt_costs(cost_type=normal)): 24
[t=257.293s, 1427672 KB] g=5, 37 evaluated, 25 expanded
[t=262.078s, 1427672 KB] New best heuristic value for operatorcounting(constraint_generators=[pho_constraints(patterns=systematic(2))],use_integer_operator_counts=false,transform=adapt_costs(cost_type=normal)): 23
[t=262.078s, 1427672 KB] g=6, 50 evaluated, 32 expanded
[t=266.904s, 1427672 KB] New best heuristic value for operatorcounting(constraint_generators=[pho_constraints(patterns=systematic(2))],use_integer_operator_counts=false,transform=adapt_costs(cost_type=normal)): 22
[t=266.904s, 1427672 KB] g=7, 63 evaluated, 39 expanded
[t=296.593s, 1427672 KB] New best heuristic value for operatorcounting(constraint_generators=[pho_constraints(patterns=systematic(2))],use_integer_operator_counts=false,transform=adapt_costs(cost_type=normal)): 21
[t=296.593s, 1427672 KB] g=9, 144 evaluated, 78 expanded
[t=371.827s, 1427672 KB] New best heuristic value for operatorcounting(constraint_generators=[pho_constraints(patterns=systematic(2))],use_integer_operator_counts=false,transform=adapt_costs(cost_type=normal)): 20
[t=371.827s, 1427672 KB] g=12, 356 evaluated, 207 expanded
[t=826.192s, 1427672 KB] New best heuristic value for operatorcounting(constraint_generators=[pho_constraints(patterns=systematic(2))],use_integer_operator_counts=false,transform=adapt_costs(cost_type=normal)): 19
[t=826.192s, 1427672 KB] g=16, 1696 evaluated, 1206 expanded
[t=893.326s, 1427672 KB] New best heuristic value for operatorcounting(constraint_generators=[pho_constraints(patterns=systematic(2))],use_integer_operator_counts=false,transform=adapt_costs(cost_type=normal)): 18
[t=893.326s, 1427672 KB] g=18, 1885 evaluated, 1306 expanded
[t=899.113s, 1427672 KB] New best heuristic value for operatorcounting(constraint_generators=[pho_constraints(patterns=systematic(2))],use_integer_operator_counts=false,transform=adapt_costs(cost_type=normal)): 17
[t=899.113s, 1427672 KB] g=19, 1901 evaluated, 1314 expanded
[t=904.639s, 1427672 KB] New best heuristic value for operatorcounting(constraint_generators=[pho_constraints(patterns=systematic(2))],use_integer_operator_counts=false,transform=adapt_costs(cost_type=normal)): 16
[t=904.639s, 1427672 KB] g=20, 1916 evaluated, 1321 expanded
[t=976.059s, 1427672 KB] New best heuristic value for operatorcounting(constraint_generators=[pho_constraints(patterns=systematic(2))],use_integer_operator_counts=false,transform=adapt_costs(cost_type=normal)): 15
[t=976.059s, 1427672 KB] g=23, 2115 evaluated, 1418 expanded
[t=980.942s, 1427672 KB] New best heuristic value for operatorcounting(constraint_generators=[pho_constraints(patterns=systematic(2))],use_integer_operator_counts=false,transform=adapt_costs(cost_type=normal)): 14
[t=980.942s, 1427672 KB] g=24, 2129 evaluated, 1425 expanded
Peak memory: 1427672 KB
caught signal 24 -- exiting
Time limit has been reached.
Remove intermediate file output.sas
search exit code: 23

Driver aborting after search
INFO     Planner time: 1797.49s
