INFO     planner time limit: 1800s
INFO     planner memory limit: 2048 MB

INFO     Running translator.
INFO     translator stdin: None
INFO     translator time limit: 1799s
INFO     translator memory limit: 2048 MB
INFO     translator command line string: /home/henry/Documents/UFRGS/TCC/downward/.venv/bin/python /home/henry/Documents/UFRGS/TCC/downward/experiments/lab/data/main/code-fa850d1cb8d716322f299a4f9b64478019793ada_e5e41175/builds/release/bin/translate/translate.py domain.pddl problem.pddl --sas-file output.sas
Parsing...
Parsing: [0.000s CPU, 0.002s wall-clock]
Normalizing task... [0.000s CPU, 0.000s wall-clock]
Instantiating...
Generating Datalog program... [0.000s CPU, 0.000s wall-clock]
Normalizing Datalog program...
Normalizing Datalog program: [0.000s CPU, 0.003s wall-clock]
Preparing model... [0.000s CPU, 0.001s wall-clock]
Generated 54 rules.
Computing model... [0.010s CPU, 0.004s wall-clock]
225 relevant atoms
260 auxiliary atoms
485 final queue length
583 total queue pushes
Completing instantiation... [0.000s CPU, 0.003s wall-clock]
Instantiating: [0.010s CPU, 0.011s wall-clock]
Computing fact groups...
Finding invariants...
11 initial candidates
Finding invariants: [0.000s CPU, 0.002s wall-clock]
Checking invariant weight... [0.000s CPU, 0.000s wall-clock]
Instantiating groups... [0.010s CPU, 0.000s wall-clock]
Collecting mutex groups... [0.000s CPU, 0.000s wall-clock]
Choosing groups...
2 uncovered facts
Choosing groups: [0.000s CPU, 0.000s wall-clock]
Building translation key... [0.000s CPU, 0.000s wall-clock]
Computing fact groups: [0.010s CPU, 0.003s wall-clock]
Building STRIPS to SAS dictionary... [0.000s CPU, 0.000s wall-clock]
Building dictionary for full mutex groups... [0.000s CPU, 0.000s wall-clock]
Building mutex information...
Building mutex information: [0.000s CPU, 0.000s wall-clock]
Translating task...
Processing axioms...
Simplifying axioms... [0.000s CPU, 0.000s wall-clock]
Translator axioms removed by simplifying: 0
Computing negative axioms... [0.000s CPU, 0.000s wall-clock]
Processing axioms: [0.000s CPU, 0.000s wall-clock]
Translating task: [0.000s CPU, 0.003s wall-clock]
12 effect conditions simplified
0 implied preconditions added
Detecting unreachable propositions...
0 operators removed
0 axioms removed
8 propositions removed
Detecting unreachable propositions: [0.000s CPU, 0.001s wall-clock]
Reordering and filtering variables...
9 of 10 variables necessary.
2 of 10 mutex groups necessary.
108 of 120 operators necessary.
0 of 0 axiom rules necessary.
Reordering and filtering variables: [0.000s CPU, 0.001s wall-clock]
Translator variables: 9
Translator derived variables: 0
Translator facts: 41
Translator goal facts: 6
Translator mutex groups: 2
Translator total mutex groups size: 6
Translator operators: 108
Translator axioms: 0
Translator task size: 506
Translator peak memory: 32116 KB
Writing output... [0.000s CPU, 0.001s wall-clock]
Done! [0.020s CPU, 0.023s wall-clock]
translate exit code: 0

INFO     Running search (release).
INFO     search stdin: output.sas
INFO     search time limit: 1799s
INFO     search memory limit: 2048 MB
INFO     search command line string: /home/henry/Documents/UFRGS/TCC/downward/experiments/lab/data/main/code-fa850d1cb8d716322f299a4f9b64478019793ada_e5e41175/builds/release/bin/downward --search 'eager_greedy([lsh(patterns=systematic(4), transform=adapt_costs(cost_type=NORMAL))])' --internal-plan-file sas_plan < output.sas
[t=0s, 45596 KB] reading input...
[t=0.00121874s, 45596 KB] done reading input!
[t=0.00121874s, 45860 KB] Generating patterns using: systematic pattern collection generator
[t=0.00121874s, 45860 KB] building causal graph...done! [t=0s]
[t=0.00121874s, 45860 KB] Found 98 SGA patterns.
[t=0.00121874s, 45860 KB] Found 121 interesting patterns.
[t=0.00121874s, 45860 KB] systematic pattern collection generator number of patterns: 121
[t=0.00121874s, 45860 KB] systematic pattern collection generator total PDB size: 29105
[t=0.00121874s, 45860 KB] systematic pattern collection generator computation time: 0s
[t=0.00121874s, 45860 KB] Computing PDBs for pattern collection...
[t=0.0119877s, 45860 KB] Done computing PDBs for pattern collection: 0.010769s
[t=0.0159972s, 45992 KB] Building successor generator...done!
[t=0.0159972s, 45992 KB] peak memory difference for successor generator creation: 0 KB
[t=0.0159972s, 45992 KB] time for successor generation creation: 0s
[t=0.0159972s, 45992 KB] Variables: 9
[t=0.0159972s, 45992 KB] FactPairs: 41
[t=0.0159972s, 45992 KB] Bytes per state: 4
[t=0.0159972s, 45992 KB] Conducting best first search without reopening closed nodes, (real) bound = 2147483647
[t=0.0159972s, 45992 KB] New best heuristic value for lsh(patterns=systematic(4),transform=adapt_costs(cost_type=normal)): 11
[t=0.0159972s, 45992 KB] g=0, 1 evaluated, 0 expanded
[t=0.0159972s, 45992 KB] Initial heuristic value for lsh(patterns=systematic(4),transform=adapt_costs(cost_type=normal)): 11
[t=0.0159972s, 45992 KB] pruning method: none
[t=0.0159972s, 45992 KB] New best heuristic value for lsh(patterns=systematic(4),transform=adapt_costs(cost_type=normal)): 10
[t=0.0159972s, 45992 KB] g=1, 5 evaluated, 1 expanded
[t=0.0159972s, 45992 KB] New best heuristic value for lsh(patterns=systematic(4),transform=adapt_costs(cost_type=normal)): 9
[t=0.0159972s, 45992 KB] g=2, 12 evaluated, 2 expanded
[t=0.0159972s, 45992 KB] New best heuristic value for lsh(patterns=systematic(4),transform=adapt_costs(cost_type=normal)): 8
[t=0.0159972s, 45992 KB] g=3, 16 evaluated, 3 expanded
[t=0.0159972s, 45992 KB] New best heuristic value for lsh(patterns=systematic(4),transform=adapt_costs(cost_type=normal)): 7
[t=0.0159972s, 45992 KB] g=5, 31 evaluated, 7 expanded
[t=0.0159972s, 45992 KB] New best heuristic value for lsh(patterns=systematic(4),transform=adapt_costs(cost_type=normal)): 6
[t=0.0159972s, 45992 KB] g=6, 39 evaluated, 8 expanded
[t=0.0159972s, 45992 KB] New best heuristic value for lsh(patterns=systematic(4),transform=adapt_costs(cost_type=normal)): 5
[t=0.0159972s, 45992 KB] g=7, 48 evaluated, 9 expanded
[t=0.0159972s, 45992 KB] New best heuristic value for lsh(patterns=systematic(4),transform=adapt_costs(cost_type=normal)): 4
[t=0.0159972s, 45992 KB] g=8, 53 evaluated, 10 expanded
[t=0.0159972s, 45992 KB] New best heuristic value for lsh(patterns=systematic(4),transform=adapt_costs(cost_type=normal)): 3
[t=0.0159972s, 45992 KB] g=9, 60 evaluated, 11 expanded
[t=0.0159972s, 45992 KB] New best heuristic value for lsh(patterns=systematic(4),transform=adapt_costs(cost_type=normal)): 2
[t=0.0159972s, 45992 KB] g=10, 67 evaluated, 12 expanded
[t=0.0159972s, 45992 KB] New best heuristic value for lsh(patterns=systematic(4),transform=adapt_costs(cost_type=normal)): 1
[t=0.0159972s, 45992 KB] g=11, 76 evaluated, 13 expanded
[t=0.0159972s, 45992 KB] New best heuristic value for lsh(patterns=systematic(4),transform=adapt_costs(cost_type=normal)): 0
[t=0.0159972s, 45992 KB] g=12, 85 evaluated, 14 expanded
[t=0.0159972s, 45992 KB] Solution found!
[t=0.0159972s, 45992 KB] Actual search time: 0s
load-truck package3 truck1 s1 (1)
walk driver2 s0 p2-0 (1)
walk driver2 p2-0 s2 (1)
board-truck driver1 truck1 s1 (1)
drive-truck truck1 s1 s0 driver1 (1)
load-truck package2 truck1 s0 (1)
load-truck package1 truck1 s0 (1)
drive-truck truck1 s0 s2 driver1 (1)
unload-truck package3 truck1 s2 (1)
drive-truck truck1 s2 s1 driver1 (1)
unload-truck package2 truck1 s1 (1)
unload-truck package1 truck1 s1 (1)
[t=0.0159972s, 45992 KB] Plan length: 12 step(s).
[t=0.0159972s, 45992 KB] Plan cost: 12
[t=0.0159972s, 45992 KB] Expanded 15 state(s).
[t=0.0159972s, 45992 KB] Reopened 0 state(s).
[t=0.0159972s, 45992 KB] Evaluated 88 state(s).
[t=0.0159972s, 45992 KB] Evaluations: 88
[t=0.0159972s, 45992 KB] Generated 108 state(s).
[t=0.0159972s, 45992 KB] Dead ends: 0 state(s).
[t=0.0159972s, 45992 KB] Number of registered states: 88
[t=0.0159972s, 45992 KB] Int hash set load factor: 88/128 = 0.6875
[t=0.0159972s, 45992 KB] Int hash set resizes: 7
[t=0.0159972s, 45992 KB] Search time: 0s
[t=0.0159972s, 45992 KB] Total time: 0.0159972s
Solution found.
Peak memory: 45992 KB
Remove intermediate file output.sas
search exit code: 0

INFO     Running validate.
INFO     validate stdin: None
INFO     validate time limit: None
INFO     validate memory limit: None
INFO     validate command line string: /home/henry/bin/validate domain.pddl problem.pddl sas_plan
Checking plan: sas_plan
Plan executed successfully - checking goal
Plan valid
Final value: 12 

Successful plans:
Value: 12
 sas_plan 12 

validate exit code: 0

INFO     Planner time: 0.12s
