INFO     planner time limit: 1800s
INFO     planner memory limit: 2048 MB

INFO     Running translator.
INFO     translator stdin: None
INFO     translator time limit: 1799s
INFO     translator memory limit: 2048 MB
INFO     translator command line string: /home/henry/Documents/UFRGS/TCC/downward/.venv/bin/python /home/henry/Documents/UFRGS/TCC/downward/experiments/lab/data/main/code-5bb2ccb6957559b6969ffd7e29254c73f84d5e49_e5e41175/builds/release/bin/translate/translate.py domain.pddl problem.pddl --sas-file output.sas
Parsing...
Parsing: [0.010s CPU, 0.005s wall-clock]
Normalizing task... [0.000s CPU, 0.000s wall-clock]
Instantiating...
Generating Datalog program... [0.000s CPU, 0.001s wall-clock]
Normalizing Datalog program...
Normalizing Datalog program: [0.010s CPU, 0.006s wall-clock]
Preparing model... [0.000s CPU, 0.004s wall-clock]
Generated 350 rules.
Computing model... [0.020s CPU, 0.025s wall-clock]
2370 relevant atoms
2806 auxiliary atoms
5176 final queue length
8728 total queue pushes
Completing instantiation... [0.030s CPU, 0.038s wall-clock]
Instantiating: [0.070s CPU, 0.075s wall-clock]
Computing fact groups...
Finding invariants...
20 initial candidates
Finding invariants: [0.010s CPU, 0.006s wall-clock]
Checking invariant weight... [0.000s CPU, 0.000s wall-clock]
Instantiating groups... [0.000s CPU, 0.001s wall-clock]
Collecting mutex groups... [0.000s CPU, 0.000s wall-clock]
Choosing groups...
412 uncovered facts
Choosing groups: [0.010s CPU, 0.006s wall-clock]
Building translation key... [0.000s CPU, 0.001s wall-clock]
Computing fact groups: [0.020s CPU, 0.017s wall-clock]
Building STRIPS to SAS dictionary... [0.000s CPU, 0.000s wall-clock]
Building dictionary for full mutex groups... [0.000s CPU, 0.000s wall-clock]
Building mutex information...
Building mutex information: [0.000s CPU, 0.000s wall-clock]
Translating task...
Processing axioms...
Simplifying axioms... [0.000s CPU, 0.000s wall-clock]
Translator axioms removed by simplifying: 0
Computing negative axioms... [0.000s CPU, 0.000s wall-clock]
Processing axioms: [0.000s CPU, 0.002s wall-clock]
Translating task: [0.050s CPU, 0.044s wall-clock]
1201 effect conditions simplified
0 implied preconditions added
Detecting unreachable propositions...
0 operators removed
0 axioms removed
14 propositions removed
Detecting unreachable propositions: [0.020s CPU, 0.022s wall-clock]
Reordering and filtering variables...
124 of 423 variables necessary.
0 of 12 mutex groups necessary.
1453 of 1453 operators necessary.
0 of 0 axiom rules necessary.
Reordering and filtering variables: [0.010s CPU, 0.011s wall-clock]
Translator variables: 124
Translator derived variables: 0
Translator facts: 476
Translator goal facts: 72
Translator mutex groups: 0
Translator total mutex groups size: 0
Translator operators: 1453
Translator axioms: 0
Translator task size: 10186
Translator peak memory: 39980 KB
Writing output... [0.010s CPU, 0.007s wall-clock]
Done! [0.190s CPU, 0.188s wall-clock]
translate exit code: 0

INFO     Running search (release).
INFO     search stdin: output.sas
INFO     search time limit: 1799s
INFO     search memory limit: 2048 MB
INFO     search command line string: /home/henry/Documents/UFRGS/TCC/downward/experiments/lab/data/main/code-5bb2ccb6957559b6969ffd7e29254c73f84d5e49_e5e41175/builds/release/bin/downward --search 'eager_greedy([operatorcounting(constraint_generators=[pho_constraints(patterns=systematic(4))], use_integer_operator_counts=false, transform=adapt_costs(cost_type=NORMAL))])' --internal-plan-file sas_plan < output.sas
[t=0s, 45596 KB] reading input...
[t=0.00397465s, 46000 KB] done reading input!
[t=0.00733395s, 46576 KB] Generating patterns using: systematic pattern collection generator
[t=0.00733395s, 46576 KB] building causal graph...done! [t=0s]
[t=0.0272931s, 52488 KB] Found 22511 SGA patterns.
[t=0.390992s, 65152 KB] Found 109154 interesting patterns.
[t=0.462907s, 66940 KB] systematic pattern collection generator number of patterns: 109154
[t=0.470894s, 66940 KB] systematic pattern collection generator total PDB size: 11485700
[t=0.478902s, 66940 KB] systematic pattern collection generator computation time: 0.455573s
[t=0.482883s, 66940 KB] Computing PDBs for pattern collection...
[t=24.34s, 127472 KB] Done computing PDBs for pattern collection: 23.8571s
[t=27.154s, 461640 KB] Building successor generator...done!
[t=27.154s, 461640 KB] peak memory difference for successor generator creation: 0 KB
[t=27.154s, 461640 KB] time for successor generation creation: 0s
[t=27.154s, 461640 KB] Variables: 124
[t=27.154s, 461640 KB] FactPairs: 476
[t=27.154s, 461640 KB] Bytes per state: 24
[t=27.154s, 461640 KB] Conducting best first search without reopening closed nodes, (real) bound = 2147483647
[t=27.8652s, 605204 KB] New best heuristic value for operatorcounting(constraint_generators=[pho_constraints(patterns=systematic(4))],use_integer_operator_counts=false,transform=adapt_costs(cost_type=normal)): 3119803
[t=27.8652s, 605204 KB] g=0, 1 evaluated, 0 expanded
[t=27.8652s, 605204 KB] Initial heuristic value for operatorcounting(constraint_generators=[pho_constraints(patterns=systematic(4))],use_integer_operator_counts=false,transform=adapt_costs(cost_type=normal)): 3119803
[t=27.8652s, 605204 KB] pruning method: none
[t=28.1209s, 605204 KB] New best heuristic value for operatorcounting(constraint_generators=[pho_constraints(patterns=systematic(4))],use_integer_operator_counts=false,transform=adapt_costs(cost_type=normal)): 3119303
[t=28.1209s, 605204 KB] g=899, 3 evaluated, 2 expanded
[t=30.6163s, 605204 KB] New best heuristic value for operatorcounting(constraint_generators=[pho_constraints(patterns=systematic(4))],use_integer_operator_counts=false,transform=adapt_costs(cost_type=normal)): 3116215
[t=30.6163s, 605204 KB] g=3588, 15 evaluated, 3 expanded
[t=33.3105s, 605204 KB] New best heuristic value for operatorcounting(constraint_generators=[pho_constraints(patterns=systematic(4))],use_integer_operator_counts=false,transform=adapt_costs(cost_type=normal)): 3105325
[t=33.3105s, 605204 KB] g=14478, 29 evaluated, 4 expanded
[t=35.8155s, 605204 KB] New best heuristic value for operatorcounting(constraint_generators=[pho_constraints(patterns=systematic(4))],use_integer_operator_counts=false,transform=adapt_costs(cost_type=normal)): 3087873
[t=35.8155s, 605204 KB] g=31930, 41 evaluated, 5 expanded
[t=38.5333s, 605204 KB] New best heuristic value for operatorcounting(constraint_generators=[pho_constraints(patterns=systematic(4))],use_integer_operator_counts=false,transform=adapt_costs(cost_type=normal)): 2876024
[t=38.5333s, 605204 KB] g=243779, 54 evaluated, 6 expanded
[t=41.0352s, 605204 KB] New best heuristic value for operatorcounting(constraint_generators=[pho_constraints(patterns=systematic(4))],use_integer_operator_counts=false,transform=adapt_costs(cost_type=normal)): 2797105
[t=41.0352s, 605204 KB] g=322698, 68 evaluated, 7 expanded
[t=43.7222s, 605204 KB] New best heuristic value for operatorcounting(constraint_generators=[pho_constraints(patterns=systematic(4))],use_integer_operator_counts=false,transform=adapt_costs(cost_type=normal)): 2793854
[t=43.7222s, 605204 KB] g=325949, 81 evaluated, 8 expanded
[t=46.4834s, 605204 KB] New best heuristic value for operatorcounting(constraint_generators=[pho_constraints(patterns=systematic(4))],use_integer_operator_counts=false,transform=adapt_costs(cost_type=normal)): 2792355
[t=46.4834s, 605204 KB] g=327448, 94 evaluated, 9 expanded
[t=49.0498s, 605204 KB] New best heuristic value for operatorcounting(constraint_generators=[pho_constraints(patterns=systematic(4))],use_integer_operator_counts=false,transform=adapt_costs(cost_type=normal)): 2791855
[t=49.0498s, 605204 KB] g=328347, 106 evaluated, 10 expanded
[t=51.3898s, 605204 KB] New best heuristic value for operatorcounting(constraint_generators=[pho_constraints(patterns=systematic(4))],use_integer_operator_counts=false,transform=adapt_costs(cost_type=normal)): 2788767
[t=51.3898s, 605204 KB] g=331036, 117 evaluated, 11 expanded
[t=53.9427s, 605204 KB] New best heuristic value for operatorcounting(constraint_generators=[pho_constraints(patterns=systematic(4))],use_integer_operator_counts=false,transform=adapt_costs(cost_type=normal)): 2777877
[t=53.9427s, 605204 KB] g=341926, 130 evaluated, 12 expanded
[t=56.2885s, 605204 KB] New best heuristic value for operatorcounting(constraint_generators=[pho_constraints(patterns=systematic(4))],use_integer_operator_counts=false,transform=adapt_costs(cost_type=normal)): 2760425
[t=56.2885s, 605204 KB] g=359378, 141 evaluated, 13 expanded
[t=58.8647s, 605204 KB] New best heuristic value for operatorcounting(constraint_generators=[pho_constraints(patterns=systematic(4))],use_integer_operator_counts=false,transform=adapt_costs(cost_type=normal)): 2548576
[t=58.8647s, 605204 KB] g=571227, 154 evaluated, 14 expanded
[t=61.2085s, 605204 KB] New best heuristic value for operatorcounting(constraint_generators=[pho_constraints(patterns=systematic(4))],use_integer_operator_counts=false,transform=adapt_costs(cost_type=normal)): 2469657
[t=61.2085s, 605204 KB] g=650146, 166 evaluated, 15 expanded
[t=63.7757s, 605204 KB] New best heuristic value for operatorcounting(constraint_generators=[pho_constraints(patterns=systematic(4))],use_integer_operator_counts=false,transform=adapt_costs(cost_type=normal)): 2466406
[t=63.7757s, 605204 KB] g=653397, 178 evaluated, 16 expanded
[t=66.3458s, 605204 KB] New best heuristic value for operatorcounting(constraint_generators=[pho_constraints(patterns=systematic(4))],use_integer_operator_counts=false,transform=adapt_costs(cost_type=normal)): 2464907
[t=66.3458s, 605204 KB] g=654896, 190 evaluated, 17 expanded
[t=68.7081s, 605204 KB] New best heuristic value for operatorcounting(constraint_generators=[pho_constraints(patterns=systematic(4))],use_integer_operator_counts=false,transform=adapt_costs(cost_type=normal)): 2464407
[t=68.7081s, 605204 KB] g=655795, 201 evaluated, 18 expanded
[t=70.8467s, 605204 KB] New best heuristic value for operatorcounting(constraint_generators=[pho_constraints(patterns=systematic(4))],use_integer_operator_counts=false,transform=adapt_costs(cost_type=normal)): 2461319
[t=70.8467s, 605204 KB] g=658484, 211 evaluated, 19 expanded
[t=73.2217s, 605204 KB] New best heuristic value for operatorcounting(constraint_generators=[pho_constraints(patterns=systematic(4))],use_integer_operator_counts=false,transform=adapt_costs(cost_type=normal)): 2449514
[t=73.2217s, 605204 KB] g=670289, 222 evaluated, 20 expanded
[t=75.5616s, 605204 KB] New best heuristic value for operatorcounting(constraint_generators=[pho_constraints(patterns=systematic(4))],use_integer_operator_counts=false,transform=adapt_costs(cost_type=normal)): 2325765
[t=75.5656s, 605204 KB] g=794038, 234 evaluated, 21 expanded
[t=77.6978s, 605204 KB] New best heuristic value for operatorcounting(constraint_generators=[pho_constraints(patterns=systematic(4))],use_integer_operator_counts=false,transform=adapt_costs(cost_type=normal)): 2298056
[t=77.6978s, 605204 KB] g=821747, 244 evaluated, 22 expanded
[t=80.1108s, 605204 KB] New best heuristic value for operatorcounting(constraint_generators=[pho_constraints(patterns=systematic(4))],use_integer_operator_counts=false,transform=adapt_costs(cost_type=normal)): 2286849
[t=80.1108s, 605204 KB] g=832954, 255 evaluated, 23 expanded
[t=82.355s, 605204 KB] New best heuristic value for operatorcounting(constraint_generators=[pho_constraints(patterns=systematic(4))],use_integer_operator_counts=false,transform=adapt_costs(cost_type=normal)): 2283598
[t=82.355s, 605204 KB] g=836205, 266 evaluated, 24 expanded
[t=84.8146s, 605204 KB] New best heuristic value for operatorcounting(constraint_generators=[pho_constraints(patterns=systematic(4))],use_integer_operator_counts=false,transform=adapt_costs(cost_type=normal)): 2282099
[t=84.8146s, 605204 KB] g=837704, 277 evaluated, 25 expanded
[t=87.0269s, 605204 KB] New best heuristic value for operatorcounting(constraint_generators=[pho_constraints(patterns=systematic(4))],use_integer_operator_counts=false,transform=adapt_costs(cost_type=normal)): 2281599
[t=87.0269s, 605204 KB] g=838603, 287 evaluated, 26 expanded
[t=89.0453s, 605204 KB] New best heuristic value for operatorcounting(constraint_generators=[pho_constraints(patterns=systematic(4))],use_integer_operator_counts=false,transform=adapt_costs(cost_type=normal)): 2278511
[t=89.0453s, 605204 KB] g=841292, 296 evaluated, 27 expanded
[t=91.287s, 605204 KB] New best heuristic value for operatorcounting(constraint_generators=[pho_constraints(patterns=systematic(4))],use_integer_operator_counts=false,transform=adapt_costs(cost_type=normal)): 2266706
[t=91.287s, 605204 KB] g=853097, 306 evaluated, 28 expanded
[t=93.5355s, 605204 KB] New best heuristic value for operatorcounting(constraint_generators=[pho_constraints(patterns=systematic(4))],use_integer_operator_counts=false,transform=adapt_costs(cost_type=normal)): 2142957
[t=93.5355s, 605204 KB] g=976846, 317 evaluated, 29 expanded
[t=95.5692s, 605204 KB] New best heuristic value for operatorcounting(constraint_generators=[pho_constraints(patterns=systematic(4))],use_integer_operator_counts=false,transform=adapt_costs(cost_type=normal)): 2115248
[t=95.5692s, 605204 KB] g=1004555, 326 evaluated, 30 expanded
[t=97.774s, 605204 KB] New best heuristic value for operatorcounting(constraint_generators=[pho_constraints(patterns=systematic(4))],use_integer_operator_counts=false,transform=adapt_costs(cost_type=normal)): 2104041
[t=97.774s, 605204 KB] g=1015762, 336 evaluated, 31 expanded
[t=99.7397s, 605204 KB] New best heuristic value for operatorcounting(constraint_generators=[pho_constraints(patterns=systematic(4))],use_integer_operator_counts=false,transform=adapt_costs(cost_type=normal)): 2100790
[t=99.7397s, 605204 KB] g=1019013, 346 evaluated, 32 expanded
[t=101.923s, 605204 KB] New best heuristic value for operatorcounting(constraint_generators=[pho_constraints(patterns=systematic(4))],use_integer_operator_counts=false,transform=adapt_costs(cost_type=normal)): 2099291
[t=101.923s, 605204 KB] g=1020512, 356 evaluated, 33 expanded
[t=103.927s, 605204 KB] New best heuristic value for operatorcounting(constraint_generators=[pho_constraints(patterns=systematic(4))],use_integer_operator_counts=false,transform=adapt_costs(cost_type=normal)): 2098791
[t=103.927s, 605204 KB] g=1021411, 365 evaluated, 34 expanded
[t=105.689s, 605204 KB] New best heuristic value for operatorcounting(constraint_generators=[pho_constraints(patterns=systematic(4))],use_integer_operator_counts=false,transform=adapt_costs(cost_type=normal)): 2095703
[t=105.689s, 605204 KB] g=1024100, 373 evaluated, 35 expanded
[t=107.677s, 605204 KB] New best heuristic value for operatorcounting(constraint_generators=[pho_constraints(patterns=systematic(4))],use_integer_operator_counts=false,transform=adapt_costs(cost_type=normal)): 2083898
[t=107.677s, 605204 KB] g=1035905, 382 evaluated, 36 expanded
[t=109.656s, 605204 KB] New best heuristic value for operatorcounting(constraint_generators=[pho_constraints(patterns=systematic(4))],use_integer_operator_counts=false,transform=adapt_costs(cost_type=normal)): 1960149
[t=109.656s, 605204 KB] g=1159654, 392 evaluated, 37 expanded
[t=111.404s, 605204 KB] New best heuristic value for operatorcounting(constraint_generators=[pho_constraints(patterns=systematic(4))],use_integer_operator_counts=false,transform=adapt_costs(cost_type=normal)): 1932440
[t=111.404s, 605204 KB] g=1187363, 400 evaluated, 38 expanded
[t=113.36s, 605204 KB] New best heuristic value for operatorcounting(constraint_generators=[pho_constraints(patterns=systematic(4))],use_integer_operator_counts=false,transform=adapt_costs(cost_type=normal)): 1921233
[t=113.36s, 605204 KB] g=1198570, 409 evaluated, 39 expanded
[t=115.135s, 605204 KB] New best heuristic value for operatorcounting(constraint_generators=[pho_constraints(patterns=systematic(4))],use_integer_operator_counts=false,transform=adapt_costs(cost_type=normal)): 1917982
[t=115.135s, 605204 KB] g=1201821, 418 evaluated, 40 expanded
[t=117.139s, 605204 KB] New best heuristic value for operatorcounting(constraint_generators=[pho_constraints(patterns=systematic(4))],use_integer_operator_counts=false,transform=adapt_costs(cost_type=normal)): 1916483
[t=117.139s, 605204 KB] g=1203320, 427 evaluated, 41 expanded
[t=118.873s, 605204 KB] New best heuristic value for operatorcounting(constraint_generators=[pho_constraints(patterns=systematic(4))],use_integer_operator_counts=false,transform=adapt_costs(cost_type=normal)): 1915983
[t=118.873s, 605204 KB] g=1204219, 435 evaluated, 42 expanded
[t=120.403s, 605204 KB] New best heuristic value for operatorcounting(constraint_generators=[pho_constraints(patterns=systematic(4))],use_integer_operator_counts=false,transform=adapt_costs(cost_type=normal)): 1912895
[t=120.403s, 605204 KB] g=1206908, 442 evaluated, 43 expanded
[t=122.136s, 605204 KB] New best heuristic value for operatorcounting(constraint_generators=[pho_constraints(patterns=systematic(4))],use_integer_operator_counts=false,transform=adapt_costs(cost_type=normal)): 1902005
[t=122.136s, 605204 KB] g=1217798, 451 evaluated, 44 expanded
[t=123.676s, 605204 KB] New best heuristic value for operatorcounting(constraint_generators=[pho_constraints(patterns=systematic(4))],use_integer_operator_counts=false,transform=adapt_costs(cost_type=normal)): 1884553
[t=123.676s, 605204 KB] g=1235250, 458 evaluated, 45 expanded
[t=125.426s, 605204 KB] New best heuristic value for operatorcounting(constraint_generators=[pho_constraints(patterns=systematic(4))],use_integer_operator_counts=false,transform=adapt_costs(cost_type=normal)): 1672704
[t=125.426s, 605204 KB] g=1447099, 467 evaluated, 46 expanded
[t=126.97s, 605204 KB] New best heuristic value for operatorcounting(constraint_generators=[pho_constraints(patterns=systematic(4))],use_integer_operator_counts=false,transform=adapt_costs(cost_type=normal)): 1593785
[t=126.97s, 605204 KB] g=1526018, 475 evaluated, 47 expanded
[t=128.665s, 605204 KB] New best heuristic value for operatorcounting(constraint_generators=[pho_constraints(patterns=systematic(4))],use_integer_operator_counts=false,transform=adapt_costs(cost_type=normal)): 1590534
[t=128.665s, 605204 KB] g=1529269, 483 evaluated, 48 expanded
[t=130.398s, 605204 KB] New best heuristic value for operatorcounting(constraint_generators=[pho_constraints(patterns=systematic(4))],use_integer_operator_counts=false,transform=adapt_costs(cost_type=normal)): 1589035
[t=130.398s, 605204 KB] g=1530768, 491 evaluated, 49 expanded
[t=131.93s, 605204 KB] New best heuristic value for operatorcounting(constraint_generators=[pho_constraints(patterns=systematic(4))],use_integer_operator_counts=false,transform=adapt_costs(cost_type=normal)): 1588535
[t=131.93s, 605204 KB] g=1531667, 498 evaluated, 50 expanded
[t=133.235s, 605204 KB] New best heuristic value for operatorcounting(constraint_generators=[pho_constraints(patterns=systematic(4))],use_integer_operator_counts=false,transform=adapt_costs(cost_type=normal)): 1585447
[t=133.235s, 605204 KB] g=1534356, 504 evaluated, 51 expanded
[t=134.796s, 605204 KB] New best heuristic value for operatorcounting(constraint_generators=[pho_constraints(patterns=systematic(4))],use_integer_operator_counts=false,transform=adapt_costs(cost_type=normal)): 1573642
[t=134.796s, 605204 KB] g=1546161, 511 evaluated, 52 expanded
[t=136.306s, 605204 KB] New best heuristic value for operatorcounting(constraint_generators=[pho_constraints(patterns=systematic(4))],use_integer_operator_counts=false,transform=adapt_costs(cost_type=normal)): 1449893
[t=136.306s, 605204 KB] g=1669910, 519 evaluated, 53 expanded
[t=137.627s, 605204 KB] New best heuristic value for operatorcounting(constraint_generators=[pho_constraints(patterns=systematic(4))],use_integer_operator_counts=false,transform=adapt_costs(cost_type=normal)): 1422184
[t=137.627s, 605204 KB] g=1697619, 525 evaluated, 54 expanded
[t=139.18s, 605204 KB] New best heuristic value for operatorcounting(constraint_generators=[pho_constraints(patterns=systematic(4))],use_integer_operator_counts=false,transform=adapt_costs(cost_type=normal)): 1410977
[t=139.18s, 605204 KB] g=1708826, 532 evaluated, 55 expanded
[t=140.505s, 605204 KB] New best heuristic value for operatorcounting(constraint_generators=[pho_constraints(patterns=systematic(4))],use_integer_operator_counts=false,transform=adapt_costs(cost_type=normal)): 1407726
[t=140.505s, 605204 KB] g=1712077, 539 evaluated, 56 expanded
[t=142.111s, 605204 KB] New best heuristic value for operatorcounting(constraint_generators=[pho_constraints(patterns=systematic(4))],use_integer_operator_counts=false,transform=adapt_costs(cost_type=normal)): 1406227
[t=142.111s, 605204 KB] g=1713576, 546 evaluated, 57 expanded
[t=143.44s, 605204 KB] New best heuristic value for operatorcounting(constraint_generators=[pho_constraints(patterns=systematic(4))],use_integer_operator_counts=false,transform=adapt_costs(cost_type=normal)): 1405727
[t=143.44s, 605204 KB] g=1714475, 552 evaluated, 58 expanded
[t=144.557s, 605204 KB] New best heuristic value for operatorcounting(constraint_generators=[pho_constraints(patterns=systematic(4))],use_integer_operator_counts=false,transform=adapt_costs(cost_type=normal)): 1402639
[t=144.557s, 605204 KB] g=1717164, 557 evaluated, 59 expanded
[t=145.904s, 605204 KB] New best heuristic value for operatorcounting(constraint_generators=[pho_constraints(patterns=systematic(4))],use_integer_operator_counts=false,transform=adapt_costs(cost_type=normal)): 1391749
[t=145.904s, 605204 KB] g=1728054, 564 evaluated, 60 expanded
[t=147.048s, 605204 KB] New best heuristic value for operatorcounting(constraint_generators=[pho_constraints(patterns=systematic(4))],use_integer_operator_counts=false,transform=adapt_costs(cost_type=normal)): 1374297
[t=147.048s, 605204 KB] g=1745506, 569 evaluated, 61 expanded
[t=148.352s, 605204 KB] New best heuristic value for operatorcounting(constraint_generators=[pho_constraints(patterns=systematic(4))],use_integer_operator_counts=false,transform=adapt_costs(cost_type=normal)): 1162448
[t=148.352s, 605204 KB] g=1957355, 576 evaluated, 62 expanded
[t=149.409s, 605204 KB] New best heuristic value for operatorcounting(constraint_generators=[pho_constraints(patterns=systematic(4))],use_integer_operator_counts=false,transform=adapt_costs(cost_type=normal)): 1083529
[t=149.409s, 605204 KB] g=2036274, 582 evaluated, 63 expanded
[t=150.685s, 605204 KB] New best heuristic value for operatorcounting(constraint_generators=[pho_constraints(patterns=systematic(4))],use_integer_operator_counts=false,transform=adapt_costs(cost_type=normal)): 1079961
[t=150.685s, 605204 KB] g=2039842, 589 evaluated, 64 expanded
[t=151.825s, 605204 KB] New best heuristic value for operatorcounting(constraint_generators=[pho_constraints(patterns=systematic(4))],use_integer_operator_counts=false,transform=adapt_costs(cost_type=normal)): 1069092
[t=151.825s, 605204 KB] g=2050711, 594 evaluated, 65 expanded
[t=152.94s, 605204 KB] New best heuristic value for operatorcounting(constraint_generators=[pho_constraints(patterns=systematic(4))],use_integer_operator_counts=false,transform=adapt_costs(cost_type=normal)): 1058223
[t=152.94s, 605204 KB] g=2061580, 599 evaluated, 66 expanded
[t=154.047s, 605204 KB] New best heuristic value for operatorcounting(constraint_generators=[pho_constraints(patterns=systematic(4))],use_integer_operator_counts=false,transform=adapt_costs(cost_type=normal)): 1055092
[t=154.047s, 605204 KB] g=2064711, 604 evaluated, 67 expanded
[t=155.32s, 605204 KB] New best heuristic value for operatorcounting(constraint_generators=[pho_constraints(patterns=systematic(4))],use_integer_operator_counts=false,transform=adapt_costs(cost_type=normal)): 1044202
[t=155.32s, 605204 KB] g=2075601, 610 evaluated, 68 expanded
[t=156.37s, 605204 KB] New best heuristic value for operatorcounting(constraint_generators=[pho_constraints(patterns=systematic(4))],use_integer_operator_counts=false,transform=adapt_costs(cost_type=normal)): 1026750
[t=156.37s, 605204 KB] g=2093053, 616 evaluated, 69 expanded
[t=157.369s, 605204 KB] New best heuristic value for operatorcounting(constraint_generators=[pho_constraints(patterns=systematic(4))],use_integer_operator_counts=false,transform=adapt_costs(cost_type=normal)): 814901
[t=157.369s, 605204 KB] g=2304902, 622 evaluated, 70 expanded
[t=158.359s, 605204 KB] New best heuristic value for operatorcounting(constraint_generators=[pho_constraints(patterns=systematic(4))],use_integer_operator_counts=false,transform=adapt_costs(cost_type=normal)): 735982
[t=158.359s, 605204 KB] g=2383821, 628 evaluated, 71 expanded
[t=159.598s, 605204 KB] New best heuristic value for operatorcounting(constraint_generators=[pho_constraints(patterns=systematic(4))],use_integer_operator_counts=false,transform=adapt_costs(cost_type=normal)): 732731
[t=159.598s, 605204 KB] g=2387072, 634 evaluated, 72 expanded
[t=160.882s, 605204 KB] New best heuristic value for operatorcounting(constraint_generators=[pho_constraints(patterns=systematic(4))],use_integer_operator_counts=false,transform=adapt_costs(cost_type=normal)): 731232
[t=160.882s, 605204 KB] g=2388571, 640 evaluated, 73 expanded
[t=161.92s, 605204 KB] New best heuristic value for operatorcounting(constraint_generators=[pho_constraints(patterns=systematic(4))],use_integer_operator_counts=false,transform=adapt_costs(cost_type=normal)): 730732
[t=161.92s, 605204 KB] g=2389470, 645 evaluated, 74 expanded
[t=162.762s, 605204 KB] New best heuristic value for operatorcounting(constraint_generators=[pho_constraints(patterns=systematic(4))],use_integer_operator_counts=false,transform=adapt_costs(cost_type=normal)): 727644
[t=162.762s, 605204 KB] g=2392159, 649 evaluated, 75 expanded
[t=163.81s, 605204 KB] New best heuristic value for operatorcounting(constraint_generators=[pho_constraints(patterns=systematic(4))],use_integer_operator_counts=false,transform=adapt_costs(cost_type=normal)): 715839
[t=163.81s, 605204 KB] g=2403964, 654 evaluated, 76 expanded
[t=164.855s, 605204 KB] New best heuristic value for operatorcounting(constraint_generators=[pho_constraints(patterns=systematic(4))],use_integer_operator_counts=false,transform=adapt_costs(cost_type=normal)): 592090
[t=164.855s, 605204 KB] g=2527713, 660 evaluated, 77 expanded
[t=165.688s, 605204 KB] New best heuristic value for operatorcounting(constraint_generators=[pho_constraints(patterns=systematic(4))],use_integer_operator_counts=false,transform=adapt_costs(cost_type=normal)): 564381
[t=165.688s, 605204 KB] g=2555422, 664 evaluated, 78 expanded
[t=166.731s, 605204 KB] New best heuristic value for operatorcounting(constraint_generators=[pho_constraints(patterns=systematic(4))],use_integer_operator_counts=false,transform=adapt_costs(cost_type=normal)): 553174
[t=166.731s, 605204 KB] g=2566629, 669 evaluated, 79 expanded
[t=167.58s, 605204 KB] New best heuristic value for operatorcounting(constraint_generators=[pho_constraints(patterns=systematic(4))],use_integer_operator_counts=false,transform=adapt_costs(cost_type=normal)): 549923
[t=167.58s, 605204 KB] g=2569880, 674 evaluated, 80 expanded
[t=168.619s, 605204 KB] New best heuristic value for operatorcounting(constraint_generators=[pho_constraints(patterns=systematic(4))],use_integer_operator_counts=false,transform=adapt_costs(cost_type=normal)): 548424
[t=168.619s, 605204 KB] g=2571379, 679 evaluated, 81 expanded
[t=169.501s, 605204 KB] New best heuristic value for operatorcounting(constraint_generators=[pho_constraints(patterns=systematic(4))],use_integer_operator_counts=false,transform=adapt_costs(cost_type=normal)): 547924
[t=169.501s, 605204 KB] g=2572278, 683 evaluated, 82 expanded
[t=170.136s, 605204 KB] New best heuristic value for operatorcounting(constraint_generators=[pho_constraints(patterns=systematic(4))],use_integer_operator_counts=false,transform=adapt_costs(cost_type=normal)): 544836
[t=170.136s, 605204 KB] g=2574967, 686 evaluated, 83 expanded
[t=170.979s, 605204 KB] New best heuristic value for operatorcounting(constraint_generators=[pho_constraints(patterns=systematic(4))],use_integer_operator_counts=false,transform=adapt_costs(cost_type=normal)): 533031
[t=170.979s, 605204 KB] g=2586772, 690 evaluated, 84 expanded
[t=171.817s, 605204 KB] New best heuristic value for operatorcounting(constraint_generators=[pho_constraints(patterns=systematic(4))],use_integer_operator_counts=false,transform=adapt_costs(cost_type=normal)): 409282
[t=171.817s, 605204 KB] g=2710521, 694 evaluated, 85 expanded
[t=172.46s, 605204 KB] New best heuristic value for operatorcounting(constraint_generators=[pho_constraints(patterns=systematic(4))],use_integer_operator_counts=false,transform=adapt_costs(cost_type=normal)): 381573
[t=172.46s, 605204 KB] g=2738230, 698 evaluated, 86 expanded
[t=173.33s, 605204 KB] New best heuristic value for operatorcounting(constraint_generators=[pho_constraints(patterns=systematic(4))],use_integer_operator_counts=false,transform=adapt_costs(cost_type=normal)): 370366
[t=173.33s, 605204 KB] g=2749437, 702 evaluated, 87 expanded
[t=173.968s, 605204 KB] New best heuristic value for operatorcounting(constraint_generators=[pho_constraints(patterns=systematic(4))],use_integer_operator_counts=false,transform=adapt_costs(cost_type=normal)): 367115
[t=173.968s, 605204 KB] g=2752688, 706 evaluated, 88 expanded
[t=174.821s, 605204 KB] New best heuristic value for operatorcounting(constraint_generators=[pho_constraints(patterns=systematic(4))],use_integer_operator_counts=false,transform=adapt_costs(cost_type=normal)): 365616
[t=174.821s, 605204 KB] g=2754187, 710 evaluated, 89 expanded
[t=175.482s, 605204 KB] New best heuristic value for operatorcounting(constraint_generators=[pho_constraints(patterns=systematic(4))],use_integer_operator_counts=false,transform=adapt_costs(cost_type=normal)): 365116
[t=175.482s, 605204 KB] g=2755086, 713 evaluated, 90 expanded
[t=175.917s, 605204 KB] New best heuristic value for operatorcounting(constraint_generators=[pho_constraints(patterns=systematic(4))],use_integer_operator_counts=false,transform=adapt_costs(cost_type=normal)): 362028
[t=175.917s, 605204 KB] g=2757775, 715 evaluated, 91 expanded
[t=176.567s, 605204 KB] New best heuristic value for operatorcounting(constraint_generators=[pho_constraints(patterns=systematic(4))],use_integer_operator_counts=false,transform=adapt_costs(cost_type=normal)): 350223
[t=176.567s, 605204 KB] g=2769580, 718 evaluated, 92 expanded
[t=177.2s, 605204 KB] New best heuristic value for operatorcounting(constraint_generators=[pho_constraints(patterns=systematic(4))],use_integer_operator_counts=false,transform=adapt_costs(cost_type=normal)): 226474
[t=177.2s, 605204 KB] g=2893329, 722 evaluated, 93 expanded
[t=177.64s, 605204 KB] New best heuristic value for operatorcounting(constraint_generators=[pho_constraints(patterns=systematic(4))],use_integer_operator_counts=false,transform=adapt_costs(cost_type=normal)): 198765
[t=177.64s, 605204 KB] g=2921038, 724 evaluated, 94 expanded
[t=178.259s, 605204 KB] New best heuristic value for operatorcounting(constraint_generators=[pho_constraints(patterns=systematic(4))],use_integer_operator_counts=false,transform=adapt_costs(cost_type=normal)): 187558
[t=178.259s, 605204 KB] g=2932245, 727 evaluated, 95 expanded
[t=178.704s, 605204 KB] New best heuristic value for operatorcounting(constraint_generators=[pho_constraints(patterns=systematic(4))],use_integer_operator_counts=false,transform=adapt_costs(cost_type=normal)): 184307
[t=178.704s, 605204 KB] g=2935496, 730 evaluated, 96 expanded
[t=179.345s, 605204 KB] New best heuristic value for operatorcounting(constraint_generators=[pho_constraints(patterns=systematic(4))],use_integer_operator_counts=false,transform=adapt_costs(cost_type=normal)): 182808
[t=179.345s, 605204 KB] g=2936995, 733 evaluated, 97 expanded
[t=179.76s, 605204 KB] New best heuristic value for operatorcounting(constraint_generators=[pho_constraints(patterns=systematic(4))],use_integer_operator_counts=false,transform=adapt_costs(cost_type=normal)): 182308
[t=179.76s, 605204 KB] g=2937894, 735 evaluated, 98 expanded
[t=179.959s, 605204 KB] New best heuristic value for operatorcounting(constraint_generators=[pho_constraints(patterns=systematic(4))],use_integer_operator_counts=false,transform=adapt_costs(cost_type=normal)): 179220
[t=179.959s, 605204 KB] g=2940583, 736 evaluated, 99 expanded
[t=180.383s, 605204 KB] New best heuristic value for operatorcounting(constraint_generators=[pho_constraints(patterns=systematic(4))],use_integer_operator_counts=false,transform=adapt_costs(cost_type=normal)): 167415
[t=180.383s, 605204 KB] g=2952388, 738 evaluated, 100 expanded
[t=180.829s, 605204 KB] New best heuristic value for operatorcounting(constraint_generators=[pho_constraints(patterns=systematic(4))],use_integer_operator_counts=false,transform=adapt_costs(cost_type=normal)): 43666
[t=180.829s, 605204 KB] g=3076137, 741 evaluated, 101 expanded
[t=181.045s, 605204 KB] New best heuristic value for operatorcounting(constraint_generators=[pho_constraints(patterns=systematic(4))],use_integer_operator_counts=false,transform=adapt_costs(cost_type=normal)): 15957
[t=181.045s, 605204 KB] g=3103846, 742 evaluated, 102 expanded
[t=181.475s, 605204 KB] New best heuristic value for operatorcounting(constraint_generators=[pho_constraints(patterns=systematic(4))],use_integer_operator_counts=false,transform=adapt_costs(cost_type=normal)): 4750
[t=181.475s, 605204 KB] g=3115053, 744 evaluated, 103 expanded
[t=181.697s, 605204 KB] New best heuristic value for operatorcounting(constraint_generators=[pho_constraints(patterns=systematic(4))],use_integer_operator_counts=false,transform=adapt_costs(cost_type=normal)): 1499
[t=181.697s, 605204 KB] g=3118304, 746 evaluated, 104 expanded
[t=182.124s, 605204 KB] New best heuristic value for operatorcounting(constraint_generators=[pho_constraints(patterns=systematic(4))],use_integer_operator_counts=false,transform=adapt_costs(cost_type=normal)): 0
[t=182.124s, 605204 KB] g=3119803, 748 evaluated, 105 expanded
[t=182.124s, 605204 KB] Solution found!
[t=182.124s, 605204 KB] Actual search time: 154.258s
initialize  (0)
fe1-feedmsi-letter sheet1 (500)
im1-movelower-letter sheet1 (3088)
lc1-fmove-letter sheet1 (10890)
lc2-divert-letter sheet1 back front (17452)
lre-simplex-letter sheet1 front image-1 (211849)
lc2-mergeinvert-letter sheet1 (78919)
om-lowerout-letter sheet1 (3251)
sys-stack-letter sheet1 dummy-sheet (1499)
fe1-feedmsi-letter sheet2 (500)
im1-movelower-letter sheet2 (3088)
lc1-fmove-letter sheet2 (10890)
lc2-divert-letter sheet2 back front (17452)
lre-simplex-letter sheet2 front image-2 (211849)
lc2-mergeinvert-letter sheet2 (78919)
om-lowerout-letter sheet2 (3251)
sys-stack-letter sheet2 sheet1 (1499)
fe1-feedmsi-letter sheet3 (500)
im1-movelower-letter sheet3 (3088)
lc1-divert-letter sheet3 back front (11805)
lbe-simplex-letter sheet3 front image-3 (123749)
lc1-merge-letter sheet3 (27709)
lc2-fmove-letter sheet3 (11207)
om-lowerout-letter sheet3 (3251)
sys-stack-letter sheet3 sheet2 (1499)
fe1-feedmsi-letter sheet4 (500)
im1-movelower-letter sheet4 (3088)
lc1-divert-letter sheet4 back front (11805)
lbe-simplex-letter sheet4 front image-4 (123749)
lc1-merge-letter sheet4 (27709)
lc2-fmove-letter sheet4 (11207)
om-lowerout-letter sheet4 (3251)
sys-stack-letter sheet4 sheet3 (1499)
fe1-feedmsi-letter sheet5 (500)
im1-movelower-letter sheet5 (3088)
lc1-divert-letter sheet5 back front (11805)
lbe-simplex-letter sheet5 front image-5 (123749)
lc1-merge-letter sheet5 (27709)
lc2-fmove-letter sheet5 (11207)
om-lowerout-letter sheet5 (3251)
sys-stack-letter sheet5 sheet4 (1499)
fe1-feedmsi-letter sheet6 (500)
im1-movelower-letter sheet6 (3088)
lc1-fmove-letter sheet6 (10890)
lc2-divert-letter sheet6 back front (17452)
lre-simplex-letter sheet6 front image-6 (211849)
lc2-mergeinvert-letter sheet6 (78919)
om-lowerout-letter sheet6 (3251)
sys-stack-letter sheet6 sheet5 (1499)
fe1-feedmsi-letter sheet7 (500)
im1-movelower-letter sheet7 (3088)
lc1-divert-letter sheet7 back front (11805)
lbe-simplex-letter sheet7 front image-7 (123749)
lc1-merge-letter sheet7 (27709)
lc2-fmove-letter sheet7 (11207)
om-lowerout-letter sheet7 (3251)
sys-stack-letter sheet7 sheet6 (1499)
fe1-feedmsi-letter sheet8 (500)
im1-movelower-letter sheet8 (3088)
lc1-fmove-letter sheet8 (10890)
lc2-divert-letter sheet8 back front (17452)
lre-simplex-letter sheet8 front image-8 (211849)
lc2-mergeinvert-letter sheet8 (78919)
om-lowerreturn-letter sheet8 (3568)
rh2-returnmove-letter sheet8 (10869)
rh1-returnmove-letter sheet8 (10869)
im1-looplower-letter sheet8 (3131)
lc1-fmove-letter sheet8 (10890)
lc2-divert-letter sheet8 front back (17452)
lre-simplex-letter sheet8 back image-8b (211849)
lc2-merge-letter sheet8 back front (78919)
om-lowerout-letter sheet8 (3251)
sys-stack-letter sheet8 sheet7 (1499)
fe1-feedmsi-letter sheet9 (500)
im1-movelower-letter sheet9 (3088)
lc1-divert-letter sheet9 back front (11805)
lbe-simplex-letter sheet9 front image-9 (123749)
lc1-merge-letter sheet9 (27709)
lc2-fmove-letter sheet9 (11207)
om-lowerout-letter sheet9 (3251)
sys-stack-letter sheet9 sheet8 (1499)
fe1-feedmsi-letter sheet10 (500)
im1-movelower-letter sheet10 (3088)
lc1-divert-letter sheet10 back front (11805)
lbe-simplex-letter sheet10 front image-10 (123749)
lc1-merge-letter sheet10 (27709)
lc2-fmove-letter sheet10 (11207)
om-lowerout-letter sheet10 (3251)
sys-stack-letter sheet10 sheet9 (1499)
fe1-feedmsi-letter sheet11 (500)
im1-movelower-letter sheet11 (3088)
lc1-divert-letter sheet11 back front (11805)
lbe-simplex-letter sheet11 front image-11 (123749)
lc1-merge-letter sheet11 (27709)
lc2-fmove-letter sheet11 (11207)
om-lowerout-letter sheet11 (3251)
sys-stack-letter sheet11 sheet10 (1499)
fe1-feedmsi-letter sheet12 (500)
im1-movelower-letter sheet12 (3088)
lc1-divert-letter sheet12 back front (11805)
lbe-simplex-letter sheet12 front image-12 (123749)
lc1-merge-letter sheet12 (27709)
lc2-fmove-letter sheet12 (11207)
om-lowerout-letter sheet12 (3251)
sys-stack-letter sheet12 sheet11 (1499)
[t=182.124s, 605204 KB] Plan length: 105 step(s).
[t=182.124s, 605204 KB] Plan cost: 3119803
[t=182.124s, 605204 KB] Expanded 106 state(s).
[t=182.124s, 605204 KB] Reopened 0 state(s).
[t=182.124s, 605204 KB] Evaluated 748 state(s).
[t=182.124s, 605204 KB] Evaluations: 748
[t=182.124s, 605204 KB] Generated 1418 state(s).
[t=182.124s, 605204 KB] Dead ends: 32 state(s).
[t=182.124s, 605204 KB] Number of registered states: 748
[t=182.124s, 605204 KB] Int hash set load factor: 748/1024 = 0.730469
[t=182.124s, 605204 KB] Int hash set resizes: 10
[t=182.124s, 605204 KB] Search time: 154.97s
[t=182.124s, 605204 KB] Total time: 182.124s
Solution found.
Peak memory: 605204 KB
Remove intermediate file output.sas
search exit code: 0

INFO     Running validate.
INFO     validate stdin: None
INFO     validate time limit: None
INFO     validate memory limit: None
INFO     validate command line string: /home/henry/bin/validate domain.pddl problem.pddl sas_plan
Checking plan: sas_plan
Plan executed successfully - checking goal
Plan valid
Final value: 3119803 

Successful plans:
Value: 3119803
 sas_plan 3119803 

validate exit code: 0

INFO     Planner time: 182.48s
