INFO     planner time limit: 1800s
INFO     planner memory limit: 2048 MB

INFO     Running translator.
INFO     translator stdin: None
INFO     translator time limit: 1799s
INFO     translator memory limit: 2048 MB
INFO     translator command line string: /home/henry/Documents/UFRGS/TCC/downward/.venv/bin/python /home/henry/Documents/UFRGS/TCC/downward/experiments/lab/data/main/code-5bb2ccb6957559b6969ffd7e29254c73f84d5e49_e5e41175/builds/release/bin/translate/translate.py domain.pddl problem.pddl --sas-file output.sas
Parsing...
Parsing: [0.030s CPU, 0.028s wall-clock]
Normalizing task... [0.000s CPU, 0.001s wall-clock]
Instantiating...
Generating Datalog program... [0.010s CPU, 0.009s wall-clock]
Normalizing Datalog program...
Normalizing Datalog program: [0.000s CPU, 0.001s wall-clock]
Preparing model... [0.060s CPU, 0.055s wall-clock]
Generated 23 rules.
Computing model... [0.150s CPU, 0.154s wall-clock]
14411 relevant atoms
24285 auxiliary atoms
38696 final queue length
47795 total queue pushes
Completing instantiation... [0.180s CPU, 0.174s wall-clock]
Instantiating: [0.410s CPU, 0.402s wall-clock]
Computing fact groups...
Finding invariants...
9 initial candidates
Finding invariants: [0.000s CPU, 0.004s wall-clock]
Checking invariant weight... [0.010s CPU, 0.003s wall-clock]
Instantiating groups... [0.000s CPU, 0.003s wall-clock]
Collecting mutex groups... [0.000s CPU, 0.000s wall-clock]
Choosing groups...
0 uncovered facts
Choosing groups: [0.000s CPU, 0.000s wall-clock]
Building translation key... [0.000s CPU, 0.000s wall-clock]
Computing fact groups: [0.010s CPU, 0.011s wall-clock]
Building STRIPS to SAS dictionary... [0.000s CPU, 0.000s wall-clock]
Building dictionary for full mutex groups... [0.000s CPU, 0.000s wall-clock]
Building mutex information...
Building mutex information: [0.000s CPU, 0.000s wall-clock]
Translating task...
Processing axioms...
Simplifying axioms... [0.000s CPU, 0.000s wall-clock]
Translator axioms removed by simplifying: 0
Computing negative axioms... [0.000s CPU, 0.000s wall-clock]
Processing axioms: [0.010s CPU, 0.006s wall-clock]
Translating task: [0.100s CPU, 0.095s wall-clock]
0 effect conditions simplified
0 implied preconditions added
Detecting unreachable propositions...
0 operators removed
0 axioms removed
15 propositions removed
Detecting unreachable propositions: [0.080s CPU, 0.089s wall-clock]
Reordering and filtering variables...
15 of 15 variables necessary.
0 of 15 mutex groups necessary.
4874 of 4874 operators necessary.
0 of 0 axiom rules necessary.
Reordering and filtering variables: [0.010s CPU, 0.012s wall-clock]
Translator variables: 15
Translator derived variables: 0
Translator facts: 326
Translator goal facts: 13
Translator mutex groups: 0
Translator total mutex groups size: 0
Translator operators: 4874
Translator axioms: 0
Translator task size: 24386
Translator peak memory: 55444 KB
Writing output... [0.020s CPU, 0.019s wall-clock]
Done! [0.670s CPU, 0.667s wall-clock]
translate exit code: 0

INFO     Running search (release).
INFO     search stdin: output.sas
INFO     search time limit: 1799s
INFO     search memory limit: 2048 MB
INFO     search command line string: /home/henry/Documents/UFRGS/TCC/downward/experiments/lab/data/main/code-5bb2ccb6957559b6969ffd7e29254c73f84d5e49_e5e41175/builds/release/bin/downward --search 'eager_greedy([ilsh(patterns=systematic(4), transform=adapt_costs(cost_type=ONE))])' --internal-plan-file sas_plan < output.sas
[t=0s, 10544 KB] reading input...
[t=0.0119917s, 11928 KB] done reading input!
[t=0.0119917s, 12192 KB] Generating patterns using: systematic pattern collection generator
[t=0.0119917s, 12192 KB] building causal graph...done! [t=0.00399927s]
[t=0.0159909s, 12192 KB] Found 39 SGA patterns.
[t=0.0159909s, 12192 KB] Found 481 interesting patterns.
[t=0.0159909s, 12192 KB] systematic pattern collection generator number of patterns: 481
[t=0.0159909s, 12192 KB] systematic pattern collection generator total PDB size: 36748894
[t=0.0159909s, 12192 KB] systematic pattern collection generator computation time: 0.00399927s
[t=0.0159909s, 12192 KB] Computing PDBs for pattern collection...
[t=10.7895s, 156548 KB] Done computing PDBs for pattern collection: 10.7735s
[t=10.8334s, 180500 KB] Tie breaking: 2
[t=10.8334s, 180500 KB] Building successor generator...done!
[t=10.8334s, 180652 KB] peak memory difference for successor generator creation: 152 KB
[t=10.8334s, 180652 KB] time for successor generation creation: 0s
[t=10.8334s, 180652 KB] Variables: 15
[t=10.8334s, 180652 KB] FactPairs: 326
[t=10.8334s, 180652 KB] Bytes per state: 8
[t=10.8334s, 180652 KB] Conducting best first search without reopening closed nodes, (real) bound = 2147483647
[t=10.9893s, 180652 KB] New best heuristic value for ilsh(patterns=systematic(4),transform=adapt_costs(cost_type=one)): 44
[t=10.9893s, 180652 KB] g=0, 1 evaluated, 0 expanded
[t=10.9893s, 180652 KB] Initial heuristic value for ilsh(patterns=systematic(4),transform=adapt_costs(cost_type=one)): 44
[t=10.9893s, 180652 KB] pruning method: none
[t=11.5766s, 180652 KB] New best heuristic value for ilsh(patterns=systematic(4),transform=adapt_costs(cost_type=one)): 42
[t=11.5766s, 180652 KB] g=2, 5 evaluated, 2 expanded
[t=31.14s, 180652 KB] New best heuristic value for ilsh(patterns=systematic(4),transform=adapt_costs(cost_type=one)): 41
[t=31.14s, 180652 KB] g=5, 191 evaluated, 55 expanded
[t=32.3432s, 180652 KB] New best heuristic value for ilsh(patterns=systematic(4),transform=adapt_costs(cost_type=one)): 39
[t=32.3432s, 180652 KB] g=6, 198 evaluated, 56 expanded
[t=44.2585s, 180652 KB] New best heuristic value for ilsh(patterns=systematic(4),transform=adapt_costs(cost_type=one)): 37
[t=44.2585s, 180652 KB] g=8, 344 evaluated, 80 expanded
[t=52.5957s, 180652 KB] New best heuristic value for ilsh(patterns=systematic(4),transform=adapt_costs(cost_type=one)): 36
[t=52.5957s, 180652 KB] g=11, 436 evaluated, 95 expanded
[t=377.397s, 180844 KB] New best heuristic value for ilsh(patterns=systematic(4),transform=adapt_costs(cost_type=one)): 35
[t=377.397s, 180844 KB] g=11, 5579 evaluated, 1250 expanded
Peak memory: 182072 KB
caught signal 24 -- exiting
Time limit has been reached.
Remove intermediate file output.sas
search exit code: 23

Driver aborting after search
INFO     Planner time: 1798.12s
