INFO     planner time limit: 1800s
INFO     planner memory limit: 2048 MB

INFO     Running translator.
INFO     translator stdin: None
INFO     translator time limit: 1799s
INFO     translator memory limit: 2048 MB
INFO     translator command line string: /home/henry/Documents/UFRGS/TCC/downward/.venv/bin/python /home/henry/Documents/UFRGS/TCC/downward/experiments/lab/data/main/code-5bb2ccb6957559b6969ffd7e29254c73f84d5e49_e5e41175/builds/release/bin/translate/translate.py domain.pddl problem.pddl --sas-file output.sas
Parsing...
Parsing: [0.010s CPU, 0.006s wall-clock]
Normalizing task... [0.000s CPU, 0.000s wall-clock]
Instantiating...
Generating Datalog program... [0.000s CPU, 0.002s wall-clock]
Normalizing Datalog program...
Trivial rules: Converted to facts.
Normalizing Datalog program: [0.010s CPU, 0.004s wall-clock]
Preparing model... [0.000s CPU, 0.005s wall-clock]
Generated 129 rules.
Computing model... [0.670s CPU, 0.665s wall-clock]
45253 relevant atoms
40846 auxiliary atoms
86099 final queue length
279852 total queue pushes
Completing instantiation... [3.520s CPU, 3.520s wall-clock]
Instantiating: [4.220s CPU, 4.226s wall-clock]
Computing fact groups...
Finding invariants...
28 initial candidates
Finding invariants: [0.020s CPU, 0.016s wall-clock]
Checking invariant weight... [0.000s CPU, 0.000s wall-clock]
Instantiating groups... [0.000s CPU, 0.002s wall-clock]
Collecting mutex groups... [0.000s CPU, 0.001s wall-clock]
Choosing groups...
676 uncovered facts
Choosing groups: [0.010s CPU, 0.001s wall-clock]
Building translation key... [0.000s CPU, 0.002s wall-clock]
Computing fact groups: [0.030s CPU, 0.028s wall-clock]
Building STRIPS to SAS dictionary... [0.000s CPU, 0.001s wall-clock]
Building dictionary for full mutex groups... [0.000s CPU, 0.001s wall-clock]
Building mutex information...
Building mutex information: [0.000s CPU, 0.000s wall-clock]
Translating task...
Processing axioms...
Simplifying axioms... [0.000s CPU, 0.000s wall-clock]
Translator axioms removed by simplifying: 0
Computing negative axioms... [0.000s CPU, 0.000s wall-clock]
Processing axioms: [0.210s CPU, 0.207s wall-clock]
Translating task: [4.010s CPU, 4.015s wall-clock]
66705 effect conditions simplified
0 implied preconditions added
Detecting unreachable propositions...
0 operators removed
0 axioms removed
49 propositions removed
Detecting unreachable propositions: [3.050s CPU, 3.050s wall-clock]
Reordering and filtering variables...
704 of 707 variables necessary.
0 of 37 mutex groups necessary.
43267 of 43267 operators necessary.
0 of 0 axiom rules necessary.
Reordering and filtering variables: [0.950s CPU, 0.957s wall-clock]
Translator variables: 704
Translator derived variables: 0
Translator facts: 2132
Translator goal facts: 44
Translator mutex groups: 0
Translator total mutex groups size: 0
Translator operators: 43267
Translator axioms: 0
Translator task size: 624511
Translator peak memory: 334520 KB
Writing output... [0.480s CPU, 0.474s wall-clock]
Done! [12.960s CPU, 12.966s wall-clock]
translate exit code: 0

INFO     Running search (release).
INFO     search stdin: output.sas
INFO     search time limit: 1786s
INFO     search memory limit: 2048 MB
INFO     search command line string: /home/henry/Documents/UFRGS/TCC/downward/experiments/lab/data/main/code-5bb2ccb6957559b6969ffd7e29254c73f84d5e49_e5e41175/builds/release/bin/downward --search 'eager_greedy([operatorcounting(constraint_generators=[pho_constraints(patterns=systematic(4))], use_integer_operator_counts=true, transform=adapt_costs(cost_type=ONE))])' --internal-plan-file sas_plan < output.sas
[t=0s, 45596 KB] reading input...
[t=0.271631s, 67476 KB] done reading input!
[t=0.273163s, 70996 KB] Generating patterns using: systematic pattern collection generator
[t=0.273163s, 70996 KB] building causal graph...done! [t=0.291604s]
Failed to allocate memory.
Memory limit has been reached.
Peak memory: 2097044 KB
Remove intermediate file output.sas
search exit code: 22

Driver aborting after search
INFO     Planner time: 36.15s
