INFO     planner time limit: 1800s
INFO     planner memory limit: 2048 MB

INFO     Running translator.
INFO     translator stdin: None
INFO     translator time limit: 1799s
INFO     translator memory limit: 2048 MB
INFO     translator command line string: /home/henry/Documents/UFRGS/TCC/downward/.venv/bin/python /home/henry/Documents/UFRGS/TCC/downward/experiments/lab/data/main/code-5bb2ccb6957559b6969ffd7e29254c73f84d5e49_e5e41175/builds/release/bin/translate/translate.py domain.pddl problem.pddl --sas-file output.sas
Parsing...
Parsing: [0.010s CPU, 0.003s wall-clock]
Normalizing task... [0.000s CPU, 0.000s wall-clock]
Instantiating...
Generating Datalog program... [0.000s CPU, 0.001s wall-clock]
Normalizing Datalog program...
Normalizing Datalog program: [0.000s CPU, 0.004s wall-clock]
Preparing model... [0.000s CPU, 0.003s wall-clock]
Generated 79 rules.
Computing model... [1.530s CPU, 1.528s wall-clock]
167193 relevant atoms
54260 auxiliary atoms
221453 final queue length
707823 total queue pushes
Completing instantiation... [4.250s CPU, 4.263s wall-clock]
Instantiating: [5.840s CPU, 5.852s wall-clock]
Computing fact groups...
Finding invariants...
14 initial candidates
Finding invariants: [0.140s CPU, 0.135s wall-clock]
Checking invariant weight... [0.000s CPU, 0.000s wall-clock]
Instantiating groups... [0.000s CPU, 0.000s wall-clock]
Collecting mutex groups... [0.000s CPU, 0.001s wall-clock]
Choosing groups...
3316 uncovered facts
Choosing groups: [0.000s CPU, 0.000s wall-clock]
Building translation key... [0.010s CPU, 0.008s wall-clock]
Computing fact groups: [0.170s CPU, 0.165s wall-clock]
Building STRIPS to SAS dictionary... [0.000s CPU, 0.002s wall-clock]
Building dictionary for full mutex groups... [0.000s CPU, 0.002s wall-clock]
Building mutex information...
Building mutex information: [0.000s CPU, 0.002s wall-clock]
Translating task...
Processing axioms...
Simplifying axioms... [0.000s CPU, 0.000s wall-clock]
Translator axioms removed by simplifying: 0
Computing negative axioms... [0.000s CPU, 0.000s wall-clock]
Processing axioms: [0.080s CPU, 0.078s wall-clock]
Translating task: [2.660s CPU, 2.659s wall-clock]
147256 effect conditions simplified
0 implied preconditions added
Detecting unreachable propositions...
0 operators removed
0 axioms removed
2 propositions removed
Detecting unreachable propositions: [1.510s CPU, 1.512s wall-clock]
Reordering and filtering variables...
3318 of 3318 variables necessary.
0 of 2 mutex groups necessary.
58616 of 58616 operators necessary.
0 of 0 axiom rules necessary.
Reordering and filtering variables: [1.630s CPU, 1.629s wall-clock]
Translator variables: 3318
Translator derived variables: 0
Translator facts: 6744
Translator goal facts: 28
Translator mutex groups: 0
Translator total mutex groups size: 0
Translator operators: 58616
Translator axioms: 0
Translator task size: 509266
Translator peak memory: 368036 KB
Writing output... [0.430s CPU, 0.439s wall-clock]
Done! [12.380s CPU, 12.392s wall-clock]
translate exit code: 0

INFO     Running search (release).
INFO     search stdin: output.sas
INFO     search time limit: 1787s
INFO     search memory limit: 2048 MB
INFO     search command line string: /home/henry/Documents/UFRGS/TCC/downward/experiments/lab/data/main/code-5bb2ccb6957559b6969ffd7e29254c73f84d5e49_e5e41175/builds/release/bin/downward --search 'eager_greedy([ilsh(patterns=systematic(2), transform=adapt_costs(cost_type=ONE))])' --internal-plan-file sas_plan < output.sas
[t=0s, 10544 KB] reading input...
[t=0.267793s, 34096 KB] done reading input!
[t=0.267793s, 34360 KB] Generating patterns using: systematic pattern collection generator
[t=0.267793s, 34360 KB] building causal graph...done! [t=0.191844s]
[t=0.555537s, 60244 KB] Found 14002 SGA patterns.
[t=1.00325s, 60244 KB] Found 14002 interesting patterns.
[t=1.00726s, 60244 KB] systematic pattern collection generator number of patterns: 14002
[t=1.00726s, 60244 KB] systematic pattern collection generator total PDB size: 62000
[t=1.00726s, 60244 KB] systematic pattern collection generator computation time: 0.739468s
[t=1.00726s, 60244 KB] Computing PDBs for pattern collection...
[t=145.495s, 60244 KB] Done computing PDBs for pattern collection: 144.487s
[t=172.575s, 513812 KB] Tie breaking: 2
[t=172.575s, 513812 KB] Building successor generator...done!
[t=172.599s, 516560 KB] peak memory difference for successor generator creation: 2748 KB
[t=172.599s, 516560 KB] time for successor generation creation: 0.0239861s
[t=172.599s, 516560 KB] Variables: 3318
[t=172.599s, 516560 KB] FactPairs: 6744
[t=172.599s, 516560 KB] Bytes per state: 416
[t=172.599s, 516560 KB] Conducting best first search without reopening closed nodes, (real) bound = 2147483647
Peak memory: 516560 KB
caught signal 24 -- exiting
Time limit has been reached.
Remove intermediate file output.sas
search exit code: 23

Driver aborting after search
INFO     Planner time: 1797.78s
