INFO     planner time limit: 1800s
INFO     planner memory limit: 2048 MB

INFO     Running translator.
INFO     translator stdin: None
INFO     translator time limit: 1799s
INFO     translator memory limit: 2048 MB
INFO     translator command line string: /home/henry/Documents/UFRGS/TCC/downward/.venv/bin/python /home/henry/Documents/UFRGS/TCC/downward/experiments/lab/data/main/code-5bb2ccb6957559b6969ffd7e29254c73f84d5e49_e5e41175/builds/release/bin/translate/translate.py domain.pddl problem.pddl --sas-file output.sas
Parsing...
Parsing: [0.000s CPU, 0.007s wall-clock]
Normalizing task... [0.000s CPU, 0.000s wall-clock]
Instantiating...
Generating Datalog program... [0.000s CPU, 0.001s wall-clock]
Normalizing Datalog program...
Normalizing Datalog program: [0.010s CPU, 0.005s wall-clock]
Preparing model... [0.000s CPU, 0.004s wall-clock]
Generated 258 rules.
Computing model... [0.640s CPU, 0.647s wall-clock]
95618 relevant atoms
1853 auxiliary atoms
97471 final queue length
357118 total queue pushes
Completing instantiation... [5.110s CPU, 5.117s wall-clock]
Instantiating: [5.800s CPU, 5.800s wall-clock]
Computing fact groups...
Finding invariants...
44 initial candidates
Finding invariants: [0.110s CPU, 0.110s wall-clock]
Checking invariant weight... [0.000s CPU, 0.000s wall-clock]
Instantiating groups... [0.000s CPU, 0.001s wall-clock]
Collecting mutex groups... [0.000s CPU, 0.000s wall-clock]
Choosing groups...
133 uncovered facts
Choosing groups: [0.000s CPU, 0.000s wall-clock]
Building translation key... [0.000s CPU, 0.000s wall-clock]
Computing fact groups: [0.110s CPU, 0.112s wall-clock]
Building STRIPS to SAS dictionary... [0.000s CPU, 0.000s wall-clock]
Building dictionary for full mutex groups... [0.000s CPU, 0.000s wall-clock]
Building mutex information...
Building mutex information: [0.000s CPU, 0.000s wall-clock]
Translating task...
Processing axioms...
Simplifying axioms... [0.000s CPU, 0.000s wall-clock]
Translator axioms removed by simplifying: 0
Computing negative axioms... [0.000s CPU, 0.000s wall-clock]
Processing axioms: [0.160s CPU, 0.161s wall-clock]
Translating task: [4.080s CPU, 4.087s wall-clock]
103184 effect conditions simplified
0 implied preconditions added
Detecting unreachable propositions...
0 operators removed
0 axioms removed
34 propositions removed
Detecting unreachable propositions: [2.550s CPU, 2.549s wall-clock]
Reordering and filtering variables...
123 of 128 variables necessary.
0 of 8 mutex groups necessary.
94898 of 94898 operators necessary.
0 of 0 axiom rules necessary.
Reordering and filtering variables: [0.770s CPU, 0.770s wall-clock]
Translator variables: 123
Translator derived variables: 0
Translator facts: 286
Translator goal facts: 2
Translator mutex groups: 0
Translator total mutex groups size: 0
Translator operators: 94898
Translator axioms: 0
Translator task size: 1000778
Translator peak memory: 598868 KB
Writing output... [0.660s CPU, 0.660s wall-clock]
Done! [14.180s CPU, 14.202s wall-clock]
translate exit code: 0

INFO     Running search (release).
INFO     search stdin: output.sas
INFO     search time limit: 1785s
INFO     search memory limit: 2048 MB
INFO     search command line string: /home/henry/Documents/UFRGS/TCC/downward/experiments/lab/data/main/code-5bb2ccb6957559b6969ffd7e29254c73f84d5e49_e5e41175/builds/release/bin/downward --search 'eager_greedy([lsh(patterns=systematic(2), transform=adapt_costs(cost_type=ONE))])' --internal-plan-file sas_plan < output.sas
[t=0s, 10544 KB] reading input...
[t=0.491729s, 49540 KB] done reading input!
[t=0.491729s, 49804 KB] Generating patterns using: systematic pattern collection generator
[t=0.491729s, 49804 KB] building causal graph...done! [t=0.0559463s]
[t=0.547675s, 50204 KB] Found 27 SGA patterns.
[t=0.547675s, 50204 KB] Found 27 interesting patterns.
[t=0.547675s, 50204 KB] systematic pattern collection generator number of patterns: 27
[t=0.547675s, 50204 KB] systematic pattern collection generator total PDB size: 234
[t=0.547675s, 50204 KB] systematic pattern collection generator computation time: 0.0559463s
[t=0.547675s, 50204 KB] Computing PDBs for pattern collection...
[t=1.01915s, 59444 KB] Done computing PDBs for pattern collection: 0.471477s
[t=1.17501s, 59444 KB] Building successor generator...done!
[t=1.21495s, 69004 KB] peak memory difference for successor generator creation: 9560 KB
[t=1.21495s, 69004 KB] time for successor generation creation: 0.0399425s
[t=1.21495s, 69004 KB] Variables: 123
[t=1.21495s, 69004 KB] FactPairs: 286
[t=1.21495s, 69004 KB] Bytes per state: 20
[t=1.21495s, 69004 KB] Conducting best first search without reopening closed nodes, (real) bound = 2147483647
[t=1.21495s, 69004 KB] New best heuristic value for lsh(patterns=systematic(2),transform=adapt_costs(cost_type=one)): 24
[t=1.21495s, 69004 KB] g=0, 1 evaluated, 0 expanded
[t=1.21495s, 69004 KB] Initial heuristic value for lsh(patterns=systematic(2),transform=adapt_costs(cost_type=one)): 24
[t=1.21894s, 69004 KB] pruning method: none
[t=1.21894s, 69004 KB] New best heuristic value for lsh(patterns=systematic(2),transform=adapt_costs(cost_type=one)): 23
[t=1.21894s, 69004 KB] g=60, 2 evaluated, 1 expanded
[t=1.21905s, 69004 KB] New best heuristic value for lsh(patterns=systematic(2),transform=adapt_costs(cost_type=one)): 22
[t=1.21905s, 69004 KB] g=120, 13 evaluated, 2 expanded
[t=1.26289s, 69004 KB] New best heuristic value for lsh(patterns=systematic(2),transform=adapt_costs(cost_type=one)): 21
[t=1.26289s, 69004 KB] g=243, 1470 evaluated, 860 expanded
[t=1.26289s, 69004 KB] New best heuristic value for lsh(patterns=systematic(2),transform=adapt_costs(cost_type=one)): 20
[t=1.26419s, 69004 KB] g=244, 1479 evaluated, 861 expanded
[t=1.26419s, 69004 KB] New best heuristic value for lsh(patterns=systematic(2),transform=adapt_costs(cost_type=one)): 19
[t=1.26419s, 69004 KB] g=276, 1482 evaluated, 864 expanded
[t=1.26419s, 69004 KB] New best heuristic value for lsh(patterns=systematic(2),transform=adapt_costs(cost_type=one)): 18
[t=1.26419s, 69004 KB] g=306, 1493 evaluated, 865 expanded
[t=1.26419s, 69004 KB] New best heuristic value for lsh(patterns=systematic(2),transform=adapt_costs(cost_type=one)): 17
[t=1.26419s, 69004 KB] g=336, 1503 evaluated, 866 expanded
[t=1.29085s, 69004 KB] New best heuristic value for lsh(patterns=systematic(2),transform=adapt_costs(cost_type=one)): 16
[t=1.29085s, 69004 KB] g=429, 2475 evaluated, 1561 expanded
[t=1.29085s, 69004 KB] New best heuristic value for lsh(patterns=systematic(2),transform=adapt_costs(cost_type=one)): 15
[t=1.29085s, 69004 KB] g=430, 2483 evaluated, 1562 expanded
[t=3.26915s, 69004 KB] New best heuristic value for lsh(patterns=systematic(2),transform=adapt_costs(cost_type=one)): 14
[t=3.26915s, 69004 KB] g=544, 69092 evaluated, 67849 expanded
[t=3.26915s, 69004 KB] New best heuristic value for lsh(patterns=systematic(2),transform=adapt_costs(cost_type=one)): 13
[t=3.26915s, 69004 KB] g=559, 69104 evaluated, 67850 expanded
[t=3.26915s, 69004 KB] New best heuristic value for lsh(patterns=systematic(2),transform=adapt_costs(cost_type=one)): 12
[t=3.26915s, 69004 KB] g=574, 69115 evaluated, 67851 expanded
[t=3.26915s, 69004 KB] New best heuristic value for lsh(patterns=systematic(2),transform=adapt_costs(cost_type=one)): 11
[t=3.26915s, 69004 KB] g=589, 69125 evaluated, 67852 expanded
[t=3.30912s, 69004 KB] New best heuristic value for lsh(patterns=systematic(2),transform=adapt_costs(cost_type=one)): 10
[t=3.30912s, 69004 KB] g=589, 70389 evaluated, 68591 expanded
[t=3.30912s, 69004 KB] New best heuristic value for lsh(patterns=systematic(2),transform=adapt_costs(cost_type=one)): 9
[t=3.30912s, 69004 KB] g=590, 70396 evaluated, 68592 expanded
[t=3.30912s, 69004 KB] New best heuristic value for lsh(patterns=systematic(2),transform=adapt_costs(cost_type=one)): 8
[t=3.30912s, 69004 KB] g=598, 70399 evaluated, 68595 expanded
[t=3.30912s, 69004 KB] New best heuristic value for lsh(patterns=systematic(2),transform=adapt_costs(cost_type=one)): 7
[t=3.30912s, 69004 KB] g=604, 70411 evaluated, 68596 expanded
[t=3.30912s, 69004 KB] New best heuristic value for lsh(patterns=systematic(2),transform=adapt_costs(cost_type=one)): 6
[t=3.30912s, 69004 KB] g=610, 70423 evaluated, 68597 expanded
[t=3.30912s, 69004 KB] New best heuristic value for lsh(patterns=systematic(2),transform=adapt_costs(cost_type=one)): 5
[t=3.30912s, 69004 KB] g=616, 70434 evaluated, 68598 expanded
[t=3.30912s, 69004 KB] New best heuristic value for lsh(patterns=systematic(2),transform=adapt_costs(cost_type=one)): 4
[t=3.30912s, 69004 KB] g=622, 70444 evaluated, 68599 expanded
[t=3.34509s, 69004 KB] New best heuristic value for lsh(patterns=systematic(2),transform=adapt_costs(cost_type=one)): 3
[t=3.34509s, 69004 KB] g=622, 71446 evaluated, 69195 expanded
[t=3.34509s, 69004 KB] New best heuristic value for lsh(patterns=systematic(2),transform=adapt_costs(cost_type=one)): 2
[t=3.34509s, 69004 KB] g=623, 71453 evaluated, 69196 expanded
[t=95.5154s, 224468 KB] New best heuristic value for lsh(patterns=systematic(2),transform=adapt_costs(cost_type=one)): 1
[t=95.5154s, 224468 KB] g=923, 3301378 evaluated, 3285288 expanded
[t=95.5154s, 224468 KB] New best heuristic value for lsh(patterns=systematic(2),transform=adapt_costs(cost_type=one)): 0
[t=95.5154s, 224468 KB] g=924, 3301379 evaluated, 3285289 expanded
[t=95.5154s, 224468 KB] Solution found!
[t=95.5154s, 224468 KB] Actual search time: 94.2965s
collect_resource worker2 worker1 worker2 round1 act_reed reed (60)
collect_resource worker1 noworker worker2 round1 act_wood wood (60)
ag__finish_round_backhome round1 worker2 (1)
ag__finish_round_renew round1 noworker (1)
ag__advance_round_normal round1 round2 act_family (1)
build_room worker2 worker1 worker2 worker3 round2 room3 (60)
family_growth worker1 noworker worker2 worker3 round2 clay room3 (60)
ag__finish_round_backhome_withchild round2 worker2 worker3 (1)
ag__finish_round_renew round2 noworker (1)
ag__advance_round_normal round2 round3 act_sheep (1)
collect_resource worker3 worker2 worker3 round3 act_clay clay (30)
collect_resource worker2 worker1 worker3 round3 act_reed reed (30)
collect_resource worker1 noworker worker3 round3 act_stone stone (30)
ag__finish_round_backhome round3 worker3 (1)
ag__finish_round_renew round3 noworker (1)
ag__advance_round_normal round3 round4 act_sow (1)
plow_field worker3 worker2 worker3 round4 (30)
take_grain worker2 worker1 worker3 round4 carrot (30)
sow worker1 noworker worker3 round4 carrot (30)
ag__finish_round_backhome round4 worker3 (1)
ag__finish_round_renew round4 noworker (1)
ag__harvest_collecting_veg round4 stage1 carrot num3 num5 num6 (1)
ag__harvest_collect_end round4 stage1 (1)
ag__harvest_feed round4 stage1 worker3 num6 num6 num0 (1)
ag__harvest_breed_end round4 stage1 (1)
ag__finish_stage stage1 stage2 round4 round5 act_carrot (1)
collect_resource worker3 worker2 worker3 round5 act_wood wood (30)
build_room worker2 worker1 worker3 worker4 round5 room4 (30)
family_growth worker1 noworker worker3 worker4 round5 clay room4 (30)
ag__finish_round_backhome_withchild round5 worker3 worker4 (1)
ag__finish_round_renew round5 noworker (1)
ag__advance_round_normal round5 round6 act_improve (1)
improve_home worker4 worker3 worker4 round6 fireplace (15)
collect_cook_animal boar act_sheep worker3 worker2 worker4 round6 num0 num2 (15)
collect_resource worker2 worker1 worker4 round6 act_clay clay (15)
take_food worker1 noworker worker4 round6 num2 num3 (15)
ag__finish_round_backhome round6 worker4 (1)
ag__finish_round_renew round6 noworker (1)
ag__advance_round_normal round6 round7 act_boar (1)
collect_cook_animal boar act_sheep worker4 worker3 worker4 round7 num3 num5 (15)
collect_cook_animal boar act_boar worker3 worker2 worker4 round7 num5 num7 (15)
collect_resource worker2 worker1 worker4 round7 act_reed reed (15)
take_food worker1 noworker worker4 round7 num7 num8 (15)
ag__finish_round_backhome round7 worker4 (1)
ag__finish_round_renew round7 noworker (1)
ag__harvest_collect_end round7 stage2 (1)
ag__harvest_feed round7 stage2 worker4 num8 num8 num0 (1)
ag__harvest_breed_end round7 stage2 (1)
ag__finish_stage stage2 stage3 round7 round8 act_cattle (1)
collect_cook_animal boar act_sheep worker4 worker3 worker4 round8 num0 num2 (15)
collect_resource worker3 worker2 worker4 round8 act_wood wood (15)
build_room worker2 worker1 worker4 worker5 round8 room5 (15)
family_growth worker1 noworker worker4 worker5 round8 clay room5 (15)
ag__finish_round_backhome_withchild round8 worker4 worker5 (1)
ag__finish_round_renew round8 noworker (1)
ag__advance_round_normal round8 round9 void (1)
collect_cook_animal boar act_sheep worker5 worker4 worker5 round9 num2 num4 (6)
collect_cook_animal boar act_cattle worker4 worker3 worker5 round9 num4 num6 (6)
take_grain worker3 worker2 worker5 round9 carrot (6)
sow worker2 worker1 worker5 round9 carrot (6)
take_food worker1 noworker worker5 round9 num6 num7 (6)
ag__finish_round_backhome round9 worker5 (1)
ag__finish_round_renew round9 noworker (1)
ag__harvest_collecting_veg round9 stage3 carrot num7 num9 num10 (1)
ag__harvest_collect_end round9 stage3 (1)
ag__harvest_feed round9 stage3 worker5 num10 num10 num0 (1)
ag__harvest_breed_end round9 stage3 (1)
ag__finish_stage stage3 stage4 round9 round10 void (1)
collect_cook_animal boar act_sheep worker5 worker4 worker5 round10 num0 num2 (6)
collect_resource worker4 worker3 worker5 round10 act_reed reed (6)
collect_resource worker3 worker2 worker5 round10 act_stone stone (6)
take_grain worker2 worker1 worker5 round10 carrot (6)
take_food worker1 noworker worker5 round10 num2 num3 (6)
ag__finish_round_backhome round10 worker5 (1)
ag__finish_round_renew round10 noworker (1)
ag__advance_round_normal round10 round11 void (1)
sow worker5 worker4 worker5 round11 carrot (6)
collect_cook_animal boar act_sheep worker4 worker3 worker5 round11 num3 num5 (6)
improve_home worker3 worker2 worker5 round11 oven (6)
take_grain worker2 worker1 worker5 round11 carrot (6)
take_food worker1 noworker worker5 round11 num5 num6 (6)
ag__finish_round_backhome round11 worker5 (1)
ag__finish_round_renew round11 noworker (1)
ag__harvest_collecting_fromoven round11 stage4 carrot num6 num8 num10 (1)
ag__harvest_collect_end round11 stage4 (1)
ag__harvest_feed round11 stage4 worker5 num10 num10 num0 (1)
ag__harvest_breed_end round11 stage4 (1)
ag__finish_stage stage4 stage5 round11 round12 void (1)
collect_cook_animal boar act_sheep worker5 worker4 worker5 round12 num0 num2 (6)
collect_resource worker4 worker3 worker5 round12 act_wood wood (6)
build_room worker3 worker2 worker5 worker6 round12 room6 (6)
family_growth worker2 worker1 worker5 worker6 round12 clay room6 (6)
take_grain worker1 noworker worker5 round12 grain (6)
ag__finish_round_backhome_withchild round12 worker5 worker6 (1)
ag__finish_round_renew round12 noworker (1)
ag__advance_round_normal round12 round13 void (1)
sow worker6 worker5 worker6 round13 carrot (4)
sow worker5 worker4 worker6 round13 grain (4)
collect_cook_animal boar act_sheep worker4 worker3 worker6 round13 num2 num4 (4)
collect_resource worker3 worker2 worker6 round13 act_clay clay (4)
take_grain worker2 worker1 worker6 round13 carrot (4)
take_food worker1 noworker worker6 round13 num4 num5 (4)
ag__finish_round_backhome round13 worker6 (1)
ag__finish_round_renew round13 noworker (1)
ag__harvest_collecting_fromoven round13 stage5 carrot num5 num7 num9 (1)
ag__harvest_collecting_fromoven round13 stage5 grain num9 num11 num13 (1)
ag__harvest_collect_end round13 stage5 (1)
ag__harvest_feed round13 stage5 worker6 num13 num12 num1 (1)
ag__harvest_breed_end round13 stage5 (1)
ag__finish_stage stage5 stage6 round13 round14 void (1)
sow worker6 worker5 worker6 round14 carrot (4)
collect_cook_animal boar act_sheep worker5 worker4 worker6 round14 num1 num3 (4)
collect_resource worker4 worker3 worker6 round14 act_clay clay (4)
take_grain worker3 worker2 worker6 round14 grain (4)
sow worker2 worker1 worker6 round14 grain (4)
take_food worker1 noworker worker6 round14 num3 num4 (4)
ag__finish_round_backhome round14 worker6 (1)
ag__finish_round_renew round14 noworker (1)
ag__harvest_collecting_fromoven round14 stage6 carrot num4 num6 num8 (1)
ag__harvest_collecting_fromoven round14 stage6 grain num8 num10 num12 (1)
ag__harvest_collect_end round14 stage6 (1)
ag__harvest_feed round14 stage6 worker6 num12 num12 num0 (1)
ag__harvest_breed_end round14 stage6 (1)
[t=95.5154s, 224468 KB] Plan length: 123 step(s).
[t=95.5154s, 224468 KB] Plan cost: 924
[t=95.5154s, 224468 KB] Expanded 3285290 state(s).
[t=95.5154s, 224468 KB] Reopened 0 state(s).
[t=95.5154s, 224468 KB] Evaluated 3301379 state(s).
[t=95.5154s, 224468 KB] Evaluations: 3301379
[t=95.5154s, 224468 KB] Generated 17862753 state(s).
[t=95.5154s, 224468 KB] Dead ends: 0 state(s).
[t=95.5154s, 224468 KB] Number of registered states: 3301379
[t=95.5154s, 224468 KB] Int hash set load factor: 3301379/4194304 = 0.78711
[t=95.5154s, 224468 KB] Int hash set resizes: 22
[t=95.5154s, 224468 KB] Search time: 94.3005s
[t=95.5154s, 224468 KB] Total time: 95.5154s
Solution found.
Peak memory: 224468 KB
Remove intermediate file output.sas
search exit code: 0

INFO     Running validate.
INFO     validate stdin: None
INFO     validate time limit: None
INFO     validate memory limit: None
INFO     validate command line string: /home/henry/bin/validate domain.pddl problem.pddl sas_plan
Checking plan: sas_plan
Plan executed successfully - checking goal
Plan valid
Final value: 924 

Successful plans:
Value: 924
 sas_plan 924 

validate exit code: 0

INFO     Planner time: 109.90s
