INFO     planner time limit: 1800s
INFO     planner memory limit: 2048 MB

INFO     Running translator.
INFO     translator stdin: None
INFO     translator time limit: 1799s
INFO     translator memory limit: 2048 MB
INFO     translator command line string: /home/henry/Documents/UFRGS/TCC/downward/.venv/bin/python /home/henry/Documents/UFRGS/TCC/downward/experiments/lab/data/main/code-fa850d1cb8d716322f299a4f9b64478019793ada_e5e41175/builds/release/bin/translate/translate.py domain.pddl problem.pddl --sas-file output.sas
Parsing...
Parsing: [0.000s CPU, 0.001s wall-clock]
Normalizing task... [0.000s CPU, 0.000s wall-clock]
Instantiating...
Generating Datalog program... [0.000s CPU, 0.000s wall-clock]
Normalizing Datalog program...
Normalizing Datalog program: [0.010s CPU, 0.002s wall-clock]
Preparing model... [0.000s CPU, 0.001s wall-clock]
Generated 74 rules.
Computing model... [0.030s CPU, 0.033s wall-clock]
4022 relevant atoms
1615 auxiliary atoms
5637 final queue length
19011 total queue pushes
Completing instantiation... [0.110s CPU, 0.106s wall-clock]
Instantiating: [0.150s CPU, 0.144s wall-clock]
Computing fact groups...
Finding invariants...
16 initial candidates
Finding invariants: [0.000s CPU, 0.005s wall-clock]
Checking invariant weight... [0.000s CPU, 0.000s wall-clock]
Instantiating groups... [0.000s CPU, 0.000s wall-clock]
Collecting mutex groups... [0.000s CPU, 0.000s wall-clock]
Choosing groups...
0 uncovered facts
Choosing groups: [0.000s CPU, 0.000s wall-clock]
Building translation key... [0.000s CPU, 0.000s wall-clock]
Computing fact groups: [0.000s CPU, 0.005s wall-clock]
Building STRIPS to SAS dictionary... [0.000s CPU, 0.000s wall-clock]
Building dictionary for full mutex groups... [0.000s CPU, 0.000s wall-clock]
Building mutex information...
Building mutex information: [0.000s CPU, 0.000s wall-clock]
Translating task...
Processing axioms...
Simplifying axioms... [0.000s CPU, 0.000s wall-clock]
Translator axioms removed by simplifying: 0
Computing negative axioms... [0.000s CPU, 0.000s wall-clock]
Processing axioms: [0.010s CPU, 0.005s wall-clock]
Translating task: [0.080s CPU, 0.079s wall-clock]
0 effect conditions simplified
0 implied preconditions added
Detecting unreachable propositions...
0 operators removed
0 axioms removed
14 propositions removed
Detecting unreachable propositions: [0.050s CPU, 0.047s wall-clock]
Reordering and filtering variables...
14 of 14 variables necessary.
0 of 14 mutex groups necessary.
2380 of 2380 operators necessary.
0 of 0 axiom rules necessary.
Reordering and filtering variables: [0.010s CPU, 0.013s wall-clock]
Translator variables: 14
Translator derived variables: 0
Translator facts: 52
Translator goal facts: 2
Translator mutex groups: 0
Translator total mutex groups size: 0
Translator operators: 2380
Translator axioms: 0
Translator task size: 20080
Translator peak memory: 47052 KB
Writing output... [0.010s CPU, 0.013s wall-clock]
Done! [0.310s CPU, 0.312s wall-clock]
translate exit code: 0

INFO     Running search (release).
INFO     search stdin: output.sas
INFO     search time limit: 1799s
INFO     search memory limit: 2048 MB
INFO     search command line string: /home/henry/Documents/UFRGS/TCC/downward/experiments/lab/data/main/code-fa850d1cb8d716322f299a4f9b64478019793ada_e5e41175/builds/release/bin/downward --search 'eager_greedy([operatorcounting(constraint_generators=[pho_constraints(patterns=systematic(4))], use_integer_operator_counts=true, transform=adapt_costs(cost_type=NORMAL))])' --internal-plan-file sas_plan < output.sas
[t=0s, 45596 KB] reading input...
[t=0.00798563s, 46348 KB] done reading input!
[t=0.0119963s, 46904 KB] Generating patterns using: systematic pattern collection generator
[t=0.0119963s, 46904 KB] building causal graph...done! [t=0s]
[t=0.0119963s, 46904 KB] Found 488 SGA patterns.
[t=0.0119963s, 46904 KB] Found 506 interesting patterns.
[t=0.0119963s, 46904 KB] systematic pattern collection generator number of patterns: 506
[t=0.0119963s, 46904 KB] systematic pattern collection generator total PDB size: 83912
[t=0.0119963s, 46904 KB] systematic pattern collection generator computation time: 0s
[t=0.0119963s, 46904 KB] Computing PDBs for pattern collection...
[t=0.371552s, 47564 KB] Done computing PDBs for pattern collection: 0.359555s
[t=0.419497s, 76696 KB] Building successor generator...done!
[t=0.419497s, 76696 KB] peak memory difference for successor generator creation: 0 KB
[t=0.419497s, 76696 KB] time for successor generation creation: 0s
[t=0.419497s, 76696 KB] Variables: 14
[t=0.419497s, 76696 KB] FactPairs: 52
[t=0.419497s, 76696 KB] Bytes per state: 4
[t=0.419497s, 76696 KB] Conducting best first search without reopening closed nodes, (real) bound = 2147483647
[t=0.471447s, 97060 KB] New best heuristic value for operatorcounting(constraint_generators=[pho_constraints(patterns=systematic(4))],use_integer_operator_counts=true,transform=adapt_costs(cost_type=normal)): 9
[t=0.471447s, 97060 KB] g=0, 1 evaluated, 0 expanded
[t=0.471447s, 97060 KB] Initial heuristic value for operatorcounting(constraint_generators=[pho_constraints(patterns=systematic(4))],use_integer_operator_counts=true,transform=adapt_costs(cost_type=normal)): 9
[t=0.471447s, 97060 KB] pruning method: none
[t=208.442s, 114732 KB] New best heuristic value for operatorcounting(constraint_generators=[pho_constraints(patterns=systematic(4))],use_integer_operator_counts=true,transform=adapt_costs(cost_type=normal)): 8
[t=208.442s, 114732 KB] g=3, 4670 evaluated, 123 expanded
[t=211.178s, 114732 KB] New best heuristic value for operatorcounting(constraint_generators=[pho_constraints(patterns=systematic(4))],use_integer_operator_counts=true,transform=adapt_costs(cost_type=normal)): 7
[t=211.178s, 114732 KB] g=4, 4731 evaluated, 124 expanded
[t=212.229s, 114732 KB] New best heuristic value for operatorcounting(constraint_generators=[pho_constraints(patterns=systematic(4))],use_integer_operator_counts=true,transform=adapt_costs(cost_type=normal)): 6
[t=212.229s, 114732 KB] g=5, 4758 evaluated, 125 expanded
[t=229.544s, 114732 KB] New best heuristic value for operatorcounting(constraint_generators=[pho_constraints(patterns=systematic(4))],use_integer_operator_counts=true,transform=adapt_costs(cost_type=normal)): 5
[t=229.544s, 114732 KB] g=9, 5170 evaluated, 158 expanded
[t=230.607s, 114732 KB] New best heuristic value for operatorcounting(constraint_generators=[pho_constraints(patterns=systematic(4))],use_integer_operator_counts=true,transform=adapt_costs(cost_type=normal)): 4
[t=230.607s, 114732 KB] g=10, 5197 evaluated, 159 expanded
[t=231.505s, 114732 KB] New best heuristic value for operatorcounting(constraint_generators=[pho_constraints(patterns=systematic(4))],use_integer_operator_counts=true,transform=adapt_costs(cost_type=normal)): 3
[t=231.509s, 114732 KB] g=11, 5233 evaluated, 160 expanded
[t=315.196s, 114732 KB] New best heuristic value for operatorcounting(constraint_generators=[pho_constraints(patterns=systematic(4))],use_integer_operator_counts=true,transform=adapt_costs(cost_type=normal)): 2
[t=315.196s, 114732 KB] g=18, 7330 evaluated, 558 expanded
[t=315.599s, 114732 KB] New best heuristic value for operatorcounting(constraint_generators=[pho_constraints(patterns=systematic(4))],use_integer_operator_counts=true,transform=adapt_costs(cost_type=normal)): 1
[t=315.599s, 114732 KB] g=19, 7348 evaluated, 559 expanded
[t=315.735s, 114732 KB] New best heuristic value for operatorcounting(constraint_generators=[pho_constraints(patterns=systematic(4))],use_integer_operator_counts=true,transform=adapt_costs(cost_type=normal)): 0
[t=315.735s, 114732 KB] g=20, 7355 evaluated, 560 expanded
[t=315.847s, 114732 KB] Solution found!
[t=315.847s, 114732 KB] Actual search time: 315.376s
drive_tent girl0 place0 place1 car0 tent0 (1)
put_up girl0 place1 tent0 (1)
walk_together tent0 place1 guy1 place0 girl1 couple1 (1)
drive girl0 place1 place0 car0 (1)
put_down girl0 place0 tent1 (1)
drive_tent_passenger girl0 place0 place2 car0 tent1 guy0 (1)
put_up girl0 place2 tent1 (1)
walk_together tent1 place2 guy1 place1 girl1 couple1 (1)
drive_passenger girl0 place2 place0 car0 guy0 (1)
drive girl0 place0 place1 car0 (1)
drive guy0 place0 place1 car1 (1)
drive_passenger girl0 place1 place0 car0 guy0 (1)
walk_together tent0 place1 guy0 place0 girl0 couple0 (1)
put_down girl0 place1 tent0 (1)
drive_tent girl0 place1 place3 car1 tent0 (1)
put_up girl0 place3 tent0 (1)
walk_together tent0 place3 guy1 place2 girl1 couple1 (1)
drive girl0 place3 place1 car1 (1)
walk_together tent1 place2 guy0 place1 girl0 couple0 (1)
walk_together tent0 place3 guy0 place2 girl0 couple0 (1)
[t=315.847s, 114732 KB] Plan length: 20 step(s).
[t=315.847s, 114732 KB] Plan cost: 20
[t=315.847s, 114732 KB] Expanded 561 state(s).
[t=315.847s, 114732 KB] Reopened 0 state(s).
[t=315.847s, 114732 KB] Evaluated 7357 state(s).
[t=315.847s, 114732 KB] Evaluations: 7357
[t=315.847s, 114732 KB] Generated 17738 state(s).
[t=315.847s, 114732 KB] Dead ends: 0 state(s).
[t=315.847s, 114732 KB] Number of registered states: 7357
[t=315.847s, 114732 KB] Int hash set load factor: 7357/8192 = 0.898071
[t=315.847s, 114732 KB] Int hash set resizes: 13
[t=315.847s, 114732 KB] Search time: 315.428s
[t=315.847s, 114732 KB] Total time: 315.847s
Solution found.
Peak memory: 114732 KB
Remove intermediate file output.sas
search exit code: 0

INFO     Running validate.
INFO     validate stdin: None
INFO     validate time limit: None
INFO     validate memory limit: None
INFO     validate command line string: /home/henry/bin/validate domain.pddl problem.pddl sas_plan
Checking plan: sas_plan
Plan executed successfully - checking goal
Plan valid
Final value: 20 

Successful plans:
Value: 20
 sas_plan 20 

validate exit code: 0

INFO     Planner time: 316.21s
