INFO     planner time limit: 1800s
INFO     planner memory limit: 2048 MB

INFO     Running translator.
INFO     translator stdin: None
INFO     translator time limit: 1799s
INFO     translator memory limit: 2048 MB
INFO     translator command line string: /home/henry/Documents/UFRGS/TCC/downward/.venv/bin/python /home/henry/Documents/UFRGS/TCC/downward/experiments/lab/data/main/code-5bb2ccb6957559b6969ffd7e29254c73f84d5e49_e5e41175/builds/release/bin/translate/translate.py domain.pddl problem.pddl --sas-file output.sas
Parsing...
Parsing: [0.000s CPU, 0.001s wall-clock]
Normalizing task... [0.000s CPU, 0.000s wall-clock]
Instantiating...
Generating Datalog program... [0.000s CPU, 0.001s wall-clock]
Normalizing Datalog program...
Normalizing Datalog program: [0.000s CPU, 0.001s wall-clock]
Preparing model... [0.000s CPU, 0.001s wall-clock]
Generated 32 rules.
Computing model... [0.900s CPU, 0.900s wall-clock]
151565 relevant atoms
10122 auxiliary atoms
161687 final queue length
490507 total queue pushes
Completing instantiation... [5.270s CPU, 5.287s wall-clock]
Instantiating: [6.210s CPU, 6.219s wall-clock]
Computing fact groups...
Finding invariants...
12 initial candidates
Finding invariants: [0.010s CPU, 0.013s wall-clock]
Checking invariant weight... [0.000s CPU, 0.000s wall-clock]
Instantiating groups... [0.010s CPU, 0.008s wall-clock]
Collecting mutex groups... [0.000s CPU, 0.001s wall-clock]
Choosing groups...
101 uncovered facts
Choosing groups: [0.010s CPU, 0.005s wall-clock]
Building translation key... [0.000s CPU, 0.002s wall-clock]
Computing fact groups: [0.030s CPU, 0.037s wall-clock]
Building STRIPS to SAS dictionary... [0.000s CPU, 0.001s wall-clock]
Building dictionary for full mutex groups... [0.010s CPU, 0.002s wall-clock]
Building mutex information...
Building mutex information: [0.000s CPU, 0.002s wall-clock]
Translating task...
Processing axioms...
Simplifying axioms... [0.000s CPU, 0.000s wall-clock]
Translator axioms removed by simplifying: 0
Computing negative axioms... [0.000s CPU, 0.000s wall-clock]
Processing axioms: [0.190s CPU, 0.188s wall-clock]
Translating task: [5.660s CPU, 5.654s wall-clock]
177600 effect conditions simplified
0 implied preconditions added
Detecting unreachable propositions...
0 operators removed
0 axioms removed
40 propositions removed
Detecting unreachable propositions: [4.020s CPU, 4.035s wall-clock]
Reordering and filtering variables...
141 of 141 variables necessary.
61 of 101 mutex groups necessary.
144000 of 144000 operators necessary.
0 of 0 axiom rules necessary.
Reordering and filtering variables: [0.800s CPU, 0.804s wall-clock]
Translator variables: 141
Translator derived variables: 0
Translator facts: 2642
Translator goal facts: 40
Translator mutex groups: 61
Translator total mutex groups size: 2501
Translator operators: 144000
Translator axioms: 0
Translator task size: 1171724
Translator peak memory: 718360 KB
Writing output... [0.850s CPU, 0.841s wall-clock]
Done! [17.840s CPU, 17.851s wall-clock]
translate exit code: 0

INFO     Running search (release).
INFO     search stdin: output.sas
INFO     search time limit: 1782s
INFO     search memory limit: 2048 MB
INFO     search command line string: /home/henry/Documents/UFRGS/TCC/downward/experiments/lab/data/main/code-5bb2ccb6957559b6969ffd7e29254c73f84d5e49_e5e41175/builds/release/bin/downward --search 'eager_greedy([ilsh(patterns=systematic(2), transform=adapt_costs(cost_type=NORMAL))])' --internal-plan-file sas_plan < output.sas
[t=0s, 10544 KB] reading input...
[t=0.550286s, 64968 KB] done reading input!
[t=0.554297s, 65232 KB] Generating patterns using: systematic pattern collection generator
[t=0.554297s, 65232 KB] building causal graph...done! [t=0.079927s]
[t=0.638213s, 69060 KB] Found 4080 SGA patterns.
[t=0.662202s, 69060 KB] Found 4080 interesting patterns.
[t=0.662202s, 69060 KB] systematic pattern collection generator number of patterns: 4080
[t=0.662202s, 69060 KB] systematic pattern collection generator total PDB size: 495320
[t=0.662202s, 69060 KB] systematic pattern collection generator computation time: 0.107906s
[t=0.662202s, 69060 KB] Computing PDBs for pattern collection...
[t=89.6786s, 70272 KB] Done computing PDBs for pattern collection: 89.0164s
[t=105.448s, 382932 KB] Tie breaking: 2
[t=105.448s, 382932 KB] Building successor generator...done!
[t=105.508s, 395224 KB] peak memory difference for successor generator creation: 12292 KB
[t=105.508s, 395224 KB] time for successor generation creation: 0.0559452s
[t=105.508s, 395224 KB] Variables: 141
[t=105.508s, 395224 KB] FactPairs: 2642
[t=105.508s, 395224 KB] Bytes per state: 44
[t=105.508s, 395224 KB] Conducting best first search without reopening closed nodes, (real) bound = 2147483647
[t=108.126s, 395224 KB] New best heuristic value for ilsh(patterns=systematic(2),transform=adapt_costs(cost_type=normal)): 72
[t=108.126s, 395224 KB] g=0, 1 evaluated, 0 expanded
[t=108.126s, 395224 KB] Initial heuristic value for ilsh(patterns=systematic(2),transform=adapt_costs(cost_type=normal)): 72
[t=108.126s, 395224 KB] pruning method: none
[t=110.312s, 395224 KB] New best heuristic value for ilsh(patterns=systematic(2),transform=adapt_costs(cost_type=normal)): 62
[t=110.312s, 395224 KB] g=1, 2 evaluated, 1 expanded
[t=112.407s, 395224 KB] New best heuristic value for ilsh(patterns=systematic(2),transform=adapt_costs(cost_type=normal)): 59
[t=112.407s, 395224 KB] g=1, 3 evaluated, 1 expanded
[t=834.875s, 395224 KB] New best heuristic value for ilsh(patterns=systematic(2),transform=adapt_costs(cost_type=normal)): 58
[t=834.875s, 395224 KB] g=2, 323 evaluated, 9 expanded
Peak memory: 395224 KB
caught signal 24 -- exiting
Time limit has been reached.
Remove intermediate file output.sas
search exit code: 23

Driver aborting after search
INFO     Planner time: 1798.44s
