INFO     planner time limit: 1800s
INFO     planner memory limit: 2048 MB

INFO     Running translator.
INFO     translator stdin: None
INFO     translator time limit: 1799s
INFO     translator memory limit: 2048 MB
INFO     translator command line string: /home/henry/Documents/UFRGS/TCC/downward/.venv/bin/python /home/henry/Documents/UFRGS/TCC/downward/experiments/lab/data/main/code-5bb2ccb6957559b6969ffd7e29254c73f84d5e49_e5e41175/builds/release/bin/translate/translate.py domain.pddl problem.pddl --sas-file output.sas
Parsing...
Parsing: [0.000s CPU, 0.005s wall-clock]
Normalizing task... [0.000s CPU, 0.000s wall-clock]
Instantiating...
Generating Datalog program... [0.000s CPU, 0.001s wall-clock]
Normalizing Datalog program...
Trivial rules: Converted to facts.
Normalizing Datalog program: [0.010s CPU, 0.004s wall-clock]
Preparing model... [0.000s CPU, 0.004s wall-clock]
Generated 129 rules.
Computing model... [1.430s CPU, 1.435s wall-clock]
107368 relevant atoms
90100 auxiliary atoms
197468 final queue length
644874 total queue pushes
Completing instantiation... [7.000s CPU, 7.020s wall-clock]
Instantiating: [8.500s CPU, 8.512s wall-clock]
Computing fact groups...
Finding invariants...
28 initial candidates
Finding invariants: [0.030s CPU, 0.029s wall-clock]
Checking invariant weight... [0.000s CPU, 0.000s wall-clock]
Instantiating groups... [0.000s CPU, 0.002s wall-clock]
Collecting mutex groups... [0.000s CPU, 0.001s wall-clock]
Choosing groups...
1001 uncovered facts
Choosing groups: [0.000s CPU, 0.002s wall-clock]
Building translation key... [0.000s CPU, 0.003s wall-clock]
Computing fact groups: [0.040s CPU, 0.046s wall-clock]
Building STRIPS to SAS dictionary... [0.000s CPU, 0.001s wall-clock]
Building dictionary for full mutex groups... [0.010s CPU, 0.001s wall-clock]
Building mutex information...
Building mutex information: [0.000s CPU, 0.001s wall-clock]
Translating task...
Processing axioms...
Simplifying axioms... [0.000s CPU, 0.000s wall-clock]
Translator axioms removed by simplifying: 0
Computing negative axioms... [0.000s CPU, 0.000s wall-clock]
Processing axioms: [0.370s CPU, 0.371s wall-clock]
Translating task: [6.810s CPU, 6.812s wall-clock]
164605 effect conditions simplified
0 implied preconditions added
Detecting unreachable propositions...
0 operators removed
0 axioms removed
61 propositions removed
Detecting unreachable propositions: [5.070s CPU, 5.083s wall-clock]
Reordering and filtering variables...
1036 of 1038 variables necessary.
0 of 45 mutex groups necessary.
104231 of 104231 operators necessary.
0 of 0 axiom rules necessary.
Reordering and filtering variables: [1.860s CPU, 1.861s wall-clock]
Translator variables: 1036
Translator derived variables: 0
Translator facts: 3208
Translator goal facts: 54
Translator mutex groups: 0
Translator total mutex groups size: 0
Translator operators: 104231
Translator axioms: 0
Translator task size: 1406923
Translator peak memory: 715688 KB
Writing output... [0.970s CPU, 0.968s wall-clock]
Done! [23.570s CPU, 23.598s wall-clock]
translate exit code: 0

INFO     Running search (release).
INFO     search stdin: output.sas
INFO     search time limit: 1776s
INFO     search memory limit: 2048 MB
INFO     search command line string: /home/henry/Documents/UFRGS/TCC/downward/experiments/lab/data/main/code-5bb2ccb6957559b6969ffd7e29254c73f84d5e49_e5e41175/builds/release/bin/downward --search 'eager_greedy([ff(transform=adapt_costs(cost_type=ONE))])' --internal-plan-file sas_plan < output.sas
[t=0s, 10544 KB] reading input...
[t=0.623565s, 61236 KB] done reading input!
[t=0.695475s, 106648 KB] Simplifying 522139 unary operators... done! [522139 unary operators]
[t=1.99404s, 157832 KB] time to simplify: 1.29856s
[t=2.03s, 176168 KB] Initializing additive heuristic...
[t=2.03s, 176168 KB] Initializing FF heuristic...
[t=2.03s, 176168 KB] Building successor generator...done!
[t=2.07395s, 176168 KB] peak memory difference for successor generator creation: 0 KB
[t=2.07395s, 176168 KB] time for successor generation creation: 0.0439444s
[t=2.07395s, 176168 KB] Variables: 1036
[t=2.07395s, 176168 KB] FactPairs: 3208
[t=2.07395s, 176168 KB] Bytes per state: 152
[t=2.07395s, 176168 KB] Conducting best first search without reopening closed nodes, (real) bound = 2147483647
[t=2.09793s, 176168 KB] New best heuristic value for ff(transform=adapt_costs(cost_type=one)): 194
[t=2.09793s, 176168 KB] g=0, 1 evaluated, 0 expanded
[t=2.09793s, 176168 KB] Initial heuristic value for ff(transform=adapt_costs(cost_type=one)): 194
[t=2.09793s, 176168 KB] pruning method: none
[t=2.25771s, 176168 KB] New best heuristic value for ff(transform=adapt_costs(cost_type=one)): 181
[t=2.25771s, 176168 KB] g=1, 8 evaluated, 1 expanded
[t=2.55728s, 176168 KB] New best heuristic value for ff(transform=adapt_costs(cost_type=one)): 179
[t=2.55728s, 176168 KB] g=1, 21 evaluated, 14 expanded
[t=2.82498s, 176168 KB] New best heuristic value for ff(transform=adapt_costs(cost_type=one)): 177
[t=2.82498s, 176168 KB] g=2, 33 evaluated, 21 expanded
[t=3.34032s, 176168 KB] New best heuristic value for ff(transform=adapt_costs(cost_type=one)): 176
[t=3.34032s, 176168 KB] g=3, 59 evaluated, 39 expanded
[t=3.56005s, 176168 KB] New best heuristic value for ff(transform=adapt_costs(cost_type=one)): 175
[t=3.56005s, 176168 KB] g=4, 71 evaluated, 43 expanded
[t=3.58002s, 176168 KB] New best heuristic value for ff(transform=adapt_costs(cost_type=one)): 174
[t=3.58002s, 176168 KB] g=4, 72 evaluated, 44 expanded
[t=3.79978s, 176168 KB] New best heuristic value for ff(transform=adapt_costs(cost_type=one)): 173
[t=3.79978s, 176168 KB] g=5, 84 evaluated, 47 expanded
[t=3.81976s, 176168 KB] New best heuristic value for ff(transform=adapt_costs(cost_type=one)): 171
[t=3.81976s, 176168 KB] g=5, 85 evaluated, 48 expanded
[t=3.96758s, 176168 KB] New best heuristic value for ff(transform=adapt_costs(cost_type=one)): 169
[t=3.96758s, 176168 KB] g=6, 93 evaluated, 49 expanded
[t=4.01549s, 176168 KB] New best heuristic value for ff(transform=adapt_costs(cost_type=one)): 168
[t=4.01549s, 176168 KB] g=6, 96 evaluated, 50 expanded
[t=4.03547s, 176168 KB] New best heuristic value for ff(transform=adapt_costs(cost_type=one)): 167
[t=4.03547s, 176168 KB] g=6, 97 evaluated, 51 expanded
[t=4.43498s, 176168 KB] New best heuristic value for ff(transform=adapt_costs(cost_type=one)): 166
[t=4.43498s, 176168 KB] g=8, 119 evaluated, 58 expanded
[t=4.47094s, 176168 KB] New best heuristic value for ff(transform=adapt_costs(cost_type=one)): 165
[t=4.47094s, 176168 KB] g=9, 121 evaluated, 59 expanded
[t=4.5828s, 176168 KB] New best heuristic value for ff(transform=adapt_costs(cost_type=one)): 164
[t=4.5828s, 176168 KB] g=9, 128 evaluated, 60 expanded
[t=4.97037s, 176168 KB] New best heuristic value for ff(transform=adapt_costs(cost_type=one)): 162
[t=4.97037s, 176168 KB] g=10, 150 evaluated, 70 expanded
[t=5.16216s, 176168 KB] New best heuristic value for ff(transform=adapt_costs(cost_type=one)): 161
[t=5.16216s, 176168 KB] g=11, 161 evaluated, 72 expanded
[t=52.8489s, 176168 KB] New best heuristic value for ff(transform=adapt_costs(cost_type=one)): 158
[t=52.8489s, 176168 KB] g=18, 2413 evaluated, 1494 expanded
[t=53.0566s, 176168 KB] New best heuristic value for ff(transform=adapt_costs(cost_type=one)): 156
[t=53.0566s, 176168 KB] g=18, 2423 evaluated, 1494 expanded
[t=53.1046s, 176168 KB] New best heuristic value for ff(transform=adapt_costs(cost_type=one)): 155
[t=53.1046s, 176168 KB] g=18, 2426 evaluated, 1495 expanded
[t=53.1285s, 176168 KB] New best heuristic value for ff(transform=adapt_costs(cost_type=one)): 154
[t=53.1285s, 176168 KB] g=18, 2427 evaluated, 1496 expanded
[t=53.1525s, 176168 KB] New best heuristic value for ff(transform=adapt_costs(cost_type=one)): 153
[t=53.1525s, 176168 KB] g=18, 2428 evaluated, 1497 expanded
[t=53.1725s, 176168 KB] New best heuristic value for ff(transform=adapt_costs(cost_type=one)): 152
[t=53.1725s, 176168 KB] g=18, 2429 evaluated, 1498 expanded
[t=53.2004s, 176168 KB] New best heuristic value for ff(transform=adapt_costs(cost_type=one)): 151
[t=53.2004s, 176168 KB] g=18, 2430 evaluated, 1499 expanded
[t=53.2243s, 176168 KB] New best heuristic value for ff(transform=adapt_costs(cost_type=one)): 145
[t=53.2243s, 176168 KB] g=18, 2431 evaluated, 1500 expanded
[t=75.7109s, 176168 KB] New best heuristic value for ff(transform=adapt_costs(cost_type=one)): 144
[t=75.7109s, 176168 KB] g=29, 3537 evaluated, 1841 expanded
[t=75.9066s, 176168 KB] New best heuristic value for ff(transform=adapt_costs(cost_type=one)): 143
[t=75.9066s, 176168 KB] g=29, 3547 evaluated, 1843 expanded
[t=76.4699s, 176168 KB] New best heuristic value for ff(transform=adapt_costs(cost_type=one)): 142
[t=76.4699s, 176168 KB] g=31, 3575 evaluated, 1850 expanded
[t=76.6617s, 176168 KB] New best heuristic value for ff(transform=adapt_costs(cost_type=one)): 141
[t=76.6617s, 176168 KB] g=31, 3585 evaluated, 1851 expanded
[t=146.746s, 176168 KB] New best heuristic value for ff(transform=adapt_costs(cost_type=one)): 140
[t=146.746s, 176168 KB] g=52, 6909 evaluated, 3816 expanded
[t=146.994s, 176168 KB] New best heuristic value for ff(transform=adapt_costs(cost_type=one)): 139
[t=146.994s, 176168 KB] g=52, 6922 evaluated, 3817 expanded
[t=147.593s, 176168 KB] New best heuristic value for ff(transform=adapt_costs(cost_type=one)): 137
[t=147.593s, 176168 KB] g=54, 6951 evaluated, 3822 expanded
[t=325.954s, 176168 KB] New best heuristic value for ff(transform=adapt_costs(cost_type=one)): 134
[t=325.954s, 176168 KB] g=65, 14977 evaluated, 6707 expanded
[t=325.99s, 176168 KB] New best heuristic value for ff(transform=adapt_costs(cost_type=one)): 133
[t=325.99s, 176168 KB] g=65, 14979 evaluated, 6708 expanded
[t=326.01s, 176168 KB] New best heuristic value for ff(transform=adapt_costs(cost_type=one)): 132
[t=326.01s, 176168 KB] g=65, 14980 evaluated, 6709 expanded
[t=326.034s, 176168 KB] New best heuristic value for ff(transform=adapt_costs(cost_type=one)): 131
[t=326.034s, 176168 KB] g=65, 14981 evaluated, 6710 expanded
[t=326.054s, 176168 KB] New best heuristic value for ff(transform=adapt_costs(cost_type=one)): 130
[t=326.054s, 176168 KB] g=65, 14982 evaluated, 6711 expanded
[t=326.073s, 176168 KB] New best heuristic value for ff(transform=adapt_costs(cost_type=one)): 127
[t=326.073s, 176168 KB] g=65, 14983 evaluated, 6712 expanded
[t=326.137s, 176168 KB] New best heuristic value for ff(transform=adapt_costs(cost_type=one)): 126
[t=326.137s, 176168 KB] g=66, 14986 evaluated, 6714 expanded
[t=326.473s, 176168 KB] New best heuristic value for ff(transform=adapt_costs(cost_type=one)): 125
[t=326.473s, 176168 KB] g=67, 15003 evaluated, 6717 expanded
[t=326.685s, 176168 KB] New best heuristic value for ff(transform=adapt_costs(cost_type=one)): 122
[t=326.685s, 176168 KB] g=67, 15014 evaluated, 6719 expanded
[t=327.004s, 176168 KB] New best heuristic value for ff(transform=adapt_costs(cost_type=one)): 121
[t=327.004s, 176168 KB] g=68, 15030 evaluated, 6722 expanded
[t=327.024s, 176168 KB] New best heuristic value for ff(transform=adapt_costs(cost_type=one)): 118
[t=327.024s, 176168 KB] g=68, 15031 evaluated, 6723 expanded
[t=327.112s, 176168 KB] New best heuristic value for ff(transform=adapt_costs(cost_type=one)): 116
[t=327.112s, 176168 KB] g=69, 15035 evaluated, 6724 expanded
[t=327.512s, 176168 KB] New best heuristic value for ff(transform=adapt_costs(cost_type=one)): 114
[t=327.512s, 176168 KB] g=70, 15055 evaluated, 6727 expanded
[t=328.223s, 176168 KB] New best heuristic value for ff(transform=adapt_costs(cost_type=one)): 112
[t=328.223s, 176168 KB] g=71, 15090 evaluated, 6732 expanded
[t=328.343s, 176168 KB] New best heuristic value for ff(transform=adapt_costs(cost_type=one)): 111
[t=328.343s, 176168 KB] g=71, 15096 evaluated, 6733 expanded
[t=328.363s, 176168 KB] New best heuristic value for ff(transform=adapt_costs(cost_type=one)): 110
[t=328.363s, 176168 KB] g=71, 15097 evaluated, 6734 expanded
[t=337.791s, 176168 KB] New best heuristic value for ff(transform=adapt_costs(cost_type=one)): 109
[t=337.791s, 176168 KB] g=75, 15560 evaluated, 6824 expanded
[t=338.303s, 176168 KB] New best heuristic value for ff(transform=adapt_costs(cost_type=one)): 107
[t=338.303s, 176168 KB] g=76, 15585 evaluated, 6830 expanded
[t=338.323s, 176168 KB] New best heuristic value for ff(transform=adapt_costs(cost_type=one)): 106
[t=338.323s, 176168 KB] g=77, 15586 evaluated, 6831 expanded
[t=338.75s, 176168 KB] New best heuristic value for ff(transform=adapt_costs(cost_type=one)): 105
[t=338.75s, 176168 KB] g=77, 15607 evaluated, 6834 expanded
[t=339.837s, 176168 KB] New best heuristic value for ff(transform=adapt_costs(cost_type=one)): 104
[t=339.837s, 176168 KB] g=78, 15659 evaluated, 6838 expanded
[t=340.304s, 176168 KB] New best heuristic value for ff(transform=adapt_costs(cost_type=one)): 103
[t=340.304s, 176168 KB] g=79, 15682 evaluated, 6842 expanded
[t=352.492s, 176168 KB] New best heuristic value for ff(transform=adapt_costs(cost_type=one)): 102
[t=352.492s, 176168 KB] g=81, 16282 evaluated, 6940 expanded
[t=361.629s, 176168 KB] New best heuristic value for ff(transform=adapt_costs(cost_type=one)): 99
[t=361.629s, 176168 KB] g=87, 16729 evaluated, 7032 expanded
[t=361.761s, 176168 KB] New best heuristic value for ff(transform=adapt_costs(cost_type=one)): 98
[t=361.761s, 176168 KB] g=88, 16735 evaluated, 7033 expanded
[t=362.025s, 176168 KB] New best heuristic value for ff(transform=adapt_costs(cost_type=one)): 97
[t=362.025s, 176168 KB] g=88, 16749 evaluated, 7034 expanded
[t=362.049s, 176168 KB] New best heuristic value for ff(transform=adapt_costs(cost_type=one)): 96
[t=362.049s, 176168 KB] g=88, 16750 evaluated, 7035 expanded
[t=362.133s, 176168 KB] New best heuristic value for ff(transform=adapt_costs(cost_type=one)): 95
[t=362.133s, 176168 KB] g=89, 16754 evaluated, 7036 expanded
[t=362.484s, 176168 KB] New best heuristic value for ff(transform=adapt_costs(cost_type=one)): 94
[t=362.484s, 176168 KB] g=89, 16772 evaluated, 7037 expanded
[t=363.643s, 176168 KB] New best heuristic value for ff(transform=adapt_costs(cost_type=one)): 93
[t=363.643s, 176168 KB] g=90, 16828 evaluated, 7042 expanded
[t=367.43s, 176168 KB] New best heuristic value for ff(transform=adapt_costs(cost_type=one)): 92
[t=367.43s, 176168 KB] g=91, 17010 evaluated, 7053 expanded
Peak memory: 176168 KB
caught signal 24 -- exiting
Time limit has been reached.
Remove intermediate file output.sas
search exit code: 23

Driver aborting after search
INFO     Planner time: 1797.34s
