INFO     planner time limit: 1800s
INFO     planner memory limit: 2048 MB

INFO     Running translator.
INFO     translator stdin: None
INFO     translator time limit: 1799s
INFO     translator memory limit: 2048 MB
INFO     translator command line string: /home/henry/Documents/UFRGS/TCC/downward/.venv/bin/python /home/henry/Documents/UFRGS/TCC/downward/experiments/lab/data/main/code-5bb2ccb6957559b6969ffd7e29254c73f84d5e49_e5e41175/builds/release/bin/translate/translate.py domain.pddl problem.pddl --sas-file output.sas
Parsing...
Parsing: [0.010s CPU, 0.002s wall-clock]
Normalizing task... [0.000s CPU, 0.000s wall-clock]
Instantiating...
Generating Datalog program... [0.000s CPU, 0.001s wall-clock]
Normalizing Datalog program...
Normalizing Datalog program: [0.000s CPU, 0.003s wall-clock]
Preparing model... [0.000s CPU, 0.002s wall-clock]
Generated 115 rules.
Computing model... [0.030s CPU, 0.033s wall-clock]
3296 relevant atoms
3425 auxiliary atoms
6721 final queue length
11595 total queue pushes
Completing instantiation... [0.070s CPU, 0.067s wall-clock]
Instantiating: [0.100s CPU, 0.106s wall-clock]
Computing fact groups...
Finding invariants...
24 initial candidates
Finding invariants: [0.010s CPU, 0.009s wall-clock]
Checking invariant weight... [0.000s CPU, 0.000s wall-clock]
Instantiating groups... [0.000s CPU, 0.001s wall-clock]
Collecting mutex groups... [0.000s CPU, 0.000s wall-clock]
Choosing groups...
350 uncovered facts
Choosing groups: [0.000s CPU, 0.000s wall-clock]
Building translation key... [0.000s CPU, 0.001s wall-clock]
Computing fact groups: [0.010s CPU, 0.013s wall-clock]
Building STRIPS to SAS dictionary... [0.000s CPU, 0.000s wall-clock]
Building dictionary for full mutex groups... [0.000s CPU, 0.000s wall-clock]
Building mutex information...
Building mutex information: [0.000s CPU, 0.000s wall-clock]
Translating task...
Processing axioms...
Simplifying axioms... [0.000s CPU, 0.000s wall-clock]
Translator axioms removed by simplifying: 0
Computing negative axioms... [0.000s CPU, 0.000s wall-clock]
Processing axioms: [0.010s CPU, 0.004s wall-clock]
Translating task: [0.080s CPU, 0.078s wall-clock]
3920 effect conditions simplified
0 implied preconditions added
Detecting unreachable propositions...
0 operators removed
0 axioms removed
3 propositions removed
Detecting unreachable propositions: [0.050s CPU, 0.048s wall-clock]
Reordering and filtering variables...
353 of 353 variables necessary.
16 of 19 mutex groups necessary.
2344 of 2344 operators necessary.
0 of 0 axiom rules necessary.
Reordering and filtering variables: [0.020s CPU, 0.023s wall-clock]
Translator variables: 353
Translator derived variables: 0
Translator facts: 737
Translator goal facts: 14
Translator mutex groups: 16
Translator total mutex groups size: 48
Translator operators: 2344
Translator axioms: 0
Translator task size: 22454
Translator peak memory: 45456 KB
Writing output... [0.010s CPU, 0.018s wall-clock]
Done! [0.290s CPU, 0.292s wall-clock]
translate exit code: 0

INFO     Running search (release).
INFO     search stdin: output.sas
INFO     search time limit: 1799s
INFO     search memory limit: 2048 MB
INFO     search command line string: /home/henry/Documents/UFRGS/TCC/downward/experiments/lab/data/main/code-5bb2ccb6957559b6969ffd7e29254c73f84d5e49_e5e41175/builds/release/bin/downward --search 'eager_greedy([ff(transform=adapt_costs(cost_type=ONE))])' --internal-plan-file sas_plan < output.sas
[t=0s, 10544 KB] reading input...
[t=0.00798527s, 11556 KB] done reading input!
[t=0.0119898s, 12520 KB] Simplifying 8582 unary operators... done! [7402 unary operators]
[t=0.0159795s, 13048 KB] time to simplify: 0.00398971s
[t=0.0159795s, 13048 KB] Initializing additive heuristic...
[t=0.0159795s, 13048 KB] Initializing FF heuristic...
[t=0.0159795s, 13048 KB] Building successor generator...done!
[t=0.0159795s, 13048 KB] peak memory difference for successor generator creation: 0 KB
[t=0.0159795s, 13048 KB] time for successor generation creation: 0s
[t=0.0159795s, 13048 KB] Variables: 353
[t=0.0159795s, 13048 KB] FactPairs: 737
[t=0.0159795s, 13048 KB] Bytes per state: 48
[t=0.0159795s, 13048 KB] Conducting best first search without reopening closed nodes, (real) bound = 2147483647
[t=0.0159795s, 13048 KB] New best heuristic value for ff(transform=adapt_costs(cost_type=one)): 37
[t=0.0159795s, 13048 KB] g=0, 1 evaluated, 0 expanded
[t=0.0159795s, 13048 KB] Initial heuristic value for ff(transform=adapt_costs(cost_type=one)): 37
[t=0.0159795s, 13048 KB] pruning method: none
[t=0.0159795s, 13048 KB] New best heuristic value for ff(transform=adapt_costs(cost_type=one)): 35
[t=0.0159795s, 13048 KB] g=1, 10 evaluated, 1 expanded
[t=0.0319761s, 13048 KB] New best heuristic value for ff(transform=adapt_costs(cost_type=one)): 33
[t=0.0319761s, 13048 KB] g=12, 112 evaluated, 10 expanded
[t=0.0599626s, 13048 KB] New best heuristic value for ff(transform=adapt_costs(cost_type=one)): 32
[t=0.0599626s, 13048 KB] g=27, 320 evaluated, 34 expanded
[t=0.0679563s, 13048 KB] New best heuristic value for ff(transform=adapt_costs(cost_type=one)): 31
[t=0.0679563s, 13048 KB] g=37, 357 evaluated, 36 expanded
[t=0.12393s, 13048 KB] New best heuristic value for ff(transform=adapt_costs(cost_type=one)): 30
[t=0.12393s, 13048 KB] g=50, 768 evaluated, 84 expanded
[t=0.127933s, 13048 KB] New best heuristic value for ff(transform=adapt_costs(cost_type=one)): 29
[t=0.127933s, 13048 KB] g=60, 788 evaluated, 85 expanded
[t=0.131925s, 13048 KB] New best heuristic value for ff(transform=adapt_costs(cost_type=one)): 28
[t=0.131925s, 13048 KB] g=62, 808 evaluated, 87 expanded
[t=742.604s, 427324 KB] New best heuristic value for ff(transform=adapt_costs(cost_type=one)): 27
[t=742.604s, 427324 KB] g=81, 4985951 evaluated, 871794 expanded
[t=742.62s, 427324 KB] New best heuristic value for ff(transform=adapt_costs(cost_type=one)): 26
[t=742.62s, 427324 KB] g=83, 4986052 evaluated, 871802 expanded
[t=1293.05s, 755800 KB] New best heuristic value for ff(transform=adapt_costs(cost_type=one)): 25
[t=1293.05s, 755800 KB] g=128, 8735306 evaluated, 1521418 expanded
[t=1293.05s, 755800 KB] New best heuristic value for ff(transform=adapt_costs(cost_type=one)): 24
[t=1293.05s, 755800 KB] g=130, 8735326 evaluated, 1521420 expanded
[t=1631.51s, 921288 KB] New best heuristic value for ff(transform=adapt_costs(cost_type=one)): 23
[t=1631.51s, 921288 KB] g=151, 11103760 evaluated, 1935986 expanded
[t=1631.53s, 921288 KB] New best heuristic value for ff(transform=adapt_costs(cost_type=one)): 22
[t=1631.53s, 921288 KB] g=162, 11103958 evaluated, 1936009 expanded
Peak memory: 1005192 KB
caught signal 24 -- exiting
Time limit has been reached.
Remove intermediate file output.sas
search exit code: 23

Driver aborting after search
INFO     Planner time: 1798.69s
