INFO     planner time limit: 1800s
INFO     planner memory limit: 2048 MB

INFO     Running translator.
INFO     translator stdin: None
INFO     translator time limit: 1799s
INFO     translator memory limit: 2048 MB
INFO     translator command line string: /home/henry/Documents/UFRGS/TCC/downward/.venv/bin/python /home/henry/Documents/UFRGS/TCC/downward/experiments/lab/data/main/code-5bb2ccb6957559b6969ffd7e29254c73f84d5e49_e5e41175/builds/release/bin/translate/translate.py domain.pddl problem.pddl --sas-file output.sas
Parsing...
Parsing: [0.010s CPU, 0.004s wall-clock]
Normalizing task... [0.000s CPU, 0.000s wall-clock]
Instantiating...
Generating Datalog program... [0.000s CPU, 0.001s wall-clock]
Normalizing Datalog program...
Normalizing Datalog program: [0.000s CPU, 0.005s wall-clock]
Preparing model... [0.010s CPU, 0.003s wall-clock]
Generated 198 rules.
Computing model... [0.090s CPU, 0.095s wall-clock]
6676 relevant atoms
10928 auxiliary atoms
17604 final queue length
38361 total queue pushes
Completing instantiation... [0.220s CPU, 0.227s wall-clock]
Instantiating: [0.330s CPU, 0.335s wall-clock]
Computing fact groups...
Finding invariants...
24 initial candidates
Finding invariants: [0.010s CPU, 0.012s wall-clock]
Checking invariant weight... [0.000s CPU, 0.001s wall-clock]
Instantiating groups... [0.010s CPU, 0.006s wall-clock]
Collecting mutex groups... [0.000s CPU, 0.000s wall-clock]
Choosing groups...
279 uncovered facts
Choosing groups: [0.000s CPU, 0.001s wall-clock]
Building translation key... [0.000s CPU, 0.001s wall-clock]
Computing fact groups: [0.020s CPU, 0.022s wall-clock]
Building STRIPS to SAS dictionary... [0.000s CPU, 0.000s wall-clock]
Building dictionary for full mutex groups... [0.000s CPU, 0.000s wall-clock]
Building mutex information...
Building mutex information: [0.000s CPU, 0.000s wall-clock]
Translating task...
Processing axioms...
Simplifying axioms... [0.000s CPU, 0.000s wall-clock]
Translator axioms removed by simplifying: 0
Computing negative axioms... [0.000s CPU, 0.000s wall-clock]
Processing axioms: [0.010s CPU, 0.009s wall-clock]
Translating task: [0.230s CPU, 0.225s wall-clock]
3514 effect conditions simplified
0 implied preconditions added
Detecting unreachable propositions...
0 operators removed
0 axioms removed
95 propositions removed
Detecting unreachable propositions: [0.090s CPU, 0.091s wall-clock]
Reordering and filtering variables...
308 of 316 variables necessary.
76 of 103 mutex groups necessary.
5696 of 5696 operators necessary.
0 of 0 axiom rules necessary.
Reordering and filtering variables: [0.050s CPU, 0.042s wall-clock]
Translator variables: 308
Translator derived variables: 0
Translator facts: 849
Translator goal facts: 85
Translator mutex groups: 76
Translator total mutex groups size: 262
Translator operators: 5696
Translator axioms: 0
Translator task size: 48630
Translator peak memory: 64216 KB
Writing output... [0.040s CPU, 0.038s wall-clock]
Done! [0.780s CPU, 0.772s wall-clock]
translate exit code: 0

INFO     Running search (release).
INFO     search stdin: output.sas
INFO     search time limit: 1799s
INFO     search memory limit: 2048 MB
INFO     search command line string: /home/henry/Documents/UFRGS/TCC/downward/experiments/lab/data/main/code-5bb2ccb6957559b6969ffd7e29254c73f84d5e49_e5e41175/builds/release/bin/downward --search 'eager_greedy([ff(transform=adapt_costs(cost_type=NORMAL))])' --internal-plan-file sas_plan < output.sas
[t=0s, 10544 KB] reading input...
[t=0.0239781s, 12664 KB] done reading input!
[t=0.0279845s, 14284 KB] Simplifying 21844 unary operators... done! [10262 unary operators]
[t=0.0359783s, 15588 KB] time to simplify: 0.00799373s
[t=0.0359783s, 15588 KB] Initializing additive heuristic...
[t=0.0359783s, 15588 KB] Initializing FF heuristic...
[t=0.0359783s, 15588 KB] Building successor generator...done!
[t=0.0399672s, 15588 KB] peak memory difference for successor generator creation: 0 KB
[t=0.0399672s, 15588 KB] time for successor generation creation: 0.00398896s
[t=0.0399672s, 15588 KB] Variables: 308
[t=0.0399672s, 15588 KB] FactPairs: 849
[t=0.0399672s, 15588 KB] Bytes per state: 56
[t=0.0399672s, 15588 KB] Conducting best first search without reopening closed nodes, (real) bound = 2147483647
[t=0.0399672s, 15588 KB] New best heuristic value for ff(transform=adapt_costs(cost_type=normal)): 2110
[t=0.0399672s, 15588 KB] g=0, 1 evaluated, 0 expanded
[t=0.0399672s, 15588 KB] Initial heuristic value for ff(transform=adapt_costs(cost_type=normal)): 2110
[t=0.0399672s, 15588 KB] pruning method: none
[t=0.0399672s, 15588 KB] New best heuristic value for ff(transform=adapt_costs(cost_type=normal)): 2080
[t=0.0399672s, 15588 KB] g=30, 3 evaluated, 1 expanded
[t=0.0399672s, 15588 KB] New best heuristic value for ff(transform=adapt_costs(cost_type=normal)): 1550
[t=0.0399672s, 15588 KB] g=30, 6 evaluated, 1 expanded
[t=0.055964s, 15588 KB] New best heuristic value for ff(transform=adapt_costs(cost_type=normal)): 1520
[t=0.055964s, 15588 KB] g=60, 178 evaluated, 2 expanded
[t=0.0599563s, 15588 KB] New best heuristic value for ff(transform=adapt_costs(cost_type=normal)): 1510
[t=0.0599563s, 15588 KB] g=60, 215 evaluated, 2 expanded
[t=0.0719478s, 15588 KB] New best heuristic value for ff(transform=adapt_costs(cost_type=normal)): 1480
[t=0.0719478s, 15588 KB] g=90, 343 evaluated, 3 expanded
[t=0.0759472s, 15588 KB] New best heuristic value for ff(transform=adapt_costs(cost_type=normal)): 1470
[t=0.0759472s, 15588 KB] g=90, 384 evaluated, 3 expanded
[t=0.0879358s, 15588 KB] New best heuristic value for ff(transform=adapt_costs(cost_type=normal)): 1440
[t=0.0879358s, 15588 KB] g=120, 528 evaluated, 4 expanded
[t=0.0959404s, 15588 KB] New best heuristic value for ff(transform=adapt_costs(cost_type=normal)): 1430
[t=0.0959404s, 15588 KB] g=120, 570 evaluated, 4 expanded
[t=0.111917s, 15588 KB] New best heuristic value for ff(transform=adapt_costs(cost_type=normal)): 1400
[t=0.111917s, 15588 KB] g=150, 720 evaluated, 5 expanded
[t=0.119912s, 15588 KB] New best heuristic value for ff(transform=adapt_costs(cost_type=normal)): 1390
[t=0.119912s, 15588 KB] g=150, 819 evaluated, 5 expanded
[t=0.131908s, 15588 KB] New best heuristic value for ff(transform=adapt_costs(cost_type=normal)): 1360
[t=0.131908s, 15588 KB] g=180, 928 evaluated, 6 expanded
[t=0.139904s, 15588 KB] New best heuristic value for ff(transform=adapt_costs(cost_type=normal)): 1350
[t=0.139904s, 15588 KB] g=180, 1026 evaluated, 6 expanded
[t=0.151899s, 15588 KB] New best heuristic value for ff(transform=adapt_costs(cost_type=normal)): 1320
[t=0.151899s, 15588 KB] g=210, 1150 evaluated, 7 expanded
[t=0.159896s, 15588 KB] New best heuristic value for ff(transform=adapt_costs(cost_type=normal)): 1310
[t=0.159896s, 15588 KB] g=210, 1244 evaluated, 7 expanded
[t=0.171896s, 15588 KB] New best heuristic value for ff(transform=adapt_costs(cost_type=normal)): 1280
[t=0.171896s, 15588 KB] g=240, 1370 evaluated, 8 expanded
[t=0.187878s, 15588 KB] New best heuristic value for ff(transform=adapt_costs(cost_type=normal)): 1270
[t=0.187878s, 15588 KB] g=240, 1505 evaluated, 8 expanded
[t=0.195883s, 15588 KB] New best heuristic value for ff(transform=adapt_costs(cost_type=normal)): 1240
[t=0.195883s, 15588 KB] g=270, 1581 evaluated, 9 expanded
[t=0.207877s, 15588 KB] New best heuristic value for ff(transform=adapt_costs(cost_type=normal)): 1230
[t=0.207877s, 15588 KB] g=270, 1713 evaluated, 9 expanded
[t=0.215867s, 15588 KB] New best heuristic value for ff(transform=adapt_costs(cost_type=normal)): 1200
[t=0.215867s, 15588 KB] g=300, 1799 evaluated, 10 expanded
[t=0.231865s, 15588 KB] New best heuristic value for ff(transform=adapt_costs(cost_type=normal)): 1190
[t=0.231865s, 15588 KB] g=300, 1965 evaluated, 10 expanded
[t=0.235859s, 15588 KB] New best heuristic value for ff(transform=adapt_costs(cost_type=normal)): 1160
[t=0.235859s, 15588 KB] g=330, 2014 evaluated, 11 expanded
[t=0.255854s, 15588 KB] New best heuristic value for ff(transform=adapt_costs(cost_type=normal)): 1130
[t=0.255854s, 15588 KB] g=350, 2244 evaluated, 12 expanded
[t=0.279841s, 15588 KB] New best heuristic value for ff(transform=adapt_costs(cost_type=normal)): 1100
[t=0.279841s, 15588 KB] g=380, 2468 evaluated, 13 expanded
[t=0.299826s, 15588 KB] New best heuristic value for ff(transform=adapt_costs(cost_type=normal)): 1080
[t=0.299826s, 15588 KB] g=390, 2693 evaluated, 14 expanded
[t=0.319814s, 15588 KB] New best heuristic value for ff(transform=adapt_costs(cost_type=normal)): 1070
[t=0.319814s, 15588 KB] g=410, 2881 evaluated, 14 expanded
[t=0.323817s, 15588 KB] New best heuristic value for ff(transform=adapt_costs(cost_type=normal)): 1050
[t=0.323817s, 15588 KB] g=420, 2926 evaluated, 15 expanded
[t=0.343798s, 15588 KB] New best heuristic value for ff(transform=adapt_costs(cost_type=normal)): 1025
[t=0.343798s, 15588 KB] g=455, 3114 evaluated, 15 expanded
[t=0.347801s, 15588 KB] New best heuristic value for ff(transform=adapt_costs(cost_type=normal)): 1005
[t=0.347801s, 15588 KB] g=465, 3166 evaluated, 16 expanded
[t=0.367789s, 15588 KB] New best heuristic value for ff(transform=adapt_costs(cost_type=normal)): 995
[t=0.367789s, 15588 KB] g=485, 3379 evaluated, 16 expanded
[t=0.367789s, 15588 KB] New best heuristic value for ff(transform=adapt_costs(cost_type=normal)): 975
[t=0.367789s, 15588 KB] g=495, 3405 evaluated, 17 expanded
[t=0.387782s, 15588 KB] New best heuristic value for ff(transform=adapt_costs(cost_type=normal)): 950
[t=0.387782s, 15588 KB] g=530, 3618 evaluated, 17 expanded
[t=0.391781s, 15588 KB] New best heuristic value for ff(transform=adapt_costs(cost_type=normal)): 930
[t=0.391781s, 15588 KB] g=540, 3651 evaluated, 18 expanded
[t=0.415774s, 15588 KB] New best heuristic value for ff(transform=adapt_costs(cost_type=normal)): 920
[t=0.415774s, 15588 KB] g=570, 3892 evaluated, 19 expanded
[t=0.431763s, 15588 KB] New best heuristic value for ff(transform=adapt_costs(cost_type=normal)): 910
[t=0.431763s, 15588 KB] g=550, 4058 evaluated, 19 expanded
[t=0.439748s, 15588 KB] New best heuristic value for ff(transform=adapt_costs(cost_type=normal)): 900
[t=0.439748s, 15588 KB] g=580, 4126 evaluated, 20 expanded
[t=0.455746s, 15588 KB] New best heuristic value for ff(transform=adapt_costs(cost_type=normal)): 890
[t=0.455746s, 15588 KB] g=570, 4305 evaluated, 20 expanded
[t=0.459738s, 15588 KB] New best heuristic value for ff(transform=adapt_costs(cost_type=normal)): 880
[t=0.459738s, 15588 KB] g=600, 4350 evaluated, 21 expanded
[t=0.475732s, 15588 KB] New best heuristic value for ff(transform=adapt_costs(cost_type=normal)): 870
[t=0.475732s, 15588 KB] g=590, 4527 evaluated, 21 expanded
[t=0.479736s, 15588 KB] New best heuristic value for ff(transform=adapt_costs(cost_type=normal)): 860
[t=0.479736s, 15588 KB] g=620, 4568 evaluated, 22 expanded
[t=0.495724s, 15588 KB] New best heuristic value for ff(transform=adapt_costs(cost_type=normal)): 850
[t=0.495724s, 15588 KB] g=610, 4760 evaluated, 22 expanded
[t=0.503728s, 15588 KB] New best heuristic value for ff(transform=adapt_costs(cost_type=normal)): 840
[t=0.503728s, 15588 KB] g=640, 4795 evaluated, 23 expanded
[t=0.523704s, 15588 KB] New best heuristic value for ff(transform=adapt_costs(cost_type=normal)): 835
[t=0.523704s, 15588 KB] g=625, 4998 evaluated, 23 expanded
[t=0.527702s, 15588 KB] New best heuristic value for ff(transform=adapt_costs(cost_type=normal)): 830
[t=0.527702s, 15588 KB] g=630, 5013 evaluated, 23 expanded
[t=0.527702s, 15588 KB] New best heuristic value for ff(transform=adapt_costs(cost_type=normal)): 820
[t=0.527702s, 15588 KB] g=660, 5029 evaluated, 24 expanded
[t=0.559693s, 15588 KB] New best heuristic value for ff(transform=adapt_costs(cost_type=normal)): 815
[t=0.559693s, 15588 KB] g=645, 5232 evaluated, 24 expanded
[t=0.563684s, 15588 KB] New best heuristic value for ff(transform=adapt_costs(cost_type=normal)): 810
[t=0.563684s, 15588 KB] g=640, 5263 evaluated, 24 expanded
[t=0.563684s, 15588 KB] New best heuristic value for ff(transform=adapt_costs(cost_type=normal)): 800
[t=0.563684s, 15588 KB] g=670, 5270 evaluated, 25 expanded
[t=0.591665s, 15588 KB] New best heuristic value for ff(transform=adapt_costs(cost_type=normal)): 795
[t=0.591665s, 15588 KB] g=655, 5473 evaluated, 25 expanded
[t=0.59567s, 15588 KB] New best heuristic value for ff(transform=adapt_costs(cost_type=normal)): 785
[t=0.59567s, 15588 KB] g=685, 5505 evaluated, 26 expanded
[t=0.623651s, 15588 KB] New best heuristic value for ff(transform=adapt_costs(cost_type=normal)): 775
[t=0.625627s, 15588 KB] g=715, 5728 evaluated, 27 expanded
[t=0.643585s, 15588 KB] New best heuristic value for ff(transform=adapt_costs(cost_type=normal)): 745
[t=0.643585s, 15588 KB] g=715, 5938 evaluated, 27 expanded
[t=0.643585s, 15588 KB] New best heuristic value for ff(transform=adapt_costs(cost_type=normal)): 735
[t=0.643585s, 15588 KB] g=745, 5962 evaluated, 28 expanded
[t=0.663581s, 15588 KB] New best heuristic value for ff(transform=adapt_costs(cost_type=normal)): 700
[t=0.663581s, 15588 KB] g=760, 6173 evaluated, 28 expanded
[t=0.66757s, 15588 KB] New best heuristic value for ff(transform=adapt_costs(cost_type=normal)): 690
[t=0.66757s, 15588 KB] g=790, 6204 evaluated, 29 expanded
[t=0.687556s, 15588 KB] New best heuristic value for ff(transform=adapt_costs(cost_type=normal)): 680
[t=0.687556s, 15588 KB] g=770, 6418 evaluated, 29 expanded
[t=0.687556s, 15588 KB] New best heuristic value for ff(transform=adapt_costs(cost_type=normal)): 670
[t=0.687556s, 15588 KB] g=800, 6445 evaluated, 30 expanded
[t=0.711527s, 15588 KB] New best heuristic value for ff(transform=adapt_costs(cost_type=normal)): 660
[t=0.711527s, 15588 KB] g=830, 6675 evaluated, 31 expanded
[t=0.72752s, 15588 KB] New best heuristic value for ff(transform=adapt_costs(cost_type=normal)): 640
[t=0.72752s, 15588 KB] g=830, 6868 evaluated, 31 expanded
[t=0.731522s, 15588 KB] New best heuristic value for ff(transform=adapt_costs(cost_type=normal)): 630
[t=0.731522s, 15588 KB] g=860, 6901 evaluated, 32 expanded
[t=0.751512s, 15588 KB] New best heuristic value for ff(transform=adapt_costs(cost_type=normal)): 595
[t=0.751512s, 15588 KB] g=875, 7101 evaluated, 32 expanded
[t=0.751512s, 15588 KB] New best heuristic value for ff(transform=adapt_costs(cost_type=normal)): 585
[t=0.751512s, 15588 KB] g=905, 7135 evaluated, 33 expanded
[t=0.779479s, 15588 KB] New best heuristic value for ff(transform=adapt_costs(cost_type=normal)): 575
[t=0.779479s, 15588 KB] g=935, 7368 evaluated, 34 expanded
[t=0.791458s, 15588 KB] New best heuristic value for ff(transform=adapt_costs(cost_type=normal)): 565
[t=0.791458s, 15588 KB] g=925, 7521 evaluated, 34 expanded
[t=0.791458s, 15588 KB] New best heuristic value for ff(transform=adapt_costs(cost_type=normal)): 545
[t=0.791458s, 15588 KB] g=935, 7522 evaluated, 34 expanded
[t=0.799463s, 15588 KB] New best heuristic value for ff(transform=adapt_costs(cost_type=normal)): 535
[t=0.799463s, 15588 KB] g=965, 7597 evaluated, 35 expanded
[t=0.81544s, 15588 KB] New best heuristic value for ff(transform=adapt_costs(cost_type=normal)): 500
[t=0.81544s, 15588 KB] g=980, 7751 evaluated, 35 expanded
[t=0.823433s, 15588 KB] New best heuristic value for ff(transform=adapt_costs(cost_type=normal)): 490
[t=0.823433s, 15588 KB] g=1010, 7834 evaluated, 36 expanded
[t=0.84342s, 15588 KB] New best heuristic value for ff(transform=adapt_costs(cost_type=normal)): 480
[t=0.84342s, 15588 KB] g=1040, 8070 evaluated, 37 expanded
[t=0.863409s, 15588 KB] New best heuristic value for ff(transform=adapt_costs(cost_type=normal)): 470
[t=0.863409s, 15588 KB] g=1030, 8285 evaluated, 37 expanded
[t=0.863409s, 15588 KB] New best heuristic value for ff(transform=adapt_costs(cost_type=normal)): 460
[t=0.863409s, 15588 KB] g=1060, 8309 evaluated, 38 expanded
[t=0.887392s, 15588 KB] New best heuristic value for ff(transform=adapt_costs(cost_type=normal)): 450
[t=0.887392s, 15588 KB] g=1090, 8556 evaluated, 39 expanded
[t=0.903384s, 15588 KB] New best heuristic value for ff(transform=adapt_costs(cost_type=normal)): 440
[t=0.903384s, 15588 KB] g=1080, 8743 evaluated, 39 expanded
[t=0.907378s, 15588 KB] New best heuristic value for ff(transform=adapt_costs(cost_type=normal)): 430
[t=0.907378s, 15588 KB] g=1110, 8795 evaluated, 40 expanded
[t=0.923374s, 15588 KB] New best heuristic value for ff(transform=adapt_costs(cost_type=normal)): 420
[t=0.923374s, 15588 KB] g=1090, 8988 evaluated, 40 expanded
[t=0.92737s, 15588 KB] New best heuristic value for ff(transform=adapt_costs(cost_type=normal)): 410
[t=0.92737s, 15588 KB] g=1120, 9041 evaluated, 41 expanded
[t=0.951356s, 15588 KB] New best heuristic value for ff(transform=adapt_costs(cost_type=normal)): 400
[t=0.951356s, 15588 KB] g=1150, 9275 evaluated, 42 expanded
[t=0.96735s, 15588 KB] New best heuristic value for ff(transform=adapt_costs(cost_type=normal)): 395
[t=0.96735s, 15588 KB] g=1130, 9481 evaluated, 42 expanded
[t=0.971352s, 15588 KB] New best heuristic value for ff(transform=adapt_costs(cost_type=normal)): 385
[t=0.971352s, 15588 KB] g=1160, 9500 evaluated, 43 expanded
[t=0.991344s, 15588 KB] New best heuristic value for ff(transform=adapt_costs(cost_type=normal)): 375
[t=0.991344s, 15588 KB] g=1190, 9733 evaluated, 44 expanded
[t=1.00334s, 15588 KB] New best heuristic value for ff(transform=adapt_costs(cost_type=normal)): 370
[t=1.00334s, 15588 KB] g=1170, 9907 evaluated, 44 expanded
[t=1.00734s, 15588 KB] New best heuristic value for ff(transform=adapt_costs(cost_type=normal)): 360
[t=1.00734s, 15588 KB] g=1200, 9957 evaluated, 45 expanded
[t=1.02733s, 15588 KB] New best heuristic value for ff(transform=adapt_costs(cost_type=normal)): 350
[t=1.02733s, 15588 KB] g=1230, 10188 evaluated, 46 expanded
[t=1.04733s, 15588 KB] New best heuristic value for ff(transform=adapt_costs(cost_type=normal)): 340
[t=1.04733s, 15588 KB] g=1260, 10410 evaluated, 47 expanded
[t=1.06732s, 15588 KB] New best heuristic value for ff(transform=adapt_costs(cost_type=normal)): 330
[t=1.06732s, 15588 KB] g=1290, 10623 evaluated, 48 expanded
[t=1.08331s, 15588 KB] New best heuristic value for ff(transform=adapt_costs(cost_type=normal)): 320
[t=1.08331s, 15588 KB] g=1320, 10827 evaluated, 49 expanded
[t=1.09132s, 15588 KB] New best heuristic value for ff(transform=adapt_costs(cost_type=normal)): 290
[t=1.09132s, 15588 KB] g=1320, 10911 evaluated, 49 expanded
[t=1.09931s, 15588 KB] New best heuristic value for ff(transform=adapt_costs(cost_type=normal)): 280
[t=1.09931s, 15588 KB] g=1350, 11024 evaluated, 50 expanded
[t=1.10731s, 15588 KB] New best heuristic value for ff(transform=adapt_costs(cost_type=normal)): 260
[t=1.10731s, 15588 KB] g=1340, 11117 evaluated, 50 expanded
[t=1.1153s, 15588 KB] New best heuristic value for ff(transform=adapt_costs(cost_type=normal)): 250
[t=1.1153s, 15588 KB] g=1370, 11228 evaluated, 51 expanded
[t=1.1313s, 15724 KB] New best heuristic value for ff(transform=adapt_costs(cost_type=normal)): 240
[t=1.1313s, 15724 KB] g=1400, 11419 evaluated, 52 expanded
[t=1.1393s, 15724 KB] New best heuristic value for ff(transform=adapt_costs(cost_type=normal)): 220
[t=1.1393s, 15724 KB] g=1385, 11517 evaluated, 52 expanded
[t=1.1473s, 15724 KB] New best heuristic value for ff(transform=adapt_costs(cost_type=normal)): 210
[t=1.1473s, 15724 KB] g=1415, 11604 evaluated, 53 expanded
[t=1.16329s, 15724 KB] New best heuristic value for ff(transform=adapt_costs(cost_type=normal)): 200
[t=1.16329s, 15724 KB] g=1445, 11784 evaluated, 54 expanded
[t=1.16729s, 15724 KB] New best heuristic value for ff(transform=adapt_costs(cost_type=normal)): 195
[t=1.16729s, 15724 KB] g=1430, 11816 evaluated, 54 expanded
[t=1.17929s, 15724 KB] New best heuristic value for ff(transform=adapt_costs(cost_type=normal)): 185
[t=1.17929s, 15724 KB] g=1460, 11958 evaluated, 55 expanded
[t=1.19128s, 15724 KB] New best heuristic value for ff(transform=adapt_costs(cost_type=normal)): 175
[t=1.19128s, 15724 KB] g=1480, 12133 evaluated, 56 expanded
[t=1.20328s, 15724 KB] New best heuristic value for ff(transform=adapt_costs(cost_type=normal)): 165
[t=1.20328s, 15724 KB] g=1490, 12305 evaluated, 57 expanded
[t=1.21527s, 15724 KB] New best heuristic value for ff(transform=adapt_costs(cost_type=normal)): 155
[t=1.21527s, 15724 KB] g=1500, 12472 evaluated, 58 expanded
[t=1.22327s, 15724 KB] New best heuristic value for ff(transform=adapt_costs(cost_type=normal)): 140
[t=1.22327s, 15724 KB] g=1515, 12609 evaluated, 59 expanded
[t=1.23527s, 15724 KB] New best heuristic value for ff(transform=adapt_costs(cost_type=normal)): 130
[t=1.23527s, 15724 KB] g=1525, 12761 evaluated, 60 expanded
[t=1.24326s, 15856 KB] New best heuristic value for ff(transform=adapt_costs(cost_type=normal)): 120
[t=1.24326s, 15856 KB] g=1535, 12900 evaluated, 61 expanded
[t=1.25125s, 15856 KB] New best heuristic value for ff(transform=adapt_costs(cost_type=normal)): 110
[t=1.25125s, 15856 KB] g=1545, 13032 evaluated, 62 expanded
[t=1.25926s, 15856 KB] New best heuristic value for ff(transform=adapt_costs(cost_type=normal)): 105
[t=1.25926s, 15856 KB] g=1555, 13156 evaluated, 63 expanded
[t=1.25926s, 15856 KB] New best heuristic value for ff(transform=adapt_costs(cost_type=normal)): 100
[t=1.25926s, 15856 KB] g=1555, 13168 evaluated, 63 expanded
[t=1.26725s, 15856 KB] New best heuristic value for ff(transform=adapt_costs(cost_type=normal)): 95
[t=1.26725s, 15856 KB] g=1565, 13286 evaluated, 64 expanded
[t=1.26725s, 15856 KB] New best heuristic value for ff(transform=adapt_costs(cost_type=normal)): 85
[t=1.26725s, 15856 KB] g=1570, 13298 evaluated, 64 expanded
[t=1.27525s, 15856 KB] New best heuristic value for ff(transform=adapt_costs(cost_type=normal)): 80
[t=1.27525s, 15856 KB] g=1580, 13423 evaluated, 65 expanded
[t=1.27925s, 15856 KB] New best heuristic value for ff(transform=adapt_costs(cost_type=normal)): 75
[t=1.27925s, 15856 KB] g=1580, 13442 evaluated, 65 expanded
[t=1.28325s, 15856 KB] New best heuristic value for ff(transform=adapt_costs(cost_type=normal)): 70
[t=1.28325s, 15856 KB] g=1590, 13559 evaluated, 66 expanded
[t=1.28724s, 15856 KB] New best heuristic value for ff(transform=adapt_costs(cost_type=normal)): 65
[t=1.28724s, 15856 KB] g=1590, 13580 evaluated, 66 expanded
[t=1.29124s, 15856 KB] New best heuristic value for ff(transform=adapt_costs(cost_type=normal)): 60
[t=1.29124s, 15856 KB] g=1595, 13683 evaluated, 67 expanded
[t=1.29524s, 15856 KB] New best heuristic value for ff(transform=adapt_costs(cost_type=normal)): 55
[t=1.29524s, 15856 KB] g=1595, 13703 evaluated, 67 expanded
[t=1.29924s, 15856 KB] New best heuristic value for ff(transform=adapt_costs(cost_type=normal)): 50
[t=1.29924s, 15856 KB] g=1605, 13795 evaluated, 68 expanded
[t=1.29924s, 15856 KB] New best heuristic value for ff(transform=adapt_costs(cost_type=normal)): 40
[t=1.29924s, 15856 KB] g=1610, 13817 evaluated, 68 expanded
[t=1.30723s, 15856 KB] New best heuristic value for ff(transform=adapt_costs(cost_type=normal)): 35
[t=1.30723s, 15856 KB] g=1620, 13916 evaluated, 69 expanded
[t=1.30723s, 15856 KB] New best heuristic value for ff(transform=adapt_costs(cost_type=normal)): 30
[t=1.30723s, 15856 KB] g=1620, 13950 evaluated, 69 expanded
[t=1.31124s, 15856 KB] New best heuristic value for ff(transform=adapt_costs(cost_type=normal)): 25
[t=1.31124s, 15856 KB] g=1630, 14037 evaluated, 70 expanded
[t=1.31523s, 15856 KB] New best heuristic value for ff(transform=adapt_costs(cost_type=normal)): 20
[t=1.31523s, 15856 KB] g=1630, 14082 evaluated, 70 expanded
[t=1.31923s, 15856 KB] New best heuristic value for ff(transform=adapt_costs(cost_type=normal)): 15
[t=1.31923s, 15856 KB] g=1640, 14146 evaluated, 71 expanded
[t=1.32723s, 15856 KB] New best heuristic value for ff(transform=adapt_costs(cost_type=normal)): 10
[t=1.32723s, 15856 KB] g=1645, 14265 evaluated, 72 expanded
[t=281.864s, 458080 KB] New best heuristic value for ff(transform=adapt_costs(cost_type=normal)): 0
[t=281.864s, 458080 KB] g=1665, 4806892 evaluated, 120844 expanded
[t=281.864s, 458080 KB] Solution found!
[t=281.864s, 458080 KB] Actual search time: 281.824s
load-highspeed-saw b0 highspeed-saw0 (30)
do-saw-large b3 p4 saw0 mahogany rough s9 s7 s8 s6 (30)
do-saw-large b3 p5 saw0 mahogany rough s6 s4 s5 s3 (30)
do-saw-medium b3 p22 saw0 mahogany rough s6 s5 s4 (30)
do-saw-medium b5 p1 saw0 oak rough s6 s5 s4 (30)
do-saw-medium b5 p3 saw0 oak rough s4 s3 s2 (30)
do-saw-small b5 p0 saw0 oak rough s4 s3 (30)
do-saw-large b8 p17 saw0 teak rough s6 s4 s5 s3 (30)
do-saw-large b8 p8 saw0 teak rough s3 s1 s2 s0 (30)
do-plane p8 planer0 rough natural untreated (30)
do-plane p9 planer0 smooth white colourfragments (30)
do-glaze p9 glazer0 mauve (20)
do-plane p20 planer0 verysmooth blue glazed (30)
do-plane p5 planer0 rough natural untreated (30)
do-grind p5 grinder0 smooth natural untreated untreated (45)
do-plane p17 planer0 rough natural untreated (30)
do-grind p17 grinder0 smooth natural untreated untreated (45)
do-immersion-varnish p20 immersion-varnisher0 red smooth (10)
do-immersion-varnish p8 immersion-varnisher0 green smooth (10)
do-glaze p4 glazer0 green (20)
do-plane p3 planer0 rough natural untreated (20)
do-plane p22 planer0 rough natural untreated (20)
do-plane p1 planer0 rough natural untreated (20)
do-glaze p0 glazer0 mauve (10)
do-glaze p22 glazer0 natural (15)
do-saw-large b1 p14 saw0 cherry rough s7 s5 s6 s4 (30)
do-plane p14 planer0 rough natural untreated (30)
do-grind p14 grinder0 smooth natural untreated untreated (45)
do-immersion-varnish p14 immersion-varnisher0 mauve verysmooth (10)
do-saw-large b1 p21 saw0 cherry rough s7 s5 s6 s4 (30)
do-plane p21 planer0 rough natural untreated (30)
do-grind p21 grinder0 smooth natural untreated untreated (45)
do-saw-large b1 p7 saw0 cherry rough s7 s5 s6 s4 (30)
do-plane p7 planer0 rough natural untreated (30)
do-grind p7 grinder0 smooth natural untreated untreated (45)
do-saw-medium b1 p11 saw0 cherry rough s7 s6 s5 (30)
do-plane p11 planer0 rough natural untreated (20)
do-saw-medium b1 p2 saw0 cherry rough s5 s4 s3 (30)
do-plane p2 planer0 rough natural untreated (20)
do-immersion-varnish p2 immersion-varnisher0 red smooth (10)
do-saw-small b1 p10 saw0 cherry rough s5 s4 (30)
do-plane p10 planer0 rough natural untreated (10)
do-saw-small b1 p13 saw0 cherry rough s5 s4 (30)
do-plane p13 planer0 rough natural untreated (10)
do-saw-small b1 p15 saw0 cherry rough s5 s4 (30)
do-saw-small b1 p16 saw0 cherry rough s5 s4 (30)
do-saw-small b1 p19 saw0 cherry rough s5 s4 (30)
do-saw-large b1 p23 saw0 cherry rough s5 s3 s4 s2 (30)
do-plane p23 planer0 rough natural untreated (30)
do-glaze p23 glazer0 green (20)
do-saw-medium b1 p18 saw0 cherry rough s5 s4 s3 (30)
do-glaze p18 glazer0 mauve (15)
do-saw-medium b1 p6 saw0 cherry rough s5 s4 s3 (30)
do-glaze p6 glazer0 blue (15)
do-saw-small b1 p12 saw0 cherry rough s5 s4 (30)
do-glaze p7 glazer0 white (20)
do-immersion-varnish p3 immersion-varnisher0 black smooth (10)
do-plane p19 planer0 rough natural untreated (10)
do-grind p19 grinder0 smooth natural untreated untreated (15)
do-glaze p19 glazer0 blue (10)
do-immersion-varnish p17 immersion-varnisher0 black verysmooth (10)
do-plane p16 planer0 rough natural untreated (10)
do-plane p15 planer0 rough natural untreated (10)
do-grind p15 grinder0 smooth natural untreated untreated (15)
do-glaze p15 glazer0 blue (10)
do-spray-varnish p13 spray-varnisher0 white smooth (5)
do-plane p12 planer0 rough natural untreated (10)
do-grind p12 grinder0 smooth natural untreated untreated (15)
do-immersion-varnish p11 immersion-varnisher0 natural smooth (10)
do-immersion-varnish p1 immersion-varnisher0 black smooth (10)
do-spray-varnish p16 spray-varnisher0 black smooth (5)
do-glaze p10 glazer0 blue (10)
do-plane p0 planer0 rough mauve glazed (10)
do-glaze p0 glazer0 mauve (10)
[t=281.864s, 458080 KB] Plan length: 74 step(s).
[t=281.864s, 458080 KB] Plan cost: 1665
[t=281.864s, 458080 KB] Expanded 120845 state(s).
[t=281.864s, 458080 KB] Reopened 0 state(s).
[t=281.864s, 458080 KB] Evaluated 4806894 state(s).
[t=281.864s, 458080 KB] Evaluations: 4806894
[t=281.864s, 458080 KB] Generated 6407760 state(s).
[t=281.864s, 458080 KB] Dead ends: 2215 state(s).
[t=281.864s, 458080 KB] Number of registered states: 4806894
[t=281.864s, 458080 KB] Int hash set load factor: 4806894/8388608 = 0.573026
[t=281.864s, 458080 KB] Int hash set resizes: 23
[t=281.864s, 458080 KB] Search time: 281.824s
[t=281.864s, 458080 KB] Total time: 281.864s
Solution found.
Peak memory: 458080 KB
Remove intermediate file output.sas
search exit code: 0

INFO     Running validate.
INFO     validate stdin: None
INFO     validate time limit: None
INFO     validate memory limit: None
INFO     validate command line string: /home/henry/bin/validate domain.pddl problem.pddl sas_plan
Checking plan: sas_plan
Plan executed successfully - checking goal
Plan valid
Final value: 1665 

Successful plans:
Value: 1665
 sas_plan 1665 

validate exit code: 0

INFO     Planner time: 282.72s
