INFO     planner time limit: 1800s
INFO     planner memory limit: 2048 MB

INFO     Running translator.
INFO     translator stdin: None
INFO     translator time limit: 1799s
INFO     translator memory limit: 2048 MB
INFO     translator command line string: /home/henry/Documents/UFRGS/TCC/downward/.venv/bin/python /home/henry/Documents/UFRGS/TCC/downward/experiments/lab/data/main/code-5bb2ccb6957559b6969ffd7e29254c73f84d5e49_e5e41175/builds/release/bin/translate/translate.py domain.pddl problem.pddl --sas-file output.sas
Parsing...
Parsing: [0.050s CPU, 0.055s wall-clock]
Normalizing task... [0.010s CPU, 0.003s wall-clock]
Instantiating...
Generating Datalog program... [0.030s CPU, 0.035s wall-clock]
Normalizing Datalog program...
Normalizing Datalog program: [0.000s CPU, 0.003s wall-clock]
Preparing model... [0.130s CPU, 0.123s wall-clock]
Generated 6 rules.
Computing model... [0.210s CPU, 0.211s wall-clock]
41782 relevant atoms
16017 auxiliary atoms
57799 final queue length
76839 total queue pushes
Completing instantiation... [0.300s CPU, 0.295s wall-clock]
Instantiating: [0.680s CPU, 0.679s wall-clock]
Computing fact groups...
Finding invariants...
4 initial candidates
Finding invariants: [0.000s CPU, 0.002s wall-clock]
Checking invariant weight... [0.010s CPU, 0.004s wall-clock]
Instantiating groups... [0.000s CPU, 0.004s wall-clock]
Collecting mutex groups... [0.010s CPU, 0.002s wall-clock]
Choosing groups...
3249 uncovered facts
Choosing groups: [0.000s CPU, 0.005s wall-clock]
Building translation key... [0.010s CPU, 0.008s wall-clock]
Computing fact groups: [0.060s CPU, 0.062s wall-clock]
Building STRIPS to SAS dictionary... [0.010s CPU, 0.004s wall-clock]
Building dictionary for full mutex groups... [0.000s CPU, 0.003s wall-clock]
Building mutex information...
Building mutex information: [0.000s CPU, 0.003s wall-clock]
Translating task...
Processing axioms...
Simplifying axioms... [0.000s CPU, 0.000s wall-clock]
Translator axioms removed by simplifying: 0
Computing negative axioms... [0.000s CPU, 0.000s wall-clock]
Processing axioms: [0.020s CPU, 0.012s wall-clock]
Translating task: [0.320s CPU, 0.314s wall-clock]
0 effect conditions simplified
0 implied preconditions added
Detecting unreachable propositions...
0 operators removed
0 axioms removed
3 propositions removed
Detecting unreachable propositions: [0.200s CPU, 0.200s wall-clock]
Reordering and filtering variables...
3249 of 3249 variables necessary.
0 of 1 mutex groups necessary.
12768 of 12768 operators necessary.
0 of 0 axiom rules necessary.
Reordering and filtering variables: [0.040s CPU, 0.040s wall-clock]
Translator variables: 3249
Translator derived variables: 0
Translator facts: 9745
Translator goal facts: 3248
Translator mutex groups: 0
Translator total mutex groups size: 0
Translator operators: 12768
Translator axioms: 0
Translator task size: 67310
Translator peak memory: 88908 KB
Writing output... [0.050s CPU, 0.056s wall-clock]
Done! [1.440s CPU, 1.440s wall-clock]
translate exit code: 0

INFO     Running search (release).
INFO     search stdin: output.sas
INFO     search time limit: 1798s
INFO     search memory limit: 2048 MB
INFO     search command line string: /home/henry/Documents/UFRGS/TCC/downward/experiments/lab/data/main/code-5bb2ccb6957559b6969ffd7e29254c73f84d5e49_e5e41175/builds/release/bin/downward --search 'eager_greedy([operatorcounting(constraint_generators=[pho_constraints(patterns=systematic(2))], use_integer_operator_counts=true, transform=adapt_costs(cost_type=ONE))])' --internal-plan-file sas_plan < output.sas
[t=0s, 10544 KB] reading input...
[t=0.0399639s, 15500 KB] done reading input!
Peak memory: 15764 KB
Remove intermediate file output.sas
search exit code: 32

Driver aborting after search
INFO     Planner time: 1.54s
