INFO     planner time limit: 1800s
INFO     planner memory limit: 2048 MB

INFO     Running translator.
INFO     translator stdin: None
INFO     translator time limit: 1799s
INFO     translator memory limit: 2048 MB
INFO     translator command line string: /home/henry/Documents/UFRGS/TCC/downward/.venv/bin/python /home/henry/Documents/UFRGS/TCC/downward/experiments/lab/data/main/code-fa850d1cb8d716322f299a4f9b64478019793ada_e5e41175/builds/release/bin/translate/translate.py domain.pddl problem.pddl --sas-file output.sas
Parsing...
Parsing: [0.000s CPU, 0.001s wall-clock]
Normalizing task... [0.000s CPU, 0.000s wall-clock]
Instantiating...
Generating Datalog program... [0.000s CPU, 0.000s wall-clock]
Normalizing Datalog program...
Normalizing Datalog program: [0.000s CPU, 0.002s wall-clock]
Preparing model... [0.000s CPU, 0.001s wall-clock]
Generated 51 rules.
Computing model... [0.010s CPU, 0.006s wall-clock]
358 relevant atoms
444 auxiliary atoms
802 final queue length
899 total queue pushes
Completing instantiation... [0.000s CPU, 0.003s wall-clock]
Instantiating: [0.010s CPU, 0.013s wall-clock]
Computing fact groups...
Finding invariants...
6 initial candidates
Finding invariants: [0.000s CPU, 0.001s wall-clock]
Checking invariant weight... [0.000s CPU, 0.000s wall-clock]
Instantiating groups... [0.000s CPU, 0.000s wall-clock]
Collecting mutex groups... [0.000s CPU, 0.000s wall-clock]
Choosing groups...
0 uncovered facts
Choosing groups: [0.000s CPU, 0.000s wall-clock]
Building translation key... [0.000s CPU, 0.000s wall-clock]
Computing fact groups: [0.000s CPU, 0.002s wall-clock]
Building STRIPS to SAS dictionary... [0.000s CPU, 0.000s wall-clock]
Building dictionary for full mutex groups... [0.000s CPU, 0.000s wall-clock]
Building mutex information...
Building mutex information: [0.000s CPU, 0.000s wall-clock]
Translating task...
Processing axioms...
Simplifying axioms... [0.000s CPU, 0.000s wall-clock]
Translator axioms removed by simplifying: 0
Computing negative axioms... [0.000s CPU, 0.000s wall-clock]
Processing axioms: [0.000s CPU, 0.000s wall-clock]
Translating task: [0.010s CPU, 0.003s wall-clock]
0 effect conditions simplified
0 implied preconditions added
Detecting unreachable propositions...
0 operators removed
0 axioms removed
13 propositions removed
Detecting unreachable propositions: [0.000s CPU, 0.001s wall-clock]
Reordering and filtering variables...
11 of 13 variables necessary.
0 of 13 mutex groups necessary.
138 of 174 operators necessary.
0 of 0 axiom rules necessary.
Reordering and filtering variables: [0.000s CPU, 0.000s wall-clock]
Translator variables: 11
Translator derived variables: 0
Translator facts: 79
Translator goal facts: 7
Translator mutex groups: 0
Translator total mutex groups size: 0
Translator operators: 138
Translator axioms: 0
Translator task size: 637
Translator peak memory: 32372 KB
Writing output... [0.000s CPU, 0.001s wall-clock]
Done! [0.020s CPU, 0.022s wall-clock]
translate exit code: 0

INFO     Running search (release).
INFO     search stdin: output.sas
INFO     search time limit: 1799s
INFO     search memory limit: 2048 MB
INFO     search command line string: /home/henry/Documents/UFRGS/TCC/downward/experiments/lab/data/main/code-fa850d1cb8d716322f299a4f9b64478019793ada_e5e41175/builds/release/bin/downward --search 'eager_greedy([ilsh(patterns=systematic(4), transform=adapt_costs(cost_type=NORMAL))])' --internal-plan-file sas_plan < output.sas
[t=0s, 45596 KB] reading input...
[t=0s, 45596 KB] done reading input!
[t=0.00354859s, 45860 KB] Generating patterns using: systematic pattern collection generator
[t=0.00354859s, 45860 KB] building causal graph...done! [t=0s]
[t=0.00354859s, 45860 KB] Found 105 SGA patterns.
[t=0.00354859s, 45860 KB] Found 455 interesting patterns.
[t=0.00354859s, 45992 KB] systematic pattern collection generator number of patterns: 455
[t=0.00354859s, 45992 KB] systematic pattern collection generator total PDB size: 402780
[t=0.00354859s, 45992 KB] systematic pattern collection generator computation time: 0s
[t=0.00354859s, 45992 KB] Computing PDBs for pattern collection...
[t=0.099414s, 47428 KB] Done computing PDBs for pattern collection: 0.0958654s
[t=0.103421s, 48220 KB] Tie breaking: 2
[t=0.103421s, 48220 KB] Building successor generator...done!
[t=0.103421s, 48220 KB] peak memory difference for successor generator creation: 0 KB
[t=0.103421s, 48220 KB] time for successor generation creation: 0s
[t=0.103421s, 48220 KB] Variables: 11
[t=0.103421s, 48220 KB] FactPairs: 79
[t=0.103421s, 48220 KB] Bytes per state: 8
[t=0.103421s, 48220 KB] Conducting best first search without reopening closed nodes, (real) bound = 2147483647
[t=0.103421s, 48220 KB] New best heuristic value for ilsh(patterns=systematic(4),transform=adapt_costs(cost_type=normal)): 51
[t=0.103421s, 48220 KB] g=0, 1 evaluated, 0 expanded
[t=0.103421s, 48220 KB] Initial heuristic value for ilsh(patterns=systematic(4),transform=adapt_costs(cost_type=normal)): 51
[t=0.103421s, 48220 KB] pruning method: none
[t=0.103421s, 48220 KB] New best heuristic value for ilsh(patterns=systematic(4),transform=adapt_costs(cost_type=normal)): 50
[t=0.103421s, 48220 KB] g=1, 3 evaluated, 1 expanded
[t=0.111419s, 48220 KB] New best heuristic value for ilsh(patterns=systematic(4),transform=adapt_costs(cost_type=normal)): 49
[t=0.111419s, 48220 KB] g=2, 14 evaluated, 2 expanded
[t=0.111419s, 48220 KB] New best heuristic value for ilsh(patterns=systematic(4),transform=adapt_costs(cost_type=normal)): 48
[t=0.111419s, 48220 KB] g=2, 15 evaluated, 2 expanded
[t=0.1194s, 48220 KB] New best heuristic value for ilsh(patterns=systematic(4),transform=adapt_costs(cost_type=normal)): 45
[t=0.1194s, 48220 KB] g=3, 27 evaluated, 3 expanded
[t=0.127392s, 48220 KB] New best heuristic value for ilsh(patterns=systematic(4),transform=adapt_costs(cost_type=normal)): 44
[t=0.127392s, 48220 KB] g=4, 40 evaluated, 4 expanded
[t=0.131405s, 48220 KB] New best heuristic value for ilsh(patterns=systematic(4),transform=adapt_costs(cost_type=normal)): 43
[t=0.131405s, 48220 KB] g=5, 51 evaluated, 5 expanded
[t=0.139361s, 48220 KB] New best heuristic value for ilsh(patterns=systematic(4),transform=adapt_costs(cost_type=normal)): 42
[t=0.139361s, 48220 KB] g=6, 60 evaluated, 6 expanded
[t=0.143365s, 48220 KB] New best heuristic value for ilsh(patterns=systematic(4),transform=adapt_costs(cost_type=normal)): 41
[t=0.143365s, 48220 KB] g=7, 70 evaluated, 7 expanded
[t=0.147354s, 48220 KB] New best heuristic value for ilsh(patterns=systematic(4),transform=adapt_costs(cost_type=normal)): 40
[t=0.147354s, 48220 KB] g=8, 80 evaluated, 8 expanded
[t=0.155346s, 48220 KB] New best heuristic value for ilsh(patterns=systematic(4),transform=adapt_costs(cost_type=normal)): 38
[t=0.155346s, 48220 KB] g=9, 91 evaluated, 9 expanded
[t=0.159345s, 48220 KB] New best heuristic value for ilsh(patterns=systematic(4),transform=adapt_costs(cost_type=normal)): 35
[t=0.159345s, 48220 KB] g=11, 103 evaluated, 11 expanded
[t=0.167339s, 48220 KB] New best heuristic value for ilsh(patterns=systematic(4),transform=adapt_costs(cost_type=normal)): 34
[t=0.167339s, 48220 KB] g=12, 113 evaluated, 12 expanded
[t=0.175334s, 48220 KB] New best heuristic value for ilsh(patterns=systematic(4),transform=adapt_costs(cost_type=normal)): 33
[t=0.175334s, 48220 KB] g=13, 132 evaluated, 13 expanded
[t=0.179344s, 48220 KB] New best heuristic value for ilsh(patterns=systematic(4),transform=adapt_costs(cost_type=normal)): 32
[t=0.179344s, 48220 KB] g=14, 141 evaluated, 14 expanded
[t=0.183323s, 48220 KB] New best heuristic value for ilsh(patterns=systematic(4),transform=adapt_costs(cost_type=normal)): 31
[t=0.183323s, 48220 KB] g=15, 152 evaluated, 15 expanded
[t=0.187323s, 48220 KB] New best heuristic value for ilsh(patterns=systematic(4),transform=adapt_costs(cost_type=normal)): 30
[t=0.187323s, 48220 KB] g=16, 157 evaluated, 16 expanded
[t=0.191334s, 48220 KB] New best heuristic value for ilsh(patterns=systematic(4),transform=adapt_costs(cost_type=normal)): 29
[t=0.191334s, 48220 KB] g=16, 166 evaluated, 16 expanded
[t=0.195323s, 48220 KB] New best heuristic value for ilsh(patterns=systematic(4),transform=adapt_costs(cost_type=normal)): 28
[t=0.195323s, 48220 KB] g=18, 181 evaluated, 18 expanded
[t=0.203306s, 48220 KB] New best heuristic value for ilsh(patterns=systematic(4),transform=adapt_costs(cost_type=normal)): 26
[t=0.203306s, 48220 KB] g=19, 193 evaluated, 19 expanded
[t=0.211294s, 48220 KB] New best heuristic value for ilsh(patterns=systematic(4),transform=adapt_costs(cost_type=normal)): 25
[t=0.211294s, 48220 KB] g=20, 212 evaluated, 20 expanded
[t=0.219298s, 48220 KB] New best heuristic value for ilsh(patterns=systematic(4),transform=adapt_costs(cost_type=normal)): 24
[t=0.219298s, 48220 KB] g=22, 228 evaluated, 22 expanded
[t=0.223278s, 48220 KB] New best heuristic value for ilsh(patterns=systematic(4),transform=adapt_costs(cost_type=normal)): 23
[t=0.223278s, 48220 KB] g=23, 238 evaluated, 23 expanded
[t=0.227278s, 48220 KB] New best heuristic value for ilsh(patterns=systematic(4),transform=adapt_costs(cost_type=normal)): 22
[t=0.227278s, 48220 KB] g=24, 250 evaluated, 24 expanded
[t=0.235273s, 48220 KB] New best heuristic value for ilsh(patterns=systematic(4),transform=adapt_costs(cost_type=normal)): 21
[t=0.235273s, 48220 KB] g=25, 268 evaluated, 25 expanded
[t=0.239279s, 48220 KB] New best heuristic value for ilsh(patterns=systematic(4),transform=adapt_costs(cost_type=normal)): 20
[t=0.239279s, 48220 KB] g=26, 276 evaluated, 26 expanded
[t=0.243266s, 48220 KB] New best heuristic value for ilsh(patterns=systematic(4),transform=adapt_costs(cost_type=normal)): 19
[t=0.243266s, 48220 KB] g=27, 288 evaluated, 27 expanded
[t=0.247265s, 48220 KB] New best heuristic value for ilsh(patterns=systematic(4),transform=adapt_costs(cost_type=normal)): 18
[t=0.247265s, 48220 KB] g=28, 301 evaluated, 28 expanded
[t=0.247265s, 48220 KB] New best heuristic value for ilsh(patterns=systematic(4),transform=adapt_costs(cost_type=normal)): 17
[t=0.247265s, 48220 KB] g=29, 312 evaluated, 29 expanded
[t=0.251269s, 48220 KB] New best heuristic value for ilsh(patterns=systematic(4),transform=adapt_costs(cost_type=normal)): 16
[t=0.251269s, 48220 KB] g=30, 318 evaluated, 30 expanded
[t=0.251269s, 48220 KB] New best heuristic value for ilsh(patterns=systematic(4),transform=adapt_costs(cost_type=normal)): 15
[t=0.251269s, 48220 KB] g=31, 328 evaluated, 31 expanded
[t=0.255263s, 48220 KB] New best heuristic value for ilsh(patterns=systematic(4),transform=adapt_costs(cost_type=normal)): 14
[t=0.255263s, 48220 KB] g=32, 339 evaluated, 32 expanded
[t=0.25927s, 48220 KB] New best heuristic value for ilsh(patterns=systematic(4),transform=adapt_costs(cost_type=normal)): 13
[t=0.25927s, 48220 KB] g=33, 354 evaluated, 33 expanded
[t=0.263257s, 48220 KB] New best heuristic value for ilsh(patterns=systematic(4),transform=adapt_costs(cost_type=normal)): 12
[t=0.263257s, 48220 KB] g=34, 364 evaluated, 34 expanded
[t=0.263257s, 48220 KB] New best heuristic value for ilsh(patterns=systematic(4),transform=adapt_costs(cost_type=normal)): 11
[t=0.263257s, 48220 KB] g=35, 377 evaluated, 35 expanded
[t=0.267257s, 48220 KB] New best heuristic value for ilsh(patterns=systematic(4),transform=adapt_costs(cost_type=normal)): 10
[t=0.267257s, 48220 KB] g=36, 389 evaluated, 36 expanded
[t=0.267257s, 48220 KB] New best heuristic value for ilsh(patterns=systematic(4),transform=adapt_costs(cost_type=normal)): 9
[t=0.267257s, 48220 KB] g=37, 402 evaluated, 37 expanded
[t=0.267257s, 48220 KB] New best heuristic value for ilsh(patterns=systematic(4),transform=adapt_costs(cost_type=normal)): 8
[t=0.267257s, 48220 KB] g=38, 406 evaluated, 38 expanded
[t=0.271261s, 48220 KB] New best heuristic value for ilsh(patterns=systematic(4),transform=adapt_costs(cost_type=normal)): 7
[t=0.271261s, 48220 KB] g=39, 416 evaluated, 39 expanded
[t=0.271261s, 48220 KB] New best heuristic value for ilsh(patterns=systematic(4),transform=adapt_costs(cost_type=normal)): 6
[t=0.271261s, 48220 KB] g=40, 429 evaluated, 40 expanded
[t=0.275253s, 48220 KB] New best heuristic value for ilsh(patterns=systematic(4),transform=adapt_costs(cost_type=normal)): 5
[t=0.275253s, 48220 KB] g=41, 445 evaluated, 41 expanded
[t=0.275253s, 48220 KB] New best heuristic value for ilsh(patterns=systematic(4),transform=adapt_costs(cost_type=normal)): 4
[t=0.275253s, 48220 KB] g=42, 457 evaluated, 42 expanded
[t=0.275253s, 48220 KB] New best heuristic value for ilsh(patterns=systematic(4),transform=adapt_costs(cost_type=normal)): 3
[t=0.275253s, 48220 KB] g=43, 465 evaluated, 43 expanded
[t=0.279258s, 48220 KB] New best heuristic value for ilsh(patterns=systematic(4),transform=adapt_costs(cost_type=normal)): 2
[t=0.279258s, 48220 KB] g=44, 474 evaluated, 44 expanded
[t=0.279258s, 48220 KB] New best heuristic value for ilsh(patterns=systematic(4),transform=adapt_costs(cost_type=normal)): 1
[t=0.279258s, 48220 KB] g=45, 484 evaluated, 45 expanded
[t=0.279258s, 48220 KB] New best heuristic value for ilsh(patterns=systematic(4),transform=adapt_costs(cost_type=normal)): 0
[t=0.279258s, 48220 KB] g=46, 497 evaluated, 46 expanded
[t=0.279258s, 48220 KB] Solution found!
[t=0.279258s, 48220 KB] Actual search time: 0.175838s
load-truck obj33 tru3 pos3 (1)
load-truck obj32 tru3 pos3 (1)
load-truck obj23 tru2 pos2 (1)
load-truck obj13 tru1 pos1 (1)
load-truck obj12 tru1 pos1 (1)
load-truck obj21 tru2 pos2 (1)
drive-truck tru1 pos1 apt1 cit1 (1)
unload-truck obj13 tru1 apt1 (1)
unload-truck obj12 tru1 apt1 (1)
drive-truck tru3 pos3 apt3 cit3 (1)
unload-truck obj33 tru3 apt3 (1)
unload-truck obj32 tru3 apt3 (1)
load-airplane obj33 apn1 apt3 (1)
fly-airplane apn1 apt3 apt1 (1)
unload-airplane obj33 apn1 apt1 (1)
load-airplane obj13 apn1 apt1 (1)
drive-truck tru2 pos2 apt2 cit2 (1)
unload-truck obj23 tru2 apt2 (1)
unload-truck obj21 tru2 apt2 (1)
load-airplane obj12 apn1 apt1 (1)
drive-truck tru1 apt1 pos1 cit1 (1)
load-truck obj11 tru1 pos1 (1)
drive-truck tru1 pos1 apt1 cit1 (1)
unload-truck obj11 tru1 apt1 (1)
load-airplane obj11 apn1 apt1 (1)
fly-airplane apn1 apt1 apt2 (1)
load-airplane obj23 apn1 apt2 (1)
load-airplane obj21 apn1 apt2 (1)
unload-airplane obj13 apn1 apt2 (1)
load-truck obj13 tru2 apt2 (1)
drive-truck tru2 apt2 pos2 cit2 (1)
unload-truck obj13 tru2 pos2 (1)
fly-airplane apn1 apt2 apt3 (1)
load-airplane obj32 apn1 apt3 (1)
unload-airplane obj21 apn1 apt3 (1)
unload-airplane obj12 apn1 apt3 (1)
unload-airplane obj11 apn1 apt3 (1)
load-truck obj11 tru3 apt3 (1)
drive-truck tru3 apt3 pos3 cit3 (1)
unload-truck obj11 tru3 pos3 (1)
fly-airplane apn1 apt3 apt1 (1)
unload-airplane obj32 apn1 apt1 (1)
load-truck obj32 tru1 apt1 (1)
drive-truck tru1 apt1 pos1 cit1 (1)
unload-truck obj32 tru1 pos1 (1)
unload-airplane obj23 apn1 apt1 (1)
[t=0.279258s, 48220 KB] Plan length: 46 step(s).
[t=0.279258s, 48220 KB] Plan cost: 46
[t=0.279258s, 48220 KB] Expanded 47 state(s).
[t=0.279258s, 48220 KB] Reopened 0 state(s).
[t=0.279258s, 48220 KB] Evaluated 497 state(s).
[t=0.279258s, 48220 KB] Evaluations: 497
[t=0.279258s, 48220 KB] Generated 567 state(s).
[t=0.279258s, 48220 KB] Dead ends: 0 state(s).
[t=0.279258s, 48220 KB] Number of registered states: 497
[t=0.279258s, 48220 KB] Int hash set load factor: 497/512 = 0.970703
[t=0.279258s, 48220 KB] Int hash set resizes: 9
[t=0.279258s, 48220 KB] Search time: 0.175838s
[t=0.279258s, 48220 KB] Total time: 0.279258s
Solution found.
Peak memory: 48220 KB
Remove intermediate file output.sas
search exit code: 0

INFO     Running validate.
INFO     validate stdin: None
INFO     validate time limit: None
INFO     validate memory limit: None
INFO     validate command line string: /home/henry/bin/validate domain.pddl problem.pddl sas_plan
Checking plan: sas_plan
Plan executed successfully - checking goal
Plan valid
Final value: 46 

Successful plans:
Value: 46
 sas_plan 46 

validate exit code: 0

INFO     Planner time: 0.36s
