INFO     planner time limit: 1800s
INFO     planner memory limit: 2048 MB

INFO     Running translator.
INFO     translator stdin: None
INFO     translator time limit: 1799s
INFO     translator memory limit: 2048 MB
INFO     translator command line string: /home/henry/Documents/UFRGS/TCC/downward/.venv/bin/python /home/henry/Documents/UFRGS/TCC/downward/experiments/lab/data/main/code-5bb2ccb6957559b6969ffd7e29254c73f84d5e49_e5e41175/builds/release/bin/translate/translate.py domain.pddl problem.pddl --sas-file output.sas
Parsing...
Parsing: [0.000s CPU, 0.002s wall-clock]
Normalizing task... [0.000s CPU, 0.000s wall-clock]
Instantiating...
Generating Datalog program... [0.000s CPU, 0.001s wall-clock]
Normalizing Datalog program...
Normalizing Datalog program: [0.000s CPU, 0.003s wall-clock]
Preparing model... [0.010s CPU, 0.002s wall-clock]
Generated 79 rules.
Computing model... [0.560s CPU, 0.559s wall-clock]
58657 relevant atoms
33472 auxiliary atoms
92129 final queue length
258731 total queue pushes
Completing instantiation... [1.440s CPU, 1.440s wall-clock]
Instantiating: [2.020s CPU, 2.023s wall-clock]
Computing fact groups...
Finding invariants...
14 initial candidates
Finding invariants: [0.040s CPU, 0.034s wall-clock]
Checking invariant weight... [0.000s CPU, 0.000s wall-clock]
Instantiating groups... [0.000s CPU, 0.000s wall-clock]
Collecting mutex groups... [0.000s CPU, 0.000s wall-clock]
Choosing groups...
1472 uncovered facts
Choosing groups: [0.000s CPU, 0.000s wall-clock]
Building translation key... [0.000s CPU, 0.004s wall-clock]
Computing fact groups: [0.050s CPU, 0.047s wall-clock]
Building STRIPS to SAS dictionary... [0.000s CPU, 0.001s wall-clock]
Building dictionary for full mutex groups... [0.000s CPU, 0.001s wall-clock]
Building mutex information...
Building mutex information: [0.000s CPU, 0.001s wall-clock]
Translating task...
Processing axioms...
Simplifying axioms... [0.000s CPU, 0.000s wall-clock]
Translator axioms removed by simplifying: 0
Computing negative axioms... [0.000s CPU, 0.000s wall-clock]
Processing axioms: [0.030s CPU, 0.031s wall-clock]
Translating task: [0.970s CPU, 0.971s wall-clock]
52000 effect conditions simplified
0 implied preconditions added
Detecting unreachable propositions...
0 operators removed
0 axioms removed
4 propositions removed
Detecting unreachable propositions: [0.540s CPU, 0.532s wall-clock]
Reordering and filtering variables...
1476 of 1476 variables necessary.
0 of 4 mutex groups necessary.
21360 of 21360 operators necessary.
0 of 0 axiom rules necessary.
Reordering and filtering variables: [0.370s CPU, 0.367s wall-clock]
Translator variables: 1476
Translator derived variables: 0
Translator facts: 3136
Translator goal facts: 24
Translator mutex groups: 0
Translator total mutex groups size: 0
Translator operators: 21360
Translator axioms: 0
Translator task size: 182892
Translator peak memory: 153160 KB
Writing output... [0.160s CPU, 0.160s wall-clock]
Done! [4.150s CPU, 4.150s wall-clock]
translate exit code: 0

INFO     Running search (release).
INFO     search stdin: output.sas
INFO     search time limit: 1795s
INFO     search memory limit: 2048 MB
INFO     search command line string: /home/henry/Documents/UFRGS/TCC/downward/experiments/lab/data/main/code-5bb2ccb6957559b6969ffd7e29254c73f84d5e49_e5e41175/builds/release/bin/downward --search 'eager_greedy([operatorcounting(constraint_generators=[pho_constraints(patterns=systematic(2))], use_integer_operator_counts=false, transform=adapt_costs(cost_type=NORMAL))])' --internal-plan-file sas_plan < output.sas
[t=0s, 45596 KB] reading input...
[t=0.0959324s, 54200 KB] done reading input!
[t=0.0993469s, 56104 KB] Generating patterns using: systematic pattern collection generator
[t=0.0993469s, 56104 KB] building causal graph...done! [t=0.0479556s]
[t=0.155298s, 65700 KB] Found 5484 SGA patterns.
[t=0.24727s, 65700 KB] Found 5484 interesting patterns.
[t=0.24727s, 65700 KB] systematic pattern collection generator number of patterns: 5484
[t=0.24727s, 65700 KB] systematic pattern collection generator total PDB size: 30720
[t=0.24727s, 65700 KB] systematic pattern collection generator computation time: 0.147923s
[t=0.24727s, 65700 KB] Computing PDBs for pattern collection...
[t=18.4635s, 65700 KB] Done computing PDBs for pattern collection: 18.2163s
[t=22.384s, 329896 KB] Building successor generator...done!
[t=22.3919s, 329896 KB] peak memory difference for successor generator creation: 0 KB
[t=22.3919s, 329896 KB] time for successor generation creation: 0.00798171s
[t=22.3919s, 329896 KB] Variables: 1476
[t=22.3919s, 329896 KB] FactPairs: 3136
[t=22.3919s, 329896 KB] Bytes per state: 188
[t=22.3919s, 329896 KB] Conducting best first search without reopening closed nodes, (real) bound = 2147483647
[t=23.1549s, 564888 KB] New best heuristic value for operatorcounting(constraint_generators=[pho_constraints(patterns=systematic(2))],use_integer_operator_counts=false,transform=adapt_costs(cost_type=normal)): 6
[t=23.1549s, 564888 KB] g=0, 1 evaluated, 0 expanded
[t=23.1589s, 564888 KB] Initial heuristic value for operatorcounting(constraint_generators=[pho_constraints(patterns=systematic(2))],use_integer_operator_counts=false,transform=adapt_costs(cost_type=normal)): 6
[t=23.1589s, 564888 KB] pruning method: none
[t=23.5345s, 564888 KB] New best heuristic value for operatorcounting(constraint_generators=[pho_constraints(patterns=systematic(2))],use_integer_operator_counts=false,transform=adapt_costs(cost_type=normal)): 5
[t=23.5345s, 564888 KB] g=2, 4 evaluated, 1 expanded
[t=591.456s, 564888 KB] New best heuristic value for operatorcounting(constraint_generators=[pho_constraints(patterns=systematic(2))],use_integer_operator_counts=false,transform=adapt_costs(cost_type=normal)): 4
[t=591.456s, 564888 KB] g=12, 2611 evaluated, 510 expanded
Peak memory: 564888 KB
caught signal 24 -- exiting
Time limit has been reached.
Remove intermediate file output.sas
search exit code: 23

Driver aborting after search
INFO     Planner time: 1797.60s
