INFO     planner time limit: 1800s
INFO     planner memory limit: 2048 MB

INFO     Running translator.
INFO     translator stdin: None
INFO     translator time limit: 1799s
INFO     translator memory limit: 2048 MB
INFO     translator command line string: /home/henry/Documents/UFRGS/TCC/downward/.venv/bin/python /home/henry/Documents/UFRGS/TCC/downward/experiments/lab/data/main/code-5bb2ccb6957559b6969ffd7e29254c73f84d5e49_e5e41175/builds/release/bin/translate/translate.py domain.pddl problem.pddl --sas-file output.sas
Parsing...
Parsing: [0.000s CPU, 0.005s wall-clock]
Normalizing task... [0.000s CPU, 0.000s wall-clock]
Instantiating...
Generating Datalog program... [0.000s CPU, 0.001s wall-clock]
Normalizing Datalog program...
Trivial rules: Converted to facts.
Normalizing Datalog program: [0.010s CPU, 0.003s wall-clock]
Preparing model... [0.000s CPU, 0.003s wall-clock]
Generated 129 rules.
Computing model... [0.580s CPU, 0.569s wall-clock]
46053 relevant atoms
40447 auxiliary atoms
86500 final queue length
289530 total queue pushes
Completing instantiation... [2.350s CPU, 2.344s wall-clock]
Instantiating: [2.940s CPU, 2.934s wall-clock]
Computing fact groups...
Finding invariants...
28 initial candidates
Finding invariants: [0.020s CPU, 0.015s wall-clock]
Checking invariant weight... [0.000s CPU, 0.000s wall-clock]
Instantiating groups... [0.000s CPU, 0.002s wall-clock]
Collecting mutex groups... [0.000s CPU, 0.001s wall-clock]
Choosing groups...
675 uncovered facts
Choosing groups: [0.000s CPU, 0.001s wall-clock]
Building translation key... [0.000s CPU, 0.002s wall-clock]
Computing fact groups: [0.030s CPU, 0.029s wall-clock]
Building STRIPS to SAS dictionary... [0.000s CPU, 0.001s wall-clock]
Building dictionary for full mutex groups... [0.000s CPU, 0.001s wall-clock]
Building mutex information...
Building mutex information: [0.000s CPU, 0.000s wall-clock]
Translating task...
Processing axioms...
Simplifying axioms... [0.000s CPU, 0.000s wall-clock]
Translator axioms removed by simplifying: 0
Computing negative axioms... [0.000s CPU, 0.000s wall-clock]
Processing axioms: [0.150s CPU, 0.147s wall-clock]
Translating task: [2.990s CPU, 2.986s wall-clock]
65938 effect conditions simplified
0 implied preconditions added
Detecting unreachable propositions...
0 operators removed
0 axioms removed
49 propositions removed
Detecting unreachable propositions: [1.870s CPU, 1.876s wall-clock]
Reordering and filtering variables...
704 of 706 variables necessary.
0 of 37 mutex groups necessary.
44015 of 44015 operators necessary.
0 of 0 axiom rules necessary.
Reordering and filtering variables: [0.840s CPU, 0.844s wall-clock]
Translator variables: 704
Translator derived variables: 0
Translator facts: 2121
Translator goal facts: 44
Translator mutex groups: 0
Translator total mutex groups size: 0
Translator operators: 44015
Translator axioms: 0
Translator task size: 634078
Translator peak memory: 338184 KB
Writing output... [0.400s CPU, 0.407s wall-clock]
Done! [9.180s CPU, 9.192s wall-clock]
translate exit code: 0

INFO     Running search (release).
INFO     search stdin: output.sas
INFO     search time limit: 1790s
INFO     search memory limit: 2048 MB
INFO     search command line string: /home/henry/Documents/UFRGS/TCC/downward/experiments/lab/data/main/code-5bb2ccb6957559b6969ffd7e29254c73f84d5e49_e5e41175/builds/release/bin/downward --search 'eager_greedy([lsh(patterns=systematic(2), transform=adapt_costs(cost_type=NORMAL))])' --internal-plan-file sas_plan < output.sas
[t=0s, 10544 KB] reading input...
[t=0.287265s, 32756 KB] done reading input!
[t=0.287265s, 33152 KB] Generating patterns using: systematic pattern collection generator
[t=0.287265s, 33152 KB] building causal graph...done! [t=0.191893s]
[t=0.527116s, 56408 KB] Found 4547 SGA patterns.
[t=0.635076s, 56408 KB] Found 4547 interesting patterns.
[t=0.635076s, 56408 KB] systematic pattern collection generator number of patterns: 4547
[t=0.635076s, 56408 KB] systematic pattern collection generator total PDB size: 152086
[t=0.635076s, 56408 KB] systematic pattern collection generator computation time: 0.347811s
[t=0.635076s, 56408 KB] Computing PDBs for pattern collection...
[t=42.2115s, 56408 KB] Done computing PDBs for pattern collection: 41.5765s
[t=52.566s, 142436 KB] Building successor generator...done!
[t=52.59s, 146848 KB] peak memory difference for successor generator creation: 4412 KB
[t=52.59s, 146848 KB] time for successor generation creation: 0.0239437s
[t=52.59s, 146848 KB] Variables: 704
[t=52.59s, 146848 KB] FactPairs: 2121
[t=52.59s, 146848 KB] Bytes per state: 108
[t=52.59s, 146848 KB] Conducting best first search without reopening closed nodes, (real) bound = 2147483647
[t=52.594s, 146848 KB] New best heuristic value for lsh(patterns=systematic(2),transform=adapt_costs(cost_type=normal)): 58
[t=52.594s, 146848 KB] g=0, 1 evaluated, 0 expanded
[t=52.594s, 146848 KB] Initial heuristic value for lsh(patterns=systematic(2),transform=adapt_costs(cost_type=normal)): 58
[t=52.594s, 146848 KB] pruning method: none
[t=52.5979s, 146848 KB] New best heuristic value for lsh(patterns=systematic(2),transform=adapt_costs(cost_type=normal)): 57
[t=52.5979s, 146848 KB] g=1, 2 evaluated, 1 expanded
[t=52.6459s, 146848 KB] New best heuristic value for lsh(patterns=systematic(2),transform=adapt_costs(cost_type=normal)): 56
[t=52.6459s, 146848 KB] g=2, 16 evaluated, 11 expanded
[t=52.6539s, 146848 KB] New best heuristic value for lsh(patterns=systematic(2),transform=adapt_costs(cost_type=normal)): 44
[t=52.6539s, 146848 KB] g=2, 19 evaluated, 11 expanded
[t=52.7019s, 146848 KB] New best heuristic value for lsh(patterns=systematic(2),transform=adapt_costs(cost_type=normal)): 42
[t=52.7019s, 146848 KB] g=3, 36 evaluated, 20 expanded
[t=52.8578s, 146848 KB] New best heuristic value for lsh(patterns=systematic(2),transform=adapt_costs(cost_type=normal)): 40
[t=52.8578s, 146848 KB] g=5, 89 evaluated, 59 expanded
[t=53.1535s, 146848 KB] New best heuristic value for lsh(patterns=systematic(2),transform=adapt_costs(cost_type=normal)): 38
[t=53.1535s, 146848 KB] g=7, 191 evaluated, 129 expanded
[t=53.2294s, 146848 KB] New best heuristic value for lsh(patterns=systematic(2),transform=adapt_costs(cost_type=normal)): 36
[t=53.2294s, 146848 KB] g=8, 216 evaluated, 140 expanded
[t=53.3813s, 146848 KB] New best heuristic value for lsh(patterns=systematic(2),transform=adapt_costs(cost_type=normal)): 35
[t=53.3813s, 146848 KB] g=10, 269 evaluated, 177 expanded
[t=53.4333s, 146848 KB] New best heuristic value for lsh(patterns=systematic(2),transform=adapt_costs(cost_type=normal)): 33
[t=53.4333s, 146848 KB] g=11, 289 evaluated, 187 expanded
[t=53.7651s, 146848 KB] New best heuristic value for lsh(patterns=systematic(2),transform=adapt_costs(cost_type=normal)): 31
[t=53.7651s, 146848 KB] g=13, 408 evaluated, 251 expanded
[t=54.2807s, 146848 KB] New best heuristic value for lsh(patterns=systematic(2),transform=adapt_costs(cost_type=normal)): 29
[t=54.2807s, 146848 KB] g=16, 594 evaluated, 340 expanded
[t=54.8083s, 146848 KB] New best heuristic value for lsh(patterns=systematic(2),transform=adapt_costs(cost_type=normal)): 27
[t=54.8083s, 146848 KB] g=18, 780 evaluated, 446 expanded
[t=57.1826s, 146848 KB] New best heuristic value for lsh(patterns=systematic(2),transform=adapt_costs(cost_type=normal)): 25
[t=57.1826s, 146848 KB] g=20, 1618 evaluated, 925 expanded
[t=57.5704s, 146848 KB] New best heuristic value for lsh(patterns=systematic(2),transform=adapt_costs(cost_type=normal)): 24
[t=57.5704s, 146848 KB] g=22, 1761 evaluated, 1001 expanded
[t=68.326s, 146848 KB] New best heuristic value for lsh(patterns=systematic(2),transform=adapt_costs(cost_type=normal)): 22
[t=68.326s, 146848 KB] g=24, 6290 evaluated, 4133 expanded
[t=116.237s, 148852 KB] New best heuristic value for lsh(patterns=systematic(2),transform=adapt_costs(cost_type=normal)): 20
[t=116.237s, 148852 KB] g=30, 26027 evaluated, 14676 expanded
[t=116.293s, 148852 KB] New best heuristic value for lsh(patterns=systematic(2),transform=adapt_costs(cost_type=normal)): 18
[t=116.293s, 148852 KB] g=31, 26051 evaluated, 14681 expanded
[t=116.405s, 148852 KB] New best heuristic value for lsh(patterns=systematic(2),transform=adapt_costs(cost_type=normal)): 16
[t=116.405s, 148852 KB] g=32, 26095 evaluated, 14690 expanded
Peak memory: 284292 KB
caught signal 24 -- exiting
Time limit has been reached.
Remove intermediate file output.sas
search exit code: 23

Driver aborting after search
INFO     Planner time: 1797.81s
