INFO     planner time limit: 1800s
INFO     planner memory limit: 2048 MB

INFO     Running translator.
INFO     translator stdin: None
INFO     translator time limit: 1799s
INFO     translator memory limit: 2048 MB
INFO     translator command line string: /home/henry/Documents/UFRGS/TCC/downward/.venv/bin/python /home/henry/Documents/UFRGS/TCC/downward/experiments/lab/data/main/code-5bb2ccb6957559b6969ffd7e29254c73f84d5e49_e5e41175/builds/release/bin/translate/translate.py domain.pddl problem.pddl --sas-file output.sas
Parsing...
Parsing: [0.130s CPU, 0.127s wall-clock]
Normalizing task... [0.020s CPU, 0.018s wall-clock]
Instantiating...
Generating Datalog program... [0.010s CPU, 0.016s wall-clock]
Normalizing Datalog program...
Normalizing Datalog program: [0.110s CPU, 0.113s wall-clock]
Preparing model... [0.080s CPU, 0.072s wall-clock]
Generated 6310 rules.
Computing model... [3.530s CPU, 3.537s wall-clock]
64993 relevant atoms
283975 auxiliary atoms
348968 final queue length
452468 total queue pushes
Completing instantiation... [2.030s CPU, 2.031s wall-clock]
Instantiating: [5.870s CPU, 5.883s wall-clock]
Computing fact groups...
Finding invariants...
1272 initial candidates
Finding invariants: [14.440s CPU, 14.448s wall-clock]
Checking invariant weight... [0.000s CPU, 0.000s wall-clock]
Instantiating groups... [0.000s CPU, 0.000s wall-clock]
Collecting mutex groups... [0.000s CPU, 0.001s wall-clock]
Choosing groups...
3532 uncovered facts
Choosing groups: [0.000s CPU, 0.001s wall-clock]
Building translation key... [0.010s CPU, 0.008s wall-clock]
Computing fact groups: [14.470s CPU, 14.481s wall-clock]
Building STRIPS to SAS dictionary... [0.000s CPU, 0.003s wall-clock]
Building dictionary for full mutex groups... [0.010s CPU, 0.003s wall-clock]
Building mutex information...
Building mutex information: [0.000s CPU, 0.002s wall-clock]
Translating task...
Processing axioms...
Simplifying axioms... [0.000s CPU, 0.000s wall-clock]
Translator axioms removed by simplifying: 0
Computing negative axioms... [0.000s CPU, 0.000s wall-clock]
Processing axioms: [0.080s CPU, 0.084s wall-clock]
Translating task: [2.270s CPU, 2.270s wall-clock]
95864 effect conditions simplified
0 implied preconditions added
Detecting unreachable propositions...
0 operators removed
0 axioms removed
40 propositions removed
Detecting unreachable propositions: [1.860s CPU, 1.862s wall-clock]
Reordering and filtering variables...
2957 of 3512 variables necessary.
0 of 0 mutex groups necessary.
55998 of 59648 operators necessary.
0 of 0 axiom rules necessary.
Reordering and filtering variables: [1.260s CPU, 1.262s wall-clock]
Translator variables: 2957
Translator derived variables: 0
Translator facts: 5914
Translator goal facts: 18
Translator mutex groups: 0
Translator total mutex groups size: 0
Translator operators: 55998
Translator axioms: 0
Translator task size: 387136
Translator peak memory: 386308 KB
Writing output... [0.300s CPU, 0.306s wall-clock]
Done! [26.280s CPU, 26.308s wall-clock]
translate exit code: 0

INFO     Running search (release).
INFO     search stdin: output.sas
INFO     search time limit: 1773s
INFO     search memory limit: 2048 MB
INFO     search command line string: /home/henry/Documents/UFRGS/TCC/downward/experiments/lab/data/main/code-5bb2ccb6957559b6969ffd7e29254c73f84d5e49_e5e41175/builds/release/bin/downward --search 'eager_greedy([ilsh(patterns=systematic(4), transform=adapt_costs(cost_type=ONE))])' --internal-plan-file sas_plan < output.sas
[t=0s, 10544 KB] reading input...
[t=0.215853s, 29360 KB] done reading input!
[t=0.215853s, 29756 KB] Generating patterns using: systematic pattern collection generator
[t=0.215853s, 29756 KB] building causal graph...done! [t=0.13984s]
Failed to allocate memory.
Memory limit has been reached.
Peak memory: 2097092 KB
Remove intermediate file output.sas
search exit code: 22

Driver aborting after search
INFO     Planner time: 41.66s
