INFO     planner time limit: 1800s
INFO     planner memory limit: 2048 MB

INFO     Running translator.
INFO     translator stdin: None
INFO     translator time limit: 1799s
INFO     translator memory limit: 2048 MB
INFO     translator command line string: /home/henry/Documents/UFRGS/TCC/downward/.venv/bin/python /home/henry/Documents/UFRGS/TCC/downward/experiments/lab/data/main/code-5bb2ccb6957559b6969ffd7e29254c73f84d5e49_e5e41175/builds/release/bin/translate/translate.py domain.pddl problem.pddl --sas-file output.sas
Parsing...
Parsing: [0.010s CPU, 0.005s wall-clock]
Normalizing task... [0.000s CPU, 0.000s wall-clock]
Instantiating...
Generating Datalog program... [0.000s CPU, 0.001s wall-clock]
Normalizing Datalog program...
Normalizing Datalog program: [0.010s CPU, 0.005s wall-clock]
Preparing model... [0.000s CPU, 0.003s wall-clock]
Generated 350 rules.
Computing model... [0.020s CPU, 0.020s wall-clock]
2010 relevant atoms
2358 auxiliary atoms
4368 final queue length
7328 total queue pushes
Completing instantiation... [0.030s CPU, 0.030s wall-clock]
Instantiating: [0.060s CPU, 0.061s wall-clock]
Computing fact groups...
Finding invariants...
20 initial candidates
Finding invariants: [0.000s CPU, 0.005s wall-clock]
Checking invariant weight... [0.000s CPU, 0.000s wall-clock]
Instantiating groups... [0.000s CPU, 0.001s wall-clock]
Collecting mutex groups... [0.000s CPU, 0.000s wall-clock]
Choosing groups...
346 uncovered facts
Choosing groups: [0.000s CPU, 0.000s wall-clock]
Building translation key... [0.000s CPU, 0.001s wall-clock]
Computing fact groups: [0.010s CPU, 0.010s wall-clock]
Building STRIPS to SAS dictionary... [0.000s CPU, 0.000s wall-clock]
Building dictionary for full mutex groups... [0.000s CPU, 0.000s wall-clock]
Building mutex information...
Building mutex information: [0.000s CPU, 0.001s wall-clock]
Translating task...
Processing axioms...
Simplifying axioms... [0.000s CPU, 0.000s wall-clock]
Translator axioms removed by simplifying: 0
Computing negative axioms... [0.000s CPU, 0.000s wall-clock]
Processing axioms: [0.000s CPU, 0.002s wall-clock]
Translating task: [0.040s CPU, 0.042s wall-clock]
1001 effect conditions simplified
0 implied preconditions added
Detecting unreachable propositions...
0 operators removed
0 axioms removed
12 propositions removed
Detecting unreachable propositions: [0.020s CPU, 0.016s wall-clock]
Reordering and filtering variables...
108 of 355 variables necessary.
0 of 10 mutex groups necessary.
1211 of 1211 operators necessary.
0 of 0 axiom rules necessary.
Reordering and filtering variables: [0.010s CPU, 0.011s wall-clock]
Translator variables: 108
Translator derived variables: 0
Translator facts: 406
Translator goal facts: 60
Translator mutex groups: 0
Translator total mutex groups size: 0
Translator operators: 1211
Translator axioms: 0
Translator task size: 8512
Translator peak memory: 38916 KB
Writing output... [0.010s CPU, 0.006s wall-clock]
Done! [0.160s CPU, 0.155s wall-clock]
translate exit code: 0

INFO     Running search (release).
INFO     search stdin: output.sas
INFO     search time limit: 1799s
INFO     search memory limit: 2048 MB
INFO     search command line string: /home/henry/Documents/UFRGS/TCC/downward/experiments/lab/data/main/code-5bb2ccb6957559b6969ffd7e29254c73f84d5e49_e5e41175/builds/release/bin/downward --search 'eager_greedy([operatorcounting(constraint_generators=[pho_constraints(patterns=systematic(4))], use_integer_operator_counts=true, transform=adapt_costs(cost_type=ONE))])' --internal-plan-file sas_plan < output.sas
[t=0s, 45596 KB] reading input...
[t=0.00331011s, 45924 KB] done reading input!
[t=0.00770505s, 46488 KB] Generating patterns using: systematic pattern collection generator
[t=0.00770505s, 46488 KB] building causal graph...done! [t=0s]
[t=0.023697s, 51628 KB] Found 18901 SGA patterns.
[t=0.223621s, 60920 KB] Found 74248 interesting patterns.
[t=0.24759s, 61276 KB] systematic pattern collection generator number of patterns: 74248
[t=0.251597s, 61276 KB] systematic pattern collection generator total PDB size: 8907376
[t=0.251597s, 61276 KB] systematic pattern collection generator computation time: 0.239885s
[t=0.255579s, 61276 KB] Computing PDBs for pattern collection...
[t=14.1679s, 106992 KB] Done computing PDBs for pattern collection: 13.9123s
[t=15.9095s, 339468 KB] Building successor generator...done!
[t=15.9095s, 339468 KB] peak memory difference for successor generator creation: 0 KB
[t=15.9095s, 339468 KB] time for successor generation creation: 0s
[t=15.9095s, 339468 KB] Variables: 108
[t=15.9095s, 339468 KB] FactPairs: 406
[t=15.9095s, 339468 KB] Bytes per state: 20
[t=15.9095s, 339468 KB] Conducting best first search without reopening closed nodes, (real) bound = 2147483647
[t=16.4956s, 396884 KB] New best heuristic value for operatorcounting(constraint_generators=[pho_constraints(patterns=systematic(4))],use_integer_operator_counts=true,transform=adapt_costs(cost_type=one)): 93
[t=16.4956s, 396884 KB] g=0, 1 evaluated, 0 expanded
[t=16.4956s, 396884 KB] Initial heuristic value for operatorcounting(constraint_generators=[pho_constraints(patterns=systematic(4))],use_integer_operator_counts=true,transform=adapt_costs(cost_type=one)): 93
[t=16.4956s, 396884 KB] pruning method: none
[t=17.1825s, 397752 KB] New best heuristic value for operatorcounting(constraint_generators=[pho_constraints(patterns=systematic(4))],use_integer_operator_counts=true,transform=adapt_costs(cost_type=one)): 92
[t=17.1825s, 397752 KB] g=0, 2 evaluated, 1 expanded
[t=17.8442s, 397752 KB] New best heuristic value for operatorcounting(constraint_generators=[pho_constraints(patterns=systematic(4))],use_integer_operator_counts=true,transform=adapt_costs(cost_type=one)): 91
[t=17.8442s, 397752 KB] g=899, 3 evaluated, 2 expanded
[t=26.5175s, 592388 KB] New best heuristic value for operatorcounting(constraint_generators=[pho_constraints(patterns=systematic(4))],use_integer_operator_counts=true,transform=adapt_costs(cost_type=one)): 90
[t=26.5175s, 592388 KB] g=3588, 13 evaluated, 3 expanded
[t=35.1263s, 592388 KB] New best heuristic value for operatorcounting(constraint_generators=[pho_constraints(patterns=systematic(4))],use_integer_operator_counts=true,transform=adapt_costs(cost_type=one)): 89
[t=35.1263s, 592388 KB] g=14478, 25 evaluated, 4 expanded
[t=43.6816s, 592388 KB] New best heuristic value for operatorcounting(constraint_generators=[pho_constraints(patterns=systematic(4))],use_integer_operator_counts=true,transform=adapt_costs(cost_type=one)): 88
[t=43.6816s, 592388 KB] g=31930, 35 evaluated, 5 expanded
[t=52.7247s, 592388 KB] New best heuristic value for operatorcounting(constraint_generators=[pho_constraints(patterns=systematic(4))],use_integer_operator_counts=true,transform=adapt_costs(cost_type=one)): 87
[t=52.7247s, 592388 KB] g=243779, 46 evaluated, 6 expanded
[t=60.8804s, 592388 KB] New best heuristic value for operatorcounting(constraint_generators=[pho_constraints(patterns=systematic(4))],use_integer_operator_counts=true,transform=adapt_costs(cost_type=one)): 86
[t=60.8804s, 592388 KB] g=322698, 58 evaluated, 7 expanded
[t=69.9004s, 592388 KB] New best heuristic value for operatorcounting(constraint_generators=[pho_constraints(patterns=systematic(4))],use_integer_operator_counts=true,transform=adapt_costs(cost_type=one)): 85
[t=69.9004s, 592388 KB] g=325949, 69 evaluated, 8 expanded
[t=78.9247s, 592388 KB] New best heuristic value for operatorcounting(constraint_generators=[pho_constraints(patterns=systematic(4))],use_integer_operator_counts=true,transform=adapt_costs(cost_type=one)): 84
[t=78.9247s, 592388 KB] g=327448, 80 evaluated, 9 expanded
[t=87.4808s, 595000 KB] New best heuristic value for operatorcounting(constraint_generators=[pho_constraints(patterns=systematic(4))],use_integer_operator_counts=true,transform=adapt_costs(cost_type=one)): 83
[t=87.4808s, 595000 KB] g=328347, 90 evaluated, 10 expanded
[t=95.1067s, 595000 KB] New best heuristic value for operatorcounting(constraint_generators=[pho_constraints(patterns=systematic(4))],use_integer_operator_counts=true,transform=adapt_costs(cost_type=one)): 82
[t=95.1067s, 595000 KB] g=331036, 99 evaluated, 11 expanded
[t=102.615s, 595000 KB] New best heuristic value for operatorcounting(constraint_generators=[pho_constraints(patterns=systematic(4))],use_integer_operator_counts=true,transform=adapt_costs(cost_type=one)): 81
[t=102.615s, 595000 KB] g=341926, 110 evaluated, 12 expanded
[t=110.029s, 595000 KB] New best heuristic value for operatorcounting(constraint_generators=[pho_constraints(patterns=systematic(4))],use_integer_operator_counts=true,transform=adapt_costs(cost_type=one)): 80
[t=110.029s, 595000 KB] g=359378, 119 evaluated, 13 expanded
[t=117.837s, 595000 KB] New best heuristic value for operatorcounting(constraint_generators=[pho_constraints(patterns=systematic(4))],use_integer_operator_counts=true,transform=adapt_costs(cost_type=one)): 79
[t=117.837s, 595000 KB] g=571227, 130 evaluated, 14 expanded
[t=124.984s, 595000 KB] New best heuristic value for operatorcounting(constraint_generators=[pho_constraints(patterns=systematic(4))],use_integer_operator_counts=true,transform=adapt_costs(cost_type=one)): 78
[t=124.984s, 595000 KB] g=650146, 140 evaluated, 15 expanded
[t=132.771s, 595000 KB] New best heuristic value for operatorcounting(constraint_generators=[pho_constraints(patterns=systematic(4))],use_integer_operator_counts=true,transform=adapt_costs(cost_type=one)): 77
[t=132.771s, 595000 KB] g=653397, 150 evaluated, 16 expanded
[t=140.54s, 595000 KB] New best heuristic value for operatorcounting(constraint_generators=[pho_constraints(patterns=systematic(4))],use_integer_operator_counts=true,transform=adapt_costs(cost_type=one)): 76
[t=140.54s, 595000 KB] g=654896, 160 evaluated, 17 expanded
[t=147.648s, 595000 KB] New best heuristic value for operatorcounting(constraint_generators=[pho_constraints(patterns=systematic(4))],use_integer_operator_counts=true,transform=adapt_costs(cost_type=one)): 75
[t=147.648s, 595000 KB] g=655795, 169 evaluated, 18 expanded
[t=153.947s, 595000 KB] New best heuristic value for operatorcounting(constraint_generators=[pho_constraints(patterns=systematic(4))],use_integer_operator_counts=true,transform=adapt_costs(cost_type=one)): 74
[t=153.947s, 595000 KB] g=658484, 177 evaluated, 19 expanded
[t=160.228s, 595000 KB] New best heuristic value for operatorcounting(constraint_generators=[pho_constraints(patterns=systematic(4))],use_integer_operator_counts=true,transform=adapt_costs(cost_type=one)): 73
[t=160.228s, 595000 KB] g=670289, 186 evaluated, 20 expanded
[t=167.361s, 595000 KB] New best heuristic value for operatorcounting(constraint_generators=[pho_constraints(patterns=systematic(4))],use_integer_operator_counts=true,transform=adapt_costs(cost_type=one)): 72
[t=167.361s, 595000 KB] g=794038, 196 evaluated, 21 expanded
[t=173.654s, 595000 KB] New best heuristic value for operatorcounting(constraint_generators=[pho_constraints(patterns=systematic(4))],use_integer_operator_counts=true,transform=adapt_costs(cost_type=one)): 71
[t=173.654s, 595000 KB] g=821747, 204 evaluated, 22 expanded
[t=180.471s, 595000 KB] New best heuristic value for operatorcounting(constraint_generators=[pho_constraints(patterns=systematic(4))],use_integer_operator_counts=true,transform=adapt_costs(cost_type=one)): 70
[t=180.471s, 595000 KB] g=832954, 213 evaluated, 23 expanded
[t=186.679s, 595000 KB] New best heuristic value for operatorcounting(constraint_generators=[pho_constraints(patterns=systematic(4))],use_integer_operator_counts=true,transform=adapt_costs(cost_type=one)): 69
[t=186.679s, 595000 KB] g=836205, 222 evaluated, 24 expanded
[t=193.461s, 595000 KB] New best heuristic value for operatorcounting(constraint_generators=[pho_constraints(patterns=systematic(4))],use_integer_operator_counts=true,transform=adapt_costs(cost_type=one)): 68
[t=193.461s, 595000 KB] g=837704, 231 evaluated, 25 expanded
[t=199.654s, 595000 KB] New best heuristic value for operatorcounting(constraint_generators=[pho_constraints(patterns=systematic(4))],use_integer_operator_counts=true,transform=adapt_costs(cost_type=one)): 67
[t=199.654s, 595000 KB] g=838603, 239 evaluated, 26 expanded
[t=205.033s, 595000 KB] New best heuristic value for operatorcounting(constraint_generators=[pho_constraints(patterns=systematic(4))],use_integer_operator_counts=true,transform=adapt_costs(cost_type=one)): 66
[t=205.033s, 595000 KB] g=841292, 246 evaluated, 27 expanded
[t=210.44s, 595000 KB] New best heuristic value for operatorcounting(constraint_generators=[pho_constraints(patterns=systematic(4))],use_integer_operator_counts=true,transform=adapt_costs(cost_type=one)): 65
[t=210.44s, 595000 KB] g=853097, 254 evaluated, 28 expanded
[t=216.548s, 595000 KB] New best heuristic value for operatorcounting(constraint_generators=[pho_constraints(patterns=systematic(4))],use_integer_operator_counts=true,transform=adapt_costs(cost_type=one)): 64
[t=216.548s, 595000 KB] g=976846, 263 evaluated, 29 expanded
[t=221.853s, 595000 KB] New best heuristic value for operatorcounting(constraint_generators=[pho_constraints(patterns=systematic(4))],use_integer_operator_counts=true,transform=adapt_costs(cost_type=one)): 63
[t=221.853s, 595000 KB] g=1004555, 270 evaluated, 30 expanded
[t=227.7s, 595000 KB] New best heuristic value for operatorcounting(constraint_generators=[pho_constraints(patterns=systematic(4))],use_integer_operator_counts=true,transform=adapt_costs(cost_type=one)): 62
[t=227.7s, 595000 KB] g=1015762, 278 evaluated, 31 expanded
[t=232.962s, 595000 KB] New best heuristic value for operatorcounting(constraint_generators=[pho_constraints(patterns=systematic(4))],use_integer_operator_counts=true,transform=adapt_costs(cost_type=one)): 61
[t=232.962s, 595000 KB] g=1019013, 286 evaluated, 32 expanded
[t=238.815s, 595000 KB] New best heuristic value for operatorcounting(constraint_generators=[pho_constraints(patterns=systematic(4))],use_integer_operator_counts=true,transform=adapt_costs(cost_type=one)): 60
[t=238.815s, 595000 KB] g=1020512, 294 evaluated, 33 expanded
[t=244.131s, 595000 KB] New best heuristic value for operatorcounting(constraint_generators=[pho_constraints(patterns=systematic(4))],use_integer_operator_counts=true,transform=adapt_costs(cost_type=one)): 59
[t=244.131s, 595000 KB] g=1021411, 301 evaluated, 34 expanded
[t=248.635s, 595000 KB] New best heuristic value for operatorcounting(constraint_generators=[pho_constraints(patterns=systematic(4))],use_integer_operator_counts=true,transform=adapt_costs(cost_type=one)): 58
[t=248.635s, 595000 KB] g=1024100, 307 evaluated, 35 expanded
[t=253.295s, 595000 KB] New best heuristic value for operatorcounting(constraint_generators=[pho_constraints(patterns=systematic(4))],use_integer_operator_counts=true,transform=adapt_costs(cost_type=one)): 57
[t=253.295s, 595000 KB] g=1035905, 314 evaluated, 36 expanded
[t=258.567s, 595000 KB] New best heuristic value for operatorcounting(constraint_generators=[pho_constraints(patterns=systematic(4))],use_integer_operator_counts=true,transform=adapt_costs(cost_type=one)): 56
[t=258.567s, 595000 KB] g=1159654, 322 evaluated, 37 expanded
[t=262.994s, 595000 KB] New best heuristic value for operatorcounting(constraint_generators=[pho_constraints(patterns=systematic(4))],use_integer_operator_counts=true,transform=adapt_costs(cost_type=one)): 55
[t=262.994s, 595000 KB] g=1187363, 328 evaluated, 38 expanded
[t=268.004s, 595000 KB] New best heuristic value for operatorcounting(constraint_generators=[pho_constraints(patterns=systematic(4))],use_integer_operator_counts=true,transform=adapt_costs(cost_type=one)): 54
[t=268.004s, 595000 KB] g=1198570, 335 evaluated, 39 expanded
[t=272.386s, 595000 KB] New best heuristic value for operatorcounting(constraint_generators=[pho_constraints(patterns=systematic(4))],use_integer_operator_counts=true,transform=adapt_costs(cost_type=one)): 53
[t=272.386s, 595000 KB] g=1201821, 342 evaluated, 40 expanded
[t=277.357s, 595000 KB] New best heuristic value for operatorcounting(constraint_generators=[pho_constraints(patterns=systematic(4))],use_integer_operator_counts=true,transform=adapt_costs(cost_type=one)): 52
[t=277.357s, 595000 KB] g=1203320, 349 evaluated, 41 expanded
[t=281.68s, 595000 KB] New best heuristic value for operatorcounting(constraint_generators=[pho_constraints(patterns=systematic(4))],use_integer_operator_counts=true,transform=adapt_costs(cost_type=one)): 51
[t=281.68s, 595000 KB] g=1204219, 355 evaluated, 42 expanded
[t=285.229s, 595000 KB] New best heuristic value for operatorcounting(constraint_generators=[pho_constraints(patterns=systematic(4))],use_integer_operator_counts=true,transform=adapt_costs(cost_type=one)): 50
[t=285.229s, 595000 KB] g=1206908, 360 evaluated, 43 expanded
[t=288.801s, 595000 KB] New best heuristic value for operatorcounting(constraint_generators=[pho_constraints(patterns=systematic(4))],use_integer_operator_counts=true,transform=adapt_costs(cost_type=one)): 49
[t=288.801s, 595000 KB] g=1217798, 367 evaluated, 44 expanded
[t=292.364s, 595000 KB] New best heuristic value for operatorcounting(constraint_generators=[pho_constraints(patterns=systematic(4))],use_integer_operator_counts=true,transform=adapt_costs(cost_type=one)): 48
[t=292.364s, 595000 KB] g=1235250, 372 evaluated, 45 expanded
[t=296.391s, 595000 KB] New best heuristic value for operatorcounting(constraint_generators=[pho_constraints(patterns=systematic(4))],use_integer_operator_counts=true,transform=adapt_costs(cost_type=one)): 47
[t=296.391s, 595000 KB] g=1447099, 379 evaluated, 46 expanded
[t=299.864s, 595000 KB] New best heuristic value for operatorcounting(constraint_generators=[pho_constraints(patterns=systematic(4))],use_integer_operator_counts=true,transform=adapt_costs(cost_type=one)): 46
[t=299.864s, 595000 KB] g=1526018, 385 evaluated, 47 expanded
[t=303.834s, 595000 KB] New best heuristic value for operatorcounting(constraint_generators=[pho_constraints(patterns=systematic(4))],use_integer_operator_counts=true,transform=adapt_costs(cost_type=one)): 45
[t=303.834s, 595000 KB] g=1529269, 391 evaluated, 48 expanded
[t=307.795s, 595000 KB] New best heuristic value for operatorcounting(constraint_generators=[pho_constraints(patterns=systematic(4))],use_integer_operator_counts=true,transform=adapt_costs(cost_type=one)): 44
[t=307.795s, 595000 KB] g=1530768, 397 evaluated, 49 expanded
[t=311.197s, 595000 KB] New best heuristic value for operatorcounting(constraint_generators=[pho_constraints(patterns=systematic(4))],use_integer_operator_counts=true,transform=adapt_costs(cost_type=one)): 43
[t=311.197s, 595000 KB] g=1531667, 402 evaluated, 50 expanded
[t=313.777s, 595000 KB] New best heuristic value for operatorcounting(constraint_generators=[pho_constraints(patterns=systematic(4))],use_integer_operator_counts=true,transform=adapt_costs(cost_type=one)): 42
[t=313.777s, 595000 KB] g=1534356, 406 evaluated, 51 expanded
[t=316.415s, 595000 KB] New best heuristic value for operatorcounting(constraint_generators=[pho_constraints(patterns=systematic(4))],use_integer_operator_counts=true,transform=adapt_costs(cost_type=one)): 41
[t=316.415s, 595000 KB] g=1546161, 411 evaluated, 52 expanded
[t=319.647s, 595000 KB] New best heuristic value for operatorcounting(constraint_generators=[pho_constraints(patterns=systematic(4))],use_integer_operator_counts=true,transform=adapt_costs(cost_type=one)): 40
[t=319.647s, 595000 KB] g=1669910, 417 evaluated, 53 expanded
[t=322.218s, 595000 KB] New best heuristic value for operatorcounting(constraint_generators=[pho_constraints(patterns=systematic(4))],use_integer_operator_counts=true,transform=adapt_costs(cost_type=one)): 39
[t=322.218s, 595000 KB] g=1697619, 421 evaluated, 54 expanded
[t=325.202s, 595000 KB] New best heuristic value for operatorcounting(constraint_generators=[pho_constraints(patterns=systematic(4))],use_integer_operator_counts=true,transform=adapt_costs(cost_type=one)): 38
[t=325.202s, 595000 KB] g=1708826, 426 evaluated, 55 expanded
[t=327.714s, 595000 KB] New best heuristic value for operatorcounting(constraint_generators=[pho_constraints(patterns=systematic(4))],use_integer_operator_counts=true,transform=adapt_costs(cost_type=one)): 37
[t=327.714s, 595000 KB] g=1712077, 431 evaluated, 56 expanded
[t=330.817s, 595000 KB] New best heuristic value for operatorcounting(constraint_generators=[pho_constraints(patterns=systematic(4))],use_integer_operator_counts=true,transform=adapt_costs(cost_type=one)): 36
[t=330.817s, 595000 KB] g=1713576, 436 evaluated, 57 expanded
[t=333.475s, 595000 KB] New best heuristic value for operatorcounting(constraint_generators=[pho_constraints(patterns=systematic(4))],use_integer_operator_counts=true,transform=adapt_costs(cost_type=one)): 35
[t=333.475s, 595000 KB] g=1714475, 440 evaluated, 58 expanded
[t=335.339s, 595000 KB] New best heuristic value for operatorcounting(constraint_generators=[pho_constraints(patterns=systematic(4))],use_integer_operator_counts=true,transform=adapt_costs(cost_type=one)): 34
[t=335.339s, 595000 KB] g=1717164, 443 evaluated, 59 expanded
[t=337.313s, 595000 KB] New best heuristic value for operatorcounting(constraint_generators=[pho_constraints(patterns=systematic(4))],use_integer_operator_counts=true,transform=adapt_costs(cost_type=one)): 33
[t=337.313s, 595000 KB] g=1728054, 448 evaluated, 60 expanded
[t=339.237s, 595000 KB] New best heuristic value for operatorcounting(constraint_generators=[pho_constraints(patterns=systematic(4))],use_integer_operator_counts=true,transform=adapt_costs(cost_type=one)): 32
[t=339.237s, 595000 KB] g=1745506, 451 evaluated, 61 expanded
[t=341.719s, 595000 KB] New best heuristic value for operatorcounting(constraint_generators=[pho_constraints(patterns=systematic(4))],use_integer_operator_counts=true,transform=adapt_costs(cost_type=one)): 31
[t=341.719s, 595000 KB] g=1957355, 456 evaluated, 62 expanded
[t=343.678s, 595000 KB] New best heuristic value for operatorcounting(constraint_generators=[pho_constraints(patterns=systematic(4))],use_integer_operator_counts=true,transform=adapt_costs(cost_type=one)): 30
[t=343.678s, 595000 KB] g=2036274, 460 evaluated, 63 expanded
[t=346.283s, 595000 KB] New best heuristic value for operatorcounting(constraint_generators=[pho_constraints(patterns=systematic(4))],use_integer_operator_counts=true,transform=adapt_costs(cost_type=one)): 29
[t=346.283s, 595000 KB] g=2039842, 465 evaluated, 64 expanded
[t=348.283s, 595000 KB] New best heuristic value for operatorcounting(constraint_generators=[pho_constraints(patterns=systematic(4))],use_integer_operator_counts=true,transform=adapt_costs(cost_type=one)): 28
[t=348.283s, 595000 KB] g=2050711, 468 evaluated, 65 expanded
[t=350.196s, 595000 KB] New best heuristic value for operatorcounting(constraint_generators=[pho_constraints(patterns=systematic(4))],use_integer_operator_counts=true,transform=adapt_costs(cost_type=one)): 27
[t=350.196s, 595000 KB] g=2061580, 471 evaluated, 66 expanded
[t=352.12s, 595000 KB] New best heuristic value for operatorcounting(constraint_generators=[pho_constraints(patterns=systematic(4))],use_integer_operator_counts=true,transform=adapt_costs(cost_type=one)): 26
[t=352.12s, 595000 KB] g=2064711, 474 evaluated, 67 expanded
[t=354.033s, 595000 KB] New best heuristic value for operatorcounting(constraint_generators=[pho_constraints(patterns=systematic(4))],use_integer_operator_counts=true,transform=adapt_costs(cost_type=one)): 25
[t=354.033s, 595000 KB] g=2075601, 478 evaluated, 68 expanded
[t=355.864s, 595000 KB] New best heuristic value for operatorcounting(constraint_generators=[pho_constraints(patterns=systematic(4))],use_integer_operator_counts=true,transform=adapt_costs(cost_type=one)): 24
[t=355.864s, 595000 KB] g=2093053, 482 evaluated, 69 expanded
[t=357.663s, 595000 KB] New best heuristic value for operatorcounting(constraint_generators=[pho_constraints(patterns=systematic(4))],use_integer_operator_counts=true,transform=adapt_costs(cost_type=one)): 23
[t=357.663s, 595000 KB] g=2304902, 486 evaluated, 70 expanded
[t=359.576s, 595000 KB] New best heuristic value for operatorcounting(constraint_generators=[pho_constraints(patterns=systematic(4))],use_integer_operator_counts=true,transform=adapt_costs(cost_type=one)): 22
[t=359.576s, 595000 KB] g=2383821, 490 evaluated, 71 expanded
[t=361.875s, 595000 KB] New best heuristic value for operatorcounting(constraint_generators=[pho_constraints(patterns=systematic(4))],use_integer_operator_counts=true,transform=adapt_costs(cost_type=one)): 21
[t=361.875s, 595000 KB] g=2387072, 494 evaluated, 72 expanded
[t=364.121s, 595000 KB] New best heuristic value for operatorcounting(constraint_generators=[pho_constraints(patterns=systematic(4))],use_integer_operator_counts=true,transform=adapt_costs(cost_type=one)): 20
[t=364.121s, 595000 KB] g=2388571, 498 evaluated, 73 expanded
[t=365.988s, 595000 KB] New best heuristic value for operatorcounting(constraint_generators=[pho_constraints(patterns=systematic(4))],use_integer_operator_counts=true,transform=adapt_costs(cost_type=one)): 19
[t=365.988s, 595000 KB] g=2389470, 501 evaluated, 74 expanded
[t=367.153s, 595000 KB] New best heuristic value for operatorcounting(constraint_generators=[pho_constraints(patterns=systematic(4))],use_integer_operator_counts=true,transform=adapt_costs(cost_type=one)): 18
[t=367.153s, 595000 KB] g=2392159, 503 evaluated, 75 expanded
[t=368.305s, 595000 KB] New best heuristic value for operatorcounting(constraint_generators=[pho_constraints(patterns=systematic(4))],use_integer_operator_counts=true,transform=adapt_costs(cost_type=one)): 17
[t=368.305s, 595000 KB] g=2403964, 506 evaluated, 76 expanded
[t=369.854s, 595000 KB] New best heuristic value for operatorcounting(constraint_generators=[pho_constraints(patterns=systematic(4))],use_integer_operator_counts=true,transform=adapt_costs(cost_type=one)): 16
[t=369.854s, 595000 KB] g=2527713, 510 evaluated, 77 expanded
[t=371.078s, 595000 KB] New best heuristic value for operatorcounting(constraint_generators=[pho_constraints(patterns=systematic(4))],use_integer_operator_counts=true,transform=adapt_costs(cost_type=one)): 15
[t=371.078s, 595000 KB] g=2555422, 512 evaluated, 78 expanded
[t=373.067s, 595000 KB] New best heuristic value for operatorcounting(constraint_generators=[pho_constraints(patterns=systematic(4))],use_integer_operator_counts=true,transform=adapt_costs(cost_type=one)): 14
[t=373.067s, 595000 KB] g=2572874, 516 evaluated, 79 expanded
[t=374.277s, 595000 KB] New best heuristic value for operatorcounting(constraint_generators=[pho_constraints(patterns=systematic(4))],use_integer_operator_counts=true,transform=adapt_costs(cost_type=one)): 13
[t=374.277s, 595000 KB] g=2784723, 519 evaluated, 80 expanded
[t=375.339s, 595000 KB] New best heuristic value for operatorcounting(constraint_generators=[pho_constraints(patterns=systematic(4))],use_integer_operator_counts=true,transform=adapt_costs(cost_type=one)): 12
[t=375.339s, 595000 KB] g=2863642, 522 evaluated, 81 expanded
[t=376.792s, 595000 KB] New best heuristic value for operatorcounting(constraint_generators=[pho_constraints(patterns=systematic(4))],use_integer_operator_counts=true,transform=adapt_costs(cost_type=one)): 11
[t=376.792s, 595000 KB] g=2866893, 525 evaluated, 82 expanded
[t=378.233s, 595000 KB] New best heuristic value for operatorcounting(constraint_generators=[pho_constraints(patterns=systematic(4))],use_integer_operator_counts=true,transform=adapt_costs(cost_type=one)): 10
[t=378.233s, 595000 KB] g=2868392, 528 evaluated, 83 expanded
[t=379.167s, 595000 KB] New best heuristic value for operatorcounting(constraint_generators=[pho_constraints(patterns=systematic(4))],use_integer_operator_counts=true,transform=adapt_costs(cost_type=one)): 9
[t=379.167s, 595000 KB] g=2869291, 530 evaluated, 84 expanded
[t=379.542s, 595000 KB] New best heuristic value for operatorcounting(constraint_generators=[pho_constraints(patterns=systematic(4))],use_integer_operator_counts=true,transform=adapt_costs(cost_type=one)): 8
[t=379.542s, 595000 KB] g=2871980, 531 evaluated, 85 expanded
[t=379.906s, 595000 KB] New best heuristic value for operatorcounting(constraint_generators=[pho_constraints(patterns=systematic(4))],use_integer_operator_counts=true,transform=adapt_costs(cost_type=one)): 7
[t=379.906s, 595000 KB] g=2883785, 533 evaluated, 86 expanded
[t=380.784s, 595000 KB] New best heuristic value for operatorcounting(constraint_generators=[pho_constraints(patterns=systematic(4))],use_integer_operator_counts=true,transform=adapt_costs(cost_type=one)): 6
[t=380.784s, 595000 KB] g=3007534, 535 evaluated, 87 expanded
[t=381.123s, 595000 KB] New best heuristic value for operatorcounting(constraint_generators=[pho_constraints(patterns=systematic(4))],use_integer_operator_counts=true,transform=adapt_costs(cost_type=one)): 5
[t=381.123s, 595000 KB] g=3035243, 537 evaluated, 88 expanded
[t=382.35s, 595000 KB] New best heuristic value for operatorcounting(constraint_generators=[pho_constraints(patterns=systematic(4))],use_integer_operator_counts=true,transform=adapt_costs(cost_type=one)): 4
[t=382.35s, 595000 KB] g=3052695, 540 evaluated, 89 expanded
[t=382.693s, 595000 KB] New best heuristic value for operatorcounting(constraint_generators=[pho_constraints(patterns=systematic(4))],use_integer_operator_counts=true,transform=adapt_costs(cost_type=one)): 3
[t=382.693s, 595000 KB] g=3264544, 542 evaluated, 90 expanded
[t=383.017s, 595000 KB] New best heuristic value for operatorcounting(constraint_generators=[pho_constraints(patterns=systematic(4))],use_integer_operator_counts=true,transform=adapt_costs(cost_type=one)): 2
[t=383.017s, 595000 KB] g=3343463, 544 evaluated, 91 expanded
[t=383.807s, 595000 KB] New best heuristic value for operatorcounting(constraint_generators=[pho_constraints(patterns=systematic(4))],use_integer_operator_counts=true,transform=adapt_costs(cost_type=one)): 1
[t=383.807s, 595000 KB] g=3346714, 546 evaluated, 92 expanded
[t=384.553s, 595000 KB] New best heuristic value for operatorcounting(constraint_generators=[pho_constraints(patterns=systematic(4))],use_integer_operator_counts=true,transform=adapt_costs(cost_type=one)): 0
[t=384.553s, 595000 KB] g=3348213, 548 evaluated, 93 expanded
[t=384.553s, 595000 KB] Solution found!
[t=384.553s, 595000 KB] Actual search time: 368.058s
initialize  (0)
fe1-feedmsi-letter sheet1 (500)
im1-movelower-letter sheet1 (3088)
lc1-fmove-letter sheet1 (10890)
lc2-divert-letter sheet1 back front (17452)
lre-simplex-letter sheet1 front image-1 (211849)
lc2-mergeinvert-letter sheet1 (78919)
om-lowerout-letter sheet1 (3251)
sys-stack-letter sheet1 dummy-sheet (1499)
fe1-feedmsi-letter sheet2 (500)
im1-movelower-letter sheet2 (3088)
lc1-fmove-letter sheet2 (10890)
lc2-divert-letter sheet2 back front (17452)
lre-simplex-letter sheet2 front image-2 (211849)
lc2-mergeinvert-letter sheet2 (78919)
om-lowerout-letter sheet2 (3251)
sys-stack-letter sheet2 sheet1 (1499)
fe1-feedmsi-letter sheet3 (500)
im1-movelower-letter sheet3 (3088)
lc1-divert-letter sheet3 back front (11805)
lbe-simplex-letter sheet3 front image-3 (123749)
lc1-merge-letter sheet3 (27709)
lc2-fmove-letter sheet3 (11207)
om-lowerout-letter sheet3 (3251)
sys-stack-letter sheet3 sheet2 (1499)
fe1-feedmsi-letter sheet4 (500)
im1-movelower-letter sheet4 (3088)
lc1-divert-letter sheet4 back front (11805)
lbe-simplex-letter sheet4 front image-4 (123749)
lc1-merge-letter sheet4 (27709)
lc2-fmove-letter sheet4 (11207)
om-lowerout-letter sheet4 (3251)
sys-stack-letter sheet4 sheet3 (1499)
fe1-feedmsi-letter sheet5 (500)
im1-movelower-letter sheet5 (3088)
lc1-divert-letter sheet5 back front (11805)
lbe-simplex-letter sheet5 front image-5 (123749)
lc1-merge-letter sheet5 (27709)
lc2-fmove-letter sheet5 (11207)
om-lowerout-letter sheet5 (3251)
sys-stack-letter sheet5 sheet4 (1499)
fe1-feedmsi-letter sheet6 (500)
im1-movelower-letter sheet6 (3088)
lc1-fmove-letter sheet6 (10890)
lc2-divert-letter sheet6 back front (17452)
lre-simplex-letter sheet6 front image-6 (211849)
lc2-mergeinvert-letter sheet6 (78919)
om-lowerout-letter sheet6 (3251)
sys-stack-letter sheet6 sheet5 (1499)
fe1-feedmsi-letter sheet7 (500)
im1-movelower-letter sheet7 (3088)
lc1-divert-letter sheet7 back front (11805)
lbe-simplex-letter sheet7 front image-7 (123749)
lc1-merge-letter sheet7 (27709)
lc2-fmove-letter sheet7 (11207)
om-lowerout-letter sheet7 (3251)
sys-stack-letter sheet7 sheet6 (1499)
fe1-feedmsi-letter sheet8 (500)
im1-movelower-letter sheet8 (3088)
lc1-fmove-letter sheet8 (10890)
lc2-divert-letter sheet8 back front (17452)
lre-simplex-letter sheet8 front image-8 (211849)
lc2-mergeinvert-letter sheet8 (78919)
om-lowerreturn-letter sheet8 (3568)
rh2-returnmove-letter sheet8 (10869)
rh1-returnmove-letter sheet8 (10869)
im1-looplower-letter sheet8 (3131)
lc1-fmove-letter sheet8 (10890)
lc2-divert-letter sheet8 front back (17452)
lre-simplex-letter sheet8 back image-8b (211849)
lc2-merge-letter sheet8 back front (78919)
om-lowerout-letter sheet8 (3251)
sys-stack-letter sheet8 sheet7 (1499)
fe1-feedmsi-letter sheet9 (500)
im1-movelower-letter sheet9 (3088)
lc1-divert-letter sheet9 back front (11805)
lbe-simplex-letter sheet9 front image-9 (123749)
lc1-merge-letter sheet9 (27709)
lc2-divert-letter sheet9 front back (17452)
lre-simplexmono-letter sheet9 back image-9b (211849)
lc2-merge-letter sheet9 back front (78919)
om-lowerout-letter sheet9 (3251)
sys-stack-letter sheet9 sheet8 (1499)
fe1-feedmsi-letter sheet10 (500)
im1-movelower-letter sheet10 (3088)
lc1-divert-letter sheet10 back front (11805)
lbe-simplex-letter sheet10 front image-10 (123749)
lc1-merge-letter sheet10 (27709)
lc2-divert-letter sheet10 front back (17452)
lre-simplexmono-letter sheet10 back image-10b (211849)
lc2-merge-letter sheet10 back front (78919)
om-lowerout-letter sheet10 (3251)
sys-stack-letter sheet10 sheet9 (1499)
[t=384.553s, 595000 KB] Plan length: 93 step(s).
[t=384.553s, 595000 KB] Plan cost: 3348213
[t=384.553s, 595000 KB] Expanded 94 state(s).
[t=384.553s, 595000 KB] Reopened 0 state(s).
[t=384.553s, 595000 KB] Evaluated 548 state(s).
[t=384.553s, 595000 KB] Evaluations: 548
[t=384.553s, 595000 KB] Generated 1042 state(s).
[t=384.553s, 595000 KB] Dead ends: 30 state(s).
[t=384.553s, 595000 KB] Number of registered states: 548
[t=384.553s, 595000 KB] Int hash set load factor: 548/1024 = 0.535156
[t=384.553s, 595000 KB] Int hash set resizes: 10
[t=384.553s, 595000 KB] Search time: 368.644s
[t=384.553s, 595000 KB] Total time: 384.553s
Solution found.
Peak memory: 595000 KB
Remove intermediate file output.sas
search exit code: 0

INFO     Running validate.
INFO     validate stdin: None
INFO     validate time limit: None
INFO     validate memory limit: None
INFO     validate command line string: /home/henry/bin/validate domain.pddl problem.pddl sas_plan
Checking plan: sas_plan
Plan executed successfully - checking goal
Plan valid
Final value: 3348213 

Successful plans:
Value: 3348213
 sas_plan 3348213 

validate exit code: 0

INFO     Planner time: 384.82s
