INFO     planner time limit: 1800s
INFO     planner memory limit: 2048 MB

INFO     Running translator.
INFO     translator stdin: None
INFO     translator time limit: 1799s
INFO     translator memory limit: 2048 MB
INFO     translator command line string: /home/henry/Documents/UFRGS/TCC/downward/.venv/bin/python /home/henry/Documents/UFRGS/TCC/downward/experiments/lab/data/main/code-5bb2ccb6957559b6969ffd7e29254c73f84d5e49_e5e41175/builds/release/bin/translate/translate.py domain.pddl problem.pddl --sas-file output.sas
Parsing...
Parsing: [0.000s CPU, 0.002s wall-clock]
Normalizing task... [0.000s CPU, 0.000s wall-clock]
Instantiating...
Generating Datalog program... [0.000s CPU, 0.001s wall-clock]
Normalizing Datalog program...
Normalizing Datalog program: [0.000s CPU, 0.001s wall-clock]
Preparing model... [0.000s CPU, 0.001s wall-clock]
Generated 26 rules.
Computing model... [0.120s CPU, 0.120s wall-clock]
15500 relevant atoms
12176 auxiliary atoms
27676 final queue length
55372 total queue pushes
Completing instantiation... [0.380s CPU, 0.384s wall-clock]
Instantiating: [0.500s CPU, 0.509s wall-clock]
Computing fact groups...
Finding invariants...
9 initial candidates
Finding invariants: [0.010s CPU, 0.006s wall-clock]
Checking invariant weight... [0.000s CPU, 0.000s wall-clock]
Instantiating groups... [0.000s CPU, 0.001s wall-clock]
Collecting mutex groups... [0.000s CPU, 0.000s wall-clock]
Choosing groups...
0 uncovered facts
Choosing groups: [0.000s CPU, 0.001s wall-clock]
Building translation key... [0.010s CPU, 0.000s wall-clock]
Computing fact groups: [0.020s CPU, 0.011s wall-clock]
Building STRIPS to SAS dictionary... [0.000s CPU, 0.000s wall-clock]
Building dictionary for full mutex groups... [0.000s CPU, 0.000s wall-clock]
Building mutex information...
Building mutex information: [0.000s CPU, 0.000s wall-clock]
Translating task...
Processing axioms...
Simplifying axioms... [0.000s CPU, 0.000s wall-clock]
Translator axioms removed by simplifying: 0
Computing negative axioms... [0.000s CPU, 0.000s wall-clock]
Processing axioms: [0.020s CPU, 0.017s wall-clock]
Translating task: [0.310s CPU, 0.317s wall-clock]
0 effect conditions simplified
0 implied preconditions added
Detecting unreachable propositions...
0 operators removed
0 axioms removed
20 propositions removed
Detecting unreachable propositions: [0.200s CPU, 0.192s wall-clock]
Reordering and filtering variables...
20 of 20 variables necessary.
0 of 20 mutex groups necessary.
14496 of 14496 operators necessary.
0 of 0 axiom rules necessary.
Reordering and filtering variables: [0.040s CPU, 0.041s wall-clock]
Translator variables: 20
Translator derived variables: 0
Translator facts: 644
Translator goal facts: 12
Translator mutex groups: 0
Translator total mutex groups size: 0
Translator operators: 14496
Translator axioms: 0
Translator task size: 85636
Translator peak memory: 89016 KB
Writing output... [0.050s CPU, 0.056s wall-clock]
Done! [1.140s CPU, 1.148s wall-clock]
translate exit code: 0

INFO     Running search (release).
INFO     search stdin: output.sas
INFO     search time limit: 1798s
INFO     search memory limit: 2048 MB
INFO     search command line string: /home/henry/Documents/UFRGS/TCC/downward/experiments/lab/data/main/code-5bb2ccb6957559b6969ffd7e29254c73f84d5e49_e5e41175/builds/release/bin/downward --search 'eager_greedy([lsh(patterns=systematic(2), transform=adapt_costs(cost_type=ONE))])' --internal-plan-file sas_plan < output.sas
[t=0s, 10544 KB] reading input...
[t=0.0479731s, 15072 KB] done reading input!
[t=0.0479731s, 15468 KB] Generating patterns using: systematic pattern collection generator
[t=0.0479731s, 15468 KB] building causal graph...done! [t=0.0039964s]
[t=0.0519695s, 15468 KB] Found 108 SGA patterns.
[t=0.0519695s, 15468 KB] Found 108 interesting patterns.
[t=0.0519695s, 15468 KB] systematic pattern collection generator number of patterns: 108
[t=0.0519695s, 15468 KB] systematic pattern collection generator total PDB size: 79200
[t=0.0519695s, 15468 KB] systematic pattern collection generator computation time: 0.0039964s
[t=0.0519695s, 15468 KB] Computing PDBs for pattern collection...
[t=0.275916s, 16452 KB] Done computing PDBs for pattern collection: 0.223947s
[t=0.299911s, 20324 KB] Building successor generator...done!
[t=0.303914s, 23080 KB] peak memory difference for successor generator creation: 2756 KB
[t=0.303914s, 23080 KB] time for successor generation creation: 0.00400267s
[t=0.303914s, 23080 KB] Variables: 20
[t=0.303914s, 23080 KB] FactPairs: 644
[t=0.303914s, 23080 KB] Bytes per state: 16
[t=0.303914s, 23080 KB] Conducting best first search without reopening closed nodes, (real) bound = 2147483647
[t=0.303914s, 23080 KB] New best heuristic value for lsh(patterns=systematic(2),transform=adapt_costs(cost_type=one)): 24
[t=0.303914s, 23080 KB] g=0, 1 evaluated, 0 expanded
[t=0.303914s, 23080 KB] Initial heuristic value for lsh(patterns=systematic(2),transform=adapt_costs(cost_type=one)): 24
[t=0.303914s, 23080 KB] pruning method: none
[t=24.0386s, 248924 KB] New best heuristic value for lsh(patterns=systematic(2),transform=adapt_costs(cost_type=one)): 23
[t=24.0386s, 248924 KB] g=409, 3936782 evaluated, 1683116 expanded
[t=24.0386s, 248924 KB] New best heuristic value for lsh(patterns=systematic(2),transform=adapt_costs(cost_type=one)): 22
[t=24.0386s, 248924 KB] g=410, 3936832 evaluated, 1683118 expanded
[t=24.0386s, 248924 KB] New best heuristic value for lsh(patterns=systematic(2),transform=adapt_costs(cost_type=one)): 21
[t=24.0386s, 248924 KB] g=440, 3936856 evaluated, 1683119 expanded
[t=24.0386s, 248924 KB] New best heuristic value for lsh(patterns=systematic(2),transform=adapt_costs(cost_type=one)): 20
[t=24.0386s, 248924 KB] g=441, 3936879 evaluated, 1683120 expanded
[t=48.2563s, 471936 KB] New best heuristic value for lsh(patterns=systematic(2),transform=adapt_costs(cost_type=one)): 19
[t=48.2563s, 471936 KB] g=681, 7883733 evaluated, 3369520 expanded
[t=48.2563s, 471936 KB] New best heuristic value for lsh(patterns=systematic(2),transform=adapt_costs(cost_type=one)): 18
[t=48.2563s, 471936 KB] g=707, 7883963 evaluated, 3369539 expanded
[t=48.8282s, 471936 KB] New best heuristic value for lsh(patterns=systematic(2),transform=adapt_costs(cost_type=one)): 17
[t=48.8282s, 471936 KB] g=956, 7991214 evaluated, 3386384 expanded
[t=48.8282s, 471936 KB] New best heuristic value for lsh(patterns=systematic(2),transform=adapt_costs(cost_type=one)): 16
[t=48.8282s, 471936 KB] g=1002, 7991431 evaluated, 3386402 expanded
[t=48.8322s, 471936 KB] New best heuristic value for lsh(patterns=systematic(2),transform=adapt_costs(cost_type=one)): 15
[t=48.8322s, 471936 KB] g=1031, 7991669 evaluated, 3386417 expanded
[t=48.8322s, 471936 KB] New best heuristic value for lsh(patterns=systematic(2),transform=adapt_costs(cost_type=one)): 14
[t=48.8322s, 471936 KB] g=1048, 7991852 evaluated, 3386432 expanded
[t=48.8322s, 471936 KB] New best heuristic value for lsh(patterns=systematic(2),transform=adapt_costs(cost_type=one)): 13
[t=48.8322s, 471936 KB] g=1062, 7991871 evaluated, 3386433 expanded
[t=48.8322s, 471936 KB] New best heuristic value for lsh(patterns=systematic(2),transform=adapt_costs(cost_type=one)): 12
[t=48.8322s, 471936 KB] g=1063, 7991892 evaluated, 3386434 expanded
[t=150.265s, 1264672 KB] New best heuristic value for lsh(patterns=systematic(2),transform=adapt_costs(cost_type=one)): 11
[t=150.265s, 1264672 KB] g=1333, 25814719 evaluated, 8985177 expanded
[t=150.265s, 1264672 KB] New best heuristic value for lsh(patterns=systematic(2),transform=adapt_costs(cost_type=one)): 10
[t=150.265s, 1264672 KB] g=1350, 25814839 evaluated, 8985183 expanded
[t=150.905s, 1269464 KB] New best heuristic value for lsh(patterns=systematic(2),transform=adapt_costs(cost_type=one)): 9
[t=150.905s, 1269464 KB] g=1590, 25940342 evaluated, 9002413 expanded
[t=150.909s, 1269596 KB] New best heuristic value for lsh(patterns=systematic(2),transform=adapt_costs(cost_type=one)): 8
[t=150.909s, 1269596 KB] g=1653, 25940451 evaluated, 9002418 expanded
[t=150.909s, 1269596 KB] New best heuristic value for lsh(patterns=systematic(2),transform=adapt_costs(cost_type=one)): 7
[t=150.909s, 1269596 KB] g=1650, 25940494 evaluated, 9002420 expanded
[t=150.909s, 1269596 KB] New best heuristic value for lsh(patterns=systematic(2),transform=adapt_costs(cost_type=one)): 6
[t=150.909s, 1269596 KB] g=1651, 25940520 evaluated, 9002421 expanded
[t=150.909s, 1269596 KB] New best heuristic value for lsh(patterns=systematic(2),transform=adapt_costs(cost_type=one)): 5
[t=150.909s, 1269596 KB] g=1680, 25940541 evaluated, 9002422 expanded
[t=150.909s, 1269596 KB] New best heuristic value for lsh(patterns=systematic(2),transform=adapt_costs(cost_type=one)): 4
[t=150.909s, 1269596 KB] g=1681, 25940561 evaluated, 9002423 expanded
Failed to allocate memory.
Memory limit has been reached.
Peak memory: 2097096 KB
Remove intermediate file output.sas
search exit code: 22

Driver aborting after search
INFO     Planner time: 231.95s
