INFO     planner time limit: 1800s
INFO     planner memory limit: 2048 MB

INFO     Running translator.
INFO     translator stdin: None
INFO     translator time limit: 1799s
INFO     translator memory limit: 2048 MB
INFO     translator command line string: /home/henry/Documents/UFRGS/TCC/downward/.venv/bin/python /home/henry/Documents/UFRGS/TCC/downward/experiments/lab/data/main/code-5bb2ccb6957559b6969ffd7e29254c73f84d5e49_e5e41175/builds/release/bin/translate/translate.py domain.pddl problem.pddl --sas-file output.sas
Parsing...
Parsing: [0.080s CPU, 0.071s wall-clock]
Normalizing task... [0.010s CPU, 0.008s wall-clock]
Instantiating...
Generating Datalog program... [0.020s CPU, 0.026s wall-clock]
Normalizing Datalog program...
Normalizing Datalog program: [0.030s CPU, 0.033s wall-clock]
Preparing model... [0.060s CPU, 0.051s wall-clock]
Generated 2012 rules.
Computing model... [3.460s CPU, 3.481s wall-clock]
132242 relevant atoms
189252 auxiliary atoms
321494 final queue length
570994 total queue pushes
Completing instantiation... [6.320s CPU, 6.326s wall-clock]
Instantiating: [10.060s CPU, 10.078s wall-clock]
Computing fact groups...
Finding invariants...
12 initial candidates
Finding invariants: [0.110s CPU, 0.113s wall-clock]
Checking invariant weight... [0.010s CPU, 0.007s wall-clock]
Instantiating groups... [0.000s CPU, 0.004s wall-clock]
Collecting mutex groups... [0.000s CPU, 0.001s wall-clock]
Choosing groups...
0 uncovered facts
Choosing groups: [0.010s CPU, 0.005s wall-clock]
Building translation key... [0.000s CPU, 0.001s wall-clock]
Computing fact groups: [0.140s CPU, 0.140s wall-clock]
Building STRIPS to SAS dictionary... [0.000s CPU, 0.001s wall-clock]
Building dictionary for full mutex groups... [0.000s CPU, 0.002s wall-clock]
Building mutex information...
Building mutex information: [0.000s CPU, 0.001s wall-clock]
Translating task...
Processing axioms...
Simplifying axioms... [0.000s CPU, 0.000s wall-clock]
Translator axioms removed by simplifying: 0
Computing negative axioms... [0.000s CPU, 0.000s wall-clock]
Processing axioms: [0.250s CPU, 0.247s wall-clock]
Translating task: [5.990s CPU, 5.990s wall-clock]
0 effect conditions simplified
0 implied preconditions added
Detecting unreachable propositions...
0 operators removed
0 axioms removed
501 propositions removed
Detecting unreachable propositions: [1.870s CPU, 1.883s wall-clock]
Reordering and filtering variables...
501 of 501 variables necessary.
0 of 751 mutex groups necessary.
125500 of 125500 operators necessary.
0 of 0 axiom rules necessary.
Reordering and filtering variables: [0.720s CPU, 0.722s wall-clock]
Translator variables: 501
Translator derived variables: 0
Translator facts: 1501
Translator goal facts: 250
Translator mutex groups: 0
Translator total mutex groups size: 0
Translator operators: 125500
Translator axioms: 0
Translator task size: 1315739
Translator peak memory: 708212 KB
Writing output... [0.770s CPU, 0.779s wall-clock]
Done! [19.920s CPU, 19.945s wall-clock]
translate exit code: 0

INFO     Running search (release).
INFO     search stdin: output.sas
INFO     search time limit: 1779s
INFO     search memory limit: 2048 MB
INFO     search command line string: /home/henry/Documents/UFRGS/TCC/downward/experiments/lab/data/main/code-5bb2ccb6957559b6969ffd7e29254c73f84d5e49_e5e41175/builds/release/bin/downward --search 'eager_greedy([operatorcounting(constraint_generators=[pho_constraints(patterns=systematic(4))], use_integer_operator_counts=true, transform=adapt_costs(cost_type=NORMAL))])' --internal-plan-file sas_plan < output.sas
[t=0s, 45596 KB] reading input...
[t=0.510987s, 86932 KB] done reading input!
[t=0.516751s, 93460 KB] Generating patterns using: systematic pattern collection generator
[t=0.516751s, 93460 KB] building causal graph...done! [t=0.0479625s]
Failed to allocate memory.
Memory limit has been reached.
Peak memory: 1905328 KB
Remove intermediate file output.sas
search exit code: 22

Driver aborting after search
INFO     Planner time: 35.58s
