INFO     planner time limit: 1800s
INFO     planner memory limit: 2048 MB

INFO     Running translator.
INFO     translator stdin: None
INFO     translator time limit: 1799s
INFO     translator memory limit: 2048 MB
INFO     translator command line string: /home/henry/Documents/UFRGS/TCC/downward/.venv/bin/python /home/henry/Documents/UFRGS/TCC/downward/experiments/lab/data/main/code-5bb2ccb6957559b6969ffd7e29254c73f84d5e49_e5e41175/builds/release/bin/translate/translate.py domain.pddl problem.pddl --sas-file output.sas
Parsing...
Parsing: [0.000s CPU, 0.004s wall-clock]
Normalizing task... [0.000s CPU, 0.000s wall-clock]
Instantiating...
Generating Datalog program... [0.000s CPU, 0.001s wall-clock]
Normalizing Datalog program...
Trivial rules: Converted to facts.
Normalizing Datalog program: [0.010s CPU, 0.003s wall-clock]
Preparing model... [0.000s CPU, 0.004s wall-clock]
Generated 129 rules.
Computing model... [1.080s CPU, 1.072s wall-clock]
71586 relevant atoms
61309 auxiliary atoms
132895 final queue length
438165 total queue pushes
Completing instantiation... [5.800s CPU, 5.801s wall-clock]
Instantiating: [6.920s CPU, 6.927s wall-clock]
Computing fact groups...
Finding invariants...
28 initial candidates
Finding invariants: [0.030s CPU, 0.026s wall-clock]
Checking invariant weight... [0.000s CPU, 0.000s wall-clock]
Instantiating groups... [0.000s CPU, 0.002s wall-clock]
Collecting mutex groups... [0.010s CPU, 0.001s wall-clock]
Choosing groups...
830 uncovered facts
Choosing groups: [0.000s CPU, 0.001s wall-clock]
Building translation key... [0.010s CPU, 0.003s wall-clock]
Computing fact groups: [0.050s CPU, 0.042s wall-clock]
Building STRIPS to SAS dictionary... [0.000s CPU, 0.002s wall-clock]
Building dictionary for full mutex groups... [0.000s CPU, 0.001s wall-clock]
Building mutex information...
Building mutex information: [0.000s CPU, 0.001s wall-clock]
Translating task...
Processing axioms...
Simplifying axioms... [0.000s CPU, 0.000s wall-clock]
Translator axioms removed by simplifying: 0
Computing negative axioms... [0.000s CPU, 0.000s wall-clock]
Processing axioms: [0.310s CPU, 0.308s wall-clock]
Translating task: [6.220s CPU, 6.232s wall-clock]
106752 effect conditions simplified
0 implied preconditions added
Detecting unreachable propositions...
0 operators removed
0 axioms removed
55 propositions removed
Detecting unreachable propositions: [3.330s CPU, 3.332s wall-clock]
Reordering and filtering variables...
862 of 864 variables necessary.
0 of 41 mutex groups necessary.
69096 of 69096 operators necessary.
0 of 0 axiom rules necessary.
Reordering and filtering variables: [1.470s CPU, 1.473s wall-clock]
Translator variables: 862
Translator derived variables: 0
Translator facts: 2641
Translator goal facts: 49
Translator mutex groups: 0
Translator total mutex groups size: 0
Translator operators: 69096
Translator axioms: 0
Translator task size: 972941
Translator peak memory: 504404 KB
Writing output... [0.730s CPU, 0.737s wall-clock]
Done! [19.040s CPU, 19.076s wall-clock]
translate exit code: 0

INFO     Running search (release).
INFO     search stdin: output.sas
INFO     search time limit: 1780s
INFO     search memory limit: 2048 MB
INFO     search command line string: /home/henry/Documents/UFRGS/TCC/downward/experiments/lab/data/main/code-5bb2ccb6957559b6969ffd7e29254c73f84d5e49_e5e41175/builds/release/bin/downward --search 'eager_greedy([operatorcounting(constraint_generators=[pho_constraints(patterns=systematic(2))], use_integer_operator_counts=false, transform=adapt_costs(cost_type=ONE))])' --internal-plan-file sas_plan < output.sas
[t=0s, 45596 KB] reading input...
[t=0.427449s, 80060 KB] done reading input!
[t=0.429441s, 86628 KB] Generating patterns using: systematic pattern collection generator
[t=0.429441s, 86628 KB] building causal graph...done! [t=0.431423s]
[t=1.03268s, 117596 KB] Found 6065 SGA patterns.
[t=1.2005s, 117596 KB] Found 6065 interesting patterns.
[t=1.20451s, 117596 KB] systematic pattern collection generator number of patterns: 6065
[t=1.20451s, 117596 KB] systematic pattern collection generator total PDB size: 217408
[t=1.20451s, 117596 KB] systematic pattern collection generator computation time: 0.77507s
[t=1.20451s, 117596 KB] Computing PDBs for pattern collection...
[t=132.413s, 117596 KB] Done computing PDBs for pattern collection: 131.208s
[t=179.95s, 711528 KB] Building successor generator...done!
[t=179.99s, 711528 KB] peak memory difference for successor generator creation: 0 KB
[t=179.99s, 711528 KB] time for successor generation creation: 0.0399386s
[t=179.99s, 711528 KB] Variables: 862
[t=179.99s, 711528 KB] FactPairs: 2641
[t=179.99s, 711528 KB] Bytes per state: 128
[t=179.99s, 711528 KB] Conducting best first search without reopening closed nodes, (real) bound = 2147483647
[t=181.972s, 1156616 KB] New best heuristic value for operatorcounting(constraint_generators=[pho_constraints(patterns=systematic(2))],use_integer_operator_counts=false,transform=adapt_costs(cost_type=one)): 98
[t=181.972s, 1156616 KB] g=0, 1 evaluated, 0 expanded
[t=181.972s, 1156616 KB] Initial heuristic value for operatorcounting(constraint_generators=[pho_constraints(patterns=systematic(2))],use_integer_operator_counts=false,transform=adapt_costs(cost_type=one)): 98
[t=181.972s, 1156616 KB] pruning method: none
[t=182.256s, 1156616 KB] New best heuristic value for operatorcounting(constraint_generators=[pho_constraints(patterns=systematic(2))],use_integer_operator_counts=false,transform=adapt_costs(cost_type=one)): 97
[t=182.256s, 1156616 KB] g=1, 2 evaluated, 1 expanded
[t=184.719s, 1156616 KB] New best heuristic value for operatorcounting(constraint_generators=[pho_constraints(patterns=systematic(2))],use_integer_operator_counts=false,transform=adapt_costs(cost_type=one)): 96
[t=184.719s, 1156616 KB] g=1, 10 evaluated, 6 expanded
[t=185.397s, 1156616 KB] New best heuristic value for operatorcounting(constraint_generators=[pho_constraints(patterns=systematic(2))],use_integer_operator_counts=false,transform=adapt_costs(cost_type=one)): 95
[t=185.397s, 1156616 KB] g=2, 12 evaluated, 7 expanded
[t=187.995s, 1156616 KB] New best heuristic value for operatorcounting(constraint_generators=[pho_constraints(patterns=systematic(2))],use_integer_operator_counts=false,transform=adapt_costs(cost_type=one)): 94
[t=187.995s, 1156616 KB] g=3, 20 evaluated, 12 expanded
[t=192.729s, 1156616 KB] New best heuristic value for operatorcounting(constraint_generators=[pho_constraints(patterns=systematic(2))],use_integer_operator_counts=false,transform=adapt_costs(cost_type=one)): 93
[t=192.729s, 1156616 KB] g=4, 35 evaluated, 20 expanded
[t=193.323s, 1156616 KB] New best heuristic value for operatorcounting(constraint_generators=[pho_constraints(patterns=systematic(2))],use_integer_operator_counts=false,transform=adapt_costs(cost_type=one)): 92
[t=193.323s, 1156616 KB] g=4, 37 evaluated, 21 expanded
[t=196.71s, 1156616 KB] New best heuristic value for operatorcounting(constraint_generators=[pho_constraints(patterns=systematic(2))],use_integer_operator_counts=false,transform=adapt_costs(cost_type=one)): 91
[t=196.71s, 1156616 KB] g=4, 48 evaluated, 28 expanded
[t=228.484s, 1156616 KB] New best heuristic value for operatorcounting(constraint_generators=[pho_constraints(patterns=systematic(2))],use_integer_operator_counts=false,transform=adapt_costs(cost_type=one)): 90
[t=228.484s, 1156616 KB] g=6, 147 evaluated, 118 expanded
[t=228.832s, 1156616 KB] New best heuristic value for operatorcounting(constraint_generators=[pho_constraints(patterns=systematic(2))],use_integer_operator_counts=false,transform=adapt_costs(cost_type=one)): 89
[t=228.832s, 1156616 KB] g=6, 148 evaluated, 119 expanded
[t=229.141s, 1156616 KB] New best heuristic value for operatorcounting(constraint_generators=[pho_constraints(patterns=systematic(2))],use_integer_operator_counts=false,transform=adapt_costs(cost_type=one)): 88
[t=229.141s, 1156616 KB] g=6, 149 evaluated, 120 expanded
[t=233.499s, 1156616 KB] New best heuristic value for operatorcounting(constraint_generators=[pho_constraints(patterns=systematic(2))],use_integer_operator_counts=false,transform=adapt_costs(cost_type=one)): 87
[t=233.499s, 1156616 KB] g=7, 162 evaluated, 129 expanded
[t=438.664s, 1156616 KB] New best heuristic value for operatorcounting(constraint_generators=[pho_constraints(patterns=systematic(2))],use_integer_operator_counts=false,transform=adapt_costs(cost_type=one)): 86
[t=438.664s, 1156616 KB] g=12, 755 evaluated, 660 expanded
[t=439.025s, 1156616 KB] New best heuristic value for operatorcounting(constraint_generators=[pho_constraints(patterns=systematic(2))],use_integer_operator_counts=false,transform=adapt_costs(cost_type=one)): 85
[t=439.025s, 1156616 KB] g=12, 756 evaluated, 661 expanded
[t=447.372s, 1156616 KB] New best heuristic value for operatorcounting(constraint_generators=[pho_constraints(patterns=systematic(2))],use_integer_operator_counts=false,transform=adapt_costs(cost_type=one)): 84
[t=447.372s, 1156616 KB] g=13, 780 evaluated, 681 expanded
[t=447.699s, 1156616 KB] New best heuristic value for operatorcounting(constraint_generators=[pho_constraints(patterns=systematic(2))],use_integer_operator_counts=false,transform=adapt_costs(cost_type=one)): 83
[t=447.699s, 1156616 KB] g=13, 781 evaluated, 682 expanded
[t=456.261s, 1156616 KB] New best heuristic value for operatorcounting(constraint_generators=[pho_constraints(patterns=systematic(2))],use_integer_operator_counts=false,transform=adapt_costs(cost_type=one)): 82
[t=456.261s, 1156616 KB] g=14, 806 evaluated, 703 expanded
[t=456.635s, 1156616 KB] New best heuristic value for operatorcounting(constraint_generators=[pho_constraints(patterns=systematic(2))],use_integer_operator_counts=false,transform=adapt_costs(cost_type=one)): 81
[t=456.635s, 1156616 KB] g=14, 807 evaluated, 704 expanded
[t=576.747s, 1156616 KB] New best heuristic value for operatorcounting(constraint_generators=[pho_constraints(patterns=systematic(2))],use_integer_operator_counts=false,transform=adapt_costs(cost_type=one)): 80
[t=576.747s, 1156616 KB] g=18, 1180 evaluated, 1034 expanded
[t=577.358s, 1156616 KB] New best heuristic value for operatorcounting(constraint_generators=[pho_constraints(patterns=systematic(2))],use_integer_operator_counts=false,transform=adapt_costs(cost_type=one)): 79
[t=577.358s, 1156616 KB] g=19, 1182 evaluated, 1035 expanded
[t=579.312s, 1156616 KB] New best heuristic value for operatorcounting(constraint_generators=[pho_constraints(patterns=systematic(2))],use_integer_operator_counts=false,transform=adapt_costs(cost_type=one)): 78
[t=579.312s, 1156616 KB] g=19, 1188 evaluated, 1037 expanded
[t=579.638s, 1156616 KB] New best heuristic value for operatorcounting(constraint_generators=[pho_constraints(patterns=systematic(2))],use_integer_operator_counts=false,transform=adapt_costs(cost_type=one)): 77
[t=579.638s, 1156616 KB] g=19, 1189 evaluated, 1038 expanded
[t=579.958s, 1156616 KB] New best heuristic value for operatorcounting(constraint_generators=[pho_constraints(patterns=systematic(2))],use_integer_operator_counts=false,transform=adapt_costs(cost_type=one)): 76
[t=579.958s, 1156616 KB] g=19, 1190 evaluated, 1039 expanded
[t=585.51s, 1156616 KB] New best heuristic value for operatorcounting(constraint_generators=[pho_constraints(patterns=systematic(2))],use_integer_operator_counts=false,transform=adapt_costs(cost_type=one)): 75
[t=585.51s, 1156616 KB] g=20, 1209 evaluated, 1053 expanded
[t=585.828s, 1156616 KB] New best heuristic value for operatorcounting(constraint_generators=[pho_constraints(patterns=systematic(2))],use_integer_operator_counts=false,transform=adapt_costs(cost_type=one)): 74
[t=585.828s, 1156616 KB] g=20, 1210 evaluated, 1054 expanded
[t=586.14s, 1156616 KB] New best heuristic value for operatorcounting(constraint_generators=[pho_constraints(patterns=systematic(2))],use_integer_operator_counts=false,transform=adapt_costs(cost_type=one)): 73
[t=586.14s, 1156616 KB] g=20, 1211 evaluated, 1055 expanded
[t=586.471s, 1156616 KB] New best heuristic value for operatorcounting(constraint_generators=[pho_constraints(patterns=systematic(2))],use_integer_operator_counts=false,transform=adapt_costs(cost_type=one)): 72
[t=586.471s, 1156616 KB] g=20, 1212 evaluated, 1056 expanded
[t=586.776s, 1156616 KB] New best heuristic value for operatorcounting(constraint_generators=[pho_constraints(patterns=systematic(2))],use_integer_operator_counts=false,transform=adapt_costs(cost_type=one)): 71
[t=586.78s, 1156616 KB] g=20, 1213 evaluated, 1057 expanded
[t=850.078s, 1156616 KB] New best heuristic value for operatorcounting(constraint_generators=[pho_constraints(patterns=systematic(2))],use_integer_operator_counts=false,transform=adapt_costs(cost_type=one)): 70
[t=850.078s, 1156616 KB] g=28, 2092 evaluated, 1861 expanded
[t=855.069s, 1156616 KB] New best heuristic value for operatorcounting(constraint_generators=[pho_constraints(patterns=systematic(2))],use_integer_operator_counts=false,transform=adapt_costs(cost_type=one)): 69
[t=855.069s, 1156616 KB] g=29, 2108 evaluated, 1864 expanded
[t=860.147s, 1156616 KB] New best heuristic value for operatorcounting(constraint_generators=[pho_constraints(patterns=systematic(2))],use_integer_operator_counts=false,transform=adapt_costs(cost_type=one)): 68
[t=860.147s, 1156616 KB] g=29, 2124 evaluated, 1867 expanded
[t=860.496s, 1156616 KB] New best heuristic value for operatorcounting(constraint_generators=[pho_constraints(patterns=systematic(2))],use_integer_operator_counts=false,transform=adapt_costs(cost_type=one)): 67
[t=860.496s, 1156616 KB] g=30, 2125 evaluated, 1868 expanded
[t=866.91s, 1156616 KB] New best heuristic value for operatorcounting(constraint_generators=[pho_constraints(patterns=systematic(2))],use_integer_operator_counts=false,transform=adapt_costs(cost_type=one)): 66
[t=866.91s, 1156616 KB] g=30, 2145 evaluated, 1870 expanded
[t=867.221s, 1156616 KB] New best heuristic value for operatorcounting(constraint_generators=[pho_constraints(patterns=systematic(2))],use_integer_operator_counts=false,transform=adapt_costs(cost_type=one)): 65
[t=867.221s, 1156616 KB] g=30, 2146 evaluated, 1871 expanded
[t=867.493s, 1156616 KB] New best heuristic value for operatorcounting(constraint_generators=[pho_constraints(patterns=systematic(2))],use_integer_operator_counts=false,transform=adapt_costs(cost_type=one)): 64
[t=867.493s, 1156616 KB] g=30, 2147 evaluated, 1872 expanded
[t=867.74s, 1156616 KB] New best heuristic value for operatorcounting(constraint_generators=[pho_constraints(patterns=systematic(2))],use_integer_operator_counts=false,transform=adapt_costs(cost_type=one)): 63
[t=867.74s, 1156616 KB] g=30, 2148 evaluated, 1873 expanded
[t=875.312s, 1156616 KB] New best heuristic value for operatorcounting(constraint_generators=[pho_constraints(patterns=systematic(2))],use_integer_operator_counts=false,transform=adapt_costs(cost_type=one)): 62
[t=875.312s, 1156616 KB] g=31, 2172 evaluated, 1879 expanded
[t=875.536s, 1156616 KB] New best heuristic value for operatorcounting(constraint_generators=[pho_constraints(patterns=systematic(2))],use_integer_operator_counts=false,transform=adapt_costs(cost_type=one)): 61
[t=875.536s, 1156616 KB] g=31, 2173 evaluated, 1880 expanded
[t=889.029s, 1156616 KB] New best heuristic value for operatorcounting(constraint_generators=[pho_constraints(patterns=systematic(2))],use_integer_operator_counts=false,transform=adapt_costs(cost_type=one)): 60
[t=889.029s, 1156616 KB] g=33, 2215 evaluated, 1913 expanded
[t=889.343s, 1156616 KB] New best heuristic value for operatorcounting(constraint_generators=[pho_constraints(patterns=systematic(2))],use_integer_operator_counts=false,transform=adapt_costs(cost_type=one)): 59
[t=889.343s, 1156616 KB] g=33, 2216 evaluated, 1914 expanded
[t=898.29s, 1156616 KB] New best heuristic value for operatorcounting(constraint_generators=[pho_constraints(patterns=systematic(2))],use_integer_operator_counts=false,transform=adapt_costs(cost_type=one)): 58
[t=898.29s, 1156616 KB] g=34, 2245 evaluated, 1924 expanded
[t=960.384s, 1156616 KB] New best heuristic value for operatorcounting(constraint_generators=[pho_constraints(patterns=systematic(2))],use_integer_operator_counts=false,transform=adapt_costs(cost_type=one)): 57
[t=960.384s, 1156616 KB] g=35, 2438 evaluated, 2042 expanded
[t=970.338s, 1156616 KB] New best heuristic value for operatorcounting(constraint_generators=[pho_constraints(patterns=systematic(2))],use_integer_operator_counts=false,transform=adapt_costs(cost_type=one)): 56
[t=970.338s, 1156616 KB] g=36, 2471 evaluated, 2053 expanded
[t=983.005s, 1156616 KB] New best heuristic value for operatorcounting(constraint_generators=[pho_constraints(patterns=systematic(2))],use_integer_operator_counts=false,transform=adapt_costs(cost_type=one)): 55
[t=983.005s, 1156616 KB] g=37, 2510 evaluated, 2070 expanded
[t=1046.21s, 1156616 KB] New best heuristic value for operatorcounting(constraint_generators=[pho_constraints(patterns=systematic(2))],use_integer_operator_counts=false,transform=adapt_costs(cost_type=one)): 54
[t=1046.21s, 1156616 KB] g=38, 2709 evaluated, 2195 expanded
[t=1046.48s, 1156616 KB] New best heuristic value for operatorcounting(constraint_generators=[pho_constraints(patterns=systematic(2))],use_integer_operator_counts=false,transform=adapt_costs(cost_type=one)): 53
[t=1046.48s, 1156616 KB] g=38, 2710 evaluated, 2196 expanded
[t=1054.16s, 1156616 KB] New best heuristic value for operatorcounting(constraint_generators=[pho_constraints(patterns=systematic(2))],use_integer_operator_counts=false,transform=adapt_costs(cost_type=one)): 52
[t=1054.16s, 1156616 KB] g=39, 2734 evaluated, 2211 expanded
[t=1067.39s, 1156616 KB] New best heuristic value for operatorcounting(constraint_generators=[pho_constraints(patterns=systematic(2))],use_integer_operator_counts=false,transform=adapt_costs(cost_type=one)): 51
[t=1067.39s, 1156616 KB] g=40, 2775 evaluated, 2222 expanded
[t=1082.14s, 1156616 KB] New best heuristic value for operatorcounting(constraint_generators=[pho_constraints(patterns=systematic(2))],use_integer_operator_counts=false,transform=adapt_costs(cost_type=one)): 50
[t=1082.14s, 1156616 KB] g=41, 2823 evaluated, 2240 expanded
[t=1082.49s, 1156616 KB] New best heuristic value for operatorcounting(constraint_generators=[pho_constraints(patterns=systematic(2))],use_integer_operator_counts=false,transform=adapt_costs(cost_type=one)): 49
[t=1082.49s, 1156616 KB] g=41, 2824 evaluated, 2241 expanded
[t=1082.84s, 1156616 KB] New best heuristic value for operatorcounting(constraint_generators=[pho_constraints(patterns=systematic(2))],use_integer_operator_counts=false,transform=adapt_costs(cost_type=one)): 48
[t=1082.84s, 1156616 KB] g=41, 2825 evaluated, 2242 expanded
[t=1083.2s, 1156616 KB] New best heuristic value for operatorcounting(constraint_generators=[pho_constraints(patterns=systematic(2))],use_integer_operator_counts=false,transform=adapt_costs(cost_type=one)): 47
[t=1083.2s, 1156616 KB] g=41, 2826 evaluated, 2243 expanded
[t=1083.56s, 1156616 KB] New best heuristic value for operatorcounting(constraint_generators=[pho_constraints(patterns=systematic(2))],use_integer_operator_counts=false,transform=adapt_costs(cost_type=one)): 46
[t=1083.56s, 1156616 KB] g=41, 2827 evaluated, 2244 expanded
[t=1083.92s, 1156616 KB] New best heuristic value for operatorcounting(constraint_generators=[pho_constraints(patterns=systematic(2))],use_integer_operator_counts=false,transform=adapt_costs(cost_type=one)): 45
[t=1083.92s, 1156616 KB] g=41, 2828 evaluated, 2245 expanded
[t=1086.71s, 1156616 KB] New best heuristic value for operatorcounting(constraint_generators=[pho_constraints(patterns=systematic(2))],use_integer_operator_counts=false,transform=adapt_costs(cost_type=one)): 44
[t=1086.71s, 1156616 KB] g=42, 2836 evaluated, 2251 expanded
[t=1094.87s, 1156616 KB] New best heuristic value for operatorcounting(constraint_generators=[pho_constraints(patterns=systematic(2))],use_integer_operator_counts=false,transform=adapt_costs(cost_type=one)): 43
[t=1094.87s, 1156616 KB] g=42, 2861 evaluated, 2252 expanded
[t=1095.18s, 1156616 KB] New best heuristic value for operatorcounting(constraint_generators=[pho_constraints(patterns=systematic(2))],use_integer_operator_counts=false,transform=adapt_costs(cost_type=one)): 42
[t=1095.18s, 1156616 KB] g=42, 2862 evaluated, 2253 expanded
[t=1105.87s, 1156616 KB] New best heuristic value for operatorcounting(constraint_generators=[pho_constraints(patterns=systematic(2))],use_integer_operator_counts=false,transform=adapt_costs(cost_type=one)): 41
[t=1105.87s, 1156616 KB] g=43, 2894 evaluated, 2258 expanded
[t=1106.17s, 1156616 KB] New best heuristic value for operatorcounting(constraint_generators=[pho_constraints(patterns=systematic(2))],use_integer_operator_counts=false,transform=adapt_costs(cost_type=one)): 40
[t=1106.17s, 1156616 KB] g=43, 2895 evaluated, 2259 expanded
[t=1118.94s, 1156616 KB] New best heuristic value for operatorcounting(constraint_generators=[pho_constraints(patterns=systematic(2))],use_integer_operator_counts=false,transform=adapt_costs(cost_type=one)): 39
[t=1118.94s, 1156616 KB] g=44, 2933 evaluated, 2270 expanded
[t=1136.68s, 1156616 KB] New best heuristic value for operatorcounting(constraint_generators=[pho_constraints(patterns=systematic(2))],use_integer_operator_counts=false,transform=adapt_costs(cost_type=one)): 38
[t=1136.68s, 1156616 KB] g=45, 2987 evaluated, 2277 expanded
[t=1137.04s, 1156616 KB] New best heuristic value for operatorcounting(constraint_generators=[pho_constraints(patterns=systematic(2))],use_integer_operator_counts=false,transform=adapt_costs(cost_type=one)): 37
[t=1137.04s, 1156616 KB] g=45, 2988 evaluated, 2278 expanded
[t=1137.38s, 1156616 KB] New best heuristic value for operatorcounting(constraint_generators=[pho_constraints(patterns=systematic(2))],use_integer_operator_counts=false,transform=adapt_costs(cost_type=one)): 36
[t=1137.38s, 1156616 KB] g=45, 2989 evaluated, 2279 expanded
[t=1162.68s, 1156616 KB] New best heuristic value for operatorcounting(constraint_generators=[pho_constraints(patterns=systematic(2))],use_integer_operator_counts=false,transform=adapt_costs(cost_type=one)): 35
[t=1162.68s, 1156616 KB] g=46, 3067 evaluated, 2292 expanded
[t=1164.12s, 1156616 KB] New best heuristic value for operatorcounting(constraint_generators=[pho_constraints(patterns=systematic(2))],use_integer_operator_counts=false,transform=adapt_costs(cost_type=one)): 34
[t=1164.12s, 1156616 KB] g=46, 3072 evaluated, 2298 expanded
[t=1164.41s, 1156616 KB] New best heuristic value for operatorcounting(constraint_generators=[pho_constraints(patterns=systematic(2))],use_integer_operator_counts=false,transform=adapt_costs(cost_type=one)): 33
[t=1164.41s, 1156616 KB] g=46, 3073 evaluated, 2299 expanded
[t=1164.69s, 1156616 KB] New best heuristic value for operatorcounting(constraint_generators=[pho_constraints(patterns=systematic(2))],use_integer_operator_counts=false,transform=adapt_costs(cost_type=one)): 32
[t=1164.69s, 1156616 KB] g=46, 3074 evaluated, 2300 expanded
[t=1164.98s, 1156616 KB] New best heuristic value for operatorcounting(constraint_generators=[pho_constraints(patterns=systematic(2))],use_integer_operator_counts=false,transform=adapt_costs(cost_type=one)): 31
[t=1164.98s, 1156616 KB] g=46, 3075 evaluated, 2301 expanded
[t=1165.28s, 1156616 KB] New best heuristic value for operatorcounting(constraint_generators=[pho_constraints(patterns=systematic(2))],use_integer_operator_counts=false,transform=adapt_costs(cost_type=one)): 30
[t=1165.28s, 1156616 KB] g=46, 3076 evaluated, 2302 expanded
[t=1165.57s, 1156616 KB] New best heuristic value for operatorcounting(constraint_generators=[pho_constraints(patterns=systematic(2))],use_integer_operator_counts=false,transform=adapt_costs(cost_type=one)): 29
[t=1165.57s, 1156616 KB] g=46, 3077 evaluated, 2303 expanded
[t=1165.81s, 1156616 KB] New best heuristic value for operatorcounting(constraint_generators=[pho_constraints(patterns=systematic(2))],use_integer_operator_counts=false,transform=adapt_costs(cost_type=one)): 28
[t=1165.81s, 1156616 KB] g=46, 3078 evaluated, 2304 expanded
[t=1166.91s, 1156616 KB] New best heuristic value for operatorcounting(constraint_generators=[pho_constraints(patterns=systematic(2))],use_integer_operator_counts=false,transform=adapt_costs(cost_type=one)): 27
[t=1166.91s, 1156616 KB] g=47, 3082 evaluated, 2305 expanded
[t=1177.91s, 1156616 KB] New best heuristic value for operatorcounting(constraint_generators=[pho_constraints(patterns=systematic(2))],use_integer_operator_counts=false,transform=adapt_costs(cost_type=one)): 26
[t=1177.91s, 1156616 KB] g=47, 3118 evaluated, 2306 expanded
[t=1178.19s, 1156616 KB] New best heuristic value for operatorcounting(constraint_generators=[pho_constraints(patterns=systematic(2))],use_integer_operator_counts=false,transform=adapt_costs(cost_type=one)): 25
[t=1178.19s, 1156616 KB] g=47, 3119 evaluated, 2307 expanded
[t=1178.53s, 1156616 KB] New best heuristic value for operatorcounting(constraint_generators=[pho_constraints(patterns=systematic(2))],use_integer_operator_counts=false,transform=adapt_costs(cost_type=one)): 24
[t=1178.53s, 1156616 KB] g=47, 3120 evaluated, 2308 expanded
[t=1178.87s, 1156616 KB] New best heuristic value for operatorcounting(constraint_generators=[pho_constraints(patterns=systematic(2))],use_integer_operator_counts=false,transform=adapt_costs(cost_type=one)): 23
[t=1178.87s, 1156616 KB] g=47, 3121 evaluated, 2309 expanded
[t=1195.15s, 1156616 KB] New best heuristic value for operatorcounting(constraint_generators=[pho_constraints(patterns=systematic(2))],use_integer_operator_counts=false,transform=adapt_costs(cost_type=one)): 22
[t=1195.15s, 1156616 KB] g=48, 3181 evaluated, 2321 expanded
[t=1195.43s, 1156616 KB] New best heuristic value for operatorcounting(constraint_generators=[pho_constraints(patterns=systematic(2))],use_integer_operator_counts=false,transform=adapt_costs(cost_type=one)): 21
[t=1195.43s, 1156616 KB] g=48, 3182 evaluated, 2322 expanded
[t=1430s, 1156616 KB] New best heuristic value for operatorcounting(constraint_generators=[pho_constraints(patterns=systematic(2))],use_integer_operator_counts=false,transform=adapt_costs(cost_type=one)): 20
[t=1430s, 1156616 KB] g=49, 4071 evaluated, 2784 expanded
[t=1431.71s, 1156616 KB] New best heuristic value for operatorcounting(constraint_generators=[pho_constraints(patterns=systematic(2))],use_integer_operator_counts=false,transform=adapt_costs(cost_type=one)): 19
[t=1431.71s, 1156616 KB] g=49, 4077 evaluated, 2791 expanded
[t=1450.77s, 1156616 KB] New best heuristic value for operatorcounting(constraint_generators=[pho_constraints(patterns=systematic(2))],use_integer_operator_counts=false,transform=adapt_costs(cost_type=one)): 18
[t=1450.77s, 1156616 KB] g=50, 4157 evaluated, 2806 expanded
[t=1452.95s, 1156616 KB] New best heuristic value for operatorcounting(constraint_generators=[pho_constraints(patterns=systematic(2))],use_integer_operator_counts=false,transform=adapt_costs(cost_type=one)): 17
[t=1452.95s, 1156616 KB] g=50, 4165 evaluated, 2815 expanded
[t=1453.28s, 1156616 KB] New best heuristic value for operatorcounting(constraint_generators=[pho_constraints(patterns=systematic(2))],use_integer_operator_counts=false,transform=adapt_costs(cost_type=one)): 16
[t=1453.28s, 1156616 KB] g=50, 4166 evaluated, 2816 expanded
[t=1453.59s, 1156616 KB] New best heuristic value for operatorcounting(constraint_generators=[pho_constraints(patterns=systematic(2))],use_integer_operator_counts=false,transform=adapt_costs(cost_type=one)): 15
[t=1453.59s, 1156616 KB] g=50, 4167 evaluated, 2817 expanded
[t=1453.9s, 1156616 KB] New best heuristic value for operatorcounting(constraint_generators=[pho_constraints(patterns=systematic(2))],use_integer_operator_counts=false,transform=adapt_costs(cost_type=one)): 14
[t=1453.9s, 1156616 KB] g=50, 4168 evaluated, 2818 expanded
[t=1454.18s, 1156616 KB] New best heuristic value for operatorcounting(constraint_generators=[pho_constraints(patterns=systematic(2))],use_integer_operator_counts=false,transform=adapt_costs(cost_type=one)): 13
[t=1454.18s, 1156616 KB] g=50, 4169 evaluated, 2819 expanded
Peak memory: 1156616 KB
caught signal 24 -- exiting
Time limit has been reached.
Remove intermediate file output.sas
search exit code: 23

Driver aborting after search
INFO     Planner time: 1792.81s
