INFO     planner time limit: 1800s
INFO     planner memory limit: 2048 MB

INFO     Running translator.
INFO     translator stdin: None
INFO     translator time limit: 1799s
INFO     translator memory limit: 2048 MB
INFO     translator command line string: /home/henry/Documents/UFRGS/TCC/downward/.venv/bin/python /home/henry/Documents/UFRGS/TCC/downward/experiments/lab/data/main/code-5bb2ccb6957559b6969ffd7e29254c73f84d5e49_e5e41175/builds/release/bin/translate/translate.py domain.pddl problem.pddl --sas-file output.sas
Parsing...
Parsing: [0.000s CPU, 0.001s wall-clock]
Normalizing task... [0.000s CPU, 0.000s wall-clock]
Instantiating...
Generating Datalog program... [0.000s CPU, 0.000s wall-clock]
Normalizing Datalog program...
Normalizing Datalog program: [0.000s CPU, 0.002s wall-clock]
Preparing model... [0.000s CPU, 0.001s wall-clock]
Generated 50 rules.
Computing model... [0.010s CPU, 0.005s wall-clock]
453 relevant atoms
548 auxiliary atoms
1001 final queue length
1271 total queue pushes
Completing instantiation... [0.000s CPU, 0.004s wall-clock]
Instantiating: [0.010s CPU, 0.012s wall-clock]
Computing fact groups...
Finding invariants...
11 initial candidates
Finding invariants: [0.010s CPU, 0.003s wall-clock]
Checking invariant weight... [0.000s CPU, 0.000s wall-clock]
Instantiating groups... [0.000s CPU, 0.001s wall-clock]
Collecting mutex groups... [0.000s CPU, 0.000s wall-clock]
Choosing groups...
0 uncovered facts
Choosing groups: [0.000s CPU, 0.000s wall-clock]
Building translation key... [0.000s CPU, 0.000s wall-clock]
Computing fact groups: [0.010s CPU, 0.005s wall-clock]
Building STRIPS to SAS dictionary... [0.000s CPU, 0.000s wall-clock]
Building dictionary for full mutex groups... [0.000s CPU, 0.000s wall-clock]
Building mutex information...
Building mutex information: [0.000s CPU, 0.000s wall-clock]
Translating task...
Processing axioms...
Simplifying axioms... [0.000s CPU, 0.000s wall-clock]
Translator axioms removed by simplifying: 0
Computing negative axioms... [0.000s CPU, 0.000s wall-clock]
Processing axioms: [0.000s CPU, 0.000s wall-clock]
Translating task: [0.000s CPU, 0.005s wall-clock]
0 effect conditions simplified
0 implied preconditions added
Detecting unreachable propositions...
0 operators removed
0 axioms removed
4 propositions removed
Detecting unreachable propositions: [0.000s CPU, 0.003s wall-clock]
Reordering and filtering variables...
22 of 22 variables necessary.
36 of 40 mutex groups necessary.
232 of 232 operators necessary.
0 of 0 axiom rules necessary.
Reordering and filtering variables: [0.010s CPU, 0.001s wall-clock]
Translator variables: 22
Translator derived variables: 0
Translator facts: 112
Translator goal facts: 15
Translator mutex groups: 36
Translator total mutex groups size: 144
Translator operators: 232
Translator axioms: 0
Translator task size: 1553
Translator peak memory: 32884 KB
Writing output... [0.000s CPU, 0.001s wall-clock]
Done! [0.030s CPU, 0.029s wall-clock]
translate exit code: 0

INFO     Running search (release).
INFO     search stdin: output.sas
INFO     search time limit: 1799s
INFO     search memory limit: 2048 MB
INFO     search command line string: /home/henry/Documents/UFRGS/TCC/downward/experiments/lab/data/main/code-5bb2ccb6957559b6969ffd7e29254c73f84d5e49_e5e41175/builds/release/bin/downward --search 'eager_greedy([operatorcounting(constraint_generators=[pho_constraints(patterns=systematic(2))], use_integer_operator_counts=false, transform=adapt_costs(cost_type=NORMAL))])' --internal-plan-file sas_plan < output.sas
[t=0s, 45596 KB] reading input...
[t=0s, 45596 KB] done reading input!
[t=0.00417405s, 45992 KB] Generating patterns using: systematic pattern collection generator
[t=0.00417405s, 45992 KB] building causal graph...done! [t=0s]
[t=0.00417405s, 45992 KB] Found 100 SGA patterns.
[t=0.00417405s, 45992 KB] Found 100 interesting patterns.
[t=0.00417405s, 45992 KB] systematic pattern collection generator number of patterns: 100
[t=0.00417405s, 45992 KB] systematic pattern collection generator total PDB size: 2860
[t=0.00417405s, 45992 KB] systematic pattern collection generator computation time: 0s
[t=0.00417405s, 45992 KB] Computing PDBs for pattern collection...
[t=0.0121408s, 45992 KB] Done computing PDBs for pattern collection: 0.00796672s
[t=0.0121408s, 46144 KB] Building successor generator...done!
[t=0.0121408s, 46144 KB] peak memory difference for successor generator creation: 0 KB
[t=0.0121408s, 46144 KB] time for successor generation creation: 0s
[t=0.0121408s, 46144 KB] Variables: 22
[t=0.0121408s, 46144 KB] FactPairs: 112
[t=0.0121408s, 46144 KB] Bytes per state: 8
[t=0.0121408s, 46144 KB] Conducting best first search without reopening closed nodes, (real) bound = 2147483647
[t=0.016151s, 46520 KB] New best heuristic value for operatorcounting(constraint_generators=[pho_constraints(patterns=systematic(2))],use_integer_operator_counts=false,transform=adapt_costs(cost_type=normal)): 20
[t=0.016151s, 46520 KB] g=0, 1 evaluated, 0 expanded
[t=0.016151s, 46520 KB] Initial heuristic value for operatorcounting(constraint_generators=[pho_constraints(patterns=systematic(2))],use_integer_operator_counts=false,transform=adapt_costs(cost_type=normal)): 20
[t=0.016151s, 46520 KB] pruning method: none
[t=0.016151s, 46544 KB] New best heuristic value for operatorcounting(constraint_generators=[pho_constraints(patterns=systematic(2))],use_integer_operator_counts=false,transform=adapt_costs(cost_type=normal)): 19
[t=0.016151s, 46544 KB] g=2, 4 evaluated, 1 expanded
[t=0.016151s, 46544 KB] New best heuristic value for operatorcounting(constraint_generators=[pho_constraints(patterns=systematic(2))],use_integer_operator_counts=false,transform=adapt_costs(cost_type=normal)): 18
[t=0.016151s, 46544 KB] g=4, 14 evaluated, 2 expanded
[t=0.0241366s, 46544 KB] New best heuristic value for operatorcounting(constraint_generators=[pho_constraints(patterns=systematic(2))],use_integer_operator_counts=false,transform=adapt_costs(cost_type=normal)): 17
[t=0.0241366s, 46544 KB] g=12, 75 evaluated, 11 expanded
[t=0.0321177s, 46544 KB] New best heuristic value for operatorcounting(constraint_generators=[pho_constraints(patterns=systematic(2))],use_integer_operator_counts=false,transform=adapt_costs(cost_type=normal)): 16
[t=0.0321177s, 46544 KB] g=21, 128 evaluated, 20 expanded
[t=0.0321177s, 46544 KB] New best heuristic value for operatorcounting(constraint_generators=[pho_constraints(patterns=systematic(2))],use_integer_operator_counts=false,transform=adapt_costs(cost_type=normal)): 15
[t=0.0321177s, 46544 KB] g=23, 150 evaluated, 26 expanded
[t=0.0321177s, 46544 KB] New best heuristic value for operatorcounting(constraint_generators=[pho_constraints(patterns=systematic(2))],use_integer_operator_counts=false,transform=adapt_costs(cost_type=normal)): 14
[t=0.0321177s, 46544 KB] g=25, 152 evaluated, 27 expanded
[t=0.0321177s, 46544 KB] New best heuristic value for operatorcounting(constraint_generators=[pho_constraints(patterns=systematic(2))],use_integer_operator_counts=false,transform=adapt_costs(cost_type=normal)): 13
[t=0.0321177s, 46544 KB] g=27, 159 evaluated, 28 expanded
[t=0.0400975s, 46544 KB] New best heuristic value for operatorcounting(constraint_generators=[pho_constraints(patterns=systematic(2))],use_integer_operator_counts=false,transform=adapt_costs(cost_type=normal)): 12
[t=0.0400975s, 46544 KB] g=35, 204 evaluated, 40 expanded
[t=0.0441027s, 46544 KB] New best heuristic value for operatorcounting(constraint_generators=[pho_constraints(patterns=systematic(2))],use_integer_operator_counts=false,transform=adapt_costs(cost_type=normal)): 10
[t=0.0441027s, 46544 KB] g=43, 234 evaluated, 52 expanded
[t=2.52975s, 47664 KB] New best heuristic value for operatorcounting(constraint_generators=[pho_constraints(patterns=systematic(2))],use_integer_operator_counts=false,transform=adapt_costs(cost_type=normal)): 9
[t=2.52975s, 47664 KB] g=45, 25179 evaluated, 21497 expanded
[t=3.84483s, 48384 KB] New best heuristic value for operatorcounting(constraint_generators=[pho_constraints(patterns=systematic(2))],use_integer_operator_counts=false,transform=adapt_costs(cost_type=normal)): 8
[t=3.84483s, 48384 KB] g=58, 39823 evaluated, 34929 expanded
[t=101.052s, 101988 KB] New best heuristic value for operatorcounting(constraint_generators=[pho_constraints(patterns=systematic(2))],use_integer_operator_counts=false,transform=adapt_costs(cost_type=normal)): 7
[t=101.052s, 101988 KB] g=79, 1165758 evaluated, 1041124 expanded
[t=107.521s, 104472 KB] New best heuristic value for operatorcounting(constraint_generators=[pho_constraints(patterns=systematic(2))],use_integer_operator_counts=false,transform=adapt_costs(cost_type=normal)): 6
[t=107.521s, 104472 KB] g=81, 1243692 evaluated, 1107217 expanded
Peak memory: 1002132 KB
caught signal 24 -- exiting
Time limit has been reached.
Remove intermediate file output.sas
search exit code: 23

Driver aborting after search
INFO     Planner time: 1797.56s
