INFO     planner time limit: 1800s
INFO     planner memory limit: 2048 MB

INFO     Running translator.
INFO     translator stdin: None
INFO     translator time limit: 1799s
INFO     translator memory limit: 2048 MB
INFO     translator command line string: /home/henry/Documents/UFRGS/TCC/downward/.venv/bin/python /home/henry/Documents/UFRGS/TCC/downward/experiments/lab/data/main/code-5bb2ccb6957559b6969ffd7e29254c73f84d5e49_e5e41175/builds/release/bin/translate/translate.py domain.pddl problem.pddl --sas-file output.sas
Parsing...
Parsing: [0.040s CPU, 0.038s wall-clock]
Normalizing task... [0.000s CPU, 0.004s wall-clock]
Instantiating...
Generating Datalog program... [0.010s CPU, 0.009s wall-clock]
Normalizing Datalog program...
Normalizing Datalog program: [0.030s CPU, 0.027s wall-clock]
Preparing model... [0.030s CPU, 0.031s wall-clock]
Generated 1852 rules.
Computing model... [2.240s CPU, 2.252s wall-clock]
110339 relevant atoms
160312 auxiliary atoms
270651 final queue length
481791 total queue pushes
Completing instantiation... [3.780s CPU, 3.783s wall-clock]
Instantiating: [6.190s CPU, 6.203s wall-clock]
Computing fact groups...
Finding invariants...
10 initial candidates
Finding invariants: [0.080s CPU, 0.080s wall-clock]
Checking invariant weight... [0.000s CPU, 0.003s wall-clock]
Instantiating groups... [0.000s CPU, 0.002s wall-clock]
Collecting mutex groups... [0.000s CPU, 0.001s wall-clock]
Choosing groups...
230 uncovered facts
Choosing groups: [0.000s CPU, 0.002s wall-clock]
Building translation key... [0.000s CPU, 0.001s wall-clock]
Computing fact groups: [0.090s CPU, 0.095s wall-clock]
Building STRIPS to SAS dictionary... [0.000s CPU, 0.001s wall-clock]
Building dictionary for full mutex groups... [0.000s CPU, 0.001s wall-clock]
Building mutex information...
Building mutex information: [0.000s CPU, 0.001s wall-clock]
Translating task...
Processing axioms...
Simplifying axioms... [0.000s CPU, 0.000s wall-clock]
Translator axioms removed by simplifying: 0
Computing negative axioms... [0.000s CPU, 0.000s wall-clock]
Processing axioms: [0.140s CPU, 0.138s wall-clock]
Translating task: [3.400s CPU, 3.395s wall-clock]
0 effect conditions simplified
0 implied preconditions added
Detecting unreachable propositions...
0 operators removed
0 axioms removed
231 propositions removed
Detecting unreachable propositions: [1.880s CPU, 1.884s wall-clock]
Reordering and filtering variables...
461 of 461 variables necessary.
0 of 461 mutex groups necessary.
106260 of 106260 operators necessary.
0 of 0 axiom rules necessary.
Reordering and filtering variables: [0.360s CPU, 0.360s wall-clock]
Translator variables: 461
Translator derived variables: 0
Translator facts: 1381
Translator goal facts: 230
Translator mutex groups: 0
Translator total mutex groups size: 0
Translator operators: 106260
Translator axioms: 0
Translator task size: 676596
Translator peak memory: 457176 KB
Writing output... [0.460s CPU, 0.457s wall-clock]
Done! [12.590s CPU, 12.610s wall-clock]
translate exit code: 0

INFO     Running search (release).
INFO     search stdin: output.sas
INFO     search time limit: 1787s
INFO     search memory limit: 2048 MB
INFO     search command line string: /home/henry/Documents/UFRGS/TCC/downward/experiments/lab/data/main/code-5bb2ccb6957559b6969ffd7e29254c73f84d5e49_e5e41175/builds/release/bin/downward --search 'eager_greedy([ff(transform=adapt_costs(cost_type=NORMAL))])' --internal-plan-file sas_plan < output.sas
[t=0s, 10544 KB] reading input...
[t=0.323786s, 38856 KB] done reading input!
[t=0.347761s, 49944 KB] Simplifying 212060 unary operators... done! [212060 unary operators]
[t=0.63956s, 69844 KB] time to simplify: 0.307777s
[t=0.659542s, 69844 KB] Initializing additive heuristic...
[t=0.659542s, 69844 KB] Initializing FF heuristic...
[t=0.659542s, 69844 KB] Building successor generator...done!
[t=0.687518s, 69844 KB] peak memory difference for successor generator creation: 0 KB
[t=0.687518s, 69844 KB] time for successor generation creation: 0.0279762s
[t=0.687518s, 69844 KB] Variables: 461
[t=0.687518s, 69844 KB] FactPairs: 1381
[t=0.687518s, 69844 KB] Bytes per state: 88
[t=0.687518s, 69844 KB] Conducting best first search without reopening closed nodes, (real) bound = 2147483647
[t=0.691511s, 69844 KB] New best heuristic value for ff(transform=adapt_costs(cost_type=normal)): 1
[t=0.691511s, 69844 KB] g=0, 1 evaluated, 0 expanded
[t=0.691511s, 69844 KB] Initial heuristic value for ff(transform=adapt_costs(cost_type=normal)): 1
[t=0.691511s, 69844 KB] pruning method: none
[t=0.691511s, 69844 KB] New best heuristic value for ff(transform=adapt_costs(cost_type=normal)): 0
[t=0.691511s, 69844 KB] g=1, 2 evaluated, 1 expanded
Peak memory: 144624 KB
caught signal 24 -- exiting
Time limit has been reached.
Remove intermediate file output.sas
search exit code: 23

Driver aborting after search
INFO     Planner time: 1797.98s
