INFO     planner time limit: 1800s
INFO     planner memory limit: 2048 MB

INFO     Running translator.
INFO     translator stdin: None
INFO     translator time limit: 1799s
INFO     translator memory limit: 2048 MB
INFO     translator command line string: /home/henry/Documents/UFRGS/TCC/downward/.venv/bin/python /home/henry/Documents/UFRGS/TCC/downward/experiments/lab/data/main/code-5bb2ccb6957559b6969ffd7e29254c73f84d5e49_e5e41175/builds/release/bin/translate/translate.py domain.pddl problem.pddl --sas-file output.sas
Parsing...
Parsing: [0.060s CPU, 0.054s wall-clock]
Normalizing task... [0.000s CPU, 0.003s wall-clock]
Instantiating...
Generating Datalog program... [0.030s CPU, 0.027s wall-clock]
Normalizing Datalog program...
Normalizing Datalog program: [0.000s CPU, 0.001s wall-clock]
Preparing model... [0.110s CPU, 0.119s wall-clock]
Generated 23 rules.
Computing model... [0.330s CPU, 0.324s wall-clock]
24928 relevant atoms
44040 auxiliary atoms
68968 final queue length
81274 total queue pushes
Completing instantiation... [0.220s CPU, 0.218s wall-clock]
Instantiating: [0.710s CPU, 0.708s wall-clock]
Computing fact groups...
Finding invariants...
9 initial candidates
Finding invariants: [0.000s CPU, 0.005s wall-clock]
Checking invariant weight... [0.010s CPU, 0.006s wall-clock]
Instantiating groups... [0.000s CPU, 0.004s wall-clock]
Collecting mutex groups... [0.000s CPU, 0.000s wall-clock]
Choosing groups...
0 uncovered facts
Choosing groups: [0.000s CPU, 0.000s wall-clock]
Building translation key... [0.000s CPU, 0.000s wall-clock]
Computing fact groups: [0.010s CPU, 0.017s wall-clock]
Building STRIPS to SAS dictionary... [0.000s CPU, 0.000s wall-clock]
Building dictionary for full mutex groups... [0.000s CPU, 0.000s wall-clock]
Building mutex information...
Building mutex information: [0.000s CPU, 0.000s wall-clock]
Translating task...
Processing axioms...
Simplifying axioms... [0.000s CPU, 0.000s wall-clock]
Translator axioms removed by simplifying: 0
Computing negative axioms... [0.000s CPU, 0.000s wall-clock]
Processing axioms: [0.010s CPU, 0.009s wall-clock]
Translating task: [0.240s CPU, 0.233s wall-clock]
0 effect conditions simplified
0 implied preconditions added
Detecting unreachable propositions...
0 operators removed
0 axioms removed
14 propositions removed
Detecting unreachable propositions: [0.150s CPU, 0.155s wall-clock]
Reordering and filtering variables...
14 of 14 variables necessary.
0 of 14 mutex groups necessary.
6466 of 6466 operators necessary.
0 of 0 axiom rules necessary.
Reordering and filtering variables: [0.020s CPU, 0.017s wall-clock]
Translator variables: 14
Translator derived variables: 0
Translator facts: 352
Translator goal facts: 12
Translator mutex groups: 0
Translator total mutex groups size: 0
Translator operators: 6466
Translator axioms: 0
Translator task size: 32420
Translator peak memory: 68940 KB
Writing output... [0.030s CPU, 0.025s wall-clock]
Done! [1.230s CPU, 1.228s wall-clock]
translate exit code: 0

INFO     Running search (release).
INFO     search stdin: output.sas
INFO     search time limit: 1798s
INFO     search memory limit: 2048 MB
INFO     search command line string: /home/henry/Documents/UFRGS/TCC/downward/experiments/lab/data/main/code-5bb2ccb6957559b6969ffd7e29254c73f84d5e49_e5e41175/builds/release/bin/downward --search 'eager_greedy([operatorcounting(constraint_generators=[pho_constraints(patterns=systematic(4))], use_integer_operator_counts=true, transform=adapt_costs(cost_type=NORMAL))])' --internal-plan-file sas_plan < output.sas
[t=0s, 45596 KB] reading input...
[t=0.019054s, 47392 KB] done reading input!
[t=0.0210778s, 48172 KB] Generating patterns using: systematic pattern collection generator
[t=0.0210778s, 48172 KB] building causal graph...done! [t=0s]
[t=0.0210778s, 48172 KB] Found 36 SGA patterns.
[t=0.0210778s, 48172 KB] Found 388 interesting patterns.
[t=0.0210778s, 48172 KB] systematic pattern collection generator number of patterns: 388
[t=0.0210778s, 48172 KB] systematic pattern collection generator total PDB size: 30908436
[t=0.0210778s, 48172 KB] systematic pattern collection generator computation time: 0s
[t=0.0210778s, 48172 KB] Computing PDBs for pattern collection...
[t=9.55445s, 169756 KB] Done computing PDBs for pattern collection: 9.53337s
[t=9.65026s, 260920 KB] Building successor generator...done!
[t=9.65026s, 260920 KB] peak memory difference for successor generator creation: 0 KB
[t=9.65026s, 260920 KB] time for successor generation creation: 0s
[t=9.65026s, 260920 KB] Variables: 14
[t=9.65026s, 260920 KB] FactPairs: 352
[t=9.65026s, 260920 KB] Bytes per state: 8
[t=9.65026s, 260920 KB] Conducting best first search without reopening closed nodes, (real) bound = 2147483647
[t=9.83s, 288152 KB] New best heuristic value for operatorcounting(constraint_generators=[pho_constraints(patterns=systematic(4))],use_integer_operator_counts=true,transform=adapt_costs(cost_type=normal)): 38
[t=9.83s, 288152 KB] g=0, 1 evaluated, 0 expanded
[t=9.83s, 288152 KB] Initial heuristic value for operatorcounting(constraint_generators=[pho_constraints(patterns=systematic(4))],use_integer_operator_counts=true,transform=adapt_costs(cost_type=normal)): 38
[t=9.83s, 288152 KB] pruning method: none
[t=10.0815s, 288200 KB] New best heuristic value for operatorcounting(constraint_generators=[pho_constraints(patterns=systematic(4))],use_integer_operator_counts=true,transform=adapt_costs(cost_type=normal)): 37
[t=10.0815s, 288200 KB] g=1, 2 evaluated, 1 expanded
[t=12.6466s, 369768 KB] New best heuristic value for operatorcounting(constraint_generators=[pho_constraints(patterns=systematic(4))],use_integer_operator_counts=true,transform=adapt_costs(cost_type=normal)): 36
[t=12.6466s, 369768 KB] g=2, 12 evaluated, 3 expanded
[t=13.6598s, 369768 KB] New best heuristic value for operatorcounting(constraint_generators=[pho_constraints(patterns=systematic(4))],use_integer_operator_counts=true,transform=adapt_costs(cost_type=normal)): 35
[t=13.6598s, 369768 KB] g=3, 16 evaluated, 4 expanded
[t=14.6542s, 369852 KB] New best heuristic value for operatorcounting(constraint_generators=[pho_constraints(patterns=systematic(4))],use_integer_operator_counts=true,transform=adapt_costs(cost_type=normal)): 34
[t=14.6542s, 369852 KB] g=4, 20 evaluated, 5 expanded
[t=15.1015s, 369852 KB] New best heuristic value for operatorcounting(constraint_generators=[pho_constraints(patterns=systematic(4))],use_integer_operator_counts=true,transform=adapt_costs(cost_type=normal)): 33
[t=15.1015s, 369852 KB] g=5, 22 evaluated, 6 expanded
[t=17.1063s, 370024 KB] New best heuristic value for operatorcounting(constraint_generators=[pho_constraints(patterns=systematic(4))],use_integer_operator_counts=true,transform=adapt_costs(cost_type=normal)): 32
[t=17.1063s, 370024 KB] g=6, 30 evaluated, 7 expanded
[t=21.8519s, 370068 KB] New best heuristic value for operatorcounting(constraint_generators=[pho_constraints(patterns=systematic(4))],use_integer_operator_counts=true,transform=adapt_costs(cost_type=normal)): 31
[t=21.8519s, 370068 KB] g=8, 48 evaluated, 10 expanded
[t=34.0252s, 370108 KB] New best heuristic value for operatorcounting(constraint_generators=[pho_constraints(patterns=systematic(4))],use_integer_operator_counts=true,transform=adapt_costs(cost_type=normal)): 30
[t=34.0252s, 370108 KB] g=11, 100 evaluated, 18 expanded
[t=35.4664s, 370108 KB] New best heuristic value for operatorcounting(constraint_generators=[pho_constraints(patterns=systematic(4))],use_integer_operator_counts=true,transform=adapt_costs(cost_type=normal)): 29
[t=35.4664s, 370108 KB] g=12, 108 evaluated, 19 expanded
[t=189.685s, 370160 KB] New best heuristic value for operatorcounting(constraint_generators=[pho_constraints(patterns=systematic(4))],use_integer_operator_counts=true,transform=adapt_costs(cost_type=normal)): 28
[t=189.685s, 370160 KB] g=13, 1547 evaluated, 224 expanded
[t=196.17s, 370160 KB] New best heuristic value for operatorcounting(constraint_generators=[pho_constraints(patterns=systematic(4))],use_integer_operator_counts=true,transform=adapt_costs(cost_type=normal)): 27
[t=196.17s, 370160 KB] g=14, 1582 evaluated, 229 expanded
[t=198.426s, 370688 KB] New best heuristic value for operatorcounting(constraint_generators=[pho_constraints(patterns=systematic(4))],use_integer_operator_counts=true,transform=adapt_costs(cost_type=normal)): 26
[t=198.43s, 370688 KB] g=15, 1592 evaluated, 230 expanded
[t=210.449s, 370688 KB] New best heuristic value for operatorcounting(constraint_generators=[pho_constraints(patterns=systematic(4))],use_integer_operator_counts=true,transform=adapt_costs(cost_type=normal)): 25
[t=210.449s, 370688 KB] g=18, 1666 evaluated, 239 expanded
[t=213.457s, 370688 KB] New best heuristic value for operatorcounting(constraint_generators=[pho_constraints(patterns=systematic(4))],use_integer_operator_counts=true,transform=adapt_costs(cost_type=normal)): 24
[t=213.457s, 370688 KB] g=19, 1685 evaluated, 241 expanded
[t=216.454s, 370688 KB] New best heuristic value for operatorcounting(constraint_generators=[pho_constraints(patterns=systematic(4))],use_integer_operator_counts=true,transform=adapt_costs(cost_type=normal)): 23
[t=216.454s, 370688 KB] g=20, 1704 evaluated, 243 expanded
[t=466.4s, 370688 KB] New best heuristic value for operatorcounting(constraint_generators=[pho_constraints(patterns=systematic(4))],use_integer_operator_counts=true,transform=adapt_costs(cost_type=normal)): 22
[t=466.4s, 370688 KB] g=20, 5878 evaluated, 764 expanded
[t=468.792s, 370688 KB] New best heuristic value for operatorcounting(constraint_generators=[pho_constraints(patterns=systematic(4))],use_integer_operator_counts=true,transform=adapt_costs(cost_type=normal)): 21
[t=468.792s, 370688 KB] g=21, 5895 evaluated, 766 expanded
Peak memory: 372148 KB
caught signal 24 -- exiting
Time limit has been reached.
Remove intermediate file output.sas
search exit code: 23

Driver aborting after search
INFO     Planner time: 1795.40s
