INFO     planner time limit: 1800s
INFO     planner memory limit: 2048 MB

INFO     Running translator.
INFO     translator stdin: None
INFO     translator time limit: 1799s
INFO     translator memory limit: 2048 MB
INFO     translator command line string: /home/henry/Documents/UFRGS/TCC/downward/.venv/bin/python /home/henry/Documents/UFRGS/TCC/downward/experiments/lab/data/main/code-5bb2ccb6957559b6969ffd7e29254c73f84d5e49_e5e41175/builds/release/bin/translate/translate.py domain.pddl problem.pddl --sas-file output.sas
Parsing...
Parsing: [0.000s CPU, 0.003s wall-clock]
Normalizing task... [0.000s CPU, 0.000s wall-clock]
Instantiating...
Generating Datalog program... [0.000s CPU, 0.001s wall-clock]
Normalizing Datalog program...
Normalizing Datalog program: [0.000s CPU, 0.002s wall-clock]
Preparing model... [0.010s CPU, 0.002s wall-clock]
Generated 61 rules.
Computing model... [0.060s CPU, 0.066s wall-clock]
4450 relevant atoms
9198 auxiliary atoms
13648 final queue length
20464 total queue pushes
Completing instantiation... [0.120s CPU, 0.120s wall-clock]
Instantiating: [0.190s CPU, 0.194s wall-clock]
Computing fact groups...
Finding invariants...
9 initial candidates
Finding invariants: [0.000s CPU, 0.004s wall-clock]
Checking invariant weight... [0.000s CPU, 0.000s wall-clock]
Instantiating groups... [0.010s CPU, 0.000s wall-clock]
Collecting mutex groups... [0.000s CPU, 0.000s wall-clock]
Choosing groups...
160 uncovered facts
Choosing groups: [0.000s CPU, 0.000s wall-clock]
Building translation key... [0.000s CPU, 0.000s wall-clock]
Computing fact groups: [0.010s CPU, 0.006s wall-clock]
Building STRIPS to SAS dictionary... [0.000s CPU, 0.000s wall-clock]
Building dictionary for full mutex groups... [0.000s CPU, 0.000s wall-clock]
Building mutex information...
Building mutex information: [0.000s CPU, 0.000s wall-clock]
Translating task...
Processing axioms...
Simplifying axioms... [0.000s CPU, 0.000s wall-clock]
Translator axioms removed by simplifying: 0
Computing negative axioms... [0.000s CPU, 0.000s wall-clock]
Processing axioms: [0.000s CPU, 0.007s wall-clock]
Translating task: [0.120s CPU, 0.123s wall-clock]
644 effect conditions simplified
0 implied preconditions added
Detecting unreachable propositions...
4 operators removed
0 axioms removed
12 propositions removed
Detecting unreachable propositions: [0.050s CPU, 0.046s wall-clock]
Reordering and filtering variables...
160 of 160 variables necessary.
0 of 4 mutex groups necessary.
3864 of 3864 operators necessary.
0 of 0 axiom rules necessary.
Reordering and filtering variables: [0.010s CPU, 0.015s wall-clock]
Translator variables: 160
Translator derived variables: 0
Translator facts: 356
Translator goal facts: 8
Translator mutex groups: 0
Translator total mutex groups size: 0
Translator operators: 3864
Translator axioms: 0
Translator task size: 23859
Translator peak memory: 47452 KB
Writing output... [0.020s CPU, 0.021s wall-clock]
Done! [0.410s CPU, 0.415s wall-clock]
translate exit code: 0

INFO     Running search (release).
INFO     search stdin: output.sas
INFO     search time limit: 1799s
INFO     search memory limit: 2048 MB
INFO     search command line string: /home/henry/Documents/UFRGS/TCC/downward/experiments/lab/data/main/code-5bb2ccb6957559b6969ffd7e29254c73f84d5e49_e5e41175/builds/release/bin/downward --search 'eager_greedy([operatorcounting(constraint_generators=[pho_constraints(patterns=systematic(4))], use_integer_operator_counts=false, transform=adapt_costs(cost_type=NORMAL))])' --internal-plan-file sas_plan < output.sas
[t=0s, 45596 KB] reading input...
[t=0.0118486s, 46884 KB] done reading input!
[t=0.0168675s, 47420 KB] Generating patterns using: systematic pattern collection generator
[t=0.0168675s, 47420 KB] building causal graph...done! [t=0s]
[t=0.0168675s, 47572 KB] Found 948 SGA patterns.
[t=0.0208804s, 47572 KB] Found 948 interesting patterns.
[t=0.0208804s, 47572 KB] systematic pattern collection generator number of patterns: 948
[t=0.0208804s, 47572 KB] systematic pattern collection generator total PDB size: 54496
[t=0.0208804s, 47572 KB] systematic pattern collection generator computation time: 0.00401288s
[t=0.0208804s, 47572 KB] Computing PDBs for pattern collection...
[t=0.588131s, 48084 KB] Done computing PDBs for pattern collection: 0.567251s
[t=0.660063s, 70932 KB] Building successor generator...done!
[t=0.664052s, 70932 KB] peak memory difference for successor generator creation: 0 KB
[t=0.664052s, 70932 KB] time for successor generation creation: 0.00398892s
[t=0.664052s, 70932 KB] Variables: 160
[t=0.664052s, 70932 KB] FactPairs: 356
[t=0.664052s, 70932 KB] Bytes per state: 24
[t=0.664052s, 70932 KB] Conducting best first search without reopening closed nodes, (real) bound = 2147483647
[t=0.692008s, 81876 KB] New best heuristic value for operatorcounting(constraint_generators=[pho_constraints(patterns=systematic(4))],use_integer_operator_counts=false,transform=adapt_costs(cost_type=normal)): 123
[t=0.692008s, 81876 KB] g=0, 1 evaluated, 0 expanded
[t=0.692008s, 81876 KB] Initial heuristic value for operatorcounting(constraint_generators=[pho_constraints(patterns=systematic(4))],use_integer_operator_counts=false,transform=adapt_costs(cost_type=normal)): 123
[t=0.692008s, 81876 KB] pruning method: none
[t=2.24997s, 81876 KB] New best heuristic value for operatorcounting(constraint_generators=[pho_constraints(patterns=systematic(4))],use_integer_operator_counts=false,transform=adapt_costs(cost_type=normal)): 120
[t=2.24997s, 81876 KB] g=78, 392 evaluated, 104 expanded
[t=2.45763s, 81876 KB] New best heuristic value for operatorcounting(constraint_generators=[pho_constraints(patterns=systematic(4))],use_integer_operator_counts=false,transform=adapt_costs(cost_type=normal)): 117
[t=2.45763s, 81876 KB] g=102, 438 evaluated, 107 expanded
[t=3.26436s, 81876 KB] New best heuristic value for operatorcounting(constraint_generators=[pho_constraints(patterns=systematic(4))],use_integer_operator_counts=false,transform=adapt_costs(cost_type=normal)): 113
[t=3.26436s, 81876 KB] g=130, 630 evaluated, 122 expanded
[t=3.26836s, 81876 KB] New best heuristic value for operatorcounting(constraint_generators=[pho_constraints(patterns=systematic(4))],use_integer_operator_counts=false,transform=adapt_costs(cost_type=normal)): 109
[t=3.26836s, 81876 KB] g=126, 631 evaluated, 122 expanded
[t=3.33631s, 81876 KB] New best heuristic value for operatorcounting(constraint_generators=[pho_constraints(patterns=systematic(4))],use_integer_operator_counts=false,transform=adapt_costs(cost_type=normal)): 107
[t=3.33631s, 81876 KB] g=128, 649 evaluated, 123 expanded
[t=346.271s, 81876 KB] New best heuristic value for operatorcounting(constraint_generators=[pho_constraints(patterns=systematic(4))],use_integer_operator_counts=false,transform=adapt_costs(cost_type=normal)): 89
[t=346.271s, 81876 KB] g=187, 98824 evaluated, 16369 expanded
[t=346.379s, 81876 KB] New best heuristic value for operatorcounting(constraint_generators=[pho_constraints(patterns=systematic(4))],use_integer_operator_counts=false,transform=adapt_costs(cost_type=normal)): 74
[t=346.379s, 81876 KB] g=202, 98853 evaluated, 16370 expanded
[t=870.367s, 87812 KB] New best heuristic value for operatorcounting(constraint_generators=[pho_constraints(patterns=systematic(4))],use_integer_operator_counts=false,transform=adapt_costs(cost_type=normal)): 70
[t=870.367s, 87812 KB] g=264, 220211 evaluated, 36374 expanded
[t=870.463s, 87812 KB] New best heuristic value for operatorcounting(constraint_generators=[pho_constraints(patterns=systematic(4))],use_integer_operator_counts=false,transform=adapt_costs(cost_type=normal)): 64
[t=870.463s, 87812 KB] g=270, 220234 evaluated, 36375 expanded
[t=870.563s, 87812 KB] New best heuristic value for operatorcounting(constraint_generators=[pho_constraints(patterns=systematic(4))],use_integer_operator_counts=false,transform=adapt_costs(cost_type=normal)): 63
[t=870.563s, 87812 KB] g=271, 220259 evaluated, 36376 expanded
Peak memory: 105068 KB
caught signal 24 -- exiting
Time limit has been reached.
Remove intermediate file output.sas
search exit code: 23

Driver aborting after search
INFO     Planner time: 1796.93s
