INFO     planner time limit: 1800s
INFO     planner memory limit: 2048 MB

INFO     Running translator.
INFO     translator stdin: None
INFO     translator time limit: 1799s
INFO     translator memory limit: 2048 MB
INFO     translator command line string: /home/henry/Documents/UFRGS/TCC/downward/.venv/bin/python /home/henry/Documents/UFRGS/TCC/downward/experiments/lab/data/main/code-5bb2ccb6957559b6969ffd7e29254c73f84d5e49_e5e41175/builds/release/bin/translate/translate.py domain.pddl problem.pddl --sas-file output.sas
Parsing...
Parsing: [0.010s CPU, 0.005s wall-clock]
Normalizing task... [0.000s CPU, 0.000s wall-clock]
Instantiating...
Generating Datalog program... [0.000s CPU, 0.001s wall-clock]
Normalizing Datalog program...
Normalizing Datalog program: [0.000s CPU, 0.005s wall-clock]
Preparing model... [0.010s CPU, 0.004s wall-clock]
Generated 350 rules.
Computing model... [0.020s CPU, 0.024s wall-clock]
2370 relevant atoms
2806 auxiliary atoms
5176 final queue length
8728 total queue pushes
Completing instantiation... [0.040s CPU, 0.036s wall-clock]
Instantiating: [0.070s CPU, 0.071s wall-clock]
Computing fact groups...
Finding invariants...
20 initial candidates
Finding invariants: [0.000s CPU, 0.005s wall-clock]
Checking invariant weight... [0.000s CPU, 0.000s wall-clock]
Instantiating groups... [0.000s CPU, 0.001s wall-clock]
Collecting mutex groups... [0.000s CPU, 0.000s wall-clock]
Choosing groups...
412 uncovered facts
Choosing groups: [0.000s CPU, 0.004s wall-clock]
Building translation key... [0.000s CPU, 0.001s wall-clock]
Computing fact groups: [0.010s CPU, 0.014s wall-clock]
Building STRIPS to SAS dictionary... [0.000s CPU, 0.000s wall-clock]
Building dictionary for full mutex groups... [0.000s CPU, 0.000s wall-clock]
Building mutex information...
Building mutex information: [0.000s CPU, 0.000s wall-clock]
Translating task...
Processing axioms...
Simplifying axioms... [0.000s CPU, 0.000s wall-clock]
Translator axioms removed by simplifying: 0
Computing negative axioms... [0.000s CPU, 0.000s wall-clock]
Processing axioms: [0.010s CPU, 0.002s wall-clock]
Translating task: [0.050s CPU, 0.042s wall-clock]
1201 effect conditions simplified
0 implied preconditions added
Detecting unreachable propositions...
0 operators removed
0 axioms removed
14 propositions removed
Detecting unreachable propositions: [0.020s CPU, 0.020s wall-clock]
Reordering and filtering variables...
124 of 423 variables necessary.
0 of 12 mutex groups necessary.
1453 of 1453 operators necessary.
0 of 0 axiom rules necessary.
Reordering and filtering variables: [0.010s CPU, 0.009s wall-clock]
Translator variables: 124
Translator derived variables: 0
Translator facts: 476
Translator goal facts: 72
Translator mutex groups: 0
Translator total mutex groups size: 0
Translator operators: 1453
Translator axioms: 0
Translator task size: 10186
Translator peak memory: 39980 KB
Writing output... [0.010s CPU, 0.007s wall-clock]
Done! [0.180s CPU, 0.171s wall-clock]
translate exit code: 0

INFO     Running search (release).
INFO     search stdin: output.sas
INFO     search time limit: 1799s
INFO     search memory limit: 2048 MB
INFO     search command line string: /home/henry/Documents/UFRGS/TCC/downward/experiments/lab/data/main/code-5bb2ccb6957559b6969ffd7e29254c73f84d5e49_e5e41175/builds/release/bin/downward --search 'eager_greedy([operatorcounting(constraint_generators=[pho_constraints(patterns=systematic(2))], use_integer_operator_counts=false, transform=adapt_costs(cost_type=NORMAL))])' --internal-plan-file sas_plan < output.sas
[t=0s, 45596 KB] reading input...
[t=0.00380426s, 46000 KB] done reading input!
[t=0.0085458s, 46576 KB] Generating patterns using: systematic pattern collection generator
[t=0.0085458s, 46576 KB] building causal graph...done! [t=0s]
[t=0.0085458s, 46576 KB] Found 432 SGA patterns.
[t=0.0085458s, 46576 KB] Found 432 interesting patterns.
[t=0.0085458s, 46576 KB] systematic pattern collection generator number of patterns: 432
[t=0.0085458s, 46576 KB] systematic pattern collection generator total PDB size: 4738
[t=0.0085458s, 46576 KB] systematic pattern collection generator computation time: 0s
[t=0.0085458s, 46576 KB] Computing PDBs for pattern collection...
[t=0.0884688s, 46576 KB] Done computing PDBs for pattern collection: 0.079923s
[t=0.100472s, 47360 KB] Building successor generator...done!
[t=0.100472s, 47360 KB] peak memory difference for successor generator creation: 0 KB
[t=0.100472s, 47360 KB] time for successor generation creation: 0s
[t=0.100472s, 47360 KB] Variables: 124
[t=0.100472s, 47360 KB] FactPairs: 476
[t=0.100472s, 47360 KB] Bytes per state: 24
[t=0.100472s, 47360 KB] Conducting best first search without reopening closed nodes, (real) bound = 2147483647
[t=0.100472s, 47960 KB] New best heuristic value for operatorcounting(constraint_generators=[pho_constraints(patterns=systematic(2))],use_integer_operator_counts=false,transform=adapt_costs(cost_type=normal)): 2281975
[t=0.100472s, 47960 KB] g=0, 1 evaluated, 0 expanded
[t=0.100472s, 48096 KB] Initial heuristic value for operatorcounting(constraint_generators=[pho_constraints(patterns=systematic(2))],use_integer_operator_counts=false,transform=adapt_costs(cost_type=normal)): 2281975
[t=0.100472s, 48096 KB] pruning method: none
[t=0.100472s, 48124 KB] New best heuristic value for operatorcounting(constraint_generators=[pho_constraints(patterns=systematic(2))],use_integer_operator_counts=false,transform=adapt_costs(cost_type=normal)): 2281475
[t=0.100472s, 48124 KB] g=899, 3 evaluated, 2 expanded
[t=0.104455s, 48124 KB] New best heuristic value for operatorcounting(constraint_generators=[pho_constraints(patterns=systematic(2))],use_integer_operator_counts=false,transform=adapt_costs(cost_type=normal)): 2278387
[t=0.104455s, 48124 KB] g=3588, 15 evaluated, 3 expanded
[t=0.104455s, 48124 KB] New best heuristic value for operatorcounting(constraint_generators=[pho_constraints(patterns=systematic(2))],use_integer_operator_counts=false,transform=adapt_costs(cost_type=normal)): 2267497
[t=0.104455s, 48124 KB] g=14478, 29 evaluated, 4 expanded
[t=0.108455s, 48124 KB] New best heuristic value for operatorcounting(constraint_generators=[pho_constraints(patterns=systematic(2))],use_integer_operator_counts=false,transform=adapt_costs(cost_type=normal)): 2266997
[t=0.108455s, 48124 KB] g=15377, 43 evaluated, 5 expanded
[t=0.112459s, 48124 KB] New best heuristic value for operatorcounting(constraint_generators=[pho_constraints(patterns=systematic(2))],use_integer_operator_counts=false,transform=adapt_costs(cost_type=normal)): 2263909
[t=0.112459s, 48124 KB] g=18066, 56 evaluated, 6 expanded
[t=0.112459s, 48124 KB] New best heuristic value for operatorcounting(constraint_generators=[pho_constraints(patterns=systematic(2))],use_integer_operator_counts=false,transform=adapt_costs(cost_type=normal)): 2253019
[t=0.112459s, 48124 KB] g=28956, 71 evaluated, 7 expanded
[t=0.116447s, 48124 KB] New best heuristic value for operatorcounting(constraint_generators=[pho_constraints(patterns=systematic(2))],use_integer_operator_counts=false,transform=adapt_costs(cost_type=normal)): 2252519
[t=0.116447s, 48124 KB] g=29855, 86 evaluated, 8 expanded
[t=0.120459s, 48124 KB] New best heuristic value for operatorcounting(constraint_generators=[pho_constraints(patterns=systematic(2))],use_integer_operator_counts=false,transform=adapt_costs(cost_type=normal)): 2250930
[t=0.120459s, 48124 KB] g=32544, 100 evaluated, 9 expanded
[t=0.120459s, 48124 KB] New best heuristic value for operatorcounting(constraint_generators=[pho_constraints(patterns=systematic(2))],use_integer_operator_counts=false,transform=adapt_costs(cost_type=normal)): 2250430
[t=0.120459s, 48124 KB] g=33443, 117 evaluated, 10 expanded
[t=0.12444s, 48124 KB] New best heuristic value for operatorcounting(constraint_generators=[pho_constraints(patterns=systematic(2))],use_integer_operator_counts=false,transform=adapt_costs(cost_type=normal)): 2248841
[t=0.12444s, 48124 KB] g=36132, 132 evaluated, 11 expanded
[t=0.12844s, 48124 KB] New best heuristic value for operatorcounting(constraint_generators=[pho_constraints(patterns=systematic(2))],use_integer_operator_counts=false,transform=adapt_costs(cost_type=normal)): 2248341
[t=0.12844s, 48124 KB] g=37031, 150 evaluated, 12 expanded
[t=0.13245s, 48124 KB] New best heuristic value for operatorcounting(constraint_generators=[pho_constraints(patterns=systematic(2))],use_integer_operator_counts=false,transform=adapt_costs(cost_type=normal)): 2246752
[t=0.13245s, 48124 KB] g=39720, 166 evaluated, 13 expanded
[t=0.13245s, 48124 KB] New best heuristic value for operatorcounting(constraint_generators=[pho_constraints(patterns=systematic(2))],use_integer_operator_counts=false,transform=adapt_costs(cost_type=normal)): 2246252
[t=0.13245s, 48124 KB] g=40619, 185 evaluated, 14 expanded
[t=0.13643s, 48124 KB] New best heuristic value for operatorcounting(constraint_generators=[pho_constraints(patterns=systematic(2))],use_integer_operator_counts=false,transform=adapt_costs(cost_type=normal)): 2243164
[t=0.13643s, 48124 KB] g=43308, 202 evaluated, 15 expanded
[t=0.14044s, 48124 KB] New best heuristic value for operatorcounting(constraint_generators=[pho_constraints(patterns=systematic(2))],use_integer_operator_counts=false,transform=adapt_costs(cost_type=normal)): 2232274
[t=0.14044s, 48124 KB] g=54198, 221 evaluated, 16 expanded
[t=0.144425s, 48124 KB] New best heuristic value for operatorcounting(constraint_generators=[pho_constraints(patterns=systematic(2))],use_integer_operator_counts=false,transform=adapt_costs(cost_type=normal)): 2231774
[t=0.144425s, 48124 KB] g=55097, 240 evaluated, 17 expanded
[t=0.148424s, 48124 KB] New best heuristic value for operatorcounting(constraint_generators=[pho_constraints(patterns=systematic(2))],use_integer_operator_counts=false,transform=adapt_costs(cost_type=normal)): 2230185
[t=0.148424s, 48124 KB] g=57786, 258 evaluated, 18 expanded
[t=0.152428s, 48124 KB] New best heuristic value for operatorcounting(constraint_generators=[pho_constraints(patterns=systematic(2))],use_integer_operator_counts=false,transform=adapt_costs(cost_type=normal)): 2229685
[t=0.152428s, 48124 KB] g=58685, 279 evaluated, 19 expanded
[t=0.156417s, 48124 KB] New best heuristic value for operatorcounting(constraint_generators=[pho_constraints(patterns=systematic(2))],use_integer_operator_counts=false,transform=adapt_costs(cost_type=normal)): 2229185
[t=0.156417s, 48124 KB] g=59185, 300 evaluated, 20 expanded
[t=0.156417s, 48124 KB] New best heuristic value for operatorcounting(constraint_generators=[pho_constraints(patterns=systematic(2))],use_integer_operator_counts=false,transform=adapt_costs(cost_type=normal)): 2227596
[t=0.156417s, 48124 KB] g=61874, 320 evaluated, 21 expanded
[t=0.160427s, 48124 KB] New best heuristic value for operatorcounting(constraint_generators=[pho_constraints(patterns=systematic(2))],use_integer_operator_counts=false,transform=adapt_costs(cost_type=normal)): 2227096
[t=0.160427s, 48124 KB] g=62773, 343 evaluated, 22 expanded
[t=0.16441s, 48124 KB] New best heuristic value for operatorcounting(constraint_generators=[pho_constraints(patterns=systematic(2))],use_integer_operator_counts=false,transform=adapt_costs(cost_type=normal)): 2225507
[t=0.16441s, 48124 KB] g=65462, 364 evaluated, 23 expanded
[t=0.16841s, 48124 KB] New best heuristic value for operatorcounting(constraint_generators=[pho_constraints(patterns=systematic(2))],use_integer_operator_counts=false,transform=adapt_costs(cost_type=normal)): 2225007
[t=0.16841s, 48124 KB] g=66361, 388 evaluated, 24 expanded
[t=0.172414s, 48124 KB] New best heuristic value for operatorcounting(constraint_generators=[pho_constraints(patterns=systematic(2))],use_integer_operator_counts=false,transform=adapt_costs(cost_type=normal)): 2223418
[t=0.172414s, 48124 KB] g=69050, 410 evaluated, 25 expanded
[t=0.176404s, 48124 KB] New best heuristic value for operatorcounting(constraint_generators=[pho_constraints(patterns=systematic(2))],use_integer_operator_counts=false,transform=adapt_costs(cost_type=normal)): 2222918
[t=0.180413s, 48124 KB] g=69949, 435 evaluated, 26 expanded
[t=0.184397s, 48124 KB] New best heuristic value for operatorcounting(constraint_generators=[pho_constraints(patterns=systematic(2))],use_integer_operator_counts=false,transform=adapt_costs(cost_type=normal)): 2221329
[t=0.184397s, 48124 KB] g=72638, 458 evaluated, 27 expanded
[t=0.192401s, 48256 KB] New best heuristic value for operatorcounting(constraint_generators=[pho_constraints(patterns=systematic(2))],use_integer_operator_counts=false,transform=adapt_costs(cost_type=normal)): 2210024
[t=0.192401s, 48256 KB] g=87531, 522 evaluated, 30 expanded
[t=0.228358s, 48256 KB] New best heuristic value for operatorcounting(constraint_generators=[pho_constraints(patterns=systematic(2))],use_integer_operator_counts=false,transform=adapt_costs(cost_type=normal)): 2131874
[t=0.228358s, 48256 KB] g=315917, 721 evaluated, 39 expanded
[t=0.232362s, 48256 KB] New best heuristic value for operatorcounting(constraint_generators=[pho_constraints(patterns=systematic(2))],use_integer_operator_counts=false,transform=adapt_costs(cost_type=normal)): 2052955
[t=0.232362s, 48256 KB] g=394836, 751 evaluated, 40 expanded
[t=0.236354s, 48256 KB] New best heuristic value for operatorcounting(constraint_generators=[pho_constraints(patterns=systematic(2))],use_integer_operator_counts=false,transform=adapt_costs(cost_type=normal)): 2049387
[t=0.236354s, 48256 KB] g=398404, 770 evaluated, 41 expanded
[t=0.240359s, 48256 KB] New best heuristic value for operatorcounting(constraint_generators=[pho_constraints(patterns=systematic(2))],use_integer_operator_counts=false,transform=adapt_costs(cost_type=normal)): 2038518
[t=0.240359s, 48256 KB] g=409273, 793 evaluated, 42 expanded
[t=0.244343s, 48256 KB] New best heuristic value for operatorcounting(constraint_generators=[pho_constraints(patterns=systematic(2))],use_integer_operator_counts=false,transform=adapt_costs(cost_type=normal)): 2027649
[t=0.244343s, 48256 KB] g=420142, 816 evaluated, 43 expanded
[t=0.252346s, 48256 KB] New best heuristic value for operatorcounting(constraint_generators=[pho_constraints(patterns=systematic(2))],use_integer_operator_counts=false,transform=adapt_costs(cost_type=normal)): 2024518
[t=0.252346s, 48256 KB] g=423273, 861 evaluated, 44 expanded
[t=0.252346s, 48256 KB] New best heuristic value for operatorcounting(constraint_generators=[pho_constraints(patterns=systematic(2))],use_integer_operator_counts=false,transform=adapt_costs(cost_type=normal)): 2013628
[t=0.252346s, 48256 KB] g=434163, 877 evaluated, 45 expanded
[t=0.272332s, 48256 KB] New best heuristic value for operatorcounting(constraint_generators=[pho_constraints(patterns=systematic(2))],use_integer_operator_counts=false,transform=adapt_costs(cost_type=normal)): 1920241
[t=0.272332s, 48256 KB] g=569717, 980 evaluated, 49 expanded
[t=0.272332s, 48256 KB] New best heuristic value for operatorcounting(constraint_generators=[pho_constraints(patterns=systematic(2))],use_integer_operator_counts=false,transform=adapt_costs(cost_type=normal)): 1892532
[t=0.272332s, 48256 KB] g=597426, 989 evaluated, 50 expanded
[t=0.276324s, 48256 KB] New best heuristic value for operatorcounting(constraint_generators=[pho_constraints(patterns=systematic(2))],use_integer_operator_counts=false,transform=adapt_costs(cost_type=normal)): 1881325
[t=0.276324s, 48256 KB] g=608633, 1009 evaluated, 51 expanded
[t=0.280329s, 48256 KB] New best heuristic value for operatorcounting(constraint_generators=[pho_constraints(patterns=systematic(2))],use_integer_operator_counts=false,transform=adapt_costs(cost_type=normal)): 1878074
[t=0.280329s, 48256 KB] g=611884, 1029 evaluated, 52 expanded
[t=0.296311s, 48256 KB] New best heuristic value for operatorcounting(constraint_generators=[pho_constraints(patterns=systematic(2))],use_integer_operator_counts=false,transform=adapt_costs(cost_type=normal)): 1784687
[t=0.296311s, 48256 KB] g=747438, 1120 evaluated, 55 expanded
[t=0.296311s, 48256 KB] New best heuristic value for operatorcounting(constraint_generators=[pho_constraints(patterns=systematic(2))],use_integer_operator_counts=false,transform=adapt_costs(cost_type=normal)): 1756978
[t=0.296311s, 48256 KB] g=775147, 1129 evaluated, 56 expanded
[t=0.300307s, 48256 KB] New best heuristic value for operatorcounting(constraint_generators=[pho_constraints(patterns=systematic(2))],use_integer_operator_counts=false,transform=adapt_costs(cost_type=normal)): 1745771
[t=0.300307s, 48256 KB] g=786354, 1147 evaluated, 57 expanded
[t=0.304311s, 48256 KB] New best heuristic value for operatorcounting(constraint_generators=[pho_constraints(patterns=systematic(2))],use_integer_operator_counts=false,transform=adapt_costs(cost_type=normal)): 1742520
[t=0.304311s, 48256 KB] g=789605, 1165 evaluated, 58 expanded
[t=0.31629s, 48256 KB] New best heuristic value for operatorcounting(constraint_generators=[pho_constraints(patterns=systematic(2))],use_integer_operator_counts=false,transform=adapt_costs(cost_type=normal)): 1649133
[t=0.320285s, 48256 KB] g=925159, 1248 evaluated, 61 expanded
[t=0.320285s, 48256 KB] New best heuristic value for operatorcounting(constraint_generators=[pho_constraints(patterns=systematic(2))],use_integer_operator_counts=false,transform=adapt_costs(cost_type=normal)): 1621424
[t=0.320285s, 48256 KB] g=952868, 1257 evaluated, 62 expanded
[t=0.324289s, 48256 KB] New best heuristic value for operatorcounting(constraint_generators=[pho_constraints(patterns=systematic(2))],use_integer_operator_counts=false,transform=adapt_costs(cost_type=normal)): 1610217
[t=0.324289s, 48256 KB] g=964075, 1273 evaluated, 63 expanded
[t=0.324289s, 48256 KB] New best heuristic value for operatorcounting(constraint_generators=[pho_constraints(patterns=systematic(2))],use_integer_operator_counts=false,transform=adapt_costs(cost_type=normal)): 1606966
[t=0.324289s, 48256 KB] g=967326, 1289 evaluated, 64 expanded
[t=0.340279s, 48256 KB] New best heuristic value for operatorcounting(constraint_generators=[pho_constraints(patterns=systematic(2))],use_integer_operator_counts=false,transform=adapt_costs(cost_type=normal)): 1513579
[t=0.340279s, 48256 KB] g=1102880, 1364 evaluated, 67 expanded
[t=0.340279s, 48256 KB] New best heuristic value for operatorcounting(constraint_generators=[pho_constraints(patterns=systematic(2))],use_integer_operator_counts=false,transform=adapt_costs(cost_type=normal)): 1485870
[t=0.340279s, 48256 KB] g=1130589, 1373 evaluated, 68 expanded
[t=0.344266s, 48256 KB] New best heuristic value for operatorcounting(constraint_generators=[pho_constraints(patterns=systematic(2))],use_integer_operator_counts=false,transform=adapt_costs(cost_type=normal)): 1474663
[t=0.344266s, 48256 KB] g=1141796, 1389 evaluated, 69 expanded
[t=0.344266s, 48256 KB] New best heuristic value for operatorcounting(constraint_generators=[pho_constraints(patterns=systematic(2))],use_integer_operator_counts=false,transform=adapt_costs(cost_type=normal)): 1471412
[t=0.344266s, 48256 KB] g=1145047, 1401 evaluated, 70 expanded
[t=0.356261s, 48256 KB] New best heuristic value for operatorcounting(constraint_generators=[pho_constraints(patterns=systematic(2))],use_integer_operator_counts=false,transform=adapt_costs(cost_type=normal)): 1378025
[t=0.356261s, 48256 KB] g=1280601, 1468 evaluated, 73 expanded
[t=0.356261s, 48256 KB] New best heuristic value for operatorcounting(constraint_generators=[pho_constraints(patterns=systematic(2))],use_integer_operator_counts=false,transform=adapt_costs(cost_type=normal)): 1350316
[t=0.356261s, 48256 KB] g=1308310, 1477 evaluated, 74 expanded
[t=0.360258s, 48256 KB] New best heuristic value for operatorcounting(constraint_generators=[pho_constraints(patterns=systematic(2))],use_integer_operator_counts=false,transform=adapt_costs(cost_type=normal)): 1339109
[t=0.360258s, 48256 KB] g=1319517, 1493 evaluated, 75 expanded
[t=0.360258s, 48388 KB] New best heuristic value for operatorcounting(constraint_generators=[pho_constraints(patterns=systematic(2))],use_integer_operator_counts=false,transform=adapt_costs(cost_type=normal)): 1335858
[t=0.360258s, 48388 KB] g=1322768, 1501 evaluated, 76 expanded
[t=0.372261s, 48388 KB] New best heuristic value for operatorcounting(constraint_generators=[pho_constraints(patterns=systematic(2))],use_integer_operator_counts=false,transform=adapt_costs(cost_type=normal)): 1242471
[t=0.372261s, 48388 KB] g=1458322, 1559 evaluated, 79 expanded
[t=0.372261s, 48388 KB] New best heuristic value for operatorcounting(constraint_generators=[pho_constraints(patterns=systematic(2))],use_integer_operator_counts=false,transform=adapt_costs(cost_type=normal)): 1214762
[t=0.372261s, 48388 KB] g=1486031, 1569 evaluated, 80 expanded
[t=0.376244s, 48388 KB] New best heuristic value for operatorcounting(constraint_generators=[pho_constraints(patterns=systematic(2))],use_integer_operator_counts=false,transform=adapt_costs(cost_type=normal)): 1203555
[t=0.376244s, 48388 KB] g=1497238, 1583 evaluated, 81 expanded
[t=0.376244s, 48388 KB] New best heuristic value for operatorcounting(constraint_generators=[pho_constraints(patterns=systematic(2))],use_integer_operator_counts=false,transform=adapt_costs(cost_type=normal)): 1200304
[t=0.376244s, 48388 KB] g=1500489, 1589 evaluated, 82 expanded
[t=0.384248s, 48388 KB] New best heuristic value for operatorcounting(constraint_generators=[pho_constraints(patterns=systematic(2))],use_integer_operator_counts=false,transform=adapt_costs(cost_type=normal)): 1106917
[t=0.384248s, 48388 KB] g=1636043, 1640 evaluated, 85 expanded
[t=0.388231s, 48388 KB] New best heuristic value for operatorcounting(constraint_generators=[pho_constraints(patterns=systematic(2))],use_integer_operator_counts=false,transform=adapt_costs(cost_type=normal)): 1079208
[t=0.388231s, 48388 KB] g=1663752, 1649 evaluated, 86 expanded
[t=0.388231s, 48388 KB] New best heuristic value for operatorcounting(constraint_generators=[pho_constraints(patterns=systematic(2))],use_integer_operator_counts=false,transform=adapt_costs(cost_type=normal)): 1068001
[t=0.388231s, 48388 KB] g=1674959, 1661 evaluated, 87 expanded
[t=0.388231s, 48388 KB] New best heuristic value for operatorcounting(constraint_generators=[pho_constraints(patterns=systematic(2))],use_integer_operator_counts=false,transform=adapt_costs(cost_type=normal)): 1064750
[t=0.388231s, 48388 KB] g=1678210, 1665 evaluated, 88 expanded
[t=0.396228s, 48388 KB] New best heuristic value for operatorcounting(constraint_generators=[pho_constraints(patterns=systematic(2))],use_integer_operator_counts=false,transform=adapt_costs(cost_type=normal)): 971363
[t=0.396228s, 48388 KB] g=1813764, 1708 evaluated, 91 expanded
[t=0.400232s, 48388 KB] New best heuristic value for operatorcounting(constraint_generators=[pho_constraints(patterns=systematic(2))],use_integer_operator_counts=false,transform=adapt_costs(cost_type=normal)): 943654
[t=0.400232s, 48388 KB] g=1841473, 1717 evaluated, 92 expanded
[t=0.400232s, 48388 KB] New best heuristic value for operatorcounting(constraint_generators=[pho_constraints(patterns=systematic(2))],use_integer_operator_counts=false,transform=adapt_costs(cost_type=normal)): 932447
[t=0.400232s, 48388 KB] g=1852680, 1727 evaluated, 93 expanded
[t=0.400232s, 48388 KB] New best heuristic value for operatorcounting(constraint_generators=[pho_constraints(patterns=systematic(2))],use_integer_operator_counts=false,transform=adapt_costs(cost_type=normal)): 929196
[t=0.400232s, 48388 KB] g=1855931, 1729 evaluated, 94 expanded
[t=9.86886s, 52052 KB] New best heuristic value for operatorcounting(constraint_generators=[pho_constraints(patterns=systematic(2))],use_integer_operator_counts=false,transform=adapt_costs(cost_type=normal)): 783564
[t=9.86886s, 52052 KB] g=2085232, 56229 evaluated, 8317 expanded
[t=9.87286s, 52052 KB] New best heuristic value for operatorcounting(constraint_generators=[pho_constraints(patterns=systematic(2))],use_integer_operator_counts=false,transform=adapt_costs(cost_type=normal)): 704645
[t=9.87286s, 52052 KB] g=2164151, 56235 evaluated, 8318 expanded
[t=9.87286s, 52052 KB] New best heuristic value for operatorcounting(constraint_generators=[pho_constraints(patterns=systematic(2))],use_integer_operator_counts=false,transform=adapt_costs(cost_type=normal)): 701394
[t=9.87286s, 52052 KB] g=2167402, 56243 evaluated, 8319 expanded
[t=9.87286s, 52052 KB] New best heuristic value for operatorcounting(constraint_generators=[pho_constraints(patterns=systematic(2))],use_integer_operator_counts=false,transform=adapt_costs(cost_type=normal)): 699895
[t=9.87286s, 52052 KB] g=2168901, 56251 evaluated, 8320 expanded
[t=11.9114s, 53376 KB] New best heuristic value for operatorcounting(constraint_generators=[pho_constraints(patterns=systematic(2))],use_integer_operator_counts=false,transform=adapt_costs(cost_type=normal)): 554263
[t=11.9114s, 53376 KB] g=2398202, 68665 evaluated, 10891 expanded
[t=11.9114s, 53376 KB] New best heuristic value for operatorcounting(constraint_generators=[pho_constraints(patterns=systematic(2))],use_integer_operator_counts=false,transform=adapt_costs(cost_type=normal)): 475344
[t=11.9114s, 53376 KB] g=2477121, 68669 evaluated, 10892 expanded
[t=11.9114s, 53376 KB] New best heuristic value for operatorcounting(constraint_generators=[pho_constraints(patterns=systematic(2))],use_integer_operator_counts=false,transform=adapt_costs(cost_type=normal)): 472093
[t=11.9114s, 53376 KB] g=2480372, 68675 evaluated, 10893 expanded
[t=11.9114s, 53376 KB] New best heuristic value for operatorcounting(constraint_generators=[pho_constraints(patterns=systematic(2))],use_integer_operator_counts=false,transform=adapt_costs(cost_type=normal)): 470594
[t=11.9114s, 53376 KB] g=2481871, 68681 evaluated, 10894 expanded
[t=11.9154s, 53376 KB] New best heuristic value for operatorcounting(constraint_generators=[pho_constraints(patterns=systematic(2))],use_integer_operator_counts=false,transform=adapt_costs(cost_type=normal)): 469095
[t=11.9154s, 53376 KB] g=2483370, 68686 evaluated, 10895 expanded
[t=11.9154s, 53376 KB] New best heuristic value for operatorcounting(constraint_generators=[pho_constraints(patterns=systematic(2))],use_integer_operator_counts=false,transform=adapt_costs(cost_type=normal)): 467596
[t=11.9154s, 53376 KB] g=2484869, 68691 evaluated, 10896 expanded
[t=11.9154s, 53376 KB] New best heuristic value for operatorcounting(constraint_generators=[pho_constraints(patterns=systematic(2))],use_integer_operator_counts=false,transform=adapt_costs(cost_type=normal)): 466097
[t=11.9154s, 53376 KB] g=2486368, 68696 evaluated, 10897 expanded
[t=12.2432s, 53656 KB] New best heuristic value for operatorcounting(constraint_generators=[pho_constraints(patterns=systematic(2))],use_integer_operator_counts=false,transform=adapt_costs(cost_type=normal)): 320465
[t=12.2432s, 53656 KB] g=2715669, 70751 evaluated, 11535 expanded
[t=12.2432s, 53656 KB] New best heuristic value for operatorcounting(constraint_generators=[pho_constraints(patterns=systematic(2))],use_integer_operator_counts=false,transform=adapt_costs(cost_type=normal)): 241546
[t=12.2432s, 53656 KB] g=2794588, 70754 evaluated, 11536 expanded
[t=12.2472s, 53656 KB] New best heuristic value for operatorcounting(constraint_generators=[pho_constraints(patterns=systematic(2))],use_integer_operator_counts=false,transform=adapt_costs(cost_type=normal)): 238295
[t=12.2472s, 53656 KB] g=2797839, 70758 evaluated, 11537 expanded
[t=12.2472s, 53656 KB] New best heuristic value for operatorcounting(constraint_generators=[pho_constraints(patterns=systematic(2))],use_integer_operator_counts=false,transform=adapt_costs(cost_type=normal)): 236796
[t=12.2472s, 53656 KB] g=2799338, 70762 evaluated, 11538 expanded
[t=12.2472s, 53656 KB] New best heuristic value for operatorcounting(constraint_generators=[pho_constraints(patterns=systematic(2))],use_integer_operator_counts=false,transform=adapt_costs(cost_type=normal)): 235297
[t=12.2472s, 53656 KB] g=2800837, 70765 evaluated, 11539 expanded
[t=12.2951s, 53656 KB] New best heuristic value for operatorcounting(constraint_generators=[pho_constraints(patterns=systematic(2))],use_integer_operator_counts=false,transform=adapt_costs(cost_type=normal)): 89665
[t=12.2951s, 53656 KB] g=3030138, 71068 evaluated, 11666 expanded
[t=12.2951s, 53656 KB] New best heuristic value for operatorcounting(constraint_generators=[pho_constraints(patterns=systematic(2))],use_integer_operator_counts=false,transform=adapt_costs(cost_type=normal)): 10746
[t=12.2951s, 53656 KB] g=3109057, 71070 evaluated, 11667 expanded
[t=12.2951s, 53656 KB] New best heuristic value for operatorcounting(constraint_generators=[pho_constraints(patterns=systematic(2))],use_integer_operator_counts=false,transform=adapt_costs(cost_type=normal)): 7495
[t=12.2951s, 53656 KB] g=3112308, 71072 evaluated, 11668 expanded
[t=12.2951s, 53656 KB] New best heuristic value for operatorcounting(constraint_generators=[pho_constraints(patterns=systematic(2))],use_integer_operator_counts=false,transform=adapt_costs(cost_type=normal)): 5996
[t=12.2951s, 53656 KB] g=3113807, 71074 evaluated, 11669 expanded
[t=12.2951s, 53656 KB] New best heuristic value for operatorcounting(constraint_generators=[pho_constraints(patterns=systematic(2))],use_integer_operator_counts=false,transform=adapt_costs(cost_type=normal)): 4497
[t=12.2951s, 53656 KB] g=3115306, 71075 evaluated, 11670 expanded
[t=12.2951s, 53656 KB] New best heuristic value for operatorcounting(constraint_generators=[pho_constraints(patterns=systematic(2))],use_integer_operator_counts=false,transform=adapt_costs(cost_type=normal)): 2998
[t=12.2951s, 53656 KB] g=3116805, 71076 evaluated, 11671 expanded
[t=12.2951s, 53656 KB] New best heuristic value for operatorcounting(constraint_generators=[pho_constraints(patterns=systematic(2))],use_integer_operator_counts=false,transform=adapt_costs(cost_type=normal)): 1499
[t=12.2951s, 53656 KB] g=3118304, 71077 evaluated, 11672 expanded
[t=12.2951s, 53656 KB] New best heuristic value for operatorcounting(constraint_generators=[pho_constraints(patterns=systematic(2))],use_integer_operator_counts=false,transform=adapt_costs(cost_type=normal)): 0
[t=12.2951s, 53656 KB] g=3119803, 71078 evaluated, 11673 expanded
[t=12.2951s, 53656 KB] Solution found!
[t=12.2951s, 53656 KB] Actual search time: 12.1946s
initialize  (0)
fe1-feedmsi-letter sheet1 (500)
im1-movelower-letter sheet1 (3088)
lc1-fmove-letter sheet1 (10890)
fe1-feedmsi-letter sheet2 (500)
im1-movelower-letter sheet2 (3088)
lc1-fmove-letter sheet2 (10890)
fe1-feedmsi-letter sheet3 (500)
im1-movelower-letter sheet3 (3088)
fe1-feedmsi-letter sheet4 (500)
im1-movelower-letter sheet4 (3088)
fe1-feedmsi-letter sheet5 (500)
im1-movelower-letter sheet5 (3088)
fe1-feedmsi-letter sheet6 (500)
im1-movelower-letter sheet6 (3088)
lc1-fmove-letter sheet6 (10890)
fe1-feedmsi-letter sheet7 (500)
im1-movelower-letter sheet7 (3088)
fe1-feedmsi-letter sheet8 (500)
fe1-feedmsi-letter sheet9 (500)
im1-movelower-letter sheet9 (3088)
fe1-feedmsi-letter sheet10 (500)
im1-movelower-letter sheet10 (3088)
fe1-feedmsi-letter sheet11 (500)
im1-movelower-letter sheet11 (3088)
fe1-feedmsi-letter sheet12 (500)
im1-movelower-letter sheet12 (3088)
im1-movelower-letter sheet8 (3088)
lc1-fmove-letter sheet8 (10890)
lc2-divert-letter sheet8 back front (17452)
lre-simplex-letter sheet8 front image-8 (211849)
lc2-mergeinvert-letter sheet8 (78919)
om-lowerreturn-letter sheet8 (3568)
rh2-returnmove-letter sheet8 (10869)
rh1-returnmove-letter sheet8 (10869)
im1-looplower-letter sheet8 (3131)
lc1-fmove-letter sheet8 (10890)
lc1-divert-letter sheet3 back front (11805)
lbe-simplex-letter sheet3 front image-3 (123749)
lc1-merge-letter sheet3 (27709)
lc2-fmove-letter sheet3 (11207)
om-lowerout-letter sheet3 (3251)
lc1-divert-letter sheet4 back front (11805)
lbe-simplex-letter sheet4 front image-4 (123749)
lc1-merge-letter sheet4 (27709)
lc2-fmove-letter sheet4 (11207)
om-lowerout-letter sheet4 (3251)
lc1-divert-letter sheet5 back front (11805)
lbe-simplex-letter sheet5 front image-5 (123749)
lc1-merge-letter sheet5 (27709)
lc2-fmove-letter sheet5 (11207)
om-lowerout-letter sheet5 (3251)
lc1-divert-letter sheet7 back front (11805)
lbe-simplex-letter sheet7 front image-7 (123749)
lc1-merge-letter sheet7 (27709)
lc2-fmove-letter sheet7 (11207)
om-lowerout-letter sheet7 (3251)
lc1-divert-letter sheet9 back front (11805)
lbe-simplex-letter sheet9 front image-9 (123749)
lc1-merge-letter sheet9 (27709)
lc2-fmove-letter sheet9 (11207)
om-lowerout-letter sheet9 (3251)
lc1-divert-letter sheet10 back front (11805)
lbe-simplex-letter sheet10 front image-10 (123749)
lc1-merge-letter sheet10 (27709)
lc2-fmove-letter sheet10 (11207)
om-lowerout-letter sheet10 (3251)
lc1-divert-letter sheet11 back front (11805)
lbe-simplex-letter sheet11 front image-11 (123749)
lc1-merge-letter sheet11 (27709)
lc2-fmove-letter sheet11 (11207)
om-lowerout-letter sheet11 (3251)
lc1-divert-letter sheet12 back front (11805)
lbe-simplex-letter sheet12 front image-12 (123749)
lc1-merge-letter sheet12 (27709)
lc2-fmove-letter sheet12 (11207)
om-lowerout-letter sheet12 (3251)
lc2-divert-letter sheet1 back front (17452)
lre-simplex-letter sheet1 front image-1 (211849)
lc2-mergeinvert-letter sheet1 (78919)
om-lowerout-letter sheet1 (3251)
sys-stack-letter sheet1 dummy-sheet (1499)
lc2-divert-letter sheet2 back front (17452)
lre-simplex-letter sheet2 front image-2 (211849)
lc2-mergeinvert-letter sheet2 (78919)
om-lowerout-letter sheet2 (3251)
sys-stack-letter sheet2 sheet1 (1499)
sys-stack-letter sheet3 sheet2 (1499)
sys-stack-letter sheet4 sheet3 (1499)
sys-stack-letter sheet5 sheet4 (1499)
lc2-divert-letter sheet6 back front (17452)
lre-simplex-letter sheet6 front image-6 (211849)
lc2-mergeinvert-letter sheet6 (78919)
om-lowerout-letter sheet6 (3251)
sys-stack-letter sheet6 sheet5 (1499)
sys-stack-letter sheet7 sheet6 (1499)
lc2-divert-letter sheet8 front back (17452)
lre-simplex-letter sheet8 back image-8b (211849)
lc2-merge-letter sheet8 back front (78919)
om-lowerout-letter sheet8 (3251)
sys-stack-letter sheet8 sheet7 (1499)
sys-stack-letter sheet9 sheet8 (1499)
sys-stack-letter sheet10 sheet9 (1499)
sys-stack-letter sheet11 sheet10 (1499)
sys-stack-letter sheet12 sheet11 (1499)
[t=12.2951s, 53656 KB] Plan length: 105 step(s).
[t=12.2951s, 53656 KB] Plan cost: 3119803
[t=12.2951s, 53656 KB] Expanded 11674 state(s).
[t=12.2951s, 53656 KB] Reopened 0 state(s).
[t=12.2951s, 53656 KB] Evaluated 71078 state(s).
[t=12.2951s, 53656 KB] Evaluations: 71078
[t=12.2951s, 53656 KB] Generated 99178 state(s).
[t=12.2951s, 53656 KB] Dead ends: 2153 state(s).
[t=12.2951s, 53656 KB] Number of registered states: 71078
[t=12.2951s, 53656 KB] Int hash set load factor: 71078/131072 = 0.542282
[t=12.2951s, 53656 KB] Int hash set resizes: 17
[t=12.2951s, 53656 KB] Search time: 12.1946s
[t=12.2951s, 53656 KB] Total time: 12.2951s
Solution found.
Peak memory: 53656 KB
Remove intermediate file output.sas
search exit code: 0

INFO     Running validate.
INFO     validate stdin: None
INFO     validate time limit: None
INFO     validate memory limit: None
INFO     validate command line string: /home/henry/bin/validate domain.pddl problem.pddl sas_plan
Checking plan: sas_plan
Plan executed successfully - checking goal
Plan valid
Final value: 3119803 

Successful plans:
Value: 3119803
 sas_plan 3119803 

validate exit code: 0

INFO     Planner time: 12.54s
