INFO     planner time limit: 1800s
INFO     planner memory limit: 2048 MB

INFO     Running translator.
INFO     translator stdin: None
INFO     translator time limit: 1799s
INFO     translator memory limit: 2048 MB
INFO     translator command line string: /home/henry/Documents/UFRGS/TCC/downward/.venv/bin/python /home/henry/Documents/UFRGS/TCC/downward/experiments/lab/data/main/code-5bb2ccb6957559b6969ffd7e29254c73f84d5e49_e5e41175/builds/release/bin/translate/translate.py domain.pddl problem.pddl --sas-file output.sas
Parsing...
Parsing: [0.010s CPU, 0.004s wall-clock]
Normalizing task... [0.000s CPU, 0.000s wall-clock]
Instantiating...
Generating Datalog program... [0.000s CPU, 0.001s wall-clock]
Normalizing Datalog program...
Normalizing Datalog program: [0.000s CPU, 0.003s wall-clock]
Preparing model... [0.000s CPU, 0.003s wall-clock]
Generated 212 rules.
Computing model... [0.020s CPU, 0.018s wall-clock]
2251 relevant atoms
1986 auxiliary atoms
4237 final queue length
6892 total queue pushes
Completing instantiation... [0.030s CPU, 0.029s wall-clock]
Instantiating: [0.050s CPU, 0.055s wall-clock]
Computing fact groups...
Finding invariants...
20 initial candidates
Finding invariants: [0.010s CPU, 0.003s wall-clock]
Checking invariant weight... [0.000s CPU, 0.000s wall-clock]
Instantiating groups... [0.000s CPU, 0.001s wall-clock]
Collecting mutex groups... [0.000s CPU, 0.000s wall-clock]
Choosing groups...
585 uncovered facts
Choosing groups: [0.000s CPU, 0.000s wall-clock]
Building translation key... [0.000s CPU, 0.002s wall-clock]
Computing fact groups: [0.010s CPU, 0.010s wall-clock]
Building STRIPS to SAS dictionary... [0.000s CPU, 0.000s wall-clock]
Building dictionary for full mutex groups... [0.000s CPU, 0.000s wall-clock]
Building mutex information...
Building mutex information: [0.000s CPU, 0.000s wall-clock]
Translating task...
Processing axioms...
Simplifying axioms... [0.000s CPU, 0.000s wall-clock]
Translator axioms removed by simplifying: 0
Computing negative axioms... [0.000s CPU, 0.000s wall-clock]
Processing axioms: [0.000s CPU, 0.001s wall-clock]
Translating task: [0.040s CPU, 0.036s wall-clock]
1081 effect conditions simplified
0 implied preconditions added
Detecting unreachable propositions...
0 operators removed
0 axioms removed
17 propositions removed
Detecting unreachable propositions: [0.020s CPU, 0.016s wall-clock]
Reordering and filtering variables...
149 of 599 variables necessary.
0 of 15 mutex groups necessary.
1141 of 1141 operators necessary.
0 of 0 axiom rules necessary.
Reordering and filtering variables: [0.000s CPU, 0.009s wall-clock]
Translator variables: 149
Translator derived variables: 0
Translator facts: 538
Translator goal facts: 90
Translator mutex groups: 0
Translator total mutex groups size: 0
Translator operators: 1141
Translator axioms: 0
Translator task size: 8485
Translator peak memory: 39180 KB
Writing output... [0.000s CPU, 0.006s wall-clock]
Done! [0.140s CPU, 0.137s wall-clock]
translate exit code: 0

INFO     Running search (release).
INFO     search stdin: output.sas
INFO     search time limit: 1799s
INFO     search memory limit: 2048 MB
INFO     search command line string: /home/henry/Documents/UFRGS/TCC/downward/experiments/lab/data/main/code-5bb2ccb6957559b6969ffd7e29254c73f84d5e49_e5e41175/builds/release/bin/downward --search 'eager_greedy([operatorcounting(constraint_generators=[pho_constraints(patterns=systematic(4))], use_integer_operator_counts=true, transform=adapt_costs(cost_type=NORMAL))])' --internal-plan-file sas_plan < output.sas
[t=0s, 45596 KB] reading input...
[t=0.00296897s, 45948 KB] done reading input!
[t=0.00761169s, 46520 KB] Generating patterns using: systematic pattern collection generator
[t=0.00761169s, 46520 KB] building causal graph...done! [t=0s]
[t=0.0236016s, 52580 KB] Found 23674 SGA patterns.
[t=0.387522s, 65564 KB] Found 112865 interesting patterns.
[t=0.415509s, 67440 KB] systematic pattern collection generator number of patterns: 112865
[t=0.4195s, 67440 KB] systematic pattern collection generator total PDB size: 10292196
[t=0.4195s, 67440 KB] systematic pattern collection generator computation time: 0.407897s
[t=0.4195s, 67440 KB] Computing PDBs for pattern collection...
[t=18.8598s, 123648 KB] Done computing PDBs for pattern collection: 18.4403s
[t=21.1472s, 383408 KB] Building successor generator...done!
[t=21.1472s, 383408 KB] peak memory difference for successor generator creation: 0 KB
[t=21.1472s, 383408 KB] time for successor generation creation: 0s
[t=21.1472s, 383408 KB] Variables: 149
[t=21.1472s, 383408 KB] FactPairs: 538
[t=21.1472s, 383408 KB] Bytes per state: 28
[t=21.1472s, 383408 KB] Conducting best first search without reopening closed nodes, (real) bound = 2147483647
[t=29.3479s, 467320 KB] New best heuristic value for operatorcounting(constraint_generators=[pho_constraints(patterns=systematic(4))],use_integer_operator_counts=true,transform=adapt_costs(cost_type=normal)): 3335367
[t=29.3519s, 467320 KB] g=0, 1 evaluated, 0 expanded
[t=29.3519s, 467320 KB] Initial heuristic value for operatorcounting(constraint_generators=[pho_constraints(patterns=systematic(4))],use_integer_operator_counts=true,transform=adapt_costs(cost_type=normal)): 3335367
[t=29.3519s, 467320 KB] pruning method: none
[t=41.5745s, 492520 KB] New best heuristic value for operatorcounting(constraint_generators=[pho_constraints(patterns=systematic(4))],use_integer_operator_counts=true,transform=adapt_costs(cost_type=normal)): 3327367
[t=41.5745s, 492520 KB] g=8000, 3 evaluated, 2 expanded
[t=202.818s, 665212 KB] New best heuristic value for operatorcounting(constraint_generators=[pho_constraints(patterns=systematic(4))],use_integer_operator_counts=true,transform=adapt_costs(cost_type=normal)): 3324368
[t=202.818s, 665212 KB] g=10999, 33 evaluated, 3 expanded
[t=206.415s, 667516 KB] New best heuristic value for operatorcounting(constraint_generators=[pho_constraints(patterns=systematic(4))],use_integer_operator_counts=true,transform=adapt_costs(cost_type=normal)): 3319367
[t=206.415s, 667516 KB] g=16000, 34 evaluated, 3 expanded
[t=414.437s, 672120 KB] New best heuristic value for operatorcounting(constraint_generators=[pho_constraints(patterns=systematic(4))],use_integer_operator_counts=true,transform=adapt_costs(cost_type=normal)): 3316368
[t=414.437s, 672120 KB] g=18999, 62 evaluated, 4 expanded
[t=418.721s, 672120 KB] New best heuristic value for operatorcounting(constraint_generators=[pho_constraints(patterns=systematic(4))],use_integer_operator_counts=true,transform=adapt_costs(cost_type=normal)): 3311367
[t=418.721s, 672120 KB] g=24000, 64 evaluated, 4 expanded
[t=783.804s, 672120 KB] New best heuristic value for operatorcounting(constraint_generators=[pho_constraints(patterns=systematic(4))],use_integer_operator_counts=true,transform=adapt_costs(cost_type=normal)): 3308368
[t=783.808s, 672120 KB] g=26999, 90 evaluated, 5 expanded
[t=790.405s, 672120 KB] New best heuristic value for operatorcounting(constraint_generators=[pho_constraints(patterns=systematic(4))],use_integer_operator_counts=true,transform=adapt_costs(cost_type=normal)): 3303367
[t=790.405s, 672120 KB] g=32000, 93 evaluated, 5 expanded
[t=985.683s, 672120 KB] New best heuristic value for operatorcounting(constraint_generators=[pho_constraints(patterns=systematic(4))],use_integer_operator_counts=true,transform=adapt_costs(cost_type=normal)): 3300368
[t=985.683s, 672120 KB] g=34999, 117 evaluated, 6 expanded
[t=999.247s, 672120 KB] New best heuristic value for operatorcounting(constraint_generators=[pho_constraints(patterns=systematic(4))],use_integer_operator_counts=true,transform=adapt_costs(cost_type=normal)): 3295367
[t=999.247s, 672120 KB] g=40000, 121 evaluated, 6 expanded
[t=1201.11s, 672120 KB] New best heuristic value for operatorcounting(constraint_generators=[pho_constraints(patterns=systematic(4))],use_integer_operator_counts=true,transform=adapt_costs(cost_type=normal)): 3292368
[t=1201.11s, 672120 KB] g=42999, 143 evaluated, 7 expanded
[t=1236.27s, 672120 KB] New best heuristic value for operatorcounting(constraint_generators=[pho_constraints(patterns=systematic(4))],use_integer_operator_counts=true,transform=adapt_costs(cost_type=normal)): 3287367
[t=1236.27s, 672120 KB] g=48000, 149 evaluated, 7 expanded
[t=1531.37s, 672120 KB] New best heuristic value for operatorcounting(constraint_generators=[pho_constraints(patterns=systematic(4))],use_integer_operator_counts=true,transform=adapt_costs(cost_type=normal)): 3284368
[t=1531.37s, 672120 KB] g=50999, 168 evaluated, 8 expanded
Peak memory: 672120 KB
caught signal 24 -- exiting
Time limit has been reached.
Remove intermediate file output.sas
search exit code: 23

Driver aborting after search
INFO     Planner time: 1798.14s
