INFO     planner time limit: 1800s
INFO     planner memory limit: 2048 MB

INFO     Running translator.
INFO     translator stdin: None
INFO     translator time limit: 1799s
INFO     translator memory limit: 2048 MB
INFO     translator command line string: /home/henry/Documents/UFRGS/TCC/downward/.venv/bin/python /home/henry/Documents/UFRGS/TCC/downward/experiments/lab/data/main/code-5bb2ccb6957559b6969ffd7e29254c73f84d5e49_e5e41175/builds/release/bin/translate/translate.py domain.pddl problem.pddl --sas-file output.sas
Parsing...
Parsing: [0.010s CPU, 0.002s wall-clock]
Normalizing task... [0.000s CPU, 0.000s wall-clock]
Instantiating...
Generating Datalog program... [0.000s CPU, 0.000s wall-clock]
Normalizing Datalog program...
Normalizing Datalog program: [0.000s CPU, 0.001s wall-clock]
Preparing model... [0.000s CPU, 0.001s wall-clock]
Generated 50 rules.
Computing model... [0.010s CPU, 0.008s wall-clock]
761 relevant atoms
912 auxiliary atoms
1673 final queue length
2151 total queue pushes
Completing instantiation... [0.010s CPU, 0.008s wall-clock]
Instantiating: [0.020s CPU, 0.020s wall-clock]
Computing fact groups...
Finding invariants...
11 initial candidates
Finding invariants: [0.000s CPU, 0.003s wall-clock]
Checking invariant weight... [0.000s CPU, 0.000s wall-clock]
Instantiating groups... [0.000s CPU, 0.002s wall-clock]
Collecting mutex groups... [0.000s CPU, 0.000s wall-clock]
Choosing groups...
0 uncovered facts
Choosing groups: [0.000s CPU, 0.000s wall-clock]
Building translation key... [0.000s CPU, 0.000s wall-clock]
Computing fact groups: [0.000s CPU, 0.007s wall-clock]
Building STRIPS to SAS dictionary... [0.000s CPU, 0.000s wall-clock]
Building dictionary for full mutex groups... [0.000s CPU, 0.000s wall-clock]
Building mutex information...
Building mutex information: [0.000s CPU, 0.000s wall-clock]
Translating task...
Processing axioms...
Simplifying axioms... [0.000s CPU, 0.000s wall-clock]
Translator axioms removed by simplifying: 0
Computing negative axioms... [0.000s CPU, 0.000s wall-clock]
Processing axioms: [0.000s CPU, 0.001s wall-clock]
Translating task: [0.010s CPU, 0.009s wall-clock]
0 effect conditions simplified
0 implied preconditions added
Detecting unreachable propositions...
0 operators removed
0 axioms removed
4 propositions removed
Detecting unreachable propositions: [0.000s CPU, 0.005s wall-clock]
Reordering and filtering variables...
34 of 34 variables necessary.
60 of 64 mutex groups necessary.
400 of 400 operators necessary.
0 of 0 axiom rules necessary.
Reordering and filtering variables: [0.000s CPU, 0.002s wall-clock]
Translator variables: 34
Translator derived variables: 0
Translator facts: 184
Translator goal facts: 25
Translator mutex groups: 60
Translator total mutex groups size: 240
Translator operators: 400
Translator axioms: 0
Translator task size: 2671
Translator peak memory: 33732 KB
Writing output... [0.000s CPU, 0.002s wall-clock]
Done! [0.050s CPU, 0.047s wall-clock]
translate exit code: 0

INFO     Running search (release).
INFO     search stdin: output.sas
INFO     search time limit: 1799s
INFO     search memory limit: 2048 MB
INFO     search command line string: /home/henry/Documents/UFRGS/TCC/downward/experiments/lab/data/main/code-5bb2ccb6957559b6969ffd7e29254c73f84d5e49_e5e41175/builds/release/bin/downward --search 'eager_greedy([operatorcounting(constraint_generators=[pho_constraints(patterns=systematic(2))], use_integer_operator_counts=false, transform=adapt_costs(cost_type=ONE))])' --internal-plan-file sas_plan < output.sas
[t=0s, 45596 KB] reading input...
[t=0.0029217s, 45728 KB] done reading input!
[t=0.00474713s, 45992 KB] Generating patterns using: systematic pattern collection generator
[t=0.00474713s, 45992 KB] building causal graph...done! [t=0s]
[t=0.00474713s, 46128 KB] Found 170 SGA patterns.
[t=0.00474713s, 46128 KB] Found 170 interesting patterns.
[t=0.00474713s, 46128 KB] systematic pattern collection generator number of patterns: 170
[t=0.00474713s, 46128 KB] systematic pattern collection generator total PDB size: 7220
[t=0.00474713s, 46128 KB] systematic pattern collection generator computation time: 0s
[t=0.00474713s, 46128 KB] Computing PDBs for pattern collection...
[t=0.0207315s, 46128 KB] Done computing PDBs for pattern collection: 0.0159843s
[t=0.0207315s, 46444 KB] Building successor generator...done!
[t=0.0207315s, 46444 KB] peak memory difference for successor generator creation: 0 KB
[t=0.0207315s, 46444 KB] time for successor generation creation: 0s
[t=0.0207315s, 46444 KB] Variables: 34
[t=0.0207315s, 46444 KB] FactPairs: 184
[t=0.0207315s, 46444 KB] Bytes per state: 12
[t=0.0207315s, 46444 KB] Conducting best first search without reopening closed nodes, (real) bound = 2147483647
[t=0.0247161s, 47212 KB] New best heuristic value for operatorcounting(constraint_generators=[pho_constraints(patterns=systematic(2))],use_integer_operator_counts=false,transform=adapt_costs(cost_type=one)): 17
[t=0.0247161s, 47212 KB] g=0, 1 evaluated, 0 expanded
[t=0.0247161s, 47212 KB] Initial heuristic value for operatorcounting(constraint_generators=[pho_constraints(patterns=systematic(2))],use_integer_operator_counts=false,transform=adapt_costs(cost_type=one)): 17
[t=0.0247161s, 47212 KB] pruning method: none
[t=0.0486957s, 47212 KB] New best heuristic value for operatorcounting(constraint_generators=[pho_constraints(patterns=systematic(2))],use_integer_operator_counts=false,transform=adapt_costs(cost_type=one)): 16
[t=0.0486957s, 47212 KB] g=5, 68 evaluated, 8 expanded
[t=0.188539s, 47212 KB] New best heuristic value for operatorcounting(constraint_generators=[pho_constraints(patterns=systematic(2))],use_integer_operator_counts=false,transform=adapt_costs(cost_type=one)): 15
[t=0.188539s, 47212 KB] g=11, 509 evaluated, 92 expanded
[t=0.23649s, 47212 KB] New best heuristic value for operatorcounting(constraint_generators=[pho_constraints(patterns=systematic(2))],use_integer_operator_counts=false,transform=adapt_costs(cost_type=one)): 14
[t=0.23649s, 47212 KB] g=22, 702 evaluated, 115 expanded
[t=0.344321s, 47212 KB] New best heuristic value for operatorcounting(constraint_generators=[pho_constraints(patterns=systematic(2))],use_integer_operator_counts=false,transform=adapt_costs(cost_type=one)): 13
[t=0.344321s, 47212 KB] g=32, 1248 evaluated, 213 expanded
[t=0.368304s, 47212 KB] New best heuristic value for operatorcounting(constraint_generators=[pho_constraints(patterns=systematic(2))],use_integer_operator_counts=false,transform=adapt_costs(cost_type=one)): 12
[t=0.368304s, 47212 KB] g=47, 1418 evaluated, 240 expanded
[t=0.404245s, 47212 KB] New best heuristic value for operatorcounting(constraint_generators=[pho_constraints(patterns=systematic(2))],use_integer_operator_counts=false,transform=adapt_costs(cost_type=one)): 11
[t=0.404245s, 47212 KB] g=59, 1678 evaluated, 312 expanded
[t=0.508156s, 47212 KB] New best heuristic value for operatorcounting(constraint_generators=[pho_constraints(patterns=systematic(2))],use_integer_operator_counts=false,transform=adapt_costs(cost_type=one)): 10
[t=0.508156s, 47212 KB] g=61, 2454 evaluated, 728 expanded
[t=0.528136s, 47212 KB] New best heuristic value for operatorcounting(constraint_generators=[pho_constraints(patterns=systematic(2))],use_integer_operator_counts=false,transform=adapt_costs(cost_type=one)): 9
[t=0.528136s, 47212 KB] g=77, 2614 evaluated, 774 expanded
[t=0.53211s, 47212 KB] New best heuristic value for operatorcounting(constraint_generators=[pho_constraints(patterns=systematic(2))],use_integer_operator_counts=false,transform=adapt_costs(cost_type=one)): 8
[t=0.53211s, 47212 KB] g=85, 2656 evaluated, 787 expanded
[t=0.580052s, 47212 KB] New best heuristic value for operatorcounting(constraint_generators=[pho_constraints(patterns=systematic(2))],use_integer_operator_counts=false,transform=adapt_costs(cost_type=one)): 7
[t=0.580052s, 47212 KB] g=100, 3054 evaluated, 990 expanded
[t=0.731854s, 47340 KB] New best heuristic value for operatorcounting(constraint_generators=[pho_constraints(patterns=systematic(2))],use_integer_operator_counts=false,transform=adapt_costs(cost_type=one)): 6
[t=0.731854s, 47340 KB] g=110, 4498 evaluated, 2130 expanded
[t=22.1289s, 56928 KB] New best heuristic value for operatorcounting(constraint_generators=[pho_constraints(patterns=systematic(2))],use_integer_operator_counts=false,transform=adapt_costs(cost_type=one)): 5
[t=22.1289s, 56928 KB] g=110, 209316 evaluated, 168404 expanded
[t=1772.14s, 929436 KB] New best heuristic value for operatorcounting(constraint_generators=[pho_constraints(patterns=systematic(2))],use_integer_operator_counts=false,transform=adapt_costs(cost_type=one)): 4
[t=1772.14s, 929436 KB] g=126, 16730000 evaluated, 14020023 expanded
Peak memory: 938840 KB
caught signal 24 -- exiting
Time limit has been reached.
Remove intermediate file output.sas
search exit code: 23

Driver aborting after search
INFO     Planner time: 1797.04s
