INFO     planner time limit: 1800s
INFO     planner memory limit: 2048 MB

INFO     Running translator.
INFO     translator stdin: None
INFO     translator time limit: 1799s
INFO     translator memory limit: 2048 MB
INFO     translator command line string: /home/henry/Documents/UFRGS/TCC/downward/.venv/bin/python /home/henry/Documents/UFRGS/TCC/downward/experiments/lab/data/main/code-5bb2ccb6957559b6969ffd7e29254c73f84d5e49_e5e41175/builds/release/bin/translate/translate.py domain.pddl problem.pddl --sas-file output.sas
Parsing...
Parsing: [0.000s CPU, 0.004s wall-clock]
Normalizing task... [0.000s CPU, 0.000s wall-clock]
Instantiating...
Generating Datalog program... [0.010s CPU, 0.001s wall-clock]
Normalizing Datalog program...
Normalizing Datalog program: [0.000s CPU, 0.007s wall-clock]
Preparing model... [0.010s CPU, 0.004s wall-clock]
Generated 284 rules.
Computing model... [0.170s CPU, 0.178s wall-clock]
10251 relevant atoms
20086 auxiliary atoms
30337 final queue length
65455 total queue pushes
Completing instantiation... [0.400s CPU, 0.385s wall-clock]
Instantiating: [0.590s CPU, 0.581s wall-clock]
Computing fact groups...
Finding invariants...
22 initial candidates
Finding invariants: [0.040s CPU, 0.041s wall-clock]
Checking invariant weight... [0.000s CPU, 0.000s wall-clock]
Instantiating groups... [0.000s CPU, 0.005s wall-clock]
Collecting mutex groups... [0.000s CPU, 0.000s wall-clock]
Choosing groups...
328 uncovered facts
Choosing groups: [0.000s CPU, 0.001s wall-clock]
Building translation key... [0.000s CPU, 0.001s wall-clock]
Computing fact groups: [0.050s CPU, 0.052s wall-clock]
Building STRIPS to SAS dictionary... [0.000s CPU, 0.001s wall-clock]
Building dictionary for full mutex groups... [0.000s CPU, 0.001s wall-clock]
Building mutex information...
Building mutex information: [0.000s CPU, 0.001s wall-clock]
Translating task...
Processing axioms...
Simplifying axioms... [0.000s CPU, 0.000s wall-clock]
Translator axioms removed by simplifying: 0
Computing negative axioms... [0.000s CPU, 0.000s wall-clock]
Processing axioms: [0.020s CPU, 0.015s wall-clock]
Translating task: [0.460s CPU, 0.462s wall-clock]
8917 effect conditions simplified
0 implied preconditions added
Detecting unreachable propositions...
0 operators removed
0 axioms removed
1 propositions removed
Detecting unreachable propositions: [0.230s CPU, 0.231s wall-clock]
Reordering and filtering variables...
343 of 354 variables necessary.
68 of 94 mutex groups necessary.
9069 of 9073 operators necessary.
0 of 0 axiom rules necessary.
Reordering and filtering variables: [0.090s CPU, 0.094s wall-clock]
Translator variables: 343
Translator derived variables: 0
Translator facts: 1014
Translator goal facts: 4
Translator mutex groups: 68
Translator total mutex groups size: 873
Translator operators: 9069
Translator axioms: 0
Translator task size: 97335
Translator peak memory: 91188 KB
Writing output... [0.070s CPU, 0.067s wall-clock]
Done! [1.520s CPU, 1.515s wall-clock]
translate exit code: 0

INFO     Running search (release).
INFO     search stdin: output.sas
INFO     search time limit: 1798s
INFO     search memory limit: 2048 MB
INFO     search command line string: /home/henry/Documents/UFRGS/TCC/downward/experiments/lab/data/main/code-5bb2ccb6957559b6969ffd7e29254c73f84d5e49_e5e41175/builds/release/bin/downward --search 'eager_greedy([ff(transform=adapt_costs(cost_type=ONE))])' --internal-plan-file sas_plan < output.sas
[t=0.00206016s, 10544 KB] reading input...
[t=0.0420473s, 14432 KB] done reading input!
[t=0.0460521s, 18512 KB] Simplifying 51569 unary operators... done! [50814 unary operators]
[t=0.090026s, 22780 KB] time to simplify: 0.0439739s
[t=0.090026s, 22780 KB] Initializing additive heuristic...
[t=0.090026s, 22780 KB] Initializing FF heuristic...
[t=0.090026s, 22780 KB] Building successor generator...done!
[t=0.0940325s, 22780 KB] peak memory difference for successor generator creation: 0 KB
[t=0.0940325s, 22780 KB] time for successor generation creation: 0.0040065s
[t=0.0940325s, 22780 KB] Variables: 343
[t=0.0940325s, 22780 KB] FactPairs: 1014
[t=0.0940325s, 22780 KB] Bytes per state: 56
[t=0.0940325s, 22780 KB] Conducting best first search without reopening closed nodes, (real) bound = 2147483647
[t=0.0940325s, 22780 KB] New best heuristic value for ff(transform=adapt_costs(cost_type=one)): 99
[t=0.0940325s, 22780 KB] g=0, 1 evaluated, 0 expanded
[t=0.0940325s, 22780 KB] Initial heuristic value for ff(transform=adapt_costs(cost_type=one)): 99
[t=0.0940325s, 22780 KB] pruning method: none
[t=0.0980232s, 22780 KB] New best heuristic value for ff(transform=adapt_costs(cost_type=one)): 98
[t=0.0980232s, 22780 KB] g=1, 3 evaluated, 1 expanded
[t=0.106025s, 22780 KB] New best heuristic value for ff(transform=adapt_costs(cost_type=one)): 97
[t=0.106025s, 22780 KB] g=5, 16 evaluated, 8 expanded
[t=0.110019s, 22780 KB] New best heuristic value for ff(transform=adapt_costs(cost_type=one)): 96
[t=0.110019s, 22780 KB] g=6, 19 evaluated, 9 expanded
[t=0.114023s, 22780 KB] New best heuristic value for ff(transform=adapt_costs(cost_type=one)): 95
[t=0.114023s, 22780 KB] g=8, 25 evaluated, 11 expanded
[t=0.114023s, 22780 KB] New best heuristic value for ff(transform=adapt_costs(cost_type=one)): 94
[t=0.114023s, 22780 KB] g=9, 28 evaluated, 12 expanded
[t=0.118018s, 22780 KB] New best heuristic value for ff(transform=adapt_costs(cost_type=one)): 93
[t=0.118018s, 22780 KB] g=10, 32 evaluated, 13 expanded
[t=0.122006s, 22780 KB] New best heuristic value for ff(transform=adapt_costs(cost_type=one)): 92
[t=0.122006s, 22780 KB] g=11, 35 evaluated, 14 expanded
[t=0.122006s, 22780 KB] New best heuristic value for ff(transform=adapt_costs(cost_type=one)): 91
[t=0.122006s, 22780 KB] g=12, 38 evaluated, 15 expanded
[t=0.126s, 22780 KB] New best heuristic value for ff(transform=adapt_costs(cost_type=one)): 90
[t=0.126s, 22780 KB] g=14, 44 evaluated, 17 expanded
[t=0.13s, 22780 KB] New best heuristic value for ff(transform=adapt_costs(cost_type=one)): 89
[t=0.13s, 22780 KB] g=16, 50 evaluated, 19 expanded
[t=0.141997s, 22780 KB] New best heuristic value for ff(transform=adapt_costs(cost_type=one)): 88
[t=0.141997s, 22780 KB] g=20, 68 evaluated, 27 expanded
[t=0.201968s, 22780 KB] New best heuristic value for ff(transform=adapt_costs(cost_type=one)): 87
[t=0.201968s, 22780 KB] g=31, 160 evaluated, 71 expanded
[t=0.205968s, 22780 KB] New best heuristic value for ff(transform=adapt_costs(cost_type=one)): 86
[t=0.205968s, 22780 KB] g=32, 165 evaluated, 72 expanded
[t=0.205968s, 22780 KB] New best heuristic value for ff(transform=adapt_costs(cost_type=one)): 85
[t=0.205968s, 22780 KB] g=33, 166 evaluated, 73 expanded
[t=0.205968s, 22780 KB] New best heuristic value for ff(transform=adapt_costs(cost_type=one)): 83
[t=0.205968s, 22780 KB] g=34, 169 evaluated, 74 expanded
[t=0.20997s, 22780 KB] New best heuristic value for ff(transform=adapt_costs(cost_type=one)): 82
[t=0.20997s, 22780 KB] g=35, 175 evaluated, 75 expanded
[t=0.233958s, 22780 KB] New best heuristic value for ff(transform=adapt_costs(cost_type=one)): 81
[t=0.233958s, 22780 KB] g=38, 222 evaluated, 87 expanded
[t=0.309921s, 22780 KB] New best heuristic value for ff(transform=adapt_costs(cost_type=one)): 79
[t=0.309921s, 22780 KB] g=46, 351 evaluated, 133 expanded
[t=0.313921s, 22780 KB] New best heuristic value for ff(transform=adapt_costs(cost_type=one)): 77
[t=0.313921s, 22780 KB] g=48, 360 evaluated, 136 expanded
[t=0.321921s, 22780 KB] New best heuristic value for ff(transform=adapt_costs(cost_type=one)): 76
[t=0.321921s, 22780 KB] g=51, 380 evaluated, 142 expanded
[t=0.409873s, 22780 KB] New best heuristic value for ff(transform=adapt_costs(cost_type=one)): 75
[t=0.409873s, 22780 KB] g=58, 562 evaluated, 206 expanded
[t=0.429859s, 22780 KB] New best heuristic value for ff(transform=adapt_costs(cost_type=one)): 74
[t=0.429859s, 22780 KB] g=62, 600 evaluated, 222 expanded
[t=0.429859s, 22780 KB] New best heuristic value for ff(transform=adapt_costs(cost_type=one)): 73
[t=0.429859s, 22780 KB] g=63, 602 evaluated, 223 expanded
[t=0.433863s, 22780 KB] New best heuristic value for ff(transform=adapt_costs(cost_type=one)): 72
[t=0.433863s, 22780 KB] g=64, 609 evaluated, 224 expanded
[t=0.433863s, 22780 KB] New best heuristic value for ff(transform=adapt_costs(cost_type=one)): 71
[t=0.433863s, 22780 KB] g=65, 612 evaluated, 225 expanded
[t=0.433863s, 22780 KB] New best heuristic value for ff(transform=adapt_costs(cost_type=one)): 70
[t=0.433863s, 22780 KB] g=66, 615 evaluated, 226 expanded
[t=0.433863s, 22780 KB] New best heuristic value for ff(transform=adapt_costs(cost_type=one)): 68
[t=0.433863s, 22780 KB] g=68, 620 evaluated, 228 expanded
[t=0.437855s, 22780 KB] New best heuristic value for ff(transform=adapt_costs(cost_type=one)): 67
[t=0.437855s, 22780 KB] g=71, 632 evaluated, 232 expanded
[t=0.441846s, 22780 KB] New best heuristic value for ff(transform=adapt_costs(cost_type=one)): 66
[t=0.441846s, 22780 KB] g=72, 636 evaluated, 233 expanded
[t=0.441846s, 22780 KB] New best heuristic value for ff(transform=adapt_costs(cost_type=one)): 65
[t=0.441846s, 22780 KB] g=72, 638 evaluated, 233 expanded
[t=0.441846s, 22780 KB] New best heuristic value for ff(transform=adapt_costs(cost_type=one)): 64
[t=0.441846s, 22780 KB] g=73, 640 evaluated, 234 expanded
[t=0.445847s, 22780 KB] New best heuristic value for ff(transform=adapt_costs(cost_type=one)): 62
[t=0.445847s, 22780 KB] g=74, 647 evaluated, 235 expanded
[t=0.449849s, 22780 KB] New best heuristic value for ff(transform=adapt_costs(cost_type=one)): 61
[t=0.449849s, 22780 KB] g=76, 655 evaluated, 237 expanded
[t=0.461843s, 22780 KB] New best heuristic value for ff(transform=adapt_costs(cost_type=one)): 60
[t=0.461843s, 22780 KB] g=79, 685 evaluated, 242 expanded
[t=0.469835s, 22780 KB] New best heuristic value for ff(transform=adapt_costs(cost_type=one)): 59
[t=0.469835s, 22780 KB] g=81, 711 evaluated, 246 expanded
[t=0.517816s, 22780 KB] New best heuristic value for ff(transform=adapt_costs(cost_type=one)): 58
[t=0.517816s, 22780 KB] g=85, 859 evaluated, 273 expanded
[t=0.53381s, 22780 KB] New best heuristic value for ff(transform=adapt_costs(cost_type=one)): 57
[t=0.53381s, 22780 KB] g=87, 909 evaluated, 278 expanded
[t=0.577791s, 22780 KB] New best heuristic value for ff(transform=adapt_costs(cost_type=one)): 56
[t=0.577791s, 22780 KB] g=88, 1054 evaluated, 301 expanded
[t=0.577791s, 22780 KB] New best heuristic value for ff(transform=adapt_costs(cost_type=one)): 55
[t=0.577791s, 22780 KB] g=89, 1058 evaluated, 302 expanded
[t=0.577791s, 22780 KB] New best heuristic value for ff(transform=adapt_costs(cost_type=one)): 54
[t=0.577791s, 22780 KB] g=90, 1067 evaluated, 303 expanded
[t=0.581789s, 22780 KB] New best heuristic value for ff(transform=adapt_costs(cost_type=one)): 53
[t=0.581789s, 22780 KB] g=91, 1073 evaluated, 304 expanded
[t=0.581789s, 22780 KB] New best heuristic value for ff(transform=adapt_costs(cost_type=one)): 52
[t=0.581789s, 22780 KB] g=93, 1084 evaluated, 306 expanded
[t=0.585783s, 22780 KB] New best heuristic value for ff(transform=adapt_costs(cost_type=one)): 51
[t=0.585783s, 22780 KB] g=94, 1099 evaluated, 307 expanded
[t=0.601774s, 22780 KB] New best heuristic value for ff(transform=adapt_costs(cost_type=one)): 50
[t=0.601774s, 22780 KB] g=96, 1148 evaluated, 315 expanded
[t=0.653765s, 22780 KB] New best heuristic value for ff(transform=adapt_costs(cost_type=one)): 49
[t=0.653765s, 22780 KB] g=98, 1347 evaluated, 368 expanded
[t=0.65776s, 22780 KB] New best heuristic value for ff(transform=adapt_costs(cost_type=one)): 48
[t=0.65776s, 22780 KB] g=100, 1355 evaluated, 370 expanded
[t=0.66176s, 22780 KB] New best heuristic value for ff(transform=adapt_costs(cost_type=one)): 47
[t=0.66176s, 22780 KB] g=102, 1369 evaluated, 372 expanded
[t=0.66176s, 22780 KB] New best heuristic value for ff(transform=adapt_costs(cost_type=one)): 46
[t=0.66176s, 22780 KB] g=103, 1377 evaluated, 373 expanded
[t=0.665762s, 22780 KB] New best heuristic value for ff(transform=adapt_costs(cost_type=one)): 45
[t=0.665762s, 22780 KB] g=104, 1385 evaluated, 374 expanded
[t=0.665762s, 22780 KB] New best heuristic value for ff(transform=adapt_costs(cost_type=one)): 43
[t=0.665762s, 22780 KB] g=105, 1388 evaluated, 375 expanded
[t=0.665762s, 22780 KB] New best heuristic value for ff(transform=adapt_costs(cost_type=one)): 42
[t=0.665762s, 22780 KB] g=106, 1393 evaluated, 376 expanded
[t=0.669757s, 22780 KB] New best heuristic value for ff(transform=adapt_costs(cost_type=one)): 41
[t=0.669757s, 22780 KB] g=107, 1399 evaluated, 377 expanded
[t=0.669757s, 22780 KB] New best heuristic value for ff(transform=adapt_costs(cost_type=one)): 39
[t=0.669757s, 22780 KB] g=108, 1408 evaluated, 378 expanded
[t=0.67376s, 22780 KB] New best heuristic value for ff(transform=adapt_costs(cost_type=one)): 38
[t=0.67376s, 22780 KB] g=108, 1410 evaluated, 378 expanded
[t=0.67376s, 22780 KB] New best heuristic value for ff(transform=adapt_costs(cost_type=one)): 37
[t=0.67376s, 22780 KB] g=109, 1415 evaluated, 379 expanded
[t=0.67376s, 22780 KB] New best heuristic value for ff(transform=adapt_costs(cost_type=one)): 36
[t=0.67376s, 22780 KB] g=109, 1417 evaluated, 379 expanded
[t=0.67376s, 22780 KB] New best heuristic value for ff(transform=adapt_costs(cost_type=one)): 34
[t=0.67376s, 22780 KB] g=110, 1422 evaluated, 380 expanded
[t=0.677755s, 22780 KB] New best heuristic value for ff(transform=adapt_costs(cost_type=one)): 33
[t=0.677755s, 22780 KB] g=111, 1430 evaluated, 381 expanded
[t=0.68975s, 22780 KB] New best heuristic value for ff(transform=adapt_costs(cost_type=one)): 30
[t=0.68975s, 22780 KB] g=114, 1488 evaluated, 389 expanded
[t=1.10162s, 22780 KB] New best heuristic value for ff(transform=adapt_costs(cost_type=one)): 29
[t=1.10162s, 22780 KB] g=134, 3199 evaluated, 837 expanded
[t=1.10562s, 22780 KB] New best heuristic value for ff(transform=adapt_costs(cost_type=one)): 27
[t=1.10562s, 22780 KB] g=136, 3226 evaluated, 849 expanded
[t=1.10961s, 22780 KB] New best heuristic value for ff(transform=adapt_costs(cost_type=one)): 26
[t=1.10961s, 22780 KB] g=137, 3230 evaluated, 851 expanded
[t=1.33753s, 22780 KB] New best heuristic value for ff(transform=adapt_costs(cost_type=one)): 25
[t=1.33753s, 22780 KB] g=133, 4489 evaluated, 1570 expanded
[t=1.40951s, 22780 KB] New best heuristic value for ff(transform=adapt_costs(cost_type=one)): 24
[t=1.40951s, 22780 KB] g=154, 4806 evaluated, 1656 expanded
[t=1.40951s, 22780 KB] New best heuristic value for ff(transform=adapt_costs(cost_type=one)): 22
[t=1.40951s, 22780 KB] g=155, 4811 evaluated, 1657 expanded
[t=1.40951s, 22780 KB] New best heuristic value for ff(transform=adapt_costs(cost_type=one)): 21
[t=1.40951s, 22780 KB] g=156, 4816 evaluated, 1658 expanded
[t=1.4135s, 22780 KB] New best heuristic value for ff(transform=adapt_costs(cost_type=one)): 20
[t=1.4135s, 22780 KB] g=157, 4818 evaluated, 1659 expanded
[t=1.4135s, 22780 KB] New best heuristic value for ff(transform=adapt_costs(cost_type=one)): 19
[t=1.4135s, 22780 KB] g=160, 4830 evaluated, 1663 expanded
[t=1.4135s, 22780 KB] New best heuristic value for ff(transform=adapt_costs(cost_type=one)): 18
[t=1.4135s, 22780 KB] g=161, 4831 evaluated, 1664 expanded
[t=1.42151s, 22780 KB] New best heuristic value for ff(transform=adapt_costs(cost_type=one)): 17
[t=1.42151s, 22780 KB] g=166, 4857 evaluated, 1675 expanded
[t=1.42151s, 22780 KB] New best heuristic value for ff(transform=adapt_costs(cost_type=one)): 15
[t=1.42151s, 22780 KB] g=168, 4863 evaluated, 1677 expanded
[t=1.42151s, 22780 KB] New best heuristic value for ff(transform=adapt_costs(cost_type=one)): 14
[t=1.42151s, 22780 KB] g=169, 4864 evaluated, 1678 expanded
[t=1.48548s, 22780 KB] New best heuristic value for ff(transform=adapt_costs(cost_type=one)): 13
[t=1.48548s, 22780 KB] g=163, 5341 evaluated, 1915 expanded
[t=2.46118s, 22780 KB] New best heuristic value for ff(transform=adapt_costs(cost_type=one)): 12
[t=2.46118s, 22780 KB] g=182, 11714 evaluated, 4179 expanded
Peak memory: 989156 KB
caught signal 24 -- exiting
Time limit has been reached.
Remove intermediate file output.sas
search exit code: 23

Driver aborting after search
INFO     Planner time: 1798.36s
