INFO     planner time limit: 1800s
INFO     planner memory limit: 2048 MB

INFO     Running translator.
INFO     translator stdin: None
INFO     translator time limit: 1799s
INFO     translator memory limit: 2048 MB
INFO     translator command line string: /home/henry/Documents/UFRGS/TCC/downward/.venv/bin/python /home/henry/Documents/UFRGS/TCC/downward/experiments/lab/data/main/code-5bb2ccb6957559b6969ffd7e29254c73f84d5e49_e5e41175/builds/release/bin/translate/translate.py domain.pddl problem.pddl --sas-file output.sas
Parsing...
Parsing: [0.000s CPU, 0.003s wall-clock]
Normalizing task... [0.000s CPU, 0.000s wall-clock]
Instantiating...
Generating Datalog program... [0.000s CPU, 0.001s wall-clock]
Normalizing Datalog program...
Normalizing Datalog program: [0.000s CPU, 0.001s wall-clock]
Preparing model... [0.000s CPU, 0.002s wall-clock]
Generated 26 rules.
Computing model... [0.280s CPU, 0.280s wall-clock]
34616 relevant atoms
25732 auxiliary atoms
60348 final queue length
123916 total queue pushes
Completing instantiation... [1.050s CPU, 1.050s wall-clock]
Instantiating: [1.330s CPU, 1.342s wall-clock]
Computing fact groups...
Finding invariants...
9 initial candidates
Finding invariants: [0.020s CPU, 0.013s wall-clock]
Checking invariant weight... [0.000s CPU, 0.000s wall-clock]
Instantiating groups... [0.000s CPU, 0.003s wall-clock]
Collecting mutex groups... [0.000s CPU, 0.000s wall-clock]
Choosing groups...
0 uncovered facts
Choosing groups: [0.000s CPU, 0.001s wall-clock]
Building translation key... [0.000s CPU, 0.001s wall-clock]
Computing fact groups: [0.030s CPU, 0.023s wall-clock]
Building STRIPS to SAS dictionary... [0.000s CPU, 0.000s wall-clock]
Building dictionary for full mutex groups... [0.000s CPU, 0.001s wall-clock]
Building mutex information...
Building mutex information: [0.000s CPU, 0.000s wall-clock]
Translating task...
Processing axioms...
Simplifying axioms... [0.000s CPU, 0.000s wall-clock]
Translator axioms removed by simplifying: 0
Computing negative axioms... [0.000s CPU, 0.000s wall-clock]
Processing axioms: [0.040s CPU, 0.041s wall-clock]
Translating task: [0.760s CPU, 0.761s wall-clock]
0 effect conditions simplified
0 implied preconditions added
Detecting unreachable propositions...
0 operators removed
0 axioms removed
28 propositions removed
Detecting unreachable propositions: [0.690s CPU, 0.692s wall-clock]
Reordering and filtering variables...
28 of 28 variables necessary.
0 of 28 mutex groups necessary.
32840 of 32840 operators necessary.
0 of 0 axiom rules necessary.
Reordering and filtering variables: [0.110s CPU, 0.104s wall-clock]
Translator variables: 28
Translator derived variables: 0
Translator facts: 1300
Translator goal facts: 20
Translator mutex groups: 0
Translator total mutex groups size: 0
Translator operators: 32840
Translator axioms: 0
Translator task size: 195868
Translator peak memory: 162540 KB
Writing output... [0.130s CPU, 0.133s wall-clock]
Done! [3.100s CPU, 3.110s wall-clock]
translate exit code: 0

INFO     Running search (release).
INFO     search stdin: output.sas
INFO     search time limit: 1796s
INFO     search memory limit: 2048 MB
INFO     search command line string: /home/henry/Documents/UFRGS/TCC/downward/experiments/lab/data/main/code-5bb2ccb6957559b6969ffd7e29254c73f84d5e49_e5e41175/builds/release/bin/downward --search 'eager_greedy([lsh(patterns=systematic(2), transform=adapt_costs(cost_type=NORMAL))])' --internal-plan-file sas_plan < output.sas
[t=0s, 10544 KB] reading input...
[t=0.102334s, 20356 KB] done reading input!
[t=0.106338s, 20752 KB] Generating patterns using: systematic pattern collection generator
[t=0.106338s, 20752 KB] building causal graph...done! [t=0.0039903s]
[t=0.110329s, 20752 KB] Found 180 SGA patterns.
[t=0.110329s, 20752 KB] Found 180 interesting patterns.
[t=0.110329s, 20752 KB] systematic pattern collection generator number of patterns: 180
[t=0.110329s, 20752 KB] systematic pattern collection generator total PDB size: 238680
[t=0.110329s, 20752 KB] systematic pattern collection generator computation time: 0.0039903s
[t=0.110329s, 20752 KB] Computing PDBs for pattern collection...
[t=1.01381s, 23144 KB] Done computing PDBs for pattern collection: 0.903483s
[t=1.11775s, 33796 KB] Building successor generator...done!
[t=1.12973s, 40104 KB] peak memory difference for successor generator creation: 6308 KB
[t=1.12973s, 40104 KB] time for successor generation creation: 0.01198s
[t=1.12973s, 40104 KB] Variables: 28
[t=1.12973s, 40104 KB] FactPairs: 1300
[t=1.12973s, 40104 KB] Bytes per state: 24
[t=1.12973s, 40104 KB] Conducting best first search without reopening closed nodes, (real) bound = 2147483647
[t=1.12973s, 40104 KB] New best heuristic value for lsh(patterns=systematic(2),transform=adapt_costs(cost_type=normal)): 40
[t=1.12973s, 40104 KB] g=0, 1 evaluated, 0 expanded
[t=1.12973s, 40104 KB] Initial heuristic value for lsh(patterns=systematic(2),transform=adapt_costs(cost_type=normal)): 40
[t=1.12973s, 40104 KB] pruning method: none
[t=215.444s, 1042188 KB] New best heuristic value for lsh(patterns=systematic(2),transform=adapt_costs(cost_type=normal)): 39
[t=215.444s, 1042188 KB] g=13, 16250001 evaluated, 6250001 expanded
[t=215.444s, 1042188 KB] New best heuristic value for lsh(patterns=systematic(2),transform=adapt_costs(cost_type=normal)): 38
[t=215.444s, 1042188 KB] g=14, 16250018 evaluated, 6250002 expanded
Failed to allocate memory.
Memory limit has been reached.
Peak memory: 2097152 KB
Remove intermediate file output.sas
search exit code: 22

Driver aborting after search
INFO     Planner time: 435.37s
