INFO     planner time limit: 1800s
INFO     planner memory limit: 2048 MB

INFO     Running translator.
INFO     translator stdin: None
INFO     translator time limit: 1799s
INFO     translator memory limit: 2048 MB
INFO     translator command line string: /home/henry/Documents/UFRGS/TCC/downward/.venv/bin/python /home/henry/Documents/UFRGS/TCC/downward/experiments/lab/data/main/code-5bb2ccb6957559b6969ffd7e29254c73f84d5e49_e5e41175/builds/release/bin/translate/translate.py domain.pddl problem.pddl --sas-file output.sas
Parsing...
Parsing: [0.040s CPU, 0.048s wall-clock]
Normalizing task... [0.010s CPU, 0.005s wall-clock]
Instantiating...
Generating Datalog program... [0.010s CPU, 0.009s wall-clock]
Normalizing Datalog program...
Normalizing Datalog program: [0.020s CPU, 0.023s wall-clock]
Preparing model... [0.050s CPU, 0.046s wall-clock]
Generated 1532 rules.
Computing model... [1.730s CPU, 1.737s wall-clock]
77344 relevant atoms
109632 auxiliary atoms
186976 final queue length
330996 total queue pushes
Completing instantiation... [3.420s CPU, 3.427s wall-clock]
Instantiating: [5.310s CPU, 5.316s wall-clock]
Computing fact groups...
Finding invariants...
12 initial candidates
Finding invariants: [0.060s CPU, 0.066s wall-clock]
Checking invariant weight... [0.010s CPU, 0.005s wall-clock]
Instantiating groups... [0.000s CPU, 0.003s wall-clock]
Collecting mutex groups... [0.000s CPU, 0.001s wall-clock]
Choosing groups...
0 uncovered facts
Choosing groups: [0.000s CPU, 0.003s wall-clock]
Building translation key... [0.000s CPU, 0.001s wall-clock]
Computing fact groups: [0.080s CPU, 0.085s wall-clock]
Building STRIPS to SAS dictionary... [0.000s CPU, 0.001s wall-clock]
Building dictionary for full mutex groups... [0.010s CPU, 0.001s wall-clock]
Building mutex information...
Building mutex information: [0.000s CPU, 0.001s wall-clock]
Translating task...
Processing axioms...
Simplifying axioms... [0.000s CPU, 0.000s wall-clock]
Translator axioms removed by simplifying: 0
Computing negative axioms... [0.000s CPU, 0.000s wall-clock]
Processing axioms: [0.130s CPU, 0.137s wall-clock]
Translating task: [2.640s CPU, 2.651s wall-clock]
0 effect conditions simplified
0 implied preconditions added
Detecting unreachable propositions...
0 operators removed
0 axioms removed
381 propositions removed
Detecting unreachable propositions: [1.570s CPU, 1.575s wall-clock]
Reordering and filtering variables...
381 of 381 variables necessary.
0 of 571 mutex groups necessary.
72580 of 72580 operators necessary.
0 of 0 axiom rules necessary.
Reordering and filtering variables: [0.370s CPU, 0.365s wall-clock]
Translator variables: 381
Translator derived variables: 0
Translator facts: 1141
Translator goal facts: 190
Translator mutex groups: 0
Translator total mutex groups size: 0
Translator operators: 72580
Translator axioms: 0
Translator task size: 692181
Translator peak memory: 403312 KB
Writing output... [0.430s CPU, 0.425s wall-clock]
Done! [10.590s CPU, 10.606s wall-clock]
translate exit code: 0

INFO     Running search (release).
INFO     search stdin: output.sas
INFO     search time limit: 1789s
INFO     search memory limit: 2048 MB
INFO     search command line string: /home/henry/Documents/UFRGS/TCC/downward/experiments/lab/data/main/code-5bb2ccb6957559b6969ffd7e29254c73f84d5e49_e5e41175/builds/release/bin/downward --search 'eager_greedy([operatorcounting(constraint_generators=[pho_constraints(patterns=systematic(4))], use_integer_operator_counts=true, transform=adapt_costs(cost_type=NORMAL))])' --internal-plan-file sas_plan < output.sas
[t=0s, 10544 KB] reading input...
[t=0.27452s, 33324 KB] done reading input!
Peak memory: 33720 KB
Remove intermediate file output.sas
search exit code: 32

Driver aborting after search
INFO     Planner time: 10.99s
