INFO     planner time limit: 1800s
INFO     planner memory limit: 2048 MB

INFO     Running translator.
INFO     translator stdin: None
INFO     translator time limit: 1799s
INFO     translator memory limit: 2048 MB
INFO     translator command line string: /home/henry/Documents/UFRGS/TCC/downward/.venv/bin/python /home/henry/Documents/UFRGS/TCC/downward/experiments/lab/data/main/code-5bb2ccb6957559b6969ffd7e29254c73f84d5e49_e5e41175/builds/release/bin/translate/translate.py domain.pddl problem.pddl --sas-file output.sas
Parsing...
Parsing: [0.010s CPU, 0.003s wall-clock]
Normalizing task... [0.000s CPU, 0.000s wall-clock]
Instantiating...
Generating Datalog program... [0.000s CPU, 0.001s wall-clock]
Normalizing Datalog program...
Normalizing Datalog program: [0.000s CPU, 0.003s wall-clock]
Preparing model... [0.000s CPU, 0.002s wall-clock]
Generated 61 rules.
Computing model... [0.070s CPU, 0.067s wall-clock]
4450 relevant atoms
9198 auxiliary atoms
13648 final queue length
20464 total queue pushes
Completing instantiation... [0.100s CPU, 0.104s wall-clock]
Instantiating: [0.170s CPU, 0.178s wall-clock]
Computing fact groups...
Finding invariants...
9 initial candidates
Finding invariants: [0.010s CPU, 0.004s wall-clock]
Checking invariant weight... [0.000s CPU, 0.000s wall-clock]
Instantiating groups... [0.000s CPU, 0.000s wall-clock]
Collecting mutex groups... [0.000s CPU, 0.000s wall-clock]
Choosing groups...
160 uncovered facts
Choosing groups: [0.000s CPU, 0.000s wall-clock]
Building translation key... [0.000s CPU, 0.000s wall-clock]
Computing fact groups: [0.010s CPU, 0.006s wall-clock]
Building STRIPS to SAS dictionary... [0.000s CPU, 0.000s wall-clock]
Building dictionary for full mutex groups... [0.000s CPU, 0.000s wall-clock]
Building mutex information...
Building mutex information: [0.000s CPU, 0.000s wall-clock]
Translating task...
Processing axioms...
Simplifying axioms... [0.000s CPU, 0.000s wall-clock]
Translator axioms removed by simplifying: 0
Computing negative axioms... [0.000s CPU, 0.000s wall-clock]
Processing axioms: [0.010s CPU, 0.006s wall-clock]
Translating task: [0.120s CPU, 0.116s wall-clock]
644 effect conditions simplified
0 implied preconditions added
Detecting unreachable propositions...
4 operators removed
0 axioms removed
12 propositions removed
Detecting unreachable propositions: [0.040s CPU, 0.044s wall-clock]
Reordering and filtering variables...
160 of 160 variables necessary.
0 of 4 mutex groups necessary.
3864 of 3864 operators necessary.
0 of 0 axiom rules necessary.
Reordering and filtering variables: [0.010s CPU, 0.014s wall-clock]
Translator variables: 160
Translator derived variables: 0
Translator facts: 356
Translator goal facts: 8
Translator mutex groups: 0
Translator total mutex groups size: 0
Translator operators: 3864
Translator axioms: 0
Translator task size: 23859
Translator peak memory: 47452 KB
Writing output... [0.020s CPU, 0.021s wall-clock]
Done! [0.390s CPU, 0.388s wall-clock]
translate exit code: 0

INFO     Running search (release).
INFO     search stdin: output.sas
INFO     search time limit: 1799s
INFO     search memory limit: 2048 MB
INFO     search command line string: /home/henry/Documents/UFRGS/TCC/downward/experiments/lab/data/main/code-5bb2ccb6957559b6969ffd7e29254c73f84d5e49_e5e41175/builds/release/bin/downward --search 'eager_greedy([ff(transform=adapt_costs(cost_type=NORMAL))])' --internal-plan-file sas_plan < output.sas
[t=0s, 10544 KB] reading input...
[t=0.0146758s, 11832 KB] done reading input!
[t=0.0146758s, 12684 KB] Simplifying 7652 unary operators... done! [7468 unary operators]
[t=0.018662s, 13080 KB] time to simplify: 0.00398619s
[t=0.018662s, 13080 KB] Initializing additive heuristic...
[t=0.018662s, 13080 KB] Initializing FF heuristic...
[t=0.018662s, 13080 KB] Building successor generator...done!
[t=0.0226681s, 13080 KB] peak memory difference for successor generator creation: 0 KB
[t=0.0226681s, 13080 KB] time for successor generation creation: 0.00400604s
[t=0.0226681s, 13080 KB] Variables: 160
[t=0.0226681s, 13080 KB] FactPairs: 356
[t=0.0226681s, 13080 KB] Bytes per state: 24
[t=0.0226681s, 13080 KB] Conducting best first search without reopening closed nodes, (real) bound = 2147483647
[t=0.0226681s, 13080 KB] New best heuristic value for ff(transform=adapt_costs(cost_type=normal)): 366
[t=0.0226681s, 13080 KB] g=0, 1 evaluated, 0 expanded
[t=0.0226681s, 13080 KB] Initial heuristic value for ff(transform=adapt_costs(cost_type=normal)): 366
[t=0.0226681s, 13080 KB] pruning method: none
[t=0.0226681s, 13080 KB] New best heuristic value for ff(transform=adapt_costs(cost_type=normal)): 363
[t=0.0226681s, 13080 KB] g=3, 2 evaluated, 1 expanded
[t=0.0226681s, 13080 KB] New best heuristic value for ff(transform=adapt_costs(cost_type=normal)): 362
[t=0.0226681s, 13080 KB] g=4, 3 evaluated, 1 expanded
[t=0.0226681s, 13080 KB] New best heuristic value for ff(transform=adapt_costs(cost_type=normal)): 359
[t=0.0226681s, 13080 KB] g=7, 6 evaluated, 2 expanded
[t=0.0226681s, 13080 KB] New best heuristic value for ff(transform=adapt_costs(cost_type=normal)): 338
[t=0.0226681s, 13080 KB] g=20, 8 evaluated, 2 expanded
[t=0.0226681s, 13080 KB] New best heuristic value for ff(transform=adapt_costs(cost_type=normal)): 314
[t=0.0226681s, 13080 KB] g=44, 11 evaluated, 3 expanded
[t=0.0226681s, 13080 KB] New best heuristic value for ff(transform=adapt_costs(cost_type=normal)): 311
[t=0.0226681s, 13080 KB] g=47, 19 evaluated, 4 expanded
[t=0.0226681s, 13080 KB] New best heuristic value for ff(transform=adapt_costs(cost_type=normal)): 310
[t=0.0226681s, 13080 KB] g=48, 22 evaluated, 4 expanded
[t=0.0226681s, 13080 KB] New best heuristic value for ff(transform=adapt_costs(cost_type=normal)): 307
[t=0.0226681s, 13080 KB] g=51, 27 evaluated, 5 expanded
[t=0.0226681s, 13080 KB] New best heuristic value for ff(transform=adapt_costs(cost_type=normal)): 293
[t=0.0226681s, 13080 KB] g=56, 28 evaluated, 5 expanded
[t=0.0226681s, 13080 KB] New best heuristic value for ff(transform=adapt_costs(cost_type=normal)): 285
[t=0.0226681s, 13080 KB] g=56, 30 evaluated, 5 expanded
[t=0.0226681s, 13080 KB] New best heuristic value for ff(transform=adapt_costs(cost_type=normal)): 282
[t=0.0226681s, 13080 KB] g=59, 37 evaluated, 6 expanded
[t=0.0226681s, 13080 KB] New best heuristic value for ff(transform=adapt_costs(cost_type=normal)): 278
[t=0.0226681s, 13080 KB] g=64, 38 evaluated, 6 expanded
[t=0.026653s, 13080 KB] New best heuristic value for ff(transform=adapt_costs(cost_type=normal)): 265
[t=0.026653s, 13080 KB] g=80, 40 evaluated, 6 expanded
[t=0.026653s, 13080 KB] New best heuristic value for ff(transform=adapt_costs(cost_type=normal)): 221
[t=0.026653s, 13080 KB] g=96, 48 evaluated, 7 expanded
[t=0.026653s, 13080 KB] New best heuristic value for ff(transform=adapt_costs(cost_type=normal)): 216
[t=0.026653s, 13080 KB] g=104, 66 evaluated, 8 expanded
[t=0.026653s, 13080 KB] New best heuristic value for ff(transform=adapt_costs(cost_type=normal)): 215
[t=0.026653s, 13080 KB] g=119, 74 evaluated, 8 expanded
[t=0.026653s, 13080 KB] New best heuristic value for ff(transform=adapt_costs(cost_type=normal)): 209
[t=0.026653s, 13080 KB] g=114, 75 evaluated, 8 expanded
[t=0.026653s, 13080 KB] New best heuristic value for ff(transform=adapt_costs(cost_type=normal)): 204
[t=0.026653s, 13080 KB] g=122, 84 evaluated, 9 expanded
[t=0.0306534s, 13080 KB] New best heuristic value for ff(transform=adapt_costs(cost_type=normal)): 203
[t=0.0306534s, 13080 KB] g=137, 93 evaluated, 9 expanded
[t=0.0306534s, 13080 KB] New best heuristic value for ff(transform=adapt_costs(cost_type=normal)): 188
[t=0.0306534s, 13080 KB] g=135, 97 evaluated, 9 expanded
[t=0.0306534s, 13080 KB] New best heuristic value for ff(transform=adapt_costs(cost_type=normal)): 183
[t=0.0306534s, 13080 KB] g=143, 105 evaluated, 10 expanded
[t=0.0306534s, 13080 KB] New best heuristic value for ff(transform=adapt_costs(cost_type=normal)): 182
[t=0.0306534s, 13080 KB] g=158, 114 evaluated, 10 expanded
[t=0.0306534s, 13080 KB] New best heuristic value for ff(transform=adapt_costs(cost_type=normal)): 173
[t=0.0306534s, 13080 KB] g=150, 120 evaluated, 10 expanded
[t=0.0306534s, 13080 KB] New best heuristic value for ff(transform=adapt_costs(cost_type=normal)): 168
[t=0.0306534s, 13080 KB] g=158, 125 evaluated, 11 expanded
[t=0.0306534s, 13080 KB] New best heuristic value for ff(transform=adapt_costs(cost_type=normal)): 167
[t=0.0306534s, 13080 KB] g=173, 134 evaluated, 11 expanded
[t=0.0346593s, 13080 KB] New best heuristic value for ff(transform=adapt_costs(cost_type=normal)): 163
[t=0.0346593s, 13080 KB] g=177, 145 evaluated, 12 expanded
[t=0.0346593s, 13080 KB] New best heuristic value for ff(transform=adapt_costs(cost_type=normal)): 157
[t=0.0346593s, 13080 KB] g=192, 156 evaluated, 12 expanded
[t=0.0346593s, 13080 KB] New best heuristic value for ff(transform=adapt_costs(cost_type=normal)): 153
[t=0.0346593s, 13080 KB] g=200, 166 evaluated, 13 expanded
[t=0.0426508s, 13080 KB] New best heuristic value for ff(transform=adapt_costs(cost_type=normal)): 149
[t=0.0426508s, 13080 KB] g=204, 249 evaluated, 17 expanded
[t=0.278441s, 13080 KB] New best heuristic value for ff(transform=adapt_costs(cost_type=normal)): 144
[t=0.278441s, 13080 KB] g=232, 2673 evaluated, 209 expanded
[t=0.294433s, 13080 KB] New best heuristic value for ff(transform=adapt_costs(cost_type=normal)): 140
[t=0.294433s, 13080 KB] g=240, 2813 evaluated, 216 expanded
[t=0.314419s, 13080 KB] New best heuristic value for ff(transform=adapt_costs(cost_type=normal)): 139
[t=0.314419s, 13080 KB] g=257, 3009 evaluated, 226 expanded
[t=0.32241s, 13080 KB] New best heuristic value for ff(transform=adapt_costs(cost_type=normal)): 131
[t=0.32241s, 13080 KB] g=265, 3094 evaluated, 230 expanded
[t=0.32241s, 13080 KB] New best heuristic value for ff(transform=adapt_costs(cost_type=normal)): 129
[t=0.32241s, 13080 KB] g=267, 3118 evaluated, 231 expanded
[t=7.53716s, 17300 KB] New best heuristic value for ff(transform=adapt_costs(cost_type=normal)): 126
[t=7.53716s, 17300 KB] g=323, 74015 evaluated, 6946 expanded
[t=34.0946s, 32908 KB] New best heuristic value for ff(transform=adapt_costs(cost_type=normal)): 111
[t=34.0946s, 32908 KB] g=380, 341472 evaluated, 31911 expanded
[t=34.1026s, 32908 KB] New best heuristic value for ff(transform=adapt_costs(cost_type=normal)): 105
[t=34.1026s, 32908 KB] g=386, 341580 evaluated, 31916 expanded
[t=34.1066s, 32908 KB] New best heuristic value for ff(transform=adapt_costs(cost_type=normal)): 104
[t=34.1066s, 32908 KB] g=387, 341609 evaluated, 31917 expanded
[t=103.622s, 78812 KB] New best heuristic value for ff(transform=adapt_costs(cost_type=normal)): 102
[t=103.622s, 78812 KB] g=433, 1057335 evaluated, 98386 expanded
[t=103.622s, 78812 KB] New best heuristic value for ff(transform=adapt_costs(cost_type=normal)): 100
[t=103.622s, 78812 KB] g=435, 1057349 evaluated, 98387 expanded
[t=103.63s, 78812 KB] New best heuristic value for ff(transform=adapt_costs(cost_type=normal)): 96
[t=103.63s, 78812 KB] g=439, 1057441 evaluated, 98391 expanded
[t=174.148s, 143148 KB] New best heuristic value for ff(transform=adapt_costs(cost_type=normal)): 95
[t=174.152s, 143148 KB] g=480, 1774435 evaluated, 162392 expanded
[t=174.164s, 143148 KB] New best heuristic value for ff(transform=adapt_costs(cost_type=normal)): 87
[t=174.164s, 143148 KB] g=488, 1774576 evaluated, 162397 expanded
[t=174.168s, 143148 KB] New best heuristic value for ff(transform=adapt_costs(cost_type=normal)): 83
[t=174.168s, 143148 KB] g=492, 1774607 evaluated, 162398 expanded
Peak memory: 1136004 KB
caught signal 24 -- exiting
Time limit has been reached.
Remove intermediate file output.sas
search exit code: 23

Driver aborting after search
INFO     Planner time: 1798.05s
