INFO     planner time limit: 1800s
INFO     planner memory limit: 2048 MB

INFO     Running translator.
INFO     translator stdin: None
INFO     translator time limit: 1799s
INFO     translator memory limit: 2048 MB
INFO     translator command line string: /home/henry/Documents/UFRGS/TCC/downward/.venv/bin/python /home/henry/Documents/UFRGS/TCC/downward/experiments/lab/data/main/code-5bb2ccb6957559b6969ffd7e29254c73f84d5e49_e5e41175/builds/release/bin/translate/translate.py domain.pddl problem.pddl --sas-file output.sas
Parsing...
Parsing: [0.000s CPU, 0.004s wall-clock]
Normalizing task... [0.000s CPU, 0.000s wall-clock]
Instantiating...
Generating Datalog program... [0.000s CPU, 0.001s wall-clock]
Normalizing Datalog program...
Normalizing Datalog program: [0.000s CPU, 0.005s wall-clock]
Preparing model... [0.010s CPU, 0.003s wall-clock]
Generated 198 rules.
Computing model... [0.100s CPU, 0.095s wall-clock]
6637 relevant atoms
10325 auxiliary atoms
16962 final queue length
41416 total queue pushes
Completing instantiation... [0.200s CPU, 0.204s wall-clock]
Instantiating: [0.310s CPU, 0.310s wall-clock]
Computing fact groups...
Finding invariants...
24 initial candidates
Finding invariants: [0.010s CPU, 0.011s wall-clock]
Checking invariant weight... [0.000s CPU, 0.001s wall-clock]
Instantiating groups... [0.010s CPU, 0.006s wall-clock]
Collecting mutex groups... [0.000s CPU, 0.000s wall-clock]
Choosing groups...
265 uncovered facts
Choosing groups: [0.000s CPU, 0.001s wall-clock]
Building translation key... [0.000s CPU, 0.001s wall-clock]
Computing fact groups: [0.020s CPU, 0.021s wall-clock]
Building STRIPS to SAS dictionary... [0.000s CPU, 0.000s wall-clock]
Building dictionary for full mutex groups... [0.000s CPU, 0.000s wall-clock]
Building mutex information...
Building mutex information: [0.000s CPU, 0.000s wall-clock]
Translating task...
Processing axioms...
Simplifying axioms... [0.000s CPU, 0.000s wall-clock]
Translator axioms removed by simplifying: 0
Computing negative axioms... [0.000s CPU, 0.000s wall-clock]
Processing axioms: [0.010s CPU, 0.009s wall-clock]
Translating task: [0.220s CPU, 0.217s wall-clock]
2314 effect conditions simplified
0 implied preconditions added
Detecting unreachable propositions...
0 operators removed
0 axioms removed
95 propositions removed
Detecting unreachable propositions: [0.130s CPU, 0.134s wall-clock]
Reordering and filtering variables...
292 of 302 variables necessary.
76 of 103 mutex groups necessary.
5664 of 5664 operators necessary.
0 of 0 axiom rules necessary.
Reordering and filtering variables: [0.050s CPU, 0.049s wall-clock]
Translator variables: 292
Translator derived variables: 0
Translator facts: 818
Translator goal facts: 85
Translator mutex groups: 76
Translator total mutex groups size: 262
Translator operators: 5664
Translator axioms: 0
Translator task size: 50446
Translator peak memory: 67328 KB
Writing output... [0.040s CPU, 0.036s wall-clock]
Done! [0.780s CPU, 0.784s wall-clock]
translate exit code: 0

INFO     Running search (release).
INFO     search stdin: output.sas
INFO     search time limit: 1799s
INFO     search memory limit: 2048 MB
INFO     search command line string: /home/henry/Documents/UFRGS/TCC/downward/experiments/lab/data/main/code-5bb2ccb6957559b6969ffd7e29254c73f84d5e49_e5e41175/builds/release/bin/downward --search 'eager_greedy([lsh(patterns=systematic(2), transform=adapt_costs(cost_type=ONE))])' --internal-plan-file sas_plan < output.sas
[t=0s, 10544 KB] reading input...
[t=0.031922s, 12792 KB] done reading input!
[t=0.031922s, 13188 KB] Generating patterns using: systematic pattern collection generator
[t=0.031922s, 13188 KB] building causal graph...done! [t=0.00800203s]
[t=0.0439175s, 15960 KB] Found 5015 SGA patterns.
[t=0.0759135s, 15960 KB] Found 5015 interesting patterns.
[t=0.0759135s, 15960 KB] systematic pattern collection generator number of patterns: 5015
[t=0.0759135s, 15960 KB] systematic pattern collection generator total PDB size: 45682
[t=0.0759135s, 15960 KB] systematic pattern collection generator computation time: 0.0439915s
[t=0.0759135s, 15960 KB] Computing PDBs for pattern collection...
[t=4.06322s, 15960 KB] Done computing PDBs for pattern collection: 3.98731s
[t=4.74311s, 27288 KB] Building successor generator...done!
[t=4.74311s, 27516 KB] peak memory difference for successor generator creation: 228 KB
[t=4.74311s, 27516 KB] time for successor generation creation: 0s
[t=4.74311s, 27516 KB] Variables: 292
[t=4.74311s, 27516 KB] FactPairs: 818
[t=4.74311s, 27516 KB] Bytes per state: 52
[t=4.74311s, 27516 KB] Conducting best first search without reopening closed nodes, (real) bound = 2147483647
[t=4.74311s, 27516 KB] New best heuristic value for lsh(patterns=systematic(2),transform=adapt_costs(cost_type=one)): 55
[t=4.74311s, 27516 KB] g=0, 1 evaluated, 0 expanded
[t=4.74311s, 27516 KB] Initial heuristic value for lsh(patterns=systematic(2),transform=adapt_costs(cost_type=one)): 55
[t=4.74311s, 27516 KB] pruning method: none
[t=4.74311s, 27516 KB] New best heuristic value for lsh(patterns=systematic(2),transform=adapt_costs(cost_type=one)): 54
[t=4.74311s, 27516 KB] g=10, 3 evaluated, 1 expanded
[t=4.7511s, 27516 KB] New best heuristic value for lsh(patterns=systematic(2),transform=adapt_costs(cost_type=one)): 53
[t=4.7511s, 27516 KB] g=20, 243 evaluated, 2 expanded
[t=4.75511s, 27516 KB] New best heuristic value for lsh(patterns=systematic(2),transform=adapt_costs(cost_type=one)): 52
[t=4.75511s, 27516 KB] g=30, 476 evaluated, 3 expanded
[t=4.7591s, 27516 KB] New best heuristic value for lsh(patterns=systematic(2),transform=adapt_costs(cost_type=one)): 51
[t=4.7591s, 27516 KB] g=45, 713 evaluated, 4 expanded
[t=4.7671s, 27516 KB] New best heuristic value for lsh(patterns=systematic(2),transform=adapt_costs(cost_type=one)): 50
[t=4.7671s, 27516 KB] g=75, 961 evaluated, 5 expanded
[t=4.7711s, 27516 KB] New best heuristic value for lsh(patterns=systematic(2),transform=adapt_costs(cost_type=one)): 49
[t=4.7711s, 27516 KB] g=105, 1203 evaluated, 6 expanded
[t=4.77909s, 27516 KB] New best heuristic value for lsh(patterns=systematic(2),transform=adapt_costs(cost_type=one)): 48
[t=4.77909s, 27516 KB] g=135, 1479 evaluated, 7 expanded
[t=4.7871s, 27516 KB] New best heuristic value for lsh(patterns=systematic(2),transform=adapt_costs(cost_type=one)): 47
[t=4.7871s, 27516 KB] g=165, 1828 evaluated, 8 expanded
[t=4.79109s, 27648 KB] New best heuristic value for lsh(patterns=systematic(2),transform=adapt_costs(cost_type=one)): 46
[t=4.79109s, 27648 KB] g=195, 2107 evaluated, 9 expanded
[t=4.79909s, 27648 KB] New best heuristic value for lsh(patterns=systematic(2),transform=adapt_costs(cost_type=one)): 45
[t=4.79909s, 27648 KB] g=225, 2401 evaluated, 10 expanded
[t=4.80709s, 27648 KB] New best heuristic value for lsh(patterns=systematic(2),transform=adapt_costs(cost_type=one)): 44
[t=4.80709s, 27648 KB] g=255, 2683 evaluated, 11 expanded
[t=4.81109s, 27648 KB] New best heuristic value for lsh(patterns=systematic(2),transform=adapt_costs(cost_type=one)): 43
[t=4.81109s, 27648 KB] g=285, 2965 evaluated, 12 expanded
[t=4.81909s, 27648 KB] New best heuristic value for lsh(patterns=systematic(2),transform=adapt_costs(cost_type=one)): 42
[t=4.81909s, 27648 KB] g=315, 3238 evaluated, 13 expanded
[t=4.82308s, 27648 KB] New best heuristic value for lsh(patterns=systematic(2),transform=adapt_costs(cost_type=one)): 41
[t=4.82308s, 27648 KB] g=345, 3508 evaluated, 14 expanded
[t=4.83108s, 27808 KB] New best heuristic value for lsh(patterns=systematic(2),transform=adapt_costs(cost_type=one)): 40
[t=4.83108s, 27808 KB] g=375, 3779 evaluated, 15 expanded
[t=4.83908s, 27808 KB] New best heuristic value for lsh(patterns=systematic(2),transform=adapt_costs(cost_type=one)): 39
[t=4.83908s, 27808 KB] g=405, 4049 evaluated, 16 expanded
[t=4.84308s, 27808 KB] New best heuristic value for lsh(patterns=systematic(2),transform=adapt_costs(cost_type=one)): 38
[t=4.84308s, 27808 KB] g=435, 4329 evaluated, 17 expanded
[t=4.85508s, 27808 KB] New best heuristic value for lsh(patterns=systematic(2),transform=adapt_costs(cost_type=one)): 37
[t=4.85508s, 27808 KB] g=465, 4641 evaluated, 18 expanded
[t=4.86307s, 27808 KB] New best heuristic value for lsh(patterns=systematic(2),transform=adapt_costs(cost_type=one)): 36
[t=4.86307s, 27808 KB] g=495, 4898 evaluated, 19 expanded
[t=4.87107s, 27808 KB] New best heuristic value for lsh(patterns=systematic(2),transform=adapt_costs(cost_type=one)): 35
[t=4.87107s, 27808 KB] g=525, 5156 evaluated, 20 expanded
[t=4.87907s, 27808 KB] New best heuristic value for lsh(patterns=systematic(2),transform=adapt_costs(cost_type=one)): 34
[t=4.87907s, 27808 KB] g=555, 5409 evaluated, 21 expanded
[t=4.88707s, 27808 KB] New best heuristic value for lsh(patterns=systematic(2),transform=adapt_costs(cost_type=one)): 33
[t=4.88707s, 27808 KB] g=565, 5675 evaluated, 22 expanded
[t=4.89907s, 27944 KB] New best heuristic value for lsh(patterns=systematic(2),transform=adapt_costs(cost_type=one)): 32
[t=4.89907s, 27944 KB] g=575, 5933 evaluated, 23 expanded
[t=4.90706s, 27944 KB] New best heuristic value for lsh(patterns=systematic(2),transform=adapt_costs(cost_type=one)): 31
[t=4.90706s, 27944 KB] g=585, 6187 evaluated, 24 expanded
[t=4.91507s, 27944 KB] New best heuristic value for lsh(patterns=systematic(2),transform=adapt_costs(cost_type=one)): 30
[t=4.91507s, 27944 KB] g=630, 6418 evaluated, 25 expanded
[t=4.92306s, 27944 KB] New best heuristic value for lsh(patterns=systematic(2),transform=adapt_costs(cost_type=one)): 29
[t=4.92306s, 27944 KB] g=640, 6653 evaluated, 26 expanded
[t=4.93106s, 27944 KB] New best heuristic value for lsh(patterns=systematic(2),transform=adapt_costs(cost_type=one)): 28
[t=4.93106s, 27944 KB] g=650, 6888 evaluated, 27 expanded
[t=4.93905s, 27944 KB] New best heuristic value for lsh(patterns=systematic(2),transform=adapt_costs(cost_type=one)): 27
[t=4.93905s, 27944 KB] g=665, 7112 evaluated, 28 expanded
[t=4.94706s, 27944 KB] New best heuristic value for lsh(patterns=systematic(2),transform=adapt_costs(cost_type=one)): 26
[t=4.94706s, 27944 KB] g=710, 7350 evaluated, 29 expanded
[t=4.95905s, 28068 KB] New best heuristic value for lsh(patterns=systematic(2),transform=adapt_costs(cost_type=one)): 25
[t=4.95905s, 28068 KB] g=720, 7583 evaluated, 30 expanded
[t=4.96705s, 28068 KB] New best heuristic value for lsh(patterns=systematic(2),transform=adapt_costs(cost_type=one)): 24
[t=4.96705s, 28068 KB] g=765, 7816 evaluated, 31 expanded
[t=4.97509s, 28068 KB] New best heuristic value for lsh(patterns=systematic(2),transform=adapt_costs(cost_type=one)): 23
[t=4.97509s, 28068 KB] g=785, 8041 evaluated, 32 expanded
[t=4.98304s, 28204 KB] New best heuristic value for lsh(patterns=systematic(2),transform=adapt_costs(cost_type=one)): 22
[t=4.98304s, 28204 KB] g=830, 8260 evaluated, 33 expanded
[t=4.99104s, 28204 KB] New best heuristic value for lsh(patterns=systematic(2),transform=adapt_costs(cost_type=one)): 21
[t=4.99104s, 28204 KB] g=850, 8480 evaluated, 34 expanded
[t=4.99903s, 28204 KB] New best heuristic value for lsh(patterns=systematic(2),transform=adapt_costs(cost_type=one)): 20
[t=4.99903s, 28204 KB] g=880, 8696 evaluated, 35 expanded
[t=5.00702s, 28204 KB] New best heuristic value for lsh(patterns=systematic(2),transform=adapt_costs(cost_type=one)): 19
[t=5.00702s, 28204 KB] g=925, 8902 evaluated, 36 expanded
[t=5.01502s, 28204 KB] New best heuristic value for lsh(patterns=systematic(2),transform=adapt_costs(cost_type=one)): 18
[t=5.01502s, 28204 KB] g=935, 9124 evaluated, 37 expanded
[t=5.01902s, 28204 KB] New best heuristic value for lsh(patterns=systematic(2),transform=adapt_costs(cost_type=one)): 17
[t=5.01902s, 28204 KB] g=955, 9332 evaluated, 38 expanded
[t=5.02701s, 28204 KB] New best heuristic value for lsh(patterns=systematic(2),transform=adapt_costs(cost_type=one)): 16
[t=5.02701s, 28204 KB] g=970, 9532 evaluated, 39 expanded
[t=5.03101s, 28204 KB] New best heuristic value for lsh(patterns=systematic(2),transform=adapt_costs(cost_type=one)): 15
[t=5.03101s, 28204 KB] g=980, 9731 evaluated, 40 expanded
[t=5.03901s, 28204 KB] New best heuristic value for lsh(patterns=systematic(2),transform=adapt_costs(cost_type=one)): 14
[t=5.03901s, 28204 KB] g=990, 9931 evaluated, 41 expanded
[t=5.04301s, 28328 KB] New best heuristic value for lsh(patterns=systematic(2),transform=adapt_costs(cost_type=one)): 13
[t=5.04301s, 28328 KB] g=1035, 10120 evaluated, 42 expanded
[t=5.05101s, 28328 KB] New best heuristic value for lsh(patterns=systematic(2),transform=adapt_costs(cost_type=one)): 12
[t=5.05101s, 28328 KB] g=1045, 10302 evaluated, 43 expanded
[t=5.05501s, 28328 KB] New best heuristic value for lsh(patterns=systematic(2),transform=adapt_costs(cost_type=one)): 11
[t=5.05501s, 28328 KB] g=1060, 10486 evaluated, 44 expanded
[t=5.107s, 28452 KB] New best heuristic value for lsh(patterns=systematic(2),transform=adapt_costs(cost_type=one)): 10
[t=5.107s, 28452 KB] g=1120, 12390 evaluated, 56 expanded
[t=5.111s, 28452 KB] New best heuristic value for lsh(patterns=systematic(2),transform=adapt_costs(cost_type=one)): 9
[t=5.111s, 28452 KB] g=1130, 12546 evaluated, 57 expanded
[t=5.18298s, 28584 KB] New best heuristic value for lsh(patterns=systematic(2),transform=adapt_costs(cost_type=one)): 8
[t=5.18298s, 28584 KB] g=1190, 14993 evaluated, 75 expanded
[t=5.18698s, 28584 KB] New best heuristic value for lsh(patterns=systematic(2),transform=adapt_costs(cost_type=one)): 7
[t=5.18698s, 28584 KB] g=1200, 15132 evaluated, 76 expanded
[t=5.25097s, 28976 KB] New best heuristic value for lsh(patterns=systematic(2),transform=adapt_costs(cost_type=one)): 6
[t=5.25097s, 28976 KB] g=1260, 17055 evaluated, 92 expanded
[t=5.25497s, 28980 KB] New best heuristic value for lsh(patterns=systematic(2),transform=adapt_costs(cost_type=one)): 5
[t=5.25497s, 28980 KB] g=1305, 17182 evaluated, 93 expanded
[t=5.25897s, 28980 KB] New best heuristic value for lsh(patterns=systematic(2),transform=adapt_costs(cost_type=one)): 4
[t=5.25897s, 28980 KB] g=1325, 17311 evaluated, 94 expanded
[t=5.33096s, 29112 KB] New best heuristic value for lsh(patterns=systematic(2),transform=adapt_costs(cost_type=one)): 3
[t=5.33096s, 29112 KB] g=1385, 19192 evaluated, 112 expanded
[t=5.33496s, 29112 KB] New best heuristic value for lsh(patterns=systematic(2),transform=adapt_costs(cost_type=one)): 2
[t=5.33496s, 29112 KB] g=1395, 19304 evaluated, 113 expanded
[t=5.41494s, 29244 KB] New best heuristic value for lsh(patterns=systematic(2),transform=adapt_costs(cost_type=one)): 1
[t=5.41494s, 29244 KB] g=1455, 21263 evaluated, 134 expanded
[t=5.41894s, 29244 KB] New best heuristic value for lsh(patterns=systematic(2),transform=adapt_costs(cost_type=one)): 0
[t=5.41894s, 29244 KB] g=1465, 21363 evaluated, 135 expanded
[t=5.42294s, 29244 KB] Solution found!
[t=5.42294s, 29244 KB] Actual search time: 0.679824s
do-plane p3 planer0 verysmooth green varnished (10)
do-glaze p3 glazer0 red (10)
do-plane p16 planer0 rough red varnished (10)
do-grind p16 grinder0 smooth natural untreated untreated (15)
do-saw-large b0 p13 saw0 cherry rough s9 s7 s8 s6 (30)
do-saw-medium b0 p1 saw0 cherry rough s6 s5 s4 (30)
do-saw-small b0 p22 saw0 cherry rough s6 s5 (30)
do-saw-large b2 p10 saw0 mahogany smooth s7 s5 s6 s4 (30)
do-saw-large b2 p17 saw0 mahogany smooth s4 s2 s3 s1 (30)
do-saw-medium b2 p11 saw0 mahogany smooth s4 s3 s2 (30)
do-saw-small b2 p5 saw0 mahogany smooth s4 s3 (30)
do-saw-large b2 p19 saw0 mahogany smooth s4 s2 s3 s1 (30)
do-saw-large b2 p21 saw0 mahogany smooth s4 s2 s3 s1 (30)
do-saw-large b2 p4 saw0 mahogany smooth s4 s2 s3 s1 (30)
do-saw-small b2 p12 saw0 mahogany smooth s4 s3 (30)
do-saw-large b3 p15 saw0 pine rough s9 s7 s8 s6 (30)
do-saw-large b4 p18 saw0 walnut rough s8 s6 s7 s5 (30)
do-saw-large b8 p7 saw0 beech smooth s8 s6 s7 s5 (30)
do-saw-medium b8 p2 saw0 beech smooth s5 s4 s3 (30)
do-saw-medium b8 p9 saw0 beech smooth s5 s4 s3 (30)
do-saw-small b8 p14 saw0 beech smooth s5 s4 (30)
do-immersion-varnish p9 immersion-varnisher0 red smooth (10)
do-immersion-varnish p7 immersion-varnisher0 red smooth (10)
do-glaze p5 glazer0 white (10)
do-grind p4 grinder0 smooth natural untreated untreated (45)
do-immersion-varnish p4 immersion-varnisher0 red verysmooth (10)
do-plane p22 planer0 rough natural untreated (10)
do-grind p22 grinder0 smooth natural untreated untreated (15)
do-grind p21 grinder0 smooth natural untreated untreated (45)
do-immersion-varnish p2 immersion-varnisher0 blue smooth (10)
do-grind p19 grinder0 smooth natural untreated untreated (45)
do-glaze p18 glazer0 blue (20)
do-grind p17 grinder0 smooth natural untreated untreated (45)
do-glaze p17 glazer0 blue (20)
do-plane p15 planer0 rough natural untreated (30)
do-grind p15 grinder0 smooth natural untreated untreated (45)
do-glaze p14 glazer0 mauve (10)
do-glaze p13 glazer0 natural (20)
do-grind p12 grinder0 smooth natural untreated untreated (15)
do-spray-varnish p12 spray-varnisher0 blue verysmooth (5)
do-glaze p11 glazer0 mauve (15)
do-grind p10 grinder0 smooth natural untreated untreated (45)
do-immersion-varnish p10 immersion-varnisher0 blue verysmooth (10)
do-glaze p1 glazer0 blue (15)
do-saw-large b0 p0 saw0 cherry rough s6 s4 s5 s3 (30)
do-plane p0 planer0 rough natural untreated (30)
do-immersion-varnish p0 immersion-varnisher0 blue smooth (10)
do-saw-large b3 p8 saw0 pine rough s6 s4 s5 s3 (30)
do-plane p8 planer0 rough natural untreated (30)
do-immersion-varnish p8 immersion-varnisher0 mauve smooth (10)
do-saw-large b4 p6 saw0 walnut rough s5 s3 s4 s2 (30)
do-plane p6 planer0 rough natural untreated (30)
do-grind p6 grinder0 smooth natural untreated untreated (45)
do-glaze p6 glazer0 natural (20)
do-saw-large b6 p20 saw0 teak rough s10 s8 s9 s7 (30)
do-plane p20 planer0 rough natural untreated (30)
do-immersion-varnish p20 immersion-varnisher0 blue smooth (10)
do-saw-large b6 p23 saw0 teak rough s7 s5 s6 s4 (30)
do-plane p23 planer0 rough natural untreated (30)
do-immersion-varnish p23 immersion-varnisher0 natural smooth (10)
[t=5.42294s, 29244 KB] Plan length: 60 step(s).
[t=5.42294s, 29244 KB] Plan cost: 1465
[t=5.42294s, 29244 KB] Expanded 136 state(s).
[t=5.42294s, 29244 KB] Reopened 0 state(s).
[t=5.42294s, 29244 KB] Evaluated 21429 state(s).
[t=5.42294s, 29244 KB] Evaluations: 21429
[t=5.42294s, 29244 KB] Generated 26905 state(s).
[t=5.42294s, 29244 KB] Dead ends: 7759 state(s).
[t=5.42294s, 29244 KB] Number of registered states: 21429
[t=5.42294s, 29244 KB] Int hash set load factor: 21429/32768 = 0.653961
[t=5.42294s, 29244 KB] Int hash set resizes: 15
[t=5.42294s, 29244 KB] Search time: 0.679824s
[t=5.42294s, 29244 KB] Total time: 5.42294s
Solution found.
Peak memory: 29244 KB
Remove intermediate file output.sas
search exit code: 0

INFO     Running validate.
INFO     validate stdin: None
INFO     validate time limit: None
INFO     validate memory limit: None
INFO     validate command line string: /home/henry/bin/validate domain.pddl problem.pddl sas_plan
Checking plan: sas_plan
Plan executed successfully - checking goal
Plan valid
Final value: 1465 

Successful plans:
Value: 1465
 sas_plan 1465 

validate exit code: 0

INFO     Planner time: 6.28s
