INFO     planner time limit: 1800s
INFO     planner memory limit: 2048 MB

INFO     Running translator.
INFO     translator stdin: None
INFO     translator time limit: 1799s
INFO     translator memory limit: 2048 MB
INFO     translator command line string: /home/henry/Documents/UFRGS/TCC/downward/.venv/bin/python /home/henry/Documents/UFRGS/TCC/downward/experiments/lab/data/main/code-5bb2ccb6957559b6969ffd7e29254c73f84d5e49_e5e41175/builds/release/bin/translate/translate.py domain.pddl problem.pddl --sas-file output.sas
Parsing...
Parsing: [0.000s CPU, 0.004s wall-clock]
Normalizing task... [0.000s CPU, 0.000s wall-clock]
Instantiating...
Generating Datalog program... [0.000s CPU, 0.001s wall-clock]
Normalizing Datalog program...
Trivial rules: Converted to facts.
Normalizing Datalog program: [0.010s CPU, 0.003s wall-clock]
Preparing model... [0.000s CPU, 0.003s wall-clock]
Generated 129 rules.
Computing model... [0.580s CPU, 0.590s wall-clock]
45253 relevant atoms
40846 auxiliary atoms
86099 final queue length
279852 total queue pushes
Completing instantiation... [2.420s CPU, 2.419s wall-clock]
Instantiating: [3.030s CPU, 3.033s wall-clock]
Computing fact groups...
Finding invariants...
28 initial candidates
Finding invariants: [0.010s CPU, 0.011s wall-clock]
Checking invariant weight... [0.000s CPU, 0.000s wall-clock]
Instantiating groups... [0.000s CPU, 0.002s wall-clock]
Collecting mutex groups... [0.000s CPU, 0.001s wall-clock]
Choosing groups...
676 uncovered facts
Choosing groups: [0.000s CPU, 0.001s wall-clock]
Building translation key... [0.000s CPU, 0.002s wall-clock]
Computing fact groups: [0.020s CPU, 0.022s wall-clock]
Building STRIPS to SAS dictionary... [0.000s CPU, 0.001s wall-clock]
Building dictionary for full mutex groups... [0.000s CPU, 0.001s wall-clock]
Building mutex information...
Building mutex information: [0.000s CPU, 0.000s wall-clock]
Translating task...
Processing axioms...
Simplifying axioms... [0.000s CPU, 0.000s wall-clock]
Translator axioms removed by simplifying: 0
Computing negative axioms... [0.000s CPU, 0.000s wall-clock]
Processing axioms: [0.160s CPU, 0.157s wall-clock]
Translating task: [3.040s CPU, 3.049s wall-clock]
66705 effect conditions simplified
0 implied preconditions added
Detecting unreachable propositions...
0 operators removed
0 axioms removed
49 propositions removed
Detecting unreachable propositions: [1.930s CPU, 1.932s wall-clock]
Reordering and filtering variables...
704 of 707 variables necessary.
0 of 37 mutex groups necessary.
43267 of 43267 operators necessary.
0 of 0 axiom rules necessary.
Reordering and filtering variables: [0.890s CPU, 0.885s wall-clock]
Translator variables: 704
Translator derived variables: 0
Translator facts: 2132
Translator goal facts: 44
Translator mutex groups: 0
Translator total mutex groups size: 0
Translator operators: 43267
Translator axioms: 0
Translator task size: 624511
Translator peak memory: 335288 KB
Writing output... [0.420s CPU, 0.415s wall-clock]
Done! [9.440s CPU, 9.454s wall-clock]
translate exit code: 0

INFO     Running search (release).
INFO     search stdin: output.sas
INFO     search time limit: 1790s
INFO     search memory limit: 2048 MB
INFO     search command line string: /home/henry/Documents/UFRGS/TCC/downward/experiments/lab/data/main/code-5bb2ccb6957559b6969ffd7e29254c73f84d5e49_e5e41175/builds/release/bin/downward --search 'eager_greedy([ilsh(patterns=systematic(2), transform=adapt_costs(cost_type=NORMAL))])' --internal-plan-file sas_plan < output.sas
[t=0.00210345s, 10544 KB] reading input...
[t=0.281935s, 32424 KB] done reading input!
[t=0.285944s, 32820 KB] Generating patterns using: systematic pattern collection generator
[t=0.285944s, 32820 KB] building causal graph...done! [t=0.199828s]
[t=0.545717s, 55808 KB] Found 4572 SGA patterns.
[t=0.649644s, 55808 KB] Found 4572 interesting patterns.
[t=0.649644s, 55808 KB] systematic pattern collection generator number of patterns: 4572
[t=0.649644s, 55808 KB] systematic pattern collection generator total PDB size: 150225
[t=0.649644s, 55808 KB] systematic pattern collection generator computation time: 0.3637s
[t=0.649644s, 55808 KB] Computing PDBs for pattern collection...
[t=43.1437s, 55808 KB] Done computing PDBs for pattern collection: 42.4941s
[t=54.3014s, 142372 KB] Tie breaking: 2
[t=54.3014s, 142372 KB] Building successor generator...done!
[t=54.3213s, 146632 KB] peak memory difference for successor generator creation: 4260 KB
[t=54.3213s, 146632 KB] time for successor generation creation: 0.0199727s
[t=54.3213s, 146632 KB] Variables: 704
[t=54.3213s, 146632 KB] FactPairs: 2132
[t=54.3213s, 146632 KB] Bytes per state: 108
[t=54.3253s, 146632 KB] Conducting best first search without reopening closed nodes, (real) bound = 2147483647
Remove intermediate file output.sas
search exit code: -8

Driver aborting after search
INFO     Planner time: 63.91s
