INFO     planner time limit: 1800s
INFO     planner memory limit: 2048 MB

INFO     Running translator.
INFO     translator stdin: None
INFO     translator time limit: 1799s
INFO     translator memory limit: 2048 MB
INFO     translator command line string: /home/henry/Documents/UFRGS/TCC/downward/.venv/bin/python /home/henry/Documents/UFRGS/TCC/downward/experiments/lab/data/main/code-5bb2ccb6957559b6969ffd7e29254c73f84d5e49_e5e41175/builds/release/bin/translate/translate.py domain.pddl problem.pddl --sas-file output.sas
Parsing...
Parsing: [0.030s CPU, 0.029s wall-clock]
Normalizing task... [0.000s CPU, 0.001s wall-clock]
Instantiating...
Generating Datalog program... [0.010s CPU, 0.010s wall-clock]
Normalizing Datalog program...
Normalizing Datalog program: [0.000s CPU, 0.001s wall-clock]
Preparing model... [0.060s CPU, 0.057s wall-clock]
Generated 23 rules.
Computing model... [0.160s CPU, 0.163s wall-clock]
14411 relevant atoms
24285 auxiliary atoms
38696 final queue length
47795 total queue pushes
Completing instantiation... [0.190s CPU, 0.188s wall-clock]
Instantiating: [0.430s CPU, 0.429s wall-clock]
Computing fact groups...
Finding invariants...
9 initial candidates
Finding invariants: [0.000s CPU, 0.004s wall-clock]
Checking invariant weight... [0.010s CPU, 0.003s wall-clock]
Instantiating groups... [0.000s CPU, 0.003s wall-clock]
Collecting mutex groups... [0.000s CPU, 0.000s wall-clock]
Choosing groups...
0 uncovered facts
Choosing groups: [0.000s CPU, 0.000s wall-clock]
Building translation key... [0.000s CPU, 0.000s wall-clock]
Computing fact groups: [0.010s CPU, 0.012s wall-clock]
Building STRIPS to SAS dictionary... [0.000s CPU, 0.000s wall-clock]
Building dictionary for full mutex groups... [0.000s CPU, 0.000s wall-clock]
Building mutex information...
Building mutex information: [0.000s CPU, 0.000s wall-clock]
Translating task...
Processing axioms...
Simplifying axioms... [0.000s CPU, 0.000s wall-clock]
Translator axioms removed by simplifying: 0
Computing negative axioms... [0.000s CPU, 0.000s wall-clock]
Processing axioms: [0.010s CPU, 0.008s wall-clock]
Translating task: [0.110s CPU, 0.104s wall-clock]
0 effect conditions simplified
0 implied preconditions added
Detecting unreachable propositions...
0 operators removed
0 axioms removed
15 propositions removed
Detecting unreachable propositions: [0.110s CPU, 0.110s wall-clock]
Reordering and filtering variables...
15 of 15 variables necessary.
0 of 15 mutex groups necessary.
4874 of 4874 operators necessary.
0 of 0 axiom rules necessary.
Reordering and filtering variables: [0.010s CPU, 0.014s wall-clock]
Translator variables: 15
Translator derived variables: 0
Translator facts: 326
Translator goal facts: 13
Translator mutex groups: 0
Translator total mutex groups size: 0
Translator operators: 4874
Translator axioms: 0
Translator task size: 24386
Translator peak memory: 55444 KB
Writing output... [0.020s CPU, 0.020s wall-clock]
Done! [0.730s CPU, 0.733s wall-clock]
translate exit code: 0

INFO     Running search (release).
INFO     search stdin: output.sas
INFO     search time limit: 1799s
INFO     search memory limit: 2048 MB
INFO     search command line string: /home/henry/Documents/UFRGS/TCC/downward/experiments/lab/data/main/code-5bb2ccb6957559b6969ffd7e29254c73f84d5e49_e5e41175/builds/release/bin/downward --search 'eager_greedy([operatorcounting(constraint_generators=[pho_constraints(patterns=systematic(4))], use_integer_operator_counts=true, transform=adapt_costs(cost_type=NORMAL))])' --internal-plan-file sas_plan < output.sas
[t=0s, 45596 KB] reading input...
[t=0.0119892s, 46980 KB] done reading input!
[t=0.0157709s, 47696 KB] Generating patterns using: systematic pattern collection generator
[t=0.0157709s, 47696 KB] building causal graph...done! [t=0s]
[t=0.0157709s, 47696 KB] Found 39 SGA patterns.
[t=0.0157709s, 47696 KB] Found 481 interesting patterns.
[t=0.0157709s, 47696 KB] systematic pattern collection generator number of patterns: 481
[t=0.0157709s, 47696 KB] systematic pattern collection generator total PDB size: 36748894
[t=0.0157709s, 47696 KB] systematic pattern collection generator computation time: 0s
[t=0.0157709s, 47696 KB] Computing PDBs for pattern collection...
[t=11.0065s, 191892 KB] Done computing PDBs for pattern collection: 10.9907s
[t=11.0864s, 287260 KB] Building successor generator...done!
[t=11.0904s, 287260 KB] peak memory difference for successor generator creation: 0 KB
[t=11.0904s, 287260 KB] time for successor generation creation: 0.00400593s
[t=11.0904s, 287260 KB] Variables: 15
[t=11.0904s, 287260 KB] FactPairs: 326
[t=11.0904s, 287260 KB] Bytes per state: 8
[t=11.0904s, 287260 KB] Conducting best first search without reopening closed nodes, (real) bound = 2147483647
[t=11.2503s, 303832 KB] New best heuristic value for operatorcounting(constraint_generators=[pho_constraints(patterns=systematic(4))],use_integer_operator_counts=true,transform=adapt_costs(cost_type=normal)): 36
[t=11.2503s, 303832 KB] g=0, 1 evaluated, 0 expanded
[t=11.2503s, 303832 KB] Initial heuristic value for operatorcounting(constraint_generators=[pho_constraints(patterns=systematic(4))],use_integer_operator_counts=true,transform=adapt_costs(cost_type=normal)): 36
[t=11.2503s, 303832 KB] pruning method: none
[t=12.5131s, 375404 KB] New best heuristic value for operatorcounting(constraint_generators=[pho_constraints(patterns=systematic(4))],use_integer_operator_counts=true,transform=adapt_costs(cost_type=normal)): 35
[t=12.5131s, 375404 KB] g=2, 7 evaluated, 2 expanded
[t=14.5306s, 375404 KB] New best heuristic value for operatorcounting(constraint_generators=[pho_constraints(patterns=systematic(4))],use_integer_operator_counts=true,transform=adapt_costs(cost_type=normal)): 34
[t=14.5306s, 375404 KB] g=3, 16 evaluated, 3 expanded
[t=16.3209s, 376244 KB] New best heuristic value for operatorcounting(constraint_generators=[pho_constraints(patterns=systematic(4))],use_integer_operator_counts=true,transform=adapt_costs(cost_type=normal)): 33
[t=16.3209s, 376244 KB] g=4, 24 evaluated, 4 expanded
[t=18.1295s, 376244 KB] New best heuristic value for operatorcounting(constraint_generators=[pho_constraints(patterns=systematic(4))],use_integer_operator_counts=true,transform=adapt_costs(cost_type=normal)): 32
[t=18.1295s, 376244 KB] g=5, 32 evaluated, 5 expanded
[t=20.0862s, 376244 KB] New best heuristic value for operatorcounting(constraint_generators=[pho_constraints(patterns=systematic(4))],use_integer_operator_counts=true,transform=adapt_costs(cost_type=normal)): 31
[t=20.0862s, 376244 KB] g=6, 40 evaluated, 6 expanded
[t=20.7814s, 376244 KB] New best heuristic value for operatorcounting(constraint_generators=[pho_constraints(patterns=systematic(4))],use_integer_operator_counts=true,transform=adapt_costs(cost_type=normal)): 30
[t=20.7814s, 376244 KB] g=7, 43 evaluated, 7 expanded
[t=24.5483s, 376244 KB] New best heuristic value for operatorcounting(constraint_generators=[pho_constraints(patterns=systematic(4))],use_integer_operator_counts=true,transform=adapt_costs(cost_type=normal)): 29
[t=24.5483s, 376244 KB] g=8, 59 evaluated, 9 expanded
[t=28.6653s, 376244 KB] New best heuristic value for operatorcounting(constraint_generators=[pho_constraints(patterns=systematic(4))],use_integer_operator_counts=true,transform=adapt_costs(cost_type=normal)): 28
[t=28.6653s, 376244 KB] g=10, 77 evaluated, 11 expanded
[t=30.4277s, 376244 KB] New best heuristic value for operatorcounting(constraint_generators=[pho_constraints(patterns=systematic(4))],use_integer_operator_counts=true,transform=adapt_costs(cost_type=normal)): 27
[t=30.4277s, 376244 KB] g=11, 85 evaluated, 12 expanded
[t=32.4601s, 376244 KB] New best heuristic value for operatorcounting(constraint_generators=[pho_constraints(patterns=systematic(4))],use_integer_operator_counts=true,transform=adapt_costs(cost_type=normal)): 26
[t=32.4601s, 376244 KB] g=12, 94 evaluated, 13 expanded
[t=36.7732s, 376244 KB] New best heuristic value for operatorcounting(constraint_generators=[pho_constraints(patterns=systematic(4))],use_integer_operator_counts=true,transform=adapt_costs(cost_type=normal)): 25
[t=36.7732s, 376244 KB] g=14, 113 evaluated, 16 expanded
[t=38.1909s, 376244 KB] New best heuristic value for operatorcounting(constraint_generators=[pho_constraints(patterns=systematic(4))],use_integer_operator_counts=true,transform=adapt_costs(cost_type=normal)): 24
[t=38.1909s, 376244 KB] g=15, 119 evaluated, 17 expanded
[t=39.892s, 377088 KB] New best heuristic value for operatorcounting(constraint_generators=[pho_constraints(patterns=systematic(4))],use_integer_operator_counts=true,transform=adapt_costs(cost_type=normal)): 23
[t=39.892s, 377088 KB] g=16, 129 evaluated, 18 expanded
[t=42.4166s, 377928 KB] New best heuristic value for operatorcounting(constraint_generators=[pho_constraints(patterns=systematic(4))],use_integer_operator_counts=true,transform=adapt_costs(cost_type=normal)): 22
[t=42.4166s, 377928 KB] g=18, 144 evaluated, 20 expanded
[t=44.2305s, 377928 KB] New best heuristic value for operatorcounting(constraint_generators=[pho_constraints(patterns=systematic(4))],use_integer_operator_counts=true,transform=adapt_costs(cost_type=normal)): 21
[t=44.2305s, 377928 KB] g=19, 153 evaluated, 21 expanded
[t=44.4263s, 377928 KB] New best heuristic value for operatorcounting(constraint_generators=[pho_constraints(patterns=systematic(4))],use_integer_operator_counts=true,transform=adapt_costs(cost_type=normal)): 20
[t=44.4263s, 377928 KB] g=20, 154 evaluated, 22 expanded
Peak memory: 377940 KB
caught signal 24 -- exiting
Time limit has been reached.
Remove intermediate file output.sas
search exit code: 23

Driver aborting after search
INFO     Planner time: 1796.31s
