INFO     planner time limit: 1800s
INFO     planner memory limit: 2048 MB

INFO     Running translator.
INFO     translator stdin: None
INFO     translator time limit: 1799s
INFO     translator memory limit: 2048 MB
INFO     translator command line string: /home/henry/Documents/UFRGS/TCC/downward/.venv/bin/python /home/henry/Documents/UFRGS/TCC/downward/experiments/lab/data/main/code-5bb2ccb6957559b6969ffd7e29254c73f84d5e49_e5e41175/builds/release/bin/translate/translate.py domain.pddl problem.pddl --sas-file output.sas
Parsing...
Parsing: [0.000s CPU, 0.004s wall-clock]
Normalizing task... [0.000s CPU, 0.000s wall-clock]
Instantiating...
Generating Datalog program... [0.000s CPU, 0.001s wall-clock]
Normalizing Datalog program...
Normalizing Datalog program: [0.010s CPU, 0.003s wall-clock]
Preparing model... [0.000s CPU, 0.003s wall-clock]
Generated 211 rules.
Computing model... [0.010s CPU, 0.010s wall-clock]
993 relevant atoms
1232 auxiliary atoms
2225 final queue length
3116 total queue pushes
Completing instantiation... [0.010s CPU, 0.011s wall-clock]
Instantiating: [0.030s CPU, 0.029s wall-clock]
Computing fact groups...
Finding invariants...
20 initial candidates
Finding invariants: [0.010s CPU, 0.003s wall-clock]
Checking invariant weight... [0.000s CPU, 0.000s wall-clock]
Instantiating groups... [0.000s CPU, 0.000s wall-clock]
Collecting mutex groups... [0.000s CPU, 0.000s wall-clock]
Choosing groups...
270 uncovered facts
Choosing groups: [0.000s CPU, 0.000s wall-clock]
Building translation key... [0.000s CPU, 0.001s wall-clock]
Computing fact groups: [0.010s CPU, 0.007s wall-clock]
Building STRIPS to SAS dictionary... [0.000s CPU, 0.000s wall-clock]
Building dictionary for full mutex groups... [0.000s CPU, 0.000s wall-clock]
Building mutex information...
Building mutex information: [0.000s CPU, 0.000s wall-clock]
Translating task...
Processing axioms...
Simplifying axioms... [0.000s CPU, 0.000s wall-clock]
Translator axioms removed by simplifying: 0
Computing negative axioms... [0.000s CPU, 0.000s wall-clock]
Processing axioms: [0.000s CPU, 0.001s wall-clock]
Translating task: [0.010s CPU, 0.013s wall-clock]
307 effect conditions simplified
0 implied preconditions added
Detecting unreachable propositions...
0 operators removed
0 axioms removed
11 propositions removed
Detecting unreachable propositions: [0.010s CPU, 0.007s wall-clock]
Reordering and filtering variables...
91 of 278 variables necessary.
0 of 9 mutex groups necessary.
442 of 442 operators necessary.
0 of 0 axiom rules necessary.
Reordering and filtering variables: [0.000s CPU, 0.004s wall-clock]
Translator variables: 91
Translator derived variables: 0
Translator facts: 272
Translator goal facts: 54
Translator mutex groups: 0
Translator total mutex groups size: 0
Translator operators: 442
Translator axioms: 0
Translator task size: 3157
Translator peak memory: 34656 KB
Writing output... [0.010s CPU, 0.003s wall-clock]
Done! [0.070s CPU, 0.066s wall-clock]
translate exit code: 0

INFO     Running search (release).
INFO     search stdin: output.sas
INFO     search time limit: 1799s
INFO     search memory limit: 2048 MB
INFO     search command line string: /home/henry/Documents/UFRGS/TCC/downward/experiments/lab/data/main/code-5bb2ccb6957559b6969ffd7e29254c73f84d5e49_e5e41175/builds/release/bin/downward --search 'eager_greedy([lsh(patterns=systematic(4), transform=adapt_costs(cost_type=NORMAL))])' --internal-plan-file sas_plan < output.sas
[t=0s, 10544 KB] reading input...
[t=0s, 10676 KB] done reading input!
[t=0.00400002s, 10940 KB] Generating patterns using: systematic pattern collection generator
[t=0.00400002s, 10940 KB] building causal graph...done! [t=0s]
[t=0.00800601s, 12704 KB] Found 7427 SGA patterns.
[t=0.0719388s, 15724 KB] Found 27334 interesting patterns.
[t=0.0759251s, 16172 KB] systematic pattern collection generator number of patterns: 27334
[t=0.0759251s, 16172 KB] systematic pattern collection generator total PDB size: 1990896
[t=0.0759251s, 16172 KB] systematic pattern collection generator computation time: 0.0719251s
[t=0.0759251s, 16172 KB] Computing PDBs for pattern collection...
[t=1.97417s, 27684 KB] Done computing PDBs for pattern collection: 1.89824s
[t=2.178s, 39412 KB] Building successor generator...done!
[t=2.178s, 39412 KB] peak memory difference for successor generator creation: 0 KB
[t=2.178s, 39412 KB] time for successor generation creation: 0s
[t=2.178s, 39412 KB] Variables: 91
[t=2.178s, 39412 KB] FactPairs: 272
[t=2.178s, 39412 KB] Bytes per state: 16
[t=2.178s, 39412 KB] Conducting best first search without reopening closed nodes, (real) bound = 2147483647
[t=2.178s, 39412 KB] New best heuristic value for lsh(patterns=systematic(4),transform=adapt_costs(cost_type=normal)): 2540370
[t=2.178s, 39412 KB] g=0, 1 evaluated, 0 expanded
[t=2.178s, 39412 KB] Initial heuristic value for lsh(patterns=systematic(4),transform=adapt_costs(cost_type=normal)): 2540370
[t=2.178s, 39412 KB] pruning method: none
[t=2.18599s, 39412 KB] New best heuristic value for lsh(patterns=systematic(4),transform=adapt_costs(cost_type=normal)): 2540146
[t=2.18599s, 39412 KB] g=224, 4 evaluated, 2 expanded
[t=2.19798s, 39412 KB] New best heuristic value for lsh(patterns=systematic(4),transform=adapt_costs(cost_type=normal)): 2539922
[t=2.19798s, 39412 KB] g=349, 15 evaluated, 3 expanded
[t=2.21395s, 39412 KB] New best heuristic value for lsh(patterns=systematic(4),transform=adapt_costs(cost_type=normal)): 2539698
[t=2.21395s, 39412 KB] g=474, 28 evaluated, 4 expanded
[t=2.22595s, 39412 KB] New best heuristic value for lsh(patterns=systematic(4),transform=adapt_costs(cost_type=normal)): 2539474
[t=2.22595s, 39412 KB] g=599, 41 evaluated, 5 expanded
[t=2.24193s, 39412 KB] New best heuristic value for lsh(patterns=systematic(4),transform=adapt_costs(cost_type=normal)): 2539250
[t=2.24193s, 39412 KB] g=724, 55 evaluated, 6 expanded
[t=2.25791s, 39412 KB] New best heuristic value for lsh(patterns=systematic(4),transform=adapt_costs(cost_type=normal)): 2539026
[t=2.25791s, 39412 KB] g=849, 70 evaluated, 7 expanded
[t=2.27389s, 39412 KB] New best heuristic value for lsh(patterns=systematic(4),transform=adapt_costs(cost_type=normal)): 2538802
[t=2.27389s, 39412 KB] g=974, 86 evaluated, 8 expanded
[t=2.28588s, 39412 KB] New best heuristic value for lsh(patterns=systematic(4),transform=adapt_costs(cost_type=normal)): 2528803
[t=2.28588s, 39412 KB] g=12373, 103 evaluated, 10 expanded
[t=2.30186s, 39412 KB] New best heuristic value for lsh(patterns=systematic(4),transform=adapt_costs(cost_type=normal)): 2316013
[t=2.30186s, 39412 KB] g=225163, 119 evaluated, 11 expanded
[t=2.32585s, 39412 KB] New best heuristic value for lsh(patterns=systematic(4),transform=adapt_costs(cost_type=normal)): 2306665
[t=2.32585s, 39412 KB] g=231661, 153 evaluated, 13 expanded
[t=2.35382s, 39412 KB] New best heuristic value for lsh(patterns=systematic(4),transform=adapt_costs(cost_type=normal)): 2296666
[t=2.35382s, 39412 KB] g=243159, 183 evaluated, 15 expanded
[t=2.36581s, 39412 KB] New best heuristic value for lsh(patterns=systematic(4),transform=adapt_costs(cost_type=normal)): 2083876
[t=2.36581s, 39412 KB] g=455949, 198 evaluated, 16 expanded
[t=2.39378s, 39412 KB] New best heuristic value for lsh(patterns=systematic(4),transform=adapt_costs(cost_type=normal)): 2074528
[t=2.39378s, 39412 KB] g=462447, 227 evaluated, 18 expanded
[t=2.41375s, 39412 KB] New best heuristic value for lsh(patterns=systematic(4),transform=adapt_costs(cost_type=normal)): 2064529
[t=2.41375s, 39412 KB] g=473945, 253 evaluated, 20 expanded
[t=2.42575s, 39412 KB] New best heuristic value for lsh(patterns=systematic(4),transform=adapt_costs(cost_type=normal)): 1851739
[t=2.42575s, 39412 KB] g=686735, 266 evaluated, 21 expanded
[t=2.44573s, 39412 KB] New best heuristic value for lsh(patterns=systematic(4),transform=adapt_costs(cost_type=normal)): 1842391
[t=2.44573s, 39412 KB] g=693233, 291 evaluated, 23 expanded
[t=2.46571s, 39412 KB] New best heuristic value for lsh(patterns=systematic(4),transform=adapt_costs(cost_type=normal)): 1832392
[t=2.46571s, 39412 KB] g=704731, 313 evaluated, 25 expanded
[t=2.4737s, 39412 KB] New best heuristic value for lsh(patterns=systematic(4),transform=adapt_costs(cost_type=normal)): 1619602
[t=2.4737s, 39412 KB] g=917521, 324 evaluated, 26 expanded
[t=2.49368s, 39412 KB] New best heuristic value for lsh(patterns=systematic(4),transform=adapt_costs(cost_type=normal)): 1610254
[t=2.49368s, 39412 KB] g=924019, 345 evaluated, 28 expanded
[t=2.50963s, 39412 KB] New best heuristic value for lsh(patterns=systematic(4),transform=adapt_costs(cost_type=normal)): 1600255
[t=2.50963s, 39412 KB] g=935517, 363 evaluated, 30 expanded
[t=2.51763s, 39412 KB] New best heuristic value for lsh(patterns=systematic(4),transform=adapt_costs(cost_type=normal)): 1387465
[t=2.51763s, 39412 KB] g=1148307, 372 evaluated, 31 expanded
[t=2.53362s, 39412 KB] New best heuristic value for lsh(patterns=systematic(4),transform=adapt_costs(cost_type=normal)): 1378117
[t=2.53362s, 39412 KB] g=1154805, 389 evaluated, 33 expanded
[t=2.54559s, 39412 KB] New best heuristic value for lsh(patterns=systematic(4),transform=adapt_costs(cost_type=normal)): 1368118
[t=2.54559s, 39412 KB] g=1166303, 403 evaluated, 35 expanded
[t=2.55359s, 39412 KB] New best heuristic value for lsh(patterns=systematic(4),transform=adapt_costs(cost_type=normal)): 1155328
[t=2.55359s, 39412 KB] g=1379093, 410 evaluated, 36 expanded
[t=2.56556s, 39412 KB] New best heuristic value for lsh(patterns=systematic(4),transform=adapt_costs(cost_type=normal)): 1145980
[t=2.56556s, 39412 KB] g=1385591, 423 evaluated, 38 expanded
[t=2.57755s, 39412 KB] New best heuristic value for lsh(patterns=systematic(4),transform=adapt_costs(cost_type=normal)): 1135981
[t=2.57755s, 39412 KB] g=1397089, 433 evaluated, 40 expanded
[t=2.58156s, 39412 KB] New best heuristic value for lsh(patterns=systematic(4),transform=adapt_costs(cost_type=normal)): 923191
[t=2.58156s, 39412 KB] g=1609879, 438 evaluated, 41 expanded
[t=2.58954s, 39412 KB] New best heuristic value for lsh(patterns=systematic(4),transform=adapt_costs(cost_type=normal)): 913843
[t=2.58954s, 39412 KB] g=1616377, 447 evaluated, 43 expanded
[t=2.60154s, 39412 KB] New best heuristic value for lsh(patterns=systematic(4),transform=adapt_costs(cost_type=normal)): 903844
[t=2.60154s, 39412 KB] g=1628000, 458 evaluated, 47 expanded
[t=2.60954s, 39412 KB] New best heuristic value for lsh(patterns=systematic(4),transform=adapt_costs(cost_type=normal)): 691054
[t=2.60954s, 39412 KB] g=1840790, 461 evaluated, 48 expanded
[t=2.62551s, 39412 KB] New best heuristic value for lsh(patterns=systematic(4),transform=adapt_costs(cost_type=normal)): 685776
[t=2.62551s, 39412 KB] g=1852413, 483 evaluated, 54 expanded
[t=2.62551s, 39412 KB] New best heuristic value for lsh(patterns=systematic(4),transform=adapt_costs(cost_type=normal)): 477613
[t=2.62551s, 39412 KB] g=2065203, 486 evaluated, 55 expanded
[t=2.63351s, 39412 KB] New best heuristic value for lsh(patterns=systematic(4),transform=adapt_costs(cost_type=normal)): 468265
[t=2.63351s, 39412 KB] g=2070202, 492 evaluated, 56 expanded
[t=2.63351s, 39412 KB] New best heuristic value for lsh(patterns=systematic(4),transform=adapt_costs(cost_type=normal)): 467766
[t=2.63351s, 39412 KB] g=2075202, 493 evaluated, 56 expanded
[t=2.64151s, 39412 KB] New best heuristic value for lsh(patterns=systematic(4),transform=adapt_costs(cost_type=normal)): 458418
[t=2.64151s, 39412 KB] g=2084201, 496 evaluated, 57 expanded
[t=2.64949s, 39412 KB] New best heuristic value for lsh(patterns=systematic(4),transform=adapt_costs(cost_type=normal)): 245628
[t=2.64949s, 39412 KB] g=2301990, 509 evaluated, 60 expanded
[t=2.6535s, 39412 KB] New best heuristic value for lsh(patterns=systematic(4),transform=adapt_costs(cost_type=normal)): 235629
[t=2.6535s, 39412 KB] g=2311989, 514 evaluated, 61 expanded
[t=2.65748s, 39412 KB] New best heuristic value for lsh(patterns=systematic(4),transform=adapt_costs(cost_type=normal)): 226281
[t=2.66148s, 39412 KB] g=2313488, 519 evaluated, 62 expanded
[t=2.67748s, 39412 KB] New best heuristic value for lsh(patterns=systematic(4),transform=adapt_costs(cost_type=normal)): 23490
[t=2.67748s, 39412 KB] g=2463276, 541 evaluated, 69 expanded
[t=2.67748s, 39412 KB] New best heuristic value for lsh(patterns=systematic(4),transform=adapt_costs(cost_type=normal)): 22839
[t=2.67748s, 39412 KB] g=2471276, 542 evaluated, 70 expanded
[t=2.68146s, 39412 KB] New best heuristic value for lsh(patterns=systematic(4),transform=adapt_costs(cost_type=normal)): 13491
[t=2.68146s, 39412 KB] g=2472775, 545 evaluated, 71 expanded
[t=2.68146s, 39412 KB] New best heuristic value for lsh(patterns=systematic(4),transform=adapt_costs(cost_type=normal)): 11992
[t=2.68146s, 39412 KB] g=2474274, 547 evaluated, 72 expanded
[t=2.68546s, 39412 KB] New best heuristic value for lsh(patterns=systematic(4),transform=adapt_costs(cost_type=normal)): 10493
[t=2.68546s, 39412 KB] g=2475773, 548 evaluated, 73 expanded
[t=2.68546s, 39412 KB] New best heuristic value for lsh(patterns=systematic(4),transform=adapt_costs(cost_type=normal)): 8994
[t=2.68546s, 39412 KB] g=2477272, 549 evaluated, 74 expanded
[t=2.68546s, 39412 KB] New best heuristic value for lsh(patterns=systematic(4),transform=adapt_costs(cost_type=normal)): 7495
[t=2.68546s, 39412 KB] g=2478771, 550 evaluated, 75 expanded
[t=2.68947s, 39412 KB] New best heuristic value for lsh(patterns=systematic(4),transform=adapt_costs(cost_type=normal)): 5996
[t=2.68947s, 39412 KB] g=2480270, 551 evaluated, 76 expanded
[t=2.68947s, 39412 KB] New best heuristic value for lsh(patterns=systematic(4),transform=adapt_costs(cost_type=normal)): 4497
[t=2.68947s, 39412 KB] g=2481769, 552 evaluated, 77 expanded
[t=2.68947s, 39412 KB] New best heuristic value for lsh(patterns=systematic(4),transform=adapt_costs(cost_type=normal)): 2998
[t=2.68947s, 39412 KB] g=2483268, 553 evaluated, 78 expanded
[t=2.69346s, 39412 KB] New best heuristic value for lsh(patterns=systematic(4),transform=adapt_costs(cost_type=normal)): 1499
[t=2.69346s, 39412 KB] g=2484767, 554 evaluated, 79 expanded
[t=2.69346s, 39412 KB] New best heuristic value for lsh(patterns=systematic(4),transform=adapt_costs(cost_type=normal)): 0
[t=2.69346s, 39412 KB] g=2486266, 555 evaluated, 80 expanded
[t=2.69346s, 39412 KB] Solution found!
[t=2.69346s, 39412 KB] Actual search time: 0.515458s
initialize  (0)
fe1-feedmsi-letter sheet2 (125)
fe1-feedmsi-letter sheet3 (125)
fe1-feedmsi-letter sheet5 (125)
fe1-feedmsi-letter sheet6 (125)
fe1-feedmsi-letter sheet7 (125)
fe1-feedmsi-letter sheet8 (125)
fe1-feedmsi-letter sheet9 (125)
hw1-leftentrytobottomleftexit-letter sheet2 (1499)
lc1-inverttoime-letter sheet2 back front (9999)
lime-simplex-letter sheet2 front image-2 (212790)
lc1-fromime-letter sheet2 (4999)
hw1-bottomrightentrytorightexit-letter sheet2 (1499)
hw1-leftentrytobottomleftexit-letter sheet3 (1499)
lc1-inverttoime-letter sheet3 back front (9999)
lime-simplex-letter sheet3 front image-3 (212790)
lc1-fromime-letter sheet3 (4999)
hw1-bottomrightentrytorightexit-letter sheet3 (1499)
hw1-leftentrytobottomleftexit-letter sheet5 (1499)
lc1-inverttoime-letter sheet5 back front (9999)
lime-simplex-letter sheet5 front image-5 (212790)
lc1-fromime-letter sheet5 (4999)
hw1-bottomrightentrytorightexit-letter sheet5 (1499)
hw1-leftentrytobottomleftexit-letter sheet6 (1499)
lc1-inverttoime-letter sheet6 back front (9999)
lime-simplex-letter sheet6 front image-6 (212790)
lc1-fromime-letter sheet6 (4999)
hw1-bottomrightentrytorightexit-letter sheet6 (1499)
hw1-leftentrytobottomleftexit-letter sheet7 (1499)
lc1-inverttoime-letter sheet7 back front (9999)
lime-simplex-letter sheet7 front image-7 (212790)
lc1-fromime-letter sheet7 (4999)
hw1-bottomrightentrytorightexit-letter sheet7 (1499)
hw1-leftentrytobottomleftexit-letter sheet8 (1499)
lc1-inverttoime-letter sheet8 back front (9999)
lime-simplex-letter sheet8 front image-8 (212790)
lc1-fromime-letter sheet8 (4999)
hw1-bottomrightentrytorightexit-letter sheet8 (1499)
hw1-leftentrytobottomleftexit-letter sheet9 (1499)
lc1-inverttoime-letter sheet9 back front (9999)
lime-simplex-letter sheet9 front image-9 (212790)
lc1-fromime-letter sheet9 (4999)
hw1-bottomrightentrytorightexit-letter sheet9 (1499)
fe1-feedmsi-letter sheet1 (125)
hw1-leftentrytobottomleftexit-letter sheet1 (1499)
lc1-inverttoime-letter sheet1 back front (9999)
lime-simplexmono-letter sheet1 front image-1 (212790)
fe1-feedmsi-letter sheet4 (125)
hw1-leftentrytobottomleftexit-letter sheet4 (1499)
lc1-inverttoime-letter sheet4 back front (9999)
lime-simplex-letter sheet4 front image-4 (212790)
lc1-invertfromime-letter sheet4 front back (9999)
hw1-bottomrightentrytobottomleftexit-letter sheet4 (8999)
lc1-toime-letter sheet4 (4999)
lime-simplex-letter sheet4 back image-4b (212790)
lc1-invertfromime-letter sheet4 back front (9999)
hw1-bottomrightentrytorightexit-letter sheet4 (1499)
lc1-fromime-letter sheet1 (4999)
hw1-bottomrightentrytotopleftexit-letter sheet1 (8999)
uc1-inverttoime-letter sheet1 front back (8000)
uime-simplex-letter sheet1 back image-1b (127790)
uc1-invertfromime-letter sheet1 back front (8000)
hw1-toprightentrytorightexit-letter sheet1 (1499)
sys-stack-letter sheet1 dummy-sheet (1499)
sys-stack-letter sheet2 sheet1 (1499)
sys-stack-letter sheet3 sheet2 (1499)
sys-stack-letter sheet4 sheet3 (1499)
sys-stack-letter sheet5 sheet4 (1499)
sys-stack-letter sheet6 sheet5 (1499)
sys-stack-letter sheet7 sheet6 (1499)
sys-stack-letter sheet8 sheet7 (1499)
sys-stack-letter sheet9 sheet8 (1499)
[t=2.69346s, 39412 KB] Plan length: 72 step(s).
[t=2.69346s, 39412 KB] Plan cost: 2486266
[t=2.69346s, 39412 KB] Expanded 81 state(s).
[t=2.69346s, 39412 KB] Reopened 0 state(s).
[t=2.69346s, 39412 KB] Evaluated 555 state(s).
[t=2.69346s, 39412 KB] Evaluations: 555
[t=2.69346s, 39412 KB] Generated 762 state(s).
[t=2.69346s, 39412 KB] Dead ends: 186 state(s).
[t=2.69346s, 39412 KB] Number of registered states: 555
[t=2.69346s, 39412 KB] Int hash set load factor: 555/1024 = 0.541992
[t=2.69346s, 39412 KB] Int hash set resizes: 10
[t=2.69346s, 39412 KB] Search time: 0.515458s
[t=2.69346s, 39412 KB] Total time: 2.69346s
Solution found.
Peak memory: 39412 KB
Remove intermediate file output.sas
search exit code: 0

INFO     Running validate.
INFO     validate stdin: None
INFO     validate time limit: None
INFO     validate memory limit: None
INFO     validate command line string: /home/henry/bin/validate domain.pddl problem.pddl sas_plan
Checking plan: sas_plan
Plan executed successfully - checking goal
Plan valid
Final value: 2486266 

Successful plans:
Value: 2486266
 sas_plan 2486266 

validate exit code: 0

INFO     Planner time: 2.83s
