INFO     planner time limit: 1800s
INFO     planner memory limit: 2048 MB

INFO     Running translator.
INFO     translator stdin: None
INFO     translator time limit: 1799s
INFO     translator memory limit: 2048 MB
INFO     translator command line string: /home/henry/Documents/UFRGS/TCC/downward/.venv/bin/python /home/henry/Documents/UFRGS/TCC/downward/experiments/lab/data/main/code-5bb2ccb6957559b6969ffd7e29254c73f84d5e49_e5e41175/builds/release/bin/translate/translate.py domain.pddl problem.pddl --sas-file output.sas
Parsing...
Parsing: [0.000s CPU, 0.005s wall-clock]
Normalizing task... [0.000s CPU, 0.000s wall-clock]
Instantiating...
Generating Datalog program... [0.000s CPU, 0.001s wall-clock]
Normalizing Datalog program...
Normalizing Datalog program: [0.020s CPU, 0.015s wall-clock]
Preparing model... [0.000s CPU, 0.005s wall-clock]
Generated 400 rules.
Computing model... [0.860s CPU, 0.862s wall-clock]
63291 relevant atoms
47672 auxiliary atoms
110963 final queue length
328224 total queue pushes
Completing instantiation... [4.150s CPU, 4.158s wall-clock]
Instantiating: [5.060s CPU, 5.070s wall-clock]
Computing fact groups...
Finding invariants...
41 initial candidates
Finding invariants: [0.080s CPU, 0.076s wall-clock]
Checking invariant weight... [0.000s CPU, 0.000s wall-clock]
Instantiating groups... [0.000s CPU, 0.000s wall-clock]
Collecting mutex groups... [0.000s CPU, 0.000s wall-clock]
Choosing groups...
547 uncovered facts
Choosing groups: [0.000s CPU, 0.000s wall-clock]
Building translation key... [0.000s CPU, 0.001s wall-clock]
Computing fact groups: [0.080s CPU, 0.081s wall-clock]
Building STRIPS to SAS dictionary... [0.000s CPU, 0.000s wall-clock]
Building dictionary for full mutex groups... [0.000s CPU, 0.000s wall-clock]
Building mutex information...
Building mutex information: [0.000s CPU, 0.000s wall-clock]
Translating task...
Processing axioms...
Simplifying axioms... [0.000s CPU, 0.000s wall-clock]
Translator axioms removed by simplifying: 0
Computing negative axioms... [0.000s CPU, 0.000s wall-clock]
Processing axioms: [0.190s CPU, 0.189s wall-clock]
Translating task: [4.650s CPU, 4.653s wall-clock]
182223 effect conditions simplified
0 implied preconditions added
Detecting unreachable propositions...
0 operators removed
0 axioms removed
2 propositions removed
Detecting unreachable propositions: [2.370s CPU, 2.376s wall-clock]
Reordering and filtering variables...
549 of 549 variables necessary.
1 of 3 mutex groups necessary.
62529 of 62529 operators necessary.
0 of 0 axiom rules necessary.
Reordering and filtering variables: [0.970s CPU, 0.971s wall-clock]
Translator variables: 549
Translator derived variables: 0
Translator facts: 1101
Translator goal facts: 4
Translator mutex groups: 1
Translator total mutex groups size: 2
Translator operators: 62529
Translator axioms: 0
Translator task size: 777730
Translator peak memory: 451020 KB
Writing output... [0.530s CPU, 0.530s wall-clock]
Done! [13.860s CPU, 13.886s wall-clock]
translate exit code: 0

INFO     Running search (release).
INFO     search stdin: output.sas
INFO     search time limit: 1786s
INFO     search memory limit: 2048 MB
INFO     search command line string: /home/henry/Documents/UFRGS/TCC/downward/experiments/lab/data/main/code-5bb2ccb6957559b6969ffd7e29254c73f84d5e49_e5e41175/builds/release/bin/downward --search 'eager_greedy([operatorcounting(constraint_generators=[pho_constraints(patterns=systematic(4))], use_integer_operator_counts=true, transform=adapt_costs(cost_type=ONE))])' --internal-plan-file sas_plan < output.sas
[t=0s, 45596 KB] reading input...
[t=0.350753s, 74692 KB] done reading input!
[t=0.353278s, 78164 KB] Generating patterns using: systematic pattern collection generator
[t=0.353278s, 78164 KB] building causal graph...done! [t=0.319622s]
[t=0.768777s, 102492 KB] Found 46283 SGA patterns.
[t=1.68443s, 102492 KB] Found 46283 interesting patterns.
[t=1.6964s, 102492 KB] systematic pattern collection generator number of patterns: 46283
[t=1.6964s, 102492 KB] systematic pattern collection generator total PDB size: 783920
[t=1.70041s, 102492 KB] systematic pattern collection generator computation time: 1.34312s
[t=1.70041s, 102492 KB] Computing PDBs for pattern collection...
[t=576.371s, 102492 KB] Done computing PDBs for pattern collection: 574.671s
Failed to allocate memory.
Memory limit has been reached.
Peak memory: 1765876 KB
Remove intermediate file output.sas
search exit code: 22

Driver aborting after search
INFO     Planner time: 726.37s
