INFO     planner time limit: 1800s
INFO     planner memory limit: 2048 MB

INFO     Running translator.
INFO     translator stdin: None
INFO     translator time limit: 1799s
INFO     translator memory limit: 2048 MB
INFO     translator command line string: /home/henry/Documents/UFRGS/TCC/downward/.venv/bin/python /home/henry/Documents/UFRGS/TCC/downward/experiments/lab/data/main/code-5bb2ccb6957559b6969ffd7e29254c73f84d5e49_e5e41175/builds/release/bin/translate/translate.py domain.pddl problem.pddl --sas-file output.sas
Parsing...
Parsing: [0.000s CPU, 0.004s wall-clock]
Normalizing task... [0.000s CPU, 0.000s wall-clock]
Instantiating...
Generating Datalog program... [0.000s CPU, 0.001s wall-clock]
Normalizing Datalog program...
Trivial rules: Converted to facts.
Normalizing Datalog program: [0.000s CPU, 0.003s wall-clock]
Preparing model... [0.010s CPU, 0.003s wall-clock]
Generated 129 rules.
Computing model... [0.930s CPU, 0.933s wall-clock]
71586 relevant atoms
61309 auxiliary atoms
132895 final queue length
438165 total queue pushes
Completing instantiation... [4.000s CPU, 4.011s wall-clock]
Instantiating: [4.970s CPU, 4.979s wall-clock]
Computing fact groups...
Finding invariants...
28 initial candidates
Finding invariants: [0.020s CPU, 0.017s wall-clock]
Checking invariant weight... [0.000s CPU, 0.000s wall-clock]
Instantiating groups... [0.000s CPU, 0.002s wall-clock]
Collecting mutex groups... [0.000s CPU, 0.001s wall-clock]
Choosing groups...
830 uncovered facts
Choosing groups: [0.010s CPU, 0.001s wall-clock]
Building translation key... [0.000s CPU, 0.002s wall-clock]
Computing fact groups: [0.030s CPU, 0.031s wall-clock]
Building STRIPS to SAS dictionary... [0.000s CPU, 0.001s wall-clock]
Building dictionary for full mutex groups... [0.010s CPU, 0.001s wall-clock]
Building mutex information...
Building mutex information: [0.000s CPU, 0.000s wall-clock]
Translating task...
Processing axioms...
Simplifying axioms... [0.000s CPU, 0.000s wall-clock]
Translator axioms removed by simplifying: 0
Computing negative axioms... [0.000s CPU, 0.000s wall-clock]
Processing axioms: [0.230s CPU, 0.231s wall-clock]
Translating task: [4.880s CPU, 4.889s wall-clock]
106752 effect conditions simplified
0 implied preconditions added
Detecting unreachable propositions...
0 operators removed
0 axioms removed
55 propositions removed
Detecting unreachable propositions: [2.310s CPU, 2.325s wall-clock]
Reordering and filtering variables...
862 of 864 variables necessary.
0 of 41 mutex groups necessary.
69096 of 69096 operators necessary.
0 of 0 axiom rules necessary.
Reordering and filtering variables: [1.360s CPU, 1.354s wall-clock]
Translator variables: 862
Translator derived variables: 0
Translator facts: 2641
Translator goal facts: 49
Translator mutex groups: 0
Translator total mutex groups size: 0
Translator operators: 69096
Translator axioms: 0
Translator task size: 972941
Translator peak memory: 503512 KB
Writing output... [0.700s CPU, 0.705s wall-clock]
Done! [14.450s CPU, 14.479s wall-clock]
translate exit code: 0

INFO     Running search (release).
INFO     search stdin: output.sas
INFO     search time limit: 1785s
INFO     search memory limit: 2048 MB
INFO     search command line string: /home/henry/Documents/UFRGS/TCC/downward/experiments/lab/data/main/code-5bb2ccb6957559b6969ffd7e29254c73f84d5e49_e5e41175/builds/release/bin/downward --search 'eager_greedy([lsh(patterns=systematic(2), transform=adapt_costs(cost_type=ONE))])' --internal-plan-file sas_plan < output.sas
[t=0s, 10544 KB] reading input...
[t=0.419647s, 45008 KB] done reading input!
[t=0.419647s, 45404 KB] Generating patterns using: systematic pattern collection generator
[t=0.419647s, 45404 KB] building causal graph...done! [t=0.335567s]
[t=0.855074s, 78452 KB] Found 6065 SGA patterns.
[t=1.03093s, 78452 KB] Found 6065 interesting patterns.
[t=1.03494s, 78452 KB] systematic pattern collection generator number of patterns: 6065
[t=1.03494s, 78452 KB] systematic pattern collection generator total PDB size: 217408
[t=1.03494s, 78452 KB] systematic pattern collection generator computation time: 0.615288s
[t=1.03494s, 78452 KB] Computing PDBs for pattern collection...
[t=98.3477s, 78452 KB] Done computing PDBs for pattern collection: 97.3128s
[t=120.821s, 239400 KB] Building successor generator...done!
[t=120.861s, 245256 KB] peak memory difference for successor generator creation: 5856 KB
[t=120.861s, 245256 KB] time for successor generation creation: 0.0359138s
[t=120.861s, 245256 KB] Variables: 862
[t=120.861s, 245256 KB] FactPairs: 2641
[t=120.861s, 245256 KB] Bytes per state: 128
[t=120.861s, 245256 KB] Conducting best first search without reopening closed nodes, (real) bound = 2147483647
[t=120.861s, 245256 KB] New best heuristic value for lsh(patterns=systematic(2),transform=adapt_costs(cost_type=one)): 119
[t=120.861s, 245256 KB] g=0, 1 evaluated, 0 expanded
[t=120.861s, 245256 KB] Initial heuristic value for lsh(patterns=systematic(2),transform=adapt_costs(cost_type=one)): 119
[t=120.861s, 245256 KB] pruning method: none
[t=120.861s, 245256 KB] New best heuristic value for lsh(patterns=systematic(2),transform=adapt_costs(cost_type=one)): 118
[t=120.861s, 245256 KB] g=1, 6 evaluated, 2 expanded
[t=120.861s, 245256 KB] New best heuristic value for lsh(patterns=systematic(2),transform=adapt_costs(cost_type=one)): 117
[t=120.861s, 245256 KB] g=2, 10 evaluated, 4 expanded
[t=120.861s, 245256 KB] New best heuristic value for lsh(patterns=systematic(2),transform=adapt_costs(cost_type=one)): 116
[t=120.861s, 245256 KB] g=3, 17 evaluated, 8 expanded
[t=120.861s, 245256 KB] New best heuristic value for lsh(patterns=systematic(2),transform=adapt_costs(cost_type=one)): 114
[t=120.861s, 245256 KB] g=3, 20 evaluated, 9 expanded
[t=120.865s, 245256 KB] New best heuristic value for lsh(patterns=systematic(2),transform=adapt_costs(cost_type=one)): 112
[t=120.865s, 245256 KB] g=4, 30 evaluated, 15 expanded
[t=120.865s, 245256 KB] New best heuristic value for lsh(patterns=systematic(2),transform=adapt_costs(cost_type=one)): 110
[t=120.865s, 245256 KB] g=4, 31 evaluated, 16 expanded
[t=120.869s, 245256 KB] New best heuristic value for lsh(patterns=systematic(2),transform=adapt_costs(cost_type=one)): 109
[t=120.869s, 245256 KB] g=6, 103 evaluated, 68 expanded
[t=120.869s, 245256 KB] New best heuristic value for lsh(patterns=systematic(2),transform=adapt_costs(cost_type=one)): 107
[t=120.869s, 245256 KB] g=6, 104 evaluated, 69 expanded
[t=120.873s, 245256 KB] New best heuristic value for lsh(patterns=systematic(2),transform=adapt_costs(cost_type=one)): 106
[t=120.873s, 245256 KB] g=7, 116 evaluated, 77 expanded
[t=120.897s, 245256 KB] New best heuristic value for lsh(patterns=systematic(2),transform=adapt_costs(cost_type=one)): 105
[t=120.897s, 245256 KB] g=14, 352 evaluated, 243 expanded
[t=120.897s, 245256 KB] New best heuristic value for lsh(patterns=systematic(2),transform=adapt_costs(cost_type=one)): 104
[t=120.897s, 245256 KB] g=15, 364 evaluated, 251 expanded
[t=120.897s, 245256 KB] New best heuristic value for lsh(patterns=systematic(2),transform=adapt_costs(cost_type=one)): 103
[t=120.897s, 245256 KB] g=16, 374 evaluated, 257 expanded
[t=120.897s, 245256 KB] New best heuristic value for lsh(patterns=systematic(2),transform=adapt_costs(cost_type=one)): 102
[t=120.897s, 245256 KB] g=16, 375 evaluated, 258 expanded
[t=121.017s, 245256 KB] New best heuristic value for lsh(patterns=systematic(2),transform=adapt_costs(cost_type=one)): 101
[t=121.017s, 245256 KB] g=14, 1492 evaluated, 1276 expanded
[t=121.512s, 245256 KB] New best heuristic value for lsh(patterns=systematic(2),transform=adapt_costs(cost_type=one)): 99
[t=121.512s, 245256 KB] g=15, 5771 evaluated, 5235 expanded
[t=122.411s, 245308 KB] New best heuristic value for lsh(patterns=systematic(2),transform=adapt_costs(cost_type=one)): 98
[t=122.411s, 245308 KB] g=19, 13988 evaluated, 12973 expanded
[t=122.411s, 245308 KB] New best heuristic value for lsh(patterns=systematic(2),transform=adapt_costs(cost_type=one)): 96
[t=122.411s, 245308 KB] g=19, 13989 evaluated, 12974 expanded
[t=122.411s, 245308 KB] New best heuristic value for lsh(patterns=systematic(2),transform=adapt_costs(cost_type=one)): 95
[t=122.411s, 245308 KB] g=20, 14006 evaluated, 12986 expanded
[t=122.415s, 245308 KB] New best heuristic value for lsh(patterns=systematic(2),transform=adapt_costs(cost_type=one)): 93
[t=122.415s, 245308 KB] g=21, 14019 evaluated, 12995 expanded
[t=122.415s, 245308 KB] New best heuristic value for lsh(patterns=systematic(2),transform=adapt_costs(cost_type=one)): 91
[t=122.415s, 245308 KB] g=22, 14035 evaluated, 13006 expanded
[t=122.415s, 245308 KB] New best heuristic value for lsh(patterns=systematic(2),transform=adapt_costs(cost_type=one)): 90
[t=122.415s, 245308 KB] g=22, 14036 evaluated, 13007 expanded
[t=122.415s, 245308 KB] New best heuristic value for lsh(patterns=systematic(2),transform=adapt_costs(cost_type=one)): 88
[t=122.415s, 245308 KB] g=22, 14037 evaluated, 13008 expanded
[t=122.415s, 245308 KB] New best heuristic value for lsh(patterns=systematic(2),transform=adapt_costs(cost_type=one)): 86
[t=122.415s, 245308 KB] g=22, 14038 evaluated, 13009 expanded
[t=122.415s, 245308 KB] New best heuristic value for lsh(patterns=systematic(2),transform=adapt_costs(cost_type=one)): 85
[t=122.415s, 245308 KB] g=23, 14052 evaluated, 13021 expanded
[t=123.03s, 246372 KB] New best heuristic value for lsh(patterns=systematic(2),transform=adapt_costs(cost_type=one)): 83
[t=123.03s, 246372 KB] g=30, 19767 evaluated, 17387 expanded
[t=123.03s, 246372 KB] New best heuristic value for lsh(patterns=systematic(2),transform=adapt_costs(cost_type=one)): 82
[t=123.03s, 246372 KB] g=30, 19768 evaluated, 17388 expanded
[t=123.034s, 246372 KB] New best heuristic value for lsh(patterns=systematic(2),transform=adapt_costs(cost_type=one)): 81
[t=123.034s, 246372 KB] g=30, 19769 evaluated, 17389 expanded
[t=123.034s, 246372 KB] New best heuristic value for lsh(patterns=systematic(2),transform=adapt_costs(cost_type=one)): 80
[t=123.034s, 246372 KB] g=31, 19770 evaluated, 17390 expanded
[t=123.59s, 247052 KB] New best heuristic value for lsh(patterns=systematic(2),transform=adapt_costs(cost_type=one)): 79
[t=123.59s, 247052 KB] g=43, 25180 evaluated, 21715 expanded
[t=123.59s, 247052 KB] New best heuristic value for lsh(patterns=systematic(2),transform=adapt_costs(cost_type=one)): 78
[t=123.59s, 247052 KB] g=43, 25186 evaluated, 21720 expanded
[t=123.594s, 247052 KB] New best heuristic value for lsh(patterns=systematic(2),transform=adapt_costs(cost_type=one)): 77
[t=123.594s, 247052 KB] g=44, 25193 evaluated, 21722 expanded
[t=131.101s, 258112 KB] New best heuristic value for lsh(patterns=systematic(2),transform=adapt_costs(cost_type=one)): 76
[t=131.101s, 258112 KB] g=53, 96079 evaluated, 86111 expanded
[t=131.105s, 258112 KB] New best heuristic value for lsh(patterns=systematic(2),transform=adapt_costs(cost_type=one)): 75
[t=131.105s, 258112 KB] g=53, 96085 evaluated, 86112 expanded
[t=131.105s, 258112 KB] New best heuristic value for lsh(patterns=systematic(2),transform=adapt_costs(cost_type=one)): 74
[t=131.105s, 258112 KB] g=54, 96103 evaluated, 86115 expanded
[t=131.105s, 258112 KB] New best heuristic value for lsh(patterns=systematic(2),transform=adapt_costs(cost_type=one)): 73
[t=131.105s, 258112 KB] g=55, 96108 evaluated, 86117 expanded
[t=131.105s, 258112 KB] New best heuristic value for lsh(patterns=systematic(2),transform=adapt_costs(cost_type=one)): 72
[t=131.105s, 258112 KB] g=55, 96122 evaluated, 86120 expanded
[t=131.109s, 258112 KB] New best heuristic value for lsh(patterns=systematic(2),transform=adapt_costs(cost_type=one)): 71
[t=131.109s, 258112 KB] g=56, 96127 evaluated, 86121 expanded
[t=131.109s, 258248 KB] New best heuristic value for lsh(patterns=systematic(2),transform=adapt_costs(cost_type=one)): 69
[t=131.109s, 258248 KB] g=56, 96140 evaluated, 86122 expanded
[t=131.125s, 258248 KB] New best heuristic value for lsh(patterns=systematic(2),transform=adapt_costs(cost_type=one)): 68
[t=131.125s, 258248 KB] g=58, 96304 evaluated, 86207 expanded
[t=131.125s, 258248 KB] New best heuristic value for lsh(patterns=systematic(2),transform=adapt_costs(cost_type=one)): 67
[t=131.125s, 258248 KB] g=58, 96305 evaluated, 86208 expanded
[t=131.125s, 258248 KB] New best heuristic value for lsh(patterns=systematic(2),transform=adapt_costs(cost_type=one)): 66
[t=131.125s, 258248 KB] g=58, 96306 evaluated, 86209 expanded
[t=131.125s, 258248 KB] New best heuristic value for lsh(patterns=systematic(2),transform=adapt_costs(cost_type=one)): 64
[t=131.125s, 258248 KB] g=58, 96307 evaluated, 86210 expanded
[t=131.125s, 258248 KB] New best heuristic value for lsh(patterns=systematic(2),transform=adapt_costs(cost_type=one)): 63
[t=131.125s, 258248 KB] g=58, 96308 evaluated, 86211 expanded
[t=131.125s, 258248 KB] New best heuristic value for lsh(patterns=systematic(2),transform=adapt_costs(cost_type=one)): 62
[t=131.125s, 258248 KB] g=58, 96309 evaluated, 86212 expanded
[t=131.125s, 258248 KB] New best heuristic value for lsh(patterns=systematic(2),transform=adapt_costs(cost_type=one)): 61
[t=131.125s, 258248 KB] g=59, 96328 evaluated, 86225 expanded
[t=131.125s, 258248 KB] New best heuristic value for lsh(patterns=systematic(2),transform=adapt_costs(cost_type=one)): 60
[t=131.125s, 258248 KB] g=59, 96329 evaluated, 86226 expanded
[t=131.129s, 258248 KB] New best heuristic value for lsh(patterns=systematic(2),transform=adapt_costs(cost_type=one)): 59
[t=131.129s, 258248 KB] g=60, 96359 evaluated, 86250 expanded
[t=131.129s, 258248 KB] New best heuristic value for lsh(patterns=systematic(2),transform=adapt_costs(cost_type=one)): 58
[t=131.129s, 258248 KB] g=60, 96360 evaluated, 86251 expanded
[t=131.129s, 258248 KB] New best heuristic value for lsh(patterns=systematic(2),transform=adapt_costs(cost_type=one)): 57
[t=131.129s, 258248 KB] g=60, 96361 evaluated, 86252 expanded
[t=131.129s, 258248 KB] New best heuristic value for lsh(patterns=systematic(2),transform=adapt_costs(cost_type=one)): 55
[t=131.129s, 258248 KB] g=60, 96362 evaluated, 86253 expanded
[t=131.129s, 258248 KB] New best heuristic value for lsh(patterns=systematic(2),transform=adapt_costs(cost_type=one)): 53
[t=131.129s, 258248 KB] g=60, 96363 evaluated, 86254 expanded
[t=131.129s, 258248 KB] New best heuristic value for lsh(patterns=systematic(2),transform=adapt_costs(cost_type=one)): 52
[t=131.129s, 258248 KB] g=61, 96368 evaluated, 86256 expanded
[t=131.133s, 258248 KB] New best heuristic value for lsh(patterns=systematic(2),transform=adapt_costs(cost_type=one)): 51
[t=131.133s, 258248 KB] g=61, 96380 evaluated, 86257 expanded
[t=131.177s, 258248 KB] New best heuristic value for lsh(patterns=systematic(2),transform=adapt_costs(cost_type=one)): 50
[t=131.177s, 258248 KB] g=63, 96885 evaluated, 86505 expanded
[t=131.181s, 258248 KB] New best heuristic value for lsh(patterns=systematic(2),transform=adapt_costs(cost_type=one)): 49
[t=131.181s, 258248 KB] g=64, 96888 evaluated, 86507 expanded
[t=131.181s, 258248 KB] New best heuristic value for lsh(patterns=systematic(2),transform=adapt_costs(cost_type=one)): 48
[t=131.181s, 258248 KB] g=64, 96905 evaluated, 86508 expanded
[t=131.557s, 258792 KB] New best heuristic value for lsh(patterns=systematic(2),transform=adapt_costs(cost_type=one)): 47
[t=131.557s, 258792 KB] g=66, 100758 evaluated, 88923 expanded
[t=131.557s, 258792 KB] New best heuristic value for lsh(patterns=systematic(2),transform=adapt_costs(cost_type=one)): 46
[t=131.557s, 258792 KB] g=66, 100778 evaluated, 88924 expanded
[t=131.557s, 258792 KB] New best heuristic value for lsh(patterns=systematic(2),transform=adapt_costs(cost_type=one)): 45
[t=131.557s, 258792 KB] g=67, 100785 evaluated, 88931 expanded
[t=131.561s, 258928 KB] New best heuristic value for lsh(patterns=systematic(2),transform=adapt_costs(cost_type=one)): 44
[t=131.561s, 258928 KB] g=67, 100817 evaluated, 88932 expanded
[t=131.565s, 258928 KB] New best heuristic value for lsh(patterns=systematic(2),transform=adapt_costs(cost_type=one)): 43
[t=131.565s, 258928 KB] g=67, 100819 evaluated, 88935 expanded
[t=131.565s, 258928 KB] New best heuristic value for lsh(patterns=systematic(2),transform=adapt_costs(cost_type=one)): 42
[t=131.565s, 258928 KB] g=67, 100820 evaluated, 88936 expanded
[t=131.565s, 258928 KB] New best heuristic value for lsh(patterns=systematic(2),transform=adapt_costs(cost_type=one)): 40
[t=131.565s, 258928 KB] g=67, 100821 evaluated, 88937 expanded
[t=133.786s, 263592 KB] New best heuristic value for lsh(patterns=systematic(2),transform=adapt_costs(cost_type=one)): 38
[t=133.786s, 263592 KB] g=69, 123937 evaluated, 103363 expanded
[t=133.79s, 263592 KB] New best heuristic value for lsh(patterns=systematic(2),transform=adapt_costs(cost_type=one)): 37
[t=133.79s, 263592 KB] g=70, 123995 evaluated, 103379 expanded
[t=133.79s, 263592 KB] New best heuristic value for lsh(patterns=systematic(2),transform=adapt_costs(cost_type=one)): 36
[t=133.79s, 263592 KB] g=70, 123996 evaluated, 103380 expanded
[t=133.79s, 263592 KB] New best heuristic value for lsh(patterns=systematic(2),transform=adapt_costs(cost_type=one)): 34
[t=133.79s, 263592 KB] g=70, 123997 evaluated, 103381 expanded
[t=133.802s, 263592 KB] New best heuristic value for lsh(patterns=systematic(2),transform=adapt_costs(cost_type=one)): 32
[t=133.802s, 263592 KB] g=71, 124074 evaluated, 103399 expanded
[t=133.802s, 263592 KB] New best heuristic value for lsh(patterns=systematic(2),transform=adapt_costs(cost_type=one)): 31
[t=133.802s, 263592 KB] g=71, 124080 evaluated, 103406 expanded
[t=133.81s, 263592 KB] New best heuristic value for lsh(patterns=systematic(2),transform=adapt_costs(cost_type=one)): 30
[t=133.81s, 263592 KB] g=72, 124166 evaluated, 103428 expanded
[t=133.81s, 263592 KB] New best heuristic value for lsh(patterns=systematic(2),transform=adapt_costs(cost_type=one)): 28
[t=133.81s, 263592 KB] g=72, 124167 evaluated, 103429 expanded
[t=133.81s, 263592 KB] New best heuristic value for lsh(patterns=systematic(2),transform=adapt_costs(cost_type=one)): 27
[t=133.81s, 263592 KB] g=72, 124168 evaluated, 103430 expanded
[t=133.81s, 263592 KB] New best heuristic value for lsh(patterns=systematic(2),transform=adapt_costs(cost_type=one)): 25
[t=133.81s, 263592 KB] g=72, 124169 evaluated, 103431 expanded
[t=133.81s, 263592 KB] New best heuristic value for lsh(patterns=systematic(2),transform=adapt_costs(cost_type=one)): 23
[t=133.81s, 263592 KB] g=72, 124170 evaluated, 103432 expanded
[t=133.81s, 263592 KB] New best heuristic value for lsh(patterns=systematic(2),transform=adapt_costs(cost_type=one)): 22
[t=133.81s, 263592 KB] g=73, 124176 evaluated, 103434 expanded
[t=133.814s, 263592 KB] New best heuristic value for lsh(patterns=systematic(2),transform=adapt_costs(cost_type=one)): 21
[t=133.814s, 263592 KB] g=73, 124216 evaluated, 103435 expanded
[t=133.814s, 263592 KB] New best heuristic value for lsh(patterns=systematic(2),transform=adapt_costs(cost_type=one)): 19
[t=133.814s, 263592 KB] g=73, 124217 evaluated, 103436 expanded
[t=133.814s, 263592 KB] New best heuristic value for lsh(patterns=systematic(2),transform=adapt_costs(cost_type=one)): 17
[t=133.814s, 263592 KB] g=73, 124218 evaluated, 103437 expanded
[t=133.814s, 263592 KB] New best heuristic value for lsh(patterns=systematic(2),transform=adapt_costs(cost_type=one)): 16
[t=133.814s, 263592 KB] g=73, 124219 evaluated, 103438 expanded
[t=133.814s, 263592 KB] New best heuristic value for lsh(patterns=systematic(2),transform=adapt_costs(cost_type=one)): 14
[t=133.814s, 263592 KB] g=73, 124220 evaluated, 103439 expanded
[t=133.818s, 263592 KB] New best heuristic value for lsh(patterns=systematic(2),transform=adapt_costs(cost_type=one)): 12
[t=133.818s, 263592 KB] g=74, 124280 evaluated, 103448 expanded
[t=133.826s, 263592 KB] New best heuristic value for lsh(patterns=systematic(2),transform=adapt_costs(cost_type=one)): 11
[t=133.826s, 263592 KB] g=75, 124353 evaluated, 103461 expanded
[t=133.826s, 263592 KB] New best heuristic value for lsh(patterns=systematic(2),transform=adapt_costs(cost_type=one)): 9
[t=133.826s, 263592 KB] g=75, 124354 evaluated, 103462 expanded
[t=133.826s, 263592 KB] New best heuristic value for lsh(patterns=systematic(2),transform=adapt_costs(cost_type=one)): 7
[t=133.826s, 263592 KB] g=75, 124355 evaluated, 103463 expanded
[t=133.826s, 263592 KB] New best heuristic value for lsh(patterns=systematic(2),transform=adapt_costs(cost_type=one)): 5
[t=133.826s, 263592 KB] g=75, 124356 evaluated, 103464 expanded
[t=133.826s, 263592 KB] New best heuristic value for lsh(patterns=systematic(2),transform=adapt_costs(cost_type=one)): 3
[t=133.826s, 263592 KB] g=75, 124357 evaluated, 103465 expanded
[t=133.826s, 263592 KB] New best heuristic value for lsh(patterns=systematic(2),transform=adapt_costs(cost_type=one)): 2
[t=133.826s, 263592 KB] g=75, 124358 evaluated, 103466 expanded
[t=133.826s, 263592 KB] New best heuristic value for lsh(patterns=systematic(2),transform=adapt_costs(cost_type=one)): 0
[t=133.826s, 263592 KB] g=75, 124359 evaluated, 103467 expanded
[t=133.826s, 263592 KB] Solution found!
[t=133.826s, 263592 KB] Actual search time: 12.9655s
move-to-card card-d0-s1-v8 card-d1-s1-v0 card-d0-s1-v9 pile-4 (1)
change-tableau-and-stop card-d0-s1-v8 pile-1 pile-4 (0)
make-movable-and-stop card-d1-s1-v0 card-d1-s1-v9 (0)
move-to-card card-d1-s1-v1 card-d0-s1-v1 card-d1-s1-v2 pile-0 (1)
change-tableau-and-stop card-d1-s1-v1 pile-3 pile-0 (0)
make-movable-and-stop card-d0-s1-v1 card-d1-s1-v3 (0)
move-to-card card-d0-s1-v1 card-d1-s1-v3 card-d1-s0-v2 pile-6 (1)
change-tableau-and-stop card-d0-s1-v1 pile-3 pile-6 (0)
make-unmovable-and-stop-at-unmovable card-d1-s0-v2 card-d0-s1-v0 (0)
make-movable-and-stop card-d1-s1-v3 card-d0-s0-v3 (0)
move-to-card card-d1-s1-v2 card-d0-s1-v5 card-d1-s1-v3 pile-3 (1)
change-tableau-and-continue card-d1-s1-v2 pile-0 pile-3 card-d1-s1-v1 (0)
change-tableau-and-stop card-d1-s1-v1 pile-0 pile-3 (0)
make-movable-and-stop card-d0-s1-v5 card-d1-s0-v0 (0)
move-to-card card-d0-s1-v5 card-d1-s0-v0 card-d0-s1-v6 pile-5 (1)
change-tableau-and-stop card-d0-s1-v5 pile-0 pile-5 (0)
make-movable-and-stop card-d1-s0-v0 card-d1-s1-v5 (0)
move-to-card card-d1-s0-v0 card-d1-s1-v5 card-d1-s1-v1 pile-3 (1)
change-tableau-and-stop card-d1-s0-v0 pile-0 pile-3 (0)
make-unmovable-and-continue card-d1-s1-v1 card-d1-s1-v2 (0)
make-unmovable-and-continue card-d1-s1-v2 card-d1-s1-v3 (0)
make-unmovable-and-stop-at-unmovable card-d1-s1-v3 card-d0-s0-v3 (0)
make-movable-and-stop card-d1-s1-v5 pile-0 (0)
move-to-card card-d1-s1-v5 pile-0 card-d0-s0-v6 pile-2 (1)
change-tableau-and-stop card-d1-s1-v5 pile-0 pile-2 (0)
make-unmovable-and-stop-at-unmovable card-d0-s0-v6 card-d1-s1-v4 (0)
make-movable-ignore-pile pile-0 (0)
move-to-tableau card-d0-s1-v9 card-d0-s1-v7 pile-0 (1)
change-tableau-and-continue card-d0-s1-v9 pile-4 pile-0 card-d0-s1-v8 (0)
change-tableau-and-stop card-d0-s1-v8 pile-4 pile-0 (0)
make-movable-and-stop card-d0-s1-v7 card-d0-s1-v2 (0)
move-to-card card-d0-s1-v7 card-d0-s1-v2 card-d0-s1-v8 pile-0 (1)
change-tableau-and-stop card-d0-s1-v7 pile-4 pile-0 (0)
make-movable-and-stop card-d0-s1-v2 card-d1-s0-v8 (0)
move-to-card card-d0-s1-v1 card-d1-s0-v2 card-d0-s1-v2 pile-4 (1)
change-tableau-and-stop card-d0-s1-v1 pile-6 pile-4 (0)
make-movable-and-stop card-d1-s0-v2 card-d0-s1-v0 (0)
move-to-card card-d0-s1-v6 card-d1-s1-v6 card-d0-s1-v7 pile-0 (1)
change-tableau-and-continue card-d0-s1-v6 pile-5 pile-0 card-d0-s1-v5 (0)
change-tableau-and-stop card-d0-s1-v5 pile-5 pile-0 (0)
make-movable-and-stop card-d1-s1-v6 card-d1-s0-v6 (0)
move-to-card card-d1-s1-v5 card-d0-s0-v6 card-d1-s1-v6 pile-5 (1)
change-tableau-and-stop card-d1-s1-v5 pile-2 pile-5 (0)
make-movable-and-stop card-d0-s0-v6 card-d1-s1-v4 (0)
move-to-card card-d1-s0-v0 card-d1-s1-v1 card-d0-s1-v1 pile-4 (1)
change-tableau-and-stop card-d1-s0-v0 pile-3 pile-4 (0)
make-unmovable-and-continue card-d0-s1-v1 card-d0-s1-v2 (0)
make-unmovable-and-stop-at-unmovable card-d0-s1-v2 card-d1-s0-v8 (0)
make-movable-and-continue card-d1-s1-v1 card-d1-s1-v2 (0)
make-movable-and-continue card-d1-s1-v2 card-d1-s1-v3 (0)
make-movable-and-stop card-d1-s1-v3 card-d0-s0-v3 (0)
move-to-card card-d1-s1-v0 card-d1-s1-v9 card-d1-s1-v1 pile-3 (1)
change-tableau-and-stop card-d1-s1-v0 pile-1 pile-3 (0)
make-movable-and-stop card-d1-s1-v9 card-d0-s0-v5 (0)
move-to-card card-d0-s1-v8 card-d0-s1-v9 card-d1-s1-v9 pile-1 (1)
change-tableau-and-continue card-d0-s1-v8 pile-0 pile-1 card-d0-s1-v7 (0)
change-tableau-and-continue card-d0-s1-v7 pile-0 pile-1 card-d0-s1-v6 (0)
change-tableau-and-continue card-d0-s1-v6 pile-0 pile-1 card-d0-s1-v5 (0)
change-tableau-and-stop card-d0-s1-v5 pile-0 pile-1 (0)
start-dealing  (1)
deal-card card-d1-s1-v8 card-d1-s0-v9 deal-0 card-d0-s1-v9 pile-0 (0)
deal-card card-d1-s0-v9 card-d1-s0-v4 deal-0 card-d0-s1-v5 pile-1 (0)
make-unmovable-and-continue card-d0-s1-v5 card-d0-s1-v6 (0)
make-unmovable-and-continue card-d0-s1-v6 card-d0-s1-v7 (0)
make-unmovable-and-continue card-d0-s1-v7 card-d0-s1-v8 (0)
make-unmovable-and-continue card-d0-s1-v8 card-d1-s1-v9 (0)
make-unmovable-and-stop-at-unmovable card-d1-s1-v9 card-d0-s0-v5 (0)
deal-card card-d1-s0-v4 card-d0-s0-v8 deal-0 card-d0-s0-v6 pile-2 (0)
make-unmovable-and-stop-at-unmovable card-d0-s0-v6 card-d1-s1-v4 (0)
deal-card card-d0-s0-v8 card-d0-s0-v2 deal-0 card-d1-s1-v0 pile-3 (0)
make-unmovable-and-continue card-d1-s1-v0 card-d1-s1-v1 (0)
make-unmovable-and-continue card-d1-s1-v1 card-d1-s1-v2 (0)
make-unmovable-and-continue card-d1-s1-v2 card-d1-s1-v3 (0)
make-unmovable-and-stop-at-unmovable card-d1-s1-v3 card-d0-s0-v3 (0)
deal-card card-d0-s0-v2 card-d1-s0-v3 deal-0 card-d1-s0-v0 pile-4 (0)
make-unmovable-and-stop-at-unmovable card-d1-s0-v0 card-d0-s1-v1 (0)
deal-card card-d1-s0-v3 card-d0-s1-v4 deal-0 card-d1-s1-v5 pile-5 (0)
make-unmovable-and-continue card-d1-s1-v5 card-d1-s1-v6 (0)
make-unmovable-and-stop-at-unmovable card-d1-s1-v6 card-d1-s0-v6 (0)
deal-card card-d0-s1-v4 deal-0 deal-0 card-d1-s0-v2 pile-6 (0)
make-unmovable-and-stop-at-unmovable card-d1-s0-v2 card-d0-s1-v0 (0)
finish-dealing deal-0 deal-1 (0)
move-to-card card-d0-s0-v2 card-d1-s0-v0 card-d1-s0-v3 pile-5 (1)
change-tableau-and-stop card-d0-s0-v2 pile-4 pile-5 (0)
make-movable-and-stop card-d1-s0-v0 card-d0-s1-v1 (0)
move-to-card card-d0-s0-v8 card-d1-s1-v0 card-d1-s0-v9 pile-1 (1)
change-tableau-and-stop card-d0-s0-v8 pile-3 pile-1 (0)
make-movable-and-continue card-d1-s1-v0 card-d1-s1-v1 (0)
make-movable-and-continue card-d1-s1-v1 card-d1-s1-v2 (0)
make-movable-and-continue card-d1-s1-v2 card-d1-s1-v3 (0)
make-movable-and-stop card-d1-s1-v3 card-d0-s0-v3 (0)
move-to-card card-d1-s1-v3 card-d0-s0-v3 card-d0-s1-v4 pile-6 (1)
change-tableau-and-continue card-d1-s1-v3 pile-3 pile-6 card-d1-s1-v2 (0)
change-tableau-and-continue card-d1-s1-v2 pile-3 pile-6 card-d1-s1-v1 (0)
change-tableau-and-continue card-d1-s1-v1 pile-3 pile-6 card-d1-s1-v0 (0)
change-tableau-and-stop card-d1-s1-v0 pile-3 pile-6 (0)
make-movable-and-stop card-d0-s0-v3 pile-3 (0)
move-to-card card-d0-s0-v3 pile-3 card-d1-s0-v4 pile-2 (1)
change-tableau-and-stop card-d0-s0-v3 pile-3 pile-2 (0)
make-movable-ignore-pile pile-3 (0)
move-to-tableau card-d1-s0-v0 card-d0-s1-v1 pile-3 (1)
change-tableau-and-stop card-d1-s0-v0 pile-4 pile-3 (0)
make-movable-and-continue card-d0-s1-v1 card-d0-s1-v2 (0)
make-movable-and-stop card-d0-s1-v2 card-d1-s0-v8 (0)
move-to-card card-d0-s1-v2 card-d1-s0-v8 card-d0-s0-v3 pile-2 (1)
change-tableau-and-continue card-d0-s1-v2 pile-4 pile-2 card-d0-s1-v1 (0)
change-tableau-and-stop card-d0-s1-v1 pile-4 pile-2 (0)
make-unmovable-and-continue card-d0-s0-v3 card-d1-s0-v4 (0)
make-unmovable-and-stop-at-unmovable card-d1-s0-v4 card-d0-s0-v6 (0)
make-movable-and-stop card-d1-s0-v8 pile-4 (0)
move-to-card card-d1-s0-v0 pile-3 card-d0-s1-v1 pile-2 (1)
change-tableau-and-stop card-d1-s0-v0 pile-3 pile-2 (0)
make-unmovable-and-continue card-d0-s1-v1 card-d0-s1-v2 (0)
make-unmovable-and-stop-at-unmovable card-d0-s1-v2 card-d0-s0-v3 (0)
make-movable-ignore-pile pile-3 (0)
move-to-tableau card-d1-s0-v9 card-d0-s1-v5 pile-3 (1)
change-tableau-and-continue card-d1-s0-v9 pile-1 pile-3 card-d0-s0-v8 (0)
change-tableau-and-stop card-d0-s0-v8 pile-1 pile-3 (0)
make-movable-and-continue card-d0-s1-v5 card-d0-s1-v6 (0)
make-movable-and-continue card-d0-s1-v6 card-d0-s1-v7 (0)
make-movable-and-continue card-d0-s1-v7 card-d0-s1-v8 (0)
make-movable-and-continue card-d0-s1-v8 card-d1-s1-v9 (0)
make-movable-and-stop card-d1-s1-v9 card-d0-s0-v5 (0)
move-to-card card-d0-s1-v4 card-d1-s0-v2 card-d0-s1-v5 pile-1 (1)
change-tableau-and-continue card-d0-s1-v4 pile-6 pile-1 card-d1-s1-v3 (0)
change-tableau-and-continue card-d1-s1-v3 pile-6 pile-1 card-d1-s1-v2 (0)
change-tableau-and-continue card-d1-s1-v2 pile-6 pile-1 card-d1-s1-v1 (0)
change-tableau-and-continue card-d1-s1-v1 pile-6 pile-1 card-d1-s1-v0 (0)
change-tableau-and-stop card-d1-s1-v0 pile-6 pile-1 (0)
make-movable-and-stop card-d1-s0-v2 card-d0-s1-v0 (0)
move-to-card card-d0-s1-v7 card-d0-s1-v8 card-d1-s1-v8 pile-0 (1)
change-tableau-and-continue card-d0-s1-v7 pile-1 pile-0 card-d0-s1-v6 (0)
change-tableau-and-continue card-d0-s1-v6 pile-1 pile-0 card-d0-s1-v5 (0)
change-tableau-and-continue card-d0-s1-v5 pile-1 pile-0 card-d0-s1-v4 (0)
change-tableau-and-continue card-d0-s1-v4 pile-1 pile-0 card-d1-s1-v3 (0)
change-tableau-and-continue card-d1-s1-v3 pile-1 pile-0 card-d1-s1-v2 (0)
change-tableau-and-continue card-d1-s1-v2 pile-1 pile-0 card-d1-s1-v1 (0)
change-tableau-and-continue card-d1-s1-v1 pile-1 pile-0 card-d1-s1-v0 (0)
change-tableau-and-stop card-d1-s1-v0 pile-1 pile-0 (0)
start-collecting-deck card-d1-s1-v0 (1)
collect-card card-d1-s1-v0 card-d1-s1-v1 pile-0 (0)
collect-card card-d1-s1-v1 card-d1-s1-v2 pile-0 (0)
collect-card card-d1-s1-v2 card-d1-s1-v3 pile-0 (0)
collect-card card-d1-s1-v3 card-d0-s1-v4 pile-0 (0)
collect-card card-d0-s1-v4 card-d0-s1-v5 pile-0 (0)
collect-card card-d0-s1-v5 card-d0-s1-v6 pile-0 (0)
collect-card card-d0-s1-v6 card-d0-s1-v7 pile-0 (0)
collect-card card-d0-s1-v7 card-d1-s1-v8 pile-0 (0)
collect-card card-d1-s1-v8 card-d0-s1-v9 pile-0 (0)
finish-collecting-deck card-d0-s1-v9 pile-0 pile-0 (0)
make-movable-ignore-pile pile-0 (0)
move-to-tableau card-d1-s0-v0 card-d0-s1-v1 pile-0 (1)
change-tableau-and-stop card-d1-s0-v0 pile-2 pile-0 (0)
make-movable-and-continue card-d0-s1-v1 card-d0-s1-v2 (0)
make-movable-and-stop card-d0-s1-v2 card-d0-s0-v3 (0)
move-to-card card-d0-s1-v1 card-d0-s1-v2 card-d1-s0-v2 pile-6 (1)
change-tableau-and-stop card-d0-s1-v1 pile-2 pile-6 (0)
make-unmovable-and-stop-at-unmovable card-d1-s0-v2 card-d0-s1-v0 (0)
move-to-card card-d1-s0-v0 pile-0 card-d0-s1-v1 pile-6 (1)
change-tableau-and-stop card-d1-s0-v0 pile-0 pile-6 (0)
make-unmovable-and-stop-at-unmovable card-d0-s1-v1 card-d1-s0-v2 (0)
make-movable-ignore-pile pile-0 (0)
move-to-tableau card-d0-s1-v2 card-d0-s0-v3 pile-0 (1)
change-tableau-and-stop card-d0-s1-v2 pile-2 pile-0 (0)
make-movable-and-continue card-d0-s0-v3 card-d1-s0-v4 (0)
make-movable-and-stop card-d1-s0-v4 card-d0-s0-v6 (0)
move-to-card card-d0-s0-v2 card-d1-s0-v3 card-d0-s0-v3 pile-2 (1)
change-tableau-and-stop card-d0-s0-v2 pile-5 pile-2 (0)
move-to-card card-d0-s1-v2 pile-0 card-d1-s0-v3 pile-5 (1)
change-tableau-and-stop card-d0-s1-v2 pile-0 pile-5 (0)
make-unmovable-and-stop-at-unmovable card-d1-s0-v3 card-d1-s1-v5 (0)
make-movable-ignore-pile pile-0 (0)
move-to-tableau card-d1-s0-v0 card-d0-s1-v1 pile-0 (1)
change-tableau-and-stop card-d1-s0-v0 pile-6 pile-0 (0)
make-movable-and-stop card-d0-s1-v1 card-d1-s0-v2 (0)
move-to-card card-d0-s1-v1 card-d1-s0-v2 card-d0-s1-v2 pile-5 (1)
change-tableau-and-stop card-d0-s1-v1 pile-6 pile-5 (0)
make-movable-and-stop card-d1-s0-v2 card-d0-s1-v0 (0)
move-to-card card-d1-s0-v0 pile-0 card-d0-s1-v1 pile-5 (1)
change-tableau-and-stop card-d1-s0-v0 pile-0 pile-5 (0)
make-unmovable-and-continue card-d0-s1-v1 card-d0-s1-v2 (0)
make-unmovable-and-stop-at-unmovable card-d0-s1-v2 card-d1-s0-v3 (0)
make-movable-ignore-pile pile-0 (0)
move-to-tableau card-d1-s1-v9 card-d0-s0-v5 pile-0 (1)
change-tableau-and-continue card-d1-s1-v9 pile-1 pile-0 card-d0-s1-v8 (0)
change-tableau-and-stop card-d0-s1-v8 pile-1 pile-0 (0)
make-movable-and-stop card-d0-s0-v5 pile-1 (0)
move-to-card card-d1-s0-v4 card-d0-s0-v6 card-d0-s0-v5 pile-1 (1)
change-tableau-and-continue card-d1-s0-v4 pile-2 pile-1 card-d0-s0-v3 (0)
change-tableau-and-continue card-d0-s0-v3 pile-2 pile-1 card-d0-s0-v2 (0)
change-tableau-and-stop card-d0-s0-v2 pile-2 pile-1 (0)
make-movable-and-stop card-d0-s0-v6 card-d1-s1-v4 (0)
move-to-card card-d0-s0-v5 pile-1 card-d0-s0-v6 pile-2 (1)
change-tableau-and-continue card-d0-s0-v5 pile-1 pile-2 card-d1-s0-v4 (0)
change-tableau-and-continue card-d1-s0-v4 pile-1 pile-2 card-d0-s0-v3 (0)
change-tableau-and-continue card-d0-s0-v3 pile-1 pile-2 card-d0-s0-v2 (0)
change-tableau-and-stop card-d0-s0-v2 pile-1 pile-2 (0)
make-movable-ignore-pile pile-1 (0)
move-to-tableau card-d1-s0-v8 pile-4 pile-1 (1)
change-tableau-and-stop card-d1-s0-v8 pile-4 pile-1 (0)
make-movable-ignore-pile pile-4 (0)
move-to-tableau card-d1-s1-v9 pile-0 pile-4 (1)
change-tableau-and-continue card-d1-s1-v9 pile-0 pile-4 card-d0-s1-v8 (0)
change-tableau-and-stop card-d0-s1-v8 pile-0 pile-4 (0)
make-movable-ignore-pile pile-0 (0)
move-to-tableau card-d1-s0-v0 card-d0-s1-v1 pile-0 (1)
change-tableau-and-stop card-d1-s0-v0 pile-5 pile-0 (0)
make-movable-and-continue card-d0-s1-v1 card-d0-s1-v2 (0)
make-movable-and-stop card-d0-s1-v2 card-d1-s0-v3 (0)
move-to-card card-d0-s1-v1 card-d0-s1-v2 card-d0-s0-v2 pile-2 (1)
change-tableau-and-stop card-d0-s1-v1 pile-5 pile-2 (0)
make-unmovable-and-continue card-d0-s0-v2 card-d0-s0-v3 (0)
make-unmovable-and-continue card-d0-s0-v3 card-d1-s0-v4 (0)
make-unmovable-and-continue card-d1-s0-v4 card-d0-s0-v5 (0)
make-unmovable-and-continue card-d0-s0-v5 card-d0-s0-v6 (0)
make-unmovable-and-stop-at-unmovable card-d0-s0-v6 card-d1-s1-v4 (0)
move-to-card card-d1-s0-v0 pile-0 card-d0-s1-v1 pile-2 (1)
change-tableau-and-stop card-d1-s0-v0 pile-0 pile-2 (0)
make-unmovable-and-stop-at-unmovable card-d0-s1-v1 card-d0-s0-v2 (0)
make-movable-ignore-pile pile-0 (0)
move-to-tableau card-d0-s1-v2 card-d1-s0-v3 pile-0 (1)
change-tableau-and-stop card-d0-s1-v2 pile-5 pile-0 (0)
make-movable-and-stop card-d1-s0-v3 card-d1-s1-v5 (0)
move-to-card card-d1-s0-v2 card-d0-s1-v0 card-d1-s0-v3 pile-5 (1)
change-tableau-and-stop card-d1-s0-v2 pile-6 pile-5 (0)
make-movable-and-stop card-d0-s1-v0 card-d0-s0-v1 (0)
start-dealing  (1)
deal-card card-d1-s0-v5 card-d0-s0-v4 deal-1 card-d0-s1-v2 pile-0 (0)
make-unmovable-and-stop-at-tableau card-d0-s1-v2 pile-0 (0)
deal-card card-d0-s0-v4 card-d1-s0-v7 deal-1 card-d1-s0-v8 pile-1 (0)
make-unmovable-and-stop-at-tableau card-d1-s0-v8 pile-1 (0)
deal-card card-d1-s0-v7 card-d0-s0-v7 deal-1 card-d1-s0-v0 pile-2 (0)
make-unmovable-and-stop-at-unmovable card-d1-s0-v0 card-d0-s1-v1 (0)
deal-card card-d0-s0-v7 card-d1-s1-v7 deal-1 card-d0-s0-v8 pile-3 (0)
deal-card card-d1-s1-v7 card-d0-s0-v9 deal-1 card-d0-s1-v8 pile-4 (0)
deal-card card-d0-s0-v9 card-d1-s0-v1 deal-1 card-d1-s0-v2 pile-5 (0)
make-unmovable-and-continue card-d1-s0-v2 card-d1-s0-v3 (0)
make-unmovable-and-stop-at-unmovable card-d1-s0-v3 card-d1-s1-v5 (0)
deal-card card-d1-s0-v1 deal-1 deal-1 card-d0-s1-v0 pile-6 (0)
make-unmovable-and-stop-at-unmovable card-d0-s1-v0 card-d0-s0-v1 (0)
finish-dealing deal-1 deal-2 (0)
move-to-card card-d0-s0-v4 card-d1-s0-v8 card-d1-s0-v5 pile-0 (1)
change-tableau-and-stop card-d0-s0-v4 pile-1 pile-0 (0)
make-movable-and-stop card-d1-s0-v8 pile-1 (0)
move-to-card card-d1-s0-v8 pile-1 card-d0-s0-v9 pile-5 (1)
change-tableau-and-stop card-d1-s0-v8 pile-1 pile-5 (0)
make-movable-ignore-pile pile-1 (0)
move-to-card card-d1-s0-v7 card-d1-s0-v0 card-d1-s0-v8 pile-5 (1)
change-tableau-and-stop card-d1-s0-v7 pile-2 pile-5 (0)
make-movable-and-stop card-d1-s0-v0 card-d0-s1-v1 (0)
move-to-card card-d1-s0-v0 card-d0-s1-v1 card-d1-s0-v1 pile-6 (1)
change-tableau-and-stop card-d1-s0-v0 pile-2 pile-6 (0)
make-movable-and-stop card-d0-s1-v1 card-d0-s0-v2 (0)
move-to-tableau card-d0-s1-v1 card-d0-s0-v2 pile-1 (1)
change-tableau-and-stop card-d0-s1-v1 pile-2 pile-1 (0)
make-movable-and-continue card-d0-s0-v2 card-d0-s0-v3 (0)
make-movable-and-continue card-d0-s0-v3 card-d1-s0-v4 (0)
make-movable-and-continue card-d1-s0-v4 card-d0-s0-v5 (0)
make-movable-and-continue card-d0-s0-v5 card-d0-s0-v6 (0)
make-movable-and-stop card-d0-s0-v6 card-d1-s1-v4 (0)
move-to-card card-d1-s0-v1 card-d0-s1-v0 card-d0-s0-v2 pile-2 (1)
change-tableau-and-continue card-d1-s0-v1 pile-6 pile-2 card-d1-s0-v0 (0)
change-tableau-and-stop card-d1-s0-v0 pile-6 pile-2 (0)
make-movable-and-stop card-d0-s1-v0 card-d0-s0-v1 (0)
move-to-card card-d0-s1-v0 card-d0-s0-v1 card-d0-s1-v1 pile-1 (1)
change-tableau-and-stop card-d0-s1-v0 pile-6 pile-1 (0)
make-movable-and-stop card-d0-s0-v1 pile-6 (0)
move-to-card card-d0-s0-v6 card-d1-s1-v4 card-d0-s0-v7 pile-3 (1)
change-tableau-and-continue card-d0-s0-v6 pile-2 pile-3 card-d0-s0-v5 (0)
change-tableau-and-continue card-d0-s0-v5 pile-2 pile-3 card-d1-s0-v4 (0)
change-tableau-and-continue card-d1-s0-v4 pile-2 pile-3 card-d0-s0-v3 (0)
change-tableau-and-continue card-d0-s0-v3 pile-2 pile-3 card-d0-s0-v2 (0)
change-tableau-and-continue card-d0-s0-v2 pile-2 pile-3 card-d1-s0-v1 (0)
change-tableau-and-continue card-d1-s0-v1 pile-2 pile-3 card-d1-s0-v0 (0)
change-tableau-and-stop card-d1-s0-v0 pile-2 pile-3 (0)
make-movable-and-stop card-d1-s1-v4 card-d0-s1-v3 (0)
start-collecting-deck card-d1-s0-v0 (1)
collect-card card-d1-s0-v0 card-d1-s0-v1 pile-3 (0)
collect-card card-d1-s0-v1 card-d0-s0-v2 pile-3 (0)
collect-card card-d0-s0-v2 card-d0-s0-v3 pile-3 (0)
collect-card card-d0-s0-v3 card-d1-s0-v4 pile-3 (0)
collect-card card-d1-s0-v4 card-d0-s0-v5 pile-3 (0)
collect-card card-d0-s0-v5 card-d0-s0-v6 pile-3 (0)
collect-card card-d0-s0-v6 card-d0-s0-v7 pile-3 (0)
collect-card card-d0-s0-v7 card-d0-s0-v8 pile-3 (0)
collect-card card-d0-s0-v8 card-d1-s0-v9 pile-3 (0)
finish-collecting-deck card-d1-s0-v9 pile-3 pile-3 (0)
make-movable-ignore-pile pile-3 (0)
move-to-tableau card-d1-s1-v4 card-d0-s1-v3 pile-3 (1)
change-tableau-and-stop card-d1-s1-v4 pile-2 pile-3 (0)
make-movable-and-stop card-d0-s1-v3 card-d0-s0-v0 (0)
move-to-card card-d0-s1-v3 card-d0-s0-v0 card-d1-s1-v4 pile-3 (1)
change-tableau-and-stop card-d0-s1-v3 pile-2 pile-3 (0)
make-movable-and-stop card-d0-s0-v0 pile-2 (0)
move-to-card card-d0-s0-v0 pile-2 card-d0-s0-v1 pile-6 (1)
change-tableau-and-stop card-d0-s0-v0 pile-2 pile-6 (0)
make-movable-ignore-pile pile-2 (0)
move-to-tableau card-d1-s0-v5 card-d0-s1-v2 pile-2 (1)
change-tableau-and-continue card-d1-s0-v5 pile-0 pile-2 card-d0-s0-v4 (0)
change-tableau-and-stop card-d0-s0-v4 pile-0 pile-2 (0)
make-movable-and-stop card-d0-s1-v2 pile-0 (0)
move-to-card card-d0-s1-v2 pile-0 card-d0-s1-v3 pile-3 (1)
change-tableau-and-stop card-d0-s1-v2 pile-0 pile-3 (0)
make-movable-ignore-pile pile-0 (0)
move-to-card card-d0-s1-v1 pile-1 card-d0-s1-v2 pile-3 (1)
change-tableau-and-continue card-d0-s1-v1 pile-1 pile-3 card-d0-s1-v0 (0)
change-tableau-and-stop card-d0-s1-v0 pile-1 pile-3 (0)
make-movable-ignore-pile pile-1 (0)
move-to-tableau card-d0-s0-v9 card-d1-s0-v2 pile-0 (1)
change-tableau-and-continue card-d0-s0-v9 pile-5 pile-0 card-d1-s0-v8 (0)
change-tableau-and-continue card-d1-s0-v8 pile-5 pile-0 card-d1-s0-v7 (0)
change-tableau-and-stop card-d1-s0-v7 pile-5 pile-0 (0)
make-movable-and-continue card-d1-s0-v2 card-d1-s0-v3 (0)
make-movable-and-stop card-d1-s0-v3 card-d1-s1-v5 (0)
move-to-card card-d0-s0-v1 pile-6 card-d1-s0-v2 pile-5 (1)
change-tableau-and-continue card-d0-s0-v1 pile-6 pile-5 card-d0-s0-v0 (0)
change-tableau-and-stop card-d0-s0-v0 pile-6 pile-5 (0)
make-movable-ignore-pile pile-6 (0)
move-to-card card-d1-s0-v3 card-d1-s1-v5 card-d0-s0-v4 pile-2 (1)
change-tableau-and-continue card-d1-s0-v3 pile-5 pile-2 card-d1-s0-v2 (0)
change-tableau-and-continue card-d1-s0-v2 pile-5 pile-2 card-d0-s0-v1 (0)
change-tableau-and-continue card-d0-s0-v1 pile-5 pile-2 card-d0-s0-v0 (0)
change-tableau-and-stop card-d0-s0-v0 pile-5 pile-2 (0)
make-movable-and-continue card-d1-s1-v5 card-d1-s1-v6 (0)
make-movable-and-stop card-d1-s1-v6 card-d1-s0-v6 (0)
move-to-card card-d1-s1-v4 pile-3 card-d1-s1-v5 pile-5 (1)
change-tableau-and-continue card-d1-s1-v4 pile-3 pile-5 card-d0-s1-v3 (0)
change-tableau-and-continue card-d0-s1-v3 pile-3 pile-5 card-d0-s1-v2 (0)
change-tableau-and-continue card-d0-s1-v2 pile-3 pile-5 card-d0-s1-v1 (0)
change-tableau-and-continue card-d0-s1-v1 pile-3 pile-5 card-d0-s1-v0 (0)
change-tableau-and-stop card-d0-s1-v0 pile-3 pile-5 (0)
make-movable-ignore-pile pile-3 (0)
move-to-card card-d1-s1-v6 card-d1-s0-v6 card-d1-s1-v7 pile-4 (1)
change-tableau-and-continue card-d1-s1-v6 pile-5 pile-4 card-d1-s1-v5 (0)
change-tableau-and-continue card-d1-s1-v5 pile-5 pile-4 card-d1-s1-v4 (0)
change-tableau-and-continue card-d1-s1-v4 pile-5 pile-4 card-d0-s1-v3 (0)
change-tableau-and-continue card-d0-s1-v3 pile-5 pile-4 card-d0-s1-v2 (0)
change-tableau-and-continue card-d0-s1-v2 pile-5 pile-4 card-d0-s1-v1 (0)
change-tableau-and-continue card-d0-s1-v1 pile-5 pile-4 card-d0-s1-v0 (0)
change-tableau-and-stop card-d0-s1-v0 pile-5 pile-4 (0)
make-movable-and-stop card-d1-s0-v6 pile-5 (0)
start-collecting-deck card-d0-s1-v0 (1)
collect-card card-d0-s1-v0 card-d0-s1-v1 pile-4 (0)
collect-card card-d0-s1-v1 card-d0-s1-v2 pile-4 (0)
collect-card card-d0-s1-v2 card-d0-s1-v3 pile-4 (0)
collect-card card-d0-s1-v3 card-d1-s1-v4 pile-4 (0)
collect-card card-d1-s1-v4 card-d1-s1-v5 pile-4 (0)
collect-card card-d1-s1-v5 card-d1-s1-v6 pile-4 (0)
collect-card card-d1-s1-v6 card-d1-s1-v7 pile-4 (0)
collect-card card-d1-s1-v7 card-d0-s1-v8 pile-4 (0)
collect-card card-d0-s1-v8 card-d1-s1-v9 pile-4 (0)
finish-collecting-deck card-d1-s1-v9 pile-4 pile-4 (0)
make-movable-ignore-pile pile-4 (0)
move-to-card card-d1-s0-v6 pile-5 card-d1-s0-v7 pile-0 (1)
change-tableau-and-stop card-d1-s0-v6 pile-5 pile-0 (0)
make-movable-ignore-pile pile-5 (0)
move-to-card card-d1-s0-v5 pile-2 card-d1-s0-v6 pile-0 (1)
change-tableau-and-continue card-d1-s0-v5 pile-2 pile-0 card-d0-s0-v4 (0)
change-tableau-and-continue card-d0-s0-v4 pile-2 pile-0 card-d1-s0-v3 (0)
change-tableau-and-continue card-d1-s0-v3 pile-2 pile-0 card-d1-s0-v2 (0)
change-tableau-and-continue card-d1-s0-v2 pile-2 pile-0 card-d0-s0-v1 (0)
change-tableau-and-continue card-d0-s0-v1 pile-2 pile-0 card-d0-s0-v0 (0)
change-tableau-and-stop card-d0-s0-v0 pile-2 pile-0 (0)
make-movable-ignore-pile pile-2 (0)
start-collecting-deck card-d0-s0-v0 (1)
collect-card card-d0-s0-v0 card-d0-s0-v1 pile-0 (0)
collect-card card-d0-s0-v1 card-d1-s0-v2 pile-0 (0)
collect-card card-d1-s0-v2 card-d1-s0-v3 pile-0 (0)
collect-card card-d1-s0-v3 card-d0-s0-v4 pile-0 (0)
collect-card card-d0-s0-v4 card-d1-s0-v5 pile-0 (0)
collect-card card-d1-s0-v5 card-d1-s0-v6 pile-0 (0)
collect-card card-d1-s0-v6 card-d1-s0-v7 pile-0 (0)
collect-card card-d1-s0-v7 card-d1-s0-v8 pile-0 (0)
collect-card card-d1-s0-v8 card-d0-s0-v9 pile-0 (0)
finish-collecting-deck card-d0-s0-v9 pile-0 pile-0 (0)
[t=133.826s, 263592 KB] Plan length: 375 step(s).
[t=133.826s, 263592 KB] Plan cost: 71
[t=133.826s, 263592 KB] Expanded 103468 state(s).
[t=133.826s, 263592 KB] Reopened 0 state(s).
[t=133.826s, 263592 KB] Evaluated 124359 state(s).
[t=133.826s, 263592 KB] Evaluations: 124359
[t=133.826s, 263592 KB] Generated 142546 state(s).
[t=133.826s, 263592 KB] Dead ends: 0 state(s).
[t=133.826s, 263592 KB] Number of registered states: 124359
[t=133.826s, 263592 KB] Int hash set load factor: 124359/262144 = 0.474392
[t=133.826s, 263592 KB] Int hash set resizes: 18
[t=133.826s, 263592 KB] Search time: 12.9655s
[t=133.826s, 263592 KB] Total time: 133.826s
Solution found.
Peak memory: 263592 KB
Remove intermediate file output.sas
search exit code: 0

INFO     Running validate.
INFO     validate stdin: None
INFO     validate time limit: None
INFO     validate memory limit: None
INFO     validate command line string: /home/henry/bin/validate domain.pddl problem.pddl sas_plan
Checking plan: sas_plan
Plan executed successfully - checking goal
Plan valid
Final value: 71 

Successful plans:
Value: 71
 sas_plan 71 

validate exit code: 0

INFO     Planner time: 148.47s
