INFO     planner time limit: 1800s
INFO     planner memory limit: 2048 MB

INFO     Running translator.
INFO     translator stdin: None
INFO     translator time limit: 1799s
INFO     translator memory limit: 2048 MB
INFO     translator command line string: /home/henry/Documents/UFRGS/TCC/downward/.venv/bin/python /home/henry/Documents/UFRGS/TCC/downward/experiments/lab/data/main/code-5bb2ccb6957559b6969ffd7e29254c73f84d5e49_e5e41175/builds/release/bin/translate/translate.py domain.pddl problem.pddl --sas-file output.sas
Parsing...
Parsing: [0.000s CPU, 0.001s wall-clock]
Normalizing task... [0.000s CPU, 0.000s wall-clock]
Instantiating...
Generating Datalog program... [0.000s CPU, 0.000s wall-clock]
Normalizing Datalog program...
Normalizing Datalog program: [0.010s CPU, 0.001s wall-clock]
Preparing model... [0.000s CPU, 0.001s wall-clock]
Generated 50 rules.
Computing model... [0.000s CPU, 0.005s wall-clock]
453 relevant atoms
548 auxiliary atoms
1001 final queue length
1271 total queue pushes
Completing instantiation... [0.010s CPU, 0.004s wall-clock]
Instantiating: [0.020s CPU, 0.012s wall-clock]
Computing fact groups...
Finding invariants...
11 initial candidates
Finding invariants: [0.000s CPU, 0.003s wall-clock]
Checking invariant weight... [0.000s CPU, 0.000s wall-clock]
Instantiating groups... [0.000s CPU, 0.001s wall-clock]
Collecting mutex groups... [0.000s CPU, 0.000s wall-clock]
Choosing groups...
0 uncovered facts
Choosing groups: [0.000s CPU, 0.000s wall-clock]
Building translation key... [0.000s CPU, 0.000s wall-clock]
Computing fact groups: [0.000s CPU, 0.005s wall-clock]
Building STRIPS to SAS dictionary... [0.000s CPU, 0.000s wall-clock]
Building dictionary for full mutex groups... [0.000s CPU, 0.000s wall-clock]
Building mutex information...
Building mutex information: [0.000s CPU, 0.000s wall-clock]
Translating task...
Processing axioms...
Simplifying axioms... [0.000s CPU, 0.000s wall-clock]
Translator axioms removed by simplifying: 0
Computing negative axioms... [0.000s CPU, 0.000s wall-clock]
Processing axioms: [0.000s CPU, 0.000s wall-clock]
Translating task: [0.010s CPU, 0.005s wall-clock]
0 effect conditions simplified
0 implied preconditions added
Detecting unreachable propositions...
0 operators removed
0 axioms removed
4 propositions removed
Detecting unreachable propositions: [0.000s CPU, 0.003s wall-clock]
Reordering and filtering variables...
22 of 22 variables necessary.
36 of 40 mutex groups necessary.
232 of 232 operators necessary.
0 of 0 axiom rules necessary.
Reordering and filtering variables: [0.000s CPU, 0.001s wall-clock]
Translator variables: 22
Translator derived variables: 0
Translator facts: 112
Translator goal facts: 15
Translator mutex groups: 36
Translator total mutex groups size: 144
Translator operators: 232
Translator axioms: 0
Translator task size: 1553
Translator peak memory: 32884 KB
Writing output... [0.000s CPU, 0.001s wall-clock]
Done! [0.030s CPU, 0.029s wall-clock]
translate exit code: 0

INFO     Running search (release).
INFO     search stdin: output.sas
INFO     search time limit: 1799s
INFO     search memory limit: 2048 MB
INFO     search command line string: /home/henry/Documents/UFRGS/TCC/downward/experiments/lab/data/main/code-5bb2ccb6957559b6969ffd7e29254c73f84d5e49_e5e41175/builds/release/bin/downward --search 'eager_greedy([lsh(patterns=systematic(4), transform=adapt_costs(cost_type=ONE))])' --internal-plan-file sas_plan < output.sas
[t=0s, 10544 KB] reading input...
[t=0s, 10544 KB] done reading input!
[t=0.00332648s, 10940 KB] Generating patterns using: systematic pattern collection generator
[t=0.00332648s, 10940 KB] building causal graph...done! [t=0s]
[t=0.00332648s, 11612 KB] Found 3299 SGA patterns.
[t=0.00731195s, 11808 KB] Found 4436 interesting patterns.
[t=0.00731195s, 12004 KB] systematic pattern collection generator number of patterns: 4436
[t=0.00731195s, 12004 KB] systematic pattern collection generator total PDB size: 3382156
[t=0.00731195s, 12004 KB] systematic pattern collection generator computation time: 0.00398547s
[t=0.00731195s, 12004 KB] Computing PDBs for pattern collection...
[t=0.87865s, 25824 KB] Done computing PDBs for pattern collection: 0.871338s
[t=0.902635s, 30308 KB] Building successor generator...done!
[t=0.902635s, 30308 KB] peak memory difference for successor generator creation: 0 KB
[t=0.902635s, 30308 KB] time for successor generation creation: 0s
[t=0.902635s, 30308 KB] Variables: 22
[t=0.902635s, 30308 KB] FactPairs: 112
[t=0.902635s, 30308 KB] Bytes per state: 8
[t=0.902635s, 30308 KB] Conducting best first search without reopening closed nodes, (real) bound = 2147483647
[t=0.902635s, 30308 KB] New best heuristic value for lsh(patterns=systematic(4),transform=adapt_costs(cost_type=one)): 16
[t=0.902635s, 30308 KB] g=0, 1 evaluated, 0 expanded
[t=0.902635s, 30308 KB] Initial heuristic value for lsh(patterns=systematic(4),transform=adapt_costs(cost_type=one)): 16
[t=0.902635s, 30308 KB] pruning method: none
[t=0.902635s, 30308 KB] New best heuristic value for lsh(patterns=systematic(4),transform=adapt_costs(cost_type=one)): 15
[t=0.902635s, 30308 KB] g=3, 35 evaluated, 4 expanded
[t=0.906627s, 30308 KB] New best heuristic value for lsh(patterns=systematic(4),transform=adapt_costs(cost_type=one)): 14
[t=0.906627s, 30308 KB] g=10, 52 evaluated, 7 expanded
[t=0.906627s, 30308 KB] New best heuristic value for lsh(patterns=systematic(4),transform=adapt_costs(cost_type=one)): 13
[t=0.906627s, 30308 KB] g=17, 66 evaluated, 10 expanded
[t=0.906627s, 30308 KB] New best heuristic value for lsh(patterns=systematic(4),transform=adapt_costs(cost_type=one)): 12
[t=0.906627s, 30308 KB] g=25, 82 evaluated, 17 expanded
[t=0.910632s, 30308 KB] New best heuristic value for lsh(patterns=systematic(4),transform=adapt_costs(cost_type=one)): 11
[t=0.910632s, 30308 KB] g=31, 130 evaluated, 42 expanded
[t=0.942604s, 30308 KB] New best heuristic value for lsh(patterns=systematic(4),transform=adapt_costs(cost_type=one)): 10
[t=0.942604s, 30308 KB] g=49, 655 evaluated, 371 expanded
[t=0.942604s, 30308 KB] New best heuristic value for lsh(patterns=systematic(4),transform=adapt_costs(cost_type=one)): 9
[t=0.942604s, 30308 KB] g=51, 661 evaluated, 372 expanded
[t=0.950592s, 30308 KB] New best heuristic value for lsh(patterns=systematic(4),transform=adapt_costs(cost_type=one)): 8
[t=0.950592s, 30308 KB] g=61, 762 evaluated, 407 expanded
[t=0.950592s, 30308 KB] New best heuristic value for lsh(patterns=systematic(4),transform=adapt_costs(cost_type=one)): 7
[t=0.950592s, 30308 KB] g=62, 769 evaluated, 408 expanded
[t=1.05053s, 30308 KB] New best heuristic value for lsh(patterns=systematic(4),transform=adapt_costs(cost_type=one)): 6
[t=1.05053s, 30308 KB] g=67, 2670 evaluated, 1597 expanded
[t=1.05053s, 30308 KB] New best heuristic value for lsh(patterns=systematic(4),transform=adapt_costs(cost_type=one)): 5
[t=1.05053s, 30308 KB] g=72, 2672 evaluated, 1598 expanded
[t=50.2281s, 77792 KB] New best heuristic value for lsh(patterns=systematic(4),transform=adapt_costs(cost_type=one)): 4
[t=50.2281s, 77792 KB] g=124, 1036694 evaluated, 614176 expanded
Peak memory: 1639176 KB
caught signal 24 -- exiting
Time limit has been reached.
Remove intermediate file output.sas
search exit code: 23

Driver aborting after search
INFO     Planner time: 1797.94s
