INFO     planner time limit: 1800s
INFO     planner memory limit: 2048 MB

INFO     Running translator.
INFO     translator stdin: None
INFO     translator time limit: 1799s
INFO     translator memory limit: 2048 MB
INFO     translator command line string: /home/henry/Documents/UFRGS/TCC/downward/.venv/bin/python /home/henry/Documents/UFRGS/TCC/downward/experiments/lab/data/main/code-5bb2ccb6957559b6969ffd7e29254c73f84d5e49_e5e41175/builds/release/bin/translate/translate.py domain.pddl problem.pddl --sas-file output.sas
Parsing...
Parsing: [0.000s CPU, 0.005s wall-clock]
Normalizing task... [0.000s CPU, 0.000s wall-clock]
Instantiating...
Generating Datalog program... [0.000s CPU, 0.001s wall-clock]
Normalizing Datalog program...
Normalizing Datalog program: [0.010s CPU, 0.006s wall-clock]
Preparing model... [0.000s CPU, 0.004s wall-clock]
Generated 198 rules.
Computing model... [0.170s CPU, 0.170s wall-clock]
11844 relevant atoms
17300 auxiliary atoms
29144 final queue length
69625 total queue pushes
Completing instantiation... [0.450s CPU, 0.449s wall-clock]
Instantiating: [0.640s CPU, 0.635s wall-clock]
Computing fact groups...
Finding invariants...
24 initial candidates
Finding invariants: [0.010s CPU, 0.014s wall-clock]
Checking invariant weight... [0.000s CPU, 0.001s wall-clock]
Instantiating groups... [0.020s CPU, 0.016s wall-clock]
Collecting mutex groups... [0.000s CPU, 0.000s wall-clock]
Choosing groups...
444 uncovered facts
Choosing groups: [0.000s CPU, 0.001s wall-clock]
Building translation key... [0.010s CPU, 0.001s wall-clock]
Computing fact groups: [0.040s CPU, 0.037s wall-clock]
Building STRIPS to SAS dictionary... [0.000s CPU, 0.000s wall-clock]
Building dictionary for full mutex groups... [0.000s CPU, 0.000s wall-clock]
Building mutex information...
Building mutex information: [0.000s CPU, 0.000s wall-clock]
Translating task...
Processing axioms...
Simplifying axioms... [0.000s CPU, 0.000s wall-clock]
Translator axioms removed by simplifying: 0
Computing negative axioms... [0.000s CPU, 0.000s wall-clock]
Processing axioms: [0.020s CPU, 0.019s wall-clock]
Translating task: [0.400s CPU, 0.407s wall-clock]
5742 effect conditions simplified
0 implied preconditions added
Detecting unreachable propositions...
0 operators removed
0 axioms removed
162 propositions removed
Detecting unreachable propositions: [0.380s CPU, 0.371s wall-clock]
Reordering and filtering variables...
484 of 496 variables necessary.
99 of 149 mutex groups necessary.
10395 of 10395 operators necessary.
0 of 0 axiom rules necessary.
Reordering and filtering variables: [0.080s CPU, 0.082s wall-clock]
Translator variables: 484
Translator derived variables: 0
Translator facts: 1323
Translator goal facts: 119
Translator mutex groups: 99
Translator total mutex groups size: 343
Translator operators: 10395
Translator axioms: 0
Translator task size: 88594
Translator peak memory: 91524 KB
Writing output... [0.060s CPU, 0.067s wall-clock]
Done! [1.630s CPU, 1.630s wall-clock]
translate exit code: 0

INFO     Running search (release).
INFO     search stdin: output.sas
INFO     search time limit: 1798s
INFO     search memory limit: 2048 MB
INFO     search command line string: /home/henry/Documents/UFRGS/TCC/downward/experiments/lab/data/main/code-5bb2ccb6957559b6969ffd7e29254c73f84d5e49_e5e41175/builds/release/bin/downward --search 'eager_greedy([ff(transform=adapt_costs(cost_type=NORMAL))])' --internal-plan-file sas_plan < output.sas
[t=0s, 10544 KB] reading input...
[t=0.043975s, 14556 KB] done reading input!
[t=0.0519751s, 17236 KB] Simplifying 42090 unary operators... done! [18355 unary operators]
[t=0.0719438s, 20116 KB] time to simplify: 0.0199687s
[t=0.0719438s, 20116 KB] Initializing additive heuristic...
[t=0.0719438s, 20116 KB] Initializing FF heuristic...
[t=0.0719438s, 20116 KB] Building successor generator...done!
[t=0.0719438s, 20116 KB] peak memory difference for successor generator creation: 0 KB
[t=0.0719438s, 20116 KB] time for successor generation creation: 0s
[t=0.0719438s, 20116 KB] Variables: 484
[t=0.0719438s, 20116 KB] FactPairs: 1323
[t=0.0719438s, 20116 KB] Bytes per state: 84
[t=0.0719438s, 20116 KB] Conducting best first search without reopening closed nodes, (real) bound = 2147483647
[t=0.0719438s, 20116 KB] New best heuristic value for ff(transform=adapt_costs(cost_type=normal)): 2260
[t=0.0719438s, 20116 KB] g=0, 1 evaluated, 0 expanded
[t=0.0719438s, 20116 KB] Initial heuristic value for ff(transform=adapt_costs(cost_type=normal)): 2260
[t=0.0719438s, 20116 KB] pruning method: none
[t=0.0759522s, 20116 KB] New best heuristic value for ff(transform=adapt_costs(cost_type=normal)): 2245
[t=0.0759522s, 20116 KB] g=10, 2 evaluated, 1 expanded
[t=0.0759522s, 20116 KB] New best heuristic value for ff(transform=adapt_costs(cost_type=normal)): 2240
[t=0.0759522s, 20116 KB] g=30, 5 evaluated, 1 expanded
[t=0.0759522s, 20116 KB] New best heuristic value for ff(transform=adapt_costs(cost_type=normal)): 2230
[t=0.0759522s, 20116 KB] g=30, 14 evaluated, 1 expanded
[t=0.0759522s, 20116 KB] New best heuristic value for ff(transform=adapt_costs(cost_type=normal)): 2220
[t=0.0759522s, 20116 KB] g=30, 17 evaluated, 1 expanded
[t=0.0799375s, 20116 KB] New best heuristic value for ff(transform=adapt_costs(cost_type=normal)): 2200
[t=0.0799375s, 20116 KB] g=30, 31 evaluated, 1 expanded
[t=0.107926s, 20116 KB] New best heuristic value for ff(transform=adapt_costs(cost_type=normal)): 1680
[t=0.107926s, 20116 KB] g=30, 137 evaluated, 1 expanded
[t=0.171844s, 20116 KB] New best heuristic value for ff(transform=adapt_costs(cost_type=normal)): 1665
[t=0.171844s, 20116 KB] g=40, 373 evaluated, 2 expanded
[t=0.175844s, 20116 KB] New best heuristic value for ff(transform=adapt_costs(cost_type=normal)): 1660
[t=0.175844s, 20116 KB] g=60, 376 evaluated, 2 expanded
[t=0.175844s, 20116 KB] New best heuristic value for ff(transform=adapt_costs(cost_type=normal)): 1650
[t=0.175844s, 20116 KB] g=60, 385 evaluated, 2 expanded
[t=0.17985s, 20116 KB] New best heuristic value for ff(transform=adapt_costs(cost_type=normal)): 1640
[t=0.17985s, 20116 KB] g=60, 401 evaluated, 2 expanded
[t=0.263786s, 20116 KB] New best heuristic value for ff(transform=adapt_costs(cost_type=normal)): 1635
[t=0.263786s, 20116 KB] g=60, 720 evaluated, 2 expanded
[t=0.267791s, 20116 KB] New best heuristic value for ff(transform=adapt_costs(cost_type=normal)): 1620
[t=0.267791s, 20116 KB] g=70, 732 evaluated, 3 expanded
[t=0.267791s, 20116 KB] New best heuristic value for ff(transform=adapt_costs(cost_type=normal)): 1615
[t=0.267791s, 20116 KB] g=90, 735 evaluated, 3 expanded
[t=0.267791s, 20116 KB] New best heuristic value for ff(transform=adapt_costs(cost_type=normal)): 1605
[t=0.267791s, 20116 KB] g=90, 744 evaluated, 3 expanded
[t=0.271776s, 20116 KB] New best heuristic value for ff(transform=adapt_costs(cost_type=normal)): 1595
[t=0.271776s, 20116 KB] g=90, 760 evaluated, 3 expanded
[t=0.355714s, 20116 KB] New best heuristic value for ff(transform=adapt_costs(cost_type=normal)): 1590
[t=0.355714s, 20116 KB] g=90, 1074 evaluated, 3 expanded
[t=0.367709s, 20116 KB] New best heuristic value for ff(transform=adapt_costs(cost_type=normal)): 1575
[t=0.367709s, 20116 KB] g=100, 1122 evaluated, 4 expanded
[t=0.367709s, 20116 KB] New best heuristic value for ff(transform=adapt_costs(cost_type=normal)): 1570
[t=0.367709s, 20116 KB] g=120, 1125 evaluated, 4 expanded
[t=0.371715s, 20116 KB] New best heuristic value for ff(transform=adapt_costs(cost_type=normal)): 1560
[t=0.371715s, 20116 KB] g=120, 1134 evaluated, 4 expanded
[t=0.375702s, 20116 KB] New best heuristic value for ff(transform=adapt_costs(cost_type=normal)): 1550
[t=0.375702s, 20116 KB] g=120, 1150 evaluated, 4 expanded
[t=0.455654s, 20116 KB] New best heuristic value for ff(transform=adapt_costs(cost_type=normal)): 1545
[t=0.455654s, 20116 KB] g=120, 1461 evaluated, 4 expanded
[t=0.471639s, 20116 KB] New best heuristic value for ff(transform=adapt_costs(cost_type=normal)): 1530
[t=0.471639s, 20116 KB] g=130, 1530 evaluated, 5 expanded
[t=0.471639s, 20116 KB] New best heuristic value for ff(transform=adapt_costs(cost_type=normal)): 1525
[t=0.471639s, 20116 KB] g=150, 1533 evaluated, 5 expanded
[t=0.47564s, 20116 KB] New best heuristic value for ff(transform=adapt_costs(cost_type=normal)): 1515
[t=0.47564s, 20116 KB] g=150, 1542 evaluated, 5 expanded
[t=0.479645s, 20116 KB] New best heuristic value for ff(transform=adapt_costs(cost_type=normal)): 1505
[t=0.479645s, 20116 KB] g=150, 1558 evaluated, 5 expanded
[t=0.57956s, 20116 KB] New best heuristic value for ff(transform=adapt_costs(cost_type=normal)): 1490
[t=0.57956s, 20116 KB] g=160, 1951 evaluated, 6 expanded
[t=0.57956s, 20116 KB] New best heuristic value for ff(transform=adapt_costs(cost_type=normal)): 1485
[t=0.57956s, 20116 KB] g=180, 1954 evaluated, 6 expanded
[t=0.583551s, 20116 KB] New best heuristic value for ff(transform=adapt_costs(cost_type=normal)): 1475
[t=0.583551s, 20116 KB] g=180, 1963 evaluated, 6 expanded
[t=0.615528s, 20116 KB] New best heuristic value for ff(transform=adapt_costs(cost_type=normal)): 1465
[t=0.615528s, 20116 KB] g=180, 2083 evaluated, 6 expanded
[t=0.695469s, 20116 KB] New best heuristic value for ff(transform=adapt_costs(cost_type=normal)): 1450
[t=0.695469s, 20116 KB] g=190, 2392 evaluated, 7 expanded
[t=0.695469s, 20116 KB] New best heuristic value for ff(transform=adapt_costs(cost_type=normal)): 1445
[t=0.695469s, 20116 KB] g=210, 2395 evaluated, 7 expanded
[t=0.695469s, 20116 KB] New best heuristic value for ff(transform=adapt_costs(cost_type=normal)): 1435
[t=0.695469s, 20116 KB] g=210, 2404 evaluated, 7 expanded
[t=0.743429s, 20116 KB] New best heuristic value for ff(transform=adapt_costs(cost_type=normal)): 1425
[t=0.743429s, 20116 KB] g=210, 2588 evaluated, 7 expanded
[t=0.811373s, 20116 KB] New best heuristic value for ff(transform=adapt_costs(cost_type=normal)): 1410
[t=0.811373s, 20116 KB] g=220, 2850 evaluated, 8 expanded
[t=0.811373s, 20116 KB] New best heuristic value for ff(transform=adapt_costs(cost_type=normal)): 1405
[t=0.811373s, 20116 KB] g=240, 2853 evaluated, 8 expanded
[t=0.815379s, 20116 KB] New best heuristic value for ff(transform=adapt_costs(cost_type=normal)): 1395
[t=0.815379s, 20116 KB] g=240, 2862 evaluated, 8 expanded
[t=0.859345s, 20116 KB] New best heuristic value for ff(transform=adapt_costs(cost_type=normal)): 1385
[t=0.859345s, 20116 KB] g=240, 3041 evaluated, 8 expanded
[t=0.935303s, 20116 KB] New best heuristic value for ff(transform=adapt_costs(cost_type=normal)): 1370
[t=0.935303s, 20116 KB] g=250, 3323 evaluated, 9 expanded
[t=0.935303s, 20116 KB] New best heuristic value for ff(transform=adapt_costs(cost_type=normal)): 1365
[t=0.935303s, 20116 KB] g=270, 3326 evaluated, 9 expanded
[t=0.935303s, 20116 KB] New best heuristic value for ff(transform=adapt_costs(cost_type=normal)): 1355
[t=0.935303s, 20116 KB] g=270, 3335 evaluated, 9 expanded
[t=0.979274s, 20116 KB] New best heuristic value for ff(transform=adapt_costs(cost_type=normal)): 1345
[t=0.979274s, 20116 KB] g=270, 3510 evaluated, 9 expanded
[t=1.05921s, 20116 KB] New best heuristic value for ff(transform=adapt_costs(cost_type=normal)): 1330
[t=1.05921s, 20116 KB] g=280, 3806 evaluated, 10 expanded
[t=1.05921s, 20116 KB] New best heuristic value for ff(transform=adapt_costs(cost_type=normal)): 1325
[t=1.05921s, 20116 KB] g=300, 3809 evaluated, 10 expanded
[t=1.05921s, 20116 KB] New best heuristic value for ff(transform=adapt_costs(cost_type=normal)): 1315
[t=1.05921s, 20116 KB] g=300, 3818 evaluated, 10 expanded
[t=1.11916s, 20116 KB] New best heuristic value for ff(transform=adapt_costs(cost_type=normal)): 1305
[t=1.11916s, 20116 KB] g=300, 4040 evaluated, 10 expanded
[t=1.17908s, 20116 KB] New best heuristic value for ff(transform=adapt_costs(cost_type=normal)): 1290
[t=1.17908s, 20116 KB] g=310, 4279 evaluated, 11 expanded
[t=1.17908s, 20116 KB] New best heuristic value for ff(transform=adapt_costs(cost_type=normal)): 1285
[t=1.17908s, 20116 KB] g=330, 4282 evaluated, 11 expanded
[t=1.18307s, 20116 KB] New best heuristic value for ff(transform=adapt_costs(cost_type=normal)): 1275
[t=1.18307s, 20116 KB] g=330, 4291 evaluated, 11 expanded
[t=1.31093s, 20116 KB] New best heuristic value for ff(transform=adapt_costs(cost_type=normal)): 1260
[t=1.31093s, 20116 KB] g=340, 4762 evaluated, 12 expanded
[t=1.31093s, 20116 KB] New best heuristic value for ff(transform=adapt_costs(cost_type=normal)): 1255
[t=1.31093s, 20116 KB] g=360, 4765 evaluated, 12 expanded
[t=1.34291s, 20116 KB] New best heuristic value for ff(transform=adapt_costs(cost_type=normal)): 1245
[t=1.34291s, 20116 KB] g=360, 4888 evaluated, 12 expanded
[t=1.43884s, 20116 KB] New best heuristic value for ff(transform=adapt_costs(cost_type=normal)): 1230
[t=1.43884s, 20116 KB] g=370, 5257 evaluated, 13 expanded
[t=1.43884s, 20116 KB] New best heuristic value for ff(transform=adapt_costs(cost_type=normal)): 1225
[t=1.43884s, 20116 KB] g=390, 5260 evaluated, 13 expanded
[t=1.51878s, 20116 KB] New best heuristic value for ff(transform=adapt_costs(cost_type=normal)): 1215
[t=1.51878s, 20116 KB] g=390, 5559 evaluated, 13 expanded
[t=1.57073s, 20116 KB] New best heuristic value for ff(transform=adapt_costs(cost_type=normal)): 1200
[t=1.57073s, 20116 KB] g=400, 5757 evaluated, 14 expanded
[t=1.57073s, 20116 KB] New best heuristic value for ff(transform=adapt_costs(cost_type=normal)): 1195
[t=1.57073s, 20116 KB] g=420, 5760 evaluated, 14 expanded
[t=1.68665s, 20116 KB] New best heuristic value for ff(transform=adapt_costs(cost_type=normal)): 1185
[t=1.68665s, 20116 KB] g=405, 6216 evaluated, 14 expanded
[t=1.69864s, 20116 KB] New best heuristic value for ff(transform=adapt_costs(cost_type=normal)): 1170
[t=1.69864s, 20116 KB] g=415, 6264 evaluated, 15 expanded
[t=1.70264s, 20116 KB] New best heuristic value for ff(transform=adapt_costs(cost_type=normal)): 1165
[t=1.70264s, 20116 KB] g=435, 6267 evaluated, 15 expanded
[t=1.81857s, 20116 KB] New best heuristic value for ff(transform=adapt_costs(cost_type=normal)): 1155
[t=1.81857s, 20116 KB] g=435, 6724 evaluated, 15 expanded
[t=1.82654s, 20116 KB] New best heuristic value for ff(transform=adapt_costs(cost_type=normal)): 1140
[t=1.82654s, 20116 KB] g=445, 6763 evaluated, 16 expanded
[t=1.82654s, 20116 KB] New best heuristic value for ff(transform=adapt_costs(cost_type=normal)): 1135
[t=1.82654s, 20116 KB] g=465, 6766 evaluated, 16 expanded
[t=1.95843s, 20116 KB] New best heuristic value for ff(transform=adapt_costs(cost_type=normal)): 1120
[t=1.95843s, 20116 KB] g=475, 7262 evaluated, 17 expanded
[t=1.96642s, 20116 KB] New best heuristic value for ff(transform=adapt_costs(cost_type=normal)): 1115
[t=1.96642s, 20116 KB] g=485, 7283 evaluated, 17 expanded
[t=2.09032s, 20116 KB] New best heuristic value for ff(transform=adapt_costs(cost_type=normal)): 1100
[t=2.09032s, 20116 KB] g=495, 7773 evaluated, 18 expanded
[t=2.1063s, 20116 KB] New best heuristic value for ff(transform=adapt_costs(cost_type=normal)): 1095
[t=2.1063s, 20116 KB] g=515, 7826 evaluated, 18 expanded
[t=2.23417s, 20116 KB] New best heuristic value for ff(transform=adapt_costs(cost_type=normal)): 1080
[t=2.23417s, 20116 KB] g=525, 8300 evaluated, 19 expanded
[t=2.25015s, 20116 KB] New best heuristic value for ff(transform=adapt_costs(cost_type=normal)): 1050
[t=2.25015s, 20116 KB] g=560, 8353 evaluated, 19 expanded
[t=2.37804s, 20116 KB] New best heuristic value for ff(transform=adapt_costs(cost_type=normal)): 1035
[t=2.37804s, 20116 KB] g=570, 8841 evaluated, 20 expanded
[t=2.40201s, 20116 KB] New best heuristic value for ff(transform=adapt_costs(cost_type=normal)): 1030
[t=2.40201s, 20116 KB] g=590, 8926 evaluated, 20 expanded
[t=2.51791s, 20116 KB] New best heuristic value for ff(transform=adapt_costs(cost_type=normal)): 1015
[t=2.51791s, 20116 KB] g=600, 9381 evaluated, 21 expanded
[t=2.56988s, 20116 KB] New best heuristic value for ff(transform=adapt_costs(cost_type=normal)): 1010
[t=2.56988s, 20116 KB] g=620, 9587 evaluated, 21 expanded
[t=2.6578s, 20116 KB] New best heuristic value for ff(transform=adapt_costs(cost_type=normal)): 995
[t=2.6578s, 20116 KB] g=630, 9922 evaluated, 22 expanded
[t=2.72575s, 20116 KB] New best heuristic value for ff(transform=adapt_costs(cost_type=normal)): 990
[t=2.72575s, 20116 KB] g=650, 10185 evaluated, 22 expanded
[t=2.79371s, 20116 KB] New best heuristic value for ff(transform=adapt_costs(cost_type=normal)): 975
[t=2.79771s, 20116 KB] g=660, 10457 evaluated, 23 expanded
[t=2.88164s, 20116 KB] New best heuristic value for ff(transform=adapt_costs(cost_type=normal)): 970
[t=2.88164s, 20116 KB] g=660, 10793 evaluated, 23 expanded
[t=2.9296s, 20116 KB] New best heuristic value for ff(transform=adapt_costs(cost_type=normal)): 955
[t=2.9296s, 20116 KB] g=670, 10986 evaluated, 24 expanded
[t=3.01352s, 20116 KB] New best heuristic value for ff(transform=adapt_costs(cost_type=normal)): 950
[t=3.01352s, 20116 KB] g=670, 11307 evaluated, 24 expanded
[t=3.06947s, 20116 KB] New best heuristic value for ff(transform=adapt_costs(cost_type=normal)): 935
[t=3.06947s, 20116 KB] g=680, 11525 evaluated, 25 expanded
[t=3.1694s, 20116 KB] New best heuristic value for ff(transform=adapt_costs(cost_type=normal)): 930
[t=3.1694s, 20116 KB] g=690, 11918 evaluated, 25 expanded
[t=3.20536s, 20116 KB] New best heuristic value for ff(transform=adapt_costs(cost_type=normal)): 915
[t=3.20536s, 20116 KB] g=700, 12059 evaluated, 26 expanded
[t=3.30529s, 20116 KB] New best heuristic value for ff(transform=adapt_costs(cost_type=normal)): 910
[t=3.30529s, 20116 KB] g=700, 12452 evaluated, 26 expanded
[t=3.34127s, 20116 KB] New best heuristic value for ff(transform=adapt_costs(cost_type=normal)): 895
[t=3.34127s, 20116 KB] g=710, 12585 evaluated, 27 expanded
[t=3.44519s, 20116 KB] New best heuristic value for ff(transform=adapt_costs(cost_type=normal)): 890
[t=3.44519s, 20116 KB] g=720, 13003 evaluated, 27 expanded
[t=3.46918s, 20116 KB] New best heuristic value for ff(transform=adapt_costs(cost_type=normal)): 875
[t=3.46918s, 20116 KB] g=730, 13098 evaluated, 28 expanded
[t=3.5771s, 20116 KB] New best heuristic value for ff(transform=adapt_costs(cost_type=normal)): 870
[t=3.5771s, 20116 KB] g=730, 13530 evaluated, 28 expanded
[t=3.6011s, 20116 KB] New best heuristic value for ff(transform=adapt_costs(cost_type=normal)): 855
[t=3.6011s, 20116 KB] g=740, 13618 evaluated, 29 expanded
[t=3.713s, 20116 KB] New best heuristic value for ff(transform=adapt_costs(cost_type=normal)): 850
[t=3.713s, 20116 KB] g=740, 14072 evaluated, 29 expanded
[t=3.72898s, 20116 KB] New best heuristic value for ff(transform=adapt_costs(cost_type=normal)): 835
[t=3.72898s, 20116 KB] g=750, 14131 evaluated, 30 expanded
[t=3.85291s, 20116 KB] New best heuristic value for ff(transform=adapt_costs(cost_type=normal)): 830
[t=3.85291s, 20116 KB] g=760, 14623 evaluated, 30 expanded
[t=3.85291s, 20116 KB] New best heuristic value for ff(transform=adapt_costs(cost_type=normal)): 815
[t=3.85291s, 20116 KB] g=770, 14631 evaluated, 31 expanded
[t=3.9808s, 20116 KB] New best heuristic value for ff(transform=adapt_costs(cost_type=normal)): 810
[t=3.9808s, 20116 KB] g=780, 15140 evaluated, 32 expanded
[t=3.98478s, 20116 KB] New best heuristic value for ff(transform=adapt_costs(cost_type=normal)): 800
[t=3.98478s, 20116 KB] g=785, 15146 evaluated, 32 expanded
[t=4.11669s, 20116 KB] New best heuristic value for ff(transform=adapt_costs(cost_type=normal)): 795
[t=4.11669s, 20116 KB] g=795, 15662 evaluated, 33 expanded
[t=4.12068s, 20116 KB] New best heuristic value for ff(transform=adapt_costs(cost_type=normal)): 790
[t=4.12068s, 20116 KB] g=795, 15676 evaluated, 33 expanded
[t=4.12869s, 20116 KB] New best heuristic value for ff(transform=adapt_costs(cost_type=normal)): 785
[t=4.12869s, 20116 KB] g=795, 15711 evaluated, 33 expanded
[t=4.2486s, 20116 KB] New best heuristic value for ff(transform=adapt_costs(cost_type=normal)): 780
[t=4.2486s, 20116 KB] g=805, 16183 evaluated, 34 expanded
[t=4.25261s, 20116 KB] New best heuristic value for ff(transform=adapt_costs(cost_type=normal)): 775
[t=4.25261s, 20116 KB] g=805, 16197 evaluated, 34 expanded
[t=4.27259s, 20116 KB] New best heuristic value for ff(transform=adapt_costs(cost_type=normal)): 770
[t=4.27259s, 20116 KB] g=815, 16277 evaluated, 34 expanded
[t=4.38848s, 20116 KB] New best heuristic value for ff(transform=adapt_costs(cost_type=normal)): 765
[t=4.38848s, 20116 KB] g=825, 16718 evaluated, 35 expanded
[t=4.39247s, 20116 KB] New best heuristic value for ff(transform=adapt_costs(cost_type=normal)): 760
[t=4.39247s, 20116 KB] g=825, 16733 evaluated, 35 expanded
[t=4.41245s, 20116 KB] New best heuristic value for ff(transform=adapt_costs(cost_type=normal)): 750
[t=4.41245s, 20116 KB] g=825, 16816 evaluated, 35 expanded
[t=4.53631s, 20116 KB] New best heuristic value for ff(transform=adapt_costs(cost_type=normal)): 745
[t=4.53631s, 20116 KB] g=835, 17268 evaluated, 36 expanded
[t=4.54031s, 20116 KB] New best heuristic value for ff(transform=adapt_costs(cost_type=normal)): 740
[t=4.54031s, 20116 KB] g=835, 17283 evaluated, 36 expanded
[t=4.58826s, 20116 KB] New best heuristic value for ff(transform=adapt_costs(cost_type=normal)): 735
[t=4.58826s, 20116 KB] g=855, 17466 evaluated, 36 expanded
[t=4.67217s, 20116 KB] New best heuristic value for ff(transform=adapt_costs(cost_type=normal)): 730
[t=4.67217s, 20116 KB] g=865, 17804 evaluated, 37 expanded
[t=4.67617s, 20116 KB] New best heuristic value for ff(transform=adapt_costs(cost_type=normal)): 725
[t=4.67617s, 20116 KB] g=865, 17819 evaluated, 37 expanded
[t=4.72412s, 20116 KB] New best heuristic value for ff(transform=adapt_costs(cost_type=normal)): 720
[t=4.72412s, 20116 KB] g=885, 17997 evaluated, 37 expanded
[t=4.81205s, 20116 KB] New best heuristic value for ff(transform=adapt_costs(cost_type=normal)): 715
[t=4.81205s, 20116 KB] g=895, 18331 evaluated, 38 expanded
[t=4.81604s, 20116 KB] New best heuristic value for ff(transform=adapt_costs(cost_type=normal)): 710
[t=4.81604s, 20116 KB] g=895, 18346 evaluated, 38 expanded
[t=4.85601s, 20116 KB] New best heuristic value for ff(transform=adapt_costs(cost_type=normal)): 705
[t=4.85601s, 20116 KB] g=915, 18517 evaluated, 38 expanded
[t=4.93996s, 20116 KB] New best heuristic value for ff(transform=adapt_costs(cost_type=normal)): 700
[t=4.93996s, 20116 KB] g=925, 18850 evaluated, 39 expanded
[t=4.94395s, 20116 KB] New best heuristic value for ff(transform=adapt_costs(cost_type=normal)): 695
[t=4.94395s, 20116 KB] g=925, 18865 evaluated, 39 expanded
[t=4.98392s, 20116 KB] New best heuristic value for ff(transform=adapt_costs(cost_type=normal)): 690
[t=4.98392s, 20116 KB] g=945, 19028 evaluated, 39 expanded
[t=5.05585s, 20116 KB] New best heuristic value for ff(transform=adapt_costs(cost_type=normal)): 680
[t=5.05585s, 20116 KB] g=930, 19320 evaluated, 39 expanded
[t=5.06784s, 20116 KB] New best heuristic value for ff(transform=adapt_costs(cost_type=normal)): 675
[t=5.06784s, 20116 KB] g=940, 19361 evaluated, 40 expanded
[t=5.07183s, 20116 KB] New best heuristic value for ff(transform=adapt_costs(cost_type=normal)): 670
[t=5.07183s, 20116 KB] g=940, 19376 evaluated, 40 expanded
[t=5.11181s, 20116 KB] New best heuristic value for ff(transform=adapt_costs(cost_type=normal)): 665
[t=5.11181s, 20116 KB] g=960, 19539 evaluated, 40 expanded
[t=5.19174s, 20116 KB] New best heuristic value for ff(transform=adapt_costs(cost_type=normal)): 660
[t=5.19174s, 20116 KB] g=970, 19857 evaluated, 41 expanded
[t=5.19575s, 20116 KB] New best heuristic value for ff(transform=adapt_costs(cost_type=normal)): 655
[t=5.19575s, 20116 KB] g=970, 19872 evaluated, 41 expanded
[t=5.23171s, 20116 KB] New best heuristic value for ff(transform=adapt_costs(cost_type=normal)): 650
[t=5.23171s, 20116 KB] g=990, 20028 evaluated, 41 expanded
[t=5.29168s, 20116 KB] New best heuristic value for ff(transform=adapt_costs(cost_type=normal)): 635
[t=5.29168s, 20116 KB] g=990, 20275 evaluated, 41 expanded
[t=5.31166s, 20116 KB] New best heuristic value for ff(transform=adapt_costs(cost_type=normal)): 630
[t=5.31166s, 20116 KB] g=1000, 20346 evaluated, 42 expanded
[t=5.31166s, 20116 KB] New best heuristic value for ff(transform=adapt_costs(cost_type=normal)): 625
[t=5.31166s, 20116 KB] g=1000, 20361 evaluated, 42 expanded
[t=5.35163s, 20116 KB] New best heuristic value for ff(transform=adapt_costs(cost_type=normal)): 620
[t=5.35163s, 20116 KB] g=1020, 20517 evaluated, 42 expanded
[t=5.42759s, 20116 KB] New best heuristic value for ff(transform=adapt_costs(cost_type=normal)): 615
[t=5.42759s, 20116 KB] g=1030, 20835 evaluated, 43 expanded
[t=5.43157s, 20116 KB] New best heuristic value for ff(transform=adapt_costs(cost_type=normal)): 610
[t=5.43157s, 20116 KB] g=1030, 20850 evaluated, 43 expanded
[t=5.47152s, 20116 KB] New best heuristic value for ff(transform=adapt_costs(cost_type=normal)): 605
[t=5.47152s, 20116 KB] g=1050, 20998 evaluated, 43 expanded
[t=5.51947s, 20116 KB] New best heuristic value for ff(transform=adapt_costs(cost_type=normal)): 600
[t=5.51947s, 20116 KB] g=1030, 21200 evaluated, 43 expanded
[t=5.54744s, 20116 KB] New best heuristic value for ff(transform=adapt_costs(cost_type=normal)): 595
[t=5.54744s, 20116 KB] g=1040, 21316 evaluated, 44 expanded
[t=5.55146s, 20116 KB] New best heuristic value for ff(transform=adapt_costs(cost_type=normal)): 590
[t=5.55146s, 20116 KB] g=1040, 21331 evaluated, 44 expanded
[t=5.5874s, 20248 KB] New best heuristic value for ff(transform=adapt_costs(cost_type=normal)): 585
[t=5.5874s, 20248 KB] g=1060, 21479 evaluated, 44 expanded
[t=5.66336s, 20248 KB] New best heuristic value for ff(transform=adapt_costs(cost_type=normal)): 580
[t=5.66336s, 20248 KB] g=1070, 21784 evaluated, 45 expanded
[t=5.66737s, 20248 KB] New best heuristic value for ff(transform=adapt_costs(cost_type=normal)): 575
[t=5.66737s, 20248 KB] g=1070, 21799 evaluated, 45 expanded
[t=5.69931s, 20248 KB] New best heuristic value for ff(transform=adapt_costs(cost_type=normal)): 570
[t=5.69931s, 20248 KB] g=1090, 21939 evaluated, 45 expanded
[t=5.73926s, 20248 KB] New best heuristic value for ff(transform=adapt_costs(cost_type=normal)): 565
[t=5.73926s, 20248 KB] g=1070, 22090 evaluated, 45 expanded
[t=5.77922s, 20248 KB] New best heuristic value for ff(transform=adapt_costs(cost_type=normal)): 560
[t=5.77922s, 20248 KB] g=1080, 22244 evaluated, 46 expanded
[t=5.78323s, 20248 KB] New best heuristic value for ff(transform=adapt_costs(cost_type=normal)): 555
[t=5.78323s, 20248 KB] g=1080, 22259 evaluated, 46 expanded
[t=5.81918s, 20248 KB] New best heuristic value for ff(transform=adapt_costs(cost_type=normal)): 550
[t=5.81918s, 20248 KB] g=1100, 22399 evaluated, 46 expanded
[t=5.88713s, 20384 KB] New best heuristic value for ff(transform=adapt_costs(cost_type=normal)): 545
[t=5.88713s, 20384 KB] g=1110, 22691 evaluated, 47 expanded
[t=5.89114s, 20384 KB] New best heuristic value for ff(transform=adapt_costs(cost_type=normal)): 540
[t=5.89114s, 20384 KB] g=1110, 22706 evaluated, 47 expanded
[t=5.94709s, 20384 KB] New best heuristic value for ff(transform=adapt_costs(cost_type=normal)): 535
[t=5.94709s, 20384 KB] g=1110, 22940 evaluated, 47 expanded
[t=5.99504s, 20384 KB] New best heuristic value for ff(transform=adapt_costs(cost_type=normal)): 530
[t=5.99504s, 20384 KB] g=1120, 23130 evaluated, 48 expanded
[t=5.99902s, 20384 KB] New best heuristic value for ff(transform=adapt_costs(cost_type=normal)): 525
[t=5.99902s, 20384 KB] g=1120, 23145 evaluated, 48 expanded
[t=6.07098s, 20384 KB] New best heuristic value for ff(transform=adapt_costs(cost_type=normal)): 520
[t=6.07098s, 20384 KB] g=1125, 23433 evaluated, 48 expanded
[t=6.09896s, 20384 KB] New best heuristic value for ff(transform=adapt_costs(cost_type=normal)): 515
[t=6.09896s, 20384 KB] g=1135, 23555 evaluated, 49 expanded
[t=6.10294s, 20384 KB] New best heuristic value for ff(transform=adapt_costs(cost_type=normal)): 510
[t=6.10294s, 20384 KB] g=1135, 23570 evaluated, 49 expanded
[t=6.17889s, 20516 KB] New best heuristic value for ff(transform=adapt_costs(cost_type=normal)): 505
[t=6.17889s, 20516 KB] g=1140, 23873 evaluated, 49 expanded
[t=6.20287s, 20516 KB] New best heuristic value for ff(transform=adapt_costs(cost_type=normal)): 500
[t=6.20287s, 20516 KB] g=1150, 23973 evaluated, 50 expanded
[t=6.20686s, 20516 KB] New best heuristic value for ff(transform=adapt_costs(cost_type=normal)): 495
[t=6.20686s, 20516 KB] g=1150, 23988 evaluated, 50 expanded
[t=6.30279s, 20516 KB] New best heuristic value for ff(transform=adapt_costs(cost_type=normal)): 490
[t=6.30279s, 20516 KB] g=1150, 24365 evaluated, 50 expanded
[t=6.30678s, 20516 KB] New best heuristic value for ff(transform=adapt_costs(cost_type=normal)): 485
[t=6.30678s, 20516 KB] g=1160, 24385 evaluated, 51 expanded
[t=6.31078s, 20516 KB] New best heuristic value for ff(transform=adapt_costs(cost_type=normal)): 480
[t=6.31078s, 20516 KB] g=1160, 24400 evaluated, 51 expanded
[t=6.39869s, 20516 KB] New best heuristic value for ff(transform=adapt_costs(cost_type=normal)): 475
[t=6.39869s, 20516 KB] g=1170, 24783 evaluated, 52 expanded
[t=6.40669s, 20516 KB] New best heuristic value for ff(transform=adapt_costs(cost_type=normal)): 465
[t=6.40669s, 20516 KB] g=1170, 24809 evaluated, 52 expanded
[t=6.49861s, 20648 KB] New best heuristic value for ff(transform=adapt_costs(cost_type=normal)): 460
[t=6.49861s, 20648 KB] g=1180, 25194 evaluated, 53 expanded
[t=6.50261s, 20648 KB] New best heuristic value for ff(transform=adapt_costs(cost_type=normal)): 455
[t=6.50261s, 20648 KB] g=1180, 25209 evaluated, 53 expanded
[t=6.59451s, 20648 KB] New best heuristic value for ff(transform=adapt_costs(cost_type=normal)): 450
[t=6.59451s, 20648 KB] g=1190, 25592 evaluated, 54 expanded
[t=6.60252s, 20648 KB] New best heuristic value for ff(transform=adapt_costs(cost_type=normal)): 445
[t=6.60252s, 20648 KB] g=1225, 25608 evaluated, 54 expanded
[t=6.69046s, 20648 KB] New best heuristic value for ff(transform=adapt_costs(cost_type=normal)): 440
[t=6.69046s, 20648 KB] g=1235, 25977 evaluated, 55 expanded
[t=6.69845s, 20648 KB] New best heuristic value for ff(transform=adapt_costs(cost_type=normal)): 415
[t=6.69845s, 20648 KB] g=1245, 26004 evaluated, 55 expanded
[t=6.78639s, 20780 KB] New best heuristic value for ff(transform=adapt_costs(cost_type=normal)): 410
[t=6.78639s, 20780 KB] g=1255, 26376 evaluated, 56 expanded
[t=6.79838s, 20780 KB] New best heuristic value for ff(transform=adapt_costs(cost_type=normal)): 405
[t=6.79838s, 20780 KB] g=1255, 26427 evaluated, 56 expanded
[t=6.87832s, 20780 KB] New best heuristic value for ff(transform=adapt_costs(cost_type=normal)): 400
[t=6.87832s, 20780 KB] g=1265, 26761 evaluated, 57 expanded
[t=6.89031s, 20780 KB] New best heuristic value for ff(transform=adapt_costs(cost_type=normal)): 395
[t=6.89031s, 20780 KB] g=1265, 26814 evaluated, 57 expanded
[t=6.97026s, 20780 KB] New best heuristic value for ff(transform=adapt_costs(cost_type=normal)): 390
[t=6.97026s, 20780 KB] g=1275, 27133 evaluated, 58 expanded
[t=6.98226s, 20780 KB] New best heuristic value for ff(transform=adapt_costs(cost_type=normal)): 385
[t=6.98226s, 20780 KB] g=1295, 27192 evaluated, 58 expanded
[t=7.05418s, 20780 KB] New best heuristic value for ff(transform=adapt_costs(cost_type=normal)): 380
[t=7.05819s, 20780 KB] g=1305, 27492 evaluated, 59 expanded
[t=7.07817s, 20912 KB] New best heuristic value for ff(transform=adapt_costs(cost_type=normal)): 375
[t=7.07817s, 20912 KB] g=1325, 27591 evaluated, 59 expanded
[t=7.13813s, 20912 KB] New best heuristic value for ff(transform=adapt_costs(cost_type=normal)): 370
[t=7.13813s, 20912 KB] g=1335, 27840 evaluated, 60 expanded
[t=7.15812s, 20912 KB] New best heuristic value for ff(transform=adapt_costs(cost_type=normal)): 365
[t=7.15812s, 20912 KB] g=1355, 27931 evaluated, 60 expanded
[t=7.1901s, 20912 KB] New best heuristic value for ff(transform=adapt_costs(cost_type=normal)): 360
[t=7.1901s, 20912 KB] g=1340, 28067 evaluated, 60 expanded
[t=7.21808s, 20912 KB] New best heuristic value for ff(transform=adapt_costs(cost_type=normal)): 355
[t=7.21808s, 20912 KB] g=1350, 28179 evaluated, 61 expanded
[t=7.23806s, 20912 KB] New best heuristic value for ff(transform=adapt_costs(cost_type=normal)): 350
[t=7.23806s, 20912 KB] g=1370, 28270 evaluated, 61 expanded
[t=7.29802s, 20912 KB] New best heuristic value for ff(transform=adapt_costs(cost_type=normal)): 345
[t=7.29802s, 20912 KB] g=1380, 28517 evaluated, 62 expanded
[t=7.31799s, 20912 KB] New best heuristic value for ff(transform=adapt_costs(cost_type=normal)): 340
[t=7.31799s, 20912 KB] g=1400, 28600 evaluated, 62 expanded
[t=7.34595s, 21044 KB] New best heuristic value for ff(transform=adapt_costs(cost_type=normal)): 335
[t=7.34595s, 21044 KB] g=1385, 28714 evaluated, 62 expanded
[t=7.37794s, 21044 KB] New best heuristic value for ff(transform=adapt_costs(cost_type=normal)): 330
[t=7.37794s, 21044 KB] g=1395, 28846 evaluated, 63 expanded
[t=7.39793s, 21044 KB] New best heuristic value for ff(transform=adapt_costs(cost_type=normal)): 325
[t=7.39793s, 21044 KB] g=1415, 28929 evaluated, 63 expanded
[t=7.45389s, 21044 KB] New best heuristic value for ff(transform=adapt_costs(cost_type=normal)): 320
[t=7.45389s, 21044 KB] g=1425, 29175 evaluated, 64 expanded
[t=7.46987s, 21044 KB] New best heuristic value for ff(transform=adapt_costs(cost_type=normal)): 315
[t=7.46987s, 21044 KB] g=1445, 29249 evaluated, 64 expanded
[t=7.50584s, 21560 KB] New best heuristic value for ff(transform=adapt_costs(cost_type=normal)): 310
[t=7.50584s, 21560 KB] g=1430, 29391 evaluated, 64 expanded
[t=7.53381s, 21560 KB] New best heuristic value for ff(transform=adapt_costs(cost_type=normal)): 305
[t=7.53381s, 21560 KB] g=1440, 29495 evaluated, 65 expanded
[t=7.54979s, 21560 KB] New best heuristic value for ff(transform=adapt_costs(cost_type=normal)): 300
[t=7.54979s, 21560 KB] g=1460, 29569 evaluated, 65 expanded
[t=7.60573s, 21560 KB] New best heuristic value for ff(transform=adapt_costs(cost_type=normal)): 295
[t=7.60573s, 21560 KB] g=1470, 29801 evaluated, 66 expanded
[t=7.62172s, 21560 KB] New best heuristic value for ff(transform=adapt_costs(cost_type=normal)): 290
[t=7.62172s, 21560 KB] g=1490, 29868 evaluated, 66 expanded
[t=7.67368s, 21560 KB] New best heuristic value for ff(transform=adapt_costs(cost_type=normal)): 285
[t=7.67368s, 21560 KB] g=1500, 30099 evaluated, 67 expanded
[t=7.68567s, 21560 KB] New best heuristic value for ff(transform=adapt_costs(cost_type=normal)): 280
[t=7.68567s, 21560 KB] g=1500, 30163 evaluated, 67 expanded
[t=7.71764s, 21560 KB] New best heuristic value for ff(transform=adapt_costs(cost_type=normal)): 260
[t=7.71764s, 21560 KB] g=1520, 30280 evaluated, 67 expanded
[t=7.74162s, 21560 KB] New best heuristic value for ff(transform=adapt_costs(cost_type=normal)): 255
[t=7.74162s, 21560 KB] g=1530, 30385 evaluated, 68 expanded
[t=7.75362s, 21560 KB] New best heuristic value for ff(transform=adapt_costs(cost_type=normal)): 250
[t=7.75362s, 21560 KB] g=1530, 30449 evaluated, 68 expanded
[t=7.78157s, 21560 KB] New best heuristic value for ff(transform=adapt_costs(cost_type=normal)): 215
[t=7.78558s, 21560 KB] g=1565, 30566 evaluated, 68 expanded
[t=7.80955s, 21560 KB] New best heuristic value for ff(transform=adapt_costs(cost_type=normal)): 210
[t=7.80955s, 21560 KB] g=1575, 30678 evaluated, 69 expanded
[t=7.82153s, 21560 KB] New best heuristic value for ff(transform=adapt_costs(cost_type=normal)): 205
[t=7.82153s, 21560 KB] g=1575, 30742 evaluated, 69 expanded
[t=7.84952s, 21560 KB] New best heuristic value for ff(transform=adapt_costs(cost_type=normal)): 195
[t=7.84952s, 21560 KB] g=1585, 30866 evaluated, 69 expanded
[t=7.86951s, 21560 KB] New best heuristic value for ff(transform=adapt_costs(cost_type=normal)): 190
[t=7.86951s, 21560 KB] g=1595, 30970 evaluated, 70 expanded
[t=7.88549s, 21560 KB] New best heuristic value for ff(transform=adapt_costs(cost_type=normal)): 185
[t=7.88549s, 21560 KB] g=1595, 31034 evaluated, 70 expanded
[t=7.93345s, 21560 KB] New best heuristic value for ff(transform=adapt_costs(cost_type=normal)): 180
[t=7.93345s, 21560 KB] g=1605, 31248 evaluated, 71 expanded
[t=7.94543s, 21560 KB] New best heuristic value for ff(transform=adapt_costs(cost_type=normal)): 175
[t=7.94543s, 21560 KB] g=1605, 31314 evaluated, 71 expanded
[t=7.9894s, 21560 KB] New best heuristic value for ff(transform=adapt_costs(cost_type=normal)): 170
[t=7.9894s, 21560 KB] g=1615, 31512 evaluated, 72 expanded
[t=8.01339s, 21560 KB] New best heuristic value for ff(transform=adapt_costs(cost_type=normal)): 165
[t=8.01339s, 21560 KB] g=1615, 31614 evaluated, 72 expanded
[t=8.04537s, 21560 KB] New best heuristic value for ff(transform=adapt_costs(cost_type=normal)): 160
[t=8.04537s, 21560 KB] g=1625, 31770 evaluated, 73 expanded
[t=8.07335s, 21560 KB] New best heuristic value for ff(transform=adapt_costs(cost_type=normal)): 155
[t=8.07335s, 21560 KB] g=1625, 31893 evaluated, 73 expanded
[t=8.10132s, 21560 KB] New best heuristic value for ff(transform=adapt_costs(cost_type=normal)): 150
[t=8.10132s, 21560 KB] g=1635, 32022 evaluated, 74 expanded
[t=8.1333s, 21560 KB] New best heuristic value for ff(transform=adapt_costs(cost_type=normal)): 145
[t=8.1333s, 21560 KB] g=1645, 32164 evaluated, 74 expanded
[t=8.15327s, 21692 KB] New best heuristic value for ff(transform=adapt_costs(cost_type=normal)): 140
[t=8.15327s, 21692 KB] g=1655, 32260 evaluated, 75 expanded
[t=8.18923s, 21692 KB] New best heuristic value for ff(transform=adapt_costs(cost_type=normal)): 135
[t=8.18923s, 21692 KB] g=1660, 32406 evaluated, 75 expanded
[t=8.20523s, 21692 KB] New best heuristic value for ff(transform=adapt_costs(cost_type=normal)): 130
[t=8.20523s, 21692 KB] g=1670, 32484 evaluated, 76 expanded
[t=8.23719s, 21692 KB] New best heuristic value for ff(transform=adapt_costs(cost_type=normal)): 125
[t=8.23719s, 21692 KB] g=1670, 32630 evaluated, 76 expanded
[t=8.24919s, 21692 KB] New best heuristic value for ff(transform=adapt_costs(cost_type=normal)): 120
[t=8.24919s, 21692 KB] g=1680, 32695 evaluated, 77 expanded
[t=8.28515s, 21692 KB] New best heuristic value for ff(transform=adapt_costs(cost_type=normal)): 115
[t=8.28515s, 21692 KB] g=1680, 32860 evaluated, 77 expanded
[t=8.29714s, 21692 KB] New best heuristic value for ff(transform=adapt_costs(cost_type=normal)): 110
[t=8.29714s, 21692 KB] g=1690, 32900 evaluated, 78 expanded
[t=8.3371s, 21692 KB] New best heuristic value for ff(transform=adapt_costs(cost_type=normal)): 105
[t=8.3371s, 21692 KB] g=1690, 33072 evaluated, 78 expanded
[t=8.34111s, 21692 KB] New best heuristic value for ff(transform=adapt_costs(cost_type=normal)): 100
[t=8.34111s, 21692 KB] g=1700, 33099 evaluated, 79 expanded
[t=8.38108s, 21692 KB] New best heuristic value for ff(transform=adapt_costs(cost_type=normal)): 95
[t=8.38108s, 21692 KB] g=1700, 33273 evaluated, 79 expanded
[t=8.38108s, 21692 KB] New best heuristic value for ff(transform=adapt_costs(cost_type=normal)): 90
[t=8.38108s, 21692 KB] g=1710, 33285 evaluated, 80 expanded
[t=8.42503s, 21828 KB] New best heuristic value for ff(transform=adapt_costs(cost_type=normal)): 85
[t=8.42503s, 21828 KB] g=1720, 33484 evaluated, 81 expanded
[t=8.46901s, 21828 KB] New best heuristic value for ff(transform=adapt_costs(cost_type=normal)): 80
[t=8.46901s, 21828 KB] g=1730, 33688 evaluated, 82 expanded
[t=8.50097s, 21828 KB] New best heuristic value for ff(transform=adapt_costs(cost_type=normal)): 75
[t=8.50097s, 21828 KB] g=1735, 33844 evaluated, 83 expanded
[t=8.53294s, 21828 KB] New best heuristic value for ff(transform=adapt_costs(cost_type=normal)): 70
[t=8.53294s, 21828 KB] g=1740, 33989 evaluated, 84 expanded
[t=8.58491s, 21828 KB] New best heuristic value for ff(transform=adapt_costs(cost_type=normal)): 40
[t=8.58491s, 21828 KB] g=1830, 34235 evaluated, 87 expanded
[t=8.6089s, 21828 KB] New best heuristic value for ff(transform=adapt_costs(cost_type=normal)): 20
[t=8.6089s, 21828 KB] g=1850, 34348 evaluated, 88 expanded
Peak memory: 1425316 KB
caught signal 24 -- exiting
Time limit has been reached.
Remove intermediate file output.sas
search exit code: 23

Driver aborting after search
INFO     Planner time: 1798.67s
