INFO     planner time limit: 1800s
INFO     planner memory limit: 2048 MB

INFO     Running translator.
INFO     translator stdin: None
INFO     translator time limit: 1799s
INFO     translator memory limit: 2048 MB
INFO     translator command line string: /home/henry/Documents/UFRGS/TCC/downward/.venv/bin/python /home/henry/Documents/UFRGS/TCC/downward/experiments/lab/data/main/code-5bb2ccb6957559b6969ffd7e29254c73f84d5e49_e5e41175/builds/release/bin/translate/translate.py domain.pddl problem.pddl --sas-file output.sas
Parsing...
Parsing: [0.000s CPU, 0.002s wall-clock]
Normalizing task... [0.000s CPU, 0.000s wall-clock]
Instantiating...
Generating Datalog program... [0.000s CPU, 0.001s wall-clock]
Normalizing Datalog program...
Normalizing Datalog program: [0.000s CPU, 0.003s wall-clock]
Preparing model... [0.010s CPU, 0.002s wall-clock]
Generated 79 rules.
Computing model... [1.940s CPU, 1.955s wall-clock]
201785 relevant atoms
60076 auxiliary atoms
261861 final queue length
847132 total queue pushes
Completing instantiation... [5.440s CPU, 5.444s wall-clock]
Instantiating: [7.450s CPU, 7.466s wall-clock]
Computing fact groups...
Finding invariants...
14 initial candidates
Finding invariants: [0.170s CPU, 0.163s wall-clock]
Checking invariant weight... [0.000s CPU, 0.000s wall-clock]
Instantiating groups... [0.000s CPU, 0.000s wall-clock]
Collecting mutex groups... [0.000s CPU, 0.001s wall-clock]
Choosing groups...
4156 uncovered facts
Choosing groups: [0.000s CPU, 0.001s wall-clock]
Building translation key... [0.010s CPU, 0.011s wall-clock]
Computing fact groups: [0.210s CPU, 0.205s wall-clock]
Building STRIPS to SAS dictionary... [0.000s CPU, 0.004s wall-clock]
Building dictionary for full mutex groups... [0.000s CPU, 0.003s wall-clock]
Building mutex information...
Building mutex information: [0.010s CPU, 0.003s wall-clock]
Translating task...
Processing axioms...
Simplifying axioms... [0.000s CPU, 0.000s wall-clock]
Translator axioms removed by simplifying: 0
Computing negative axioms... [0.000s CPU, 0.000s wall-clock]
Processing axioms: [0.090s CPU, 0.095s wall-clock]
Translating task: [3.260s CPU, 3.263s wall-clock]
178124 effect conditions simplified
0 implied preconditions added
Detecting unreachable propositions...
0 operators removed
0 axioms removed
4 propositions removed
Detecting unreachable propositions: [1.920s CPU, 1.928s wall-clock]
Reordering and filtering variables...
4160 of 4160 variables necessary.
0 of 4 mutex groups necessary.
71292 of 71292 operators necessary.
0 of 0 axiom rules necessary.
Reordering and filtering variables: [2.410s CPU, 2.413s wall-clock]
Translator variables: 4160
Translator derived variables: 0
Translator facts: 8536
Translator goal facts: 28
Translator mutex groups: 0
Translator total mutex groups size: 0
Translator operators: 71292
Translator axioms: 0
Translator task size: 617728
Translator peak memory: 427668 KB
Writing output... [0.520s CPU, 0.513s wall-clock]
Done! [15.940s CPU, 15.960s wall-clock]
translate exit code: 0

INFO     Running search (release).
INFO     search stdin: output.sas
INFO     search time limit: 1783s
INFO     search memory limit: 2048 MB
INFO     search command line string: /home/henry/Documents/UFRGS/TCC/downward/experiments/lab/data/main/code-5bb2ccb6957559b6969ffd7e29254c73f84d5e49_e5e41175/builds/release/bin/downward --search 'eager_greedy([ilsh(patterns=systematic(2), transform=adapt_costs(cost_type=ONE))])' --internal-plan-file sas_plan < output.sas
[t=0s, 10544 KB] reading input...
[t=0.331758s, 39080 KB] done reading input!
[t=0.331758s, 39476 KB] Generating patterns using: systematic pattern collection generator
[t=0.331758s, 39476 KB] building causal graph...done! [t=0.219745s]
[t=0.651432s, 71268 KB] Found 17120 SGA patterns.
[t=1.41492s, 71268 KB] Found 17120 interesting patterns.
[t=1.41891s, 71268 KB] systematic pattern collection generator number of patterns: 17120
[t=1.41891s, 71268 KB] systematic pattern collection generator total PDB size: 80520
[t=1.41891s, 71268 KB] systematic pattern collection generator computation time: 1.08715s
[t=1.41891s, 71268 KB] Computing PDBs for pattern collection...
[t=215.483s, 71268 KB] Done computing PDBs for pattern collection: 214.064s
[t=255.373s, 814004 KB] Tie breaking: 2
[t=255.373s, 814004 KB] Building successor generator...done!
[t=255.397s, 817348 KB] peak memory difference for successor generator creation: 3344 KB
[t=255.401s, 817348 KB] time for successor generation creation: 0.0239709s
[t=255.401s, 817348 KB] Variables: 4160
[t=255.401s, 817348 KB] FactPairs: 8536
[t=255.401s, 817348 KB] Bytes per state: 524
[t=255.401s, 817348 KB] Conducting best first search without reopening closed nodes, (real) bound = 2147483647
[t=255.992s, 817348 KB] New best heuristic value for ilsh(patterns=systematic(2),transform=adapt_costs(cost_type=one)): 13
[t=255.992s, 817348 KB] g=0, 1 evaluated, 0 expanded
[t=255.992s, 817348 KB] Initial heuristic value for ilsh(patterns=systematic(2),transform=adapt_costs(cost_type=one)): 13
[t=255.992s, 817348 KB] pruning method: none
Peak memory: 817348 KB
caught signal 24 -- exiting
Time limit has been reached.
Remove intermediate file output.sas
search exit code: 23

Driver aborting after search
INFO     Planner time: 1797.39s
