INFO     planner time limit: 1800s
INFO     planner memory limit: 2048 MB

INFO     Running translator.
INFO     translator stdin: None
INFO     translator time limit: 1799s
INFO     translator memory limit: 2048 MB
INFO     translator command line string: /home/henry/Documents/UFRGS/TCC/downward/.venv/bin/python /home/henry/Documents/UFRGS/TCC/downward/experiments/lab/data/main/code-5bb2ccb6957559b6969ffd7e29254c73f84d5e49_e5e41175/builds/release/bin/translate/translate.py domain.pddl problem.pddl --sas-file output.sas
Parsing...
Parsing: [0.000s CPU, 0.005s wall-clock]
Normalizing task... [0.000s CPU, 0.000s wall-clock]
Instantiating...
Generating Datalog program... [0.000s CPU, 0.001s wall-clock]
Normalizing Datalog program...
Normalizing Datalog program: [0.020s CPU, 0.007s wall-clock]
Preparing model... [0.000s CPU, 0.004s wall-clock]
Generated 258 rules.
Computing model... [0.420s CPU, 0.416s wall-clock]
59140 relevant atoms
1704 auxiliary atoms
60844 final queue length
221347 total queue pushes
Completing instantiation... [3.670s CPU, 3.685s wall-clock]
Instantiating: [4.130s CPU, 4.134s wall-clock]
Computing fact groups...
Finding invariants...
44 initial candidates
Finding invariants: [0.110s CPU, 0.104s wall-clock]
Checking invariant weight... [0.000s CPU, 0.000s wall-clock]
Instantiating groups... [0.000s CPU, 0.001s wall-clock]
Collecting mutex groups... [0.000s CPU, 0.000s wall-clock]
Choosing groups...
126 uncovered facts
Choosing groups: [0.000s CPU, 0.000s wall-clock]
Building translation key... [0.000s CPU, 0.000s wall-clock]
Computing fact groups: [0.110s CPU, 0.107s wall-clock]
Building STRIPS to SAS dictionary... [0.000s CPU, 0.000s wall-clock]
Building dictionary for full mutex groups... [0.000s CPU, 0.000s wall-clock]
Building mutex information...
Building mutex information: [0.000s CPU, 0.000s wall-clock]
Translating task...
Processing axioms...
Simplifying axioms... [0.000s CPU, 0.000s wall-clock]
Translator axioms removed by simplifying: 0
Computing negative axioms... [0.000s CPU, 0.000s wall-clock]
Processing axioms: [0.170s CPU, 0.168s wall-clock]
Translating task: [3.470s CPU, 3.470s wall-clock]
63383 effect conditions simplified
0 implied preconditions added
Detecting unreachable propositions...
0 operators removed
0 axioms removed
33 propositions removed
Detecting unreachable propositions: [1.970s CPU, 1.978s wall-clock]
Reordering and filtering variables...
115 of 120 variables necessary.
0 of 7 mutex groups necessary.
58457 of 58457 operators necessary.
0 of 0 axiom rules necessary.
Reordering and filtering variables: [0.510s CPU, 0.508s wall-clock]
Translator variables: 115
Translator derived variables: 0
Translator facts: 261
Translator goal facts: 2
Translator mutex groups: 0
Translator total mutex groups size: 0
Translator operators: 58457
Translator axioms: 0
Translator task size: 615672
Translator peak memory: 381232 KB
Writing output... [0.420s CPU, 0.415s wall-clock]
Done! [10.780s CPU, 10.786s wall-clock]
translate exit code: 0

INFO     Running search (release).
INFO     search stdin: output.sas
INFO     search time limit: 1789s
INFO     search memory limit: 2048 MB
INFO     search command line string: /home/henry/Documents/UFRGS/TCC/downward/experiments/lab/data/main/code-5bb2ccb6957559b6969ffd7e29254c73f84d5e49_e5e41175/builds/release/bin/downward --search 'eager_greedy([operatorcounting(constraint_generators=[pho_constraints(patterns=systematic(4))], use_integer_operator_counts=false, transform=adapt_costs(cost_type=ONE))])' --internal-plan-file sas_plan < output.sas
[t=0s, 45596 KB] reading input...
[t=0.270638s, 69560 KB] done reading input!
[t=0.273026s, 73068 KB] Generating patterns using: systematic pattern collection generator
[t=0.273026s, 73068 KB] building causal graph...done! [t=0.0519234s]
[t=0.328957s, 73068 KB] Found 3528 SGA patterns.
[t=0.34094s, 73068 KB] Found 3528 interesting patterns.
[t=0.34094s, 73068 KB] systematic pattern collection generator number of patterns: 3528
[t=0.34094s, 73068 KB] systematic pattern collection generator total PDB size: 295902
[t=0.344924s, 73068 KB] systematic pattern collection generator computation time: 0.0679139s
[t=0.344924s, 73068 KB] Computing PDBs for pattern collection...
[t=66.7593s, 80676 KB] Done computing PDBs for pattern collection: 66.4143s
Failed to allocate memory.
Memory limit has been reached.
Peak memory: 1649004 KB
Remove intermediate file output.sas
search exit code: 22

Driver aborting after search
INFO     Planner time: 94.12s
