INFO     planner time limit: 1800s
INFO     planner memory limit: 2048 MB

INFO     Running translator.
INFO     translator stdin: None
INFO     translator time limit: 1799s
INFO     translator memory limit: 2048 MB
INFO     translator command line string: /home/henry/Documents/UFRGS/TCC/downward/.venv/bin/python /home/henry/Documents/UFRGS/TCC/downward/experiments/lab/data/main/code-5bb2ccb6957559b6969ffd7e29254c73f84d5e49_e5e41175/builds/release/bin/translate/translate.py domain.pddl problem.pddl --sas-file output.sas
Parsing...
Parsing: [0.000s CPU, 0.004s wall-clock]
Normalizing task... [0.000s CPU, 0.000s wall-clock]
Instantiating...
Generating Datalog program... [0.000s CPU, 0.001s wall-clock]
Normalizing Datalog program...
Trivial rules: Converted to facts.
Normalizing Datalog program: [0.000s CPU, 0.003s wall-clock]
Preparing model... [0.010s CPU, 0.003s wall-clock]
Generated 129 rules.
Computing model... [0.600s CPU, 0.607s wall-clock]
46464 relevant atoms
41850 auxiliary atoms
88314 final queue length
288740 total queue pushes
Completing instantiation... [2.760s CPU, 2.762s wall-clock]
Instantiating: [3.380s CPU, 3.396s wall-clock]
Computing fact groups...
Finding invariants...
28 initial candidates
Finding invariants: [0.020s CPU, 0.017s wall-clock]
Checking invariant weight... [0.000s CPU, 0.000s wall-clock]
Instantiating groups... [0.000s CPU, 0.002s wall-clock]
Collecting mutex groups... [0.000s CPU, 0.001s wall-clock]
Choosing groups...
675 uncovered facts
Choosing groups: [0.010s CPU, 0.001s wall-clock]
Building translation key... [0.000s CPU, 0.002s wall-clock]
Computing fact groups: [0.030s CPU, 0.028s wall-clock]
Building STRIPS to SAS dictionary... [0.000s CPU, 0.001s wall-clock]
Building dictionary for full mutex groups... [0.000s CPU, 0.001s wall-clock]
Building mutex information...
Building mutex information: [0.000s CPU, 0.000s wall-clock]
Translating task...
Processing axioms...
Simplifying axioms... [0.000s CPU, 0.000s wall-clock]
Translator axioms removed by simplifying: 0
Computing negative axioms... [0.000s CPU, 0.000s wall-clock]
Processing axioms: [0.160s CPU, 0.161s wall-clock]
Translating task: [3.260s CPU, 3.251s wall-clock]
68461 effect conditions simplified
0 implied preconditions added
Detecting unreachable propositions...
0 operators removed
0 axioms removed
49 propositions removed
Detecting unreachable propositions: [1.610s CPU, 1.618s wall-clock]
Reordering and filtering variables...
704 of 706 variables necessary.
0 of 37 mutex groups necessary.
44291 of 44291 operators necessary.
0 of 0 axiom rules necessary.
Reordering and filtering variables: [0.820s CPU, 0.815s wall-clock]
Translator variables: 704
Translator derived variables: 0
Translator facts: 2128
Translator goal facts: 44
Translator mutex groups: 0
Translator total mutex groups size: 0
Translator operators: 44291
Translator axioms: 0
Translator task size: 615131
Translator peak memory: 328512 KB
Writing output... [0.410s CPU, 0.419s wall-clock]
Done! [9.650s CPU, 9.678s wall-clock]
translate exit code: 0

INFO     Running search (release).
INFO     search stdin: output.sas
INFO     search time limit: 1790s
INFO     search memory limit: 2048 MB
INFO     search command line string: /home/henry/Documents/UFRGS/TCC/downward/experiments/lab/data/main/code-5bb2ccb6957559b6969ffd7e29254c73f84d5e49_e5e41175/builds/release/bin/downward --search 'eager_greedy([operatorcounting(constraint_generators=[pho_constraints(patterns=systematic(2))], use_integer_operator_counts=false, transform=adapt_costs(cost_type=ONE))])' --internal-plan-file sas_plan < output.sas
[t=0s, 45596 KB] reading input...
[t=0.259705s, 67440 KB] done reading input!
[t=0.262587s, 70896 KB] Generating patterns using: systematic pattern collection generator
[t=0.262587s, 70896 KB] building causal graph...done! [t=0.215742s]
[t=0.55816s, 92744 KB] Found 4555 SGA patterns.
[t=0.670057s, 92744 KB] Found 4555 interesting patterns.
[t=0.670057s, 92744 KB] systematic pattern collection generator number of patterns: 4555
[t=0.670057s, 92744 KB] systematic pattern collection generator total PDB size: 151205
[t=0.670057s, 92744 KB] systematic pattern collection generator computation time: 0.40747s
[t=0.670057s, 92744 KB] Computing PDBs for pattern collection...
[t=52.0952s, 92744 KB] Done computing PDBs for pattern collection: 51.4252s
[t=68.5693s, 409732 KB] Building successor generator...done!
[t=68.5893s, 409732 KB] peak memory difference for successor generator creation: 0 KB
[t=68.5893s, 409732 KB] time for successor generation creation: 0.0199658s
[t=68.5893s, 409732 KB] Variables: 704
[t=68.5893s, 409732 KB] FactPairs: 2128
[t=68.5893s, 409732 KB] Bytes per state: 108
[t=68.5893s, 409732 KB] Conducting best first search without reopening closed nodes, (real) bound = 2147483647
[t=69.5839s, 649788 KB] New best heuristic value for operatorcounting(constraint_generators=[pho_constraints(patterns=systematic(2))],use_integer_operator_counts=false,transform=adapt_costs(cost_type=one)): 87
[t=69.5839s, 649788 KB] g=0, 1 evaluated, 0 expanded
[t=69.5839s, 649788 KB] Initial heuristic value for operatorcounting(constraint_generators=[pho_constraints(patterns=systematic(2))],use_integer_operator_counts=false,transform=adapt_costs(cost_type=one)): 87
[t=69.5839s, 649788 KB] pruning method: none
[t=69.7117s, 649788 KB] New best heuristic value for operatorcounting(constraint_generators=[pho_constraints(patterns=systematic(2))],use_integer_operator_counts=false,transform=adapt_costs(cost_type=one)): 86
[t=69.7117s, 649788 KB] g=1, 2 evaluated, 1 expanded
[t=71.199s, 649788 KB] New best heuristic value for operatorcounting(constraint_generators=[pho_constraints(patterns=systematic(2))],use_integer_operator_counts=false,transform=adapt_costs(cost_type=one)): 85
[t=71.199s, 649788 KB] g=1, 12 evaluated, 7 expanded
[t=71.4774s, 649788 KB] New best heuristic value for operatorcounting(constraint_generators=[pho_constraints(patterns=systematic(2))],use_integer_operator_counts=false,transform=adapt_costs(cost_type=one)): 84
[t=71.4774s, 649788 KB] g=2, 14 evaluated, 8 expanded
[t=72.787s, 649788 KB] New best heuristic value for operatorcounting(constraint_generators=[pho_constraints(patterns=systematic(2))],use_integer_operator_counts=false,transform=adapt_costs(cost_type=one)): 83
[t=72.787s, 649788 KB] g=3, 23 evaluated, 15 expanded
[t=74.7053s, 649788 KB] New best heuristic value for operatorcounting(constraint_generators=[pho_constraints(patterns=systematic(2))],use_integer_operator_counts=false,transform=adapt_costs(cost_type=one)): 82
[t=74.7053s, 649788 KB] g=4, 36 evaluated, 25 expanded
[t=77.2474s, 649788 KB] New best heuristic value for operatorcounting(constraint_generators=[pho_constraints(patterns=systematic(2))],use_integer_operator_counts=false,transform=adapt_costs(cost_type=one)): 81
[t=77.2474s, 649788 KB] g=4, 53 evaluated, 38 expanded
[t=77.5307s, 649788 KB] New best heuristic value for operatorcounting(constraint_generators=[pho_constraints(patterns=systematic(2))],use_integer_operator_counts=false,transform=adapt_costs(cost_type=one)): 80
[t=77.5307s, 649788 KB] g=5, 55 evaluated, 39 expanded
[t=78.7256s, 649788 KB] New best heuristic value for operatorcounting(constraint_generators=[pho_constraints(patterns=systematic(2))],use_integer_operator_counts=false,transform=adapt_costs(cost_type=one)): 79
[t=78.7291s, 649788 KB] g=5, 63 evaluated, 45 expanded
[t=79.1808s, 649788 KB] New best heuristic value for operatorcounting(constraint_generators=[pho_constraints(patterns=systematic(2))],use_integer_operator_counts=false,transform=adapt_costs(cost_type=one)): 78
[t=79.1808s, 649788 KB] g=6, 66 evaluated, 46 expanded
[t=154.163s, 649788 KB] New best heuristic value for operatorcounting(constraint_generators=[pho_constraints(patterns=systematic(2))],use_integer_operator_counts=false,transform=adapt_costs(cost_type=one)): 77
[t=154.163s, 649788 KB] g=10, 579 evaluated, 530 expanded
[t=154.294s, 649788 KB] New best heuristic value for operatorcounting(constraint_generators=[pho_constraints(patterns=systematic(2))],use_integer_operator_counts=false,transform=adapt_costs(cost_type=one)): 76
[t=154.294s, 649788 KB] g=10, 580 evaluated, 531 expanded
[t=156.9s, 649788 KB] New best heuristic value for operatorcounting(constraint_generators=[pho_constraints(patterns=systematic(2))],use_integer_operator_counts=false,transform=adapt_costs(cost_type=one)): 75
[t=156.9s, 649788 KB] g=11, 601 evaluated, 545 expanded
[t=157.016s, 649788 KB] New best heuristic value for operatorcounting(constraint_generators=[pho_constraints(patterns=systematic(2))],use_integer_operator_counts=false,transform=adapt_costs(cost_type=one)): 74
[t=157.016s, 649788 KB] g=11, 602 evaluated, 546 expanded
[t=159.54s, 649788 KB] New best heuristic value for operatorcounting(constraint_generators=[pho_constraints(patterns=systematic(2))],use_integer_operator_counts=false,transform=adapt_costs(cost_type=one)): 73
[t=159.54s, 649788 KB] g=12, 622 evaluated, 559 expanded
[t=159.66s, 649788 KB] New best heuristic value for operatorcounting(constraint_generators=[pho_constraints(patterns=systematic(2))],use_integer_operator_counts=false,transform=adapt_costs(cost_type=one)): 72
[t=159.66s, 649788 KB] g=12, 623 evaluated, 560 expanded
[t=160.056s, 649788 KB] New best heuristic value for operatorcounting(constraint_generators=[pho_constraints(patterns=systematic(2))],use_integer_operator_counts=false,transform=adapt_costs(cost_type=one)): 71
[t=160.056s, 649788 KB] g=12, 626 evaluated, 563 expanded
[t=162.476s, 649788 KB] New best heuristic value for operatorcounting(constraint_generators=[pho_constraints(patterns=systematic(2))],use_integer_operator_counts=false,transform=adapt_costs(cost_type=one)): 70
[t=162.476s, 649788 KB] g=14, 646 evaluated, 578 expanded
[t=163.501s, 649788 KB] New best heuristic value for operatorcounting(constraint_generators=[pho_constraints(patterns=systematic(2))],use_integer_operator_counts=false,transform=adapt_costs(cost_type=one)): 69
[t=163.501s, 649788 KB] g=14, 653 evaluated, 579 expanded
[t=163.649s, 649788 KB] New best heuristic value for operatorcounting(constraint_generators=[pho_constraints(patterns=systematic(2))],use_integer_operator_counts=false,transform=adapt_costs(cost_type=one)): 68
[t=163.649s, 649788 KB] g=14, 654 evaluated, 580 expanded
[t=163.792s, 649788 KB] New best heuristic value for operatorcounting(constraint_generators=[pho_constraints(patterns=systematic(2))],use_integer_operator_counts=false,transform=adapt_costs(cost_type=one)): 67
[t=163.792s, 649788 KB] g=14, 655 evaluated, 581 expanded
[t=163.916s, 649788 KB] New best heuristic value for operatorcounting(constraint_generators=[pho_constraints(patterns=systematic(2))],use_integer_operator_counts=false,transform=adapt_costs(cost_type=one)): 66
[t=163.916s, 649788 KB] g=14, 656 evaluated, 582 expanded
[t=164.044s, 649788 KB] New best heuristic value for operatorcounting(constraint_generators=[pho_constraints(patterns=systematic(2))],use_integer_operator_counts=false,transform=adapt_costs(cost_type=one)): 65
[t=164.044s, 649788 KB] g=14, 657 evaluated, 583 expanded
[t=164.192s, 649788 KB] New best heuristic value for operatorcounting(constraint_generators=[pho_constraints(patterns=systematic(2))],use_integer_operator_counts=false,transform=adapt_costs(cost_type=one)): 64
[t=164.192s, 649788 KB] g=14, 658 evaluated, 584 expanded
[t=167.509s, 649788 KB] New best heuristic value for operatorcounting(constraint_generators=[pho_constraints(patterns=systematic(2))],use_integer_operator_counts=false,transform=adapt_costs(cost_type=one)): 63
[t=167.509s, 649788 KB] g=15, 681 evaluated, 600 expanded
[t=167.653s, 649788 KB] New best heuristic value for operatorcounting(constraint_generators=[pho_constraints(patterns=systematic(2))],use_integer_operator_counts=false,transform=adapt_costs(cost_type=one)): 62
[t=167.653s, 649788 KB] g=15, 682 evaluated, 601 expanded
[t=170.577s, 649788 KB] New best heuristic value for operatorcounting(constraint_generators=[pho_constraints(patterns=systematic(2))],use_integer_operator_counts=false,transform=adapt_costs(cost_type=one)): 61
[t=170.577s, 649788 KB] g=16, 703 evaluated, 614 expanded
[t=170.697s, 649788 KB] New best heuristic value for operatorcounting(constraint_generators=[pho_constraints(patterns=systematic(2))],use_integer_operator_counts=false,transform=adapt_costs(cost_type=one)): 60
[t=170.697s, 649788 KB] g=16, 704 evaluated, 615 expanded
[t=173.054s, 649788 KB] New best heuristic value for operatorcounting(constraint_generators=[pho_constraints(patterns=systematic(2))],use_integer_operator_counts=false,transform=adapt_costs(cost_type=one)): 59
[t=173.054s, 649788 KB] g=17, 721 evaluated, 625 expanded
[t=173.173s, 649788 KB] New best heuristic value for operatorcounting(constraint_generators=[pho_constraints(patterns=systematic(2))],use_integer_operator_counts=false,transform=adapt_costs(cost_type=one)): 58
[t=173.173s, 649788 KB] g=17, 722 evaluated, 626 expanded
[t=176.468s, 649788 KB] New best heuristic value for operatorcounting(constraint_generators=[pho_constraints(patterns=systematic(2))],use_integer_operator_counts=false,transform=adapt_costs(cost_type=one)): 57
[t=176.468s, 649788 KB] g=18, 745 evaluated, 642 expanded
[t=176.614s, 649788 KB] New best heuristic value for operatorcounting(constraint_generators=[pho_constraints(patterns=systematic(2))],use_integer_operator_counts=false,transform=adapt_costs(cost_type=one)): 56
[t=176.614s, 649788 KB] g=18, 746 evaluated, 643 expanded
[t=176.758s, 649788 KB] New best heuristic value for operatorcounting(constraint_generators=[pho_constraints(patterns=systematic(2))],use_integer_operator_counts=false,transform=adapt_costs(cost_type=one)): 55
[t=176.758s, 649788 KB] g=18, 747 evaluated, 644 expanded
[t=176.901s, 649788 KB] New best heuristic value for operatorcounting(constraint_generators=[pho_constraints(patterns=systematic(2))],use_integer_operator_counts=false,transform=adapt_costs(cost_type=one)): 54
[t=176.901s, 649788 KB] g=18, 748 evaluated, 645 expanded
[t=177.021s, 649788 KB] New best heuristic value for operatorcounting(constraint_generators=[pho_constraints(patterns=systematic(2))],use_integer_operator_counts=false,transform=adapt_costs(cost_type=one)): 53
[t=177.021s, 649788 KB] g=18, 749 evaluated, 646 expanded
[t=177.129s, 649788 KB] New best heuristic value for operatorcounting(constraint_generators=[pho_constraints(patterns=systematic(2))],use_integer_operator_counts=false,transform=adapt_costs(cost_type=one)): 52
[t=177.129s, 649788 KB] g=18, 750 evaluated, 647 expanded
[t=278.621s, 649788 KB] New best heuristic value for operatorcounting(constraint_generators=[pho_constraints(patterns=systematic(2))],use_integer_operator_counts=false,transform=adapt_costs(cost_type=one)): 51
[t=278.621s, 649788 KB] g=20, 1435 evaluated, 1237 expanded
[t=280.507s, 649788 KB] New best heuristic value for operatorcounting(constraint_generators=[pho_constraints(patterns=systematic(2))],use_integer_operator_counts=false,transform=adapt_costs(cost_type=one)): 50
[t=280.507s, 649788 KB] g=20, 1448 evaluated, 1244 expanded
[t=280.653s, 649788 KB] New best heuristic value for operatorcounting(constraint_generators=[pho_constraints(patterns=systematic(2))],use_integer_operator_counts=false,transform=adapt_costs(cost_type=one)): 49
[t=280.653s, 649788 KB] g=21, 1449 evaluated, 1245 expanded
[t=284.281s, 649788 KB] New best heuristic value for operatorcounting(constraint_generators=[pho_constraints(patterns=systematic(2))],use_integer_operator_counts=false,transform=adapt_costs(cost_type=one)): 48
[t=284.281s, 649788 KB] g=22, 1474 evaluated, 1255 expanded
[t=287.361s, 649788 KB] New best heuristic value for operatorcounting(constraint_generators=[pho_constraints(patterns=systematic(2))],use_integer_operator_counts=false,transform=adapt_costs(cost_type=one)): 47
[t=287.361s, 649788 KB] g=23, 1495 evaluated, 1268 expanded
[t=290.942s, 649788 KB] New best heuristic value for operatorcounting(constraint_generators=[pho_constraints(patterns=systematic(2))],use_integer_operator_counts=false,transform=adapt_costs(cost_type=one)): 46
[t=290.942s, 649788 KB] g=23, 1520 evaluated, 1273 expanded
[t=296.104s, 649788 KB] New best heuristic value for operatorcounting(constraint_generators=[pho_constraints(patterns=systematic(2))],use_integer_operator_counts=false,transform=adapt_costs(cost_type=one)): 45
[t=296.104s, 649788 KB] g=24, 1556 evaluated, 1290 expanded
[t=296.507s, 649788 KB] New best heuristic value for operatorcounting(constraint_generators=[pho_constraints(patterns=systematic(2))],use_integer_operator_counts=false,transform=adapt_costs(cost_type=one)): 44
[t=296.507s, 649788 KB] g=25, 1559 evaluated, 1291 expanded
[t=321.473s, 649788 KB] New best heuristic value for operatorcounting(constraint_generators=[pho_constraints(patterns=systematic(2))],use_integer_operator_counts=false,transform=adapt_costs(cost_type=one)): 43
[t=321.473s, 649788 KB] g=27, 1733 evaluated, 1362 expanded
[t=323.06s, 649788 KB] New best heuristic value for operatorcounting(constraint_generators=[pho_constraints(patterns=systematic(2))],use_integer_operator_counts=false,transform=adapt_costs(cost_type=one)): 42
[t=323.06s, 649788 KB] g=27, 1744 evaluated, 1367 expanded
[t=323.78s, 649788 KB] New best heuristic value for operatorcounting(constraint_generators=[pho_constraints(patterns=systematic(2))],use_integer_operator_counts=false,transform=adapt_costs(cost_type=one)): 41
[t=323.78s, 649788 KB] g=28, 1749 evaluated, 1368 expanded
[t=324.83s, 649788 KB] New best heuristic value for operatorcounting(constraint_generators=[pho_constraints(patterns=systematic(2))],use_integer_operator_counts=false,transform=adapt_costs(cost_type=one)): 40
[t=324.83s, 649788 KB] g=28, 1758 evaluated, 1371 expanded
[t=324.93s, 649788 KB] New best heuristic value for operatorcounting(constraint_generators=[pho_constraints(patterns=systematic(2))],use_integer_operator_counts=false,transform=adapt_costs(cost_type=one)): 39
[t=324.93s, 649788 KB] g=28, 1759 evaluated, 1372 expanded
[t=325.034s, 649788 KB] New best heuristic value for operatorcounting(constraint_generators=[pho_constraints(patterns=systematic(2))],use_integer_operator_counts=false,transform=adapt_costs(cost_type=one)): 38
[t=325.034s, 649788 KB] g=28, 1760 evaluated, 1373 expanded
[t=325.134s, 649788 KB] New best heuristic value for operatorcounting(constraint_generators=[pho_constraints(patterns=systematic(2))],use_integer_operator_counts=false,transform=adapt_costs(cost_type=one)): 37
[t=325.134s, 649788 KB] g=28, 1761 evaluated, 1374 expanded
[t=325.237s, 649788 KB] New best heuristic value for operatorcounting(constraint_generators=[pho_constraints(patterns=systematic(2))],use_integer_operator_counts=false,transform=adapt_costs(cost_type=one)): 36
[t=325.237s, 649788 KB] g=28, 1762 evaluated, 1375 expanded
[t=329.597s, 649788 KB] New best heuristic value for operatorcounting(constraint_generators=[pho_constraints(patterns=systematic(2))],use_integer_operator_counts=false,transform=adapt_costs(cost_type=one)): 35
[t=329.597s, 649788 KB] g=29, 1797 evaluated, 1385 expanded
[t=334.626s, 649788 KB] New best heuristic value for operatorcounting(constraint_generators=[pho_constraints(patterns=systematic(2))],use_integer_operator_counts=false,transform=adapt_costs(cost_type=one)): 34
[t=334.626s, 649788 KB] g=30, 1837 evaluated, 1397 expanded
[t=340.07s, 649788 KB] New best heuristic value for operatorcounting(constraint_generators=[pho_constraints(patterns=systematic(2))],use_integer_operator_counts=false,transform=adapt_costs(cost_type=one)): 33
[t=340.07s, 649788 KB] g=31, 1880 evaluated, 1410 expanded
[t=340.174s, 649788 KB] New best heuristic value for operatorcounting(constraint_generators=[pho_constraints(patterns=systematic(2))],use_integer_operator_counts=false,transform=adapt_costs(cost_type=one)): 32
[t=340.174s, 649788 KB] g=31, 1881 evaluated, 1411 expanded
[t=340.278s, 649788 KB] New best heuristic value for operatorcounting(constraint_generators=[pho_constraints(patterns=systematic(2))],use_integer_operator_counts=false,transform=adapt_costs(cost_type=one)): 31
[t=340.278s, 649788 KB] g=31, 1882 evaluated, 1412 expanded
[t=340.398s, 649788 KB] New best heuristic value for operatorcounting(constraint_generators=[pho_constraints(patterns=systematic(2))],use_integer_operator_counts=false,transform=adapt_costs(cost_type=one)): 30
[t=340.398s, 649788 KB] g=31, 1883 evaluated, 1413 expanded
[t=340.549s, 649788 KB] New best heuristic value for operatorcounting(constraint_generators=[pho_constraints(patterns=systematic(2))],use_integer_operator_counts=false,transform=adapt_costs(cost_type=one)): 29
[t=340.549s, 649788 KB] g=31, 1884 evaluated, 1414 expanded
[t=340.677s, 649788 KB] New best heuristic value for operatorcounting(constraint_generators=[pho_constraints(patterns=systematic(2))],use_integer_operator_counts=false,transform=adapt_costs(cost_type=one)): 28
[t=340.677s, 649788 KB] g=31, 1885 evaluated, 1415 expanded
[t=340.785s, 649788 KB] New best heuristic value for operatorcounting(constraint_generators=[pho_constraints(patterns=systematic(2))],use_integer_operator_counts=false,transform=adapt_costs(cost_type=one)): 27
[t=340.785s, 649788 KB] g=31, 1886 evaluated, 1416 expanded
[t=341.284s, 649788 KB] New best heuristic value for operatorcounting(constraint_generators=[pho_constraints(patterns=systematic(2))],use_integer_operator_counts=false,transform=adapt_costs(cost_type=one)): 26
[t=341.284s, 649788 KB] g=32, 1890 evaluated, 1417 expanded
[t=344.578s, 649788 KB] New best heuristic value for operatorcounting(constraint_generators=[pho_constraints(patterns=systematic(2))],use_integer_operator_counts=false,transform=adapt_costs(cost_type=one)): 25
[t=344.578s, 649788 KB] g=33, 1917 evaluated, 1423 expanded
[t=401.252s, 649788 KB] New best heuristic value for operatorcounting(constraint_generators=[pho_constraints(patterns=systematic(2))],use_integer_operator_counts=false,transform=adapt_costs(cost_type=one)): 24
[t=401.252s, 649788 KB] g=35, 2334 evaluated, 1590 expanded
[t=406.889s, 649788 KB] New best heuristic value for operatorcounting(constraint_generators=[pho_constraints(patterns=systematic(2))],use_integer_operator_counts=false,transform=adapt_costs(cost_type=one)): 23
[t=406.889s, 649788 KB] g=36, 2379 evaluated, 1596 expanded
[t=412.036s, 649788 KB] New best heuristic value for operatorcounting(constraint_generators=[pho_constraints(patterns=systematic(2))],use_integer_operator_counts=false,transform=adapt_costs(cost_type=one)): 22
[t=412.036s, 649788 KB] g=36, 2427 evaluated, 1597 expanded
[t=412.132s, 649788 KB] New best heuristic value for operatorcounting(constraint_generators=[pho_constraints(patterns=systematic(2))],use_integer_operator_counts=false,transform=adapt_costs(cost_type=one)): 21
[t=412.132s, 649788 KB] g=36, 2428 evaluated, 1598 expanded
[t=412.251s, 649788 KB] New best heuristic value for operatorcounting(constraint_generators=[pho_constraints(patterns=systematic(2))],use_integer_operator_counts=false,transform=adapt_costs(cost_type=one)): 20
[t=412.251s, 649788 KB] g=36, 2429 evaluated, 1599 expanded
[t=412.39s, 649788 KB] New best heuristic value for operatorcounting(constraint_generators=[pho_constraints(patterns=systematic(2))],use_integer_operator_counts=false,transform=adapt_costs(cost_type=one)): 19
[t=412.39s, 649788 KB] g=36, 2430 evaluated, 1600 expanded
[t=412.534s, 649788 KB] New best heuristic value for operatorcounting(constraint_generators=[pho_constraints(patterns=systematic(2))],use_integer_operator_counts=false,transform=adapt_costs(cost_type=one)): 18
[t=412.534s, 649788 KB] g=36, 2431 evaluated, 1601 expanded
[t=412.654s, 649788 KB] New best heuristic value for operatorcounting(constraint_generators=[pho_constraints(patterns=systematic(2))],use_integer_operator_counts=false,transform=adapt_costs(cost_type=one)): 17
[t=412.654s, 649788 KB] g=36, 2432 evaluated, 1602 expanded
[t=412.758s, 649788 KB] New best heuristic value for operatorcounting(constraint_generators=[pho_constraints(patterns=systematic(2))],use_integer_operator_counts=false,transform=adapt_costs(cost_type=one)): 16
[t=412.758s, 649788 KB] g=36, 2433 evaluated, 1603 expanded
[t=412.877s, 649788 KB] New best heuristic value for operatorcounting(constraint_generators=[pho_constraints(patterns=systematic(2))],use_integer_operator_counts=false,transform=adapt_costs(cost_type=one)): 15
[t=412.877s, 649788 KB] g=36, 2434 evaluated, 1604 expanded
[t=413.144s, 649788 KB] New best heuristic value for operatorcounting(constraint_generators=[pho_constraints(patterns=systematic(2))],use_integer_operator_counts=false,transform=adapt_costs(cost_type=one)): 14
[t=413.144s, 649788 KB] g=36, 2436 evaluated, 1606 expanded
[t=413.248s, 649788 KB] New best heuristic value for operatorcounting(constraint_generators=[pho_constraints(patterns=systematic(2))],use_integer_operator_counts=false,transform=adapt_costs(cost_type=one)): 13
[t=413.248s, 649788 KB] g=37, 2437 evaluated, 1607 expanded
[t=417.108s, 649788 KB] New best heuristic value for operatorcounting(constraint_generators=[pho_constraints(patterns=systematic(2))],use_integer_operator_counts=false,transform=adapt_costs(cost_type=one)): 12
[t=417.108s, 649788 KB] g=37, 2467 evaluated, 1611 expanded
[t=684.551s, 649788 KB] New best heuristic value for operatorcounting(constraint_generators=[pho_constraints(patterns=systematic(2))],use_integer_operator_counts=false,transform=adapt_costs(cost_type=one)): 11
[t=684.551s, 649788 KB] g=38, 2511 evaluated, 1626 expanded
[t=929.397s, 649788 KB] New best heuristic value for operatorcounting(constraint_generators=[pho_constraints(patterns=systematic(2))],use_integer_operator_counts=false,transform=adapt_costs(cost_type=one)): 10
[t=929.397s, 649788 KB] g=39, 2552 evaluated, 1629 expanded
[t=929.517s, 649788 KB] New best heuristic value for operatorcounting(constraint_generators=[pho_constraints(patterns=systematic(2))],use_integer_operator_counts=false,transform=adapt_costs(cost_type=one)): 9
[t=929.517s, 649788 KB] g=39, 2553 evaluated, 1630 expanded
[t=929.675s, 649788 KB] New best heuristic value for operatorcounting(constraint_generators=[pho_constraints(patterns=systematic(2))],use_integer_operator_counts=false,transform=adapt_costs(cost_type=one)): 8
[t=929.675s, 649788 KB] g=39, 2554 evaluated, 1631 expanded
[t=929.858s, 649788 KB] New best heuristic value for operatorcounting(constraint_generators=[pho_constraints(patterns=systematic(2))],use_integer_operator_counts=false,transform=adapt_costs(cost_type=one)): 7
[t=929.858s, 649788 KB] g=39, 2555 evaluated, 1632 expanded
[t=930.017s, 649788 KB] New best heuristic value for operatorcounting(constraint_generators=[pho_constraints(patterns=systematic(2))],use_integer_operator_counts=false,transform=adapt_costs(cost_type=one)): 6
[t=930.017s, 649788 KB] g=39, 2556 evaluated, 1633 expanded
[t=930.988s, 649788 KB] New best heuristic value for operatorcounting(constraint_generators=[pho_constraints(patterns=systematic(2))],use_integer_operator_counts=false,transform=adapt_costs(cost_type=one)): 5
[t=930.988s, 649788 KB] g=39, 2557 evaluated, 1634 expanded
[t=1409.37s, 649788 KB] New best heuristic value for operatorcounting(constraint_generators=[pho_constraints(patterns=systematic(2))],use_integer_operator_counts=false,transform=adapt_costs(cost_type=one)): 4
[t=1409.37s, 649788 KB] g=40, 2616 evaluated, 1648 expanded
[t=1409.56s, 649788 KB] New best heuristic value for operatorcounting(constraint_generators=[pho_constraints(patterns=systematic(2))],use_integer_operator_counts=false,transform=adapt_costs(cost_type=one)): 3
[t=1409.56s, 649788 KB] g=40, 2617 evaluated, 1649 expanded
[t=1409.78s, 649788 KB] New best heuristic value for operatorcounting(constraint_generators=[pho_constraints(patterns=systematic(2))],use_integer_operator_counts=false,transform=adapt_costs(cost_type=one)): 2
[t=1409.78s, 649788 KB] g=40, 2618 evaluated, 1650 expanded
[t=1409.96s, 649788 KB] New best heuristic value for operatorcounting(constraint_generators=[pho_constraints(patterns=systematic(2))],use_integer_operator_counts=false,transform=adapt_costs(cost_type=one)): 1
[t=1409.96s, 649788 KB] g=40, 2619 evaluated, 1651 expanded
[t=1410.15s, 649788 KB] New best heuristic value for operatorcounting(constraint_generators=[pho_constraints(patterns=systematic(2))],use_integer_operator_counts=false,transform=adapt_costs(cost_type=one)): 0
[t=1410.15s, 649788 KB] g=40, 2620 evaluated, 1652 expanded
[t=1410.15s, 649788 KB] Solution found!
[t=1410.15s, 649788 KB] Actual search time: 1340.57s
move-to-card card-d0-s0-v6 card-d3-s0-v2 card-d1-s0-v7 pile-5 (1)
change-tableau-and-stop card-d0-s0-v6 pile-4 pile-5 (0)
make-movable-and-stop card-d3-s0-v2 card-d0-s0-v5 (0)
move-to-card card-d1-s0-v6 card-d2-s0-v8 card-d3-s0-v7 pile-2 (1)
change-tableau-and-stop card-d1-s0-v6 pile-3 pile-2 (0)
make-movable-and-stop card-d2-s0-v8 card-d0-s0-v7 (0)
move-to-card card-d3-s0-v1 card-d1-s0-v8 card-d3-s0-v2 pile-4 (1)
change-tableau-and-stop card-d3-s0-v1 pile-1 pile-4 (0)
make-movable-and-stop card-d1-s0-v8 card-d2-s0-v6 (0)
move-to-card card-d3-s0-v7 card-d1-s0-v2 card-d1-s0-v8 pile-1 (1)
change-tableau-and-continue card-d3-s0-v7 pile-2 pile-1 card-d1-s0-v6 (0)
change-tableau-and-stop card-d1-s0-v6 pile-2 pile-1 (0)
make-movable-and-stop card-d1-s0-v2 card-d3-s0-v5 (0)
move-to-card card-d1-s0-v7 card-d1-s0-v1 card-d2-s0-v8 pile-3 (1)
change-tableau-and-continue card-d1-s0-v7 pile-5 pile-3 card-d0-s0-v6 (0)
change-tableau-and-stop card-d0-s0-v6 pile-5 pile-3 (0)
make-movable-and-continue card-d1-s0-v1 card-d0-s0-v2 (0)
make-movable-and-stop card-d0-s0-v2 card-d3-s0-v4 (0)
move-to-card card-d1-s0-v1 card-d0-s0-v2 card-d1-s0-v2 pile-2 (1)
change-tableau-and-stop card-d1-s0-v1 pile-5 pile-2 (0)
start-dealing  (1)
deal-card card-d1-s0-v5 card-d2-s0-v2 deal-0 card-d0-s0-v4 pile-0 (0)
make-unmovable-and-stop-at-unmovable card-d0-s0-v4 card-d1-s0-v4 (0)
deal-card card-d2-s0-v2 card-d3-s0-v6 deal-0 card-d1-s0-v6 pile-1 (0)
make-unmovable-and-continue card-d1-s0-v6 card-d3-s0-v7 (0)
make-unmovable-and-continue card-d3-s0-v7 card-d1-s0-v8 (0)
make-unmovable-and-stop-at-unmovable card-d1-s0-v8 card-d2-s0-v6 (0)
deal-card card-d3-s0-v6 card-d3-s0-v3 deal-0 card-d1-s0-v1 pile-2 (0)
make-unmovable-and-continue card-d1-s0-v1 card-d1-s0-v2 (0)
make-unmovable-and-stop-at-unmovable card-d1-s0-v2 card-d3-s0-v5 (0)
deal-card card-d3-s0-v3 card-d2-s0-v7 deal-0 card-d0-s0-v6 pile-3 (0)
make-unmovable-and-continue card-d0-s0-v6 card-d1-s0-v7 (0)
make-unmovable-and-continue card-d1-s0-v7 card-d2-s0-v8 (0)
make-unmovable-and-stop-at-unmovable card-d2-s0-v8 card-d0-s0-v7 (0)
deal-card card-d2-s0-v7 card-d0-s0-v3 deal-0 card-d3-s0-v1 pile-4 (0)
make-unmovable-and-continue card-d3-s0-v1 card-d3-s0-v2 (0)
make-unmovable-and-stop-at-unmovable card-d3-s0-v2 card-d0-s0-v5 (0)
deal-card card-d0-s0-v3 deal-0 deal-0 card-d0-s0-v2 pile-5 (0)
make-unmovable-and-stop-at-unmovable card-d0-s0-v2 card-d3-s0-v4 (0)
finish-dealing deal-0 deal-1 (0)
move-to-card card-d1-s0-v5 card-d0-s0-v4 card-d3-s0-v6 pile-2 (1)
change-tableau-and-stop card-d1-s0-v5 pile-0 pile-2 (0)
make-movable-and-stop card-d0-s0-v4 card-d1-s0-v4 (0)
move-to-card card-d0-s0-v4 card-d1-s0-v4 card-d1-s0-v5 pile-2 (1)
change-tableau-and-stop card-d0-s0-v4 pile-0 pile-2 (0)
make-movable-and-stop card-d1-s0-v4 card-d3-s0-v0 (0)
move-to-card card-d0-s0-v3 card-d0-s0-v2 card-d0-s0-v4 pile-2 (1)
change-tableau-and-stop card-d0-s0-v3 pile-5 pile-2 (0)
make-movable-and-stop card-d0-s0-v2 card-d3-s0-v4 (0)
move-to-card card-d0-s0-v2 card-d3-s0-v4 card-d0-s0-v3 pile-2 (1)
change-tableau-and-stop card-d0-s0-v2 pile-5 pile-2 (0)
make-movable-and-stop card-d3-s0-v4 pile-5 (0)
start-dealing  (1)
deal-card card-d1-s0-v3 card-d0-s0-v8 deal-1 card-d1-s0-v4 pile-0 (0)
deal-card card-d0-s0-v8 card-d0-s0-v1 deal-1 card-d2-s0-v2 pile-1 (0)
make-unmovable-and-stop-at-unmovable card-d2-s0-v2 card-d1-s0-v6 (0)
deal-card card-d0-s0-v1 card-d3-s0-v8 deal-1 card-d0-s0-v2 pile-2 (0)
deal-card card-d3-s0-v8 card-d2-s0-v0 deal-1 card-d3-s0-v3 pile-3 (0)
make-unmovable-and-stop-at-unmovable card-d3-s0-v3 card-d0-s0-v6 (0)
deal-card card-d2-s0-v0 card-d2-s0-v4 deal-1 card-d2-s0-v7 pile-4 (0)
make-unmovable-and-stop-at-unmovable card-d2-s0-v7 card-d3-s0-v1 (0)
deal-card card-d2-s0-v4 deal-1 deal-1 card-d3-s0-v4 pile-5 (0)
make-unmovable-and-stop-at-tableau card-d3-s0-v4 pile-5 (0)
finish-dealing deal-1 deal-2 (0)
move-to-card card-d2-s0-v0 card-d2-s0-v7 card-d0-s0-v1 pile-2 (1)
change-tableau-and-stop card-d2-s0-v0 pile-4 pile-2 (0)
make-movable-and-stop card-d2-s0-v7 card-d3-s0-v1 (0)
move-to-card card-d2-s0-v7 card-d3-s0-v1 card-d0-s0-v8 pile-1 (1)
change-tableau-and-stop card-d2-s0-v7 pile-4 pile-1 (0)
make-movable-and-continue card-d3-s0-v1 card-d3-s0-v2 (0)
make-movable-and-stop card-d3-s0-v2 card-d0-s0-v5 (0)
move-to-card card-d3-s0-v2 card-d0-s0-v5 card-d1-s0-v3 pile-0 (1)
change-tableau-and-continue card-d3-s0-v2 pile-4 pile-0 card-d3-s0-v1 (0)
change-tableau-and-stop card-d3-s0-v1 pile-4 pile-0 (0)
make-movable-and-stop card-d0-s0-v5 card-d2-s0-v1 (0)
move-to-card card-d2-s0-v4 card-d3-s0-v4 card-d0-s0-v5 pile-4 (1)
change-tableau-and-stop card-d2-s0-v4 pile-5 pile-4 (0)
make-movable-and-stop card-d3-s0-v4 pile-5 (0)
move-to-card card-d3-s0-v6 card-d1-s0-v1 card-d2-s0-v7 pile-1 (1)
change-tableau-and-continue card-d3-s0-v6 pile-2 pile-1 card-d1-s0-v5 (0)
change-tableau-and-continue card-d1-s0-v5 pile-2 pile-1 card-d0-s0-v4 (0)
change-tableau-and-continue card-d0-s0-v4 pile-2 pile-1 card-d0-s0-v3 (0)
change-tableau-and-continue card-d0-s0-v3 pile-2 pile-1 card-d0-s0-v2 (0)
change-tableau-and-continue card-d0-s0-v2 pile-2 pile-1 card-d0-s0-v1 (0)
change-tableau-and-continue card-d0-s0-v1 pile-2 pile-1 card-d2-s0-v0 (0)
change-tableau-and-stop card-d2-s0-v0 pile-2 pile-1 (0)
make-movable-and-continue card-d1-s0-v1 card-d1-s0-v2 (0)
make-movable-and-stop card-d1-s0-v2 card-d3-s0-v5 (0)
move-to-card card-d2-s0-v7 card-d0-s0-v8 card-d3-s0-v8 pile-3 (1)
change-tableau-and-continue card-d2-s0-v7 pile-1 pile-3 card-d3-s0-v6 (0)
change-tableau-and-continue card-d3-s0-v6 pile-1 pile-3 card-d1-s0-v5 (0)
change-tableau-and-continue card-d1-s0-v5 pile-1 pile-3 card-d0-s0-v4 (0)
change-tableau-and-continue card-d0-s0-v4 pile-1 pile-3 card-d0-s0-v3 (0)
change-tableau-and-continue card-d0-s0-v3 pile-1 pile-3 card-d0-s0-v2 (0)
change-tableau-and-continue card-d0-s0-v2 pile-1 pile-3 card-d0-s0-v1 (0)
change-tableau-and-continue card-d0-s0-v1 pile-1 pile-3 card-d2-s0-v0 (0)
change-tableau-and-stop card-d2-s0-v0 pile-1 pile-3 (0)
start-collecting-deck card-d2-s0-v0 (1)
collect-card card-d2-s0-v0 card-d0-s0-v1 pile-3 (0)
collect-card card-d0-s0-v1 card-d0-s0-v2 pile-3 (0)
collect-card card-d0-s0-v2 card-d0-s0-v3 pile-3 (0)
collect-card card-d0-s0-v3 card-d0-s0-v4 pile-3 (0)
collect-card card-d0-s0-v4 card-d1-s0-v5 pile-3 (0)
collect-card card-d1-s0-v5 card-d3-s0-v6 pile-3 (0)
collect-card card-d3-s0-v6 card-d2-s0-v7 pile-3 (0)
collect-card card-d2-s0-v7 card-d3-s0-v8 pile-3 (0)
finish-collecting-deck card-d3-s0-v8 card-d3-s0-v3 pile-3 (0)
make-movable-and-stop card-d3-s0-v3 card-d0-s0-v6 (0)
move-to-card card-d1-s0-v2 card-d3-s0-v5 card-d3-s0-v3 pile-3 (1)
change-tableau-and-continue card-d1-s0-v2 pile-2 pile-3 card-d1-s0-v1 (0)
change-tableau-and-stop card-d1-s0-v1 pile-2 pile-3 (0)
make-movable-and-stop card-d3-s0-v5 card-d2-s0-v5 (0)
move-to-card card-d3-s0-v4 pile-5 card-d3-s0-v5 pile-2 (1)
change-tableau-and-stop card-d3-s0-v4 pile-5 pile-2 (0)
make-movable-ignore-pile pile-5 (0)
move-to-card card-d3-s0-v3 card-d0-s0-v6 card-d3-s0-v4 pile-2 (1)
change-tableau-and-continue card-d3-s0-v3 pile-3 pile-2 card-d1-s0-v2 (0)
change-tableau-and-continue card-d1-s0-v2 pile-3 pile-2 card-d1-s0-v1 (0)
change-tableau-and-stop card-d1-s0-v1 pile-3 pile-2 (0)
make-movable-and-continue card-d0-s0-v6 card-d1-s0-v7 (0)
make-movable-and-continue card-d1-s0-v7 card-d2-s0-v8 (0)
make-movable-and-stop card-d2-s0-v8 card-d0-s0-v7 (0)
move-to-card card-d0-s0-v5 card-d2-s0-v1 card-d0-s0-v6 pile-3 (1)
change-tableau-and-continue card-d0-s0-v5 pile-4 pile-3 card-d2-s0-v4 (0)
change-tableau-and-stop card-d2-s0-v4 pile-4 pile-3 (0)
make-movable-and-stop card-d2-s0-v1 pile-4 (0)
move-to-tableau card-d0-s0-v8 card-d2-s0-v2 pile-5 (1)
change-tableau-and-stop card-d0-s0-v8 pile-1 pile-5 (0)
make-movable-and-stop card-d2-s0-v2 card-d1-s0-v6 (0)
move-to-card card-d2-s0-v1 pile-4 card-d2-s0-v2 pile-1 (1)
change-tableau-and-stop card-d2-s0-v1 pile-4 pile-1 (0)
make-movable-ignore-pile pile-4 (0)
move-to-tableau card-d1-s0-v4 card-d3-s0-v0 pile-4 (1)
change-tableau-and-continue card-d1-s0-v4 pile-0 pile-4 card-d1-s0-v3 (0)
change-tableau-and-continue card-d1-s0-v3 pile-0 pile-4 card-d3-s0-v2 (0)
change-tableau-and-continue card-d3-s0-v2 pile-0 pile-4 card-d3-s0-v1 (0)
change-tableau-and-stop card-d3-s0-v1 pile-0 pile-4 (0)
make-movable-and-stop card-d3-s0-v0 card-d2-s0-v3 (0)
move-to-card card-d3-s0-v0 card-d2-s0-v3 card-d1-s0-v1 pile-2 (1)
change-tableau-and-stop card-d3-s0-v0 pile-0 pile-2 (0)
make-movable-and-stop card-d2-s0-v3 pile-0 (0)
move-to-card card-d2-s0-v3 pile-0 card-d2-s0-v4 pile-3 (1)
change-tableau-and-stop card-d2-s0-v3 pile-0 pile-3 (0)
make-movable-ignore-pile pile-0 (0)
move-to-card card-d2-s0-v2 card-d1-s0-v6 card-d2-s0-v3 pile-3 (1)
change-tableau-and-continue card-d2-s0-v2 pile-1 pile-3 card-d2-s0-v1 (0)
change-tableau-and-stop card-d2-s0-v1 pile-1 pile-3 (0)
make-movable-and-continue card-d1-s0-v6 card-d3-s0-v7 (0)
make-movable-and-continue card-d3-s0-v7 card-d1-s0-v8 (0)
make-movable-and-stop card-d1-s0-v8 card-d2-s0-v6 (0)
move-to-card card-d3-s0-v5 card-d2-s0-v5 card-d1-s0-v6 pile-1 (1)
change-tableau-and-continue card-d3-s0-v5 pile-2 pile-1 card-d3-s0-v4 (0)
change-tableau-and-continue card-d3-s0-v4 pile-2 pile-1 card-d3-s0-v3 (0)
change-tableau-and-continue card-d3-s0-v3 pile-2 pile-1 card-d1-s0-v2 (0)
change-tableau-and-continue card-d1-s0-v2 pile-2 pile-1 card-d1-s0-v1 (0)
change-tableau-and-continue card-d1-s0-v1 pile-2 pile-1 card-d3-s0-v0 (0)
change-tableau-and-stop card-d3-s0-v0 pile-2 pile-1 (0)
make-movable-and-stop card-d2-s0-v5 pile-2 (0)
start-collecting-deck card-d3-s0-v0 (1)
collect-card card-d3-s0-v0 card-d1-s0-v1 pile-1 (0)
collect-card card-d1-s0-v1 card-d1-s0-v2 pile-1 (0)
collect-card card-d1-s0-v2 card-d3-s0-v3 pile-1 (0)
collect-card card-d3-s0-v3 card-d3-s0-v4 pile-1 (0)
collect-card card-d3-s0-v4 card-d3-s0-v5 pile-1 (0)
collect-card card-d3-s0-v5 card-d1-s0-v6 pile-1 (0)
collect-card card-d1-s0-v6 card-d3-s0-v7 pile-1 (0)
collect-card card-d3-s0-v7 card-d1-s0-v8 pile-1 (0)
finish-collecting-deck card-d1-s0-v8 card-d2-s0-v6 pile-1 (0)
make-movable-and-stop card-d2-s0-v6 card-d0-s0-v0 (0)
move-to-card card-d2-s0-v5 pile-2 card-d2-s0-v6 pile-1 (1)
change-tableau-and-stop card-d2-s0-v5 pile-2 pile-1 (0)
make-movable-ignore-pile pile-2 (0)
move-to-card card-d1-s0-v4 pile-4 card-d2-s0-v5 pile-1 (1)
change-tableau-and-continue card-d1-s0-v4 pile-4 pile-1 card-d1-s0-v3 (0)
change-tableau-and-continue card-d1-s0-v3 pile-4 pile-1 card-d3-s0-v2 (0)
change-tableau-and-continue card-d3-s0-v2 pile-4 pile-1 card-d3-s0-v1 (0)
change-tableau-and-stop card-d3-s0-v1 pile-4 pile-1 (0)
make-movable-ignore-pile pile-4 (0)
move-to-tableau card-d2-s0-v6 card-d0-s0-v0 pile-0 (1)
change-tableau-and-continue card-d2-s0-v6 pile-1 pile-0 card-d2-s0-v5 (0)
change-tableau-and-continue card-d2-s0-v5 pile-1 pile-0 card-d1-s0-v4 (0)
change-tableau-and-continue card-d1-s0-v4 pile-1 pile-0 card-d1-s0-v3 (0)
change-tableau-and-continue card-d1-s0-v3 pile-1 pile-0 card-d3-s0-v2 (0)
change-tableau-and-continue card-d3-s0-v2 pile-1 pile-0 card-d3-s0-v1 (0)
change-tableau-and-stop card-d3-s0-v1 pile-1 pile-0 (0)
make-movable-and-stop card-d0-s0-v0 pile-1 (0)
move-to-card card-d0-s0-v0 pile-1 card-d2-s0-v1 pile-3 (1)
change-tableau-and-stop card-d0-s0-v0 pile-1 pile-3 (0)
make-movable-ignore-pile pile-1 (0)
start-collecting-deck card-d0-s0-v0 (1)
collect-card card-d0-s0-v0 card-d2-s0-v1 pile-3 (0)
collect-card card-d2-s0-v1 card-d2-s0-v2 pile-3 (0)
collect-card card-d2-s0-v2 card-d2-s0-v3 pile-3 (0)
collect-card card-d2-s0-v3 card-d2-s0-v4 pile-3 (0)
collect-card card-d2-s0-v4 card-d0-s0-v5 pile-3 (0)
collect-card card-d0-s0-v5 card-d0-s0-v6 pile-3 (0)
collect-card card-d0-s0-v6 card-d1-s0-v7 pile-3 (0)
collect-card card-d1-s0-v7 card-d2-s0-v8 pile-3 (0)
finish-collecting-deck card-d2-s0-v8 card-d0-s0-v7 pile-3 (0)
make-movable-and-stop card-d0-s0-v7 card-d1-s0-v0 (0)
move-to-card card-d0-s0-v7 card-d1-s0-v0 card-d0-s0-v8 pile-5 (1)
change-tableau-and-stop card-d0-s0-v7 pile-3 pile-5 (0)
make-movable-and-stop card-d1-s0-v0 pile-3 (0)
move-to-card card-d1-s0-v0 pile-3 card-d3-s0-v1 pile-0 (1)
change-tableau-and-stop card-d1-s0-v0 pile-3 pile-0 (0)
make-movable-ignore-pile pile-3 (0)
move-to-card card-d2-s0-v6 pile-0 card-d0-s0-v7 pile-5 (1)
change-tableau-and-continue card-d2-s0-v6 pile-0 pile-5 card-d2-s0-v5 (0)
change-tableau-and-continue card-d2-s0-v5 pile-0 pile-5 card-d1-s0-v4 (0)
change-tableau-and-continue card-d1-s0-v4 pile-0 pile-5 card-d1-s0-v3 (0)
change-tableau-and-continue card-d1-s0-v3 pile-0 pile-5 card-d3-s0-v2 (0)
change-tableau-and-continue card-d3-s0-v2 pile-0 pile-5 card-d3-s0-v1 (0)
change-tableau-and-continue card-d3-s0-v1 pile-0 pile-5 card-d1-s0-v0 (0)
change-tableau-and-stop card-d1-s0-v0 pile-0 pile-5 (0)
make-movable-ignore-pile pile-0 (0)
start-collecting-deck card-d1-s0-v0 (1)
collect-card card-d1-s0-v0 card-d3-s0-v1 pile-5 (0)
collect-card card-d3-s0-v1 card-d3-s0-v2 pile-5 (0)
collect-card card-d3-s0-v2 card-d1-s0-v3 pile-5 (0)
collect-card card-d1-s0-v3 card-d1-s0-v4 pile-5 (0)
collect-card card-d1-s0-v4 card-d2-s0-v5 pile-5 (0)
collect-card card-d2-s0-v5 card-d2-s0-v6 pile-5 (0)
collect-card card-d2-s0-v6 card-d0-s0-v7 pile-5 (0)
collect-card card-d0-s0-v7 card-d0-s0-v8 pile-5 (0)
finish-collecting-deck card-d0-s0-v8 pile-5 pile-5 (0)
[t=1410.15s, 649788 KB] Plan length: 225 step(s).
[t=1410.15s, 649788 KB] Plan cost: 40
[t=1410.15s, 649788 KB] Expanded 1653 state(s).
[t=1410.15s, 649788 KB] Reopened 0 state(s).
[t=1410.15s, 649788 KB] Evaluated 2620 state(s).
[t=1410.15s, 649788 KB] Evaluations: 2620
[t=1410.15s, 649788 KB] Generated 2771 state(s).
[t=1410.15s, 649788 KB] Dead ends: 0 state(s).
[t=1410.15s, 649788 KB] Number of registered states: 2620
[t=1410.15s, 649788 KB] Int hash set load factor: 2620/4096 = 0.639648
[t=1410.15s, 649788 KB] Int hash set resizes: 12
[t=1410.15s, 649788 KB] Search time: 1341.56s
[t=1410.15s, 649788 KB] Total time: 1410.15s
Solution found.
Peak memory: 649788 KB
Remove intermediate file output.sas
search exit code: 0

INFO     Running validate.
INFO     validate stdin: None
INFO     validate time limit: None
INFO     validate memory limit: None
INFO     validate command line string: /home/henry/bin/validate domain.pddl problem.pddl sas_plan
Checking plan: sas_plan
Plan executed successfully - checking goal
Plan valid
Final value: 40 

Successful plans:
Value: 40
 sas_plan 40 

validate exit code: 0

INFO     Planner time: 1419.99s
