INFO     planner time limit: 1800s
INFO     planner memory limit: 2048 MB

INFO     Running translator.
INFO     translator stdin: None
INFO     translator time limit: 1799s
INFO     translator memory limit: 2048 MB
INFO     translator command line string: /home/henry/Documents/UFRGS/TCC/downward/.venv/bin/python /home/henry/Documents/UFRGS/TCC/downward/experiments/lab/data/main/code-5bb2ccb6957559b6969ffd7e29254c73f84d5e49_e5e41175/builds/release/bin/translate/translate.py domain.pddl problem.pddl --sas-file output.sas
Parsing...
Parsing: [0.000s CPU, 0.003s wall-clock]
Normalizing task... [0.000s CPU, 0.000s wall-clock]
Instantiating...
Generating Datalog program... [0.000s CPU, 0.001s wall-clock]
Normalizing Datalog program...
Normalizing Datalog program: [0.000s CPU, 0.001s wall-clock]
Preparing model... [0.000s CPU, 0.002s wall-clock]
Generated 26 rules.
Computing model... [0.310s CPU, 0.310s wall-clock]
33824 relevant atoms
25340 auxiliary atoms
59164 final queue length
121054 total queue pushes
Completing instantiation... [1.290s CPU, 1.295s wall-clock]
Instantiating: [1.630s CPU, 1.625s wall-clock]
Computing fact groups...
Finding invariants...
9 initial candidates
Finding invariants: [0.010s CPU, 0.014s wall-clock]
Checking invariant weight... [0.000s CPU, 0.000s wall-clock]
Instantiating groups... [0.010s CPU, 0.003s wall-clock]
Collecting mutex groups... [0.000s CPU, 0.001s wall-clock]
Choosing groups...
0 uncovered facts
Choosing groups: [0.000s CPU, 0.001s wall-clock]
Building translation key... [0.000s CPU, 0.001s wall-clock]
Computing fact groups: [0.020s CPU, 0.025s wall-clock]
Building STRIPS to SAS dictionary... [0.000s CPU, 0.001s wall-clock]
Building dictionary for full mutex groups... [0.000s CPU, 0.000s wall-clock]
Building mutex information...
Building mutex information: [0.000s CPU, 0.000s wall-clock]
Translating task...
Processing axioms...
Simplifying axioms... [0.000s CPU, 0.000s wall-clock]
Translator axioms removed by simplifying: 0
Computing negative axioms... [0.000s CPU, 0.000s wall-clock]
Processing axioms: [0.060s CPU, 0.052s wall-clock]
Translating task: [0.900s CPU, 0.898s wall-clock]
0 effect conditions simplified
0 implied preconditions added
Detecting unreachable propositions...
0 operators removed
0 axioms removed
26 propositions removed
Detecting unreachable propositions: [0.600s CPU, 0.612s wall-clock]
Reordering and filtering variables...
26 of 26 variables necessary.
0 of 26 mutex groups necessary.
32040 of 32040 operators necessary.
0 of 0 axiom rules necessary.
Reordering and filtering variables: [0.100s CPU, 0.103s wall-clock]
Translator variables: 26
Translator derived variables: 0
Translator facts: 1280
Translator goal facts: 18
Translator mutex groups: 0
Translator total mutex groups size: 0
Translator operators: 32040
Translator axioms: 0
Translator task size: 190756
Translator peak memory: 159068 KB
Writing output... [0.140s CPU, 0.142s wall-clock]
Done! [3.460s CPU, 3.473s wall-clock]
translate exit code: 0

INFO     Running search (release).
INFO     search stdin: output.sas
INFO     search time limit: 1796s
INFO     search memory limit: 2048 MB
INFO     search command line string: /home/henry/Documents/UFRGS/TCC/downward/experiments/lab/data/main/code-5bb2ccb6957559b6969ffd7e29254c73f84d5e49_e5e41175/builds/release/bin/downward --search 'eager_greedy([operatorcounting(constraint_generators=[pho_constraints(patterns=systematic(2))], use_integer_operator_counts=true, transform=adapt_costs(cost_type=ONE))])' --internal-plan-file sas_plan < output.sas
[t=0s, 45596 KB] reading input...
[t=0.0998831s, 55992 KB] done reading input!
[t=0.103738s, 57888 KB] Generating patterns using: systematic pattern collection generator
[t=0.103738s, 57888 KB] building causal graph...done! [t=0.00799883s]
[t=0.111737s, 57888 KB] Found 162 SGA patterns.
[t=0.111737s, 57888 KB] Found 162 interesting patterns.
[t=0.111737s, 57888 KB] systematic pattern collection generator number of patterns: 162
[t=0.111737s, 57888 KB] systematic pattern collection generator total PDB size: 247428
[t=0.111737s, 57888 KB] systematic pattern collection generator computation time: 0.00799883s
[t=0.111737s, 57888 KB] Computing PDBs for pattern collection...
[t=1.17019s, 59776 KB] Done computing PDBs for pattern collection: 1.05845s
[t=1.40192s, 96892 KB] Building successor generator...done!
[t=1.41391s, 96892 KB] peak memory difference for successor generator creation: 0 KB
[t=1.41391s, 96892 KB] time for successor generation creation: 0.0119913s
[t=1.41391s, 96892 KB] Variables: 26
[t=1.41391s, 96892 KB] FactPairs: 1280
[t=1.41391s, 96892 KB] Bytes per state: 20
[t=1.41391s, 96892 KB] Conducting best first search without reopening closed nodes, (real) bound = 2147483647
[t=1.48583s, 124172 KB] New best heuristic value for operatorcounting(constraint_generators=[pho_constraints(patterns=systematic(2))],use_integer_operator_counts=true,transform=adapt_costs(cost_type=one)): 36
[t=1.48583s, 124172 KB] g=0, 1 evaluated, 0 expanded
[t=1.48583s, 124172 KB] Initial heuristic value for operatorcounting(constraint_generators=[pho_constraints(patterns=systematic(2))],use_integer_operator_counts=true,transform=adapt_costs(cost_type=one)): 36
[t=1.48583s, 124172 KB] pruning method: none
[t=26.0232s, 153200 KB] New best heuristic value for operatorcounting(constraint_generators=[pho_constraints(patterns=systematic(2))],use_integer_operator_counts=true,transform=adapt_costs(cost_type=one)): 35
[t=26.0232s, 153200 KB] g=33, 450 evaluated, 58 expanded
[t=26.69s, 153200 KB] New best heuristic value for operatorcounting(constraint_generators=[pho_constraints(patterns=systematic(2))],use_integer_operator_counts=true,transform=adapt_costs(cost_type=one)): 34
[t=26.69s, 153200 KB] g=34, 466 evaluated, 59 expanded
Peak memory: 154640 KB
caught signal 24 -- exiting
Time limit has been reached.
Remove intermediate file output.sas
search exit code: 23

Driver aborting after search
INFO     Planner time: 1796.23s
