INFO     planner time limit: 1800s
INFO     planner memory limit: 2048 MB

INFO     Running translator.
INFO     translator stdin: None
INFO     translator time limit: 1799s
INFO     translator memory limit: 2048 MB
INFO     translator command line string: /home/henry/Documents/UFRGS/TCC/downward/.venv/bin/python /home/henry/Documents/UFRGS/TCC/downward/experiments/lab/data/main/code-5bb2ccb6957559b6969ffd7e29254c73f84d5e49_e5e41175/builds/release/bin/translate/translate.py domain.pddl problem.pddl --sas-file output.sas
Parsing...
Parsing: [0.010s CPU, 0.004s wall-clock]
Normalizing task... [0.000s CPU, 0.000s wall-clock]
Instantiating...
Generating Datalog program... [0.000s CPU, 0.001s wall-clock]
Normalizing Datalog program...
Trivial rules: Converted to facts.
Normalizing Datalog program: [0.000s CPU, 0.003s wall-clock]
Preparing model... [0.010s CPU, 0.003s wall-clock]
Generated 129 rules.
Computing model... [1.350s CPU, 1.365s wall-clock]
106262 relevant atoms
88354 auxiliary atoms
194616 final queue length
639646 total queue pushes
Completing instantiation... [6.450s CPU, 6.453s wall-clock]
Instantiating: [7.850s CPU, 7.867s wall-clock]
Computing fact groups...
Finding invariants...
28 initial candidates
Finding invariants: [0.030s CPU, 0.026s wall-clock]
Checking invariant weight... [0.000s CPU, 0.000s wall-clock]
Instantiating groups... [0.000s CPU, 0.002s wall-clock]
Collecting mutex groups... [0.000s CPU, 0.001s wall-clock]
Choosing groups...
1001 uncovered facts
Choosing groups: [0.000s CPU, 0.002s wall-clock]
Building translation key... [0.000s CPU, 0.003s wall-clock]
Computing fact groups: [0.040s CPU, 0.043s wall-clock]
Building STRIPS to SAS dictionary... [0.000s CPU, 0.001s wall-clock]
Building dictionary for full mutex groups... [0.010s CPU, 0.001s wall-clock]
Building mutex information...
Building mutex information: [0.000s CPU, 0.001s wall-clock]
Translating task...
Processing axioms...
Simplifying axioms... [0.000s CPU, 0.000s wall-clock]
Translator axioms removed by simplifying: 0
Computing negative axioms... [0.000s CPU, 0.000s wall-clock]
Processing axioms: [0.320s CPU, 0.324s wall-clock]
Translating task: [7.290s CPU, 7.306s wall-clock]
160975 effect conditions simplified
0 implied preconditions added
Detecting unreachable propositions...
0 operators removed
0 axioms removed
61 propositions removed
Detecting unreachable propositions: [3.590s CPU, 3.590s wall-clock]
Reordering and filtering variables...
1036 of 1038 variables necessary.
0 of 45 mutex groups necessary.
103363 of 103363 operators necessary.
0 of 0 axiom rules necessary.
Reordering and filtering variables: [1.980s CPU, 1.985s wall-clock]
Translator variables: 1036
Translator derived variables: 0
Translator facts: 3210
Translator goal facts: 54
Translator mutex groups: 0
Translator total mutex groups size: 0
Translator operators: 103363
Translator axioms: 0
Translator task size: 1452601
Translator peak memory: 739900 KB
Writing output... [1.040s CPU, 1.027s wall-clock]
Done! [22.100s CPU, 22.119s wall-clock]
translate exit code: 0

INFO     Running search (release).
INFO     search stdin: output.sas
INFO     search time limit: 1777s
INFO     search memory limit: 2048 MB
INFO     search command line string: /home/henry/Documents/UFRGS/TCC/downward/experiments/lab/data/main/code-5bb2ccb6957559b6969ffd7e29254c73f84d5e49_e5e41175/builds/release/bin/downward --search 'eager_greedy([ff(transform=adapt_costs(cost_type=ONE))])' --internal-plan-file sas_plan < output.sas
[t=0.0021991s, 10544 KB] reading input...
[t=0.61361s, 62212 KB] done reading input!
[t=0.677547s, 109132 KB] Simplifying 576531 unary operators... done! [576531 unary operators]
[t=1.93598s, 167536 KB] time to simplify: 1.25843s
[t=1.97191s, 190412 KB] Initializing additive heuristic...
[t=1.97191s, 190412 KB] Initializing FF heuristic...
[t=1.97191s, 190412 KB] Building successor generator...done!
[t=2.01186s, 190412 KB] peak memory difference for successor generator creation: 0 KB
[t=2.01186s, 190412 KB] time for successor generation creation: 0.0399434s
[t=2.01186s, 190412 KB] Variables: 1036
[t=2.01186s, 190412 KB] FactPairs: 3210
[t=2.01186s, 190412 KB] Bytes per state: 152
[t=2.01186s, 190412 KB] Conducting best first search without reopening closed nodes, (real) bound = 2147483647
[t=2.03981s, 190412 KB] New best heuristic value for ff(transform=adapt_costs(cost_type=one)): 166
[t=2.03981s, 190412 KB] g=0, 1 evaluated, 0 expanded
[t=2.03981s, 190412 KB] Initial heuristic value for ff(transform=adapt_costs(cost_type=one)): 166
[t=2.03981s, 190412 KB] pruning method: none
[t=2.13567s, 190412 KB] New best heuristic value for ff(transform=adapt_costs(cost_type=one)): 149
[t=2.13965s, 190412 KB] g=1, 6 evaluated, 1 expanded
[t=2.21155s, 190412 KB] New best heuristic value for ff(transform=adapt_costs(cost_type=one)): 147
[t=2.21155s, 190412 KB] g=1, 9 evaluated, 4 expanded
[t=3.27807s, 190412 KB] New best heuristic value for ff(transform=adapt_costs(cost_type=one)): 145
[t=3.27807s, 190412 KB] g=4, 60 evaluated, 42 expanded
[t=11.1553s, 190412 KB] New best heuristic value for ff(transform=adapt_costs(cost_type=one)): 144
[t=11.1553s, 190412 KB] g=10, 440 evaluated, 322 expanded
[t=14.6308s, 190412 KB] New best heuristic value for ff(transform=adapt_costs(cost_type=one)): 143
[t=14.6308s, 190412 KB] g=11, 625 evaluated, 420 expanded
[t=14.6508s, 190412 KB] New best heuristic value for ff(transform=adapt_costs(cost_type=one)): 142
[t=14.6508s, 190412 KB] g=11, 626 evaluated, 421 expanded
[t=14.8106s, 190412 KB] New best heuristic value for ff(transform=adapt_costs(cost_type=one)): 141
[t=14.8106s, 190412 KB] g=12, 636 evaluated, 423 expanded
[t=14.8306s, 190412 KB] New best heuristic value for ff(transform=adapt_costs(cost_type=one)): 140
[t=14.8306s, 190412 KB] g=12, 637 evaluated, 424 expanded
[t=54.4077s, 190412 KB] New best heuristic value for ff(transform=adapt_costs(cost_type=one)): 139
[t=54.4077s, 190412 KB] g=13, 2815 evaluated, 1988 expanded
[t=54.6235s, 190412 KB] New best heuristic value for ff(transform=adapt_costs(cost_type=one)): 138
[t=54.6235s, 190412 KB] g=14, 2827 evaluated, 1993 expanded
[t=54.7274s, 190412 KB] New best heuristic value for ff(transform=adapt_costs(cost_type=one)): 137
[t=54.7314s, 190412 KB] g=15, 2832 evaluated, 1994 expanded
[t=54.8472s, 190412 KB] New best heuristic value for ff(transform=adapt_costs(cost_type=one)): 136
[t=54.8472s, 190412 KB] g=15, 2839 evaluated, 1995 expanded
[t=55.047s, 190412 KB] New best heuristic value for ff(transform=adapt_costs(cost_type=one)): 135
[t=55.047s, 190412 KB] g=16, 2849 evaluated, 1997 expanded
[t=55.1229s, 190412 KB] New best heuristic value for ff(transform=adapt_costs(cost_type=one)): 134
[t=55.1229s, 190412 KB] g=16, 2854 evaluated, 1998 expanded
[t=55.1669s, 190412 KB] New best heuristic value for ff(transform=adapt_costs(cost_type=one)): 133
[t=55.1669s, 190412 KB] g=16, 2856 evaluated, 2000 expanded
[t=55.4226s, 190412 KB] New best heuristic value for ff(transform=adapt_costs(cost_type=one)): 132
[t=55.4226s, 190412 KB] g=17, 2870 evaluated, 2002 expanded
[t=55.4426s, 190412 KB] New best heuristic value for ff(transform=adapt_costs(cost_type=one)): 131
[t=55.4426s, 190412 KB] g=17, 2871 evaluated, 2003 expanded
[t=55.4665s, 190412 KB] New best heuristic value for ff(transform=adapt_costs(cost_type=one)): 130
[t=55.4665s, 190412 KB] g=17, 2872 evaluated, 2004 expanded
[t=55.4865s, 190412 KB] New best heuristic value for ff(transform=adapt_costs(cost_type=one)): 129
[t=55.4865s, 190412 KB] g=17, 2873 evaluated, 2005 expanded
[t=55.7582s, 190412 KB] New best heuristic value for ff(transform=adapt_costs(cost_type=one)): 128
[t=55.7582s, 190412 KB] g=18, 2888 evaluated, 2010 expanded
[t=55.7821s, 190412 KB] New best heuristic value for ff(transform=adapt_costs(cost_type=one)): 127
[t=55.7821s, 190412 KB] g=18, 2889 evaluated, 2011 expanded
[t=74.893s, 190412 KB] New best heuristic value for ff(transform=adapt_costs(cost_type=one)): 126
[t=74.893s, 190412 KB] g=22, 3970 evaluated, 2606 expanded
[t=74.909s, 190412 KB] New best heuristic value for ff(transform=adapt_costs(cost_type=one)): 125
[t=74.909s, 190412 KB] g=22, 3971 evaluated, 2607 expanded
[t=76.795s, 190412 KB] New best heuristic value for ff(transform=adapt_costs(cost_type=one)): 124
[t=76.795s, 190412 KB] g=22, 4082 evaluated, 2657 expanded
[t=77.0347s, 190412 KB] New best heuristic value for ff(transform=adapt_costs(cost_type=one)): 123
[t=77.0347s, 190412 KB] g=23, 4097 evaluated, 2662 expanded
[t=77.8059s, 190412 KB] New best heuristic value for ff(transform=adapt_costs(cost_type=one)): 122
[t=77.8059s, 190412 KB] g=26, 4147 evaluated, 2685 expanded
[t=77.8299s, 190412 KB] New best heuristic value for ff(transform=adapt_costs(cost_type=one)): 121
[t=77.8299s, 190412 KB] g=26, 4148 evaluated, 2686 expanded
[t=104.835s, 190412 KB] New best heuristic value for ff(transform=adapt_costs(cost_type=one)): 120
[t=104.835s, 190412 KB] g=32, 5687 evaluated, 3484 expanded
[t=112.034s, 190412 KB] New best heuristic value for ff(transform=adapt_costs(cost_type=one)): 119
[t=112.034s, 190412 KB] g=35, 6086 evaluated, 3721 expanded
[t=112.25s, 190412 KB] New best heuristic value for ff(transform=adapt_costs(cost_type=one)): 118
[t=112.25s, 190412 KB] g=36, 6098 evaluated, 3724 expanded
[t=112.27s, 190412 KB] New best heuristic value for ff(transform=adapt_costs(cost_type=one)): 117
[t=112.27s, 190412 KB] g=36, 6099 evaluated, 3725 expanded
[t=112.953s, 190412 KB] New best heuristic value for ff(transform=adapt_costs(cost_type=one)): 116
[t=112.953s, 190412 KB] g=38, 6138 evaluated, 3744 expanded
[t=146.964s, 190412 KB] New best heuristic value for ff(transform=adapt_costs(cost_type=one)): 115
[t=146.964s, 190412 KB] g=38, 8041 evaluated, 4885 expanded
[t=148.722s, 190412 KB] New best heuristic value for ff(transform=adapt_costs(cost_type=one)): 114
[t=148.722s, 190412 KB] g=40, 8146 evaluated, 4920 expanded
[t=879.269s, 190412 KB] New best heuristic value for ff(transform=adapt_costs(cost_type=one)): 113
[t=879.269s, 190412 KB] g=45, 50779 evaluated, 22706 expanded
[t=917.14s, 190412 KB] New best heuristic value for ff(transform=adapt_costs(cost_type=one)): 112
[t=917.14s, 190412 KB] g=51, 52807 evaluated, 23547 expanded
[t=917.791s, 190412 KB] New best heuristic value for ff(transform=adapt_costs(cost_type=one)): 111
[t=917.791s, 190412 KB] g=52, 52840 evaluated, 23549 expanded
[t=917.811s, 190412 KB] New best heuristic value for ff(transform=adapt_costs(cost_type=one)): 110
[t=917.811s, 190412 KB] g=52, 52841 evaluated, 23550 expanded
[t=919.077s, 190412 KB] New best heuristic value for ff(transform=adapt_costs(cost_type=one)): 109
[t=919.077s, 190412 KB] g=53, 52910 evaluated, 23568 expanded
[t=919.109s, 190412 KB] New best heuristic value for ff(transform=adapt_costs(cost_type=one)): 108
[t=919.109s, 190412 KB] g=53, 52912 evaluated, 23569 expanded
[t=919.129s, 190412 KB] New best heuristic value for ff(transform=adapt_costs(cost_type=one)): 107
[t=919.129s, 190412 KB] g=53, 52913 evaluated, 23570 expanded
Peak memory: 190412 KB
caught signal 24 -- exiting
Time limit has been reached.
Remove intermediate file output.sas
search exit code: 23

Driver aborting after search
INFO     Planner time: 1797.16s
