INFO     planner time limit: 1800s
INFO     planner memory limit: 2048 MB

INFO     Running translator.
INFO     translator stdin: None
INFO     translator time limit: 1799s
INFO     translator memory limit: 2048 MB
INFO     translator command line string: /home/henry/Documents/UFRGS/TCC/downward/.venv/bin/python /home/henry/Documents/UFRGS/TCC/downward/experiments/lab/data/main/code-5bb2ccb6957559b6969ffd7e29254c73f84d5e49_e5e41175/builds/release/bin/translate/translate.py domain.pddl problem.pddl --sas-file output.sas
Parsing...
Parsing: [0.000s CPU, 0.002s wall-clock]
Normalizing task... [0.000s CPU, 0.000s wall-clock]
Instantiating...
Generating Datalog program... [0.000s CPU, 0.001s wall-clock]
Normalizing Datalog program...
Normalizing Datalog program: [0.010s CPU, 0.002s wall-clock]
Preparing model... [0.000s CPU, 0.002s wall-clock]
Generated 46 rules.
Computing model... [0.030s CPU, 0.038s wall-clock]
5156 relevant atoms
3200 auxiliary atoms
8356 final queue length
16334 total queue pushes
Completing instantiation... [0.090s CPU, 0.095s wall-clock]
Instantiating: [0.140s CPU, 0.138s wall-clock]
Computing fact groups...
Finding invariants...
12 initial candidates
Finding invariants: [0.000s CPU, 0.003s wall-clock]
Checking invariant weight... [0.000s CPU, 0.000s wall-clock]
Instantiating groups... [0.010s CPU, 0.002s wall-clock]
Collecting mutex groups... [0.000s CPU, 0.000s wall-clock]
Choosing groups...
0 uncovered facts
Choosing groups: [0.000s CPU, 0.001s wall-clock]
Building translation key... [0.000s CPU, 0.000s wall-clock]
Computing fact groups: [0.010s CPU, 0.007s wall-clock]
Building STRIPS to SAS dictionary... [0.000s CPU, 0.000s wall-clock]
Building dictionary for full mutex groups... [0.000s CPU, 0.000s wall-clock]
Building mutex information...
Building mutex information: [0.000s CPU, 0.000s wall-clock]
Translating task...
Processing axioms...
Simplifying axioms... [0.000s CPU, 0.000s wall-clock]
Translator axioms removed by simplifying: 0
Computing negative axioms... [0.000s CPU, 0.000s wall-clock]
Processing axioms: [0.000s CPU, 0.006s wall-clock]
Translating task: [0.110s CPU, 0.107s wall-clock]
0 effect conditions simplified
0 implied preconditions added
Detecting unreachable propositions...
0 operators removed
0 axioms removed
30 propositions removed
Detecting unreachable propositions: [0.040s CPU, 0.041s wall-clock]
Reordering and filtering variables...
30 of 30 variables necessary.
0 of 30 mutex groups necessary.
4320 of 4320 operators necessary.
0 of 0 axiom rules necessary.
Reordering and filtering variables: [0.010s CPU, 0.013s wall-clock]
Translator variables: 30
Translator derived variables: 0
Translator facts: 508
Translator goal facts: 22
Translator mutex groups: 0
Translator total mutex groups size: 0
Translator operators: 4320
Translator axioms: 0
Translator task size: 25928
Translator peak memory: 49412 KB
Writing output... [0.010s CPU, 0.018s wall-clock]
Done! [0.330s CPU, 0.334s wall-clock]
translate exit code: 0

INFO     Running search (release).
INFO     search stdin: output.sas
INFO     search time limit: 1799s
INFO     search memory limit: 2048 MB
INFO     search command line string: /home/henry/Documents/UFRGS/TCC/downward/experiments/lab/data/main/code-5bb2ccb6957559b6969ffd7e29254c73f84d5e49_e5e41175/builds/release/bin/downward --search 'eager_greedy([operatorcounting(constraint_generators=[pho_constraints(patterns=systematic(2))], use_integer_operator_counts=true, transform=adapt_costs(cost_type=NORMAL))])' --internal-plan-file sas_plan < output.sas
[t=0s, 45596 KB] reading input...
[t=0.0119862s, 46796 KB] done reading input!
[t=0.0142602s, 47548 KB] Generating patterns using: systematic pattern collection generator
[t=0.0142602s, 47548 KB] building causal graph...done! [t=0s]
[t=0.0142602s, 47548 KB] Found 198 SGA patterns.
[t=0.0142602s, 47548 KB] Found 198 interesting patterns.
[t=0.0142602s, 47548 KB] systematic pattern collection generator number of patterns: 198
[t=0.0142602s, 47548 KB] systematic pattern collection generator total PDB size: 21714
[t=0.0142602s, 47548 KB] systematic pattern collection generator computation time: 0s
[t=0.0142602s, 47548 KB] Computing PDBs for pattern collection...
[t=0.138171s, 47580 KB] Done computing PDBs for pattern collection: 0.123911s
[t=0.150166s, 53400 KB] Building successor generator...done!
[t=0.154174s, 53400 KB] peak memory difference for successor generator creation: 0 KB
[t=0.154174s, 53400 KB] time for successor generation creation: 0.00400758s
[t=0.154174s, 53400 KB] Variables: 30
[t=0.154174s, 53400 KB] FactPairs: 508
[t=0.154174s, 53400 KB] Bytes per state: 20
[t=0.154174s, 53400 KB] Conducting best first search without reopening closed nodes, (real) bound = 2147483647
[t=0.158166s, 54232 KB] New best heuristic value for operatorcounting(constraint_generators=[pho_constraints(patterns=systematic(2))],use_integer_operator_counts=true,transform=adapt_costs(cost_type=normal)): 34
[t=0.158166s, 54232 KB] g=0, 1 evaluated, 0 expanded
[t=0.158166s, 54232 KB] Initial heuristic value for operatorcounting(constraint_generators=[pho_constraints(patterns=systematic(2))],use_integer_operator_counts=true,transform=adapt_costs(cost_type=normal)): 34
[t=0.158166s, 54232 KB] pruning method: none
[t=0.166154s, 56228 KB] New best heuristic value for operatorcounting(constraint_generators=[pho_constraints(patterns=systematic(2))],use_integer_operator_counts=true,transform=adapt_costs(cost_type=normal)): 33
[t=0.166154s, 56228 KB] g=6, 4 evaluated, 1 expanded
[t=0.170161s, 56244 KB] New best heuristic value for operatorcounting(constraint_generators=[pho_constraints(patterns=systematic(2))],use_integer_operator_counts=true,transform=adapt_costs(cost_type=normal)): 32
[t=0.170161s, 56244 KB] g=7, 5 evaluated, 1 expanded
[t=0.222112s, 56924 KB] New best heuristic value for operatorcounting(constraint_generators=[pho_constraints(patterns=systematic(2))],use_integer_operator_counts=true,transform=adapt_costs(cost_type=normal)): 31
[t=0.222112s, 56924 KB] g=16, 32 evaluated, 2 expanded
[t=0.22611s, 56924 KB] New best heuristic value for operatorcounting(constraint_generators=[pho_constraints(patterns=systematic(2))],use_integer_operator_counts=true,transform=adapt_costs(cost_type=normal)): 30
[t=0.22611s, 56924 KB] g=15, 33 evaluated, 2 expanded
[t=1.1451s, 56924 KB] New best heuristic value for operatorcounting(constraint_generators=[pho_constraints(patterns=systematic(2))],use_integer_operator_counts=true,transform=adapt_costs(cost_type=normal)): 29
[t=1.1451s, 56924 KB] g=27, 502 evaluated, 31 expanded
Peak memory: 114260 KB
caught signal 24 -- exiting
Time limit has been reached.
Remove intermediate file output.sas
search exit code: 23

Driver aborting after search
INFO     Planner time: 1796.82s
