INFO     planner time limit: 1800s
INFO     planner memory limit: 2048 MB

INFO     Running translator.
INFO     translator stdin: None
INFO     translator time limit: 1799s
INFO     translator memory limit: 2048 MB
INFO     translator command line string: /home/henry/Documents/UFRGS/TCC/downward/.venv/bin/python /home/henry/Documents/UFRGS/TCC/downward/experiments/lab/data/main/code-fa850d1cb8d716322f299a4f9b64478019793ada_e5e41175/builds/release/bin/translate/translate.py domain.pddl problem.pddl --sas-file output.sas
Parsing...
Parsing: [0.000s CPU, 0.004s wall-clock]
Normalizing task... [0.000s CPU, 0.000s wall-clock]
Instantiating...
Generating Datalog program... [0.000s CPU, 0.001s wall-clock]
Normalizing Datalog program...
Normalizing Datalog program: [0.000s CPU, 0.003s wall-clock]
Preparing model... [0.010s CPU, 0.002s wall-clock]
Generated 212 rules.
Computing model... [0.000s CPU, 0.001s wall-clock]
197 relevant atoms
142 auxiliary atoms
339 final queue length
376 total queue pushes
Completing instantiation... [0.000s CPU, 0.001s wall-clock]
Instantiating: [0.010s CPU, 0.007s wall-clock]
Computing fact groups...
Finding invariants...
20 initial candidates
Finding invariants: [0.010s CPU, 0.003s wall-clock]
Checking invariant weight... [0.000s CPU, 0.000s wall-clock]
Instantiating groups... [0.000s CPU, 0.000s wall-clock]
Collecting mutex groups... [0.000s CPU, 0.000s wall-clock]
Choosing groups...
25 uncovered facts
Choosing groups: [0.000s CPU, 0.000s wall-clock]
Building translation key... [0.000s CPU, 0.000s wall-clock]
Computing fact groups: [0.010s CPU, 0.004s wall-clock]
Building STRIPS to SAS dictionary... [0.000s CPU, 0.000s wall-clock]
Building dictionary for full mutex groups... [0.000s CPU, 0.000s wall-clock]
Building mutex information...
Building mutex information: [0.000s CPU, 0.000s wall-clock]
Translating task...
Processing axioms...
Simplifying axioms... [0.000s CPU, 0.000s wall-clock]
Translator axioms removed by simplifying: 0
Computing negative axioms... [0.000s CPU, 0.000s wall-clock]
Processing axioms: [0.000s CPU, 0.000s wall-clock]
Translating task: [0.000s CPU, 0.001s wall-clock]
9 effect conditions simplified
0 implied preconditions added
Detecting unreachable propositions...
0 operators removed
0 axioms removed
7 propositions removed
Detecting unreachable propositions: [0.000s CPU, 0.000s wall-clock]
Reordering and filtering variables...
21 of 23 variables necessary.
0 of 1 mutex groups necessary.
25 of 25 operators necessary.
0 of 0 axiom rules necessary.
Reordering and filtering variables: [0.000s CPU, 0.000s wall-clock]
Translator variables: 21
Translator derived variables: 0
Translator facts: 58
Translator goal facts: 4
Translator mutex groups: 0
Translator total mutex groups size: 0
Translator operators: 25
Translator axioms: 0
Translator task size: 223
Translator peak memory: 32372 KB
Writing output... [0.000s CPU, 0.000s wall-clock]
Done! [0.020s CPU, 0.017s wall-clock]
translate exit code: 0

INFO     Running search (release).
INFO     search stdin: output.sas
INFO     search time limit: 1799s
INFO     search memory limit: 2048 MB
INFO     search command line string: /home/henry/Documents/UFRGS/TCC/downward/experiments/lab/data/main/code-fa850d1cb8d716322f299a4f9b64478019793ada_e5e41175/builds/release/bin/downward --search 'eager_greedy([operatorcounting(constraint_generators=[pho_constraints(patterns=systematic(4))], use_integer_operator_counts=false, transform=adapt_costs(cost_type=NORMAL))])' --internal-plan-file sas_plan < output.sas
[t=0s, 45596 KB] reading input...
[t=0s, 45596 KB] done reading input!
[t=0.00181064s, 45860 KB] Generating patterns using: systematic pattern collection generator
[t=0.00181064s, 45860 KB] building causal graph...done! [t=0s]
[t=0.00181064s, 46004 KB] Found 753 SGA patterns.
[t=0.00181064s, 46004 KB] Found 789 interesting patterns.
[t=0.00181064s, 46004 KB] systematic pattern collection generator number of patterns: 789
[t=0.00181064s, 46004 KB] systematic pattern collection generator total PDB size: 88288
[t=0.00181064s, 46004 KB] systematic pattern collection generator computation time: 0s
[t=0.00181064s, 46004 KB] Computing PDBs for pattern collection...
[t=0.0217774s, 46396 KB] Done computing PDBs for pattern collection: 0.0199667s
[t=0.0257866s, 47072 KB] Building successor generator...done!
[t=0.0257866s, 47072 KB] peak memory difference for successor generator creation: 0 KB
[t=0.0257866s, 47072 KB] time for successor generation creation: 0s
[t=0.0257866s, 47072 KB] Variables: 21
[t=0.0257866s, 47072 KB] FactPairs: 58
[t=0.0257866s, 47072 KB] Bytes per state: 4
[t=0.0257866s, 47072 KB] Conducting best first search without reopening closed nodes, (real) bound = 2147483647
[t=0.0257866s, 47872 KB] New best heuristic value for operatorcounting(constraint_generators=[pho_constraints(patterns=systematic(4))],use_integer_operator_counts=false,transform=adapt_costs(cost_type=normal)): 169009
[t=0.0257866s, 47872 KB] g=0, 1 evaluated, 0 expanded
[t=0.0257866s, 47872 KB] Initial heuristic value for operatorcounting(constraint_generators=[pho_constraints(patterns=systematic(4))],use_integer_operator_counts=false,transform=adapt_costs(cost_type=normal)): 169009
[t=0.0257866s, 47872 KB] pruning method: none
[t=0.0257866s, 47924 KB] New best heuristic value for operatorcounting(constraint_generators=[pho_constraints(patterns=systematic(4))],use_integer_operator_counts=false,transform=adapt_costs(cost_type=normal)): 161009
[t=0.0257866s, 47924 KB] g=8000, 4 evaluated, 2 expanded
[t=0.0257866s, 47924 KB] New best heuristic value for operatorcounting(constraint_generators=[pho_constraints(patterns=systematic(4))],use_integer_operator_counts=false,transform=adapt_costs(cost_type=normal)): 159009
[t=0.0257866s, 47924 KB] g=10000, 5 evaluated, 3 expanded
[t=0.0257866s, 47924 KB] New best heuristic value for operatorcounting(constraint_generators=[pho_constraints(patterns=systematic(4))],use_integer_operator_counts=false,transform=adapt_costs(cost_type=normal)): 45996
[t=0.0257866s, 47924 KB] g=123013, 6 evaluated, 4 expanded
[t=0.029766s, 47924 KB] New best heuristic value for operatorcounting(constraint_generators=[pho_constraints(patterns=systematic(4))],use_integer_operator_counts=false,transform=adapt_costs(cost_type=normal)): 43996
[t=0.029766s, 47924 KB] g=125013, 8 evaluated, 5 expanded
[t=0.029766s, 47924 KB] New best heuristic value for operatorcounting(constraint_generators=[pho_constraints(patterns=systematic(4))],use_integer_operator_counts=false,transform=adapt_costs(cost_type=normal)): 41996
[t=0.029766s, 47924 KB] g=127013, 9 evaluated, 6 expanded
[t=0.029766s, 47924 KB] New best heuristic value for operatorcounting(constraint_generators=[pho_constraints(patterns=systematic(4))],use_integer_operator_counts=false,transform=adapt_costs(cost_type=normal)): 23997
[t=0.029766s, 47924 KB] g=145012, 10 evaluated, 7 expanded
[t=0.029766s, 47924 KB] New best heuristic value for operatorcounting(constraint_generators=[pho_constraints(patterns=systematic(4))],use_integer_operator_counts=false,transform=adapt_costs(cost_type=normal)): 20998
[t=0.029766s, 47924 KB] g=148011, 12 evaluated, 8 expanded
[t=0.029766s, 47924 KB] New best heuristic value for operatorcounting(constraint_generators=[pho_constraints(patterns=systematic(4))],use_integer_operator_counts=false,transform=adapt_costs(cost_type=normal)): 10999
[t=0.029766s, 47924 KB] g=158010, 13 evaluated, 9 expanded
[t=0.029766s, 47924 KB] New best heuristic value for operatorcounting(constraint_generators=[pho_constraints(patterns=systematic(4))],use_integer_operator_counts=false,transform=adapt_costs(cost_type=normal)): 8000
[t=0.029766s, 47924 KB] g=161009, 14 evaluated, 10 expanded
[t=0.029766s, 47924 KB] New best heuristic value for operatorcounting(constraint_generators=[pho_constraints(patterns=systematic(4))],use_integer_operator_counts=false,transform=adapt_costs(cost_type=normal)): 0
[t=0.029766s, 47924 KB] g=169009, 16 evaluated, 11 expanded
[t=0.029766s, 47924 KB] Solution found!
[t=0.029766s, 47924 KB] Actual search time: 0.00397941s
initialize  (0)
blackfeeder-feed-letter sheet1 (8000)
blackcontainer-toime-letter sheet1 (2000)
blackprinter-simplex-letter sheet1 front image-1 (113013)
blackcontainer-fromime-letter sheet1 (2000)
endcap-move-letter sheet1 (2000)
htmoverblack-move-letter sheet1 (17999)
down-movetop-letter sheet1 (2999)
htmovercolor-move-letter sheet1 (9999)
up-movetop-letter sheet1 (2999)
finisher1-stack-letter sheet1 dummy-sheet (8000)
[t=0.029766s, 47924 KB] Plan length: 11 step(s).
[t=0.029766s, 47924 KB] Plan cost: 169009
[t=0.029766s, 47924 KB] Expanded 12 state(s).
[t=0.029766s, 47924 KB] Reopened 0 state(s).
[t=0.029766s, 47924 KB] Evaluated 16 state(s).
[t=0.029766s, 47924 KB] Evaluations: 16
[t=0.029766s, 47924 KB] Generated 15 state(s).
[t=0.029766s, 47924 KB] Dead ends: 3 state(s).
[t=0.029766s, 47924 KB] Number of registered states: 16
[t=0.029766s, 47924 KB] Int hash set load factor: 16/16 = 1
[t=0.029766s, 47924 KB] Int hash set resizes: 4
[t=0.029766s, 47924 KB] Search time: 0.00397941s
[t=0.029766s, 47924 KB] Total time: 0.029766s
Solution found.
Peak memory: 47924 KB
Remove intermediate file output.sas
search exit code: 0

INFO     Running validate.
INFO     validate stdin: None
INFO     validate time limit: None
INFO     validate memory limit: None
INFO     validate command line string: /home/henry/bin/validate domain.pddl problem.pddl sas_plan
Checking plan: sas_plan
Plan executed successfully - checking goal
Plan valid
Final value: 169009 

Successful plans:
Value: 169009
 sas_plan 169009 

validate exit code: 0

INFO     Planner time: 0.10s
