INFO     planner time limit: 1800s
INFO     planner memory limit: 2048 MB

INFO     Running translator.
INFO     translator stdin: None
INFO     translator time limit: 1799s
INFO     translator memory limit: 2048 MB
INFO     translator command line string: /home/henry/Documents/UFRGS/TCC/downward/.venv/bin/python /home/henry/Documents/UFRGS/TCC/downward/experiments/lab/data/main/code-5bb2ccb6957559b6969ffd7e29254c73f84d5e49_e5e41175/builds/release/bin/translate/translate.py domain.pddl problem.pddl --sas-file output.sas
Parsing...
Parsing: [0.010s CPU, 0.004s wall-clock]
Normalizing task... [0.000s CPU, 0.000s wall-clock]
Instantiating...
Generating Datalog program... [0.000s CPU, 0.001s wall-clock]
Normalizing Datalog program...
Normalizing Datalog program: [0.000s CPU, 0.003s wall-clock]
Preparing model... [0.000s CPU, 0.003s wall-clock]
Generated 212 rules.
Computing model... [0.020s CPU, 0.019s wall-clock]
2251 relevant atoms
1986 auxiliary atoms
4237 final queue length
6892 total queue pushes
Completing instantiation... [0.030s CPU, 0.030s wall-clock]
Instantiating: [0.050s CPU, 0.057s wall-clock]
Computing fact groups...
Finding invariants...
20 initial candidates
Finding invariants: [0.010s CPU, 0.003s wall-clock]
Checking invariant weight... [0.000s CPU, 0.000s wall-clock]
Instantiating groups... [0.000s CPU, 0.001s wall-clock]
Collecting mutex groups... [0.000s CPU, 0.000s wall-clock]
Choosing groups...
585 uncovered facts
Choosing groups: [0.000s CPU, 0.000s wall-clock]
Building translation key... [0.000s CPU, 0.002s wall-clock]
Computing fact groups: [0.010s CPU, 0.010s wall-clock]
Building STRIPS to SAS dictionary... [0.000s CPU, 0.000s wall-clock]
Building dictionary for full mutex groups... [0.000s CPU, 0.000s wall-clock]
Building mutex information...
Building mutex information: [0.010s CPU, 0.000s wall-clock]
Translating task...
Processing axioms...
Simplifying axioms... [0.000s CPU, 0.000s wall-clock]
Translator axioms removed by simplifying: 0
Computing negative axioms... [0.000s CPU, 0.000s wall-clock]
Processing axioms: [0.000s CPU, 0.002s wall-clock]
Translating task: [0.040s CPU, 0.044s wall-clock]
1081 effect conditions simplified
0 implied preconditions added
Detecting unreachable propositions...
0 operators removed
0 axioms removed
17 propositions removed
Detecting unreachable propositions: [0.020s CPU, 0.017s wall-clock]
Reordering and filtering variables...
149 of 599 variables necessary.
0 of 15 mutex groups necessary.
1141 of 1141 operators necessary.
0 of 0 axiom rules necessary.
Reordering and filtering variables: [0.010s CPU, 0.009s wall-clock]
Translator variables: 149
Translator derived variables: 0
Translator facts: 538
Translator goal facts: 90
Translator mutex groups: 0
Translator total mutex groups size: 0
Translator operators: 1141
Translator axioms: 0
Translator task size: 8485
Translator peak memory: 39180 KB
Writing output... [0.000s CPU, 0.006s wall-clock]
Done! [0.150s CPU, 0.151s wall-clock]
translate exit code: 0

INFO     Running search (release).
INFO     search stdin: output.sas
INFO     search time limit: 1799s
INFO     search memory limit: 2048 MB
INFO     search command line string: /home/henry/Documents/UFRGS/TCC/downward/experiments/lab/data/main/code-5bb2ccb6957559b6969ffd7e29254c73f84d5e49_e5e41175/builds/release/bin/downward --search 'eager_greedy([operatorcounting(constraint_generators=[pho_constraints(patterns=systematic(4))], use_integer_operator_counts=false, transform=adapt_costs(cost_type=ONE))])' --internal-plan-file sas_plan < output.sas
[t=0s, 45596 KB] reading input...
[t=0.0039838s, 45948 KB] done reading input!
[t=0.00580405s, 46520 KB] Generating patterns using: systematic pattern collection generator
[t=0.00580405s, 46520 KB] building causal graph...done! [t=0s]
[t=0.0257766s, 52580 KB] Found 23674 SGA patterns.
[t=0.465326s, 65564 KB] Found 112865 interesting patterns.
[t=0.545247s, 67440 KB] systematic pattern collection generator number of patterns: 112865
[t=0.545247s, 67440 KB] systematic pattern collection generator total PDB size: 10292196
[t=0.55324s, 67440 KB] systematic pattern collection generator computation time: 0.539443s
[t=0.55324s, 67440 KB] Computing PDBs for pattern collection...
[t=20.4211s, 123692 KB] Done computing PDBs for pattern collection: 19.8679s
[t=22.8427s, 383396 KB] Building successor generator...done!
[t=22.8427s, 383396 KB] peak memory difference for successor generator creation: 0 KB
[t=22.8427s, 383396 KB] time for successor generation creation: 0s
[t=22.8427s, 383396 KB] Variables: 149
[t=22.8427s, 383396 KB] FactPairs: 538
[t=22.8427s, 383396 KB] Bytes per state: 28
[t=22.8427s, 383396 KB] Conducting best first search without reopening closed nodes, (real) bound = 2147483647
[t=23.4738s, 483380 KB] New best heuristic value for operatorcounting(constraint_generators=[pho_constraints(patterns=systematic(4))],use_integer_operator_counts=false,transform=adapt_costs(cost_type=one)): 106
[t=23.4738s, 483380 KB] g=0, 1 evaluated, 0 expanded
[t=23.4738s, 483380 KB] Initial heuristic value for operatorcounting(constraint_generators=[pho_constraints(patterns=systematic(4))],use_integer_operator_counts=false,transform=adapt_costs(cost_type=one)): 106
[t=23.4738s, 483380 KB] pruning method: none
[t=23.6296s, 483380 KB] New best heuristic value for operatorcounting(constraint_generators=[pho_constraints(patterns=systematic(4))],use_integer_operator_counts=false,transform=adapt_costs(cost_type=one)): 105
[t=23.6296s, 483380 KB] g=0, 2 evaluated, 1 expanded
[t=23.7734s, 483380 KB] New best heuristic value for operatorcounting(constraint_generators=[pho_constraints(patterns=systematic(4))],use_integer_operator_counts=false,transform=adapt_costs(cost_type=one)): 104
[t=23.7734s, 483380 KB] g=8000, 3 evaluated, 2 expanded
[t=27.2361s, 483380 KB] New best heuristic value for operatorcounting(constraint_generators=[pho_constraints(patterns=systematic(4))],use_integer_operator_counts=false,transform=adapt_costs(cost_type=one)): 103
[t=27.2361s, 483380 KB] g=10999, 33 evaluated, 3 expanded
[t=30.7527s, 483380 KB] New best heuristic value for operatorcounting(constraint_generators=[pho_constraints(patterns=systematic(4))],use_integer_operator_counts=false,transform=adapt_costs(cost_type=one)): 102
[t=30.7527s, 483380 KB] g=18999, 62 evaluated, 4 expanded
[t=34.2583s, 483380 KB] New best heuristic value for operatorcounting(constraint_generators=[pho_constraints(patterns=systematic(4))],use_integer_operator_counts=false,transform=adapt_costs(cost_type=one)): 101
[t=34.2583s, 483380 KB] g=21998, 91 evaluated, 5 expanded
[t=37.7453s, 483380 KB] New best heuristic value for operatorcounting(constraint_generators=[pho_constraints(patterns=systematic(4))],use_integer_operator_counts=false,transform=adapt_costs(cost_type=one)): 100
[t=37.7453s, 483380 KB] g=29998, 119 evaluated, 6 expanded
[t=41.3052s, 483380 KB] New best heuristic value for operatorcounting(constraint_generators=[pho_constraints(patterns=systematic(4))],use_integer_operator_counts=false,transform=adapt_costs(cost_type=one)): 99
[t=41.3052s, 483380 KB] g=32997, 147 evaluated, 7 expanded
[t=44.8158s, 483380 KB] New best heuristic value for operatorcounting(constraint_generators=[pho_constraints(patterns=systematic(4))],use_integer_operator_counts=false,transform=adapt_costs(cost_type=one)): 98
[t=44.8158s, 483380 KB] g=40997, 174 evaluated, 8 expanded
[t=48.314s, 483380 KB] New best heuristic value for operatorcounting(constraint_generators=[pho_constraints(patterns=systematic(4))],use_integer_operator_counts=false,transform=adapt_costs(cost_type=one)): 97
[t=48.314s, 483380 KB] g=43996, 201 evaluated, 9 expanded
[t=51.8251s, 483380 KB] New best heuristic value for operatorcounting(constraint_generators=[pho_constraints(patterns=systematic(4))],use_integer_operator_counts=false,transform=adapt_costs(cost_type=one)): 96
[t=51.8251s, 483380 KB] g=51996, 227 evaluated, 10 expanded
[t=55.437s, 483380 KB] New best heuristic value for operatorcounting(constraint_generators=[pho_constraints(patterns=systematic(4))],use_integer_operator_counts=false,transform=adapt_costs(cost_type=one)): 95
[t=55.437s, 483380 KB] g=54995, 253 evaluated, 11 expanded
[t=59.0122s, 483380 KB] New best heuristic value for operatorcounting(constraint_generators=[pho_constraints(patterns=systematic(4))],use_integer_operator_counts=false,transform=adapt_costs(cost_type=one)): 94
[t=59.0122s, 483380 KB] g=62995, 278 evaluated, 12 expanded
[t=62.4596s, 483380 KB] New best heuristic value for operatorcounting(constraint_generators=[pho_constraints(patterns=systematic(4))],use_integer_operator_counts=false,transform=adapt_costs(cost_type=one)): 93
[t=62.4596s, 483380 KB] g=65994, 303 evaluated, 13 expanded
[t=65.8111s, 483380 KB] New best heuristic value for operatorcounting(constraint_generators=[pho_constraints(patterns=systematic(4))],use_integer_operator_counts=false,transform=adapt_costs(cost_type=one)): 92
[t=65.8111s, 483380 KB] g=73994, 327 evaluated, 14 expanded
[t=69.2434s, 483380 KB] New best heuristic value for operatorcounting(constraint_generators=[pho_constraints(patterns=systematic(4))],use_integer_operator_counts=false,transform=adapt_costs(cost_type=one)): 91
[t=69.2434s, 483380 KB] g=76993, 351 evaluated, 15 expanded
[t=72.676s, 483380 KB] New best heuristic value for operatorcounting(constraint_generators=[pho_constraints(patterns=systematic(4))],use_integer_operator_counts=false,transform=adapt_costs(cost_type=one)): 90
[t=72.676s, 483380 KB] g=84993, 374 evaluated, 16 expanded
[t=76.1553s, 483380 KB] New best heuristic value for operatorcounting(constraint_generators=[pho_constraints(patterns=systematic(4))],use_integer_operator_counts=false,transform=adapt_costs(cost_type=one)): 89
[t=76.1553s, 483380 KB] g=87992, 397 evaluated, 17 expanded
[t=79.6245s, 483380 KB] New best heuristic value for operatorcounting(constraint_generators=[pho_constraints(patterns=systematic(4))],use_integer_operator_counts=false,transform=adapt_costs(cost_type=one)): 88
[t=79.6245s, 483380 KB] g=95992, 419 evaluated, 18 expanded
[t=83.1579s, 483380 KB] New best heuristic value for operatorcounting(constraint_generators=[pho_constraints(patterns=systematic(4))],use_integer_operator_counts=false,transform=adapt_costs(cost_type=one)): 87
[t=83.1579s, 483380 KB] g=98991, 441 evaluated, 19 expanded
[t=86.6403s, 483380 KB] New best heuristic value for operatorcounting(constraint_generators=[pho_constraints(patterns=systematic(4))],use_integer_operator_counts=false,transform=adapt_costs(cost_type=one)): 86
[t=86.6403s, 483380 KB] g=106991, 462 evaluated, 20 expanded
[t=90.0209s, 483380 KB] New best heuristic value for operatorcounting(constraint_generators=[pho_constraints(patterns=systematic(4))],use_integer_operator_counts=false,transform=adapt_costs(cost_type=one)): 85
[t=90.0209s, 483380 KB] g=109990, 483 evaluated, 21 expanded
[t=93.3773s, 483380 KB] New best heuristic value for operatorcounting(constraint_generators=[pho_constraints(patterns=systematic(4))],use_integer_operator_counts=false,transform=adapt_costs(cost_type=one)): 84
[t=93.3773s, 483380 KB] g=117990, 503 evaluated, 22 expanded
[t=96.7437s, 483380 KB] New best heuristic value for operatorcounting(constraint_generators=[pho_constraints(patterns=systematic(4))],use_integer_operator_counts=false,transform=adapt_costs(cost_type=one)): 83
[t=96.7437s, 483380 KB] g=120989, 523 evaluated, 23 expanded
[t=99.9232s, 483380 KB] New best heuristic value for operatorcounting(constraint_generators=[pho_constraints(patterns=systematic(4))],use_integer_operator_counts=false,transform=adapt_costs(cost_type=one)): 82
[t=99.9232s, 483380 KB] g=128989, 542 evaluated, 24 expanded
[t=103.093s, 483380 KB] New best heuristic value for operatorcounting(constraint_generators=[pho_constraints(patterns=systematic(4))],use_integer_operator_counts=false,transform=adapt_costs(cost_type=one)): 81
[t=103.093s, 483380 KB] g=131988, 561 evaluated, 25 expanded
[t=106.357s, 483380 KB] New best heuristic value for operatorcounting(constraint_generators=[pho_constraints(patterns=systematic(4))],use_integer_operator_counts=false,transform=adapt_costs(cost_type=one)): 80
[t=106.357s, 483380 KB] g=139988, 579 evaluated, 26 expanded
[t=109.806s, 483380 KB] New best heuristic value for operatorcounting(constraint_generators=[pho_constraints(patterns=systematic(4))],use_integer_operator_counts=false,transform=adapt_costs(cost_type=one)): 79
[t=109.806s, 483380 KB] g=142987, 597 evaluated, 27 expanded
[t=113.103s, 483380 KB] New best heuristic value for operatorcounting(constraint_generators=[pho_constraints(patterns=systematic(4))],use_integer_operator_counts=false,transform=adapt_costs(cost_type=one)): 78
[t=113.103s, 483380 KB] g=150987, 614 evaluated, 28 expanded
[t=116.424s, 483380 KB] New best heuristic value for operatorcounting(constraint_generators=[pho_constraints(patterns=systematic(4))],use_integer_operator_counts=false,transform=adapt_costs(cost_type=one)): 77
[t=116.424s, 483380 KB] g=153986, 631 evaluated, 29 expanded
[t=119.512s, 483380 KB] New best heuristic value for operatorcounting(constraint_generators=[pho_constraints(patterns=systematic(4))],use_integer_operator_counts=false,transform=adapt_costs(cost_type=one)): 76
[t=119.512s, 483380 KB] g=161986, 647 evaluated, 30 expanded
[t=122.616s, 483380 KB] New best heuristic value for operatorcounting(constraint_generators=[pho_constraints(patterns=systematic(4))],use_integer_operator_counts=false,transform=adapt_costs(cost_type=one)): 75
[t=122.616s, 483380 KB] g=164985, 663 evaluated, 31 expanded
[t=125.451s, 483380 KB] New best heuristic value for operatorcounting(constraint_generators=[pho_constraints(patterns=systematic(4))],use_integer_operator_counts=false,transform=adapt_costs(cost_type=one)): 74
[t=125.451s, 483380 KB] g=172985, 678 evaluated, 32 expanded
[t=128.279s, 483380 KB] New best heuristic value for operatorcounting(constraint_generators=[pho_constraints(patterns=systematic(4))],use_integer_operator_counts=false,transform=adapt_costs(cost_type=one)): 73
[t=128.279s, 483380 KB] g=397025, 693 evaluated, 33 expanded
[t=131.117s, 483380 KB] New best heuristic value for operatorcounting(constraint_generators=[pho_constraints(patterns=systematic(4))],use_integer_operator_counts=false,transform=adapt_costs(cost_type=one)): 72
[t=131.117s, 483380 KB] g=405025, 710 evaluated, 34 expanded
[t=133.942s, 483380 KB] New best heuristic value for operatorcounting(constraint_generators=[pho_constraints(patterns=systematic(4))],use_integer_operator_counts=false,transform=adapt_costs(cost_type=one)): 71
[t=133.946s, 483380 KB] g=415024, 725 evaluated, 35 expanded
[t=136.759s, 483380 KB] New best heuristic value for operatorcounting(constraint_generators=[pho_constraints(patterns=systematic(4))],use_integer_operator_counts=false,transform=adapt_costs(cost_type=one)): 70
[t=136.759s, 483380 KB] g=423024, 741 evaluated, 36 expanded
[t=139.599s, 483380 KB] New best heuristic value for operatorcounting(constraint_generators=[pho_constraints(patterns=systematic(4))],use_integer_operator_counts=false,transform=adapt_costs(cost_type=one)): 69
[t=139.599s, 483380 KB] g=431024, 756 evaluated, 37 expanded
[t=142.248s, 483380 KB] New best heuristic value for operatorcounting(constraint_generators=[pho_constraints(patterns=systematic(4))],use_integer_operator_counts=false,transform=adapt_costs(cost_type=one)): 68
[t=142.248s, 483380 KB] g=655064, 771 evaluated, 38 expanded
[t=144.912s, 483380 KB] New best heuristic value for operatorcounting(constraint_generators=[pho_constraints(patterns=systematic(4))],use_integer_operator_counts=false,transform=adapt_costs(cost_type=one)): 67
[t=144.912s, 483380 KB] g=663064, 786 evaluated, 39 expanded
[t=147.55s, 483380 KB] New best heuristic value for operatorcounting(constraint_generators=[pho_constraints(patterns=systematic(4))],use_integer_operator_counts=false,transform=adapt_costs(cost_type=one)): 66
[t=147.55s, 483380 KB] g=673063, 800 evaluated, 40 expanded
[t=150.213s, 483380 KB] New best heuristic value for operatorcounting(constraint_generators=[pho_constraints(patterns=systematic(4))],use_integer_operator_counts=false,transform=adapt_costs(cost_type=one)): 65
[t=150.213s, 483380 KB] g=681063, 814 evaluated, 41 expanded
[t=152.892s, 483380 KB] New best heuristic value for operatorcounting(constraint_generators=[pho_constraints(patterns=systematic(4))],use_integer_operator_counts=false,transform=adapt_costs(cost_type=one)): 64
[t=152.892s, 483380 KB] g=689063, 829 evaluated, 42 expanded
[t=155.359s, 483380 KB] New best heuristic value for operatorcounting(constraint_generators=[pho_constraints(patterns=systematic(4))],use_integer_operator_counts=false,transform=adapt_costs(cost_type=one)): 63
[t=155.359s, 483380 KB] g=913103, 843 evaluated, 43 expanded
[t=157.813s, 483380 KB] New best heuristic value for operatorcounting(constraint_generators=[pho_constraints(patterns=systematic(4))],use_integer_operator_counts=false,transform=adapt_costs(cost_type=one)): 62
[t=157.813s, 483380 KB] g=921103, 857 evaluated, 44 expanded
[t=160.288s, 483380 KB] New best heuristic value for operatorcounting(constraint_generators=[pho_constraints(patterns=systematic(4))],use_integer_operator_counts=false,transform=adapt_costs(cost_type=one)): 61
[t=160.288s, 483380 KB] g=931102, 870 evaluated, 45 expanded
[t=162.734s, 483380 KB] New best heuristic value for operatorcounting(constraint_generators=[pho_constraints(patterns=systematic(4))],use_integer_operator_counts=false,transform=adapt_costs(cost_type=one)): 60
[t=162.734s, 483380 KB] g=939102, 883 evaluated, 46 expanded
[t=165.208s, 483380 KB] New best heuristic value for operatorcounting(constraint_generators=[pho_constraints(patterns=systematic(4))],use_integer_operator_counts=false,transform=adapt_costs(cost_type=one)): 59
[t=165.208s, 483380 KB] g=947102, 897 evaluated, 47 expanded
[t=167.475s, 483380 KB] New best heuristic value for operatorcounting(constraint_generators=[pho_constraints(patterns=systematic(4))],use_integer_operator_counts=false,transform=adapt_costs(cost_type=one)): 58
[t=167.475s, 483380 KB] g=1171142, 910 evaluated, 48 expanded
[t=169.768s, 483380 KB] New best heuristic value for operatorcounting(constraint_generators=[pho_constraints(patterns=systematic(4))],use_integer_operator_counts=false,transform=adapt_costs(cost_type=one)): 57
[t=169.768s, 483380 KB] g=1179142, 923 evaluated, 49 expanded
[t=172.044s, 483380 KB] New best heuristic value for operatorcounting(constraint_generators=[pho_constraints(patterns=systematic(4))],use_integer_operator_counts=false,transform=adapt_costs(cost_type=one)): 56
[t=172.044s, 483380 KB] g=1189141, 935 evaluated, 50 expanded
[t=174.339s, 483380 KB] New best heuristic value for operatorcounting(constraint_generators=[pho_constraints(patterns=systematic(4))],use_integer_operator_counts=false,transform=adapt_costs(cost_type=one)): 55
[t=174.339s, 483380 KB] g=1197141, 947 evaluated, 51 expanded
[t=176.592s, 483380 KB] New best heuristic value for operatorcounting(constraint_generators=[pho_constraints(patterns=systematic(4))],use_integer_operator_counts=false,transform=adapt_costs(cost_type=one)): 54
[t=176.592s, 483380 KB] g=1205141, 960 evaluated, 52 expanded
[t=178.358s, 483380 KB] New best heuristic value for operatorcounting(constraint_generators=[pho_constraints(patterns=systematic(4))],use_integer_operator_counts=false,transform=adapt_costs(cost_type=one)): 53
[t=178.358s, 483380 KB] g=1429181, 972 evaluated, 53 expanded
[t=180.113s, 483380 KB] New best heuristic value for operatorcounting(constraint_generators=[pho_constraints(patterns=systematic(4))],use_integer_operator_counts=false,transform=adapt_costs(cost_type=one)): 52
[t=180.113s, 483380 KB] g=1437181, 984 evaluated, 54 expanded
[t=181.912s, 483380 KB] New best heuristic value for operatorcounting(constraint_generators=[pho_constraints(patterns=systematic(4))],use_integer_operator_counts=false,transform=adapt_costs(cost_type=one)): 51
[t=181.912s, 483380 KB] g=1447180, 995 evaluated, 55 expanded
[t=183.705s, 483380 KB] New best heuristic value for operatorcounting(constraint_generators=[pho_constraints(patterns=systematic(4))],use_integer_operator_counts=false,transform=adapt_costs(cost_type=one)): 50
[t=183.705s, 483380 KB] g=1455180, 1006 evaluated, 56 expanded
[t=185.54s, 483380 KB] New best heuristic value for operatorcounting(constraint_generators=[pho_constraints(patterns=systematic(4))],use_integer_operator_counts=false,transform=adapt_costs(cost_type=one)): 49
[t=185.54s, 483380 KB] g=1463180, 1018 evaluated, 57 expanded
[t=187.188s, 483380 KB] New best heuristic value for operatorcounting(constraint_generators=[pho_constraints(patterns=systematic(4))],use_integer_operator_counts=false,transform=adapt_costs(cost_type=one)): 48
[t=187.188s, 483380 KB] g=1687220, 1029 evaluated, 58 expanded
[t=188.804s, 483380 KB] New best heuristic value for operatorcounting(constraint_generators=[pho_constraints(patterns=systematic(4))],use_integer_operator_counts=false,transform=adapt_costs(cost_type=one)): 47
[t=188.804s, 483380 KB] g=1695220, 1040 evaluated, 59 expanded
[t=190.435s, 483380 KB] New best heuristic value for operatorcounting(constraint_generators=[pho_constraints(patterns=systematic(4))],use_integer_operator_counts=false,transform=adapt_costs(cost_type=one)): 46
[t=190.435s, 483380 KB] g=1705219, 1050 evaluated, 60 expanded
[t=192.062s, 483380 KB] New best heuristic value for operatorcounting(constraint_generators=[pho_constraints(patterns=systematic(4))],use_integer_operator_counts=false,transform=adapt_costs(cost_type=one)): 45
[t=192.062s, 483380 KB] g=1713219, 1060 evaluated, 61 expanded
[t=193.699s, 483380 KB] New best heuristic value for operatorcounting(constraint_generators=[pho_constraints(patterns=systematic(4))],use_integer_operator_counts=false,transform=adapt_costs(cost_type=one)): 44
[t=193.699s, 483380 KB] g=1721219, 1071 evaluated, 62 expanded
[t=195.156s, 483380 KB] New best heuristic value for operatorcounting(constraint_generators=[pho_constraints(patterns=systematic(4))],use_integer_operator_counts=false,transform=adapt_costs(cost_type=one)): 43
[t=195.156s, 483380 KB] g=1945259, 1081 evaluated, 63 expanded
[t=196.604s, 483380 KB] New best heuristic value for operatorcounting(constraint_generators=[pho_constraints(patterns=systematic(4))],use_integer_operator_counts=false,transform=adapt_costs(cost_type=one)): 42
[t=196.604s, 483380 KB] g=1953259, 1091 evaluated, 64 expanded
[t=198.06s, 483380 KB] New best heuristic value for operatorcounting(constraint_generators=[pho_constraints(patterns=systematic(4))],use_integer_operator_counts=false,transform=adapt_costs(cost_type=one)): 41
[t=198.06s, 483380 KB] g=1963258, 1100 evaluated, 65 expanded
[t=199.536s, 483380 KB] New best heuristic value for operatorcounting(constraint_generators=[pho_constraints(patterns=systematic(4))],use_integer_operator_counts=false,transform=adapt_costs(cost_type=one)): 40
[t=199.536s, 483380 KB] g=1971258, 1109 evaluated, 66 expanded
[t=200.992s, 483380 KB] New best heuristic value for operatorcounting(constraint_generators=[pho_constraints(patterns=systematic(4))],use_integer_operator_counts=false,transform=adapt_costs(cost_type=one)): 39
[t=200.992s, 483380 KB] g=1979258, 1119 evaluated, 67 expanded
[t=202.285s, 483380 KB] New best heuristic value for operatorcounting(constraint_generators=[pho_constraints(patterns=systematic(4))],use_integer_operator_counts=false,transform=adapt_costs(cost_type=one)): 38
[t=202.285s, 483380 KB] g=2203298, 1128 evaluated, 68 expanded
[t=203.597s, 483380 KB] New best heuristic value for operatorcounting(constraint_generators=[pho_constraints(patterns=systematic(4))],use_integer_operator_counts=false,transform=adapt_costs(cost_type=one)): 37
[t=203.597s, 483380 KB] g=2211298, 1137 evaluated, 69 expanded
[t=204.905s, 483380 KB] New best heuristic value for operatorcounting(constraint_generators=[pho_constraints(patterns=systematic(4))],use_integer_operator_counts=false,transform=adapt_costs(cost_type=one)): 36
[t=204.905s, 483380 KB] g=2221297, 1145 evaluated, 70 expanded
[t=206.295s, 483380 KB] New best heuristic value for operatorcounting(constraint_generators=[pho_constraints(patterns=systematic(4))],use_integer_operator_counts=false,transform=adapt_costs(cost_type=one)): 35
[t=206.295s, 483380 KB] g=2229297, 1153 evaluated, 71 expanded
[t=207.622s, 483380 KB] New best heuristic value for operatorcounting(constraint_generators=[pho_constraints(patterns=systematic(4))],use_integer_operator_counts=false,transform=adapt_costs(cost_type=one)): 34
[t=207.622s, 483380 KB] g=2237297, 1162 evaluated, 72 expanded
[t=208.81s, 483380 KB] New best heuristic value for operatorcounting(constraint_generators=[pho_constraints(patterns=systematic(4))],use_integer_operator_counts=false,transform=adapt_costs(cost_type=one)): 33
[t=208.81s, 483380 KB] g=2461337, 1170 evaluated, 73 expanded
[t=209.958s, 483380 KB] New best heuristic value for operatorcounting(constraint_generators=[pho_constraints(patterns=systematic(4))],use_integer_operator_counts=false,transform=adapt_costs(cost_type=one)): 32
[t=209.958s, 483380 KB] g=2469337, 1178 evaluated, 74 expanded
[t=211.133s, 483380 KB] New best heuristic value for operatorcounting(constraint_generators=[pho_constraints(patterns=systematic(4))],use_integer_operator_counts=false,transform=adapt_costs(cost_type=one)): 31
[t=211.133s, 483380 KB] g=2479336, 1185 evaluated, 75 expanded
[t=212.28s, 483380 KB] New best heuristic value for operatorcounting(constraint_generators=[pho_constraints(patterns=systematic(4))],use_integer_operator_counts=false,transform=adapt_costs(cost_type=one)): 30
[t=212.28s, 483380 KB] g=2487336, 1192 evaluated, 76 expanded
[t=213.411s, 483380 KB] New best heuristic value for operatorcounting(constraint_generators=[pho_constraints(patterns=systematic(4))],use_integer_operator_counts=false,transform=adapt_costs(cost_type=one)): 29
[t=213.411s, 483380 KB] g=2495336, 1200 evaluated, 77 expanded
[t=214.416s, 483380 KB] New best heuristic value for operatorcounting(constraint_generators=[pho_constraints(patterns=systematic(4))],use_integer_operator_counts=false,transform=adapt_costs(cost_type=one)): 28
[t=214.416s, 483380 KB] g=2719376, 1206 evaluated, 78 expanded
[t=215.393s, 483380 KB] New best heuristic value for operatorcounting(constraint_generators=[pho_constraints(patterns=systematic(4))],use_integer_operator_counts=false,transform=adapt_costs(cost_type=one)): 27
[t=215.393s, 483380 KB] g=2727376, 1214 evaluated, 79 expanded
[t=216.365s, 483380 KB] New best heuristic value for operatorcounting(constraint_generators=[pho_constraints(patterns=systematic(4))],use_integer_operator_counts=false,transform=adapt_costs(cost_type=one)): 26
[t=216.365s, 483380 KB] g=2737375, 1220 evaluated, 80 expanded
[t=217.322s, 483380 KB] New best heuristic value for operatorcounting(constraint_generators=[pho_constraints(patterns=systematic(4))],use_integer_operator_counts=false,transform=adapt_costs(cost_type=one)): 25
[t=217.322s, 483380 KB] g=2745375, 1226 evaluated, 81 expanded
[t=218.278s, 483380 KB] New best heuristic value for operatorcounting(constraint_generators=[pho_constraints(patterns=systematic(4))],use_integer_operator_counts=false,transform=adapt_costs(cost_type=one)): 24
[t=218.278s, 483380 KB] g=2753375, 1233 evaluated, 82 expanded
[t=219.082s, 483380 KB] New best heuristic value for operatorcounting(constraint_generators=[pho_constraints(patterns=systematic(4))],use_integer_operator_counts=false,transform=adapt_costs(cost_type=one)): 23
[t=219.082s, 483380 KB] g=2977415, 1239 evaluated, 83 expanded
[t=219.905s, 483380 KB] New best heuristic value for operatorcounting(constraint_generators=[pho_constraints(patterns=systematic(4))],use_integer_operator_counts=false,transform=adapt_costs(cost_type=one)): 22
[t=219.905s, 483380 KB] g=2985415, 1245 evaluated, 84 expanded
[t=220.698s, 483380 KB] New best heuristic value for operatorcounting(constraint_generators=[pho_constraints(patterns=systematic(4))],use_integer_operator_counts=false,transform=adapt_costs(cost_type=one)): 21
[t=220.698s, 483380 KB] g=2995414, 1250 evaluated, 85 expanded
[t=221.515s, 483380 KB] New best heuristic value for operatorcounting(constraint_generators=[pho_constraints(patterns=systematic(4))],use_integer_operator_counts=false,transform=adapt_costs(cost_type=one)): 20
[t=221.515s, 483380 KB] g=3003414, 1255 evaluated, 86 expanded
[t=222.336s, 483380 KB] New best heuristic value for operatorcounting(constraint_generators=[pho_constraints(patterns=systematic(4))],use_integer_operator_counts=false,transform=adapt_costs(cost_type=one)): 19
[t=222.336s, 483380 KB] g=3011414, 1261 evaluated, 87 expanded
[t=222.975s, 483380 KB] New best heuristic value for operatorcounting(constraint_generators=[pho_constraints(patterns=systematic(4))],use_integer_operator_counts=false,transform=adapt_costs(cost_type=one)): 18
[t=222.975s, 483380 KB] g=3235454, 1266 evaluated, 88 expanded
[t=223.604s, 483380 KB] New best heuristic value for operatorcounting(constraint_generators=[pho_constraints(patterns=systematic(4))],use_integer_operator_counts=false,transform=adapt_costs(cost_type=one)): 17
[t=223.604s, 483380 KB] g=3243454, 1271 evaluated, 89 expanded
[t=224.259s, 483380 KB] New best heuristic value for operatorcounting(constraint_generators=[pho_constraints(patterns=systematic(4))],use_integer_operator_counts=false,transform=adapt_costs(cost_type=one)): 16
[t=224.259s, 483380 KB] g=3253453, 1275 evaluated, 90 expanded
[t=224.917s, 483380 KB] New best heuristic value for operatorcounting(constraint_generators=[pho_constraints(patterns=systematic(4))],use_integer_operator_counts=false,transform=adapt_costs(cost_type=one)): 15
[t=224.917s, 483380 KB] g=3261453, 1279 evaluated, 91 expanded
[t=225.554s, 483380 KB] New best heuristic value for operatorcounting(constraint_generators=[pho_constraints(patterns=systematic(4))],use_integer_operator_counts=false,transform=adapt_costs(cost_type=one)): 14
[t=225.554s, 483380 KB] g=3269453, 1284 evaluated, 92 expanded
[t=226.03s, 483380 KB] New best heuristic value for operatorcounting(constraint_generators=[pho_constraints(patterns=systematic(4))],use_integer_operator_counts=false,transform=adapt_costs(cost_type=one)): 13
[t=226.034s, 483380 KB] g=3493493, 1288 evaluated, 93 expanded
[t=226.537s, 483380 KB] New best heuristic value for operatorcounting(constraint_generators=[pho_constraints(patterns=systematic(4))],use_integer_operator_counts=false,transform=adapt_costs(cost_type=one)): 12
[t=226.537s, 483380 KB] g=3501493, 1292 evaluated, 94 expanded
[t=227.016s, 483380 KB] New best heuristic value for operatorcounting(constraint_generators=[pho_constraints(patterns=systematic(4))],use_integer_operator_counts=false,transform=adapt_costs(cost_type=one)): 11
[t=227.016s, 483380 KB] g=3511492, 1295 evaluated, 95 expanded
[t=227.489s, 483380 KB] New best heuristic value for operatorcounting(constraint_generators=[pho_constraints(patterns=systematic(4))],use_integer_operator_counts=false,transform=adapt_costs(cost_type=one)): 10
[t=227.489s, 483380 KB] g=3519492, 1298 evaluated, 96 expanded
[t=227.984s, 483380 KB] New best heuristic value for operatorcounting(constraint_generators=[pho_constraints(patterns=systematic(4))],use_integer_operator_counts=false,transform=adapt_costs(cost_type=one)): 9
[t=227.984s, 483380 KB] g=3527492, 1302 evaluated, 97 expanded
[t=228.296s, 483380 KB] New best heuristic value for operatorcounting(constraint_generators=[pho_constraints(patterns=systematic(4))],use_integer_operator_counts=false,transform=adapt_costs(cost_type=one)): 8
[t=228.296s, 483380 KB] g=3751532, 1305 evaluated, 98 expanded
[t=228.626s, 483380 KB] New best heuristic value for operatorcounting(constraint_generators=[pho_constraints(patterns=systematic(4))],use_integer_operator_counts=false,transform=adapt_costs(cost_type=one)): 7
[t=228.626s, 483380 KB] g=3759532, 1308 evaluated, 99 expanded
[t=228.942s, 483380 KB] New best heuristic value for operatorcounting(constraint_generators=[pho_constraints(patterns=systematic(4))],use_integer_operator_counts=false,transform=adapt_costs(cost_type=one)): 6
[t=228.942s, 483380 KB] g=3769531, 1310 evaluated, 100 expanded
[t=229.261s, 483380 KB] New best heuristic value for operatorcounting(constraint_generators=[pho_constraints(patterns=systematic(4))],use_integer_operator_counts=false,transform=adapt_costs(cost_type=one)): 5
[t=229.261s, 483380 KB] g=3777531, 1312 evaluated, 101 expanded
[t=229.596s, 483380 KB] New best heuristic value for operatorcounting(constraint_generators=[pho_constraints(patterns=systematic(4))],use_integer_operator_counts=false,transform=adapt_costs(cost_type=one)): 4
[t=229.596s, 483380 KB] g=3785531, 1315 evaluated, 102 expanded
[t=229.755s, 483380 KB] New best heuristic value for operatorcounting(constraint_generators=[pho_constraints(patterns=systematic(4))],use_integer_operator_counts=false,transform=adapt_costs(cost_type=one)): 3
[t=229.755s, 483380 KB] g=4009571, 1317 evaluated, 103 expanded
[t=229.91s, 483380 KB] New best heuristic value for operatorcounting(constraint_generators=[pho_constraints(patterns=systematic(4))],use_integer_operator_counts=false,transform=adapt_costs(cost_type=one)): 2
[t=229.91s, 483380 KB] g=4017571, 1319 evaluated, 104 expanded
[t=230.064s, 483380 KB] New best heuristic value for operatorcounting(constraint_generators=[pho_constraints(patterns=systematic(4))],use_integer_operator_counts=false,transform=adapt_costs(cost_type=one)): 1
[t=230.064s, 483380 KB] g=4027570, 1320 evaluated, 105 expanded
[t=230.232s, 483380 KB] New best heuristic value for operatorcounting(constraint_generators=[pho_constraints(patterns=systematic(4))],use_integer_operator_counts=false,transform=adapt_costs(cost_type=one)): 0
[t=230.232s, 483380 KB] g=4035570, 1321 evaluated, 106 expanded
[t=230.232s, 483380 KB] Solution found!
[t=230.232s, 483380 KB] Actual search time: 206.758s
initialize  (0)
colorfeeder-feed-letter sheet1 (8000)
down-movebottom-letter sheet1 (2999)
colorfeeder-feed-letter sheet2 (8000)
down-movebottom-letter sheet2 (2999)
colorfeeder-feed-letter sheet3 (8000)
down-movebottom-letter sheet3 (2999)
colorfeeder-feed-letter sheet4 (8000)
down-movebottom-letter sheet4 (2999)
colorfeeder-feed-letter sheet5 (8000)
down-movebottom-letter sheet5 (2999)
colorfeeder-feed-letter sheet6 (8000)
down-movebottom-letter sheet6 (2999)
colorfeeder-feed-letter sheet7 (8000)
down-movebottom-letter sheet7 (2999)
colorfeeder-feed-letter sheet8 (8000)
down-movebottom-letter sheet8 (2999)
colorfeeder-feed-letter sheet9 (8000)
down-movebottom-letter sheet9 (2999)
colorfeeder-feed-letter sheet10 (8000)
down-movebottom-letter sheet10 (2999)
colorfeeder-feed-letter sheet11 (8000)
down-movebottom-letter sheet11 (2999)
colorfeeder-feed-letter sheet12 (8000)
down-movebottom-letter sheet12 (2999)
colorfeeder-feed-letter sheet13 (8000)
down-movebottom-letter sheet13 (2999)
colorfeeder-feed-letter sheet14 (8000)
down-movebottom-letter sheet14 (2999)
colorfeeder-feed-letter sheet15 (8000)
down-movebottom-letter sheet15 (2999)
colorcontainer-toime-letter sheet1 (8000)
colorprinter-simplex-letter sheet1 front image-1 (224040)
colorcontainer-fromime-letter sheet1 (8000)
up-moveup-letter sheet1 (9999)
finisher1-stack-letter sheet1 dummy-sheet (8000)
colorcontainer-toime-letter sheet2 (8000)
colorprinter-simplex-letter sheet2 front image-2 (224040)
colorcontainer-fromime-letter sheet2 (8000)
up-moveup-letter sheet2 (9999)
finisher1-stack-letter sheet2 sheet1 (8000)
colorcontainer-toime-letter sheet3 (8000)
colorprinter-simplex-letter sheet3 front image-3 (224040)
colorcontainer-fromime-letter sheet3 (8000)
up-moveup-letter sheet3 (9999)
finisher1-stack-letter sheet3 sheet2 (8000)
colorcontainer-toime-letter sheet4 (8000)
colorprinter-simplex-letter sheet4 front image-4 (224040)
colorcontainer-fromime-letter sheet4 (8000)
up-moveup-letter sheet4 (9999)
finisher1-stack-letter sheet4 sheet3 (8000)
colorcontainer-toime-letter sheet5 (8000)
colorprinter-simplex-letter sheet5 front image-5 (224040)
colorcontainer-fromime-letter sheet5 (8000)
up-moveup-letter sheet5 (9999)
finisher1-stack-letter sheet5 sheet4 (8000)
colorcontainer-toime-letter sheet6 (8000)
colorprinter-simplexmono-letter sheet6 front image-6 (224040)
colorcontainer-fromime-letter sheet6 (8000)
up-moveup-letter sheet6 (9999)
finisher1-stack-letter sheet6 sheet5 (8000)
colorcontainer-toime-letter sheet7 (8000)
colorprinter-simplex-letter sheet7 front image-7 (224040)
colorcontainer-fromime-letter sheet7 (8000)
up-moveup-letter sheet7 (9999)
finisher1-stack-letter sheet7 sheet6 (8000)
colorcontainer-toime-letter sheet8 (8000)
colorprinter-simplex-letter sheet8 front image-8 (224040)
colorcontainer-fromime-letter sheet8 (8000)
up-moveup-letter sheet8 (9999)
finisher1-stack-letter sheet8 sheet7 (8000)
colorcontainer-toime-letter sheet9 (8000)
colorprinter-simplex-letter sheet9 front image-9 (224040)
colorcontainer-fromime-letter sheet9 (8000)
up-moveup-letter sheet9 (9999)
finisher1-stack-letter sheet9 sheet8 (8000)
colorcontainer-toime-letter sheet10 (8000)
colorprinter-simplexmono-letter sheet10 front image-10 (224040)
colorcontainer-fromime-letter sheet10 (8000)
up-moveup-letter sheet10 (9999)
finisher1-stack-letter sheet10 sheet9 (8000)
colorcontainer-toime-letter sheet11 (8000)
colorprinter-simplexmono-letter sheet11 front image-11 (224040)
colorcontainer-fromime-letter sheet11 (8000)
up-moveup-letter sheet11 (9999)
finisher1-stack-letter sheet11 sheet10 (8000)
colorcontainer-toime-letter sheet12 (8000)
colorprinter-simplexmono-letter sheet12 front image-12 (224040)
colorcontainer-fromime-letter sheet12 (8000)
up-moveup-letter sheet12 (9999)
finisher1-stack-letter sheet12 sheet11 (8000)
colorcontainer-toime-letter sheet13 (8000)
colorprinter-simplexmono-letter sheet13 front image-13 (224040)
colorcontainer-fromime-letter sheet13 (8000)
up-moveup-letter sheet13 (9999)
finisher1-stack-letter sheet13 sheet12 (8000)
colorcontainer-toime-letter sheet14 (8000)
colorprinter-simplexmono-letter sheet14 front image-14 (224040)
colorcontainer-fromime-letter sheet14 (8000)
up-moveup-letter sheet14 (9999)
finisher1-stack-letter sheet14 sheet13 (8000)
colorcontainer-toime-letter sheet15 (8000)
colorprinter-simplexmono-letter sheet15 front image-15 (224040)
colorcontainer-fromime-letter sheet15 (8000)
up-moveup-letter sheet15 (9999)
finisher1-stack-letter sheet15 sheet14 (8000)
[t=230.232s, 483380 KB] Plan length: 106 step(s).
[t=230.232s, 483380 KB] Plan cost: 4035570
[t=230.232s, 483380 KB] Expanded 107 state(s).
[t=230.232s, 483380 KB] Reopened 0 state(s).
[t=230.232s, 483380 KB] Evaluated 1322 state(s).
[t=230.232s, 483380 KB] Evaluations: 1322
[t=230.232s, 483380 KB] Generated 1501 state(s).
[t=230.232s, 483380 KB] Dead ends: 115 state(s).
[t=230.232s, 483380 KB] Number of registered states: 1322
[t=230.232s, 483380 KB] Int hash set load factor: 1322/2048 = 0.645508
[t=230.232s, 483380 KB] Int hash set resizes: 11
[t=230.232s, 483380 KB] Search time: 207.389s
[t=230.232s, 483380 KB] Total time: 230.232s
Solution found.
Peak memory: 483380 KB
Remove intermediate file output.sas
search exit code: 0

INFO     Running validate.
INFO     validate stdin: None
INFO     validate time limit: None
INFO     validate memory limit: None
INFO     validate command line string: /home/henry/bin/validate domain.pddl problem.pddl sas_plan
Checking plan: sas_plan
Plan executed successfully - checking goal
Plan valid
Final value: 4035570 

Successful plans:
Value: 4035570
 sas_plan 4035570 

validate exit code: 0

INFO     Planner time: 230.53s
