INFO     planner time limit: 1800s
INFO     planner memory limit: 2048 MB

INFO     Running translator.
INFO     translator stdin: None
INFO     translator time limit: 1799s
INFO     translator memory limit: 2048 MB
INFO     translator command line string: /home/henry/Documents/UFRGS/TCC/downward/.venv/bin/python /home/henry/Documents/UFRGS/TCC/downward/experiments/lab/data/main/code-5bb2ccb6957559b6969ffd7e29254c73f84d5e49_e5e41175/builds/release/bin/translate/translate.py domain.pddl problem.pddl --sas-file output.sas
Parsing...
Parsing: [0.010s CPU, 0.005s wall-clock]
Normalizing task... [0.000s CPU, 0.000s wall-clock]
Instantiating...
Generating Datalog program... [0.000s CPU, 0.001s wall-clock]
Normalizing Datalog program...
Normalizing Datalog program: [0.000s CPU, 0.006s wall-clock]
Preparing model... [0.010s CPU, 0.003s wall-clock]
Generated 198 rules.
Computing model... [0.150s CPU, 0.151s wall-clock]
9223 relevant atoms
13629 auxiliary atoms
22852 final queue length
54746 total queue pushes
Completing instantiation... [0.350s CPU, 0.358s wall-clock]
Instantiating: [0.520s CPU, 0.524s wall-clock]
Computing fact groups...
Finding invariants...
24 initial candidates
Finding invariants: [0.020s CPU, 0.013s wall-clock]
Checking invariant weight... [0.000s CPU, 0.001s wall-clock]
Instantiating groups... [0.000s CPU, 0.009s wall-clock]
Collecting mutex groups... [0.000s CPU, 0.000s wall-clock]
Choosing groups...
361 uncovered facts
Choosing groups: [0.000s CPU, 0.001s wall-clock]
Building translation key... [0.000s CPU, 0.001s wall-clock]
Computing fact groups: [0.030s CPU, 0.028s wall-clock]
Building STRIPS to SAS dictionary... [0.000s CPU, 0.000s wall-clock]
Building dictionary for full mutex groups... [0.000s CPU, 0.000s wall-clock]
Building mutex information...
Building mutex information: [0.000s CPU, 0.000s wall-clock]
Translating task...
Processing axioms...
Simplifying axioms... [0.000s CPU, 0.000s wall-clock]
Translator axioms removed by simplifying: 0
Computing negative axioms... [0.000s CPU, 0.000s wall-clock]
Processing axioms: [0.020s CPU, 0.015s wall-clock]
Translating task: [0.350s CPU, 0.350s wall-clock]
4295 effect conditions simplified
0 implied preconditions added
Detecting unreachable propositions...
0 operators removed
0 axioms removed
122 propositions removed
Detecting unreachable propositions: [0.240s CPU, 0.234s wall-clock]
Reordering and filtering variables...
393 of 404 variables necessary.
86 of 122 mutex groups necessary.
8046 of 8046 operators necessary.
0 of 0 axiom rules necessary.
Reordering and filtering variables: [0.060s CPU, 0.068s wall-clock]
Translator variables: 393
Translator derived variables: 0
Translator facts: 1057
Translator goal facts: 103
Translator mutex groups: 86
Translator total mutex groups size: 297
Translator operators: 8046
Translator axioms: 0
Translator task size: 69616
Translator peak memory: 79336 KB
Writing output... [0.060s CPU, 0.056s wall-clock]
Done! [1.290s CPU, 1.287s wall-clock]
translate exit code: 0

INFO     Running search (release).
INFO     search stdin: output.sas
INFO     search time limit: 1798s
INFO     search memory limit: 2048 MB
INFO     search command line string: /home/henry/Documents/UFRGS/TCC/downward/experiments/lab/data/main/code-5bb2ccb6957559b6969ffd7e29254c73f84d5e49_e5e41175/builds/release/bin/downward --search 'eager_greedy([operatorcounting(constraint_generators=[pho_constraints(patterns=systematic(2))], use_integer_operator_counts=true, transform=adapt_costs(cost_type=ONE))])' --internal-plan-file sas_plan < output.sas
[t=0.00252465s, 45596 KB] reading input...
[t=0.038482s, 48732 KB] done reading input!
[t=0.0428603s, 49508 KB] Generating patterns using: systematic pattern collection generator
[t=0.0428603s, 49508 KB] building causal graph...done! [t=0.0199731s]
[t=0.0668335s, 52812 KB] Found 5333 SGA patterns.
[t=0.126809s, 52812 KB] Found 5333 interesting patterns.
[t=0.130801s, 52812 KB] systematic pattern collection generator number of patterns: 5333
[t=0.130801s, 52812 KB] systematic pattern collection generator total PDB size: 46280
[t=0.130801s, 52812 KB] systematic pattern collection generator computation time: 0.0879403s
[t=0.130801s, 52812 KB] Computing PDBs for pattern collection...
[t=6.44862s, 52812 KB] Done computing PDBs for pattern collection: 6.31782s
[t=7.59145s, 100732 KB] Building successor generator...done!
[t=7.59145s, 100732 KB] peak memory difference for successor generator creation: 0 KB
[t=7.59145s, 100732 KB] time for successor generation creation: 0s
[t=7.59145s, 100732 KB] Variables: 393
[t=7.59145s, 100732 KB] FactPairs: 1057
[t=7.59145s, 100732 KB] Bytes per state: 68
[t=7.59145s, 100732 KB] Conducting best first search without reopening closed nodes, (real) bound = 2147483647
[t=7.70698s, 131568 KB] New best heuristic value for operatorcounting(constraint_generators=[pho_constraints(patterns=systematic(2))],use_integer_operator_counts=true,transform=adapt_costs(cost_type=one)): 69
[t=7.70698s, 131568 KB] g=0, 1 evaluated, 0 expanded
[t=7.70698s, 131568 KB] Initial heuristic value for operatorcounting(constraint_generators=[pho_constraints(patterns=systematic(2))],use_integer_operator_counts=true,transform=adapt_costs(cost_type=one)): 69
[t=7.70698s, 131568 KB] pruning method: none
[t=7.82683s, 131568 KB] New best heuristic value for operatorcounting(constraint_generators=[pho_constraints(patterns=systematic(2))],use_integer_operator_counts=true,transform=adapt_costs(cost_type=one)): 68
[t=7.82683s, 131568 KB] g=45, 2 evaluated, 1 expanded
[t=34.8519s, 155876 KB] New best heuristic value for operatorcounting(constraint_generators=[pho_constraints(patterns=systematic(2))],use_integer_operator_counts=true,transform=adapt_costs(cost_type=one)): 67
[t=34.8519s, 155876 KB] g=65, 286 evaluated, 2 expanded
[t=61.5521s, 155992 KB] New best heuristic value for operatorcounting(constraint_generators=[pho_constraints(patterns=systematic(2))],use_integer_operator_counts=true,transform=adapt_costs(cost_type=one)): 66
[t=61.5521s, 155992 KB] g=75, 569 evaluated, 3 expanded
[t=88.7372s, 155992 KB] New best heuristic value for operatorcounting(constraint_generators=[pho_constraints(patterns=systematic(2))],use_integer_operator_counts=true,transform=adapt_costs(cost_type=one)): 65
[t=88.7372s, 155992 KB] g=85, 855 evaluated, 4 expanded
[t=115.761s, 155992 KB] New best heuristic value for operatorcounting(constraint_generators=[pho_constraints(patterns=systematic(2))],use_integer_operator_counts=true,transform=adapt_costs(cost_type=one)): 64
[t=115.761s, 155992 KB] g=100, 1137 evaluated, 5 expanded
[t=143.9s, 156076 KB] New best heuristic value for operatorcounting(constraint_generators=[pho_constraints(patterns=systematic(2))],use_integer_operator_counts=true,transform=adapt_costs(cost_type=one)): 63
[t=143.9s, 156076 KB] g=115, 1415 evaluated, 6 expanded
[t=172.536s, 156156 KB] New best heuristic value for operatorcounting(constraint_generators=[pho_constraints(patterns=systematic(2))],use_integer_operator_counts=true,transform=adapt_costs(cost_type=one)): 62
[t=172.536s, 156156 KB] g=125, 1702 evaluated, 7 expanded
[t=200.95s, 156156 KB] New best heuristic value for operatorcounting(constraint_generators=[pho_constraints(patterns=systematic(2))],use_integer_operator_counts=true,transform=adapt_costs(cost_type=one)): 61
[t=200.95s, 156156 KB] g=135, 1983 evaluated, 8 expanded
[t=228.922s, 156240 KB] New best heuristic value for operatorcounting(constraint_generators=[pho_constraints(patterns=systematic(2))],use_integer_operator_counts=true,transform=adapt_costs(cost_type=one)): 60
[t=228.922s, 156240 KB] g=145, 2260 evaluated, 9 expanded
[t=257.78s, 156240 KB] New best heuristic value for operatorcounting(constraint_generators=[pho_constraints(patterns=systematic(2))],use_integer_operator_counts=true,transform=adapt_costs(cost_type=one)): 59
[t=257.78s, 156240 KB] g=150, 2551 evaluated, 10 expanded
[t=285.466s, 156240 KB] New best heuristic value for operatorcounting(constraint_generators=[pho_constraints(patterns=systematic(2))],use_integer_operator_counts=true,transform=adapt_costs(cost_type=one)): 58
[t=285.466s, 156240 KB] g=160, 2833 evaluated, 11 expanded
[t=315.443s, 156408 KB] New best heuristic value for operatorcounting(constraint_generators=[pho_constraints(patterns=systematic(2))],use_integer_operator_counts=true,transform=adapt_costs(cost_type=one)): 57
[t=315.443s, 156408 KB] g=190, 3120 evaluated, 12 expanded
[t=344.332s, 156440 KB] New best heuristic value for operatorcounting(constraint_generators=[pho_constraints(patterns=systematic(2))],use_integer_operator_counts=true,transform=adapt_costs(cost_type=one)): 56
[t=344.332s, 156440 KB] g=220, 3401 evaluated, 13 expanded
[t=372.979s, 156524 KB] New best heuristic value for operatorcounting(constraint_generators=[pho_constraints(patterns=systematic(2))],use_integer_operator_counts=true,transform=adapt_costs(cost_type=one)): 55
[t=372.979s, 156524 KB] g=250, 3704 evaluated, 14 expanded
[t=401.737s, 156608 KB] New best heuristic value for operatorcounting(constraint_generators=[pho_constraints(patterns=systematic(2))],use_integer_operator_counts=true,transform=adapt_costs(cost_type=one)): 54
[t=401.741s, 156608 KB] g=280, 4024 evaluated, 15 expanded
[t=439.603s, 156860 KB] New best heuristic value for operatorcounting(constraint_generators=[pho_constraints(patterns=systematic(2))],use_integer_operator_counts=true,transform=adapt_costs(cost_type=one)): 53
[t=439.603s, 156860 KB] g=310, 4489 evaluated, 16 expanded
[t=469.063s, 156980 KB] New best heuristic value for operatorcounting(constraint_generators=[pho_constraints(patterns=systematic(2))],use_integer_operator_counts=true,transform=adapt_costs(cost_type=one)): 52
[t=469.063s, 156980 KB] g=340, 4859 evaluated, 17 expanded
[t=495.275s, 156980 KB] New best heuristic value for operatorcounting(constraint_generators=[pho_constraints(patterns=systematic(2))],use_integer_operator_counts=true,transform=adapt_costs(cost_type=one)): 51
[t=495.275s, 156980 KB] g=370, 5191 evaluated, 18 expanded
[t=521.733s, 156980 KB] New best heuristic value for operatorcounting(constraint_generators=[pho_constraints(patterns=systematic(2))],use_integer_operator_counts=true,transform=adapt_costs(cost_type=one)): 50
[t=521.733s, 156980 KB] g=400, 5537 evaluated, 19 expanded
[t=547.902s, 156980 KB] New best heuristic value for operatorcounting(constraint_generators=[pho_constraints(patterns=systematic(2))],use_integer_operator_counts=true,transform=adapt_costs(cost_type=one)): 49
[t=547.902s, 156980 KB] g=430, 5883 evaluated, 20 expanded
[t=572.053s, 156980 KB] New best heuristic value for operatorcounting(constraint_generators=[pho_constraints(patterns=systematic(2))],use_integer_operator_counts=true,transform=adapt_costs(cost_type=one)): 48
[t=572.053s, 156980 KB] g=460, 6229 evaluated, 21 expanded
[t=594.541s, 156980 KB] New best heuristic value for operatorcounting(constraint_generators=[pho_constraints(patterns=systematic(2))],use_integer_operator_counts=true,transform=adapt_costs(cost_type=one)): 47
[t=594.541s, 156980 KB] g=490, 6581 evaluated, 22 expanded
[t=615.562s, 156980 KB] New best heuristic value for operatorcounting(constraint_generators=[pho_constraints(patterns=systematic(2))],use_integer_operator_counts=true,transform=adapt_costs(cost_type=one)): 46
[t=615.562s, 156980 KB] g=520, 6932 evaluated, 23 expanded
[t=635.565s, 156980 KB] New best heuristic value for operatorcounting(constraint_generators=[pho_constraints(patterns=systematic(2))],use_integer_operator_counts=true,transform=adapt_costs(cost_type=one)): 45
[t=635.565s, 156980 KB] g=550, 7275 evaluated, 24 expanded
[t=653.35s, 157028 KB] New best heuristic value for operatorcounting(constraint_generators=[pho_constraints(patterns=systematic(2))],use_integer_operator_counts=true,transform=adapt_costs(cost_type=one)): 44
[t=653.35s, 157028 KB] g=580, 7617 evaluated, 25 expanded
[t=670.257s, 157048 KB] New best heuristic value for operatorcounting(constraint_generators=[pho_constraints(patterns=systematic(2))],use_integer_operator_counts=true,transform=adapt_costs(cost_type=one)): 43
[t=670.257s, 157048 KB] g=610, 7961 evaluated, 26 expanded
[t=685.095s, 157072 KB] New best heuristic value for operatorcounting(constraint_generators=[pho_constraints(patterns=systematic(2))],use_integer_operator_counts=true,transform=adapt_costs(cost_type=one)): 42
[t=685.095s, 157072 KB] g=640, 8302 evaluated, 27 expanded
[t=699.711s, 157088 KB] New best heuristic value for operatorcounting(constraint_generators=[pho_constraints(patterns=systematic(2))],use_integer_operator_counts=true,transform=adapt_costs(cost_type=one)): 41
[t=699.711s, 157088 KB] g=670, 8645 evaluated, 28 expanded
[t=714.158s, 157124 KB] New best heuristic value for operatorcounting(constraint_generators=[pho_constraints(patterns=systematic(2))],use_integer_operator_counts=true,transform=adapt_costs(cost_type=one)): 40
[t=714.158s, 157124 KB] g=700, 8993 evaluated, 29 expanded
[t=729.383s, 157148 KB] New best heuristic value for operatorcounting(constraint_generators=[pho_constraints(patterns=systematic(2))],use_integer_operator_counts=true,transform=adapt_costs(cost_type=one)): 39
[t=729.383s, 157148 KB] g=730, 9330 evaluated, 30 expanded
[t=744.307s, 159440 KB] New best heuristic value for operatorcounting(constraint_generators=[pho_constraints(patterns=systematic(2))],use_integer_operator_counts=true,transform=adapt_costs(cost_type=one)): 38
[t=744.307s, 159440 KB] g=760, 9693 evaluated, 31 expanded
[t=760.498s, 159460 KB] New best heuristic value for operatorcounting(constraint_generators=[pho_constraints(patterns=systematic(2))],use_integer_operator_counts=true,transform=adapt_costs(cost_type=one)): 37
[t=760.498s, 159460 KB] g=770, 10050 evaluated, 32 expanded
[t=776.737s, 159500 KB] New best heuristic value for operatorcounting(constraint_generators=[pho_constraints(patterns=systematic(2))],use_integer_operator_counts=true,transform=adapt_costs(cost_type=one)): 36
[t=776.737s, 159500 KB] g=785, 10411 evaluated, 33 expanded
[t=792.255s, 159508 KB] New best heuristic value for operatorcounting(constraint_generators=[pho_constraints(patterns=systematic(2))],use_integer_operator_counts=true,transform=adapt_costs(cost_type=one)): 35
[t=792.255s, 159508 KB] g=795, 10759 evaluated, 34 expanded
[t=806.904s, 159512 KB] New best heuristic value for operatorcounting(constraint_generators=[pho_constraints(patterns=systematic(2))],use_integer_operator_counts=true,transform=adapt_costs(cost_type=one)): 34
[t=806.904s, 159512 KB] g=815, 11097 evaluated, 35 expanded
[t=820.682s, 159520 KB] New best heuristic value for operatorcounting(constraint_generators=[pho_constraints(patterns=systematic(2))],use_integer_operator_counts=true,transform=adapt_costs(cost_type=one)): 33
[t=820.682s, 159520 KB] g=830, 11418 evaluated, 36 expanded
[t=834.185s, 159532 KB] New best heuristic value for operatorcounting(constraint_generators=[pho_constraints(patterns=systematic(2))],use_integer_operator_counts=true,transform=adapt_costs(cost_type=one)): 32
[t=834.185s, 159532 KB] g=840, 11736 evaluated, 37 expanded
[t=848.115s, 159564 KB] New best heuristic value for operatorcounting(constraint_generators=[pho_constraints(patterns=systematic(2))],use_integer_operator_counts=true,transform=adapt_costs(cost_type=one)): 31
[t=848.115s, 159564 KB] g=850, 12054 evaluated, 38 expanded
[t=861.409s, 159612 KB] New best heuristic value for operatorcounting(constraint_generators=[pho_constraints(patterns=systematic(2))],use_integer_operator_counts=true,transform=adapt_costs(cost_type=one)): 30
[t=861.409s, 159612 KB] g=870, 12360 evaluated, 39 expanded
[t=873.939s, 159652 KB] New best heuristic value for operatorcounting(constraint_generators=[pho_constraints(patterns=systematic(2))],use_integer_operator_counts=true,transform=adapt_costs(cost_type=one)): 29
[t=873.939s, 159652 KB] g=880, 12654 evaluated, 40 expanded
[t=885.754s, 159688 KB] New best heuristic value for operatorcounting(constraint_generators=[pho_constraints(patterns=systematic(2))],use_integer_operator_counts=true,transform=adapt_costs(cost_type=one)): 28
[t=885.754s, 159688 KB] g=890, 12944 evaluated, 41 expanded
[t=897.735s, 159728 KB] New best heuristic value for operatorcounting(constraint_generators=[pho_constraints(patterns=systematic(2))],use_integer_operator_counts=true,transform=adapt_costs(cost_type=one)): 27
[t=897.735s, 159728 KB] g=900, 13236 evaluated, 42 expanded
[t=908.401s, 159756 KB] New best heuristic value for operatorcounting(constraint_generators=[pho_constraints(patterns=systematic(2))],use_integer_operator_counts=true,transform=adapt_costs(cost_type=one)): 26
[t=908.401s, 159756 KB] g=915, 13506 evaluated, 43 expanded
[t=918.627s, 159768 KB] New best heuristic value for operatorcounting(constraint_generators=[pho_constraints(patterns=systematic(2))],use_integer_operator_counts=true,transform=adapt_costs(cost_type=one)): 25
[t=918.627s, 159768 KB] g=930, 13758 evaluated, 44 expanded
[t=929.015s, 159776 KB] New best heuristic value for operatorcounting(constraint_generators=[pho_constraints(patterns=systematic(2))],use_integer_operator_counts=true,transform=adapt_costs(cost_type=one)): 24
[t=929.015s, 159776 KB] g=940, 14011 evaluated, 45 expanded
[t=939.253s, 159780 KB] New best heuristic value for operatorcounting(constraint_generators=[pho_constraints(patterns=systematic(2))],use_integer_operator_counts=true,transform=adapt_costs(cost_type=one)): 23
[t=939.253s, 159780 KB] g=955, 14252 evaluated, 46 expanded
[t=949.156s, 159784 KB] New best heuristic value for operatorcounting(constraint_generators=[pho_constraints(patterns=systematic(2))],use_integer_operator_counts=true,transform=adapt_costs(cost_type=one)): 22
[t=949.156s, 159784 KB] g=965, 14489 evaluated, 47 expanded
[t=958.841s, 159792 KB] New best heuristic value for operatorcounting(constraint_generators=[pho_constraints(patterns=systematic(2))],use_integer_operator_counts=true,transform=adapt_costs(cost_type=one)): 21
[t=958.845s, 159792 KB] g=985, 14710 evaluated, 48 expanded
[t=967.874s, 159792 KB] New best heuristic value for operatorcounting(constraint_generators=[pho_constraints(patterns=systematic(2))],use_integer_operator_counts=true,transform=adapt_costs(cost_type=one)): 20
[t=967.874s, 159792 KB] g=995, 14923 evaluated, 49 expanded
[t=976.374s, 159792 KB] New best heuristic value for operatorcounting(constraint_generators=[pho_constraints(patterns=systematic(2))],use_integer_operator_counts=true,transform=adapt_costs(cost_type=one)): 19
[t=976.374s, 159792 KB] g=1005, 15124 evaluated, 50 expanded
[t=984.294s, 159792 KB] New best heuristic value for operatorcounting(constraint_generators=[pho_constraints(patterns=systematic(2))],use_integer_operator_counts=true,transform=adapt_costs(cost_type=one)): 18
[t=984.294s, 159792 KB] g=1050, 15308 evaluated, 51 expanded
[t=991.592s, 159792 KB] New best heuristic value for operatorcounting(constraint_generators=[pho_constraints(patterns=systematic(2))],use_integer_operator_counts=true,transform=adapt_costs(cost_type=one)): 17
[t=991.592s, 159792 KB] g=1060, 15483 evaluated, 52 expanded
[t=999.151s, 159792 KB] New best heuristic value for operatorcounting(constraint_generators=[pho_constraints(patterns=systematic(2))],use_integer_operator_counts=true,transform=adapt_costs(cost_type=one)): 16
[t=999.151s, 159792 KB] g=1075, 15663 evaluated, 53 expanded
[t=1006.23s, 159792 KB] New best heuristic value for operatorcounting(constraint_generators=[pho_constraints(patterns=systematic(2))],use_integer_operator_counts=true,transform=adapt_costs(cost_type=one)): 15
[t=1006.23s, 159792 KB] g=1095, 15823 evaluated, 54 expanded
[t=1022.45s, 159800 KB] New best heuristic value for operatorcounting(constraint_generators=[pho_constraints(patterns=systematic(2))],use_integer_operator_counts=true,transform=adapt_costs(cost_type=one)): 14
[t=1022.45s, 159800 KB] g=1155, 16219 evaluated, 57 expanded
[t=1029.15s, 159812 KB] New best heuristic value for operatorcounting(constraint_generators=[pho_constraints(patterns=systematic(2))],use_integer_operator_counts=true,transform=adapt_costs(cost_type=one)): 13
[t=1029.15s, 159812 KB] g=1165, 16361 evaluated, 58 expanded
[t=1048.1s, 159836 KB] New best heuristic value for operatorcounting(constraint_generators=[pho_constraints(patterns=systematic(2))],use_integer_operator_counts=true,transform=adapt_costs(cost_type=one)): 12
[t=1048.1s, 159836 KB] g=1215, 16750 evaluated, 61 expanded
[t=1054.55s, 159856 KB] New best heuristic value for operatorcounting(constraint_generators=[pho_constraints(patterns=systematic(2))],use_integer_operator_counts=true,transform=adapt_costs(cost_type=one)): 11
[t=1054.55s, 159856 KB] g=1245, 16875 evaluated, 62 expanded
[t=1061.39s, 159864 KB] New best heuristic value for operatorcounting(constraint_generators=[pho_constraints(patterns=systematic(2))],use_integer_operator_counts=true,transform=adapt_costs(cost_type=one)): 10
[t=1061.39s, 159864 KB] g=1260, 17012 evaluated, 63 expanded
[t=1090.71s, 159872 KB] New best heuristic value for operatorcounting(constraint_generators=[pho_constraints(patterns=systematic(2))],use_integer_operator_counts=true,transform=adapt_costs(cost_type=one)): 9
[t=1090.71s, 159872 KB] g=1300, 17559 evaluated, 68 expanded
[t=1096.49s, 159872 KB] New best heuristic value for operatorcounting(constraint_generators=[pho_constraints(patterns=systematic(2))],use_integer_operator_counts=true,transform=adapt_costs(cost_type=one)): 8
[t=1096.49s, 159872 KB] g=1315, 17668 evaluated, 69 expanded
[t=1102.74s, 159872 KB] New best heuristic value for operatorcounting(constraint_generators=[pho_constraints(patterns=systematic(2))],use_integer_operator_counts=true,transform=adapt_costs(cost_type=one)): 7
[t=1102.74s, 159872 KB] g=1325, 17794 evaluated, 70 expanded
[t=1132.01s, 159876 KB] New best heuristic value for operatorcounting(constraint_generators=[pho_constraints(patterns=systematic(2))],use_integer_operator_counts=true,transform=adapt_costs(cost_type=one)): 6
[t=1132.01s, 159876 KB] g=1385, 18321 evaluated, 76 expanded
[t=1137.38s, 159876 KB] New best heuristic value for operatorcounting(constraint_generators=[pho_constraints(patterns=systematic(2))],use_integer_operator_counts=true,transform=adapt_costs(cost_type=one)): 5
[t=1137.38s, 159876 KB] g=1395, 18417 evaluated, 77 expanded
[t=1199.06s, 159876 KB] New best heuristic value for operatorcounting(constraint_generators=[pho_constraints(patterns=systematic(2))],use_integer_operator_counts=true,transform=adapt_costs(cost_type=one)): 4
[t=1199.06s, 159876 KB] g=1445, 19370 evaluated, 89 expanded
[t=1204.36s, 159876 KB] New best heuristic value for operatorcounting(constraint_generators=[pho_constraints(patterns=systematic(2))],use_integer_operator_counts=true,transform=adapt_costs(cost_type=one)): 3
[t=1204.36s, 159876 KB] g=1455, 19449 evaluated, 90 expanded
[t=1303.23s, 159876 KB] New best heuristic value for operatorcounting(constraint_generators=[pho_constraints(patterns=systematic(2))],use_integer_operator_counts=true,transform=adapt_costs(cost_type=one)): 2
[t=1303.23s, 159876 KB] g=1520, 20703 evaluated, 110 expanded
[t=1380.43s, 159884 KB] New best heuristic value for operatorcounting(constraint_generators=[pho_constraints(patterns=systematic(2))],use_integer_operator_counts=true,transform=adapt_costs(cost_type=one)): 1
[t=1380.43s, 159884 KB] g=1545, 21680 evaluated, 126 expanded
[t=1454.57s, 159888 KB] New best heuristic value for operatorcounting(constraint_generators=[pho_constraints(patterns=systematic(2))],use_integer_operator_counts=true,transform=adapt_costs(cost_type=one)): 0
[t=1454.57s, 159888 KB] g=1610, 22671 evaluated, 142 expanded
[t=1455.44s, 159888 KB] Solution found!
[t=1455.44s, 159888 KB] Actual search time: 1447.74s
do-grind p4 grinder0 smooth blue colourfragments untreated (45)
do-glaze p4 glazer0 black (20)
do-plane p25 planer0 rough mauve varnished (10)
do-glaze p25 glazer0 green (10)
do-grind p19 grinder0 verysmooth red varnished colourfragments (15)
do-grind p19 grinder0 verysmooth natural colourfragments untreated (15)
do-glaze p19 glazer0 natural (10)
do-plane p18 planer0 smooth natural glazed (10)
do-spray-varnish p18 spray-varnisher0 black smooth (5)
do-plane p16 planer0 verysmooth green varnished (10)
do-glaze p16 glazer0 red (10)
do-saw-large b0 p0 saw0 cherry rough s10 s8 s9 s7 (30)
do-saw-large b0 p26 saw0 cherry rough s7 s5 s6 s4 (30)
do-saw-medium b0 p27 saw0 cherry rough s7 s6 s5 (30)
do-saw-small b0 p24 saw0 cherry rough s7 s6 (30)
do-saw-medium b3 p1 saw0 oak rough s6 s5 s4 (30)
do-saw-large b5 p10 saw0 oak smooth s6 s4 s5 s3 (30)
do-saw-large b5 p13 saw0 oak smooth s6 s4 s5 s3 (30)
do-saw-large b5 p3 saw0 oak smooth s6 s4 s5 s3 (30)
do-saw-medium b5 p14 saw0 oak smooth s3 s2 s1 (30)
do-saw-medium b5 p9 saw0 oak smooth s3 s2 s1 (30)
do-saw-small b5 p11 saw0 oak smooth s3 s2 (30)
do-saw-small b5 p2 saw0 oak smooth s3 s2 (30)
do-saw-small b5 p22 saw0 oak smooth s3 s2 (30)
do-saw-small b5 p28 saw0 oak smooth s3 s2 (30)
do-saw-medium b5 p12 saw0 oak smooth s3 s2 s1 (30)
do-saw-medium b5 p17 saw0 oak smooth s3 s2 s1 (30)
do-saw-small b5 p5 saw0 oak smooth s3 s2 (30)
do-saw-medium b6 p20 saw0 pine smooth s9 s8 s7 (30)
do-saw-small b6 p23 saw0 pine smooth s7 s6 (30)
do-saw-large b8 p8 saw0 beech rough s10 s8 s9 s7 (30)
do-immersion-varnish p9 immersion-varnisher0 black smooth (10)
do-grind p5 grinder0 smooth natural untreated untreated (15)
do-glaze p5 glazer0 green (10)
do-glaze p3 glazer0 white (20)
do-grind p28 grinder0 smooth natural untreated untreated (15)
do-spray-varnish p28 spray-varnisher0 mauve verysmooth (5)
do-glaze p27 glazer0 green (15)
do-glaze p26 glazer0 natural (20)
do-glaze p24 glazer0 black (10)
do-glaze p23 glazer0 black (10)
do-glaze p22 glazer0 blue (10)
do-glaze p20 glazer0 black (15)
do-grind p2 grinder0 smooth natural untreated untreated (15)
do-glaze p2 glazer0 black (10)
do-glaze p17 glazer0 black (15)
do-immersion-varnish p14 immersion-varnisher0 natural smooth (10)
do-glaze p13 glazer0 black (20)
do-immersion-varnish p12 immersion-varnisher0 blue smooth (10)
do-glaze p11 glazer0 mauve (10)
do-grind p10 grinder0 smooth natural untreated untreated (45)
do-immersion-varnish p10 immersion-varnisher0 black verysmooth (10)
do-glaze p1 glazer0 mauve (15)
do-glaze p0 glazer0 black (20)
do-saw-large b0 p6 saw0 cherry rough s7 s5 s6 s4 (30)
do-plane p6 planer0 rough natural untreated (30)
do-immersion-varnish p6 immersion-varnisher0 black smooth (10)
do-saw-medium b0 p29 saw0 cherry rough s7 s6 s5 (30)
do-plane p29 planer0 rough natural untreated (20)
do-grind p29 grinder0 smooth natural untreated untreated (30)
do-glaze p29 glazer0 black (15)
do-saw-small b10 p21 saw0 beech rough s1 s0 (30)
do-plane p21 planer0 rough natural untreated (10)
do-grind p21 grinder0 smooth natural untreated untreated (15)
do-glaze p21 glazer0 red (10)
do-saw-large b2 p7 saw0 mahogany rough s7 s5 s6 s4 (30)
do-plane p7 planer0 rough natural untreated (30)
do-immersion-varnish p7 immersion-varnisher0 natural smooth (10)
do-saw-medium b8 p15 saw0 beech rough s7 s6 s5 (30)
do-plane p15 planer0 rough natural untreated (20)
do-immersion-varnish p15 immersion-varnisher0 black smooth (10)
do-grind p3 grinder0 smooth white glazed untreated (45)
do-glaze p3 glazer0 white (20)
do-grind p23 grinder0 smooth black glazed untreated (15)
do-glaze p23 glazer0 black (10)
do-grind p13 grinder0 smooth black glazed untreated (45)
do-glaze p13 glazer0 black (20)
[t=1455.44s, 159888 KB] Plan length: 77 step(s).
[t=1455.44s, 159888 KB] Plan cost: 1610
[t=1455.44s, 159888 KB] Expanded 143 state(s).
[t=1455.44s, 159888 KB] Reopened 0 state(s).
[t=1455.44s, 159888 KB] Evaluated 22691 state(s).
[t=1455.44s, 159888 KB] Evaluations: 22691
[t=1455.44s, 159888 KB] Generated 25701 state(s).
[t=1455.44s, 159888 KB] Dead ends: 6148 state(s).
[t=1455.44s, 159888 KB] Number of registered states: 22691
[t=1455.44s, 159888 KB] Int hash set load factor: 22691/32768 = 0.692474
[t=1455.44s, 159888 KB] Int hash set resizes: 15
[t=1455.44s, 159888 KB] Search time: 1447.85s
[t=1455.44s, 159888 KB] Total time: 1455.44s
Solution found.
Peak memory: 159888 KB
Remove intermediate file output.sas
search exit code: 0

INFO     Running validate.
INFO     validate stdin: None
INFO     validate time limit: None
INFO     validate memory limit: None
INFO     validate command line string: /home/henry/bin/validate domain.pddl problem.pddl sas_plan
Checking plan: sas_plan
Plan executed successfully - checking goal
Plan valid
Final value: 1610 

Successful plans:
Value: 1610
 sas_plan 1610 

validate exit code: 0

INFO     Planner time: 1456.81s
