INFO     planner time limit: 1800s
INFO     planner memory limit: 2048 MB

INFO     Running translator.
INFO     translator stdin: None
INFO     translator time limit: 1799s
INFO     translator memory limit: 2048 MB
INFO     translator command line string: /home/henry/Documents/UFRGS/TCC/downward/.venv/bin/python /home/henry/Documents/UFRGS/TCC/downward/experiments/lab/data/main/code-5bb2ccb6957559b6969ffd7e29254c73f84d5e49_e5e41175/builds/release/bin/translate/translate.py domain.pddl problem.pddl --sas-file output.sas
Parsing...
Parsing: [0.010s CPU, 0.003s wall-clock]
Normalizing task... [0.000s CPU, 0.000s wall-clock]
Instantiating...
Generating Datalog program... [0.000s CPU, 0.001s wall-clock]
Normalizing Datalog program...
Normalizing Datalog program: [0.000s CPU, 0.003s wall-clock]
Preparing model... [0.010s CPU, 0.003s wall-clock]
Generated 211 rules.
Computing model... [0.010s CPU, 0.011s wall-clock]
993 relevant atoms
1232 auxiliary atoms
2225 final queue length
3116 total queue pushes
Completing instantiation... [0.010s CPU, 0.011s wall-clock]
Instantiating: [0.030s CPU, 0.030s wall-clock]
Computing fact groups...
Finding invariants...
20 initial candidates
Finding invariants: [0.000s CPU, 0.002s wall-clock]
Checking invariant weight... [0.000s CPU, 0.000s wall-clock]
Instantiating groups... [0.000s CPU, 0.000s wall-clock]
Collecting mutex groups... [0.000s CPU, 0.000s wall-clock]
Choosing groups...
270 uncovered facts
Choosing groups: [0.000s CPU, 0.000s wall-clock]
Building translation key... [0.000s CPU, 0.001s wall-clock]
Computing fact groups: [0.000s CPU, 0.005s wall-clock]
Building STRIPS to SAS dictionary... [0.000s CPU, 0.000s wall-clock]
Building dictionary for full mutex groups... [0.000s CPU, 0.000s wall-clock]
Building mutex information...
Building mutex information: [0.000s CPU, 0.000s wall-clock]
Translating task...
Processing axioms...
Simplifying axioms... [0.000s CPU, 0.000s wall-clock]
Translator axioms removed by simplifying: 0
Computing negative axioms... [0.000s CPU, 0.000s wall-clock]
Processing axioms: [0.000s CPU, 0.001s wall-clock]
Translating task: [0.020s CPU, 0.013s wall-clock]
307 effect conditions simplified
0 implied preconditions added
Detecting unreachable propositions...
0 operators removed
0 axioms removed
11 propositions removed
Detecting unreachable propositions: [0.000s CPU, 0.007s wall-clock]
Reordering and filtering variables...
91 of 278 variables necessary.
0 of 9 mutex groups necessary.
442 of 442 operators necessary.
0 of 0 axiom rules necessary.
Reordering and filtering variables: [0.010s CPU, 0.003s wall-clock]
Translator variables: 91
Translator derived variables: 0
Translator facts: 272
Translator goal facts: 54
Translator mutex groups: 0
Translator total mutex groups size: 0
Translator operators: 442
Translator axioms: 0
Translator task size: 3157
Translator peak memory: 34656 KB
Writing output... [0.000s CPU, 0.002s wall-clock]
Done! [0.070s CPU, 0.066s wall-clock]
translate exit code: 0

INFO     Running search (release).
INFO     search stdin: output.sas
INFO     search time limit: 1799s
INFO     search memory limit: 2048 MB
INFO     search command line string: /home/henry/Documents/UFRGS/TCC/downward/experiments/lab/data/main/code-5bb2ccb6957559b6969ffd7e29254c73f84d5e49_e5e41175/builds/release/bin/downward --search 'eager_greedy([operatorcounting(constraint_generators=[pho_constraints(patterns=systematic(2))], use_integer_operator_counts=true, transform=adapt_costs(cost_type=NORMAL))])' --internal-plan-file sas_plan < output.sas
[t=0s, 45596 KB] reading input...
[t=0.00276496s, 45728 KB] done reading input!
[t=0.00510056s, 46128 KB] Generating patterns using: systematic pattern collection generator
[t=0.00510056s, 46128 KB] building causal graph...done! [t=0s]
[t=0.00510056s, 46128 KB] Found 253 SGA patterns.
[t=0.00510056s, 46128 KB] Found 253 interesting patterns.
[t=0.00510056s, 46128 KB] systematic pattern collection generator number of patterns: 253
[t=0.00510056s, 46128 KB] systematic pattern collection generator total PDB size: 2144
[t=0.00510056s, 46128 KB] systematic pattern collection generator computation time: 0s
[t=0.00510056s, 46128 KB] Computing PDBs for pattern collection...
[t=0.0250777s, 46128 KB] Done computing PDBs for pattern collection: 0.0199772s
[t=0.0290603s, 46260 KB] Building successor generator...done!
[t=0.0290603s, 46260 KB] peak memory difference for successor generator creation: 0 KB
[t=0.0290603s, 46260 KB] time for successor generation creation: 0s
[t=0.0290603s, 46260 KB] Variables: 91
[t=0.0290603s, 46260 KB] FactPairs: 272
[t=0.0290603s, 46260 KB] Bytes per state: 16
[t=0.0290603s, 46260 KB] Conducting best first search without reopening closed nodes, (real) bound = 2147483647
[t=0.0330424s, 49080 KB] New best heuristic value for operatorcounting(constraint_generators=[pho_constraints(patterns=systematic(2))],use_integer_operator_counts=true,transform=adapt_costs(cost_type=normal)): 2257306
[t=0.0330424s, 49080 KB] g=0, 1 evaluated, 0 expanded
[t=0.0330424s, 49080 KB] Initial heuristic value for operatorcounting(constraint_generators=[pho_constraints(patterns=systematic(2))],use_integer_operator_counts=true,transform=adapt_costs(cost_type=normal)): 2257306
[t=0.0330424s, 49080 KB] pruning method: none
[t=0.0410353s, 49100 KB] New best heuristic value for operatorcounting(constraint_generators=[pho_constraints(patterns=systematic(2))],use_integer_operator_counts=true,transform=adapt_costs(cost_type=normal)): 2257181
[t=0.0410353s, 49100 KB] g=224, 3 evaluated, 2 expanded
[t=0.0969722s, 49284 KB] New best heuristic value for operatorcounting(constraint_generators=[pho_constraints(patterns=systematic(2))],use_integer_operator_counts=true,transform=adapt_costs(cost_type=normal)): 2257056
[t=0.0969722s, 49284 KB] g=349, 14 evaluated, 3 expanded
[t=0.168888s, 49288 KB] New best heuristic value for operatorcounting(constraint_generators=[pho_constraints(patterns=systematic(2))],use_integer_operator_counts=true,transform=adapt_costs(cost_type=normal)): 2256931
[t=0.168888s, 49288 KB] g=474, 26 evaluated, 4 expanded
[t=0.248773s, 49452 KB] New best heuristic value for operatorcounting(constraint_generators=[pho_constraints(patterns=systematic(2))],use_integer_operator_counts=true,transform=adapt_costs(cost_type=normal)): 2256806
[t=0.248773s, 49452 KB] g=599, 39 evaluated, 5 expanded
[t=0.324632s, 49452 KB] New best heuristic value for operatorcounting(constraint_generators=[pho_constraints(patterns=systematic(2))],use_integer_operator_counts=true,transform=adapt_costs(cost_type=normal)): 2256681
[t=0.324632s, 49452 KB] g=724, 53 evaluated, 6 expanded
[t=0.412456s, 49516 KB] New best heuristic value for operatorcounting(constraint_generators=[pho_constraints(patterns=systematic(2))],use_integer_operator_counts=true,transform=adapt_costs(cost_type=normal)): 2256556
[t=0.412456s, 49516 KB] g=849, 68 evaluated, 7 expanded
[t=0.500363s, 49516 KB] New best heuristic value for operatorcounting(constraint_generators=[pho_constraints(patterns=systematic(2))],use_integer_operator_counts=true,transform=adapt_costs(cost_type=normal)): 2256431
[t=0.500363s, 49516 KB] g=974, 84 evaluated, 8 expanded
[t=0.592255s, 49516 KB] New best heuristic value for operatorcounting(constraint_generators=[pho_constraints(patterns=systematic(2))],use_integer_operator_counts=true,transform=adapt_costs(cost_type=normal)): 2256306
[t=0.592255s, 49516 KB] g=1099, 101 evaluated, 9 expanded
[t=0.692132s, 49516 KB] New best heuristic value for operatorcounting(constraint_generators=[pho_constraints(patterns=systematic(2))],use_integer_operator_counts=true,transform=adapt_costs(cost_type=normal)): 2256181
[t=0.692132s, 49516 KB] g=1224, 119 evaluated, 10 expanded
[t=0.795988s, 49516 KB] New best heuristic value for operatorcounting(constraint_generators=[pho_constraints(patterns=systematic(2))],use_integer_operator_counts=true,transform=adapt_costs(cost_type=normal)): 2248306
[t=0.795988s, 49516 KB] g=12623, 138 evaluated, 12 expanded
[t=0.903871s, 49804 KB] New best heuristic value for operatorcounting(constraint_generators=[pho_constraints(patterns=systematic(2))],use_integer_operator_counts=true,transform=adapt_costs(cost_type=normal)): 2135889
[t=0.903871s, 49804 KB] g=225413, 156 evaluated, 13 expanded
[t=0.987763s, 49804 KB] New best heuristic value for operatorcounting(constraint_generators=[pho_constraints(patterns=systematic(2))],use_integer_operator_counts=true,transform=adapt_costs(cost_type=normal)): 2130890
[t=0.987763s, 49804 KB] g=230412, 175 evaluated, 14 expanded
[t=1.14353s, 49804 KB] New best heuristic value for operatorcounting(constraint_generators=[pho_constraints(patterns=systematic(2))],use_integer_operator_counts=true,transform=adapt_costs(cost_type=normal)): 2127888
[t=1.14353s, 49804 KB] g=239411, 195 evaluated, 15 expanded
[t=1.24337s, 49864 KB] New best heuristic value for operatorcounting(constraint_generators=[pho_constraints(patterns=systematic(2))],use_integer_operator_counts=true,transform=adapt_costs(cost_type=normal)): 2124889
[t=1.24337s, 49864 KB] g=242410, 212 evaluated, 16 expanded
[t=1.44311s, 49864 KB] New best heuristic value for operatorcounting(constraint_generators=[pho_constraints(patterns=systematic(2))],use_integer_operator_counts=true,transform=adapt_costs(cost_type=normal)): 2117014
[t=1.44311s, 49864 KB] g=253908, 246 evaluated, 18 expanded
[t=1.53898s, 49864 KB] New best heuristic value for operatorcounting(constraint_generators=[pho_constraints(patterns=systematic(2))],use_integer_operator_counts=true,transform=adapt_costs(cost_type=normal)): 1921597
[t=1.53898s, 49864 KB] g=466698, 263 evaluated, 19 expanded
[t=1.6309s, 50560 KB] New best heuristic value for operatorcounting(constraint_generators=[pho_constraints(patterns=systematic(2))],use_integer_operator_counts=true,transform=adapt_costs(cost_type=normal)): 1916598
[t=1.6309s, 50560 KB] g=471697, 279 evaluated, 20 expanded
[t=1.77074s, 51352 KB] New best heuristic value for operatorcounting(constraint_generators=[pho_constraints(patterns=systematic(2))],use_integer_operator_counts=true,transform=adapt_costs(cost_type=normal)): 1915596
[t=1.77074s, 51352 KB] g=480696, 299 evaluated, 21 expanded
[t=1.85867s, 51352 KB] New best heuristic value for operatorcounting(constraint_generators=[pho_constraints(patterns=systematic(2))],use_integer_operator_counts=true,transform=adapt_costs(cost_type=normal)): 1910597
[t=1.85867s, 51352 KB] g=485695, 312 evaluated, 22 expanded
[t=2.0824s, 51352 KB] New best heuristic value for operatorcounting(constraint_generators=[pho_constraints(patterns=systematic(2))],use_integer_operator_counts=true,transform=adapt_costs(cost_type=normal)): 1699809
[t=2.0824s, 51352 KB] g=703485, 344 evaluated, 24 expanded
[t=2.17829s, 51352 KB] New best heuristic value for operatorcounting(constraint_generators=[pho_constraints(patterns=systematic(2))],use_integer_operator_counts=true,transform=adapt_costs(cost_type=normal)): 1692808
[t=2.17829s, 51352 KB] g=713484, 360 evaluated, 25 expanded
[t=2.31015s, 51352 KB] New best heuristic value for operatorcounting(constraint_generators=[pho_constraints(patterns=systematic(2))],use_integer_operator_counts=true,transform=adapt_costs(cost_type=normal)): 1691309
[t=2.31015s, 51352 KB] g=714983, 381 evaluated, 26 expanded
[t=2.47401s, 51352 KB] New best heuristic value for operatorcounting(constraint_generators=[pho_constraints(patterns=systematic(2))],use_integer_operator_counts=true,transform=adapt_costs(cost_type=normal)): 1689807
[t=2.47401s, 51352 KB] g=726481, 407 evaluated, 28 expanded
[t=2.56994s, 51352 KB] New best heuristic value for operatorcounting(constraint_generators=[pho_constraints(patterns=systematic(2))],use_integer_operator_counts=true,transform=adapt_costs(cost_type=normal)): 1477017
[t=2.56994s, 51352 KB] g=939271, 421 evaluated, 29 expanded
[t=2.64587s, 51352 KB] New best heuristic value for operatorcounting(constraint_generators=[pho_constraints(patterns=systematic(2))],use_integer_operator_counts=true,transform=adapt_costs(cost_type=normal)): 1472018
[t=2.64587s, 51352 KB] g=944270, 436 evaluated, 30 expanded
[t=2.72982s, 51352 KB] New best heuristic value for operatorcounting(constraint_generators=[pho_constraints(patterns=systematic(2))],use_integer_operator_counts=true,transform=adapt_costs(cost_type=normal)): 1470519
[t=2.72982s, 51352 KB] g=945769, 451 evaluated, 31 expanded
[t=2.87772s, 51352 KB] New best heuristic value for operatorcounting(constraint_generators=[pho_constraints(patterns=systematic(2))],use_integer_operator_counts=true,transform=adapt_costs(cost_type=normal)): 1469017
[t=2.87772s, 51352 KB] g=957267, 477 evaluated, 33 expanded
[t=2.95367s, 51352 KB] New best heuristic value for operatorcounting(constraint_generators=[pho_constraints(patterns=systematic(2))],use_integer_operator_counts=true,transform=adapt_costs(cost_type=normal)): 1256227
[t=2.95367s, 51352 KB] g=1170057, 490 evaluated, 34 expanded
[t=3.02559s, 51352 KB] New best heuristic value for operatorcounting(constraint_generators=[pho_constraints(patterns=systematic(2))],use_integer_operator_counts=true,transform=adapt_costs(cost_type=normal)): 1251228
[t=3.02559s, 51352 KB] g=1175056, 502 evaluated, 35 expanded
[t=3.10153s, 51352 KB] New best heuristic value for operatorcounting(constraint_generators=[pho_constraints(patterns=systematic(2))],use_integer_operator_counts=true,transform=adapt_costs(cost_type=normal)): 1249729
[t=3.10153s, 51352 KB] g=1176555, 515 evaluated, 36 expanded
[t=3.22944s, 51352 KB] New best heuristic value for operatorcounting(constraint_generators=[pho_constraints(patterns=systematic(2))],use_integer_operator_counts=true,transform=adapt_costs(cost_type=normal)): 1248227
[t=3.22944s, 51352 KB] g=1188053, 537 evaluated, 38 expanded
[t=3.28939s, 51352 KB] New best heuristic value for operatorcounting(constraint_generators=[pho_constraints(patterns=systematic(2))],use_integer_operator_counts=true,transform=adapt_costs(cost_type=normal)): 1035437
[t=3.28939s, 51352 KB] g=1400843, 548 evaluated, 39 expanded
[t=3.33336s, 51352 KB] New best heuristic value for operatorcounting(constraint_generators=[pho_constraints(patterns=systematic(2))],use_integer_operator_counts=true,transform=adapt_costs(cost_type=normal)): 1030438
[t=3.33336s, 51352 KB] g=1405842, 558 evaluated, 40 expanded
[t=3.38933s, 51352 KB] New best heuristic value for operatorcounting(constraint_generators=[pho_constraints(patterns=systematic(2))],use_integer_operator_counts=true,transform=adapt_costs(cost_type=normal)): 1028939
[t=3.38933s, 51352 KB] g=1407341, 569 evaluated, 41 expanded
[t=3.48921s, 51352 KB] New best heuristic value for operatorcounting(constraint_generators=[pho_constraints(patterns=systematic(2))],use_integer_operator_counts=true,transform=adapt_costs(cost_type=normal)): 1027437
[t=3.48921s, 51352 KB] g=1418839, 587 evaluated, 43 expanded
[t=3.52919s, 51352 KB] New best heuristic value for operatorcounting(constraint_generators=[pho_constraints(patterns=systematic(2))],use_integer_operator_counts=true,transform=adapt_costs(cost_type=normal)): 814647
[t=3.52919s, 51352 KB] g=1631629, 596 evaluated, 44 expanded
[t=3.56516s, 51352 KB] New best heuristic value for operatorcounting(constraint_generators=[pho_constraints(patterns=systematic(2))],use_integer_operator_counts=true,transform=adapt_costs(cost_type=normal)): 809648
[t=3.56516s, 51352 KB] g=1636628, 604 evaluated, 45 expanded
[t=3.61311s, 51352 KB] New best heuristic value for operatorcounting(constraint_generators=[pho_constraints(patterns=systematic(2))],use_integer_operator_counts=true,transform=adapt_costs(cost_type=normal)): 808149
[t=3.61311s, 51352 KB] g=1638127, 613 evaluated, 46 expanded
[t=3.67706s, 51352 KB] New best heuristic value for operatorcounting(constraint_generators=[pho_constraints(patterns=systematic(2))],use_integer_operator_counts=true,transform=adapt_costs(cost_type=normal)): 806647
[t=3.67706s, 51352 KB] g=1649625, 627 evaluated, 48 expanded
[t=3.70903s, 51352 KB] New best heuristic value for operatorcounting(constraint_generators=[pho_constraints(patterns=systematic(2))],use_integer_operator_counts=true,transform=adapt_costs(cost_type=normal)): 593857
[t=3.70903s, 51352 KB] g=1862415, 634 evaluated, 49 expanded
[t=3.72902s, 51352 KB] New best heuristic value for operatorcounting(constraint_generators=[pho_constraints(patterns=systematic(2))],use_integer_operator_counts=true,transform=adapt_costs(cost_type=normal)): 588858
[t=3.72902s, 51352 KB] g=1867414, 640 evaluated, 50 expanded
[t=3.75702s, 51352 KB] New best heuristic value for operatorcounting(constraint_generators=[pho_constraints(patterns=systematic(2))],use_integer_operator_counts=true,transform=adapt_costs(cost_type=normal)): 587359
[t=3.75702s, 51352 KB] g=1868913, 647 evaluated, 51 expanded
[t=3.80097s, 51352 KB] New best heuristic value for operatorcounting(constraint_generators=[pho_constraints(patterns=systematic(2))],use_integer_operator_counts=true,transform=adapt_costs(cost_type=normal)): 585857
[t=3.80097s, 51352 KB] g=1880411, 657 evaluated, 53 expanded
[t=3.81695s, 51352 KB] New best heuristic value for operatorcounting(constraint_generators=[pho_constraints(patterns=systematic(2))],use_integer_operator_counts=true,transform=adapt_costs(cost_type=normal)): 373067
[t=3.81695s, 51352 KB] g=2093201, 662 evaluated, 54 expanded
[t=3.82494s, 51352 KB] New best heuristic value for operatorcounting(constraint_generators=[pho_constraints(patterns=systematic(2))],use_integer_operator_counts=true,transform=adapt_costs(cost_type=normal)): 368068
[t=3.82494s, 51352 KB] g=2098200, 666 evaluated, 55 expanded
[t=3.84093s, 51352 KB] New best heuristic value for operatorcounting(constraint_generators=[pho_constraints(patterns=systematic(2))],use_integer_operator_counts=true,transform=adapt_costs(cost_type=normal)): 366569
[t=3.84093s, 51352 KB] g=2099699, 671 evaluated, 56 expanded
[t=3.86091s, 51352 KB] New best heuristic value for operatorcounting(constraint_generators=[pho_constraints(patterns=systematic(2))],use_integer_operator_counts=true,transform=adapt_costs(cost_type=normal)): 365067
[t=3.86091s, 51352 KB] g=2111197, 677 evaluated, 58 expanded
[t=3.86491s, 51352 KB] New best heuristic value for operatorcounting(constraint_generators=[pho_constraints(patterns=systematic(2))],use_integer_operator_counts=true,transform=adapt_costs(cost_type=normal)): 152277
[t=3.86491s, 51352 KB] g=2323987, 680 evaluated, 59 expanded
[t=3.8689s, 51352 KB] New best heuristic value for operatorcounting(constraint_generators=[pho_constraints(patterns=systematic(2))],use_integer_operator_counts=true,transform=adapt_costs(cost_type=normal)): 147278
[t=3.8689s, 51352 KB] g=2328986, 682 evaluated, 60 expanded
[t=3.8769s, 51352 KB] New best heuristic value for operatorcounting(constraint_generators=[pho_constraints(patterns=systematic(2))],use_integer_operator_counts=true,transform=adapt_costs(cost_type=normal)): 145779
[t=3.8769s, 51352 KB] g=2330485, 685 evaluated, 61 expanded
Peak memory: 74172 KB
caught signal 24 -- exiting
Time limit has been reached.
Remove intermediate file output.sas
search exit code: 23

Driver aborting after search
INFO     Planner time: 1797.75s
