INFO     planner time limit: 1800s
INFO     planner memory limit: 2048 MB

INFO     Running translator.
INFO     translator stdin: None
INFO     translator time limit: 1799s
INFO     translator memory limit: 2048 MB
INFO     translator command line string: /home/henry/Documents/UFRGS/TCC/downward/.venv/bin/python /home/henry/Documents/UFRGS/TCC/downward/experiments/lab/data/main/code-fa850d1cb8d716322f299a4f9b64478019793ada_e5e41175/builds/release/bin/translate/translate.py domain.pddl problem.pddl --sas-file output.sas
Parsing...
Parsing: [0.000s CPU, 0.002s wall-clock]
Normalizing task... [0.000s CPU, 0.000s wall-clock]
Instantiating...
Generating Datalog program... [0.000s CPU, 0.000s wall-clock]
Normalizing Datalog program...
Normalizing Datalog program: [0.000s CPU, 0.003s wall-clock]
Preparing model... [0.000s CPU, 0.001s wall-clock]
Generated 54 rules.
Computing model... [0.010s CPU, 0.004s wall-clock]
225 relevant atoms
260 auxiliary atoms
485 final queue length
583 total queue pushes
Completing instantiation... [0.000s CPU, 0.003s wall-clock]
Instantiating: [0.010s CPU, 0.011s wall-clock]
Computing fact groups...
Finding invariants...
11 initial candidates
Finding invariants: [0.000s CPU, 0.002s wall-clock]
Checking invariant weight... [0.000s CPU, 0.000s wall-clock]
Instantiating groups... [0.000s CPU, 0.000s wall-clock]
Collecting mutex groups... [0.000s CPU, 0.000s wall-clock]
Choosing groups...
2 uncovered facts
Choosing groups: [0.000s CPU, 0.000s wall-clock]
Building translation key... [0.000s CPU, 0.000s wall-clock]
Computing fact groups: [0.000s CPU, 0.003s wall-clock]
Building STRIPS to SAS dictionary... [0.000s CPU, 0.000s wall-clock]
Building dictionary for full mutex groups... [0.000s CPU, 0.000s wall-clock]
Building mutex information...
Building mutex information: [0.000s CPU, 0.000s wall-clock]
Translating task...
Processing axioms...
Simplifying axioms... [0.000s CPU, 0.000s wall-clock]
Translator axioms removed by simplifying: 0
Computing negative axioms... [0.000s CPU, 0.000s wall-clock]
Processing axioms: [0.000s CPU, 0.000s wall-clock]
Translating task: [0.010s CPU, 0.003s wall-clock]
12 effect conditions simplified
0 implied preconditions added
Detecting unreachable propositions...
0 operators removed
0 axioms removed
8 propositions removed
Detecting unreachable propositions: [0.000s CPU, 0.001s wall-clock]
Reordering and filtering variables...
9 of 10 variables necessary.
2 of 10 mutex groups necessary.
108 of 120 operators necessary.
0 of 0 axiom rules necessary.
Reordering and filtering variables: [0.000s CPU, 0.001s wall-clock]
Translator variables: 9
Translator derived variables: 0
Translator facts: 41
Translator goal facts: 6
Translator mutex groups: 2
Translator total mutex groups size: 6
Translator operators: 108
Translator axioms: 0
Translator task size: 506
Translator peak memory: 32116 KB
Writing output... [0.000s CPU, 0.001s wall-clock]
Done! [0.020s CPU, 0.022s wall-clock]
translate exit code: 0

INFO     Running search (release).
INFO     search stdin: output.sas
INFO     search time limit: 1799s
INFO     search memory limit: 2048 MB
INFO     search command line string: /home/henry/Documents/UFRGS/TCC/downward/experiments/lab/data/main/code-fa850d1cb8d716322f299a4f9b64478019793ada_e5e41175/builds/release/bin/downward --search 'eager_greedy([operatorcounting(constraint_generators=[pho_constraints(patterns=systematic(2))], use_integer_operator_counts=true, transform=adapt_costs(cost_type=ONE))])' --internal-plan-file sas_plan < output.sas
[t=0s, 45596 KB] reading input...
[t=0s, 45596 KB] done reading input!
[t=0.00400271s, 45860 KB] Generating patterns using: systematic pattern collection generator
[t=0.00400271s, 45860 KB] building causal graph...done! [t=0s]
[t=0.00400271s, 45860 KB] Found 18 SGA patterns.
[t=0.00400271s, 45860 KB] Found 18 interesting patterns.
[t=0.00400271s, 45860 KB] systematic pattern collection generator number of patterns: 18
[t=0.00400271s, 45860 KB] systematic pattern collection generator total PDB size: 247
[t=0.00400271s, 45860 KB] systematic pattern collection generator computation time: 0s
[t=0.00400271s, 45860 KB] Computing PDBs for pattern collection...
[t=0.00400271s, 45860 KB] Done computing PDBs for pattern collection: 0s
[t=0.00400271s, 45860 KB] Building successor generator...done!
[t=0.00400271s, 45860 KB] peak memory difference for successor generator creation: 0 KB
[t=0.00400271s, 45860 KB] time for successor generation creation: 0s
[t=0.00400271s, 45860 KB] Variables: 9
[t=0.00400271s, 45860 KB] FactPairs: 41
[t=0.00400271s, 45860 KB] Bytes per state: 4
[t=0.00400271s, 45860 KB] Conducting best first search without reopening closed nodes, (real) bound = 2147483647
[t=0.00400271s, 46288 KB] New best heuristic value for operatorcounting(constraint_generators=[pho_constraints(patterns=systematic(2))],use_integer_operator_counts=true,transform=adapt_costs(cost_type=one)): 8
[t=0.00400271s, 46288 KB] g=0, 1 evaluated, 0 expanded
[t=0.00400271s, 46288 KB] Initial heuristic value for operatorcounting(constraint_generators=[pho_constraints(patterns=systematic(2))],use_integer_operator_counts=true,transform=adapt_costs(cost_type=one)): 8
[t=0.00400271s, 46288 KB] pruning method: none
[t=0.00801218s, 46852 KB] New best heuristic value for operatorcounting(constraint_generators=[pho_constraints(patterns=systematic(2))],use_integer_operator_counts=true,transform=adapt_costs(cost_type=one)): 7
[t=0.00801218s, 46852 KB] g=1, 7 evaluated, 1 expanded
[t=0.00801218s, 46852 KB] New best heuristic value for operatorcounting(constraint_generators=[pho_constraints(patterns=systematic(2))],use_integer_operator_counts=true,transform=adapt_costs(cost_type=one)): 6
[t=0.00801218s, 46852 KB] g=2, 12 evaluated, 2 expanded
[t=0.0319668s, 46852 KB] New best heuristic value for operatorcounting(constraint_generators=[pho_constraints(patterns=systematic(2))],use_integer_operator_counts=true,transform=adapt_costs(cost_type=one)): 5
[t=0.0319668s, 46852 KB] g=6, 77 evaluated, 24 expanded
[t=0.0359828s, 46852 KB] New best heuristic value for operatorcounting(constraint_generators=[pho_constraints(patterns=systematic(2))],use_integer_operator_counts=true,transform=adapt_costs(cost_type=one)): 4
[t=0.0359828s, 46852 KB] g=7, 86 evaluated, 25 expanded
[t=0.0559274s, 46852 KB] New best heuristic value for operatorcounting(constraint_generators=[pho_constraints(patterns=systematic(2))],use_integer_operator_counts=true,transform=adapt_costs(cost_type=one)): 3
[t=0.0559274s, 46852 KB] g=8, 146 evaluated, 35 expanded
[t=0.0599375s, 46852 KB] New best heuristic value for operatorcounting(constraint_generators=[pho_constraints(patterns=systematic(2))],use_integer_operator_counts=true,transform=adapt_costs(cost_type=one)): 2
[t=0.0599375s, 46852 KB] g=9, 155 evaluated, 36 expanded
[t=0.0918575s, 46852 KB] New best heuristic value for operatorcounting(constraint_generators=[pho_constraints(patterns=systematic(2))],use_integer_operator_counts=true,transform=adapt_costs(cost_type=one)): 1
[t=0.0918575s, 46852 KB] g=12, 240 evaluated, 51 expanded
[t=0.0918575s, 46852 KB] New best heuristic value for operatorcounting(constraint_generators=[pho_constraints(patterns=systematic(2))],use_integer_operator_counts=true,transform=adapt_costs(cost_type=one)): 0
[t=0.0918575s, 46852 KB] g=13, 245 evaluated, 52 expanded
[t=0.0958547s, 46852 KB] Solution found!
[t=0.0958547s, 46852 KB] Actual search time: 0.091852s
walk driver2 s0 p2-0 (1)
walk driver2 p2-0 s2 (1)
board-truck driver1 truck1 s1 (1)
drive-truck truck1 s1 s0 driver1 (1)
load-truck package2 truck1 s0 (1)
load-truck package1 truck1 s0 (1)
drive-truck truck1 s0 s1 driver1 (1)
unload-truck package2 truck1 s1 (1)
unload-truck package1 truck1 s1 (1)
load-truck package3 truck1 s1 (1)
drive-truck truck1 s1 s2 driver1 (1)
unload-truck package3 truck1 s2 (1)
drive-truck truck1 s2 s1 driver1 (1)
[t=0.0958547s, 46852 KB] Plan length: 13 step(s).
[t=0.0958547s, 46852 KB] Plan cost: 13
[t=0.0958547s, 46852 KB] Expanded 53 state(s).
[t=0.0958547s, 46852 KB] Reopened 0 state(s).
[t=0.0958547s, 46852 KB] Evaluated 249 state(s).
[t=0.0958547s, 46852 KB] Evaluations: 249
[t=0.0958547s, 46852 KB] Generated 372 state(s).
[t=0.0958547s, 46852 KB] Dead ends: 0 state(s).
[t=0.0958547s, 46852 KB] Number of registered states: 249
[t=0.0958547s, 46852 KB] Int hash set load factor: 249/256 = 0.972656
[t=0.0958547s, 46852 KB] Int hash set resizes: 8
[t=0.0958547s, 46852 KB] Search time: 0.091852s
[t=0.0958547s, 46852 KB] Total time: 0.0958547s
Solution found.
Peak memory: 46852 KB
Remove intermediate file output.sas
search exit code: 0

INFO     Running validate.
INFO     validate stdin: None
INFO     validate time limit: None
INFO     validate memory limit: None
INFO     validate command line string: /home/henry/bin/validate domain.pddl problem.pddl sas_plan
Checking plan: sas_plan
Plan executed successfully - checking goal
Plan valid
Final value: 13 

Successful plans:
Value: 13
 sas_plan 13 

validate exit code: 0

INFO     Planner time: 0.19s
