INFO     planner time limit: 1800s
INFO     planner memory limit: 2048 MB

INFO     Running translator.
INFO     translator stdin: None
INFO     translator time limit: 1799s
INFO     translator memory limit: 2048 MB
INFO     translator command line string: /home/henry/Documents/UFRGS/TCC/downward/.venv/bin/python /home/henry/Documents/UFRGS/TCC/downward/experiments/lab/data/main/code-5bb2ccb6957559b6969ffd7e29254c73f84d5e49_e5e41175/builds/release/bin/translate/translate.py domain.pddl problem.pddl --sas-file output.sas
Parsing...
Parsing: [0.000s CPU, 0.002s wall-clock]
Normalizing task... [0.000s CPU, 0.000s wall-clock]
Instantiating...
Generating Datalog program... [0.000s CPU, 0.001s wall-clock]
Normalizing Datalog program...
Normalizing Datalog program: [0.000s CPU, 0.003s wall-clock]
Preparing model... [0.000s CPU, 0.002s wall-clock]
Generated 115 rules.
Computing model... [0.030s CPU, 0.032s wall-clock]
3094 relevant atoms
3221 auxiliary atoms
6315 final queue length
10878 total queue pushes
Completing instantiation... [0.070s CPU, 0.066s wall-clock]
Instantiating: [0.100s CPU, 0.105s wall-clock]
Computing fact groups...
Finding invariants...
24 initial candidates
Finding invariants: [0.010s CPU, 0.012s wall-clock]
Checking invariant weight... [0.000s CPU, 0.000s wall-clock]
Instantiating groups... [0.000s CPU, 0.000s wall-clock]
Collecting mutex groups... [0.000s CPU, 0.000s wall-clock]
Choosing groups...
328 uncovered facts
Choosing groups: [0.000s CPU, 0.000s wall-clock]
Building translation key... [0.000s CPU, 0.001s wall-clock]
Computing fact groups: [0.010s CPU, 0.015s wall-clock]
Building STRIPS to SAS dictionary... [0.000s CPU, 0.000s wall-clock]
Building dictionary for full mutex groups... [0.010s CPU, 0.000s wall-clock]
Building mutex information...
Building mutex information: [0.000s CPU, 0.000s wall-clock]
Translating task...
Processing axioms...
Simplifying axioms... [0.000s CPU, 0.000s wall-clock]
Translator axioms removed by simplifying: 0
Computing negative axioms... [0.000s CPU, 0.000s wall-clock]
Processing axioms: [0.000s CPU, 0.004s wall-clock]
Translating task: [0.080s CPU, 0.084s wall-clock]
3672 effect conditions simplified
0 implied preconditions added
Detecting unreachable propositions...
0 operators removed
0 axioms removed
3 propositions removed
Detecting unreachable propositions: [0.040s CPU, 0.038s wall-clock]
Reordering and filtering variables...
331 of 331 variables necessary.
15 of 18 mutex groups necessary.
2194 of 2194 operators necessary.
0 of 0 axiom rules necessary.
Reordering and filtering variables: [0.030s CPU, 0.035s wall-clock]
Translator variables: 331
Translator derived variables: 0
Translator facts: 691
Translator goal facts: 13
Translator mutex groups: 15
Translator total mutex groups size: 45
Translator operators: 2194
Translator axioms: 0
Translator task size: 21018
Translator peak memory: 44796 KB
Writing output... [0.020s CPU, 0.016s wall-clock]
Done! [0.290s CPU, 0.301s wall-clock]
translate exit code: 0

INFO     Running search (release).
INFO     search stdin: output.sas
INFO     search time limit: 1799s
INFO     search memory limit: 2048 MB
INFO     search command line string: /home/henry/Documents/UFRGS/TCC/downward/experiments/lab/data/main/code-5bb2ccb6957559b6969ffd7e29254c73f84d5e49_e5e41175/builds/release/bin/downward --search 'eager_greedy([ilsh(patterns=systematic(4), transform=adapt_costs(cost_type=NORMAL))])' --internal-plan-file sas_plan < output.sas
[t=0s, 10544 KB] reading input...
[t=0.00798215s, 11412 KB] done reading input!
[t=0.00798215s, 11808 KB] Generating patterns using: systematic pattern collection generator
[t=0.00798215s, 11808 KB] building causal graph...done! [t=0.00400473s]
[t=0.12788s, 41568 KB] Found 119732 SGA patterns.
[t=1.54686s, 48904 KB] Found 132266 interesting patterns.
[t=1.62278s, 48904 KB] systematic pattern collection generator number of patterns: 132266
[t=1.63078s, 48904 KB] systematic pattern collection generator total PDB size: 4969724
[t=1.63876s, 48904 KB] systematic pattern collection generator computation time: 1.6148s
[t=1.63876s, 48904 KB] Computing PDBs for pattern collection...
[t=71.6993s, 80984 KB] Done computing PDBs for pattern collection: 70.0605s
[t=79.4688s, 1537740 KB] Tie breaking: 2
[t=79.4768s, 1537740 KB] Building successor generator...done!
[t=79.4808s, 1537740 KB] peak memory difference for successor generator creation: 0 KB
[t=79.4808s, 1537740 KB] time for successor generation creation: 0.00397816s
[t=79.4808s, 1537740 KB] Variables: 331
[t=79.4808s, 1537740 KB] FactPairs: 691
[t=79.4808s, 1537740 KB] Bytes per state: 44
[t=79.4808s, 1537740 KB] Conducting best first search without reopening closed nodes, (real) bound = 2147483647
Peak memory: 1537740 KB
caught signal 24 -- exiting
Time limit has been reached.
Remove intermediate file output.sas
search exit code: 23

Driver aborting after search
INFO     Planner time: 1797.59s
