INFO     planner time limit: 1800s
INFO     planner memory limit: 2048 MB

INFO     Running translator.
INFO     translator stdin: None
INFO     translator time limit: 1799s
INFO     translator memory limit: 2048 MB
INFO     translator command line string: /home/henry/Documents/UFRGS/TCC/downward/.venv/bin/python /home/henry/Documents/UFRGS/TCC/downward/experiments/lab/data/main/code-5bb2ccb6957559b6969ffd7e29254c73f84d5e49_e5e41175/builds/release/bin/translate/translate.py domain.pddl problem.pddl --sas-file output.sas
Parsing...
Parsing: [0.010s CPU, 0.004s wall-clock]
Normalizing task... [0.000s CPU, 0.000s wall-clock]
Instantiating...
Generating Datalog program... [0.000s CPU, 0.001s wall-clock]
Normalizing Datalog program...
Trivial rules: Converted to facts.
Normalizing Datalog program: [0.000s CPU, 0.003s wall-clock]
Preparing model... [0.000s CPU, 0.003s wall-clock]
Generated 129 rules.
Computing model... [1.280s CPU, 1.280s wall-clock]
107368 relevant atoms
90100 auxiliary atoms
197468 final queue length
644874 total queue pushes
Completing instantiation... [5.940s CPU, 5.935s wall-clock]
Instantiating: [7.250s CPU, 7.260s wall-clock]
Computing fact groups...
Finding invariants...
28 initial candidates
Finding invariants: [0.020s CPU, 0.024s wall-clock]
Checking invariant weight... [0.000s CPU, 0.000s wall-clock]
Instantiating groups... [0.010s CPU, 0.002s wall-clock]
Collecting mutex groups... [0.000s CPU, 0.001s wall-clock]
Choosing groups...
1001 uncovered facts
Choosing groups: [0.000s CPU, 0.002s wall-clock]
Building translation key... [0.000s CPU, 0.003s wall-clock]
Computing fact groups: [0.040s CPU, 0.041s wall-clock]
Building STRIPS to SAS dictionary... [0.000s CPU, 0.001s wall-clock]
Building dictionary for full mutex groups... [0.000s CPU, 0.001s wall-clock]
Building mutex information...
Building mutex information: [0.000s CPU, 0.001s wall-clock]
Translating task...
Processing axioms...
Simplifying axioms... [0.000s CPU, 0.000s wall-clock]
Translator axioms removed by simplifying: 0
Computing negative axioms... [0.000s CPU, 0.000s wall-clock]
Processing axioms: [0.320s CPU, 0.321s wall-clock]
Translating task: [6.270s CPU, 6.279s wall-clock]
164605 effect conditions simplified
0 implied preconditions added
Detecting unreachable propositions...
0 operators removed
0 axioms removed
61 propositions removed
Detecting unreachable propositions: [4.210s CPU, 4.199s wall-clock]
Reordering and filtering variables...
1036 of 1038 variables necessary.
0 of 45 mutex groups necessary.
104231 of 104231 operators necessary.
0 of 0 axiom rules necessary.
Reordering and filtering variables: [1.800s CPU, 1.804s wall-clock]
Translator variables: 1036
Translator derived variables: 0
Translator facts: 3208
Translator goal facts: 54
Translator mutex groups: 0
Translator total mutex groups size: 0
Translator operators: 104231
Translator axioms: 0
Translator task size: 1406923
Translator peak memory: 715944 KB
Writing output... [0.950s CPU, 0.956s wall-clock]
Done! [20.790s CPU, 20.801s wall-clock]
translate exit code: 0

INFO     Running search (release).
INFO     search stdin: output.sas
INFO     search time limit: 1779s
INFO     search memory limit: 2048 MB
INFO     search command line string: /home/henry/Documents/UFRGS/TCC/downward/experiments/lab/data/main/code-5bb2ccb6957559b6969ffd7e29254c73f84d5e49_e5e41175/builds/release/bin/downward --search 'eager_greedy([operatorcounting(constraint_generators=[pho_constraints(patterns=systematic(4))], use_integer_operator_counts=true, transform=adapt_costs(cost_type=ONE))])' --internal-plan-file sas_plan < output.sas
[t=0s, 10544 KB] reading input...
[t=0.623804s, 61236 KB] done reading input!
Peak memory: 61500 KB
Remove intermediate file output.sas
search exit code: 32

Driver aborting after search
INFO     Planner time: 21.56s
