INFO     planner time limit: 1800s
INFO     planner memory limit: 2048 MB

INFO     Running translator.
INFO     translator stdin: None
INFO     translator time limit: 1799s
INFO     translator memory limit: 2048 MB
INFO     translator command line string: /home/henry/Documents/UFRGS/TCC/downward/.venv/bin/python /home/henry/Documents/UFRGS/TCC/downward/experiments/lab/data/main/code-5bb2ccb6957559b6969ffd7e29254c73f84d5e49_e5e41175/builds/release/bin/translate/translate.py domain.pddl problem.pddl --sas-file output.sas
Parsing...
Parsing: [0.000s CPU, 0.004s wall-clock]
Normalizing task... [0.000s CPU, 0.000s wall-clock]
Instantiating...
Generating Datalog program... [0.000s CPU, 0.001s wall-clock]
Normalizing Datalog program...
Normalizing Datalog program: [0.010s CPU, 0.003s wall-clock]
Preparing model... [0.000s CPU, 0.003s wall-clock]
Generated 212 rules.
Computing model... [0.010s CPU, 0.010s wall-clock]
1045 relevant atoms
1190 auxiliary atoms
2235 final queue length
3108 total queue pushes
Completing instantiation... [0.020s CPU, 0.013s wall-clock]
Instantiating: [0.040s CPU, 0.030s wall-clock]
Computing fact groups...
Finding invariants...
20 initial candidates
Finding invariants: [0.000s CPU, 0.004s wall-clock]
Checking invariant weight... [0.000s CPU, 0.000s wall-clock]
Instantiating groups... [0.000s CPU, 0.001s wall-clock]
Collecting mutex groups... [0.000s CPU, 0.000s wall-clock]
Choosing groups...
249 uncovered facts
Choosing groups: [0.000s CPU, 0.000s wall-clock]
Building translation key... [0.000s CPU, 0.001s wall-clock]
Computing fact groups: [0.010s CPU, 0.008s wall-clock]
Building STRIPS to SAS dictionary... [0.000s CPU, 0.000s wall-clock]
Building dictionary for full mutex groups... [0.000s CPU, 0.000s wall-clock]
Building mutex information...
Building mutex information: [0.000s CPU, 0.000s wall-clock]
Translating task...
Processing axioms...
Simplifying axioms... [0.000s CPU, 0.000s wall-clock]
Translator axioms removed by simplifying: 0
Computing negative axioms... [0.000s CPU, 0.000s wall-clock]
Processing axioms: [0.000s CPU, 0.001s wall-clock]
Translating task: [0.010s CPU, 0.012s wall-clock]
325 effect conditions simplified
0 implied preconditions added
Detecting unreachable propositions...
0 operators removed
0 axioms removed
11 propositions removed
Detecting unreachable propositions: [0.010s CPU, 0.007s wall-clock]
Reordering and filtering variables...
95 of 257 variables necessary.
0 of 9 mutex groups necessary.
433 of 433 operators necessary.
0 of 0 axiom rules necessary.
Reordering and filtering variables: [0.000s CPU, 0.003s wall-clock]
Translator variables: 95
Translator derived variables: 0
Translator facts: 334
Translator goal facts: 54
Translator mutex groups: 0
Translator total mutex groups size: 0
Translator operators: 433
Translator axioms: 0
Translator task size: 3203
Translator peak memory: 34656 KB
Writing output... [0.000s CPU, 0.002s wall-clock]
Done! [0.070s CPU, 0.068s wall-clock]
translate exit code: 0

INFO     Running search (release).
INFO     search stdin: output.sas
INFO     search time limit: 1799s
INFO     search memory limit: 2048 MB
INFO     search command line string: /home/henry/Documents/UFRGS/TCC/downward/experiments/lab/data/main/code-5bb2ccb6957559b6969ffd7e29254c73f84d5e49_e5e41175/builds/release/bin/downward --search 'eager_greedy([ilsh(patterns=systematic(4), transform=adapt_costs(cost_type=NORMAL))])' --internal-plan-file sas_plan < output.sas
[t=0s, 10544 KB] reading input...
[t=0s, 10676 KB] done reading input!
[t=0.00399978s, 11076 KB] Generating patterns using: systematic pattern collection generator
[t=0.00399978s, 11076 KB] building causal graph...done! [t=0s]
[t=0.0119957s, 14416 KB] Found 14004 SGA patterns.
[t=0.107895s, 18532 KB] Found 38088 interesting patterns.
[t=0.119894s, 18928 KB] systematic pattern collection generator number of patterns: 38088
[t=0.119894s, 18928 KB] systematic pattern collection generator total PDB size: 5032572
[t=0.123875s, 18928 KB] systematic pattern collection generator computation time: 0.115894s
[t=0.123875s, 18928 KB] Computing PDBs for pattern collection...
[t=3.16422s, 44432 KB] Done computing PDBs for pattern collection: 3.04034s
[t=3.4639s, 61640 KB] Tie breaking: 2
[t=3.46789s, 61640 KB] Building successor generator...done!
[t=3.46789s, 61640 KB] peak memory difference for successor generator creation: 0 KB
[t=3.46789s, 61640 KB] time for successor generation creation: 0s
[t=3.46789s, 61640 KB] Variables: 95
[t=3.46789s, 61640 KB] FactPairs: 334
[t=3.46789s, 61640 KB] Bytes per state: 20
[t=3.46789s, 61640 KB] Conducting best first search without reopening closed nodes, (real) bound = 2147483647
Peak memory: 61640 KB
caught signal 24 -- exiting
Time limit has been reached.
Remove intermediate file output.sas
search exit code: 23

Driver aborting after search
INFO     Planner time: 1798.15s
