INFO     planner time limit: 1800s
INFO     planner memory limit: 2048 MB

INFO     Running translator.
INFO     translator stdin: None
INFO     translator time limit: 1799s
INFO     translator memory limit: 2048 MB
INFO     translator command line string: /home/henry/Documents/UFRGS/TCC/downward/.venv/bin/python /home/henry/Documents/UFRGS/TCC/downward/experiments/lab/data/main/code-5bb2ccb6957559b6969ffd7e29254c73f84d5e49_e5e41175/builds/release/bin/translate/translate.py domain.pddl problem.pddl --sas-file output.sas
Parsing...
Parsing: [0.000s CPU, 0.002s wall-clock]
Normalizing task... [0.000s CPU, 0.000s wall-clock]
Instantiating...
Generating Datalog program... [0.010s CPU, 0.001s wall-clock]
Normalizing Datalog program...
Normalizing Datalog program: [0.000s CPU, 0.003s wall-clock]
Preparing model... [0.010s CPU, 0.002s wall-clock]
Generated 115 rules.
Computing model... [0.040s CPU, 0.039s wall-clock]
3955 relevant atoms
3949 auxiliary atoms
7904 final queue length
13920 total queue pushes
Completing instantiation... [0.080s CPU, 0.079s wall-clock]
Instantiating: [0.140s CPU, 0.126s wall-clock]
Computing fact groups...
Finding invariants...
24 initial candidates
Finding invariants: [0.010s CPU, 0.011s wall-clock]
Checking invariant weight... [0.000s CPU, 0.000s wall-clock]
Instantiating groups... [0.000s CPU, 0.001s wall-clock]
Collecting mutex groups... [0.000s CPU, 0.000s wall-clock]
Choosing groups...
405 uncovered facts
Choosing groups: [0.000s CPU, 0.000s wall-clock]
Building translation key... [0.000s CPU, 0.001s wall-clock]
Computing fact groups: [0.010s CPU, 0.014s wall-clock]
Building STRIPS to SAS dictionary... [0.000s CPU, 0.000s wall-clock]
Building dictionary for full mutex groups... [0.000s CPU, 0.000s wall-clock]
Building mutex information...
Building mutex information: [0.000s CPU, 0.000s wall-clock]
Translating task...
Processing axioms...
Simplifying axioms... [0.000s CPU, 0.000s wall-clock]
Translator axioms removed by simplifying: 0
Computing negative axioms... [0.000s CPU, 0.000s wall-clock]
Processing axioms: [0.010s CPU, 0.005s wall-clock]
Translating task: [0.110s CPU, 0.113s wall-clock]
4712 effect conditions simplified
0 implied preconditions added
Detecting unreachable propositions...
0 operators removed
0 axioms removed
3 propositions removed
Detecting unreachable propositions: [0.050s CPU, 0.044s wall-clock]
Reordering and filtering variables...
408 of 408 variables necessary.
17 of 20 mutex groups necessary.
2814 of 2814 operators necessary.
0 of 0 axiom rules necessary.
Reordering and filtering variables: [0.030s CPU, 0.029s wall-clock]
Translator variables: 408
Translator derived variables: 0
Translator facts: 849
Translator goal facts: 15
Translator mutex groups: 17
Translator total mutex groups size: 51
Translator operators: 2814
Translator axioms: 0
Translator task size: 26997
Translator peak memory: 48144 KB
Writing output... [0.030s CPU, 0.025s wall-clock]
Done! [0.370s CPU, 0.360s wall-clock]
translate exit code: 0

INFO     Running search (release).
INFO     search stdin: output.sas
INFO     search time limit: 1799s
INFO     search memory limit: 2048 MB
INFO     search command line string: /home/henry/Documents/UFRGS/TCC/downward/experiments/lab/data/main/code-5bb2ccb6957559b6969ffd7e29254c73f84d5e49_e5e41175/builds/release/bin/downward --search 'eager_greedy([ff(transform=adapt_costs(cost_type=ONE))])' --internal-plan-file sas_plan < output.sas
[t=0s, 10544 KB] reading input...
[t=0.0119887s, 11736 KB] done reading input!
[t=0.0119887s, 12792 KB] Simplifying 10410 unary operators... done! [8826 unary operators]
[t=0.0199811s, 13452 KB] time to simplify: 0.00799238s
[t=0.0199811s, 13452 KB] Initializing additive heuristic...
[t=0.0199811s, 13452 KB] Initializing FF heuristic...
[t=0.0199811s, 13452 KB] Building successor generator...done!
[t=0.0199811s, 13452 KB] peak memory difference for successor generator creation: 0 KB
[t=0.0199811s, 13452 KB] time for successor generation creation: 0s
[t=0.0199811s, 13452 KB] Variables: 408
[t=0.0199811s, 13452 KB] FactPairs: 849
[t=0.0199811s, 13452 KB] Bytes per state: 56
[t=0.0199811s, 13452 KB] Conducting best first search without reopening closed nodes, (real) bound = 2147483647
[t=0.0199811s, 13452 KB] New best heuristic value for ff(transform=adapt_costs(cost_type=one)): 39
[t=0.0199811s, 13452 KB] g=0, 1 evaluated, 0 expanded
[t=0.0199811s, 13452 KB] Initial heuristic value for ff(transform=adapt_costs(cost_type=one)): 39
[t=0.0199811s, 13452 KB] pruning method: none
[t=0.0239872s, 13452 KB] New best heuristic value for ff(transform=adapt_costs(cost_type=one)): 37
[t=0.0239872s, 13452 KB] g=1, 14 evaluated, 1 expanded
[t=0.0359795s, 13452 KB] New best heuristic value for ff(transform=adapt_costs(cost_type=one)): 36
[t=0.0359795s, 13452 KB] g=4, 160 evaluated, 23 expanded
[t=0.0399697s, 13452 KB] New best heuristic value for ff(transform=adapt_costs(cost_type=one)): 35
[t=0.0399697s, 13452 KB] g=5, 200 evaluated, 25 expanded
[t=0.0919369s, 13452 KB] New best heuristic value for ff(transform=adapt_costs(cost_type=one)): 34
[t=0.0919369s, 13452 KB] g=9, 764 evaluated, 94 expanded
[t=589.538s, 541680 KB] New best heuristic value for ff(transform=adapt_costs(cost_type=one)): 33
[t=589.538s, 541680 KB] g=20, 5954251 evaluated, 1135296 expanded
[t=589.594s, 541680 KB] New best heuristic value for ff(transform=adapt_costs(cost_type=one)): 32
[t=589.594s, 541680 KB] g=23, 5954791 evaluated, 1135324 expanded
[t=997.443s, 931764 KB] New best heuristic value for ff(transform=adapt_costs(cost_type=one)): 31
[t=997.443s, 931764 KB] g=34, 10125141 evaluated, 1910102 expanded
[t=997.487s, 931896 KB] New best heuristic value for ff(transform=adapt_costs(cost_type=one)): 30
[t=997.487s, 931896 KB] g=37, 10125642 evaluated, 1910128 expanded
[t=1275.81s, 1157032 KB] New best heuristic value for ff(transform=adapt_costs(cost_type=one)): 29
[t=1275.81s, 1157032 KB] g=48, 13022232 evaluated, 2434408 expanded
[t=1275.86s, 1157032 KB] New best heuristic value for ff(transform=adapt_costs(cost_type=one)): 28
[t=1275.86s, 1157032 KB] g=51, 13022713 evaluated, 2434433 expanded
[t=1451.42s, 1454868 KB] New best heuristic value for ff(transform=adapt_costs(cost_type=one)): 27
[t=1451.42s, 1454868 KB] g=63, 14897632 evaluated, 2764510 expanded
[t=1451.46s, 1454868 KB] New best heuristic value for ff(transform=adapt_costs(cost_type=one)): 26
[t=1451.46s, 1454868 KB] g=66, 14898090 evaluated, 2764533 expanded
[t=1486.01s, 1463544 KB] New best heuristic value for ff(transform=adapt_costs(cost_type=one)): 25
[t=1486.01s, 1463544 KB] g=66, 15279415 evaluated, 2820600 expanded
[t=1534.48s, 1505292 KB] New best heuristic value for ff(transform=adapt_costs(cost_type=one)): 24
[t=1534.48s, 1505292 KB] g=78, 15815851 evaluated, 2917105 expanded
[t=1534.49s, 1505292 KB] New best heuristic value for ff(transform=adapt_costs(cost_type=one)): 23
[t=1534.49s, 1505292 KB] g=81, 15815983 evaluated, 2917113 expanded
[t=1545.04s, 1514752 KB] New best heuristic value for ff(transform=adapt_costs(cost_type=one)): 22
[t=1545.04s, 1514752 KB] g=87, 15938473 evaluated, 2936549 expanded
[t=1545.06s, 1514888 KB] New best heuristic value for ff(transform=adapt_costs(cost_type=one)): 21
[t=1545.06s, 1514888 KB] g=91, 15938724 evaluated, 2936576 expanded
[t=1545.06s, 1514888 KB] New best heuristic value for ff(transform=adapt_costs(cost_type=one)): 20
[t=1545.06s, 1514888 KB] g=93, 15938768 evaluated, 2936580 expanded
[t=1545.09s, 1514888 KB] New best heuristic value for ff(transform=adapt_costs(cost_type=one)): 19
[t=1545.09s, 1514888 KB] g=96, 15939142 evaluated, 2936621 expanded
[t=1549s, 1518484 KB] New best heuristic value for ff(transform=adapt_costs(cost_type=one)): 18
[t=1549s, 1518484 KB] g=107, 15985477 evaluated, 2944756 expanded
[t=1549s, 1518484 KB] New best heuristic value for ff(transform=adapt_costs(cost_type=one)): 17
[t=1549s, 1518484 KB] g=109, 15985521 evaluated, 2944760 expanded
[t=1549.02s, 1518484 KB] New best heuristic value for ff(transform=adapt_costs(cost_type=one)): 16
[t=1549.02s, 1518484 KB] g=112, 15985837 evaluated, 2944791 expanded
[t=1549.08s, 1518484 KB] New best heuristic value for ff(transform=adapt_costs(cost_type=one)): 15
[t=1549.08s, 1518484 KB] g=119, 15986527 evaluated, 2944863 expanded
[t=1549.09s, 1518484 KB] New best heuristic value for ff(transform=adapt_costs(cost_type=one)): 14
[t=1549.09s, 1518484 KB] g=119, 15986703 evaluated, 2944877 expanded
[t=1549.14s, 1518620 KB] New best heuristic value for ff(transform=adapt_costs(cost_type=one)): 13
[t=1549.14s, 1518620 KB] g=129, 15987317 evaluated, 2944931 expanded
[t=1549.14s, 1518620 KB] New best heuristic value for ff(transform=adapt_costs(cost_type=one)): 11
[t=1549.14s, 1518620 KB] g=130, 15987334 evaluated, 2944932 expanded
[t=1549.15s, 1518620 KB] New best heuristic value for ff(transform=adapt_costs(cost_type=one)): 10
[t=1549.15s, 1518620 KB] g=133, 15987403 evaluated, 2944937 expanded
[t=1549.15s, 1518620 KB] New best heuristic value for ff(transform=adapt_costs(cost_type=one)): 9
[t=1549.15s, 1518620 KB] g=134, 15987405 evaluated, 2944938 expanded
[t=1549.15s, 1518620 KB] New best heuristic value for ff(transform=adapt_costs(cost_type=one)): 8
[t=1549.15s, 1518620 KB] g=137, 15987440 evaluated, 2944941 expanded
[t=1549.15s, 1518620 KB] New best heuristic value for ff(transform=adapt_costs(cost_type=one)): 7
[t=1549.15s, 1518620 KB] g=138, 15987443 evaluated, 2944942 expanded
[t=1549.16s, 1518620 KB] New best heuristic value for ff(transform=adapt_costs(cost_type=one)): 6
[t=1549.16s, 1518620 KB] g=139, 15987464 evaluated, 2944943 expanded
[t=1646.92s, 1619952 KB] New best heuristic value for ff(transform=adapt_costs(cost_type=one)): 5
[t=1646.92s, 1619952 KB] g=159, 17299663 evaluated, 3241388 expanded
[t=1646.92s, 1619952 KB] New best heuristic value for ff(transform=adapt_costs(cost_type=one)): 4
[t=1646.92s, 1619952 KB] g=160, 17299684 evaluated, 3241389 expanded
[t=1693.49s, 1669520 KB] New best heuristic value for ff(transform=adapt_costs(cost_type=one)): 3
[t=1693.49s, 1669520 KB] g=178, 17945954 evaluated, 3396604 expanded
[t=1693.49s, 1669520 KB] New best heuristic value for ff(transform=adapt_costs(cost_type=one)): 2
[t=1693.49s, 1669520 KB] g=180, 17945984 evaluated, 3396606 expanded
[t=1693.49s, 1669520 KB] New best heuristic value for ff(transform=adapt_costs(cost_type=one)): 1
[t=1693.49s, 1669520 KB] g=181, 17945989 evaluated, 3396607 expanded
[t=1693.49s, 1669520 KB] New best heuristic value for ff(transform=adapt_costs(cost_type=one)): 0
[t=1693.49s, 1669520 KB] g=182, 17946011 evaluated, 3396608 expanded
[t=1693.49s, 1669520 KB] Solution found!
[t=1693.49s, 1669520 KB] Actual search time: 1693.47s
grasp right shot14 (1)
fill-shot shot14 ingredient5 right left dispenser5 (1)
pour-shot-to-clean-shaker shot14 ingredient5 shaker1 right l0 l1 (1)
refill-shot shot14 ingredient5 right left dispenser5 (1)
leave right shot14 (1)
grasp right shot16 (1)
fill-shot shot16 ingredient1 right left dispenser1 (1)
pour-shot-to-used-shaker shot16 ingredient1 shaker1 right l1 l2 (1)
clean-shot shot16 ingredient1 right left (1)
grasp left shaker1 (1)
leave right shot16 (1)
shake cocktail1 ingredient1 ingredient5 shaker1 left right (1)
pour-shaker-to-shot cocktail1 shot7 left shaker1 l2 l1 (1)
empty-shaker left shaker1 cocktail1 l1 l0 (1)
clean-shaker left right shaker1 (1)
grasp right shot16 (1)
leave left shaker1 (1)
fill-shot shot16 ingredient2 right left dispenser2 (1)
pour-shot-to-clean-shaker shot16 ingredient2 shaker1 right l0 l1 (1)
clean-shot shot16 ingredient2 right left (1)
fill-shot shot16 ingredient1 right left dispenser1 (1)
pour-shot-to-used-shaker shot16 ingredient1 shaker1 right l1 l2 (1)
clean-shot shot16 ingredient1 right left (1)
grasp left shaker1 (1)
leave right shot16 (1)
shake cocktail11 ingredient2 ingredient1 shaker1 left right (1)
pour-shaker-to-shot cocktail11 shot1 left shaker1 l2 l1 (1)
empty-shaker left shaker1 cocktail11 l1 l0 (1)
clean-shaker left right shaker1 (1)
grasp right shot16 (1)
leave left shaker1 (1)
fill-shot shot16 ingredient3 right left dispenser3 (1)
pour-shot-to-clean-shaker shot16 ingredient3 shaker1 right l0 l1 (1)
clean-shot shot16 ingredient3 right left (1)
fill-shot shot16 ingredient2 right left dispenser2 (1)
pour-shot-to-used-shaker shot16 ingredient2 shaker1 right l1 l2 (1)
clean-shot shot16 ingredient2 right left (1)
grasp left shaker1 (1)
leave right shot16 (1)
shake cocktail2 ingredient2 ingredient3 shaker1 left right (1)
pour-shaker-to-shot cocktail2 shot9 left shaker1 l2 l1 (1)
empty-shaker left shaker1 cocktail2 l1 l0 (1)
clean-shaker left right shaker1 (1)
grasp right shot16 (1)
leave left shaker1 (1)
fill-shot shot16 ingredient4 right left dispenser4 (1)
pour-shot-to-clean-shaker shot16 ingredient4 shaker1 right l0 l1 (1)
clean-shot shot16 ingredient4 right left (1)
fill-shot shot16 ingredient2 right left dispenser2 (1)
pour-shot-to-used-shaker shot16 ingredient2 shaker1 right l1 l2 (1)
clean-shot shot16 ingredient2 right left (1)
grasp left shaker1 (1)
leave right shot16 (1)
shake cocktail5 ingredient2 ingredient4 shaker1 left right (1)
pour-shaker-to-shot cocktail5 shot10 left shaker1 l2 l1 (1)
pour-shaker-to-shot cocktail5 shot13 left shaker1 l1 l0 (1)
empty-shaker left shaker1 cocktail5 l0 l0 (1)
clean-shaker left right shaker1 (1)
grasp right shot16 (1)
leave left shaker1 (1)
fill-shot shot16 ingredient1 right left dispenser1 (1)
pour-shot-to-clean-shaker shot16 ingredient1 shaker1 right l0 l1 (1)
clean-shot shot16 ingredient1 right left (1)
fill-shot shot16 ingredient2 right left dispenser2 (1)
pour-shot-to-used-shaker shot16 ingredient2 shaker1 right l1 l2 (1)
clean-shot shot16 ingredient2 right left (1)
grasp left shaker1 (1)
leave right shot16 (1)
shake cocktail3 ingredient1 ingredient2 shaker1 left right (1)
pour-shaker-to-shot cocktail3 shot12 left shaker1 l2 l1 (1)
pour-shaker-to-shot cocktail3 shot8 left shaker1 l1 l0 (1)
empty-shaker left shaker1 cocktail3 l0 l0 (1)
clean-shaker left right shaker1 (1)
grasp right shot16 (1)
leave left shaker1 (1)
fill-shot shot16 ingredient2 right left dispenser2 (1)
pour-shot-to-clean-shaker shot16 ingredient2 shaker1 right l0 l1 (1)
clean-shot shot16 ingredient2 right left (1)
fill-shot shot16 ingredient3 right left dispenser3 (1)
pour-shot-to-used-shaker shot16 ingredient3 shaker1 right l1 l2 (1)
clean-shot shot16 ingredient3 right left (1)
grasp left shaker1 (1)
leave right shot16 (1)
shake cocktail7 ingredient3 ingredient2 shaker1 left right (1)
pour-shaker-to-shot cocktail7 shot3 left shaker1 l2 l1 (1)
empty-shaker left shaker1 cocktail7 l1 l0 (1)
clean-shaker left right shaker1 (1)
grasp right shot14 (1)
leave left shaker1 (1)
pour-shot-to-clean-shaker shot14 ingredient5 shaker1 right l0 l1 (1)
refill-shot shot14 ingredient5 right left dispenser5 (1)
leave right shot14 (1)
grasp right shot16 (1)
fill-shot shot16 ingredient1 right left dispenser1 (1)
pour-shot-to-used-shaker shot16 ingredient1 shaker1 right l1 l2 (1)
clean-shot shot16 ingredient1 right left (1)
grasp left shaker1 (1)
leave right shot16 (1)
shake cocktail10 ingredient5 ingredient1 shaker1 left right (1)
pour-shaker-to-shot cocktail10 shot15 left shaker1 l2 l1 (1)
pour-shaker-to-shot cocktail10 shot5 left shaker1 l1 l0 (1)
empty-shaker left shaker1 cocktail10 l0 l0 (1)
clean-shaker left right shaker1 (1)
grasp right shot14 (1)
leave left shaker1 (1)
pour-shot-to-clean-shaker shot14 ingredient5 shaker1 right l0 l1 (1)
refill-shot shot14 ingredient5 right left dispenser5 (1)
leave right shot14 (1)
grasp right shot16 (1)
fill-shot shot16 ingredient1 right left dispenser1 (1)
pour-shot-to-used-shaker shot16 ingredient1 shaker1 right l1 l2 (1)
clean-shot shot16 ingredient1 right left (1)
grasp left shaker1 (1)
leave right shot16 (1)
shake cocktail9 ingredient5 ingredient1 shaker1 left right (1)
pour-shaker-to-shot cocktail9 shot6 left shaker1 l2 l1 (1)
grasp right shot16 (1)
leave left shaker1 (1)
fill-shot shot16 ingredient3 right left dispenser3 (1)
grasp left shaker1 (1)
leave right shot16 (1)
grasp right shot11 (1)
leave left shaker1 (1)
fill-shot shot11 ingredient4 right left dispenser4 (1)
grasp left shaker1 (1)
empty-shaker left shaker1 cocktail9 l1 l0 (1)
leave right shot11 (1)
clean-shaker left right shaker1 (1)
grasp right shot11 (1)
pour-shot-to-clean-shaker shot11 ingredient4 shaker1 right l0 l1 (1)
leave left shaker1 (1)
refill-shot shot11 ingredient4 right left dispenser4 (1)
leave right shot11 (1)
grasp right shot16 (1)
pour-shot-to-used-shaker shot16 ingredient3 shaker1 right l1 l2 (1)
refill-shot shot16 ingredient3 right left dispenser3 (1)
leave right shot16 (1)
grasp right shaker1 (1)
shake cocktail6 ingredient3 ingredient4 shaker1 right left (1)
pour-shaker-to-shot cocktail6 shot2 right shaker1 l2 l1 (1)
empty-shaker right shaker1 cocktail6 l1 l0 (1)
clean-shaker right left shaker1 (1)
grasp left shot11 (1)
pour-shot-to-clean-shaker shot11 ingredient4 shaker1 left l0 l1 (1)
leave right shaker1 (1)
refill-shot shot11 ingredient4 left right dispenser4 (1)
leave left shot11 (1)
grasp right shot16 (1)
pour-shot-to-used-shaker shot16 ingredient3 shaker1 right l1 l2 (1)
refill-shot shot16 ingredient3 right left dispenser3 (1)
leave right shot16 (1)
grasp right shaker1 (1)
shake cocktail8 ingredient3 ingredient4 shaker1 right left (1)
pour-shaker-to-shot cocktail8 shot4 right shaker1 l2 l1 (1)
empty-shaker right shaker1 cocktail8 l1 l0 (1)
clean-shaker right left shaker1 (1)
grasp left shot11 (1)
pour-shot-to-clean-shaker shot11 ingredient4 shaker1 left l0 l1 (1)
leave left shot11 (1)
grasp left shot16 (1)
pour-shot-to-used-shaker shot16 ingredient3 shaker1 left l1 l2 (1)
leave left shot16 (1)
shake cocktail4 ingredient3 ingredient4 shaker1 right left (1)
grasp left shot11 (1)
leave right shaker1 (1)
clean-shot shot11 ingredient4 left right (1)
grasp right shaker1 (1)
pour-shaker-to-shot cocktail4 shot11 right shaker1 l2 l1 (1)
[t=1693.49s, 1669520 KB] Plan length: 168 step(s).
[t=1693.49s, 1669520 KB] Plan cost: 168
[t=1693.49s, 1669520 KB] Expanded 3396609 state(s).
[t=1693.49s, 1669520 KB] Reopened 0 state(s).
[t=1693.49s, 1669520 KB] Evaluated 17946012 state(s).
[t=1693.49s, 1669520 KB] Evaluations: 17946012
[t=1693.49s, 1669520 KB] Generated 27672706 state(s).
[t=1693.49s, 1669520 KB] Dead ends: 596186 state(s).
[t=1693.49s, 1669520 KB] Number of registered states: 17946012
[t=1693.49s, 1669520 KB] Int hash set load factor: 17946012/33554432 = 0.534833
[t=1693.49s, 1669520 KB] Int hash set resizes: 25
[t=1693.49s, 1669520 KB] Search time: 1693.47s
[t=1693.49s, 1669520 KB] Total time: 1693.49s
Solution found.
Peak memory: 1669520 KB
Remove intermediate file output.sas
search exit code: 0

INFO     Running validate.
INFO     validate stdin: None
INFO     validate time limit: None
INFO     validate memory limit: None
INFO     validate command line string: /home/henry/bin/validate domain.pddl problem.pddl sas_plan
Checking plan: sas_plan
Plan executed successfully - checking goal
Plan valid
Final value: 168 

Successful plans:
Value: 168
 sas_plan 168 

validate exit code: 0

INFO     Planner time: 1694.03s
