INFO     planner time limit: 1800s
INFO     planner memory limit: 2048 MB

INFO     Running translator.
INFO     translator stdin: None
INFO     translator time limit: 1799s
INFO     translator memory limit: 2048 MB
INFO     translator command line string: /home/henry/Documents/UFRGS/TCC/downward/.venv/bin/python /home/henry/Documents/UFRGS/TCC/downward/experiments/lab/data/main/code-5bb2ccb6957559b6969ffd7e29254c73f84d5e49_e5e41175/builds/release/bin/translate/translate.py domain.pddl problem.pddl --sas-file output.sas
Parsing...
Warning: Atom bond(c3, c4) is specified twice in initial state specification
Parsing: [0.120s CPU, 0.119s wall-clock]
Normalizing task... [0.010s CPU, 0.012s wall-clock]
Instantiating...
Generating Datalog program... [0.010s CPU, 0.014s wall-clock]
Normalizing Datalog program...
Normalizing Datalog program: [0.110s CPU, 0.106s wall-clock]
Preparing model... [0.080s CPU, 0.079s wall-clock]
Generated 6310 rules.
Computing model... [6.050s CPU, 6.072s wall-clock]
262295 relevant atoms
496607 auxiliary atoms
758902 final queue length
1153487 total queue pushes
Completing instantiation... [7.330s CPU, 7.346s wall-clock]
Instantiating: [13.790s CPU, 13.813s wall-clock]
Computing fact groups...
Finding invariants...
1272 initial candidates
Finding invariants: [15.940s CPU, 15.951s wall-clock]
Checking invariant weight... [0.000s CPU, 0.000s wall-clock]
Instantiating groups... [0.000s CPU, 0.000s wall-clock]
Collecting mutex groups... [0.000s CPU, 0.001s wall-clock]
Choosing groups...
5117 uncovered facts
Choosing groups: [0.000s CPU, 0.001s wall-clock]
Building translation key... [0.010s CPU, 0.011s wall-clock]
Computing fact groups: [15.980s CPU, 15.994s wall-clock]
Building STRIPS to SAS dictionary... [0.010s CPU, 0.004s wall-clock]
Building dictionary for full mutex groups... [0.000s CPU, 0.003s wall-clock]
Building mutex information...
Building mutex information: [0.000s CPU, 0.003s wall-clock]
Translating task...
Processing axioms...
Simplifying axioms... [0.000s CPU, 0.000s wall-clock]
Translator axioms removed by simplifying: 0
Computing negative axioms... [0.000s CPU, 0.000s wall-clock]
Processing axioms: [0.280s CPU, 0.280s wall-clock]
Translating task: [8.570s CPU, 8.575s wall-clock]
401879 effect conditions simplified
0 implied preconditions added
Detecting unreachable propositions...
618 operators removed
0 axioms removed
52 propositions removed
Detecting unreachable propositions: [4.710s CPU, 4.711s wall-clock]
Reordering and filtering variables...
4786 of 5091 variables necessary.
0 of 0 mutex groups necessary.
246811 of 250464 operators necessary.
0 of 0 axiom rules necessary.
Reordering and filtering variables: [5.630s CPU, 5.632s wall-clock]
Translator variables: 4786
Translator derived variables: 0
Translator facts: 9572
Translator goal facts: 24
Translator mutex groups: 0
Translator total mutex groups size: 0
Translator operators: 246811
Translator axioms: 0
Translator task size: 1719096
Translator peak memory: 1009368 KB
Writing output... [1.360s CPU, 1.353s wall-clock]
Done! [50.500s CPU, 50.547s wall-clock]
translate exit code: 0

INFO     Running search (release).
INFO     search stdin: output.sas
INFO     search time limit: 1749s
INFO     search memory limit: 2048 MB
INFO     search command line string: /home/henry/Documents/UFRGS/TCC/downward/experiments/lab/data/main/code-5bb2ccb6957559b6969ffd7e29254c73f84d5e49_e5e41175/builds/release/bin/downward --search 'eager_greedy([operatorcounting(constraint_generators=[pho_constraints(patterns=systematic(2))], use_integer_operator_counts=true, transform=adapt_costs(cost_type=NORMAL))])' --internal-plan-file sas_plan < output.sas
[t=0s, 10544 KB] reading input...
[t=0.907607s, 90128 KB] done reading input!
Peak memory: 90384 KB
Remove intermediate file output.sas
search exit code: 32

Driver aborting after search
INFO     Planner time: 51.63s
