INFO     planner time limit: 1800s
INFO     planner memory limit: 2048 MB

INFO     Running translator.
INFO     translator stdin: None
INFO     translator time limit: 1799s
INFO     translator memory limit: 2048 MB
INFO     translator command line string: /home/henry/Documents/UFRGS/TCC/downward/.venv/bin/python /home/henry/Documents/UFRGS/TCC/downward/experiments/lab/data/main/code-5bb2ccb6957559b6969ffd7e29254c73f84d5e49_e5e41175/builds/release/bin/translate/translate.py domain.pddl problem.pddl --sas-file output.sas
Parsing...
Parsing: [0.060s CPU, 0.054s wall-clock]
Normalizing task... [0.010s CPU, 0.004s wall-clock]
Instantiating...
Generating Datalog program... [0.010s CPU, 0.010s wall-clock]
Normalizing Datalog program...
Normalizing Datalog program: [0.030s CPU, 0.029s wall-clock]
Preparing model... [0.040s CPU, 0.040s wall-clock]
Generated 1852 rules.
Computing model... [2.230s CPU, 2.230s wall-clock]
112085 relevant atoms
160312 auxiliary atoms
272397 final queue length
483537 total queue pushes
Completing instantiation... [4.420s CPU, 4.427s wall-clock]
Instantiating: [6.820s CPU, 6.827s wall-clock]
Computing fact groups...
Finding invariants...
10 initial candidates
Finding invariants: [0.070s CPU, 0.069s wall-clock]
Checking invariant weight... [0.000s CPU, 0.004s wall-clock]
Instantiating groups... [0.010s CPU, 0.002s wall-clock]
Collecting mutex groups... [0.000s CPU, 0.000s wall-clock]
Choosing groups...
230 uncovered facts
Choosing groups: [0.000s CPU, 0.002s wall-clock]
Building translation key... [0.010s CPU, 0.001s wall-clock]
Computing fact groups: [0.090s CPU, 0.083s wall-clock]
Building STRIPS to SAS dictionary... [0.000s CPU, 0.001s wall-clock]
Building dictionary for full mutex groups... [0.000s CPU, 0.001s wall-clock]
Building mutex information...
Building mutex information: [0.000s CPU, 0.001s wall-clock]
Translating task...
Processing axioms...
Simplifying axioms... [0.000s CPU, 0.000s wall-clock]
Translator axioms removed by simplifying: 0
Computing negative axioms... [0.000s CPU, 0.000s wall-clock]
Processing axioms: [0.180s CPU, 0.183s wall-clock]
Translating task: [3.510s CPU, 3.523s wall-clock]
0 effect conditions simplified
0 implied preconditions added
Detecting unreachable propositions...
0 operators removed
0 axioms removed
231 propositions removed
Detecting unreachable propositions: [2.130s CPU, 2.131s wall-clock]
Reordering and filtering variables...
461 of 461 variables necessary.
0 of 461 mutex groups necessary.
106260 of 106260 operators necessary.
0 of 0 axiom rules necessary.
Reordering and filtering variables: [0.530s CPU, 0.532s wall-clock]
Translator variables: 461
Translator derived variables: 0
Translator facts: 1381
Translator goal facts: 230
Translator mutex groups: 0
Translator total mutex groups size: 0
Translator operators: 106260
Translator axioms: 0
Translator task size: 1079922
Translator peak memory: 593868 KB
Writing output... [0.640s CPU, 0.632s wall-clock]
Done! [13.970s CPU, 13.967s wall-clock]
translate exit code: 0

INFO     Running search (release).
INFO     search stdin: output.sas
INFO     search time limit: 1785s
INFO     search memory limit: 2048 MB
INFO     search command line string: /home/henry/Documents/UFRGS/TCC/downward/experiments/lab/data/main/code-5bb2ccb6957559b6969ffd7e29254c73f84d5e49_e5e41175/builds/release/bin/downward --search 'eager_greedy([lsh(patterns=systematic(2), transform=adapt_costs(cost_type=NORMAL))])' --internal-plan-file sas_plan < output.sas
[t=0s, 10544 KB] reading input...
[t=0.395911s, 44928 KB] done reading input!
[t=0.395911s, 45324 KB] Generating patterns using: systematic pattern collection generator
[t=0.395911s, 45324 KB] building causal graph...done! [t=0.0399874s]
[t=0.435899s, 46400 KB] Found 2830 SGA patterns.
[t=0.439899s, 46400 KB] Found 2830 interesting patterns.
[t=0.4439s, 46400 KB] systematic pattern collection generator number of patterns: 2830
[t=0.4439s, 46400 KB] systematic pattern collection generator total PDB size: 174300
[t=0.4439s, 46400 KB] systematic pattern collection generator computation time: 0.0479883s
[t=0.4439s, 46400 KB] Computing PDBs for pattern collection...
[t=45.8681s, 61080 KB] Done computing PDBs for pattern collection: 45.4242s
[t=54.3968s, 282932 KB] Building successor generator...done!
[t=54.4368s, 300448 KB] peak memory difference for successor generator creation: 17516 KB
[t=54.4368s, 300448 KB] time for successor generation creation: 0.0399778s
[t=54.4368s, 300448 KB] Variables: 461
[t=54.4368s, 300448 KB] FactPairs: 1381
[t=54.4368s, 300448 KB] Bytes per state: 88
[t=54.4368s, 300448 KB] Conducting best first search without reopening closed nodes, (real) bound = 2147483647
[t=54.4368s, 300448 KB] New best heuristic value for lsh(patterns=systematic(2),transform=adapt_costs(cost_type=normal)): 0
[t=54.4368s, 300448 KB] g=0, 1 evaluated, 0 expanded
[t=54.4368s, 300448 KB] Initial heuristic value for lsh(patterns=systematic(2),transform=adapt_costs(cost_type=normal)): 0
[t=54.4368s, 300448 KB] pruning method: none
Failed to allocate memory.
Memory limit has been reached.
Peak memory: 1862120 KB
Remove intermediate file output.sas
search exit code: 22

Driver aborting after search
INFO     Planner time: 800.00s
