INFO     planner time limit: 1800s
INFO     planner memory limit: 2048 MB

INFO     Running translator.
INFO     translator stdin: None
INFO     translator time limit: 1799s
INFO     translator memory limit: 2048 MB
INFO     translator command line string: /home/henry/Documents/UFRGS/TCC/downward/.venv/bin/python /home/henry/Documents/UFRGS/TCC/downward/experiments/lab/data/main/code-fa850d1cb8d716322f299a4f9b64478019793ada_e5e41175/builds/release/bin/translate/translate.py domain.pddl problem.pddl --sas-file output.sas
Parsing...
Parsing: [0.020s CPU, 0.016s wall-clock]
Normalizing task... [0.000s CPU, 0.000s wall-clock]
Instantiating...
Generating Datalog program... [0.000s CPU, 0.005s wall-clock]
Normalizing Datalog program...
Normalizing Datalog program: [0.010s CPU, 0.001s wall-clock]
Preparing model... [0.020s CPU, 0.025s wall-clock]
Generated 23 rules.
Computing model... [0.080s CPU, 0.075s wall-clock]
4296 relevant atoms
7639 auxiliary atoms
11935 final queue length
13438 total queue pushes
Completing instantiation... [0.040s CPU, 0.038s wall-clock]
Instantiating: [0.150s CPU, 0.149s wall-clock]
Computing fact groups...
Finding invariants...
9 initial candidates
Finding invariants: [0.010s CPU, 0.003s wall-clock]
Checking invariant weight... [0.000s CPU, 0.001s wall-clock]
Instantiating groups... [0.000s CPU, 0.001s wall-clock]
Collecting mutex groups... [0.000s CPU, 0.000s wall-clock]
Choosing groups...
0 uncovered facts
Choosing groups: [0.000s CPU, 0.000s wall-clock]
Building translation key... [0.000s CPU, 0.000s wall-clock]
Computing fact groups: [0.010s CPU, 0.005s wall-clock]
Building STRIPS to SAS dictionary... [0.000s CPU, 0.000s wall-clock]
Building dictionary for full mutex groups... [0.000s CPU, 0.000s wall-clock]
Building mutex information...
Building mutex information: [0.000s CPU, 0.000s wall-clock]
Translating task...
Processing axioms...
Simplifying axioms... [0.000s CPU, 0.000s wall-clock]
Translator axioms removed by simplifying: 0
Computing negative axioms... [0.000s CPU, 0.000s wall-clock]
Processing axioms: [0.000s CPU, 0.002s wall-clock]
Translating task: [0.030s CPU, 0.029s wall-clock]
0 effect conditions simplified
0 implied preconditions added
Detecting unreachable propositions...
0 operators removed
0 axioms removed
6 propositions removed
Detecting unreachable propositions: [0.020s CPU, 0.026s wall-clock]
Reordering and filtering variables...
6 of 6 variables necessary.
0 of 6 mutex groups necessary.
818 of 818 operators necessary.
0 of 0 axiom rules necessary.
Reordering and filtering variables: [0.010s CPU, 0.004s wall-clock]
Translator variables: 6
Translator derived variables: 0
Translator facts: 99
Translator goal facts: 4
Translator mutex groups: 0
Translator total mutex groups size: 0
Translator operators: 818
Translator axioms: 0
Translator task size: 4159
Translator peak memory: 38140 KB
Writing output... [0.000s CPU, 0.005s wall-clock]
Done! [0.240s CPU, 0.236s wall-clock]
translate exit code: 0

INFO     Running search (release).
INFO     search stdin: output.sas
INFO     search time limit: 1799s
INFO     search memory limit: 2048 MB
INFO     search command line string: /home/henry/Documents/UFRGS/TCC/downward/experiments/lab/data/main/code-fa850d1cb8d716322f299a4f9b64478019793ada_e5e41175/builds/release/bin/downward --search 'eager_greedy([lsh(patterns=systematic(4), transform=adapt_costs(cost_type=NORMAL))])' --internal-plan-file sas_plan < output.sas
[t=0s, 45596 KB] reading input...
[t=0.00398366s, 45728 KB] done reading input!
[t=0.00398366s, 46124 KB] Generating patterns using: systematic pattern collection generator
[t=0.00398366s, 46124 KB] building causal graph...done! [t=0s]
[t=0.00398366s, 46124 KB] Found 12 SGA patterns.
[t=0.00398366s, 46124 KB] Found 28 interesting patterns.
[t=0.00398366s, 46124 KB] systematic pattern collection generator number of patterns: 28
[t=0.00398366s, 46124 KB] systematic pattern collection generator total PDB size: 89544
[t=0.00398366s, 46124 KB] systematic pattern collection generator computation time: 0s
[t=0.00398366s, 46124 KB] Computing PDBs for pattern collection...
[t=0.0239382s, 46516 KB] Done computing PDBs for pattern collection: 0.0199545s
[t=0.0239382s, 46780 KB] Building successor generator...done!
[t=0.0239382s, 46780 KB] peak memory difference for successor generator creation: 0 KB
[t=0.0239382s, 46780 KB] time for successor generation creation: 0s
[t=0.0239382s, 46780 KB] Variables: 6
[t=0.0239382s, 46780 KB] FactPairs: 99
[t=0.0239382s, 46780 KB] Bytes per state: 4
[t=0.0239382s, 46780 KB] Conducting best first search without reopening closed nodes, (real) bound = 2147483647
[t=0.0239382s, 46780 KB] New best heuristic value for lsh(patterns=systematic(4),transform=adapt_costs(cost_type=normal)): 14
[t=0.0239382s, 46780 KB] g=0, 1 evaluated, 0 expanded
[t=0.0239382s, 46780 KB] Initial heuristic value for lsh(patterns=systematic(4),transform=adapt_costs(cost_type=normal)): 14
[t=0.0239382s, 46780 KB] pruning method: none
[t=0.0239382s, 46780 KB] New best heuristic value for lsh(patterns=systematic(4),transform=adapt_costs(cost_type=normal)): 13
[t=0.0239382s, 46780 KB] g=1, 4 evaluated, 1 expanded
[t=0.0239382s, 46780 KB] New best heuristic value for lsh(patterns=systematic(4),transform=adapt_costs(cost_type=normal)): 12
[t=0.0239382s, 46780 KB] g=2, 5 evaluated, 2 expanded
[t=0.0239382s, 46780 KB] New best heuristic value for lsh(patterns=systematic(4),transform=adapt_costs(cost_type=normal)): 11
[t=0.0239382s, 46780 KB] g=3, 10 evaluated, 3 expanded
[t=0.0239382s, 46780 KB] New best heuristic value for lsh(patterns=systematic(4),transform=adapt_costs(cost_type=normal)): 10
[t=0.0239382s, 46780 KB] g=4, 14 evaluated, 4 expanded
[t=0.0239382s, 46780 KB] New best heuristic value for lsh(patterns=systematic(4),transform=adapt_costs(cost_type=normal)): 9
[t=0.0239382s, 46780 KB] g=5, 20 evaluated, 5 expanded
[t=0.0239382s, 46780 KB] New best heuristic value for lsh(patterns=systematic(4),transform=adapt_costs(cost_type=normal)): 8
[t=0.0239382s, 46780 KB] g=6, 22 evaluated, 6 expanded
[t=0.0239382s, 46780 KB] New best heuristic value for lsh(patterns=systematic(4),transform=adapt_costs(cost_type=normal)): 7
[t=0.0239382s, 46780 KB] g=7, 25 evaluated, 7 expanded
[t=0.0239382s, 46780 KB] New best heuristic value for lsh(patterns=systematic(4),transform=adapt_costs(cost_type=normal)): 6
[t=0.0239382s, 46780 KB] g=8, 34 evaluated, 8 expanded
[t=0.0239382s, 46780 KB] New best heuristic value for lsh(patterns=systematic(4),transform=adapt_costs(cost_type=normal)): 5
[t=0.0239382s, 46780 KB] g=9, 40 evaluated, 9 expanded
[t=0.0239382s, 46780 KB] New best heuristic value for lsh(patterns=systematic(4),transform=adapt_costs(cost_type=normal)): 4
[t=0.0239382s, 46780 KB] g=10, 43 evaluated, 10 expanded
[t=0.0239382s, 46780 KB] New best heuristic value for lsh(patterns=systematic(4),transform=adapt_costs(cost_type=normal)): 3
[t=0.0239382s, 46780 KB] g=11, 50 evaluated, 11 expanded
[t=0.0239382s, 46780 KB] New best heuristic value for lsh(patterns=systematic(4),transform=adapt_costs(cost_type=normal)): 2
[t=0.0239382s, 46780 KB] g=12, 56 evaluated, 12 expanded
[t=0.0239382s, 46780 KB] New best heuristic value for lsh(patterns=systematic(4),transform=adapt_costs(cost_type=normal)): 1
[t=0.0239382s, 46780 KB] g=13, 59 evaluated, 13 expanded
[t=0.0239382s, 46780 KB] New best heuristic value for lsh(patterns=systematic(4),transform=adapt_costs(cost_type=normal)): 0
[t=0.0239382s, 46780 KB] g=14, 61 evaluated, 14 expanded
[t=0.0239382s, 46780 KB] Solution found!
[t=0.0239382s, 46780 KB] Actual search time: 0s
load p1 t0 l3 (1)
drive t0 l3 l0 level65 level12 level77 (1)
drive t0 l0 l4 level51 level14 level65 (1)
load p3 t0 l4 (1)
load p0 t0 l4 (1)
drive t0 l4 l2 level28 level23 level51 (1)
drive t0 l2 l1 level23 level5 level28 (1)
load p2 t0 l1 (1)
unload p1 t0 l1 (1)
drive t0 l1 l2 level18 level5 level23 (1)
unload p2 t0 l2 (1)
unload p0 t0 l2 (1)
drive t0 l2 l3 level7 level11 level18 (1)
unload p3 t0 l3 (1)
[t=0.0239382s, 46780 KB] Plan length: 14 step(s).
[t=0.0239382s, 46780 KB] Plan cost: 14
[t=0.0239382s, 46780 KB] Expanded 15 state(s).
[t=0.0239382s, 46780 KB] Reopened 0 state(s).
[t=0.0239382s, 46780 KB] Evaluated 61 state(s).
[t=0.0239382s, 46780 KB] Evaluations: 61
[t=0.0239382s, 46780 KB] Generated 70 state(s).
[t=0.0239382s, 46780 KB] Dead ends: 23 state(s).
[t=0.0239382s, 46780 KB] Number of registered states: 61
[t=0.0239382s, 46780 KB] Int hash set load factor: 61/64 = 0.953125
[t=0.0239382s, 46780 KB] Int hash set resizes: 6
[t=0.0239382s, 46780 KB] Search time: 0s
[t=0.0239382s, 46780 KB] Total time: 0.0239382s
Solution found.
Peak memory: 46780 KB
Remove intermediate file output.sas
search exit code: 0

INFO     Running validate.
INFO     validate stdin: None
INFO     validate time limit: None
INFO     validate memory limit: None
INFO     validate command line string: /home/henry/bin/validate domain.pddl problem.pddl sas_plan
Checking plan: sas_plan
Plan executed successfully - checking goal
Plan valid
Final value: 14 

Successful plans:
Value: 14
 sas_plan 14 

validate exit code: 0

INFO     Planner time: 0.38s
