INFO     planner time limit: 1800s
INFO     planner memory limit: 2048 MB

INFO     Running translator.
INFO     translator stdin: None
INFO     translator time limit: 1799s
INFO     translator memory limit: 2048 MB
INFO     translator command line string: /home/henry/Documents/UFRGS/TCC/downward/.venv/bin/python /home/henry/Documents/UFRGS/TCC/downward/experiments/lab/data/main/code-5bb2ccb6957559b6969ffd7e29254c73f84d5e49_e5e41175/builds/release/bin/translate/translate.py domain.pddl problem.pddl --sas-file output.sas
Parsing...
Parsing: [0.000s CPU, 0.003s wall-clock]
Normalizing task... [0.000s CPU, 0.000s wall-clock]
Instantiating...
Generating Datalog program... [0.000s CPU, 0.001s wall-clock]
Normalizing Datalog program...
Normalizing Datalog program: [0.000s CPU, 0.001s wall-clock]
Preparing model... [0.000s CPU, 0.001s wall-clock]
Generated 26 rules.
Computing model... [0.130s CPU, 0.130s wall-clock]
15500 relevant atoms
12176 auxiliary atoms
27676 final queue length
55372 total queue pushes
Completing instantiation... [0.420s CPU, 0.429s wall-clock]
Instantiating: [0.560s CPU, 0.567s wall-clock]
Computing fact groups...
Finding invariants...
9 initial candidates
Finding invariants: [0.010s CPU, 0.006s wall-clock]
Checking invariant weight... [0.000s CPU, 0.000s wall-clock]
Instantiating groups... [0.000s CPU, 0.002s wall-clock]
Collecting mutex groups... [0.000s CPU, 0.000s wall-clock]
Choosing groups...
0 uncovered facts
Choosing groups: [0.000s CPU, 0.001s wall-clock]
Building translation key... [0.000s CPU, 0.000s wall-clock]
Computing fact groups: [0.010s CPU, 0.012s wall-clock]
Building STRIPS to SAS dictionary... [0.000s CPU, 0.000s wall-clock]
Building dictionary for full mutex groups... [0.000s CPU, 0.000s wall-clock]
Building mutex information...
Building mutex information: [0.000s CPU, 0.000s wall-clock]
Translating task...
Processing axioms...
Simplifying axioms... [0.000s CPU, 0.000s wall-clock]
Translator axioms removed by simplifying: 0
Computing negative axioms... [0.000s CPU, 0.000s wall-clock]
Processing axioms: [0.020s CPU, 0.019s wall-clock]
Translating task: [0.340s CPU, 0.343s wall-clock]
0 effect conditions simplified
0 implied preconditions added
Detecting unreachable propositions...
0 operators removed
0 axioms removed
20 propositions removed
Detecting unreachable propositions: [0.230s CPU, 0.230s wall-clock]
Reordering and filtering variables...
20 of 20 variables necessary.
0 of 20 mutex groups necessary.
14496 of 14496 operators necessary.
0 of 0 axiom rules necessary.
Reordering and filtering variables: [0.050s CPU, 0.046s wall-clock]
Translator variables: 20
Translator derived variables: 0
Translator facts: 644
Translator goal facts: 12
Translator mutex groups: 0
Translator total mutex groups size: 0
Translator operators: 14496
Translator axioms: 0
Translator task size: 85636
Translator peak memory: 89016 KB
Writing output... [0.060s CPU, 0.058s wall-clock]
Done! [1.270s CPU, 1.280s wall-clock]
translate exit code: 0

INFO     Running search (release).
INFO     search stdin: output.sas
INFO     search time limit: 1798s
INFO     search memory limit: 2048 MB
INFO     search command line string: /home/henry/Documents/UFRGS/TCC/downward/experiments/lab/data/main/code-5bb2ccb6957559b6969ffd7e29254c73f84d5e49_e5e41175/builds/release/bin/downward --search 'eager_greedy([lsh(patterns=systematic(4), transform=adapt_costs(cost_type=NORMAL))])' --internal-plan-file sas_plan < output.sas
[t=0s, 10544 KB] reading input...
[t=0.051957s, 15072 KB] done reading input!
[t=0.0559474s, 15468 KB] Generating patterns using: systematic pattern collection generator
[t=0.0559474s, 15468 KB] building causal graph...done! [t=0.00400572s]
[t=0.0599532s, 16192 KB] Found 3712 SGA patterns.
[t=0.0679414s, 16520 KB] Found 5252 interesting patterns.
[t=0.0679414s, 16752 KB] systematic pattern collection generator number of patterns: 5252
[t=0.0679414s, 16752 KB] systematic pattern collection generator total PDB size: -647312096
[t=0.0679414s, 16752 KB] systematic pattern collection generator computation time: 0.0119939s
[t=0.0679414s, 16752 KB] Computing PDBs for pattern collection...
Failed to allocate memory.
Memory limit has been reached.
Peak memory: 2095828 KB
Remove intermediate file output.sas
search exit code: 22

Driver aborting after search
INFO     Planner time: 687.00s
