INFO     planner time limit: 1800s
INFO     planner memory limit: 2048 MB

INFO     Running translator.
INFO     translator stdin: None
INFO     translator time limit: 1799s
INFO     translator memory limit: 2048 MB
INFO     translator command line string: /home/henry/Documents/UFRGS/TCC/downward/.venv/bin/python /home/henry/Documents/UFRGS/TCC/downward/experiments/lab/data/main/code-5bb2ccb6957559b6969ffd7e29254c73f84d5e49_e5e41175/builds/release/bin/translate/translate.py domain.pddl problem.pddl --sas-file output.sas
Parsing...
Parsing: [0.060s CPU, 0.061s wall-clock]
Normalizing task... [0.010s CPU, 0.005s wall-clock]
Instantiating...
Generating Datalog program... [0.010s CPU, 0.012s wall-clock]
Normalizing Datalog program...
Normalizing Datalog program: [0.040s CPU, 0.037s wall-clock]
Preparing model... [0.040s CPU, 0.043s wall-clock]
Generated 1852 rules.
Computing model... [3.020s CPU, 3.024s wall-clock]
112085 relevant atoms
160312 auxiliary atoms
272397 final queue length
483537 total queue pushes
Completing instantiation... [5.640s CPU, 5.644s wall-clock]
Instantiating: [8.870s CPU, 8.882s wall-clock]
Computing fact groups...
Finding invariants...
10 initial candidates
Finding invariants: [0.070s CPU, 0.068s wall-clock]
Checking invariant weight... [0.000s CPU, 0.004s wall-clock]
Instantiating groups... [0.010s CPU, 0.002s wall-clock]
Collecting mutex groups... [0.000s CPU, 0.001s wall-clock]
Choosing groups...
230 uncovered facts
Choosing groups: [0.000s CPU, 0.003s wall-clock]
Building translation key... [0.010s CPU, 0.001s wall-clock]
Computing fact groups: [0.090s CPU, 0.084s wall-clock]
Building STRIPS to SAS dictionary... [0.000s CPU, 0.001s wall-clock]
Building dictionary for full mutex groups... [0.000s CPU, 0.001s wall-clock]
Building mutex information...
Building mutex information: [0.000s CPU, 0.001s wall-clock]
Translating task...
Processing axioms...
Simplifying axioms... [0.000s CPU, 0.000s wall-clock]
Translator axioms removed by simplifying: 0
Computing negative axioms... [0.000s CPU, 0.000s wall-clock]
Processing axioms: [0.230s CPU, 0.235s wall-clock]
Translating task: [4.450s CPU, 4.450s wall-clock]
0 effect conditions simplified
0 implied preconditions added
Detecting unreachable propositions...
0 operators removed
0 axioms removed
231 propositions removed
Detecting unreachable propositions: [2.690s CPU, 2.703s wall-clock]
Reordering and filtering variables...
461 of 461 variables necessary.
0 of 461 mutex groups necessary.
106260 of 106260 operators necessary.
0 of 0 axiom rules necessary.
Reordering and filtering variables: [0.610s CPU, 0.610s wall-clock]
Translator variables: 461
Translator derived variables: 0
Translator facts: 1381
Translator goal facts: 230
Translator mutex groups: 0
Translator total mutex groups size: 0
Translator operators: 106260
Translator axioms: 0
Translator task size: 1079922
Translator peak memory: 593868 KB
Writing output... [0.660s CPU, 0.653s wall-clock]
Done! [17.670s CPU, 17.689s wall-clock]
translate exit code: 0

INFO     Running search (release).
INFO     search stdin: output.sas
INFO     search time limit: 1782s
INFO     search memory limit: 2048 MB
INFO     search command line string: /home/henry/Documents/UFRGS/TCC/downward/experiments/lab/data/main/code-5bb2ccb6957559b6969ffd7e29254c73f84d5e49_e5e41175/builds/release/bin/downward --search 'eager_greedy([operatorcounting(constraint_generators=[pho_constraints(patterns=systematic(2))], use_integer_operator_counts=true, transform=adapt_costs(cost_type=ONE))])' --internal-plan-file sas_plan < output.sas
[t=0s, 45596 KB] reading input...
[t=0.418762s, 79980 KB] done reading input!
[t=0.426567s, 86600 KB] Generating patterns using: systematic pattern collection generator
[t=0.426567s, 86600 KB] building causal graph...done! [t=0.0439334s]
[t=0.474482s, 86600 KB] Found 2830 SGA patterns.
[t=0.47848s, 86600 KB] Found 2830 interesting patterns.
[t=0.47848s, 86600 KB] systematic pattern collection generator number of patterns: 2830
[t=0.47848s, 86600 KB] systematic pattern collection generator total PDB size: 174300
[t=0.47848s, 86600 KB] systematic pattern collection generator computation time: 0.0519126s
[t=0.47848s, 86600 KB] Computing PDBs for pattern collection...
[t=54.711s, 100284 KB] Done computing PDBs for pattern collection: 54.2325s
[t=67.7798s, 1064908 KB] Building successor generator...done!
[t=67.8238s, 1064908 KB] peak memory difference for successor generator creation: 0 KB
[t=67.8238s, 1064908 KB] time for successor generation creation: 0.0439615s
[t=67.8238s, 1064908 KB] Variables: 461
[t=67.8238s, 1064908 KB] FactPairs: 1381
[t=67.8238s, 1064908 KB] Bytes per state: 88
[t=67.8238s, 1064908 KB] Conducting best first search without reopening closed nodes, (real) bound = 2147483647
[t=69.8199s, 1360640 KB] New best heuristic value for operatorcounting(constraint_generators=[pho_constraints(patterns=systematic(2))],use_integer_operator_counts=true,transform=adapt_costs(cost_type=one)): 690
[t=69.8199s, 1360640 KB] g=0, 1 evaluated, 0 expanded
[t=69.8199s, 1360640 KB] Initial heuristic value for operatorcounting(constraint_generators=[pho_constraints(patterns=systematic(2))],use_integer_operator_counts=true,transform=adapt_costs(cost_type=one)): 690
[t=69.8199s, 1360640 KB] pruning method: none
[t=74.6072s, 1460584 KB] New best heuristic value for operatorcounting(constraint_generators=[pho_constraints(patterns=systematic(2))],use_integer_operator_counts=true,transform=adapt_costs(cost_type=one)): 689
[t=74.6072s, 1460584 KB] g=1, 4 evaluated, 2 expanded
[t=1480.11s, 2096904 KB] New best heuristic value for operatorcounting(constraint_generators=[pho_constraints(patterns=systematic(2))],use_integer_operator_counts=true,transform=adapt_costs(cost_type=one)): 688
[t=1480.11s, 2096904 KB] g=2, 465 evaluated, 233 expanded
Peak memory: 2097136 KB
caught signal 24 -- exiting
Time limit has been reached.
Remove intermediate file output.sas
search exit code: 23

Driver aborting after search
INFO     Planner time: 1794.37s
