INFO     planner time limit: 1800s
INFO     planner memory limit: 2048 MB

INFO     Running translator.
INFO     translator stdin: None
INFO     translator time limit: 1799s
INFO     translator memory limit: 2048 MB
INFO     translator command line string: /home/henry/Documents/UFRGS/TCC/downward/.venv/bin/python /home/henry/Documents/UFRGS/TCC/downward/experiments/lab/data/main/code-5bb2ccb6957559b6969ffd7e29254c73f84d5e49_e5e41175/builds/release/bin/translate/translate.py domain.pddl problem.pddl --sas-file output.sas
Parsing...
Parsing: [0.000s CPU, 0.002s wall-clock]
Normalizing task... [0.000s CPU, 0.000s wall-clock]
Instantiating...
Generating Datalog program... [0.000s CPU, 0.001s wall-clock]
Normalizing Datalog program...
Normalizing Datalog program: [0.010s CPU, 0.003s wall-clock]
Preparing model... [0.000s CPU, 0.002s wall-clock]
Generated 115 rules.
Computing model... [0.030s CPU, 0.035s wall-clock]
3296 relevant atoms
3425 auxiliary atoms
6721 final queue length
11595 total queue pushes
Completing instantiation... [0.080s CPU, 0.074s wall-clock]
Instantiating: [0.120s CPU, 0.117s wall-clock]
Computing fact groups...
Finding invariants...
24 initial candidates
Finding invariants: [0.010s CPU, 0.011s wall-clock]
Checking invariant weight... [0.000s CPU, 0.000s wall-clock]
Instantiating groups... [0.000s CPU, 0.001s wall-clock]
Collecting mutex groups... [0.000s CPU, 0.000s wall-clock]
Choosing groups...
350 uncovered facts
Choosing groups: [0.000s CPU, 0.000s wall-clock]
Building translation key... [0.000s CPU, 0.001s wall-clock]
Computing fact groups: [0.010s CPU, 0.014s wall-clock]
Building STRIPS to SAS dictionary... [0.000s CPU, 0.000s wall-clock]
Building dictionary for full mutex groups... [0.000s CPU, 0.000s wall-clock]
Building mutex information...
Building mutex information: [0.000s CPU, 0.000s wall-clock]
Translating task...
Processing axioms...
Simplifying axioms... [0.000s CPU, 0.000s wall-clock]
Translator axioms removed by simplifying: 0
Computing negative axioms... [0.000s CPU, 0.000s wall-clock]
Processing axioms: [0.010s CPU, 0.006s wall-clock]
Translating task: [0.090s CPU, 0.087s wall-clock]
3920 effect conditions simplified
0 implied preconditions added
Detecting unreachable propositions...
0 operators removed
0 axioms removed
3 propositions removed
Detecting unreachable propositions: [0.070s CPU, 0.067s wall-clock]
Reordering and filtering variables...
353 of 353 variables necessary.
16 of 19 mutex groups necessary.
2344 of 2344 operators necessary.
0 of 0 axiom rules necessary.
Reordering and filtering variables: [0.030s CPU, 0.029s wall-clock]
Translator variables: 353
Translator derived variables: 0
Translator facts: 737
Translator goal facts: 14
Translator mutex groups: 16
Translator total mutex groups size: 48
Translator operators: 2344
Translator axioms: 0
Translator task size: 22454
Translator peak memory: 45696 KB
Writing output... [0.020s CPU, 0.020s wall-clock]
Done! [0.340s CPU, 0.343s wall-clock]
translate exit code: 0

INFO     Running search (release).
INFO     search stdin: output.sas
INFO     search time limit: 1799s
INFO     search memory limit: 2048 MB
INFO     search command line string: /home/henry/Documents/UFRGS/TCC/downward/experiments/lab/data/main/code-5bb2ccb6957559b6969ffd7e29254c73f84d5e49_e5e41175/builds/release/bin/downward --search 'eager_greedy([operatorcounting(constraint_generators=[pho_constraints(patterns=systematic(2))], use_integer_operator_counts=false, transform=adapt_costs(cost_type=NORMAL))])' --internal-plan-file sas_plan < output.sas
[t=0s, 45596 KB] reading input...
[t=0.0119852s, 46608 KB] done reading input!
[t=0.0153344s, 47152 KB] Generating patterns using: systematic pattern collection generator
[t=0.0153344s, 47152 KB] building causal graph...done! [t=0.00400571s]
[t=0.0193402s, 47896 KB] Found 116 SGA patterns.
[t=0.0233146s, 47896 KB] Found 116 interesting patterns.
[t=0.0233146s, 47896 KB] systematic pattern collection generator number of patterns: 116
[t=0.0233146s, 47896 KB] systematic pattern collection generator total PDB size: 1304
[t=0.0233146s, 47896 KB] systematic pattern collection generator computation time: 0.00798011s
[t=0.0233146s, 47896 KB] Computing PDBs for pattern collection...
[t=0.0632812s, 47896 KB] Done computing PDBs for pattern collection: 0.0399667s
[t=0.0712743s, 48384 KB] Building successor generator...done!
[t=0.0712743s, 48384 KB] peak memory difference for successor generator creation: 0 KB
[t=0.0712743s, 48384 KB] time for successor generation creation: 0s
[t=0.0712743s, 48384 KB] Variables: 353
[t=0.0712743s, 48384 KB] FactPairs: 737
[t=0.0712743s, 48384 KB] Bytes per state: 48
[t=0.0712743s, 48384 KB] Conducting best first search without reopening closed nodes, (real) bound = 2147483647
[t=0.0752534s, 50128 KB] New best heuristic value for operatorcounting(constraint_generators=[pho_constraints(patterns=systematic(2))],use_integer_operator_counts=false,transform=adapt_costs(cost_type=normal)): 25
[t=0.0752534s, 50128 KB] g=0, 1 evaluated, 0 expanded
[t=0.0752534s, 50128 KB] Initial heuristic value for operatorcounting(constraint_generators=[pho_constraints(patterns=systematic(2))],use_integer_operator_counts=false,transform=adapt_costs(cost_type=normal)): 25
[t=0.0752534s, 50128 KB] pruning method: none
[t=0.115226s, 50128 KB] New best heuristic value for operatorcounting(constraint_generators=[pho_constraints(patterns=systematic(2))],use_integer_operator_counts=false,transform=adapt_costs(cost_type=normal)): 24
[t=0.115226s, 50128 KB] g=2, 203 evaluated, 12 expanded
[t=223.573s, 140024 KB] New best heuristic value for operatorcounting(constraint_generators=[pho_constraints(patterns=systematic(2))],use_integer_operator_counts=false,transform=adapt_costs(cost_type=normal)): 23
[t=223.573s, 140024 KB] g=12, 1063956 evaluated, 347685 expanded
[t=223.577s, 140024 KB] New best heuristic value for operatorcounting(constraint_generators=[pho_constraints(patterns=systematic(2))],use_integer_operator_counts=false,transform=adapt_costs(cost_type=normal)): 22
[t=223.577s, 140024 KB] g=13, 1063973 evaluated, 347686 expanded
[t=223.585s, 140024 KB] New best heuristic value for operatorcounting(constraint_generators=[pho_constraints(patterns=systematic(2))],use_integer_operator_counts=false,transform=adapt_costs(cost_type=normal)): 21
[t=223.585s, 140024 KB] g=14, 1064004 evaluated, 347687 expanded
Peak memory: 778356 KB
caught signal 24 -- exiting
Time limit has been reached.
Remove intermediate file output.sas
search exit code: 23

Driver aborting after search
INFO     Planner time: 1797.28s
