INFO     planner time limit: 1800s
INFO     planner memory limit: 2048 MB

INFO     Running translator.
INFO     translator stdin: None
INFO     translator time limit: 1799s
INFO     translator memory limit: 2048 MB
INFO     translator command line string: /home/henry/Documents/UFRGS/TCC/downward/.venv/bin/python /home/henry/Documents/UFRGS/TCC/downward/experiments/lab/data/main/code-5bb2ccb6957559b6969ffd7e29254c73f84d5e49_e5e41175/builds/release/bin/translate/translate.py domain.pddl problem.pddl --sas-file output.sas
Parsing...
Parsing: [0.010s CPU, 0.001s wall-clock]
Normalizing task... [0.000s CPU, 0.000s wall-clock]
Instantiating...
Generating Datalog program... [0.000s CPU, 0.000s wall-clock]
Normalizing Datalog program...
Normalizing Datalog program: [0.000s CPU, 0.002s wall-clock]
Preparing model... [0.000s CPU, 0.001s wall-clock]
Generated 50 rules.
Computing model... [0.010s CPU, 0.007s wall-clock]
607 relevant atoms
730 auxiliary atoms
1337 final queue length
1711 total queue pushes
Completing instantiation... [0.000s CPU, 0.006s wall-clock]
Instantiating: [0.010s CPU, 0.016s wall-clock]
Computing fact groups...
Finding invariants...
11 initial candidates
Finding invariants: [0.000s CPU, 0.003s wall-clock]
Checking invariant weight... [0.000s CPU, 0.000s wall-clock]
Instantiating groups... [0.010s CPU, 0.001s wall-clock]
Collecting mutex groups... [0.000s CPU, 0.000s wall-clock]
Choosing groups...
0 uncovered facts
Choosing groups: [0.000s CPU, 0.000s wall-clock]
Building translation key... [0.000s CPU, 0.000s wall-clock]
Computing fact groups: [0.010s CPU, 0.005s wall-clock]
Building STRIPS to SAS dictionary... [0.000s CPU, 0.000s wall-clock]
Building dictionary for full mutex groups... [0.000s CPU, 0.000s wall-clock]
Building mutex information...
Building mutex information: [0.000s CPU, 0.000s wall-clock]
Translating task...
Processing axioms...
Simplifying axioms... [0.000s CPU, 0.000s wall-clock]
Translator axioms removed by simplifying: 0
Computing negative axioms... [0.000s CPU, 0.000s wall-clock]
Processing axioms: [0.000s CPU, 0.000s wall-clock]
Translating task: [0.000s CPU, 0.007s wall-clock]
0 effect conditions simplified
0 implied preconditions added
Detecting unreachable propositions...
0 operators removed
0 axioms removed
4 propositions removed
Detecting unreachable propositions: [0.010s CPU, 0.003s wall-clock]
Reordering and filtering variables...
28 of 28 variables necessary.
48 of 52 mutex groups necessary.
316 of 316 operators necessary.
0 of 0 axiom rules necessary.
Reordering and filtering variables: [0.000s CPU, 0.001s wall-clock]
Translator variables: 28
Translator derived variables: 0
Translator facts: 148
Translator goal facts: 20
Translator mutex groups: 48
Translator total mutex groups size: 192
Translator operators: 316
Translator axioms: 0
Translator task size: 2112
Translator peak memory: 33404 KB
Writing output... [0.000s CPU, 0.002s wall-clock]
Done! [0.040s CPU, 0.037s wall-clock]
translate exit code: 0

INFO     Running search (release).
INFO     search stdin: output.sas
INFO     search time limit: 1799s
INFO     search memory limit: 2048 MB
INFO     search command line string: /home/henry/Documents/UFRGS/TCC/downward/experiments/lab/data/main/code-5bb2ccb6957559b6969ffd7e29254c73f84d5e49_e5e41175/builds/release/bin/downward --search 'eager_greedy([lsh(patterns=systematic(4), transform=adapt_costs(cost_type=ONE))])' --internal-plan-file sas_plan < output.sas
[t=0s, 10544 KB] reading input...
[t=0.00297812s, 10676 KB] done reading input!
[t=0.00297812s, 10940 KB] Generating patterns using: systematic pattern collection generator
[t=0.00297812s, 10940 KB] building causal graph...done! [t=0s]
[t=0.00697751s, 12488 KB] Found 6836 SGA patterns.
[t=0.0149715s, 13008 KB] Found 9585 interesting patterns.
[t=0.0189717s, 13008 KB] systematic pattern collection generator number of patterns: 9585
[t=0.0189717s, 13008 KB] systematic pattern collection generator total PDB size: 10393216
[t=0.0189717s, 13008 KB] systematic pattern collection generator computation time: 0.0159936s
[t=0.0189717s, 13008 KB] Computing PDBs for pattern collection...
[t=2.57769s, 55548 KB] Done computing PDBs for pattern collection: 2.55872s
[t=2.64167s, 66508 KB] Building successor generator...done!
[t=2.64167s, 66508 KB] peak memory difference for successor generator creation: 0 KB
[t=2.64167s, 66508 KB] time for successor generation creation: 0s
[t=2.64167s, 66508 KB] Variables: 28
[t=2.64167s, 66508 KB] FactPairs: 148
[t=2.64167s, 66508 KB] Bytes per state: 8
[t=2.64167s, 66508 KB] Conducting best first search without reopening closed nodes, (real) bound = 2147483647
[t=2.64167s, 66508 KB] New best heuristic value for lsh(patterns=systematic(4),transform=adapt_costs(cost_type=one)): 23
[t=2.64167s, 66508 KB] g=0, 1 evaluated, 0 expanded
[t=2.64167s, 66508 KB] Initial heuristic value for lsh(patterns=systematic(4),transform=adapt_costs(cost_type=one)): 23
[t=2.64167s, 66508 KB] pruning method: none
[t=2.64167s, 66508 KB] New best heuristic value for lsh(patterns=systematic(4),transform=adapt_costs(cost_type=one)): 22
[t=2.64167s, 66508 KB] g=2, 6 evaluated, 1 expanded
[t=2.64566s, 66508 KB] New best heuristic value for lsh(patterns=systematic(4),transform=adapt_costs(cost_type=one)): 21
[t=2.64566s, 66508 KB] g=4, 20 evaluated, 2 expanded
[t=2.64966s, 66508 KB] New best heuristic value for lsh(patterns=systematic(4),transform=adapt_costs(cost_type=one)): 20
[t=2.64966s, 66508 KB] g=11, 38 evaluated, 4 expanded
[t=2.65366s, 66508 KB] New best heuristic value for lsh(patterns=systematic(4),transform=adapt_costs(cost_type=one)): 19
[t=2.65366s, 66508 KB] g=19, 86 evaluated, 13 expanded
[t=2.66164s, 66508 KB] New best heuristic value for lsh(patterns=systematic(4),transform=adapt_costs(cost_type=one)): 18
[t=2.66164s, 66508 KB] g=29, 136 evaluated, 22 expanded
[t=2.66565s, 66508 KB] New best heuristic value for lsh(patterns=systematic(4),transform=adapt_costs(cost_type=one)): 17
[t=2.66565s, 66508 KB] g=31, 142 evaluated, 23 expanded
[t=2.66963s, 66508 KB] New best heuristic value for lsh(patterns=systematic(4),transform=adapt_costs(cost_type=one)): 16
[t=2.66963s, 66508 KB] g=39, 176 evaluated, 31 expanded
[t=2.66963s, 66508 KB] New best heuristic value for lsh(patterns=systematic(4),transform=adapt_costs(cost_type=one)): 15
[t=2.66963s, 66508 KB] g=41, 182 evaluated, 32 expanded
[t=2.67763s, 66508 KB] New best heuristic value for lsh(patterns=systematic(4),transform=adapt_costs(cost_type=one)): 14
[t=2.67763s, 66508 KB] g=45, 223 evaluated, 42 expanded
[t=2.68962s, 66508 KB] New best heuristic value for lsh(patterns=systematic(4),transform=adapt_costs(cost_type=one)): 13
[t=2.68962s, 66508 KB] g=48, 302 evaluated, 58 expanded
[t=2.68962s, 66508 KB] New best heuristic value for lsh(patterns=systematic(4),transform=adapt_costs(cost_type=one)): 12
[t=2.68962s, 66508 KB] g=55, 317 evaluated, 61 expanded
[t=2.69362s, 66508 KB] New best heuristic value for lsh(patterns=systematic(4),transform=adapt_costs(cost_type=one)): 11
[t=2.69362s, 66508 KB] g=63, 348 evaluated, 70 expanded
[t=2.70162s, 66508 KB] New best heuristic value for lsh(patterns=systematic(4),transform=adapt_costs(cost_type=one)): 10
[t=2.70162s, 66508 KB] g=71, 390 evaluated, 82 expanded
[t=2.70562s, 66508 KB] New best heuristic value for lsh(patterns=systematic(4),transform=adapt_costs(cost_type=one)): 9
[t=2.70562s, 66508 KB] g=79, 430 evaluated, 93 expanded
[t=2.72162s, 66508 KB] New best heuristic value for lsh(patterns=systematic(4),transform=adapt_costs(cost_type=one)): 8
[t=2.72162s, 66508 KB] g=85, 527 evaluated, 143 expanded
[t=2.98548s, 66508 KB] New best heuristic value for lsh(patterns=systematic(4),transform=adapt_costs(cost_type=one)): 7
[t=2.98548s, 66508 KB] g=95, 2653 evaluated, 1633 expanded
[t=69.1405s, 90416 KB] New best heuristic value for lsh(patterns=systematic(4),transform=adapt_costs(cost_type=one)): 6
[t=69.1405s, 90416 KB] g=102, 456158 evaluated, 326685 expanded
[t=735.476s, 284856 KB] New best heuristic value for lsh(patterns=systematic(4),transform=adapt_costs(cost_type=one)): 5
[t=735.476s, 284856 KB] g=125, 5578817 evaluated, 3878656 expanded
Peak memory: 817668 KB
caught signal 24 -- exiting
Time limit has been reached.
Remove intermediate file output.sas
search exit code: 23

Driver aborting after search
INFO     Planner time: 1798.06s
