INFO     planner time limit: 1800s
INFO     planner memory limit: 2048 MB

INFO     Running translator.
INFO     translator stdin: None
INFO     translator time limit: 1799s
INFO     translator memory limit: 2048 MB
INFO     translator command line string: /home/henry/Documents/UFRGS/TCC/downward/.venv/bin/python /home/henry/Documents/UFRGS/TCC/downward/experiments/lab/data/main/code-5bb2ccb6957559b6969ffd7e29254c73f84d5e49_e5e41175/builds/release/bin/translate/translate.py domain.pddl problem.pddl --sas-file output.sas
Parsing...
Parsing: [0.050s CPU, 0.057s wall-clock]
Normalizing task... [0.010s CPU, 0.005s wall-clock]
Instantiating...
Generating Datalog program... [0.010s CPU, 0.010s wall-clock]
Normalizing Datalog program...
Normalizing Datalog program: [0.030s CPU, 0.034s wall-clock]
Preparing model... [0.050s CPU, 0.045s wall-clock]
Generated 1852 rules.
Computing model... [2.640s CPU, 2.638s wall-clock]
112085 relevant atoms
160312 auxiliary atoms
272397 final queue length
483537 total queue pushes
Completing instantiation... [4.820s CPU, 4.827s wall-clock]
Instantiating: [7.650s CPU, 7.658s wall-clock]
Computing fact groups...
Finding invariants...
10 initial candidates
Finding invariants: [0.060s CPU, 0.060s wall-clock]
Checking invariant weight... [0.010s CPU, 0.004s wall-clock]
Instantiating groups... [0.000s CPU, 0.002s wall-clock]
Collecting mutex groups... [0.000s CPU, 0.001s wall-clock]
Choosing groups...
230 uncovered facts
Choosing groups: [0.000s CPU, 0.002s wall-clock]
Building translation key... [0.000s CPU, 0.001s wall-clock]
Computing fact groups: [0.080s CPU, 0.075s wall-clock]
Building STRIPS to SAS dictionary... [0.000s CPU, 0.001s wall-clock]
Building dictionary for full mutex groups... [0.000s CPU, 0.001s wall-clock]
Building mutex information...
Building mutex information: [0.000s CPU, 0.001s wall-clock]
Translating task...
Processing axioms...
Simplifying axioms... [0.000s CPU, 0.000s wall-clock]
Translator axioms removed by simplifying: 0
Computing negative axioms... [0.000s CPU, 0.000s wall-clock]
Processing axioms: [0.190s CPU, 0.195s wall-clock]
Translating task: [3.870s CPU, 3.880s wall-clock]
0 effect conditions simplified
0 implied preconditions added
Detecting unreachable propositions...
0 operators removed
0 axioms removed
231 propositions removed
Detecting unreachable propositions: [2.300s CPU, 2.294s wall-clock]
Reordering and filtering variables...
461 of 461 variables necessary.
0 of 461 mutex groups necessary.
106260 of 106260 operators necessary.
0 of 0 axiom rules necessary.
Reordering and filtering variables: [0.570s CPU, 0.575s wall-clock]
Translator variables: 461
Translator derived variables: 0
Translator facts: 1381
Translator goal facts: 230
Translator mutex groups: 0
Translator total mutex groups size: 0
Translator operators: 106260
Translator axioms: 0
Translator task size: 1079922
Translator peak memory: 593604 KB
Writing output... [0.640s CPU, 0.636s wall-clock]
Done! [15.370s CPU, 15.382s wall-clock]
translate exit code: 0

INFO     Running search (release).
INFO     search stdin: output.sas
INFO     search time limit: 1784s
INFO     search memory limit: 2048 MB
INFO     search command line string: /home/henry/Documents/UFRGS/TCC/downward/experiments/lab/data/main/code-5bb2ccb6957559b6969ffd7e29254c73f84d5e49_e5e41175/builds/release/bin/downward --search 'eager_greedy([ilsh(patterns=systematic(2), transform=adapt_costs(cost_type=ONE))])' --internal-plan-file sas_plan < output.sas
[t=0s, 10544 KB] reading input...
[t=0.433811s, 44928 KB] done reading input!
[t=0.433811s, 45324 KB] Generating patterns using: systematic pattern collection generator
[t=0.433811s, 45324 KB] building causal graph...done! [t=0.0399521s]
[t=0.473763s, 46400 KB] Found 2830 SGA patterns.
[t=0.481764s, 46400 KB] Found 2830 interesting patterns.
[t=0.481764s, 46400 KB] systematic pattern collection generator number of patterns: 2830
[t=0.481764s, 46400 KB] systematic pattern collection generator total PDB size: 174300
[t=0.481764s, 46400 KB] systematic pattern collection generator computation time: 0.047953s
[t=0.481764s, 46400 KB] Computing PDBs for pattern collection...
[t=50.6706s, 61100 KB] Done computing PDBs for pattern collection: 50.1888s
[t=60.1765s, 282928 KB] Tie breaking: 2
[t=60.1765s, 282928 KB] Building successor generator...done!
[t=60.2165s, 300432 KB] peak memory difference for successor generator creation: 17504 KB
[t=60.2165s, 300432 KB] time for successor generation creation: 0.0399809s
[t=60.2165s, 300432 KB] Variables: 461
[t=60.2165s, 300432 KB] FactPairs: 1381
[t=60.2165s, 300432 KB] Bytes per state: 88
[t=60.2165s, 300432 KB] Conducting best first search without reopening closed nodes, (real) bound = 2147483647
Peak memory: 300432 KB
caught signal 24 -- exiting
Time limit has been reached.
Remove intermediate file output.sas
search exit code: 23

Driver aborting after search
INFO     Planner time: 1797.86s
