INFO     planner time limit: 1800s
INFO     planner memory limit: 2048 MB

INFO     Running translator.
INFO     translator stdin: None
INFO     translator time limit: 1799s
INFO     translator memory limit: 2048 MB
INFO     translator command line string: /home/henry/Documents/UFRGS/TCC/downward/.venv/bin/python /home/henry/Documents/UFRGS/TCC/downward/experiments/lab/data/main/code-5bb2ccb6957559b6969ffd7e29254c73f84d5e49_e5e41175/builds/release/bin/translate/translate.py domain.pddl problem.pddl --sas-file output.sas
Parsing...
Parsing: [0.000s CPU, 0.002s wall-clock]
Normalizing task... [0.000s CPU, 0.000s wall-clock]
Instantiating...
Generating Datalog program... [0.000s CPU, 0.001s wall-clock]
Normalizing Datalog program...
Normalizing Datalog program: [0.000s CPU, 0.003s wall-clock]
Preparing model... [0.010s CPU, 0.002s wall-clock]
Generated 115 rules.
Computing model... [0.030s CPU, 0.040s wall-clock]
3725 relevant atoms
3726 auxiliary atoms
7451 final queue length
13104 total queue pushes
Completing instantiation... [0.080s CPU, 0.080s wall-clock]
Instantiating: [0.120s CPU, 0.127s wall-clock]
Computing fact groups...
Finding invariants...
24 initial candidates
Finding invariants: [0.010s CPU, 0.008s wall-clock]
Checking invariant weight... [0.000s CPU, 0.000s wall-clock]
Instantiating groups... [0.000s CPU, 0.001s wall-clock]
Collecting mutex groups... [0.000s CPU, 0.000s wall-clock]
Choosing groups...
381 uncovered facts
Choosing groups: [0.000s CPU, 0.000s wall-clock]
Building translation key... [0.000s CPU, 0.001s wall-clock]
Computing fact groups: [0.010s CPU, 0.011s wall-clock]
Building STRIPS to SAS dictionary... [0.000s CPU, 0.000s wall-clock]
Building dictionary for full mutex groups... [0.000s CPU, 0.000s wall-clock]
Building mutex information...
Building mutex information: [0.000s CPU, 0.000s wall-clock]
Translating task...
Processing axioms...
Simplifying axioms... [0.000s CPU, 0.000s wall-clock]
Translator axioms removed by simplifying: 0
Computing negative axioms... [0.000s CPU, 0.000s wall-clock]
Processing axioms: [0.010s CPU, 0.005s wall-clock]
Translating task: [0.100s CPU, 0.095s wall-clock]
4430 effect conditions simplified
0 implied preconditions added
Detecting unreachable propositions...
0 operators removed
0 axioms removed
3 propositions removed
Detecting unreachable propositions: [0.060s CPU, 0.062s wall-clock]
Reordering and filtering variables...
384 of 384 variables necessary.
16 of 19 mutex groups necessary.
2644 of 2644 operators necessary.
0 of 0 axiom rules necessary.
Reordering and filtering variables: [0.030s CPU, 0.028s wall-clock]
Translator variables: 384
Translator derived variables: 0
Translator facts: 799
Translator goal facts: 14
Translator mutex groups: 16
Translator total mutex groups size: 48
Translator operators: 2644
Translator axioms: 0
Translator task size: 25367
Translator peak memory: 47624 KB
Writing output... [0.010s CPU, 0.019s wall-clock]
Done! [0.340s CPU, 0.351s wall-clock]
translate exit code: 0

INFO     Running search (release).
INFO     search stdin: output.sas
INFO     search time limit: 1799s
INFO     search memory limit: 2048 MB
INFO     search command line string: /home/henry/Documents/UFRGS/TCC/downward/experiments/lab/data/main/code-5bb2ccb6957559b6969ffd7e29254c73f84d5e49_e5e41175/builds/release/bin/downward --search 'eager_greedy([ff(transform=adapt_costs(cost_type=NORMAL))])' --internal-plan-file sas_plan < output.sas
[t=0s, 10544 KB] reading input...
[t=0.0119882s, 11584 KB] done reading input!
[t=0.0119882s, 12672 KB] Simplifying 9782 unary operators... done! [8318 unary operators]
[t=0.0199959s, 13220 KB] time to simplify: 0.00800764s
[t=0.0199959s, 13220 KB] Initializing additive heuristic...
[t=0.0199959s, 13220 KB] Initializing FF heuristic...
[t=0.0199959s, 13220 KB] Building successor generator...done!
[t=0.023973s, 13220 KB] peak memory difference for successor generator creation: 0 KB
[t=0.023973s, 13220 KB] time for successor generation creation: 0.0039771s
[t=0.023973s, 13220 KB] Variables: 384
[t=0.023973s, 13220 KB] FactPairs: 799
[t=0.023973s, 13220 KB] Bytes per state: 52
[t=0.023973s, 13220 KB] Conducting best first search without reopening closed nodes, (real) bound = 2147483647
[t=0.023973s, 13220 KB] New best heuristic value for ff(transform=adapt_costs(cost_type=normal)): 40
[t=0.023973s, 13220 KB] g=0, 1 evaluated, 0 expanded
[t=0.023973s, 13220 KB] Initial heuristic value for ff(transform=adapt_costs(cost_type=normal)): 40
[t=0.023973s, 13220 KB] pruning method: none
[t=0.023973s, 13220 KB] New best heuristic value for ff(transform=adapt_costs(cost_type=normal)): 38
[t=0.023973s, 13220 KB] g=1, 10 evaluated, 1 expanded
[t=0.0479606s, 13220 KB] New best heuristic value for ff(transform=adapt_costs(cost_type=normal)): 36
[t=0.0479606s, 13220 KB] g=3, 152 evaluated, 14 expanded
[t=0.0639588s, 13220 KB] New best heuristic value for ff(transform=adapt_costs(cost_type=normal)): 34
[t=0.0639588s, 13220 KB] g=9, 261 evaluated, 29 expanded
[t=0.095926s, 13220 KB] New best heuristic value for ff(transform=adapt_costs(cost_type=normal)): 33
[t=0.095926s, 13220 KB] g=14, 451 evaluated, 50 expanded
[t=0.0999117s, 13220 KB] New best heuristic value for ff(transform=adapt_costs(cost_type=normal)): 32
[t=0.0999117s, 13220 KB] g=15, 489 evaluated, 52 expanded
[t=0.183856s, 13220 KB] New best heuristic value for ff(transform=adapt_costs(cost_type=normal)): 31
[t=0.183856s, 13220 KB] g=19, 1029 evaluated, 135 expanded
[t=0.18786s, 13220 KB] New best heuristic value for ff(transform=adapt_costs(cost_type=normal)): 30
[t=0.18786s, 13220 KB] g=20, 1050 evaluated, 136 expanded
[t=0.19185s, 13220 KB] New best heuristic value for ff(transform=adapt_costs(cost_type=normal)): 29
[t=0.19185s, 13220 KB] g=22, 1070 evaluated, 138 expanded
[t=335.156s, 194144 KB] New best heuristic value for ff(transform=adapt_costs(cost_type=normal)): 28
[t=335.156s, 194144 KB] g=32, 2011131 evaluated, 378543 expanded
[t=335.172s, 194144 KB] New best heuristic value for ff(transform=adapt_costs(cost_type=normal)): 27
[t=335.172s, 194144 KB] g=34, 2011234 evaluated, 378552 expanded
[t=718.866s, 403180 KB] New best heuristic value for ff(transform=adapt_costs(cost_type=normal)): 26
[t=718.866s, 403180 KB] g=52, 4397882 evaluated, 852044 expanded
[t=718.87s, 403180 KB] New best heuristic value for ff(transform=adapt_costs(cost_type=normal)): 25
[t=718.87s, 403180 KB] g=55, 4397924 evaluated, 852051 expanded
[t=718.874s, 403180 KB] New best heuristic value for ff(transform=adapt_costs(cost_type=normal)): 23
[t=718.874s, 403180 KB] g=56, 4397944 evaluated, 852052 expanded
Peak memory: 969320 KB
caught signal 24 -- exiting
Time limit has been reached.
Remove intermediate file output.sas
search exit code: 23

Driver aborting after search
INFO     Planner time: 1798.82s
