INFO     planner time limit: 1800s
INFO     planner memory limit: 2048 MB

INFO     Running translator.
INFO     translator stdin: None
INFO     translator time limit: 1799s
INFO     translator memory limit: 2048 MB
INFO     translator command line string: /home/henry/Documents/UFRGS/TCC/downward/.venv/bin/python /home/henry/Documents/UFRGS/TCC/downward/experiments/lab/data/main/code-5bb2ccb6957559b6969ffd7e29254c73f84d5e49_e5e41175/builds/release/bin/translate/translate.py domain.pddl problem.pddl --sas-file output.sas
Parsing...
Parsing: [0.000s CPU, 0.001s wall-clock]
Normalizing task... [0.000s CPU, 0.000s wall-clock]
Instantiating...
Generating Datalog program... [0.000s CPU, 0.000s wall-clock]
Normalizing Datalog program...
Normalizing Datalog program: [0.000s CPU, 0.001s wall-clock]
Preparing model... [0.000s CPU, 0.001s wall-clock]
Generated 32 rules.
Computing model... [0.570s CPU, 0.571s wall-clock]
93947 relevant atoms
7380 auxiliary atoms
101327 final queue length
304222 total queue pushes
Completing instantiation... [3.770s CPU, 3.786s wall-clock]
Instantiating: [4.370s CPU, 4.386s wall-clock]
Computing fact groups...
Finding invariants...
12 initial candidates
Finding invariants: [0.010s CPU, 0.011s wall-clock]
Checking invariant weight... [0.010s CPU, 0.000s wall-clock]
Instantiating groups... [0.000s CPU, 0.005s wall-clock]
Collecting mutex groups... [0.000s CPU, 0.001s wall-clock]
Choosing groups...
86 uncovered facts
Choosing groups: [0.010s CPU, 0.006s wall-clock]
Building translation key... [0.010s CPU, 0.001s wall-clock]
Computing fact groups: [0.040s CPU, 0.031s wall-clock]
Building STRIPS to SAS dictionary... [0.000s CPU, 0.001s wall-clock]
Building dictionary for full mutex groups... [0.000s CPU, 0.002s wall-clock]
Building mutex information...
Building mutex information: [0.000s CPU, 0.001s wall-clock]
Translating task...
Processing axioms...
Simplifying axioms... [0.000s CPU, 0.000s wall-clock]
Translator axioms removed by simplifying: 0
Computing negative axioms... [0.000s CPU, 0.000s wall-clock]
Processing axioms: [0.140s CPU, 0.144s wall-clock]
Translating task: [3.840s CPU, 3.842s wall-clock]
109242 effect conditions simplified
0 implied preconditions added
Detecting unreachable propositions...
0 operators removed
0 axioms removed
34 propositions removed
Detecting unreachable propositions: [2.110s CPU, 2.114s wall-clock]
Reordering and filtering variables...
120 of 120 variables necessary.
52 of 86 mutex groups necessary.
88434 of 88434 operators necessary.
0 of 0 axiom rules necessary.
Reordering and filtering variables: [0.520s CPU, 0.520s wall-clock]
Translator variables: 120
Translator derived variables: 0
Translator facts: 1940
Translator goal facts: 34
Translator mutex groups: 52
Translator total mutex groups size: 1820
Translator operators: 88434
Translator axioms: 0
Translator task size: 720056
Translator peak memory: 456164 KB
Writing output... [0.530s CPU, 0.532s wall-clock]
Done! [11.610s CPU, 11.628s wall-clock]
translate exit code: 0

INFO     Running search (release).
INFO     search stdin: output.sas
INFO     search time limit: 1788s
INFO     search memory limit: 2048 MB
INFO     search command line string: /home/henry/Documents/UFRGS/TCC/downward/experiments/lab/data/main/code-5bb2ccb6957559b6969ffd7e29254c73f84d5e49_e5e41175/builds/release/bin/downward --search 'eager_greedy([operatorcounting(constraint_generators=[pho_constraints(patterns=systematic(2))], use_integer_operator_counts=true, transform=adapt_costs(cost_type=ONE))])' --internal-plan-file sas_plan < output.sas
[t=0s, 45596 KB] reading input...
[t=0.35959s, 79100 KB] done reading input!
[t=0.36664s, 85616 KB] Generating patterns using: systematic pattern collection generator
[t=0.36664s, 85616 KB] building causal graph...done! [t=0.0519342s]
[t=0.422575s, 85940 KB] Found 2958 SGA patterns.
[t=0.434561s, 85940 KB] Found 2958 interesting patterns.
[t=0.434561s, 85940 KB] systematic pattern collection generator number of patterns: 2958
[t=0.434561s, 85940 KB] systematic pattern collection generator total PDB size: 305864
[t=0.434561s, 85940 KB] systematic pattern collection generator computation time: 0.0679208s
[t=0.434561s, 85940 KB] Computing PDBs for pattern collection...
[t=46.5847s, 86812 KB] Done computing PDBs for pattern collection: 46.1502s
[t=59.0543s, 669532 KB] Building successor generator...done!
[t=59.0823s, 669532 KB] peak memory difference for successor generator creation: 0 KB
[t=59.0823s, 669532 KB] time for successor generation creation: 0.0279777s
[t=59.0823s, 669532 KB] Variables: 120
[t=59.0823s, 669532 KB] FactPairs: 1940
[t=59.0823s, 669532 KB] Bytes per state: 40
[t=59.0823s, 669532 KB] Conducting best first search without reopening closed nodes, (real) bound = 2147483647
[t=60.6586s, 839852 KB] New best heuristic value for operatorcounting(constraint_generators=[pho_constraints(patterns=systematic(2))],use_integer_operator_counts=true,transform=adapt_costs(cost_type=one)): 34
[t=60.6586s, 839852 KB] g=0, 1 evaluated, 0 expanded
[t=60.6586s, 839852 KB] Initial heuristic value for operatorcounting(constraint_generators=[pho_constraints(patterns=systematic(2))],use_integer_operator_counts=true,transform=adapt_costs(cost_type=one)): 34
[t=60.6586s, 839852 KB] pruning method: none
[t=157.373s, 1387008 KB] New best heuristic value for operatorcounting(constraint_generators=[pho_constraints(patterns=systematic(2))],use_integer_operator_counts=true,transform=adapt_costs(cost_type=one)): 33
[t=157.373s, 1387008 KB] g=2, 49 evaluated, 2 expanded
[t=448.553s, 1392252 KB] New best heuristic value for operatorcounting(constraint_generators=[pho_constraints(patterns=systematic(2))],use_integer_operator_counts=true,transform=adapt_costs(cost_type=one)): 32
[t=448.553s, 1392252 KB] g=4, 201 evaluated, 7 expanded
[t=921.504s, 1392824 KB] New best heuristic value for operatorcounting(constraint_generators=[pho_constraints(patterns=systematic(2))],use_integer_operator_counts=true,transform=adapt_costs(cost_type=one)): 31
[t=921.504s, 1392824 KB] g=6, 432 evaluated, 14 expanded
[t=1098.38s, 1398068 KB] New best heuristic value for operatorcounting(constraint_generators=[pho_constraints(patterns=systematic(2))],use_integer_operator_counts=true,transform=adapt_costs(cost_type=one)): 30
[t=1098.38s, 1398068 KB] g=8, 518 evaluated, 17 expanded
[t=1264.58s, 1398068 KB] New best heuristic value for operatorcounting(constraint_generators=[pho_constraints(patterns=systematic(2))],use_integer_operator_counts=true,transform=adapt_costs(cost_type=one)): 29
[t=1264.58s, 1398068 KB] g=10, 593 evaluated, 19 expanded
[t=1321.45s, 1398068 KB] New best heuristic value for operatorcounting(constraint_generators=[pho_constraints(patterns=systematic(2))],use_integer_operator_counts=true,transform=adapt_costs(cost_type=one)): 28
[t=1321.45s, 1398068 KB] g=11, 618 evaluated, 20 expanded
[t=1366.24s, 1398068 KB] New best heuristic value for operatorcounting(constraint_generators=[pho_constraints(patterns=systematic(2))],use_integer_operator_counts=true,transform=adapt_costs(cost_type=one)): 27
[t=1366.24s, 1398068 KB] g=12, 636 evaluated, 21 expanded
Peak memory: 1398068 KB
caught signal 24 -- exiting
Time limit has been reached.
Remove intermediate file output.sas
search exit code: 23

Driver aborting after search
INFO     Planner time: 1795.46s
