INFO     planner time limit: 1800s
INFO     planner memory limit: 2048 MB

INFO     Running translator.
INFO     translator stdin: None
INFO     translator time limit: 1799s
INFO     translator memory limit: 2048 MB
INFO     translator command line string: /home/henry/Documents/UFRGS/TCC/downward/.venv/bin/python /home/henry/Documents/UFRGS/TCC/downward/experiments/lab/data/main/code-5bb2ccb6957559b6969ffd7e29254c73f84d5e49_e5e41175/builds/release/bin/translate/translate.py domain.pddl problem.pddl --sas-file output.sas
Parsing...
Parsing: [0.000s CPU, 0.002s wall-clock]
Normalizing task... [0.000s CPU, 0.000s wall-clock]
Instantiating...
Generating Datalog program... [0.000s CPU, 0.001s wall-clock]
Normalizing Datalog program...
Normalizing Datalog program: [0.010s CPU, 0.003s wall-clock]
Preparing model... [0.000s CPU, 0.002s wall-clock]
Generated 79 rules.
Computing model... [0.420s CPU, 0.417s wall-clock]
39725 relevant atoms
35876 auxiliary atoms
75601 final queue length
180717 total queue pushes
Completing instantiation... [0.930s CPU, 0.916s wall-clock]
Instantiating: [1.360s CPU, 1.352s wall-clock]
Computing fact groups...
Finding invariants...
14 initial candidates
Finding invariants: [0.020s CPU, 0.021s wall-clock]
Checking invariant weight... [0.000s CPU, 0.000s wall-clock]
Instantiating groups... [0.000s CPU, 0.000s wall-clock]
Collecting mutex groups... [0.000s CPU, 0.000s wall-clock]
Choosing groups...
1836 uncovered facts
Choosing groups: [0.000s CPU, 0.001s wall-clock]
Building translation key... [0.010s CPU, 0.004s wall-clock]
Computing fact groups: [0.040s CPU, 0.038s wall-clock]
Building STRIPS to SAS dictionary... [0.000s CPU, 0.001s wall-clock]
Building dictionary for full mutex groups... [0.000s CPU, 0.001s wall-clock]
Building mutex information...
Building mutex information: [0.000s CPU, 0.001s wall-clock]
Translating task...
Processing axioms...
Simplifying axioms... [0.000s CPU, 0.000s wall-clock]
Translator axioms removed by simplifying: 0
Computing negative axioms... [0.000s CPU, 0.000s wall-clock]
Processing axioms: [0.020s CPU, 0.020s wall-clock]
Translating task: [0.680s CPU, 0.678s wall-clock]
36824 effect conditions simplified
0 implied preconditions added
Detecting unreachable propositions...
0 operators removed
0 axioms removed
4 propositions removed
Detecting unreachable propositions: [0.490s CPU, 0.498s wall-clock]
Reordering and filtering variables...
1840 of 1840 variables necessary.
0 of 4 mutex groups necessary.
16312 of 16312 operators necessary.
0 of 0 axiom rules necessary.
Reordering and filtering variables: [0.330s CPU, 0.329s wall-clock]
Translator variables: 1840
Translator derived variables: 0
Translator facts: 3896
Translator goal facts: 28
Translator mutex groups: 0
Translator total mutex groups size: 0
Translator operators: 16312
Translator axioms: 0
Translator task size: 134788
Translator peak memory: 120480 KB
Writing output... [0.110s CPU, 0.103s wall-clock]
Done! [3.040s CPU, 3.034s wall-clock]
translate exit code: 0

INFO     Running search (release).
INFO     search stdin: output.sas
INFO     search time limit: 1796s
INFO     search memory limit: 2048 MB
INFO     search command line string: /home/henry/Documents/UFRGS/TCC/downward/experiments/lab/data/main/code-5bb2ccb6957559b6969ffd7e29254c73f84d5e49_e5e41175/builds/release/bin/downward --search 'eager_greedy([ilsh(patterns=systematic(2), transform=adapt_costs(cost_type=ONE))])' --internal-plan-file sas_plan < output.sas
[t=0s, 10544 KB] reading input...
[t=0.0758656s, 17224 KB] done reading input!
[t=0.0758656s, 17624 KB] Generating patterns using: systematic pattern collection generator
[t=0.0758656s, 17624 KB] building causal graph...done! [t=0.0439517s]
[t=0.131819s, 27808 KB] Found 5070 SGA patterns.
[t=0.22372s, 27808 KB] Found 5070 interesting patterns.
[t=0.227713s, 27808 KB] systematic pattern collection generator number of patterns: 5070
[t=0.227713s, 27808 KB] systematic pattern collection generator total PDB size: 32320
[t=0.227713s, 27808 KB] systematic pattern collection generator computation time: 0.151847s
[t=0.227713s, 27808 KB] Computing PDBs for pattern collection...
[t=12.8471s, 27808 KB] Done computing PDBs for pattern collection: 12.6193s
[t=15.3178s, 62160 KB] Tie breaking: 2
[t=15.3178s, 62160 KB] Building successor generator...done!
[t=15.3258s, 63332 KB] peak memory difference for successor generator creation: 1172 KB
[t=15.3258s, 63332 KB] time for successor generation creation: 0.00800233s
[t=15.3258s, 63332 KB] Variables: 1840
[t=15.3258s, 63332 KB] FactPairs: 3896
[t=15.3258s, 63332 KB] Bytes per state: 236
[t=15.3258s, 63332 KB] Conducting best first search without reopening closed nodes, (real) bound = 2147483647
[t=15.3578s, 63332 KB] New best heuristic value for ilsh(patterns=systematic(2),transform=adapt_costs(cost_type=one)): 11
[t=15.3578s, 63332 KB] g=0, 1 evaluated, 0 expanded
[t=15.3578s, 63332 KB] Initial heuristic value for ilsh(patterns=systematic(2),transform=adapt_costs(cost_type=one)): 11
[t=15.3578s, 63332 KB] pruning method: none
[t=15.5535s, 63332 KB] New best heuristic value for ilsh(patterns=systematic(2),transform=adapt_costs(cost_type=one)): 10
[t=15.5535s, 63332 KB] g=2, 6 evaluated, 1 expanded
Peak memory: 63332 KB
caught signal 24 -- exiting
Time limit has been reached.
Remove intermediate file output.sas
search exit code: 23

Driver aborting after search
INFO     Planner time: 1797.24s
