INFO     planner time limit: 1800s
INFO     planner memory limit: 2048 MB

INFO     Running translator.
INFO     translator stdin: None
INFO     translator time limit: 1799s
INFO     translator memory limit: 2048 MB
INFO     translator command line string: /home/henry/Documents/UFRGS/TCC/downward/.venv/bin/python /home/henry/Documents/UFRGS/TCC/downward/experiments/lab/data/main/code-5bb2ccb6957559b6969ffd7e29254c73f84d5e49_e5e41175/builds/release/bin/translate/translate.py domain.pddl problem.pddl --sas-file output.sas
Parsing...
Parsing: [0.000s CPU, 0.005s wall-clock]
Normalizing task... [0.000s CPU, 0.000s wall-clock]
Instantiating...
Generating Datalog program... [0.000s CPU, 0.001s wall-clock]
Normalizing Datalog program...
Normalizing Datalog program: [0.010s CPU, 0.005s wall-clock]
Preparing model... [0.000s CPU, 0.004s wall-clock]
Generated 258 rules.
Computing model... [0.370s CPU, 0.374s wall-clock]
59140 relevant atoms
1704 auxiliary atoms
60844 final queue length
221347 total queue pushes
Completing instantiation... [2.720s CPU, 2.717s wall-clock]
Instantiating: [3.110s CPU, 3.112s wall-clock]
Computing fact groups...
Finding invariants...
44 initial candidates
Finding invariants: [0.060s CPU, 0.058s wall-clock]
Checking invariant weight... [0.000s CPU, 0.000s wall-clock]
Instantiating groups... [0.000s CPU, 0.001s wall-clock]
Collecting mutex groups... [0.000s CPU, 0.000s wall-clock]
Choosing groups...
126 uncovered facts
Choosing groups: [0.000s CPU, 0.000s wall-clock]
Building translation key... [0.000s CPU, 0.000s wall-clock]
Computing fact groups: [0.060s CPU, 0.059s wall-clock]
Building STRIPS to SAS dictionary... [0.000s CPU, 0.000s wall-clock]
Building dictionary for full mutex groups... [0.000s CPU, 0.000s wall-clock]
Building mutex information...
Building mutex information: [0.000s CPU, 0.000s wall-clock]
Translating task...
Processing axioms...
Simplifying axioms... [0.000s CPU, 0.000s wall-clock]
Translator axioms removed by simplifying: 0
Computing negative axioms... [0.000s CPU, 0.000s wall-clock]
Processing axioms: [0.100s CPU, 0.097s wall-clock]
Translating task: [2.560s CPU, 2.564s wall-clock]
63383 effect conditions simplified
0 implied preconditions added
Detecting unreachable propositions...
0 operators removed
0 axioms removed
33 propositions removed
Detecting unreachable propositions: [1.420s CPU, 1.420s wall-clock]
Reordering and filtering variables...
115 of 120 variables necessary.
0 of 7 mutex groups necessary.
58457 of 58457 operators necessary.
0 of 0 axiom rules necessary.
Reordering and filtering variables: [0.440s CPU, 0.442s wall-clock]
Translator variables: 115
Translator derived variables: 0
Translator facts: 261
Translator goal facts: 2
Translator mutex groups: 0
Translator total mutex groups size: 0
Translator operators: 58457
Translator axioms: 0
Translator task size: 615672
Translator peak memory: 381488 KB
Writing output... [0.420s CPU, 0.415s wall-clock]
Done! [8.120s CPU, 8.134s wall-clock]
translate exit code: 0

INFO     Running search (release).
INFO     search stdin: output.sas
INFO     search time limit: 1791s
INFO     search memory limit: 2048 MB
INFO     search command line string: /home/henry/Documents/UFRGS/TCC/downward/experiments/lab/data/main/code-5bb2ccb6957559b6969ffd7e29254c73f84d5e49_e5e41175/builds/release/bin/downward --search 'eager_greedy([lsh(patterns=systematic(4), transform=adapt_costs(cost_type=ONE))])' --internal-plan-file sas_plan < output.sas
[t=0s, 10544 KB] reading input...
[t=0.267947s, 34508 KB] done reading input!
[t=0.267947s, 34904 KB] Generating patterns using: systematic pattern collection generator
[t=0.267947s, 34904 KB] building causal graph...done! [t=0.0319834s]
[t=0.299931s, 35620 KB] Found 3528 SGA patterns.
[t=0.311926s, 35620 KB] Found 3528 interesting patterns.
[t=0.315929s, 35620 KB] systematic pattern collection generator number of patterns: 3528
[t=0.315929s, 35620 KB] systematic pattern collection generator total PDB size: 295902
[t=0.315929s, 35620 KB] systematic pattern collection generator computation time: 0.0479814s
[t=0.315929s, 35620 KB] Computing PDBs for pattern collection...
[t=48.4492s, 43676 KB] Done computing PDBs for pattern collection: 48.1333s
[t=57.3266s, 878992 KB] Building successor generator...done!
[t=57.3465s, 885548 KB] peak memory difference for successor generator creation: 6556 KB
[t=57.3465s, 885548 KB] time for successor generation creation: 0.0199835s
[t=57.3465s, 885548 KB] Variables: 115
[t=57.3465s, 885548 KB] FactPairs: 261
[t=57.3465s, 885548 KB] Bytes per state: 16
[t=57.3465s, 885548 KB] Conducting best first search without reopening closed nodes, (real) bound = 2147483647
[t=57.3465s, 885548 KB] New best heuristic value for lsh(patterns=systematic(4),transform=adapt_costs(cost_type=one)): 23
[t=57.3465s, 885548 KB] g=0, 1 evaluated, 0 expanded
[t=57.3465s, 885548 KB] Initial heuristic value for lsh(patterns=systematic(4),transform=adapt_costs(cost_type=one)): 23
[t=57.3465s, 885548 KB] pruning method: none
[t=57.3465s, 885548 KB] New best heuristic value for lsh(patterns=systematic(4),transform=adapt_costs(cost_type=one)): 22
[t=57.3465s, 885548 KB] g=60, 2 evaluated, 1 expanded
[t=57.3465s, 885548 KB] New best heuristic value for lsh(patterns=systematic(4),transform=adapt_costs(cost_type=one)): 21
[t=57.3465s, 885548 KB] g=60, 12 evaluated, 1 expanded
[t=57.3465s, 885548 KB] New best heuristic value for lsh(patterns=systematic(4),transform=adapt_costs(cost_type=one)): 20
[t=57.3505s, 885548 KB] g=120, 13 evaluated, 2 expanded
[t=57.3585s, 885548 KB] New best heuristic value for lsh(patterns=systematic(4),transform=adapt_costs(cost_type=one)): 19
[t=57.3585s, 885548 KB] g=243, 137 evaluated, 76 expanded
[t=57.4945s, 885548 KB] New best heuristic value for lsh(patterns=systematic(4),transform=adapt_costs(cost_type=one)): 18
[t=57.4945s, 885548 KB] g=366, 1612 evaluated, 943 expanded
[t=57.4985s, 885548 KB] New best heuristic value for lsh(patterns=systematic(4),transform=adapt_costs(cost_type=one)): 17
[t=57.4985s, 885548 KB] g=367, 1621 evaluated, 944 expanded
[t=57.4985s, 885548 KB] New best heuristic value for lsh(patterns=systematic(4),transform=adapt_costs(cost_type=one)): 16
[t=57.4985s, 885548 KB] g=368, 1622 evaluated, 945 expanded
[t=57.4985s, 885548 KB] New best heuristic value for lsh(patterns=systematic(4),transform=adapt_costs(cost_type=one)): 15
[t=57.4985s, 885548 KB] g=399, 1624 evaluated, 947 expanded
[t=57.4985s, 885548 KB] New best heuristic value for lsh(patterns=systematic(4),transform=adapt_costs(cost_type=one)): 14
[t=57.4985s, 885548 KB] g=429, 1635 evaluated, 948 expanded
[t=57.7464s, 885548 KB] New best heuristic value for lsh(patterns=systematic(4),transform=adapt_costs(cost_type=one)): 13
[t=57.7464s, 885548 KB] g=649, 4650 evaluated, 3425 expanded
[t=57.7464s, 885548 KB] New best heuristic value for lsh(patterns=systematic(4),transform=adapt_costs(cost_type=one)): 12
[t=57.7464s, 885548 KB] g=650, 4658 evaluated, 3426 expanded
[t=57.7464s, 885548 KB] New best heuristic value for lsh(patterns=systematic(4),transform=adapt_costs(cost_type=one)): 11
[t=57.7464s, 885548 KB] g=651, 4659 evaluated, 3427 expanded
[t=57.7464s, 885548 KB] New best heuristic value for lsh(patterns=systematic(4),transform=adapt_costs(cost_type=one)): 10
[t=57.7464s, 885548 KB] g=667, 4661 evaluated, 3429 expanded
[t=57.7464s, 885548 KB] New best heuristic value for lsh(patterns=systematic(4),transform=adapt_costs(cost_type=one)): 9
[t=57.7464s, 885548 KB] g=682, 4673 evaluated, 3430 expanded
[t=57.7504s, 885548 KB] New best heuristic value for lsh(patterns=systematic(4),transform=adapt_costs(cost_type=one)): 7
[t=57.7504s, 885548 KB] g=697, 4686 evaluated, 3431 expanded
[t=58.8981s, 885548 KB] New best heuristic value for lsh(patterns=systematic(4),transform=adapt_costs(cost_type=one)): 5
[t=58.8981s, 885548 KB] g=901, 19825 evaluated, 17750 expanded
[t=59.0821s, 885548 KB] New best heuristic value for lsh(patterns=systematic(4),transform=adapt_costs(cost_type=one)): 4
[t=59.0821s, 885548 KB] g=1004, 22170 evaluated, 19915 expanded
[t=63.021s, 885548 KB] New best heuristic value for lsh(patterns=systematic(4),transform=adapt_costs(cost_type=one)): 3
[t=63.021s, 885548 KB] g=1108, 74056 evaluated, 70748 expanded
[t=63.101s, 885548 KB] New best heuristic value for lsh(patterns=systematic(4),transform=adapt_costs(cost_type=one)): 2
[t=63.101s, 885548 KB] g=1136, 75309 evaluated, 71765 expanded
[t=63.101s, 885548 KB] New best heuristic value for lsh(patterns=systematic(4),transform=adapt_costs(cost_type=one)): 1
[t=63.101s, 885548 KB] g=1137, 75310 evaluated, 71766 expanded
[t=63.105s, 885548 KB] New best heuristic value for lsh(patterns=systematic(4),transform=adapt_costs(cost_type=one)): 0
[t=63.105s, 885548 KB] g=1138, 75311 evaluated, 71767 expanded
[t=63.105s, 885548 KB] Solution found!
[t=63.105s, 885548 KB] Actual search time: 5.75842s
take_food worker2 worker1 worker2 round1 num3 num4 (60)
collect_resource worker1 noworker worker2 round1 act_clay clay (60)
ag__finish_round_backhome round1 worker2 (1)
ag__finish_round_renew round1 noworker (1)
ag__advance_round_normal round1 round2 act_family (1)
collect_resource worker2 worker1 worker2 round2 act_reed reed (60)
collect_resource worker1 noworker worker2 round2 act_wood wood (60)
ag__finish_round_backhome round2 worker2 (1)
ag__finish_round_renew round2 noworker (1)
ag__advance_round_normal round2 round3 act_sheep (1)
build_room worker2 worker1 worker2 worker3 round3 room3 (60)
family_growth worker1 noworker worker2 worker3 round3 clay room3 (60)
ag__finish_round_backhome_withchild round3 worker2 worker3 (1)
ag__finish_round_renew round3 noworker (1)
ag__advance_round_normal round3 round4 act_sow (1)
plow_field worker3 worker2 worker3 round4 (30)
take_grain worker2 worker1 worker3 round4 carrot (30)
sow worker1 noworker worker3 round4 carrot (30)
ag__finish_round_backhome round4 worker3 (1)
ag__finish_round_renew round4 noworker (1)
ag__harvest_collecting_veg round4 stage1 carrot num4 num6 num7 (1)
ag__harvest_collect_end round4 stage1 (1)
ag__harvest_feed round4 stage1 worker3 num7 num6 num1 (1)
ag__harvest_breed_end round4 stage1 (1)
ag__finish_stage stage1 stage2 round4 round5 act_improve (1)
collect_resource worker3 worker2 worker3 round5 act_clay clay (30)
collect_resource worker2 worker1 worker3 round5 act_reed reed (30)
collect_resource worker1 noworker worker3 round5 act_stone stone (30)
ag__finish_round_backhome round5 worker3 (1)
ag__finish_round_renew round5 noworker (1)
ag__advance_round_normal round5 round6 act_boar (1)
improve_home worker3 worker2 worker3 round6 fireplace (30)
collect_cook_animal boar act_sheep worker2 worker1 worker3 round6 num1 num3 (30)
collect_cook_animal boar act_boar worker1 noworker worker3 round6 num3 num5 (30)
ag__finish_round_backhome round6 worker3 (1)
ag__finish_round_renew round6 noworker (1)
ag__advance_round_normal round6 round7 act_cattle (1)
collect_cook_animal boar act_sheep worker3 worker2 worker3 round7 num5 num7 (30)
collect_cook_animal boar act_cattle worker2 worker1 worker3 round7 num7 num9 (30)
take_food worker1 noworker worker3 round7 num9 num10 (30)
ag__finish_round_backhome round7 worker3 (1)
ag__finish_round_renew round7 noworker (1)
ag__harvest_collect_end round7 stage2 (1)
ag__harvest_feed round7 stage2 worker3 num10 num6 num4 (1)
ag__harvest_breed_end round7 stage2 (1)
ag__finish_stage stage2 stage3 round7 round8 act_carrot (1)
collect_resource worker3 worker2 worker3 round8 act_wood wood (30)
build_room worker2 worker1 worker3 worker4 round8 room4 (30)
family_growth worker1 noworker worker3 worker4 round8 clay room4 (30)
ag__finish_round_backhome_withchild round8 worker3 worker4 (1)
ag__finish_round_renew round8 noworker (1)
ag__advance_round_normal round8 round9 void (1)
collect_cook_animal boar act_sheep worker4 worker3 worker4 round9 num4 num6 (15)
collect_resource worker3 worker2 worker4 round9 act_clay clay (15)
take_grain worker2 worker1 worker4 round9 carrot (15)
sow worker1 noworker worker4 round9 carrot (15)
ag__finish_round_backhome round9 worker4 (1)
ag__finish_round_renew round9 noworker (1)
ag__harvest_collecting_veg round9 stage3 carrot num6 num8 num9 (1)
ag__harvest_collect_end round9 stage3 (1)
ag__harvest_feed round9 stage3 worker4 num9 num8 num1 (1)
ag__harvest_breed_end round9 stage3 (1)
ag__finish_stage stage3 stage4 round9 round10 void (1)
collect_cook_animal boar act_sheep worker4 worker3 worker4 round10 num1 num3 (15)
take_food worker3 worker2 worker4 round10 num3 num4 (15)
collect_resource worker2 worker1 worker4 round10 act_clay clay (15)
take_grain worker1 noworker worker4 round10 carrot (15)
ag__finish_round_backhome round10 worker4 (1)
ag__finish_round_renew round10 noworker (1)
ag__advance_round_normal round10 round11 void (1)
sow worker4 worker3 worker4 round11 carrot (15)
collect_cook_animal boar act_sheep worker3 worker2 worker4 round11 num4 num6 (15)
take_grain worker2 worker1 worker4 round11 grain (15)
sow worker1 noworker worker4 round11 grain (15)
ag__finish_round_backhome round11 worker4 (1)
ag__finish_round_renew round11 noworker (1)
ag__harvest_collecting_veg round11 stage4 carrot num6 num8 num9 (1)
ag__harvest_collecting_veg round11 stage4 grain num9 num11 num12 (1)
ag__harvest_collect_end round11 stage4 (1)
ag__harvest_feed round11 stage4 worker4 num12 num8 num4 (1)
ag__harvest_breed_end round11 stage4 (1)
ag__finish_stage stage4 stage5 round11 round12 void (1)
collect_resource worker4 worker3 worker4 round12 act_reed reed (15)
collect_resource worker3 worker2 worker4 round12 act_wood wood (15)
build_room worker2 worker1 worker4 worker5 round12 room5 (15)
family_growth worker1 noworker worker4 worker5 round12 clay room5 (15)
ag__finish_round_backhome_withchild round12 worker4 worker5 (1)
ag__finish_round_renew round12 noworker (1)
ag__advance_round_normal round12 round13 void (1)
collect_cook_animal boar act_sheep worker5 worker4 worker5 round13 num4 num6 (6)
collect_resource worker4 worker3 worker5 round13 act_clay clay (6)
take_grain worker3 worker2 worker5 round13 carrot (6)
sow worker2 worker1 worker5 round13 carrot (6)
take_food worker1 noworker worker5 round13 num6 num7 (6)
ag__finish_round_backhome round13 worker5 (1)
ag__finish_round_renew round13 noworker (1)
ag__harvest_collecting_veg round13 stage5 carrot num7 num9 num10 (1)
ag__harvest_collect_end round13 stage5 (1)
ag__harvest_feed round13 stage5 worker5 num10 num10 num0 (1)
ag__harvest_breed_end round13 stage5 (1)
[t=63.105s, 885548 KB] Plan length: 100 step(s).
[t=63.105s, 885548 KB] Plan cost: 1138
[t=63.105s, 885548 KB] Expanded 71768 state(s).
[t=63.105s, 885548 KB] Reopened 0 state(s).
[t=63.105s, 885548 KB] Evaluated 75311 state(s).
[t=63.105s, 885548 KB] Evaluations: 75311
[t=63.105s, 885548 KB] Generated 273082 state(s).
[t=63.105s, 885548 KB] Dead ends: 0 state(s).
[t=63.105s, 885548 KB] Number of registered states: 75311
[t=63.105s, 885548 KB] Int hash set load factor: 75311/131072 = 0.574577
[t=63.105s, 885548 KB] Int hash set resizes: 17
[t=63.105s, 885548 KB] Search time: 5.75842s
[t=63.105s, 885548 KB] Total time: 63.105s
Solution found.
Peak memory: 885548 KB
Remove intermediate file output.sas
search exit code: 0

INFO     Running validate.
INFO     validate stdin: None
INFO     validate time limit: None
INFO     validate memory limit: None
INFO     validate command line string: /home/henry/bin/validate domain.pddl problem.pddl sas_plan
Checking plan: sas_plan
Plan executed successfully - checking goal
Plan valid
Final value: 1138 

Successful plans:
Value: 1138
 sas_plan 1138 

validate exit code: 0

INFO     Planner time: 71.38s
