INFO     planner time limit: 1800s
INFO     planner memory limit: 2048 MB

INFO     Running translator.
INFO     translator stdin: None
INFO     translator time limit: 1799s
INFO     translator memory limit: 2048 MB
INFO     translator command line string: /home/henry/Documents/UFRGS/TCC/downward/.venv/bin/python /home/henry/Documents/UFRGS/TCC/downward/experiments/lab/data/main/code-5bb2ccb6957559b6969ffd7e29254c73f84d5e49_e5e41175/builds/release/bin/translate/translate.py domain.pddl problem.pddl --sas-file output.sas
Parsing...
Parsing: [0.000s CPU, 0.002s wall-clock]
Normalizing task... [0.000s CPU, 0.000s wall-clock]
Instantiating...
Generating Datalog program... [0.000s CPU, 0.001s wall-clock]
Normalizing Datalog program...
Normalizing Datalog program: [0.010s CPU, 0.003s wall-clock]
Preparing model... [0.000s CPU, 0.002s wall-clock]
Generated 115 rules.
Computing model... [0.040s CPU, 0.042s wall-clock]
4185 relevant atoms
4172 auxiliary atoms
8357 final queue length
14736 total queue pushes
Completing instantiation... [0.100s CPU, 0.094s wall-clock]
Instantiating: [0.150s CPU, 0.145s wall-clock]
Computing fact groups...
Finding invariants...
24 initial candidates
Finding invariants: [0.010s CPU, 0.008s wall-clock]
Checking invariant weight... [0.000s CPU, 0.000s wall-clock]
Instantiating groups... [0.000s CPU, 0.001s wall-clock]
Collecting mutex groups... [0.000s CPU, 0.000s wall-clock]
Choosing groups...
429 uncovered facts
Choosing groups: [0.000s CPU, 0.000s wall-clock]
Building translation key... [0.000s CPU, 0.001s wall-clock]
Computing fact groups: [0.010s CPU, 0.012s wall-clock]
Building STRIPS to SAS dictionary... [0.000s CPU, 0.000s wall-clock]
Building dictionary for full mutex groups... [0.000s CPU, 0.000s wall-clock]
Building mutex information...
Building mutex information: [0.000s CPU, 0.000s wall-clock]
Translating task...
Processing axioms...
Simplifying axioms... [0.000s CPU, 0.000s wall-clock]
Translator axioms removed by simplifying: 0
Computing negative axioms... [0.000s CPU, 0.000s wall-clock]
Processing axioms: [0.010s CPU, 0.010s wall-clock]
Translating task: [0.150s CPU, 0.145s wall-clock]
4994 effect conditions simplified
0 implied preconditions added
Detecting unreachable propositions...
0 operators removed
0 axioms removed
3 propositions removed
Detecting unreachable propositions: [0.050s CPU, 0.053s wall-clock]
Reordering and filtering variables...
432 of 432 variables necessary.
18 of 21 mutex groups necessary.
2984 of 2984 operators necessary.
0 of 0 axiom rules necessary.
Reordering and filtering variables: [0.040s CPU, 0.036s wall-clock]
Translator variables: 432
Translator derived variables: 0
Translator facts: 899
Translator goal facts: 16
Translator mutex groups: 18
Translator total mutex groups size: 54
Translator operators: 2984
Translator axioms: 0
Translator task size: 28627
Translator peak memory: 49680 KB
Writing output... [0.030s CPU, 0.022s wall-clock]
Done! [0.430s CPU, 0.424s wall-clock]
translate exit code: 0

INFO     Running search (release).
INFO     search stdin: output.sas
INFO     search time limit: 1799s
INFO     search memory limit: 2048 MB
INFO     search command line string: /home/henry/Documents/UFRGS/TCC/downward/experiments/lab/data/main/code-5bb2ccb6957559b6969ffd7e29254c73f84d5e49_e5e41175/builds/release/bin/downward --search 'eager_greedy([ilsh(patterns=systematic(2), transform=adapt_costs(cost_type=ONE))])' --internal-plan-file sas_plan < output.sas
[t=0s, 10544 KB] reading input...
[t=0.0148679s, 11748 KB] done reading input!
[t=0.0148679s, 12144 KB] Generating patterns using: systematic pattern collection generator
[t=0.0148679s, 12144 KB] building causal graph...done! [t=0.00400818s]
[t=0.0228633s, 13220 KB] Found 132 SGA patterns.
[t=0.0228633s, 13220 KB] Found 132 interesting patterns.
[t=0.0228633s, 13220 KB] systematic pattern collection generator number of patterns: 132
[t=0.0228633s, 13220 KB] systematic pattern collection generator total PDB size: 1616
[t=0.0228633s, 13220 KB] systematic pattern collection generator computation time: 0.00799539s
[t=0.0228633s, 13220 KB] Computing PDBs for pattern collection...
[t=0.0828012s, 13220 KB] Done computing PDBs for pattern collection: 0.0599379s
[t=0.090807s, 13220 KB] Tie breaking: 2
[t=0.090807s, 13220 KB] Building successor generator...done!
[t=0.090807s, 13220 KB] peak memory difference for successor generator creation: 0 KB
[t=0.090807s, 13220 KB] time for successor generation creation: 0s
[t=0.090807s, 13220 KB] Variables: 432
[t=0.090807s, 13220 KB] FactPairs: 899
[t=0.090807s, 13220 KB] Bytes per state: 56
[t=0.090807s, 13220 KB] Conducting best first search without reopening closed nodes, (real) bound = 2147483647
Peak memory: 13220 KB
caught signal 24 -- exiting
Time limit has been reached.
Remove intermediate file output.sas
search exit code: 23

Driver aborting after search
INFO     Planner time: 1798.47s
