INFO     planner time limit: 1800s
INFO     planner memory limit: 2048 MB

INFO     Running translator.
INFO     translator stdin: None
INFO     translator time limit: 1799s
INFO     translator memory limit: 2048 MB
INFO     translator command line string: /home/henry/Documents/UFRGS/TCC/downward/.venv/bin/python /home/henry/Documents/UFRGS/TCC/downward/experiments/lab/data/main/code-5bb2ccb6957559b6969ffd7e29254c73f84d5e49_e5e41175/builds/release/bin/translate/translate.py domain.pddl problem.pddl --sas-file output.sas
Parsing...
Parsing: [0.040s CPU, 0.039s wall-clock]
Normalizing task... [0.000s CPU, 0.004s wall-clock]
Instantiating...
Generating Datalog program... [0.010s CPU, 0.008s wall-clock]
Normalizing Datalog program...
Normalizing Datalog program: [0.020s CPU, 0.025s wall-clock]
Preparing model... [0.030s CPU, 0.030s wall-clock]
Generated 1852 rules.
Computing model... [2.160s CPU, 2.148s wall-clock]
110339 relevant atoms
160312 auxiliary atoms
270651 final queue length
481791 total queue pushes
Completing instantiation... [3.630s CPU, 3.634s wall-clock]
Instantiating: [5.940s CPU, 5.941s wall-clock]
Computing fact groups...
Finding invariants...
10 initial candidates
Finding invariants: [0.060s CPU, 0.058s wall-clock]
Checking invariant weight... [0.000s CPU, 0.003s wall-clock]
Instantiating groups... [0.000s CPU, 0.002s wall-clock]
Collecting mutex groups... [0.000s CPU, 0.001s wall-clock]
Choosing groups...
230 uncovered facts
Choosing groups: [0.010s CPU, 0.002s wall-clock]
Building translation key... [0.000s CPU, 0.001s wall-clock]
Computing fact groups: [0.070s CPU, 0.073s wall-clock]
Building STRIPS to SAS dictionary... [0.000s CPU, 0.001s wall-clock]
Building dictionary for full mutex groups... [0.000s CPU, 0.001s wall-clock]
Building mutex information...
Building mutex information: [0.000s CPU, 0.001s wall-clock]
Translating task...
Processing axioms...
Simplifying axioms... [0.000s CPU, 0.000s wall-clock]
Translator axioms removed by simplifying: 0
Computing negative axioms... [0.000s CPU, 0.000s wall-clock]
Processing axioms: [0.140s CPU, 0.134s wall-clock]
Translating task: [3.250s CPU, 3.249s wall-clock]
0 effect conditions simplified
0 implied preconditions added
Detecting unreachable propositions...
0 operators removed
0 axioms removed
231 propositions removed
Detecting unreachable propositions: [1.810s CPU, 1.809s wall-clock]
Reordering and filtering variables...
461 of 461 variables necessary.
0 of 461 mutex groups necessary.
106260 of 106260 operators necessary.
0 of 0 axiom rules necessary.
Reordering and filtering variables: [0.350s CPU, 0.348s wall-clock]
Translator variables: 461
Translator derived variables: 0
Translator facts: 1381
Translator goal facts: 230
Translator mutex groups: 0
Translator total mutex groups size: 0
Translator operators: 106260
Translator axioms: 0
Translator task size: 676596
Translator peak memory: 457176 KB
Writing output... [0.460s CPU, 0.462s wall-clock]
Done! [12.080s CPU, 12.091s wall-clock]
translate exit code: 0

INFO     Running search (release).
INFO     search stdin: output.sas
INFO     search time limit: 1787s
INFO     search memory limit: 2048 MB
INFO     search command line string: /home/henry/Documents/UFRGS/TCC/downward/experiments/lab/data/main/code-5bb2ccb6957559b6969ffd7e29254c73f84d5e49_e5e41175/builds/release/bin/downward --search 'eager_greedy([ilsh(patterns=systematic(2), transform=adapt_costs(cost_type=NORMAL))])' --internal-plan-file sas_plan < output.sas
[t=0.00204124s, 10544 KB] reading input...
[t=0.313939s, 38856 KB] done reading input!
[t=0.313939s, 39252 KB] Generating patterns using: systematic pattern collection generator
[t=0.313939s, 39252 KB] building causal graph...done! [t=0.0199863s]
[t=0.333925s, 39788 KB] Found 1084 SGA patterns.
[t=0.333925s, 39788 KB] Found 1084 interesting patterns.
[t=0.337927s, 39788 KB] systematic pattern collection generator number of patterns: 1084
[t=0.337927s, 39788 KB] systematic pattern collection generator total PDB size: 163824
[t=0.337927s, 39788 KB] systematic pattern collection generator computation time: 0.0239889s
[t=0.337927s, 39788 KB] Computing PDBs for pattern collection...
[t=17.4431s, 54348 KB] Done computing PDBs for pattern collection: 17.1052s
[t=20.5955s, 272640 KB] Tie breaking: 2
[t=20.5955s, 272640 KB] Building successor generator...done!
[t=20.6315s, 287036 KB] peak memory difference for successor generator creation: 14396 KB
[t=20.6315s, 287036 KB] time for successor generation creation: 0.035951s
[t=20.6315s, 287036 KB] Variables: 461
[t=20.6315s, 287036 KB] FactPairs: 1381
[t=20.6315s, 287036 KB] Bytes per state: 88
[t=20.6315s, 287036 KB] Conducting best first search without reopening closed nodes, (real) bound = 2147483647
[t=20.6794s, 287036 KB] New best heuristic value for ilsh(patterns=systematic(2),transform=adapt_costs(cost_type=normal)): 0
[t=20.6794s, 287036 KB] g=0, 1 evaluated, 0 expanded
[t=20.6794s, 287036 KB] Initial heuristic value for ilsh(patterns=systematic(2),transform=adapt_costs(cost_type=normal)): 0
[t=20.6794s, 287036 KB] pruning method: none
Peak memory: 287036 KB
caught signal 24 -- exiting
Time limit has been reached.
Remove intermediate file output.sas
search exit code: 23

Driver aborting after search
INFO     Planner time: 1797.59s
