INFO     planner time limit: 1800s
INFO     planner memory limit: 2048 MB

INFO     Running translator.
INFO     translator stdin: None
INFO     translator time limit: 1799s
INFO     translator memory limit: 2048 MB
INFO     translator command line string: /home/henry/Documents/UFRGS/TCC/downward/.venv/bin/python /home/henry/Documents/UFRGS/TCC/downward/experiments/lab/data/main/code-5bb2ccb6957559b6969ffd7e29254c73f84d5e49_e5e41175/builds/release/bin/translate/translate.py domain.pddl problem.pddl --sas-file output.sas
Parsing...
Parsing: [0.040s CPU, 0.041s wall-clock]
Normalizing task... [0.000s CPU, 0.004s wall-clock]
Instantiating...
Generating Datalog program... [0.010s CPU, 0.009s wall-clock]
Normalizing Datalog program...
Normalizing Datalog program: [0.030s CPU, 0.031s wall-clock]
Preparing model... [0.030s CPU, 0.028s wall-clock]
Generated 2012 rules.
Computing model... [2.700s CPU, 2.691s wall-clock]
130032 relevant atoms
189252 auxiliary atoms
319284 final queue length
568784 total queue pushes
Completing instantiation... [4.680s CPU, 4.691s wall-clock]
Instantiating: [7.570s CPU, 7.575s wall-clock]
Computing fact groups...
Finding invariants...
10 initial candidates
Finding invariants: [0.060s CPU, 0.061s wall-clock]
Checking invariant weight... [0.010s CPU, 0.004s wall-clock]
Instantiating groups... [0.000s CPU, 0.002s wall-clock]
Collecting mutex groups... [0.000s CPU, 0.001s wall-clock]
Choosing groups...
250 uncovered facts
Choosing groups: [0.010s CPU, 0.003s wall-clock]
Building translation key... [0.000s CPU, 0.001s wall-clock]
Computing fact groups: [0.080s CPU, 0.080s wall-clock]
Building STRIPS to SAS dictionary... [0.000s CPU, 0.001s wall-clock]
Building dictionary for full mutex groups... [0.000s CPU, 0.001s wall-clock]
Building mutex information...
Building mutex information: [0.000s CPU, 0.001s wall-clock]
Translating task...
Processing axioms...
Simplifying axioms... [0.000s CPU, 0.000s wall-clock]
Translator axioms removed by simplifying: 0
Computing negative axioms... [0.000s CPU, 0.000s wall-clock]
Processing axioms: [0.170s CPU, 0.167s wall-clock]
Translating task: [3.480s CPU, 3.482s wall-clock]
0 effect conditions simplified
0 implied preconditions added
Detecting unreachable propositions...
0 operators removed
0 axioms removed
251 propositions removed
Detecting unreachable propositions: [2.150s CPU, 2.152s wall-clock]
Reordering and filtering variables...
501 of 501 variables necessary.
0 of 501 mutex groups necessary.
125500 of 125500 operators necessary.
0 of 0 axiom rules necessary.
Reordering and filtering variables: [0.440s CPU, 0.432s wall-clock]
Translator variables: 501
Translator derived variables: 0
Translator facts: 1501
Translator goal facts: 250
Translator mutex groups: 0
Translator total mutex groups size: 0
Translator operators: 125500
Translator axioms: 0
Translator task size: 823779
Translator peak memory: 541316 KB
Writing output... [0.560s CPU, 0.564s wall-clock]
Done! [14.520s CPU, 14.537s wall-clock]
translate exit code: 0

INFO     Running search (release).
INFO     search stdin: output.sas
INFO     search time limit: 1785s
INFO     search memory limit: 2048 MB
INFO     search command line string: /home/henry/Documents/UFRGS/TCC/downward/experiments/lab/data/main/code-5bb2ccb6957559b6969ffd7e29254c73f84d5e49_e5e41175/builds/release/bin/downward --search 'eager_greedy([lsh(patterns=systematic(4), transform=adapt_costs(cost_type=NORMAL))])' --internal-plan-file sas_plan < output.sas
[t=0s, 10544 KB] reading input...
[t=0.379836s, 44356 KB] done reading input!
[t=0.379836s, 44620 KB] Generating patterns using: systematic pattern collection generator
[t=0.379836s, 44620 KB] building causal graph...done! [t=0.0279693s]
Failed to allocate memory.
Memory limit has been reached.
Peak memory: 2097052 KB
Remove intermediate file output.sas
search exit code: 22

Driver aborting after search
INFO     Planner time: 30.63s
