INFO     planner time limit: 1800s
INFO     planner memory limit: 2048 MB

INFO     Running translator.
INFO     translator stdin: None
INFO     translator time limit: 1799s
INFO     translator memory limit: 2048 MB
INFO     translator command line string: /home/henry/Documents/UFRGS/TCC/downward/.venv/bin/python /home/henry/Documents/UFRGS/TCC/downward/experiments/lab/data/main/code-5bb2ccb6957559b6969ffd7e29254c73f84d5e49_e5e41175/builds/release/bin/translate/translate.py domain.pddl problem.pddl --sas-file output.sas
Parsing...
Parsing: [0.000s CPU, 0.005s wall-clock]
Normalizing task... [0.000s CPU, 0.000s wall-clock]
Instantiating...
Generating Datalog program... [0.000s CPU, 0.001s wall-clock]
Normalizing Datalog program...
Normalizing Datalog program: [0.010s CPU, 0.005s wall-clock]
Preparing model... [0.000s CPU, 0.003s wall-clock]
Generated 258 rules.
Computing model... [0.250s CPU, 0.243s wall-clock]
39948 relevant atoms
1490 auxiliary atoms
41438 final queue length
149435 total queue pushes
Completing instantiation... [1.820s CPU, 1.824s wall-clock]
Instantiating: [2.080s CPU, 2.085s wall-clock]
Computing fact groups...
Finding invariants...
44 initial candidates
Finding invariants: [0.040s CPU, 0.043s wall-clock]
Checking invariant weight... [0.000s CPU, 0.000s wall-clock]
Instantiating groups... [0.000s CPU, 0.000s wall-clock]
Collecting mutex groups... [0.000s CPU, 0.000s wall-clock]
Choosing groups...
106 uncovered facts
Choosing groups: [0.000s CPU, 0.000s wall-clock]
Building translation key... [0.000s CPU, 0.000s wall-clock]
Computing fact groups: [0.040s CPU, 0.045s wall-clock]
Building STRIPS to SAS dictionary... [0.000s CPU, 0.000s wall-clock]
Building dictionary for full mutex groups... [0.000s CPU, 0.000s wall-clock]
Building mutex information...
Building mutex information: [0.000s CPU, 0.000s wall-clock]
Translating task...
Processing axioms...
Simplifying axioms... [0.000s CPU, 0.000s wall-clock]
Translator axioms removed by simplifying: 0
Computing negative axioms... [0.000s CPU, 0.000s wall-clock]
Processing axioms: [0.070s CPU, 0.065s wall-clock]
Translating task: [1.590s CPU, 1.587s wall-clock]
42097 effect conditions simplified
0 implied preconditions added
Detecting unreachable propositions...
0 operators removed
0 axioms removed
33 propositions removed
Detecting unreachable propositions: [0.920s CPU, 0.915s wall-clock]
Reordering and filtering variables...
94 of 100 variables necessary.
0 of 7 mutex groups necessary.
39319 of 39319 operators necessary.
0 of 0 axiom rules necessary.
Reordering and filtering variables: [0.320s CPU, 0.320s wall-clock]
Translator variables: 94
Translator derived variables: 0
Translator facts: 217
Translator goal facts: 2
Translator mutex groups: 0
Translator total mutex groups size: 0
Translator operators: 39319
Translator axioms: 0
Translator task size: 407174
Translator peak memory: 267692 KB
Writing output... [0.240s CPU, 0.249s wall-clock]
Done! [5.270s CPU, 5.284s wall-clock]
translate exit code: 0

INFO     Running search (release).
INFO     search stdin: output.sas
INFO     search time limit: 1794s
INFO     search memory limit: 2048 MB
INFO     search command line string: /home/henry/Documents/UFRGS/TCC/downward/experiments/lab/data/main/code-5bb2ccb6957559b6969ffd7e29254c73f84d5e49_e5e41175/builds/release/bin/downward --search 'eager_greedy([operatorcounting(constraint_generators=[pho_constraints(patterns=systematic(2))], use_integer_operator_counts=true, transform=adapt_costs(cost_type=NORMAL))])' --internal-plan-file sas_plan < output.sas
[t=0s, 45596 KB] reading input...
[t=0.178478s, 61560 KB] done reading input!
[t=0.18338s, 65104 KB] Generating patterns using: systematic pattern collection generator
[t=0.18338s, 65104 KB] building causal graph...done! [t=0.0239854s]
[t=0.207365s, 65104 KB] Found 18 SGA patterns.
[t=0.207365s, 65104 KB] Found 18 interesting patterns.
[t=0.207365s, 65104 KB] systematic pattern collection generator number of patterns: 18
[t=0.207365s, 65104 KB] systematic pattern collection generator total PDB size: 134
[t=0.207365s, 65104 KB] systematic pattern collection generator computation time: 0.0239854s
[t=0.207365s, 65104 KB] Computing PDBs for pattern collection...
[t=0.339244s, 69312 KB] Done computing PDBs for pattern collection: 0.131879s
[t=0.363216s, 69332 KB] Building successor generator...done!
[t=0.371198s, 70940 KB] peak memory difference for successor generator creation: 1608 KB
[t=0.371198s, 70940 KB] time for successor generation creation: 0.00798202s
[t=0.375201s, 70940 KB] Variables: 94
[t=0.375201s, 70940 KB] FactPairs: 217
[t=0.375201s, 70940 KB] Bytes per state: 16
[t=0.375201s, 70940 KB] Conducting best first search without reopening closed nodes, (real) bound = 2147483647
[t=0.391172s, 79304 KB] New best heuristic value for operatorcounting(constraint_generators=[pho_constraints(patterns=systematic(2))],use_integer_operator_counts=true,transform=adapt_costs(cost_type=normal)): 275
[t=0.395181s, 79304 KB] g=0, 1 evaluated, 0 expanded
[t=0.395181s, 79304 KB] Initial heuristic value for operatorcounting(constraint_generators=[pho_constraints(patterns=systematic(2))],use_integer_operator_counts=true,transform=adapt_costs(cost_type=normal)): 275
[t=0.395181s, 79304 KB] pruning method: none
[t=0.419153s, 88384 KB] New best heuristic value for operatorcounting(constraint_generators=[pho_constraints(patterns=systematic(2))],use_integer_operator_counts=true,transform=adapt_costs(cost_type=normal)): 215
[t=0.419153s, 88384 KB] g=60, 2 evaluated, 1 expanded
[t=0.447112s, 89288 KB] New best heuristic value for operatorcounting(constraint_generators=[pho_constraints(patterns=systematic(2))],use_integer_operator_counts=true,transform=adapt_costs(cost_type=normal)): 155
[t=0.447112s, 89288 KB] g=120, 10 evaluated, 2 expanded
[t=12.7353s, 94588 KB] New best heuristic value for operatorcounting(constraint_generators=[pho_constraints(patterns=systematic(2))],use_integer_operator_counts=true,transform=adapt_costs(cost_type=normal)): 154
[t=12.7353s, 94588 KB] g=367, 2281 evaluated, 1982 expanded
[t=12.7633s, 94588 KB] New best heuristic value for operatorcounting(constraint_generators=[pho_constraints(patterns=systematic(2))],use_integer_operator_counts=true,transform=adapt_costs(cost_type=normal)): 124
[t=12.7633s, 94588 KB] g=399, 2284 evaluated, 1985 expanded
[t=12.7953s, 94588 KB] New best heuristic value for operatorcounting(constraint_generators=[pho_constraints(patterns=systematic(2))],use_integer_operator_counts=true,transform=adapt_costs(cost_type=normal)): 94
[t=12.7953s, 94588 KB] g=429, 2295 evaluated, 1986 expanded
[t=12.8312s, 94588 KB] New best heuristic value for operatorcounting(constraint_generators=[pho_constraints(patterns=systematic(2))],use_integer_operator_counts=true,transform=adapt_costs(cost_type=normal)): 64
[t=12.8312s, 94588 KB] g=459, 2304 evaluated, 1987 expanded
[t=42.9412s, 96576 KB] New best heuristic value for operatorcounting(constraint_generators=[pho_constraints(patterns=systematic(2))],use_integer_operator_counts=true,transform=adapt_costs(cost_type=normal)): 63
[t=42.9412s, 96576 KB] g=460, 8085 evaluated, 7393 expanded
[t=213.118s, 98568 KB] New best heuristic value for operatorcounting(constraint_generators=[pho_constraints(patterns=systematic(2))],use_integer_operator_counts=true,transform=adapt_costs(cost_type=normal)): 48
[t=213.118s, 98568 KB] g=668, 33895 evaluated, 31241 expanded
[t=213.158s, 98568 KB] New best heuristic value for operatorcounting(constraint_generators=[pho_constraints(patterns=systematic(2))],use_integer_operator_counts=true,transform=adapt_costs(cost_type=normal)): 33
[t=213.158s, 98568 KB] g=683, 33907 evaluated, 31242 expanded
[t=213.198s, 98568 KB] New best heuristic value for operatorcounting(constraint_generators=[pho_constraints(patterns=systematic(2))],use_integer_operator_counts=true,transform=adapt_costs(cost_type=normal)): 18
[t=213.198s, 98568 KB] g=698, 33918 evaluated, 31243 expanded
[t=218.398s, 99796 KB] New best heuristic value for operatorcounting(constraint_generators=[pho_constraints(patterns=systematic(2))],use_integer_operator_counts=true,transform=adapt_costs(cost_type=normal)): 3
[t=218.398s, 99796 KB] g=713, 35421 evaluated, 32129 expanded
[t=218.454s, 99796 KB] New best heuristic value for operatorcounting(constraint_generators=[pho_constraints(patterns=systematic(2))],use_integer_operator_counts=true,transform=adapt_costs(cost_type=normal)): 2
[t=218.454s, 99796 KB] g=714, 35425 evaluated, 32130 expanded
Peak memory: 119620 KB
caught signal 24 -- exiting
Time limit has been reached.
Remove intermediate file output.sas
search exit code: 23

Driver aborting after search
INFO     Planner time: 1797.46s
