INFO     planner time limit: 1800s
INFO     planner memory limit: 2048 MB

INFO     Running translator.
INFO     translator stdin: None
INFO     translator time limit: 1799s
INFO     translator memory limit: 2048 MB
INFO     translator command line string: /home/henry/Documents/UFRGS/TCC/downward/.venv/bin/python /home/henry/Documents/UFRGS/TCC/downward/experiments/lab/data/main/code-5bb2ccb6957559b6969ffd7e29254c73f84d5e49_e5e41175/builds/release/bin/translate/translate.py domain.pddl problem.pddl --sas-file output.sas
Parsing...
Parsing: [0.000s CPU, 0.002s wall-clock]
Normalizing task... [0.000s CPU, 0.000s wall-clock]
Instantiating...
Generating Datalog program... [0.000s CPU, 0.000s wall-clock]
Normalizing Datalog program...
Normalizing Datalog program: [0.000s CPU, 0.002s wall-clock]
Preparing model... [0.000s CPU, 0.001s wall-clock]
Generated 52 rules.
Computing model... [0.030s CPU, 0.037s wall-clock]
1744 relevant atoms
5352 auxiliary atoms
7096 final queue length
8761 total queue pushes
Completing instantiation... [0.020s CPU, 0.029s wall-clock]
Instantiating: [0.070s CPU, 0.070s wall-clock]
Computing fact groups...
Finding invariants...
6 initial candidates
Finding invariants: [0.000s CPU, 0.001s wall-clock]
Checking invariant weight... [0.000s CPU, 0.000s wall-clock]
Instantiating groups... [0.000s CPU, 0.000s wall-clock]
Collecting mutex groups... [0.000s CPU, 0.000s wall-clock]
Choosing groups...
1 uncovered facts
Choosing groups: [0.000s CPU, 0.000s wall-clock]
Building translation key... [0.000s CPU, 0.000s wall-clock]
Computing fact groups: [0.000s CPU, 0.003s wall-clock]
Building STRIPS to SAS dictionary... [0.000s CPU, 0.000s wall-clock]
Building dictionary for full mutex groups... [0.000s CPU, 0.000s wall-clock]
Building mutex information...
Building mutex information: [0.000s CPU, 0.000s wall-clock]
Translating task...
Processing axioms...
Simplifying axioms... [0.000s CPU, 0.000s wall-clock]
Translator axioms removed by simplifying: 0
Computing negative axioms... [0.000s CPU, 0.000s wall-clock]
Processing axioms: [0.000s CPU, 0.003s wall-clock]
Translating task: [0.030s CPU, 0.035s wall-clock]
271 effect conditions simplified
0 implied preconditions added
Detecting unreachable propositions...
150 operators removed
0 axioms removed
24 propositions removed
Detecting unreachable propositions: [0.040s CPU, 0.035s wall-clock]
Reordering and filtering variables...
17 of 17 variables necessary.
0 of 16 mutex groups necessary.
1322 of 1322 operators necessary.
0 of 0 axiom rules necessary.
Reordering and filtering variables: [0.000s CPU, 0.005s wall-clock]
Translator variables: 17
Translator derived variables: 0
Translator facts: 123
Translator goal facts: 16
Translator mutex groups: 0
Translator total mutex groups size: 0
Translator operators: 1322
Translator axioms: 0
Translator task size: 7766
Translator peak memory: 37488 KB
Writing output... [0.000s CPU, 0.006s wall-clock]
Done! [0.160s CPU, 0.159s wall-clock]
translate exit code: 0

INFO     Running search (release).
INFO     search stdin: output.sas
INFO     search time limit: 1799s
INFO     search memory limit: 2048 MB
INFO     search command line string: /home/henry/Documents/UFRGS/TCC/downward/experiments/lab/data/main/code-5bb2ccb6957559b6969ffd7e29254c73f84d5e49_e5e41175/builds/release/bin/downward --search 'eager_greedy([operatorcounting(constraint_generators=[pho_constraints(patterns=systematic(2))], use_integer_operator_counts=true, transform=adapt_costs(cost_type=NORMAL))])' --internal-plan-file sas_plan < output.sas
[t=0s, 45596 KB] reading input...
[t=0.00400903s, 45876 KB] done reading input!
[t=0.00660854s, 46428 KB] Generating patterns using: systematic pattern collection generator
[t=0.00660854s, 46428 KB] building causal graph...done! [t=0s]
[t=0.00660854s, 46428 KB] Found 68 SGA patterns.
[t=0.00660854s, 46428 KB] Found 68 interesting patterns.
[t=0.00660854s, 46428 KB] systematic pattern collection generator number of patterns: 68
[t=0.00660854s, 46428 KB] systematic pattern collection generator total PDB size: 3058
[t=0.00660854s, 46428 KB] systematic pattern collection generator computation time: 0s
[t=0.00660854s, 46428 KB] Computing PDBs for pattern collection...
[t=0.0265752s, 46428 KB] Done computing PDBs for pattern collection: 0.0199667s
[t=0.0305861s, 47320 KB] Building successor generator...done!
[t=0.0305861s, 47320 KB] peak memory difference for successor generator creation: 0 KB
[t=0.0305861s, 47320 KB] time for successor generation creation: 0s
[t=0.0305861s, 47320 KB] Variables: 17
[t=0.0305861s, 47320 KB] FactPairs: 123
[t=0.0305861s, 47320 KB] Bytes per state: 8
[t=0.0305861s, 47320 KB] Conducting best first search without reopening closed nodes, (real) bound = 2147483647
[t=0.0345624s, 48828 KB] New best heuristic value for operatorcounting(constraint_generators=[pho_constraints(patterns=systematic(2))],use_integer_operator_counts=true,transform=adapt_costs(cost_type=normal)): 13
[t=0.0345624s, 48828 KB] g=0, 1 evaluated, 0 expanded
[t=0.0345624s, 48828 KB] Initial heuristic value for operatorcounting(constraint_generators=[pho_constraints(patterns=systematic(2))],use_integer_operator_counts=true,transform=adapt_costs(cost_type=normal)): 13
[t=0.0345624s, 48828 KB] pruning method: none
[t=0.0425626s, 50080 KB] New best heuristic value for operatorcounting(constraint_generators=[pho_constraints(patterns=systematic(2))],use_integer_operator_counts=true,transform=adapt_costs(cost_type=normal)): 12
[t=0.0425626s, 50080 KB] g=1, 5 evaluated, 1 expanded
[t=0.0944142s, 50080 KB] New best heuristic value for operatorcounting(constraint_generators=[pho_constraints(patterns=systematic(2))],use_integer_operator_counts=true,transform=adapt_costs(cost_type=normal)): 11
[t=0.0944142s, 50080 KB] g=4, 27 evaluated, 8 expanded
[t=0.21023s, 50088 KB] New best heuristic value for operatorcounting(constraint_generators=[pho_constraints(patterns=systematic(2))],use_integer_operator_counts=true,transform=adapt_costs(cost_type=normal)): 10
[t=0.21023s, 50088 KB] g=9, 80 evaluated, 25 expanded
[t=0.749012s, 50096 KB] New best heuristic value for operatorcounting(constraint_generators=[pho_constraints(patterns=systematic(2))],use_integer_operator_counts=true,transform=adapt_costs(cost_type=normal)): 9
[t=0.749012s, 50096 KB] g=15, 325 evaluated, 124 expanded
[t=1.26819s, 50100 KB] New best heuristic value for operatorcounting(constraint_generators=[pho_constraints(patterns=systematic(2))],use_integer_operator_counts=true,transform=adapt_costs(cost_type=normal)): 8
[t=1.26819s, 50100 KB] g=21, 559 evaluated, 219 expanded
[t=31.4898s, 50712 KB] New best heuristic value for operatorcounting(constraint_generators=[pho_constraints(patterns=systematic(2))],use_integer_operator_counts=true,transform=adapt_costs(cost_type=normal)): 7
[t=31.4898s, 50712 KB] g=47, 12861 evaluated, 6361 expanded
[t=54.252s, 51116 KB] New best heuristic value for operatorcounting(constraint_generators=[pho_constraints(patterns=systematic(2))],use_integer_operator_counts=true,transform=adapt_costs(cost_type=normal)): 6
[t=54.252s, 51116 KB] g=65, 22463 evaluated, 11374 expanded
Peak memory: 82784 KB
caught signal 24 -- exiting
Time limit has been reached.
Remove intermediate file output.sas
search exit code: 23

Driver aborting after search
INFO     Planner time: 1796.69s
