INFO     planner time limit: 1800s
INFO     planner memory limit: 2048 MB

INFO     Running translator.
INFO     translator stdin: None
INFO     translator time limit: 1799s
INFO     translator memory limit: 2048 MB
INFO     translator command line string: /home/henry/Documents/UFRGS/TCC/downward/.venv/bin/python /home/henry/Documents/UFRGS/TCC/downward/experiments/lab/data/main/code-5bb2ccb6957559b6969ffd7e29254c73f84d5e49_e5e41175/builds/release/bin/translate/translate.py domain.pddl problem.pddl --sas-file output.sas
Parsing...
Parsing: [0.010s CPU, 0.004s wall-clock]
Normalizing task... [0.000s CPU, 0.000s wall-clock]
Instantiating...
Generating Datalog program... [0.000s CPU, 0.001s wall-clock]
Normalizing Datalog program...
Trivial rules: Converted to facts.
Normalizing Datalog program: [0.000s CPU, 0.003s wall-clock]
Preparing model... [0.000s CPU, 0.004s wall-clock]
Generated 129 rules.
Computing model... [1.410s CPU, 1.407s wall-clock]
107306 relevant atoms
88431 auxiliary atoms
195737 final queue length
649751 total queue pushes
Completing instantiation... [6.050s CPU, 6.050s wall-clock]
Instantiating: [7.490s CPU, 7.503s wall-clock]
Computing fact groups...
Finding invariants...
28 initial candidates
Finding invariants: [0.030s CPU, 0.023s wall-clock]
Checking invariant weight... [0.000s CPU, 0.000s wall-clock]
Instantiating groups... [0.000s CPU, 0.002s wall-clock]
Collecting mutex groups... [0.000s CPU, 0.001s wall-clock]
Choosing groups...
1001 uncovered facts
Choosing groups: [0.000s CPU, 0.002s wall-clock]
Building translation key... [0.000s CPU, 0.003s wall-clock]
Computing fact groups: [0.040s CPU, 0.039s wall-clock]
Building STRIPS to SAS dictionary... [0.000s CPU, 0.001s wall-clock]
Building dictionary for full mutex groups... [0.010s CPU, 0.001s wall-clock]
Building mutex information...
Building mutex information: [0.000s CPU, 0.001s wall-clock]
Translating task...
Processing axioms...
Simplifying axioms... [0.000s CPU, 0.000s wall-clock]
Translator axioms removed by simplifying: 0
Computing negative axioms... [0.000s CPU, 0.000s wall-clock]
Processing axioms: [0.330s CPU, 0.337s wall-clock]
Translating task: [7.120s CPU, 7.132s wall-clock]
161291 effect conditions simplified
0 implied preconditions added
Detecting unreachable propositions...
0 operators removed
0 axioms removed
61 propositions removed
Detecting unreachable propositions: [3.300s CPU, 3.300s wall-clock]
Reordering and filtering variables...
1036 of 1038 variables necessary.
0 of 45 mutex groups necessary.
104331 of 104331 operators necessary.
0 of 0 axiom rules necessary.
Reordering and filtering variables: [1.990s CPU, 1.988s wall-clock]
Translator variables: 1036
Translator derived variables: 0
Translator facts: 3206
Translator goal facts: 54
Translator mutex groups: 0
Translator total mutex groups size: 0
Translator operators: 104331
Translator axioms: 0
Translator task size: 1453597
Translator peak memory: 739392 KB
Writing output... [0.980s CPU, 0.970s wall-clock]
Done! [21.190s CPU, 21.200s wall-clock]
translate exit code: 0

INFO     Running search (release).
INFO     search stdin: output.sas
INFO     search time limit: 1778s
INFO     search memory limit: 2048 MB
INFO     search command line string: /home/henry/Documents/UFRGS/TCC/downward/experiments/lab/data/main/code-5bb2ccb6957559b6969ffd7e29254c73f84d5e49_e5e41175/builds/release/bin/downward --search 'eager_greedy([ilsh(patterns=systematic(2), transform=adapt_costs(cost_type=NORMAL))])' --internal-plan-file sas_plan < output.sas
[t=0s, 10544 KB] reading input...
[t=0.670389s, 62304 KB] done reading input!
[t=0.670389s, 62700 KB] Generating patterns using: systematic pattern collection generator
[t=0.670389s, 62700 KB] building causal graph...done! [t=0.451654s]
[t=1.24991s, 110576 KB] Found 7846 SGA patterns.
[t=1.52568s, 110576 KB] Found 7846 interesting patterns.
[t=1.52568s, 110576 KB] systematic pattern collection generator number of patterns: 7846
[t=1.52568s, 110576 KB] systematic pattern collection generator total PDB size: 301539
[t=1.52568s, 110576 KB] systematic pattern collection generator computation time: 0.855293s
[t=1.52568s, 110576 KB] Computing PDBs for pattern collection...
[t=169.503s, 110576 KB] Done computing PDBs for pattern collection: 167.978s
[t=208.299s, 373248 KB] Tie breaking: 2
[t=208.299s, 373248 KB] Building successor generator...done!
[t=208.351s, 383244 KB] peak memory difference for successor generator creation: 9996 KB
[t=208.351s, 383244 KB] time for successor generation creation: 0.0479684s
[t=208.351s, 383244 KB] Variables: 1036
[t=208.351s, 383244 KB] FactPairs: 3206
[t=208.351s, 383244 KB] Bytes per state: 152
[t=208.351s, 383244 KB] Conducting best first search without reopening closed nodes, (real) bound = 2147483647
Remove intermediate file output.sas
search exit code: -8

Driver aborting after search
INFO     Planner time: 229.81s
