INFO     planner time limit: 1800s
INFO     planner memory limit: 2048 MB

INFO     Running translator.
INFO     translator stdin: None
INFO     translator time limit: 1799s
INFO     translator memory limit: 2048 MB
INFO     translator command line string: /home/henry/Documents/UFRGS/TCC/downward/.venv/bin/python /home/henry/Documents/UFRGS/TCC/downward/experiments/lab/data/main/code-5bb2ccb6957559b6969ffd7e29254c73f84d5e49_e5e41175/builds/release/bin/translate/translate.py domain.pddl problem.pddl --sas-file output.sas
Parsing...
Parsing: [0.010s CPU, 0.005s wall-clock]
Normalizing task... [0.000s CPU, 0.000s wall-clock]
Instantiating...
Generating Datalog program... [0.000s CPU, 0.001s wall-clock]
Normalizing Datalog program...
Normalizing Datalog program: [0.000s CPU, 0.005s wall-clock]
Preparing model... [0.010s CPU, 0.004s wall-clock]
Generated 258 rules.
Computing model... [0.330s CPU, 0.341s wall-clock]
48835 relevant atoms
1588 auxiliary atoms
50423 final queue length
182745 total queue pushes
Completing instantiation... [2.450s CPU, 2.451s wall-clock]
Instantiating: [2.800s CPU, 2.813s wall-clock]
Computing fact groups...
Finding invariants...
44 initial candidates
Finding invariants: [0.060s CPU, 0.058s wall-clock]
Checking invariant weight... [0.000s CPU, 0.000s wall-clock]
Instantiating groups... [0.000s CPU, 0.001s wall-clock]
Collecting mutex groups... [0.000s CPU, 0.000s wall-clock]
Choosing groups...
116 uncovered facts
Choosing groups: [0.000s CPU, 0.000s wall-clock]
Building translation key... [0.000s CPU, 0.000s wall-clock]
Computing fact groups: [0.060s CPU, 0.060s wall-clock]
Building STRIPS to SAS dictionary... [0.000s CPU, 0.000s wall-clock]
Building dictionary for full mutex groups... [0.000s CPU, 0.000s wall-clock]
Building mutex information...
Building mutex information: [0.000s CPU, 0.000s wall-clock]
Translating task...
Processing axioms...
Simplifying axioms... [0.000s CPU, 0.000s wall-clock]
Translator axioms removed by simplifying: 0
Computing negative axioms... [0.000s CPU, 0.000s wall-clock]
Processing axioms: [0.080s CPU, 0.080s wall-clock]
Translating task: [2.140s CPU, 2.132s wall-clock]
51815 effect conditions simplified
0 implied preconditions added
Detecting unreachable propositions...
0 operators removed
0 axioms removed
33 propositions removed
Detecting unreachable propositions: [2.020s CPU, 2.026s wall-clock]
Reordering and filtering variables...
104 of 110 variables necessary.
0 of 7 mutex groups necessary.
48179 of 48179 operators necessary.
0 of 0 axiom rules necessary.
Reordering and filtering variables: [0.410s CPU, 0.412s wall-clock]
Translator variables: 104
Translator derived variables: 0
Translator facts: 238
Translator goal facts: 2
Translator mutex groups: 0
Translator total mutex groups size: 0
Translator operators: 48179
Translator axioms: 0
Translator task size: 498242
Translator peak memory: 319704 KB
Writing output... [0.320s CPU, 0.317s wall-clock]
Done! [7.870s CPU, 7.879s wall-clock]
translate exit code: 0

INFO     Running search (release).
INFO     search stdin: output.sas
INFO     search time limit: 1792s
INFO     search memory limit: 2048 MB
INFO     search command line string: /home/henry/Documents/UFRGS/TCC/downward/experiments/lab/data/main/code-5bb2ccb6957559b6969ffd7e29254c73f84d5e49_e5e41175/builds/release/bin/downward --search 'eager_greedy([operatorcounting(constraint_generators=[pho_constraints(patterns=systematic(2))], use_integer_operator_counts=true, transform=adapt_costs(cost_type=ONE))])' --internal-plan-file sas_plan < output.sas
[t=0s, 45596 KB] reading input...
[t=0.230538s, 65164 KB] done reading input!
[t=0.232328s, 68708 KB] Generating patterns using: systematic pattern collection generator
[t=0.232328s, 68708 KB] building causal graph...done! [t=0.0239669s]
[t=0.256295s, 68708 KB] Found 21 SGA patterns.
[t=0.256295s, 68708 KB] Found 21 interesting patterns.
[t=0.256295s, 68708 KB] systematic pattern collection generator number of patterns: 21
[t=0.256295s, 68708 KB] systematic pattern collection generator total PDB size: 154
[t=0.256295s, 68708 KB] systematic pattern collection generator computation time: 0.0239669s
[t=0.256295s, 68708 KB] Computing PDBs for pattern collection...
[t=0.464067s, 72984 KB] Done computing PDBs for pattern collection: 0.207772s
[t=0.531998s, 73996 KB] Building successor generator...done!
[t=0.547986s, 76616 KB] peak memory difference for successor generator creation: 2620 KB
[t=0.547986s, 76616 KB] time for successor generation creation: 0.0159877s
[t=0.547986s, 76616 KB] Variables: 104
[t=0.547986s, 76616 KB] FactPairs: 238
[t=0.547986s, 76616 KB] Bytes per state: 16
[t=0.547986s, 76616 KB] Conducting best first search without reopening closed nodes, (real) bound = 2147483647
[t=0.567933s, 85192 KB] New best heuristic value for operatorcounting(constraint_generators=[pho_constraints(patterns=systematic(2))],use_integer_operator_counts=true,transform=adapt_costs(cost_type=one)): 14
[t=0.567933s, 85192 KB] g=0, 1 evaluated, 0 expanded
[t=0.567933s, 85192 KB] Initial heuristic value for operatorcounting(constraint_generators=[pho_constraints(patterns=systematic(2))],use_integer_operator_counts=true,transform=adapt_costs(cost_type=one)): 14
[t=0.567933s, 85192 KB] pruning method: none
[t=0.591892s, 97748 KB] New best heuristic value for operatorcounting(constraint_generators=[pho_constraints(patterns=systematic(2))],use_integer_operator_counts=true,transform=adapt_costs(cost_type=one)): 13
[t=0.591892s, 97748 KB] g=60, 2 evaluated, 1 expanded
[t=0.619832s, 98688 KB] New best heuristic value for operatorcounting(constraint_generators=[pho_constraints(patterns=systematic(2))],use_integer_operator_counts=true,transform=adapt_costs(cost_type=one)): 12
[t=0.619832s, 98688 KB] g=120, 10 evaluated, 2 expanded
[t=12.564s, 104884 KB] New best heuristic value for operatorcounting(constraint_generators=[pho_constraints(patterns=systematic(2))],use_integer_operator_counts=true,transform=adapt_costs(cost_type=one)): 11
[t=12.564s, 104884 KB] g=367, 2281 evaluated, 1982 expanded
[t=12.5919s, 104884 KB] New best heuristic value for operatorcounting(constraint_generators=[pho_constraints(patterns=systematic(2))],use_integer_operator_counts=true,transform=adapt_costs(cost_type=one)): 10
[t=12.5919s, 104884 KB] g=399, 2284 evaluated, 1985 expanded
[t=12.6239s, 104884 KB] New best heuristic value for operatorcounting(constraint_generators=[pho_constraints(patterns=systematic(2))],use_integer_operator_counts=true,transform=adapt_costs(cost_type=one)): 9
[t=12.6239s, 104884 KB] g=429, 2295 evaluated, 1986 expanded
[t=12.6559s, 104884 KB] New best heuristic value for operatorcounting(constraint_generators=[pho_constraints(patterns=systematic(2))],use_integer_operator_counts=true,transform=adapt_costs(cost_type=one)): 8
[t=12.6559s, 104884 KB] g=459, 2304 evaluated, 1987 expanded
[t=42.9578s, 107464 KB] New best heuristic value for operatorcounting(constraint_generators=[pho_constraints(patterns=systematic(2))],use_integer_operator_counts=true,transform=adapt_costs(cost_type=one)): 7
[t=42.9578s, 107464 KB] g=460, 8085 evaluated, 7393 expanded
[t=223.718s, 108860 KB] New best heuristic value for operatorcounting(constraint_generators=[pho_constraints(patterns=systematic(2))],use_integer_operator_counts=true,transform=adapt_costs(cost_type=one)): 6
[t=223.718s, 108860 KB] g=668, 33957 evaluated, 31275 expanded
[t=223.766s, 108860 KB] New best heuristic value for operatorcounting(constraint_generators=[pho_constraints(patterns=systematic(2))],use_integer_operator_counts=true,transform=adapt_costs(cost_type=one)): 5
[t=223.766s, 108860 KB] g=683, 33969 evaluated, 31276 expanded
[t=223.814s, 108860 KB] New best heuristic value for operatorcounting(constraint_generators=[pho_constraints(patterns=systematic(2))],use_integer_operator_counts=true,transform=adapt_costs(cost_type=one)): 4
[t=223.814s, 108860 KB] g=698, 33980 evaluated, 31277 expanded
[t=229.857s, 110004 KB] New best heuristic value for operatorcounting(constraint_generators=[pho_constraints(patterns=systematic(2))],use_integer_operator_counts=true,transform=adapt_costs(cost_type=one)): 3
[t=229.857s, 110004 KB] g=713, 35483 evaluated, 32163 expanded
[t=229.925s, 110004 KB] New best heuristic value for operatorcounting(constraint_generators=[pho_constraints(patterns=systematic(2))],use_integer_operator_counts=true,transform=adapt_costs(cost_type=one)): 2
[t=229.925s, 110004 KB] g=714, 35487 evaluated, 32164 expanded
Peak memory: 125372 KB
caught signal 24 -- exiting
Time limit has been reached.
Remove intermediate file output.sas
search exit code: 23

Driver aborting after search
INFO     Planner time: 1797.15s
