INFO     planner time limit: 1800s
INFO     planner memory limit: 2048 MB

INFO     Running translator.
INFO     translator stdin: None
INFO     translator time limit: 1799s
INFO     translator memory limit: 2048 MB
INFO     translator command line string: /home/henry/Documents/UFRGS/TCC/downward/.venv/bin/python /home/henry/Documents/UFRGS/TCC/downward/experiments/lab/data/main/code-5bb2ccb6957559b6969ffd7e29254c73f84d5e49_e5e41175/builds/release/bin/translate/translate.py domain.pddl problem.pddl --sas-file output.sas
Parsing...
Parsing: [0.000s CPU, 0.005s wall-clock]
Normalizing task... [0.000s CPU, 0.000s wall-clock]
Instantiating...
Generating Datalog program... [0.000s CPU, 0.001s wall-clock]
Normalizing Datalog program...
Normalizing Datalog program: [0.010s CPU, 0.005s wall-clock]
Preparing model... [0.000s CPU, 0.004s wall-clock]
Generated 198 rules.
Computing model... [0.190s CPU, 0.194s wall-clock]
12256 relevant atoms
17759 auxiliary atoms
30015 final queue length
73119 total queue pushes
Completing instantiation... [0.480s CPU, 0.486s wall-clock]
Instantiating: [0.690s CPU, 0.696s wall-clock]
Computing fact groups...
Finding invariants...
24 initial candidates
Finding invariants: [0.020s CPU, 0.014s wall-clock]
Checking invariant weight... [0.000s CPU, 0.001s wall-clock]
Instantiating groups... [0.010s CPU, 0.012s wall-clock]
Collecting mutex groups... [0.000s CPU, 0.000s wall-clock]
Choosing groups...
456 uncovered facts
Choosing groups: [0.000s CPU, 0.001s wall-clock]
Building translation key... [0.010s CPU, 0.001s wall-clock]
Computing fact groups: [0.040s CPU, 0.035s wall-clock]
Building STRIPS to SAS dictionary... [0.000s CPU, 0.001s wall-clock]
Building dictionary for full mutex groups... [0.000s CPU, 0.001s wall-clock]
Building mutex information...
Building mutex information: [0.000s CPU, 0.000s wall-clock]
Translating task...
Processing axioms...
Simplifying axioms... [0.000s CPU, 0.000s wall-clock]
Translator axioms removed by simplifying: 0
Computing negative axioms... [0.000s CPU, 0.000s wall-clock]
Processing axioms: [0.020s CPU, 0.018s wall-clock]
Translating task: [0.500s CPU, 0.501s wall-clock]
5641 effect conditions simplified
0 implied preconditions added
Detecting unreachable propositions...
0 operators removed
0 axioms removed
158 propositions removed
Detecting unreachable propositions: [0.300s CPU, 0.293s wall-clock]
Reordering and filtering variables...
498 of 511 variables necessary.
106 of 154 mutex groups necessary.
10773 of 10773 operators necessary.
0 of 0 axiom rules necessary.
Reordering and filtering variables: [0.090s CPU, 0.092s wall-clock]
Translator variables: 498
Translator derived variables: 0
Translator facts: 1367
Translator goal facts: 124
Translator mutex groups: 106
Translator total mutex groups size: 367
Translator operators: 10773
Translator axioms: 0
Translator task size: 93115
Translator peak memory: 94368 KB
Writing output... [0.080s CPU, 0.072s wall-clock]
Done! [1.720s CPU, 1.721s wall-clock]
translate exit code: 0

INFO     Running search (release).
INFO     search stdin: output.sas
INFO     search time limit: 1798s
INFO     search memory limit: 2048 MB
INFO     search command line string: /home/henry/Documents/UFRGS/TCC/downward/experiments/lab/data/main/code-5bb2ccb6957559b6969ffd7e29254c73f84d5e49_e5e41175/builds/release/bin/downward --search 'eager_greedy([operatorcounting(constraint_generators=[pho_constraints(patterns=systematic(2))], use_integer_operator_counts=true, transform=adapt_costs(cost_type=NORMAL))])' --internal-plan-file sas_plan < output.sas
[t=0s, 45596 KB] reading input...
[t=0.0519689s, 49776 KB] done reading input!
[t=0.0537574s, 50988 KB] Generating patterns using: systematic pattern collection generator
[t=0.0537574s, 50988 KB] building causal graph...done! [t=0.0239783s]
[t=0.0817266s, 55352 KB] Found 7063 SGA patterns.
[t=0.149664s, 55352 KB] Found 7063 interesting patterns.
[t=0.149664s, 55352 KB] systematic pattern collection generator number of patterns: 7063
[t=0.149664s, 55352 KB] systematic pattern collection generator total PDB size: 66288
[t=0.149664s, 55352 KB] systematic pattern collection generator computation time: 0.095907s
[t=0.149664s, 55352 KB] Computing PDBs for pattern collection...
[t=10.9641s, 55352 KB] Done computing PDBs for pattern collection: 10.8144s
[t=12.9304s, 122792 KB] Building successor generator...done!
[t=12.9304s, 122792 KB] peak memory difference for successor generator creation: 0 KB
[t=12.9304s, 122792 KB] time for successor generation creation: 0s
[t=12.9304s, 122792 KB] Variables: 498
[t=12.9304s, 122792 KB] FactPairs: 1367
[t=12.9304s, 122792 KB] Bytes per state: 84
[t=12.9304s, 122792 KB] Conducting best first search without reopening closed nodes, (real) bound = 2147483647
[t=13.2579s, 185556 KB] New best heuristic value for operatorcounting(constraint_generators=[pho_constraints(patterns=systematic(2))],use_integer_operator_counts=true,transform=adapt_costs(cost_type=normal)): 1305
[t=13.2579s, 185556 KB] g=0, 1 evaluated, 0 expanded
[t=13.2579s, 185556 KB] Initial heuristic value for operatorcounting(constraint_generators=[pho_constraints(patterns=systematic(2))],use_integer_operator_counts=true,transform=adapt_costs(cost_type=normal)): 1305
[t=13.2579s, 185556 KB] pruning method: none
[t=13.6014s, 191916 KB] New best heuristic value for operatorcounting(constraint_generators=[pho_constraints(patterns=systematic(2))],use_integer_operator_counts=true,transform=adapt_costs(cost_type=normal)): 1285
[t=13.6014s, 191916 KB] g=30, 2 evaluated, 1 expanded
[t=16.1295s, 200840 KB] New best heuristic value for operatorcounting(constraint_generators=[pho_constraints(patterns=systematic(2))],use_integer_operator_counts=true,transform=adapt_costs(cost_type=normal)): 1275
[t=16.1295s, 200840 KB] g=30, 10 evaluated, 1 expanded
[t=16.9044s, 200952 KB] New best heuristic value for operatorcounting(constraint_generators=[pho_constraints(patterns=systematic(2))],use_integer_operator_counts=true,transform=adapt_costs(cost_type=normal)): 1260
[t=16.9044s, 200952 KB] g=45, 12 evaluated, 1 expanded
[t=93.2893s, 201740 KB] New best heuristic value for operatorcounting(constraint_generators=[pho_constraints(patterns=systematic(2))],use_integer_operator_counts=true,transform=adapt_costs(cost_type=normal)): 1240
[t=93.2893s, 201740 KB] g=75, 393 evaluated, 2 expanded
[t=95.655s, 201740 KB] New best heuristic value for operatorcounting(constraint_generators=[pho_constraints(patterns=systematic(2))],use_integer_operator_counts=true,transform=adapt_costs(cost_type=normal)): 1230
[t=95.655s, 201740 KB] g=75, 401 evaluated, 2 expanded
[t=172.641s, 201748 KB] New best heuristic value for operatorcounting(constraint_generators=[pho_constraints(patterns=systematic(2))],use_integer_operator_counts=true,transform=adapt_costs(cost_type=normal)): 1210
[t=172.641s, 201748 KB] g=105, 794 evaluated, 3 expanded
[t=253.611s, 202168 KB] New best heuristic value for operatorcounting(constraint_generators=[pho_constraints(patterns=systematic(2))],use_integer_operator_counts=true,transform=adapt_costs(cost_type=normal)): 1200
[t=253.611s, 202168 KB] g=115, 1206 evaluated, 4 expanded
[t=255.68s, 202168 KB] New best heuristic value for operatorcounting(constraint_generators=[pho_constraints(patterns=systematic(2))],use_integer_operator_counts=true,transform=adapt_costs(cost_type=normal)): 1190
[t=255.68s, 202168 KB] g=125, 1222 evaluated, 4 expanded
[t=336.446s, 202168 KB] New best heuristic value for operatorcounting(constraint_generators=[pho_constraints(patterns=systematic(2))],use_integer_operator_counts=true,transform=adapt_costs(cost_type=normal)): 1180
[t=336.446s, 202168 KB] g=135, 1629 evaluated, 5 expanded
[t=344.895s, 202168 KB] New best heuristic value for operatorcounting(constraint_generators=[pho_constraints(patterns=systematic(2))],use_integer_operator_counts=true,transform=adapt_costs(cost_type=normal)): 1170
[t=344.895s, 202168 KB] g=155, 1685 evaluated, 5 expanded
[t=424.534s, 202168 KB] New best heuristic value for operatorcounting(constraint_generators=[pho_constraints(patterns=systematic(2))],use_integer_operator_counts=true,transform=adapt_costs(cost_type=normal)): 1160
[t=424.534s, 202168 KB] g=165, 2065 evaluated, 6 expanded
[t=433.619s, 202168 KB] New best heuristic value for operatorcounting(constraint_generators=[pho_constraints(patterns=systematic(2))],use_integer_operator_counts=true,transform=adapt_costs(cost_type=normal)): 1155
[t=433.619s, 202168 KB] g=170, 2128 evaluated, 6 expanded
[t=513.777s, 202168 KB] New best heuristic value for operatorcounting(constraint_generators=[pho_constraints(patterns=systematic(2))],use_integer_operator_counts=true,transform=adapt_costs(cost_type=normal)): 1145
[t=513.777s, 202168 KB] g=180, 2511 evaluated, 7 expanded
[t=600.176s, 202168 KB] New best heuristic value for operatorcounting(constraint_generators=[pho_constraints(patterns=systematic(2))],use_integer_operator_counts=true,transform=adapt_costs(cost_type=normal)): 1135
[t=600.176s, 202168 KB] g=190, 2946 evaluated, 8 expanded
[t=687.154s, 202168 KB] New best heuristic value for operatorcounting(constraint_generators=[pho_constraints(patterns=systematic(2))],use_integer_operator_counts=true,transform=adapt_costs(cost_type=normal)): 1130
[t=687.154s, 202168 KB] g=200, 3374 evaluated, 9 expanded
[t=690.604s, 202168 KB] New best heuristic value for operatorcounting(constraint_generators=[pho_constraints(patterns=systematic(2))],use_integer_operator_counts=true,transform=adapt_costs(cost_type=normal)): 1125
[t=690.604s, 202168 KB] g=200, 3388 evaluated, 9 expanded
[t=781.087s, 202196 KB] New best heuristic value for operatorcounting(constraint_generators=[pho_constraints(patterns=systematic(2))],use_integer_operator_counts=true,transform=adapt_costs(cost_type=normal)): 1120
[t=781.087s, 202196 KB] g=210, 3810 evaluated, 10 expanded
[t=785.419s, 202196 KB] New best heuristic value for operatorcounting(constraint_generators=[pho_constraints(patterns=systematic(2))],use_integer_operator_counts=true,transform=adapt_costs(cost_type=normal)): 1115
[t=785.419s, 202196 KB] g=210, 3827 evaluated, 10 expanded
[t=874.022s, 202296 KB] New best heuristic value for operatorcounting(constraint_generators=[pho_constraints(patterns=systematic(2))],use_integer_operator_counts=true,transform=adapt_costs(cost_type=normal)): 1110
[t=874.022s, 202296 KB] g=220, 4234 evaluated, 11 expanded
[t=877.937s, 202296 KB] New best heuristic value for operatorcounting(constraint_generators=[pho_constraints(patterns=systematic(2))],use_integer_operator_counts=true,transform=adapt_costs(cost_type=normal)): 1105
[t=877.937s, 202296 KB] g=220, 4246 evaluated, 11 expanded
[t=961.56s, 202296 KB] New best heuristic value for operatorcounting(constraint_generators=[pho_constraints(patterns=systematic(2))],use_integer_operator_counts=true,transform=adapt_costs(cost_type=normal)): 1100
[t=961.56s, 202296 KB] g=230, 4646 evaluated, 12 expanded
[t=968.809s, 202296 KB] New best heuristic value for operatorcounting(constraint_generators=[pho_constraints(patterns=systematic(2))],use_integer_operator_counts=true,transform=adapt_costs(cost_type=normal)): 1095
[t=968.809s, 202296 KB] g=230, 4673 evaluated, 12 expanded
[t=1053.16s, 202756 KB] New best heuristic value for operatorcounting(constraint_generators=[pho_constraints(patterns=systematic(2))],use_integer_operator_counts=true,transform=adapt_costs(cost_type=normal)): 1090
[t=1053.16s, 202756 KB] g=240, 5071 evaluated, 13 expanded
[t=1063.83s, 202756 KB] New best heuristic value for operatorcounting(constraint_generators=[pho_constraints(patterns=systematic(2))],use_integer_operator_counts=true,transform=adapt_costs(cost_type=normal)): 1085
[t=1063.83s, 202756 KB] g=260, 5108 evaluated, 13 expanded
[t=1143.12s, 202756 KB] New best heuristic value for operatorcounting(constraint_generators=[pho_constraints(patterns=systematic(2))],use_integer_operator_counts=true,transform=adapt_costs(cost_type=normal)): 1080
[t=1143.12s, 202756 KB] g=270, 5485 evaluated, 14 expanded
[t=1156.91s, 202756 KB] New best heuristic value for operatorcounting(constraint_generators=[pho_constraints(patterns=systematic(2))],use_integer_operator_counts=true,transform=adapt_costs(cost_type=normal)): 1075
[t=1156.91s, 202756 KB] g=290, 5538 evaluated, 14 expanded
[t=1229.39s, 202756 KB] New best heuristic value for operatorcounting(constraint_generators=[pho_constraints(patterns=systematic(2))],use_integer_operator_counts=true,transform=adapt_costs(cost_type=normal)): 1070
[t=1229.39s, 202756 KB] g=275, 5904 evaluated, 14 expanded
[t=1231.23s, 202756 KB] New best heuristic value for operatorcounting(constraint_generators=[pho_constraints(patterns=systematic(2))],use_integer_operator_counts=true,transform=adapt_costs(cost_type=normal)): 1065
[t=1231.23s, 202756 KB] g=285, 5913 evaluated, 15 expanded
[t=1244.58s, 202756 KB] New best heuristic value for operatorcounting(constraint_generators=[pho_constraints(patterns=systematic(2))],use_integer_operator_counts=true,transform=adapt_costs(cost_type=normal)): 1060
[t=1244.58s, 202756 KB] g=305, 5966 evaluated, 15 expanded
[t=1316.79s, 202756 KB] New best heuristic value for operatorcounting(constraint_generators=[pho_constraints(patterns=systematic(2))],use_integer_operator_counts=true,transform=adapt_costs(cost_type=normal)): 1055
[t=1316.79s, 202756 KB] g=315, 6335 evaluated, 16 expanded
[t=1337.98s, 202756 KB] New best heuristic value for operatorcounting(constraint_generators=[pho_constraints(patterns=systematic(2))],use_integer_operator_counts=true,transform=adapt_costs(cost_type=normal)): 1050
[t=1337.98s, 202756 KB] g=335, 6454 evaluated, 16 expanded
[t=1402.78s, 202756 KB] New best heuristic value for operatorcounting(constraint_generators=[pho_constraints(patterns=systematic(2))],use_integer_operator_counts=true,transform=adapt_costs(cost_type=normal)): 1045
[t=1402.79s, 202756 KB] g=320, 6759 evaluated, 16 expanded
[t=1404.2s, 202756 KB] New best heuristic value for operatorcounting(constraint_generators=[pho_constraints(patterns=systematic(2))],use_integer_operator_counts=true,transform=adapt_costs(cost_type=normal)): 1040
[t=1404.2s, 202756 KB] g=330, 6771 evaluated, 17 expanded
[t=1425.96s, 202756 KB] New best heuristic value for operatorcounting(constraint_generators=[pho_constraints(patterns=systematic(2))],use_integer_operator_counts=true,transform=adapt_costs(cost_type=normal)): 1035
[t=1425.96s, 202756 KB] g=350, 6890 evaluated, 17 expanded
[t=1490.15s, 202756 KB] New best heuristic value for operatorcounting(constraint_generators=[pho_constraints(patterns=systematic(2))],use_integer_operator_counts=true,transform=adapt_costs(cost_type=normal)): 1030
[t=1490.15s, 202756 KB] g=360, 7201 evaluated, 18 expanded
[t=1511.1s, 202756 KB] New best heuristic value for operatorcounting(constraint_generators=[pho_constraints(patterns=systematic(2))],use_integer_operator_counts=true,transform=adapt_costs(cost_type=normal)): 1025
[t=1511.1s, 202756 KB] g=380, 7317 evaluated, 18 expanded
[t=1577.58s, 202756 KB] New best heuristic value for operatorcounting(constraint_generators=[pho_constraints(patterns=systematic(2))],use_integer_operator_counts=true,transform=adapt_costs(cost_type=normal)): 1020
[t=1577.58s, 202756 KB] g=390, 7661 evaluated, 19 expanded
[t=1597.51s, 202756 KB] New best heuristic value for operatorcounting(constraint_generators=[pho_constraints(patterns=systematic(2))],use_integer_operator_counts=true,transform=adapt_costs(cost_type=normal)): 1015
[t=1597.51s, 202756 KB] g=410, 7774 evaluated, 19 expanded
[t=1657.8s, 202756 KB] New best heuristic value for operatorcounting(constraint_generators=[pho_constraints(patterns=systematic(2))],use_integer_operator_counts=true,transform=adapt_costs(cost_type=normal)): 980
[t=1657.8s, 202756 KB] g=425, 8093 evaluated, 19 expanded
[t=1662.04s, 202756 KB] New best heuristic value for operatorcounting(constraint_generators=[pho_constraints(patterns=systematic(2))],use_integer_operator_counts=true,transform=adapt_costs(cost_type=normal)): 975
[t=1662.04s, 202756 KB] g=435, 8121 evaluated, 20 expanded
[t=1681.77s, 202756 KB] New best heuristic value for operatorcounting(constraint_generators=[pho_constraints(patterns=systematic(2))],use_integer_operator_counts=true,transform=adapt_costs(cost_type=normal)): 970
[t=1681.77s, 202756 KB] g=455, 8234 evaluated, 20 expanded
[t=1743.83s, 202756 KB] New best heuristic value for operatorcounting(constraint_generators=[pho_constraints(patterns=systematic(2))],use_integer_operator_counts=true,transform=adapt_costs(cost_type=normal)): 960
[t=1743.83s, 202756 KB] g=445, 8555 evaluated, 20 expanded
[t=1747.5s, 202756 KB] New best heuristic value for operatorcounting(constraint_generators=[pho_constraints(patterns=systematic(2))],use_integer_operator_counts=true,transform=adapt_costs(cost_type=normal)): 955
[t=1747.5s, 202756 KB] g=455, 8580 evaluated, 21 expanded
[t=1767.55s, 202756 KB] New best heuristic value for operatorcounting(constraint_generators=[pho_constraints(patterns=systematic(2))],use_integer_operator_counts=true,transform=adapt_costs(cost_type=normal)): 950
[t=1767.55s, 202756 KB] g=475, 8693 evaluated, 21 expanded
Peak memory: 202756 KB
caught signal 24 -- exiting
Time limit has been reached.
Remove intermediate file output.sas
search exit code: 23

Driver aborting after search
INFO     Planner time: 1796.84s
