INFO     planner time limit: 1800s
INFO     planner memory limit: 2048 MB

INFO     Running translator.
INFO     translator stdin: None
INFO     translator time limit: 1799s
INFO     translator memory limit: 2048 MB
INFO     translator command line string: /home/henry/Documents/UFRGS/TCC/downward/.venv/bin/python /home/henry/Documents/UFRGS/TCC/downward/experiments/lab/data/main/code-fa850d1cb8d716322f299a4f9b64478019793ada_e5e41175/builds/release/bin/translate/translate.py domain.pddl problem.pddl --sas-file output.sas
Parsing...
Parsing: [0.010s CPU, 0.006s wall-clock]
Normalizing task... [0.000s CPU, 0.000s wall-clock]
Instantiating...
Generating Datalog program... [0.000s CPU, 0.002s wall-clock]
Normalizing Datalog program...
Normalizing Datalog program: [0.000s CPU, 0.001s wall-clock]
Preparing model... [0.010s CPU, 0.009s wall-clock]
Generated 23 rules.
Computing model... [0.030s CPU, 0.032s wall-clock]
1893 relevant atoms
3103 auxiliary atoms
4996 final queue length
5985 total queue pushes
Completing instantiation... [0.020s CPU, 0.022s wall-clock]
Instantiating: [0.060s CPU, 0.067s wall-clock]
Computing fact groups...
Finding invariants...
9 initial candidates
Finding invariants: [0.010s CPU, 0.002s wall-clock]
Checking invariant weight... [0.000s CPU, 0.001s wall-clock]
Instantiating groups... [0.000s CPU, 0.001s wall-clock]
Collecting mutex groups... [0.000s CPU, 0.000s wall-clock]
Choosing groups...
0 uncovered facts
Choosing groups: [0.000s CPU, 0.000s wall-clock]
Building translation key... [0.000s CPU, 0.000s wall-clock]
Computing fact groups: [0.010s CPU, 0.004s wall-clock]
Building STRIPS to SAS dictionary... [0.000s CPU, 0.000s wall-clock]
Building dictionary for full mutex groups... [0.000s CPU, 0.000s wall-clock]
Building mutex information...
Building mutex information: [0.000s CPU, 0.000s wall-clock]
Translating task...
Processing axioms...
Simplifying axioms... [0.000s CPU, 0.000s wall-clock]
Translator axioms removed by simplifying: 0
Computing negative axioms... [0.000s CPU, 0.000s wall-clock]
Processing axioms: [0.000s CPU, 0.002s wall-clock]
Translating task: [0.010s CPU, 0.017s wall-clock]
0 effect conditions simplified
0 implied preconditions added
Detecting unreachable propositions...
0 operators removed
0 axioms removed
7 propositions removed
Detecting unreachable propositions: [0.010s CPU, 0.009s wall-clock]
Reordering and filtering variables...
7 of 7 variables necessary.
0 of 7 mutex groups necessary.
562 of 562 operators necessary.
0 of 0 axiom rules necessary.
Reordering and filtering variables: [0.010s CPU, 0.002s wall-clock]
Translator variables: 7
Translator derived variables: 0
Translator facts: 82
Translator goal facts: 5
Translator mutex groups: 0
Translator total mutex groups size: 0
Translator operators: 562
Translator axioms: 0
Translator task size: 2844
Translator peak memory: 35172 KB
Writing output... [0.000s CPU, 0.003s wall-clock]
Done! [0.110s CPU, 0.110s wall-clock]
translate exit code: 0

INFO     Running search (release).
INFO     search stdin: output.sas
INFO     search time limit: 1799s
INFO     search memory limit: 2048 MB
INFO     search command line string: /home/henry/Documents/UFRGS/TCC/downward/experiments/lab/data/main/code-fa850d1cb8d716322f299a4f9b64478019793ada_e5e41175/builds/release/bin/downward --search 'eager_greedy([ilsh(patterns=systematic(2), transform=adapt_costs(cost_type=NORMAL))])' --internal-plan-file sas_plan < output.sas
[t=0s, 45596 KB] reading input...
[t=0s, 45728 KB] done reading input!
[t=0s, 45992 KB] Generating patterns using: systematic pattern collection generator
[t=0s, 45992 KB] building causal graph...done! [t=0.00399961s]
[t=0.00399961s, 45992 KB] Found 10 SGA patterns.
[t=0.00399961s, 45992 KB] Found 10 interesting patterns.
[t=0.00399961s, 45992 KB] systematic pattern collection generator number of patterns: 10
[t=0.00399961s, 45992 KB] systematic pattern collection generator total PDB size: 245
[t=0.00399961s, 45992 KB] systematic pattern collection generator computation time: 0.00399961s
[t=0.00399961s, 45992 KB] Computing PDBs for pattern collection...
[t=0.00399961s, 46156 KB] Done computing PDBs for pattern collection: 0s
[t=0.00399961s, 46156 KB] Tie breaking: 2
[t=0.00399961s, 46156 KB] Building successor generator...done!
[t=0.00399961s, 46156 KB] peak memory difference for successor generator creation: 0 KB
[t=0.00399961s, 46156 KB] time for successor generation creation: 0s
[t=0.00399961s, 46156 KB] Variables: 7
[t=0.00399961s, 46156 KB] FactPairs: 82
[t=0.00399961s, 46156 KB] Bytes per state: 4
[t=0.00399961s, 46156 KB] Conducting best first search without reopening closed nodes, (real) bound = 2147483647
[t=0.00399961s, 46156 KB] New best heuristic value for ilsh(patterns=systematic(2),transform=adapt_costs(cost_type=normal)): 15
[t=0.00399961s, 46156 KB] g=0, 1 evaluated, 0 expanded
[t=0.00399961s, 46156 KB] Initial heuristic value for ilsh(patterns=systematic(2),transform=adapt_costs(cost_type=normal)): 15
[t=0.00399961s, 46156 KB] pruning method: none
[t=0.00399961s, 46156 KB] New best heuristic value for ilsh(patterns=systematic(2),transform=adapt_costs(cost_type=normal)): 14
[t=0.00399961s, 46156 KB] g=1, 6 evaluated, 1 expanded
[t=0.00399961s, 46156 KB] New best heuristic value for ilsh(patterns=systematic(2),transform=adapt_costs(cost_type=normal)): 13
[t=0.00399961s, 46156 KB] g=2, 12 evaluated, 2 expanded
[t=0.00399961s, 46156 KB] New best heuristic value for ilsh(patterns=systematic(2),transform=adapt_costs(cost_type=normal)): 12
[t=0.00399961s, 46156 KB] g=4, 19 evaluated, 4 expanded
[t=0.00399961s, 46156 KB] New best heuristic value for ilsh(patterns=systematic(2),transform=adapt_costs(cost_type=normal)): 11
[t=0.00399961s, 46156 KB] g=5, 24 evaluated, 5 expanded
[t=0.00800575s, 46156 KB] New best heuristic value for ilsh(patterns=systematic(2),transform=adapt_costs(cost_type=normal)): 10
[t=0.00800575s, 46156 KB] g=6, 29 evaluated, 6 expanded
[t=0.00800575s, 46156 KB] New best heuristic value for ilsh(patterns=systematic(2),transform=adapt_costs(cost_type=normal)): 9
[t=0.00800575s, 46156 KB] g=7, 32 evaluated, 7 expanded
[t=0.00800575s, 46156 KB] New best heuristic value for ilsh(patterns=systematic(2),transform=adapt_costs(cost_type=normal)): 8
[t=0.00800575s, 46156 KB] g=8, 35 evaluated, 8 expanded
[t=0.00800575s, 46156 KB] New best heuristic value for ilsh(patterns=systematic(2),transform=adapt_costs(cost_type=normal)): 7
[t=0.00800575s, 46156 KB] g=9, 49 evaluated, 10 expanded
[t=0.00800575s, 46156 KB] New best heuristic value for ilsh(patterns=systematic(2),transform=adapt_costs(cost_type=normal)): 6
[t=0.00800575s, 46156 KB] g=12, 66 evaluated, 13 expanded
[t=0.00800575s, 46156 KB] New best heuristic value for ilsh(patterns=systematic(2),transform=adapt_costs(cost_type=normal)): 5
[t=0.00800575s, 46156 KB] g=13, 71 evaluated, 14 expanded
[t=0.0199962s, 46156 KB] New best heuristic value for ilsh(patterns=systematic(2),transform=adapt_costs(cost_type=normal)): 4
[t=0.0199962s, 46156 KB] g=13, 329 evaluated, 146 expanded
[t=0.0199962s, 46156 KB] New best heuristic value for ilsh(patterns=systematic(2),transform=adapt_costs(cost_type=normal)): 3
[t=0.0199962s, 46156 KB] g=14, 384 evaluated, 171 expanded
[t=0.507631s, 46492 KB] New best heuristic value for ilsh(patterns=systematic(2),transform=adapt_costs(cost_type=normal)): 2
[t=0.507631s, 46492 KB] g=14, 12416 evaluated, 11321 expanded
[t=0.507631s, 46492 KB] New best heuristic value for ilsh(patterns=systematic(2),transform=adapt_costs(cost_type=normal)): 1
[t=0.507631s, 46492 KB] g=14, 12431 evaluated, 11328 expanded
[t=0.507631s, 46492 KB] New best heuristic value for ilsh(patterns=systematic(2),transform=adapt_costs(cost_type=normal)): 0
[t=0.507631s, 46492 KB] g=15, 12434 evaluated, 11329 expanded
[t=0.507631s, 46492 KB] Solution found!
[t=0.507631s, 46492 KB] Actual search time: 0.503631s
load p1 t0 l2 (1)
load p0 t0 l2 (1)
drive t0 l2 l1 level41 level3 level44 (1)
load p2 t0 l1 (1)
drive t0 l1 l4 level29 level12 level41 (1)
drive t0 l4 l3 level24 level5 level29 (1)
load p4 t0 l3 (1)
unload p2 t0 l3 (1)
unload p0 t0 l3 (1)
load p3 t0 l3 (1)
drive t0 l3 l4 level19 level5 level24 (1)
unload p1 t0 l4 (1)
drive t0 l4 l2 level3 level16 level19 (1)
unload p4 t0 l2 (1)
unload p3 t0 l2 (1)
[t=0.507631s, 46492 KB] Plan length: 15 step(s).
[t=0.507631s, 46492 KB] Plan cost: 15
[t=0.507631s, 46492 KB] Expanded 11330 state(s).
[t=0.507631s, 46492 KB] Reopened 0 state(s).
[t=0.507631s, 46492 KB] Evaluated 12434 state(s).
[t=0.507631s, 46492 KB] Evaluations: 12434
[t=0.507631s, 46492 KB] Generated 33704 state(s).
[t=0.507631s, 46492 KB] Dead ends: 0 state(s).
[t=0.507631s, 46492 KB] Number of registered states: 12434
[t=0.507631s, 46492 KB] Int hash set load factor: 12434/16384 = 0.758911
[t=0.507631s, 46492 KB] Int hash set resizes: 14
[t=0.507631s, 46492 KB] Search time: 0.503631s
[t=0.507631s, 46492 KB] Total time: 0.507631s
Solution found.
Peak memory: 46492 KB
Remove intermediate file output.sas
search exit code: 0

INFO     Running validate.
INFO     validate stdin: None
INFO     validate time limit: None
INFO     validate memory limit: None
INFO     validate command line string: /home/henry/bin/validate domain.pddl problem.pddl sas_plan
Checking plan: sas_plan
Plan executed successfully - checking goal
Plan valid
Final value: 15 

Successful plans:
Value: 15
 sas_plan 15 

validate exit code: 0

INFO     Planner time: 0.70s
