INFO     planner time limit: 1800s
INFO     planner memory limit: 2048 MB

INFO     Running translator.
INFO     translator stdin: None
INFO     translator time limit: 1799s
INFO     translator memory limit: 2048 MB
INFO     translator command line string: /home/henry/Documents/UFRGS/TCC/downward/.venv/bin/python /home/henry/Documents/UFRGS/TCC/downward/experiments/lab/data/main/code-fa850d1cb8d716322f299a4f9b64478019793ada_e5e41175/builds/release/bin/translate/translate.py domain.pddl problem.pddl --sas-file output.sas
Parsing...
Parsing: [0.000s CPU, 0.001s wall-clock]
Normalizing task... [0.000s CPU, 0.000s wall-clock]
Instantiating...
Generating Datalog program... [0.000s CPU, 0.000s wall-clock]
Normalizing Datalog program...
Normalizing Datalog program: [0.000s CPU, 0.002s wall-clock]
Preparing model... [0.010s CPU, 0.001s wall-clock]
Generated 52 rules.
Computing model... [0.010s CPU, 0.014s wall-clock]
694 relevant atoms
2181 auxiliary atoms
2875 final queue length
3474 total queue pushes
Completing instantiation... [0.010s CPU, 0.010s wall-clock]
Instantiating: [0.030s CPU, 0.027s wall-clock]
Computing fact groups...
Finding invariants...
6 initial candidates
Finding invariants: [0.000s CPU, 0.001s wall-clock]
Checking invariant weight... [0.000s CPU, 0.000s wall-clock]
Instantiating groups... [0.000s CPU, 0.000s wall-clock]
Collecting mutex groups... [0.000s CPU, 0.000s wall-clock]
Choosing groups...
1 uncovered facts
Choosing groups: [0.000s CPU, 0.000s wall-clock]
Building translation key... [0.000s CPU, 0.000s wall-clock]
Computing fact groups: [0.000s CPU, 0.002s wall-clock]
Building STRIPS to SAS dictionary... [0.000s CPU, 0.000s wall-clock]
Building dictionary for full mutex groups... [0.000s CPU, 0.000s wall-clock]
Building mutex information...
Building mutex information: [0.000s CPU, 0.000s wall-clock]
Translating task...
Processing axioms...
Simplifying axioms... [0.000s CPU, 0.000s wall-clock]
Translator axioms removed by simplifying: 0
Computing negative axioms... [0.000s CPU, 0.000s wall-clock]
Processing axioms: [0.000s CPU, 0.001s wall-clock]
Translating task: [0.010s CPU, 0.011s wall-clock]
94 effect conditions simplified
0 implied preconditions added
Detecting unreachable propositions...
69 operators removed
0 axioms removed
17 propositions removed
Detecting unreachable propositions: [0.010s CPU, 0.004s wall-clock]
Reordering and filtering variables...
13 of 13 variables necessary.
0 of 12 mutex groups necessary.
468 of 468 operators necessary.
0 of 0 axiom rules necessary.
Reordering and filtering variables: [0.000s CPU, 0.001s wall-clock]
Translator variables: 13
Translator derived variables: 0
Translator facts: 58
Translator goal facts: 12
Translator mutex groups: 0
Translator total mutex groups size: 0
Translator operators: 468
Translator axioms: 0
Translator task size: 2751
Translator peak memory: 34152 KB
Writing output... [0.000s CPU, 0.003s wall-clock]
Done! [0.050s CPU, 0.051s wall-clock]
translate exit code: 0

INFO     Running search (release).
INFO     search stdin: output.sas
INFO     search time limit: 1799s
INFO     search memory limit: 2048 MB
INFO     search command line string: /home/henry/Documents/UFRGS/TCC/downward/experiments/lab/data/main/code-fa850d1cb8d716322f299a4f9b64478019793ada_e5e41175/builds/release/bin/downward --search 'eager_greedy([operatorcounting(constraint_generators=[pho_constraints(patterns=systematic(4))], use_integer_operator_counts=true, transform=adapt_costs(cost_type=NORMAL))])' --internal-plan-file sas_plan < output.sas
[t=0s, 45596 KB] reading input...
[t=0.00374792s, 45728 KB] done reading input!
[t=0.00541979s, 45992 KB] Generating patterns using: systematic pattern collection generator
[t=0.00541979s, 45992 KB] building causal graph...done! [t=0s]
[t=0.00541979s, 46132 KB] Found 621 SGA patterns.
[t=0.00541979s, 46132 KB] Found 621 interesting patterns.
[t=0.00541979s, 46132 KB] systematic pattern collection generator number of patterns: 621
[t=0.00541979s, 46132 KB] systematic pattern collection generator total PDB size: 195342
[t=0.00541979s, 46132 KB] systematic pattern collection generator computation time: 0s
[t=0.00541979s, 46132 KB] Computing PDBs for pattern collection...
[t=0.105302s, 46960 KB] Done computing PDBs for pattern collection: 0.0998826s
[t=0.113294s, 53196 KB] Building successor generator...done!
[t=0.113294s, 53196 KB] peak memory difference for successor generator creation: 0 KB
[t=0.113294s, 53196 KB] time for successor generation creation: 0s
[t=0.113294s, 53196 KB] Variables: 13
[t=0.113294s, 53196 KB] FactPairs: 58
[t=0.113294s, 53196 KB] Bytes per state: 4
[t=0.113294s, 53196 KB] Conducting best first search without reopening closed nodes, (real) bound = 2147483647
[t=0.121298s, 58116 KB] New best heuristic value for operatorcounting(constraint_generators=[pho_constraints(patterns=systematic(4))],use_integer_operator_counts=true,transform=adapt_costs(cost_type=normal)): 20
[t=0.121298s, 58116 KB] g=0, 1 evaluated, 0 expanded
[t=0.121298s, 58116 KB] Initial heuristic value for operatorcounting(constraint_generators=[pho_constraints(patterns=systematic(4))],use_integer_operator_counts=true,transform=adapt_costs(cost_type=normal)): 20
[t=0.121298s, 58116 KB] pruning method: none
[t=0.149257s, 61192 KB] New best heuristic value for operatorcounting(constraint_generators=[pho_constraints(patterns=systematic(4))],use_integer_operator_counts=true,transform=adapt_costs(cost_type=normal)): 19
[t=0.149257s, 61192 KB] g=1, 3 evaluated, 1 expanded
[t=0.380918s, 61200 KB] New best heuristic value for operatorcounting(constraint_generators=[pho_constraints(patterns=systematic(4))],use_integer_operator_counts=true,transform=adapt_costs(cost_type=normal)): 18
[t=0.384906s, 61200 KB] g=3, 20 evaluated, 8 expanded
[t=0.436785s, 61200 KB] New best heuristic value for operatorcounting(constraint_generators=[pho_constraints(patterns=systematic(4))],use_integer_operator_counts=true,transform=adapt_costs(cost_type=normal)): 17
[t=0.436785s, 61200 KB] g=4, 24 evaluated, 9 expanded
[t=0.56856s, 61200 KB] New best heuristic value for operatorcounting(constraint_generators=[pho_constraints(patterns=systematic(4))],use_integer_operator_counts=true,transform=adapt_costs(cost_type=normal)): 16
[t=0.56856s, 61200 KB] g=6, 34 evaluated, 12 expanded
[t=0.620474s, 61204 KB] New best heuristic value for operatorcounting(constraint_generators=[pho_constraints(patterns=systematic(4))],use_integer_operator_counts=true,transform=adapt_costs(cost_type=normal)): 15
[t=0.620474s, 61204 KB] g=7, 38 evaluated, 13 expanded
[t=2.28638s, 61292 KB] New best heuristic value for operatorcounting(constraint_generators=[pho_constraints(patterns=systematic(4))],use_integer_operator_counts=true,transform=adapt_costs(cost_type=normal)): 14
[t=2.28638s, 61292 KB] g=14, 159 evaluated, 57 expanded
[t=3.18538s, 61300 KB] New best heuristic value for operatorcounting(constraint_generators=[pho_constraints(patterns=systematic(4))],use_integer_operator_counts=true,transform=adapt_costs(cost_type=normal)): 13
[t=3.18538s, 61300 KB] g=20, 224 evaluated, 78 expanded
[t=5.81481s, 61304 KB] New best heuristic value for operatorcounting(constraint_generators=[pho_constraints(patterns=systematic(4))],use_integer_operator_counts=true,transform=adapt_costs(cost_type=normal)): 12
[t=5.81481s, 61304 KB] g=29, 414 evaluated, 152 expanded
[t=6.43415s, 61376 KB] New best heuristic value for operatorcounting(constraint_generators=[pho_constraints(patterns=systematic(4))],use_integer_operator_counts=true,transform=adapt_costs(cost_type=normal)): 11
[t=6.43415s, 61376 KB] g=36, 457 evaluated, 170 expanded
[t=6.80579s, 61384 KB] New best heuristic value for operatorcounting(constraint_generators=[pho_constraints(patterns=systematic(4))],use_integer_operator_counts=true,transform=adapt_costs(cost_type=normal)): 10
[t=6.80579s, 61384 KB] g=40, 483 evaluated, 182 expanded
[t=11.9311s, 61388 KB] New best heuristic value for operatorcounting(constraint_generators=[pho_constraints(patterns=systematic(4))],use_integer_operator_counts=true,transform=adapt_costs(cost_type=normal)): 9
[t=11.9311s, 61388 KB] g=48, 866 evaluated, 366 expanded
[t=12.4983s, 61392 KB] New best heuristic value for operatorcounting(constraint_generators=[pho_constraints(patterns=systematic(4))],use_integer_operator_counts=true,transform=adapt_costs(cost_type=normal)): 8
[t=12.4983s, 61392 KB] g=50, 909 evaluated, 383 expanded
[t=12.7061s, 61392 KB] New best heuristic value for operatorcounting(constraint_generators=[pho_constraints(patterns=systematic(4))],use_integer_operator_counts=true,transform=adapt_costs(cost_type=normal)): 7
[t=12.7061s, 61392 KB] g=54, 926 evaluated, 391 expanded
[t=12.742s, 61392 KB] New best heuristic value for operatorcounting(constraint_generators=[pho_constraints(patterns=systematic(4))],use_integer_operator_counts=true,transform=adapt_costs(cost_type=normal)): 6
[t=12.742s, 61392 KB] g=55, 929 evaluated, 392 expanded
[t=13.2655s, 61396 KB] New best heuristic value for operatorcounting(constraint_generators=[pho_constraints(patterns=systematic(4))],use_integer_operator_counts=true,transform=adapt_costs(cost_type=normal)): 5
[t=13.2655s, 61396 KB] g=59, 972 evaluated, 410 expanded
[t=13.5971s, 61396 KB] New best heuristic value for operatorcounting(constraint_generators=[pho_constraints(patterns=systematic(4))],use_integer_operator_counts=true,transform=adapt_costs(cost_type=normal)): 4
[t=13.5971s, 61396 KB] g=63, 1000 evaluated, 420 expanded
[t=88.8008s, 61640 KB] New best heuristic value for operatorcounting(constraint_generators=[pho_constraints(patterns=systematic(4))],use_integer_operator_counts=true,transform=adapt_costs(cost_type=normal)): 3
[t=88.8008s, 61640 KB] g=86, 6887 evaluated, 4180 expanded
[t=88.8727s, 61640 KB] New best heuristic value for operatorcounting(constraint_generators=[pho_constraints(patterns=systematic(4))],use_integer_operator_counts=true,transform=adapt_costs(cost_type=normal)): 2
[t=88.8727s, 61640 KB] g=87, 6894 evaluated, 4182 expanded
[t=88.8887s, 61640 KB] New best heuristic value for operatorcounting(constraint_generators=[pho_constraints(patterns=systematic(4))],use_integer_operator_counts=true,transform=adapt_costs(cost_type=normal)): 1
[t=88.8887s, 61640 KB] g=88, 6897 evaluated, 4183 expanded
[t=88.9726s, 61640 KB] New best heuristic value for operatorcounting(constraint_generators=[pho_constraints(patterns=systematic(4))],use_integer_operator_counts=true,transform=adapt_costs(cost_type=normal)): 0
[t=88.9726s, 61640 KB] g=90, 6909 evaluated, 4186 expanded
[t=88.9726s, 61640 KB] Solution found!
[t=88.9726s, 61640 KB] Actual search time: 88.8513s
create-block pos-1-0 (1)
move pos-1-0 pos-2-0 n0 (1)
place-block pos-2-0 pos-3-0 n0 n1 (1)
move pos-2-0 pos-1-0 n0 (1)
create-block pos-1-0 (1)
place-block pos-1-0 pos-2-0 n0 n1 (1)
create-block pos-1-0 (1)
place-block pos-1-0 pos-1-1 n0 n1 (1)
create-block pos-1-0 (1)
move-up pos-1-0 n0 pos-2-0 n1 (1)
move-down pos-2-0 n1 pos-2-1 n0 (1)
move pos-2-1 pos-2-2 n0 (1)
place-block pos-2-2 pos-1-2 n0 n1 (1)
move pos-2-2 pos-2-1 n0 (1)
move-up pos-2-1 n0 pos-2-0 n1 (1)
move-down pos-2-0 n1 pos-1-0 n0 (1)
create-block pos-1-0 (1)
move-up pos-1-0 n0 pos-1-1 n1 (1)
place-block pos-1-1 pos-1-2 n1 n2 (1)
move-down pos-1-1 n1 pos-1-0 n0 (1)
create-block pos-1-0 (1)
move-up pos-1-0 n0 pos-2-0 n1 (1)
place-block pos-2-0 pos-3-0 n1 n2 (1)
move-down pos-2-0 n1 pos-1-0 n0 (1)
create-block pos-1-0 (1)
move-up pos-1-0 n0 pos-2-0 n1 (1)
move-down pos-2-0 n1 pos-2-1 n0 (1)
move pos-2-1 pos-3-1 n0 (1)
place-block pos-3-1 pos-2-1 n0 n1 (1)
move-up pos-3-1 n0 pos-2-1 n1 (1)
move pos-2-1 pos-2-0 n1 (1)
move-down pos-2-0 n1 pos-1-0 n0 (1)
create-block pos-1-0 (1)
move-up pos-1-0 n0 pos-2-0 n1 (1)
move pos-2-0 pos-2-1 n1 (1)
place-block pos-2-1 pos-2-0 n1 n2 (1)
move pos-2-1 pos-1-1 n1 (1)
move-down pos-1-1 n1 pos-1-0 n0 (1)
create-block pos-1-0 (1)
move-up pos-1-0 n0 pos-1-1 n1 (1)
move pos-1-1 pos-2-1 n1 (1)
move-up pos-2-1 n1 pos-2-0 n2 (1)
place-block pos-2-0 pos-3-0 n2 n3 (1)
move-down pos-2-0 n2 pos-2-1 n1 (1)
move pos-2-1 pos-1-1 n1 (1)
move-down pos-1-1 n1 pos-1-0 n0 (1)
create-block pos-1-0 (1)
move-up pos-1-0 n0 pos-1-1 n1 (1)
place-block pos-1-1 pos-2-1 n1 n2 (1)
remove-block pos-1-1 pos-1-2 n2 n1 (1)
move-up pos-1-1 n1 pos-2-1 n2 (1)
place-block pos-2-1 pos-2-0 n2 n3 (1)
move-down pos-2-1 n2 pos-1-1 n1 (1)
remove-block pos-1-1 pos-2-1 n2 n1 (1)
place-block pos-1-1 pos-1-2 n1 n2 (1)
move-down pos-1-1 n1 pos-1-0 n0 (1)
create-block pos-1-0 (1)
move pos-1-0 pos-0-0 n0 (1)
move pos-0-0 pos-0-1 n0 (1)
place-block pos-0-1 pos-0-2 n0 n1 (1)
remove-block pos-0-1 pos-1-1 n1 n0 (1)
move pos-0-1 pos-1-1 n0 (1)
place-block pos-1-1 pos-0-1 n0 n1 (1)
remove-block pos-1-1 pos-2-1 n1 n0 (1)
move-up pos-1-1 n0 pos-0-1 n1 (1)
place-block pos-0-1 pos-0-2 n1 n2 (1)
move-down pos-0-1 n1 pos-1-1 n0 (1)
move pos-1-1 pos-1-0 n0 (1)
create-block pos-1-0 (1)
move pos-1-0 pos-1-1 n0 (1)
move-up pos-1-1 n0 pos-0-1 n1 (1)
move-up pos-0-1 n1 pos-0-2 n2 (1)
place-block pos-0-2 pos-1-2 n2 n3 (1)
move-down pos-0-2 n2 pos-0-1 n1 (1)
remove-block pos-0-1 pos-0-2 n2 n1 (1)
move-down pos-0-1 n1 pos-1-1 n0 (1)
place-block pos-1-1 pos-2-1 n0 n1 (1)
remove-block pos-1-1 pos-0-1 n1 n0 (1)
move pos-1-1 pos-0-1 n0 (1)
place-block pos-0-1 pos-0-0 n0 n1 (1)
remove-block pos-0-1 pos-0-2 n1 n0 (1)
move pos-0-1 pos-1-1 n0 (1)
move pos-1-1 pos-1-0 n0 (1)
destroy-block pos-1-0 (1)
remove-block pos-1-0 pos-0-0 n1 n0 (1)
destroy-block pos-1-0 (1)
move pos-1-0 pos-1-1 n0 (1)
remove-block pos-1-1 pos-2-1 n1 n0 (1)
move pos-1-1 pos-1-0 n0 (1)
destroy-block pos-1-0 (1)
[t=88.9726s, 61640 KB] Plan length: 90 step(s).
[t=88.9726s, 61640 KB] Plan cost: 90
[t=88.9726s, 61640 KB] Expanded 4187 state(s).
[t=88.9726s, 61640 KB] Reopened 0 state(s).
[t=88.9726s, 61640 KB] Evaluated 6909 state(s).
[t=88.9726s, 61640 KB] Evaluations: 6909
[t=88.9726s, 61640 KB] Generated 14721 state(s).
[t=88.9726s, 61640 KB] Dead ends: 0 state(s).
[t=88.9726s, 61640 KB] Number of registered states: 6909
[t=88.9726s, 61640 KB] Int hash set load factor: 6909/8192 = 0.843384
[t=88.9726s, 61640 KB] Int hash set resizes: 13
[t=88.9726s, 61640 KB] Search time: 88.8593s
[t=88.9726s, 61640 KB] Total time: 88.9726s
Solution found.
Peak memory: 61640 KB
Remove intermediate file output.sas
search exit code: 0

INFO     Running validate.
INFO     validate stdin: None
INFO     validate time limit: None
INFO     validate memory limit: None
INFO     validate command line string: /home/henry/bin/validate domain.pddl problem.pddl sas_plan
Checking plan: sas_plan
Plan executed successfully - checking goal
Plan valid
Final value: 90 

Successful plans:
Value: 90
 sas_plan 90 

validate exit code: 0

INFO     Planner time: 89.08s
