INFO     planner time limit: 1800s
INFO     planner memory limit: 2048 MB

INFO     Running translator.
INFO     translator stdin: None
INFO     translator time limit: 1799s
INFO     translator memory limit: 2048 MB
INFO     translator command line string: /home/henry/Documents/UFRGS/TCC/downward/.venv/bin/python /home/henry/Documents/UFRGS/TCC/downward/experiments/lab/data/main/code-5bb2ccb6957559b6969ffd7e29254c73f84d5e49_e5e41175/builds/release/bin/translate/translate.py domain.pddl problem.pddl --sas-file output.sas
Parsing...
Parsing: [0.000s CPU, 0.002s wall-clock]
Normalizing task... [0.000s CPU, 0.000s wall-clock]
Instantiating...
Generating Datalog program... [0.000s CPU, 0.001s wall-clock]
Normalizing Datalog program...
Normalizing Datalog program: [0.000s CPU, 0.003s wall-clock]
Preparing model... [0.000s CPU, 0.002s wall-clock]
Generated 79 rules.
Computing model... [0.360s CPU, 0.346s wall-clock]
32501 relevant atoms
29888 auxiliary atoms
62389 final queue length
149607 total queue pushes
Completing instantiation... [0.720s CPU, 0.722s wall-clock]
Instantiating: [1.080s CPU, 1.083s wall-clock]
Computing fact groups...
Finding invariants...
14 initial candidates
Finding invariants: [0.020s CPU, 0.017s wall-clock]
Checking invariant weight... [0.000s CPU, 0.000s wall-clock]
Instantiating groups... [0.000s CPU, 0.000s wall-clock]
Collecting mutex groups... [0.000s CPU, 0.001s wall-clock]
Choosing groups...
1240 uncovered facts
Choosing groups: [0.000s CPU, 0.000s wall-clock]
Building translation key... [0.000s CPU, 0.003s wall-clock]
Computing fact groups: [0.030s CPU, 0.029s wall-clock]
Building STRIPS to SAS dictionary... [0.000s CPU, 0.001s wall-clock]
Building dictionary for full mutex groups... [0.000s CPU, 0.001s wall-clock]
Building mutex information...
Building mutex information: [0.000s CPU, 0.001s wall-clock]
Translating task...
Processing axioms...
Simplifying axioms... [0.000s CPU, 0.000s wall-clock]
Translator axioms removed by simplifying: 0
Computing negative axioms... [0.000s CPU, 0.000s wall-clock]
Processing axioms: [0.020s CPU, 0.016s wall-clock]
Translating task: [0.540s CPU, 0.532s wall-clock]
29472 effect conditions simplified
0 implied preconditions added
Detecting unreachable propositions...
0 operators removed
0 axioms removed
6 propositions removed
Detecting unreachable propositions: [0.280s CPU, 0.284s wall-clock]
Reordering and filtering variables...
1246 of 1246 variables necessary.
0 of 6 mutex groups necessary.
12976 of 12976 operators necessary.
0 of 0 axiom rules necessary.
Reordering and filtering variables: [0.200s CPU, 0.199s wall-clock]
Translator variables: 1246
Translator derived variables: 0
Translator facts: 2768
Translator goal facts: 24
Translator mutex groups: 0
Translator total mutex groups size: 0
Translator operators: 12976
Translator axioms: 0
Translator task size: 107638
Translator peak memory: 102972 KB
Writing output... [0.080s CPU, 0.080s wall-clock]
Done! [2.230s CPU, 2.236s wall-clock]
translate exit code: 0

INFO     Running search (release).
INFO     search stdin: output.sas
INFO     search time limit: 1797s
INFO     search memory limit: 2048 MB
INFO     search command line string: /home/henry/Documents/UFRGS/TCC/downward/experiments/lab/data/main/code-5bb2ccb6957559b6969ffd7e29254c73f84d5e49_e5e41175/builds/release/bin/downward --search 'eager_greedy([lsh(patterns=systematic(2), transform=adapt_costs(cost_type=NORMAL))])' --internal-plan-file sas_plan < output.sas
[t=0s, 10544 KB] reading input...
[t=0.0588166s, 15724 KB] done reading input!
[t=0.0588166s, 16120 KB] Generating patterns using: systematic pattern collection generator
[t=0.0588166s, 16120 KB] building causal graph...done! [t=0.0279851s]
[t=0.0907918s, 23336 KB] Found 3780 SGA patterns.
[t=0.142773s, 23336 KB] Found 3780 interesting patterns.
[t=0.142773s, 23336 KB] systematic pattern collection generator number of patterns: 3780
[t=0.142773s, 23336 KB] systematic pattern collection generator total PDB size: 28320
[t=0.142773s, 23336 KB] systematic pattern collection generator computation time: 0.0839563s
[t=0.142773s, 23336 KB] Computing PDBs for pattern collection...
[t=7.59223s, 23336 KB] Done computing PDBs for pattern collection: 7.44946s
[t=9.08366s, 49276 KB] Building successor generator...done!
[t=9.09166s, 50344 KB] peak memory difference for successor generator creation: 1068 KB
[t=9.09166s, 50344 KB] time for successor generation creation: 0.00800363s
[t=9.09166s, 50344 KB] Variables: 1246
[t=9.09166s, 50344 KB] FactPairs: 2768
[t=9.09166s, 50344 KB] Bytes per state: 160
[t=9.09166s, 50344 KB] Conducting best first search without reopening closed nodes, (real) bound = 2147483647
[t=9.09166s, 50344 KB] New best heuristic value for lsh(patterns=systematic(2),transform=adapt_costs(cost_type=normal)): 45
[t=9.09166s, 50344 KB] g=0, 1 evaluated, 0 expanded
[t=9.09166s, 50344 KB] Initial heuristic value for lsh(patterns=systematic(2),transform=adapt_costs(cost_type=normal)): 45
[t=9.09166s, 50344 KB] pruning method: none
[t=9.09166s, 50344 KB] New best heuristic value for lsh(patterns=systematic(2),transform=adapt_costs(cost_type=normal)): 42
[t=9.09166s, 50344 KB] g=3, 4 evaluated, 1 expanded
[t=9.09166s, 50344 KB] New best heuristic value for lsh(patterns=systematic(2),transform=adapt_costs(cost_type=normal)): 39
[t=9.09166s, 50344 KB] g=4, 24 evaluated, 2 expanded
[t=9.09565s, 50344 KB] New best heuristic value for lsh(patterns=systematic(2),transform=adapt_costs(cost_type=normal)): 36
[t=9.09565s, 50344 KB] g=5, 41 evaluated, 3 expanded
[t=9.12763s, 50344 KB] New best heuristic value for lsh(patterns=systematic(2),transform=adapt_costs(cost_type=normal)): 33
[t=9.12763s, 50344 KB] g=10, 497 evaluated, 47 expanded
[t=9.1876s, 50344 KB] New best heuristic value for lsh(patterns=systematic(2),transform=adapt_costs(cost_type=normal)): 30
[t=9.1876s, 50344 KB] g=18, 1414 evaluated, 149 expanded
[t=9.1916s, 50344 KB] New best heuristic value for lsh(patterns=systematic(2),transform=adapt_costs(cost_type=normal)): 27
[t=9.1916s, 50344 KB] g=20, 1432 evaluated, 150 expanded
[t=9.25557s, 50464 KB] New best heuristic value for lsh(patterns=systematic(2),transform=adapt_costs(cost_type=normal)): 24
[t=9.25557s, 50464 KB] g=25, 2471 evaluated, 232 expanded
[t=9.25956s, 50464 KB] New best heuristic value for lsh(patterns=systematic(2),transform=adapt_costs(cost_type=normal)): 21
[t=9.25956s, 50464 KB] g=28, 2638 evaluated, 244 expanded
[t=9.59542s, 51728 KB] New best heuristic value for lsh(patterns=systematic(2),transform=adapt_costs(cost_type=normal)): 18
[t=9.59542s, 51728 KB] g=32, 9563 evaluated, 946 expanded
[t=10.1832s, 54072 KB] New best heuristic value for lsh(patterns=systematic(2),transform=adapt_costs(cost_type=normal)): 15
[t=10.1832s, 54072 KB] g=41, 21785 evaluated, 2258 expanded
[t=10.1992s, 54072 KB] New best heuristic value for lsh(patterns=systematic(2),transform=adapt_costs(cost_type=normal)): 12
[t=10.1992s, 54072 KB] g=47, 22181 evaluated, 2297 expanded
[t=10.795s, 56584 KB] New best heuristic value for lsh(patterns=systematic(2),transform=adapt_costs(cost_type=normal)): 9
[t=10.795s, 56584 KB] g=57, 34884 evaluated, 3815 expanded
[t=10.799s, 56584 KB] New best heuristic value for lsh(patterns=systematic(2),transform=adapt_costs(cost_type=normal)): 6
[t=10.799s, 56584 KB] g=60, 34961 evaluated, 3823 expanded
[t=11.7868s, 60424 KB] New best heuristic value for lsh(patterns=systematic(2),transform=adapt_costs(cost_type=normal)): 3
[t=11.7868s, 60424 KB] g=70, 55671 evaluated, 6901 expanded
Failed to allocate memory.
Memory limit has been reached.
Peak memory: 2097084 KB
Remove intermediate file output.sas
search exit code: 22

Driver aborting after search
INFO     Planner time: 502.63s
