INFO     planner time limit: 1800s
INFO     planner memory limit: 2048 MB

INFO     Running translator.
INFO     translator stdin: None
INFO     translator time limit: 1799s
INFO     translator memory limit: 2048 MB
INFO     translator command line string: /home/henry/Documents/UFRGS/TCC/downward/.venv/bin/python /home/henry/Documents/UFRGS/TCC/downward/experiments/lab/data/main/code-5bb2ccb6957559b6969ffd7e29254c73f84d5e49_e5e41175/builds/release/bin/translate/translate.py domain.pddl problem.pddl --sas-file output.sas
Parsing...
Parsing: [0.010s CPU, 0.005s wall-clock]
Normalizing task... [0.000s CPU, 0.000s wall-clock]
Instantiating...
Generating Datalog program... [0.000s CPU, 0.001s wall-clock]
Normalizing Datalog program...
Normalizing Datalog program: [0.010s CPU, 0.005s wall-clock]
Preparing model... [0.000s CPU, 0.004s wall-clock]
Generated 258 rules.
Computing model... [2.290s CPU, 2.295s wall-clock]
299043 relevant atoms
2460 auxiliary atoms
301503 final queue length
1112254 total queue pushes
Completing instantiation... [16.080s CPU, 16.099s wall-clock]
Instantiating: [18.460s CPU, 18.484s wall-clock]
Computing fact groups...
Finding invariants...
44 initial candidates
Finding invariants: [0.390s CPU, 0.391s wall-clock]
Checking invariant weight... [0.000s CPU, 0.000s wall-clock]
Instantiating groups... [0.000s CPU, 0.001s wall-clock]
Collecting mutex groups... [0.000s CPU, 0.000s wall-clock]
Choosing groups...
116 uncovered facts
Choosing groups: [0.000s CPU, 0.000s wall-clock]
Building translation key... [0.000s CPU, 0.000s wall-clock]
Computing fact groups: [0.390s CPU, 0.393s wall-clock]
Building STRIPS to SAS dictionary... [0.000s CPU, 0.000s wall-clock]
Building dictionary for full mutex groups... [0.000s CPU, 0.000s wall-clock]
Building mutex information...
Building mutex information: [0.000s CPU, 0.000s wall-clock]
Translating task...
Processing axioms...
Simplifying axioms... [0.000s CPU, 0.000s wall-clock]
Translator axioms removed by simplifying: 0
Computing negative axioms... [0.000s CPU, 0.000s wall-clock]
Processing axioms: [0.550s CPU, 0.547s wall-clock]
Translating task: [12.820s CPU, 12.830s wall-clock]
321615 effect conditions simplified
0 implied preconditions added
Detecting unreachable propositions...
0 operators removed
0 axioms removed
38 propositions removed
Detecting unreachable propositions: [7.770s CPU, 7.774s wall-clock]
Reordering and filtering variables...
109 of 115 variables necessary.
0 of 12 mutex groups necessary.
298119 of 298119 operators necessary.
0 of 0 axiom rules necessary.
Reordering and filtering variables: [2.340s CPU, 2.333s wall-clock]
Translator variables: 109
Translator derived variables: 0
Translator facts: 314
Translator goal facts: 1
Translator mutex groups: 0
Translator total mutex groups size: 0
Translator operators: 298119
Translator axioms: 0
Translator task size: 3106114
Translator peak memory: 1822208 KB
Writing output... [2.040s CPU, 2.048s wall-clock]
Done! [44.530s CPU, 44.574s wall-clock]
translate exit code: 0

INFO     Running search (release).
INFO     search stdin: output.sas
INFO     search time limit: 1755s
INFO     search memory limit: 2048 MB
INFO     search command line string: /home/henry/Documents/UFRGS/TCC/downward/experiments/lab/data/main/code-5bb2ccb6957559b6969ffd7e29254c73f84d5e49_e5e41175/builds/release/bin/downward --search 'eager_greedy([ff(transform=adapt_costs(cost_type=NORMAL))])' --internal-plan-file sas_plan < output.sas
[t=0s, 10544 KB] reading input...
[t=1.38344s, 132744 KB] done reading input!
[t=1.49923s, 201620 KB] Simplifying 928148 unary operators... done! [429078 unary operators]
[t=2.0627s, 237664 KB] time to simplify: 0.563473s
[t=2.07865s, 237664 KB] Initializing additive heuristic...
[t=2.07865s, 237664 KB] Initializing FF heuristic...
[t=2.07865s, 237664 KB] Building successor generator...done!
[t=2.21449s, 237664 KB] peak memory difference for successor generator creation: 0 KB
[t=2.21449s, 237664 KB] time for successor generation creation: 0.135845s
[t=2.21449s, 237664 KB] Variables: 109
[t=2.21449s, 237664 KB] FactPairs: 314
[t=2.21449s, 237664 KB] Bytes per state: 20
[t=2.21449s, 237664 KB] Conducting best first search without reopening closed nodes, (real) bound = 2147483647
[t=2.22646s, 237664 KB] New best heuristic value for ff(transform=adapt_costs(cost_type=normal)): 746
[t=2.22646s, 237664 KB] g=0, 1 evaluated, 0 expanded
[t=2.22646s, 237664 KB] Initial heuristic value for ff(transform=adapt_costs(cost_type=normal)): 746
[t=2.22646s, 237664 KB] pruning method: none
[t=2.23445s, 237664 KB] New best heuristic value for ff(transform=adapt_costs(cost_type=normal)): 566
[t=2.23846s, 237664 KB] g=180, 2 evaluated, 1 expanded
[t=2.32234s, 237664 KB] New best heuristic value for ff(transform=adapt_costs(cost_type=normal)): 386
[t=2.32234s, 237664 KB] g=180, 9 evaluated, 1 expanded
[t=2.33035s, 237664 KB] New best heuristic value for ff(transform=adapt_costs(cost_type=normal)): 206
[t=2.33035s, 237664 KB] g=360, 10 evaluated, 2 expanded
[t=2.59402s, 237664 KB] New best heuristic value for ff(transform=adapt_costs(cost_type=normal)): 203
[t=2.59402s, 237664 KB] g=543, 33 evaluated, 12 expanded
[t=2.598s, 237664 KB] New best heuristic value for ff(transform=adapt_costs(cost_type=normal)): 23
[t=2.598s, 237664 KB] g=723, 34 evaluated, 13 expanded
[t=2.88568s, 237664 KB] New best heuristic value for ff(transform=adapt_costs(cost_type=normal)): 20
[t=2.88568s, 237664 KB] g=1086, 61 evaluated, 24 expanded
[t=4.01981s, 237664 KB] New best heuristic value for ff(transform=adapt_costs(cost_type=normal)): 17
[t=4.01981s, 237664 KB] g=1449, 183 evaluated, 92 expanded
[t=4.06772s, 237664 KB] New best heuristic value for ff(transform=adapt_costs(cost_type=normal)): 16
[t=4.06772s, 237664 KB] g=1450, 192 evaluated, 93 expanded
[t=4.0717s, 237664 KB] New best heuristic value for ff(transform=adapt_costs(cost_type=normal)): 15
[t=4.0717s, 237664 KB] g=1451, 193 evaluated, 94 expanded
[t=4.07571s, 237664 KB] New best heuristic value for ff(transform=adapt_costs(cost_type=normal)): 14
[t=4.07775s, 237664 KB] g=1452, 194 evaluated, 95 expanded
[t=14.8141s, 237664 KB] New best heuristic value for ff(transform=adapt_costs(cost_type=normal)): 13
[t=14.8181s, 237664 KB] g=1455, 1915 evaluated, 1589 expanded
[t=14.8221s, 237664 KB] New best heuristic value for ff(transform=adapt_costs(cost_type=normal)): 12
[t=14.8221s, 237664 KB] g=1456, 1916 evaluated, 1590 expanded
[t=63.1765s, 237664 KB] New best heuristic value for ff(transform=adapt_costs(cost_type=normal)): 11
[t=63.1765s, 237664 KB] g=2545, 9344 evaluated, 8317 expanded
[t=63.1845s, 237664 KB] New best heuristic value for ff(transform=adapt_costs(cost_type=normal)): 10
[t=63.1845s, 237664 KB] g=2546, 9345 evaluated, 8318 expanded
[t=63.2364s, 237664 KB] New best heuristic value for ff(transform=adapt_costs(cost_type=normal)): 9
[t=63.2364s, 237664 KB] g=2549, 9351 evaluated, 8321 expanded
[t=63.2404s, 237664 KB] New best heuristic value for ff(transform=adapt_costs(cost_type=normal)): 8
[t=63.2404s, 237664 KB] g=2550, 9352 evaluated, 8322 expanded
[t=69.3443s, 237664 KB] New best heuristic value for ff(transform=adapt_costs(cost_type=normal)): 7
[t=69.3479s, 237664 KB] g=3276, 10142 evaluated, 8889 expanded
[t=69.3522s, 237664 KB] New best heuristic value for ff(transform=adapt_costs(cost_type=normal)): 6
[t=69.3522s, 237664 KB] g=3277, 10143 evaluated, 8890 expanded
[t=69.3802s, 237664 KB] New best heuristic value for ff(transform=adapt_costs(cost_type=normal)): 5
[t=69.3802s, 237664 KB] g=3280, 10149 evaluated, 8893 expanded
[t=69.3842s, 237664 KB] New best heuristic value for ff(transform=adapt_costs(cost_type=normal)): 4
[t=69.3842s, 237664 KB] g=3281, 10150 evaluated, 8894 expanded
[t=73.4581s, 237664 KB] New best heuristic value for ff(transform=adapt_costs(cost_type=normal)): 3
[t=73.4581s, 237664 KB] g=4007, 10915 evaluated, 9448 expanded
[t=73.4621s, 237664 KB] New best heuristic value for ff(transform=adapt_costs(cost_type=normal)): 2
[t=73.4621s, 237664 KB] g=4008, 10916 evaluated, 9449 expanded
[t=73.4661s, 237664 KB] New best heuristic value for ff(transform=adapt_costs(cost_type=normal)): 1
[t=73.4661s, 237664 KB] g=4009, 10917 evaluated, 9450 expanded
[t=73.4661s, 237664 KB] New best heuristic value for ff(transform=adapt_costs(cost_type=normal)): 0
[t=73.4661s, 237664 KB] g=4010, 10918 evaluated, 9451 expanded
[t=73.4741s, 237664 KB] Solution found!
[t=73.4741s, 237664 KB] Actual search time: 71.2476s
take_food worker2 worker1 worker2 round1 num2 num3 (180)
collect_resource worker1 noworker worker2 round1 act_clay clay (180)
ag__finish_round_backhome round1 worker2 (1)
ag__finish_round_renew round1 noworker (1)
ag__advance_round_normal round1 round2 act_sow (1)
take_food worker2 worker1 worker2 round2 num3 num4 (180)
collect_resource worker1 noworker worker2 round2 act_clay clay (180)
ag__finish_round_backhome round2 worker2 (1)
ag__finish_round_renew round2 noworker (1)
ag__advance_round_normal round2 round3 act_fences (1)
build_fences boar worker2 worker1 worker2 round3 (180)
collect_animal boar act_sheep worker1 noworker worker2 round3 (180)
ag__finish_round_backhome round3 worker2 (1)
ag__finish_round_renew round3 noworker (1)
ag__advance_round_normal round3 round4 act_family (1)
build_fences cattle worker2 worker1 worker2 round4 (180)
collect_animal cattle act_sheep worker1 noworker worker2 round4 (180)
ag__finish_round_backhome round4 worker2 (1)
ag__finish_round_renew round4 noworker (1)
ag__harvest_collect_end round4 stage1 (1)
ag__harvest_feed round4 stage1 worker2 num4 num4 num0 (1)
ag__harvest_breeding_animal round4 stage1 boar num0 num2 (1)
ag__harvest_breeding_animal round4 stage1 cattle num2 num4 (1)
ag__harvest_breed_end round4 stage1 (1)
ag__finish_stage stage1 stage2 round4 round5 act_carrot (1)
build_fences boar worker2 worker1 worker2 round5 (180)
collect_resource worker1 noworker worker2 round5 act_clay clay (180)
ag__finish_round_backhome round5 worker2 (1)
ag__finish_round_renew round5 noworker (1)
ag__advance_round_normal round5 round6 act_boar (1)
collect_animal boar act_boar worker2 worker1 worker2 round6 (180)
build_fences boar worker1 noworker worker2 round6 (180)
ag__finish_round_backhome round6 worker2 (1)
ag__finish_round_renew round6 noworker (1)
ag__advance_round_normal round6 round7 act_improve (1)
build_fences boar worker2 worker1 worker2 round7 (180)
collect_resource worker1 noworker worker2 round7 act_clay clay (180)
ag__finish_round_backhome round7 worker2 (1)
ag__finish_round_renew round7 noworker (1)
ag__harvest_collect_end round7 stage2 (1)
ag__harvest_feed round7 stage2 worker2 num4 num4 num0 (1)
ag__harvest_breeding_animal round7 stage2 boar num0 num2 (1)
ag__harvest_breeding_animal round7 stage2 cattle num2 num4 (1)
ag__harvest_breed_end round7 stage2 (1)
ag__finish_stage stage2 stage3 round7 round8 act_cattle (1)
build_fences boar worker2 worker1 worker2 round8 (180)
collect_animal boar act_cattle worker1 noworker worker2 round8 (180)
ag__finish_round_backhome round8 worker2 (1)
ag__finish_round_renew round8 noworker (1)
ag__advance_round_normal round8 round9 void (1)
build_fences boar worker2 worker1 worker2 round9 (180)
collect_resource worker1 noworker worker2 round9 act_clay clay (180)
ag__finish_round_backhome round9 worker2 (1)
ag__finish_round_renew round9 noworker (1)
ag__harvest_collect_end round9 stage3 (1)
ag__harvest_feed round9 stage3 worker2 num4 num4 num0 (1)
ag__harvest_breeding_animal round9 stage3 boar num0 num2 (1)
ag__harvest_breeding_animal round9 stage3 cattle num2 num4 (1)
ag__harvest_breed_end round9 stage3 (1)
ag__finish_stage stage3 stage4 round9 round10 void (1)
build_fences boar worker2 worker1 worker2 round10 (180)
collect_resource worker1 noworker worker2 round10 act_clay clay (180)
ag__finish_round_backhome round10 worker2 (1)
ag__finish_round_renew round10 noworker (1)
ag__advance_round_normal round10 round11 void (1)
build_fences boar worker2 worker1 worker2 round11 (180)
collect_resource worker1 noworker worker2 round11 act_clay clay (180)
ag__finish_round_backhome round11 worker2 (1)
ag__finish_round_renew round11 noworker (1)
ag__harvest_collect_end round11 stage4 (1)
ag__harvest_feed round11 stage4 worker2 num4 num4 num0 (1)
ag__harvest_breed_end round11 stage4 (1)
[t=73.4741s, 237664 KB] Plan length: 72 step(s).
[t=73.4741s, 237664 KB] Plan cost: 4010
[t=73.4741s, 237664 KB] Expanded 9452 state(s).
[t=73.4741s, 237664 KB] Reopened 0 state(s).
[t=73.4741s, 237664 KB] Evaluated 10920 state(s).
[t=73.4741s, 237664 KB] Evaluations: 10920
[t=73.4741s, 237664 KB] Generated 42696 state(s).
[t=73.4741s, 237664 KB] Dead ends: 8 state(s).
[t=73.4741s, 237664 KB] Number of registered states: 10920
[t=73.4741s, 237664 KB] Int hash set load factor: 10920/16384 = 0.666504
[t=73.4741s, 237664 KB] Int hash set resizes: 14
[t=73.4741s, 237664 KB] Search time: 71.2596s
[t=73.4741s, 237664 KB] Total time: 73.4741s
Solution found.
Peak memory: 237664 KB
Remove intermediate file output.sas
search exit code: 0

INFO     Running validate.
INFO     validate stdin: None
INFO     validate time limit: None
INFO     validate memory limit: None
INFO     validate command line string: /home/henry/bin/validate domain.pddl problem.pddl sas_plan
Checking plan: sas_plan
Plan executed successfully - checking goal
Plan valid
Final value: 4010 

Successful plans:
Value: 4010
 sas_plan 4010 

validate exit code: 0

INFO     Planner time: 118.40s
