INFO     planner time limit: 1800s
INFO     planner memory limit: 2048 MB

INFO     Running translator.
INFO     translator stdin: None
INFO     translator time limit: 1799s
INFO     translator memory limit: 2048 MB
INFO     translator command line string: /home/henry/Documents/UFRGS/TCC/downward/.venv/bin/python /home/henry/Documents/UFRGS/TCC/downward/experiments/lab/data/main/code-fa850d1cb8d716322f299a4f9b64478019793ada_e5e41175/builds/release/bin/translate/translate.py domain.pddl problem.pddl --sas-file output.sas
Parsing...
Parsing: [0.000s CPU, 0.001s wall-clock]
Normalizing task... [0.000s CPU, 0.000s wall-clock]
Instantiating...
Generating Datalog program... [0.000s CPU, 0.000s wall-clock]
Normalizing Datalog program...
Normalizing Datalog program: [0.000s CPU, 0.002s wall-clock]
Preparing model... [0.000s CPU, 0.001s wall-clock]
Generated 44 rules.
Computing model... [0.010s CPU, 0.003s wall-clock]
405 relevant atoms
206 auxiliary atoms
611 final queue length
836 total queue pushes
Completing instantiation... [0.000s CPU, 0.005s wall-clock]
Instantiating: [0.010s CPU, 0.011s wall-clock]
Computing fact groups...
Finding invariants...
12 initial candidates
Finding invariants: [0.000s CPU, 0.001s wall-clock]
Checking invariant weight... [0.000s CPU, 0.000s wall-clock]
Instantiating groups... [0.000s CPU, 0.000s wall-clock]
Collecting mutex groups... [0.000s CPU, 0.000s wall-clock]
Choosing groups...
38 uncovered facts
Choosing groups: [0.000s CPU, 0.000s wall-clock]
Building translation key... [0.000s CPU, 0.000s wall-clock]
Computing fact groups: [0.000s CPU, 0.001s wall-clock]
Building STRIPS to SAS dictionary... [0.000s CPU, 0.000s wall-clock]
Building dictionary for full mutex groups... [0.000s CPU, 0.000s wall-clock]
Building mutex information...
Building mutex information: [0.000s CPU, 0.000s wall-clock]
Translating task...
Processing axioms...
Simplifying axioms... [0.000s CPU, 0.000s wall-clock]
Translator axioms removed by simplifying: 0
Computing negative axioms... [0.000s CPU, 0.000s wall-clock]
Processing axioms: [0.000s CPU, 0.000s wall-clock]
Translating task: [0.010s CPU, 0.004s wall-clock]
9 effect conditions simplified
0 implied preconditions added
Detecting unreachable propositions...
0 operators removed
0 axioms removed
2 propositions removed
Detecting unreachable propositions: [0.000s CPU, 0.002s wall-clock]
Reordering and filtering variables...
17 of 40 variables necessary.
0 of 2 mutex groups necessary.
205 of 259 operators necessary.
0 of 0 axiom rules necessary.
Reordering and filtering variables: [0.000s CPU, 0.001s wall-clock]
Translator variables: 17
Translator derived variables: 0
Translator facts: 50
Translator goal facts: 8
Translator mutex groups: 0
Translator total mutex groups size: 0
Translator operators: 205
Translator axioms: 0
Translator task size: 734
Translator peak memory: 32628 KB
Writing output... [0.000s CPU, 0.001s wall-clock]
Done! [0.020s CPU, 0.021s wall-clock]
translate exit code: 0

INFO     Running search (release).
INFO     search stdin: output.sas
INFO     search time limit: 1799s
INFO     search memory limit: 2048 MB
INFO     search command line string: /home/henry/Documents/UFRGS/TCC/downward/experiments/lab/data/main/code-fa850d1cb8d716322f299a4f9b64478019793ada_e5e41175/builds/release/bin/downward --search 'eager_greedy([lsh(patterns=systematic(4), transform=adapt_costs(cost_type=NORMAL))])' --internal-plan-file sas_plan < output.sas
[t=0s, 45596 KB] reading input...
[t=0s, 45596 KB] done reading input!
[t=0s, 45996 KB] Generating patterns using: systematic pattern collection generator
[t=0s, 45996 KB] building causal graph...done! [t=0s]
[t=0s, 45996 KB] Found 521 SGA patterns.
[t=0.00399634s, 45996 KB] Found 1272 interesting patterns.
[t=0.00399634s, 46128 KB] systematic pattern collection generator number of patterns: 1272
[t=0.00399634s, 46128 KB] systematic pattern collection generator total PDB size: 60188
[t=0.00399634s, 46128 KB] systematic pattern collection generator computation time: 0.00399634s
[t=0.00399634s, 46128 KB] Computing PDBs for pattern collection...
[t=0.0719413s, 46464 KB] Done computing PDBs for pattern collection: 0.067945s
[t=0.0759413s, 48832 KB] Building successor generator...done!
[t=0.0759413s, 48832 KB] peak memory difference for successor generator creation: 0 KB
[t=0.0759413s, 48832 KB] time for successor generation creation: 0s
[t=0.0759413s, 48832 KB] Variables: 17
[t=0.0759413s, 48832 KB] FactPairs: 50
[t=0.0759413s, 48832 KB] Bytes per state: 4
[t=0.0759413s, 48832 KB] Conducting best first search without reopening closed nodes, (real) bound = 2147483647
[t=0.0759413s, 48832 KB] New best heuristic value for lsh(patterns=systematic(4),transform=adapt_costs(cost_type=normal)): 19
[t=0.0759413s, 48832 KB] g=0, 1 evaluated, 0 expanded
[t=0.0759413s, 48832 KB] Initial heuristic value for lsh(patterns=systematic(4),transform=adapt_costs(cost_type=normal)): 19
[t=0.0759413s, 48832 KB] pruning method: none
[t=0.0759413s, 48832 KB] New best heuristic value for lsh(patterns=systematic(4),transform=adapt_costs(cost_type=normal)): 17
[t=0.0759413s, 48832 KB] g=1, 2 evaluated, 1 expanded
[t=0.0802603s, 48832 KB] New best heuristic value for lsh(patterns=systematic(4),transform=adapt_costs(cost_type=normal)): 16
[t=0.0802603s, 48832 KB] g=2, 25 evaluated, 2 expanded
[t=0.0802603s, 48832 KB] New best heuristic value for lsh(patterns=systematic(4),transform=adapt_costs(cost_type=normal)): 15
[t=0.0802603s, 48832 KB] g=3, 62 evaluated, 5 expanded
[t=0.0802603s, 48832 KB] New best heuristic value for lsh(patterns=systematic(4),transform=adapt_costs(cost_type=normal)): 14
[t=0.0802603s, 48832 KB] g=4, 76 evaluated, 6 expanded
[t=0.0802603s, 48832 KB] New best heuristic value for lsh(patterns=systematic(4),transform=adapt_costs(cost_type=normal)): 13
[t=0.0802603s, 48832 KB] g=5, 94 evaluated, 7 expanded
[t=0.0802603s, 48832 KB] New best heuristic value for lsh(patterns=systematic(4),transform=adapt_costs(cost_type=normal)): 12
[t=0.0802603s, 48832 KB] g=6, 108 evaluated, 8 expanded
[t=0.0802603s, 48832 KB] New best heuristic value for lsh(patterns=systematic(4),transform=adapt_costs(cost_type=normal)): 11
[t=0.0802603s, 48832 KB] g=7, 126 evaluated, 9 expanded
[t=0.0802603s, 48832 KB] New best heuristic value for lsh(patterns=systematic(4),transform=adapt_costs(cost_type=normal)): 10
[t=0.0802603s, 48832 KB] g=8, 141 evaluated, 10 expanded
[t=0.0802603s, 48832 KB] New best heuristic value for lsh(patterns=systematic(4),transform=adapt_costs(cost_type=normal)): 9
[t=0.0802603s, 48832 KB] g=8, 147 evaluated, 10 expanded
[t=0.0839362s, 48832 KB] New best heuristic value for lsh(patterns=systematic(4),transform=adapt_costs(cost_type=normal)): 8
[t=0.0839362s, 48832 KB] g=9, 158 evaluated, 11 expanded
[t=0.0839362s, 48832 KB] New best heuristic value for lsh(patterns=systematic(4),transform=adapt_costs(cost_type=normal)): 7
[t=0.0839362s, 48832 KB] g=10, 174 evaluated, 12 expanded
[t=0.0839362s, 48832 KB] New best heuristic value for lsh(patterns=systematic(4),transform=adapt_costs(cost_type=normal)): 6
[t=0.0839362s, 48832 KB] g=11, 190 evaluated, 13 expanded
[t=0.0839362s, 48832 KB] New best heuristic value for lsh(patterns=systematic(4),transform=adapt_costs(cost_type=normal)): 5
[t=0.0839362s, 48832 KB] g=12, 209 evaluated, 14 expanded
[t=0.0839362s, 48832 KB] New best heuristic value for lsh(patterns=systematic(4),transform=adapt_costs(cost_type=normal)): 4
[t=0.0839362s, 48832 KB] g=13, 222 evaluated, 15 expanded
[t=0.0839362s, 48832 KB] New best heuristic value for lsh(patterns=systematic(4),transform=adapt_costs(cost_type=normal)): 3
[t=0.0839362s, 48832 KB] g=14, 242 evaluated, 16 expanded
[t=0.0839362s, 48832 KB] New best heuristic value for lsh(patterns=systematic(4),transform=adapt_costs(cost_type=normal)): 2
[t=0.0839362s, 48832 KB] g=15, 254 evaluated, 17 expanded
[t=0.0839362s, 48832 KB] New best heuristic value for lsh(patterns=systematic(4),transform=adapt_costs(cost_type=normal)): 1
[t=0.0839362s, 48832 KB] g=16, 271 evaluated, 18 expanded
[t=0.0839362s, 48832 KB] New best heuristic value for lsh(patterns=systematic(4),transform=adapt_costs(cost_type=normal)): 0
[t=0.0839362s, 48832 KB] g=17, 286 evaluated, 19 expanded
[t=0.0839362s, 48832 KB] Solution found!
[t=0.0839362s, 48832 KB] Actual search time: 0.00799492s
switch_on instrument1 satellite1 (1)
turn_to satellite1 star2 star0 (1)
calibrate satellite1 instrument1 star2 (1)
turn_to satellite1 phenomenon8 star2 (1)
take_image satellite1 phenomenon8 instrument1 thermograph2 (1)
turn_to satellite1 phenomenon9 phenomenon8 (1)
take_image satellite1 phenomenon9 instrument1 infrared0 (1)
turn_to satellite1 star7 phenomenon9 (1)
take_image satellite1 star7 instrument1 infrared0 (1)
turn_to satellite1 planet3 star7 (1)
take_image satellite1 planet3 instrument1 infrared1 (1)
turn_to satellite1 star4 planet3 (1)
take_image satellite1 star4 instrument1 infrared1 (1)
turn_to satellite1 star6 star4 (1)
take_image satellite1 star6 instrument1 infrared1 (1)
turn_to satellite1 planet5 star6 (1)
take_image satellite1 planet5 instrument1 thermograph2 (1)
[t=0.0839362s, 48832 KB] Plan length: 17 step(s).
[t=0.0839362s, 48832 KB] Plan cost: 17
[t=0.0839362s, 48832 KB] Expanded 20 state(s).
[t=0.0839362s, 48832 KB] Reopened 0 state(s).
[t=0.0839362s, 48832 KB] Evaluated 296 state(s).
[t=0.0839362s, 48832 KB] Evaluations: 296
[t=0.0839362s, 48832 KB] Generated 396 state(s).
[t=0.0839362s, 48832 KB] Dead ends: 0 state(s).
[t=0.0839362s, 48832 KB] Number of registered states: 296
[t=0.0839362s, 48832 KB] Int hash set load factor: 296/512 = 0.578125
[t=0.0839362s, 48832 KB] Int hash set resizes: 9
[t=0.0839362s, 48832 KB] Search time: 0.00799492s
[t=0.0839362s, 48832 KB] Total time: 0.0839362s
Solution found.
Peak memory: 48832 KB
Remove intermediate file output.sas
search exit code: 0

INFO     Running validate.
INFO     validate stdin: None
INFO     validate time limit: None
INFO     validate memory limit: None
INFO     validate command line string: /home/henry/bin/validate domain.pddl problem.pddl sas_plan
Checking plan: sas_plan
Plan executed successfully - checking goal
Plan valid
Final value: 17 

Successful plans:
Value: 17
 sas_plan 17 

validate exit code: 0

INFO     Planner time: 0.17s
