INFO     planner time limit: 1800s
INFO     planner memory limit: 2048 MB

INFO     Running translator.
INFO     translator stdin: None
INFO     translator time limit: 1799s
INFO     translator memory limit: 2048 MB
INFO     translator command line string: /home/henry/Documents/UFRGS/TCC/downward/.venv/bin/python /home/henry/Documents/UFRGS/TCC/downward/experiments/lab/data/main/code-5bb2ccb6957559b6969ffd7e29254c73f84d5e49_e5e41175/builds/release/bin/translate/translate.py domain.pddl problem.pddl --sas-file output.sas
Parsing...
Parsing: [0.080s CPU, 0.081s wall-clock]
Normalizing task... [0.010s CPU, 0.007s wall-clock]
Instantiating...
Generating Datalog program... [0.020s CPU, 0.019s wall-clock]
Normalizing Datalog program...
Normalizing Datalog program: [0.040s CPU, 0.036s wall-clock]
Preparing model... [0.090s CPU, 0.084s wall-clock]
Generated 2332 rules.
Computing model... [4.710s CPU, 4.730s wall-clock]
176489 relevant atoms
254332 auxiliary atoms
430821 final queue length
766641 total queue pushes
Completing instantiation... [9.090s CPU, 9.093s wall-clock]
Instantiating: [14.130s CPU, 14.149s wall-clock]
Computing fact groups...
Finding invariants...
10 initial candidates
Finding invariants: [0.090s CPU, 0.086s wall-clock]
Checking invariant weight... [0.000s CPU, 0.005s wall-clock]
Instantiating groups... [0.010s CPU, 0.003s wall-clock]
Collecting mutex groups... [0.000s CPU, 0.001s wall-clock]
Choosing groups...
290 uncovered facts
Choosing groups: [0.000s CPU, 0.003s wall-clock]
Building translation key... [0.000s CPU, 0.001s wall-clock]
Computing fact groups: [0.110s CPU, 0.107s wall-clock]
Building STRIPS to SAS dictionary... [0.000s CPU, 0.001s wall-clock]
Building dictionary for full mutex groups... [0.000s CPU, 0.002s wall-clock]
Building mutex information...
Building mutex information: [0.000s CPU, 0.001s wall-clock]
Translating task...
Processing axioms...
Simplifying axioms... [0.000s CPU, 0.000s wall-clock]
Translator axioms removed by simplifying: 0
Computing negative axioms... [0.000s CPU, 0.000s wall-clock]
Processing axioms: [0.350s CPU, 0.351s wall-clock]
Translating task: [7.090s CPU, 7.091s wall-clock]
0 effect conditions simplified
0 implied preconditions added
Detecting unreachable propositions...
0 operators removed
0 axioms removed
291 propositions removed
Detecting unreachable propositions: [4.080s CPU, 4.080s wall-clock]
Reordering and filtering variables...
581 of 581 variables necessary.
0 of 581 mutex groups necessary.
168780 of 168780 operators necessary.
0 of 0 axiom rules necessary.
Reordering and filtering variables: [0.960s CPU, 0.966s wall-clock]
Translator variables: 581
Translator derived variables: 0
Translator facts: 1741
Translator goal facts: 290
Translator mutex groups: 0
Translator total mutex groups size: 0
Translator operators: 168780
Translator axioms: 0
Translator task size: 1821366
Translator peak memory: 953172 KB
Writing output... [1.040s CPU, 1.052s wall-clock]
Done! [27.850s CPU, 27.884s wall-clock]
translate exit code: 0

INFO     Running search (release).
INFO     search stdin: output.sas
INFO     search time limit: 1771s
INFO     search memory limit: 2048 MB
INFO     search command line string: /home/henry/Documents/UFRGS/TCC/downward/experiments/lab/data/main/code-5bb2ccb6957559b6969ffd7e29254c73f84d5e49_e5e41175/builds/release/bin/downward --search 'eager_greedy([operatorcounting(constraint_generators=[pho_constraints(patterns=systematic(2))], use_integer_operator_counts=true, transform=adapt_costs(cost_type=NORMAL))])' --internal-plan-file sas_plan < output.sas
[t=0s, 45596 KB] reading input...
[t=0.702886s, 101944 KB] done reading input!
[t=0.708715s, 114636 KB] Generating patterns using: systematic pattern collection generator
[t=0.708715s, 114636 KB] building causal graph...done! [t=0.0718794s]
[t=0.780595s, 114636 KB] Found 3934 SGA patterns.
[t=0.792589s, 114636 KB] Found 3934 interesting patterns.
[t=0.792589s, 114636 KB] systematic pattern collection generator number of patterns: 3934
[t=0.792589s, 114636 KB] systematic pattern collection generator total PDB size: 274164
[t=0.792589s, 114636 KB] systematic pattern collection generator computation time: 0.0838741s
[t=0.792589s, 114636 KB] Computing PDBs for pattern collection...
[t=136.852s, 139656 KB] Done computing PDBs for pattern collection: 136.059s
Memory limit has been reached.
Peak memory: 1860456 KB
Remove intermediate file output.sas
search exit code: 22

Driver aborting after search
INFO     Planner time: 201.51s
