INFO     planner time limit: 1800s
INFO     planner memory limit: 2048 MB

INFO     Running translator.
INFO     translator stdin: None
INFO     translator time limit: 1799s
INFO     translator memory limit: 2048 MB
INFO     translator command line string: /home/henry/Documents/UFRGS/TCC/downward/.venv/bin/python /home/henry/Documents/UFRGS/TCC/downward/experiments/lab/data/main/code-5bb2ccb6957559b6969ffd7e29254c73f84d5e49_e5e41175/builds/release/bin/translate/translate.py domain.pddl problem.pddl --sas-file output.sas
Parsing...
Parsing: [0.010s CPU, 0.003s wall-clock]
Normalizing task... [0.000s CPU, 0.000s wall-clock]
Instantiating...
Generating Datalog program... [0.000s CPU, 0.001s wall-clock]
Normalizing Datalog program...
Normalizing Datalog program: [0.000s CPU, 0.002s wall-clock]
Preparing model... [0.000s CPU, 0.003s wall-clock]
Generated 46 rules.
Computing model... [0.210s CPU, 0.211s wall-clock]
28784 relevant atoms
11208 auxiliary atoms
39992 final queue length
91552 total queue pushes
Completing instantiation... [0.920s CPU, 0.927s wall-clock]
Instantiating: [1.150s CPU, 1.151s wall-clock]
Computing fact groups...
Finding invariants...
12 initial candidates
Finding invariants: [0.000s CPU, 0.009s wall-clock]
Checking invariant weight... [0.010s CPU, 0.000s wall-clock]
Instantiating groups... [0.000s CPU, 0.005s wall-clock]
Collecting mutex groups... [0.000s CPU, 0.000s wall-clock]
Choosing groups...
0 uncovered facts
Choosing groups: [0.000s CPU, 0.001s wall-clock]
Building translation key... [0.000s CPU, 0.001s wall-clock]
Computing fact groups: [0.020s CPU, 0.021s wall-clock]
Building STRIPS to SAS dictionary... [0.000s CPU, 0.000s wall-clock]
Building dictionary for full mutex groups... [0.000s CPU, 0.000s wall-clock]
Building mutex information...
Building mutex information: [0.000s CPU, 0.000s wall-clock]
Translating task...
Processing axioms...
Simplifying axioms... [0.000s CPU, 0.000s wall-clock]
Translator axioms removed by simplifying: 0
Computing negative axioms... [0.000s CPU, 0.000s wall-clock]
Processing axioms: [0.040s CPU, 0.038s wall-clock]
Translating task: [0.690s CPU, 0.691s wall-clock]
0 effect conditions simplified
0 implied preconditions added
Detecting unreachable propositions...
0 operators removed
0 axioms removed
56 propositions removed
Detecting unreachable propositions: [0.460s CPU, 0.457s wall-clock]
Reordering and filtering variables...
56 of 56 variables necessary.
0 of 56 mutex groups necessary.
26696 of 26696 operators necessary.
0 of 0 axiom rules necessary.
Reordering and filtering variables: [0.080s CPU, 0.082s wall-clock]
Translator variables: 56
Translator derived variables: 0
Translator facts: 1432
Translator goal facts: 40
Translator mutex groups: 0
Translator total mutex groups size: 0
Translator operators: 26696
Translator axioms: 0
Translator task size: 160336
Translator peak memory: 138508 KB
Writing output... [0.110s CPU, 0.111s wall-clock]
Done! [2.560s CPU, 2.563s wall-clock]
translate exit code: 0

INFO     Running search (release).
INFO     search stdin: output.sas
INFO     search time limit: 1797s
INFO     search memory limit: 2048 MB
INFO     search command line string: /home/henry/Documents/UFRGS/TCC/downward/experiments/lab/data/main/code-5bb2ccb6957559b6969ffd7e29254c73f84d5e49_e5e41175/builds/release/bin/downward --search 'eager_greedy([operatorcounting(constraint_generators=[pho_constraints(patterns=systematic(4))], use_integer_operator_counts=false, transform=adapt_costs(cost_type=ONE))])' --internal-plan-file sas_plan < output.sas
[t=0s, 45596 KB] reading input...
[t=0.0719498s, 52852 KB] done reading input!
[t=0.0762799s, 54752 KB] Generating patterns using: systematic pattern collection generator
[t=0.0762799s, 54752 KB] building causal graph...done! [t=0.00798264s]
[t=0.364058s, 104208 KB] Found 184920 SGA patterns.
[t=1.03979s, 124420 KB] Found 292040 interesting patterns.
[t=1.23554s, 124420 KB] systematic pattern collection generator number of patterns: 292040
[t=1.25952s, 124420 KB] systematic pattern collection generator total PDB size: -2142694136
[t=1.2755s, 124420 KB] systematic pattern collection generator computation time: 1.15926s
[t=1.2755s, 124420 KB] Computing PDBs for pattern collection...
Failed to allocate memory.
Memory limit has been reached.
Peak memory: 2097060 KB
Remove intermediate file output.sas
search exit code: 22

Driver aborting after search
INFO     Planner time: 863.67s
