INFO     planner time limit: 1800s
INFO     planner memory limit: 2048 MB

INFO     Running translator.
INFO     translator stdin: None
INFO     translator time limit: 1799s
INFO     translator memory limit: 2048 MB
INFO     translator command line string: /home/henry/Documents/UFRGS/TCC/downward/.venv/bin/python /home/henry/Documents/UFRGS/TCC/downward/experiments/lab/data/main/code-5bb2ccb6957559b6969ffd7e29254c73f84d5e49_e5e41175/builds/release/bin/translate/translate.py domain.pddl problem.pddl --sas-file output.sas
Parsing...
Parsing: [0.010s CPU, 0.004s wall-clock]
Normalizing task... [0.000s CPU, 0.000s wall-clock]
Instantiating...
Generating Datalog program... [0.000s CPU, 0.001s wall-clock]
Normalizing Datalog program...
Normalizing Datalog program: [0.000s CPU, 0.005s wall-clock]
Preparing model... [0.010s CPU, 0.003s wall-clock]
Generated 198 rules.
Computing model... [0.170s CPU, 0.171s wall-clock]
15312 relevant atoms
10668 auxiliary atoms
25980 final queue length
82893 total queue pushes
Completing instantiation... [0.630s CPU, 0.633s wall-clock]
Instantiating: [0.820s CPU, 0.818s wall-clock]
Computing fact groups...
Finding invariants...
24 initial candidates
Finding invariants: [0.010s CPU, 0.016s wall-clock]
Checking invariant weight... [0.000s CPU, 0.001s wall-clock]
Instantiating groups... [0.010s CPU, 0.007s wall-clock]
Collecting mutex groups... [0.000s CPU, 0.000s wall-clock]
Choosing groups...
253 uncovered facts
Choosing groups: [0.000s CPU, 0.001s wall-clock]
Building translation key... [0.000s CPU, 0.001s wall-clock]
Computing fact groups: [0.020s CPU, 0.028s wall-clock]
Building STRIPS to SAS dictionary... [0.000s CPU, 0.000s wall-clock]
Building dictionary for full mutex groups... [0.000s CPU, 0.000s wall-clock]
Building mutex information...
Building mutex information: [0.000s CPU, 0.000s wall-clock]
Translating task...
Processing axioms...
Simplifying axioms... [0.000s CPU, 0.000s wall-clock]
Translator axioms removed by simplifying: 0
Computing negative axioms... [0.000s CPU, 0.000s wall-clock]
Processing axioms: [0.030s CPU, 0.028s wall-clock]
Translating task: [0.650s CPU, 0.650s wall-clock]
7617 effect conditions simplified
0 implied preconditions added
Detecting unreachable propositions...
0 operators removed
0 axioms removed
95 propositions removed
Detecting unreachable propositions: [0.380s CPU, 0.381s wall-clock]
Reordering and filtering variables...
280 of 289 variables necessary.
69 of 98 mutex groups necessary.
14211 of 14211 operators necessary.
0 of 0 axiom rules necessary.
Reordering and filtering variables: [0.100s CPU, 0.099s wall-clock]
Translator variables: 280
Translator derived variables: 0
Translator facts: 793
Translator goal facts: 79
Translator mutex groups: 69
Translator total mutex groups size: 256
Translator operators: 14211
Translator axioms: 0
Translator task size: 121191
Translator peak memory: 112324 KB
Writing output... [0.100s CPU, 0.102s wall-clock]
Done! [2.120s CPU, 2.118s wall-clock]
translate exit code: 0

INFO     Running search (release).
INFO     search stdin: output.sas
INFO     search time limit: 1797s
INFO     search memory limit: 2048 MB
INFO     search command line string: /home/henry/Documents/UFRGS/TCC/downward/experiments/lab/data/main/code-5bb2ccb6957559b6969ffd7e29254c73f84d5e49_e5e41175/builds/release/bin/downward --search 'eager_greedy([ff(transform=adapt_costs(cost_type=ONE))])' --internal-plan-file sas_plan < output.sas
[t=0s, 10544 KB] reading input...
[t=0.0599658s, 15840 KB] done reading input!
[t=0.0679627s, 18996 KB] Simplifying 57294 unary operators... done! [11986 unary operators]
[t=0.0799439s, 21304 KB] time to simplify: 0.0119813s
[t=0.0799439s, 21304 KB] Initializing additive heuristic...
[t=0.0799439s, 21304 KB] Initializing FF heuristic...
[t=0.0799439s, 21304 KB] Building successor generator...done!
[t=0.083944s, 21304 KB] peak memory difference for successor generator creation: 0 KB
[t=0.083944s, 21304 KB] time for successor generation creation: 0.00400003s
[t=0.083944s, 21304 KB] Variables: 280
[t=0.083944s, 21304 KB] FactPairs: 793
[t=0.083944s, 21304 KB] Bytes per state: 52
[t=0.083944s, 21304 KB] Conducting best first search without reopening closed nodes, (real) bound = 2147483647
[t=0.083944s, 21304 KB] New best heuristic value for ff(transform=adapt_costs(cost_type=one)): 67
[t=0.083944s, 21304 KB] g=0, 1 evaluated, 0 expanded
[t=0.083944s, 21304 KB] Initial heuristic value for ff(transform=adapt_costs(cost_type=one)): 67
[t=0.083944s, 21304 KB] pruning method: none
[t=0.083944s, 21304 KB] New best heuristic value for ff(transform=adapt_costs(cost_type=one)): 66
[t=0.083944s, 21304 KB] g=10, 2 evaluated, 1 expanded
[t=0.087948s, 21304 KB] New best heuristic value for ff(transform=adapt_costs(cost_type=one)): 65
[t=0.087948s, 21304 KB] g=30, 44 evaluated, 1 expanded
[t=0.103933s, 21304 KB] New best heuristic value for ff(transform=adapt_costs(cost_type=one)): 64
[t=0.103933s, 21304 KB] g=40, 196 evaluated, 2 expanded
[t=0.119908s, 21304 KB] New best heuristic value for ff(transform=adapt_costs(cost_type=one)): 63
[t=0.119908s, 21304 KB] g=60, 307 evaluated, 2 expanded
[t=0.131899s, 21304 KB] New best heuristic value for ff(transform=adapt_costs(cost_type=one)): 62
[t=0.131899s, 21304 KB] g=70, 400 evaluated, 3 expanded
[t=0.139901s, 21304 KB] New best heuristic value for ff(transform=adapt_costs(cost_type=one)): 61
[t=0.139901s, 21304 KB] g=90, 510 evaluated, 3 expanded
[t=0.151895s, 21304 KB] New best heuristic value for ff(transform=adapt_costs(cost_type=one)): 60
[t=0.151895s, 21304 KB] g=100, 617 evaluated, 4 expanded
[t=0.167884s, 21304 KB] New best heuristic value for ff(transform=adapt_costs(cost_type=one)): 59
[t=0.167884s, 21304 KB] g=120, 722 evaluated, 4 expanded
[t=0.179874s, 21304 KB] New best heuristic value for ff(transform=adapt_costs(cost_type=one)): 58
[t=0.179874s, 21304 KB] g=130, 833 evaluated, 5 expanded
[t=0.191867s, 21304 KB] New best heuristic value for ff(transform=adapt_costs(cost_type=one)): 57
[t=0.191867s, 21304 KB] g=150, 959 evaluated, 5 expanded
[t=0.199862s, 21304 KB] New best heuristic value for ff(transform=adapt_costs(cost_type=one)): 56
[t=0.199862s, 21304 KB] g=160, 1048 evaluated, 6 expanded
[t=0.223852s, 21304 KB] New best heuristic value for ff(transform=adapt_costs(cost_type=one)): 55
[t=0.223852s, 21304 KB] g=175, 1274 evaluated, 7 expanded
[t=0.247829s, 21304 KB] New best heuristic value for ff(transform=adapt_costs(cost_type=one)): 54
[t=0.247829s, 21304 KB] g=185, 1513 evaluated, 8 expanded
[t=0.271813s, 21304 KB] New best heuristic value for ff(transform=adapt_costs(cost_type=one)): 53
[t=0.271813s, 21304 KB] g=215, 1743 evaluated, 9 expanded
[t=0.295803s, 21304 KB] New best heuristic value for ff(transform=adapt_costs(cost_type=one)): 52
[t=0.295803s, 21304 KB] g=260, 1968 evaluated, 10 expanded
[t=0.319795s, 21304 KB] New best heuristic value for ff(transform=adapt_costs(cost_type=one)): 51
[t=0.319795s, 21304 KB] g=280, 2208 evaluated, 11 expanded
[t=0.347758s, 21304 KB] New best heuristic value for ff(transform=adapt_costs(cost_type=one)): 50
[t=0.347758s, 21304 KB] g=290, 2439 evaluated, 12 expanded
[t=0.371749s, 21304 KB] New best heuristic value for ff(transform=adapt_costs(cost_type=one)): 49
[t=0.371749s, 21304 KB] g=320, 2680 evaluated, 13 expanded
[t=0.399742s, 21304 KB] New best heuristic value for ff(transform=adapt_costs(cost_type=one)): 48
[t=0.399742s, 21304 KB] g=350, 2952 evaluated, 14 expanded
[t=0.419729s, 21304 KB] New best heuristic value for ff(transform=adapt_costs(cost_type=one)): 47
[t=0.419729s, 21304 KB] g=335, 3141 evaluated, 14 expanded
[t=0.423732s, 21304 KB] New best heuristic value for ff(transform=adapt_costs(cost_type=one)): 46
[t=0.423732s, 21304 KB] g=365, 3198 evaluated, 15 expanded
[t=0.447713s, 21304 KB] New best heuristic value for ff(transform=adapt_costs(cost_type=one)): 45
[t=0.447713s, 21304 KB] g=395, 3439 evaluated, 16 expanded
[t=0.475706s, 21304 KB] New best heuristic value for ff(transform=adapt_costs(cost_type=one)): 44
[t=0.475706s, 21304 KB] g=425, 3688 evaluated, 17 expanded
[t=0.503685s, 21304 KB] New best heuristic value for ff(transform=adapt_costs(cost_type=one)): 43
[t=0.503685s, 21304 KB] g=455, 3997 evaluated, 18 expanded
[t=0.515681s, 21304 KB] New best heuristic value for ff(transform=adapt_costs(cost_type=one)): 42
[t=0.515681s, 21304 KB] g=440, 4090 evaluated, 18 expanded
[t=0.527675s, 21304 KB] New best heuristic value for ff(transform=adapt_costs(cost_type=one)): 41
[t=0.527675s, 21304 KB] g=470, 4242 evaluated, 19 expanded
[t=0.551665s, 21304 KB] New best heuristic value for ff(transform=adapt_costs(cost_type=one)): 40
[t=0.551665s, 21304 KB] g=500, 4474 evaluated, 20 expanded
[t=0.563643s, 21304 KB] New best heuristic value for ff(transform=adapt_costs(cost_type=one)): 39
[t=0.563643s, 21304 KB] g=480, 4571 evaluated, 20 expanded
[t=0.57962s, 21304 KB] New best heuristic value for ff(transform=adapt_costs(cost_type=one)): 38
[t=0.57962s, 21304 KB] g=510, 4713 evaluated, 21 expanded
[t=0.603603s, 21304 KB] New best heuristic value for ff(transform=adapt_costs(cost_type=one)): 37
[t=0.603603s, 21304 KB] g=540, 4936 evaluated, 22 expanded
[t=0.607604s, 21304 KB] New best heuristic value for ff(transform=adapt_costs(cost_type=one)): 36
[t=0.607604s, 21304 KB] g=530, 5006 evaluated, 22 expanded
[t=0.623596s, 21304 KB] New best heuristic value for ff(transform=adapt_costs(cost_type=one)): 35
[t=0.623596s, 21304 KB] g=560, 5165 evaluated, 23 expanded
[t=0.64758s, 21304 KB] New best heuristic value for ff(transform=adapt_costs(cost_type=one)): 34
[t=0.64758s, 21304 KB] g=590, 5379 evaluated, 24 expanded
[t=0.659578s, 21304 KB] New best heuristic value for ff(transform=adapt_costs(cost_type=one)): 33
[t=0.659578s, 21304 KB] g=575, 5502 evaluated, 24 expanded
[t=0.667564s, 21304 KB] New best heuristic value for ff(transform=adapt_costs(cost_type=one)): 32
[t=0.667564s, 21304 KB] g=605, 5597 evaluated, 25 expanded
[t=0.687549s, 21304 KB] New best heuristic value for ff(transform=adapt_costs(cost_type=one)): 31
[t=0.687549s, 21304 KB] g=635, 5798 evaluated, 26 expanded
[t=0.703544s, 21304 KB] New best heuristic value for ff(transform=adapt_costs(cost_type=one)): 30
[t=0.703544s, 21304 KB] g=665, 5995 evaluated, 27 expanded
[t=0.723511s, 21304 KB] New best heuristic value for ff(transform=adapt_costs(cost_type=one)): 29
[t=0.723511s, 21304 KB] g=695, 6209 evaluated, 28 expanded
[t=0.743509s, 21304 KB] New best heuristic value for ff(transform=adapt_costs(cost_type=one)): 28
[t=0.743509s, 21304 KB] g=725, 6398 evaluated, 29 expanded
[t=0.763481s, 21304 KB] New best heuristic value for ff(transform=adapt_costs(cost_type=one)): 27
[t=0.763481s, 21304 KB] g=755, 6589 evaluated, 30 expanded
[t=0.78347s, 21304 KB] New best heuristic value for ff(transform=adapt_costs(cost_type=one)): 26
[t=0.78347s, 21304 KB] g=785, 6765 evaluated, 31 expanded
[t=0.787456s, 21304 KB] New best heuristic value for ff(transform=adapt_costs(cost_type=one)): 25
[t=0.787456s, 21304 KB] g=765, 6831 evaluated, 31 expanded
[t=0.799449s, 21304 KB] New best heuristic value for ff(transform=adapt_costs(cost_type=one)): 24
[t=0.799449s, 21304 KB] g=795, 6952 evaluated, 32 expanded
[t=0.811444s, 21304 KB] New best heuristic value for ff(transform=adapt_costs(cost_type=one)): 23
[t=0.811444s, 21304 KB] g=825, 7119 evaluated, 33 expanded
[t=0.827436s, 21304 KB] New best heuristic value for ff(transform=adapt_costs(cost_type=one)): 22
[t=0.827436s, 21304 KB] g=835, 7287 evaluated, 34 expanded
[t=0.843434s, 21304 KB] New best heuristic value for ff(transform=adapt_costs(cost_type=one)): 21
[t=0.843434s, 21304 KB] g=855, 7458 evaluated, 35 expanded
[t=0.855433s, 21304 KB] New best heuristic value for ff(transform=adapt_costs(cost_type=one)): 20
[t=0.855433s, 21304 KB] g=875, 7617 evaluated, 36 expanded
[t=0.867415s, 21304 KB] New best heuristic value for ff(transform=adapt_costs(cost_type=one)): 19
[t=0.867415s, 21304 KB] g=885, 7773 evaluated, 37 expanded
[t=0.883394s, 21304 KB] New best heuristic value for ff(transform=adapt_costs(cost_type=one)): 18
[t=0.883394s, 21304 KB] g=895, 7931 evaluated, 38 expanded
[t=0.895386s, 21304 KB] New best heuristic value for ff(transform=adapt_costs(cost_type=one)): 17
[t=0.895386s, 21304 KB] g=910, 8085 evaluated, 39 expanded
[t=0.907379s, 21304 KB] New best heuristic value for ff(transform=adapt_costs(cost_type=one)): 16
[t=0.907379s, 21304 KB] g=925, 8235 evaluated, 40 expanded
[t=0.919369s, 21304 KB] New best heuristic value for ff(transform=adapt_costs(cost_type=one)): 15
[t=0.919369s, 21304 KB] g=935, 8373 evaluated, 41 expanded
[t=0.93135s, 21304 KB] New best heuristic value for ff(transform=adapt_costs(cost_type=one)): 14
[t=0.93135s, 21304 KB] g=955, 8508 evaluated, 42 expanded
[t=0.943342s, 21304 KB] New best heuristic value for ff(transform=adapt_costs(cost_type=one)): 13
[t=0.943342s, 21304 KB] g=985, 8633 evaluated, 43 expanded
[t=0.955338s, 21304 KB] New best heuristic value for ff(transform=adapt_costs(cost_type=one)): 12
[t=0.955338s, 21304 KB] g=1015, 8768 evaluated, 44 expanded
[t=0.967332s, 21304 KB] New best heuristic value for ff(transform=adapt_costs(cost_type=one)): 11
[t=0.967332s, 21304 KB] g=1025, 8899 evaluated, 45 expanded
[t=0.975323s, 21304 KB] New best heuristic value for ff(transform=adapt_costs(cost_type=one)): 10
[t=0.975323s, 21304 KB] g=1045, 9039 evaluated, 46 expanded
[t=0.987321s, 21304 KB] New best heuristic value for ff(transform=adapt_costs(cost_type=one)): 9
[t=0.987321s, 21304 KB] g=1060, 9173 evaluated, 47 expanded
[t=0.995313s, 21304 KB] New best heuristic value for ff(transform=adapt_costs(cost_type=one)): 8
[t=0.995313s, 21304 KB] g=1090, 9291 evaluated, 48 expanded
[t=1.00731s, 21304 KB] New best heuristic value for ff(transform=adapt_costs(cost_type=one)): 7
[t=1.00731s, 21304 KB] g=1110, 9414 evaluated, 49 expanded
[t=1.0153s, 21304 KB] New best heuristic value for ff(transform=adapt_costs(cost_type=one)): 6
[t=1.0153s, 21304 KB] g=1125, 9532 evaluated, 50 expanded
[t=1.0233s, 21304 KB] New best heuristic value for ff(transform=adapt_costs(cost_type=one)): 5
[t=1.0233s, 21304 KB] g=1135, 9650 evaluated, 51 expanded
[t=1.0313s, 21304 KB] New best heuristic value for ff(transform=adapt_costs(cost_type=one)): 4
[t=1.0313s, 21304 KB] g=1150, 9761 evaluated, 52 expanded
Peak memory: 2078200 KB
caught signal 24 -- exiting
Time limit has been reached.
Remove intermediate file output.sas
search exit code: 23

Driver aborting after search
INFO     Planner time: 1798.24s
