INFO     planner time limit: 1800s
INFO     planner memory limit: 2048 MB

INFO     Running translator.
INFO     translator stdin: None
INFO     translator time limit: 1799s
INFO     translator memory limit: 2048 MB
INFO     translator command line string: /home/henry/Documents/UFRGS/TCC/downward/.venv/bin/python /home/henry/Documents/UFRGS/TCC/downward/experiments/lab/data/main/code-5bb2ccb6957559b6969ffd7e29254c73f84d5e49_e5e41175/builds/release/bin/translate/translate.py domain.pddl problem.pddl --sas-file output.sas
Parsing...
Parsing: [0.000s CPU, 0.004s wall-clock]
Normalizing task... [0.000s CPU, 0.000s wall-clock]
Instantiating...
Generating Datalog program... [0.000s CPU, 0.001s wall-clock]
Normalizing Datalog program...
Normalizing Datalog program: [0.020s CPU, 0.014s wall-clock]
Preparing model... [0.000s CPU, 0.005s wall-clock]
Generated 400 rules.
Computing model... [1.270s CPU, 1.258s wall-clock]
101775 relevant atoms
85912 auxiliary atoms
187687 final queue length
518762 total queue pushes
Completing instantiation... [5.080s CPU, 5.084s wall-clock]
Instantiating: [6.400s CPU, 6.398s wall-clock]
Computing fact groups...
Finding invariants...
41 initial candidates
Finding invariants: [0.100s CPU, 0.100s wall-clock]
Checking invariant weight... [0.000s CPU, 0.000s wall-clock]
Instantiating groups... [0.000s CPU, 0.000s wall-clock]
Collecting mutex groups... [0.000s CPU, 0.000s wall-clock]
Choosing groups...
723 uncovered facts
Choosing groups: [0.000s CPU, 0.000s wall-clock]
Building translation key... [0.000s CPU, 0.001s wall-clock]
Computing fact groups: [0.110s CPU, 0.105s wall-clock]
Building STRIPS to SAS dictionary... [0.000s CPU, 0.000s wall-clock]
Building dictionary for full mutex groups... [0.000s CPU, 0.000s wall-clock]
Building mutex information...
Building mutex information: [0.000s CPU, 0.000s wall-clock]
Translating task...
Processing axioms...
Simplifying axioms... [0.000s CPU, 0.000s wall-clock]
Translator axioms removed by simplifying: 0
Computing negative axioms... [0.000s CPU, 0.000s wall-clock]
Processing axioms: [0.230s CPU, 0.228s wall-clock]
Translating task: [5.830s CPU, 5.836s wall-clock]
268841 effect conditions simplified
0 implied preconditions added
Detecting unreachable propositions...
0 operators removed
0 axioms removed
2 propositions removed
Detecting unreachable propositions: [2.810s CPU, 2.808s wall-clock]
Reordering and filtering variables...
725 of 725 variables necessary.
1 of 3 mutex groups necessary.
100798 of 100798 operators necessary.
0 of 0 axiom rules necessary.
Reordering and filtering variables: [1.390s CPU, 1.393s wall-clock]
Translator variables: 725
Translator derived variables: 0
Translator facts: 1457
Translator goal facts: 8
Translator mutex groups: 1
Translator total mutex groups size: 2
Translator operators: 100798
Translator axioms: 0
Translator task size: 1215392
Translator peak memory: 684976 KB
Writing output... [0.810s CPU, 0.819s wall-clock]
Done! [17.580s CPU, 17.594s wall-clock]
translate exit code: 0

INFO     Running search (release).
INFO     search stdin: output.sas
INFO     search time limit: 1782s
INFO     search memory limit: 2048 MB
INFO     search command line string: /home/henry/Documents/UFRGS/TCC/downward/experiments/lab/data/main/code-5bb2ccb6957559b6969ffd7e29254c73f84d5e49_e5e41175/builds/release/bin/downward --search 'eager_greedy([operatorcounting(constraint_generators=[pho_constraints(patterns=systematic(2))], use_integer_operator_counts=true, transform=adapt_costs(cost_type=ONE))])' --internal-plan-file sas_plan < output.sas
[t=0s, 10544 KB] reading input...
[t=0.511834s, 56032 KB] done reading input!
Peak memory: 56428 KB
Remove intermediate file output.sas
search exit code: 32

Driver aborting after search
INFO     Planner time: 18.23s
