INFO     planner time limit: 1800s
INFO     planner memory limit: 2048 MB

INFO     Running translator.
INFO     translator stdin: None
INFO     translator time limit: 1799s
INFO     translator memory limit: 2048 MB
INFO     translator command line string: /home/henry/Documents/UFRGS/TCC/downward/.venv/bin/python /home/henry/Documents/UFRGS/TCC/downward/experiments/lab/data/main/code-5bb2ccb6957559b6969ffd7e29254c73f84d5e49_e5e41175/builds/release/bin/translate/translate.py domain.pddl problem.pddl --sas-file output.sas
Parsing...
Parsing: [0.000s CPU, 0.004s wall-clock]
Normalizing task... [0.000s CPU, 0.000s wall-clock]
Instantiating...
Generating Datalog program... [0.000s CPU, 0.001s wall-clock]
Normalizing Datalog program...
Normalizing Datalog program: [0.010s CPU, 0.008s wall-clock]
Preparing model... [0.000s CPU, 0.004s wall-clock]
Generated 284 rules.
Computing model... [0.180s CPU, 0.176s wall-clock]
10638 relevant atoms
20166 auxiliary atoms
30804 final queue length
68287 total queue pushes
Completing instantiation... [0.400s CPU, 0.405s wall-clock]
Instantiating: [0.600s CPU, 0.599s wall-clock]
Computing fact groups...
Finding invariants...
22 initial candidates
Finding invariants: [0.010s CPU, 0.016s wall-clock]
Checking invariant weight... [0.000s CPU, 0.000s wall-clock]
Instantiating groups... [0.010s CPU, 0.005s wall-clock]
Collecting mutex groups... [0.000s CPU, 0.000s wall-clock]
Choosing groups...
327 uncovered facts
Choosing groups: [0.000s CPU, 0.001s wall-clock]
Building translation key... [0.000s CPU, 0.001s wall-clock]
Computing fact groups: [0.020s CPU, 0.027s wall-clock]
Building STRIPS to SAS dictionary... [0.000s CPU, 0.000s wall-clock]
Building dictionary for full mutex groups... [0.000s CPU, 0.001s wall-clock]
Building mutex information...
Building mutex information: [0.000s CPU, 0.001s wall-clock]
Translating task...
Processing axioms...
Simplifying axioms... [0.000s CPU, 0.000s wall-clock]
Translator axioms removed by simplifying: 0
Computing negative axioms... [0.000s CPU, 0.000s wall-clock]
Processing axioms: [0.020s CPU, 0.016s wall-clock]
Translating task: [0.480s CPU, 0.481s wall-clock]
8910 effect conditions simplified
0 implied preconditions added
Detecting unreachable propositions...
0 operators removed
0 axioms removed
1 propositions removed
Detecting unreachable propositions: [0.250s CPU, 0.241s wall-clock]
Reordering and filtering variables...
343 of 353 variables necessary.
68 of 94 mutex groups necessary.
9457 of 9461 operators necessary.
0 of 0 axiom rules necessary.
Reordering and filtering variables: [0.100s CPU, 0.099s wall-clock]
Translator variables: 343
Translator derived variables: 0
Translator facts: 1014
Translator goal facts: 4
Translator mutex groups: 68
Translator total mutex groups size: 873
Translator operators: 9457
Translator axioms: 0
Translator task size: 101667
Translator peak memory: 93740 KB
Writing output... [0.070s CPU, 0.068s wall-clock]
Done! [1.540s CPU, 1.543s wall-clock]
translate exit code: 0

INFO     Running search (release).
INFO     search stdin: output.sas
INFO     search time limit: 1798s
INFO     search memory limit: 2048 MB
INFO     search command line string: /home/henry/Documents/UFRGS/TCC/downward/experiments/lab/data/main/code-5bb2ccb6957559b6969ffd7e29254c73f84d5e49_e5e41175/builds/release/bin/downward --search 'eager_greedy([operatorcounting(constraint_generators=[pho_constraints(patterns=systematic(2))], use_integer_operator_counts=true, transform=adapt_costs(cost_type=ONE))])' --internal-plan-file sas_plan < output.sas
[t=0s, 45596 KB] reading input...
[t=0.0464031s, 49652 KB] done reading input!
[t=0.0488413s, 50800 KB] Generating patterns using: systematic pattern collection generator
[t=0.0488413s, 50800 KB] building causal graph...done! [t=0.0199772s]
[t=0.0688185s, 52920 KB] Found 31 SGA patterns.
[t=0.0688185s, 52920 KB] Found 31 interesting patterns.
[t=0.0688185s, 52920 KB] systematic pattern collection generator number of patterns: 31
[t=0.0688185s, 52920 KB] systematic pattern collection generator total PDB size: 502
[t=0.0688185s, 52920 KB] systematic pattern collection generator computation time: 0.0199772s
[t=0.0688185s, 52920 KB] Computing PDBs for pattern collection...
[t=0.112806s, 53564 KB] Done computing PDBs for pattern collection: 0.0439876s
[t=0.120808s, 53564 KB] Building successor generator...done!
[t=0.124804s, 53564 KB] peak memory difference for successor generator creation: 0 KB
[t=0.124804s, 53564 KB] time for successor generation creation: 0.00399569s
[t=0.124804s, 53564 KB] Variables: 343
[t=0.124804s, 53564 KB] FactPairs: 1014
[t=0.124804s, 53564 KB] Bytes per state: 56
[t=0.124804s, 53564 KB] Conducting best first search without reopening closed nodes, (real) bound = 2147483647
[t=0.128807s, 56080 KB] New best heuristic value for operatorcounting(constraint_generators=[pho_constraints(patterns=systematic(2))],use_integer_operator_counts=true,transform=adapt_costs(cost_type=one)): 8
[t=0.128807s, 56080 KB] g=0, 1 evaluated, 0 expanded
[t=0.128807s, 56080 KB] Initial heuristic value for operatorcounting(constraint_generators=[pho_constraints(patterns=systematic(2))],use_integer_operator_counts=true,transform=adapt_costs(cost_type=one)): 8
[t=0.128807s, 56080 KB] pruning method: none
Peak memory: 264728 KB
caught signal 24 -- exiting
Time limit has been reached.
Remove intermediate file output.sas
search exit code: 23

Driver aborting after search
INFO     Planner time: 1798.15s
