INFO     planner time limit: 1800s
INFO     planner memory limit: 2048 MB

INFO     Running translator.
INFO     translator stdin: None
INFO     translator time limit: 1799s
INFO     translator memory limit: 2048 MB
INFO     translator command line string: /home/henry/Documents/UFRGS/TCC/downward/.venv/bin/python /home/henry/Documents/UFRGS/TCC/downward/experiments/lab/data/main/code-5bb2ccb6957559b6969ffd7e29254c73f84d5e49_e5e41175/builds/release/bin/translate/translate.py domain.pddl problem.pddl --sas-file output.sas
Parsing...
Parsing: [0.000s CPU, 0.004s wall-clock]
Normalizing task... [0.000s CPU, 0.000s wall-clock]
Instantiating...
Generating Datalog program... [0.000s CPU, 0.001s wall-clock]
Normalizing Datalog program...
Trivial rules: Converted to facts.
Normalizing Datalog program: [0.010s CPU, 0.003s wall-clock]
Preparing model... [0.000s CPU, 0.004s wall-clock]
Generated 129 rules.
Computing model... [1.620s CPU, 1.622s wall-clock]
116930 relevant atoms
97130 auxiliary atoms
214060 final queue length
704050 total queue pushes
Completing instantiation... [8.630s CPU, 8.651s wall-clock]
Instantiating: [10.340s CPU, 10.349s wall-clock]
Computing fact groups...
Finding invariants...
28 initial candidates
Finding invariants: [0.040s CPU, 0.042s wall-clock]
Checking invariant weight... [0.000s CPU, 0.000s wall-clock]
Instantiating groups... [0.000s CPU, 0.003s wall-clock]
Collecting mutex groups... [0.000s CPU, 0.001s wall-clock]
Choosing groups...
1089 uncovered facts
Choosing groups: [0.010s CPU, 0.002s wall-clock]
Building translation key... [0.010s CPU, 0.004s wall-clock]
Computing fact groups: [0.060s CPU, 0.062s wall-clock]
Building STRIPS to SAS dictionary... [0.000s CPU, 0.002s wall-clock]
Building dictionary for full mutex groups... [0.000s CPU, 0.002s wall-clock]
Building mutex information...
Building mutex information: [0.000s CPU, 0.001s wall-clock]
Translating task...
Processing axioms...
Simplifying axioms... [0.000s CPU, 0.000s wall-clock]
Translator axioms removed by simplifying: 0
Computing negative axioms... [0.000s CPU, 0.000s wall-clock]
Processing axioms: [0.540s CPU, 0.542s wall-clock]
Translating task: [9.310s CPU, 9.314s wall-clock]
177119 effect conditions simplified
0 implied preconditions added
Detecting unreachable propositions...
0 operators removed
0 axioms removed
65 propositions removed
Detecting unreachable propositions: [7.120s CPU, 7.126s wall-clock]
Reordering and filtering variables...
1128 of 1130 variables necessary.
0 of 49 mutex groups necessary.
113779 of 113779 operators necessary.
0 of 0 axiom rules necessary.
Reordering and filtering variables: [2.450s CPU, 2.460s wall-clock]
Translator variables: 1128
Translator derived variables: 0
Translator facts: 3506
Translator goal facts: 58
Translator mutex groups: 0
Translator total mutex groups size: 0
Translator operators: 113779
Translator axioms: 0
Translator task size: 1599073
Translator peak memory: 810128 KB
Writing output... [1.270s CPU, 1.269s wall-clock]
Done! [30.980s CPU, 31.020s wall-clock]
translate exit code: 0

INFO     Running search (release).
INFO     search stdin: output.sas
INFO     search time limit: 1768s
INFO     search memory limit: 2048 MB
INFO     search command line string: /home/henry/Documents/UFRGS/TCC/downward/experiments/lab/data/main/code-5bb2ccb6957559b6969ffd7e29254c73f84d5e49_e5e41175/builds/release/bin/downward --search 'eager_greedy([operatorcounting(constraint_generators=[pho_constraints(patterns=systematic(2))], use_integer_operator_counts=true, transform=adapt_costs(cost_type=ONE))])' --internal-plan-file sas_plan < output.sas
[t=0s, 45596 KB] reading input...
[t=0.731273s, 102464 KB] done reading input!
[t=0.739057s, 109040 KB] Generating patterns using: systematic pattern collection generator
[t=0.739057s, 109040 KB] building causal graph...done! [t=0.611237s]
[t=1.55805s, 161292 KB] Found 8610 SGA patterns.
[t=1.89766s, 161292 KB] Found 8610 interesting patterns.
[t=1.90165s, 161292 KB] systematic pattern collection generator number of patterns: 8610
[t=1.90165s, 161292 KB] systematic pattern collection generator total PDB size: 340639
[t=1.90165s, 161292 KB] systematic pattern collection generator computation time: 1.16259s
[t=1.90165s, 161292 KB] Computing PDBs for pattern collection...
[t=268.413s, 161292 KB] Done computing PDBs for pattern collection: 266.511s
[t=364.834s, 1307984 KB] Building successor generator...done!
[t=364.89s, 1307984 KB] peak memory difference for successor generator creation: 0 KB
[t=364.89s, 1307984 KB] time for successor generation creation: 0.0559279s
[t=364.89s, 1307984 KB] Variables: 1128
[t=364.89s, 1307984 KB] FactPairs: 3506
[t=364.89s, 1307984 KB] Bytes per state: 164
[t=364.89s, 1307984 KB] Conducting best first search without reopening closed nodes, (real) bound = 2147483647
[t=372.662s, 1804412 KB] New best heuristic value for operatorcounting(constraint_generators=[pho_constraints(patterns=systematic(2))],use_integer_operator_counts=true,transform=adapt_costs(cost_type=one)): 121
[t=372.662s, 1804412 KB] g=0, 1 evaluated, 0 expanded
[t=372.662s, 1804412 KB] Initial heuristic value for operatorcounting(constraint_generators=[pho_constraints(patterns=systematic(2))],use_integer_operator_counts=true,transform=adapt_costs(cost_type=one)): 121
[t=372.662s, 1804412 KB] pruning method: none
[t=398.594s, 1807416 KB] New best heuristic value for operatorcounting(constraint_generators=[pho_constraints(patterns=systematic(2))],use_integer_operator_counts=true,transform=adapt_costs(cost_type=one)): 120
[t=398.594s, 1807416 KB] g=1, 4 evaluated, 1 expanded
[t=460.636s, 2013288 KB] New best heuristic value for operatorcounting(constraint_generators=[pho_constraints(patterns=systematic(2))],use_integer_operator_counts=true,transform=adapt_costs(cost_type=one)): 119
[t=460.636s, 2013288 KB] g=1, 11 evaluated, 6 expanded
[t=505.382s, 2013288 KB] New best heuristic value for operatorcounting(constraint_generators=[pho_constraints(patterns=systematic(2))],use_integer_operator_counts=true,transform=adapt_costs(cost_type=one)): 118
[t=505.382s, 2013288 KB] g=2, 16 evaluated, 7 expanded
[t=602.924s, 2013288 KB] New best heuristic value for operatorcounting(constraint_generators=[pho_constraints(patterns=systematic(2))],use_integer_operator_counts=true,transform=adapt_costs(cost_type=one)): 117
[t=602.924s, 2013288 KB] g=3, 27 evaluated, 12 expanded
[t=682.525s, 2013288 KB] New best heuristic value for operatorcounting(constraint_generators=[pho_constraints(patterns=systematic(2))],use_integer_operator_counts=true,transform=adapt_costs(cost_type=one)): 116
[t=682.525s, 2013288 KB] g=3, 38 evaluated, 23 expanded
[t=1375.99s, 2013288 KB] New best heuristic value for operatorcounting(constraint_generators=[pho_constraints(patterns=systematic(2))],use_integer_operator_counts=true,transform=adapt_costs(cost_type=one)): 115
[t=1375.99s, 2013288 KB] g=5, 119 evaluated, 90 expanded
[t=1457.03s, 2013288 KB] New best heuristic value for operatorcounting(constraint_generators=[pho_constraints(patterns=systematic(2))],use_integer_operator_counts=true,transform=adapt_costs(cost_type=one)): 114
[t=1457.03s, 2013288 KB] g=5, 128 evaluated, 95 expanded
[t=1491.44s, 2013288 KB] New best heuristic value for operatorcounting(constraint_generators=[pho_constraints(patterns=systematic(2))],use_integer_operator_counts=true,transform=adapt_costs(cost_type=one)): 113
[t=1491.44s, 2013288 KB] g=6, 132 evaluated, 96 expanded
[t=1525.57s, 2013288 KB] New best heuristic value for operatorcounting(constraint_generators=[pho_constraints(patterns=systematic(2))],use_integer_operator_counts=true,transform=adapt_costs(cost_type=one)): 112
[t=1525.57s, 2013288 KB] g=6, 136 evaluated, 99 expanded
[t=1568.65s, 2013288 KB] New best heuristic value for operatorcounting(constraint_generators=[pho_constraints(patterns=systematic(2))],use_integer_operator_counts=true,transform=adapt_costs(cost_type=one)): 111
[t=1568.65s, 2013288 KB] g=7, 141 evaluated, 100 expanded
[t=1629.76s, 2013288 KB] New best heuristic value for operatorcounting(constraint_generators=[pho_constraints(patterns=systematic(2))],use_integer_operator_counts=true,transform=adapt_costs(cost_type=one)): 110
[t=1629.76s, 2013288 KB] g=7, 151 evaluated, 110 expanded
Peak memory: 2013288 KB
caught signal 24 -- exiting
Time limit has been reached.
Remove intermediate file output.sas
search exit code: 23

Driver aborting after search
INFO     Planner time: 1795.74s
