INFO     planner time limit: 1800s
INFO     planner memory limit: 2048 MB

INFO     Running translator.
INFO     translator stdin: None
INFO     translator time limit: 1799s
INFO     translator memory limit: 2048 MB
INFO     translator command line string: /home/henry/Documents/UFRGS/TCC/downward/.venv/bin/python /home/henry/Documents/UFRGS/TCC/downward/experiments/lab/data/main/code-fa850d1cb8d716322f299a4f9b64478019793ada_e5e41175/builds/release/bin/translate/translate.py domain.pddl problem.pddl --sas-file output.sas
Parsing...
Parsing: [0.000s CPU, 0.001s wall-clock]
Normalizing task... [0.000s CPU, 0.000s wall-clock]
Instantiating...
Generating Datalog program... [0.000s CPU, 0.000s wall-clock]
Normalizing Datalog program...
Normalizing Datalog program: [0.000s CPU, 0.001s wall-clock]
Preparing model... [0.000s CPU, 0.000s wall-clock]
Generated 24 rules.
Computing model... [0.000s CPU, 0.001s wall-clock]
171 relevant atoms
120 auxiliary atoms
291 final queue length
384 total queue pushes
Completing instantiation... [0.000s CPU, 0.002s wall-clock]
Instantiating: [0.000s CPU, 0.004s wall-clock]
Computing fact groups...
Finding invariants...
10 initial candidates
Finding invariants: [0.000s CPU, 0.001s wall-clock]
Checking invariant weight... [0.000s CPU, 0.000s wall-clock]
Instantiating groups... [0.000s CPU, 0.000s wall-clock]
Collecting mutex groups... [0.000s CPU, 0.000s wall-clock]
Choosing groups...
0 uncovered facts
Choosing groups: [0.000s CPU, 0.000s wall-clock]
Building translation key... [0.000s CPU, 0.000s wall-clock]
Computing fact groups: [0.000s CPU, 0.001s wall-clock]
Building STRIPS to SAS dictionary... [0.000s CPU, 0.000s wall-clock]
Building dictionary for full mutex groups... [0.000s CPU, 0.000s wall-clock]
Building mutex information...
Building mutex information: [0.000s CPU, 0.000s wall-clock]
Translating task...
Processing axioms...
Simplifying axioms... [0.000s CPU, 0.000s wall-clock]
Translator axioms removed by simplifying: 0
Computing negative axioms... [0.000s CPU, 0.000s wall-clock]
Processing axioms: [0.000s CPU, 0.000s wall-clock]
Translating task: [0.000s CPU, 0.002s wall-clock]
0 effect conditions simplified
0 implied preconditions added
Detecting unreachable propositions...
0 operators removed
0 axioms removed
3 propositions removed
Detecting unreachable propositions: [0.000s CPU, 0.001s wall-clock]
Reordering and filtering variables...
13 of 13 variables necessary.
10 of 13 mutex groups necessary.
82 of 82 operators necessary.
0 of 0 axiom rules necessary.
Reordering and filtering variables: [0.000s CPU, 0.000s wall-clock]
Translator variables: 13
Translator derived variables: 0
Translator facts: 54
Translator goal facts: 10
Translator mutex groups: 10
Translator total mutex groups size: 40
Translator operators: 82
Translator axioms: 0
Translator task size: 563
Translator peak memory: 32116 KB
Writing output... [0.000s CPU, 0.001s wall-clock]
Done! [0.000s CPU, 0.011s wall-clock]
translate exit code: 0

INFO     Running search (release).
INFO     search stdin: output.sas
INFO     search time limit: 1799s
INFO     search memory limit: 2048 MB
INFO     search command line string: /home/henry/Documents/UFRGS/TCC/downward/experiments/lab/data/main/code-fa850d1cb8d716322f299a4f9b64478019793ada_e5e41175/builds/release/bin/downward --search 'eager_greedy([lsh(patterns=systematic(4), transform=adapt_costs(cost_type=ONE))])' --internal-plan-file sas_plan < output.sas
[t=0s, 45596 KB] reading input...
[t=0s, 45596 KB] done reading input!
[t=0s, 45860 KB] Generating patterns using: systematic pattern collection generator
[t=0s, 45860 KB] building causal graph...done! [t=0s]
[t=0s, 46000 KB] Found 545 SGA patterns.
[t=0.00400074s, 46000 KB] Found 710 interesting patterns.
[t=0.00400074s, 46000 KB] systematic pattern collection generator number of patterns: 710
[t=0.00400074s, 46000 KB] systematic pattern collection generator total PDB size: 167265
[t=0.00400074s, 46000 KB] systematic pattern collection generator computation time: 0.00400074s
[t=0.00400074s, 46000 KB] Computing PDBs for pattern collection...
[t=0.0399825s, 46640 KB] Done computing PDBs for pattern collection: 0.0359818s
[t=0.0439554s, 47428 KB] Building successor generator...done!
[t=0.0439554s, 47428 KB] peak memory difference for successor generator creation: 0 KB
[t=0.0439554s, 47428 KB] time for successor generation creation: 0s
[t=0.0439554s, 47428 KB] Variables: 13
[t=0.0439554s, 47428 KB] FactPairs: 54
[t=0.0439554s, 47428 KB] Bytes per state: 4
[t=0.0439554s, 47428 KB] Conducting best first search without reopening closed nodes, (real) bound = 2147483647
[t=0.0439554s, 47428 KB] New best heuristic value for lsh(patterns=systematic(4),transform=adapt_costs(cost_type=one)): 20
[t=0.0439554s, 47428 KB] g=0, 1 evaluated, 0 expanded
[t=0.0439554s, 47428 KB] Initial heuristic value for lsh(patterns=systematic(4),transform=adapt_costs(cost_type=one)): 20
[t=0.0439554s, 47428 KB] pruning method: none
[t=0.0439554s, 47428 KB] New best heuristic value for lsh(patterns=systematic(4),transform=adapt_costs(cost_type=one)): 10
[t=0.0439554s, 47428 KB] g=1, 2 evaluated, 1 expanded
[t=0.0439554s, 47428 KB] New best heuristic value for lsh(patterns=systematic(4),transform=adapt_costs(cost_type=one)): 9
[t=0.0439554s, 47428 KB] g=3, 33 evaluated, 4 expanded
[t=0.0439554s, 47428 KB] New best heuristic value for lsh(patterns=systematic(4),transform=adapt_costs(cost_type=one)): 8
[t=0.0439554s, 47428 KB] g=7, 63 evaluated, 9 expanded
[t=0.0439554s, 47428 KB] New best heuristic value for lsh(patterns=systematic(4),transform=adapt_costs(cost_type=one)): 7
[t=0.0439554s, 47428 KB] g=11, 97 evaluated, 18 expanded
[t=0.0439554s, 47428 KB] New best heuristic value for lsh(patterns=systematic(4),transform=adapt_costs(cost_type=one)): 6
[t=0.0439554s, 47428 KB] g=15, 140 evaluated, 33 expanded
[t=0.0439554s, 47428 KB] New best heuristic value for lsh(patterns=systematic(4),transform=adapt_costs(cost_type=one)): 5
[t=0.0439554s, 47428 KB] g=19, 196 evaluated, 56 expanded
[t=0.0479336s, 47428 KB] New best heuristic value for lsh(patterns=systematic(4),transform=adapt_costs(cost_type=one)): 4
[t=0.0479336s, 47428 KB] g=23, 269 evaluated, 89 expanded
[t=0.0519429s, 47428 KB] New best heuristic value for lsh(patterns=systematic(4),transform=adapt_costs(cost_type=one)): 2
[t=0.0519429s, 47428 KB] g=35, 588 evaluated, 216 expanded
[t=0.0519429s, 47428 KB] New best heuristic value for lsh(patterns=systematic(4),transform=adapt_costs(cost_type=one)): 1
[t=0.0519429s, 47428 KB] g=36, 589 evaluated, 217 expanded
[t=0.0519429s, 47428 KB] New best heuristic value for lsh(patterns=systematic(4),transform=adapt_costs(cost_type=one)): 0
[t=0.0519429s, 47428 KB] g=37, 600 evaluated, 218 expanded
[t=0.0519429s, 47428 KB] Solution found!
[t=0.0519429s, 47428 KB] Actual search time: 0.0079875s
pick ball1 rooma left (1)
move rooma roomb (1)
drop ball1 roomb left (1)
move roomb rooma (1)
pick ball10 rooma left (1)
move rooma roomb (1)
drop ball10 roomb left (1)
move roomb rooma (1)
pick ball2 rooma left (1)
move rooma roomb (1)
drop ball2 roomb left (1)
move roomb rooma (1)
pick ball3 rooma left (1)
move rooma roomb (1)
drop ball3 roomb left (1)
move roomb rooma (1)
pick ball4 rooma left (1)
move rooma roomb (1)
drop ball4 roomb left (1)
move roomb rooma (1)
pick ball5 rooma left (1)
move rooma roomb (1)
drop ball5 roomb left (1)
move roomb rooma (1)
pick ball6 rooma left (1)
move rooma roomb (1)
drop ball6 roomb left (1)
move roomb rooma (1)
pick ball7 rooma left (1)
move rooma roomb (1)
drop ball7 roomb left (1)
move roomb rooma (1)
pick ball8 rooma left (1)
pick ball9 rooma right (1)
move rooma roomb (1)
drop ball8 roomb left (1)
drop ball9 roomb right (1)
[t=0.0519429s, 47428 KB] Plan length: 37 step(s).
[t=0.0519429s, 47428 KB] Plan cost: 37
[t=0.0519429s, 47428 KB] Expanded 219 state(s).
[t=0.0519429s, 47428 KB] Reopened 0 state(s).
[t=0.0519429s, 47428 KB] Evaluated 600 state(s).
[t=0.0519429s, 47428 KB] Evaluations: 600
[t=0.0519429s, 47428 KB] Generated 1113 state(s).
[t=0.0519429s, 47428 KB] Dead ends: 0 state(s).
[t=0.0519429s, 47428 KB] Number of registered states: 600
[t=0.0519429s, 47428 KB] Int hash set load factor: 600/1024 = 0.585938
[t=0.0519429s, 47428 KB] Int hash set resizes: 10
[t=0.0519429s, 47428 KB] Search time: 0.0079875s
[t=0.0519429s, 47428 KB] Total time: 0.0519429s
Solution found.
Peak memory: 47428 KB
Remove intermediate file output.sas
search exit code: 0

INFO     Running validate.
INFO     validate stdin: None
INFO     validate time limit: None
INFO     validate memory limit: None
INFO     validate command line string: /home/henry/bin/validate domain.pddl problem.pddl sas_plan
Checking plan: sas_plan
Plan executed successfully - checking goal
Plan valid
Final value: 37 

Successful plans:
Value: 37
 sas_plan 37 

validate exit code: 0

INFO     Planner time: 0.10s
