INFO     planner time limit: 1800s
INFO     planner memory limit: 2048 MB

INFO     Running translator.
INFO     translator stdin: None
INFO     translator time limit: 1799s
INFO     translator memory limit: 2048 MB
INFO     translator command line string: /home/henry/Documents/UFRGS/TCC/downward/.venv/bin/python /home/henry/Documents/UFRGS/TCC/downward/experiments/lab/data/main/code-5bb2ccb6957559b6969ffd7e29254c73f84d5e49_e5e41175/builds/release/bin/translate/translate.py domain.pddl problem.pddl --sas-file output.sas
Parsing...
Parsing: [0.010s CPU, 0.004s wall-clock]
Normalizing task... [0.000s CPU, 0.000s wall-clock]
Instantiating...
Generating Datalog program... [0.000s CPU, 0.001s wall-clock]
Normalizing Datalog program...
Normalizing Datalog program: [0.000s CPU, 0.005s wall-clock]
Preparing model... [0.010s CPU, 0.003s wall-clock]
Generated 198 rules.
Computing model... [0.160s CPU, 0.165s wall-clock]
15312 relevant atoms
10668 auxiliary atoms
25980 final queue length
82893 total queue pushes
Completing instantiation... [0.600s CPU, 0.599s wall-clock]
Instantiating: [0.780s CPU, 0.778s wall-clock]
Computing fact groups...
Finding invariants...
24 initial candidates
Finding invariants: [0.020s CPU, 0.020s wall-clock]
Checking invariant weight... [0.000s CPU, 0.001s wall-clock]
Instantiating groups... [0.000s CPU, 0.007s wall-clock]
Collecting mutex groups... [0.000s CPU, 0.000s wall-clock]
Choosing groups...
253 uncovered facts
Choosing groups: [0.000s CPU, 0.001s wall-clock]
Building translation key... [0.000s CPU, 0.001s wall-clock]
Computing fact groups: [0.030s CPU, 0.031s wall-clock]
Building STRIPS to SAS dictionary... [0.000s CPU, 0.000s wall-clock]
Building dictionary for full mutex groups... [0.000s CPU, 0.000s wall-clock]
Building mutex information...
Building mutex information: [0.000s CPU, 0.000s wall-clock]
Translating task...
Processing axioms...
Simplifying axioms... [0.000s CPU, 0.000s wall-clock]
Translator axioms removed by simplifying: 0
Computing negative axioms... [0.000s CPU, 0.000s wall-clock]
Processing axioms: [0.020s CPU, 0.024s wall-clock]
Translating task: [0.600s CPU, 0.607s wall-clock]
7617 effect conditions simplified
0 implied preconditions added
Detecting unreachable propositions...
0 operators removed
0 axioms removed
95 propositions removed
Detecting unreachable propositions: [0.350s CPU, 0.357s wall-clock]
Reordering and filtering variables...
280 of 289 variables necessary.
69 of 98 mutex groups necessary.
14211 of 14211 operators necessary.
0 of 0 axiom rules necessary.
Reordering and filtering variables: [0.110s CPU, 0.095s wall-clock]
Translator variables: 280
Translator derived variables: 0
Translator facts: 793
Translator goal facts: 79
Translator mutex groups: 69
Translator total mutex groups size: 256
Translator operators: 14211
Translator axioms: 0
Translator task size: 121191
Translator peak memory: 112324 KB
Writing output... [0.090s CPU, 0.094s wall-clock]
Done! [2.000s CPU, 1.998s wall-clock]
translate exit code: 0

INFO     Running search (release).
INFO     search stdin: output.sas
INFO     search time limit: 1797s
INFO     search memory limit: 2048 MB
INFO     search command line string: /home/henry/Documents/UFRGS/TCC/downward/experiments/lab/data/main/code-5bb2ccb6957559b6969ffd7e29254c73f84d5e49_e5e41175/builds/release/bin/downward --search 'eager_greedy([ilsh(patterns=systematic(4), transform=adapt_costs(cost_type=ONE))])' --internal-plan-file sas_plan < output.sas
[t=0s, 10544 KB] reading input...
[t=0.0678879s, 15840 KB] done reading input!
[t=0.0678879s, 16236 KB] Generating patterns using: systematic pattern collection generator
[t=0.0678879s, 16236 KB] building causal graph...done! [t=0.0119867s]
[t=5.45464s, 834440 KB] Found 3073487 SGA patterns.
[t=68.5188s, 1493484 KB] Found 7744195 interesting patterns.
[t=75.5318s, 1576684 KB] systematic pattern collection generator number of patterns: 7744195
[t=76.3789s, 1576684 KB] systematic pattern collection generator total PDB size: 957178656
[t=76.7066s, 1576684 KB] systematic pattern collection generator computation time: 75.4639s
[t=76.7106s, 1576684 KB] Computing PDBs for pattern collection...
Peak memory: 1576684 KB
caught signal 24 -- exiting
Time limit has been reached.
Remove intermediate file output.sas
search exit code: 23

Driver aborting after search
INFO     Planner time: 1797.52s
