INFO     planner time limit: 1800s
INFO     planner memory limit: 2048 MB

INFO     Running translator.
INFO     translator stdin: None
INFO     translator time limit: 1799s
INFO     translator memory limit: 2048 MB
INFO     translator command line string: /home/henry/Documents/UFRGS/TCC/downward/.venv/bin/python /home/henry/Documents/UFRGS/TCC/downward/experiments/lab/data/main/code-5bb2ccb6957559b6969ffd7e29254c73f84d5e49_e5e41175/builds/release/bin/translate/translate.py domain.pddl problem.pddl --sas-file output.sas
Parsing...
Parsing: [0.040s CPU, 0.047s wall-clock]
Normalizing task... [0.010s CPU, 0.002s wall-clock]
Instantiating...
Generating Datalog program... [0.030s CPU, 0.031s wall-clock]
Normalizing Datalog program...
Normalizing Datalog program: [0.000s CPU, 0.002s wall-clock]
Preparing model... [0.090s CPU, 0.087s wall-clock]
Generated 6 rules.
Computing model... [0.210s CPU, 0.212s wall-clock]
36094 relevant atoms
13833 auxiliary atoms
49927 final queue length
66359 total queue pushes
Completing instantiation... [0.240s CPU, 0.230s wall-clock]
Instantiating: [0.570s CPU, 0.574s wall-clock]
Computing fact groups...
Finding invariants...
4 initial candidates
Finding invariants: [0.010s CPU, 0.001s wall-clock]
Checking invariant weight... [0.000s CPU, 0.002s wall-clock]
Instantiating groups... [0.000s CPU, 0.003s wall-clock]
Collecting mutex groups... [0.010s CPU, 0.001s wall-clock]
Choosing groups...
2809 uncovered facts
Choosing groups: [0.000s CPU, 0.004s wall-clock]
Building translation key... [0.000s CPU, 0.007s wall-clock]
Computing fact groups: [0.050s CPU, 0.050s wall-clock]
Building STRIPS to SAS dictionary... [0.010s CPU, 0.003s wall-clock]
Building dictionary for full mutex groups... [0.000s CPU, 0.002s wall-clock]
Building mutex information...
Building mutex information: [0.000s CPU, 0.002s wall-clock]
Translating task...
Processing axioms...
Simplifying axioms... [0.000s CPU, 0.000s wall-clock]
Translator axioms removed by simplifying: 0
Computing negative axioms... [0.000s CPU, 0.000s wall-clock]
Processing axioms: [0.010s CPU, 0.011s wall-clock]
Translating task: [0.260s CPU, 0.266s wall-clock]
0 effect conditions simplified
0 implied preconditions added
Detecting unreachable propositions...
0 operators removed
0 axioms removed
3 propositions removed
Detecting unreachable propositions: [0.170s CPU, 0.167s wall-clock]
Reordering and filtering variables...
2809 of 2809 variables necessary.
0 of 1 mutex groups necessary.
11024 of 11024 operators necessary.
0 of 0 axiom rules necessary.
Reordering and filtering variables: [0.040s CPU, 0.035s wall-clock]
Translator variables: 2809
Translator derived variables: 0
Translator facts: 8425
Translator goal facts: 2808
Translator mutex groups: 0
Translator total mutex groups size: 0
Translator operators: 11024
Translator axioms: 0
Translator task size: 58134
Translator peak memory: 81360 KB
Writing output... [0.050s CPU, 0.050s wall-clock]
Done! [1.210s CPU, 1.214s wall-clock]
translate exit code: 0

INFO     Running search (release).
INFO     search stdin: output.sas
INFO     search time limit: 1798s
INFO     search memory limit: 2048 MB
INFO     search command line string: /home/henry/Documents/UFRGS/TCC/downward/experiments/lab/data/main/code-5bb2ccb6957559b6969ffd7e29254c73f84d5e49_e5e41175/builds/release/bin/downward --search 'eager_greedy([ff(transform=adapt_costs(cost_type=NORMAL))])' --internal-plan-file sas_plan < output.sas
[t=0s, 10544 KB] reading input...
[t=0.0399767s, 14828 KB] done reading input!
[t=0.0399767s, 16020 KB] Simplifying 22044 unary operators... done! [22044 unary operators]
[t=0.0479711s, 18044 KB] time to simplify: 0.00799437s
[t=0.0479711s, 18044 KB] Initializing additive heuristic...
[t=0.0479711s, 18044 KB] Initializing FF heuristic...
[t=0.0479711s, 18044 KB] Building successor generator...done!
[t=0.0479711s, 18044 KB] peak memory difference for successor generator creation: 0 KB
[t=0.0479711s, 18044 KB] time for successor generation creation: 0s
[t=0.0479711s, 18044 KB] Variables: 2809
[t=0.0479711s, 18044 KB] FactPairs: 8425
[t=0.0479711s, 18044 KB] Bytes per state: 356
[t=0.0479711s, 18044 KB] Conducting best first search without reopening closed nodes, (real) bound = 2147483647
[t=0.0479711s, 18044 KB] New best heuristic value for ff(transform=adapt_costs(cost_type=normal)): 2808
[t=0.0479711s, 18044 KB] g=0, 1 evaluated, 0 expanded
[t=0.0479711s, 18044 KB] Initial heuristic value for ff(transform=adapt_costs(cost_type=normal)): 2808
[t=0.0479711s, 18044 KB] pruning method: none
[t=0.0519717s, 18044 KB] New best heuristic value for ff(transform=adapt_costs(cost_type=normal)): 2807
[t=0.0519717s, 18044 KB] g=2, 7 evaluated, 2 expanded
[t=0.0839465s, 18044 KB] New best heuristic value for ff(transform=adapt_costs(cost_type=normal)): 2806
[t=0.0839465s, 18044 KB] g=6, 91 evaluated, 25 expanded
[t=0.111924s, 18044 KB] New best heuristic value for ff(transform=adapt_costs(cost_type=normal)): 2805
[t=0.111924s, 18044 KB] g=10, 168 evaluated, 46 expanded
[t=0.127919s, 18044 KB] New best heuristic value for ff(transform=adapt_costs(cost_type=normal)): 2804
[t=0.127919s, 18044 KB] g=14, 211 evaluated, 58 expanded
[t=0.163884s, 18044 KB] New best heuristic value for ff(transform=adapt_costs(cost_type=normal)): 2803
[t=0.163884s, 18044 KB] g=18, 280 evaluated, 77 expanded
[t=0.17987s, 18044 KB] New best heuristic value for ff(transform=adapt_costs(cost_type=normal)): 2802
[t=0.17987s, 18044 KB] g=22, 322 evaluated, 89 expanded
[t=0.17987s, 18044 KB] New best heuristic value for ff(transform=adapt_costs(cost_type=normal)): 2801
[t=0.17987s, 18044 KB] g=23, 329 evaluated, 90 expanded
[t=0.191864s, 18044 KB] New best heuristic value for ff(transform=adapt_costs(cost_type=normal)): 2800
[t=0.191864s, 18044 KB] g=28, 359 evaluated, 99 expanded
[t=0.243824s, 18044 KB] New best heuristic value for ff(transform=adapt_costs(cost_type=normal)): 2799
[t=0.243824s, 18044 KB] g=34, 482 evaluated, 136 expanded
[t=0.25182s, 18044 KB] New best heuristic value for ff(transform=adapt_costs(cost_type=normal)): 2798
[t=0.25182s, 18044 KB] g=37, 511 evaluated, 143 expanded
[t=0.259823s, 18044 KB] New best heuristic value for ff(transform=adapt_costs(cost_type=normal)): 2797
[t=0.259823s, 18044 KB] g=41, 533 evaluated, 151 expanded
[t=0.263815s, 18044 KB] New best heuristic value for ff(transform=adapt_costs(cost_type=normal)): 2796
[t=0.263815s, 18044 KB] g=43, 538 evaluated, 153 expanded
[t=0.275812s, 18044 KB] New best heuristic value for ff(transform=adapt_costs(cost_type=normal)): 2794
[t=0.275812s, 18044 KB] g=43, 569 evaluated, 164 expanded
[t=0.287805s, 18044 KB] New best heuristic value for ff(transform=adapt_costs(cost_type=normal)): 2793
[t=0.287805s, 18044 KB] g=47, 604 evaluated, 177 expanded
[t=0.339773s, 18044 KB] New best heuristic value for ff(transform=adapt_costs(cost_type=normal)): 2792
[t=0.339773s, 18044 KB] g=49, 733 evaluated, 235 expanded
[t=0.619581s, 18044 KB] New best heuristic value for ff(transform=adapt_costs(cost_type=normal)): 2791
[t=0.619581s, 18044 KB] g=57, 1469 evaluated, 616 expanded
[t=17.0988s, 33168 KB] New best heuristic value for ff(transform=adapt_costs(cost_type=normal)): 2790
[t=17.0988s, 33168 KB] g=69, 44110 evaluated, 26684 expanded
[t=29.5105s, 45364 KB] New best heuristic value for ff(transform=adapt_costs(cost_type=normal)): 2789
[t=29.5105s, 45364 KB] g=110, 75647 evaluated, 46903 expanded
[t=115.578s, 130976 KB] New best heuristic value for ff(transform=adapt_costs(cost_type=normal)): 2788
[t=115.578s, 130976 KB] g=140, 298735 evaluated, 198640 expanded
[t=117.761s, 133004 KB] New best heuristic value for ff(transform=adapt_costs(cost_type=normal)): 2787
[t=117.761s, 133004 KB] g=169, 304338 evaluated, 202249 expanded
[t=119.364s, 134492 KB] New best heuristic value for ff(transform=adapt_costs(cost_type=normal)): 2786
[t=119.364s, 134492 KB] g=171, 308448 evaluated, 205010 expanded
[t=119.596s, 134760 KB] New best heuristic value for ff(transform=adapt_costs(cost_type=normal)): 2785
[t=119.596s, 134760 KB] g=167, 309058 evaluated, 205443 expanded
[t=125.289s, 140168 KB] New best heuristic value for ff(transform=adapt_costs(cost_type=normal)): 2784
[t=125.289s, 140168 KB] g=178, 323516 evaluated, 214975 expanded
[t=125.461s, 140300 KB] New best heuristic value for ff(transform=adapt_costs(cost_type=normal)): 2783
[t=125.461s, 140300 KB] g=180, 323946 evaluated, 215243 expanded
[t=131.956s, 146384 KB] New best heuristic value for ff(transform=adapt_costs(cost_type=normal)): 2782
[t=131.956s, 146384 KB] g=177, 340599 evaluated, 226330 expanded
[t=132.196s, 146656 KB] New best heuristic value for ff(transform=adapt_costs(cost_type=normal)): 2781
[t=132.196s, 146656 KB] g=177, 341206 evaluated, 226676 expanded
[t=133.203s, 147600 KB] New best heuristic value for ff(transform=adapt_costs(cost_type=normal)): 2780
[t=133.203s, 147600 KB] g=185, 343828 evaluated, 228142 expanded
[t=133.955s, 148408 KB] New best heuristic value for ff(transform=adapt_costs(cost_type=normal)): 2779
[t=133.955s, 148408 KB] g=195, 345811 evaluated, 228926 expanded
[t=134.047s, 148408 KB] New best heuristic value for ff(transform=adapt_costs(cost_type=normal)): 2778
[t=134.047s, 148408 KB] g=201, 346054 evaluated, 229008 expanded
[t=134.71s, 149084 KB] New best heuristic value for ff(transform=adapt_costs(cost_type=normal)): 2777
[t=134.71s, 149084 KB] g=207, 347781 evaluated, 229709 expanded
[t=134.914s, 149356 KB] New best heuristic value for ff(transform=adapt_costs(cost_type=normal)): 2776
[t=134.914s, 149356 KB] g=213, 348309 evaluated, 229920 expanded
[t=254.946s, 268908 KB] New best heuristic value for ff(transform=adapt_costs(cost_type=normal)): 2775
[t=254.946s, 268908 KB] g=249, 659784 evaluated, 371911 expanded
[t=285.334s, 297952 KB] New best heuristic value for ff(transform=adapt_costs(cost_type=normal)): 2774
[t=285.334s, 297952 KB] g=263, 738167 evaluated, 408457 expanded
[t=290.755s, 303080 KB] New best heuristic value for ff(transform=adapt_costs(cost_type=normal)): 2773
[t=290.755s, 303080 KB] g=285, 751889 evaluated, 415374 expanded
[t=291.969s, 304432 KB] New best heuristic value for ff(transform=adapt_costs(cost_type=normal)): 2772
[t=291.969s, 304432 KB] g=303, 754979 evaluated, 416727 expanded
[t=302.793s, 314804 KB] New best heuristic value for ff(transform=adapt_costs(cost_type=normal)): 2771
[t=302.793s, 314804 KB] g=311, 782698 evaluated, 429406 expanded
Peak memory: 1804380 KB
caught signal 24 -- exiting
Time limit has been reached.
Remove intermediate file output.sas
search exit code: 23

Driver aborting after search
INFO     Planner time: 1798.36s
