INFO     planner time limit: 1800s
INFO     planner memory limit: 2048 MB

INFO     Running translator.
INFO     translator stdin: None
INFO     translator time limit: 1799s
INFO     translator memory limit: 2048 MB
INFO     translator command line string: /home/henry/Documents/UFRGS/TCC/downward/.venv/bin/python /home/henry/Documents/UFRGS/TCC/downward/experiments/lab/data/main/code-5bb2ccb6957559b6969ffd7e29254c73f84d5e49_e5e41175/builds/release/bin/translate/translate.py domain.pddl problem.pddl --sas-file output.sas
Parsing...
Parsing: [0.000s CPU, 0.002s wall-clock]
Normalizing task... [0.000s CPU, 0.000s wall-clock]
Instantiating...
Generating Datalog program... [0.000s CPU, 0.001s wall-clock]
Normalizing Datalog program...
Normalizing Datalog program: [0.000s CPU, 0.003s wall-clock]
Preparing model... [0.010s CPU, 0.002s wall-clock]
Generated 115 rules.
Computing model... [0.040s CPU, 0.039s wall-clock]
3955 relevant atoms
3949 auxiliary atoms
7904 final queue length
13920 total queue pushes
Completing instantiation... [0.080s CPU, 0.079s wall-clock]
Instantiating: [0.130s CPU, 0.124s wall-clock]
Computing fact groups...
Finding invariants...
24 initial candidates
Finding invariants: [0.010s CPU, 0.009s wall-clock]
Checking invariant weight... [0.000s CPU, 0.000s wall-clock]
Instantiating groups... [0.000s CPU, 0.001s wall-clock]
Collecting mutex groups... [0.000s CPU, 0.000s wall-clock]
Choosing groups...
405 uncovered facts
Choosing groups: [0.000s CPU, 0.000s wall-clock]
Building translation key... [0.000s CPU, 0.001s wall-clock]
Computing fact groups: [0.010s CPU, 0.014s wall-clock]
Building STRIPS to SAS dictionary... [0.000s CPU, 0.000s wall-clock]
Building dictionary for full mutex groups... [0.000s CPU, 0.000s wall-clock]
Building mutex information...
Building mutex information: [0.000s CPU, 0.000s wall-clock]
Translating task...
Processing axioms...
Simplifying axioms... [0.000s CPU, 0.000s wall-clock]
Translator axioms removed by simplifying: 0
Computing negative axioms... [0.000s CPU, 0.000s wall-clock]
Processing axioms: [0.010s CPU, 0.006s wall-clock]
Translating task: [0.110s CPU, 0.112s wall-clock]
4712 effect conditions simplified
0 implied preconditions added
Detecting unreachable propositions...
0 operators removed
0 axioms removed
3 propositions removed
Detecting unreachable propositions: [0.040s CPU, 0.043s wall-clock]
Reordering and filtering variables...
408 of 408 variables necessary.
17 of 20 mutex groups necessary.
2814 of 2814 operators necessary.
0 of 0 axiom rules necessary.
Reordering and filtering variables: [0.030s CPU, 0.028s wall-clock]
Translator variables: 408
Translator derived variables: 0
Translator facts: 849
Translator goal facts: 15
Translator mutex groups: 17
Translator total mutex groups size: 51
Translator operators: 2814
Translator axioms: 0
Translator task size: 26997
Translator peak memory: 48404 KB
Writing output... [0.010s CPU, 0.018s wall-clock]
Done! [0.350s CPU, 0.348s wall-clock]
translate exit code: 0

INFO     Running search (release).
INFO     search stdin: output.sas
INFO     search time limit: 1799s
INFO     search memory limit: 2048 MB
INFO     search command line string: /home/henry/Documents/UFRGS/TCC/downward/experiments/lab/data/main/code-5bb2ccb6957559b6969ffd7e29254c73f84d5e49_e5e41175/builds/release/bin/downward --search 'eager_greedy([ff(transform=adapt_costs(cost_type=ONE))])' --internal-plan-file sas_plan < output.sas
[t=0s, 10544 KB] reading input...
[t=0.0119889s, 11736 KB] done reading input!
[t=0.015979s, 12792 KB] Simplifying 10410 unary operators... done! [8834 unary operators]
[t=0.019983s, 13452 KB] time to simplify: 0.004004s
[t=0.019983s, 13452 KB] Initializing additive heuristic...
[t=0.019983s, 13452 KB] Initializing FF heuristic...
[t=0.019983s, 13452 KB] Building successor generator...done!
[t=0.019983s, 13452 KB] peak memory difference for successor generator creation: 0 KB
[t=0.019983s, 13452 KB] time for successor generation creation: 0s
[t=0.019983s, 13452 KB] Variables: 408
[t=0.019983s, 13452 KB] FactPairs: 849
[t=0.019983s, 13452 KB] Bytes per state: 56
[t=0.019983s, 13452 KB] Conducting best first search without reopening closed nodes, (real) bound = 2147483647
[t=0.019983s, 13452 KB] New best heuristic value for ff(transform=adapt_costs(cost_type=one)): 38
[t=0.019983s, 13452 KB] g=0, 1 evaluated, 0 expanded
[t=0.019983s, 13452 KB] Initial heuristic value for ff(transform=adapt_costs(cost_type=one)): 38
[t=0.019983s, 13452 KB] pruning method: none
[t=0.0679419s, 13452 KB] New best heuristic value for ff(transform=adapt_costs(cost_type=one)): 37
[t=0.0679419s, 13452 KB] g=3, 486 evaluated, 68 expanded
[t=0.0679419s, 13452 KB] New best heuristic value for ff(transform=adapt_costs(cost_type=one)): 36
[t=0.0679419s, 13452 KB] g=4, 502 evaluated, 69 expanded
[t=0.131922s, 13452 KB] New best heuristic value for ff(transform=adapt_costs(cost_type=one)): 35
[t=0.131922s, 13452 KB] g=7, 1201 evaluated, 128 expanded
[t=629.13s, 551016 KB] New best heuristic value for ff(transform=adapt_costs(cost_type=one)): 34
[t=629.13s, 551016 KB] g=18, 6070117 evaluated, 1135344 expanded
[t=629.19s, 551148 KB] New best heuristic value for ff(transform=adapt_costs(cost_type=one)): 33
[t=629.19s, 551148 KB] g=21, 6070803 evaluated, 1135400 expanded
[t=1081.93s, 966592 KB] New best heuristic value for ff(transform=adapt_costs(cost_type=one)): 32
[t=1081.93s, 966592 KB] g=32, 10567246 evaluated, 1950988 expanded
[t=1081.93s, 966592 KB] New best heuristic value for ff(transform=adapt_costs(cost_type=one)): 31
[t=1081.93s, 966592 KB] g=33, 10567262 evaluated, 1950989 expanded
[t=1081.99s, 966728 KB] New best heuristic value for ff(transform=adapt_costs(cost_type=one)): 30
[t=1081.99s, 966728 KB] g=36, 10567859 evaluated, 1951026 expanded
[t=1387.99s, 1440776 KB] New best heuristic value for ff(transform=adapt_costs(cost_type=one)): 29
[t=1387.99s, 1440776 KB] g=47, 13574175 evaluated, 2475559 expanded
[t=1387.99s, 1440776 KB] New best heuristic value for ff(transform=adapt_costs(cost_type=one)): 28
[t=1387.99s, 1440776 KB] g=48, 13574191 evaluated, 2475560 expanded
[t=1388.06s, 1440776 KB] New best heuristic value for ff(transform=adapt_costs(cost_type=one)): 27
[t=1388.06s, 1440776 KB] g=51, 13574752 evaluated, 2475593 expanded
[t=1527.88s, 1440776 KB] New best heuristic value for ff(transform=adapt_costs(cost_type=one)): 26
[t=1527.88s, 1440776 KB] g=60, 14958942 evaluated, 2704539 expanded
[t=1527.88s, 1440776 KB] New best heuristic value for ff(transform=adapt_costs(cost_type=one)): 25
[t=1527.88s, 1440776 KB] g=61, 14958962 evaluated, 2704540 expanded
[t=1527.88s, 1440776 KB] New best heuristic value for ff(transform=adapt_costs(cost_type=one)): 24
[t=1527.88s, 1440776 KB] g=62, 14958978 evaluated, 2704541 expanded
[t=1527.94s, 1440776 KB] New best heuristic value for ff(transform=adapt_costs(cost_type=one)): 23
[t=1527.94s, 1440776 KB] g=65, 14959499 evaluated, 2704571 expanded
[t=1618.87s, 1509236 KB] New best heuristic value for ff(transform=adapt_costs(cost_type=one)): 22
[t=1618.87s, 1509236 KB] g=72, 15862761 evaluated, 2850638 expanded
[t=1618.88s, 1509236 KB] New best heuristic value for ff(transform=adapt_costs(cost_type=one)): 21
[t=1618.88s, 1509236 KB] g=75, 15862847 evaluated, 2850642 expanded
[t=1618.88s, 1509236 KB] New best heuristic value for ff(transform=adapt_costs(cost_type=one)): 20
[t=1618.88s, 1509236 KB] g=76, 15862863 evaluated, 2850643 expanded
[t=1618.92s, 1509372 KB] New best heuristic value for ff(transform=adapt_costs(cost_type=one)): 19
[t=1618.92s, 1509372 KB] g=79, 15863342 evaluated, 2850670 expanded
[t=1618.92s, 1509372 KB] New best heuristic value for ff(transform=adapt_costs(cost_type=one)): 18
[t=1618.92s, 1509372 KB] g=80, 15863361 evaluated, 2850671 expanded
[t=1618.92s, 1509372 KB] New best heuristic value for ff(transform=adapt_costs(cost_type=one)): 17
[t=1618.92s, 1509372 KB] g=81, 15863367 evaluated, 2850672 expanded
[t=1702.83s, 1575640 KB] New best heuristic value for ff(transform=adapt_costs(cost_type=one)): 16
[t=1702.83s, 1575640 KB] g=102, 16716568 evaluated, 2988269 expanded
[t=1702.83s, 1575640 KB] New best heuristic value for ff(transform=adapt_costs(cost_type=one)): 15
[t=1702.83s, 1575640 KB] g=103, 16716574 evaluated, 2988270 expanded
[t=1765.85s, 1625596 KB] New best heuristic value for ff(transform=adapt_costs(cost_type=one)): 14
[t=1765.85s, 1625596 KB] g=116, 17356194 evaluated, 3094725 expanded
[t=1765.85s, 1625596 KB] New best heuristic value for ff(transform=adapt_costs(cost_type=one)): 13
[t=1765.85s, 1625596 KB] g=117, 17356200 evaluated, 3094726 expanded
[t=1788.74s, 1646388 KB] New best heuristic value for ff(transform=adapt_costs(cost_type=one)): 12
[t=1788.74s, 1646388 KB] g=131, 17624623 evaluated, 3139232 expanded
Peak memory: 1653720 KB
caught signal 24 -- exiting
Time limit has been reached.
Remove intermediate file output.sas
search exit code: 23

Driver aborting after search
INFO     Planner time: 1798.57s
