INFO     planner time limit: 1800s
INFO     planner memory limit: 2048 MB

INFO     Running translator.
INFO     translator stdin: None
INFO     translator time limit: 1799s
INFO     translator memory limit: 2048 MB
INFO     translator command line string: /home/henry/Documents/UFRGS/TCC/downward/.venv/bin/python /home/henry/Documents/UFRGS/TCC/downward/experiments/lab/data/main/code-5bb2ccb6957559b6969ffd7e29254c73f84d5e49_e5e41175/builds/release/bin/translate/translate.py domain.pddl problem.pddl --sas-file output.sas
Parsing...
Parsing: [0.010s CPU, 0.007s wall-clock]
Normalizing task... [0.000s CPU, 0.000s wall-clock]
Instantiating...
Generating Datalog program... [0.000s CPU, 0.001s wall-clock]
Normalizing Datalog program...
Normalizing Datalog program: [0.010s CPU, 0.005s wall-clock]
Preparing model... [0.000s CPU, 0.004s wall-clock]
Generated 258 rules.
Computing model... [0.750s CPU, 0.748s wall-clock]
113066 relevant atoms
1987 auxiliary atoms
115053 final queue length
422810 total queue pushes
Completing instantiation... [5.430s CPU, 5.431s wall-clock]
Instantiating: [6.210s CPU, 6.212s wall-clock]
Computing fact groups...
Finding invariants...
44 initial candidates
Finding invariants: [0.110s CPU, 0.110s wall-clock]
Checking invariant weight... [0.000s CPU, 0.000s wall-clock]
Instantiating groups... [0.000s CPU, 0.001s wall-clock]
Collecting mutex groups... [0.000s CPU, 0.000s wall-clock]
Choosing groups...
147 uncovered facts
Choosing groups: [0.000s CPU, 0.000s wall-clock]
Building translation key... [0.000s CPU, 0.000s wall-clock]
Computing fact groups: [0.110s CPU, 0.112s wall-clock]
Building STRIPS to SAS dictionary... [0.000s CPU, 0.000s wall-clock]
Building dictionary for full mutex groups... [0.000s CPU, 0.000s wall-clock]
Building mutex information...
Building mutex information: [0.000s CPU, 0.000s wall-clock]
Translating task...
Processing axioms...
Simplifying axioms... [0.000s CPU, 0.000s wall-clock]
Translator axioms removed by simplifying: 0
Computing negative axioms... [0.000s CPU, 0.000s wall-clock]
Processing axioms: [0.190s CPU, 0.187s wall-clock]
Translating task: [4.560s CPU, 4.571s wall-clock]
123076 effect conditions simplified
0 implied preconditions added
Detecting unreachable propositions...
0 operators removed
0 axioms removed
34 propositions removed
Detecting unreachable propositions: [3.630s CPU, 3.624s wall-clock]
Reordering and filtering variables...
137 of 142 variables necessary.
0 of 8 mutex groups necessary.
112310 of 112310 operators necessary.
0 of 0 axiom rules necessary.
Reordering and filtering variables: [0.890s CPU, 0.882s wall-clock]
Translator variables: 137
Translator derived variables: 0
Translator facts: 316
Translator goal facts: 2
Translator mutex groups: 0
Translator total mutex groups size: 0
Translator operators: 112310
Translator axioms: 0
Translator task size: 1180665
Translator peak memory: 699824 KB
Writing output... [0.740s CPU, 0.739s wall-clock]
Done! [16.380s CPU, 16.384s wall-clock]
translate exit code: 0

INFO     Running search (release).
INFO     search stdin: output.sas
INFO     search time limit: 1783s
INFO     search memory limit: 2048 MB
INFO     search command line string: /home/henry/Documents/UFRGS/TCC/downward/experiments/lab/data/main/code-5bb2ccb6957559b6969ffd7e29254c73f84d5e49_e5e41175/builds/release/bin/downward --search 'eager_greedy([ilsh(patterns=systematic(2), transform=adapt_costs(cost_type=NORMAL))])' --internal-plan-file sas_plan < output.sas
[t=0s, 10544 KB] reading input...
[t=0.527717s, 56584 KB] done reading input!
[t=0.531718s, 56980 KB] Generating patterns using: systematic pattern collection generator
[t=0.531718s, 56980 KB] building causal graph...done! [t=0.0639499s]
[t=0.595668s, 57376 KB] Found 31 SGA patterns.
[t=0.595668s, 57376 KB] Found 31 interesting patterns.
[t=0.595668s, 57376 KB] systematic pattern collection generator number of patterns: 31
[t=0.595668s, 57376 KB] systematic pattern collection generator total PDB size: 262
[t=0.595668s, 57376 KB] systematic pattern collection generator computation time: 0.0639499s
[t=0.595668s, 57376 KB] Computing PDBs for pattern collection...
[t=1.17535s, 66576 KB] Done computing PDBs for pattern collection: 0.579686s
[t=1.30727s, 66576 KB] Tie breaking: 2
[t=1.30727s, 66576 KB] Building successor generator...done!
[t=1.34325s, 79256 KB] peak memory difference for successor generator creation: 12680 KB
[t=1.34325s, 79256 KB] time for successor generation creation: 0.0359759s
[t=1.34325s, 79256 KB] Variables: 137
[t=1.34325s, 79256 KB] FactPairs: 316
[t=1.34325s, 79256 KB] Bytes per state: 20
[t=1.34725s, 79256 KB] Conducting best first search without reopening closed nodes, (real) bound = 2147483647
[t=1.38322s, 79256 KB] New best heuristic value for ilsh(patterns=systematic(2),transform=adapt_costs(cost_type=normal)): 307
[t=1.38322s, 79256 KB] g=0, 1 evaluated, 0 expanded
[t=1.38322s, 79256 KB] Initial heuristic value for ilsh(patterns=systematic(2),transform=adapt_costs(cost_type=normal)): 307
[t=1.38722s, 79256 KB] pruning method: none
[t=1.4152s, 79256 KB] New best heuristic value for ilsh(patterns=systematic(2),transform=adapt_costs(cost_type=normal)): 247
[t=1.4152s, 79256 KB] g=60, 2 evaluated, 1 expanded
[t=1.71108s, 79256 KB] New best heuristic value for ilsh(patterns=systematic(2),transform=adapt_costs(cost_type=normal)): 187
[t=1.71108s, 79256 KB] g=120, 13 evaluated, 2 expanded
[t=45.9232s, 79256 KB] New best heuristic value for ilsh(patterns=systematic(2),transform=adapt_costs(cost_type=normal)): 186
[t=45.9232s, 79256 KB] g=244, 1479 evaluated, 861 expanded
[t=46.0032s, 79256 KB] New best heuristic value for ilsh(patterns=systematic(2),transform=adapt_costs(cost_type=normal)): 156
[t=46.0032s, 79256 KB] g=276, 1482 evaluated, 864 expanded
[t=46.2911s, 79256 KB] New best heuristic value for ilsh(patterns=systematic(2),transform=adapt_costs(cost_type=normal)): 126
[t=46.2911s, 79256 KB] g=306, 1493 evaluated, 865 expanded
[t=46.4751s, 79256 KB] New best heuristic value for ilsh(patterns=systematic(2),transform=adapt_costs(cost_type=normal)): 96
[t=46.4751s, 79256 KB] g=336, 1503 evaluated, 866 expanded
[t=67.9691s, 79256 KB] New best heuristic value for ilsh(patterns=systematic(2),transform=adapt_costs(cost_type=normal)): 95
[t=67.9691s, 79256 KB] g=430, 2392 evaluated, 1493 expanded
[t=1415.12s, 79256 KB] New best heuristic value for ilsh(patterns=systematic(2),transform=adapt_costs(cost_type=normal)): 80
[t=1415.12s, 79256 KB] g=545, 59595 evaluated, 58707 expanded
[t=1415.36s, 79256 KB] New best heuristic value for ilsh(patterns=systematic(2),transform=adapt_costs(cost_type=normal)): 65
[t=1415.36s, 79256 KB] g=560, 59605 evaluated, 58708 expanded
[t=1415.5s, 79256 KB] New best heuristic value for ilsh(patterns=systematic(2),transform=adapt_costs(cost_type=normal)): 50
[t=1415.5s, 79256 KB] g=575, 59614 evaluated, 58709 expanded
[t=1415.61s, 79256 KB] New best heuristic value for ilsh(patterns=systematic(2),transform=adapt_costs(cost_type=normal)): 35
[t=1415.61s, 79256 KB] g=590, 59622 evaluated, 58710 expanded
[t=1420.09s, 79256 KB] New best heuristic value for ilsh(patterns=systematic(2),transform=adapt_costs(cost_type=normal)): 34
[t=1420.09s, 79256 KB] g=591, 59949 evaluated, 58901 expanded
[t=1420.13s, 79256 KB] New best heuristic value for ilsh(patterns=systematic(2),transform=adapt_costs(cost_type=normal)): 28
[t=1420.13s, 79256 KB] g=599, 59952 evaluated, 58904 expanded
[t=1420.22s, 79256 KB] New best heuristic value for ilsh(patterns=systematic(2),transform=adapt_costs(cost_type=normal)): 21
[t=1420.22s, 79256 KB] g=605, 59962 evaluated, 58905 expanded
[t=1420.32s, 79256 KB] New best heuristic value for ilsh(patterns=systematic(2),transform=adapt_costs(cost_type=normal)): 15
[t=1420.32s, 79256 KB] g=611, 59971 evaluated, 58906 expanded
[t=1420.36s, 79256 KB] New best heuristic value for ilsh(patterns=systematic(2),transform=adapt_costs(cost_type=normal)): 9
[t=1420.36s, 79256 KB] g=617, 59979 evaluated, 58907 expanded
[t=1421.02s, 79256 KB] New best heuristic value for ilsh(patterns=systematic(2),transform=adapt_costs(cost_type=normal)): 4
[t=1421.02s, 79256 KB] g=623, 60079 evaluated, 58960 expanded
[t=1421.03s, 79256 KB] New best heuristic value for ilsh(patterns=systematic(2),transform=adapt_costs(cost_type=normal)): 2
[t=1421.03s, 79256 KB] g=624, 60086 evaluated, 58961 expanded
Peak memory: 79256 KB
caught signal 24 -- exiting
Time limit has been reached.
Remove intermediate file output.sas
search exit code: 23

Driver aborting after search
INFO     Planner time: 1798.36s
