INFO     planner time limit: 1800s
INFO     planner memory limit: 2048 MB

INFO     Running translator.
INFO     translator stdin: None
INFO     translator time limit: 1799s
INFO     translator memory limit: 2048 MB
INFO     translator command line string: /home/henry/Documents/UFRGS/TCC/downward/.venv/bin/python /home/henry/Documents/UFRGS/TCC/downward/experiments/lab/data/main/code-fa850d1cb8d716322f299a4f9b64478019793ada_e5e41175/builds/release/bin/translate/translate.py domain.pddl problem.pddl --sas-file output.sas
Parsing...
Parsing: [0.000s CPU, 0.001s wall-clock]
Normalizing task... [0.000s CPU, 0.000s wall-clock]
Instantiating...
Generating Datalog program... [0.000s CPU, 0.000s wall-clock]
Normalizing Datalog program...
Normalizing Datalog program: [0.000s CPU, 0.002s wall-clock]
Preparing model... [0.000s CPU, 0.001s wall-clock]
Generated 51 rules.
Computing model... [0.000s CPU, 0.003s wall-clock]
184 relevant atoms
237 auxiliary atoms
421 final queue length
466 total queue pushes
Completing instantiation... [0.010s CPU, 0.001s wall-clock]
Instantiating: [0.010s CPU, 0.006s wall-clock]
Computing fact groups...
Finding invariants...
6 initial candidates
Finding invariants: [0.000s CPU, 0.001s wall-clock]
Checking invariant weight... [0.000s CPU, 0.000s wall-clock]
Instantiating groups... [0.000s CPU, 0.000s wall-clock]
Collecting mutex groups... [0.000s CPU, 0.000s wall-clock]
Choosing groups...
0 uncovered facts
Choosing groups: [0.000s CPU, 0.000s wall-clock]
Building translation key... [0.000s CPU, 0.000s wall-clock]
Computing fact groups: [0.000s CPU, 0.001s wall-clock]
Building STRIPS to SAS dictionary... [0.000s CPU, 0.000s wall-clock]
Building dictionary for full mutex groups... [0.000s CPU, 0.000s wall-clock]
Building mutex information...
Building mutex information: [0.000s CPU, 0.000s wall-clock]
Translating task...
Processing axioms...
Simplifying axioms... [0.000s CPU, 0.000s wall-clock]
Translator axioms removed by simplifying: 0
Computing negative axioms... [0.000s CPU, 0.000s wall-clock]
Processing axioms: [0.000s CPU, 0.000s wall-clock]
Translating task: [0.000s CPU, 0.001s wall-clock]
0 effect conditions simplified
0 implied preconditions added
Detecting unreachable propositions...
0 operators removed
0 axioms removed
9 propositions removed
Detecting unreachable propositions: [0.000s CPU, 0.001s wall-clock]
Reordering and filtering variables...
7 of 9 variables necessary.
0 of 9 mutex groups necessary.
54 of 78 operators necessary.
0 of 0 axiom rules necessary.
Reordering and filtering variables: [0.000s CPU, 0.000s wall-clock]
Translator variables: 7
Translator derived variables: 0
Translator facts: 34
Translator goal facts: 4
Translator mutex groups: 0
Translator total mutex groups size: 0
Translator operators: 54
Translator axioms: 0
Translator task size: 255
Translator peak memory: 32116 KB
Writing output... [0.000s CPU, 0.000s wall-clock]
Done! [0.010s CPU, 0.012s wall-clock]
translate exit code: 0

INFO     Running search (release).
INFO     search stdin: output.sas
INFO     search time limit: 1799s
INFO     search memory limit: 2048 MB
INFO     search command line string: /home/henry/Documents/UFRGS/TCC/downward/experiments/lab/data/main/code-fa850d1cb8d716322f299a4f9b64478019793ada_e5e41175/builds/release/bin/downward --search 'eager_greedy([ilsh(patterns=systematic(4), transform=adapt_costs(cost_type=ONE))])' --internal-plan-file sas_plan < output.sas
[t=0s, 45596 KB] reading input...
[t=0s, 45596 KB] done reading input!
[t=0s, 45860 KB] Generating patterns using: systematic pattern collection generator
[t=0s, 45860 KB] building causal graph...done! [t=0s]
[t=0s, 45860 KB] Found 32 SGA patterns.
[t=0s, 45860 KB] Found 80 interesting patterns.
[t=0s, 45860 KB] systematic pattern collection generator number of patterns: 80
[t=0s, 45860 KB] systematic pattern collection generator total PDB size: 14280
[t=0s, 45860 KB] systematic pattern collection generator computation time: 0s
[t=0s, 45860 KB] Computing PDBs for pattern collection...
[t=0.00400376s, 45860 KB] Done computing PDBs for pattern collection: 0.00400376s
[t=0.00400376s, 45860 KB] Tie breaking: 2
[t=0.00400376s, 45860 KB] Building successor generator...done!
[t=0.00400376s, 45860 KB] peak memory difference for successor generator creation: 0 KB
[t=0.00400376s, 45860 KB] time for successor generation creation: 0s
[t=0.00400376s, 45860 KB] Variables: 7
[t=0.00400376s, 45860 KB] FactPairs: 34
[t=0.00400376s, 45860 KB] Bytes per state: 4
[t=0.00400376s, 45860 KB] Conducting best first search without reopening closed nodes, (real) bound = 2147483647
[t=0.00400376s, 45860 KB] New best heuristic value for ilsh(patterns=systematic(4),transform=adapt_costs(cost_type=one)): 19
[t=0.00400376s, 45860 KB] g=0, 1 evaluated, 0 expanded
[t=0.00400376s, 45860 KB] Initial heuristic value for ilsh(patterns=systematic(4),transform=adapt_costs(cost_type=one)): 19
[t=0.00400376s, 45860 KB] pruning method: none
[t=0.00400376s, 45860 KB] New best heuristic value for ilsh(patterns=systematic(4),transform=adapt_costs(cost_type=one)): 18
[t=0.00400376s, 45860 KB] g=1, 3 evaluated, 1 expanded
[t=0.00400376s, 45860 KB] New best heuristic value for ilsh(patterns=systematic(4),transform=adapt_costs(cost_type=one)): 17
[t=0.00400376s, 45860 KB] g=2, 9 evaluated, 2 expanded
[t=0.00400376s, 45860 KB] New best heuristic value for ilsh(patterns=systematic(4),transform=adapt_costs(cost_type=one)): 16
[t=0.00400376s, 45860 KB] g=3, 15 evaluated, 3 expanded
[t=0.00400376s, 45860 KB] New best heuristic value for ilsh(patterns=systematic(4),transform=adapt_costs(cost_type=one)): 15
[t=0.00400376s, 45860 KB] g=4, 23 evaluated, 4 expanded
[t=0.00400376s, 45860 KB] New best heuristic value for ilsh(patterns=systematic(4),transform=adapt_costs(cost_type=one)): 14
[t=0.00400376s, 45860 KB] g=5, 30 evaluated, 5 expanded
[t=0.00799383s, 45860 KB] New best heuristic value for ilsh(patterns=systematic(4),transform=adapt_costs(cost_type=one)): 13
[t=0.00799383s, 45860 KB] g=6, 37 evaluated, 6 expanded
[t=0.00799383s, 45860 KB] New best heuristic value for ilsh(patterns=systematic(4),transform=adapt_costs(cost_type=one)): 12
[t=0.00799383s, 45860 KB] g=7, 42 evaluated, 7 expanded
[t=0.00799383s, 45860 KB] New best heuristic value for ilsh(patterns=systematic(4),transform=adapt_costs(cost_type=one)): 11
[t=0.00799383s, 45860 KB] g=8, 48 evaluated, 8 expanded
[t=0.00799383s, 45860 KB] New best heuristic value for ilsh(patterns=systematic(4),transform=adapt_costs(cost_type=one)): 10
[t=0.00799383s, 45860 KB] g=9, 56 evaluated, 9 expanded
[t=0.00799383s, 45860 KB] New best heuristic value for ilsh(patterns=systematic(4),transform=adapt_costs(cost_type=one)): 9
[t=0.00799383s, 45860 KB] g=10, 63 evaluated, 10 expanded
[t=0.00799383s, 45860 KB] New best heuristic value for ilsh(patterns=systematic(4),transform=adapt_costs(cost_type=one)): 8
[t=0.00799383s, 45860 KB] g=11, 70 evaluated, 11 expanded
[t=0.00799383s, 45860 KB] New best heuristic value for ilsh(patterns=systematic(4),transform=adapt_costs(cost_type=one)): 7
[t=0.00799383s, 45860 KB] g=12, 78 evaluated, 12 expanded
[t=0.00799383s, 45860 KB] New best heuristic value for ilsh(patterns=systematic(4),transform=adapt_costs(cost_type=one)): 6
[t=0.00799383s, 45860 KB] g=13, 87 evaluated, 13 expanded
[t=0.00799383s, 45860 KB] New best heuristic value for ilsh(patterns=systematic(4),transform=adapt_costs(cost_type=one)): 5
[t=0.00799383s, 45860 KB] g=14, 92 evaluated, 14 expanded
[t=0.00799383s, 45860 KB] New best heuristic value for ilsh(patterns=systematic(4),transform=adapt_costs(cost_type=one)): 4
[t=0.00799383s, 45860 KB] g=15, 99 evaluated, 15 expanded
[t=0.00799383s, 45860 KB] New best heuristic value for ilsh(patterns=systematic(4),transform=adapt_costs(cost_type=one)): 3
[t=0.00799383s, 45860 KB] g=16, 108 evaluated, 16 expanded
[t=0.00799383s, 45860 KB] New best heuristic value for ilsh(patterns=systematic(4),transform=adapt_costs(cost_type=one)): 2
[t=0.00799383s, 45860 KB] g=17, 112 evaluated, 17 expanded
[t=0.00799383s, 45860 KB] New best heuristic value for ilsh(patterns=systematic(4),transform=adapt_costs(cost_type=one)): 1
[t=0.00799383s, 45860 KB] g=18, 117 evaluated, 18 expanded
[t=0.00799383s, 45860 KB] New best heuristic value for ilsh(patterns=systematic(4),transform=adapt_costs(cost_type=one)): 0
[t=0.00799383s, 45860 KB] g=19, 125 evaluated, 19 expanded
[t=0.00799383s, 45860 KB] Solution found!
[t=0.00799383s, 45860 KB] Actual search time: 0.00399007s
load-truck obj21 tru2 pos2 (1)
drive-truck tru2 pos2 apt2 cit2 (1)
unload-truck obj21 tru2 apt2 (1)
load-truck obj13 tru1 pos1 (1)
load-truck obj12 tru1 pos1 (1)
load-truck obj11 tru1 pos1 (1)
drive-truck tru1 pos1 apt1 cit1 (1)
unload-truck obj13 tru1 apt1 (1)
unload-truck obj12 tru1 apt1 (1)
unload-truck obj11 tru1 apt1 (1)
fly-airplane apn1 apt2 apt1 (1)
load-airplane obj12 apn1 apt1 (1)
load-airplane obj11 apn1 apt1 (1)
fly-airplane apn1 apt1 apt2 (1)
unload-airplane obj12 apn1 apt2 (1)
unload-airplane obj11 apn1 apt2 (1)
load-truck obj11 tru2 apt2 (1)
drive-truck tru2 apt2 pos2 cit2 (1)
unload-truck obj11 tru2 pos2 (1)
[t=0.00799383s, 45860 KB] Plan length: 19 step(s).
[t=0.00799383s, 45860 KB] Plan cost: 19
[t=0.00799383s, 45860 KB] Expanded 20 state(s).
[t=0.00799383s, 45860 KB] Reopened 0 state(s).
[t=0.00799383s, 45860 KB] Evaluated 130 state(s).
[t=0.00799383s, 45860 KB] Evaluations: 130
[t=0.00799383s, 45860 KB] Generated 155 state(s).
[t=0.00799383s, 45860 KB] Dead ends: 0 state(s).
[t=0.00799383s, 45860 KB] Number of registered states: 130
[t=0.00799383s, 45860 KB] Int hash set load factor: 130/256 = 0.507812
[t=0.00799383s, 45860 KB] Int hash set resizes: 8
[t=0.00799383s, 45860 KB] Search time: 0.00399007s
[t=0.00799383s, 45860 KB] Total time: 0.00799383s
Solution found.
Peak memory: 45860 KB
Remove intermediate file output.sas
search exit code: 0

INFO     Running validate.
INFO     validate stdin: None
INFO     validate time limit: None
INFO     validate memory limit: None
INFO     validate command line string: /home/henry/bin/validate domain.pddl problem.pddl sas_plan
Checking plan: sas_plan
Plan executed successfully - checking goal
Plan valid
Final value: 19 

Successful plans:
Value: 19
 sas_plan 19 

validate exit code: 0

INFO     Planner time: 0.08s
