INFO     planner time limit: 1800s
INFO     planner memory limit: 2048 MB

INFO     Running translator.
INFO     translator stdin: None
INFO     translator time limit: 1799s
INFO     translator memory limit: 2048 MB
INFO     translator command line string: /home/henry/Documents/UFRGS/TCC/downward/.venv/bin/python /home/henry/Documents/UFRGS/TCC/downward/experiments/lab/data/main/code-5bb2ccb6957559b6969ffd7e29254c73f84d5e49_e5e41175/builds/release/bin/translate/translate.py domain.pddl problem.pddl --sas-file output.sas
Parsing...
Parsing: [0.010s CPU, 0.004s wall-clock]
Normalizing task... [0.000s CPU, 0.000s wall-clock]
Instantiating...
Generating Datalog program... [0.000s CPU, 0.001s wall-clock]
Normalizing Datalog program...
Normalizing Datalog program: [0.000s CPU, 0.005s wall-clock]
Preparing model... [0.000s CPU, 0.003s wall-clock]
Generated 198 rules.
Computing model... [0.100s CPU, 0.096s wall-clock]
6746 relevant atoms
11594 auxiliary atoms
18340 final queue length
37989 total queue pushes
Completing instantiation... [0.210s CPU, 0.224s wall-clock]
Instantiating: [0.320s CPU, 0.333s wall-clock]
Computing fact groups...
Finding invariants...
24 initial candidates
Finding invariants: [0.010s CPU, 0.011s wall-clock]
Checking invariant weight... [0.010s CPU, 0.001s wall-clock]
Instantiating groups... [0.000s CPU, 0.007s wall-clock]
Collecting mutex groups... [0.000s CPU, 0.000s wall-clock]
Choosing groups...
295 uncovered facts
Choosing groups: [0.000s CPU, 0.001s wall-clock]
Building translation key... [0.000s CPU, 0.001s wall-clock]
Computing fact groups: [0.030s CPU, 0.024s wall-clock]
Building STRIPS to SAS dictionary... [0.000s CPU, 0.000s wall-clock]
Building dictionary for full mutex groups... [0.000s CPU, 0.000s wall-clock]
Building mutex information...
Building mutex information: [0.000s CPU, 0.000s wall-clock]
Translating task...
Processing axioms...
Simplifying axioms... [0.000s CPU, 0.000s wall-clock]
Translator axioms removed by simplifying: 0
Computing negative axioms... [0.000s CPU, 0.000s wall-clock]
Processing axioms: [0.010s CPU, 0.010s wall-clock]
Translating task: [0.220s CPU, 0.226s wall-clock]
3829 effect conditions simplified
0 implied preconditions added
Detecting unreachable propositions...
0 operators removed
0 axioms removed
113 propositions removed
Detecting unreachable propositions: [0.090s CPU, 0.090s wall-clock]
Reordering and filtering variables...
322 of 332 variables necessary.
76 of 109 mutex groups necessary.
5704 of 5704 operators necessary.
0 of 0 axiom rules necessary.
Reordering and filtering variables: [0.040s CPU, 0.040s wall-clock]
Translator variables: 322
Translator derived variables: 0
Translator facts: 892
Translator goal facts: 96
Translator mutex groups: 76
Translator total mutex groups size: 262
Translator operators: 5704
Translator axioms: 0
Translator task size: 47364
Translator peak memory: 63284 KB
Writing output... [0.030s CPU, 0.036s wall-clock]
Done! [0.760s CPU, 0.766s wall-clock]
translate exit code: 0

INFO     Running search (release).
INFO     search stdin: output.sas
INFO     search time limit: 1799s
INFO     search memory limit: 2048 MB
INFO     search command line string: /home/henry/Documents/UFRGS/TCC/downward/experiments/lab/data/main/code-5bb2ccb6957559b6969ffd7e29254c73f84d5e49_e5e41175/builds/release/bin/downward --search 'eager_greedy([operatorcounting(constraint_generators=[pho_constraints(patterns=systematic(4))], use_integer_operator_counts=false, transform=adapt_costs(cost_type=ONE))])' --internal-plan-file sas_plan < output.sas
[t=0s, 45596 KB] reading input...
[t=0.0239036s, 47716 KB] done reading input!
[t=0.0279912s, 48508 KB] Generating patterns using: systematic pattern collection generator
[t=0.0279912s, 48508 KB] building causal graph...done! [t=0.00798533s]
[t=2.60528s, 457336 KB] Found 1506518 SGA patterns.
[t=43.9748s, 1021112 KB] Found 5012283 interesting patterns.
[t=48.4495s, 1081412 KB] systematic pattern collection generator number of patterns: 5012283
[t=48.9809s, 1081412 KB] systematic pattern collection generator total PDB size: 618759406
[t=49.1967s, 1081412 KB] systematic pattern collection generator computation time: 48.4215s
[t=49.1967s, 1081412 KB] Computing PDBs for pattern collection...
Failed to allocate memory.
Memory limit has been reached.
Peak memory: 2097100 KB
Remove intermediate file output.sas
search exit code: 22

Driver aborting after search
INFO     Planner time: 1598.85s
