INFO     planner time limit: 1800s
INFO     planner memory limit: 2048 MB

INFO     Running translator.
INFO     translator stdin: None
INFO     translator time limit: 1799s
INFO     translator memory limit: 2048 MB
INFO     translator command line string: /home/henry/Documents/UFRGS/TCC/downward/.venv/bin/python /home/henry/Documents/UFRGS/TCC/downward/experiments/lab/data/main/code-fa850d1cb8d716322f299a4f9b64478019793ada_e5e41175/builds/release/bin/translate/translate.py domain.pddl problem.pddl --sas-file output.sas
Parsing...
Parsing: [0.010s CPU, 0.011s wall-clock]
Normalizing task... [0.000s CPU, 0.001s wall-clock]
Instantiating...
Generating Datalog program... [0.000s CPU, 0.001s wall-clock]
Normalizing Datalog program...
Normalizing Datalog program: [0.000s CPU, 0.002s wall-clock]
Preparing model... [0.000s CPU, 0.002s wall-clock]
Generated 397 rules.
Computing model... [0.000s CPU, 0.001s wall-clock]
248 relevant atoms
0 auxiliary atoms
248 final queue length
423 total queue pushes
Completing instantiation... [0.000s CPU, 0.002s wall-clock]
Instantiating: [0.010s CPU, 0.009s wall-clock]
Computing fact groups...
Finding invariants...
68 initial candidates
Finding invariants: [0.110s CPU, 0.117s wall-clock]
Checking invariant weight... [0.000s CPU, 0.000s wall-clock]
Instantiating groups... [0.000s CPU, 0.000s wall-clock]
Collecting mutex groups... [0.000s CPU, 0.000s wall-clock]
Choosing groups...
9 uncovered facts
Choosing groups: [0.000s CPU, 0.000s wall-clock]
Building translation key... [0.000s CPU, 0.000s wall-clock]
Computing fact groups: [0.110s CPU, 0.118s wall-clock]
Building STRIPS to SAS dictionary... [0.000s CPU, 0.000s wall-clock]
Building dictionary for full mutex groups... [0.000s CPU, 0.000s wall-clock]
Building mutex information...
Building mutex information: [0.000s CPU, 0.000s wall-clock]
Translating task...
Processing axioms...
Simplifying axioms... [0.000s CPU, 0.000s wall-clock]
Translator axioms removed by simplifying: 0
Computing negative axioms... [0.000s CPU, 0.000s wall-clock]
Processing axioms: [0.000s CPU, 0.000s wall-clock]
Translating task: [0.010s CPU, 0.004s wall-clock]
47 effect conditions simplified
0 implied preconditions added
Detecting unreachable propositions...
0 operators removed
0 axioms removed
23 propositions removed
Detecting unreachable propositions: [0.000s CPU, 0.002s wall-clock]
Reordering and filtering variables...
25 of 32 variables necessary.
0 of 23 mutex groups necessary.
165 of 179 operators necessary.
0 of 0 axiom rules necessary.
Reordering and filtering variables: [0.000s CPU, 0.001s wall-clock]
Translator variables: 25
Translator derived variables: 0
Translator facts: 63
Translator goal facts: 14
Translator mutex groups: 0
Translator total mutex groups size: 0
Translator operators: 165
Translator axioms: 0
Translator task size: 1021
Translator peak memory: 34948 KB
Writing output... [0.000s CPU, 0.001s wall-clock]
Done! [0.140s CPU, 0.147s wall-clock]
translate exit code: 0

INFO     Running search (release).
INFO     search stdin: output.sas
INFO     search time limit: 1799s
INFO     search memory limit: 2048 MB
INFO     search command line string: /home/henry/Documents/UFRGS/TCC/downward/experiments/lab/data/main/code-fa850d1cb8d716322f299a4f9b64478019793ada_e5e41175/builds/release/bin/downward --search 'eager_greedy([lsh(patterns=systematic(4), transform=adapt_costs(cost_type=NORMAL))])' --internal-plan-file sas_plan < output.sas
[t=0s, 45596 KB] reading input...
[t=0.0025996s, 45596 KB] done reading input!
[t=0.0025996s, 45860 KB] Generating patterns using: systematic pattern collection generator
[t=0.0025996s, 45860 KB] building causal graph...done! [t=0s]
[t=0.0025996s, 46504 KB] Found 2412 SGA patterns.
[t=0.00660072s, 46504 KB] Found 3049 interesting patterns.
[t=0.00660072s, 46504 KB] systematic pattern collection generator number of patterns: 3049
[t=0.00660072s, 46504 KB] systematic pattern collection generator total PDB size: 189917
[t=0.00660072s, 46504 KB] systematic pattern collection generator computation time: 0.00400112s
[t=0.00660072s, 46504 KB] Computing PDBs for pattern collection...
[t=0.134468s, 47516 KB] Done computing PDBs for pattern collection: 0.127867s
[t=0.146429s, 50988 KB] Building successor generator...done!
[t=0.146429s, 50988 KB] peak memory difference for successor generator creation: 0 KB
[t=0.146429s, 50988 KB] time for successor generation creation: 0s
[t=0.146429s, 50988 KB] Variables: 25
[t=0.146429s, 50988 KB] FactPairs: 63
[t=0.146429s, 50988 KB] Bytes per state: 4
[t=0.146429s, 50988 KB] Conducting best first search without reopening closed nodes, (real) bound = 2147483647
[t=0.146429s, 50988 KB] New best heuristic value for lsh(patterns=systematic(4),transform=adapt_costs(cost_type=normal)): 9
[t=0.146429s, 50988 KB] g=0, 1 evaluated, 0 expanded
[t=0.146429s, 50988 KB] Initial heuristic value for lsh(patterns=systematic(4),transform=adapt_costs(cost_type=normal)): 9
[t=0.146429s, 50988 KB] pruning method: none
[t=0.146429s, 50988 KB] New best heuristic value for lsh(patterns=systematic(4),transform=adapt_costs(cost_type=normal)): 8
[t=0.146429s, 50988 KB] g=1, 2 evaluated, 1 expanded
[t=0.166402s, 50988 KB] New best heuristic value for lsh(patterns=systematic(4),transform=adapt_costs(cost_type=normal)): 7
[t=0.166402s, 50988 KB] g=7, 409 evaluated, 47 expanded
[t=0.202365s, 50988 KB] New best heuristic value for lsh(patterns=systematic(4),transform=adapt_costs(cost_type=normal)): 6
[t=0.206346s, 50988 KB] g=9, 1254 evaluated, 190 expanded
[t=0.414067s, 51144 KB] New best heuristic value for lsh(patterns=systematic(4),transform=adapt_costs(cost_type=normal)): 5
[t=0.414067s, 51144 KB] g=14, 5725 evaluated, 1008 expanded
[t=0.414067s, 51144 KB] New best heuristic value for lsh(patterns=systematic(4),transform=adapt_costs(cost_type=normal)): 4
[t=0.414067s, 51144 KB] g=16, 5747 evaluated, 1013 expanded
[t=0.414067s, 51144 KB] New best heuristic value for lsh(patterns=systematic(4),transform=adapt_costs(cost_type=normal)): 3
[t=0.414067s, 51144 KB] g=17, 5748 evaluated, 1014 expanded
[t=0.414067s, 51144 KB] New best heuristic value for lsh(patterns=systematic(4),transform=adapt_costs(cost_type=normal)): 2
[t=0.414067s, 51144 KB] g=18, 5758 evaluated, 1015 expanded
[t=0.414067s, 51144 KB] New best heuristic value for lsh(patterns=systematic(4),transform=adapt_costs(cost_type=normal)): 1
[t=0.414067s, 51144 KB] g=20, 5778 evaluated, 1018 expanded
[t=0.414067s, 51144 KB] New best heuristic value for lsh(patterns=systematic(4),transform=adapt_costs(cost_type=normal)): 0
[t=0.414067s, 51144 KB] g=21, 5779 evaluated, 1019 expanded
[t=0.414067s, 51144 KB] Solution found!
[t=0.414067s, 51144 KB] Actual search time: 0.267639s
wait_cb3  (1)
wait_cb2  (1)
wait_cb2-condeff0-yes  (1)
wait_cb2-endof-condeffs  (1)
open-sd9  (1)
close_cb2  (1)
wait_cb2  (1)
wait_cb2-condeff0-no-0  (1)
wait_cb2-endof-condeffs  (1)
open-sd12  (1)
close_sd8  (1)
close_sd8-condeff0-no-0  (1)
close_sd8-endof-condeffs  (1)
open-sd13  (1)
close_sd7  (1)
close_sd7-condeff0-no-0  (1)
close_sd7-endof-condeffs  (1)
open-sd19  (1)
close_sd5  (1)
close_sd5-condeff0-no-0  (1)
close_sd5-endof-condeffs  (1)
[t=0.414067s, 51144 KB] Plan length: 21 step(s).
[t=0.414067s, 51144 KB] Plan cost: 21
[t=0.414067s, 51144 KB] Expanded 1020 state(s).
[t=0.414067s, 51144 KB] Reopened 0 state(s).
[t=0.414067s, 51144 KB] Evaluated 5779 state(s).
[t=0.414067s, 51144 KB] Evaluations: 5779
[t=0.414067s, 51144 KB] Generated 7945 state(s).
[t=0.414067s, 51144 KB] Dead ends: 0 state(s).
[t=0.414067s, 51144 KB] Number of registered states: 5779
[t=0.414067s, 51144 KB] Int hash set load factor: 5779/8192 = 0.705444
[t=0.414067s, 51144 KB] Int hash set resizes: 13
[t=0.414067s, 51144 KB] Search time: 0.267639s
[t=0.414067s, 51144 KB] Total time: 0.414067s
Solution found.
Peak memory: 51144 KB
Remove intermediate file output.sas
search exit code: 0

INFO     Running validate.
INFO     validate stdin: None
INFO     validate time limit: None
INFO     validate memory limit: None
INFO     validate command line string: /home/henry/bin/validate domain.pddl problem.pddl sas_plan
Checking plan: sas_plan
Plan executed successfully - checking goal
Plan valid
Final value: 21 

Successful plans:
Value: 21
 sas_plan 21 

validate exit code: 0

INFO     Planner time: 0.63s
