INFO     planner time limit: 1800s
INFO     planner memory limit: 2048 MB

INFO     Running translator.
INFO     translator stdin: None
INFO     translator time limit: 1799s
INFO     translator memory limit: 2048 MB
INFO     translator command line string: /home/henry/Documents/UFRGS/TCC/downward/.venv/bin/python /home/henry/Documents/UFRGS/TCC/downward/experiments/lab/data/main/code-5bb2ccb6957559b6969ffd7e29254c73f84d5e49_e5e41175/builds/release/bin/translate/translate.py domain.pddl problem.pddl --sas-file output.sas
Parsing...
Parsing: [0.000s CPU, 0.004s wall-clock]
Normalizing task... [0.000s CPU, 0.000s wall-clock]
Instantiating...
Generating Datalog program... [0.000s CPU, 0.001s wall-clock]
Normalizing Datalog program...
Normalizing Datalog program: [0.010s CPU, 0.003s wall-clock]
Preparing model... [0.000s CPU, 0.002s wall-clock]
Generated 61 rules.
Computing model... [0.090s CPU, 0.096s wall-clock]
6389 relevant atoms
12134 auxiliary atoms
18523 final queue length
28964 total queue pushes
Completing instantiation... [0.180s CPU, 0.189s wall-clock]
Instantiating: [0.300s CPU, 0.296s wall-clock]
Computing fact groups...
Finding invariants...
9 initial candidates
Finding invariants: [0.000s CPU, 0.006s wall-clock]
Checking invariant weight... [0.000s CPU, 0.000s wall-clock]
Instantiating groups... [0.000s CPU, 0.000s wall-clock]
Collecting mutex groups... [0.000s CPU, 0.000s wall-clock]
Choosing groups...
196 uncovered facts
Choosing groups: [0.000s CPU, 0.000s wall-clock]
Building translation key... [0.000s CPU, 0.000s wall-clock]
Computing fact groups: [0.000s CPU, 0.008s wall-clock]
Building STRIPS to SAS dictionary... [0.000s CPU, 0.000s wall-clock]
Building dictionary for full mutex groups... [0.010s CPU, 0.000s wall-clock]
Building mutex information...
Building mutex information: [0.000s CPU, 0.000s wall-clock]
Translating task...
Processing axioms...
Simplifying axioms... [0.000s CPU, 0.000s wall-clock]
Translator axioms removed by simplifying: 0
Computing negative axioms... [0.000s CPU, 0.000s wall-clock]
Processing axioms: [0.010s CPU, 0.012s wall-clock]
Translating task: [0.160s CPU, 0.170s wall-clock]
679 effect conditions simplified
0 implied preconditions added
Detecting unreachable propositions...
6 operators removed
0 axioms removed
19 propositions removed
Detecting unreachable propositions: [0.110s CPU, 0.111s wall-clock]
Reordering and filtering variables...
197 of 197 variables necessary.
0 of 7 mutex groups necessary.
5730 of 5730 operators necessary.
0 of 0 axiom rules necessary.
Reordering and filtering variables: [0.030s CPU, 0.025s wall-clock]
Translator variables: 197
Translator derived variables: 0
Translator facts: 451
Translator goal facts: 5
Translator mutex groups: 0
Translator total mutex groups size: 0
Translator operators: 5730
Translator axioms: 0
Translator task size: 35709
Translator peak memory: 54976 KB
Writing output... [0.030s CPU, 0.030s wall-clock]
Done! [0.650s CPU, 0.655s wall-clock]
translate exit code: 0

INFO     Running search (release).
INFO     search stdin: output.sas
INFO     search time limit: 1799s
INFO     search memory limit: 2048 MB
INFO     search command line string: /home/henry/Documents/UFRGS/TCC/downward/experiments/lab/data/main/code-5bb2ccb6957559b6969ffd7e29254c73f84d5e49_e5e41175/builds/release/bin/downward --search 'eager_greedy([operatorcounting(constraint_generators=[pho_constraints(patterns=systematic(4))], use_integer_operator_counts=true, transform=adapt_costs(cost_type=NORMAL))])' --internal-plan-file sas_plan < output.sas
[t=0s, 45596 KB] reading input...
[t=0.019981s, 47588 KB] done reading input!
[t=0.0247577s, 48384 KB] Generating patterns using: systematic pattern collection generator
[t=0.0247577s, 48384 KB] building causal graph...done! [t=0s]
[t=0.0287359s, 48384 KB] Found 801 SGA patterns.
[t=0.0287359s, 48384 KB] Found 801 interesting patterns.
[t=0.0287359s, 48384 KB] systematic pattern collection generator number of patterns: 801
[t=0.0287359s, 48384 KB] systematic pattern collection generator total PDB size: 42226
[t=0.0287359s, 48384 KB] systematic pattern collection generator computation time: 0.00397817s
[t=0.0287359s, 48384 KB] Computing PDBs for pattern collection...
[t=0.943673s, 48960 KB] Done computing PDBs for pattern collection: 0.914937s
[t=1.07953s, 69628 KB] Building successor generator...done!
[t=1.08353s, 69628 KB] peak memory difference for successor generator creation: 0 KB
[t=1.08353s, 69628 KB] time for successor generation creation: 0.00399936s
[t=1.08353s, 69628 KB] Variables: 197
[t=1.08353s, 69628 KB] FactPairs: 451
[t=1.08353s, 69628 KB] Bytes per state: 28
[t=1.08353s, 69628 KB] Conducting best first search without reopening closed nodes, (real) bound = 2147483647
[t=1.17943s, 81896 KB] New best heuristic value for operatorcounting(constraint_generators=[pho_constraints(patterns=systematic(4))],use_integer_operator_counts=true,transform=adapt_costs(cost_type=normal)): 91
[t=1.17943s, 81896 KB] g=0, 1 evaluated, 0 expanded
[t=1.17943s, 81896 KB] Initial heuristic value for operatorcounting(constraint_generators=[pho_constraints(patterns=systematic(4))],use_integer_operator_counts=true,transform=adapt_costs(cost_type=normal)): 91
[t=1.17943s, 81896 KB] pruning method: none
[t=5.65273s, 92560 KB] New best heuristic value for operatorcounting(constraint_generators=[pho_constraints(patterns=systematic(4))],use_integer_operator_counts=true,transform=adapt_costs(cost_type=normal)): 90
[t=5.65273s, 92560 KB] g=58, 659 evaluated, 116 expanded
[t=5.7926s, 92560 KB] New best heuristic value for operatorcounting(constraint_generators=[pho_constraints(patterns=systematic(4))],use_integer_operator_counts=true,transform=adapt_costs(cost_type=normal)): 86
[t=5.7926s, 92560 KB] g=75, 799 evaluated, 126 expanded
[t=6.15219s, 94068 KB] New best heuristic value for operatorcounting(constraint_generators=[pho_constraints(patterns=systematic(4))],use_integer_operator_counts=true,transform=adapt_costs(cost_type=normal)): 82
[t=6.15219s, 94068 KB] g=79, 824 evaluated, 127 expanded
[t=6.6435s, 94284 KB] New best heuristic value for operatorcounting(constraint_generators=[pho_constraints(patterns=systematic(4))],use_integer_operator_counts=true,transform=adapt_costs(cost_type=normal)): 78
[t=6.6435s, 94284 KB] g=83, 845 evaluated, 128 expanded
[t=142.841s, 95236 KB] New best heuristic value for operatorcounting(constraint_generators=[pho_constraints(patterns=systematic(4))],use_integer_operator_counts=true,transform=adapt_costs(cost_type=normal)): 75
[t=142.841s, 95236 KB] g=241, 7567 evaluated, 851 expanded
[t=143.153s, 95236 KB] New best heuristic value for operatorcounting(constraint_generators=[pho_constraints(patterns=systematic(4))],use_integer_operator_counts=true,transform=adapt_costs(cost_type=normal)): 65
[t=143.153s, 95236 KB] g=249, 7617 evaluated, 852 expanded
[t=143.521s, 95236 KB] New best heuristic value for operatorcounting(constraint_generators=[pho_constraints(patterns=systematic(4))],use_integer_operator_counts=true,transform=adapt_costs(cost_type=normal)): 63
[t=143.525s, 95236 KB] g=251, 7659 evaluated, 853 expanded
[t=271.122s, 123988 KB] New best heuristic value for operatorcounting(constraint_generators=[pho_constraints(patterns=systematic(4))],use_integer_operator_counts=true,transform=adapt_costs(cost_type=normal)): 57
[t=271.122s, 123988 KB] g=281, 588891 evaluated, 50039 expanded
[t=271.313s, 132784 KB] New best heuristic value for operatorcounting(constraint_generators=[pho_constraints(patterns=systematic(4))],use_integer_operator_counts=true,transform=adapt_costs(cost_type=normal)): 51
[t=271.313s, 132784 KB] g=287, 588930 evaluated, 50040 expanded
[t=271.501s, 132920 KB] New best heuristic value for operatorcounting(constraint_generators=[pho_constraints(patterns=systematic(4))],use_integer_operator_counts=true,transform=adapt_costs(cost_type=normal)): 45
[t=271.501s, 132920 KB] g=293, 588981 evaluated, 50041 expanded
Peak memory: 598816 KB
caught signal 24 -- exiting
Time limit has been reached.
Remove intermediate file output.sas
search exit code: 23

Driver aborting after search
INFO     Planner time: 1797.81s
