INFO     planner time limit: 1800s
INFO     planner memory limit: 2048 MB

INFO     Running translator.
INFO     translator stdin: None
INFO     translator time limit: 1799s
INFO     translator memory limit: 2048 MB
INFO     translator command line string: /home/henry/Documents/UFRGS/TCC/downward/.venv/bin/python /home/henry/Documents/UFRGS/TCC/downward/experiments/lab/data/main/code-5bb2ccb6957559b6969ffd7e29254c73f84d5e49_e5e41175/builds/release/bin/translate/translate.py domain.pddl problem.pddl --sas-file output.sas
Parsing...
Parsing: [0.000s CPU, 0.002s wall-clock]
Normalizing task... [0.000s CPU, 0.000s wall-clock]
Instantiating...
Generating Datalog program... [0.000s CPU, 0.001s wall-clock]
Normalizing Datalog program...
Normalizing Datalog program: [0.000s CPU, 0.003s wall-clock]
Preparing model... [0.000s CPU, 0.002s wall-clock]
Generated 79 rules.
Computing model... [0.350s CPU, 0.347s wall-clock]
31361 relevant atoms
29376 auxiliary atoms
60737 final queue length
146468 total queue pushes
Completing instantiation... [0.790s CPU, 0.798s wall-clock]
Instantiating: [1.170s CPU, 1.165s wall-clock]
Computing fact groups...
Finding invariants...
14 initial candidates
Finding invariants: [0.020s CPU, 0.021s wall-clock]
Checking invariant weight... [0.000s CPU, 0.000s wall-clock]
Instantiating groups... [0.000s CPU, 0.000s wall-clock]
Collecting mutex groups... [0.000s CPU, 0.000s wall-clock]
Choosing groups...
1080 uncovered facts
Choosing groups: [0.000s CPU, 0.001s wall-clock]
Building translation key... [0.010s CPU, 0.003s wall-clock]
Computing fact groups: [0.030s CPU, 0.031s wall-clock]
Building STRIPS to SAS dictionary... [0.000s CPU, 0.001s wall-clock]
Building dictionary for full mutex groups... [0.000s CPU, 0.001s wall-clock]
Building mutex information...
Building mutex information: [0.000s CPU, 0.000s wall-clock]
Translating task...
Processing axioms...
Simplifying axioms... [0.000s CPU, 0.000s wall-clock]
Translator axioms removed by simplifying: 0
Computing negative axioms... [0.000s CPU, 0.000s wall-clock]
Processing axioms: [0.010s CPU, 0.017s wall-clock]
Translating task: [0.560s CPU, 0.563s wall-clock]
28208 effect conditions simplified
0 implied preconditions added
Detecting unreachable propositions...
0 operators removed
0 axioms removed
4 propositions removed
Detecting unreachable propositions: [0.320s CPU, 0.323s wall-clock]
Reordering and filtering variables...
1084 of 1084 variables necessary.
0 of 4 mutex groups necessary.
12104 of 12104 operators necessary.
0 of 0 axiom rules necessary.
Reordering and filtering variables: [0.180s CPU, 0.183s wall-clock]
Translator variables: 1084
Translator derived variables: 0
Translator facts: 2352
Translator goal facts: 24
Translator mutex groups: 0
Translator total mutex groups size: 0
Translator operators: 12104
Translator axioms: 0
Translator task size: 101596
Translator peak memory: 99056 KB
Writing output... [0.080s CPU, 0.082s wall-clock]
Done! [2.370s CPU, 2.381s wall-clock]
translate exit code: 0

INFO     Running search (release).
INFO     search stdin: output.sas
INFO     search time limit: 1797s
INFO     search memory limit: 2048 MB
INFO     search command line string: /home/henry/Documents/UFRGS/TCC/downward/experiments/lab/data/main/code-5bb2ccb6957559b6969ffd7e29254c73f84d5e49_e5e41175/builds/release/bin/downward --search 'eager_greedy([operatorcounting(constraint_generators=[pho_constraints(patterns=systematic(2))], use_integer_operator_counts=false, transform=adapt_costs(cost_type=ONE))])' --internal-plan-file sas_plan < output.sas
[t=0s, 45596 KB] reading input...
[t=0.0559647s, 50428 KB] done reading input!
[t=0.057602s, 51652 KB] Generating patterns using: systematic pattern collection generator
[t=0.057602s, 51652 KB] building causal graph...done! [t=0.0359549s]
[t=0.101526s, 57776 KB] Found 3456 SGA patterns.
[t=0.141504s, 57776 KB] Found 3456 interesting patterns.
[t=0.141504s, 57776 KB] systematic pattern collection generator number of patterns: 3456
[t=0.141504s, 57776 KB] systematic pattern collection generator total PDB size: 22608
[t=0.141504s, 57776 KB] systematic pattern collection generator computation time: 0.0839024s
[t=0.141504s, 57776 KB] Computing PDBs for pattern collection...
[t=6.8013s, 57776 KB] Done computing PDBs for pattern collection: 6.66379s
[t=8.27942s, 147436 KB] Building successor generator...done!
[t=8.2834s, 147436 KB] peak memory difference for successor generator creation: 0 KB
[t=8.2834s, 147436 KB] time for successor generation creation: 0.003982s
[t=8.2834s, 147436 KB] Variables: 1084
[t=8.2834s, 147436 KB] FactPairs: 2352
[t=8.2834s, 147436 KB] Bytes per state: 140
[t=8.2834s, 147436 KB] Conducting best first search without reopening closed nodes, (real) bound = 2147483647
[t=8.57507s, 214868 KB] New best heuristic value for operatorcounting(constraint_generators=[pho_constraints(patterns=systematic(2))],use_integer_operator_counts=false,transform=adapt_costs(cost_type=one)): 4
[t=8.57507s, 214868 KB] g=0, 1 evaluated, 0 expanded
[t=8.57507s, 214868 KB] Initial heuristic value for operatorcounting(constraint_generators=[pho_constraints(patterns=systematic(2))],use_integer_operator_counts=false,transform=adapt_costs(cost_type=one)): 4
[t=8.57507s, 214868 KB] pruning method: none
[t=15.2909s, 214868 KB] New best heuristic value for operatorcounting(constraint_generators=[pho_constraints(patterns=systematic(2))],use_integer_operator_counts=false,transform=adapt_costs(cost_type=one)): 3
[t=15.2909s, 214868 KB] g=5, 77 evaluated, 10 expanded
Peak memory: 214868 KB
caught signal 24 -- exiting
Time limit has been reached.
Remove intermediate file output.sas
search exit code: 23

Driver aborting after search
INFO     Planner time: 1797.03s
