INFO     planner time limit: 1800s
INFO     planner memory limit: 2048 MB

INFO     Running translator.
INFO     translator stdin: None
INFO     translator time limit: 1799s
INFO     translator memory limit: 2048 MB
INFO     translator command line string: /home/henry/Documents/UFRGS/TCC/downward/.venv/bin/python /home/henry/Documents/UFRGS/TCC/downward/experiments/lab/data/main/code-5bb2ccb6957559b6969ffd7e29254c73f84d5e49_e5e41175/builds/release/bin/translate/translate.py domain.pddl problem.pddl --sas-file output.sas
Parsing...
Parsing: [0.010s CPU, 0.004s wall-clock]
Normalizing task... [0.000s CPU, 0.000s wall-clock]
Instantiating...
Generating Datalog program... [0.000s CPU, 0.001s wall-clock]
Normalizing Datalog program...
Normalizing Datalog program: [0.000s CPU, 0.005s wall-clock]
Preparing model... [0.010s CPU, 0.003s wall-clock]
Generated 198 rules.
Computing model... [0.130s CPU, 0.137s wall-clock]
11848 relevant atoms
8161 auxiliary atoms
20009 final queue length
61431 total queue pushes
Completing instantiation... [0.480s CPU, 0.491s wall-clock]
Instantiating: [0.640s CPU, 0.642s wall-clock]
Computing fact groups...
Finding invariants...
24 initial candidates
Finding invariants: [0.010s CPU, 0.013s wall-clock]
Checking invariant weight... [0.000s CPU, 0.000s wall-clock]
Instantiating groups... [0.010s CPU, 0.005s wall-clock]
Collecting mutex groups... [0.000s CPU, 0.000s wall-clock]
Choosing groups...
210 uncovered facts
Choosing groups: [0.000s CPU, 0.001s wall-clock]
Building translation key... [0.000s CPU, 0.001s wall-clock]
Computing fact groups: [0.020s CPU, 0.022s wall-clock]
Building STRIPS to SAS dictionary... [0.000s CPU, 0.000s wall-clock]
Building dictionary for full mutex groups... [0.000s CPU, 0.000s wall-clock]
Building mutex information...
Building mutex information: [0.000s CPU, 0.000s wall-clock]
Translating task...
Processing axioms...
Simplifying axioms... [0.000s CPU, 0.000s wall-clock]
Translator axioms removed by simplifying: 0
Computing negative axioms... [0.000s CPU, 0.000s wall-clock]
Processing axioms: [0.020s CPU, 0.018s wall-clock]
Translating task: [0.420s CPU, 0.425s wall-clock]
6466 effect conditions simplified
0 implied preconditions added
Detecting unreachable propositions...
0 operators removed
0 axioms removed
84 propositions removed
Detecting unreachable propositions: [0.270s CPU, 0.267s wall-clock]
Reordering and filtering variables...
234 of 240 variables necessary.
51 of 79 mutex groups necessary.
10936 of 10936 operators necessary.
0 of 0 axiom rules necessary.
Reordering and filtering variables: [0.070s CPU, 0.071s wall-clock]
Translator variables: 234
Translator derived variables: 0
Translator facts: 615
Translator goal facts: 65
Translator mutex groups: 51
Translator total mutex groups size: 189
Translator operators: 10936
Translator axioms: 0
Translator task size: 91076
Translator peak memory: 92240 KB
Writing output... [0.080s CPU, 0.069s wall-clock]
Done! [1.530s CPU, 1.526s wall-clock]
translate exit code: 0

INFO     Running search (release).
INFO     search stdin: output.sas
INFO     search time limit: 1798s
INFO     search memory limit: 2048 MB
INFO     search command line string: /home/henry/Documents/UFRGS/TCC/downward/experiments/lab/data/main/code-5bb2ccb6957559b6969ffd7e29254c73f84d5e49_e5e41175/builds/release/bin/downward --search 'eager_greedy([operatorcounting(constraint_generators=[pho_constraints(patterns=systematic(4))], use_integer_operator_counts=false, transform=adapt_costs(cost_type=ONE))])' --internal-plan-file sas_plan < output.sas
[t=0s, 45596 KB] reading input...
[t=0.0479532s, 49664 KB] done reading input!
[t=0.051087s, 50780 KB] Generating patterns using: systematic pattern collection generator
[t=0.051087s, 50780 KB] building causal graph...done! [t=0.0119976s]
[t=2.32921s, 414304 KB] Found 1315955 SGA patterns.
[t=20.5211s, 693924 KB] Found 2967053 interesting patterns.
[t=23.3771s, 714312 KB] systematic pattern collection generator number of patterns: 2967053
[t=23.7286s, 714312 KB] systematic pattern collection generator total PDB size: 242280762
[t=23.8724s, 714312 KB] systematic pattern collection generator computation time: 23.326s
[t=23.8724s, 714312 KB] Computing PDBs for pattern collection...
Peak memory: 858936 KB
caught signal 24 -- exiting
Time limit has been reached.
Remove intermediate file output.sas
search exit code: 23

Driver aborting after search
INFO     Planner time: 1797.32s
