INFO     planner time limit: 1800s
INFO     planner memory limit: 2048 MB

INFO     Running translator.
INFO     translator stdin: None
INFO     translator time limit: 1799s
INFO     translator memory limit: 2048 MB
INFO     translator command line string: /home/henry/Documents/UFRGS/TCC/downward/.venv/bin/python /home/henry/Documents/UFRGS/TCC/downward/experiments/lab/data/main/code-5bb2ccb6957559b6969ffd7e29254c73f84d5e49_e5e41175/builds/release/bin/translate/translate.py domain.pddl problem.pddl --sas-file output.sas
Parsing...
Parsing: [0.030s CPU, 0.026s wall-clock]
Normalizing task... [0.000s CPU, 0.001s wall-clock]
Instantiating...
Generating Datalog program... [0.010s CPU, 0.008s wall-clock]
Normalizing Datalog program...
Normalizing Datalog program: [0.000s CPU, 0.001s wall-clock]
Preparing model... [0.050s CPU, 0.051s wall-clock]
Generated 23 rules.
Computing model... [0.150s CPU, 0.154s wall-clock]
14411 relevant atoms
24285 auxiliary atoms
38696 final queue length
47795 total queue pushes
Completing instantiation... [0.150s CPU, 0.159s wall-clock]
Instantiating: [0.380s CPU, 0.381s wall-clock]
Computing fact groups...
Finding invariants...
9 initial candidates
Finding invariants: [0.000s CPU, 0.004s wall-clock]
Checking invariant weight... [0.000s CPU, 0.003s wall-clock]
Instantiating groups... [0.010s CPU, 0.003s wall-clock]
Collecting mutex groups... [0.000s CPU, 0.000s wall-clock]
Choosing groups...
0 uncovered facts
Choosing groups: [0.000s CPU, 0.000s wall-clock]
Building translation key... [0.000s CPU, 0.000s wall-clock]
Computing fact groups: [0.010s CPU, 0.011s wall-clock]
Building STRIPS to SAS dictionary... [0.000s CPU, 0.000s wall-clock]
Building dictionary for full mutex groups... [0.000s CPU, 0.000s wall-clock]
Building mutex information...
Building mutex information: [0.000s CPU, 0.000s wall-clock]
Translating task...
Processing axioms...
Simplifying axioms... [0.000s CPU, 0.000s wall-clock]
Translator axioms removed by simplifying: 0
Computing negative axioms... [0.000s CPU, 0.000s wall-clock]
Processing axioms: [0.010s CPU, 0.006s wall-clock]
Translating task: [0.090s CPU, 0.095s wall-clock]
0 effect conditions simplified
0 implied preconditions added
Detecting unreachable propositions...
0 operators removed
0 axioms removed
15 propositions removed
Detecting unreachable propositions: [0.090s CPU, 0.083s wall-clock]
Reordering and filtering variables...
15 of 15 variables necessary.
0 of 15 mutex groups necessary.
4874 of 4874 operators necessary.
0 of 0 axiom rules necessary.
Reordering and filtering variables: [0.010s CPU, 0.012s wall-clock]
Translator variables: 15
Translator derived variables: 0
Translator facts: 326
Translator goal facts: 13
Translator mutex groups: 0
Translator total mutex groups size: 0
Translator operators: 4874
Translator axioms: 0
Translator task size: 24386
Translator peak memory: 55444 KB
Writing output... [0.020s CPU, 0.019s wall-clock]
Done! [0.640s CPU, 0.637s wall-clock]
translate exit code: 0

INFO     Running search (release).
INFO     search stdin: output.sas
INFO     search time limit: 1799s
INFO     search memory limit: 2048 MB
INFO     search command line string: /home/henry/Documents/UFRGS/TCC/downward/experiments/lab/data/main/code-5bb2ccb6957559b6969ffd7e29254c73f84d5e49_e5e41175/builds/release/bin/downward --search 'eager_greedy([operatorcounting(constraint_generators=[pho_constraints(patterns=systematic(4))], use_integer_operator_counts=false, transform=adapt_costs(cost_type=ONE))])' --internal-plan-file sas_plan < output.sas
[t=0s, 45596 KB] reading input...
[t=0.0119857s, 46980 KB] done reading input!
[t=0.0156721s, 47696 KB] Generating patterns using: systematic pattern collection generator
[t=0.0156721s, 47696 KB] building causal graph...done! [t=0s]
[t=0.0156721s, 47696 KB] Found 39 SGA patterns.
[t=0.0156721s, 47696 KB] Found 481 interesting patterns.
[t=0.0156721s, 47696 KB] systematic pattern collection generator number of patterns: 481
[t=0.0156721s, 47696 KB] systematic pattern collection generator total PDB size: 36748894
[t=0.0156721s, 47696 KB] systematic pattern collection generator computation time: 0s
[t=0.0156721s, 47696 KB] Computing PDBs for pattern collection...
[t=10.7044s, 191892 KB] Done computing PDBs for pattern collection: 10.6887s
[t=10.7843s, 287260 KB] Building successor generator...done!
[t=10.7843s, 287260 KB] peak memory difference for successor generator creation: 0 KB
[t=10.7843s, 287260 KB] time for successor generation creation: 0s
[t=10.7843s, 287260 KB] Variables: 15
[t=10.7843s, 287260 KB] FactPairs: 326
[t=10.7843s, 287260 KB] Bytes per state: 8
[t=10.7843s, 287260 KB] Conducting best first search without reopening closed nodes, (real) bound = 2147483647
[t=10.8842s, 319936 KB] New best heuristic value for operatorcounting(constraint_generators=[pho_constraints(patterns=systematic(4))],use_integer_operator_counts=false,transform=adapt_costs(cost_type=one)): 36
[t=10.8842s, 319936 KB] g=0, 1 evaluated, 0 expanded
[t=10.8842s, 319936 KB] Initial heuristic value for operatorcounting(constraint_generators=[pho_constraints(patterns=systematic(4))],use_integer_operator_counts=false,transform=adapt_costs(cost_type=one)): 36
[t=10.8842s, 319936 KB] pruning method: none
[t=11.004s, 319936 KB] New best heuristic value for operatorcounting(constraint_generators=[pho_constraints(patterns=systematic(4))],use_integer_operator_counts=false,transform=adapt_costs(cost_type=one)): 35
[t=11.004s, 319936 KB] g=2, 7 evaluated, 2 expanded
[t=11.2078s, 319936 KB] New best heuristic value for operatorcounting(constraint_generators=[pho_constraints(patterns=systematic(4))],use_integer_operator_counts=false,transform=adapt_costs(cost_type=one)): 34
[t=11.2078s, 319936 KB] g=3, 16 evaluated, 3 expanded
[t=11.3916s, 319936 KB] New best heuristic value for operatorcounting(constraint_generators=[pho_constraints(patterns=systematic(4))],use_integer_operator_counts=false,transform=adapt_costs(cost_type=one)): 33
[t=11.3916s, 319936 KB] g=4, 24 evaluated, 4 expanded
[t=11.5874s, 319936 KB] New best heuristic value for operatorcounting(constraint_generators=[pho_constraints(patterns=systematic(4))],use_integer_operator_counts=false,transform=adapt_costs(cost_type=one)): 32
[t=11.5874s, 319936 KB] g=5, 32 evaluated, 5 expanded
[t=11.7831s, 319936 KB] New best heuristic value for operatorcounting(constraint_generators=[pho_constraints(patterns=systematic(4))],use_integer_operator_counts=false,transform=adapt_costs(cost_type=one)): 31
[t=11.7831s, 319936 KB] g=6, 40 evaluated, 6 expanded
[t=11.851s, 319936 KB] New best heuristic value for operatorcounting(constraint_generators=[pho_constraints(patterns=systematic(4))],use_integer_operator_counts=false,transform=adapt_costs(cost_type=one)): 30
[t=11.851s, 319936 KB] g=7, 43 evaluated, 7 expanded
[t=12.1987s, 319936 KB] New best heuristic value for operatorcounting(constraint_generators=[pho_constraints(patterns=systematic(4))],use_integer_operator_counts=false,transform=adapt_costs(cost_type=one)): 29
[t=12.1987s, 319936 KB] g=8, 59 evaluated, 9 expanded
[t=12.5983s, 319936 KB] New best heuristic value for operatorcounting(constraint_generators=[pho_constraints(patterns=systematic(4))],use_integer_operator_counts=false,transform=adapt_costs(cost_type=one)): 28
[t=12.5983s, 319936 KB] g=10, 77 evaluated, 11 expanded
[t=12.778s, 319936 KB] New best heuristic value for operatorcounting(constraint_generators=[pho_constraints(patterns=systematic(4))],use_integer_operator_counts=false,transform=adapt_costs(cost_type=one)): 27
[t=12.778s, 319936 KB] g=11, 85 evaluated, 12 expanded
[t=12.9858s, 319936 KB] New best heuristic value for operatorcounting(constraint_generators=[pho_constraints(patterns=systematic(4))],use_integer_operator_counts=false,transform=adapt_costs(cost_type=one)): 26
[t=12.9858s, 319936 KB] g=12, 94 evaluated, 13 expanded
[t=13.3814s, 319936 KB] New best heuristic value for operatorcounting(constraint_generators=[pho_constraints(patterns=systematic(4))],use_integer_operator_counts=false,transform=adapt_costs(cost_type=one)): 25
[t=13.3814s, 319936 KB] g=14, 113 evaluated, 16 expanded
[t=13.5212s, 319936 KB] New best heuristic value for operatorcounting(constraint_generators=[pho_constraints(patterns=systematic(4))],use_integer_operator_counts=false,transform=adapt_costs(cost_type=one)): 24
[t=13.5212s, 319936 KB] g=15, 119 evaluated, 17 expanded
[t=13.677s, 319936 KB] New best heuristic value for operatorcounting(constraint_generators=[pho_constraints(patterns=systematic(4))],use_integer_operator_counts=false,transform=adapt_costs(cost_type=one)): 23
[t=13.677s, 319936 KB] g=16, 129 evaluated, 18 expanded
[t=13.9288s, 319936 KB] New best heuristic value for operatorcounting(constraint_generators=[pho_constraints(patterns=systematic(4))],use_integer_operator_counts=false,transform=adapt_costs(cost_type=one)): 22
[t=13.9288s, 319936 KB] g=18, 144 evaluated, 20 expanded
[t=14.1125s, 319936 KB] New best heuristic value for operatorcounting(constraint_generators=[pho_constraints(patterns=systematic(4))],use_integer_operator_counts=false,transform=adapt_costs(cost_type=one)): 21
[t=14.1125s, 319936 KB] g=19, 153 evaluated, 21 expanded
[t=14.1405s, 319936 KB] New best heuristic value for operatorcounting(constraint_generators=[pho_constraints(patterns=systematic(4))],use_integer_operator_counts=false,transform=adapt_costs(cost_type=one)): 20
[t=14.1405s, 319936 KB] g=20, 154 evaluated, 22 expanded
[t=907.717s, 319936 KB] New best heuristic value for operatorcounting(constraint_generators=[pho_constraints(patterns=systematic(4))],use_integer_operator_counts=false,transform=adapt_costs(cost_type=one)): 19
[t=907.717s, 319936 KB] g=24, 101666 evaluated, 24137 expanded
Peak memory: 319936 KB
caught signal 24 -- exiting
Time limit has been reached.
Remove intermediate file output.sas
search exit code: 23

Driver aborting after search
INFO     Planner time: 1797.37s
