INFO     planner time limit: 1800s
INFO     planner memory limit: 2048 MB

INFO     Running translator.
INFO     translator stdin: None
INFO     translator time limit: 1799s
INFO     translator memory limit: 2048 MB
INFO     translator command line string: /home/henry/Documents/UFRGS/TCC/downward/.venv/bin/python /home/henry/Documents/UFRGS/TCC/downward/experiments/lab/data/main/code-5bb2ccb6957559b6969ffd7e29254c73f84d5e49_e5e41175/builds/release/bin/translate/translate.py domain.pddl problem.pddl --sas-file output.sas
Parsing...
Parsing: [0.000s CPU, 0.005s wall-clock]
Normalizing task... [0.000s CPU, 0.000s wall-clock]
Instantiating...
Generating Datalog program... [0.000s CPU, 0.001s wall-clock]
Normalizing Datalog program...
Normalizing Datalog program: [0.010s CPU, 0.005s wall-clock]
Preparing model... [0.000s CPU, 0.003s wall-clock]
Generated 350 rules.
Computing model... [0.030s CPU, 0.025s wall-clock]
2618 relevant atoms
2822 auxiliary atoms
5440 final queue length
9520 total queue pushes
Completing instantiation... [0.050s CPU, 0.050s wall-clock]
Instantiating: [0.100s CPU, 0.087s wall-clock]
Computing fact groups...
Finding invariants...
20 initial candidates
Finding invariants: [0.000s CPU, 0.004s wall-clock]
Checking invariant weight... [0.000s CPU, 0.000s wall-clock]
Instantiating groups... [0.000s CPU, 0.001s wall-clock]
Collecting mutex groups... [0.000s CPU, 0.000s wall-clock]
Choosing groups...
460 uncovered facts
Choosing groups: [0.000s CPU, 0.000s wall-clock]
Building translation key... [0.010s CPU, 0.001s wall-clock]
Computing fact groups: [0.010s CPU, 0.010s wall-clock]
Building STRIPS to SAS dictionary... [0.000s CPU, 0.000s wall-clock]
Building dictionary for full mutex groups... [0.000s CPU, 0.001s wall-clock]
Building mutex information...
Building mutex information: [0.000s CPU, 0.000s wall-clock]
Translating task...
Processing axioms...
Simplifying axioms... [0.000s CPU, 0.000s wall-clock]
Translator axioms removed by simplifying: 0
Computing negative axioms... [0.000s CPU, 0.000s wall-clock]
Processing axioms: [0.000s CPU, 0.002s wall-clock]
Translating task: [0.050s CPU, 0.048s wall-clock]
1393 effect conditions simplified
0 implied preconditions added
Detecting unreachable propositions...
0 operators removed
0 axioms removed
14 propositions removed
Detecting unreachable propositions: [0.020s CPU, 0.028s wall-clock]
Reordering and filtering variables...
126 of 471 variables necessary.
0 of 12 mutex groups necessary.
1645 of 1645 operators necessary.
0 of 0 axiom rules necessary.
Reordering and filtering variables: [0.020s CPU, 0.016s wall-clock]
Translator variables: 126
Translator derived variables: 0
Translator facts: 480
Translator goal facts: 72
Translator mutex groups: 0
Translator total mutex groups size: 0
Translator operators: 1645
Translator axioms: 0
Translator task size: 11544
Translator peak memory: 41396 KB
Writing output... [0.010s CPU, 0.009s wall-clock]
Done! [0.210s CPU, 0.208s wall-clock]
translate exit code: 0

INFO     Running search (release).
INFO     search stdin: output.sas
INFO     search time limit: 1799s
INFO     search memory limit: 2048 MB
INFO     search command line string: /home/henry/Documents/UFRGS/TCC/downward/experiments/lab/data/main/code-5bb2ccb6957559b6969ffd7e29254c73f84d5e49_e5e41175/builds/release/bin/downward --search 'eager_greedy([operatorcounting(constraint_generators=[pho_constraints(patterns=systematic(4))], use_integer_operator_counts=true, transform=adapt_costs(cost_type=ONE))])' --internal-plan-file sas_plan < output.sas
[t=0s, 45596 KB] reading input...
[t=0.0039984s, 46148 KB] done reading input!
[t=0.00753079s, 46568 KB] Generating patterns using: systematic pattern collection generator
[t=0.00753079s, 46568 KB] building causal graph...done! [t=0s]
[t=0.0275134s, 52608 KB] Found 22719 SGA patterns.
[t=0.43518s, 65368 KB] Found 109796 interesting patterns.
[t=0.4991s, 67172 KB] systematic pattern collection generator number of patterns: 109796
[t=0.511084s, 67172 KB] systematic pattern collection generator total PDB size: 11586196
[t=0.515063s, 67172 KB] systematic pattern collection generator computation time: 0.491569s
[t=0.519061s, 67172 KB] Computing PDBs for pattern collection...
[t=27.218s, 128076 KB] Done computing PDBs for pattern collection: 26.6989s
[t=30.4539s, 520096 KB] Building successor generator...done!
[t=30.4579s, 520096 KB] peak memory difference for successor generator creation: 0 KB
[t=30.4579s, 520096 KB] time for successor generation creation: 0.00397543s
[t=30.4579s, 520096 KB] Variables: 126
[t=30.4579s, 520096 KB] FactPairs: 480
[t=30.4579s, 520096 KB] Bytes per state: 24
[t=30.4579s, 520096 KB] Conducting best first search without reopening closed nodes, (real) bound = 2147483647
[t=31.3602s, 616896 KB] New best heuristic value for operatorcounting(constraint_generators=[pho_constraints(patterns=systematic(4))],use_integer_operator_counts=true,transform=adapt_costs(cost_type=one)): 109
[t=31.3602s, 616896 KB] g=0, 1 evaluated, 0 expanded
[t=31.3602s, 616896 KB] Initial heuristic value for operatorcounting(constraint_generators=[pho_constraints(patterns=systematic(4))],use_integer_operator_counts=true,transform=adapt_costs(cost_type=one)): 109
[t=31.3602s, 616896 KB] pruning method: none
[t=32.4468s, 616896 KB] New best heuristic value for operatorcounting(constraint_generators=[pho_constraints(patterns=systematic(4))],use_integer_operator_counts=true,transform=adapt_costs(cost_type=one)): 108
[t=32.4468s, 616896 KB] g=0, 2 evaluated, 1 expanded
[t=33.5316s, 616896 KB] New best heuristic value for operatorcounting(constraint_generators=[pho_constraints(patterns=systematic(4))],use_integer_operator_counts=true,transform=adapt_costs(cost_type=one)): 107
[t=33.5316s, 616896 KB] g=899, 3 evaluated, 2 expanded
[t=50.6636s, 901240 KB] New best heuristic value for operatorcounting(constraint_generators=[pho_constraints(patterns=systematic(4))],use_integer_operator_counts=true,transform=adapt_costs(cost_type=one)): 106
[t=50.6636s, 901240 KB] g=3588, 15 evaluated, 3 expanded
[t=67.8704s, 901240 KB] New best heuristic value for operatorcounting(constraint_generators=[pho_constraints(patterns=systematic(4))],use_integer_operator_counts=true,transform=adapt_costs(cost_type=one)): 105
[t=67.8737s, 901240 KB] g=14478, 29 evaluated, 4 expanded
[t=84.7805s, 901240 KB] New best heuristic value for operatorcounting(constraint_generators=[pho_constraints(patterns=systematic(4))],use_integer_operator_counts=true,transform=adapt_costs(cost_type=one)): 104
[t=84.7805s, 901240 KB] g=31930, 41 evaluated, 5 expanded
[t=103.863s, 901240 KB] New best heuristic value for operatorcounting(constraint_generators=[pho_constraints(patterns=systematic(4))],use_integer_operator_counts=true,transform=adapt_costs(cost_type=one)): 103
[t=103.863s, 901240 KB] g=243779, 54 evaluated, 6 expanded
[t=121.438s, 901240 KB] New best heuristic value for operatorcounting(constraint_generators=[pho_constraints(patterns=systematic(4))],use_integer_operator_counts=true,transform=adapt_costs(cost_type=one)): 102
[t=121.438s, 901240 KB] g=322698, 68 evaluated, 7 expanded
[t=139.588s, 901240 KB] New best heuristic value for operatorcounting(constraint_generators=[pho_constraints(patterns=systematic(4))],use_integer_operator_counts=true,transform=adapt_costs(cost_type=one)): 101
[t=139.588s, 901240 KB] g=325949, 81 evaluated, 8 expanded
[t=157.663s, 901240 KB] New best heuristic value for operatorcounting(constraint_generators=[pho_constraints(patterns=systematic(4))],use_integer_operator_counts=true,transform=adapt_costs(cost_type=one)): 100
[t=157.663s, 901240 KB] g=327448, 94 evaluated, 9 expanded
[t=174.608s, 905532 KB] New best heuristic value for operatorcounting(constraint_generators=[pho_constraints(patterns=systematic(4))],use_integer_operator_counts=true,transform=adapt_costs(cost_type=one)): 99
[t=174.608s, 905532 KB] g=328347, 106 evaluated, 10 expanded
[t=190.111s, 905532 KB] New best heuristic value for operatorcounting(constraint_generators=[pho_constraints(patterns=systematic(4))],use_integer_operator_counts=true,transform=adapt_costs(cost_type=one)): 98
[t=190.111s, 905532 KB] g=331036, 117 evaluated, 11 expanded
[t=205.618s, 905532 KB] New best heuristic value for operatorcounting(constraint_generators=[pho_constraints(patterns=systematic(4))],use_integer_operator_counts=true,transform=adapt_costs(cost_type=one)): 97
[t=205.618s, 905532 KB] g=341926, 130 evaluated, 12 expanded
[t=221.035s, 905532 KB] New best heuristic value for operatorcounting(constraint_generators=[pho_constraints(patterns=systematic(4))],use_integer_operator_counts=true,transform=adapt_costs(cost_type=one)): 96
[t=221.035s, 905532 KB] g=359378, 141 evaluated, 13 expanded
[t=237.377s, 905532 KB] New best heuristic value for operatorcounting(constraint_generators=[pho_constraints(patterns=systematic(4))],use_integer_operator_counts=true,transform=adapt_costs(cost_type=one)): 95
[t=237.377s, 905532 KB] g=571227, 154 evaluated, 14 expanded
[t=252.623s, 905532 KB] New best heuristic value for operatorcounting(constraint_generators=[pho_constraints(patterns=systematic(4))],use_integer_operator_counts=true,transform=adapt_costs(cost_type=one)): 94
[t=252.623s, 905532 KB] g=650146, 166 evaluated, 15 expanded
[t=268.929s, 905532 KB] New best heuristic value for operatorcounting(constraint_generators=[pho_constraints(patterns=systematic(4))],use_integer_operator_counts=true,transform=adapt_costs(cost_type=one)): 93
[t=268.929s, 905532 KB] g=653397, 178 evaluated, 16 expanded
[t=285.24s, 905532 KB] New best heuristic value for operatorcounting(constraint_generators=[pho_constraints(patterns=systematic(4))],use_integer_operator_counts=true,transform=adapt_costs(cost_type=one)): 92
[t=285.24s, 905532 KB] g=654896, 190 evaluated, 17 expanded
[t=300.474s, 905532 KB] New best heuristic value for operatorcounting(constraint_generators=[pho_constraints(patterns=systematic(4))],use_integer_operator_counts=true,transform=adapt_costs(cost_type=one)): 91
[t=300.478s, 905532 KB] g=655795, 201 evaluated, 18 expanded
[t=314.243s, 905532 KB] New best heuristic value for operatorcounting(constraint_generators=[pho_constraints(patterns=systematic(4))],use_integer_operator_counts=true,transform=adapt_costs(cost_type=one)): 90
[t=314.243s, 905532 KB] g=658484, 211 evaluated, 19 expanded
[t=328.414s, 905532 KB] New best heuristic value for operatorcounting(constraint_generators=[pho_constraints(patterns=systematic(4))],use_integer_operator_counts=true,transform=adapt_costs(cost_type=one)): 89
[t=328.414s, 905532 KB] g=670289, 222 evaluated, 20 expanded
[t=344.853s, 905532 KB] New best heuristic value for operatorcounting(constraint_generators=[pho_constraints(patterns=systematic(4))],use_integer_operator_counts=true,transform=adapt_costs(cost_type=one)): 88
[t=344.853s, 905532 KB] g=794038, 234 evaluated, 21 expanded
[t=359.849s, 905532 KB] New best heuristic value for operatorcounting(constraint_generators=[pho_constraints(patterns=systematic(4))],use_integer_operator_counts=true,transform=adapt_costs(cost_type=one)): 87
[t=359.849s, 905532 KB] g=821747, 244 evaluated, 22 expanded
[t=375.146s, 905532 KB] New best heuristic value for operatorcounting(constraint_generators=[pho_constraints(patterns=systematic(4))],use_integer_operator_counts=true,transform=adapt_costs(cost_type=one)): 86
[t=375.146s, 905532 KB] g=832954, 255 evaluated, 23 expanded
[t=389.336s, 905532 KB] New best heuristic value for operatorcounting(constraint_generators=[pho_constraints(patterns=systematic(4))],use_integer_operator_counts=true,transform=adapt_costs(cost_type=one)): 85
[t=389.336s, 905532 KB] g=836205, 266 evaluated, 24 expanded
[t=405.468s, 905532 KB] New best heuristic value for operatorcounting(constraint_generators=[pho_constraints(patterns=systematic(4))],use_integer_operator_counts=true,transform=adapt_costs(cost_type=one)): 84
[t=405.468s, 905532 KB] g=837704, 277 evaluated, 25 expanded
[t=420.79s, 905960 KB] New best heuristic value for operatorcounting(constraint_generators=[pho_constraints(patterns=systematic(4))],use_integer_operator_counts=true,transform=adapt_costs(cost_type=one)): 83
[t=420.79s, 905960 KB] g=838603, 287 evaluated, 26 expanded
[t=434.595s, 905960 KB] New best heuristic value for operatorcounting(constraint_generators=[pho_constraints(patterns=systematic(4))],use_integer_operator_counts=true,transform=adapt_costs(cost_type=one)): 82
[t=434.595s, 905960 KB] g=841292, 296 evaluated, 27 expanded
[t=447.477s, 905960 KB] New best heuristic value for operatorcounting(constraint_generators=[pho_constraints(patterns=systematic(4))],use_integer_operator_counts=true,transform=adapt_costs(cost_type=one)): 81
[t=447.477s, 905960 KB] g=853097, 306 evaluated, 28 expanded
[t=461.306s, 905960 KB] New best heuristic value for operatorcounting(constraint_generators=[pho_constraints(patterns=systematic(4))],use_integer_operator_counts=true,transform=adapt_costs(cost_type=one)): 80
[t=461.306s, 905960 KB] g=976846, 317 evaluated, 29 expanded
[t=473.507s, 905960 KB] New best heuristic value for operatorcounting(constraint_generators=[pho_constraints(patterns=systematic(4))],use_integer_operator_counts=true,transform=adapt_costs(cost_type=one)): 79
[t=473.507s, 905960 KB] g=1004555, 326 evaluated, 30 expanded
[t=487.105s, 905960 KB] New best heuristic value for operatorcounting(constraint_generators=[pho_constraints(patterns=systematic(4))],use_integer_operator_counts=true,transform=adapt_costs(cost_type=one)): 78
[t=487.105s, 905960 KB] g=1015762, 336 evaluated, 31 expanded
[t=499.489s, 905960 KB] New best heuristic value for operatorcounting(constraint_generators=[pho_constraints(patterns=systematic(4))],use_integer_operator_counts=true,transform=adapt_costs(cost_type=one)): 77
[t=499.489s, 905960 KB] g=1019013, 346 evaluated, 32 expanded
[t=513.519s, 905960 KB] New best heuristic value for operatorcounting(constraint_generators=[pho_constraints(patterns=systematic(4))],use_integer_operator_counts=true,transform=adapt_costs(cost_type=one)): 76
[t=513.519s, 905960 KB] g=1020512, 356 evaluated, 33 expanded
[t=526.754s, 905960 KB] New best heuristic value for operatorcounting(constraint_generators=[pho_constraints(patterns=systematic(4))],use_integer_operator_counts=true,transform=adapt_costs(cost_type=one)): 75
[t=526.754s, 905960 KB] g=1021411, 365 evaluated, 34 expanded
[t=538.643s, 905960 KB] New best heuristic value for operatorcounting(constraint_generators=[pho_constraints(patterns=systematic(4))],use_integer_operator_counts=true,transform=adapt_costs(cost_type=one)): 74
[t=538.643s, 905960 KB] g=1024100, 373 evaluated, 35 expanded
[t=550.625s, 905960 KB] New best heuristic value for operatorcounting(constraint_generators=[pho_constraints(patterns=systematic(4))],use_integer_operator_counts=true,transform=adapt_costs(cost_type=one)): 73
[t=550.625s, 905960 KB] g=1035905, 382 evaluated, 36 expanded
[t=563.749s, 905960 KB] New best heuristic value for operatorcounting(constraint_generators=[pho_constraints(patterns=systematic(4))],use_integer_operator_counts=true,transform=adapt_costs(cost_type=one)): 72
[t=563.749s, 905960 KB] g=1159654, 392 evaluated, 37 expanded
[t=575.173s, 905960 KB] New best heuristic value for operatorcounting(constraint_generators=[pho_constraints(patterns=systematic(4))],use_integer_operator_counts=true,transform=adapt_costs(cost_type=one)): 71
[t=575.173s, 905960 KB] g=1187363, 400 evaluated, 38 expanded
[t=587.594s, 905960 KB] New best heuristic value for operatorcounting(constraint_generators=[pho_constraints(patterns=systematic(4))],use_integer_operator_counts=true,transform=adapt_costs(cost_type=one)): 70
[t=587.594s, 905960 KB] g=1198570, 409 evaluated, 39 expanded
[t=598.925s, 905960 KB] New best heuristic value for operatorcounting(constraint_generators=[pho_constraints(patterns=systematic(4))],use_integer_operator_counts=true,transform=adapt_costs(cost_type=one)): 69
[t=598.925s, 905960 KB] g=1201821, 418 evaluated, 40 expanded
[t=611.322s, 905960 KB] New best heuristic value for operatorcounting(constraint_generators=[pho_constraints(patterns=systematic(4))],use_integer_operator_counts=true,transform=adapt_costs(cost_type=one)): 68
[t=611.322s, 905960 KB] g=1203320, 427 evaluated, 41 expanded
[t=622.811s, 905960 KB] New best heuristic value for operatorcounting(constraint_generators=[pho_constraints(patterns=systematic(4))],use_integer_operator_counts=true,transform=adapt_costs(cost_type=one)): 67
[t=622.811s, 905960 KB] g=1204219, 435 evaluated, 42 expanded
[t=632.515s, 905960 KB] New best heuristic value for operatorcounting(constraint_generators=[pho_constraints(patterns=systematic(4))],use_integer_operator_counts=true,transform=adapt_costs(cost_type=one)): 66
[t=632.515s, 905960 KB] g=1206908, 442 evaluated, 43 expanded
[t=642.047s, 905960 KB] New best heuristic value for operatorcounting(constraint_generators=[pho_constraints(patterns=systematic(4))],use_integer_operator_counts=true,transform=adapt_costs(cost_type=one)): 65
[t=642.047s, 905960 KB] g=1217798, 451 evaluated, 44 expanded
[t=651.453s, 905960 KB] New best heuristic value for operatorcounting(constraint_generators=[pho_constraints(patterns=systematic(4))],use_integer_operator_counts=true,transform=adapt_costs(cost_type=one)): 64
[t=651.453s, 905960 KB] g=1235250, 458 evaluated, 45 expanded
[t=661.826s, 905960 KB] New best heuristic value for operatorcounting(constraint_generators=[pho_constraints(patterns=systematic(4))],use_integer_operator_counts=true,transform=adapt_costs(cost_type=one)): 63
[t=661.826s, 905960 KB] g=1447099, 467 evaluated, 46 expanded
[t=671.174s, 905960 KB] New best heuristic value for operatorcounting(constraint_generators=[pho_constraints(patterns=systematic(4))],use_integer_operator_counts=true,transform=adapt_costs(cost_type=one)): 62
[t=671.174s, 905960 KB] g=1526018, 475 evaluated, 47 expanded
[t=681.512s, 905960 KB] New best heuristic value for operatorcounting(constraint_generators=[pho_constraints(patterns=systematic(4))],use_integer_operator_counts=true,transform=adapt_costs(cost_type=one)): 61
[t=681.512s, 905960 KB] g=1529269, 483 evaluated, 48 expanded
[t=691.854s, 905960 KB] New best heuristic value for operatorcounting(constraint_generators=[pho_constraints(patterns=systematic(4))],use_integer_operator_counts=true,transform=adapt_costs(cost_type=one)): 60
[t=691.854s, 905960 KB] g=1530768, 491 evaluated, 49 expanded
[t=701.256s, 905960 KB] New best heuristic value for operatorcounting(constraint_generators=[pho_constraints(patterns=systematic(4))],use_integer_operator_counts=true,transform=adapt_costs(cost_type=one)): 59
[t=701.256s, 905960 KB] g=1531667, 498 evaluated, 50 expanded
[t=709.413s, 905960 KB] New best heuristic value for operatorcounting(constraint_generators=[pho_constraints(patterns=systematic(4))],use_integer_operator_counts=true,transform=adapt_costs(cost_type=one)): 58
[t=709.413s, 905960 KB] g=1534356, 504 evaluated, 51 expanded
[t=717.472s, 905960 KB] New best heuristic value for operatorcounting(constraint_generators=[pho_constraints(patterns=systematic(4))],use_integer_operator_counts=true,transform=adapt_costs(cost_type=one)): 57
[t=717.472s, 905960 KB] g=1546161, 511 evaluated, 52 expanded
[t=726.771s, 905960 KB] New best heuristic value for operatorcounting(constraint_generators=[pho_constraints(patterns=systematic(4))],use_integer_operator_counts=true,transform=adapt_costs(cost_type=one)): 56
[t=726.771s, 905960 KB] g=1669910, 519 evaluated, 53 expanded
[t=734.776s, 905960 KB] New best heuristic value for operatorcounting(constraint_generators=[pho_constraints(patterns=systematic(4))],use_integer_operator_counts=true,transform=adapt_costs(cost_type=one)): 55
[t=734.776s, 905960 KB] g=1697619, 525 evaluated, 54 expanded
[t=743.35s, 905960 KB] New best heuristic value for operatorcounting(constraint_generators=[pho_constraints(patterns=systematic(4))],use_integer_operator_counts=true,transform=adapt_costs(cost_type=one)): 54
[t=743.35s, 905960 KB] g=1708826, 532 evaluated, 55 expanded
[t=750.996s, 905960 KB] New best heuristic value for operatorcounting(constraint_generators=[pho_constraints(patterns=systematic(4))],use_integer_operator_counts=true,transform=adapt_costs(cost_type=one)): 53
[t=750.996s, 905960 KB] g=1712077, 539 evaluated, 56 expanded
[t=759.478s, 905960 KB] New best heuristic value for operatorcounting(constraint_generators=[pho_constraints(patterns=systematic(4))],use_integer_operator_counts=true,transform=adapt_costs(cost_type=one)): 52
[t=759.478s, 905960 KB] g=1713576, 546 evaluated, 57 expanded
[t=767.031s, 905960 KB] New best heuristic value for operatorcounting(constraint_generators=[pho_constraints(patterns=systematic(4))],use_integer_operator_counts=true,transform=adapt_costs(cost_type=one)): 51
[t=767.031s, 905960 KB] g=1714475, 552 evaluated, 58 expanded
[t=773.307s, 905960 KB] New best heuristic value for operatorcounting(constraint_generators=[pho_constraints(patterns=systematic(4))],use_integer_operator_counts=true,transform=adapt_costs(cost_type=one)): 50
[t=773.307s, 905960 KB] g=1717164, 557 evaluated, 59 expanded
[t=779.638s, 905960 KB] New best heuristic value for operatorcounting(constraint_generators=[pho_constraints(patterns=systematic(4))],use_integer_operator_counts=true,transform=adapt_costs(cost_type=one)): 49
[t=779.638s, 905960 KB] g=1728054, 564 evaluated, 60 expanded
[t=786.094s, 905960 KB] New best heuristic value for operatorcounting(constraint_generators=[pho_constraints(patterns=systematic(4))],use_integer_operator_counts=true,transform=adapt_costs(cost_type=one)): 48
[t=786.094s, 905960 KB] g=1745506, 569 evaluated, 61 expanded
[t=793.453s, 905960 KB] New best heuristic value for operatorcounting(constraint_generators=[pho_constraints(patterns=systematic(4))],use_integer_operator_counts=true,transform=adapt_costs(cost_type=one)): 47
[t=793.453s, 905960 KB] g=1957355, 576 evaluated, 62 expanded
[t=799.745s, 905960 KB] New best heuristic value for operatorcounting(constraint_generators=[pho_constraints(patterns=systematic(4))],use_integer_operator_counts=true,transform=adapt_costs(cost_type=one)): 46
[t=799.745s, 905960 KB] g=2036274, 582 evaluated, 63 expanded
[t=807.495s, 905960 KB] New best heuristic value for operatorcounting(constraint_generators=[pho_constraints(patterns=systematic(4))],use_integer_operator_counts=true,transform=adapt_costs(cost_type=one)): 45
[t=807.495s, 905960 KB] g=2039842, 589 evaluated, 64 expanded
[t=813.891s, 905960 KB] New best heuristic value for operatorcounting(constraint_generators=[pho_constraints(patterns=systematic(4))],use_integer_operator_counts=true,transform=adapt_costs(cost_type=one)): 44
[t=813.891s, 905960 KB] g=2050711, 594 evaluated, 65 expanded
[t=820.117s, 905960 KB] New best heuristic value for operatorcounting(constraint_generators=[pho_constraints(patterns=systematic(4))],use_integer_operator_counts=true,transform=adapt_costs(cost_type=one)): 43
[t=820.117s, 905960 KB] g=2061580, 599 evaluated, 66 expanded
[t=826.359s, 905960 KB] New best heuristic value for operatorcounting(constraint_generators=[pho_constraints(patterns=systematic(4))],use_integer_operator_counts=true,transform=adapt_costs(cost_type=one)): 42
[t=826.359s, 905960 KB] g=2064711, 604 evaluated, 67 expanded
[t=832.655s, 905960 KB] New best heuristic value for operatorcounting(constraint_generators=[pho_constraints(patterns=systematic(4))],use_integer_operator_counts=true,transform=adapt_costs(cost_type=one)): 41
[t=832.655s, 905960 KB] g=2075601, 610 evaluated, 68 expanded
[t=838.889s, 905960 KB] New best heuristic value for operatorcounting(constraint_generators=[pho_constraints(patterns=systematic(4))],use_integer_operator_counts=true,transform=adapt_costs(cost_type=one)): 40
[t=838.889s, 905960 KB] g=2093053, 616 evaluated, 69 expanded
[t=845.06s, 905960 KB] New best heuristic value for operatorcounting(constraint_generators=[pho_constraints(patterns=systematic(4))],use_integer_operator_counts=true,transform=adapt_costs(cost_type=one)): 39
[t=845.06s, 905960 KB] g=2304902, 622 evaluated, 70 expanded
[t=851.241s, 905960 KB] New best heuristic value for operatorcounting(constraint_generators=[pho_constraints(patterns=systematic(4))],use_integer_operator_counts=true,transform=adapt_costs(cost_type=one)): 38
[t=851.241s, 905960 KB] g=2383821, 628 evaluated, 71 expanded
[t=858.064s, 905960 KB] New best heuristic value for operatorcounting(constraint_generators=[pho_constraints(patterns=systematic(4))],use_integer_operator_counts=true,transform=adapt_costs(cost_type=one)): 37
[t=858.064s, 905960 KB] g=2387072, 634 evaluated, 72 expanded
[t=864.838s, 905960 KB] New best heuristic value for operatorcounting(constraint_generators=[pho_constraints(patterns=systematic(4))],use_integer_operator_counts=true,transform=adapt_costs(cost_type=one)): 36
[t=864.838s, 905960 KB] g=2388571, 640 evaluated, 73 expanded
[t=870.772s, 905960 KB] New best heuristic value for operatorcounting(constraint_generators=[pho_constraints(patterns=systematic(4))],use_integer_operator_counts=true,transform=adapt_costs(cost_type=one)): 35
[t=870.772s, 905960 KB] g=2389470, 645 evaluated, 74 expanded
[t=875.489s, 905960 KB] New best heuristic value for operatorcounting(constraint_generators=[pho_constraints(patterns=systematic(4))],use_integer_operator_counts=true,transform=adapt_costs(cost_type=one)): 34
[t=875.489s, 905960 KB] g=2392159, 649 evaluated, 75 expanded
[t=880.264s, 905960 KB] New best heuristic value for operatorcounting(constraint_generators=[pho_constraints(patterns=systematic(4))],use_integer_operator_counts=true,transform=adapt_costs(cost_type=one)): 33
[t=880.264s, 905960 KB] g=2403964, 654 evaluated, 76 expanded
[t=885.799s, 905960 KB] New best heuristic value for operatorcounting(constraint_generators=[pho_constraints(patterns=systematic(4))],use_integer_operator_counts=true,transform=adapt_costs(cost_type=one)): 32
[t=885.799s, 905960 KB] g=2527713, 660 evaluated, 77 expanded
[t=890.637s, 905960 KB] New best heuristic value for operatorcounting(constraint_generators=[pho_constraints(patterns=systematic(4))],use_integer_operator_counts=true,transform=adapt_costs(cost_type=one)): 31
[t=890.637s, 905960 KB] g=2555422, 664 evaluated, 78 expanded
[t=897.098s, 905960 KB] New best heuristic value for operatorcounting(constraint_generators=[pho_constraints(patterns=systematic(4))],use_integer_operator_counts=true,transform=adapt_costs(cost_type=one)): 30
[t=897.098s, 905960 KB] g=2572874, 670 evaluated, 79 expanded
[t=901.909s, 905960 KB] New best heuristic value for operatorcounting(constraint_generators=[pho_constraints(patterns=systematic(4))],use_integer_operator_counts=true,transform=adapt_costs(cost_type=one)): 29
[t=901.909s, 905960 KB] g=2784723, 675 evaluated, 80 expanded
[t=906.684s, 905960 KB] New best heuristic value for operatorcounting(constraint_generators=[pho_constraints(patterns=systematic(4))],use_integer_operator_counts=true,transform=adapt_costs(cost_type=one)): 28
[t=906.684s, 905960 KB] g=2863642, 680 evaluated, 81 expanded
[t=912.278s, 905960 KB] New best heuristic value for operatorcounting(constraint_generators=[pho_constraints(patterns=systematic(4))],use_integer_operator_counts=true,transform=adapt_costs(cost_type=one)): 27
[t=912.278s, 905960 KB] g=2866893, 685 evaluated, 82 expanded
[t=917.787s, 905960 KB] New best heuristic value for operatorcounting(constraint_generators=[pho_constraints(patterns=systematic(4))],use_integer_operator_counts=true,transform=adapt_costs(cost_type=one)): 26
[t=917.787s, 905960 KB] g=2868392, 690 evaluated, 83 expanded
[t=922.501s, 905960 KB] New best heuristic value for operatorcounting(constraint_generators=[pho_constraints(patterns=systematic(4))],use_integer_operator_counts=true,transform=adapt_costs(cost_type=one)): 25
[t=922.501s, 905960 KB] g=2869291, 694 evaluated, 84 expanded
[t=925.961s, 905960 KB] New best heuristic value for operatorcounting(constraint_generators=[pho_constraints(patterns=systematic(4))],use_integer_operator_counts=true,transform=adapt_costs(cost_type=one)): 24
[t=925.961s, 905960 KB] g=2871980, 697 evaluated, 85 expanded
[t=929.552s, 905960 KB] New best heuristic value for operatorcounting(constraint_generators=[pho_constraints(patterns=systematic(4))],use_integer_operator_counts=true,transform=adapt_costs(cost_type=one)): 23
[t=929.552s, 905960 KB] g=2883785, 701 evaluated, 86 expanded
[t=933.923s, 905960 KB] New best heuristic value for operatorcounting(constraint_generators=[pho_constraints(patterns=systematic(4))],use_integer_operator_counts=true,transform=adapt_costs(cost_type=one)): 22
[t=933.923s, 905960 KB] g=3007534, 705 evaluated, 87 expanded
[t=937.532s, 905960 KB] New best heuristic value for operatorcounting(constraint_generators=[pho_constraints(patterns=systematic(4))],use_integer_operator_counts=true,transform=adapt_costs(cost_type=one)): 21
[t=937.532s, 905960 KB] g=3035243, 709 evaluated, 88 expanded
[t=942.696s, 905960 KB] New best heuristic value for operatorcounting(constraint_generators=[pho_constraints(patterns=systematic(4))],use_integer_operator_counts=true,transform=adapt_costs(cost_type=one)): 20
[t=942.696s, 905960 KB] g=3052695, 714 evaluated, 89 expanded
[t=946.229s, 905960 KB] New best heuristic value for operatorcounting(constraint_generators=[pho_constraints(patterns=systematic(4))],use_integer_operator_counts=true,transform=adapt_costs(cost_type=one)): 19
[t=946.229s, 905960 KB] g=3264544, 718 evaluated, 90 expanded
[t=949.781s, 905960 KB] New best heuristic value for operatorcounting(constraint_generators=[pho_constraints(patterns=systematic(4))],use_integer_operator_counts=true,transform=adapt_costs(cost_type=one)): 18
[t=949.781s, 905960 KB] g=3343463, 722 evaluated, 91 expanded
[t=954.106s, 905960 KB] New best heuristic value for operatorcounting(constraint_generators=[pho_constraints(patterns=systematic(4))],use_integer_operator_counts=true,transform=adapt_costs(cost_type=one)): 17
[t=954.106s, 905960 KB] g=3346714, 726 evaluated, 92 expanded
[t=958.371s, 905960 KB] New best heuristic value for operatorcounting(constraint_generators=[pho_constraints(patterns=systematic(4))],use_integer_operator_counts=true,transform=adapt_costs(cost_type=one)): 16
[t=958.371s, 905960 KB] g=3348213, 730 evaluated, 93 expanded
[t=961.901s, 905960 KB] New best heuristic value for operatorcounting(constraint_generators=[pho_constraints(patterns=systematic(4))],use_integer_operator_counts=true,transform=adapt_costs(cost_type=one)): 15
[t=961.901s, 905960 KB] g=3349112, 733 evaluated, 94 expanded
[t=964.18s, 905960 KB] New best heuristic value for operatorcounting(constraint_generators=[pho_constraints(patterns=systematic(4))],use_integer_operator_counts=true,transform=adapt_costs(cost_type=one)): 14
[t=964.18s, 905960 KB] g=3351801, 735 evaluated, 95 expanded
[t=966.416s, 905960 KB] New best heuristic value for operatorcounting(constraint_generators=[pho_constraints(patterns=systematic(4))],use_integer_operator_counts=true,transform=adapt_costs(cost_type=one)): 13
[t=966.416s, 905960 KB] g=3363606, 738 evaluated, 96 expanded
[t=969.786s, 905960 KB] New best heuristic value for operatorcounting(constraint_generators=[pho_constraints(patterns=systematic(4))],use_integer_operator_counts=true,transform=adapt_costs(cost_type=one)): 12
[t=969.786s, 905960 KB] g=3487355, 742 evaluated, 97 expanded
[t=972.025s, 905960 KB] New best heuristic value for operatorcounting(constraint_generators=[pho_constraints(patterns=systematic(4))],use_integer_operator_counts=true,transform=adapt_costs(cost_type=one)): 11
[t=972.025s, 905960 KB] g=3515064, 744 evaluated, 98 expanded
[t=975.003s, 905960 KB] New best heuristic value for operatorcounting(constraint_generators=[pho_constraints(patterns=systematic(4))],use_integer_operator_counts=true,transform=adapt_costs(cost_type=one)): 10
[t=975.003s, 905960 KB] g=3526271, 747 evaluated, 99 expanded
[t=977.177s, 905960 KB] New best heuristic value for operatorcounting(constraint_generators=[pho_constraints(patterns=systematic(4))],use_integer_operator_counts=true,transform=adapt_costs(cost_type=one)): 9
[t=977.177s, 905960 KB] g=3529522, 750 evaluated, 100 expanded
[t=980.146s, 905960 KB] New best heuristic value for operatorcounting(constraint_generators=[pho_constraints(patterns=systematic(4))],use_integer_operator_counts=true,transform=adapt_costs(cost_type=one)): 8
[t=980.146s, 905960 KB] g=3531021, 753 evaluated, 101 expanded
[t=982.008s, 905960 KB] New best heuristic value for operatorcounting(constraint_generators=[pho_constraints(patterns=systematic(4))],use_integer_operator_counts=true,transform=adapt_costs(cost_type=one)): 7
[t=982.008s, 905960 KB] g=3531920, 755 evaluated, 102 expanded
[t=982.727s, 905960 KB] New best heuristic value for operatorcounting(constraint_generators=[pho_constraints(patterns=systematic(4))],use_integer_operator_counts=true,transform=adapt_costs(cost_type=one)): 6
[t=982.727s, 905960 KB] g=3534609, 756 evaluated, 103 expanded
[t=983.469s, 905960 KB] New best heuristic value for operatorcounting(constraint_generators=[pho_constraints(patterns=systematic(4))],use_integer_operator_counts=true,transform=adapt_costs(cost_type=one)): 5
[t=983.469s, 905960 KB] g=3546414, 758 evaluated, 104 expanded
[t=985.302s, 905960 KB] New best heuristic value for operatorcounting(constraint_generators=[pho_constraints(patterns=systematic(4))],use_integer_operator_counts=true,transform=adapt_costs(cost_type=one)): 4
[t=985.302s, 905960 KB] g=3670163, 761 evaluated, 105 expanded
[t=985.96s, 905960 KB] New best heuristic value for operatorcounting(constraint_generators=[pho_constraints(patterns=systematic(4))],use_integer_operator_counts=true,transform=adapt_costs(cost_type=one)): 3
[t=985.96s, 905960 KB] g=3697872, 762 evaluated, 106 expanded
[t=987.67s, 905960 KB] New best heuristic value for operatorcounting(constraint_generators=[pho_constraints(patterns=systematic(4))],use_integer_operator_counts=true,transform=adapt_costs(cost_type=one)): 2
[t=987.67s, 905960 KB] g=3709079, 764 evaluated, 107 expanded
[t=988.257s, 905960 KB] New best heuristic value for operatorcounting(constraint_generators=[pho_constraints(patterns=systematic(4))],use_integer_operator_counts=true,transform=adapt_costs(cost_type=one)): 1
[t=988.257s, 905960 KB] g=3712330, 766 evaluated, 108 expanded
[t=989.857s, 905960 KB] New best heuristic value for operatorcounting(constraint_generators=[pho_constraints(patterns=systematic(4))],use_integer_operator_counts=true,transform=adapt_costs(cost_type=one)): 0
[t=989.857s, 905960 KB] g=3713829, 768 evaluated, 109 expanded
[t=989.857s, 905960 KB] Solution found!
[t=989.857s, 905960 KB] Actual search time: 958.497s
initialize  (0)
fe1-feedmsi-letter sheet1 (500)
im1-movelower-letter sheet1 (3088)
lc1-fmove-letter sheet1 (10890)
lc2-divert-letter sheet1 back front (17452)
lre-simplex-letter sheet1 front image-1 (211849)
lc2-mergeinvert-letter sheet1 (78919)
om-lowerout-letter sheet1 (3251)
sys-stack-letter sheet1 dummy-sheet (1499)
fe1-feedmsi-letter sheet2 (500)
im1-movelower-letter sheet2 (3088)
lc1-fmove-letter sheet2 (10890)
lc2-divert-letter sheet2 back front (17452)
lre-simplex-letter sheet2 front image-2 (211849)
lc2-mergeinvert-letter sheet2 (78919)
om-lowerout-letter sheet2 (3251)
sys-stack-letter sheet2 sheet1 (1499)
fe1-feedmsi-letter sheet3 (500)
im1-movelower-letter sheet3 (3088)
lc1-divert-letter sheet3 back front (11805)
lbe-simplex-letter sheet3 front image-3 (123749)
lc1-merge-letter sheet3 (27709)
lc2-fmove-letter sheet3 (11207)
om-lowerout-letter sheet3 (3251)
sys-stack-letter sheet3 sheet2 (1499)
fe1-feedmsi-letter sheet4 (500)
im1-movelower-letter sheet4 (3088)
lc1-divert-letter sheet4 back front (11805)
lbe-simplex-letter sheet4 front image-4 (123749)
lc1-merge-letter sheet4 (27709)
lc2-fmove-letter sheet4 (11207)
om-lowerout-letter sheet4 (3251)
sys-stack-letter sheet4 sheet3 (1499)
fe1-feedmsi-letter sheet5 (500)
im1-movelower-letter sheet5 (3088)
lc1-divert-letter sheet5 back front (11805)
lbe-simplex-letter sheet5 front image-5 (123749)
lc1-merge-letter sheet5 (27709)
lc2-fmove-letter sheet5 (11207)
om-lowerout-letter sheet5 (3251)
sys-stack-letter sheet5 sheet4 (1499)
fe1-feedmsi-letter sheet6 (500)
im1-movelower-letter sheet6 (3088)
lc1-fmove-letter sheet6 (10890)
lc2-divert-letter sheet6 back front (17452)
lre-simplex-letter sheet6 front image-6 (211849)
lc2-mergeinvert-letter sheet6 (78919)
om-lowerout-letter sheet6 (3251)
sys-stack-letter sheet6 sheet5 (1499)
fe1-feedmsi-letter sheet7 (500)
im1-movelower-letter sheet7 (3088)
lc1-divert-letter sheet7 back front (11805)
lbe-simplex-letter sheet7 front image-7 (123749)
lc1-merge-letter sheet7 (27709)
lc2-fmove-letter sheet7 (11207)
om-lowerout-letter sheet7 (3251)
sys-stack-letter sheet7 sheet6 (1499)
fe1-feedmsi-letter sheet8 (500)
im1-movelower-letter sheet8 (3088)
lc1-fmove-letter sheet8 (10890)
lc2-divert-letter sheet8 back front (17452)
lre-simplex-letter sheet8 front image-8 (211849)
lc2-mergeinvert-letter sheet8 (78919)
om-lowerreturn-letter sheet8 (3568)
rh2-returnmove-letter sheet8 (10869)
rh1-returnmove-letter sheet8 (10869)
im1-looplower-letter sheet8 (3131)
lc1-fmove-letter sheet8 (10890)
lc2-divert-letter sheet8 front back (17452)
lre-simplex-letter sheet8 back image-8b (211849)
lc2-merge-letter sheet8 back front (78919)
om-lowerout-letter sheet8 (3251)
sys-stack-letter sheet8 sheet7 (1499)
fe1-feedmsi-letter sheet9 (500)
im1-movelower-letter sheet9 (3088)
lc1-divert-letter sheet9 back front (11805)
lbe-simplex-letter sheet9 front image-9 (123749)
lc1-merge-letter sheet9 (27709)
lc2-divert-letter sheet9 front back (17452)
lre-simplexmono-letter sheet9 back image-9b (211849)
lc2-merge-letter sheet9 back front (78919)
om-lowerout-letter sheet9 (3251)
sys-stack-letter sheet9 sheet8 (1499)
fe1-feedmsi-letter sheet10 (500)
im1-movelower-letter sheet10 (3088)
lc1-divert-letter sheet10 back front (11805)
lbe-simplex-letter sheet10 front image-10 (123749)
lc1-merge-letter sheet10 (27709)
lc2-divert-letter sheet10 front back (17452)
lre-simplexmono-letter sheet10 back image-10b (211849)
lc2-merge-letter sheet10 back front (78919)
om-lowerout-letter sheet10 (3251)
sys-stack-letter sheet10 sheet9 (1499)
fe1-feedmsi-letter sheet11 (500)
im1-movelower-letter sheet11 (3088)
lc1-divert-letter sheet11 back front (11805)
lbe-simplex-letter sheet11 front image-11 (123749)
lc1-merge-letter sheet11 (27709)
lc2-fmove-letter sheet11 (11207)
om-lowerout-letter sheet11 (3251)
sys-stack-letter sheet11 sheet10 (1499)
fe1-feedmsi-letter sheet12 (500)
im1-movelower-letter sheet12 (3088)
lc1-divert-letter sheet12 back front (11805)
lbe-simplex-letter sheet12 front image-12 (123749)
lc1-merge-letter sheet12 (27709)
lc2-fmove-letter sheet12 (11207)
om-lowerout-letter sheet12 (3251)
sys-stack-letter sheet12 sheet11 (1499)
[t=989.857s, 905960 KB] Plan length: 109 step(s).
[t=989.857s, 905960 KB] Plan cost: 3713829
[t=989.857s, 905960 KB] Expanded 110 state(s).
[t=989.857s, 905960 KB] Reopened 0 state(s).
[t=989.857s, 905960 KB] Evaluated 768 state(s).
[t=989.857s, 905960 KB] Evaluations: 768
[t=989.857s, 905960 KB] Generated 1498 state(s).
[t=989.857s, 905960 KB] Dead ends: 34 state(s).
[t=989.857s, 905960 KB] Number of registered states: 768
[t=989.857s, 905960 KB] Int hash set load factor: 768/1024 = 0.75
[t=989.857s, 905960 KB] Int hash set resizes: 10
[t=989.857s, 905960 KB] Search time: 959.399s
[t=989.857s, 905960 KB] Total time: 989.857s
Solution found.
Peak memory: 905960 KB
Remove intermediate file output.sas
search exit code: 0

INFO     Running validate.
INFO     validate stdin: None
INFO     validate time limit: None
INFO     validate memory limit: None
INFO     validate command line string: /home/henry/bin/validate domain.pddl problem.pddl sas_plan
Checking plan: sas_plan
Plan executed successfully - checking goal
Plan valid
Final value: 3713829 

Successful plans:
Value: 3713829
 sas_plan 3713829 

validate exit code: 0

INFO     Planner time: 990.23s
