INFO     planner time limit: 1800s
INFO     planner memory limit: 2048 MB

INFO     Running translator.
INFO     translator stdin: None
INFO     translator time limit: 1799s
INFO     translator memory limit: 2048 MB
INFO     translator command line string: /home/henry/Documents/UFRGS/TCC/downward/.venv/bin/python /home/henry/Documents/UFRGS/TCC/downward/experiments/lab/data/main/code-5bb2ccb6957559b6969ffd7e29254c73f84d5e49_e5e41175/builds/release/bin/translate/translate.py domain.pddl problem.pddl --sas-file output.sas
Parsing...
Parsing: [0.110s CPU, 0.118s wall-clock]
Normalizing task... [0.010s CPU, 0.012s wall-clock]
Instantiating...
Generating Datalog program... [0.030s CPU, 0.013s wall-clock]
Normalizing Datalog program...
Normalizing Datalog program: [0.100s CPU, 0.103s wall-clock]
Preparing model... [0.070s CPU, 0.067s wall-clock]
Generated 6310 rules.
Computing model... [4.280s CPU, 4.295s wall-clock]
157560 relevant atoms
394770 auxiliary atoms
552330 final queue length
787924 total queue pushes
Completing instantiation... [4.410s CPU, 4.402s wall-clock]
Instantiating: [9.030s CPU, 9.025s wall-clock]
Computing fact groups...
Finding invariants...
1272 initial candidates
Finding invariants: [14.310s CPU, 14.310s wall-clock]
Checking invariant weight... [0.000s CPU, 0.000s wall-clock]
Instantiating groups... [0.000s CPU, 0.000s wall-clock]
Collecting mutex groups... [0.000s CPU, 0.001s wall-clock]
Choosing groups...
3570 uncovered facts
Choosing groups: [0.000s CPU, 0.000s wall-clock]
Building translation key... [0.000s CPU, 0.007s wall-clock]
Computing fact groups: [14.330s CPU, 14.338s wall-clock]
Building STRIPS to SAS dictionary... [0.010s CPU, 0.002s wall-clock]
Building dictionary for full mutex groups... [0.000s CPU, 0.002s wall-clock]
Building mutex information...
Building mutex information: [0.000s CPU, 0.002s wall-clock]
Translating task...
Processing axioms...
Simplifying axioms... [0.000s CPU, 0.000s wall-clock]
Translator axioms removed by simplifying: 0
Computing negative axioms... [0.000s CPU, 0.000s wall-clock]
Processing axioms: [0.170s CPU, 0.175s wall-clock]
Translating task: [5.060s CPU, 5.073s wall-clock]
218607 effect conditions simplified
0 implied preconditions added
Detecting unreachable propositions...
357 operators removed
0 axioms removed
46 propositions removed
Detecting unreachable propositions: [2.990s CPU, 2.982s wall-clock]
Reordering and filtering variables...
3320 of 3547 variables necessary.
0 of 0 mutex groups necessary.
142867 of 149165 operators necessary.
0 of 0 axiom rules necessary.
Reordering and filtering variables: [2.430s CPU, 2.429s wall-clock]
Translator variables: 3320
Translator derived variables: 0
Translator facts: 6640
Translator goal facts: 77
Translator mutex groups: 0
Translator total mutex groups size: 0
Translator operators: 142867
Translator axioms: 0
Translator task size: 969163
Translator peak memory: 617368 KB
Writing output... [0.740s CPU, 0.740s wall-clock]
Done! [34.910s CPU, 34.930s wall-clock]
translate exit code: 0

INFO     Running search (release).
INFO     search stdin: output.sas
INFO     search time limit: 1764s
INFO     search memory limit: 2048 MB
INFO     search command line string: /home/henry/Documents/UFRGS/TCC/downward/experiments/lab/data/main/code-5bb2ccb6957559b6969ffd7e29254c73f84d5e49_e5e41175/builds/release/bin/downward --search 'eager_greedy([operatorcounting(constraint_generators=[pho_constraints(patterns=systematic(4))], use_integer_operator_counts=true, transform=adapt_costs(cost_type=NORMAL))])' --internal-plan-file sas_plan < output.sas
[t=0s, 45596 KB] reading input...
[t=0.50789s, 90644 KB] done reading input!
[t=0.518337s, 103332 KB] Generating patterns using: systematic pattern collection generator
[t=0.518337s, 103332 KB] building causal graph...done! [t=0.271832s]
Failed to allocate memory.
Memory limit has been reached.
Peak memory: 1917800 KB
Remove intermediate file output.sas
search exit code: 22

Driver aborting after search
INFO     Planner time: 46.72s
