INFO     planner time limit: 1800s
INFO     planner memory limit: 2048 MB

INFO     Running translator.
INFO     translator stdin: None
INFO     translator time limit: 1799s
INFO     translator memory limit: 2048 MB
INFO     translator command line string: /home/henry/Documents/UFRGS/TCC/downward/.venv/bin/python /home/henry/Documents/UFRGS/TCC/downward/experiments/lab/data/main/code-5bb2ccb6957559b6969ffd7e29254c73f84d5e49_e5e41175/builds/release/bin/translate/translate.py domain.pddl problem.pddl --sas-file output.sas
Parsing...
Parsing: [0.000s CPU, 0.001s wall-clock]
Normalizing task... [0.000s CPU, 0.000s wall-clock]
Instantiating...
Generating Datalog program... [0.000s CPU, 0.000s wall-clock]
Normalizing Datalog program...
Normalizing Datalog program: [0.000s CPU, 0.002s wall-clock]
Preparing model... [0.000s CPU, 0.001s wall-clock]
Generated 50 rules.
Computing model... [0.010s CPU, 0.006s wall-clock]
501 relevant atoms
606 auxiliary atoms
1107 final queue length
1409 total queue pushes
Completing instantiation... [0.000s CPU, 0.005s wall-clock]
Instantiating: [0.010s CPU, 0.014s wall-clock]
Computing fact groups...
Finding invariants...
11 initial candidates
Finding invariants: [0.010s CPU, 0.003s wall-clock]
Checking invariant weight... [0.000s CPU, 0.000s wall-clock]
Instantiating groups... [0.000s CPU, 0.001s wall-clock]
Collecting mutex groups... [0.000s CPU, 0.000s wall-clock]
Choosing groups...
0 uncovered facts
Choosing groups: [0.000s CPU, 0.000s wall-clock]
Building translation key... [0.000s CPU, 0.000s wall-clock]
Computing fact groups: [0.010s CPU, 0.005s wall-clock]
Building STRIPS to SAS dictionary... [0.000s CPU, 0.000s wall-clock]
Building dictionary for full mutex groups... [0.000s CPU, 0.000s wall-clock]
Building mutex information...
Building mutex information: [0.000s CPU, 0.000s wall-clock]
Translating task...
Processing axioms...
Simplifying axioms... [0.000s CPU, 0.000s wall-clock]
Translator axioms removed by simplifying: 0
Computing negative axioms... [0.000s CPU, 0.000s wall-clock]
Processing axioms: [0.000s CPU, 0.000s wall-clock]
Translating task: [0.010s CPU, 0.006s wall-clock]
0 effect conditions simplified
0 implied preconditions added
Detecting unreachable propositions...
0 operators removed
0 axioms removed
4 propositions removed
Detecting unreachable propositions: [0.000s CPU, 0.003s wall-clock]
Reordering and filtering variables...
24 of 24 variables necessary.
40 of 44 mutex groups necessary.
256 of 256 operators necessary.
0 of 0 axiom rules necessary.
Reordering and filtering variables: [0.000s CPU, 0.001s wall-clock]
Translator variables: 24
Translator derived variables: 0
Translator facts: 124
Translator goal facts: 16
Translator mutex groups: 40
Translator total mutex groups size: 160
Translator operators: 256
Translator axioms: 0
Translator task size: 1720
Translator peak memory: 32884 KB
Writing output... [0.000s CPU, 0.001s wall-clock]
Done! [0.030s CPU, 0.033s wall-clock]
translate exit code: 0

INFO     Running search (release).
INFO     search stdin: output.sas
INFO     search time limit: 1799s
INFO     search memory limit: 2048 MB
INFO     search command line string: /home/henry/Documents/UFRGS/TCC/downward/experiments/lab/data/main/code-5bb2ccb6957559b6969ffd7e29254c73f84d5e49_e5e41175/builds/release/bin/downward --search 'eager_greedy([ff(transform=adapt_costs(cost_type=NORMAL))])' --internal-plan-file sas_plan < output.sas
[t=0s, 10544 KB] reading input...
[t=0s, 10544 KB] done reading input!
[t=0.00384791s, 10940 KB] Simplifying 504 unary operators... done! [504 unary operators]
[t=0.00384791s, 10940 KB] time to simplify: 0s
[t=0.00384791s, 10940 KB] Initializing additive heuristic...
[t=0.00384791s, 10940 KB] Initializing FF heuristic...
[t=0.00384791s, 10940 KB] Building successor generator...done!
[t=0.00384791s, 10940 KB] peak memory difference for successor generator creation: 0 KB
[t=0.00384791s, 10940 KB] time for successor generation creation: 0s
[t=0.00384791s, 10940 KB] Variables: 24
[t=0.00384791s, 10940 KB] FactPairs: 124
[t=0.00384791s, 10940 KB] Bytes per state: 8
[t=0.00384791s, 10940 KB] Conducting best first search without reopening closed nodes, (real) bound = 2147483647
[t=0.00384791s, 10940 KB] New best heuristic value for ff(transform=adapt_costs(cost_type=normal)): 53
[t=0.00384791s, 10940 KB] g=0, 1 evaluated, 0 expanded
[t=0.00384791s, 10940 KB] Initial heuristic value for ff(transform=adapt_costs(cost_type=normal)): 53
[t=0.00384791s, 10940 KB] pruning method: none
[t=0.00384791s, 10940 KB] New best heuristic value for ff(transform=adapt_costs(cost_type=normal)): 50
[t=0.00384791s, 10940 KB] g=2, 5 evaluated, 1 expanded
[t=0.00384791s, 10940 KB] New best heuristic value for ff(transform=adapt_costs(cost_type=normal)): 46
[t=0.00384791s, 10940 KB] g=3, 8 evaluated, 1 expanded
[t=0.00384791s, 10940 KB] New best heuristic value for ff(transform=adapt_costs(cost_type=normal)): 45
[t=0.00384791s, 10940 KB] g=4, 21 evaluated, 2 expanded
[t=0.00384791s, 10940 KB] New best heuristic value for ff(transform=adapt_costs(cost_type=normal)): 43
[t=0.00384791s, 10940 KB] g=4, 22 evaluated, 2 expanded
[t=0.00384791s, 10940 KB] New best heuristic value for ff(transform=adapt_costs(cost_type=normal)): 42
[t=0.00384791s, 10940 KB] g=7, 33 evaluated, 4 expanded
[t=0.00384791s, 10940 KB] New best heuristic value for ff(transform=adapt_costs(cost_type=normal)): 40
[t=0.00384791s, 10940 KB] g=8, 51 evaluated, 5 expanded
[t=0.00384791s, 10940 KB] New best heuristic value for ff(transform=adapt_costs(cost_type=normal)): 38
[t=0.00384791s, 10940 KB] g=12, 117 evaluated, 12 expanded
[t=0.00384791s, 10940 KB] New best heuristic value for ff(transform=adapt_costs(cost_type=normal)): 37
[t=0.00384791s, 10940 KB] g=28, 280 evaluated, 43 expanded
[t=0.00384791s, 10940 KB] New best heuristic value for ff(transform=adapt_costs(cost_type=normal)): 36
[t=0.00384791s, 10940 KB] g=30, 299 evaluated, 45 expanded
[t=0.00384791s, 10940 KB] New best heuristic value for ff(transform=adapt_costs(cost_type=normal)): 34
[t=0.00384791s, 10940 KB] g=32, 331 evaluated, 50 expanded
[t=0.00785291s, 10940 KB] New best heuristic value for ff(transform=adapt_costs(cost_type=normal)): 33
[t=0.00785291s, 10940 KB] g=36, 414 evaluated, 62 expanded
[t=0.00785291s, 10940 KB] New best heuristic value for ff(transform=adapt_costs(cost_type=normal)): 32
[t=0.00785291s, 10940 KB] g=37, 428 evaluated, 63 expanded
[t=0.00785291s, 10940 KB] New best heuristic value for ff(transform=adapt_costs(cost_type=normal)): 30
[t=0.00785291s, 10940 KB] g=41, 520 evaluated, 77 expanded
[t=0.00785291s, 10940 KB] New best heuristic value for ff(transform=adapt_costs(cost_type=normal)): 29
[t=0.00785291s, 10940 KB] g=60, 800 evaluated, 122 expanded
[t=0.00785291s, 10940 KB] New best heuristic value for ff(transform=adapt_costs(cost_type=normal)): 28
[t=0.00785291s, 10940 KB] g=62, 814 evaluated, 124 expanded
[t=0.0118384s, 10940 KB] New best heuristic value for ff(transform=adapt_costs(cost_type=normal)): 27
[t=0.0118384s, 10940 KB] g=64, 1225 evaluated, 200 expanded
[t=0.0118384s, 10940 KB] New best heuristic value for ff(transform=adapt_costs(cost_type=normal)): 26
[t=0.0118384s, 10940 KB] g=66, 1352 evaluated, 224 expanded
[t=0.0158383s, 11076 KB] New best heuristic value for ff(transform=adapt_costs(cost_type=normal)): 25
[t=0.0198421s, 11076 KB] g=71, 2317 evaluated, 474 expanded
[t=0.0198421s, 11076 KB] New best heuristic value for ff(transform=adapt_costs(cost_type=normal)): 24
[t=0.0198421s, 11076 KB] g=72, 2325 evaluated, 475 expanded
[t=0.0198421s, 11076 KB] New best heuristic value for ff(transform=adapt_costs(cost_type=normal)): 22
[t=0.0198421s, 11076 KB] g=74, 2330 evaluated, 476 expanded
[t=0.0198421s, 11076 KB] New best heuristic value for ff(transform=adapt_costs(cost_type=normal)): 20
[t=0.0198421s, 11076 KB] g=90, 3046 evaluated, 723 expanded
[t=0.0198421s, 11076 KB] New best heuristic value for ff(transform=adapt_costs(cost_type=normal)): 19
[t=0.0198421s, 11076 KB] g=96, 3080 evaluated, 731 expanded
[t=0.0238267s, 11076 KB] New best heuristic value for ff(transform=adapt_costs(cost_type=normal)): 18
[t=0.0238267s, 11076 KB] g=91, 3183 evaluated, 758 expanded
[t=0.0238267s, 11076 KB] New best heuristic value for ff(transform=adapt_costs(cost_type=normal)): 16
[t=0.0238267s, 11076 KB] g=93, 3188 evaluated, 759 expanded
[t=0.0997685s, 11744 KB] New best heuristic value for ff(transform=adapt_costs(cost_type=normal)): 15
[t=0.0997685s, 11744 KB] g=126, 19465 evaluated, 6149 expanded
[t=0.0997685s, 11744 KB] New best heuristic value for ff(transform=adapt_costs(cost_type=normal)): 12
[t=0.0997685s, 11744 KB] g=135, 19473 evaluated, 6152 expanded
[t=0.0997685s, 11744 KB] New best heuristic value for ff(transform=adapt_costs(cost_type=normal)): 10
[t=0.0997685s, 11744 KB] g=146, 19557 evaluated, 6177 expanded
[t=4.27176s, 41912 KB] New best heuristic value for ff(transform=adapt_costs(cost_type=normal)): 8
[t=4.27576s, 41912 KB] g=99, 818552 evaluated, 300025 expanded
[t=4.27576s, 41912 KB] New best heuristic value for ff(transform=adapt_costs(cost_type=normal)): 6
[t=4.27576s, 41912 KB] g=102, 818561 evaluated, 300027 expanded
[t=4.27576s, 41912 KB] New best heuristic value for ff(transform=adapt_costs(cost_type=normal)): 3
[t=4.27576s, 41912 KB] g=105, 818572 evaluated, 300029 expanded
[t=4.27576s, 41912 KB] New best heuristic value for ff(transform=adapt_costs(cost_type=normal)): 2
[t=4.27576s, 41912 KB] g=106, 818580 evaluated, 300030 expanded
[t=4.27576s, 41912 KB] New best heuristic value for ff(transform=adapt_costs(cost_type=normal)): 0
[t=4.27576s, 41912 KB] g=108, 818582 evaluated, 300031 expanded
[t=4.27576s, 41912 KB] Solution found!
[t=4.27576s, 41912 KB] Actual search time: 4.27191s
up robot1 tile_2-1 tile_3-1 (3)
down robot2 tile_4-2 tile_3-2 (1)
right robot2 tile_3-2 tile_3-3 (1)
paint-up robot2 tile_4-3 tile_3-3 black (2)
right robot1 tile_3-1 tile_3-2 (1)
paint-up robot1 tile_4-2 tile_3-2 white (2)
left robot1 tile_3-2 tile_3-1 (1)
left robot2 tile_3-3 tile_3-2 (1)
up robot1 tile_3-1 tile_4-1 (3)
change-color robot2 black white (5)
change-color robot1 white black (5)
down robot1 tile_4-1 tile_3-1 (1)
paint-up robot1 tile_4-1 tile_3-1 black (2)
down robot1 tile_3-1 tile_2-1 (1)
right robot2 tile_3-2 tile_3-3 (1)
right robot1 tile_2-1 tile_2-2 (1)
paint-up robot1 tile_3-2 tile_2-2 black (2)
left robot1 tile_2-2 tile_2-1 (1)
right robot2 tile_3-3 tile_3-4 (1)
paint-up robot2 tile_4-4 tile_3-4 white (2)
down robot2 tile_3-4 tile_2-4 (1)
left robot2 tile_2-4 tile_2-3 (1)
paint-up robot2 tile_3-3 tile_2-3 white (2)
left robot2 tile_2-3 tile_2-2 (1)
up robot1 tile_2-1 tile_3-1 (3)
change-color robot2 white black (5)
change-color robot1 black white (5)
down robot1 tile_3-1 tile_2-1 (1)
paint-up robot1 tile_3-1 tile_2-1 white (2)
down robot1 tile_2-1 tile_1-1 (1)
right robot2 tile_2-2 tile_2-3 (1)
right robot1 tile_1-1 tile_1-2 (1)
paint-up robot1 tile_2-2 tile_1-2 white (2)
left robot1 tile_1-2 tile_1-1 (1)
right robot2 tile_2-3 tile_2-4 (1)
paint-up robot2 tile_3-4 tile_2-4 black (2)
down robot2 tile_2-4 tile_1-4 (1)
left robot2 tile_1-4 tile_1-3 (1)
paint-up robot2 tile_2-3 tile_1-3 black (2)
left robot2 tile_1-3 tile_1-2 (1)
down robot1 tile_1-1 tile_0-1 (1)
left robot2 tile_1-2 tile_1-1 (1)
paint-up robot2 tile_2-1 tile_1-1 black (2)
change-color robot2 black white (5)
change-color robot1 white black (5)
right robot1 tile_0-1 tile_0-2 (1)
paint-up robot1 tile_1-2 tile_0-2 black (2)
down robot2 tile_1-1 tile_0-1 (1)
paint-up robot2 tile_1-1 tile_0-1 white (2)
right robot1 tile_0-2 tile_0-3 (1)
right robot1 tile_0-3 tile_0-4 (1)
right robot2 tile_0-1 tile_0-2 (1)
right robot2 tile_0-2 tile_0-3 (1)
up robot2 tile_0-3 tile_1-3 (3)
right robot2 tile_1-3 tile_1-4 (1)
paint-up robot2 tile_2-4 tile_1-4 white (2)
left robot2 tile_1-4 tile_1-3 (1)
paint-up robot1 tile_1-4 tile_0-4 black (2)
down robot2 tile_1-3 tile_0-3 (1)
paint-up robot2 tile_1-3 tile_0-3 white (2)
[t=4.27576s, 41912 KB] Plan length: 60 step(s).
[t=4.27576s, 41912 KB] Plan cost: 108
[t=4.27576s, 41912 KB] Expanded 300032 state(s).
[t=4.27576s, 41912 KB] Reopened 0 state(s).
[t=4.27576s, 41912 KB] Evaluated 818584 state(s).
[t=4.27576s, 41912 KB] Evaluations: 818584
[t=4.27576s, 41912 KB] Generated 2186855 state(s).
[t=4.27576s, 41912 KB] Dead ends: 429865 state(s).
[t=4.27576s, 41912 KB] Number of registered states: 818584
[t=4.27576s, 41912 KB] Int hash set load factor: 818584/1048576 = 0.780663
[t=4.27576s, 41912 KB] Int hash set resizes: 20
[t=4.27576s, 41912 KB] Search time: 4.27191s
[t=4.27576s, 41912 KB] Total time: 4.27576s
Solution found.
Peak memory: 41912 KB
Remove intermediate file output.sas
search exit code: 0

INFO     Running validate.
INFO     validate stdin: None
INFO     validate time limit: None
INFO     validate memory limit: None
INFO     validate command line string: /home/henry/bin/validate domain.pddl problem.pddl sas_plan
Checking plan: sas_plan
Plan executed successfully - checking goal
Plan valid
Final value: 108 

Successful plans:
Value: 108
 sas_plan 108 

validate exit code: 0

INFO     Planner time: 4.37s
