INFO     planner time limit: 1800s
INFO     planner memory limit: 2048 MB

INFO     Running translator.
INFO     translator stdin: None
INFO     translator time limit: 1799s
INFO     translator memory limit: 2048 MB
INFO     translator command line string: /home/henry/Documents/UFRGS/TCC/downward/.venv/bin/python /home/henry/Documents/UFRGS/TCC/downward/experiments/lab/data/main/code-5bb2ccb6957559b6969ffd7e29254c73f84d5e49_e5e41175/builds/release/bin/translate/translate.py domain.pddl problem.pddl --sas-file output.sas
Parsing...
Parsing: [0.000s CPU, 0.005s wall-clock]
Normalizing task... [0.000s CPU, 0.000s wall-clock]
Instantiating...
Generating Datalog program... [0.000s CPU, 0.001s wall-clock]
Normalizing Datalog program...
Normalizing Datalog program: [0.010s CPU, 0.005s wall-clock]
Preparing model... [0.000s CPU, 0.004s wall-clock]
Generated 258 rules.
Computing model... [1.330s CPU, 1.323s wall-clock]
192504 relevant atoms
2270 auxiliary atoms
194774 final queue length
718395 total queue pushes
Completing instantiation... [9.360s CPU, 9.365s wall-clock]
Instantiating: [10.760s CPU, 10.758s wall-clock]
Computing fact groups...
Finding invariants...
44 initial candidates
Finding invariants: [0.180s CPU, 0.183s wall-clock]
Checking invariant weight... [0.000s CPU, 0.000s wall-clock]
Instantiating groups... [0.000s CPU, 0.001s wall-clock]
Collecting mutex groups... [0.000s CPU, 0.000s wall-clock]
Choosing groups...
168 uncovered facts
Choosing groups: [0.000s CPU, 0.000s wall-clock]
Building translation key... [0.000s CPU, 0.000s wall-clock]
Computing fact groups: [0.180s CPU, 0.185s wall-clock]
Building STRIPS to SAS dictionary... [0.000s CPU, 0.000s wall-clock]
Building dictionary for full mutex groups... [0.000s CPU, 0.000s wall-clock]
Building mutex information...
Building mutex information: [0.000s CPU, 0.000s wall-clock]
Translating task...
Processing axioms...
Simplifying axioms... [0.000s CPU, 0.000s wall-clock]
Translator axioms removed by simplifying: 0
Computing negative axioms... [0.000s CPU, 0.000s wall-clock]
Processing axioms: [0.330s CPU, 0.329s wall-clock]
Translating task: [8.020s CPU, 8.024s wall-clock]
211589 effect conditions simplified
0 implied preconditions added
Detecting unreachable propositions...
0 operators removed
0 axioms removed
35 propositions removed
Detecting unreachable propositions: [4.670s CPU, 4.681s wall-clock]
Reordering and filtering variables...
159 of 164 variables necessary.
0 of 9 mutex groups necessary.
191673 of 191673 operators necessary.
0 of 0 axiom rules necessary.
Reordering and filtering variables: [1.530s CPU, 1.532s wall-clock]
Translator variables: 159
Translator derived variables: 0
Translator facts: 373
Translator goal facts: 2
Translator mutex groups: 0
Translator total mutex groups size: 0
Translator operators: 191673
Translator axioms: 0
Translator task size: 2014606
Translator peak memory: 1164356 KB
Writing output... [1.300s CPU, 1.311s wall-clock]
Done! [26.870s CPU, 26.893s wall-clock]
translate exit code: 0

INFO     Running search (release).
INFO     search stdin: output.sas
INFO     search time limit: 1772s
INFO     search memory limit: 2048 MB
INFO     search command line string: /home/henry/Documents/UFRGS/TCC/downward/experiments/lab/data/main/code-5bb2ccb6957559b6969ffd7e29254c73f84d5e49_e5e41175/builds/release/bin/downward --search 'eager_greedy([ff(transform=adapt_costs(cost_type=ONE))])' --internal-plan-file sas_plan < output.sas
[t=0s, 10544 KB] reading input...
[t=0.903723s, 89236 KB] done reading input!
[t=0.975676s, 149616 KB] Simplifying 621568 unary operators... done! [322388 unary operators]
[t=1.33946s, 172504 KB] time to simplify: 0.363785s
[t=1.34746s, 172504 KB] Initializing additive heuristic...
[t=1.34746s, 172504 KB] Initializing FF heuristic...
[t=1.34746s, 172504 KB] Building successor generator...done!
[t=1.4234s, 172504 KB] peak memory difference for successor generator creation: 0 KB
[t=1.4234s, 172504 KB] time for successor generation creation: 0.075933s
[t=1.4234s, 172504 KB] Variables: 159
[t=1.4234s, 172504 KB] FactPairs: 373
[t=1.4234s, 172504 KB] Bytes per state: 24
[t=1.4234s, 172504 KB] Conducting best first search without reopening closed nodes, (real) bound = 2147483647
[t=1.43139s, 172504 KB] New best heuristic value for ff(transform=adapt_costs(cost_type=one)): 68
[t=1.43139s, 172504 KB] g=0, 1 evaluated, 0 expanded
[t=1.43139s, 172504 KB] Initial heuristic value for ff(transform=adapt_costs(cost_type=one)): 68
[t=1.43139s, 172504 KB] pruning method: none
[t=1.43539s, 172504 KB] New best heuristic value for ff(transform=adapt_costs(cost_type=one)): 66
[t=1.43539s, 172504 KB] g=90, 2 evaluated, 1 expanded
[t=1.49934s, 172504 KB] New best heuristic value for ff(transform=adapt_costs(cost_type=one)): 65
[t=1.49934s, 172504 KB] g=180, 10 evaluated, 2 expanded
[t=1.59105s, 172504 KB] New best heuristic value for ff(transform=adapt_costs(cost_type=one)): 64
[t=1.59105s, 172504 KB] g=183, 22 evaluated, 8 expanded
[t=1.59505s, 172504 KB] New best heuristic value for ff(transform=adapt_costs(cost_type=one)): 62
[t=1.59505s, 172504 KB] g=273, 23 evaluated, 9 expanded
[t=1.65899s, 172504 KB] New best heuristic value for ff(transform=adapt_costs(cost_type=one)): 61
[t=1.65899s, 172504 KB] g=363, 31 evaluated, 10 expanded
[t=1.73893s, 172504 KB] New best heuristic value for ff(transform=adapt_costs(cost_type=one)): 60
[t=1.73893s, 172504 KB] g=366, 42 evaluated, 15 expanded
[t=1.74691s, 172504 KB] New best heuristic value for ff(transform=adapt_costs(cost_type=one)): 59
[t=1.74691s, 172504 KB] g=456, 43 evaluated, 16 expanded
[t=1.7629s, 172504 KB] New best heuristic value for ff(transform=adapt_costs(cost_type=one)): 58
[t=1.7629s, 172504 KB] g=456, 45 evaluated, 16 expanded
[t=1.83485s, 172504 KB] New best heuristic value for ff(transform=adapt_costs(cost_type=one)): 57
[t=1.83485s, 172504 KB] g=456, 55 evaluated, 16 expanded
[t=1.89481s, 172504 KB] New best heuristic value for ff(transform=adapt_costs(cost_type=one)): 56
[t=1.89481s, 172504 KB] g=546, 63 evaluated, 17 expanded
[t=2.03467s, 172504 KB] New best heuristic value for ff(transform=adapt_costs(cost_type=one)): 55
[t=2.03467s, 172504 KB] g=549, 81 evaluated, 31 expanded
[t=2.03868s, 172504 KB] New best heuristic value for ff(transform=adapt_costs(cost_type=one)): 54
[t=2.03868s, 172504 KB] g=639, 82 evaluated, 32 expanded
[t=2.06266s, 172504 KB] New best heuristic value for ff(transform=adapt_costs(cost_type=one)): 52
[t=2.06266s, 172504 KB] g=639, 85 evaluated, 32 expanded
[t=2.1266s, 172504 KB] New best heuristic value for ff(transform=adapt_costs(cost_type=one)): 51
[t=2.1266s, 172504 KB] g=729, 94 evaluated, 33 expanded
[t=2.20254s, 172504 KB] New best heuristic value for ff(transform=adapt_costs(cost_type=one)): 50
[t=2.20254s, 172504 KB] g=729, 104 evaluated, 33 expanded
[t=47.3649s, 172504 KB] New best heuristic value for ff(transform=adapt_costs(cost_type=one)): 49
[t=47.3649s, 172504 KB] g=1099, 9006 evaluated, 5048 expanded
[t=47.6207s, 172504 KB] New best heuristic value for ff(transform=adapt_costs(cost_type=one)): 47
[t=47.6207s, 172504 KB] g=1192, 9041 evaluated, 5071 expanded
[t=47.6926s, 172504 KB] New best heuristic value for ff(transform=adapt_costs(cost_type=one)): 46
[t=47.6926s, 172504 KB] g=1282, 9051 evaluated, 5072 expanded
[t=47.7885s, 172504 KB] New best heuristic value for ff(transform=adapt_costs(cost_type=one)): 45
[t=47.7885s, 172504 KB] g=1282, 9063 evaluated, 5072 expanded
[t=49.723s, 172504 KB] New best heuristic value for ff(transform=adapt_costs(cost_type=one)): 43
[t=49.723s, 172504 KB] g=1562, 9395 evaluated, 5289 expanded
[t=49.7989s, 172504 KB] New best heuristic value for ff(transform=adapt_costs(cost_type=one)): 42
[t=49.7989s, 172504 KB] g=1652, 9405 evaluated, 5290 expanded
[t=49.8829s, 172504 KB] New best heuristic value for ff(transform=adapt_costs(cost_type=one)): 41
[t=49.8829s, 172504 KB] g=1652, 9417 evaluated, 5290 expanded
[t=51.3856s, 172504 KB] New best heuristic value for ff(transform=adapt_costs(cost_type=one)): 40
[t=51.3856s, 172504 KB] g=1659, 9687 evaluated, 5478 expanded
[t=52.9004s, 172504 KB] New best heuristic value for ff(transform=adapt_costs(cost_type=one)): 38
[t=52.9004s, 172504 KB] g=1933, 9909 evaluated, 5599 expanded
[t=52.9683s, 172504 KB] New best heuristic value for ff(transform=adapt_costs(cost_type=one)): 37
[t=52.9683s, 172504 KB] g=2023, 9919 evaluated, 5600 expanded
[t=54.739s, 172504 KB] New best heuristic value for ff(transform=adapt_costs(cost_type=one)): 36
[t=54.739s, 172504 KB] g=2030, 10192 evaluated, 5778 expanded
[t=58.9918s, 172504 KB] New best heuristic value for ff(transform=adapt_costs(cost_type=one)): 34
[t=58.9918s, 172504 KB] g=2304, 10831 evaluated, 6280 expanded
[t=59.0597s, 172504 KB] New best heuristic value for ff(transform=adapt_costs(cost_type=one)): 33
[t=59.0597s, 172504 KB] g=2394, 10841 evaluated, 6281 expanded
[t=60.1748s, 172504 KB] New best heuristic value for ff(transform=adapt_costs(cost_type=one)): 32
[t=60.1748s, 172504 KB] g=2401, 11015 evaluated, 6382 expanded
[t=60.2068s, 172504 KB] New best heuristic value for ff(transform=adapt_costs(cost_type=one)): 30
[t=60.2068s, 172504 KB] g=2492, 11020 evaluated, 6384 expanded
[t=60.2747s, 172504 KB] New best heuristic value for ff(transform=adapt_costs(cost_type=one)): 29
[t=60.2747s, 172504 KB] g=2582, 11030 evaluated, 6385 expanded
[t=61.3419s, 172504 KB] New best heuristic value for ff(transform=adapt_costs(cost_type=one)): 28
[t=61.3419s, 172504 KB] g=2589, 11204 evaluated, 6486 expanded
[t=61.3739s, 172504 KB] New best heuristic value for ff(transform=adapt_costs(cost_type=one)): 26
[t=61.3739s, 172504 KB] g=2680, 11209 evaluated, 6488 expanded
[t=61.4419s, 172504 KB] New best heuristic value for ff(transform=adapt_costs(cost_type=one)): 25
[t=61.4419s, 172504 KB] g=2770, 11219 evaluated, 6489 expanded
[t=62.4691s, 172504 KB] New best heuristic value for ff(transform=adapt_costs(cost_type=one)): 24
[t=62.4691s, 172504 KB] g=2777, 11393 evaluated, 6590 expanded
[t=62.501s, 172504 KB] New best heuristic value for ff(transform=adapt_costs(cost_type=one)): 22
[t=62.501s, 172504 KB] g=2868, 11398 evaluated, 6592 expanded
[t=62.569s, 172504 KB] New best heuristic value for ff(transform=adapt_costs(cost_type=one)): 21
[t=62.569s, 172504 KB] g=2958, 11408 evaluated, 6593 expanded
[t=63.6082s, 172504 KB] New best heuristic value for ff(transform=adapt_costs(cost_type=one)): 20
[t=63.6082s, 172504 KB] g=2965, 11582 evaluated, 6694 expanded
[t=63.6402s, 172504 KB] New best heuristic value for ff(transform=adapt_costs(cost_type=one)): 18
[t=63.6402s, 172504 KB] g=3056, 11587 evaluated, 6696 expanded
[t=63.7042s, 172504 KB] New best heuristic value for ff(transform=adapt_costs(cost_type=one)): 17
[t=63.7042s, 172504 KB] g=3146, 11597 evaluated, 6697 expanded
[t=64.7273s, 172504 KB] New best heuristic value for ff(transform=adapt_costs(cost_type=one)): 16
[t=64.7273s, 172504 KB] g=3153, 11771 evaluated, 6798 expanded
[t=64.7593s, 172504 KB] New best heuristic value for ff(transform=adapt_costs(cost_type=one)): 14
[t=64.7593s, 172504 KB] g=3244, 11776 evaluated, 6800 expanded
[t=64.8193s, 172504 KB] New best heuristic value for ff(transform=adapt_costs(cost_type=one)): 13
[t=64.8193s, 172504 KB] g=3334, 11786 evaluated, 6801 expanded
[t=65.8225s, 172504 KB] New best heuristic value for ff(transform=adapt_costs(cost_type=one)): 12
[t=65.8225s, 172504 KB] g=3341, 11960 evaluated, 6902 expanded
[t=65.8504s, 172504 KB] New best heuristic value for ff(transform=adapt_costs(cost_type=one)): 10
[t=65.8504s, 172504 KB] g=3432, 11965 evaluated, 6904 expanded
[t=65.9064s, 172504 KB] New best heuristic value for ff(transform=adapt_costs(cost_type=one)): 9
[t=65.9064s, 172504 KB] g=3522, 11975 evaluated, 6905 expanded
[t=66.8457s, 172504 KB] New best heuristic value for ff(transform=adapt_costs(cost_type=one)): 8
[t=66.8457s, 172504 KB] g=3528, 12147 evaluated, 7005 expanded
[t=66.8537s, 172504 KB] New best heuristic value for ff(transform=adapt_costs(cost_type=one)): 7
[t=66.8537s, 172504 KB] g=3618, 12148 evaluated, 7006 expanded
[t=66.8696s, 172504 KB] New best heuristic value for ff(transform=adapt_costs(cost_type=one)): 6
[t=66.8696s, 172504 KB] g=3618, 12151 evaluated, 7006 expanded
[t=66.9256s, 172504 KB] New best heuristic value for ff(transform=adapt_costs(cost_type=one)): 5
[t=66.9256s, 172504 KB] g=3708, 12161 evaluated, 7007 expanded
[t=1355.68s, 172776 KB] New best heuristic value for ff(transform=adapt_costs(cost_type=one)): 4
[t=1355.68s, 172776 KB] g=3709, 311760 evaluated, 172786 expanded
Peak memory: 177124 KB
caught signal 24 -- exiting
Time limit has been reached.
Remove intermediate file output.sas
search exit code: 23

Driver aborting after search
INFO     Planner time: 1797.82s
