INFO     planner time limit: 1800s
INFO     planner memory limit: 2048 MB

INFO     Running translator.
INFO     translator stdin: None
INFO     translator time limit: 1799s
INFO     translator memory limit: 2048 MB
INFO     translator command line string: /home/henry/Documents/UFRGS/TCC/downward/.venv/bin/python /home/henry/Documents/UFRGS/TCC/downward/experiments/lab/data/main/code-5bb2ccb6957559b6969ffd7e29254c73f84d5e49_e5e41175/builds/release/bin/translate/translate.py domain.pddl problem.pddl --sas-file output.sas
Parsing...
Parsing: [0.010s CPU, 0.003s wall-clock]
Normalizing task... [0.000s CPU, 0.000s wall-clock]
Instantiating...
Generating Datalog program... [0.000s CPU, 0.001s wall-clock]
Normalizing Datalog program...
Normalizing Datalog program: [0.000s CPU, 0.002s wall-clock]
Preparing model... [0.000s CPU, 0.002s wall-clock]
Generated 61 rules.
Computing model... [0.070s CPU, 0.066s wall-clock]
4450 relevant atoms
9198 auxiliary atoms
13648 final queue length
20464 total queue pushes
Completing instantiation... [0.100s CPU, 0.098s wall-clock]
Instantiating: [0.170s CPU, 0.171s wall-clock]
Computing fact groups...
Finding invariants...
9 initial candidates
Finding invariants: [0.000s CPU, 0.004s wall-clock]
Checking invariant weight... [0.000s CPU, 0.000s wall-clock]
Instantiating groups... [0.000s CPU, 0.000s wall-clock]
Collecting mutex groups... [0.000s CPU, 0.000s wall-clock]
Choosing groups...
160 uncovered facts
Choosing groups: [0.000s CPU, 0.000s wall-clock]
Building translation key... [0.000s CPU, 0.000s wall-clock]
Computing fact groups: [0.000s CPU, 0.006s wall-clock]
Building STRIPS to SAS dictionary... [0.000s CPU, 0.000s wall-clock]
Building dictionary for full mutex groups... [0.000s CPU, 0.000s wall-clock]
Building mutex information...
Building mutex information: [0.000s CPU, 0.000s wall-clock]
Translating task...
Processing axioms...
Simplifying axioms... [0.000s CPU, 0.000s wall-clock]
Translator axioms removed by simplifying: 0
Computing negative axioms... [0.000s CPU, 0.000s wall-clock]
Processing axioms: [0.010s CPU, 0.006s wall-clock]
Translating task: [0.130s CPU, 0.123s wall-clock]
644 effect conditions simplified
0 implied preconditions added
Detecting unreachable propositions...
4 operators removed
0 axioms removed
12 propositions removed
Detecting unreachable propositions: [0.030s CPU, 0.039s wall-clock]
Reordering and filtering variables...
160 of 160 variables necessary.
0 of 4 mutex groups necessary.
3864 of 3864 operators necessary.
0 of 0 axiom rules necessary.
Reordering and filtering variables: [0.010s CPU, 0.014s wall-clock]
Translator variables: 160
Translator derived variables: 0
Translator facts: 356
Translator goal facts: 8
Translator mutex groups: 0
Translator total mutex groups size: 0
Translator operators: 3864
Translator axioms: 0
Translator task size: 23859
Translator peak memory: 47452 KB
Writing output... [0.020s CPU, 0.017s wall-clock]
Done! [0.380s CPU, 0.379s wall-clock]
translate exit code: 0

INFO     Running search (release).
INFO     search stdin: output.sas
INFO     search time limit: 1799s
INFO     search memory limit: 2048 MB
INFO     search command line string: /home/henry/Documents/UFRGS/TCC/downward/experiments/lab/data/main/code-5bb2ccb6957559b6969ffd7e29254c73f84d5e49_e5e41175/builds/release/bin/downward --search 'eager_greedy([operatorcounting(constraint_generators=[pho_constraints(patterns=systematic(2))], use_integer_operator_counts=true, transform=adapt_costs(cost_type=NORMAL))])' --internal-plan-file sas_plan < output.sas
[t=0s, 45596 KB] reading input...
[t=0.011699s, 46884 KB] done reading input!
[t=0.0167675s, 47420 KB] Generating patterns using: systematic pattern collection generator
[t=0.0167675s, 47420 KB] building causal graph...done! [t=0s]
[t=0.0167675s, 47420 KB] Found 16 SGA patterns.
[t=0.0167675s, 47420 KB] Found 16 interesting patterns.
[t=0.0167675s, 47420 KB] systematic pattern collection generator number of patterns: 16
[t=0.0167675s, 47420 KB] systematic pattern collection generator total PDB size: 48
[t=0.0167675s, 47420 KB] systematic pattern collection generator computation time: 0s
[t=0.0167675s, 47420 KB] Computing PDBs for pattern collection...
[t=0.0287678s, 47420 KB] Done computing PDBs for pattern collection: 0.0120003s
[t=0.0287678s, 47732 KB] Building successor generator...done!
[t=0.0327416s, 47956 KB] peak memory difference for successor generator creation: 224 KB
[t=0.0327416s, 47956 KB] time for successor generation creation: 0.00397381s
[t=0.0327416s, 47956 KB] Variables: 160
[t=0.0327416s, 47956 KB] FactPairs: 356
[t=0.0327416s, 47956 KB] Bytes per state: 24
[t=0.0327416s, 47956 KB] Conducting best first search without reopening closed nodes, (real) bound = 2147483647
[t=0.0367421s, 50868 KB] New best heuristic value for operatorcounting(constraint_generators=[pho_constraints(patterns=systematic(2))],use_integer_operator_counts=true,transform=adapt_costs(cost_type=normal)): 90
[t=0.0367421s, 50868 KB] g=0, 1 evaluated, 0 expanded
[t=0.0367421s, 50868 KB] Initial heuristic value for operatorcounting(constraint_generators=[pho_constraints(patterns=systematic(2))],use_integer_operator_counts=true,transform=adapt_costs(cost_type=normal)): 90
[t=0.0367421s, 50868 KB] pruning method: none
[t=0.0926769s, 51168 KB] New best heuristic value for operatorcounting(constraint_generators=[pho_constraints(patterns=systematic(2))],use_integer_operator_counts=true,transform=adapt_costs(cost_type=normal)): 78
[t=0.0926769s, 51168 KB] g=79, 807 evaluated, 226 expanded
[t=0.104671s, 51372 KB] New best heuristic value for operatorcounting(constraint_generators=[pho_constraints(patterns=systematic(2))],use_integer_operator_counts=true,transform=adapt_costs(cost_type=normal)): 63
[t=0.104671s, 51372 KB] g=94, 830 evaluated, 227 expanded
[t=3.37346s, 53864 KB] New best heuristic value for operatorcounting(constraint_generators=[pho_constraints(patterns=systematic(2))],use_integer_operator_counts=true,transform=adapt_costs(cost_type=normal)): 55
[t=3.37346s, 53864 KB] g=151, 43637 evaluated, 9308 expanded
[t=3.38945s, 54040 KB] New best heuristic value for operatorcounting(constraint_generators=[pho_constraints(patterns=systematic(2))],use_integer_operator_counts=true,transform=adapt_costs(cost_type=normal)): 51
[t=3.38945s, 54040 KB] g=155, 43651 evaluated, 9309 expanded
[t=12.325s, 60452 KB] New best heuristic value for operatorcounting(constraint_generators=[pho_constraints(patterns=systematic(2))],use_integer_operator_counts=true,transform=adapt_costs(cost_type=normal)): 47
[t=12.325s, 60452 KB] g=212, 148763 evaluated, 33815 expanded
[t=12.3369s, 60748 KB] New best heuristic value for operatorcounting(constraint_generators=[pho_constraints(patterns=systematic(2))],use_integer_operator_counts=true,transform=adapt_costs(cost_type=normal)): 45
[t=12.3369s, 60748 KB] g=214, 148786 evaluated, 33816 expanded
[t=14.5474s, 61880 KB] New best heuristic value for operatorcounting(constraint_generators=[pho_constraints(patterns=systematic(2))],use_integer_operator_counts=true,transform=adapt_costs(cost_type=normal)): 39
[t=14.5474s, 61880 KB] g=262, 170807 evaluated, 36944 expanded
[t=14.5633s, 62272 KB] New best heuristic value for operatorcounting(constraint_generators=[pho_constraints(patterns=systematic(2))],use_integer_operator_counts=true,transform=adapt_costs(cost_type=normal)): 38
[t=14.5633s, 62272 KB] g=263, 170835 evaluated, 36945 expanded
[t=780.802s, 422644 KB] New best heuristic value for operatorcounting(constraint_generators=[pho_constraints(patterns=systematic(2))],use_integer_operator_counts=true,transform=adapt_costs(cost_type=normal)): 29
[t=780.802s, 422644 KB] g=331, 6553275 evaluated, 1190588 expanded
[t=780.814s, 422872 KB] New best heuristic value for operatorcounting(constraint_generators=[pho_constraints(patterns=systematic(2))],use_integer_operator_counts=true,transform=adapt_costs(cost_type=normal)): 24
[t=780.814s, 422872 KB] g=336, 6553286 evaluated, 1190589 expanded
[t=1040.96s, 581932 KB] New best heuristic value for operatorcounting(constraint_generators=[pho_constraints(patterns=systematic(2))],use_integer_operator_counts=true,transform=adapt_costs(cost_type=normal)): 16
[t=1040.96s, 581932 KB] g=405, 8573185 evaluated, 1637196 expanded
[t=1040.98s, 582384 KB] New best heuristic value for operatorcounting(constraint_generators=[pho_constraints(patterns=systematic(2))],use_integer_operator_counts=true,transform=adapt_costs(cost_type=normal)): 12
[t=1040.98s, 582384 KB] g=409, 8573198 evaluated, 1637197 expanded
Peak memory: 1061392 KB
caught signal 24 -- exiting
Time limit has been reached.
Remove intermediate file output.sas
search exit code: 23

Driver aborting after search
INFO     Planner time: 1797.93s
