INFO     planner time limit: 1800s
INFO     planner memory limit: 2048 MB

INFO     Running translator.
INFO     translator stdin: None
INFO     translator time limit: 1799s
INFO     translator memory limit: 2048 MB
INFO     translator command line string: /home/henry/Documents/UFRGS/TCC/downward/.venv/bin/python /home/henry/Documents/UFRGS/TCC/downward/experiments/lab/data/main/code-5bb2ccb6957559b6969ffd7e29254c73f84d5e49_e5e41175/builds/release/bin/translate/translate.py domain.pddl problem.pddl --sas-file output.sas
Parsing...
Parsing: [0.000s CPU, 0.001s wall-clock]
Normalizing task... [0.000s CPU, 0.000s wall-clock]
Instantiating...
Generating Datalog program... [0.000s CPU, 0.001s wall-clock]
Normalizing Datalog program...
Normalizing Datalog program: [0.010s CPU, 0.001s wall-clock]
Preparing model... [0.000s CPU, 0.001s wall-clock]
Generated 32 rules.
Computing model... [0.940s CPU, 0.944s wall-clock]
151565 relevant atoms
10122 auxiliary atoms
161687 final queue length
490507 total queue pushes
Completing instantiation... [5.290s CPU, 5.283s wall-clock]
Instantiating: [6.260s CPU, 6.258s wall-clock]
Computing fact groups...
Finding invariants...
12 initial candidates
Finding invariants: [0.010s CPU, 0.012s wall-clock]
Checking invariant weight... [0.000s CPU, 0.000s wall-clock]
Instantiating groups... [0.010s CPU, 0.008s wall-clock]
Collecting mutex groups... [0.000s CPU, 0.001s wall-clock]
Choosing groups...
101 uncovered facts
Choosing groups: [0.010s CPU, 0.006s wall-clock]
Building translation key... [0.010s CPU, 0.002s wall-clock]
Computing fact groups: [0.040s CPU, 0.039s wall-clock]
Building STRIPS to SAS dictionary... [0.000s CPU, 0.001s wall-clock]
Building dictionary for full mutex groups... [0.000s CPU, 0.002s wall-clock]
Building mutex information...
Building mutex information: [0.000s CPU, 0.002s wall-clock]
Translating task...
Processing axioms...
Simplifying axioms... [0.000s CPU, 0.000s wall-clock]
Translator axioms removed by simplifying: 0
Computing negative axioms... [0.000s CPU, 0.000s wall-clock]
Processing axioms: [0.200s CPU, 0.197s wall-clock]
Translating task: [5.630s CPU, 5.635s wall-clock]
177600 effect conditions simplified
0 implied preconditions added
Detecting unreachable propositions...
0 operators removed
0 axioms removed
40 propositions removed
Detecting unreachable propositions: [3.970s CPU, 3.972s wall-clock]
Reordering and filtering variables...
141 of 141 variables necessary.
61 of 101 mutex groups necessary.
144000 of 144000 operators necessary.
0 of 0 axiom rules necessary.
Reordering and filtering variables: [0.800s CPU, 0.813s wall-clock]
Translator variables: 141
Translator derived variables: 0
Translator facts: 2642
Translator goal facts: 40
Translator mutex groups: 61
Translator total mutex groups size: 2501
Translator operators: 144000
Translator axioms: 0
Translator task size: 1171724
Translator peak memory: 718360 KB
Writing output... [0.850s CPU, 0.846s wall-clock]
Done! [17.800s CPU, 17.819s wall-clock]
translate exit code: 0

INFO     Running search (release).
INFO     search stdin: output.sas
INFO     search time limit: 1782s
INFO     search memory limit: 2048 MB
INFO     search command line string: /home/henry/Documents/UFRGS/TCC/downward/experiments/lab/data/main/code-5bb2ccb6957559b6969ffd7e29254c73f84d5e49_e5e41175/builds/release/bin/downward --search 'eager_greedy([ff(transform=adapt_costs(cost_type=NORMAL))])' --internal-plan-file sas_plan < output.sas
[t=0s, 10544 KB] reading input...
[t=0.599475s, 64968 KB] done reading input!
[t=0.651433s, 91304 KB] Simplifying 498360 unary operators... done! [498360 unary operators]
[t=1.75041s, 137724 KB] time to simplify: 1.09897s
[t=1.7584s, 137724 KB] Initializing additive heuristic...
[t=1.7584s, 137724 KB] Initializing FF heuristic...
[t=1.7584s, 137724 KB] Building successor generator...done!
[t=1.80236s, 137724 KB] peak memory difference for successor generator creation: 0 KB
[t=1.80236s, 137724 KB] time for successor generation creation: 0.0439608s
[t=1.80236s, 137724 KB] Variables: 141
[t=1.80236s, 137724 KB] FactPairs: 2642
[t=1.80236s, 137724 KB] Bytes per state: 44
[t=1.80636s, 137724 KB] Conducting best first search without reopening closed nodes, (real) bound = 2147483647
[t=1.81835s, 137724 KB] New best heuristic value for ff(transform=adapt_costs(cost_type=normal)): 78
[t=1.81835s, 137724 KB] g=0, 1 evaluated, 0 expanded
[t=1.81835s, 137724 KB] Initial heuristic value for ff(transform=adapt_costs(cost_type=normal)): 78
[t=1.81835s, 137724 KB] pruning method: none
[t=2.20598s, 137724 KB] New best heuristic value for ff(transform=adapt_costs(cost_type=normal)): 77
[t=2.20598s, 137724 KB] g=2, 31 evaluated, 2 expanded
[t=4.0561s, 137724 KB] New best heuristic value for ff(transform=adapt_costs(cost_type=normal)): 75
[t=4.0561s, 137724 KB] g=4, 177 evaluated, 7 expanded
[t=5.61021s, 137724 KB] New best heuristic value for ff(transform=adapt_costs(cost_type=normal)): 73
[t=5.61021s, 137724 KB] g=8, 299 evaluated, 11 expanded
[t=6.18951s, 137724 KB] New best heuristic value for ff(transform=adapt_costs(cost_type=normal)): 71
[t=6.18951s, 137724 KB] g=10, 344 evaluated, 13 expanded
[t=10.9685s, 137724 KB] New best heuristic value for ff(transform=adapt_costs(cost_type=normal)): 70
[t=10.9685s, 137724 KB] g=12, 716 evaluated, 27 expanded
[t=11.9476s, 137724 KB] New best heuristic value for ff(transform=adapt_costs(cost_type=normal)): 69
[t=11.9476s, 137724 KB] g=13, 793 evaluated, 29 expanded
[t=12.6988s, 137724 KB] New best heuristic value for ff(transform=adapt_costs(cost_type=normal)): 68
[t=12.6988s, 137724 KB] g=14, 852 evaluated, 32 expanded
[t=15.5797s, 137724 KB] New best heuristic value for ff(transform=adapt_costs(cost_type=normal)): 67
[t=15.5797s, 137724 KB] g=16, 1074 evaluated, 40 expanded
[t=17.0062s, 137724 KB] New best heuristic value for ff(transform=adapt_costs(cost_type=normal)): 66
[t=17.0062s, 137724 KB] g=19, 1185 evaluated, 44 expanded
[t=21.1335s, 137724 KB] New best heuristic value for ff(transform=adapt_costs(cost_type=normal)): 65
[t=21.1335s, 137724 KB] g=20, 1504 evaluated, 56 expanded
[t=131.034s, 137724 KB] New best heuristic value for ff(transform=adapt_costs(cost_type=normal)): 63
[t=131.038s, 137724 KB] g=22, 10552 evaluated, 418 expanded
[t=131.721s, 137724 KB] New best heuristic value for ff(transform=adapt_costs(cost_type=normal)): 61
[t=131.721s, 137724 KB] g=23, 10611 evaluated, 420 expanded
[t=137.771s, 137724 KB] New best heuristic value for ff(transform=adapt_costs(cost_type=normal)): 59
[t=137.771s, 137724 KB] g=28, 11127 evaluated, 439 expanded
[t=138.262s, 137724 KB] New best heuristic value for ff(transform=adapt_costs(cost_type=normal)): 58
[t=138.262s, 137724 KB] g=29, 11169 evaluated, 441 expanded
[t=138.949s, 137724 KB] New best heuristic value for ff(transform=adapt_costs(cost_type=normal)): 56
[t=138.949s, 137724 KB] g=30, 11228 evaluated, 443 expanded
[t=147.273s, 137724 KB] New best heuristic value for ff(transform=adapt_costs(cost_type=normal)): 53
[t=147.273s, 137724 KB] g=34, 11946 evaluated, 470 expanded
[t=148.008s, 137724 KB] New best heuristic value for ff(transform=adapt_costs(cost_type=normal)): 51
[t=148.008s, 137724 KB] g=35, 12013 evaluated, 472 expanded
[t=148.707s, 137724 KB] New best heuristic value for ff(transform=adapt_costs(cost_type=normal)): 50
[t=148.707s, 137724 KB] g=37, 12077 evaluated, 475 expanded
[t=156.33s, 137724 KB] New best heuristic value for ff(transform=adapt_costs(cost_type=normal)): 49
[t=156.33s, 137724 KB] g=40, 12768 evaluated, 498 expanded
[t=158.892s, 137724 KB] New best heuristic value for ff(transform=adapt_costs(cost_type=normal)): 48
[t=158.892s, 137724 KB] g=42, 13007 evaluated, 505 expanded
[t=159.966s, 137724 KB] New best heuristic value for ff(transform=adapt_costs(cost_type=normal)): 47
[t=159.966s, 137724 KB] g=43, 13106 evaluated, 508 expanded
[t=160.098s, 137724 KB] New best heuristic value for ff(transform=adapt_costs(cost_type=normal)): 46
[t=160.098s, 137724 KB] g=43, 13118 evaluated, 508 expanded
[t=160.402s, 137724 KB] New best heuristic value for ff(transform=adapt_costs(cost_type=normal)): 45
[t=160.402s, 137724 KB] g=44, 13146 evaluated, 509 expanded
[t=161.077s, 137724 KB] New best heuristic value for ff(transform=adapt_costs(cost_type=normal)): 44
[t=161.077s, 137724 KB] g=45, 13206 evaluated, 511 expanded
[t=161.309s, 137724 KB] New best heuristic value for ff(transform=adapt_costs(cost_type=normal)): 43
[t=161.309s, 137724 KB] g=45, 13225 evaluated, 511 expanded
[t=163.795s, 137724 KB] New best heuristic value for ff(transform=adapt_costs(cost_type=normal)): 41
[t=163.795s, 137724 KB] g=47, 13430 evaluated, 517 expanded
[t=164.39s, 137724 KB] New best heuristic value for ff(transform=adapt_costs(cost_type=normal)): 40
[t=164.39s, 137724 KB] g=49, 13480 evaluated, 519 expanded
[t=164.586s, 137724 KB] New best heuristic value for ff(transform=adapt_costs(cost_type=normal)): 39
[t=164.586s, 137724 KB] g=50, 13500 evaluated, 520 expanded
[t=164.658s, 137724 KB] New best heuristic value for ff(transform=adapt_costs(cost_type=normal)): 38
[t=164.658s, 137724 KB] g=50, 13507 evaluated, 520 expanded
[t=164.994s, 137724 KB] New best heuristic value for ff(transform=adapt_costs(cost_type=normal)): 37
[t=164.994s, 137724 KB] g=51, 13542 evaluated, 521 expanded
[t=165.126s, 137724 KB] New best heuristic value for ff(transform=adapt_costs(cost_type=normal)): 36
[t=165.126s, 137724 KB] g=51, 13555 evaluated, 521 expanded
[t=165.713s, 137724 KB] New best heuristic value for ff(transform=adapt_costs(cost_type=normal)): 35
[t=165.713s, 137724 KB] g=52, 13615 evaluated, 522 expanded
[t=169.673s, 137724 KB] New best heuristic value for ff(transform=adapt_costs(cost_type=normal)): 34
[t=169.673s, 137724 KB] g=55, 13977 evaluated, 532 expanded
[t=169.693s, 137724 KB] New best heuristic value for ff(transform=adapt_costs(cost_type=normal)): 33
[t=169.693s, 137724 KB] g=55, 13979 evaluated, 532 expanded
[t=170.269s, 137724 KB] New best heuristic value for ff(transform=adapt_costs(cost_type=normal)): 32
[t=170.269s, 137724 KB] g=56, 14030 evaluated, 533 expanded
[t=174.769s, 137724 KB] New best heuristic value for ff(transform=adapt_costs(cost_type=normal)): 31
[t=174.769s, 137724 KB] g=60, 14456 evaluated, 546 expanded
[t=175.02s, 137724 KB] New best heuristic value for ff(transform=adapt_costs(cost_type=normal)): 29
[t=175.02s, 137724 KB] g=61, 14480 evaluated, 547 expanded
[t=176.782s, 137724 KB] New best heuristic value for ff(transform=adapt_costs(cost_type=normal)): 28
[t=176.782s, 137724 KB] g=63, 14640 evaluated, 551 expanded
[t=334.269s, 137724 KB] New best heuristic value for ff(transform=adapt_costs(cost_type=normal)): 27
[t=334.269s, 137724 KB] g=68, 28648 evaluated, 920 expanded
[t=631.892s, 137724 KB] New best heuristic value for ff(transform=adapt_costs(cost_type=normal)): 26
[t=631.892s, 137724 KB] g=71, 54088 evaluated, 1687 expanded
[t=632.368s, 137724 KB] New best heuristic value for ff(transform=adapt_costs(cost_type=normal)): 24
[t=632.368s, 137724 KB] g=72, 54125 evaluated, 1688 expanded
[t=839.344s, 137724 KB] New best heuristic value for ff(transform=adapt_costs(cost_type=normal)): 23
[t=839.344s, 137724 KB] g=74, 71864 evaluated, 2227 expanded
Peak memory: 137724 KB
caught signal 24 -- exiting
Time limit has been reached.
Remove intermediate file output.sas
search exit code: 23

Driver aborting after search
INFO     Planner time: 1798.39s
