INFO     planner time limit: 1800s
INFO     planner memory limit: 2048 MB

INFO     Running translator.
INFO     translator stdin: None
INFO     translator time limit: 1799s
INFO     translator memory limit: 2048 MB
INFO     translator command line string: /home/henry/Documents/UFRGS/TCC/downward/.venv/bin/python /home/henry/Documents/UFRGS/TCC/downward/experiments/lab/data/main/code-5bb2ccb6957559b6969ffd7e29254c73f84d5e49_e5e41175/builds/release/bin/translate/translate.py domain.pddl problem.pddl --sas-file output.sas
Parsing...
Parsing: [0.040s CPU, 0.040s wall-clock]
Normalizing task... [0.010s CPU, 0.004s wall-clock]
Instantiating...
Generating Datalog program... [0.000s CPU, 0.009s wall-clock]
Normalizing Datalog program...
Normalizing Datalog program: [0.040s CPU, 0.031s wall-clock]
Preparing model... [0.020s CPU, 0.027s wall-clock]
Generated 2012 rules.
Computing model... [2.540s CPU, 2.546s wall-clock]
130032 relevant atoms
189252 auxiliary atoms
319284 final queue length
568784 total queue pushes
Completing instantiation... [4.480s CPU, 4.482s wall-clock]
Instantiating: [7.200s CPU, 7.213s wall-clock]
Computing fact groups...
Finding invariants...
10 initial candidates
Finding invariants: [0.070s CPU, 0.065s wall-clock]
Checking invariant weight... [0.000s CPU, 0.004s wall-clock]
Instantiating groups... [0.000s CPU, 0.002s wall-clock]
Collecting mutex groups... [0.000s CPU, 0.001s wall-clock]
Choosing groups...
250 uncovered facts
Choosing groups: [0.000s CPU, 0.002s wall-clock]
Building translation key... [0.000s CPU, 0.001s wall-clock]
Computing fact groups: [0.080s CPU, 0.081s wall-clock]
Building STRIPS to SAS dictionary... [0.000s CPU, 0.001s wall-clock]
Building dictionary for full mutex groups... [0.000s CPU, 0.001s wall-clock]
Building mutex information...
Building mutex information: [0.000s CPU, 0.001s wall-clock]
Translating task...
Processing axioms...
Simplifying axioms... [0.000s CPU, 0.000s wall-clock]
Translator axioms removed by simplifying: 0
Computing negative axioms... [0.000s CPU, 0.000s wall-clock]
Processing axioms: [0.170s CPU, 0.163s wall-clock]
Translating task: [3.380s CPU, 3.377s wall-clock]
0 effect conditions simplified
0 implied preconditions added
Detecting unreachable propositions...
0 operators removed
0 axioms removed
251 propositions removed
Detecting unreachable propositions: [2.100s CPU, 2.097s wall-clock]
Reordering and filtering variables...
501 of 501 variables necessary.
0 of 501 mutex groups necessary.
125500 of 125500 operators necessary.
0 of 0 axiom rules necessary.
Reordering and filtering variables: [0.430s CPU, 0.432s wall-clock]
Translator variables: 501
Translator derived variables: 0
Translator facts: 1501
Translator goal facts: 250
Translator mutex groups: 0
Translator total mutex groups size: 0
Translator operators: 125500
Translator axioms: 0
Translator task size: 823779
Translator peak memory: 541056 KB
Writing output... [0.550s CPU, 0.549s wall-clock]
Done! [13.980s CPU, 13.991s wall-clock]
translate exit code: 0

INFO     Running search (release).
INFO     search stdin: output.sas
INFO     search time limit: 1785s
INFO     search memory limit: 2048 MB
INFO     search command line string: /home/henry/Documents/UFRGS/TCC/downward/experiments/lab/data/main/code-5bb2ccb6957559b6969ffd7e29254c73f84d5e49_e5e41175/builds/release/bin/downward --search 'eager_greedy([ilsh(patterns=systematic(2), transform=adapt_costs(cost_type=NORMAL))])' --internal-plan-file sas_plan < output.sas
[t=0s, 10544 KB] reading input...
[t=0.371896s, 44356 KB] done reading input!
[t=0.371896s, 44620 KB] Generating patterns using: systematic pattern collection generator
[t=0.371896s, 44620 KB] building causal graph...done! [t=0.0239971s]
[t=0.395893s, 45280 KB] Found 1277 SGA patterns.
[t=0.399882s, 45280 KB] Found 1277 interesting patterns.
[t=0.399882s, 45280 KB] systematic pattern collection generator number of patterns: 1277
[t=0.399882s, 45280 KB] systematic pattern collection generator total PDB size: 193662
[t=0.399882s, 45280 KB] systematic pattern collection generator computation time: 0.0279862s
[t=0.399882s, 45280 KB] Computing PDBs for pattern collection...
[t=23.0148s, 60608 KB] Done computing PDBs for pattern collection: 22.6149s
[t=26.2321s, 320764 KB] Tie breaking: 2
[t=26.2321s, 320764 KB] Building successor generator...done!
[t=26.272s, 337664 KB] peak memory difference for successor generator creation: 16900 KB
[t=26.272s, 337664 KB] time for successor generation creation: 0.0399727s
[t=26.272s, 337664 KB] Variables: 501
[t=26.272s, 337664 KB] FactPairs: 1501
[t=26.272s, 337664 KB] Bytes per state: 96
[t=26.272s, 337664 KB] Conducting best first search without reopening closed nodes, (real) bound = 2147483647
[t=26.34s, 337664 KB] New best heuristic value for ilsh(patterns=systematic(2),transform=adapt_costs(cost_type=normal)): 0
[t=26.34s, 337664 KB] g=0, 1 evaluated, 0 expanded
[t=26.34s, 337664 KB] Initial heuristic value for ilsh(patterns=systematic(2),transform=adapt_costs(cost_type=normal)): 0
[t=26.34s, 337664 KB] pruning method: none
Peak memory: 337664 KB
caught signal 24 -- exiting
Time limit has been reached.
Remove intermediate file output.sas
search exit code: 23

Driver aborting after search
INFO     Planner time: 1797.65s
