INFO     planner time limit: 1800s
INFO     planner memory limit: 2048 MB

INFO     Running translator.
INFO     translator stdin: None
INFO     translator time limit: 1799s
INFO     translator memory limit: 2048 MB
INFO     translator command line string: /home/henry/Documents/UFRGS/TCC/downward/.venv/bin/python /home/henry/Documents/UFRGS/TCC/downward/experiments/lab/data/main/code-5bb2ccb6957559b6969ffd7e29254c73f84d5e49_e5e41175/builds/release/bin/translate/translate.py domain.pddl problem.pddl --sas-file output.sas
Parsing...
Parsing: [0.050s CPU, 0.055s wall-clock]
Normalizing task... [0.000s CPU, 0.005s wall-clock]
Instantiating...
Generating Datalog program... [0.010s CPU, 0.010s wall-clock]
Normalizing Datalog program...
Normalizing Datalog program: [0.030s CPU, 0.031s wall-clock]
Preparing model... [0.040s CPU, 0.042s wall-clock]
Generated 1692 rules.
Computing model... [2.140s CPU, 2.128s wall-clock]
93830 relevant atoms
133772 auxiliary atoms
227602 final queue length
403582 total queue pushes
Completing instantiation... [3.810s CPU, 3.819s wall-clock]
Instantiating: [6.110s CPU, 6.114s wall-clock]
Computing fact groups...
Finding invariants...
10 initial candidates
Finding invariants: [0.060s CPU, 0.063s wall-clock]
Checking invariant weight... [0.000s CPU, 0.003s wall-clock]
Instantiating groups... [0.010s CPU, 0.002s wall-clock]
Collecting mutex groups... [0.000s CPU, 0.000s wall-clock]
Choosing groups...
210 uncovered facts
Choosing groups: [0.000s CPU, 0.002s wall-clock]
Building translation key... [0.000s CPU, 0.001s wall-clock]
Computing fact groups: [0.070s CPU, 0.077s wall-clock]
Building STRIPS to SAS dictionary... [0.010s CPU, 0.000s wall-clock]
Building dictionary for full mutex groups... [0.000s CPU, 0.001s wall-clock]
Building mutex information...
Building mutex information: [0.000s CPU, 0.001s wall-clock]
Translating task...
Processing axioms...
Simplifying axioms... [0.000s CPU, 0.000s wall-clock]
Translator axioms removed by simplifying: 0
Computing negative axioms... [0.000s CPU, 0.000s wall-clock]
Processing axioms: [0.170s CPU, 0.170s wall-clock]
Translating task: [3.490s CPU, 3.493s wall-clock]
0 effect conditions simplified
0 implied preconditions added
Detecting unreachable propositions...
0 operators removed
0 axioms removed
211 propositions removed
Detecting unreachable propositions: [1.950s CPU, 1.949s wall-clock]
Reordering and filtering variables...
421 of 421 variables necessary.
0 of 421 mutex groups necessary.
88620 of 88620 operators necessary.
0 of 0 axiom rules necessary.
Reordering and filtering variables: [0.450s CPU, 0.453s wall-clock]
Translator variables: 421
Translator derived variables: 0
Translator facts: 1261
Translator goal facts: 210
Translator mutex groups: 0
Translator total mutex groups size: 0
Translator operators: 88620
Translator axioms: 0
Translator task size: 877757
Translator peak memory: 494120 KB
Writing output... [0.510s CPU, 0.517s wall-clock]
Done! [12.810s CPU, 12.832s wall-clock]
translate exit code: 0

INFO     Running search (release).
INFO     search stdin: output.sas
INFO     search time limit: 1787s
INFO     search memory limit: 2048 MB
INFO     search command line string: /home/henry/Documents/UFRGS/TCC/downward/experiments/lab/data/main/code-5bb2ccb6957559b6969ffd7e29254c73f84d5e49_e5e41175/builds/release/bin/downward --search 'eager_greedy([operatorcounting(constraint_generators=[pho_constraints(patterns=systematic(4))], use_integer_operator_counts=true, transform=adapt_costs(cost_type=ONE))])' --internal-plan-file sas_plan < output.sas
[t=0s, 10544 KB] reading input...
[t=0.347886s, 38920 KB] done reading input!
Peak memory: 39184 KB
Remove intermediate file output.sas
search exit code: 32

Driver aborting after search
INFO     Planner time: 13.29s
