INFO     planner time limit: 1800s
INFO     planner memory limit: 2048 MB

INFO     Running translator.
INFO     translator stdin: None
INFO     translator time limit: 1799s
INFO     translator memory limit: 2048 MB
INFO     translator command line string: /home/henry/Documents/UFRGS/TCC/downward/.venv/bin/python /home/henry/Documents/UFRGS/TCC/downward/experiments/lab/data/main/code-fa850d1cb8d716322f299a4f9b64478019793ada_e5e41175/builds/release/bin/translate/translate.py domain.pddl problem.pddl --sas-file output.sas
Parsing...
Parsing: [0.010s CPU, 0.015s wall-clock]
Normalizing task... [0.000s CPU, 0.000s wall-clock]
Instantiating...
Generating Datalog program... [0.010s CPU, 0.004s wall-clock]
Normalizing Datalog program...
Normalizing Datalog program: [0.000s CPU, 0.001s wall-clock]
Preparing model... [0.020s CPU, 0.023s wall-clock]
Generated 23 rules.
Computing model... [0.070s CPU, 0.064s wall-clock]
4296 relevant atoms
7639 auxiliary atoms
11935 final queue length
13438 total queue pushes
Completing instantiation... [0.040s CPU, 0.032s wall-clock]
Instantiating: [0.140s CPU, 0.127s wall-clock]
Computing fact groups...
Finding invariants...
9 initial candidates
Finding invariants: [0.000s CPU, 0.002s wall-clock]
Checking invariant weight... [0.000s CPU, 0.001s wall-clock]
Instantiating groups... [0.000s CPU, 0.001s wall-clock]
Collecting mutex groups... [0.000s CPU, 0.000s wall-clock]
Choosing groups...
0 uncovered facts
Choosing groups: [0.000s CPU, 0.000s wall-clock]
Building translation key... [0.000s CPU, 0.000s wall-clock]
Computing fact groups: [0.000s CPU, 0.005s wall-clock]
Building STRIPS to SAS dictionary... [0.000s CPU, 0.000s wall-clock]
Building dictionary for full mutex groups... [0.000s CPU, 0.000s wall-clock]
Building mutex information...
Building mutex information: [0.000s CPU, 0.000s wall-clock]
Translating task...
Processing axioms...
Simplifying axioms... [0.000s CPU, 0.000s wall-clock]
Translator axioms removed by simplifying: 0
Computing negative axioms... [0.000s CPU, 0.000s wall-clock]
Processing axioms: [0.000s CPU, 0.002s wall-clock]
Translating task: [0.030s CPU, 0.024s wall-clock]
0 effect conditions simplified
0 implied preconditions added
Detecting unreachable propositions...
0 operators removed
0 axioms removed
6 propositions removed
Detecting unreachable propositions: [0.010s CPU, 0.016s wall-clock]
Reordering and filtering variables...
6 of 6 variables necessary.
0 of 6 mutex groups necessary.
818 of 818 operators necessary.
0 of 0 axiom rules necessary.
Reordering and filtering variables: [0.010s CPU, 0.003s wall-clock]
Translator variables: 6
Translator derived variables: 0
Translator facts: 99
Translator goal facts: 4
Translator mutex groups: 0
Translator total mutex groups size: 0
Translator operators: 818
Translator axioms: 0
Translator task size: 4159
Translator peak memory: 38140 KB
Writing output... [0.000s CPU, 0.004s wall-clock]
Done! [0.200s CPU, 0.196s wall-clock]
translate exit code: 0

INFO     Running search (release).
INFO     search stdin: output.sas
INFO     search time limit: 1799s
INFO     search memory limit: 2048 MB
INFO     search command line string: /home/henry/Documents/UFRGS/TCC/downward/experiments/lab/data/main/code-fa850d1cb8d716322f299a4f9b64478019793ada_e5e41175/builds/release/bin/downward --search 'eager_greedy([operatorcounting(constraint_generators=[pho_constraints(patterns=systematic(2))], use_integer_operator_counts=true, transform=adapt_costs(cost_type=NORMAL))])' --internal-plan-file sas_plan < output.sas
[t=0s, 45596 KB] reading input...
[t=0.00400823s, 45728 KB] done reading input!
[t=0.00751213s, 46124 KB] Generating patterns using: systematic pattern collection generator
[t=0.00751213s, 46124 KB] building causal graph...done! [t=0s]
[t=0.00751213s, 46124 KB] Found 8 SGA patterns.
[t=0.00751213s, 46124 KB] Found 8 interesting patterns.
[t=0.00751213s, 46124 KB] systematic pattern collection generator number of patterns: 8
[t=0.00751213s, 46124 KB] systematic pattern collection generator total PDB size: 144
[t=0.00751213s, 46124 KB] systematic pattern collection generator computation time: 0s
[t=0.00751213s, 46124 KB] Computing PDBs for pattern collection...
[t=0.00751213s, 46256 KB] Done computing PDBs for pattern collection: 0s
[t=0.00751213s, 46388 KB] Building successor generator...done!
[t=0.00751213s, 46388 KB] peak memory difference for successor generator creation: 0 KB
[t=0.00751213s, 46388 KB] time for successor generation creation: 0s
[t=0.00751213s, 46388 KB] Variables: 6
[t=0.00751213s, 46388 KB] FactPairs: 99
[t=0.00751213s, 46388 KB] Bytes per state: 4
[t=0.00751213s, 46388 KB] Conducting best first search without reopening closed nodes, (real) bound = 2147483647
[t=0.0114838s, 47756 KB] New best heuristic value for operatorcounting(constraint_generators=[pho_constraints(patterns=systematic(2))],use_integer_operator_counts=true,transform=adapt_costs(cost_type=normal)): 12
[t=0.0114838s, 47756 KB] g=0, 1 evaluated, 0 expanded
[t=0.0114838s, 47756 KB] Initial heuristic value for operatorcounting(constraint_generators=[pho_constraints(patterns=systematic(2))],use_integer_operator_counts=true,transform=adapt_costs(cost_type=normal)): 12
[t=0.0114838s, 47756 KB] pruning method: none
[t=0.0114838s, 48016 KB] New best heuristic value for operatorcounting(constraint_generators=[pho_constraints(patterns=systematic(2))],use_integer_operator_counts=true,transform=adapt_costs(cost_type=normal)): 11
[t=0.0114838s, 48016 KB] g=1, 2 evaluated, 1 expanded
[t=0.0271459s, 48024 KB] New best heuristic value for operatorcounting(constraint_generators=[pho_constraints(patterns=systematic(2))],use_integer_operator_counts=true,transform=adapt_costs(cost_type=normal)): 10
[t=0.0271459s, 48024 KB] g=2, 13 evaluated, 4 expanded
[t=0.0470448s, 48052 KB] New best heuristic value for operatorcounting(constraint_generators=[pho_constraints(patterns=systematic(2))],use_integer_operator_counts=true,transform=adapt_costs(cost_type=normal)): 9
[t=0.0470448s, 48052 KB] g=4, 32 evaluated, 8 expanded
[t=0.0510173s, 48052 KB] New best heuristic value for operatorcounting(constraint_generators=[pho_constraints(patterns=systematic(2))],use_integer_operator_counts=true,transform=adapt_costs(cost_type=normal)): 8
[t=0.0510173s, 48052 KB] g=5, 35 evaluated, 9 expanded
[t=0.0749781s, 48152 KB] New best heuristic value for operatorcounting(constraint_generators=[pho_constraints(patterns=systematic(2))],use_integer_operator_counts=true,transform=adapt_costs(cost_type=normal)): 7
[t=0.0749781s, 48152 KB] g=6, 51 evaluated, 12 expanded
[t=0.094953s, 48152 KB] New best heuristic value for operatorcounting(constraint_generators=[pho_constraints(patterns=systematic(2))],use_integer_operator_counts=true,transform=adapt_costs(cost_type=normal)): 6
[t=0.094953s, 48152 KB] g=7, 67 evaluated, 14 expanded
[t=0.114589s, 48152 KB] New best heuristic value for operatorcounting(constraint_generators=[pho_constraints(patterns=systematic(2))],use_integer_operator_counts=true,transform=adapt_costs(cost_type=normal)): 5
[t=0.114589s, 48152 KB] g=9, 82 evaluated, 17 expanded
[t=0.114906s, 48152 KB] New best heuristic value for operatorcounting(constraint_generators=[pho_constraints(patterns=systematic(2))],use_integer_operator_counts=true,transform=adapt_costs(cost_type=normal)): 4
[t=0.114906s, 48152 KB] g=10, 84 evaluated, 18 expanded
[t=0.130897s, 48152 KB] New best heuristic value for operatorcounting(constraint_generators=[pho_constraints(patterns=systematic(2))],use_integer_operator_counts=true,transform=adapt_costs(cost_type=normal)): 3
[t=0.130897s, 48152 KB] g=11, 95 evaluated, 20 expanded
[t=0.154861s, 48152 KB] New best heuristic value for operatorcounting(constraint_generators=[pho_constraints(patterns=systematic(2))],use_integer_operator_counts=true,transform=adapt_costs(cost_type=normal)): 2
[t=0.154861s, 48152 KB] g=12, 115 evaluated, 25 expanded
[t=0.158869s, 48152 KB] New best heuristic value for operatorcounting(constraint_generators=[pho_constraints(patterns=systematic(2))],use_integer_operator_counts=true,transform=adapt_costs(cost_type=normal)): 1
[t=0.158869s, 48152 KB] g=13, 119 evaluated, 26 expanded
[t=0.162852s, 48152 KB] New best heuristic value for operatorcounting(constraint_generators=[pho_constraints(patterns=systematic(2))],use_integer_operator_counts=true,transform=adapt_costs(cost_type=normal)): 0
[t=0.162852s, 48152 KB] g=14, 122 evaluated, 27 expanded
[t=0.162852s, 48152 KB] Solution found!
[t=0.162852s, 48152 KB] Actual search time: 0.151368s
load p1 t0 l3 (1)
drive t0 l3 l0 level65 level12 level77 (1)
drive t0 l0 l4 level51 level14 level65 (1)
load p3 t0 l4 (1)
load p0 t0 l4 (1)
drive t0 l4 l2 level28 level23 level51 (1)
unload p0 t0 l2 (1)
drive t0 l2 l1 level23 level5 level28 (1)
load p2 t0 l1 (1)
unload p1 t0 l1 (1)
drive t0 l1 l2 level18 level5 level23 (1)
unload p2 t0 l2 (1)
drive t0 l2 l3 level7 level11 level18 (1)
unload p3 t0 l3 (1)
[t=0.162852s, 48152 KB] Plan length: 14 step(s).
[t=0.162852s, 48152 KB] Plan cost: 14
[t=0.162852s, 48152 KB] Expanded 28 state(s).
[t=0.162852s, 48152 KB] Reopened 0 state(s).
[t=0.162852s, 48152 KB] Evaluated 122 state(s).
[t=0.162852s, 48152 KB] Evaluations: 122
[t=0.162852s, 48152 KB] Generated 131 state(s).
[t=0.162852s, 48152 KB] Dead ends: 0 state(s).
[t=0.162852s, 48152 KB] Number of registered states: 122
[t=0.162852s, 48152 KB] Int hash set load factor: 122/128 = 0.953125
[t=0.162852s, 48152 KB] Int hash set resizes: 7
[t=0.162852s, 48152 KB] Search time: 0.15534s
[t=0.162852s, 48152 KB] Total time: 0.162852s
Solution found.
Peak memory: 48152 KB
Remove intermediate file output.sas
search exit code: 0

INFO     Running validate.
INFO     validate stdin: None
INFO     validate time limit: None
INFO     validate memory limit: None
INFO     validate command line string: /home/henry/bin/validate domain.pddl problem.pddl sas_plan
Checking plan: sas_plan
Plan executed successfully - checking goal
Plan valid
Final value: 14 

Successful plans:
Value: 14
 sas_plan 14 

validate exit code: 0

INFO     Planner time: 0.46s
