INFO     planner time limit: 1800s
INFO     planner memory limit: 2048 MB

INFO     Running translator.
INFO     translator stdin: None
INFO     translator time limit: 1799s
INFO     translator memory limit: 2048 MB
INFO     translator command line string: /home/henry/Documents/UFRGS/TCC/downward/.venv/bin/python /home/henry/Documents/UFRGS/TCC/downward/experiments/lab/data/main/code-5bb2ccb6957559b6969ffd7e29254c73f84d5e49_e5e41175/builds/release/bin/translate/translate.py domain.pddl problem.pddl --sas-file output.sas
Parsing...
Parsing: [0.010s CPU, 0.006s wall-clock]
Normalizing task... [0.000s CPU, 0.001s wall-clock]
Instantiating...
Generating Datalog program... [0.000s CPU, 0.002s wall-clock]
Normalizing Datalog program...
Normalizing Datalog program: [0.000s CPU, 0.005s wall-clock]
Preparing model... [0.010s CPU, 0.004s wall-clock]
Generated 258 rules.
Computing model... [1.450s CPU, 1.458s wall-clock]
192504 relevant atoms
2270 auxiliary atoms
194774 final queue length
718395 total queue pushes
Completing instantiation... [10.070s CPU, 10.080s wall-clock]
Instantiating: [11.580s CPU, 11.600s wall-clock]
Computing fact groups...
Finding invariants...
44 initial candidates
Finding invariants: [0.190s CPU, 0.186s wall-clock]
Checking invariant weight... [0.000s CPU, 0.000s wall-clock]
Instantiating groups... [0.000s CPU, 0.001s wall-clock]
Collecting mutex groups... [0.000s CPU, 0.000s wall-clock]
Choosing groups...
168 uncovered facts
Choosing groups: [0.000s CPU, 0.000s wall-clock]
Building translation key... [0.000s CPU, 0.000s wall-clock]
Computing fact groups: [0.190s CPU, 0.188s wall-clock]
Building STRIPS to SAS dictionary... [0.000s CPU, 0.000s wall-clock]
Building dictionary for full mutex groups... [0.000s CPU, 0.000s wall-clock]
Building mutex information...
Building mutex information: [0.000s CPU, 0.000s wall-clock]
Translating task...
Processing axioms...
Simplifying axioms... [0.000s CPU, 0.000s wall-clock]
Translator axioms removed by simplifying: 0
Computing negative axioms... [0.000s CPU, 0.000s wall-clock]
Processing axioms: [0.320s CPU, 0.325s wall-clock]
Translating task: [8.000s CPU, 8.007s wall-clock]
211589 effect conditions simplified
0 implied preconditions added
Detecting unreachable propositions...
0 operators removed
0 axioms removed
35 propositions removed
Detecting unreachable propositions: [4.830s CPU, 4.841s wall-clock]
Reordering and filtering variables...
159 of 164 variables necessary.
0 of 9 mutex groups necessary.
191673 of 191673 operators necessary.
0 of 0 axiom rules necessary.
Reordering and filtering variables: [1.560s CPU, 1.556s wall-clock]
Translator variables: 159
Translator derived variables: 0
Translator facts: 373
Translator goal facts: 2
Translator mutex groups: 0
Translator total mutex groups size: 0
Translator operators: 191673
Translator axioms: 0
Translator task size: 2014606
Translator peak memory: 1163588 KB
Writing output... [1.330s CPU, 1.329s wall-clock]
Done! [27.930s CPU, 27.958s wall-clock]
translate exit code: 0

INFO     Running search (release).
INFO     search stdin: output.sas
INFO     search time limit: 1771s
INFO     search memory limit: 2048 MB
INFO     search command line string: /home/henry/Documents/UFRGS/TCC/downward/experiments/lab/data/main/code-5bb2ccb6957559b6969ffd7e29254c73f84d5e49_e5e41175/builds/release/bin/downward --search 'eager_greedy([ilsh(patterns=systematic(2), transform=adapt_costs(cost_type=NORMAL))])' --internal-plan-file sas_plan < output.sas
[t=0s, 10544 KB] reading input...
[t=0.927238s, 89236 KB] done reading input!
[t=0.931236s, 89500 KB] Generating patterns using: systematic pattern collection generator
[t=0.931236s, 89500 KB] building causal graph...done! [t=0.107887s]
[t=1.03912s, 90168 KB] Found 37 SGA patterns.
[t=1.03912s, 90168 KB] Found 37 interesting patterns.
[t=1.03912s, 90168 KB] systematic pattern collection generator number of patterns: 37
[t=1.03912s, 90168 KB] systematic pattern collection generator total PDB size: 360
[t=1.03912s, 90168 KB] systematic pattern collection generator computation time: 0.107887s
[t=1.03912s, 90168 KB] Computing PDBs for pattern collection...
[t=2.38572s, 108988 KB] Done computing PDBs for pattern collection: 1.3466s
[t=2.73335s, 108988 KB] Tie breaking: 2
[t=2.73335s, 108988 KB] Building successor generator...done!
[t=2.80929s, 127932 KB] peak memory difference for successor generator creation: 18944 KB
[t=2.80929s, 127932 KB] time for successor generation creation: 0.075944s
[t=2.80929s, 127932 KB] Variables: 159
[t=2.80929s, 127932 KB] FactPairs: 373
[t=2.80929s, 127932 KB] Bytes per state: 24
[t=2.80929s, 127932 KB] Conducting best first search without reopening closed nodes, (real) bound = 2147483647
[t=2.89324s, 127932 KB] New best heuristic value for ilsh(patterns=systematic(2),transform=adapt_costs(cost_type=normal)): 598
[t=2.89324s, 127932 KB] g=0, 1 evaluated, 0 expanded
[t=2.89324s, 127932 KB] Initial heuristic value for ilsh(patterns=systematic(2),transform=adapt_costs(cost_type=normal)): 598
[t=2.89324s, 127932 KB] pruning method: none
[t=2.9572s, 127932 KB] New best heuristic value for ilsh(patterns=systematic(2),transform=adapt_costs(cost_type=normal)): 508
[t=2.9572s, 127932 KB] g=90, 2 evaluated, 1 expanded
[t=3.50074s, 127932 KB] New best heuristic value for ilsh(patterns=systematic(2),transform=adapt_costs(cost_type=normal)): 418
[t=3.50074s, 127932 KB] g=180, 10 evaluated, 2 expanded
[t=55s, 127932 KB] New best heuristic value for ilsh(patterns=systematic(2),transform=adapt_costs(cost_type=normal)): 417
[t=55s, 127932 KB] g=364, 737 evaluated, 440 expanded
[t=55.1998s, 127932 KB] New best heuristic value for ilsh(patterns=systematic(2),transform=adapt_costs(cost_type=normal)): 357
[t=55.1998s, 127932 KB] g=426, 740 evaluated, 443 expanded
[t=55.6034s, 127932 KB] New best heuristic value for ilsh(patterns=systematic(2),transform=adapt_costs(cost_type=normal)): 297
[t=55.6034s, 127932 KB] g=486, 748 evaluated, 444 expanded
[t=55.8632s, 127932 KB] New best heuristic value for ilsh(patterns=systematic(2),transform=adapt_costs(cost_type=normal)): 237
[t=55.8632s, 127932 KB] g=546, 755 evaluated, 445 expanded
[t=91.9291s, 127932 KB] New best heuristic value for ilsh(patterns=systematic(2),transform=adapt_costs(cost_type=normal)): 236
[t=91.9291s, 127932 KB] g=730, 1444 evaluated, 893 expanded
[t=1753.7s, 127932 KB] New best heuristic value for ilsh(patterns=systematic(2),transform=adapt_costs(cost_type=normal)): 206
[t=1753.7s, 127932 KB] g=949, 33092 evaluated, 32298 expanded
[t=1754.03s, 127932 KB] New best heuristic value for ilsh(patterns=systematic(2),transform=adapt_costs(cost_type=normal)): 176
[t=1754.03s, 127932 KB] g=979, 33102 evaluated, 32299 expanded
[t=1754.31s, 127932 KB] New best heuristic value for ilsh(patterns=systematic(2),transform=adapt_costs(cost_type=normal)): 146
[t=1754.31s, 127932 KB] g=1009, 33111 evaluated, 32300 expanded
[t=1754.46s, 127932 KB] New best heuristic value for ilsh(patterns=systematic(2),transform=adapt_costs(cost_type=normal)): 116
[t=1754.46s, 127932 KB] g=1039, 33119 evaluated, 32301 expanded
Peak memory: 127932 KB
caught signal 24 -- exiting
Time limit has been reached.
Remove intermediate file output.sas
search exit code: 23

Driver aborting after search
INFO     Planner time: 1797.40s
