INFO     planner time limit: 1800s
INFO     planner memory limit: 2048 MB

INFO     Running translator.
INFO     translator stdin: None
INFO     translator time limit: 1799s
INFO     translator memory limit: 2048 MB
INFO     translator command line string: /home/henry/Documents/UFRGS/TCC/downward/.venv/bin/python /home/henry/Documents/UFRGS/TCC/downward/experiments/lab/data/main/code-5bb2ccb6957559b6969ffd7e29254c73f84d5e49_e5e41175/builds/release/bin/translate/translate.py domain.pddl problem.pddl --sas-file output.sas
Parsing...
Parsing: [0.000s CPU, 0.002s wall-clock]
Normalizing task... [0.000s CPU, 0.000s wall-clock]
Instantiating...
Generating Datalog program... [0.000s CPU, 0.001s wall-clock]
Normalizing Datalog program...
Normalizing Datalog program: [0.000s CPU, 0.003s wall-clock]
Preparing model... [0.010s CPU, 0.002s wall-clock]
Generated 79 rules.
Computing model... [1.420s CPU, 1.421s wall-clock]
169277 relevant atoms
50496 auxiliary atoms
219773 final queue length
711745 total queue pushes
Completing instantiation... [4.030s CPU, 4.034s wall-clock]
Instantiating: [5.500s CPU, 5.500s wall-clock]
Computing fact groups...
Finding invariants...
14 initial candidates
Finding invariants: [0.100s CPU, 0.092s wall-clock]
Checking invariant weight... [0.000s CPU, 0.000s wall-clock]
Instantiating groups... [0.000s CPU, 0.000s wall-clock]
Collecting mutex groups... [0.000s CPU, 0.001s wall-clock]
Choosing groups...
3360 uncovered facts
Choosing groups: [0.000s CPU, 0.001s wall-clock]
Building translation key... [0.000s CPU, 0.007s wall-clock]
Computing fact groups: [0.120s CPU, 0.120s wall-clock]
Building STRIPS to SAS dictionary... [0.010s CPU, 0.002s wall-clock]
Building dictionary for full mutex groups... [0.000s CPU, 0.001s wall-clock]
Building mutex information...
Building mutex information: [0.000s CPU, 0.001s wall-clock]
Translating task...
Processing axioms...
Simplifying axioms... [0.000s CPU, 0.000s wall-clock]
Translator axioms removed by simplifying: 0
Computing negative axioms... [0.000s CPU, 0.000s wall-clock]
Processing axioms: [0.070s CPU, 0.071s wall-clock]
Translating task: [2.460s CPU, 2.466s wall-clock]
149056 effect conditions simplified
0 implied preconditions added
Detecting unreachable propositions...
0 operators removed
0 axioms removed
4 propositions removed
Detecting unreachable propositions: [1.350s CPU, 1.349s wall-clock]
Reordering and filtering variables...
3364 of 3364 variables necessary.
0 of 4 mutex groups necessary.
59488 of 59488 operators necessary.
0 of 0 axiom rules necessary.
Reordering and filtering variables: [1.550s CPU, 1.553s wall-clock]
Translator variables: 3364
Translator derived variables: 0
Translator facts: 6912
Translator goal facts: 24
Translator mutex groups: 0
Translator total mutex groups size: 0
Translator operators: 59488
Translator axioms: 0
Translator task size: 516124
Translator peak memory: 373200 KB
Writing output... [0.370s CPU, 0.374s wall-clock]
Done! [11.480s CPU, 11.480s wall-clock]
translate exit code: 0

INFO     Running search (release).
INFO     search stdin: output.sas
INFO     search time limit: 1788s
INFO     search memory limit: 2048 MB
INFO     search command line string: /home/henry/Documents/UFRGS/TCC/downward/experiments/lab/data/main/code-5bb2ccb6957559b6969ffd7e29254c73f84d5e49_e5e41175/builds/release/bin/downward --search 'eager_greedy([ilsh(patterns=systematic(2), transform=adapt_costs(cost_type=NORMAL))])' --internal-plan-file sas_plan < output.sas
[t=0s, 10544 KB] reading input...
[t=0.271927s, 34316 KB] done reading input!
[t=0.271927s, 34712 KB] Generating patterns using: systematic pattern collection generator
[t=0.271927s, 34712 KB] building causal graph...done! [t=0.131941s]
[t=0.447824s, 60592 KB] Found 14148 SGA patterns.
[t=0.951739s, 60592 KB] Found 14148 interesting patterns.
[t=0.951739s, 60592 KB] systematic pattern collection generator number of patterns: 14148
[t=0.951739s, 60592 KB] systematic pattern collection generator total PDB size: 65376
[t=0.951739s, 60592 KB] systematic pattern collection generator computation time: 0.679812s
[t=0.951739s, 60592 KB] Computing PDBs for pattern collection...
[t=128.865s, 60592 KB] Done computing PDBs for pattern collection: 127.914s
[t=152.836s, 668780 KB] Tie breaking: 2
[t=152.836s, 668780 KB] Building successor generator...done!
[t=152.856s, 671572 KB] peak memory difference for successor generator creation: 2792 KB
[t=152.856s, 671572 KB] time for successor generation creation: 0.0199822s
[t=152.856s, 671572 KB] Variables: 3364
[t=152.856s, 671572 KB] FactPairs: 6912
[t=152.856s, 671572 KB] Bytes per state: 424
[t=152.856s, 671572 KB] Conducting best first search without reopening closed nodes, (real) bound = 2147483647
[t=153.475s, 671572 KB] New best heuristic value for ilsh(patterns=systematic(2),transform=adapt_costs(cost_type=normal)): 20
[t=153.475s, 671572 KB] g=0, 1 evaluated, 0 expanded
[t=153.475s, 671572 KB] Initial heuristic value for ilsh(patterns=systematic(2),transform=adapt_costs(cost_type=normal)): 20
[t=153.475s, 671572 KB] pruning method: none
[t=154.067s, 671572 KB] New best heuristic value for ilsh(patterns=systematic(2),transform=adapt_costs(cost_type=normal)): 19
[t=154.067s, 671572 KB] g=3, 2 evaluated, 1 expanded
[t=155.981s, 671572 KB] New best heuristic value for ilsh(patterns=systematic(2),transform=adapt_costs(cost_type=normal)): 18
[t=155.981s, 671572 KB] g=6, 5 evaluated, 2 expanded
[t=161.961s, 671572 KB] New best heuristic value for ilsh(patterns=systematic(2),transform=adapt_costs(cost_type=normal)): 17
[t=161.961s, 671572 KB] g=7, 15 evaluated, 3 expanded
[t=165.814s, 671572 KB] New best heuristic value for ilsh(patterns=systematic(2),transform=adapt_costs(cost_type=normal)): 15
[t=165.814s, 671572 KB] g=13, 22 evaluated, 5 expanded
Peak memory: 671572 KB
caught signal 24 -- exiting
Time limit has been reached.
Remove intermediate file output.sas
search exit code: 23

Driver aborting after search
INFO     Planner time: 1798.26s
