INFO     planner time limit: 1800s
INFO     planner memory limit: 2048 MB

INFO     Running translator.
INFO     translator stdin: None
INFO     translator time limit: 1799s
INFO     translator memory limit: 2048 MB
INFO     translator command line string: /home/henry/Documents/UFRGS/TCC/downward/.venv/bin/python /home/henry/Documents/UFRGS/TCC/downward/experiments/lab/data/main/code-5bb2ccb6957559b6969ffd7e29254c73f84d5e49_e5e41175/builds/release/bin/translate/translate.py domain.pddl problem.pddl --sas-file output.sas
Parsing...
Parsing: [0.000s CPU, 0.005s wall-clock]
Normalizing task... [0.010s CPU, 0.000s wall-clock]
Instantiating...
Generating Datalog program... [0.000s CPU, 0.001s wall-clock]
Normalizing Datalog program...
Normalizing Datalog program: [0.000s CPU, 0.005s wall-clock]
Preparing model... [0.010s CPU, 0.004s wall-clock]
Generated 198 rules.
Computing model... [0.200s CPU, 0.209s wall-clock]
12256 relevant atoms
17759 auxiliary atoms
30015 final queue length
73119 total queue pushes
Completing instantiation... [0.500s CPU, 0.501s wall-clock]
Instantiating: [0.720s CPU, 0.728s wall-clock]
Computing fact groups...
Finding invariants...
24 initial candidates
Finding invariants: [0.020s CPU, 0.015s wall-clock]
Checking invariant weight... [0.000s CPU, 0.001s wall-clock]
Instantiating groups... [0.010s CPU, 0.012s wall-clock]
Collecting mutex groups... [0.000s CPU, 0.000s wall-clock]
Choosing groups...
456 uncovered facts
Choosing groups: [0.000s CPU, 0.001s wall-clock]
Building translation key... [0.000s CPU, 0.001s wall-clock]
Computing fact groups: [0.040s CPU, 0.035s wall-clock]
Building STRIPS to SAS dictionary... [0.000s CPU, 0.001s wall-clock]
Building dictionary for full mutex groups... [0.000s CPU, 0.001s wall-clock]
Building mutex information...
Building mutex information: [0.000s CPU, 0.000s wall-clock]
Translating task...
Processing axioms...
Simplifying axioms... [0.000s CPU, 0.000s wall-clock]
Translator axioms removed by simplifying: 0
Computing negative axioms... [0.000s CPU, 0.000s wall-clock]
Processing axioms: [0.020s CPU, 0.021s wall-clock]
Translating task: [0.520s CPU, 0.529s wall-clock]
5641 effect conditions simplified
0 implied preconditions added
Detecting unreachable propositions...
0 operators removed
0 axioms removed
158 propositions removed
Detecting unreachable propositions: [0.300s CPU, 0.302s wall-clock]
Reordering and filtering variables...
498 of 511 variables necessary.
106 of 154 mutex groups necessary.
10773 of 10773 operators necessary.
0 of 0 axiom rules necessary.
Reordering and filtering variables: [0.100s CPU, 0.092s wall-clock]
Translator variables: 498
Translator derived variables: 0
Translator facts: 1367
Translator goal facts: 124
Translator mutex groups: 106
Translator total mutex groups size: 367
Translator operators: 10773
Translator axioms: 0
Translator task size: 93115
Translator peak memory: 94624 KB
Writing output... [0.070s CPU, 0.075s wall-clock]
Done! [1.790s CPU, 1.795s wall-clock]
translate exit code: 0

INFO     Running search (release).
INFO     search stdin: output.sas
INFO     search time limit: 1798s
INFO     search memory limit: 2048 MB
INFO     search command line string: /home/henry/Documents/UFRGS/TCC/downward/experiments/lab/data/main/code-5bb2ccb6957559b6969ffd7e29254c73f84d5e49_e5e41175/builds/release/bin/downward --search 'eager_greedy([operatorcounting(constraint_generators=[pho_constraints(patterns=systematic(2))], use_integer_operator_counts=true, transform=adapt_costs(cost_type=ONE))])' --internal-plan-file sas_plan < output.sas
[t=0s, 45596 KB] reading input...
[t=0.0559072s, 49776 KB] done reading input!
[t=0.0571705s, 50988 KB] Generating patterns using: systematic pattern collection generator
[t=0.0571705s, 50988 KB] building causal graph...done! [t=0.0199774s]
[t=0.0811236s, 55364 KB] Found 7063 SGA patterns.
[t=0.14906s, 55364 KB] Found 7063 interesting patterns.
[t=0.153064s, 55364 KB] systematic pattern collection generator number of patterns: 7063
[t=0.153064s, 55364 KB] systematic pattern collection generator total PDB size: 66288
[t=0.153064s, 55364 KB] systematic pattern collection generator computation time: 0.0958936s
[t=0.153064s, 55364 KB] Computing PDBs for pattern collection...
[t=10.7324s, 55364 KB] Done computing PDBs for pattern collection: 10.5794s
[t=12.6782s, 122788 KB] Building successor generator...done!
[t=12.6822s, 122788 KB] peak memory difference for successor generator creation: 0 KB
[t=12.6822s, 122788 KB] time for successor generation creation: 0.0039994s
[t=12.6822s, 122788 KB] Variables: 498
[t=12.6822s, 122788 KB] FactPairs: 1367
[t=12.6822s, 122788 KB] Bytes per state: 84
[t=12.6822s, 122788 KB] Conducting best first search without reopening closed nodes, (real) bound = 2147483647
[t=12.834s, 166404 KB] New best heuristic value for operatorcounting(constraint_generators=[pho_constraints(patterns=systematic(2))],use_integer_operator_counts=true,transform=adapt_costs(cost_type=one)): 87
[t=12.834s, 166404 KB] g=0, 1 evaluated, 0 expanded
[t=12.834s, 166404 KB] Initial heuristic value for operatorcounting(constraint_generators=[pho_constraints(patterns=systematic(2))],use_integer_operator_counts=true,transform=adapt_costs(cost_type=one)): 87
[t=12.834s, 166404 KB] pruning method: none
[t=13.0138s, 166404 KB] New best heuristic value for operatorcounting(constraint_generators=[pho_constraints(patterns=systematic(2))],use_integer_operator_counts=true,transform=adapt_costs(cost_type=one)): 86
[t=13.0138s, 166404 KB] g=30, 2 evaluated, 1 expanded
[t=57.3606s, 200388 KB] New best heuristic value for operatorcounting(constraint_generators=[pho_constraints(patterns=systematic(2))],use_integer_operator_counts=true,transform=adapt_costs(cost_type=one)): 85
[t=57.3606s, 200388 KB] g=40, 393 evaluated, 2 expanded
[t=102.827s, 200516 KB] New best heuristic value for operatorcounting(constraint_generators=[pho_constraints(patterns=systematic(2))],use_integer_operator_counts=true,transform=adapt_costs(cost_type=one)): 84
[t=102.827s, 200516 KB] g=50, 796 evaluated, 3 expanded
[t=148.711s, 200516 KB] New best heuristic value for operatorcounting(constraint_generators=[pho_constraints(patterns=systematic(2))],use_integer_operator_counts=true,transform=adapt_costs(cost_type=one)): 83
[t=148.711s, 200516 KB] g=60, 1191 evaluated, 4 expanded
[t=194.15s, 200516 KB] New best heuristic value for operatorcounting(constraint_generators=[pho_constraints(patterns=systematic(2))],use_integer_operator_counts=true,transform=adapt_costs(cost_type=one)): 82
[t=194.15s, 200516 KB] g=75, 1590 evaluated, 5 expanded
[t=239.762s, 200612 KB] New best heuristic value for operatorcounting(constraint_generators=[pho_constraints(patterns=systematic(2))],use_integer_operator_counts=true,transform=adapt_costs(cost_type=one)): 81
[t=239.762s, 200612 KB] g=85, 1984 evaluated, 6 expanded
[t=286.879s, 200612 KB] New best heuristic value for operatorcounting(constraint_generators=[pho_constraints(patterns=systematic(2))],use_integer_operator_counts=true,transform=adapt_costs(cost_type=one)): 80
[t=286.879s, 200612 KB] g=115, 2385 evaluated, 7 expanded
[t=332.654s, 200916 KB] New best heuristic value for operatorcounting(constraint_generators=[pho_constraints(patterns=systematic(2))],use_integer_operator_counts=true,transform=adapt_costs(cost_type=one)): 79
[t=332.654s, 200916 KB] g=125, 2780 evaluated, 8 expanded
[t=379.401s, 201248 KB] New best heuristic value for operatorcounting(constraint_generators=[pho_constraints(patterns=systematic(2))],use_integer_operator_counts=true,transform=adapt_costs(cost_type=one)): 78
[t=379.401s, 201248 KB] g=135, 3177 evaluated, 9 expanded
[t=425.338s, 201472 KB] New best heuristic value for operatorcounting(constraint_generators=[pho_constraints(patterns=systematic(2))],use_integer_operator_counts=true,transform=adapt_costs(cost_type=one)): 77
[t=425.338s, 201472 KB] g=145, 3572 evaluated, 10 expanded
[t=472.017s, 201472 KB] New best heuristic value for operatorcounting(constraint_generators=[pho_constraints(patterns=systematic(2))],use_integer_operator_counts=true,transform=adapt_costs(cost_type=one)): 76
[t=472.017s, 201472 KB] g=185, 3973 evaluated, 11 expanded
[t=517.815s, 201472 KB] New best heuristic value for operatorcounting(constraint_generators=[pho_constraints(patterns=systematic(2))],use_integer_operator_counts=true,transform=adapt_costs(cost_type=one)): 75
[t=517.815s, 201472 KB] g=195, 4365 evaluated, 12 expanded
[t=563.973s, 201472 KB] New best heuristic value for operatorcounting(constraint_generators=[pho_constraints(patterns=systematic(2))],use_integer_operator_counts=true,transform=adapt_costs(cost_type=one)): 74
[t=563.973s, 201472 KB] g=225, 4769 evaluated, 13 expanded
[t=609.582s, 201472 KB] New best heuristic value for operatorcounting(constraint_generators=[pho_constraints(patterns=systematic(2))],use_integer_operator_counts=true,transform=adapt_costs(cost_type=one)): 73
[t=609.582s, 201472 KB] g=240, 5169 evaluated, 14 expanded
[t=656.297s, 201584 KB] New best heuristic value for operatorcounting(constraint_generators=[pho_constraints(patterns=systematic(2))],use_integer_operator_counts=true,transform=adapt_costs(cost_type=one)): 72
[t=656.297s, 201584 KB] g=270, 5572 evaluated, 15 expanded
[t=703.949s, 201584 KB] New best heuristic value for operatorcounting(constraint_generators=[pho_constraints(patterns=systematic(2))],use_integer_operator_counts=true,transform=adapt_costs(cost_type=one)): 71
[t=703.949s, 201584 KB] g=300, 5979 evaluated, 16 expanded
[t=753.298s, 201584 KB] New best heuristic value for operatorcounting(constraint_generators=[pho_constraints(patterns=systematic(2))],use_integer_operator_counts=true,transform=adapt_costs(cost_type=one)): 70
[t=753.298s, 201584 KB] g=330, 6451 evaluated, 17 expanded
[t=797.537s, 201584 KB] New best heuristic value for operatorcounting(constraint_generators=[pho_constraints(patterns=systematic(2))],use_integer_operator_counts=true,transform=adapt_costs(cost_type=one)): 69
[t=797.537s, 201584 KB] g=360, 6867 evaluated, 18 expanded
[t=843.899s, 201664 KB] New best heuristic value for operatorcounting(constraint_generators=[pho_constraints(patterns=systematic(2))],use_integer_operator_counts=true,transform=adapt_costs(cost_type=one)): 68
[t=843.899s, 201664 KB] g=390, 7312 evaluated, 19 expanded
[t=889.348s, 202000 KB] New best heuristic value for operatorcounting(constraint_generators=[pho_constraints(patterns=systematic(2))],use_integer_operator_counts=true,transform=adapt_costs(cost_type=one)): 67
[t=889.348s, 202000 KB] g=420, 7757 evaluated, 20 expanded
[t=933.464s, 202000 KB] New best heuristic value for operatorcounting(constraint_generators=[pho_constraints(patterns=systematic(2))],use_integer_operator_counts=true,transform=adapt_costs(cost_type=one)): 66
[t=933.464s, 202000 KB] g=450, 8202 evaluated, 21 expanded
[t=977.39s, 202000 KB] New best heuristic value for operatorcounting(constraint_generators=[pho_constraints(patterns=systematic(2))],use_integer_operator_counts=true,transform=adapt_costs(cost_type=one)): 65
[t=977.39s, 202000 KB] g=480, 8654 evaluated, 22 expanded
[t=1019.79s, 202416 KB] New best heuristic value for operatorcounting(constraint_generators=[pho_constraints(patterns=systematic(2))],use_integer_operator_counts=true,transform=adapt_costs(cost_type=one)): 64
[t=1019.79s, 202416 KB] g=510, 9108 evaluated, 23 expanded
[t=1061.78s, 202416 KB] New best heuristic value for operatorcounting(constraint_generators=[pho_constraints(patterns=systematic(2))],use_integer_operator_counts=true,transform=adapt_costs(cost_type=one)): 63
[t=1061.78s, 202416 KB] g=540, 9583 evaluated, 24 expanded
[t=1101.33s, 202416 KB] New best heuristic value for operatorcounting(constraint_generators=[pho_constraints(patterns=systematic(2))],use_integer_operator_counts=true,transform=adapt_costs(cost_type=one)): 62
[t=1101.33s, 202416 KB] g=570, 10055 evaluated, 25 expanded
[t=1136.8s, 203280 KB] New best heuristic value for operatorcounting(constraint_generators=[pho_constraints(patterns=systematic(2))],use_integer_operator_counts=true,transform=adapt_costs(cost_type=one)): 61
[t=1136.8s, 203280 KB] g=600, 10524 evaluated, 26 expanded
[t=1168.83s, 205284 KB] New best heuristic value for operatorcounting(constraint_generators=[pho_constraints(patterns=systematic(2))],use_integer_operator_counts=true,transform=adapt_costs(cost_type=one)): 60
[t=1168.83s, 205284 KB] g=630, 10988 evaluated, 27 expanded
[t=1198.42s, 205380 KB] New best heuristic value for operatorcounting(constraint_generators=[pho_constraints(patterns=systematic(2))],use_integer_operator_counts=true,transform=adapt_costs(cost_type=one)): 59
[t=1198.42s, 205380 KB] g=660, 11449 evaluated, 28 expanded
[t=1225.18s, 205468 KB] New best heuristic value for operatorcounting(constraint_generators=[pho_constraints(patterns=systematic(2))],use_integer_operator_counts=true,transform=adapt_costs(cost_type=one)): 58
[t=1225.18s, 205468 KB] g=690, 11906 evaluated, 29 expanded
[t=1250.4s, 205536 KB] New best heuristic value for operatorcounting(constraint_generators=[pho_constraints(patterns=systematic(2))],use_integer_operator_counts=true,transform=adapt_costs(cost_type=one)): 57
[t=1250.4s, 205536 KB] g=720, 12367 evaluated, 30 expanded
[t=1274.57s, 205568 KB] New best heuristic value for operatorcounting(constraint_generators=[pho_constraints(patterns=systematic(2))],use_integer_operator_counts=true,transform=adapt_costs(cost_type=one)): 56
[t=1274.57s, 205568 KB] g=750, 12818 evaluated, 31 expanded
[t=1298.17s, 205652 KB] New best heuristic value for operatorcounting(constraint_generators=[pho_constraints(patterns=systematic(2))],use_integer_operator_counts=true,transform=adapt_costs(cost_type=one)): 55
[t=1298.17s, 205652 KB] g=780, 13315 evaluated, 32 expanded
[t=1322.57s, 205768 KB] New best heuristic value for operatorcounting(constraint_generators=[pho_constraints(patterns=systematic(2))],use_integer_operator_counts=true,transform=adapt_costs(cost_type=one)): 54
[t=1322.57s, 205768 KB] g=810, 13806 evaluated, 33 expanded
[t=1347.17s, 205884 KB] New best heuristic value for operatorcounting(constraint_generators=[pho_constraints(patterns=systematic(2))],use_integer_operator_counts=true,transform=adapt_costs(cost_type=one)): 53
[t=1347.17s, 205884 KB] g=840, 14271 evaluated, 34 expanded
[t=1369.37s, 206004 KB] New best heuristic value for operatorcounting(constraint_generators=[pho_constraints(patterns=systematic(2))],use_integer_operator_counts=true,transform=adapt_costs(cost_type=one)): 52
[t=1369.37s, 206004 KB] g=870, 14699 evaluated, 35 expanded
[t=1391.4s, 206124 KB] New best heuristic value for operatorcounting(constraint_generators=[pho_constraints(patterns=systematic(2))],use_integer_operator_counts=true,transform=adapt_costs(cost_type=one)): 51
[t=1391.4s, 206124 KB] g=900, 15135 evaluated, 36 expanded
[t=1413.16s, 206236 KB] New best heuristic value for operatorcounting(constraint_generators=[pho_constraints(patterns=systematic(2))],use_integer_operator_counts=true,transform=adapt_costs(cost_type=one)): 50
[t=1413.16s, 206236 KB] g=930, 15562 evaluated, 37 expanded
[t=1433.85s, 206356 KB] New best heuristic value for operatorcounting(constraint_generators=[pho_constraints(patterns=systematic(2))],use_integer_operator_counts=true,transform=adapt_costs(cost_type=one)): 49
[t=1433.85s, 206356 KB] g=960, 15991 evaluated, 38 expanded
[t=1455.36s, 206484 KB] New best heuristic value for operatorcounting(constraint_generators=[pho_constraints(patterns=systematic(2))],use_integer_operator_counts=true,transform=adapt_costs(cost_type=one)): 48
[t=1455.36s, 206484 KB] g=970, 16432 evaluated, 39 expanded
[t=1476.38s, 206604 KB] New best heuristic value for operatorcounting(constraint_generators=[pho_constraints(patterns=systematic(2))],use_integer_operator_counts=true,transform=adapt_costs(cost_type=one)): 47
[t=1476.38s, 206604 KB] g=980, 16859 evaluated, 40 expanded
[t=1497.28s, 206708 KB] New best heuristic value for operatorcounting(constraint_generators=[pho_constraints(patterns=systematic(2))],use_integer_operator_counts=true,transform=adapt_costs(cost_type=one)): 46
[t=1497.28s, 206708 KB] g=1010, 17272 evaluated, 41 expanded
[t=1517.58s, 206784 KB] New best heuristic value for operatorcounting(constraint_generators=[pho_constraints(patterns=systematic(2))],use_integer_operator_counts=true,transform=adapt_costs(cost_type=one)): 45
[t=1517.58s, 206784 KB] g=1025, 17686 evaluated, 42 expanded
[t=1537.15s, 206848 KB] New best heuristic value for operatorcounting(constraint_generators=[pho_constraints(patterns=systematic(2))],use_integer_operator_counts=true,transform=adapt_costs(cost_type=one)): 44
[t=1537.15s, 206848 KB] g=1040, 18083 evaluated, 43 expanded
[t=1555.84s, 206880 KB] New best heuristic value for operatorcounting(constraint_generators=[pho_constraints(patterns=systematic(2))],use_integer_operator_counts=true,transform=adapt_costs(cost_type=one)): 43
[t=1555.84s, 206880 KB] g=1050, 18473 evaluated, 44 expanded
[t=1574.66s, 206924 KB] New best heuristic value for operatorcounting(constraint_generators=[pho_constraints(patterns=systematic(2))],use_integer_operator_counts=true,transform=adapt_costs(cost_type=one)): 42
[t=1574.66s, 206924 KB] g=1095, 18863 evaluated, 45 expanded
[t=1592.85s, 206964 KB] New best heuristic value for operatorcounting(constraint_generators=[pho_constraints(patterns=systematic(2))],use_integer_operator_counts=true,transform=adapt_costs(cost_type=one)): 41
[t=1592.85s, 206964 KB] g=1105, 19247 evaluated, 46 expanded
[t=1611.36s, 207016 KB] New best heuristic value for operatorcounting(constraint_generators=[pho_constraints(patterns=systematic(2))],use_integer_operator_counts=true,transform=adapt_costs(cost_type=one)): 40
[t=1611.36s, 207016 KB] g=1115, 19627 evaluated, 47 expanded
[t=1629.65s, 207092 KB] New best heuristic value for operatorcounting(constraint_generators=[pho_constraints(patterns=systematic(2))],use_integer_operator_counts=true,transform=adapt_costs(cost_type=one)): 39
[t=1629.65s, 207092 KB] g=1135, 19990 evaluated, 48 expanded
[t=1647.05s, 207164 KB] New best heuristic value for operatorcounting(constraint_generators=[pho_constraints(patterns=systematic(2))],use_integer_operator_counts=true,transform=adapt_costs(cost_type=one)): 38
[t=1647.05s, 207164 KB] g=1145, 20345 evaluated, 49 expanded
[t=1664.63s, 207228 KB] New best heuristic value for operatorcounting(constraint_generators=[pho_constraints(patterns=systematic(2))],use_integer_operator_counts=true,transform=adapt_costs(cost_type=one)): 37
[t=1664.63s, 207228 KB] g=1165, 20705 evaluated, 50 expanded
[t=1679.79s, 207308 KB] New best heuristic value for operatorcounting(constraint_generators=[pho_constraints(patterns=systematic(2))],use_integer_operator_counts=true,transform=adapt_costs(cost_type=one)): 36
[t=1679.8s, 207308 KB] g=1180, 21032 evaluated, 51 expanded
[t=1695.07s, 207364 KB] New best heuristic value for operatorcounting(constraint_generators=[pho_constraints(patterns=systematic(2))],use_integer_operator_counts=true,transform=adapt_costs(cost_type=one)): 35
[t=1695.07s, 207364 KB] g=1190, 21364 evaluated, 52 expanded
[t=1710.45s, 207404 KB] New best heuristic value for operatorcounting(constraint_generators=[pho_constraints(patterns=systematic(2))],use_integer_operator_counts=true,transform=adapt_costs(cost_type=one)): 34
[t=1710.45s, 207404 KB] g=1200, 21692 evaluated, 53 expanded
[t=1725.38s, 207444 KB] New best heuristic value for operatorcounting(constraint_generators=[pho_constraints(patterns=systematic(2))],use_integer_operator_counts=true,transform=adapt_costs(cost_type=one)): 33
[t=1725.38s, 207444 KB] g=1210, 22018 evaluated, 54 expanded
[t=1739.03s, 207444 KB] New best heuristic value for operatorcounting(constraint_generators=[pho_constraints(patterns=systematic(2))],use_integer_operator_counts=true,transform=adapt_costs(cost_type=one)): 32
[t=1739.03s, 207444 KB] g=1225, 22331 evaluated, 55 expanded
[t=1752.04s, 207492 KB] New best heuristic value for operatorcounting(constraint_generators=[pho_constraints(patterns=systematic(2))],use_integer_operator_counts=true,transform=adapt_costs(cost_type=one)): 31
[t=1752.04s, 207492 KB] g=1235, 22643 evaluated, 56 expanded
[t=1764.85s, 207504 KB] New best heuristic value for operatorcounting(constraint_generators=[pho_constraints(patterns=systematic(2))],use_integer_operator_counts=true,transform=adapt_costs(cost_type=one)): 30
[t=1764.85s, 207504 KB] g=1280, 22948 evaluated, 57 expanded
[t=1777.27s, 207544 KB] New best heuristic value for operatorcounting(constraint_generators=[pho_constraints(patterns=systematic(2))],use_integer_operator_counts=true,transform=adapt_costs(cost_type=one)): 29
[t=1777.27s, 207544 KB] g=1300, 23243 evaluated, 58 expanded
[t=1789.06s, 213936 KB] New best heuristic value for operatorcounting(constraint_generators=[pho_constraints(patterns=systematic(2))],use_integer_operator_counts=true,transform=adapt_costs(cost_type=one)): 28
[t=1789.06s, 213936 KB] g=1310, 23529 evaluated, 59 expanded
Peak memory: 213964 KB
caught signal 24 -- exiting
Time limit has been reached.
Remove intermediate file output.sas
search exit code: 23

Driver aborting after search
INFO     Planner time: 1797.21s
