INFO     planner time limit: 1800s
INFO     planner memory limit: 2048 MB

INFO     Running translator.
INFO     translator stdin: None
INFO     translator time limit: 1799s
INFO     translator memory limit: 2048 MB
INFO     translator command line string: /home/henry/Documents/UFRGS/TCC/downward/.venv/bin/python /home/henry/Documents/UFRGS/TCC/downward/experiments/lab/data/main/code-5bb2ccb6957559b6969ffd7e29254c73f84d5e49_e5e41175/builds/release/bin/translate/translate.py domain.pddl problem.pddl --sas-file output.sas
Parsing...
Parsing: [0.160s CPU, 0.152s wall-clock]
Normalizing task... [0.020s CPU, 0.023s wall-clock]
Instantiating...
Generating Datalog program... [0.020s CPU, 0.021s wall-clock]
Normalizing Datalog program...
Normalizing Datalog program: [0.150s CPU, 0.147s wall-clock]
Preparing model... [0.100s CPU, 0.101s wall-clock]
Generated 6310 rules.
Computing model... [5.620s CPU, 5.632s wall-clock]
157560 relevant atoms
394770 auxiliary atoms
552330 final queue length
787924 total queue pushes
Completing instantiation... [6.130s CPU, 6.147s wall-clock]
Instantiating: [12.220s CPU, 12.245s wall-clock]
Computing fact groups...
Finding invariants...
1272 initial candidates
Finding invariants: [16.510s CPU, 16.527s wall-clock]
Checking invariant weight... [0.000s CPU, 0.000s wall-clock]
Instantiating groups... [0.000s CPU, 0.000s wall-clock]
Collecting mutex groups... [0.000s CPU, 0.001s wall-clock]
Choosing groups...
3570 uncovered facts
Choosing groups: [0.010s CPU, 0.001s wall-clock]
Building translation key... [0.010s CPU, 0.011s wall-clock]
Computing fact groups: [16.550s CPU, 16.566s wall-clock]
Building STRIPS to SAS dictionary... [0.010s CPU, 0.005s wall-clock]
Building dictionary for full mutex groups... [0.000s CPU, 0.006s wall-clock]
Building mutex information...
Building mutex information: [0.010s CPU, 0.005s wall-clock]
Translating task...
Processing axioms...
Simplifying axioms... [0.000s CPU, 0.000s wall-clock]
Translator axioms removed by simplifying: 0
Computing negative axioms... [0.000s CPU, 0.000s wall-clock]
Processing axioms: [0.260s CPU, 0.267s wall-clock]
Translating task: [6.540s CPU, 6.554s wall-clock]
218607 effect conditions simplified
0 implied preconditions added
Detecting unreachable propositions...
357 operators removed
0 axioms removed
46 propositions removed
Detecting unreachable propositions: [4.160s CPU, 4.164s wall-clock]
Reordering and filtering variables...
3320 of 3547 variables necessary.
0 of 0 mutex groups necessary.
142867 of 149165 operators necessary.
0 of 0 axiom rules necessary.
Reordering and filtering variables: [2.940s CPU, 2.943s wall-clock]
Translator variables: 3320
Translator derived variables: 0
Translator facts: 6640
Translator goal facts: 77
Translator mutex groups: 0
Translator total mutex groups size: 0
Translator operators: 142867
Translator axioms: 0
Translator task size: 969163
Translator peak memory: 613808 KB
Writing output... [0.870s CPU, 0.867s wall-clock]
Done! [43.770s CPU, 43.828s wall-clock]
translate exit code: 0

INFO     Running search (release).
INFO     search stdin: output.sas
INFO     search time limit: 1756s
INFO     search memory limit: 2048 MB
INFO     search command line string: /home/henry/Documents/UFRGS/TCC/downward/experiments/lab/data/main/code-5bb2ccb6957559b6969ffd7e29254c73f84d5e49_e5e41175/builds/release/bin/downward --search 'eager_greedy([operatorcounting(constraint_generators=[pho_constraints(patterns=systematic(2))], use_integer_operator_counts=true, transform=adapt_costs(cost_type=ONE))])' --internal-plan-file sas_plan < output.sas
[t=0s, 45596 KB] reading input...
[t=0.547309s, 90644 KB] done reading input!
[t=0.557743s, 103332 KB] Generating patterns using: systematic pattern collection generator
[t=0.557743s, 103332 KB] building causal graph...done! [t=0.451421s]
[t=1.27277s, 155672 KB] Found 3245 SGA patterns.
[t=1.4726s, 155672 KB] Found 3246 interesting patterns.
[t=1.47661s, 155672 KB] systematic pattern collection generator number of patterns: 3246
[t=1.47661s, 155672 KB] systematic pattern collection generator total PDB size: 12830
[t=1.47661s, 155672 KB] systematic pattern collection generator computation time: 0.918868s
[t=1.47661s, 155672 KB] Computing PDBs for pattern collection...
[t=83.0005s, 155672 KB] Done computing PDBs for pattern collection: 81.5239s
[t=111.735s, 1262584 KB] Building successor generator...done!
[t=111.795s, 1262584 KB] peak memory difference for successor generator creation: 0 KB
[t=111.795s, 1262584 KB] time for successor generation creation: 0.0599099s
[t=111.795s, 1262584 KB] Variables: 3320
[t=111.795s, 1262584 KB] FactPairs: 6640
[t=111.795s, 1262584 KB] Bytes per state: 416
[t=111.795s, 1262584 KB] Conducting best first search without reopening closed nodes, (real) bound = 2147483647
[t=112.964s, 1753772 KB] New best heuristic value for operatorcounting(constraint_generators=[pho_constraints(patterns=systematic(2))],use_integer_operator_counts=true,transform=adapt_costs(cost_type=one)): 2
[t=112.964s, 1753772 KB] g=0, 1 evaluated, 0 expanded
[t=112.964s, 1753772 KB] Initial heuristic value for operatorcounting(constraint_generators=[pho_constraints(patterns=systematic(2))],use_integer_operator_counts=true,transform=adapt_costs(cost_type=one)): 2
[t=112.964s, 1753772 KB] pruning method: none
Peak memory: 2015980 KB
caught signal 24 -- exiting
Time limit has been reached.
Remove intermediate file output.sas
search exit code: 23

Driver aborting after search
INFO     Planner time: 1796.53s
