INFO     planner time limit: 1800s
INFO     planner memory limit: 2048 MB

INFO     Running translator.
INFO     translator stdin: None
INFO     translator time limit: 1799s
INFO     translator memory limit: 2048 MB
INFO     translator command line string: /home/henry/Documents/UFRGS/TCC/downward/.venv/bin/python /home/henry/Documents/UFRGS/TCC/downward/experiments/lab/data/main/code-fa850d1cb8d716322f299a4f9b64478019793ada_e5e41175/builds/release/bin/translate/translate.py domain.pddl problem.pddl --sas-file output.sas
Parsing...
Parsing: [0.000s CPU, 0.001s wall-clock]
Normalizing task... [0.000s CPU, 0.000s wall-clock]
Instantiating...
Generating Datalog program... [0.000s CPU, 0.000s wall-clock]
Normalizing Datalog program...
Normalizing Datalog program: [0.000s CPU, 0.002s wall-clock]
Preparing model... [0.000s CPU, 0.001s wall-clock]
Generated 52 rules.
Computing model... [0.010s CPU, 0.014s wall-clock]
694 relevant atoms
2181 auxiliary atoms
2875 final queue length
3474 total queue pushes
Completing instantiation... [0.010s CPU, 0.010s wall-clock]
Instantiating: [0.020s CPU, 0.028s wall-clock]
Computing fact groups...
Finding invariants...
6 initial candidates
Finding invariants: [0.010s CPU, 0.001s wall-clock]
Checking invariant weight... [0.000s CPU, 0.000s wall-clock]
Instantiating groups... [0.000s CPU, 0.000s wall-clock]
Collecting mutex groups... [0.000s CPU, 0.000s wall-clock]
Choosing groups...
1 uncovered facts
Choosing groups: [0.000s CPU, 0.000s wall-clock]
Building translation key... [0.000s CPU, 0.000s wall-clock]
Computing fact groups: [0.010s CPU, 0.002s wall-clock]
Building STRIPS to SAS dictionary... [0.000s CPU, 0.000s wall-clock]
Building dictionary for full mutex groups... [0.000s CPU, 0.000s wall-clock]
Building mutex information...
Building mutex information: [0.000s CPU, 0.000s wall-clock]
Translating task...
Processing axioms...
Simplifying axioms... [0.000s CPU, 0.000s wall-clock]
Translator axioms removed by simplifying: 0
Computing negative axioms... [0.000s CPU, 0.000s wall-clock]
Processing axioms: [0.000s CPU, 0.001s wall-clock]
Translating task: [0.010s CPU, 0.012s wall-clock]
94 effect conditions simplified
0 implied preconditions added
Detecting unreachable propositions...
69 operators removed
0 axioms removed
17 propositions removed
Detecting unreachable propositions: [0.000s CPU, 0.006s wall-clock]
Reordering and filtering variables...
13 of 13 variables necessary.
0 of 12 mutex groups necessary.
468 of 468 operators necessary.
0 of 0 axiom rules necessary.
Reordering and filtering variables: [0.010s CPU, 0.002s wall-clock]
Translator variables: 13
Translator derived variables: 0
Translator facts: 58
Translator goal facts: 12
Translator mutex groups: 0
Translator total mutex groups size: 0
Translator operators: 468
Translator axioms: 0
Translator task size: 2751
Translator peak memory: 34152 KB
Writing output... [0.000s CPU, 0.003s wall-clock]
Done! [0.050s CPU, 0.056s wall-clock]
translate exit code: 0

INFO     Running search (release).
INFO     search stdin: output.sas
INFO     search time limit: 1799s
INFO     search memory limit: 2048 MB
INFO     search command line string: /home/henry/Documents/UFRGS/TCC/downward/experiments/lab/data/main/code-fa850d1cb8d716322f299a4f9b64478019793ada_e5e41175/builds/release/bin/downward --search 'eager_greedy([operatorcounting(constraint_generators=[pho_constraints(patterns=systematic(4))], use_integer_operator_counts=false, transform=adapt_costs(cost_type=NORMAL))])' --internal-plan-file sas_plan < output.sas
[t=0s, 45596 KB] reading input...
[t=0s, 45728 KB] done reading input!
[t=0.00397024s, 45992 KB] Generating patterns using: systematic pattern collection generator
[t=0.00397024s, 45992 KB] building causal graph...done! [t=0s]
[t=0.00397024s, 46132 KB] Found 621 SGA patterns.
[t=0.00397024s, 46132 KB] Found 621 interesting patterns.
[t=0.00579774s, 46132 KB] systematic pattern collection generator number of patterns: 621
[t=0.00579774s, 46132 KB] systematic pattern collection generator total PDB size: 195342
[t=0.00579774s, 46132 KB] systematic pattern collection generator computation time: 0.0018275s
[t=0.00599338s, 46132 KB] Computing PDBs for pattern collection...
[t=0.0998275s, 46904 KB] Done computing PDBs for pattern collection: 0.0938341s
[t=0.107819s, 53284 KB] Building successor generator...done!
[t=0.107819s, 53284 KB] peak memory difference for successor generator creation: 0 KB
[t=0.107819s, 53284 KB] time for successor generation creation: 0s
[t=0.107819s, 53284 KB] Variables: 13
[t=0.107819s, 53284 KB] FactPairs: 58
[t=0.107819s, 53284 KB] Bytes per state: 4
[t=0.107819s, 53284 KB] Conducting best first search without reopening closed nodes, (real) bound = 2147483647
[t=0.115787s, 55832 KB] New best heuristic value for operatorcounting(constraint_generators=[pho_constraints(patterns=systematic(4))],use_integer_operator_counts=false,transform=adapt_costs(cost_type=normal)): 15
[t=0.115787s, 55832 KB] g=0, 1 evaluated, 0 expanded
[t=0.115787s, 55832 KB] Initial heuristic value for operatorcounting(constraint_generators=[pho_constraints(patterns=systematic(4))],use_integer_operator_counts=false,transform=adapt_costs(cost_type=normal)): 15
[t=0.115787s, 55832 KB] pruning method: none
[t=0.127786s, 55832 KB] New best heuristic value for operatorcounting(constraint_generators=[pho_constraints(patterns=systematic(4))],use_integer_operator_counts=false,transform=adapt_costs(cost_type=normal)): 14
[t=0.127786s, 55832 KB] g=3, 17 evaluated, 4 expanded
[t=0.131763s, 55832 KB] New best heuristic value for operatorcounting(constraint_generators=[pho_constraints(patterns=systematic(4))],use_integer_operator_counts=false,transform=adapt_costs(cost_type=normal)): 13
[t=0.131763s, 55832 KB] g=4, 20 evaluated, 5 expanded
[t=0.151748s, 55832 KB] New best heuristic value for operatorcounting(constraint_generators=[pho_constraints(patterns=systematic(4))],use_integer_operator_counts=false,transform=adapt_costs(cost_type=normal)): 12
[t=0.151748s, 55832 KB] g=7, 43 evaluated, 13 expanded
[t=0.155734s, 55832 KB] New best heuristic value for operatorcounting(constraint_generators=[pho_constraints(patterns=systematic(4))],use_integer_operator_counts=false,transform=adapt_costs(cost_type=normal)): 11
[t=0.155734s, 55832 KB] g=8, 47 evaluated, 14 expanded
[t=0.18367s, 55832 KB] New best heuristic value for operatorcounting(constraint_generators=[pho_constraints(patterns=systematic(4))],use_integer_operator_counts=false,transform=adapt_costs(cost_type=normal)): 10
[t=0.18367s, 55832 KB] g=11, 73 evaluated, 21 expanded
[t=0.207647s, 55832 KB] New best heuristic value for operatorcounting(constraint_generators=[pho_constraints(patterns=systematic(4))],use_integer_operator_counts=false,transform=adapt_costs(cost_type=normal)): 9
[t=0.207647s, 55832 KB] g=15, 95 evaluated, 30 expanded
[t=0.215603s, 55832 KB] New best heuristic value for operatorcounting(constraint_generators=[pho_constraints(patterns=systematic(4))],use_integer_operator_counts=false,transform=adapt_costs(cost_type=normal)): 8
[t=0.215603s, 55832 KB] g=18, 104 evaluated, 33 expanded
[t=0.227593s, 55832 KB] New best heuristic value for operatorcounting(constraint_generators=[pho_constraints(patterns=systematic(4))],use_integer_operator_counts=false,transform=adapt_costs(cost_type=normal)): 7
[t=0.227593s, 55832 KB] g=22, 119 evaluated, 41 expanded
[t=0.235587s, 55832 KB] New best heuristic value for operatorcounting(constraint_generators=[pho_constraints(patterns=systematic(4))],use_integer_operator_counts=false,transform=adapt_costs(cost_type=normal)): 6
[t=0.235587s, 55832 KB] g=25, 130 evaluated, 45 expanded
[t=0.279546s, 55832 KB] New best heuristic value for operatorcounting(constraint_generators=[pho_constraints(patterns=systematic(4))],use_integer_operator_counts=false,transform=adapt_costs(cost_type=normal)): 5
[t=0.279546s, 55832 KB] g=29, 172 evaluated, 63 expanded
[t=0.311484s, 55832 KB] New best heuristic value for operatorcounting(constraint_generators=[pho_constraints(patterns=systematic(4))],use_integer_operator_counts=false,transform=adapt_costs(cost_type=normal)): 4
[t=0.311484s, 55832 KB] g=33, 207 evaluated, 75 expanded
[t=0.355408s, 55832 KB] New best heuristic value for operatorcounting(constraint_generators=[pho_constraints(patterns=systematic(4))],use_integer_operator_counts=false,transform=adapt_costs(cost_type=normal)): 3
[t=0.355408s, 55832 KB] g=36, 250 evaluated, 96 expanded
[t=0.367402s, 55832 KB] New best heuristic value for operatorcounting(constraint_generators=[pho_constraints(patterns=systematic(4))],use_integer_operator_counts=false,transform=adapt_costs(cost_type=normal)): 2
[t=0.367402s, 55832 KB] g=39, 261 evaluated, 100 expanded
[t=0.515148s, 55832 KB] New best heuristic value for operatorcounting(constraint_generators=[pho_constraints(patterns=systematic(4))],use_integer_operator_counts=false,transform=adapt_costs(cost_type=normal)): 1
[t=0.515148s, 55832 KB] g=54, 410 evaluated, 195 expanded
[t=0.531106s, 55832 KB] New best heuristic value for operatorcounting(constraint_generators=[pho_constraints(patterns=systematic(4))],use_integer_operator_counts=false,transform=adapt_costs(cost_type=normal)): 0
[t=0.531106s, 55832 KB] g=60, 430 evaluated, 202 expanded
[t=0.531106s, 55832 KB] Solution found!
[t=0.531106s, 55832 KB] Actual search time: 0.415319s
create-block pos-1-0 (1)
place-block pos-1-0 pos-0-0 n0 n1 (1)
create-block pos-1-0 (1)
place-block pos-1-0 pos-2-0 n0 n1 (1)
create-block pos-1-0 (1)
move pos-1-0 pos-1-1 n0 (1)
place-block pos-1-1 pos-0-1 n0 n1 (1)
move pos-1-1 pos-1-0 n0 (1)
create-block pos-1-0 (1)
move pos-1-0 pos-1-1 n0 (1)
place-block pos-1-1 pos-2-1 n0 n1 (1)
move pos-1-1 pos-1-0 n0 (1)
create-block pos-1-0 (1)
move-up pos-1-0 n0 pos-2-0 n1 (1)
move pos-2-0 pos-2-1 n1 (1)
place-block pos-2-1 pos-2-0 n1 n2 (1)
move-down pos-2-1 n1 pos-1-1 n0 (1)
move pos-1-1 pos-1-0 n0 (1)
create-block pos-1-0 (1)
move-up pos-1-0 n0 pos-0-0 n1 (1)
move pos-0-0 pos-0-1 n1 (1)
place-block pos-0-1 pos-0-0 n1 n2 (1)
move-down pos-0-1 n1 pos-1-1 n0 (1)
move pos-1-1 pos-1-0 n0 (1)
create-block pos-1-0 (1)
place-block pos-1-0 pos-1-1 n0 n1 (1)
create-block pos-1-0 (1)
move-up pos-1-0 n0 pos-1-1 n1 (1)
place-block pos-1-1 pos-2-1 n1 n2 (1)
move-down pos-1-1 n1 pos-1-0 n0 (1)
create-block pos-1-0 (1)
move-up pos-1-0 n0 pos-1-1 n1 (1)
place-block pos-1-1 pos-0-1 n1 n2 (1)
move-down pos-1-1 n1 pos-1-2 n0 (1)
remove-block pos-1-2 pos-1-1 n1 n0 (1)
move pos-1-2 pos-1-1 n0 (1)
place-block pos-1-1 pos-1-2 n0 n1 (1)
move pos-1-1 pos-1-0 n0 (1)
create-block pos-1-0 (1)
move pos-1-0 pos-1-1 n0 (1)
move-up pos-1-1 n0 pos-1-2 n1 (1)
move-down pos-1-2 n1 pos-2-2 n0 (1)
place-block pos-2-2 pos-3-2 n0 n1 (1)
remove-block pos-2-2 pos-1-2 n1 n0 (1)
move-up pos-2-2 n0 pos-3-2 n1 (1)
move-down pos-3-2 n1 pos-3-1 n0 (1)
place-block pos-3-1 pos-3-0 n0 n1 (1)
remove-block pos-3-1 pos-3-2 n1 n0 (1)
move-up pos-3-1 n0 pos-3-0 n1 (1)
move-up pos-3-0 n1 pos-2-0 n2 (1)
place-block pos-2-0 pos-2-1 n2 n3 (1)
move-down pos-2-0 n2 pos-3-0 n1 (1)
move-down pos-3-0 n1 pos-3-1 n0 (1)
remove-block pos-3-1 pos-3-0 n1 n0 (1)
move pos-3-1 pos-3-2 n0 (1)
move pos-3-2 pos-2-2 n0 (1)
move pos-2-2 pos-1-2 n0 (1)
move pos-1-2 pos-1-1 n0 (1)
move pos-1-1 pos-1-0 n0 (1)
destroy-block pos-1-0 (1)
[t=0.531106s, 55832 KB] Plan length: 60 step(s).
[t=0.531106s, 55832 KB] Plan cost: 60
[t=0.531106s, 55832 KB] Expanded 203 state(s).
[t=0.531106s, 55832 KB] Reopened 0 state(s).
[t=0.531106s, 55832 KB] Evaluated 430 state(s).
[t=0.531106s, 55832 KB] Evaluations: 430
[t=0.531106s, 55832 KB] Generated 685 state(s).
[t=0.531106s, 55832 KB] Dead ends: 0 state(s).
[t=0.531106s, 55832 KB] Number of registered states: 430
[t=0.531106s, 55832 KB] Int hash set load factor: 430/512 = 0.839844
[t=0.531106s, 55832 KB] Int hash set resizes: 9
[t=0.531106s, 55832 KB] Search time: 0.423287s
[t=0.531106s, 55832 KB] Total time: 0.531106s
Solution found.
Peak memory: 55832 KB
Remove intermediate file output.sas
search exit code: 0

INFO     Running validate.
INFO     validate stdin: None
INFO     validate time limit: None
INFO     validate memory limit: None
INFO     validate command line string: /home/henry/bin/validate domain.pddl problem.pddl sas_plan
Checking plan: sas_plan
Plan executed successfully - checking goal
Plan valid
Final value: 60 

Successful plans:
Value: 60
 sas_plan 60 

validate exit code: 0

INFO     Planner time: 0.64s
