INFO     planner time limit: 1800s
INFO     planner memory limit: 2048 MB

INFO     Running translator.
INFO     translator stdin: None
INFO     translator time limit: 1799s
INFO     translator memory limit: 2048 MB
INFO     translator command line string: /home/henry/Documents/UFRGS/TCC/downward/.venv/bin/python /home/henry/Documents/UFRGS/TCC/downward/experiments/lab/data/main/code-5bb2ccb6957559b6969ffd7e29254c73f84d5e49_e5e41175/builds/release/bin/translate/translate.py domain.pddl problem.pddl --sas-file output.sas
Parsing...
Parsing: [0.000s CPU, 0.005s wall-clock]
Normalizing task... [0.000s CPU, 0.000s wall-clock]
Instantiating...
Generating Datalog program... [0.000s CPU, 0.001s wall-clock]
Normalizing Datalog program...
Normalizing Datalog program: [0.020s CPU, 0.015s wall-clock]
Preparing model... [0.000s CPU, 0.004s wall-clock]
Generated 400 rules.
Computing model... [0.590s CPU, 0.594s wall-clock]
43738 relevant atoms
39186 auxiliary atoms
82924 final queue length
230130 total queue pushes
Completing instantiation... [2.290s CPU, 2.293s wall-clock]
Instantiating: [2.930s CPU, 2.927s wall-clock]
Computing fact groups...
Finding invariants...
41 initial candidates
Finding invariants: [0.050s CPU, 0.052s wall-clock]
Checking invariant weight... [0.000s CPU, 0.000s wall-clock]
Instantiating groups... [0.000s CPU, 0.000s wall-clock]
Collecting mutex groups... [0.000s CPU, 0.000s wall-clock]
Choosing groups...
443 uncovered facts
Choosing groups: [0.000s CPU, 0.000s wall-clock]
Building translation key... [0.000s CPU, 0.001s wall-clock]
Computing fact groups: [0.050s CPU, 0.055s wall-clock]
Building STRIPS to SAS dictionary... [0.000s CPU, 0.000s wall-clock]
Building dictionary for full mutex groups... [0.000s CPU, 0.000s wall-clock]
Building mutex information...
Building mutex information: [0.000s CPU, 0.000s wall-clock]
Translating task...
Processing axioms...
Simplifying axioms... [0.000s CPU, 0.000s wall-clock]
Translator axioms removed by simplifying: 0
Computing negative axioms... [0.000s CPU, 0.000s wall-clock]
Processing axioms: [0.110s CPU, 0.109s wall-clock]
Translating task: [2.840s CPU, 2.831s wall-clock]
123029 effect conditions simplified
0 implied preconditions added
Detecting unreachable propositions...
0 operators removed
0 axioms removed
2 propositions removed
Detecting unreachable propositions: [1.820s CPU, 1.833s wall-clock]
Reordering and filtering variables...
445 of 445 variables necessary.
1 of 3 mutex groups necessary.
43098 of 43098 operators necessary.
0 of 0 axiom rules necessary.
Reordering and filtering variables: [0.650s CPU, 0.649s wall-clock]
Translator variables: 445
Translator derived variables: 0
Translator facts: 893
Translator goal facts: 4
Translator mutex groups: 1
Translator total mutex groups size: 2
Translator operators: 43098
Translator axioms: 0
Translator task size: 530940
Translator peak memory: 318032 KB
Writing output... [0.380s CPU, 0.385s wall-clock]
Done! [8.790s CPU, 8.800s wall-clock]
translate exit code: 0

INFO     Running search (release).
INFO     search stdin: output.sas
INFO     search time limit: 1791s
INFO     search memory limit: 2048 MB
INFO     search command line string: /home/henry/Documents/UFRGS/TCC/downward/experiments/lab/data/main/code-5bb2ccb6957559b6969ffd7e29254c73f84d5e49_e5e41175/builds/release/bin/downward --search 'eager_greedy([ilsh(patterns=systematic(2), transform=adapt_costs(cost_type=ONE))])' --internal-plan-file sas_plan < output.sas
[t=0s, 10544 KB] reading input...
[t=0.243799s, 30436 KB] done reading input!
[t=0.243799s, 30832 KB] Generating patterns using: systematic pattern collection generator
[t=0.243799s, 30832 KB] building causal graph...done! [t=0.191849s]
[t=0.479577s, 48648 KB] Found 11 SGA patterns.
[t=0.479577s, 48648 KB] Found 11 interesting patterns.
[t=0.479577s, 48648 KB] systematic pattern collection generator number of patterns: 11
[t=0.479577s, 48648 KB] systematic pattern collection generator total PDB size: 36
[t=0.479577s, 48648 KB] systematic pattern collection generator computation time: 0.235779s
[t=0.479577s, 48648 KB] Computing PDBs for pattern collection...
[t=0.5595s, 48648 KB] Done computing PDBs for pattern collection: 0.079923s
[t=0.579482s, 48648 KB] Tie breaking: 2
[t=0.579482s, 48648 KB] Building successor generator...done!
[t=0.599479s, 48648 KB] peak memory difference for successor generator creation: 0 KB
[t=0.599479s, 48648 KB] time for successor generation creation: 0.0199968s
[t=0.599479s, 48648 KB] Variables: 445
[t=0.599479s, 48648 KB] FactPairs: 893
[t=0.599479s, 48648 KB] Bytes per state: 56
[t=0.599479s, 48648 KB] Conducting best first search without reopening closed nodes, (real) bound = 2147483647
[t=0.60346s, 48648 KB] New best heuristic value for ilsh(patterns=systematic(2),transform=adapt_costs(cost_type=one)): 5
[t=0.60346s, 48648 KB] g=0, 1 evaluated, 0 expanded
[t=0.60346s, 48648 KB] Initial heuristic value for ilsh(patterns=systematic(2),transform=adapt_costs(cost_type=one)): 5
[t=0.60346s, 48648 KB] pruning method: none
[t=0.615452s, 48648 KB] New best heuristic value for ilsh(patterns=systematic(2),transform=adapt_costs(cost_type=one)): 4
[t=0.615452s, 48648 KB] g=1, 5 evaluated, 1 expanded
[t=110.198s, 48648 KB] New best heuristic value for ilsh(patterns=systematic(2),transform=adapt_costs(cost_type=one)): 3
[t=110.198s, 48648 KB] g=18, 42328 evaluated, 25575 expanded
[t=110.206s, 48648 KB] New best heuristic value for ilsh(patterns=systematic(2),transform=adapt_costs(cost_type=one)): 2
[t=110.206s, 48648 KB] g=19, 42332 evaluated, 25576 expanded
[t=110.617s, 48648 KB] New best heuristic value for ilsh(patterns=systematic(2),transform=adapt_costs(cost_type=one)): 1
[t=110.617s, 48648 KB] g=27, 42588 evaluated, 25727 expanded
Peak memory: 223228 KB
caught signal 24 -- exiting
Time limit has been reached.
Remove intermediate file output.sas
search exit code: 23

Driver aborting after search
INFO     Planner time: 1798.40s
