INFO     planner time limit: 1800s
INFO     planner memory limit: 2048 MB

INFO     Running translator.
INFO     translator stdin: None
INFO     translator time limit: 1799s
INFO     translator memory limit: 2048 MB
INFO     translator command line string: /home/henry/Documents/UFRGS/TCC/downward/.venv/bin/python /home/henry/Documents/UFRGS/TCC/downward/experiments/lab/data/main/code-5bb2ccb6957559b6969ffd7e29254c73f84d5e49_e5e41175/builds/release/bin/translate/translate.py domain.pddl problem.pddl --sas-file output.sas
Parsing...
Parsing: [0.000s CPU, 0.007s wall-clock]
Normalizing task... [0.000s CPU, 0.000s wall-clock]
Instantiating...
Generating Datalog program... [0.000s CPU, 0.001s wall-clock]
Normalizing Datalog program...
Normalizing Datalog program: [0.010s CPU, 0.005s wall-clock]
Preparing model... [0.010s CPU, 0.006s wall-clock]
Generated 258 rules.
Computing model... [0.340s CPU, 0.345s wall-clock]
48835 relevant atoms
1588 auxiliary atoms
50423 final queue length
182745 total queue pushes
Completing instantiation... [2.610s CPU, 2.611s wall-clock]
Instantiating: [2.990s CPU, 2.982s wall-clock]
Computing fact groups...
Finding invariants...
44 initial candidates
Finding invariants: [0.070s CPU, 0.074s wall-clock]
Checking invariant weight... [0.000s CPU, 0.000s wall-clock]
Instantiating groups... [0.000s CPU, 0.001s wall-clock]
Collecting mutex groups... [0.000s CPU, 0.000s wall-clock]
Choosing groups...
116 uncovered facts
Choosing groups: [0.000s CPU, 0.000s wall-clock]
Building translation key... [0.000s CPU, 0.000s wall-clock]
Computing fact groups: [0.070s CPU, 0.076s wall-clock]
Building STRIPS to SAS dictionary... [0.000s CPU, 0.000s wall-clock]
Building dictionary for full mutex groups... [0.010s CPU, 0.000s wall-clock]
Building mutex information...
Building mutex information: [0.000s CPU, 0.000s wall-clock]
Translating task...
Processing axioms...
Simplifying axioms... [0.000s CPU, 0.000s wall-clock]
Translator axioms removed by simplifying: 0
Computing negative axioms... [0.000s CPU, 0.000s wall-clock]
Processing axioms: [0.080s CPU, 0.086s wall-clock]
Translating task: [2.090s CPU, 2.105s wall-clock]
51815 effect conditions simplified
0 implied preconditions added
Detecting unreachable propositions...
0 operators removed
0 axioms removed
33 propositions removed
Detecting unreachable propositions: [1.760s CPU, 1.751s wall-clock]
Reordering and filtering variables...
104 of 110 variables necessary.
0 of 7 mutex groups necessary.
48179 of 48179 operators necessary.
0 of 0 axiom rules necessary.
Reordering and filtering variables: [0.360s CPU, 0.368s wall-clock]
Translator variables: 104
Translator derived variables: 0
Translator facts: 238
Translator goal facts: 2
Translator mutex groups: 0
Translator total mutex groups size: 0
Translator operators: 48179
Translator axioms: 0
Translator task size: 498242
Translator peak memory: 320472 KB
Writing output... [0.310s CPU, 0.309s wall-clock]
Done! [7.690s CPU, 7.699s wall-clock]
translate exit code: 0

INFO     Running search (release).
INFO     search stdin: output.sas
INFO     search time limit: 1792s
INFO     search memory limit: 2048 MB
INFO     search command line string: /home/henry/Documents/UFRGS/TCC/downward/experiments/lab/data/main/code-5bb2ccb6957559b6969ffd7e29254c73f84d5e49_e5e41175/builds/release/bin/downward --search 'eager_greedy([ilsh(patterns=systematic(2), transform=adapt_costs(cost_type=NORMAL))])' --internal-plan-file sas_plan < output.sas
[t=0s, 10544 KB] reading input...
[t=0.235079s, 30112 KB] done reading input!
[t=0.239085s, 30508 KB] Generating patterns using: systematic pattern collection generator
[t=0.239085s, 30508 KB] building causal graph...done! [t=0.0239775s]
[t=0.263062s, 30772 KB] Found 21 SGA patterns.
[t=0.263062s, 30772 KB] Found 21 interesting patterns.
[t=0.263062s, 30772 KB] systematic pattern collection generator number of patterns: 21
[t=0.263062s, 30772 KB] systematic pattern collection generator total PDB size: 154
[t=0.263062s, 30772 KB] systematic pattern collection generator computation time: 0.0239775s
[t=0.263062s, 30772 KB] Computing PDBs for pattern collection...
[t=0.454863s, 35280 KB] Done computing PDBs for pattern collection: 0.191801s
[t=0.494832s, 35280 KB] Tie breaking: 2
[t=0.494832s, 35280 KB] Building successor generator...done!
[t=0.518809s, 40236 KB] peak memory difference for successor generator creation: 4956 KB
[t=0.518809s, 40236 KB] time for successor generation creation: 0.0239772s
[t=0.518809s, 40236 KB] Variables: 104
[t=0.518809s, 40236 KB] FactPairs: 238
[t=0.518809s, 40236 KB] Bytes per state: 16
[t=0.518809s, 40236 KB] Conducting best first search without reopening closed nodes, (real) bound = 2147483647
[t=0.518809s, 40236 KB] New best heuristic value for ilsh(patterns=systematic(2),transform=adapt_costs(cost_type=normal)): 275
[t=0.518809s, 40236 KB] g=0, 1 evaluated, 0 expanded
[t=0.518809s, 40236 KB] Initial heuristic value for ilsh(patterns=systematic(2),transform=adapt_costs(cost_type=normal)): 275
[t=0.518809s, 40236 KB] pruning method: none
[t=0.518809s, 40236 KB] New best heuristic value for ilsh(patterns=systematic(2),transform=adapt_costs(cost_type=normal)): 215
[t=0.518809s, 40236 KB] g=60, 2 evaluated, 1 expanded
[t=0.526802s, 40236 KB] New best heuristic value for ilsh(patterns=systematic(2),transform=adapt_costs(cost_type=normal)): 155
[t=0.526802s, 40236 KB] g=120, 10 evaluated, 2 expanded
[t=1.57044s, 40236 KB] New best heuristic value for ilsh(patterns=systematic(2),transform=adapt_costs(cost_type=normal)): 154
[t=1.57044s, 40236 KB] g=367, 2281 evaluated, 1982 expanded
[t=1.57044s, 40236 KB] New best heuristic value for ilsh(patterns=systematic(2),transform=adapt_costs(cost_type=normal)): 124
[t=1.57044s, 40236 KB] g=399, 2284 evaluated, 1985 expanded
[t=1.57444s, 40236 KB] New best heuristic value for ilsh(patterns=systematic(2),transform=adapt_costs(cost_type=normal)): 94
[t=1.57444s, 40236 KB] g=429, 2295 evaluated, 1986 expanded
[t=1.57843s, 40236 KB] New best heuristic value for ilsh(patterns=systematic(2),transform=adapt_costs(cost_type=normal)): 64
[t=1.57843s, 40236 KB] g=459, 2304 evaluated, 1987 expanded
[t=4.06171s, 40236 KB] New best heuristic value for ilsh(patterns=systematic(2),transform=adapt_costs(cost_type=normal)): 63
[t=4.06171s, 40236 KB] g=460, 8085 evaluated, 7393 expanded
[t=15.154s, 40236 KB] New best heuristic value for ilsh(patterns=systematic(2),transform=adapt_costs(cost_type=normal)): 48
[t=15.154s, 40236 KB] g=668, 33957 evaluated, 31275 expanded
[t=15.158s, 40236 KB] New best heuristic value for ilsh(patterns=systematic(2),transform=adapt_costs(cost_type=normal)): 33
[t=15.158s, 40236 KB] g=683, 33969 evaluated, 31276 expanded
[t=15.1619s, 40236 KB] New best heuristic value for ilsh(patterns=systematic(2),transform=adapt_costs(cost_type=normal)): 18
[t=15.1619s, 40236 KB] g=698, 33980 evaluated, 31277 expanded
[t=15.7891s, 40236 KB] New best heuristic value for ilsh(patterns=systematic(2),transform=adapt_costs(cost_type=normal)): 4
[t=15.7891s, 40236 KB] g=713, 35483 evaluated, 32163 expanded
[t=15.7931s, 40236 KB] New best heuristic value for ilsh(patterns=systematic(2),transform=adapt_costs(cost_type=normal)): 2
[t=15.7931s, 40236 KB] g=714, 35487 evaluated, 32164 expanded
Peak memory: 256092 KB
caught signal 24 -- exiting
Time limit has been reached.
Remove intermediate file output.sas
search exit code: 23

Driver aborting after search
INFO     Planner time: 1798.59s
