INFO     planner time limit: 1800s
INFO     planner memory limit: 2048 MB

INFO     Running translator.
INFO     translator stdin: None
INFO     translator time limit: 1799s
INFO     translator memory limit: 2048 MB
INFO     translator command line string: /home/henry/Documents/UFRGS/TCC/downward/.venv/bin/python /home/henry/Documents/UFRGS/TCC/downward/experiments/lab/data/main/code-5bb2ccb6957559b6969ffd7e29254c73f84d5e49_e5e41175/builds/release/bin/translate/translate.py domain.pddl problem.pddl --sas-file output.sas
Parsing...
Parsing: [0.000s CPU, 0.002s wall-clock]
Normalizing task... [0.000s CPU, 0.000s wall-clock]
Instantiating...
Generating Datalog program... [0.010s CPU, 0.001s wall-clock]
Normalizing Datalog program...
Normalizing Datalog program: [0.000s CPU, 0.003s wall-clock]
Preparing model... [0.000s CPU, 0.002s wall-clock]
Generated 79 rules.
Computing model... [0.550s CPU, 0.553s wall-clock]
58657 relevant atoms
33472 auxiliary atoms
92129 final queue length
258731 total queue pushes
Completing instantiation... [1.420s CPU, 1.418s wall-clock]
Instantiating: [2.000s CPU, 1.993s wall-clock]
Computing fact groups...
Finding invariants...
14 initial candidates
Finding invariants: [0.030s CPU, 0.033s wall-clock]
Checking invariant weight... [0.000s CPU, 0.000s wall-clock]
Instantiating groups... [0.000s CPU, 0.000s wall-clock]
Collecting mutex groups... [0.000s CPU, 0.000s wall-clock]
Choosing groups...
1472 uncovered facts
Choosing groups: [0.000s CPU, 0.000s wall-clock]
Building translation key... [0.000s CPU, 0.004s wall-clock]
Computing fact groups: [0.040s CPU, 0.045s wall-clock]
Building STRIPS to SAS dictionary... [0.000s CPU, 0.001s wall-clock]
Building dictionary for full mutex groups... [0.000s CPU, 0.001s wall-clock]
Building mutex information...
Building mutex information: [0.000s CPU, 0.000s wall-clock]
Translating task...
Processing axioms...
Simplifying axioms... [0.000s CPU, 0.000s wall-clock]
Translator axioms removed by simplifying: 0
Computing negative axioms... [0.000s CPU, 0.000s wall-clock]
Processing axioms: [0.030s CPU, 0.031s wall-clock]
Translating task: [0.930s CPU, 0.932s wall-clock]
52000 effect conditions simplified
0 implied preconditions added
Detecting unreachable propositions...
0 operators removed
0 axioms removed
4 propositions removed
Detecting unreachable propositions: [0.500s CPU, 0.495s wall-clock]
Reordering and filtering variables...
1476 of 1476 variables necessary.
0 of 4 mutex groups necessary.
21360 of 21360 operators necessary.
0 of 0 axiom rules necessary.
Reordering and filtering variables: [0.360s CPU, 0.363s wall-clock]
Translator variables: 1476
Translator derived variables: 0
Translator facts: 3136
Translator goal facts: 24
Translator mutex groups: 0
Translator total mutex groups size: 0
Translator operators: 21360
Translator axioms: 0
Translator task size: 182892
Translator peak memory: 153160 KB
Writing output... [0.140s CPU, 0.138s wall-clock]
Done! [4.010s CPU, 4.011s wall-clock]
translate exit code: 0

INFO     Running search (release).
INFO     search stdin: output.sas
INFO     search time limit: 1795s
INFO     search memory limit: 2048 MB
INFO     search command line string: /home/henry/Documents/UFRGS/TCC/downward/experiments/lab/data/main/code-5bb2ccb6957559b6969ffd7e29254c73f84d5e49_e5e41175/builds/release/bin/downward --search 'eager_greedy([lsh(patterns=systematic(2), transform=adapt_costs(cost_type=NORMAL))])' --internal-plan-file sas_plan < output.sas
[t=0s, 10544 KB] reading input...
[t=0.0996215s, 19148 KB] done reading input!
[t=0.0996215s, 19412 KB] Generating patterns using: systematic pattern collection generator
[t=0.0996215s, 19412 KB] building causal graph...done! [t=0.0439872s]
[t=0.151599s, 29556 KB] Found 5484 SGA patterns.
[t=0.243558s, 29556 KB] Found 5484 interesting patterns.
[t=0.243558s, 29556 KB] systematic pattern collection generator number of patterns: 5484
[t=0.243558s, 29556 KB] systematic pattern collection generator total PDB size: 30720
[t=0.243558s, 29556 KB] systematic pattern collection generator computation time: 0.143936s
[t=0.243558s, 29556 KB] Computing PDBs for pattern collection...
[t=18.7955s, 29556 KB] Done computing PDBs for pattern collection: 18.5519s
[t=22.3255s, 102276 KB] Building successor generator...done!
[t=22.3335s, 103604 KB] peak memory difference for successor generator creation: 1328 KB
[t=22.3335s, 103604 KB] time for successor generation creation: 0.00798779s
[t=22.3335s, 103604 KB] Variables: 1476
[t=22.3335s, 103604 KB] FactPairs: 3136
[t=22.3335s, 103604 KB] Bytes per state: 188
[t=22.3335s, 103604 KB] Conducting best first search without reopening closed nodes, (real) bound = 2147483647
[t=22.3335s, 103604 KB] New best heuristic value for lsh(patterns=systematic(2),transform=adapt_costs(cost_type=normal)): 36
[t=22.3335s, 103604 KB] g=0, 1 evaluated, 0 expanded
[t=22.3335s, 103604 KB] Initial heuristic value for lsh(patterns=systematic(2),transform=adapt_costs(cost_type=normal)): 36
[t=22.3335s, 103604 KB] pruning method: none
[t=22.3335s, 103604 KB] New best heuristic value for lsh(patterns=systematic(2),transform=adapt_costs(cost_type=normal)): 33
[t=22.3335s, 103604 KB] g=2, 4 evaluated, 1 expanded
[t=22.3335s, 103604 KB] New best heuristic value for lsh(patterns=systematic(2),transform=adapt_costs(cost_type=normal)): 30
[t=22.3335s, 103604 KB] g=4, 14 evaluated, 2 expanded
[t=22.3335s, 103604 KB] New best heuristic value for lsh(patterns=systematic(2),transform=adapt_costs(cost_type=normal)): 27
[t=22.3335s, 103604 KB] g=5, 31 evaluated, 3 expanded
[t=22.3455s, 103604 KB] New best heuristic value for lsh(patterns=systematic(2),transform=adapt_costs(cost_type=normal)): 21
[t=22.3455s, 103604 KB] g=12, 222 evaluated, 24 expanded
[t=22.3495s, 103604 KB] New best heuristic value for lsh(patterns=systematic(2),transform=adapt_costs(cost_type=normal)): 18
[t=22.3495s, 103604 KB] g=16, 282 evaluated, 30 expanded
[t=22.5254s, 103604 KB] New best heuristic value for lsh(patterns=systematic(2),transform=adapt_costs(cost_type=normal)): 15
[t=22.5254s, 103604 KB] g=22, 3042 evaluated, 366 expanded
[t=23.2611s, 106024 KB] New best heuristic value for lsh(patterns=systematic(2),transform=adapt_costs(cost_type=normal)): 9
[t=23.2611s, 106024 KB] g=38, 14573 evaluated, 1800 expanded
[t=23.2931s, 106368 KB] New best heuristic value for lsh(patterns=systematic(2),transform=adapt_costs(cost_type=normal)): 6
[t=23.2931s, 106368 KB] g=46, 15128 evaluated, 1860 expanded
Failed to allocate memory.
Memory limit has been reached.
Peak memory: 2097036 KB
Remove intermediate file output.sas
search exit code: 22

Driver aborting after search
INFO     Planner time: 651.40s
